========================================================

Test11 results 01-31-2006  17:05:56
Board ID421  30 channels
HV Tests Software Ver.1.6

+5V 2496 - O'k
-5V 1320 - O'k
Interlock - On
Calibration DAC Range: [2500 - 2900]


A:
Limits 0.76 +/- 0.04
0.739372,0.740741,0.739372,0.736648,0.740741,0.743494,0.744879,0.739372,0.743494,0.739372
0.746269,0.742115,0.739372,0.742115,0.739372,0.744879,0.750469,0.746269,0.742115,0.742115
0.739372,0.739372,0.749064,0.739372,0.742115,0.743494,0.743494,0.735294,0.743494,0.739372


B:
Limits 60.0 +/- 40.0
49.854855,60.893467,65.476242,76.778633,62.356319,66.42466,59.549618,64.546074,62.509151,60.749393
52.575058,70.312706,62.217846,60.221138,58.352753,61.871361,57.508408,65.138092,57.551991,63.861237
58.478027,55.340031,58.034878,61.327026,64.801384,55.603874,60.330948,63.352573,63.307285,64.010498
========================================================
Test11 (DAC Calibration) results 2008-02-01 11:34:20
Board ID421 30 channels
Linux calibration software
Calibration DAC Range: [1100 - 2700]

A:
0.736242,0.73903,0.738348,0.738075,0.740741,0.74384,0.743771,0.738348,0.742459,0.737803
0.74308,0.743011,0.738689,0.740947,0.737735,0.742942,0.746896,0.744394,0.741358,0.742253
0.737191,0.736988,0.746547,0.737803,0.742184,0.741427,0.741771,0.734754,0.743425,0.73828


B:
61.3104,68.3142,71.4813,73.4847,63.7038,67.5499,64.8195,68.5279,66.4965,66.7805
64.8895,68.7007,66.5743,65.6386,65.6953,69.5394,71.6739,72.2898,60.9121,65.1513
67.4898,65.2694,66.6294,67.0756,66.7317,64.8193,68.1966,65.4665,65.3005,70.0997


