========================================================

Test10 results 10-12-2005  12:15:11
Board ID086  36 channels
HV Tests Software Ver.1.6

+5V 2508 - O'k
-5V 1326 - O'k
Interlock - On

Voltmeter channel: A=1.063264, B=13.822324

A:
Limits 1.1 +/- 0.1
1.074691,1.074114,1.081666,1.076426,1.064396,1.058761,1.069519,1.068947,1.076426,1.066098,1.079914,1.073537
1.062135,1.074691,1.074691,1.075269,1.071237,1.070664,1.071811,1.073537,1.076426,1.074114,1.076426,1.076426
1.075847,1.076426,1.083424,1.076426,1.066098,1.068947,1.076426,1.076426,1.075269,1.071811,1.076426,1.074691


B:
Limits 0.0 +/- 35.0
8.597414,12.889404,16.225027,12.917105,18.094921,15.881457,13.90386,10.689509,13.993531,15.991423,10.799102,12.882283
15.932133,16.120251,13.970869,15.053588,12.854673,18.201292,11.790084,9.661671,10.764252,19.334087,19.375662,12.917105
10.758329,18.299236,18.418217,13.993531,19.189716,16.034245,9.687826,3.229268,11.827781,11.790084,11.840678,11.821486
========================================================

Test10 results 12-19-2005  16:44:56
Board ID086  36 channels
HV Tests Software Ver.1.6

+5V 2509 - O'k
-5V 1326 - O'k
Interlock - On

Voltmeter channel: A=1.063264, B=13.822324

A:
Limits 1.1 +/- 0.1
1.074114,1.074114,1.082251,1.075847,1.06383,1.058761,1.069519,1.067236,1.075269,1.06553,1.085187,1.082837
1.062699,1.074114,1.074691,1.075269,1.070664,1.070091,1.071237,1.074114,1.074691,1.074114,1.075847,1.078749
1.075269,1.075269,1.083424,1.075269,1.064963,1.068376,1.077586,1.075269,1.074691,1.070091,1.076426,1.076426


B:
Limits 0.0 +/- 35.0
8.592949,11.81529,14.069302,12.910025,18.085135,15.881457,13.90386,14.941421,16.128857,15.983099,15.192614,12.994219
13.815306,17.18586,12.896177,13.978319,13.918636,19.261446,12.854673,7.518835,13.970869,18.259974,19.365108,11.866045
11.827781,19.354664,18.418217,16.128857,21.299187,17.094032,6.465639,5.376168,12.896177,14.981082,11.840678,9.687826
========================================================
Test10 (ADC Calibration) results 2007-10-04 16:02:09
Board ID86 36 channels
Linux calibration software

Voltmeter channel: A=1.06135, B=15.0831

A:
1.07607,1.0746,1.08324,1.07636,1.06323,1.06131,1.06936,1.07007,1.07678,1.06468,1.08709,1.08326
1.06181,1.07537,1.07887,1.07482,1.07274,1.07226,1.07085,1.07385,1.07489,1.07287,1.0764,1.07982
1.07638,1.07749,1.08287,1.07749,1.0692,1.07172,1.07891,1.07731,1.0779,1.07085,1.0762,1.07513


B:
2.8979,7.66104,10.6337,9.25086,16.5237,10.707,11.0187,9.35168,11.7908,12.5509,8.52017,9.71163
12.2273,14.0379,9.94233,14.172,8.35199,15.9657,8.87028,6.39285,9.41673,17.178,15.8206,6.94876
9.14519,12.8383,15.1638,10.5935,13.6361,12.97,7.49755,4.51497,10.2409,8.01198,10.0319,6.94179


========================================================
Test10 (ADC Calibration) results 2008-06-17 15:59:18
Board ID086 36 channels
Linux calibration software

Voltmeter channel: A=1.07, B=0

A:
1.09316,1.09198,1.10049,1.09344,1.08093,1.07773,1.08737,1.08719,1.09408,1.08164,1.10466,1.10096
1.07924,1.09316,1.10059,1.09226,1.09053,1.08999,1.08773,1.09126,1.09216,1.09044,1.0938,1.09673
1.0938,1.09389,1.10068,1.09535,1.08494,1.0889,1.09773,1.09673,1.09572,1.08719,1.07782,1.09289


B:
4.53957,8.46777,11.6506,10.6296,15.3869,11.6498,10.0967,11.1321,12.6715,13.8649,10.7355,11.0108
11.5471,14.8155,10.2459,13.6787,9.80141,18.1487,9.54726,6.73437,10.267,16.6455,16.2022,8.71536
9.42064,15.2445,14.3441,10.4087,17.1056,13.9113,8.23194,3.01244,11.3897,10.48,16.5254,6.97675


========================================================
Test10 (ADC Calibration) results 2008-07-16 21:23:30
Board ID086 36 channels
Linux calibration software

Voltmeter channel: A=1.07, B=0

A:
1.09351,1.09247,1.10142,1.09417,1.0818,1.07801,1.08795,1.08814,1.09521,1.08263,1.10634,1.10152
1.07967,1.09445,1.10037,1.09294,1.09105,1.09067,1.08832,1.09199,1.09294,1.09124,1.09474,1.09721
1.09464,1.09445,1.10123,1.09645,1.08561,1.08898,1.09903,1.0975,1.09626,1.08842,1.07838,1.09389


B:
4.44335,8.4608,10.808,9.74055,14.3654,10.9572,9.3462,10.0437,11.6318,12.7296,8.32673,10.5003
11.3599,13.858,11.3274,13.9283,9.54266,17.0876,9.65375,5.83711,9.55655,15.6988,15.569,8.49082
8.6498,14.5147,14.5062,9.84515,15.409,13.1869,7.05086,2.74161,10.0193,8.91395,17.3011,6.28219


========================================================
Test10 (ADC Calibration) results 2008-07-19 11:34:37
Board ID086 36 channels
Linux calibration software

Voltmeter channel: A=1.07, B=0

A:
1.09313,1.09275,1.10113,1.09426,1.08198,1.07783,1.08786,1.08804,1.0954,1.08226,1.10566,1.10181
1.08004,1.09445,1.10065,1.0936,1.09152,1.09049,1.08842,1.09171,1.09266,1.09133,1.09483,1.0974
1.09464,1.09445,1.10161,1.09616,1.08552,1.08879,1.09874,1.09769,1.09626,1.08786,1.077,1.09351


B:
5.22937,7.98143,11.0699,8.99696,13.978,10.9125,9.86762,10.5654,10.5823,13.0722,9.38359,9.57681
10.3696,13.6391,9.9649,12.4487,8.67294,16.6048,8.91395,6.75289,10.0353,15.6126,15.0447,8.09669
8.6498,14.2956,13.4974,10.3255,15.9286,13.5765,7.31365,1.90735,9.80015,9.86762,14.6964,6.84901


========================================================
Test10 (ADC Calibration) results 2008-07-19 14:46:21
Board ID086 36 channels
Linux calibration software

Voltmeter channel: A=1.07, B=0

A:
1.09341,1.09266,1.10085,1.09426,1.08171,1.07792,1.08814,1.08804,1.09512,1.08245,1.10576,1.10181
1.07976,1.09426,1.10046,1.09322,1.09143,1.0903,1.08823,1.09237,1.09266,1.09152,1.09464,1.09721
1.09464,1.09398,1.10133,1.09616,1.08533,1.08936,1.09845,1.09759,1.09569,1.08804,1.07535,1.0936


B:
4.09305,7.84997,11.7719,9.43495,14.8834,10.3959,9.17316,10.5654,11.7191,13.1172,9.73834,9.35662
11.2745,14.0307,10.1394,13.0131,8.75972,17.2126,9.52234,5.05188,9.8168,15.4403,15.2177,8.49082
8.43054,14.9467,13.979,10.5447,16.3169,12.624,8.23454,1.99521,10.7598,9.04191,16.87,6.76202


========================================================
Test10 (ADC Calibration) results 2008-07-20 08:08:59
Board ID086 36 channels
Linux calibration software

Voltmeter channel: A=1.07, B=0

A:
1.0937,1.09275,1.10123,1.09426,1.08171,1.07783,1.08823,1.08814,1.09521,1.08235,1.10595,1.10171
1.07958,1.09464,1.10056,1.09332,1.09143,1.09058,1.08823,1.09228,1.09266,1.09114,1.09464,1.0974
1.09417,1.09417,1.10113,1.09626,1.08561,1.08898,1.09893,1.09769,1.09607,1.08832,1.0759,1.09351


B:
3.61229,7.54455,10.7621,9.65363,14.8834,10.6971,8.86929,10.4789,11.4128,13.2029,9.12062,9.66433
11.6613,13.4661,10.2725,13.8012,8.97783,16.9557,9.30486,5.79442,10.0353,16.0031,15.6554,8.09669
9.30299,15.2114,14.8136,10.4581,15.6261,13.6223,6.91894,2.12683,10.4121,8.78304,17.222,7.06766


========================================================
Test10 (ADC Calibration) results 2008-07-20 17:40:55
Board ID086 36 channels
Linux calibration software

Voltmeter channel: A=1.07, B=0

A:
1.09351,1.09256,1.10113,1.09436,1.08208,1.07792,1.08804,1.08823,1.09493,1.08226,1.10576,1.10181
1.08004,1.09417,1.10046,1.0937,1.09143,1.09067,1.08832,1.09237,1.09256,1.09133,1.09483,1.0974
1.09426,1.09455,1.10133,1.09654,1.08542,1.08907,1.09864,1.0974,1.09607,1.08823,1.07535,1.0937


B:
4.44335,7.93693,11.2901,9.12935,13.8923,10.6113,8.82448,9.95752,12.1113,13.2885,9.73834,9.57681
10.8019,14.3359,10.3598,12.5804,8.75972,16.6512,9.65375,5.92583,10.122,15.6126,15.7014,8.09669
9.21576,14.4277,14.1992,9.97744,15.7974,13.1006,7.84016,3.04842,10.4121,9.08727,18.3754,6.23732


========================================================
Test10 (ADC Calibration) results 2008-07-24 12:08:22
Board ID086 36 channels
Linux calibration software

Voltmeter channel: A=1.07, B=0

A:
1.09294,1.09247,1.10056,1.0937,1.08134,1.07691,1.08776,1.08757,1.09483,1.08208,1.10479,1.10094
1.07939,1.09417,1.0995,1.09284,1.09105,1.08533,1.08851,1.09199,1.09266,1.09096,1.09455,1.09664
1.09398,1.09407,1.10104,1.09588,1.08412,1.08861,1.09836,1.09769,1.09569,1.08804,1.07508,1.09322


B:
4.09185,7.14951,11.3731,9.51841,14.3595,10.0432,8.43136,10.3441,11.322,12.8102,9.28903,9.26262
10.3215,13.0231,9.69207,12.4845,8.45161,21.0925,8.17457,5.40003,9.1611,15.3024,15.0847,8.13591
8.60154,14.2037,13.7999,9.49041,16.1272,12.6604,7.44302,1.02914,9.44498,8.38936,15.6188,6.0167


