========================================================

Test10 results 04-26-2005  11:56:57
Board ID323  30 channels
HV Tests Software Ver.1.6

+5V 2471 - O'k
-5V 1323 - O'k
Interlock - On

Voltmeter channel: A=1.078167, B=7.547299

A:
Limits 1.1 +/- 0.1
1.077006,1.084599,1.076426,1.085187,1.074691,1.082837,1.067806,1.084599,1.078167,1.074691
1.074114,1.075847,1.074114,1.075847,1.074114,1.078167,1.078749,1.077586,1.074691,1.079914
1.076426,1.070664,1.081666,1.093494,1.078749,1.074114,1.079914,1.076426,1.072961,1.079331


B:
Limits 0.0 +/- 30.0
9.692835,8.676929,7.534973,10.851865,10.746796,8.662871,9.610294,13.015324,14.016302,6.448031
5.370607,5.379094,9.667063,11.834177,7.518835,3.234631,5.393553,8.620811,8.597414,6.479447
6.458547,12.847973,8.653366,9.841489,3.236055,9.667063,16.198669,6.458547,12.875696,7.555364
========================================================
Test10 (ADC Calibration) results 2008-02-01 05:48:53
Board ID323 30 channels
Linux calibration software

Voltmeter channel: A=1.0719, B=-1317.95

A:
1.07627,1.08411,1.07587,1.08461,1.0755,1.08263,1.06772,1.08452,1.07837,1.07301
1.07322,1.07536,1.07363,1.07566,1.07301,1.07607,1.07978,1.07583,1.07454,1.07872
1.07587,1.07224,1.08126,1.09268,1.0776,1.07352,1.07949,1.07631,1.07308,1.07943


B:
6.79087,7.56388,4.18162,5.98656,4.64768,4.64006,6.47084,9.53387,9.93835,7.03701
3.74526,2.05108,6.99025,9.36311,5.23696,5.67671,2.64285,10.3821,4.45397,6.53798
4.33335,6.89308,5.72743,7.59646,0.995466,7.21341,13.0004,2.9894,8.64785,4.11845


