========================================================

Test10 results 01-10-2006  15:01:09
Board ID059  36 channels
HV Tests Software Ver.1.6

+5V 3091 - O'k
-5V 1361 - O'k
Interlock - On

Voltmeter channel: A=1.016777, B=22.369158

A:
Limits 1.1 +/- 0.1
1.079914,1.067236,1.072961,1.079331,1.091703,1.071237,1.083424,1.079914,1.091703,1.068947,1.076426,1.075847
1.072386,1.076426,1.073537,1.072961,1.067806,1.075269,1.078167,1.075269,1.068947,1.073537,1.074691,1.078167
1.087548,1.077586,1.077006,1.077006,1.086957,1.077586,1.079331,1.073537,1.082837,1.071237,1.075847,1.079331


B:
Limits 0.0 +/- 35.0
6.479447,7.470769,8.583851,9.714025,7.64192,-0.000174,5.417133,8.639275,7.64192,12.827404,6.458547,8.606635
5.362052,6.458547,4.293984,13.948658,7.474683,10.752512,5.390965,5.376168,10.689509,12.882283,2.149267,5.390965
3.262788,3.232881,7.538823,5.384811,7.608772,6.465639,-2.158614,11.808746,5.41436,4.284775,9.682483,7.555364
========================================================
Test10 (ADC Calibration) results 2007-06-13 12:19:30
Board ID59 36 channels
Linux calibration software

Voltmeter channel: A=1.02502, B=-1.03894

A:
1.09245,1.07952,1.08525,1.09176,1.10443,1.06271,1.05438,1.08635,1.10569,1.07697,1.08842,1.08936
1.08547,1.08966,1.08577,1.08606,1.08066,1.08931,1.09001,1.08761,1.07516,1.08641,1.08642,1.0896
1.10189,1.09096,1.04627,1.08856,1.09974,1.08112,1.08986,1.08687,1.0956,1.08507,1.09305,1.09485


B:
-11.2954,-11.46,-8.95016,-8.7201,-10.3485,1.9449,40.5263,-3.00732,-12.4757,-1.71391,-10.2211,-9.89918
-12.31,-9.79655,-12.6117,-5.16898,-8.60456,-5.54222,-11.5213,-9.58639,-3.01064,-6.98738,-15.8963,-10.7939
-14.3704,-11.6702,47.0609,-11.6567,-11.2082,-0.803367,-17.3462,-7.65556,-11.8529,-14.1773,-8.36635,-13.1851


