========================================================

Test11 results 01-10-2006  15:03:31
Board ID059  36 channels
HV Tests Software Ver.1.6

+5V 3090 - O'k
-5V 1361 - O'k
Interlock - On
Calibration DAC Range: [2500 - 2900]


A:
Limits 0.76 +/- 0.04
0.742115,0.753296,0.750469,0.743494,0.735294,0.749064,0.743494,0.744879,0.735294,0.750469,0.746269,0.747664
0.749064,0.746269,0.747664,0.747664,0.753296,0.750469,0.744879,0.746269,0.753296,0.747664,0.747664,0.746269
0.740741,0.742115,0.747664,0.744879,0.736648,0.746269,0.744879,0.747664,0.739372,0.750469,0.747664,0.743494


B:
Limits 60.0 +/- 40.0
66.105881,55.91642,49.506092,62.369568,64.725143,70.739151,59.593624,51.744026,62.374752,57.934761,62.733311,54.132751
64.488602,60.245079,68.986359,57.83511,52.429852,44.025982,60.149014,65.784157,49.561405,54.6245,65.226135,54.121704
54.717434,77.162415,57.509651,63.359665,67.969963,57.263287,69.138664,64.339386,72.284386,62.841393,51.719639,61.860592
========================================================
Test11 (DAC Calibration) results 2007-06-13 12:19:30
Board ID59 36 channels
Linux calibration software
Calibration DAC Range: [1100 - 2700]

A:
0.734869,0.74405,0.740486,0.73497,0.726896,0.755055,0.761022,0.739737,0.726437,0.74581,0.736856,0.736957
0.739227,0.736754,0.739023,0.739193,0.743259,0.737363,0.736518,0.737769,0.747439,0.738955,0.738582,0.73716
0.728576,0.735878,0.766536,0.737498,0.729998,0.742572,0.735878,0.738276,0.732392,0.739499,0.736687,0.733261


B:
75.0844,74.7919,68.3552,77.723,78.3201,69.8457,43.6822,63.9525,77.7376,67.543,80.9649,74.0789
81.2162,75.6071,83.0418,71.4075,69.4478,68.7456,73.6637,79.1887,65.5852,70.3415,82.2523,71.0091
78.8591,78.583,39.7657,75.3804,77.3742,68.1831,86.1983,80.1756,81.5995,81.798,62.58,78.0573


