========================================================

Test10 results 10-05-2005  13:49:39
Board ID081  36 channels
HV Tests Software Ver.1.6

+5V 2717 - O'k
-5V 1353 - O'k
Interlock - On

Voltmeter channel: A=1.067236, B=5.336298

A:
Limits 1.1 +/- 0.1
1.077006,1.077006,1.081081,1.075847,1.080497,1.077006,1.076426,1.072961,1.074691,1.072961,1.077586,1.080497
1.077586,1.072961,1.070091,1.070091,1.078167,1.077586,1.068947,1.077586,1.067806,1.070091,1.082251,1.076426
1.075269,1.076426,1.074114,1.066667,1.076426,1.072386,1.077006,1.067236,1.068376,1.081081,1.082251,1.077006


B:
Limits 0.0 +/- 35.0
3.230799,1.076787,12.973151,4.303246,1.080505,7.538823,7.534973,1.073122,5.373341,8.583851,0.000122,9.724482
7.543225,6.437928,6.420354,12.8409,5.390965,12.931156,6.413721,9.698398,9.610294,1.069899,5.411294,10.764252
6.451437,5.382121,6.444721,5.333125,7.534973,4.289666,9.692835,5.336298,6.410272,5.405584,7.575796,9.692835
========================================================
Test10 (ADC Calibration) results 2007-10-16 10:28:22
Board ID81 36 channels
Linux calibration software

Voltmeter channel: A=1.06532, B=8.09986

A:
1.07665,1.07741,1.08146,1.07717,1.08002,1.07685,1.07665,1.07132,1.07685,1.07332,1.07972,1.08224
1.07731,1.07205,1.06933,1.07116,1.0803,1.07721,1.0691,1.0788,1.06933,1.07012,1.08325,1.07886
1.07876,1.07641,1.07431,1.0668,1.07677,1.07282,1.07727,1.06853,1.06836,1.08076,1.08358,1.07797


B:
0.435701,-0.396003,7.75937,2.65274,0.334262,5.85341,4.55901,-0.57566,-0.592992,2.20155,-0.76033,5.90518
6.04235,4.6024,4.22209,8.37956,3.25335,10.3714,2.98212,5.95029,5.09147,-2.55191,3.10756,7.2296
3.51596,-0.102508,3.98596,0.828384,5.96704,0.628041,7.32387,1.85545,3.12763,1.90326,-1.23777,7.46753


