========================================================

Test10 results 10-12-2005  17:39:16
Board ID096  36 channels
HV Tests Software Ver.1.6

+5V 3079 - O'k
-5V 1380 - O'k
Interlock - On

Voltmeter channel: A=1.069519, B=4.278192

A:
Limits 1.1 +/- 0.1
1.073537,1.076426,1.074114,1.064396,1.075269,1.067236,1.075269,1.078749,1.071811,1.075847,1.076426,1.077586
1.070664,1.068376,1.077006,1.070664,1.074114,1.068947,1.079914,1.068376,1.072961,1.067806,1.074114,1.074114
1.066667,1.073537,1.074114,1.078749,1.070664,1.071811,1.073537,1.077586,1.066667,1.066667,1.072386,1.082837


B:
Limits 0.0 +/- 35.0
-1.073702,5.382121,1.074152,4.257774,5.376168,6.403534,3.22563,9.708548,4.287405,9.682483,6.458547,12.931156
3.211998,11.752151,3.230799,11.777308,9.667063,3.20688,6.479447,7.478648,7.51089,8.542488,7.518835,3.22238
8.533125,9.661671,15.037632,12.944794,3.211998,15.005518,12.882283,5.388053,5.333125,3.199791,8.57921,8.662871
========================================================
Test10 (ADC Calibration) results 2008-06-09 04:11:52
Board ID96 36 channels
Linux calibration software

Voltmeter channel: A=1.06761, B=5.18211

A:
1.0731,1.07632,1.07384,1.06445,1.07441,1.06667,1.07578,1.07736,1.07146,1.07622,1.07599,1.07672
1.06975,1.06817,1.07696,1.07039,1.07471,1.06791,1.08058,1.06891,1.07277,1.06844,1.07451,1.07505
1.0672,1.07318,1.07407,1.07847,1.07079,1.07216,1.07348,1.07746,1.06606,1.06606,1.07204,1.08105


B:
-1.30155,0.823651,-2.18386,2.04722,3.45854,4.19992,1.39661,10.2002,0.334738,2.36331,3.89162,11.1957
1.07862,7.45431,-2.12671,7.55255,3.9964,1.53519,0.814442,5.17059,3.41344,2.43245,3.67854,-2.93962
3.84204,5.16457,11.1158,9.208,-0.76429,9.80104,8.06686,1.38018,1.11032,-1.15555,6.35612,7.77513


========================================================
Test10 (ADC Calibration) results 2008-07-28 12:22:42
Board ID096 36 channels
Linux calibration software

Voltmeter channel: A=1.07, B=0

A:
1.08948,1.09274,1.08957,1.08035,1.09056,1.08275,1.09246,1.09356,1.08732,1.09219,1.09201,1.09319
1.08597,1.08436,1.08454,1.0866,1.0902,1.08418,1.09629,1.08507,1.08903,1.08382,1.09065,1.09074
1.08302,1.08957,1.08975,1.09428,1.08588,1.08849,1.08921,1.09437,1.08266,1.08204,1.08813,1.09858


B:
-2.34285,-0.563355,-1.33712,1.81912,2.32054,3.04247,0.125313,8.52219,0.318007,2.34305,4.69427,9.51141
-0.603072,6.96954,3.76739,6.63582,5.053,0.629734,0.974711,3.48607,3.30358,2.91364,2.45476,-2.86374
3.22654,4.76417,11.1359,8.51238,-0.0850228,9.02849,9.01847,-1.63923,-0.122871,-0.622905,5.65974,5.23888


========================================================
Test10 (ADC Calibration) results 2009-01-19 13:41:10
Board ID096 36 channels
Host: ufcmshv3
Linux calibration software

Voltmeter channel: A=1.05958, B=3.99381

A:
1.03561,1.0546,1.04468,1.03751,1.04468,1.06036,1.03859,1.05408,1.05984,1.04678,1.04527,1.03909
1.04754,1.04502,1.06785,1.04125,1.03536,1.04923,1.06724,1.05734,1.05263,1.04275,1.04,1.03867
1.03892,1.04125,1.04687,1.03413,1.04949,1.05263,1.04133,1.04771,0.961396,1.04033,1.05374,1.05777


B:
-1.22707,0.665253,-0.594599,1.5007,3.16635,3.05065,0.671228,8.31894,1.84251,4.92785,6.159,9.75139
0.644542,7.65272,5.19109,7.48098,5.22436,1.75977,2.34803,4.19677,4.2104,3.75388,2.64013,-2.10943
3.67633,5.81488,11.1293,8.47984,1.09802,9.89451,9.69258,-0.144947,13.6074,0.240104,5.47923,5.90738


