========================================================

Test11 results 10-12-2005  17:40:37
Board ID096  36 channels
HV Tests Software Ver.1.6

+5V 3079 - O'k
-5V 1381 - O'k
Interlock - On
Calibration DAC Range: [2500 - 2900]


A:
Limits 0.76 +/- 0.04
0.749064,0.747664,0.750469,0.756144,0.747664,0.756144,0.749064,0.746269,0.749064,0.749064,0.746269,0.746269
0.75188,0.753296,0.749064,0.75188,0.750469,0.754717,0.744879,0.754717,0.750469,0.754717,0.750469,0.746269
0.753296,0.749064,0.749064,0.746269,0.75188,0.750469,0.750469,0.747664,0.754717,0.754717,0.75188,0.742115


B:
Limits 60.0 +/- 40.0
64.402466,57.509651,56.202232,60.537563,62.89827,51.966335,57.502705,52.512383,70.828758,57.668026,60.323425,59.675903
58.135967,52.695419,53.719349,54.374916,52.086929,55.111618,66.08149,50.459496,50.311344,49.563267,56.117401,69.076775
59.665424,53.316837,56.533459,53.391651,60.728447,52.726917,48.056458,55.250961,57.433994,56.722576,55.442345,61.721497
========================================================
Test11 (DAC Calibration) results 2008-06-09 04:11:52
Board ID96 36 channels
Linux calibration software
Calibration DAC Range: [1100 - 2700]

A:
0.749625,0.747384,0.749485,0.755715,0.748713,0.754148,0.747384,0.747035,0.750399,0.747454,0.748363,0.747105
0.752729,0.753083,0.747314,0.751527,0.748503,0.75365,0.74481,0.752941,0.75061,0.75365,0.748643,0.748643
0.754148,0.750328,0.748573,0.746269,0.751244,0.749906,0.750117,0.746965,0.754575,0.754575,0.75188,0.744117


B:
63.2684,62.4814,64.2121,63.1588,64.5298,61.5385,63.3782,54.1507,70.603,67.7662,57.5304,61.9724
58.8259,56.6791,64.9697,60.6388,63.3234,62.2233,70.822,58.6823,53.0492,56.1941,65.9742,64.7763
60.4828,52.5417,61.7292,57.3136,66.8889,58.6803,53.5866,63.9589,63.0637,63.969,58.6466,59.7247


========================================================
Test11 (ADC Calibration) results 2008-07-28 12:43:15
Board ID096 36 channels
Linux calibration software

Calibration DAC Range: [1000 - 3500]

A:
0.7384,0.736,0.7384,0.7444,0.7376,0.7428,0.736,0.736,0.7392,0.7364,0.7368,0.7352
0.7412,0.742,0.7416,0.74,0.7376,0.742,0.7332,0.7412,0.7388,0.7428,0.7376,0.7372
0.7432,0.7388,0.738,0.7352,0.7408,0.7388,0.7388,0.7348,0.7428,0.7432,0.7408,0.7324


B:
63.6001,64,64.6001,63.5999,65.3999,63.2,64,55,70.8,68.6,58.1999,64.8
60.8001,57.0001,62.4001,63,62.3999,64.0001,72.7999,60.8001,55.2,56.2,66.3999,65.7999
60.8,53.2,61.0001,57.8,66.1999,59.2,54.2,67.2001,64.2,63.8,59.1999,60.6


========================================================
Test11 (ADC Calibration) results 2009-01-19 14:18:25
Board ID096 36 channels
Host: ufcmshv3
Linux calibration software

Calibration DAC Range: [1000 - 3500]

A:
0.7764,0.7628,0.77,0.7748,0.7692,0.758,0.7744,0.7632,0.7576,0.768,0.7704,0.7732
0.7684,0.77,0.7532,0.772,0.7768,0.7664,0.7532,0.7608,0.7644,0.772,0.7728,0.7748
0.7744,0.7736,0.768,0.7784,0.7664,0.764,0.7724,0.7676,0.8372,0.7732,0.7648,0.7604


B:
63.5999,62.2001,63.0001,64.2,65.7999,62.9999,62.6,54.8001,71.4,66,54.6,63.8001
58.6,55.0001,60.8,60.9999,61.2001,63.6001,70.8,59.2,53.6,54.9999,67.1999,63.2
60.6,50.4001,60,55.6,64.6001,57,53.5999,63.4,50.8,61.8001,59.2,60.6


========================================================
Test11 (ADC Calibration) results 2009-01-19 17:00:22
Board ID096 36 channels
Host: ufcmshv3
Linux calibration software

Calibration DAC Range: [1000 - 3500]

A:
0.7764,0.7624,0.7696,0.7756,0.7696,0.758,0.7744,0.7632,0.7576,0.768,0.77,0.7736
0.768,0.77,0.7532,0.772,0.7768,0.7672,0.7528,0.7608,0.7648,0.772,0.7732,0.7744
0.7744,0.7732,0.7684,0.7784,0.7668,0.7636,0.7728,0.7684,0.8368,0.7732,0.7652,0.7608


B:
63.5999,62.6001,64.4001,62.3999,64.4001,62.9999,62.6,54.8001,71.4,66,56.0001,63.4001
60,55.0001,59.8,60.9999,61.2001,60.8,71.2,59.2,52.2,54.9999,65.8001,64.6
59.6,51.8001,59.6,55.6,63.2,58.4,53.1999,61.6,52.2001,60.8001,57.7999,59.2


========================================================
Test11 (ADC Calibration) results 2009-07-15 09:50:48
Board ID096 36 channels
Host: ufcmshv3
Linux calibration software

Calibration DAC Range: [1000 - 3500]

A:
0.7756,0.7624,0.7684,0.7748,0.7692,0.758,0.7732,0.7632,0.7576,0.7676,0.77,0.7548
0.7676,0.7692,0.7524,0.7716,0.7764,0.7668,0.7588,0.7608,0.764,0.7712,0.7728,0.7736
0.7736,0.7732,0.7672,0.7764,0.7656,0.7632,0.7716,0.7668,0.8372,0.772,0.7644,0.7596


B:
64.4,61.6,70.6,63.2,64.8,63,63.8,53.8,71.4,66.4,55,63.2
60.4,56.8,61.6,61.4,61.6,62.2,71.2,58.2,54,56.8,66.2,65.4
62.4,50.8,60.8,59.6,65.4,57.8,55.4,63.2,53.8,63,58.6,62.4


