========================================================

Test10 results 10-18-2005  16:41:43
Board ID073  36 channels
HV Tests Software Ver.1.6

+5V 3056 - O'k
-5V 1405 - O'k
Interlock - On

Voltmeter channel: A=1.073537, B=7.514596

A:
Limits 1.1 +/- 0.1
1.075847,1.075847,1.077006,1.077006,1.078167,1.072386,1.066098,1.072386,1.077586,1.075847,1.070664,1.078749
1.085187,1.074691,1.078749,1.075269,1.079914,1.070091,1.068376,1.072386,1.072961,1.072961,1.067236,1.072961
1.077586,1.078749,1.078167,1.074691,1.067806,1.071237,1.069519,1.071811,1.075847,1.071237,1.084011,1.068947


B:
Limits 0.0 +/- 35.0
10.758329,2.151552,15.077866,5.384811,12.938135,8.57921,9.594834,9.651596,2.155294,1.075704,11.777308,9.708548
8.68149,9.672105,10.787296,8.601974,15.118756,8.560535,7.478648,8.57921,10.729774,13.948658,11.739713,9.656813
11.85357,4.314804,18.32897,15.04556,9.610294,9.640962,11.764822,15.005518,10.758329,5.356012,9.7561,7.482668
========================================================
Test10 (ADC Calibration) results 2007-10-31 15:03:56
Board ID73 36 channels
Linux calibration software

Voltmeter channel: A=1.07162, B=5.84308

A:
1.07583,1.07416,1.07795,1.07571,1.07766,1.07134,1.06566,1.0712,1.07694,1.07523,1.07141,1.07657
1.08514,1.07456,1.07855,1.0745,1.07905,1.07003,1.06754,1.07238,1.07301,1.07258,1.06734,1.07418
1.07738,1.07812,1.07805,1.0748,1.0672,1.07157,1.06996,1.07164,1.07544,1.07033,1.08396,1.06788


B:
5.99828,0.89579,8.32099,3.99925,9.1834,6.40442,6.40957,6.53418,-1.80413,-3.48838,4.17044,9.44427
7.04427,4.76075,7.55585,6.28819,9.83928,2.85788,5.02128,3.11647,5.42207,9.53209,9.08703,1.57564
7.79097,1.70312,13.1153,10.2305,6.31985,3.88823,4.94111,10.2922,5.8616,2.47304,4.39641,3.53824


