========================================================

Test10 results 06-22-2005  13:22:59
Board ID328  30 channels
HV Tests Software Ver.1.6

+5V 2501 - O'k
-5V 1309 - O'k
Interlock - On

Voltmeter channel: A=1.075847, B=17.213413

A:
Limits 1.1 +/- 0.1
1.081081,1.064396,1.080497,1.075847,1.073537,1.078167,1.078749,1.073537,1.072386,1.078167
1.077586,1.075847,1.075847,1.070664,1.074114,1.071811,1.077586,1.076426,1.074691,1.077586
1.075269,1.082837,1.078749,1.077006,1.077006,1.072961,1.085776,1.070664,1.075847,1.070664


B:
Limits 0.0 +/- 30.0
14.054233,10.64415,11.885475,6.454941,10.735209,9.703633,14.023542,11.808746,6.434438,12.938135
12.931156,11.834177,9.682483,8.565317,12.889404,7.502839,10.775984,11.840678,6.448031,9.698398
12.903049,11.911382,15.102291,8.615829,7.538823,9.656813,14.115096,11.777308,17.213413,10.706645
========================================================
Test10 (ADC Calibration) results 2008-01-30 06:11:53
Board ID328 30 channels
Linux calibration software

Voltmeter channel: A=1.07099, B=-1279.98

A:
1.08046,1.06389,1.07912,1.07476,1.07285,1.07727,1.07733,1.07326,1.07135,1.07831
1.07546,1.07536,1.07372,1.06924,1.07369,1.07111,1.07701,1.0758,1.07252,1.0759
1.0758,1.08329,1.07837,1.07608,1.07496,1.07175,1.08474,1.06914,1.075,1.07025


B:
10.5717,5.8324,10.1266,2.679,7.18268,7.63491,12.5562,6.74468,3.8863,8.15067
12.1568,8.0127,10.3741,6.51602,8.16531,4.55724,7.18381,7.27527,7.68499,8.54696
7.12366,5.83665,12.0377,7.52467,8.02295,6.7326,11.7036,10.844,14.6001,6.43652


