========================================================

Test11 results 06-22-2005  13:38:48
Board ID328  30 channels
HV Tests Software Ver.1.6

+5V 2500 - O'k
-5V 1310 - O'k
Interlock - On
Calibration DAC Range: [2500 - 2900]


A:
Limits 0.76 +/- 0.04
0.743494,0.754717,0.742115,0.749064,0.749064,0.746269,0.744879,0.747664,0.749064,0.746269
0.749064,0.747664,0.747664,0.750469,0.749064,0.749064,0.746269,0.746269,0.75188,0.746269
0.749064,0.740741,0.747664,0.750469,0.746269,0.747664,0.742115,0.75188,0.749064,0.75188


B:
Limits 60.0 +/- 30.0
61.934109,61.075283,69.458626,60.085659,63.052105,62.088341,61.906826,68.35479,67.527649,58.949314
48.230667,62.176342,66.113991,66.145401,58.141678,73.238525,59.675903,63.536606,53.828812,62.892548
53.719349,66.245392,48.802181,64.535812,65.143196,71.393082,52.339973,58.31329,55.250393,59.118404
========================================================
Test11 (DAC Calibration) results 2008-01-30 06:11:53
Board ID328 30 channels
Linux calibration software
Calibration DAC Range: [1100 - 2700]

A:
0.743771,0.755358,0.744325,0.746965,0.748293,0.745226,0.74481,0.748013,0.749344,0.744879
0.746478,0.746547,0.747314,0.750821,0.748083,0.749134,0.745782,0.746617,0.748153,0.746547
0.746617,0.741084,0.744463,0.750188,0.746826,0.749064,0.740466,0.750892,0.747175,0.750117


B:
69.1334,64.5548,68.3662,74.4164,71.8454,72.3335,69.1835,72.9781,71.8995,69.8324
64.9341,73.6469,73.1901,71.525,68.9921,78.3312,68.1363,69.6687,72.7859,68.7198
68.1754,70.4863,65.0474,70.7428,70.4255,73.7828,64.8279,68.2748,67.4044,71.5894


