========================================================

Test10 results 03-28-2006  17:11:05
Board ID435  30 channels
HV Tests Software Ver.1.6

+5V 2490 - O'k
-5V 1314 - O'k
Interlock - On

Voltmeter channel: A=1.087548, B=15.225811

A:
Limits 1.1 +/- 0.1
1.075269,1.083424,1.081081,1.087548,1.073537,1.081081,1.082837,1.086957,1.084599,1.081081
1.085187,1.082251,1.084599,1.078167,1.072386,1.074114,1.085187,1.092896,1.082837,1.079914
1.080497,1.086366,1.075847,1.088732,1.088139,1.071811,1.072386,1.078749,1.074691,1.086957


B:
Limits 0.0 +/- 35.0
9.677243,14.084522,10.810989,14.138264,20.397045,15.135313,11.911382,13.043554,13.015324,15.135313
15.192614,14.069302,10.846127,14.016302,15.013526,13.963518,10.851865,12.021682,15.159893,10.799102
14.04647,11.950203,12.910025,10.887247,13.057621,12.861896,12.868753,10.787296,15.04556,11.956598
========================================================
Test10 (ADC Calibration) results 2008-05-13 11:23:35
Board ID435 30 channels
Linux calibration software

Voltmeter channel: A=1.08014, B=-1458.09

A:
1.07494,1.08462,1.08097,1.08806,1.07571,1.08168,1.08239,1.0881,1.08638,1.08233
1.08608,1.08249,1.08401,1.07824,1.07379,1.07389,1.08506,1.09271,1.08547,1.07868
1.08142,1.08709,1.07747,1.08926,1.088,1.072,1.07322,1.07878,1.07439,1.08715


B:
6.85547,8.3693,7.00386,8.99189,15.6989,9.90312,9.4017,7.02328,6.43852,8.75957
9.51155,9.67307,9.1417,9.95808,8.41873,12.0162,7.71428,10.9624,6.71342,9.51469
8.51787,8.13628,6.06022,6.19416,9.26381,8.48786,6.94341,7.06451,11.3726,8.35071


========================================================
Test10 (ADC Calibration) results 2008-06-17 15:59:19
Board ID435 30 channels
Linux calibration software

Voltmeter channel: A=1.07, B=0

A:
1.09145,1.10041,1.09738,1.09354,1.06595,1.10078,1.09912,1.10392,1.10179,1.09857
1.10281,1.10133,1.10106,1.09564,1.07441,1.09109,1.10207,1.11139,1.09518,1.09564
1.09756,1.10309,1.09291,1.10532,1.09354,1.09172,1.0891,1.09509,1.09381,1.10392


B:
6.33527,9.9667,7.89937,19.5016,36.0137,10.511,9.16152,8.53374,9.14697,9.225
8.44148,9.78732,8.05742,8.17543,22.9005,9.28814,7.79262,9.07915,14.5078,8.61345
9.48767,8.62992,8.27614,7.48829,26.7186,9.14176,8.28464,7.80138,10.0655,8.53374


