========================================================

Test11 results 03-28-2006  17:17:06
Board ID435  30 channels
HV Tests Software Ver.1.6

+5V 2490 - O'k
-5V 1315 - O'k
Interlock - On
Calibration DAC Range: [2500 - 2900]


A:
Limits 0.76 +/- 0.04
0.753296,0.749064,0.749064,0.746269,0.757576,0.749064,0.749064,0.744879,0.749064,0.750469
0.746269,0.750469,0.749064,0.753296,0.753296,0.754717,0.746269,0.740741,0.749064,0.750469
0.75188,0.747664,0.756144,0.749064,0.746269,0.757576,0.757576,0.750469,0.754717,0.746269


B:
Limits 60.0 +/- 40.0
58.536404,52.259624,60.036465,52.823025,40.395313,56.797165,55.505692,60.63002,48.436951,51.62888
56.724537,50.004452,52.340092,50.877468,63.825657,54.611546,59.88707,60.156342,51.368099,60.12479
50.087589,50.674809,47.793514,55.351158,51.423222,53.105793,50.962349,61.656509,52.455551,54.445282
========================================================
Test11 (DAC Calibration) results 2008-05-13 11:23:35
Board ID435 30 channels
Linux calibration software
Calibration DAC Range: [1100 - 2700]

A:
0.75365,0.746547,0.749064,0.744186,0.752729,0.748573,0.748083,0.744532,0.745712,0.748503
0.745921,0.748013,0.746965,0.750962,0.754077,0.754006,0.746617,0.741015,0.746338,0.751033
0.749134,0.745226,0.75188,0.747524,0.744602,0.755715,0.754859,0.750962,0.75365,0.74481


B:
61.9219,63.7925,64.794,63.3488,58.2237,62.6274,63.0074,65.1,63.9077,63.7725
62.4243,62.805,63.2119,63.3719,64.5019,60.9802,62.9491,62.7269,62.8881,62.3731
63.9479,62.6455,64.9624,64.5301,62.6211,63.9145,65.0877,65.024,61.4696,63.8209


