========================================================

Test15 results 07-11-2005  17:23:10
Board ID034  8 channels
HV Tests Software Ver.1.6


A:
Limits 1.45 +/- 2.0
1.430615,1.427552,1.440922,1.441961,1.438849,1.425517,1.43575,1.444043


B:
Limits 0.0 +/- 160.0
-2.861292,-2.855097,8.645669,11.535736,-10.072086,4.276621,7.178897,0.000118
========================================================

Test15 results 08-25-2005  16:01:07
Board ID034  8 channels
HV Tests Software Ver.1.6


A:
Limits 1.45 +/- 2.0
1.429593,1.427552,1.440922,1.444043,1.439885,1.424501,1.436782,1.441961


B:
Limits 0.0 +/- 160.0
-1.429714,-4.282649,8.645669,7.220335,-11.519002,5.698021,4.310246,4.325931
========================================================

Test15 results 04-05-2006  13:53:14
Board ID034  8 channels
HV Tests Software Ver.1.6


A:
Limits 1.45 +/- 2.0
1.43575,1.427552,1.438849,1.441961,1.438849,1.421464,1.43472,1.453488


B:
Limits 0.0 +/- 160.0
-1.435603,-4.282649,11.510649,10.093775,-11.510935,11.371776,7.173467,4.360526
========================================================
Test15 (ADC Calibration) results 2009-04-07 10:00:43
Board ID034 8 channels
Host: ufcmshv3
Linux calibration software

A:
1.40026,1.41767,1.40784,1.40906,1.43393,1.40419,1.45577,1.46793


B:
8.89711,-7.11034,6.06442,5.48429,-10.0597,8.64122,6.87587,2.10016


