========================================================

Test16 results 07-11-2005  17:24:57
Board ID034  8 channels
HV Tests Software Ver.1.6
Calibration DAC Range: [1000 - 2300]


A:
Limits 0.57 +/- 0.1
0.566696,0.568182,0.570426,0.569177,0.570175,0.565217,0.56843,0.568928


B:
Limits 50.0 +/- 60.0
31.595499,27.272749,18.297482,22.469851,19.298363,43.150494,27.911314,24.28894
========================================================

Test16 results 08-25-2005  16:03:44
Board ID034  8 channels
HV Tests Software Ver.1.6
Calibration DAC Range: [1000 - 2300]


A:
Limits 0.57 +/- 0.1
0.56843,0.568679,0.570927,0.569925,0.571177,0.563991,0.568928,0.568928


B:
Limits 50.0 +/- 60.0
27.091698,26.096121,17.115437,19.475584,16.111277,45.639305,25.104551,24.28894
========================================================

Test16 results 04-05-2006  13:54:45
Board ID034  8 channels
HV Tests Software Ver.1.6
Calibration DAC Range: [1000 - 2300]


A:
Limits 0.57 +/- 0.1
0.569426,0.568679,0.570426,0.570676,0.570676,0.564236,0.568928,0.573445


B:
Limits 50.0 +/- 60.0
23.113974,24.472555,19.11886,18.11874,17.295885,44.661919,25.104551,6.219673
