========================================================

Test10 results 11-15-2004  13:38:54
Board ID016  36 channels
HV Tests Software Ver.1.4

+5V 2509 - O'k
-5V 1321 - O'k
Interlock - On

Voltmeter channel: A=1.075847, B=13.985871

A:
1.072961,1.074691,1.079914,1.073537,1.086957,1.074114,1.075847,1.067806,1.077006,1.076426,1.078167,1.072961
1.086957,1.074114,1.085776,1.073537,1.071237,1.075847,1.075269,1.077006,1.066098,1.074691,1.078167,1.078749
1.085187,1.072961,1.074114,1.078167,1.073537,1.072961,1.064963,1.074691,1.075269,1.079914,1.084011,1.082251


B:
5.364967,19.344324,8.639275,8.588134,7.608772,11.81529,11.834177,8.542488,9.692835,8.6114,8.625466,9.656813
10.869641,10.741177,5.428885,8.588134,10.712199,10.758329,5.376168,8.615829,13.859226,7.522722,10.781801,9.708548
6.511116,6.437928,8.592949,6.469132,10.735209,10.729774,15.974372,16.120251,2.150361,11.879015,10.840111,5.411294
========================================================

Test10 results 11-22-2004  14:22:15
Board ID016  36 channels
HV Tests Software Ver.1.4

+5V 2511 - O'k
-5V 1324 - O'k
Interlock - On

Voltmeter channel: A=1.06553, B=14.917569

A:
1.072386,1.074114,1.079914,1.072961,1.086366,1.074114,1.075269,1.067236,1.077006,1.075847,1.078749,1.072961
1.086366,1.074114,1.083424,1.072386,1.070091,1.075847,1.074691,1.076426,1.066098,1.074114,1.119194,1.078749
1.084599,1.071811,1.074114,1.077006,1.073537,1.072961,1.064396,1.073537,1.073537,1.078749,1.084599,1.081081


B:
5.362052,19.334087,7.559361,9.656813,6.518373,9.667063,11.827781,9.605241,8.615829,9.682483,6.472301,7.51089
9.777472,9.667063,9.750828,9.651596,12.8409,9.682483,5.373341,8.6114,12.793129,7.518835,1413.542358,15.102291
7.592331,8.57465,7.518835,8.615829,9.661671,9.656813,14.901733,18.249969,5.367522,12.944794,7.592331,7.567746
Channels:
  23
Out of range 0.0 +/- 50.0
========================================================

Test10 results 11-22-2004  15:46:55
Board ID016  36 channels
HV Tests Software Ver.1.4

+5V 2512 - O'k
-5V 1323 - O'k
Interlock - On

Voltmeter channel: A=1.066098, B=12.793129

A:
1.071811,1.074114,1.079914,1.072961,1.086366,1.074691,1.075269,1.066667,1.076426,1.075847,1.078167,1.072386
1.086366,1.073537,1.084011,1.072386,1.070091,1.075269,1.075269,1.075847,1.066667,1.073537,1.077006,1.078749
1.085187,1.072961,1.073537,1.077006,1.073537,1.072386,1.06383,1.074114,1.073537,1.078749,1.084011,1.081081


B:
7.502839,20.408201,8.639275,8.583851,6.518373,9.672105,10.752512,10.666458,9.687826,9.682483,7.547299,9.651596
10.863837,10.735209,8.672089,10.723982,11.770809,10.752512,3.22563,10.758329,10.666458,8.588134,11.846848,7.55105
6.511116,5.364967,9.661671,8.615829,8.588134,10.723982,15.957476,16.111746,5.367522,12.944794,8.672089,7.567746
