========================================================

Test11 results 11-15-2004  13:40:19
Board ID016  36 channels
HV Tests Software Ver.1.4

+5V 2511 - O'k
-5V 1321 - O'k
Interlock - On
Calibration DAC Range: [2500 - 2900]


A:
0.756144,0.753296,0.749064,0.753296,0.747664,0.754717,0.750469,0.757576,0.75188,0.750469,0.750469,0.756144
0.746269,0.756144,0.743494,0.753296,0.753296,0.75188,0.753296,0.75188,0.756144,0.754717,0.75188,0.749064
0.746269,0.756144,0.75188,0.75188,0.753296,0.754717,0.760456,0.754717,0.754717,0.750469,0.749064,0.747664


B:
63.548847,56.1064,66.514877,68.96833,56.360592,59.571377,71.091423,67.07933,65.867332,71.80616,67.232262,58.683571
56.878674,56.445229,75.285789,71.100037,72.517242,72.867744,61.776344,59.38549,77.063622,61.907387,61.907482,69.485161
65.637672,64.258469,71.249809,64.246826,67.155533,64.241005,57.400005,54.611546,62.718117,63.275623,70.384552,72.707703
========================================================

Test11 results 11-22-2004  14:23:37
Board ID016  36 channels
HV Tests Software Ver.1.4

+5V 2517 - O'k
-5V 1324 - O'k
Interlock - On
Calibration DAC Range: [2500 - 2900]


A:
0.753296,0.754717,0.749064,0.754717,0.746269,0.75188,0.75188,0.757576,0.75188,0.753296,0.75188,0.753296
0.746269,0.753296,0.746269,0.759013,0.753296,0.750469,0.754717,0.75188,0.760456,0.754717,200.0,0.756144
0.746269,0.754717,0.753296,0.750469,0.757576,0.754717,0.761905,0.756144,0.754717,0.75188,0.75188,0.75188
Channels:
  23
Out of range 0.75 +/- 0.1


B:
74.939339,52.179535,68.676849,66.57222,62.476597,69.536781,68.10865,68.484802,67.393486,61.870506,62.718102,70.291748
57.689983,68.06147,67.010506,51.970497,74.737961,78.365807,57.949177,61.542923,63.988274,62.00449,-796652.8125,44.363914
66.283737,69.608963,67.964188,70.283241,53.204002,66.274094,54.204559,50.04496,63.528664,60.37674,62.825855,59.836323
Channels:
  23
Out of range 70.0 +/- 50.0
========================================================

Test11 results 11-22-2004  15:48:18
Board ID016  36 channels
HV Tests Software Ver.1.4

+5V 2511 - O'k
-5V 1324 - O'k
Interlock - On
Calibration DAC Range: [2500 - 2900]


A:
0.756144,0.753296,0.750469,0.753296,0.747664,0.754717,0.750469,0.759013,0.753296,0.753296,0.75188,0.754717
0.746269,0.754717,0.749064,0.753296,0.759013,0.754717,0.754717,0.75188,0.756144,0.754717,0.75188,0.753296
0.747664,0.756144,0.753296,0.750469,0.754717,0.753296,0.759013,0.754717,0.756144,0.750469,0.750469,0.747664


B:
65.170601,58.35194,64.085274,70.390144,57.984974,59.667191,72.520172,63.218201,61.153809,62.680817,62.718102,64.142792
58.423134,61.810467,57.940514,72.716423,53.293766,64.536369,57.949177,61.542923,78.676704,62.718117,62.534721,55.841568
60.986942,64.258469,68.06147,70.283241,62.620647,69.679695,64.410461,54.611546,59.69207,64.894737,67.335411,74.235886
