========================================================
Test10 (ADC Calibration) results 2014-01-19 19:51:39
Board IDXXX 30 channels
Host: ufcmshv1
Linux calibration software

Voltmeter channel: A=1.09534, B=7.90604

A:
1.12054,1.07961,1.08556,1.08258,1.07639,1.07657,1.10016,1.0842,1.08756,1.11459
1.1251,1.08538,1.10408,1.09249,1.12822,1.07408,1.07711,1.10035,1.09728,1.09396
1.0902,1.08366,1.08628,1.04913,1.06103,1.09194,1.08393,1.10147,1.09249,1.10203


B:
5.54525,11.3146,7.18706,7.74098,7.57821,7.41413,7.9556,8.20819,7.75899,7.69296
8.26453,6.91808,8.40327,8.29683,8.00142,6.26575,7.35338,7.78801,6.37254,7.40361
7.9704,6.75153,6.74259,9.14066,7.48648,7.92103,6.07069,7.00313,7.64111,6.94073


========================================================
Test10 (ADC Calibration) results 2014-03-12 16:28:39
Board ID478 30 channels
Host: ufcmshv1
Linux calibration software

Voltmeter channel: A=1.09636, B=6.98852

A:
1.05552,1.07979,1.0673,1.0625,1.06773,1.08222,1.06765,1.08168,1.08294,1.04879
1.06068,1.06433,1.08511,1.08204,1.07284,1.07037,1.06782,1.06695,1.06346,1.05235
1.07595,1.06302,1.07134,1.06563,1.0556,1.07002,1.05844,1.07072,1.06791,1.07675


B:
3.54915,7.26368,6.12245,6.75,6.35631,5.25642,5.36992,5.31865,6.97853,5.8931
6.5366,7.17673,6.73184,6.93644,8.48239,6.69357,5.42064,6.021,6.49706,6.73427
5.61999,4.9888,6.43841,6.81258,7.05768,7.01941,6.30407,5.93904,7.04788,5.74299


