========================================================

Test10 results 03-30-2006  12:29:35
Board ID440  30 channels
HV Tests Software Ver.1.6

+5V 2485 - O'k
-5V 1321 - O'k
Interlock - On

Voltmeter channel: A=1.062699, B=24.442297

A:
Limits 1.1 +/- 0.1
1.080497,1.073537,1.080497,1.073537,1.078167,1.071811,1.078749,1.079914,1.084599,1.079914
1.076426,1.075269,1.078167,1.075847,1.074114,1.079914,1.075847,1.077006,1.079914,1.077006
1.072386,1.089918,1.075269,1.084599,1.082837,1.079331,1.074691,1.078167,1.089325,1.073537


B:
Limits 0.0 +/- 35.0
11.885475,10.735209,14.04647,9.661671,14.016302,8.57465,14.023542,9.719189,13.015324,14.038843
13.993531,15.053588,9.703633,13.985871,15.037632,16.198669,16.137566,11.846848,11.879015,15.077866
13.94114,10.899183,9.677243,14.099923,10.828545,14.031348,11.821486,11.859968,13.071987,10.735209
========================================================
Test10 (ADC Calibration) results 2008-06-02 06:03:15
Board ID440 30 channels
Linux calibration software

Voltmeter channel: A=1.05888, B=-1101.4

A:
1.08073,1.07375,1.08087,1.07294,1.07843,1.07084,1.07935,1.08,1.0847,1.08026
1.07731,1.07534,1.07829,1.07575,1.07433,1.08138,1.07827,1.07616,1.07921,1.0766
1.07379,1.08998,1.07593,1.08655,1.0824,1.07935,1.07436,1.07752,1.08952,1.07335


B:
12.3583,7.36515,9.42101,7.58706,9.2876,7.68383,10.0585,5.64015,9.61972,9.3073
8.81576,10.3198,7.74391,10.1339,11.646,10.7011,11.815,10.3473,9.51607,12.3106
8.17037,8.88909,6.28184,7.61605,8.90453,10.3378,10.1755,9.5602,10.471,8.60309


========================================================
Test10 (ADC Calibration) results 2008-06-16 13:15:45
Board ID440 30 channels
Linux calibration software

Voltmeter channel: A=1.07, B=0

A:
1.08805,1.07643,1.08469,1.07562,1.08153,1.07305,1.08216,1.08171,1.08796,1.0836
1.08,1.0792,1.08135,1.07893,1.07875,1.08442,1.08081,1.07991,1.08261,1.08
1.07669,1.09326,1.07714,1.08896,1.08514,1.08252,1.07785,1.08081,1.0929,1.07652


B:
7.91771,7.96554,9.89583,9.13459,9.75022,10.0041,10.039,9.58591,9.08854,9.1519
9.42105,9.29761,7.75224,10.4078,11.2192,10.3606,12.5709,8.63917,8.97745,11.7969
8.79569,8.62821,9.67749,9.26441,9.48244,10.3589,9.66741,9.54459,10.273,8.7445


========================================================
Test10 (ADC Calibration) results 2008-06-17 07:08:50
Board ID440 30 channels
Linux calibration software

Voltmeter channel: A=1.07, B=0

A:
1.10023,1.08858,1.09693,1.08813,1.09383,1.08543,1.09447,1.09428,1.10014,1.0962
1.09219,1.09156,1.09356,1.09165,1.09156,1.09711,1.09328,1.09246,1.09492,1.09274
1.08903,1.10569,1.08984,1.10116,1.09803,1.09492,1.0902,1.09337,1.10551,1.08885


B:
8.12667,8.07448,8.94149,7.836,8.70948,8.79811,9.65875,8.51238,9.09066,7.19719
8.89621,8.60446,7.20998,8.52173,9.25951,8.77451,10.9583,7.33569,8.14746,10.1455
7.87744,7.80051,7.56588,8.60888,8.37775,9.02345,8.75958,8.03252,9.29548,7.82558


========================================================
Test10 (ADC Calibration) results 2008-06-18 13:34:39
Board ID440 30 channels
Linux calibration software

Voltmeter channel: A=1.07, B=0

A:
1.10042,1.08894,1.09693,1.08768,1.09401,1.08543,1.09447,1.09447,1.10042,1.09611
1.09201,1.09147,1.09356,1.09183,1.09138,1.0972,1.09356,1.0921,1.09501,1.09301
1.08921,1.10588,1.08993,1.10171,1.09775,1.09501,1.09002,1.09301,1.10532,1.08876


B:
7.5187,6.87135,8.50256,8.68544,7.88682,8.79811,9.43991,8.1266,7.95876,7.5002
8.84397,8.68802,7.20998,7.91856,9.4255,8.91053,10.272,7.88734,7.84497,9.24069
7.27589,7.63185,7.70057,7.88569,8.40869,8.93998,9.14397,8.58465,9.46394,7.90891


========================================================
Test10 (ADC Calibration) results 2008-08-26 09:05:38
Board ID440 30 channels
Linux calibration (server mode)

Voltmeter channel: A=1.07183, B=0

A:
1.09116,1.0792,1.08789,1.07872,1.0847,1.07636,1.08557,1.08504,1.09109,1.08657
1.08312,1.0823,1.08406,1.0825,1.0824,1.0879,1.08457,1.08289,1.08571,1.08415
1.07953,1.09623,1.08046,1.09209,1.08855,1.08596,1.08118,1.08393,1.09627,1.07946


B:
0,0,0,0,0,0,0,0,0,0
0,0,0,0,0,0,0,0,0,0
0,0,0,0,0,0,0,0,0,0


========================================================
Test10 (ADC Calibration) results 2008-08-26 13:27:58
Board ID440 30 channels
Linux calibration (server mode)

Voltmeter channel: A=1.07202, B=0

A:
1.09124,1.07921,1.08797,1.07867,1.08468,1.07636,1.08559,1.085,1.09104,1.08659
1.08304,1.0823,1.08399,1.08245,1.08249,1.08797,1.08468,1.08289,1.08564,1.08411
1.0796,1.09608,1.0805,1.09209,1.08858,1.08603,1.08115,1.08391,1.09627,1.07948


B:
0,0,0,0,0,0,0,0,0,0
0,0,0,0,0,0,0,0,0,0
0,0,0,0,0,0,0,0,0,0


========================================================
Test10 (ADC Calibration) results 2008-08-26 13:40:28
Board ID440 30 channels
Linux calibration (server mode)

Voltmeter channel: A=1.07189, B=0

A:
1.09121,1.07916,1.08794,1.07872,1.08478,1.07631,1.08556,1.08495,1.09101,1.08657
1.08299,1.08232,1.08411,1.0824,1.08242,1.0879,1.0846,1.08289,1.08564,1.08409
1.07958,1.09604,1.08046,1.09204,1.0886,1.086,1.08111,1.08389,1.0963,1.07946


B:
0,0,0,0,0,0,0,0,0,0
0,0,0,0,0,0,0,0,0,0
0,0,0,0,0,0,0,0,0,0


========================================================
Test10 (ADC Calibration) results 2008-08-26 14:00:48
Board ID440 30 channels
Linux calibration (server mode)

Voltmeter channel: A=1.07153, B=0

A:
1.09121,1.07928,1.088,1.07875,1.08478,1.07634,1.08556,1.08507,1.09106,1.08664
1.08309,1.08242,1.08411,1.0825,1.08238,1.08795,1.08451,1.08295,1.08568,1.08403
1.07966,1.09611,1.08048,1.09209,1.08858,1.08598,1.08118,1.08389,1.09635,1.07945


B:
0,0,0,0,0,0,0,0,0,0
0,0,0,0,0,0,0,0,0,0
0,0,0,0,0,0,0,0,0,0


========================================================
Test10 (ADC Calibration) results 2008-08-26 14:19:24
Board ID440 30 channels
Linux calibration (server mode)

Voltmeter channel: A=1.07173, B=0

A:
1.09114,1.07931,1.08794,1.07878,1.08478,1.07631,1.08557,1.08504,1.09106,1.08657
1.08311,1.0823,1.08404,1.08252,1.08242,1.08795,1.0845,1.08284,1.08566,1.08403
1.07956,1.09618,1.08043,1.09204,1.08855,1.08594,1.08123,1.08389,1.09639,1.07936


B:
0,0,0,0,0,0,0,0,0,0
0,0,0,0,0,0,0,0,0,0
0,0,0,0,0,0,0,0,0,0


========================================================
Test10 (ADC Calibration) results 2008-08-26 14:33:22
Board ID440 30 channels
Linux calibration (server mode)

Voltmeter channel: A=1.07127, B=0

A:
1.09111,1.07926,1.08785,1.07882,1.0847,1.07626,1.08546,1.08492,1.09124,1.08647
1.08316,1.08237,1.08399,1.08254,1.0824,1.08792,1.08411,1.08292,1.08571,1.08408
1.07956,1.09613,1.08045,1.09199,1.08858,1.08589,1.08118,1.08384,1.09635,1.07941


B:
0,0,0,0,0,0,0,0,0,0
0,0,0,0,0,0,0,0,0,0
0,0,0,0,0,0,0,0,0,0


========================================================
Test10 (ADC Calibration) results 2008-08-26 16:51:22
Board ID440 30 channels
Linux calibration (server mode)

Voltmeter channel: A=1.08443, B=0

A:
1.1037,1.09155,1.10035,1.09101,1.09716,1.08851,1.09791,1.09735,1.10347,1.0989
1.09533,1.0946,1.09642,1.09486,1.09474,1.10034,1.09711,1.09523,1.09801,1.09645
1.09188,1.10848,1.09266,1.10449,1.10097,1.09834,1.0934,1.09625,1.10887,1.09178


B:
0,0,0,0,0,0,0,0,0,0
0,0,0,0,0,0,0,0,0,0
0,0,0,0,0,0,0,0,0,0


========================================================
Test10 (ADC Calibration) results 2008-08-27 11:54:28
Board ID440 30 channels
Linux calibration (server mode)

Voltmeter channel: A=1.08439, B=0

A:
1.10366,1.09155,1.10032,1.09103,1.0972,1.08861,1.09796,1.0974,1.10351,1.099
1.0955,1.09476,1.09642,1.09484,1.09489,1.10039,1.09776,1.09531,1.09803,1.09645
1.09188,1.10866,1.09291,1.10459,1.10102,1.09841,1.09347,1.09626,1.10892,1.09177


B:
0,0,0,0,0,0,0,0,0,0
0,0,0,0,0,0,0,0,0,0
0,0,0,0,0,0,0,0,0,0


========================================================
Test10 (ADC Calibration) results 2008-08-27 12:04:52
Board ID440 30 channels
Linux calibration (server mode)

Voltmeter channel: A=1.08423, B=0

A:
1.10365,1.0916,1.10044,1.09103,1.09711,1.08859,1.09798,1.09742,1.10346,1.09892
1.09545,1.09469,1.09638,1.09486,1.09482,1.10034,1.09769,1.09523,1.09805,1.0965
1.09192,1.10866,1.09281,1.10452,1.10109,1.09836,1.09352,1.09625,1.10888,1.09177


B:
0,0,0,0,0,0,0,0,0,0
0,0,0,0,0,0,0,0,0,0
0,0,0,0,0,0,0,0,0,0


========================================================
Test10 (ADC Calibration) results 2008-08-27 12:16:04
Board ID440 30 channels
Linux calibration (server mode)

Voltmeter channel: A=1.08431, B=0

A:
1.10363,1.09162,1.1004,1.09104,1.09713,1.08868,1.09801,1.09733,1.10354,1.09902
1.09547,1.09467,1.09643,1.09489,1.09482,1.10032,1.09773,1.09535,1.098,1.09648
1.09188,1.10868,1.09281,1.10463,1.10102,1.09834,1.0935,1.09628,1.10885,1.09183


B:
0,0,0,0,0,0,0,0,0,0
0,0,0,0,0,0,0,0,0,0
0,0,0,0,0,0,0,0,0,0


========================================================
Test10 (ADC Calibration) results 2008-08-27 12:34:19
Board ID440 30 channels
Linux calibration (server mode)

Voltmeter channel: A=1.08375, B=0

A:
1.10361,1.09155,1.10034,1.09096,1.09715,1.08853,1.09795,1.09747,1.10356,1.09892
1.09536,1.09472,1.09642,1.09476,1.09486,1.10037,1.09757,1.09516,1.09805,1.09642
1.0919,1.10864,1.09285,1.10456,1.10104,1.09842,1.09342,1.0963,1.10883,1.09177


B:
0,0,0,0,0,0,0,0,0,0
0,0,0,0,0,0,0,0,0,0
0,0,0,0,0,0,0,0,0,0


========================================================
Test10 (ADC Calibration) results 2008-08-27 14:12:33
Board ID440 30 channels
Linux calibration software

Voltmeter channel: A=1.07, B=0

A:
1.10163,1.08958,1.0978,1.08892,1.09448,1.08621,1.09524,1.09514,1.10115,1.09676
1.09268,1.09231,1.09448,1.0924,1.09202,1.09771,1.09391,1.09297,1.0959,1.09344
1.08967,1.10625,1.09033,1.1023,1.09895,1.09552,1.09118,1.09372,1.10596,1.08939


B:
6.63672,6.71669,7.92414,7.10343,8.55099,8.08019,8.9524,7.06766,8.17454,7.12469
8.66447,7.91838,6.36203,7.83178,8.83273,8.45008,11.2582,7.53093,7.03042,9.503
7.50213,7.51365,7.76951,7.34761,6.87949,8.91147,7.64616,8.36824,8.88283,7.97889


========================================================
Test10 (ADC Calibration) results 2008-08-27 14:50:45
Board ID440 30 channels
Linux calibration (server mode)

Voltmeter channel: A=1.08358, B=0

A:
1.10365,1.09155,1.10023,1.09108,1.0971,1.08858,1.09793,1.09744,1.10358,1.09905
1.09548,1.09479,1.09648,1.09477,1.09489,1.10042,1.09715,1.09525,1.09813,1.09638
1.0919,1.10859,1.09291,1.10456,1.10112,1.09842,1.09354,1.09633,1.10888,1.09168


B:
0,0,0,0,0,0,0,0,0,0
0,0,0,0,0,0,0,0,0,0
0,0,0,0,0,0,0,0,0,0


========================================================
Test10 (ADC Calibration) results 2008-08-27 16:01:37
Board ID440 30 channels
Linux calibration (server mode)

Voltmeter channel: A=1.08315, B=0

A:
1.10361,1.09162,1.10016,1.09113,1.09708,1.08864,1.09784,1.09744,1.10365,1.099
1.09553,1.09481,1.09654,1.09486,1.09484,1.1004,1.09575,1.09531,1.09817,1.09638
1.09185,1.10876,1.09288,1.10454,1.101,1.09839,1.09355,1.09633,1.10888,1.09177


B:
0,0,0,0,0,0,0,0,0,0
0,0,0,0,0,0,0,0,0,0
0,0,0,0,0,0,0,0,0,0


========================================================
Test10 (ADC Calibration) results 2008-08-27 16:14:58
Board ID440 30 channels
Linux calibration (server mode)

Voltmeter channel: A=1.08308, B=0

A:
1.10373,1.09162,1.10018,1.09109,1.09715,1.08871,1.09796,1.09752,1.10353,1.09899
1.09547,1.09477,1.09652,1.09487,1.09474,1.10042,1.09611,1.0953,1.09817,1.09645
1.09197,1.1088,1.0929,1.10456,1.101,1.09844,1.09359,1.09637,1.10887,1.09182


B:
0,0,0,0,0,0,0,0,0,0
0,0,0,0,0,0,0,0,0,0
0,0,0,0,0,0,0,0,0,0


========================================================
Test10 (ADC Calibration) results 2008-08-27 16:29:00
Board ID440 30 channels
Linux calibration (server mode)

Voltmeter channel: A=1.08343, B=0

A:
1.10371,1.09163,1.10027,1.09113,1.09713,1.08868,1.09796,1.09754,1.10359,1.099
1.09555,1.09479,1.09655,1.09491,1.09484,1.10034,1.09643,1.09533,1.09813,1.09647
1.09194,1.10883,1.093,1.10452,1.10111,1.09847,1.09357,1.09635,1.10885,1.09183


B:
0,0,0,0,0,0,0,0,0,0
0,0,0,0,0,0,0,0,0,0
0,0,0,0,0,0,0,0,0,0


========================================================
Test10 (ADC Calibration) results 2008-08-27 16:39:26
Board ID440 30 channels
Linux calibration (server mode)

Voltmeter channel: A=1.08307, B=0

A:
1.10361,1.0916,1.10022,1.09106,1.0971,1.08876,1.09793,1.09747,1.10353,1.09904
1.09552,1.09474,1.09648,1.09491,1.09472,1.10035,1.09603,1.0953,1.09824,1.09638
1.09188,1.10878,1.09295,1.10456,1.10105,1.09844,1.09361,1.09635,1.10894,1.0917


B:
0,0,0,0,0,0,0,0,0,0
0,0,0,0,0,0,0,0,0,0
0,0,0,0,0,0,0,0,0,0


========================================================
Test10 (ADC Calibration) results 2008-08-27 17:00:59
Board ID440 30 channels
Linux calibration (server mode)

Voltmeter channel: A=1.08308, B=0

A:
1.10359,1.09165,1.1002,1.09116,1.0971,1.08866,1.09795,1.0975,1.10353,1.09897
1.09557,1.09479,1.0965,1.09492,1.09472,1.10039,1.09572,1.09525,1.09817,1.09637
1.09194,1.10873,1.09286,1.10454,1.10104,1.09844,1.09349,1.09635,1.10881,1.09173


B:
0,0,0,0,0,0,0,0,0,0
0,0,0,0,0,0,0,0,0,0
0,0,0,0,0,0,0,0,0,0


========================================================
Test10 (ADC Calibration) results 2008-08-28 14:19:37
Board ID440 30 channels
Linux calibration (server mode)

Voltmeter channel: A=1.08355, B=0

A:
1.1037,1.09157,1.10032,1.09103,1.09716,1.08863,1.09793,1.09742,1.10354,1.09892
1.09543,1.09481,1.09645,1.09486,1.0947,1.10032,1.09642,1.09535,1.09807,1.09642
1.092,1.10873,1.0928,1.10454,1.10102,1.09836,1.09347,1.09626,1.10888,1.09182


B:
0,0,0,0,0,0,0,0,0,0
0,0,0,0,0,0,0,0,0,0
0,0,0,0,0,0,0,0,0,0


========================================================
Test10 (ADC Calibration) results 2008-09-01 16:33:33
Board ID440 30 channels
Linux calibration (server mode)

Voltmeter channel: A=1.08351, B=0

A:
1.10375,1.09163,1.10035,1.09108,1.09718,1.08869,1.098,1.09744,1.10354,1.09907
1.0955,1.09487,1.09659,1.09489,1.09503,1.10044,1.0965,1.09535,1.09819,1.09655
1.09209,1.10876,1.0929,1.10464,1.10117,1.09846,1.09364,1.0964,1.10901,1.09188


B:
0,0,0,0,0,0,0,0,0,0
0,0,0,0,0,0,0,0,0,0
0,0,0,0,0,0,0,0,0,0


