========================================================

Test15 results 07-07-2005  16:39:09
Board ID025  8 channels
HV Tests Software Ver.1.6


A:
Limits 1.45 +/- 2.0
1.436782,1.436782,1.443001,1.436782,1.444043,1.43575,1.429593,1.439885


B:
Limits 0.0 +/- 160.0
10.057372,-8.620789,0.000148,-7.184008,12.996508,10.050398,-7.148084,-1.439809
========================================================
Test15 (Master ADC Calibration) results 2007-04-18 16:34:58
Board ID25 7 channels
Linux calibration software


A:
1.43575,1.43781,1.443,1.43781,1.44509,1.43575,1.43062,1.43988

B:
2.44091,-11.6462,-2.30866,-10.2084,9.53754,8.18392,-11.1589,-2.73571

========================================================
Test15 (Master ADC Calibration) results 2008-06-15 14:55:02
Board ID25 7 channels
Linux calibration software


A:
1.44196,1.40154,1.44509,1.44404,1.46306,1.44718,1.44404,1.44823

B:
0.432633,42.4667,-2.02315,-12.2743,16.5326,6.94645,-12.2743,-5.93786

========================================================
Test15 (Master ADC Calibration) results 2008-06-15 16:52:39
Board ID25 7 channels
Linux calibration software


A:
1.43603,1.40306,1.43904,1.43753,1.45734,1.44054,1.43828,1.44206

B:
4.83026,16.454,2.74712,-6.27285,17.7532,13.2267,-8.23744,-0.786571

