========================================================

Test16 results 07-07-2005  16:40:32
Board ID025  8 channels
HV Tests Software Ver.1.6
Calibration DAC Range: [1000 - 2300]


A:
Limits 0.57 +/- 0.1
0.569177,0.568928,0.569177,0.567438,0.571931,0.567438,0.564481,0.572687


B:
Limits 50.0 +/- 60.0
24.110682,24.28894,23.292351,30.24869,12.274551,30.24869,45.303295,9.251165
========================================================
Test16 (Master DAC Calibration) results 2007-04-18 16:34:58
Board ID25 7 channels
Linux calibration software
Calibration DAC Range: [1000 - 2300]

A:
0.567609,0.567506,0.568104,0.566297,0.571175,0.565906,0.56413,0.571424

B:
29.1562,29.5693,27.7462,34.4042,15.3015,35.8062,48.324,14.3861

========================================================
Test16 (Master DAC Calibration) results 2008-06-15 14:55:02
Board ID25 7 channels
Linux calibration software
Calibration DAC Range: [1000 - 2300]

A:
0.567441,0.685146,0.632897,0.653492,0.645936,0.637725,0.679537,0.644771

B:
30.1549,-415.135,-232.686,-314.061,-285.73,-251.271,-419.226,-279.55

========================================================
Test16 (Master DAC Calibration) results 2008-06-15 16:52:39
Board ID25 7 channels
Linux calibration software
Calibration DAC Range: [1000 - 2200]

A:
0.564772,0.663311,0.608324,0.625666,0.606346,0.611524,0.653657,0.613224

B:
36.5258,-301.002,-132.339,-198.234,-162.34,-148.538,-299.536,-166.268

========================================================
Test16 (Master DAC Calibration) results 2008-07-20 10:28:28
Board ID25 7 channels
Linux calibration software
Calibration DAC Range: [1000 - 2200]

A:
0.563391,0.558508,0.562139,0.561819,0.578784,0.565493,0.561668,0.560812

B:
36.8241,41.0617,40.0707,41.8405,29.2377,34.5067,46.9404,32.452

========================================================
Test16 (Master DAC Calibration) results 2008-07-20 11:22:28
Board ID25 7 channels
Linux calibration software
Calibration DAC Range: [1000 - 2200]

A:
0.563097,0.568723,0.561761,0.561299,0.565374,0.565493,0.56093,0.560216

B:
38.2506,31.7613,40.7169,42.8434,46.6556,35.1526,48.9129,34.2363

