========================================================

Test16 results 08-19-2005  13:28:56
Board ID036  8 channels
HV Tests Software Ver.1.6
Calibration DAC Range: [1000 - 2300]


A:
Limits 0.57 +/- 0.1
0.565709,0.563502,0.563258,0.563014,0.565956,0.567934,0.566449,0.564236


B:
Limits 50.0 +/- 60.0
46.902393,45.990517,50.204163,47.942924,49.942039,46.899597,52.829956,47.108963
========================================================
Test16 (Master DAC Calibration) results 2008-04-03 16:10:37
Board ID36 7 channels
Linux calibration software
Calibration DAC Range: [1000 - 2300]

A:
0.565377,0.56306,0.563598,0.564056,0.565626,0.563713,0.560303,0.563333

B:
38.4086,47.1862,60.0224,60.2837,37.5784,43.9262,58.7071,46.0126

