========================================================

Test11 results 03-23-2005  14:59:05
Board ID022  36 channels
HV Tests Software Ver.1.6

+5V 2483 - O'k
-5V 1347 - O'k
Interlock - On
Calibration DAC Range: [2500 - 2900]


A:
Limits 0.76 +/- 0.04
0.75188,0.746269,0.756144,0.744879,0.750469,0.747664,0.753296,0.749064,0.75188,0.747664,0.753296,0.744879
0.743494,0.746269,0.761905,0.747664,0.754717,0.75188,0.749064,0.747664,0.760456,0.744879,0.746269,0.750469
0.750469,0.747664,0.75188,0.747664,0.747664,0.747664,0.747664,0.747664,0.749064,0.747664,0.75188,0.756144


B:
Limits 60.0 +/- 30.0
53.194416,59.182522,50.63422,63.171989,63.822353,53.872459,48.468796,62.332668,61.270512,61.864208,52.421207,59.141354
60.180653,63.937614,62.589233,57.022465,54.676586,54.722588,59.196144,67.636696,71.086548,64.317314,62.326653,63.822353
53.950092,61.535828,50.771732,70.850769,59.119976,52.180542,55.172474,45.210987,52.266575,55.329636,58.57542,48.304317
========================================================
Test11 (DAC Calibration) results 2007-10-31 15:53:21
Board ID22 36 channels
Linux calibration software
Calibration DAC Range: [1100 - 2700]

A:
0.749555,0.744879,0.754432,0.743356,0.750821,0.745712,0.750751,0.749415,0.748853,0.747314,0.75068,0.745018
0.743564,0.745851,0.762558,0.748994,0.752162,0.749344,0.749064,0.750117,0.762123,0.743771,0.748013,0.750328
0.74481,0.747454,0.749274,0.748363,0.743149,0.749485,0.746617,0.744117,0.748223,0.746408,0.751244,0.75287


B:
64.8646,64.6183,60.996,71.1949,66.1191,64.5043,61.111,65.808,71.8245,67.9589,65.5625,64.4255
58.1188,68.6369,65.9708,62.0446,63.6706,63.5069,64.0449,64.0882,66.8665,55.8942,61.0099,63.9466
62.0334,65.5238,61.0563,68.7558,62.5638,65.7111,60.2612,58.9805,62.6635,64.5831,66.2879,60.2861


========================================================
Test11 (DAC Calibration) results 2007-11-02 11:30:22
Board ID22 36 channels
Linux calibration software
Calibration DAC Range: [1100 - 2700]

A:
0.749695,0.744948,0.754503,0.743494,0.750821,0.745782,0.75068,0.749415,0.748923,0.747314,0.75061,0.745018
0.743633,0.745643,0.762558,0.752658,0.752233,0.749344,0.749064,0.750117,0.76205,0.743633,0.748013,0.750117
0.74481,0.747733,0.749274,0.748363,0.743218,0.749485,0.746617,0.743909,0.748083,0.746478,0.751456,0.752587


B:
64.6705,64.3728,60.747,71.0036,66.1191,64.4074,61.3587,65.808,71.728,67.9589,65.6597,64.4255
57.8733,68.7761,65.9708,54.5582,63.4226,63.5069,64.0449,64.0882,67.1178,56.0885,61.0099,64.3882
62.1824,65.137,61.0563,68.7558,62.4675,65.7111,60.56,59.5684,63.157,64.3368,65.3954,60.6773


