========================================================

Test10 results 09-24-2006  15:19:45
Board ID021  36 channels
HV Tests Software Ver.1.6.8

+5V 2520 - O'k
-5V 1378 - O'k
Interlock - On
Number of Samples: 400

Voltmeter channel: A=1.068947, B=16.034245

A:
Limits 1.1 +/- 0.1
1.078749,1.072961,1.072386,1.072961,1.079331,1.078167,1.077006,1.079331,1.076426,1.085776,1.081081,1.084599
1.077006,1.072961,1.075847,1.053741,1.077586,1.077586,1.081666,1.070664,1.058201,1.073537,1.078749,1.077006
1.071811,1.072961,1.075269,1.063264,1.079914,1.075847,1.078167,1.075269,1.074114,1.075269,1.075847,1.074691


B:
Limits 0.0 +/- 30.0
11.866045,10.729774,12.868753,11.802734,19.428001,16.172636,12.923853,10.793356,15.069958,15.200872,12.973151,9.761528
15.077866,13.948658,16.137566,34.773598,16.163914,19.396673,15.143361,18.201292,28.571367,15.029358,11.866045,14.000859
11.790084,13.948658,11.827781,13.822324,15.118756,17.213413,9.703633,16.128857,15.037632,8.601974,21.516802,16.120251
Channels:
  16
Out of range 0.0 +/- 30.0
========================================================
Test10 (ADC Calibration) results 2008-04-09 11:01:42
Board ID21 36 channels
Linux calibration software

Voltmeter channel: A=1.06523, B=15.4588

A:
1.07566,1.07017,1.0697,1.07108,1.07838,1.07612,1.07525,1.07636,1.07525,1.08289,1.07838,1.08174
1.07461,1.07077,1.07414,1.05535,1.0758,1.07487,1.07905,1.06869,1.06085,1.07158,1.07626,1.07552
1.0698,1.07078,1.0732,1.06172,1.07834,1.07289,1.07673,1.0737,1.07256,1.07269,1.07716,1.07198


B:
6.68935,4.60776,7.20589,4.86345,9.46043,9.17116,5.05301,5.58933,5.12826,9.20148,6.86072,3.441
9.29756,7.2359,6.46985,17.5686,8.13279,13.6601,9.08419,10.5617,12.5846,6.70833,5.76526,5.86643
4.40724,6.33252,5.82237,5.49577,7.34618,13.0809,2.70767,9.03218,6.12061,0.719289,5.24157,9.54833


========================================================
Test10 (ADC Calibration) results 2008-06-16 13:15:45
Board ID021 36 channels
Linux calibration software

Voltmeter channel: A=1.07, B=0

A:
1.0792,1.07394,1.07367,1.07447,1.08225,1.08,1.07866,1.08009,1.07821,1.08723,1.0818,1.08632
1.07947,1.07429,1.07794,1.0576,1.07911,1.07964,1.08252,1.07208,1.06305,1.07562,1.07991,1.07947
1.07305,1.07411,1.07669,1.0647,1.08153,1.07687,1.07991,1.07803,1.07589,1.07634,1.08009,1.07643


B:
8.21842,5.32032,6.85498,6.11614,10.1732,8.98876,6.7706,6.74686,8.26056,9.31696,8.42128,2.97476
9.05112,8.42922,7.64517,16.2221,9.59549,12.3411,10.1421,12.1889,13.2801,7.19841,6.91147,7.1079
5.92676,8.1633,7.50385,7.69855,8.45244,12.7237,4.75164,8.64067,8.02775,2.6662,11.2832,9.68793


========================================================
Test10 (ADC Calibration) results 2008-06-17 07:08:50
Board ID021 36 channels
Linux calibration software

Voltmeter channel: A=1.07, B=0

A:
1.09201,1.08624,1.08597,1.08669,1.09456,1.09237,1.09074,1.09256,1.09074,1.09968,1.09456,1.09849
1.09156,1.08651,1.09011,1.06919,1.09147,1.09219,1.09483,1.08463,1.07443,1.08795,1.09228,1.09219
1.08534,1.08669,1.08903,1.07743,1.09401,1.08939,1.09246,1.09047,1.0884,1.08894,1.09183,1.08849


B:
6.4416,5.01238,6.34742,5.24937,9.35665,7.85616,6.51636,5.50469,6.95295,7.96954,6.51069,2.02748
8.60446,7.80563,6.66276,15.8645,8.68802,10.6438,9.54439,10.1923,12.495,6.26096,5.53603,5.40125
5.19067,6.33606,6.78842,5.83782,7.2303,11.2493,3.40271,7.41978,6.71668,0.991328,10.3204,9.24614


========================================================
Test10 (ADC Calibration) results 2008-07-28 12:22:42
Board ID021 36 channels
Linux calibration software

Voltmeter channel: A=1.07, B=0

A:
1.0921,1.08624,1.08606,1.08669,1.09465,1.09256,1.09138,1.09265,1.09029,1.09996,1.09447,1.09895
1.09201,1.08687,1.09047,1.07085,1.09165,1.09246,1.09538,1.0848,1.07558,1.0884,1.09265,1.09228
1.08552,1.08642,1.08948,1.07725,1.09401,1.0893,1.09265,1.09029,1.08849,1.08912,1.09292,1.08885


B:
6.79524,5.44676,6.48179,5.90109,9.71105,8.12659,5.71492,5.85781,8.2406,8.37796,7.46982,1.82619
8.18866,7.47405,6.98383,17.539,9.3951,11.05,9.04437,10.6782,12.9404,5.41066,5.85781,5.97323
5.24165,7.88808,6.59082,7.07938,8.76208,12.4214,3.67252,8.459,7.28668,1.25994,10.4164,9.35012


