========================================================

Test10 results 10-14-2005  21:28:47
Board ID290  30 channels
HV Tests Software Ver.1.6.1

+5V 2507 - O'k
-5V 1340 - O'k
Interlock - On

Voltmeter channel: A=1.088732, B=16.330906

A:
Limits 1.1 +/- 0.1
1.072961,1.073537,1.076426,1.068947,1.081081,1.074114,1.079914,1.083424,1.072961,1.050972
1.074691,1.075269,1.088139,1.079331,1.072961,1.080497,1.070091,1.074114,1.084599,1.067806
1.070664,1.079914,1.076426,1.077586,1.081081,1.072386,1.081666,1.071237,1.079331,1.074114


B:
Limits 0.0 +/- 30.0
2.146083,7.514596,6.458547,7.482668,3.243422,7.518835,4.31962,7.583981,9.656813,7.356977
9.672105,9.677243,7.616924,10.793356,7.51089,7.563487,10.700718,7.518835,7.592331,8.542488
13.918636,5.399534,4.305695,8.620811,3.243422,8.57921,10.816698,6.42725,6.476033,5.370607
========================================================
Test10 (ADC Calibration) results 2008-04-24 15:52:26
Board ID290 30 channels
Linux calibration software

Voltmeter channel: A=1.08648, B=-1400.48

A:
1.07196,1.07365,1.07585,1.06813,1.07894,1.07285,1.07848,1.08144,1.07275,1.05042
1.07766,1.07509,1.08673,1.07738,1.07275,1.07924,1.0693,1.07249,1.08513,1.06587
1.07179,1.08028,1.07535,1.07797,1.07984,1.07166,1.08168,1.06966,1.07738,1.07172


B:
2.80845,2.65083,1.6865,3.58939,2.91735,5.52798,3.02878,6.31622,4.92871,3.15435
-0.415948,3.58792,4.72989,10.4844,2.80151,6.33319,6.0237,5.8486,5.69352,7.49103
7.0185,1.04071,2.32675,2.02865,1.72461,3.46441,7.79926,5.02501,5.79397,4.254


