========================================================

Test10 results 03-29-2006  14:18:57
Board ID376  30 channels
HV Tests Software Ver.1.6

+5V 2507 - O'k
-5V 1344 - O'k
Interlock - On

Voltmeter channel: A=1.085776, B=9.771991

A:
Limits 1.1 +/- 0.1
1.082837,1.078749,1.078749,1.091703,1.087548,1.085187,1.086957,1.09529,1.072386,1.089918
1.077006,1.081081,1.077006,1.091107,1.082837,1.088139,1.084599,1.079331,1.081666,1.088732
1.080497,1.085776,1.079914,1.099505,1.078749,1.081666,1.081666,1.078167,1.079914,1.086366


B:
Limits 0.0 +/- 35.0
1.083012,16.18104,14.023542,7.64192,9.788074,5.425929,9.782684,5.476264,4.289666,10.899183
10.769841,7.567746,8.615829,6.546595,7.580034,9.793203,8.676929,4.317371,9.735032,13.064711
8.643984,3.257333,11.879015,6.597164,11.866045,8.653366,6.490035,11.859968,11.879015,9.777472
========================================================
Test10 (ADC Calibration) results 2008-06-04 08:53:52
Board ID376 30 channels
Linux calibration software

Voltmeter channel: A=1.01706, B=-1345.28

A:
1.08439,1.07988,1.08055,1.09449,1.08798,1.08544,1.08792,1.09505,1.07236,1.09005
1.07786,1.08146,1.07737,1.09081,1.08327,1.08847,1.08317,1.07929,1.08222,1.08515
1.08055,1.08595,1.08115,1.0997,1.08109,1.08297,1.08146,1.07937,1.07974,1.08641


B:
-1.62358,10.1948,9.30431,6.23891,4.9137,2.80801,4.81008,3.81716,1.21328,8.01196
7.6552,3.98172,6.50317,7.11037,3.05901,6.1082,3.43695,1.13951,4.96676,12.7724
6.74332,1.24783,5.68728,3.18731,7.44544,1.21162,5.86322,7.323,8.69428,4.65782


