========================================================

Test10 results 09-21-2006  15:48:20
Board ID106  36 channels
HV Tests Software Ver.1.6.1

+5V 3079 - O'k
-5V 1361 - O'k
Interlock - On

Voltmeter channel: A=1.055966, B=22.175106

A:
Limits 1.1 +/- 0.1
1.076426,1.068376,1.070091,1.075847,1.063264,1.080497,1.074691,1.067236,1.075269,1.074114,1.063264,1.081666
1.077586,1.079331,1.067806,1.069519,1.064396,1.071811,1.080497,1.075269,1.066098,1.068947,1.077006,1.085776
1.080497,1.068947,1.072386,1.070091,1.074114,1.079914,1.068376,1.072386,1.078167,1.070664,1.072961,1.085187


B:
Limits 0.0 +/- 30.0
11.840678,13.888905,13.910991,15.061719,8.506002,5.402493,11.821486,13.874185,11.827781,5.370607,25.51823,8.653366
16.163914,10.793356,12.813711,7.486748,13.837337,8.57465,12.965973,12.903049,12.793129,18.172138,7.538823,14.115096
12.965973,10.689509,23.592613,13.910991,12.889404,16.198669,17.094032,10.723982,16.172636,5.353326,12.875696,14.107427
========================================================
Test10 (ADC Calibration) results 2008-06-16 13:15:45
Board ID106 36 channels
Linux calibration software

Voltmeter channel: A=1.07, B=0

A:
1.07893,1.07013,1.07225,1.07839,1.0647,1.08117,1.07678,1.06934,1.07759,1.07482,1.06899,1.08279
1.07911,1.08153,1.0704,1.07119,1.06549,1.07323,1.08198,1.0775,1.06829,1.07031,1.0792,1.09079
1.08261,1.06987,1.07474,1.07216,1.07625,1.08279,1.07084,1.07349,1.07991,1.07234,1.07482,1.08723


B:
4.14992,7.34284,5.37759,7.44927,2.80083,2.07937,3.54537,5.93868,3.44828,1.70304,12.8939,4.26492
11.3223,3.91006,4.5288,1.86198,9.95012,3.61616,8.6893,4.60834,5.42379,13.1732,-0.199368,3.89319
5.72962,6.30388,15.5421,6.74668,5.76191,7.07989,8.83007,5.30122,10.5831,-0.709347,6.86225,6.92472


========================================================
Test10 (ADC Calibration) results 2008-06-17 07:08:50
Board ID106 36 channels
Linux calibration software

Voltmeter channel: A=1.07, B=0

A:
1.09083,1.08248,1.08489,1.09092,1.0769,1.09392,1.08939,1.08168,1.09011,1.08723,1.0807,1.0951
1.09147,1.09374,1.08239,1.08329,1.0784,1.08552,1.09483,1.08993,1.08017,1.08302,1.09138,1.10356
1.0951,1.08213,1.08714,1.08427,1.08849,1.09519,1.08311,1.08624,1.09237,1.08463,1.08714,1.09977


B:
3.81517,6.10559,3.65243,6.13168,1.37786,0.0938972,1.66306,4.90188,2.52029,0.401626,11.8623,3.6
10.216,2.88667,4.23974,1.24497,7.95156,2.41959,6.47921,3.12292,5.22502,11.2412,-1.27018,2.00999
4.25716,5.13709,14.6183,6.18482,4.89219,6.36377,7.90951,3.92614,9.38538,-1.9555,5.92123,5.46603


========================================================
Test10 (ADC Calibration) results 2008-07-28 12:22:42
Board ID106 36 channels
Linux calibration software

Voltmeter channel: A=1.07, B=0

A:
1.09129,1.08275,1.08472,1.09111,1.07681,1.09374,1.0893,1.08141,1.09002,1.08741,1.08115,1.09519
1.09165,1.09374,1.08266,1.08382,1.07778,1.0857,1.09483,1.09038,1.08035,1.08302,1.09156,1.10347
1.0951,1.08213,1.08732,1.08427,1.08867,1.09556,1.0832,1.08606,1.09246,1.0848,1.08723,1.09996


B:
3.61584,6.07423,4.90312,5.96524,2.106,1.13698,2.61773,6.01495,3.25757,0.887242,12.5334,3.73541
10.4868,3.76184,3.99129,0.529287,8.95755,3.12157,7.13582,2.70573,5.49206,11.8907,-1.0009,3.19777
5.1333,6.00285,15.1057,6.83562,5.16124,5.81055,8.04366,4.74425,9.9575,-1.90573,6.4902,5.95811


========================================================
Test10 (ADC Calibration) results 2008-11-24 17:18:05
Board ID106 36 channels
Host: ufcmshv3
Linux calibration software

Voltmeter channel: A=1.05263, B=9.68403

A:
1.04932,1.03232,1.04117,1.04242,1.02816,1.04418,0,1.05144,1.05306,1.04771,1.05076,1.0284
1.042,0,1.06654,1.02702,1.0333,1.06148,0,1.03306,1.04923,1.0297,1.03834,1.04839
1.05221,1.04075,1.0271,1.03273,1.02848,1.05042,1.03768,1.03027,1.07696,1.04434,1.02596,1.03347


B:
1.4687,6.49566,5.06175,6.15836,2.89442,1.14049,3600,5.75842,2.54362,0.483526,5.35075,3.27497
10.0994,3600,11.9614,5.02438,5.75472,7.9366,3600,3.92577,5.32706,11.485,-1.16609,2.14527
4.61359,5.87643,13.7789,5.27508,11.4241,5.4622,8.18971,5.99133,9.84178,-0.481942,6.25067,6.21638


========================================================
Test10 (ADC Calibration) results 2008-11-25 09:18:58
Board ID106 36 channels
Host: ufcmshv3
Linux calibration software

Voltmeter channel: A=1.05221, B=9.87462

A:
1.04915,1.03232,1.04167,1.04259,1.02824,1.04418,1.0483,1.04957,1.05289,1.04737,1.05076,1.0284
1.042,1.04603,1.06461,1.02718,1.03347,1.06174,1.03619,1.03134,1.0494,1.02987,1.03834,1.04856
1.05221,1.04067,1.02694,1.03289,1.02856,1.05017,1.03776,1.03019,1.07687,1.0446,1.0258,1.03339


B:
1.42044,5.87617,3.5417,4.95594,1.99319,0.722923,2.43532,3.95609,2.70508,0.805693,5.14065,2.4522
9.47451,2.7199,10.7607,3.84005,4.35608,6.20733,7.54031,2.49108,4.53688,10.7107,-1.7892,1.14543
4.19281,5.53928,13.9347,4.49718,10.7289,5.70334,7.69559,5.24599,9.27774,-1.76768,5.99703,5.26214


========================================================
Test10 (ADC Calibration) results 2008-11-26 10:27:41
Board ID106 36 channels
Host: ufcmshv3
Linux calibration software

Voltmeter channel: A=1.05246, B=9.63414

A:
1.04906,1.03207,1.04133,1.0425,1.02799,1.04351,1.04813,1.04949,1.05289,1.04729,1.05067,1.02799
1.042,1.04586,1.03553,1.0271,1.0333,1.06148,1.03569,1.03109,1.04889,1.02946,1.03792,1.0483
1.05204,1.04058,1.02678,1.03265,1.02856,1.05017,1.03743,1.03019,1.07669,1.04418,1.02588,1.03298


B:
1.92051,6.52603,4.48592,5.45295,2.84665,2.40811,3.01543,4.66618,2.91545,1.09532,5.43144,3.87465
10.0994,3.71659,4.65194,3.30254,5.13464,6.87512,8.84298,3.34726,5.64778,12.132,-0.143879,1.80649
4.56435,6.03557,14.707,5.35409,10.5232,5.91317,8.63493,5.65839,9.87239,-0.947862,6.32865,7.10365


========================================================
Test10 (ADC Calibration) results 2008-11-26 10:48:42
Board ID106 36 channels
Host: ufcmshv3
Linux calibration software

Voltmeter channel: A=1.05238, B=9.92451

A:
1.04915,1.0324,1.04125,1.0425,1.02807,1.04384,1.04813,1.04915,1.0528,1.04712,1.05093,1.02824
1.042,1.04603,1.03569,1.02742,1.03314,1.06148,1.03594,1.03117,1.04932,1.02962,1.03809,1.0483
1.05195,1.04067,1.02686,1.03265,1.02873,1.05008,1.03784,1.03019,1.0766,1.04434,1.02596,1.03347


B:
1.63063,6.00373,4.98183,5.6614,2.76773,1.87883,3.01543,5.61703,3.41757,1.67538,4.97975,3.43262
10.0994,3.55677,4.49329,2.9874,5.91271,6.45063,8.39915,3.47396,4.82646,11.7691,-0.718629,2.0161
5.27618,6.16378,14.6288,5.56056,9.74882,5.99343,7.82367,5.65839,10.385,-0.899578,6.25067,6.42302


========================================================
Test10 (ADC Calibration) results 2008-11-26 11:05:32
Board ID106 36 channels
Host: ufcmshv3
Linux calibration software

Voltmeter channel: A=1.05246, B=9.84459

A:
1.04889,1.0324,1.04158,1.0425,1.02783,1.04393,1.0483,1.04923,1.05306,1.04763,1.05093,1.02832
1.04192,1.04611,1.03569,1.0271,1.03347,1.06166,1.03586,1.03093,1.04898,1.02962,1.03809,1.04822
1.05195,1.0405,1.02694,1.03289,1.0284,1.05008,1.03759,1.02995,1.07652,1.04434,1.02572,1.03322


B:
2.29137,6.21016,4.2466,5.6614,3.41563,1.58995,2.64493,5.53686,2.75418,0.564017,4.97975,3.55973
10.1786,3.26699,4.70022,3.09717,5.18291,6.28839,8.27091,4.12391,5.77749,11.5633,-0.926197,2.30619
5.06543,6.531,14.1401,5.11701,10.6794,6.20365,8.0613,6.10039,10.2519,-1.1084,6.48555,6.45361


========================================================
Test10 (ADC Calibration) results 2008-11-27 16:31:50
Board ID106 36 channels
Host: ufcmshv3
Linux calibration software

Voltmeter channel: A=1.05229, B=10.2153

A:
1.04915,1.03207,1.04133,1.04233,1.02791,1.04384,1.04822,1.04949,1.05289,1.04712,1.05067,1.02807
1.04217,1.04577,1.03561,1.02694,1.03339,1.0614,1.03619,1.03109,1.04915,1.02962,1.03809,1.04813
1.05178,1.0405,1.0271,1.03289,1.02873,1.05017,1.03759,1.03011,1.0766,1.04401,1.0258,1.03363


B:
1.84041,6.52603,4.69413,6.23763,3.13114,1.87883,2.72538,4.66618,2.91545,1.46575,5.85161,3.79581
9.94078,4.0064,4.98658,3.87068,5.26214,5.47014,7.9551,3.96577,5.19748,11.7691,-0.926197,2.38629
5.01601,6.531,14.1899,4.91023,9.54313,5.91317,8.26877,5.94288,10.1697,-0.369437,6.4075,5.23154


========================================================
Test10 (ADC Calibration) results 2008-11-27 17:01:09
Board ID106 36 channels
Host: ufcmshv3
Linux calibration software

Voltmeter channel: A=1.05221, B=10.2954

A:
1.04906,1.03216,1.04125,1.04242,1.02791,1.04393,1.04822,1.0494,1.05272,1.04729,1.05051,1.02816
1.04192,1.04577,1.03561,1.02694,1.0333,1.06148,1.03602,1.03109,1.04915,1.0297,1.03768,1.04822
1.05204,1.04058,1.02718,1.03273,1.02856,1.05,1.03726,1.03011,1.07687,1.04426,1.02572,1.03339


B:
2.13068,6.65348,4.56543,5.94992,3.13114,1.79869,2.93497,4.95654,3.2875,1.30513,6.22225,3.30583
10.5952,4.0064,4.77967,3.66535,5.54827,5.38914,8.11315,3.34726,5.61703,11.485,0.303277,2.0966
4.77456,6.24363,13.9065,5.27508,9.70031,6.49373,9.00032,5.94288,9.92371,-1.02822,6.48555,6.0889


