========================================================

Test11 results 09-21-2006  15:50:03
Board ID106  36 channels
HV Tests Software Ver.1.6.1

+5V 3079 - O'k
-5V 1360 - O'k
Interlock - On
Calibration DAC Range: [2500 - 2900]


A:
Limits 0.76 +/- 0.04
0.739372,0.744879,0.743494,0.742115,0.750469,0.738007,0.740741,0.744879,0.739372,0.742115,0.749064,0.735294
0.740741,0.738007,0.743494,0.744879,0.747664,0.742115,0.739372,0.739372,0.746269,0.747664,0.738007,0.732601
0.736648,0.749064,0.744879,0.743494,0.740741,0.736648,0.744879,0.743494,0.736648,0.744879,0.740741,0.735294


B:
Limits 60.0 +/- 30.0
65.875175,63.806667,67.640282,48.841923,60.107018,61.939339,63.679924,64.372238,65.808746,64.586861,46.234566,69.376205
50.322178,60.284588,71.462669,63.163078,59.673786,70.661659,45.626213,62.626884,64.577301,45.28455,70.37561,58.7831
63.247578,48.518879,41.966583,62.866562,62.815849,64.043396,59.900051,55.984154,65.393318,63.23946,73.740326,54.575356
========================================================
Test11 (ADC Calibration) results 2008-06-17 04:20:31
Board ID106 36 channels
Linux calibration software

Calibration DAC Range: [1000 - 3500]

A:
0.7368,0.7424,0.7416,0.738,0.7468,0.7356,0.7384,0.744,0.7376,0.7396,0.7436,0.734
0.7368,0.7352,0.7424,0.7428,0.7464,0.7408,0.7352,0.7384,0.744,0.7432,0.7368,0.7292
0.734,0.7436,0.74,0.742,0.7392,0.7336,0.7432,0.7412,0.7364,0.7416,0.7408,0.7316


B:
74.2,72.6,74.4001,63.0001,73.2,70.4,72.6001,67.9999,72.3999,75.4,59.4,73.9999
63.1999,69.8,75.6,71.2,64.6,76.1999,59.8,67.6001,72.9999,61.8,74.2,69.8
70.9999,68.4,60,69.0001,68.8,74.3999,67.8,64.8001,66.6,75.4001,74.1999,68.4


========================================================
Test11 (ADC Calibration) results 2008-06-17 07:43:31
Board ID106 36 channels
Linux calibration software

Calibration DAC Range: [1000 - 3500]

A:
0.7292,0.734,0.7328,0.7296,0.7384,0.7268,0.73,0.7352,0.7292,0.7312,0.736,0.726
0.7288,0.7276,0.734,0.734,0.738,0.7324,0.7272,0.73,0.736,0.7348,0.7284,0.7204
0.726,0.7348,0.732,0.7336,0.7304,0.7256,0.7348,0.7324,0.728,0.7328,0.7324,0.7228


B:
72.8,72.9999,75.2,62.4,74.6001,72.1999,72.9999,69.8,72.8,74.8001,59,73
63.2,68.4001,75.9999,72.9999,65.0001,75.6,59.8001,67.9999,72,62.2001,75.6,70.6001
71,69.2001,59,69.3999,70.5999,74.4,67.2001,65.6,67.0001,76.2,73.6,70.1999


