========================================================

Test15 results 07-12-2005  12:31:49
Board ID027  8 channels
HV Tests Software Ver.1.6


A:
Limits 1.45 +/- 2.0
1.436782,1.436782,1.437814,1.447178,1.43472,1.437814,1.450326,1.445087


B:
Limits 0.0 +/- 160.0
2.873464,-15.804697,-5.751125,-18.813324,-12.912617,-1.437681,-11.602611,-18.786161
========================================================
Test15 (Master ADC Calibration) results 2008-08-28 10:31:03
Board ID27 7 channels
Linux calibration software


A:
1.42413,1.43603,1.45042,1.45119,1.45889,1.43753,1.44966,1.45503

B:
0.258902,-10.9661,-0.791109,-18.7336,-15.3845,2.35235,-10.4111,-17.0636

========================================================
Test15 (ADC Calibration) results 2009-03-19 09:42:43
Board ID027 8 channels
Host: ufcmshv3
Linux calibration software

A:
1.42388,1.39097,1.43425,1.3962,1.45838,1.3992,1.45057,1.39905


B:
-0.985839,-12.6256,-3.39817,-18.6661,-15.9075,1.2485,-12.4973,-17.1114


========================================================
Test15 (ADC Calibration) results 2009-03-19 10:42:20
Board ID027 8 channels
Host: ufcmshv3
Linux calibration software

A:
1.42403,1.39052,1.43345,1.45936,1.45756,1.3989,1.44976,1.39905


B:
-1.09544,-11.4665,-1.98487,-19.2187,-14.172,1.46325,-11.6428,-16.8317


========================================================
Test15 (ADC Calibration) results 2009-03-19 15:09:15
Board ID027 8 channels
Host: ufcmshv3
Linux calibration software

A:
1.42403,1.39052,1.43377,1.45838,1.45773,1.39845,1.45008,1.39845


B:
-1.09544,-11.4665,-1.91917,-17.9491,-13.9942,2.90448,-11.8683,-15.2754


