========================================================

Test16 results 07-12-2005  12:33:20
Board ID027  8 channels
HV Tests Software Ver.1.6
Calibration DAC Range: [1000 - 2300]


A:
Limits 0.57 +/- 0.1
0.567438,0.568928,0.568182,0.567934,0.568928,0.564236,0.567438,0.567934


B:
Limits 50.0 +/- 60.0
30.24869,24.28894,26.456404,28.265524,23.472078,43.865707,31.071032,27.44482
========================================================
Test16 (Master DAC Calibration) results 2008-08-28 10:31:03
Board ID27 7 channels
Linux calibration software
Calibration DAC Range: [1000 - 2200]

A:
0.566733,0.564085,0.557435,0.558119,0.554276,0.56304,0.558407,0.556271

B:
36.0116,32.3505,36.5276,43.7169,40.6027,45.863,47.3679,41.6247

