========================================================

Test10 results 08-22-2005  12:52:32
Board ID058  36 channels
HV Tests Software Ver.1.6

+5V 3064 - O'k
-5V 1431 - O'k
Interlock - On

Voltmeter channel: A=1.074691, B=5.373341

A:
Limits 1.1 +/- 0.1
1.076426,1.077586,1.075847,1.077006,1.077586,1.071237,1.074691,1.078167,1.075269,1.075269,1.081666,1.077586
1.076426,1.072961,1.074114,1.070091,1.078167,1.078167,1.072386,1.089325,1.078167,1.074691,1.085187,1.082837
1.076426,1.075269,1.079914,1.073537,1.075847,1.081666,1.077586,1.082251,1.077586,1.06383,1.080497,1.079914


B:
Limits 0.0 +/- 30.0
8.6114,9.698398,6.454941,4.307805,9.698398,9.640962,15.04556,12.938135,10.752512,9.677243,9.735032,-1.077464
6.458547,3.219044,8.592949,16.051172,15.094469,12.938135,6.434438,5.446715,8.625466,9.672105,8.68149,4.331523
5.382121,10.752512,8.639275,7.514596,9.682483,9.735032,15.086329,5.411294,8.620811,7.446837,6.48299,15.118756
========================================================
Test10 (ADC Calibration) results 2008-01-24 06:04:59
Board ID58 36 channels
Linux calibration software

Voltmeter channel: A=1.0722, B=4.06959

A:
1.07898,1.07648,1.0744,1.07608,1.07668,1.07021,1.07498,1.07862,1.07451,1.07477,1.08166,1.07511
1.07698,1.07287,1.07407,1.07064,1.07946,1.0776,1.0713,1.08858,1.08182,1.07357,1.08644,1.08162
1.07608,1.07568,1.08152,1.07561,1.07508,1.08152,1.0759,1.08212,1.07722,1.0635,1.08008,1.08044


B:
3.4227,6.587,4.56298,1.39454,6.88411,7.06688,8.38186,7.69033,6.35053,6.11272,3.38914,-0.44477
0.731306,-1.91283,2.33348,9.50853,7.81582,11.4927,3.7063,3.08984,3.03087,6.84654,6.58472,1.87836
0.698847,3.86499,3.76243,3.13934,7.0542,5.9328,14.6068,0.80028,2.85494,2.18981,-2.42255,8.04072


========================================================
Test10 (ADC Calibration) results 2008-06-19 12:08:44
Board ID058 36 channels
Linux calibration software

Voltmeter channel: A=1.07, B=0

A:
1.09702,1.09401,1.09174,1.09328,1.09492,1.08714,1.0912,1.09602,1.09219,1.09256,1.0984,1.09365
1.0616,1.08903,1.09228,1.08696,1.09693,1.09656,1.0884,1.10653,1.10134,1.08106,1.10569,1.09931
1.09328,1.09283,1.10033,1.0921,1.09201,1.09968,1.09346,1.09941,1.09419,1.07982,1.09666,1.09812


B:
3.27565,6.04228,3.54296,0.807007,5.42484,6.48608,9.71889,6.61118,5.30905,5.19368,5.52787,-3.24771
31.1461,0.38298,2.3853,11.6522,9.28322,9.61758,4.01598,2.06628,4.59535,13.3988,4.15666,0.729839
0.151198,4.0683,3.98156,3.20807,7.8783,6.33041,12.6674,0.205786,3.68691,3.96386,3.17328,7.7566


========================================================
Test10 (ADC Calibration) results 2008-07-17 09:50:45
Board ID058 36 channels
Linux calibration software

Voltmeter channel: A=1.07, B=0

A:
1.09676,1.09457,1.0925,1.09401,1.09581,1.08761,1.09183,1.09647,1.09231,1.09306,1.09885,1.09429
1.05285,1.0893,1.09306,1.08761,1.09771,1.09704,1.08892,1.10712,1.10192,1.08018,1.10606,1.09962
1.0942,1.09316,1.10038,1.0924,1.09249,1.1001,1.09439,1.0999,1.09505,1.08018,1.09676,1.09847


B:
4.61512,5.30451,3.06403,-0.299551,3.9531,6.04769,9.35072,6.19266,5.42306,4.5091,4.4501,-3.84491
39.0084,0.350505,1.22992,10.3981,7.69403,9.18052,3.53013,1.52428,3.84825,16.1534,4.26501,0.45158
-1.1315,4.42183,3.48969,3.36978,6.77879,6.17239,11.1695,-0.251988,2.46023,3.40722,3.29918,7.21635


========================================================
Test10 (ADC Calibration) results 2008-07-19 11:33:18
Board ID058 36 channels
Linux calibration software

Voltmeter channel: A=1.07, B=0

A:
1.09685,1.09429,1.09221,1.09372,1.09552,1.08798,1.09183,1.09647,1.09231,1.09249,1.09885,1.09363
1.05154,1.0893,1.09278,1.0878,1.09714,1.09685,1.08873,1.10693,1.10153,1.07889,1.10558,1.09943
1.09382,1.09316,1.10029,1.09231,1.09221,1.0999,1.09391,1.1,1.09476,1.08018,1.09685,1.09847


B:
3.87026,5.34703,3.32507,0.181077,4.21481,4.61392,9.1324,5.97342,5.42306,5.68629,4.88954,-3.23138
40.2202,0.568698,1.49139,10.0085,8.87426,9.35452,3.70352,2.14397,4.19914,14.9676,4.70476,0.407365
-0.781362,3.98479,3.57704,2.58283,7.69392,5.9072,12.0395,-0.780131,2.94128,3.40722,2.55409,6.99671


========================================================
Test10 (ADC Calibration) results 2008-07-19 17:28:33
Board ID058 36 channels
Linux calibration software

Voltmeter channel: A=1.07, B=0

A:
1.09704,1.09401,1.09202,1.0942,1.09552,1.0877,1.09174,1.09676,1.09278,1.09297,1.09866,1.09391
1.04485,1.08939,1.09297,1.08733,1.09742,1.09685,1.08892,1.10712,1.10124,1.07825,1.10548,1.09971
1.09372,1.09344,1.1,1.09221,1.09249,1.1,1.09401,1.09971,1.09476,1.08009,1.09657,1.09828


B:
3.91466,6.04574,3.06224,-1.1315,3.77644,5.74392,9.43666,5.4927,4.33272,5.25203,4.84478,-3.4944
46.3946,-0.171756,1.53567,10.6562,8.17453,9.1352,3.53013,1.30291,4.90254,17.0714,5.01399,-0.0761404
-0.693955,3.06756,3.83982,2.88829,6.99724,5.81987,11.5158,0.143749,2.94128,3.49304,3.47398,7.39073


========================================================
Test10 (ADC Calibration) results 2008-07-20 15:54:11
Board ID058 36 channels
Linux calibration software

Voltmeter channel: A=1.07, B=0

A:
1.09771,1.09448,1.0924,1.09391,1.09505,1.0877,1.09193,1.09657,1.09231,1.09297,1.09895,1.09401
1.04571,1.0892,1.09297,1.0877,1.09742,1.09695,1.08864,1.10674,1.10124,1.0776,1.10596,1.09962
1.09391,1.09316,1.10019,1.09231,1.09249,1.10029,1.09391,1.09981,1.09495,1.08,1.09695,1.09828


B:
2.20548,5.61102,2.93266,-0.431391,5.08824,5.30868,9.04571,6.10602,5.64146,5.03311,4.36291,-3.80032
46.015,0.437784,1.53567,10.0947,8.17453,8.60917,4.00756,2.32031,4.68235,14.4313,3.91074,0.45158
-0.650002,3.76583,3.66519,2.80124,7.21568,5.11772,12.2582,0.275618,2.32872,3.5789,2.24682,7.39073


========================================================
Test10 (ADC Calibration) results 2008-07-24 14:52:16
Board ID058 36 channels
Linux calibration software

Voltmeter channel: A=1.07, B=0

A:
1.09676,1.09429,1.09221,1.09363,1.09505,1.0877,1.09184,1.09638,1.09278,1.09268,1.09866,1.09401
1.04814,1.08911,1.09278,1.08724,1.09723,1.09666,1.08864,1.10645,1.10144,1.08184,1.10558,1.09952
1.09325,1.09249,1.10029,1.09193,1.09221,1.09933,1.0941,1.09924,1.09457,1.0799,1.09666,1.09809


B:
4.17664,5.56583,3.10668,0.268564,4.43149,5.30868,8.9137,6.49934,4.55122,4.85677,4.40543,-3.80032
43.7766,0.306823,1.49139,11.177,8.56762,9.74745,4.22524,2.36399,4.0668,14.1894,4.70476,0.539177
0.399554,3.9382,3.57704,3.58607,7.47553,6.87096,11.4288,0.802698,2.89649,3.88111,3.16748,8.22397


========================================================
Test10 (ADC Calibration) results 2008-07-24 21:41:51
Board ID058 36 channels
Linux calibration software

Voltmeter channel: A=1.07, B=0

A:
1.09704,1.0942,1.09212,1.09372,1.09543,1.0878,1.09184,1.09638,1.09268,1.09287,1.09885,1.09401
1.05382,1.0892,1.09278,1.08705,1.09723,1.09685,1.08845,1.10674,1.10163,1.07889,1.10587,1.09943
1.09344,1.09316,1.10029,1.09268,1.09249,1.1,1.09391,1.09981,1.09467,1.08,1.09685,1.09828


B:
3.47607,5.87163,3.19375,-0.256187,4.30185,5.22188,8.69539,5.84129,4.41992,4.4642,4.4501,-4.01945
19.1491,0.00220942,1.92878,11.1314,8.56762,9.1352,3.7456,1.87745,3.89141,13.0255,3.99844,0.187649
-0.43139,3.98479,3.13703,2.23455,6.77879,6.03982,12.0395,-0.384375,2.80942,3.5789,2.55409,6.95164


========================================================
Test10 (ADC Calibration) results 2008-08-12 21:57:53
Board ID058 36 channels
Linux calibration software

Voltmeter channel: A=1.07, B=0

A:
1.098,1.09467,1.0924,1.09429,1.09524,1.08789,1.09202,1.09666,1.09259,1.09287,1.09895,1.09439
1.04727,1.08948,1.09334,1.0878,1.09761,1.09761,1.08911,1.10741,1.10374,1.07954,1.10683,1.1
1.09429,1.09353,1.10182,1.09344,1.09259,1.10077,1.09439,1.09971,1.09495,1.08037,1.09666,1.09857


B:
3.91888,5.43691,2.71423,-0.781109,4.9142,5.35353,9.39603,6.0189,5.16231,5.7756,5.46186,-4.15191
44.3679,0.39492,1.62424,10.0085,8.87837,8.87837,3.57415,1.70217,4.38611,16.9633,4.2241,-0.120023
-1.43752,3.63657,3.05447,2.63029,7.12864,6.00074,11.6075,0.583411,2.9858,3.01888,3.82558,7.5688


========================================================
Test10 (ADC Calibration) results 2008-08-27 10:29:33
Board ID058 36 channels
Linux calibration (server mode)

Voltmeter channel: A=1.0939, B=0

A:
1.10191,1.09865,1.09578,1.0963,1.09788,1.09191,1.09724,1.10089,1.09654,1.09719,1.10289,1.09532
1.06384,1.09196,1.09639,1.09322,1.1027,1.10301,1.0925,1.11041,1.10819,1.09013,1.11092,1.10222
1.09598,1.09691,1.10513,1.09703,1.09725,1.10485,1.10018,1.10222,1.09812,1.08362,1.10024,1.10325


B:
0,0,0,0,0,0,0,0,0,0,0,0
0,0,0,0,0,0,0,0,0,0,0,0
0,0,0,0,0,0,0,0,0,0,0,0


========================================================
Test10 (ADC Calibration) results 2008-08-27 11:18:31
Board ID058 36 channels
Linux calibration software

Voltmeter channel: A=1.07, B=0

A:
1.10057,1.09647,1.09448,1.09609,1.0924,1.09005,1.0941,1.09876,1.09467,1.09505,1.10105,1.09638
1.04597,1.09165,1.09524,1.08977,1.0999,1.09952,1.09108,1.10936,1.10606,1.08027,1.10907,1.10201
1.09619,1.09514,1.10365,1.09543,1.09467,1.10249,1.09628,1.10172,1.09685,1.08212,1.09895,1.10048


B:
3.97479,7.28914,3.85975,0.402951,10.5795,6.19437,9.45935,7.17501,5.87455,6.40225,5.73859,-3.14883
48.4955,1.00889,3.16198,11.249,9.42722,10.4349,4.58592,2.81613,5.81328,18.8771,5.0777,0.674869
-0.123133,4.56325,4.2535,4.08282,8.06389,7.07004,12.7253,1.60013,4.08957,4.84334,3.4837,8.24426


========================================================
Test10 (ADC Calibration) results 2008-08-28 18:57:15
Board ID058 36 channels
Linux calibration (server mode)

Voltmeter channel: A=1.08113, B=0

A:
1.08878,1.08581,1.08289,1.08346,1.08357,1.0791,1.08426,1.08805,1.08371,1.08428,1.08995,1.08247
1.04538,1.07901,1.08341,1.08048,1.08965,1.08975,1.07971,1.09728,1.09454,1.07152,1.09709,1.08932
1.08322,1.08386,1.09187,1.08356,1.08443,1.09169,1.08733,1.08936,1.0853,1.07098,1.08731,1.09014


B:
0,0,0,0,0,0,0,0,0,0,0,0
0,0,0,0,0,0,0,0,0,0,0,0
0,0,0,0,0,0,0,0,0,0,0,0


========================================================
Test10 (ADC Calibration) results 2008-08-30 18:22:00
Board ID058 36 channels
Linux calibration (server mode)

Voltmeter channel: A=1.0771, B=0

A:
1.08497,1.08186,1.07897,1.07938,1.08295,1.07517,1.0804,1.08408,1.07968,1.08042,1.08601,1.0786
1.04147,1.07526,1.07953,1.07645,1.0858,1.08601,1.07579,1.09345,1.09124,1.06775,1.09372,1.08528
1.07918,1.0801,1.08817,1.08015,1.08039,1.08794,1.08339,1.08533,1.08131,1.06693,1.08326,1.08634


B:
0,0,0,0,0,0,0,0,0,0,0,0
0,0,0,0,0,0,0,0,0,0,0,0
0,0,0,0,0,0,0,0,0,0,0,0


========================================================
Test10 (ADC Calibration) results 2008-08-30 21:23:31
Board ID058 36 channels
Linux calibration (server mode)

Voltmeter channel: A=1.10802, B=0

A:
1.11597,1.11273,1.10984,1.11037,1.11039,1.10597,1.11121,1.1151,1.1107,1.11125,1.11706,1.10941
1.07083,1.10602,1.11042,1.10732,1.1168,1.11696,1.10659,1.12463,1.12208,1.09849,1.1248,1.1164
1.11015,1.11099,1.11914,1.1108,1.11135,1.11905,1.11443,1.11644,1.11225,1.0975,1.1143,1.11736


B:
0,0,0,0,0,0,0,0,0,0,0,0
0,0,0,0,0,0,0,0,0,0,0,0
0,0,0,0,0,0,0,0,0,0,0,0


========================================================
Test10 (ADC Calibration) results 2008-08-30 21:50:45
Board ID058 36 channels
Linux calibration (server mode)

Voltmeter channel: A=1.077, B=0

A:
1.08486,1.08176,1.07887,1.07947,1.0801,1.07517,1.08032,1.08406,1.07973,1.08034,1.08601,1.07858
1.04183,1.07517,1.07952,1.07645,1.08567,1.08584,1.07572,1.09339,1.09088,1.06799,1.0935,1.08533
1.07912,1.08005,1.0879,1.0798,1.08037,1.08785,1.08329,1.0854,1.08122,1.06693,1.08329,1.08616


B:
0,0,0,0,0,0,0,0,0,0,0,0
0,0,0,0,0,0,0,0,0,0,0,0
0,0,0,0,0,0,0,0,0,0,0,0


========================================================
Test10 (ADC Calibration) results 2008-08-31 12:04:51
Board ID058 36 channels
Linux calibration (server mode)

Voltmeter channel: A=1.07702, B=0

A:
1.08464,1.08181,1.07885,1.07933,1.07365,1.07517,1.0803,1.08401,1.07968,1.08032,1.08599,1.07855
1.03835,1.07511,1.07948,1.0764,1.08557,1.08552,1.07572,1.09321,1.09037,1.06775,1.09312,1.0853
1.07922,1.08002,1.08758,1.07977,1.0803,1.08777,1.08334,1.0853,1.08131,1.06692,1.08324,1.08606


B:
0,0,0,0,0,0,0,0,0,0,0,0
0,0,0,0,0,0,0,0,0,0,0,0
0,0,0,0,0,0,0,0,0,0,0,0


========================================================
Test10 (ADC Calibration) results 2008-08-31 16:13:50
Board ID058 36 channels
Linux calibration (server mode)

Voltmeter channel: A=1.0771, B=0

A:
1.08487,1.08179,1.07893,1.0794,1.07703,1.07522,1.08029,1.08413,1.07962,1.08032,1.08594,1.07851
1.04512,1.07517,1.07943,1.07645,1.08565,1.08568,1.07575,1.09333,1.09064,1.06814,1.09339,1.08535
1.0792,1.08002,1.08787,1.0798,1.08042,1.08775,1.08329,1.08531,1.08139,1.06698,1.08331,1.08626


B:
0,0,0,0,0,0,0,0,0,0,0,0
0,0,0,0,0,0,0,0,0,0,0,0
0,0,0,0,0,0,0,0,0,0,0,0


========================================================
Test10 (ADC Calibration) results 2008-08-31 18:29:23
Board ID058 36 channels
Linux calibration (server mode)

Voltmeter channel: A=1.07707, B=0

A:
1.08484,1.08184,1.07887,1.07952,1.07908,1.07514,1.0803,1.08406,1.07975,1.08037,1.08592,1.07855
1.04406,1.07527,1.07947,1.07642,1.0857,1.08577,1.07579,1.09341,1.09071,1.06804,1.09334,1.08526
1.07925,1.0801,1.08785,1.07983,1.08044,1.08785,1.08339,1.08535,1.08126,1.06696,1.08326,1.08614


B:
0,0,0,0,0,0,0,0,0,0,0,0
0,0,0,0,0,0,0,0,0,0,0,0
0,0,0,0,0,0,0,0,0,0,0,0


========================================================
Test10 (ADC Calibration) results 2008-09-01 15:17:54
Board ID058 36 channels
Linux calibration (server mode)

Voltmeter channel: A=1.07713, B=0

A:
1.08506,1.08188,1.07905,1.07948,1.08096,1.07532,1.08039,1.0842,1.0798,1.08042,1.08614,1.0786
1.04708,1.07527,1.0796,1.07653,1.08592,1.08599,1.0758,1.0935,1.09107,1.06935,1.09381,1.08541
1.07925,1.08027,1.08807,1.08037,1.08049,1.088,1.08341,1.08543,1.08151,1.06703,1.08337,1.08634


B:
0,0,0,0,0,0,0,0,0,0,0,0
0,0,0,0,0,0,0,0,0,0,0,0
0,0,0,0,0,0,0,0,0,0,0,0


========================================================
Test10 (ADC Calibration) results 2009-02-23 08:54:15
Board ID058 36 channels
Host: ufcmshv3
Linux calibration software

Voltmeter channel: A=1.04058, B=3.53827

A:
1.05076,1.03404,1.06917,1.04796,1.04957,1.05811,1.05906,1.05042,1.05067,1.05528,0.972908,1.05708
1.05187,1.04267,1.05067,1.05898,1.0478,1.03933,1.03942,1.07146,1.05786,1.04384,1.04017,1.04493
1.04259,1.04594,1.05246,1.04577,1.05135,1.07234,1.06348,1.04974,1.06418,1.03232,1.04889,1.05622


B:
3.45933,6.07731,3.96416,0.241692,4.37622,6.00687,9.14063,5.4622,5.43144,4.65952,25.5351,-3.17122
0.307303,0.706001,2.27941,10.9156,7.52813,8.47465,3.82161,1.61522,3.07577,6.47163,3.93685,-0.000112915
-0.048116,3.63658,3.31938,1.28713,7.52117,6.1534,11.5997,0.435965,2.227,3.81153,3.9693,7.36104


========================================================
Test10 (ADC Calibration) results 2009-02-26 09:22:21
Board ID058 36 channels
Host: ufcmshv3
Linux calibration software

Voltmeter channel: A=1.0405, B=3.61739

A:
1.05059,1.03404,1.06882,1.04813,1.04932,1.05803,1.05898,1.05051,1.05076,1.05494,1.07058,1.057
1.05161,1.0425,1.05084,1.05898,1.04754,1.03925,1.03925,1.07137,1.05786,1.04376,1.04008,1.04468
1.04233,1.04586,1.05246,1.04586,1.05101,1.0727,1.06339,1.04991,1.06392,1.03191,1.04898,1.05631


B:
3.62023,5.87013,4.29185,0.0806044,4.82646,5.87611,9.43326,4.9617,5.14065,4.98278,12.2871,-2.87825
0.550081,0.448886,1.48721,10.7038,7.55842,8.96942,4.39697,1.6978,2.65288,6.55143,4.43248,0.241196
0.19245,3.71659,2.89824,1.41576,7.84204,5.18172,11.8938,0.0642184,2.68416,4.4131,3.67953,6.85804


========================================================
Test10 (ADC Calibration) results 2009-02-26 09:47:57
Board ID058 36 channels
Host: ufcmshv3
Linux calibration software

Voltmeter channel: A=1.04025, B=4.06477

A:
1.05076,1.03437,1.06908,1.04813,1.04966,1.05803,1.05906,1.05051,1.05076,1.05511,1.07013,1.05708
1.05144,1.04259,1.05084,1.05915,1.04737,1.04873,1.03942,1.07137,1.05794,1.04376,1.03992,1.04476
1.04242,1.04569,1.05263,1.04586,1.05144,1.07243,1.06313,1.04983,1.06392,1.03207,1.04906,1.05605


B:
3.45933,5.14002,3.61851,0.290026,4.08545,6.29962,9.14063,5.17175,5.14065,5.03218,13.1215,-2.74823
1.34258,0.577126,1.69733,10.1188,8.55615,7.90593,4.02986,1.6978,2.57158,6.76013,4.79944,-0.0479866
0.528989,4.29539,2.94729,0.997516,7.65121,6.07139,12.3489,0.355245,2.89729,4.04874,3.80888,7.52236


