========================================================

Test11 results 08-22-2005  12:55:30
Board ID058  36 channels
HV Tests Software Ver.1.6

+5V 3063 - O'k
-5V 1431 - O'k
Interlock - On
Calibration DAC Range: [2500 - 2900]


A:
Limits 0.76 +/- 0.04
0.744879,0.744879,0.744879,0.746269,0.743494,0.749064,0.747664,0.743494,0.744879,0.744879,0.740741,0.746269
0.743494,0.746269,0.749064,0.747664,0.746269,0.746269,0.747664,0.738007,0.747664,0.744879,0.739372,0.740741
0.743494,0.744879,0.743494,0.749064,0.747664,0.740741,0.744879,0.740741,0.743494,0.754717,0.742115,0.742115


B:
Limits 60.0 +/- 40.0
68.818596,62.556957,73.547012,60.48011,69.356163,61.82299,55.662762,60.838287,66.413193,69.540199,66.836937,62.009087
75.923454,75.06897,57.420044,64.642029,48.489529,58.067493,72.195145,57.186073,53.483475,71.862854,67.61367,66.175407
73.359886,71.223991,56.967251,58.141678,57.191128,67.63826,63.282742,67.708969,65.427406,63.388077,71.864159,68.656715
========================================================
Test11 (DAC Calibration) results 2008-01-24 06:04:59
Board ID58 36 channels
Linux calibration software
Calibration DAC Range: [1100 - 2700]

A:
0.742184,0.743909,0.744602,0.744186,0.743771,0.748643,0.744948,0.742804,0.745643,0.745087,0.741084,0.745226
0.743564,0.746408,0.745573,0.748713,0.742597,0.742391,0.746756,0.736377,0.740604,0.745921,0.736716,0.740741
0.744186,0.744463,0.740809,0.744879,0.744879,0.740809,0.743564,0.740398,0.743771,0.753367,0.743287,0.740809


B:
75.6379,70.8758,79.0023,71.5349,72.2572,68.3698,70.3324,67.948,68.9252,72.8229,70.6345,71.5882
79.2359,80.4069,74.8369,66.0272,63.3342,73.8679,79.6323,66.8631,73.8195,72.2705,74.6385,70.6667
75.2558,77.7033,66.8672,71.3222,71.3222,70.8677,73.1387,73.0679,69.1334,73.6132,75.007,77.535


========================================================
Test11 (ADC Calibration) results 2008-06-19 12:56:33
Board ID058 36 channels
Linux calibration software

Calibration DAC Range: [1000 - 3500]

A:
0.7296,0.7324,0.7332,0.732,0.7308,0.7368,0.7336,0.7304,0.7336,0.7328,0.7292,0.7332
0.754,0.7348,0.7332,0.7372,0.73,0.7296,0.7352,0.7236,0.7272,0.7412,0.724,0.7288
0.7324,0.7324,0.728,0.7332,0.7332,0.7284,0.7316,0.7284,0.7324,0.7412,0.7316,0.7288


B:
77.4,70.6,79.7999,74,75.2001,69.2,70.3999,70.5999,70.3999,74.2,70.8,72.7999
58,80.2001,75.7999,65.7999,64.9999,76.4,80.8,69.4001,73.8001,67.8001,76.0001,71.2
76.6,79.6,68.0001,72.7999,71.7999,71.6,75.4,74.6,68.6,74.8001,72.4,79.2


========================================================
Test11 (ADC Calibration) results 2008-07-17 10:58:43
Board ID058 36 channels
Linux calibration software

Calibration DAC Range: [1000 - 3500]

A:
0.7296,0.7312,0.7324,0.732,0.7304,0.7368,0.7328,0.7304,0.7336,0.7324,0.7284,0.7324
0.7604,0.7344,0.7328,0.7368,0.7296,0.7292,0.7352,0.724,0.7268,0.7412,0.7236,0.7288
0.7316,0.7324,0.728,0.7328,0.7328,0.728,0.7312,0.728,0.7316,0.7416,0.732,0.7284


B:
76.4,72.8001,80.6,73,75.5999,68.2,71.2,69.5999,70.3999,74.6,72.6,73.6
51.6,80.6001,75.2,66.2,65.4,75.8,79.8,68.0001,74.1999,66.8001,76.4001,71.2
77.4,77.6,68.0001,73.2,73.2,72.0001,75.8001,75.0001,70.4,73.4001,71,78.6


========================================================
Test11 (ADC Calibration) results 2008-07-20 18:37:46
Board ID058 36 channels
Linux calibration software

Calibration DAC Range: [1000 - 3500]

A:
0.7288,0.7316,0.7328,0.7324,0.7312,0.7364,0.7332,0.7304,0.7336,0.7324,0.7288,0.7328
0.7652,0.7348,0.7328,0.7364,0.73,0.7292,0.7348,0.7244,0.7272,0.7432,0.7236,0.7288
0.7324,0.7324,0.7284,0.7332,0.7328,0.728,0.7312,0.728,0.7316,0.7416,0.7316,0.7284


B:
78.2,71.4,79.2,72.6,73.8001,69.6,70.7999,69.5999,69.3999,74.6,71.2,73.2
46.7999,80.2001,75.2,66.6,63.9999,75.8,80.2001,67.6001,73.8001,66.8,76.4001,71.2
75.6,78.6,66.6,72.7999,72.2,72.0001,75.8001,75.0001,70.4,73.4001,72.4,78.6


========================================================
Test11 (ADC Calibration) results 2008-07-24 23:03:59
Board ID058 36 channels
Linux calibration software

Calibration DAC Range: [1000 - 3500]

A:
0.7296,0.732,0.7328,0.732,0.7308,0.7364,0.7328,0.7308,0.7332,0.7324,0.7292,0.7324
0.7596,0.7348,0.7328,0.7372,0.7304,0.7292,0.7348,0.724,0.7268,0.7428,0.724,0.7292
0.7324,0.732,0.728,0.7332,0.7328,0.728,0.7316,0.728,0.7316,0.7416,0.7312,0.7284


B:
76.4,71,79.2,74,75.2001,69.6,72.2,69.2001,70.7999,74.6,70.8,74.6
66.4001,80.2001,75.2,65.7999,63.5999,76.8,81.2001,69.0001,75.1999,67.2,76.0001,70.8
76.6,79,68.0001,72.7999,73.2,72.0001,74.4,75.0001,70.4,73.4001,73.8001,79.6


