========================================================

Test11 results 09-01-2005  15:47:12
Board ID391  30 channels
HV Tests Software Ver.1.6

+5V 2522 - O'k
-5V 1314 - O'k
Interlock - On
Calibration DAC Range: [2500 - 2900]


A:
Limits 0.76 +/- 0.04
0.75188,0.753296,0.749064,0.75188,0.749064,0.754717,0.753296,0.749064,0.742115,0.750469
0.747664,0.747664,0.750469,0.753296,0.747664,0.742115,0.750469,0.756144,0.747664,0.746269
0.746269,0.749064,0.744879,0.750469,0.75188,0.746269,0.747664,0.761905,0.744879,0.749064


B:
Limits 60.0 +/- 40.0
64.500877,60.499458,54.688049,60.643639,69.666946,68.298531,64.443413,76.916,71.592026,60.234905
64.36895,59.768158,70.626961,72.021057,63.561417,78.835976,75.08342,75.829536,65.814812,66.681648
72.797737,68.055984,73.403709,70.654808,62.078197,69.575806,67.342628,76.494179,74.930023,62.208858
========================================================
Test11 (DAC Calibration) results 2008-01-28 10:23:17
Board ID391 30 channels
Linux calibration software
Calibration DAC Range: [1100 - 2700]

A:
0.751456,0.750751,0.748783,0.749555,0.748713,0.753083,0.751527,0.749344,0.742046,0.750751
0.746408,0.744879,0.750821,0.753509,0.746826,0.743702,0.752233,0.757146,0.746617,0.745573
0.746687,0.748293,0.745712,0.750539,0.749485,0.746617,0.747803,0.764015,0.745643,0.746477


B:
71.858,75.075,63.0849,74.6088,75.6108,80.0247,74.9178,81.0415,76.1245,64.8648
75.6299,75.4936,75.8798,76.7353,74.1596,78.3024,76.2106,76.3392,74.895,74.8369
77.0394,74.8386,75.8391,76.1142,76.9533,74.895,72.9671,74.8448,76.9782,77.1766


