========================================================

Test15 results 08-17-2005  12:30:46
Board ID037  8 channels
HV Tests Software Ver.1.6


A:
Limits 1.45 +/- 2.0
1.438849,1.440922,1.431639,1.427552,1.448226,1.431639,1.402525,1.437814


B:
Limits 0.0 +/- 160.0
-10.072086,-7.204474,2.863369,-2.855097,13.033891,2.863369,35.062984,15.816092
========================================================

Test15 results 08-29-2005  14:57:44
Board ID037  8 channels
HV Tests Software Ver.1.6


A:
Limits 1.45 +/- 2.0
1.436782,1.440922,1.430615,1.427552,1.448226,1.430615,1.402525,1.438849


B:
Limits 0.0 +/- 160.0
-5.747226,-5.763552,5.722399,-2.855097,14.482117,5.722399,33.660458,14.388347
========================================================
Test15 (ADC Calibration) results 2009-04-02 08:57:43
Board ID037 8 channels
Host: ufcmshv3
Linux calibration software

A:
1.40328,1.41689,1.44637,1.45235,1.41597,1.43156,1.41151,1.40754


B:
1.42488,-7.69472,1.13481,-4.73689,12.221,0.484677,21.824,13.5988


