========================================================

Test16 results 08-17-2005  12:32:20
Board ID037  8 channels
HV Tests Software Ver.1.6
Calibration DAC Range: [1000 - 2300]


A:
Limits 0.57 +/- 0.1
0.565217,0.565463,0.566696,0.568182,0.564972,0.567686,0.576497,0.564481


B:
Limits 50.0 +/- 60.0
51.329449,45.480095,47.009182,49.983791,40.113022,39.010246,42.560398,42.887711
========================================================

Test16 results 08-29-2005  14:59:52
Board ID037  8 channels
HV Tests Software Ver.1.6
Calibration DAC Range: [1000 - 2300]


A:
Limits 0.57 +/- 0.1
0.564726,0.565463,0.566696,0.568928,0.565709,0.567686,0.578292,0.563991


B:
Limits 50.0 +/- 60.0
54.104805,45.47485,47.820484,47.82513,37.982666,39.822968,39.51511,45.658997
========================================================
Test16 (ADC Calibration) results 2009-04-02 09:07:07
Board ID037 8 channels
Host: ufcmshv3
Linux calibration software

A:
0.5752,0.5708,0.5596,0.5568,0.5716,0.5652,0.5728,0.5744


B:
58.7999,58.2,55.4,51.2,56.3999,42.8001,56.2001,57.6


