========================================================

Test10 results 03-28-2006  16:22:43
Board ID432  30 channels
HV Tests Software Ver.1.6

+5V 2543 - O'k
-5V 1318 - O'k
Interlock - On

Voltmeter channel: A=1.076426, B=10.764252

A:
Limits 1.1 +/- 0.1
1.077586,1.071237,1.075269,1.078167,1.074691,1.070664,1.076426,1.06553,1.081666,1.071811
1.071237,1.077586,1.071811,1.073537,1.074691,1.072386,1.084011,1.081081,1.057082,1.076426
1.075269,1.072961,1.068947,1.091107,1.079914,1.061008,1.066098,1.074114,1.072386,1.072961


B:
Limits 0.0 +/- 35.0
6.465639,7.498487,9.677243,10.781801,7.522722,8.565317,9.687826,8.524389,7.571701,12.861896
8.569725,10.775984,9.646461,7.514596,8.597414,6.434438,6.504067,9.729908,9.513885,9.687826
9.677243,8.583851,11.758456,10.911025,11.879015,9.549,9.594834,10.741177,9.651596,9.656813
========================================================
Test10 (ADC Calibration) results 2008-06-04 09:58:35
Board ID432 30 channels
Linux calibration software

Voltmeter channel: A=1.01082, B=-1362.97

A:
1.07743,1.07089,1.07572,1.07833,1.07441,1.07119,1.07757,1.0659,1.083,1.0719
1.07143,1.07803,1.07149,1.0725,1.07545,1.07169,1.08346,1.08173,1.05835,1.07787
1.07555,1.07371,1.07052,1.09176,1.08155,1.06094,1.06566,1.07421,1.0723,1.07414


B:
4.74662,6.98237,7.06719,7.91138,6.72349,5.60061,5.44734,4.44484,3.75839,9.90832
6.50011,6.93707,7.48975,8.0168,4.47696,6.23491,6.25743,4.84672,4.07047,5.54204
8.34952,7.16252,6.24683,7.77765,5.35945,6.71706,7.80726,7.37829,8.59871,4.73269


