========================================================

Test10 results 07-05-2005  13:25:07
Board ID388  30 channels
HV Tests Software Ver.1.6

+5V 2526 - O'k
-5V 1318 - O'k
Interlock - On

Voltmeter channel: A=1.069519, B=17.112415

A:
Limits 1.1 +/- 0.1
1.068376,1.070091,1.066667,1.068376,1.076426,1.069519,1.068947,1.070664,1.072961,1.079914
1.06383,1.067236,1.067236,1.067236,1.074114,1.075269,1.067806,1.064396,1.066098,1.064963
1.064396,1.068376,1.067236,1.077006,1.071811,1.06553,1.067806,1.071811,1.066667,1.066098


B:
Limits 0.0 +/- 30.0
1.525879e-005,6.420354,14.933125,4.27352,16.146383,11.764822,13.896351,7.494653,9.656813,5.399534
10.638327,11.739713,10.672477,7.470769,3.22238,5.376168,3.20346,7.450962,9.594834,12.779484
6.386566,11.752151,11.739713,-25.848362,7.502839,12.786509,4.271266,11.790084,7.466458,14.925324
========================================================
Test10 (ADC Calibration) results 2007-11-12 10:53:51
Board ID388 30 channels
Linux calibration software

Voltmeter channel: A=1.04764, B=-1349.05

A:
1.06707,1.07185,1.06814,1.06713,1.07661,1.07008,1.06874,1.07008,1.07312,1.07827
1.06349,1.06757,1.06677,1.0665,1.07373,1.07419,1.06807,1.06359,1.06727,1.06473
1.06396,1.06921,1.0673,1.0773,1.06804,1.06473,1.06677,1.0747,1.06606,1.06657


B:
0.149987,4.75822,9.85094,2.933,9.63716,8.62685,10.012,5.15687,4.6802,5.2788
7.92264,6.44241,7.40453,6.01344,0.20225,3.56182,-0.396532,5.79466,4.76101,10.1499
3.00867,5.41409,10.5206,-29.3298,6.31089,10.2793,3.20422,8.38556,6.43752,10.4622


