========================================================

Test11 results 07-05-2005  13:26:25
Board ID388  30 channels
HV Tests Software Ver.1.6

+5V 2528 - O'k
-5V 1318 - O'k
Interlock - On
Calibration DAC Range: [2500 - 2900]


A:
Limits 0.76 +/- 0.04
0.754717,0.753296,0.75188,0.754717,0.744879,0.750469,0.750469,0.753296,0.746269,0.744879
0.754717,0.753296,0.754717,0.75188,0.749064,0.747664,0.754717,0.753296,0.754717,0.756144
0.756144,0.750469,0.753296,0.75188,0.753296,0.754717,0.753296,0.749064,0.75188,0.753296


B:
Limits 60.0 +/- 30.0
54.398544,52.87289,62.506268,53.500656,58.39502,62.57719,61.059944,51.978352,69.546837,66.727989
63.291344,55.735821,52.786846,65.899269,61.18932,66.91787,60.039757,68.827087,54.926071,51.966335
58.025822,63.467823,57.874878,60.015301,49.01593,57.152264,58.86137,61.104832,67.318405,53.948582
========================================================
Test11 (DAC Calibration) results 2007-11-12 10:53:51
Board ID388 30 channels
Linux calibration software
Calibration DAC Range: [1100 - 2700]

A:
0.752729,0.748994,0.751597,0.752304,0.74606,0.75061,0.751174,0.75061,0.747733,0.744532
0.754503,0.752375,0.752941,0.752375,0.748433,0.746617,0.752021,0.754432,0.752587,0.754006
0.754931,0.750469,0.751809,0.749344,0.751668,0.754006,0.752941,0.747384,0.753438,0.753083


B:
66.9554,68.0366,65.8024,68.5914,61.4847,64.6089,64.8825,66.4103,70.2216,73.2899
69.3483,66.2372,64.7058,69.9991,68.8091,76.3882,73.7923,70.9544,66.698,64.7502
68.0098,68.8556,65.8116,74.1476,67.6596,66.2582,65.4588,65.6204,67.0372,59.9926


