========================================================

Test10 results 10-12-2005  14:50:18
Board ID090  36 channels
HV Tests Software Ver.1.6

+5V 2490 - O'k
-5V 1297 - O'k
Interlock - On

Voltmeter channel: A=1.080497, B=5.402493

A:
Limits 1.1 +/- 0.1
1.077586,1.081666,1.077586,1.079331,1.072386,1.075847,1.077586,1.074114,1.069519,1.075847,1.071237,1.080497
1.075269,1.080497,1.079331,1.078167,1.079914,1.079914,1.079331,1.072961,1.084011,1.078167,1.082251,1.075847
1.077586,1.077586,1.078749,1.074114,1.082837,1.083424,1.077006,1.081666,1.073537,1.081666,1.087548,1.081081


B:
Limits 0.0 +/- 35.0
9.698398,3.245038,8.620811,12.952018,7.506824,15.061719,8.620811,9.667063,13.90386,11.834177,9.640962,14.04647
13.978319,3.241499,1.079379,18.32897,8.639275,8.639275,10.793356,7.51089,6.504067,9.703633,10.822549,11.834177
2.155294,3.232881,20.496035,12.889404,10.828545,15.167946,2.153793,8.653366,20.397045,9.735032,10.875621,12.973151
========================================================
Test10 (ADC Calibration) results 2007-10-18 11:55:00
Board ID90 36 channels
Linux calibration software

Voltmeter channel: A=1.07883, B=11.4273

A:
1.07827,1.08622,1.07821,1.07934,1.07412,1.07922,1.08056,1.07402,1.07422,1.08014,1.07168,1.08164
1.07783,1.08154,1.0816,1.07787,1.08265,1.0797,1.08014,1.07265,1.08349,1.07844,1.08136,1.07813
1.07986,1.07944,1.08231,1.07442,1.08531,1.08341,1.07599,1.08329,1.07519,1.08506,1.08815,1.08223


B:
4.18297,-2.18332,4.49652,11.6442,5.24905,9.56907,3.28449,6.2515,4.8692,9.81949,5.25051,10.8129
11.5286,-1.16913,-3.04504,16.0117,5.48041,6.66466,8.14005,5.69368,6.22921,7.16747,10.4252,6.59729
0.66195,0.481036,15.4128,10.6639,5.96984,11.5708,4.13249,6.22024,15.1355,1.81418,1.16885,7.20698


========================================================
Test10 (ADC Calibration) results 2008-06-17 15:59:18
Board ID090 36 channels
Linux calibration software

Voltmeter channel: A=1.07, B=0

A:
1.09526,1.10513,1.09499,1.09718,1.09335,1.09819,1.09957,1.09071,1.08773,1.10392,1.08981,1.09967
1.09737,1.09874,1.10022,1.09499,1.10142,1.09728,1.09682,1.08954,1.10096,1.09645,1.10031,1.09554
1.09902,1.09709,1.10142,1.09153,1.10225,1.10114,1.09426,1.10068,1.09289,1.10373,1.10624,1.10086


B:
5.45417,-1.1796,6.36313,10.7099,3.93453,9.56898,4.79129,7.89016,7.80665,10.3045,4.36425,11.5246
10.7623,2.03393,-0.640712,16.4368,5.96541,6.45691,9.07032,6.35802,6.38695,6.3353,7.85741,7.61238
1.12069,2.01724,15.8782,12.1597,8.5116,11.5036,2.21882,6.85985,15.9384,4.07173,5.98221,6.25106


