========================================================

Test10 results 03-24-2006  17:29:45
Board ID428  30 channels
HV Tests Software Ver.1.6

+5V 2482 - O'k
-5V 1319 - O'k
Interlock - On

Voltmeter channel: A=1.083424, B=6.500557

A:
Limits 1.1 +/- 0.1
1.086957,1.078749,1.086957,1.087548,1.079331,1.080497,1.079331,1.075269,1.076426,1.081666
1.075269,1.082251,1.082837,1.086957,1.082837,1.084011,1.072386,1.084599,1.076426,1.085187
1.081666,1.080497,1.075269,1.086366,1.081081,1.058201,1.087548,1.072961,1.083424,1.078749


B:
Limits 0.0 +/- 35.0
5.434859,8.629799,8.695728,6.525431,2.15871,5.402493,9.714025,8.601974,-15.069979,-14.061614
8.601974,7.575796,5.41436,11.956598,9.745708,7.588078,7.506824,10.846127,7.534973,8.68149
16.225027,7.563487,9.677243,5.432007,6.486665,3.174541,6.525431,8.583851,3.250286,6.472301
========================================================
Test10 (ADC Calibration) results 2008-06-02 05:34:21
Board ID428 30 channels
Linux calibration software

Voltmeter channel: A=1.07007, B=-1442.51

A:
1.08701,1.08026,1.08787,1.08812,1.07859,1.08046,1.08147,1.07654,1.077,1.08228
1.07553,1.08272,1.08127,1.08697,1.0852,1.08405,1.07271,1.086,1.07714,1.08746
1.08228,1.08153,1.07728,1.08764,1.08103,1.05737,1.08761,1.07372,1.08332,1.07976


B:
4.0894,3.58582,5.27629,4.65123,2.64125,4.40926,6.32512,4.26401,-6.71463,-4.64218
6.62525,3.9179,6.21985,11.9192,3.45977,6.84115,4.42307,6.74784,4.6465,4.31867
9.89835,5.04922,4.39123,1.68463,5.0151,1.79214,5.3805,6.95975,3.4274,2.14861


========================================================
Test10 (ADC Calibration) results 2008-06-02 05:40:03
Board ID428 30 channels
Linux calibration software

Voltmeter channel: A=1.07143, B=-1443.14

A:
1.08776,1.07972,1.08822,1.08812,1.07781,1.07996,1.08242,1.07654,1.077,1.08213
1.07597,1.08262,1.08181,1.08737,1.0852,1.08459,1.07295,1.08546,1.07734,1.08766
1.08187,1.08218,1.00504,1.08754,1.08123,1.05844,1.08697,1.07341,1.08332,1.07966


B:
1.64505,5.15947,5.23453,4.85118,4.31976,5.25125,4.31666,4.26401,-6.71463,-4.46
6.26243,4.24679,5.52402,11.0059,3.45977,6.14515,3.24675,7.44438,4.18986,4.06139
10.0116,3.14427,96.1715,1.41395,4.75941,-0.625738,6.00618,7.54393,3.4274,2.27735


========================================================
Test10 (ADC Calibration) results 2008-06-02 10:11:32
Board ID428 30 channels
Linux calibration software

Voltmeter channel: A=1.07374, B=-1452.79

A:
1.08731,1.08006,1.08862,1.08846,1.07815,1.08036,1.08177,1.07708,1.077,1.08193
1.07587,1.08272,1.08181,1.08747,1.0851,1.08459,1.07335,1.0862,1.07714,1.08671
1.08197,1.08163,1.071,1.08764,1.08103,1.05737,1.08751,1.07331,1.08332,1.07976


B:
3.30367,3.84271,3.92056,3.72033,4.08431,4.5378,6.22226,3.57122,-6.71463,3.37222
6.19102,3.9179,5.52402,10.4774,3.5882,6.14515,3.40512,6.09048,4.6465,6.36212
9.68347,4.92097,13.4078,1.28448,5.0151,1.79214,5.30898,7.47245,3.0275,2.14861


