========================================================

Test11 results 12-21-2006  15:44:30
Board ID350  30 channels
HV Tests Software Ver.1.6.8

+5V 2518 - O'k
-5V 1357 - O'k
Interlock - On
Calibration DAC Range: [2500 - 2900]
Number of Samples: 400

A:
Limits 0.76 +/- 0.04
0.749064,0.744879,0.75188,0.743494,0.747664,0.747664,0.739372,0.750469,0.754717,0.749064
0.740741,0.742115,0.75188,0.747664,0.759013,0.747664,0.744879,0.739372,0.749064,0.750469
0.740741,0.744879,0.75188,0.75188,0.753296,0.749064,0.754717,0.749064,0.747664,0.754717


B:
Limits 60.0 +/- 30.0
72.979759,73.651939,65.030647,66.106644,65.562004,70.850769,80.669098,68.831406,60.654072,66.445206
61.971664,82.696571,69.773399,56.78371,77.708015,68.782837,72.598816,65.876801,69.039307,54.841824
65.19577,68.654747,66.643257,63.528721,72.826218,67.426704,55.577049,72.17382,70.393341,67.094223
========================================================
Test11 (DAC Calibration) results 2008-04-10 11:20:08
Board ID350 30 channels
Linux calibration software
Calibration DAC Range: [1100 - 2700]

A:
0.749766,0.744117,0.75188,0.743149,0.748013,0.749485,0.741977,0.750821,0.755216,0.749415
0.74129,0.743702,0.751738,0.748363,0.760818,0.748363,0.745504,0.739303,0.748433,0.746965
0.740466,0.745226,0.750821,0.75195,0.75287,0.748713,0.75429,0.748643,0.748713,0.754575


B:
79.5689,84.4293,74.4361,75.1974,72.23,72.4564,79.7811,75.8798,66.2606,73.3022
68.2728,87.0781,78.3875,62.7689,79.7432,73.9944,79.2563,74.7342,79.1375,68.4407
74.4539,75.1654,78.1323,71.3318,82.2699,77.2579,65.8683,81.8454,75.0117,75.1369


