Dec 12, 2012 4:12:08 PM org.eclipse.birt.report.data.oda.jdbc.ui.editors.MetaDataRetriever <init>
WARNING: SQL statement does not return a ResultSet object.
SQL error #1:Missing IN or OUT parameter at index:: 1

org.eclipse.birt.report.data.oda.jdbc.JDBCException: SQL statement does not return a ResultSet object.
SQL error #1:Missing IN or OUT parameter at index:: 1
 ;
    java.sql.SQLException: Missing IN or OUT parameter at index:: 1
	at org.eclipse.birt.report.data.oda.jdbc.Statement.executeQuery(Statement.java:464)
	at org.eclipse.birt.report.data.oda.jdbc.Statement.getMetaUsingPolicy1(Statement.java:403)
	at org.eclipse.birt.report.data.oda.jdbc.Statement.getMetaData(Statement.java:303)
	at org.eclipse.birt.report.data.oda.jdbc.bidi.BidiStatement.getMetaData(BidiStatement.java:56)
	at org.eclipse.birt.report.data.oda.jdbc.ui.editors.MetaDataRetriever.<init>(MetaDataRetriever.java:78)
	at org.eclipse.birt.report.data.oda.jdbc.ui.editors.SQLDataSetEditorPage.collectDataSetDesign(SQLDataSetEditorPage.java:705)
	at org.eclipse.datatools.connectivity.oda.design.internal.ui.DataSetWizardPageCore.finishDataSetDesign(DataSetWizardPageCore.java:395)
	at org.eclipse.datatools.connectivity.oda.design.internal.ui.DataSetWizardBase.collectDataSetDesignFromPage(DataSetWizardBase.java:365)
	at org.eclipse.datatools.connectivity.oda.design.internal.ui.DataSetWizardBase.finishDataSetDesign(DataSetWizardBase.java:387)
	at org.eclipse.datatools.connectivity.oda.design.internal.ui.DataSetWizardBase.getResponseSession(DataSetWizardBase.java:123)
	at org.eclipse.datatools.connectivity.oda.design.internal.designsession.DataSetDesignSessionBase.finishDataSetDesign(DataSetDesignSessionBase.java:442)
	at org.eclipse.datatools.connectivity.oda.design.internal.designsession.DataSetDesignSessionBase.flush(DataSetDesignSessionBase.java:237)
	at org.eclipse.datatools.connectivity.oda.design.ui.designsession.DataSetDesignSession.flush(DataSetDesignSession.java:136)
	at org.eclipse.birt.report.designer.data.ui.dataset.PropertyPageWrapper.canLeave(PropertyPageWrapper.java:118)
	at org.eclipse.birt.report.designer.data.ui.dataset.PropertyPageWrapper.performOk(PropertyPageWrapper.java:95)
	at org.eclipse.birt.report.designer.data.ui.property.AbstractPropertyDialog.okPressed(AbstractPropertyDialog.java:790)
	at org.eclipse.birt.report.designer.data.ui.property.AbstractPropertyDialog.okPressed(AbstractPropertyDialog.java:765)
	at org.eclipse.birt.report.designer.data.ui.dataset.DataSetEditor.okPressed(DataSetEditor.java:681)
	at org.eclipse.birt.report.designer.data.ui.property.AbstractPropertyDialog.buttonPressed(AbstractPropertyDialog.java:650)
	at org.eclipse.jface.dialogs.Dialog$2.widgetSelected(Dialog.java:624)
	at org.eclipse.swt.widgets.TypedListener.handleEvent(TypedListener.java:248)
	at org.eclipse.swt.widgets.EventTable.sendEvent(EventTable.java:84)
	at org.eclipse.swt.widgets.Widget.sendEvent(Widget.java:1276)
	at org.eclipse.swt.widgets.Display.runDeferredEvents(Display.java:3554)
	at org.eclipse.swt.widgets.Display.readAndDispatch(Display.java:3179)
	at org.eclipse.jface.window.Window.runEventLoop(Window.java:825)
	at org.eclipse.jface.window.Window.open(Window.java:801)
	at org.eclipse.birt.report.designer.ui.dialogs.BaseDialog.open(BaseDialog.java:111)
	at org.eclipse.birt.report.designer.data.ui.providers.EditableDataSetNodeProvider.performEdit(EditableDataSetNodeProvider.java:102)
	at org.eclipse.birt.report.designer.internal.ui.views.DefaultNodeProvider.performRequest(DefaultNodeProvider.java:442)
	at org.eclipse.birt.report.designer.internal.ui.views.actions.EditAction.doAction(EditAction.java:90)
	at org.eclipse.birt.report.designer.internal.ui.views.actions.AbstractElementAction.run(AbstractElementAction.java:70)
	at org.eclipse.birt.report.designer.internal.ui.views.RenameListener.doubleClick(RenameListener.java:214)
	at org.eclipse.jface.viewers.StructuredViewer$1.run(StructuredViewer.java:845)
	at org.eclipse.core.runtime.SafeRunner.run(SafeRunner.java:42)
	at org.eclipse.ui.internal.JFaceUtil$1.run(JFaceUtil.java:49)
	at org.eclipse.jface.util.SafeRunnable.run(SafeRunnable.java:175)
	at org.eclipse.jface.viewers.StructuredViewer.fireDoubleClick(StructuredViewer.java:843)
	at org.eclipse.jface.viewers.AbstractTreeViewer.handleDoubleSelect(AbstractTreeViewer.java:1477)
	at org.eclipse.jface.viewers.StructuredViewer$4.widgetDefaultSelected(StructuredViewer.java:1246)
	at org.eclipse.jface.util.OpenStrategy.fireDefaultSelectionEvent(OpenStrategy.java:249)
	at org.eclipse.jface.util.OpenStrategy.access$0(OpenStrategy.java:246)
	at org.eclipse.jface.util.OpenStrategy$1.handleEvent(OpenStrategy.java:307)
	at org.eclipse.swt.widgets.EventTable.sendEvent(EventTable.java:84)
	at org.eclipse.swt.widgets.Widget.sendEvent(Widget.java:1276)
	at org.eclipse.swt.widgets.Display.runDeferredEvents(Display.java:3554)
	at org.eclipse.swt.widgets.Display.readAndDispatch(Display.java:3179)
	at org.eclipse.e4.ui.internal.workbench.swt.PartRenderingEngine$9.run(PartRenderingEngine.java:1029)
	at org.eclipse.core.databinding.observable.Realm.runWithDefault(Realm.java:332)
	at org.eclipse.e4.ui.internal.workbench.swt.PartRenderingEngine.run(PartRenderingEngine.java:923)
	at org.eclipse.e4.ui.internal.workbench.E4Workbench.createAndRunUI(E4Workbench.java:86)
	at org.eclipse.ui.internal.Workbench$5.run(Workbench.java:588)
	at org.eclipse.core.databinding.observable.Realm.runWithDefault(Realm.java:332)
	at org.eclipse.ui.internal.Workbench.createAndRunWorkbench(Workbench.java:543)
	at org.eclipse.ui.PlatformUI.createAndRunWorkbench(PlatformUI.java:149)
	at org.eclipse.ui.internal.ide.application.IDEApplication.start(IDEApplication.java:124)
	at org.eclipse.equinox.internal.app.EclipseAppHandle.run(EclipseAppHandle.java:196)
	at org.eclipse.core.runtime.internal.adaptor.EclipseAppLauncher.runApplication(EclipseAppLauncher.java:110)
	at org.eclipse.core.runtime.internal.adaptor.EclipseAppLauncher.start(EclipseAppLauncher.java:79)
	at org.eclipse.core.runtime.adaptor.EclipseStarter.run(EclipseStarter.java:353)
	at org.eclipse.core.runtime.adaptor.EclipseStarter.run(EclipseStarter.java:180)
	at sun.reflect.NativeMethodAccessorImpl.invoke0(Native Method)
	at sun.reflect.NativeMethodAccessorImpl.invoke(NativeMethodAccessorImpl.java:39)
	at sun.reflect.DelegatingMethodAccessorImpl.invoke(DelegatingMethodAccessorImpl.java:25)
	at java.lang.reflect.Method.invoke(Method.java:597)
	at org.eclipse.equinox.launcher.Main.invokeFramework(Main.java:629)
	at org.eclipse.equinox.launcher.Main.basicRun(Main.java:584)
	at org.eclipse.equinox.launcher.Main.run(Main.java:1438)
	at org.eclipse.equinox.launcher.Main.main(Main.java:1414)
Caused by: java.sql.SQLException: Missing IN or OUT parameter at index:: 1
	at oracle.jdbc.driver.OraclePreparedStatement.processCompletedBindRow(OraclePreparedStatement.java:1821)
	at oracle.jdbc.driver.OraclePreparedStatement.executeInternal(OraclePreparedStatement.java:3579)
	at oracle.jdbc.driver.OraclePreparedStatement.executeQuery(OraclePreparedStatement.java:3628)
	at oracle.jdbc.driver.OraclePreparedStatementWrapper.executeQuery(OraclePreparedStatementWrapper.java:1493)
	at org.eclipse.birt.report.data.oda.jdbc.Statement.executeQuery(Statement.java:460)
	... 68 more
