========================================================

Test10 results 04-25-2005  14:25:36
Board ID331  30 channels
HV Tests Software Ver.1.6

+5V 2528 - O'k
-5V 1426 - O'k
Interlock - On

Voltmeter channel: A=1.076426, B=1.076416

A:
Limits 1.1 +/- 0.1
1.072961,1.068376,1.075847,1.072386,1.071811,1.064396,1.078749,1.070664,1.084011,1.077006
1.074114,1.077006,1.071237,1.070091,1.077586,1.072961,1.063264,1.06383,1.077586,1.071811
1.073537,1.079914,1.071237,1.078749,1.074114,1.089918,1.068947,1.075269,1.070664,1.070664


B:
Limits 0.0 +/- 30.0
-1.072801,5.341896,11.834177,10.723982,6.431027,9.579754,3.236055,13.918636,13.008133,9.692835
12.889404,5.384811,13.925911,11.770809,7.543225,5.364967,13.822324,9.574496,5.388053,4.287405
6.441059,10.799102,6.42725,6.472301,5.370607,6.539511,7.482668,1.075092,7.494653,8.565317
========================================================
Test10 (ADC Calibration) results 2008-08-26 09:05:51
Board ID331 30 channels
Linux calibration (server mode)

Voltmeter channel: A=1.07867, B=0

A:
1.07423,1.07168,1.08081,1.07692,1.07581,1.06859,1.08165,1.07677,1.08968,1.08145
1.07975,1.0805,1.07774,1.07563,1.08153,1.07621,1.06944,1.06826,1.08143,1.07481
1.0772,1.0848,1.07492,1.08269,1.07742,1.09348,1.07329,1.07735,1.07458,1.07491


B:
0,0,0,0,0,0,0,0,0,0
0,0,0,0,0,0,0,0,0,0
0,0,0,0,0,0,0,0,0,0


========================================================
Test10 (ADC Calibration) results 2008-08-26 13:28:08
Board ID331 30 channels
Linux calibration (server mode)

Voltmeter channel: A=1.0786, B=0

A:
1.0742,1.07166,1.08088,1.07697,1.07576,1.06854,1.08158,1.07676,1.0897,1.08143
1.07971,1.08045,1.07772,1.0756,1.08153,1.07623,1.0694,1.06834,1.08148,1.07489
1.07717,1.08473,1.07487,1.0826,1.07742,1.09346,1.07327,1.0773,1.07456,1.07492


B:
0,0,0,0,0,0,0,0,0,0
0,0,0,0,0,0,0,0,0,0
0,0,0,0,0,0,0,0,0,0


========================================================
Test10 (ADC Calibration) results 2008-08-26 13:40:37
Board ID331 30 channels
Linux calibration (server mode)

Voltmeter channel: A=1.07862, B=0

A:
1.07423,1.07157,1.08088,1.07686,1.07568,1.06856,1.0816,1.07666,1.08968,1.08138
1.07971,1.08043,1.07762,1.07555,1.0815,1.07619,1.06944,1.06825,1.08138,1.07481
1.07719,1.08473,1.07484,1.08259,1.07737,1.09341,1.07329,1.07729,1.07461,1.07481


B:
0,0,0,0,0,0,0,0,0,0
0,0,0,0,0,0,0,0,0,0
0,0,0,0,0,0,0,0,0,0


========================================================
Test10 (ADC Calibration) results 2008-08-26 14:00:58
Board ID331 30 channels
Linux calibration (server mode)

Voltmeter channel: A=1.07857, B=0

A:
1.07423,1.07165,1.08083,1.07691,1.07575,1.06851,1.0816,1.07679,1.08975,1.0815
1.07975,1.0805,1.07765,1.07563,1.0815,1.07619,1.06947,1.06829,1.08138,1.07487
1.07722,1.0848,1.07487,1.08262,1.07737,1.09344,1.07326,1.07729,1.07459,1.07491


B:
0,0,0,0,0,0,0,0,0,0
0,0,0,0,0,0,0,0,0,0
0,0,0,0,0,0,0,0,0,0


========================================================
Test10 (ADC Calibration) results 2008-08-26 14:19:34
Board ID331 30 channels
Linux calibration (server mode)

Voltmeter channel: A=1.0786, B=0

A:
1.07415,1.0717,1.08083,1.07687,1.07578,1.06859,1.08162,1.07677,1.08975,1.0814
1.0797,1.08045,1.07772,1.07562,1.08148,1.07621,1.0695,1.06825,1.08145,1.07481
1.0773,1.08485,1.07491,1.08262,1.07739,1.09336,1.07327,1.07734,1.07459,1.07497


B:
0,0,0,0,0,0,0,0,0,0
0,0,0,0,0,0,0,0,0,0
0,0,0,0,0,0,0,0,0,0


========================================================
Test10 (ADC Calibration) results 2008-08-26 14:33:32
Board ID331 30 channels
Linux calibration (server mode)

Voltmeter channel: A=1.07862, B=0

A:
1.07411,1.07168,1.08076,1.07687,1.07573,1.0686,1.08157,1.07674,1.08968,1.0814
1.0797,1.08051,1.07772,1.07563,1.08153,1.07628,1.06949,1.06833,1.0814,1.07482
1.07727,1.08475,1.07489,1.08265,1.07744,1.09343,1.07327,1.07734,1.07459,1.07487


B:
0,0,0,0,0,0,0,0,0,0
0,0,0,0,0,0,0,0,0,0
0,0,0,0,0,0,0,0,0,0


========================================================
Test10 (ADC Calibration) results 2008-08-26 16:51:34
Board ID331 30 channels
Linux calibration (server mode)

Voltmeter channel: A=1.09093, B=0

A:
1.08646,1.08381,1.09308,1.08923,1.08796,1.08073,1.09389,1.08898,1.10208,1.09376
1.09199,1.09269,1.09002,1.08791,1.09386,1.08848,1.08159,1.08044,1.09367,1.08709
1.08943,1.0971,1.08716,1.09486,1.0896,1.10594,1.08549,1.08958,1.08684,1.08706


B:
0,0,0,0,0,0,0,0,0,0
0,0,0,0,0,0,0,0,0,0
0,0,0,0,0,0,0,0,0,0


========================================================
Test10 (ADC Calibration) results 2008-08-27 11:54:39
Board ID331 30 channels
Linux calibration (server mode)

Voltmeter channel: A=1.09091, B=0

A:
1.08647,1.08384,1.09317,1.0892,1.08798,1.08072,1.09399,1.08893,1.10213,1.09372
1.09217,1.09276,1.08995,1.08784,1.09389,1.08844,1.08161,1.0805,1.09379,1.08711
1.0895,1.09715,1.08716,1.09492,1.08967,1.10597,1.08556,1.08968,1.08682,1.08719


B:
0,0,0,0,0,0,0,0,0,0
0,0,0,0,0,0,0,0,0,0
0,0,0,0,0,0,0,0,0,0


========================================================
Test10 (ADC Calibration) results 2008-08-27 12:04:52
Board ID331 30 channels
Linux calibration (server mode)

Voltmeter channel: A=1.09086, B=0

A:
1.08642,1.08383,1.09318,1.08918,1.08799,1.08072,1.09396,1.08896,1.10208,1.09367
1.09214,1.0928,1.08994,1.08793,1.09384,1.08846,1.08164,1.08042,1.09379,1.08702
1.08962,1.09711,1.08711,1.09498,1.08968,1.1059,1.08549,1.08962,1.08681,1.08714


B:
0,0,0,0,0,0,0,0,0,0
0,0,0,0,0,0,0,0,0,0
0,0,0,0,0,0,0,0,0,0


========================================================
Test10 (ADC Calibration) results 2008-08-27 12:16:04
Board ID331 30 channels
Linux calibration (server mode)

Voltmeter channel: A=1.09098, B=0

A:
1.08641,1.08386,1.09315,1.08911,1.08801,1.08073,1.09393,1.0889,1.10208,1.09371
1.09217,1.09281,1.09,1.08786,1.09386,1.08848,1.08159,1.08049,1.09369,1.08711
1.08947,1.09718,1.08712,1.09496,1.0897,1.10596,1.08547,1.08963,1.08687,1.08714


B:
0,0,0,0,0,0,0,0,0,0
0,0,0,0,0,0,0,0,0,0
0,0,0,0,0,0,0,0,0,0


========================================================
Test10 (ADC Calibration) results 2008-08-27 12:34:19
Board ID331 30 channels
Linux calibration (server mode)

Voltmeter channel: A=1.09093, B=0

A:
1.08642,1.08381,1.09308,1.0891,1.08793,1.08072,1.09394,1.08901,1.10205,1.09382
1.09226,1.09273,1.08997,1.08789,1.09386,1.08839,1.08168,1.08044,1.09374,1.08706
1.08947,1.09713,1.08717,1.09487,1.0896,1.10592,1.08552,1.08967,1.08681,1.08714


B:
0,0,0,0,0,0,0,0,0,0
0,0,0,0,0,0,0,0,0,0
0,0,0,0,0,0,0,0,0,0


========================================================
Test10 (ADC Calibration) results 2008-08-27 14:12:33
Board ID331 30 channels
Linux calibration software

Voltmeter channel: A=1.07, B=0

A:
1.08761,1.08323,1.09146,1.08798,1.08705,1.07917,1.09382,1.08584,1.09933,1.09174
1.08939,1.09202,1.08742,1.08602,1.09316,1.08761,1.07917,1.07825,1.09278,1.08696
1.08827,1.09552,1.0863,1.09372,1.08911,1.10538,1.08444,1.09024,1.08556,1.08602


B:
-3.6532,2.15986,5.20336,3.83147,2.95678,4.64771,0.187563,10.813,8.94914,6.47186
8.85046,2.49882,8.26531,5.86293,2.32867,2.87246,7.88521,7.01437,3.33272,1.44461e-05
4.22488,5.40585,2.56264,4.21243,1.92058,1.89106,3.63924,-2.17427,4.33974,3.47334


========================================================
Test10 (ADC Calibration) results 2008-08-27 14:50:45
Board ID331 30 channels
Linux calibration (server mode)

Voltmeter channel: A=1.09098, B=0

A:
1.08647,1.08388,1.0932,1.08918,1.08808,1.08082,1.09408,1.08913,1.1022,1.09381
1.09212,1.09278,1.08999,1.08791,1.09393,1.08851,1.08173,1.08052,1.09374,1.08717
1.08957,1.09718,1.08719,1.09498,1.0897,1.10597,1.08561,1.08958,1.08691,1.08714


B:
0,0,0,0,0,0,0,0,0,0
0,0,0,0,0,0,0,0,0,0
0,0,0,0,0,0,0,0,0,0


========================================================
Test10 (ADC Calibration) results 2008-08-27 16:01:37
Board ID331 30 channels
Linux calibration (server mode)

Voltmeter channel: A=1.09113, B=0

A:
1.08656,1.08403,1.0931,1.08921,1.08814,1.08078,1.09403,1.0891,1.10217,1.09382
1.092,1.09291,1.09,1.08803,1.09388,1.08856,1.08173,1.08049,1.09376,1.08724
1.08962,1.09718,1.08727,1.09503,1.08973,1.10592,1.08557,1.08965,1.08687,1.08716


B:
0,0,0,0,0,0,0,0,0,0
0,0,0,0,0,0,0,0,0,0
0,0,0,0,0,0,0,0,0,0


========================================================
Test10 (ADC Calibration) results 2008-08-27 16:14:58
Board ID331 30 channels
Linux calibration (server mode)

Voltmeter channel: A=1.09111, B=0

A:
1.08664,1.08401,1.0931,1.08915,1.08808,1.08085,1.09403,1.08911,1.10225,1.09382
1.09192,1.09288,1.09009,1.08793,1.09396,1.08854,1.08168,1.0805,1.09381,1.08709
1.0896,1.09725,1.08717,1.09501,1.08978,1.1059,1.08564,1.08967,1.08691,1.08721


B:
0,0,0,0,0,0,0,0,0,0
0,0,0,0,0,0,0,0,0,0
0,0,0,0,0,0,0,0,0,0


========================================================
Test10 (ADC Calibration) results 2008-08-27 16:29:00
Board ID331 30 channels
Linux calibration (server mode)

Voltmeter channel: A=1.09111, B=0

A:
1.08654,1.08398,1.09315,1.08925,1.08813,1.08078,1.09408,1.08911,1.10227,1.09384
1.09205,1.09286,1.09005,1.08799,1.09398,1.08866,1.08173,1.08047,1.09382,1.08717
1.0896,1.09723,1.08726,1.09514,1.08977,1.10603,1.08561,1.08972,1.08689,1.08721


B:
0,0,0,0,0,0,0,0,0,0
0,0,0,0,0,0,0,0,0,0
0,0,0,0,0,0,0,0,0,0


========================================================
Test10 (ADC Calibration) results 2008-08-27 16:39:26
Board ID331 30 channels
Linux calibration (server mode)

Voltmeter channel: A=1.09106, B=0

A:
1.08654,1.08398,1.09313,1.08918,1.08808,1.08078,1.09396,1.08905,1.10217,1.09388
1.09207,1.09295,1.09007,1.08799,1.09399,1.08858,1.08159,1.08047,1.09377,1.08719
1.08952,1.09727,1.08724,1.09511,1.08975,1.10592,1.08556,1.08967,1.08687,1.08719


B:
0,0,0,0,0,0,0,0,0,0
0,0,0,0,0,0,0,0,0,0
0,0,0,0,0,0,0,0,0,0


========================================================
Test10 (ADC Calibration) results 2008-08-27 17:00:59
Board ID331 30 channels
Linux calibration (server mode)

Voltmeter channel: A=1.09106, B=0

A:
1.08651,1.08396,1.09308,1.08913,1.08806,1.08083,1.09404,1.08911,1.10215,1.09382
1.0919,1.09291,1.09,1.08794,1.09386,1.08854,1.08174,1.08045,1.09384,1.08719
1.08957,1.0972,1.08726,1.09511,1.0897,1.10599,1.08556,1.08968,1.08689,1.08726


B:
0,0,0,0,0,0,0,0,0,0
0,0,0,0,0,0,0,0,0,0
0,0,0,0,0,0,0,0,0,0


========================================================
Test10 (ADC Calibration) results 2008-08-28 14:19:37
Board ID331 30 channels
Linux calibration (server mode)

Voltmeter channel: A=1.09093, B=0

A:
1.08656,1.08388,1.09323,1.08916,1.08804,1.08082,1.09401,1.08906,1.1021,1.09374
1.09185,1.09274,1.09004,1.08794,1.09389,1.08856,1.08168,1.08057,1.09374,1.08716
1.08962,1.09723,1.08716,1.09499,1.08972,1.10594,1.08557,1.08962,1.08686,1.08722


B:
0,0,0,0,0,0,0,0,0,0
0,0,0,0,0,0,0,0,0,0
0,0,0,0,0,0,0,0,0,0


========================================================
Test10 (ADC Calibration) results 2008-09-01 16:33:34
Board ID331 30 channels
Linux calibration (server mode)

Voltmeter channel: A=1.09098, B=0

A:
1.08662,1.08389,1.09306,1.08913,1.08804,1.08078,1.09401,1.08916,1.10224,1.09388
1.09202,1.09295,1.09012,1.08799,1.09394,1.08854,1.08169,1.0805,1.09391,1.08719
1.08957,1.09725,1.08727,1.09503,1.08982,1.10601,1.08557,1.08973,1.08689,1.08722


B:
0,0,0,0,0,0,0,0,0,0
0,0,0,0,0,0,0,0,0,0
0,0,0,0,0,0,0,0,0,0


