========================================================

Test11 results 04-25-2005  14:29:14
Board ID331  30 channels
HV Tests Software Ver.1.6

+5V 2526 - O'k
-5V 1427 - O'k
Interlock - On
Calibration DAC Range: [2500 - 2900]


A:
Limits 0.76 +/- 0.04
0.756144,0.760456,0.753296,0.759013,0.759013,0.761905,0.753296,0.757576,0.747664,0.753296
0.756144,0.75188,0.754717,0.757576,0.75188,0.757576,0.763359,0.761905,0.756144,0.757576
0.757576,0.75188,0.757576,0.757576,0.753296,0.742115,0.757576,0.756144,0.757576,0.756144


B:
Limits 60.0 +/- 30.0
57.872784,51.538773,54.666935,43.830933,45.458843,52.477066,54.216354,49.666924,56.041885,53.045216
47.608356,69.013077,64.044586,52.909554,56.232956,45.272575,47.042942,54.907497,43.185764,49.956192
46.993397,47.650402,55.540356,45.497112,60.966408,68.234749,59.293461,50.138741,55.34153,59.395962
========================================================
Test11 (DAC Calibration) results 2008-08-26 09:06:58
Board ID331 30 channels
Linux calibration (server mode)

Calibration DAC Range: [3100 - 3500]

A:
0.771143,0.774,0.767429,0.770571,0.770571,0.776,0.767714,0.770286,0.762286,0.766857
0.768286,0.77,0.771714,0.771714,0.766857,0.769143,0.775143,0.776571,0.766857,0.770286
0.769429,0.764,0.772286,0.769143,0.769714,0.760857,0.773714,0.769143,0.772286,0.772


B:
0.0,0.0,0.0,0.0,0.0,0.0,0.0,0.0,0.0,0.0
0.0,0.0,0.0,0.0,0.0,0.0,0.0,0.0,0.0,0.0
0.0,0.0,0.0,0.0,0.0,0.0,0.0,0.0,0.0,0.0


========================================================
Test11 (DAC Calibration) results 2008-08-26 13:28:49
Board ID331 30 channels
Linux calibration (server mode)

Calibration DAC Range: [3100 - 3500]

A:
0.771143,0.774,0.767429,0.770857,0.770857,0.776,0.767429,0.770286,0.762286,0.767143
0.768286,0.77,0.771429,0.771429,0.766571,0.769143,0.775143,0.776286,0.767143,0.770286
0.769429,0.764571,0.772286,0.769143,0.769429,0.760571,0.773429,0.769143,0.772286,0.772


B:
0.0,0.0,0.0,0.0,0.0,0.0,0.0,0.0,0.0,0.0
0.0,0.0,0.0,0.0,0.0,0.0,0.0,0.0,0.0,0.0
0.0,0.0,0.0,0.0,0.0,0.0,0.0,0.0,0.0,0.0


========================================================
Test11 (DAC Calibration) results 2008-08-26 13:41:17
Board ID331 30 channels
Linux calibration (server mode)

Calibration DAC Range: [3100 - 3500]

A:
0.771143,0.774,0.767429,0.770571,0.770571,0.776,0.767429,0.770286,0.762286,0.767143
0.768286,0.77,0.771429,0.771429,0.766286,0.769143,0.775143,0.776286,0.767143,0.770286
0.769429,0.764286,0.772286,0.769143,0.769429,0.760286,0.773429,0.769143,0.772286,0.772


B:
0.0,0.0,0.0,0.0,0.0,0.0,0.0,0.0,0.0,0.0
0.0,0.0,0.0,0.0,0.0,0.0,0.0,0.0,0.0,0.0
0.0,0.0,0.0,0.0,0.0,0.0,0.0,0.0,0.0,0.0


========================================================
Test11 (DAC Calibration) results 2008-08-26 14:01:37
Board ID331 30 channels
Linux calibration (server mode)

Calibration DAC Range: [3100 - 3500]

A:
0.771143,0.774,0.767429,0.770286,0.770857,0.776,0.767429,0.770286,0.762286,0.767143
0.768286,0.77,0.771429,0.771429,0.766286,0.769143,0.775143,0.776286,0.767143,0.770286
0.769429,0.764286,0.772286,0.769143,0.769429,0.760286,0.773429,0.769143,0.772286,0.772


B:
0.0,0.0,0.0,0.0,0.0,0.0,0.0,0.0,0.0,0.0
0.0,0.0,0.0,0.0,0.0,0.0,0.0,0.0,0.0,0.0
0.0,0.0,0.0,0.0,0.0,0.0,0.0,0.0,0.0,0.0


========================================================
Test11 (DAC Calibration) results 2008-08-26 14:20:15
Board ID331 30 channels
Linux calibration (server mode)

Calibration DAC Range: [3100 - 3500]

A:
0.771143,0.774,0.767429,0.770857,0.770571,0.776,0.767429,0.770286,0.762286,0.767143
0.768286,0.77,0.771429,0.771429,0.766286,0.769143,0.775143,0.776286,0.767143,0.770286
0.769429,0.764286,0.772286,0.769143,0.769429,0.760286,0.773429,0.769143,0.772286,0.772


B:
0.0,0.0,0.0,0.0,0.0,0.0,0.0,0.0,0.0,0.0
0.0,0.0,0.0,0.0,0.0,0.0,0.0,0.0,0.0,0.0
0.0,0.0,0.0,0.0,0.0,0.0,0.0,0.0,0.0,0.0


========================================================
Test11 (DAC Calibration) results 2008-08-26 14:34:14
Board ID331 30 channels
Linux calibration (server mode)

Calibration DAC Range: [3100 - 3500]

A:
0.771714,0.774,0.767429,0.770571,0.770857,0.776,0.767429,0.770286,0.762286,0.767143
0.768286,0.77,0.771429,0.771429,0.766286,0.769143,0.775143,0.776857,0.767143,0.770286
0.769429,0.764286,0.772286,0.769143,0.769429,0.760286,0.773429,0.769143,0.772286,0.772


B:
0.0,0.0,0.0,0.0,0.0,0.0,0.0,0.0,0.0,0.0
0.0,0.0,0.0,0.0,0.0,0.0,0.0,0.0,0.0,0.0
0.0,0.0,0.0,0.0,0.0,0.0,0.0,0.0,0.0,0.0


========================================================
Test11 (DAC Calibration) results 2008-08-26 16:52:16
Board ID331 30 channels
Linux calibration (server mode)

Calibration DAC Range: [3100 - 3500]

A:
0.762571,0.765429,0.759143,0.762286,0.762286,0.767429,0.759143,0.761714,0.754,0.758857
0.759714,0.761429,0.763143,0.763143,0.758286,0.760571,0.766571,0.767714,0.758571,0.762286
0.761143,0.756,0.763429,0.760571,0.761143,0.752286,0.764857,0.760857,0.763429,0.763714


B:
0.0,0.0,0.0,0.0,0.0,0.0,0.0,0.0,0.0,0.0
0.0,0.0,0.0,0.0,0.0,0.0,0.0,0.0,0.0,0.0
0.0,0.0,0.0,0.0,0.0,0.0,0.0,0.0,0.0,0.0


========================================================
Test11 (DAC Calibration) results 2008-08-27 11:55:20
Board ID331 30 channels
Linux calibration (server mode)

Calibration DAC Range: [3100 - 3500]

A:
0.762857,0.765429,0.759143,0.762286,0.762286,0.767429,0.759143,0.762,0.754,0.758571
0.76,0.761429,0.763143,0.763143,0.758286,0.761143,0.766857,0.768,0.758857,0.762286
0.761143,0.756,0.763429,0.761143,0.761143,0.752286,0.764571,0.760571,0.763429,0.763429


B:
0.0,0.0,0.0,0.0,0.0,0.0,0.0,0.0,0.0,0.0
0.0,0.0,0.0,0.0,0.0,0.0,0.0,0.0,0.0,0.0
0.0,0.0,0.0,0.0,0.0,0.0,0.0,0.0,0.0,0.0


========================================================
Test11 (DAC Calibration) results 2008-08-27 12:05:15
Board ID331 30 channels
Linux calibration (server mode)

Calibration DAC Range: [3100 - 3500]

A:
0.762571,0.765429,0.759143,0.762286,0.762286,0.767429,0.759143,0.762,0.754,0.758857
0.76,0.762,0.763143,0.763143,0.758286,0.761143,0.766571,0.768,0.758571,0.762286
0.761143,0.756,0.763429,0.761143,0.761143,0.752286,0.765143,0.760857,0.763429,0.763429


B:
0.0,0.0,0.0,0.0,0.0,0.0,0.0,0.0,0.0,0.0
0.0,0.0,0.0,0.0,0.0,0.0,0.0,0.0,0.0,0.0
0.0,0.0,0.0,0.0,0.0,0.0,0.0,0.0,0.0,0.0


========================================================
Test11 (DAC Calibration) results 2008-08-27 12:16:28
Board ID331 30 channels
Linux calibration (server mode)

Calibration DAC Range: [3100 - 3500]

A:
0.763143,0.765429,0.759143,0.762286,0.762286,0.767429,0.759143,0.762,0.754,0.758571
0.76,0.762,0.763143,0.763143,0.758286,0.761143,0.766857,0.768,0.758286,0.762286
0.761143,0.756,0.764,0.761143,0.761143,0.752286,0.765143,0.760571,0.763429,0.763429


B:
0.0,0.0,0.0,0.0,0.0,0.0,0.0,0.0,0.0,0.0
0.0,0.0,0.0,0.0,0.0,0.0,0.0,0.0,0.0,0.0
0.0,0.0,0.0,0.0,0.0,0.0,0.0,0.0,0.0,0.0


========================================================
Test11 (DAC Calibration) results 2008-08-27 12:34:54
Board ID331 30 channels
Linux calibration (server mode)

Calibration DAC Range: [3100 - 3500]

A:
0.763143,0.765429,0.759143,0.762286,0.762286,0.767429,0.759143,0.762,0.754,0.758857
0.76,0.762,0.763143,0.763143,0.758286,0.761143,0.766571,0.768,0.758857,0.762286
0.761143,0.756,0.764,0.761143,0.761143,0.752286,0.765143,0.760857,0.763429,0.763429


B:
0.0,0.0,0.0,0.0,0.0,0.0,0.0,0.0,0.0,0.0
0.0,0.0,0.0,0.0,0.0,0.0,0.0,0.0,0.0,0.0
0.0,0.0,0.0,0.0,0.0,0.0,0.0,0.0,0.0,0.0


========================================================
Test11 (DAC Calibration) results 2008-08-27 14:51:07
Board ID331 30 channels
Linux calibration (server mode)

Calibration DAC Range: [3100 - 3500]

A:
0.763143,0.765429,0.759143,0.762286,0.762286,0.767429,0.759143,0.762,0.754,0.758571
0.76,0.762,0.763143,0.763143,0.758286,0.761143,0.766286,0.768,0.758571,0.762286
0.761143,0.756,0.764,0.761143,0.761143,0.752286,0.765143,0.760571,0.763429,0.763429


B:
0.0,0.0,0.0,0.0,0.0,0.0,0.0,0.0,0.0,0.0
0.0,0.0,0.0,0.0,0.0,0.0,0.0,0.0,0.0,0.0
0.0,0.0,0.0,0.0,0.0,0.0,0.0,0.0,0.0,0.0


========================================================
Test11 (DAC Calibration) results 2008-08-27 16:02:02
Board ID331 30 channels
Linux calibration (server mode)

Calibration DAC Range: [3100 - 3500]

A:
0.763143,0.765429,0.759143,0.762286,0.762286,0.767429,0.759143,0.762,0.754,0.758857
0.76,0.762,0.763143,0.763143,0.758286,0.761143,0.766857,0.768,0.758286,0.762286
0.761143,0.756,0.764,0.761143,0.761143,0.752286,0.765143,0.760857,0.763429,0.763429


B:
0.0,0.0,0.0,0.0,0.0,0.0,0.0,0.0,0.0,0.0
0.0,0.0,0.0,0.0,0.0,0.0,0.0,0.0,0.0,0.0
0.0,0.0,0.0,0.0,0.0,0.0,0.0,0.0,0.0,0.0


========================================================
Test11 (DAC Calibration) results 2008-08-27 16:15:20
Board ID331 30 channels
Linux calibration (server mode)

Calibration DAC Range: [3100 - 3500]

A:
0.763143,0.765429,0.759143,0.762286,0.762286,0.767429,0.759143,0.762,0.754,0.758571
0.76,0.762,0.763143,0.763143,0.758286,0.761143,0.766571,0.768,0.758286,0.762286
0.761143,0.756,0.764,0.761143,0.761143,0.752286,0.765143,0.760571,0.763429,0.763429


B:
0.0,0.0,0.0,0.0,0.0,0.0,0.0,0.0,0.0,0.0
0.0,0.0,0.0,0.0,0.0,0.0,0.0,0.0,0.0,0.0
0.0,0.0,0.0,0.0,0.0,0.0,0.0,0.0,0.0,0.0


========================================================
Test11 (DAC Calibration) results 2008-08-27 16:29:29
Board ID331 30 channels
Linux calibration (server mode)

Calibration DAC Range: [3100 - 3500]

A:
0.75,0.7475,0.74,0.745,0.7425,0.7475,0.7425,0.7425,0.735,0.74
0.74,0.7425,0.7425,0.75,0.7375,0.7475,0.75,0.7475,0.7375,0.75
0.745,0.74,0.75,0.7475,0.745,0.73,0.745,0.7425,0.7425,0.745


B:
46.0,62.7,67.0,60.5,69.2,69.7,58.2,68.2,66.5,66.0
70.0,68.2,72.2,46.0,72.7,47.7,59.0,71.7,72.7,43.0
56.5,56.0,49.0,47.7,56.5,78.0,70.5,64.2,73.2,64.5


========================================================
Test11 (DAC Calibration) results 2008-08-27 16:39:55
Board ID331 30 channels
Linux calibration (server mode)

Calibration DAC Range: [3100 - 3500]

A:
0.75,0.7475,0.74,0.745,0.7475,0.7475,0.735,0.7425,0.735,0.74
0.74,0.7425,0.7425,0.75,0.7375,0.7425,0.75,0.7475,0.7425,0.75
0.745,0.74,0.75,0.7475,0.745,0.73,0.745,0.7425,0.7475,0.745


B:
46.0,63.7,67.0,60.5,52.7,68.7,83.5,67.2,66.5,66.0
70.0,67.2,73.2,46.0,71.7,64.2,59.0,70.7,56.2,43.0
56.5,56.0,49.0,46.7,56.5,78.0,70.5,63.2,56.7,64.5


========================================================
Test11 (DAC Calibration) results 2008-08-27 17:01:29
Board ID331 30 channels
Linux calibration (server mode)

Calibration DAC Range: [3100 - 3500]

A:
0.75,0.7475,0.74,0.745,0.7475,0.7475,0.735,0.7475,0.735,0.74
0.74,0.7425,0.7425,0.75,0.7425,0.7425,0.75,0.7475,0.7375,0.75
0.745,0.74,0.75,0.7425,0.745,0.73,0.745,0.7475,0.74,0.745


B:
46.0,62.7,67.0,60.5,51.7,67.7,83.5,50.7,66.5,66.0
70.0,66.2,72.2,46.0,55.2,63.2,59.0,71.7,72.7,43.0
56.5,56.0,49.0,63.2,56.5,78.0,70.5,46.7,82.0,64.5


========================================================
Test11 (DAC Calibration) results 2008-08-28 14:20:07
Board ID331 30 channels
Linux calibration (server mode)

Calibration DAC Range: [3100 - 3500]

A:
0.75,0.7475,0.74,0.745,0.7525,0.75,0.735,0.7425,0.735,0.74
0.74,0.74,0.7475,0.75,0.7425,0.7475,0.75,0.7475,0.745,0.75
0.745,0.74,0.745,0.75,0.745,0.73,0.745,0.74,0.74,0.745


B:
46.0,63.7,67.0,60.5,35.3,61.0,83.5,67.2,66.5,66.0
70.0,76.0,55.7,46.0,56.2,46.7,59.0,70.7,48.5,43.0
56.5,56.0,66.5,39.0,56.5,78.0,70.5,72.0,82.0,64.5


========================================================
Test11 (DAC Calibration) results 2008-09-01 16:34:02
Board ID331 30 channels
Linux calibration (server mode)

Calibration DAC Range: [3100 - 3500]

A:
0.75,0.7475,0.74,0.745,0.7475,0.75,0.735,0.7475,0.735,0.74
0.74,0.74,0.7425,0.75,0.7425,0.74,0.75,0.7475,0.745,0.75
0.745,0.74,0.745,0.75,0.745,0.73,0.745,0.74,0.74,0.745


B:
46.0,62.7,67.0,60.5,52.7,61.0,83.5,50.7,66.5,66.0
70.0,76.0,72.2,46.0,55.2,72.0,59.0,71.7,48.5,43.0
56.5,56.0,66.5,39.0,56.5,78.0,70.5,72.0,82.0,64.5


