========================================================

Test10 results 09-25-2006  21:24:19
Board ID340  30 channels
HV Tests Software Ver.1.6.8

+5V 2501 - O'k
-5V 1353 - O'k
Interlock - On
Number of Samples: 400

Voltmeter channel: A=1.082837, B=17.325567

A:
Limits 1.1 +/- 0.1
1.073537,1.078167,1.075269,1.073537,1.070664,1.070664,1.074691,1.066667,1.075847,1.075847
1.074691,1.067236,1.073537,1.078749,1.076426,1.078167,1.076426,1.079331,1.085187,1.077586
1.076426,1.082251,1.074114,1.084011,1.069519,1.079331,1.076426,1.076426,1.071811,1.079914


B:
Limits 0.0 +/- 30.0
13.95582,4.312799,10.752512,16.102896,11.777308,11.777308,13.970869,10.666458,10.758329,13.985871
15.04556,10.672477,8.588134,2.157307,10.764252,16.172636,15.069958,7.555364,15.192614,10.775984
17.222809,6.493545,8.592949,11.924122,12.834341,12.952018,13.993531,8.6114,16.07733,12.958929
========================================================
Test10 (ADC Calibration) results 2007-12-11 15:54:46
Board ID340 30 channels
Linux calibration software

Voltmeter channel: A=1.07233, B=-1536.77

A:
1.0717,1.07792,1.07349,1.071,1.06902,1.06899,1.07436,1.06495,1.07446,1.07514
1.07351,1.06536,1.071,1.07665,1.07482,1.07557,1.07466,1.07647,1.08302,1.0749
1.07617,1.0802,1.05471,1.08399,1.06724,1.07704,1.07406,1.07603,1.06882,1.07778


B:
7.93857,-3.9627,3.27074,10.3887,5.83068,4.52521,7.06301,2.57265,4.78656,4.49871
7.37167,3.52255,4.11776,-4.50087,4.12176,10.7058,7.70445,2.95497,9.04443,6.12822
9.291,-0.09584,25.1365,4.62222,6.54069,7.54542,9.09768,2.04715,12.1179,5.69304


========================================================
Test10 (ADC Calibration) results 2008-01-19 15:04:13
Board ID340 30 channels
Linux calibration software

Voltmeter channel: A=1.07293, B=-1535.25

A:
1.0715,1.07738,1.07305,1.0715,1.06939,1.06959,1.07446,1.06556,1.07456,1.07484
1.07254,1.06482,1.07174,1.07671,1.07398,1.07577,1.07402,1.07593,1.08367,1.07456
1.07593,1.08016,1.06771,1.0835,1.06741,1.07744,1.07456,1.07698,1.06882,1.07873


B:
10.1942,-2.27317,4.22916,9.48024,5.96593,2.68837,7.73553,2.60575,4.38433,5.40877
9.40581,5.00098,2.70801,-3.77975,6.78393,10.8501,9.51513,4.04315,7.74008,8.16065
9.99467,0.355749,13.882,7.12136,6.52743,7.03556,7.38433,-0.0225048,12.718,4.01296


========================================================
Test10 (ADC Calibration) results 2008-06-17 15:59:19
Board ID340 30 channels
Linux calibration software

Voltmeter channel: A=1.07, B=0

A:
1.08782,1.09207,1.08963,1.08773,1.08593,1.08477,1.09017,1.0811,1.09026,1.09053
1.08899,1.08101,1.088,1.09289,1.09044,1.09235,1.09071,1.09289,1.09967,1.09198
1.09235,1.09654,1.08378,1.09801,1.08396,1.09307,1.0908,1.09117,1.08548,1.09462


B:
8.72761,-0.42041,4.45396,10.9859,5.25106,5.46002,7.44267,3.65504,5.39702,6.89194
8.52114,5.68339,2.90433,-3.799,5.23082,9.81415,9.56181,2.53982,8.8441,6.21466
9.81415,-0.380676,11.5725,7.05439,6.42156,8.27485,8.82414,1.29054,11.7438,5.54452


========================================================
Test10 (ADC Calibration) results 2008-06-20 22:47:11
Board ID340 30 channels
Linux calibration software

Voltmeter channel: A=1.07, B=0

A:
1.08782,1.09198,1.08981,1.08773,1.08557,1.08485,1.09035,1.08155,1.09008,1.09062
1.08926,1.08137,1.08782,1.09262,1.09071,1.09253,1.09108,1.09298,1.09967,1.09198
1.09226,1.09645,1.08351,1.09801,1.08396,1.09316,1.09089,1.05555,1.08566,1.09481


B:
8.29258,-0.555583,3.85158,10.9859,6.01637,5.37708,7.05817,3.02519,5.34554,7.02715
7.83685,4.70447,3.2885,-3.10959,5.19896,9.64777,8.7931,2.23759,8.8441,6.21466
9.67873,0.142398,11.6025,6.39548,6.20482,7.97314,8.30505,33.7264,11.1451,4.72063


========================================================
Test10 (ADC Calibration) results 2008-07-06 14:50:23
Board ID340 30 channels
Linux calibration software

Voltmeter channel: A=1.07, B=0

A:
1.08809,1.09216,1.0899,1.08791,1.08584,1.08477,1.09026,1.08128,1.08954,1.0908
1.08899,1.08155,1.08755,1.09307,1.09071,1.09226,1.09062,1.09335,1.09967,1.09226
1.09216,1.09645,1.08414,1.09838,1.08432,1.09344,1.09144,1.06041,1.08575,1.09426


B:
7.82658,-0.941494,4.20384,10.3856,5.11639,5.67692,7.14128,3.70585,6.28059,6.64253
8.52114,4.53925,3.75596,-3.96752,4.98087,10.3343,9.6444,1.90261,9.06425,5.52811
10.4169,-0.296343,10.8095,6.06041,5.65662,7.72302,7.58781,29.0292,11.0626,5.87863


========================================================
Test10 (ADC Calibration) results 2008-07-16 21:23:30
Board ID340 30 channels
Linux calibration software

Voltmeter channel: A=1.07, B=0

A:
1.08842,1.09266,1.09049,1.08823,1.08608,1.08589,1.09067,1.0818,1.08356,1.09105
1.08945,1.08226,1.08832,1.09351,1.09124,1.09313,1.09143,1.0936,1.10037,1.09284
1.09313,1.09702,1.08477,1.09883,1.08487,1.09379,1.09199,1.06925,1.08626,1.09493


B:
7.52643,-1.39483,3.66288,10.5284,5.54997,3.76794,6.97977,3.22544,11.1228,6.63372
8.32041,4.09364,2.824,-4.36824,3.84191,8.88127,8.68858,2.10576,8.20771,5.20592
8.88127,-0.820192,10.2268,5.42343,5.58449,6.96295,7.29707,21.0807,10.8091,5.7025


