========================================================

Test10 results 09-27-2006  20:00:01
Board ID353  30 channels
HV Tests Software Ver.1.6.8

+5V 2509 - O'k
-5V 1328 - O'k
Interlock - On
Number of Samples: 400

Voltmeter channel: A=1.079331, B=2.15871

A:
Limits 1.1 +/- 0.1
1.081081,1.077586,1.071237,1.081666,1.074691,1.073537,1.056524,1.076426,1.077586,1.073537
1.062699,1.080497,1.071237,1.079331,1.090513,1.071237,1.077006,1.073537,1.075269,1.072961
1.079914,1.076426,1.080497,1.086366,1.084011,1.070664,1.064963,1.075847,1.078749,1.067236


B:
Limits 0.0 +/- 30.0
7.567746,12.931156,10.712199,15.143361,11.821486,10.735209,14.791327,7.534973,16.163914,6.441059
6.376411,8.643984,9.640962,12.952018,2.181123,5.356012,3.230799,9.661671,3.22563,8.583851
8.639275,10.764252,10.804978,5.432007,18.428186,11.777308,23.429111,11.834177,15.102291,9.605241
========================================================
Test10 (ADC Calibration) results 2007-11-26 16:21:29
Board ID353 30 channels
Linux calibration software

Voltmeter channel: A=1.07173, B=-1492.91

A:
1.07858,1.07581,1.07011,1.08068,1.07297,1.07181,1.06403,1.07551,1.07808,1.07121
1.06003,1.07962,1.06914,1.07732,1.08804,1.06827,1.07654,1.07014,1.07257,1.0709
1.07778,1.07725,1.07922,1.08616,1.08714,1.06784,1.07161,1.07554,1.07886,1.06503


B:
1.3408,3.80694,0.195171,6.44828,3.59451,3.74276,7.79599,-2.63412,6.4506,-1.21597
0.521864,0.409534,1.88072,4.92615,-5.08012,0.148638,-5.58647,4.65944,-1.82037,0.885879
-0.55554,0.696013,1.28325,-4.76802,5.57885,5.02804,7.84107,2.6137,4.66792,0.953588


========================================================
Test10 (ADC Calibration) results 2007-11-27 15:27:34
Board ID353 30 channels
Linux calibration software

Voltmeter channel: A=1.07146, B=-1493.41

A:
1.07858,1.07591,1.06957,1.07964,1.07297,1.07097,1.07014,1.07541,1.07788,1.07077
1.0595,1.08006,1.0685,1.07688,1.08804,1.0689,1.07698,1.0696,1.07204,1.0708
1.07758,1.07651,1.07952,1.08561,1.08714,1.0674,1.07154,1.07534,1.07758,1.06557


B:
1.3408,2.60249,0.681371,7.78148,3.79446,5.01513,13.7296,-2.50621,6.02782,-0.657356
1.19707,0.0427206,3.1002,5.69008,-6.16817,-1.53411,-7.02275,5.34956,-2.20614,0.342184
0.500706,1.64875,0.897318,-3.87169,5.77919,5.58715,6.65257,3.6691,7.79025,-0.392958


========================================================
Test10 (ADC Calibration) results 2008-06-17 15:59:19
Board ID353 30 channels
Linux calibration software

Voltmeter channel: A=1.07, B=0

A:
1.09554,1.09135,1.08629,1.09654,1.08936,1.08764,1.08692,1.09135,1.09307,1.08701
1.07588,1.09563,1.08521,1.09353,1.10448,1.08477,1.09226,1.08683,1.08926,1.08737
1.09371,1.09216,1.09481,1.10151,1.10216,1.08441,1.08039,1.09126,1.09471,1.08093


B:
-0.11234,6.14324,0.791164,6.85674,3.39644,4.10743,9.12013,-1.27798,7.83772,0.123889
1.19459,0.679984,2.22386,5.23392,-4.80351,-1.04857,-5.17565,3.76843,-3.70946,0.00734091
1.12977,1.24284,2.74992,-3.18618,5.25723,5.14022,10.5824,3.17064,4.80365,1.87471


========================================================
Test10 (ADC Calibration) results 2008-07-16 21:23:30
Board ID353 30 channels
Linux calibration software

Voltmeter channel: A=1.07, B=0

A:
1.09664,1.09209,1.0872,1.09788,1.09058,1.0887,1.08795,1.09256,1.09407,1.08804
1.07663,1.09683,1.08626,1.09474,1.10595,1.0857,1.09303,1.08814,1.09001,1.08795
1.09464,1.09247,1.09559,1.10238,1.10267,1.08533,1.03857,1.09162,1.0955,1.08198


B:
-1.56656,5.68132,-0.0514118,5.63663,2.04987,2.91305,8.17471,-1.74433,6.48355,-0.833294
0.485485,-0.864579,1.0327,3.68652,-6.3812,-1.48824,-6.11635,2.34428,-4.1877,0.123989
0.271222,2.05705,2.46417,-3.76714,5.23033,4.06852,48.3653,3.27643,5.18047,0.889022


========================================================
Test10 (ADC Calibration) results 2008-07-19 11:34:37
Board ID353 30 channels
Linux calibration software

Voltmeter channel: A=1.07, B=0

A:
1.09626,1.0918,1.08711,1.09721,1.0903,1.08842,1.08767,1.09218,1.0937,1.08767
1.07627,1.09607,1.08608,1.09389,1.10595,1.08561,1.09247,1.08776,1.09011,1.08814
1.09445,1.09218,1.09569,1.102,1.1019,1.08533,1.03652,1.09133,1.09512,1.08189


B:
-0.777406,6.1598,0.0350213,6.46547,2.74608,3.60802,8.8682,-1.83235,7.04948,-0.485463
1.47454,0.0552224,1.42282,5.34512,-7.04488,-1.6183,-5.37139,3.12571,-4.27465,-0.920128
0.445547,1.22594,1.5004,-3.63422,5.9301,4.06852,48.182,3.75508,5.30992,0.975281


========================================================
Test10 (ADC Calibration) results 2008-07-19 14:46:21
Board ID353 30 channels
Linux calibration software

Voltmeter channel: A=1.07, B=0

A:
1.09626,1.09209,1.08673,1.09683,1.0902,1.08861,1.08748,1.09218,1.09351,1.08739
1.07663,1.09597,1.08608,1.09417,1.10566,1.0857,1.09284,1.08767,1.08973,1.08814
1.09474,1.09218,1.09521,1.10238,1.10209,1.08505,1.0355,1.09133,1.09521,1.08198


B:
-0.996487,5.68132,0.81649,7.47144,2.61512,3.43501,9.04028,-2.26899,7.44168,-0.00763869
0.485485,0.361553,1.42282,4.4276,-6.33618,-1.7052,-6.15955,3.64734,-3.70757,-0.920128
-0.0354884,1.00755,2.81297,-3.76714,4.87371,4.54431,50.3692,3.31866,5.00339,1.10576


========================================================
Test10 (ADC Calibration) results 2008-07-20 08:08:59
Board ID353 30 channels
Linux calibration software

Voltmeter channel: A=1.07, B=0

A:
1.09626,1.09237,1.08711,1.0974,1.09001,1.08861,1.08776,1.09237,1.0937,1.08776
1.07654,1.09635,1.08589,1.09436,1.10508,1.08561,1.09266,1.08767,1.08992,1.08804
1.09455,1.09247,1.0954,1.10248,1.08254,1.08505,1.03482,1.09152,1.09502,1.08217


B:
-1.21569,4.32899,0.25239,6.2915,3.22445,3.43501,8.34702,-2.66196,7.04948,-0.789946
0.786352,-0.207271,1.81367,4.25369,-5.36176,-1.6183,-5.54709,3.21238,-4.31826,-0.615739
0.576778,0.964581,2.20069,-4.07587,23.9707,4.32735,51.2038,3.36329,5.39634,0.500094


========================================================
Test10 (ADC Calibration) results 2008-07-20 17:40:55
Board ID353 30 channels
Linux calibration software

Voltmeter channel: A=1.07, B=0

A:
1.09626,1.09218,1.08711,1.09712,1.0902,1.08861,1.08739,1.09199,1.0937,1.08786
1.07636,1.09645,1.08608,1.09426,1.10537,1.08561,1.09266,1.08804,1.09001,1.08786
1.09464,1.09228,1.09559,1.10209,1.10248,1.08505,1.03533,1.09162,1.0954,1.08198


B:
-0.777406,5.1579,-0.182347,7.21082,2.39713,3.43501,9.56142,-1.43888,7.04948,-1.09482
0.958039,-0.514313,1.20566,4.55937,-5.62774,-1.40123,-5.32861,2.64839,-4.6236,-0.224479
0.0519621,1.13883,2.46417,-3.28195,4.74396,4.54431,50.7328,2.83963,4.61052,0.672803


========================================================
Test10 (ADC Calibration) results 2008-07-24 12:08:22
Board ID353 30 channels
Linux calibration software

Voltmeter channel: A=1.07, B=0

A:
1.09597,1.09152,1.08683,1.09654,1.09001,1.08823,1.08776,1.09152,1.0937,1.0872
1.07636,1.09616,1.08561,1.09379,1.10518,1.08552,1.09247,1.0872,1.08954,1.08757
1.09464,1.09218,1.0955,1.1019,1.10209,1.08505,1.0782,1.09143,1.09474,1.0818


B:
-0.514895,6.4196,0.0781306,6.63559,2.13443,3.1284,8.34702,-1.43969,6.6121,0.38324
0.527729,-0.0323133,2.07255,4.99395,-5.6714,-1.96585,-5.37139,4.29739,-3.53325,0.0359719
0.0519621,1.00755,1.67493,-3.5461,5.09408,4.11039,10.8834,3.44968,5.6571,0.845535


========================================================
Test10 (ADC Calibration) results 2009-02-09 11:01:05
Board ID353 30 channels
Host: ufcmshv3
Linux calibration software

Voltmeter channel: A=1.05812, B=-4.36285

A:
1.05169,1.04619,1.0546,1.05323,1.05725,1.04577,1.07137,1.05331,1.057,1.07137
1.06036,1.05597,1.04898,1.05246,1.0546,1.06934,1.04376,1.0614,1.06339,1.05537
1.04983,1.05657,1.05932,1.05408,1.04451,1.05691,1.04729,1.05008,1.04771,1.05212


B:
-0.161828,5.4888,-1.44394,5.75233,3.00902,2.96063,8.12601,-1.49108,6.63472,-0.0166394
0.929935,0.422574,2.21122,4.79272,-5.45145,-1.54672,-5.34731,3.98428,-3.41927,-0.486883
0.985243,0.276389,2.7539,-3.27597,3.11785,5.23601,1.72395,3.05341,5.3031,1.1171


