========================================================

Test11 results 09-27-2006  20:02:57
Board ID353  30 channels
HV Tests Software Ver.1.6.8

+5V 2507 - O'k
-5V 1327 - O'k
Interlock - On
Calibration DAC Range: [2500 - 2900]
Number of Samples: 400

A:
Limits 0.76 +/- 0.04
0.742115,0.743494,0.747664,0.740741,0.744879,0.747664,0.759013,0.744879,0.743494,0.747664
0.753296,0.742115,0.747664,0.742115,0.733945,0.749064,0.743494,0.746269,0.744879,0.746269
0.743494,0.744879,0.742115,0.742115,0.738007,0.747664,0.753296,0.746269,0.742115,0.750469


B:
Limits 60.0 +/- 30.0
63.114952,62.222721,65.526222,60.427067,66.177879,58.637718,54.802715,62.404015,64.62619,62.650932
74.041122,60.638218,60.720627,61.299889,78.674034,64.230377,74.961235,60.734272,71.862854,72.751457
60.911076,58.39502,60.638218,65.370468,67.1717,61.439995,45.659203,61.048012,60.49889,67.920433
========================================================
Test11 (DAC Calibration) results 2007-11-26 16:21:29
Board ID353 30 channels
Linux calibration software
Calibration DAC Range: [1100 - 2700]

A:
0.742459,0.74474,0.748713,0.741015,0.746338,0.747524,0.753367,0.744948,0.742804,0.747943
0.755073,0.742115,0.749766,0.743702,0.735632,0.749625,0.743494,0.749064,0.746617,0.747035
0.743011,0.744117,0.742391,0.741359,0.736241,0.75068,0.747664,0.744186,0.743011,0.751527


B:
73.1786,70.0242,73.5143,69.3961,72.2923,70.0616,62.4636,72.4181,74.1875,74.5699
79.8962,69.3506,65.3233,67.5934,84.8276,74.0629,83.643,64.0449,77.1348,82.538
75.3878,67.017,70.3044,77.6665,76.1829,63.7608,62.9906,76.7442,66.4717,77.1724


========================================================
Test11 (DAC Calibration) results 2007-11-27 15:27:34
Board ID353 30 channels
Linux calibration software
Calibration DAC Range: [1100 - 2700]

A:
0.742459,0.744671,0.748713,0.741359,0.746338,0.747733,0.749064,0.745018,0.742942,0.747873
0.755073,0.742184,0.749836,0.743633,0.735632,0.749555,0.743564,0.749064,0.746617,0.747105
0.743149,0.744255,0.742184,0.741359,0.736242,0.75061,0.748083,0.744325,0.743149,0.751527


B:
73.1786,70.1201,73.664,68.9184,72.143,69.6234,58.0524,72.3228,73.6999,74.6658
79.8962,69.1066,64.9263,67.5405,84.8276,74.0091,83.3999,64.0449,77.1348,82.1443
74.6028,66.8249,70.591,77.5182,76.0352,63.8583,62.5585,75.9583,65.9824,76.8719


