========================================================

Test10 results 09-23-2006  13:36:27
Board ID320  30 channels
HV Tests Software Ver.1.6.1

+5V 2506 - O'k
-5V 1313 - O'k
Interlock - On

Voltmeter channel: A=1.070664, B=10.706645

A:
Limits 1.1 +/- 0.1
1.075847,1.079914,1.078749,1.071237,1.070664,1.078167,1.083424,1.070664,1.078167,1.073537
1.077006,1.077006,1.071237,1.077006,1.064963,1.077586,1.072961,1.087548,1.084011,1.078749
1.068376,1.075847,1.082251,1.086366,1.075847,1.078749,1.070091,1.075847,1.078167,1.076426


B:
Limits 0.0 +/- 30.0
12.910025,10.799102,15.102291,10.712199,16.059963,12.938135,15.167946,20.342619,15.094469,12.882283
14.000859,20.462894,16.068386,18.308884,19.16926,12.931156,12.875696,18.488453,14.092143,16.18104
10.683776,11.834177,14.069302,15.209301,15.061719,11.866045,9.630627,17.213413,16.172636,12.917105
========================================================
Test10 (ADC Calibration) results 2008-04-18 10:25:01
Board ID320 30 channels
Linux calibration software

Voltmeter channel: A=1.05772, B=-1474.53

A:
1.07394,1.07836,1.07726,1.069,1.0681,1.07686,1.08102,1.0717,1.07542,1.07143
1.07499,1.075,1.0695,1.07476,1.0645,1.07373,1.07224,1.08656,1.0818,1.07616
1.06547,1.07326,1.0812,1.08442,1.07346,1.0758,1.0675,1.07596,1.07423,1.0753


B:
6.76933,6.50642,9.19614,5.12798,11.2191,8.83301,9.60978,10.7221,10.3812,7.50011
8.14085,13.3248,7.6926,13.4045,9.85958,10.7354,5.90449,12.0344,7.48661,10.7321
6.87465,6.98323,6.09559,10.0241,9.52606,7.4453,5.06002,6.54057,14.5457,5.86278


========================================================
Test10 (ADC Calibration) results 2008-06-19 12:08:44
Board ID320 30 channels
Linux calibration software

Voltmeter channel: A=1.07, B=0

A:
1.0908,1.09607,1.09488,1.0862,1.08549,1.09607,1.09881,1.08926,1.09225,1.08908
1.0927,1.09206,1.08629,1.09333,1.08218,1.09197,1.08962,1.10491,1.09891,1.09397
1.08191,1.09016,1.09753,1.10222,1.09143,1.09324,1.08459,1.09279,1.09206,1.09225


B:
5.75915,5.27569,7.24178,3.70064,9.3598,7.02951,6.4866,9.57345,9.44509,5.383
5.31335,13.1067,7.96258,10.8497,6.78733,7.0744,6.84368,7.97854,6.18274,7.85949
6.38657,5.90692,6.56452,7.55446,7.13877,5.90429,4.33056,5.01126,11.7959,6.38662


========================================================
Test10 (ADC Calibration) results 2008-07-17 09:50:45
Board ID320 30 channels
Linux calibration software

Voltmeter channel: A=1.07, B=0

A:
1.09161,1.09719,1.09577,1.08692,1.08627,1.097,1.09967,1.09067,1.09312,1.08954
1.09321,1.09312,1.08692,1.09397,1.08357,1.09255,1.09001,1.10572,1.09938,1.09472
1.08227,1.0902,1.09824,1.10283,1.09198,1.09378,1.08524,1.09349,1.09283,1.09302


B:
5.01019,4.24253,7.3061,3.9042,8.42124,5.95334,6.36259,8.49642,8.42673,5.39386
5.06031,11.7061,7.38229,10.2707,4.84721,6.10683,6.70409,7.89777,5.96493,8.04398
5.18874,6.53076,6.13509,7.21714,7.06449,5.84991,3.72544,4.36166,11.0912,5.89052


========================================================
Test10 (ADC Calibration) results 2008-07-19 11:33:18
Board ID320 30 channels
Linux calibration software

Voltmeter channel: A=1.07, B=0

A:
1.09114,1.09672,1.09539,1.08664,1.08599,1.09662,1.09948,1.0901,1.09274,1.08973
1.0933,1.0933,1.08664,1.09368,1.08283,1.09246,1.09001,1.10534,1.09957,1.09463
1.08162,1.09076,1.09805,1.10264,1.09217,1.09368,1.08524,1.09312,1.09255,1.09274


B:
5.66304,4.89924,7.87372,3.7296,8.67967,6.30246,5.87747,9.01577,8.77359,4.56695
4.53607,11.3145,7.6416,10.5308,5.97087,6.19335,6.04998,8.02801,5.5702,7.03621
6.00818,5.13761,6.30976,7.39208,6.45403,5.49966,3.07458,4.70997,11.1324,5.71387


========================================================
Test10 (ADC Calibration) results 2008-07-19 17:28:33
Board ID320 30 channels
Linux calibration software

Voltmeter channel: A=1.07, B=0

A:
1.09123,1.097,1.09529,1.08673,1.08608,1.09653,1.09929,1.0902,1.09274,1.08935
1.09293,1.09312,1.08664,1.09378,1.08292,1.09236,1.08945,1.10514,1.09948,1.09434
1.08144,1.09048,1.09776,1.10264,1.09189,1.09359,1.08496,1.0933,1.09255,1.09274


B:
5.35764,3.97868,7.74139,3.64279,8.59336,6.60896,6.05242,9.14701,8.77359,5.13172
5.10283,11.2687,7.85888,10.4437,5.66822,6.06161,7.44178,8.42444,6.31716,7.2974
5.74738,6.05231,6.79176,7.83303,7.36991,5.80551,3.98512,4.09859,11.3507,5.93275


========================================================
Test10 (ADC Calibration) results 2008-07-20 15:54:11
Board ID320 30 channels
Linux calibration software

Voltmeter channel: A=1.07, B=0

A:
1.09114,1.09691,1.09539,1.08664,1.08599,1.09653,1.09957,1.09029,1.09274,1.08963
1.09302,1.09302,1.08664,1.09368,1.08292,1.09217,1.09001,1.10534,1.09948,1.09463
1.08135,1.09048,1.09805,1.10254,1.0917,1.09368,1.08524,1.09321,1.09255,1.09264


B:
5.66304,4.50461,7.65431,3.94726,8.46265,7.04785,5.5702,8.62454,8.99208,4.43515
4.7975,11.3556,7.42445,10.3118,6.10128,6.89118,6.04998,8.24902,5.65763,7.25508
5.83382,5.39791,6.52931,7.9211,7.32485,5.71834,3.50844,4.84173,11.1324,5.80072


========================================================
Test10 (ADC Calibration) results 2008-07-24 14:52:16
Board ID320 30 channels
Linux calibration software

Voltmeter channel: A=1.07, B=0

A:
1.09104,1.09653,1.0952,1.08664,1.08589,1.09672,1.09957,1.0901,1.09274,1.08963
1.09302,1.09293,1.08701,1.09387,1.08283,1.09255,1.0901,1.10524,1.09948,1.09416
1.08125,1.09067,1.09786,1.10264,1.09189,1.09378,1.08496,1.09274,1.09274,1.09236


B:
5.09515,5.29318,7.60939,3.29505,8.98276,6.21525,5.34995,8.79781,8.55509,4.21739
4.36001,11.8789,6.86123,10.3573,5.75448,5.66965,5.74547,7.89453,5.87747,7.9092
6.56851,5.00634,6.26495,7.17172,6.71467,5.19381,3.55085,5.27688,11.1776,6.28003


========================================================
Test10 (ADC Calibration) results 2008-07-24 21:41:51
Board ID320 30 channels
Linux calibration software

Voltmeter channel: A=1.07, B=0

A:
1.09104,1.09681,1.0952,1.08673,1.08617,1.09681,1.09957,1.09038,1.09302,1.08963
1.09302,1.09302,1.08655,1.09349,1.08301,1.09236,1.09001,1.10553,1.09919,1.09463
1.08116,1.09048,1.09805,1.10283,1.09208,1.09378,1.08533,1.09321,1.09293,1.09302


B:
5.74989,4.37334,8.26662,3.42549,8.2899,6.12807,5.79006,8.75587,8.07657,4.65302
5.45304,11.7927,7.72785,10.704,6.01484,6.06161,6.48614,7.85232,6.35973,7.47434
5.7896,5.61596,6.30976,7.21714,6.97782,5.19381,3.42211,4.84173,10.3485,5.01605


========================================================
Test10 (ADC Calibration) results 2008-08-12 21:57:53
Board ID320 30 channels
Linux calibration software

Voltmeter channel: A=1.07, B=0

A:
1.09151,1.09738,1.09586,1.08692,1.08627,1.09872,1.09948,1.09095,1.0934,1.09038
1.09378,1.0934,1.08692,1.09444,1.08311,1.09255,1.09095,1.10582,1.09986,1.09472
1.08107,1.09076,1.09843,1.10293,1.09264,1.09406,1.08543,1.09321,1.09274,1.09312


B:
5.53375,4.94552,7.87658,3.9042,8.63844,6.13748,6.31716,8.67308,7.94786,4.39433
4.10003,11.6653,7.81722,10.4937,6.14526,6.10683,6.27305,8.25219,5.08744,7.6062
6.30798,5.35571,5.74067,7.57049,6.45653,4.93214,3.118,4.84173,11.3964,6.02205


