========================================================

Test10 results 10-17-2005  13:14:18
Board ID091  36 channels
HV Tests Software Ver.1.6

+5V 3096 - O'k
-5V 1388 - O'k
Interlock - On

Voltmeter channel: A=1.072961, B=6.437928

A:
Limits 1.1 +/- 0.1
1.063264,1.067236,1.064963,1.066098,1.070664,1.072961,1.072386,1.079331,1.075269,1.063264,1.070664,1.070091
1.084599,1.070664,1.072386,1.075269,1.072386,1.067236,1.06553,1.067806,1.066098,1.064396,1.064963,1.074691
1.062699,1.061008,1.068376,1.066098,1.075269,1.057082,1.070091,1.068947,1.061571,1.077006,1.06553,1.078167


B:
Limits 0.0 +/- 35.0
2.126417,17.075891,19.16926,6.39654,16.059963,17.167542,10.723982,5.396702,16.128857,13.822324,13.918636,18.191355
6.507732,11.777308,18.230684,7.526706,5.362052,10.672477,9.589919,14.949322,11.727031,12.772942,7.45467,12.896177
10.627208,5.304968,16.025656,12.793129,9.677243,27.484285,8.560535,18.172138,9.554155,11.846848,14.917569,15.094469
========================================================
Test10 (ADC Calibration) results 2007-06-11 21:02:27
Board ID91 36 channels
Linux calibration software

Voltmeter channel: A=1.05998, B=12.216

A:
1.08103,1.08388,1.08453,1.08499,1.08928,1.09165,1.09086,1.09877,1.09387,1.08137,1.09149,1.09086
1.10178,1.09038,1.06444,1.09687,1.09165,1.0907,1.08327,1.08816,1.08691,1.08357,1.08786,1.09339
1.08056,1.07836,1.08722,1.08769,1.09704,1.07034,1.09276,1.09244,1.08087,1.09466,1.08642,1.09719


B:
-34.9183,-4.23422,-22.4412,-36.3666,-24.9112,-23.3913,-28.4999,-35.2092,-19.8309,-25.6021,-25.7721,-28.4999
-29.8289,-27.1884,63.6063,-30.9361,-35.0032,-32.294,-23.2415,-24.8759,-23.1941,-28.2321,-15.922,-15.5565
-28.9711,-31.2802,-20.2572,-25.6396,-33.1158,6.99118,-34.7824,-23.9021,-33.5792,-24.6421,-15.2047,-24.2273


========================================================
Test10 (ADC Calibration) results 2007-06-12 17:27:18
Board ID91 36 channels
Linux calibration software

Voltmeter channel: A=1.06738, B=5.24907

A:
1.07494,1.06377,1.07727,1.07719,1.08141,1.08501,1.08313,1.09153,1.08812,1.07526,1.0846,1.08288
1.09559,1.06892,1.07207,1.09075,1.08397,1.07288,1.0717,1.07196,1.0642,1.07596,1.0672,1.08871
1.07337,1.07128,1.08106,1.07698,1.08921,1.06997,1.0854,1.0854,1.07294,1.08911,1.07379,1.09114


B:
-15.2863,12.5048,0.193922,-10.6147,0.575237,-1.03356,-4.30198,-12.8695,-1.61414,-5.85884,-3.16929,-2.28093
-9.97485,7.98664,11.6018,-10.2616,-9.8561,4.28008,5.08383,17.1625,11.27,-4.59636,4.44397,-4.08112
-5.36342,-8.98734,-1.75237,7.2361,-7.94459,6.28984,-10.0519,-0.58411,-7.45643,-6.77613,7.36662,-5.05766


========================================================
Test10 (ADC Calibration) results 2007-07-12 17:44:07
Board ID91 36 channels
Linux calibration software

Voltmeter channel: A=1.07172, B=7.59226

A:
1.06318,1.05224,1.06607,1.06614,1.06892,1.07273,1.07161,1.07932,1.07662,1.06438,1.07303,1.07101
1.08334,1.05709,1.06064,1.08014,1.0721,1.0607,1.06014,1.06153,1.05318,1.06431,1.0544,1.07662
1.06219,1.06011,1.07071,1.06537,1.07916,1.06216,1.07519,1.07542,1.06113,1.07688,1.06228,1.0795


B:
-1.1815,25.8283,13.5047,1.89063,15.9584,14.1457,9.69719,1.71642,11.9384,6.7868,10.3973,12.2746
4.72221,23.5312,25.2337,4.74017,4.57739,18.6091,19.7589,29.1484,23.3178,9.45622,19.2244,9.8618
7.78094,3.57835,10.1465,22.2883,3.7276,18.008,3.10711,12.7241,7.71042,7.84445,22.709,6.93137


========================================================
Test10 (ADC Calibration) results 2007-10-24 15:12:51
Board ID91 36 channels
Linux calibration software

Voltmeter channel: A=1.07271, B=6.15016

A:
1.06308,1.05132,1.06534,1.06544,1.06905,1.07213,1.07107,1.07869,1.07582,1.06355,1.07313,1.07058
1.0828,1.05784,1.06011,1.08038,1.07117,1.0608,1.05954,1.06173,1.05338,1.06464,1.0543,1.07632
1.06087,1.06064,1.07051,1.06557,1.07803,1.06014,1.07509,1.07449,1.06074,1.07658,1.06225,1.0791


B:
-1.51466,28.0305,14.8465,3.9313,14.7169,14.2459,10.3912,1.86227,13.5024,8.06668,9.79421,13.0387
6.02452,21.2298,25.9181,2.95021,6.19044,17.6179,20.6752,28.4283,22.6599,7.96221,19.0999,9.7756
11.5102,2.23366,10.2048,22.3628,5.88062,19.6386,3.23654,14.7392,7.16517,7.7582,10.9493,7.45242


