========================================================

Test11 results 10-17-2005  13:15:38
Board ID091  36 channels
HV Tests Software Ver.1.6

+5V 3097 - O'k
-5V 1388 - O'k
Interlock - On
Calibration DAC Range: [2500 - 2900]


A:
Limits 0.76 +/- 0.04
0.750469,0.743494,0.746269,0.747664,0.740741,0.743494,0.742115,0.736648,0.742115,0.747664,0.743494,0.742115
0.735294,0.744879,0.740741,0.740741,0.743494,0.743494,0.746269,0.744879,0.747664,0.747664,0.746269,0.743494
0.75188,0.749064,0.744879,0.744879,0.739372,0.753296,0.744879,0.744879,0.750469,0.738007,0.749064,0.738007


B:
Limits 60.0 +/- 40.0
48.137989,53.841343,54.154682,51.302181,63.930576,44.885647,51.582096,62.216522,39.208378,51.720005,45.427113,51.517776
50.436634,42.503963,53.870716,55.714973,51.133289,56.22303,55.025024,50.927498,49.55751,52.667908,58.698433,37.76582
40.064972,62.529259,50.201351,53.895374,56.202148,36.520897,49.750893,45.493301,53.393288,51.355167,44.294605,45.841011
========================================================
Test11 (DAC Calibration) results 2007-06-11 21:02:27
Board ID91 36 channels
Linux calibration software
Calibration DAC Range: [2400 - 2900]

A:
0.736498,0.73456,0.732953,0.733809,0.72976,0.728174,0.729866,0.723456,0.726699,0.735097,0.729442,0.729866
0.721482,0.730184,0.746786,0.724708,0.729336,0.729972,0.733809,0.731672,0.731353,0.734775,0.730715,0.725859
0.736822,0.737146,0.73114,0.731992,0.725754,0.741497,0.728596,0.728807,0.736606,0.726175,0.732846,0.724499


B:
84.1566,63.9385,87.3545,89.1065,90.6753,86.3494,82.4256,94.7886,78.1633,83.3671,77.2389,82.4256
86.8631,78.2921,20.2264,91.736,86.3571,81.2169,83.1913,80.6212,84.6897,85.5532,78.5661,78.7523
81.3786,91.5796,84.1272,78.0034,86.4545,63.8638,87.7626,79.8404,90.3398,80.0565,75.9517,79.7149


========================================================
Test11 (DAC Calibration) results 2007-06-12 17:27:18
Board ID91 36 channels
Linux calibration software
Calibration DAC Range: [1100 - 2700]

A:
0.740896,0.747926,0.737092,0.738243,0.734265,0.732559,0.733829,0.72818,0.731193,0.739567,0.73393,0.734366
0.725846,0.744325,0.741032,0.728345,0.733628,0.741579,0.742024,0.741476,0.746883,0.738717,0.745153,0.730794
0.741237,0.741579,0.735238,0.738751,0.729733,0.743224,0.732659,0.733027,0.741169,0.730529,0.742058,0.728807


B:
68.8168,53.1537,73.1574,73.2439,74.4659,70.6528,68.2836,78.4723,62.0953,67.3549,61.132,66.2873
71.0574,53.3791,60.2209,78.6756,71.0479,56.9453,61.6353,53.991,59.8887,71.7015,62.8915,63.8976
65.6861,76.2774,69.5945,56.3649,71.7191,59.1421,72.7721,64.5257,74.1151,64.274,57.0833,64.3221


========================================================
Test11 (DAC Calibration) results 2007-07-12 17:44:07
Board ID91 36 channels
Linux calibration software
Calibration DAC Range: [1100 - 2700]

A:
0.748713,0.756501,0.745573,0.746269,0.743218,0.740947,0.742459,0.736784,0.739372,0.747873,0.74184,0.742873
0.734417,0.752658,0.749766,0.735497,0.742115,0.750469,0.750117,0.749134,0.755073,0.747175,0.754575,0.739372
0.749415,0.749766,0.74308,0.747175,0.737259,0.749064,0.739987,0.740192,0.749415,0.738825,0.750469,0.737395


B:
60.4868,41.6548,61.4166,62.6867,61.7243,59.4145,56.102,67.3237,51.5712,56.1185,50.2967,54.1832
59.0381,41.6125,48.0787,66.921,59.1094,44.8406,50.5861,43.5715,49.3914,59.9326,50.3866,52.3105
54.5668,65.6232,58.9448,44.5408,61.3491,49.8127,61.7981,53.3679,62.8104,53.5279,44.9906,52.899


========================================================
Test11 (DAC Calibration) results 2007-10-24 15:12:51
Board ID91 36 channels
Linux calibration software
Calibration DAC Range: [1100 - 2700]

A:
0.748783,0.756787,0.745712,0.746756,0.743494,0.741359,0.742459,0.736852,0.739919,0.748083,0.741771,0.742804
0.734417,0.75287,0.749766,0.7357,0.742391,0.750399,0.750539,0.748994,0.754931,0.747314,0.754646,0.739577
0.749977,0.749766,0.743218,0.747035,0.737667,0.750117,0.740056,0.740466,0.749695,0.73903,0.750117,0.737667


B:
59.94,40.4975,60.9249,60.366,61.3382,58.5394,56.102,66.9338,49.6114,55.6762,49.9489,54.1318
58.5974,40.7115,48.0787,66.9303,58.4261,44.7893,49.0948,43.3198,49.8914,59.7385,49.6839,51.5761
52.2828,65.3233,58.9,43.6922,61.0696,49.0859,61.7021,52.388,62.4214,52.7945,54.3367,52.5126


========================================================
Test11 (ADC Calibration) results 2008-06-17 18:39:44
Board ID091 36 channels
Linux calibration software

Calibration DAC Range: [1000 - 3500]

A:
0.7368,0.744,0.734,0.7348,0.7312,0.7296,0.7308,0.7252,0.728,0.736,0.7296,0.7308
0.7228,0.7408,0.7372,0.724,0.7304,0.738,0.7388,0.7372,0.7436,0.7356,0.7424,0.7276
0.7388,0.7388,0.7316,0.7348,0.726,0.7404,0.7288,0.728,0.738,0.7276,0.7384,0.7264


B:
59.1999,44.9999,59.9999,60.2001,61.8001,57.4,55.2001,65.8,49.0001,55,49.4,54.2001
58.1999,43.1999,50.7999,66.0001,57.5999,47.0001,51.2,46.7999,50.4,59.4,52.6,51.4001
51.2,63.2,57.4,47.2001,59,47.5999,60.2,53.0001,61.0001,51.4001,46.6001,51.5999


========================================================
Test11 (ADC Calibration) results 2008-07-16 22:38:23
Board ID091 36 channels
Linux calibration software

Calibration DAC Range: [1000 - 3500]

A:
0.7364,0.7436,0.7336,0.734,0.7308,0.7292,0.7296,0.7248,0.7276,0.736,0.7296,0.7304
0.7224,0.74,0.7368,0.724,0.7292,0.7376,0.7376,0.7368,0.7424,0.7352,0.7416,0.7276
0.7376,0.738,0.7312,0.7344,0.7256,0.7404,0.7284,0.7284,0.7372,0.7268,0.7376,0.726


B:
59.6,45.4,60.3999,61.9999,62.2001,57.8,57.4,66.2,49.4001,55,48.4,54.5999
58.6,44,51.1999,67.0001,59.8,47.3999,53.3999,47.1999,52.6,59.8,53.4001,51.4001
53.3999,64.0001,57.8001,47.6001,60.4,47.5999,61.6,52.6,62.7999,52.1999,48.3999,52


========================================================
Test11 (ADC Calibration) results 2008-07-20 18:58:34
Board ID091 36 channels
Linux calibration software

Calibration DAC Range: [1000 - 3500]

A:
0.7364,0.7436,0.7336,0.7344,0.7308,0.7292,0.73,0.7248,0.7272,0.7356,0.7288,0.7308
0.7228,0.7404,0.7368,0.724,0.7296,0.7376,0.7384,0.7368,0.7432,0.7352,0.742,0.7276
0.7372,0.738,0.7312,0.7344,0.726,0.7412,0.7296,0.7284,0.7372,0.7272,0.738,0.726


B:
59.6,45.4,60.3999,61.6001,62.2001,58.8,56.9999,66.2,50.8001,55.4,50.2,53.2001
58.1999,43.5999,51.1999,67.0001,59.4,47.3999,51.6001,47.1999,50.8,59.8,53.0001,51.4001
54.7999,64.0001,57.8001,47.6001,59,46.8001,60.4,52.6,62.7999,51.8001,47.0001,52


