========================================================

Test10 results 10-08-2005  19:21:20
Board ID072  36 channels
HV Tests Software Ver.1.6.1

+5V 3047 - O'k
-5V 1358 - O'k
Interlock - On

Voltmeter channel: A=1.068376, B=9.6154

A:
Limits 1.1 +/- 0.1
1.081081,1.075269,1.086366,1.078167,1.086366,1.064396,1.068947,1.074691,1.082251,1.071237,1.075847,1.081666
1.075847,1.071811,1.081666,1.084011,1.085187,1.076426,1.075847,1.085187,1.075847,1.093494,1.074114,1.074114
1.088732,1.087548,1.072386,1.089325,1.070664,1.072386,1.082837,1.070664,1.074691,1.074114,1.084599,1.086957


B:
Limits 0.0 +/- 30.0
4.324503,12.903049,4.345641,12.938135,11.950203,27.674484,12.827404,8.597414,11.9048,19.282097,10.758329,4.326704
15.061719,8.57465,14.061695,13.008133,11.937052,8.6114,12.910025,16.277802,8.606635,12.028476,12.889404,6.444721
11.975979,9.788074,10.723982,10.893338,9.635981,5.362052,14.077056,11.777308,15.04556,8.592949,10.846127,8.695728
========================================================
Test10 (ADC Calibration) results 2008-03-03 10:11:10
Board ID72 36 channels
Linux calibration software

Voltmeter channel: A=1.06577, B=8.53287

A:
1.07856,1.07392,1.08516,1.07827,1.08502,1.06345,1.06812,1.07386,1.08307,1.07375,1.0736,1.07398
1.0752,1.07026,1.08059,1.08317,1.08444,1.07473,1.07829,1.08471,1.07435,1.09202,1.07223,1.07256
1.08786,1.08714,1.07117,1.08765,1.07066,1.071,1.08207,1.06995,1.07253,1.07337,1.08737,1.08551


B:
2.09661,8.78726,1.74667,7.07898,10.2431,18.1839,9.36804,5.92043,9.58017,13.9226,10.0684,9.52027
11.7958,4.82477,8.94062,9.41868,7.86489,6.68446,7.8222,12.9933,6.98523,9.42519,10.993,3.15355
8.17256,4.64224,8.53379,7.91644,5.89916,1.86248,12.4099,7.8677,13.7533,5.91578,7.52186,4.59848


========================================================
Test10 (ADC Calibration) results 2008-03-07 11:00:47
Board ID72 36 channels
Linux calibration software

Voltmeter channel: A=1.06506, B=9.13394

A:
1.07835,1.07372,1.08481,1.07766,1.04611,1.06934,1.06782,1.07375,1.08287,1.07345,1.0736,1.07388
1.07445,1.06965,1.08033,1.08232,1.08388,1.07473,1.07683,1.08461,1.07364,1.09186,1.07213,1.07107
1.08786,1.08693,1.07107,1.08744,1.07036,1.07165,1.08217,1.0707,1.07168,1.07317,1.08707,1.08531


B:
2.35274,9.04384,1.38149,7.84113,-600.936,16.0958,9.75145,5.84887,9.83594,14.308,10.0684,8.57341
12.3324,5.59021,8.19167,10.6919,8.15769,6.28456,9.45633,12.7201,7.87463,8.32995,10.5214,6.09634
7.0847,3.81028,8.46172,8.172,4.80734,-0.414606,11.4828,5.05689,14.8229,6.17057,8.10462,3.76835


========================================================
Test10 (ADC Calibration) results 2008-03-12 05:35:22
Board ID72 36 channels
Linux calibration software

Voltmeter channel: A=1.06591, B=8.28288

A:
1.07945,1.07372,1.08537,1.07766,1.06728,1.0704,1.06802,1.0745,1.08297,1.07365,1.07415,1.07433
1.07445,1.0704,1.07998,1.08242,1.08409,1.07473,1.07754,1.08461,1.0747,1.09237,1.07223,1.07215
1.08786,1.08714,1.07053,1.08765,1.0711,1.071,1.08232,1.0707,1.07168,1.07372,1.08813,1.08561


B:
-0.107708,9.04384,1.09261,8.91879,18.8373,18.3707,9.49593,4.9017,9.70806,14.0509,9.38733,7.81766
13.8071,4.65226,9.70544,10.5645,7.90231,6.28456,8.76378,12.7201,5.48174,8.9827,10.7931,4.73459
8.17256,4.64224,9.34561,7.51653,4.4781,1.66215,12.1035,6.12759,14.8229,4.41242,6.57278,4.4707


========================================================
Test10 (ADC Calibration) results 2008-05-13 14:55:13
Board ID72 36 channels
Linux calibration software

Voltmeter channel: A=1.06608, B=8.88295

A:
1.07945,1.07365,1.08516,1.0775,1.06717,1.06999,1.06816,1.07454,1.08291,1.07424,1.07398,1.07311
1.0752,1.07029,1.07992,1.08332,1.08478,1.07372,1.07748,1.08541,1.07473,1.09232,1.07135,1.0728
1.08811,1.08708,1.07067,1.08724,1.0711,1.07178,1.08358,1.07562,1.07182,1.07477,1.08742,1.08555


B:
1.05119,9.39817,1.63189,8.72328,19.8315,19.3525,10.1926,4.85388,10.8657,13.3138,9.59425,9.81707
12.071,5.05008,10.662,8.63773,6.62667,8.63357,9.11962,11.3237,6.50876,8.45203,11.9723,2.72563
7.46288,4.51416,9.44358,8.91432,4.5492,0.484963,8.52606,13.9411,15.521,2.16207,9.95356,4.34385


========================================================
Test10 (ADC Calibration) results 2008-05-13 15:55:55
Board ID72 36 channels
Linux calibration software

Voltmeter channel: A=1.06595, B=9.33248

A:
1.07955,1.07454,1.08537,1.06684,1.06717,1.07033,1.06826,1.07434,1.08332,1.07424,1.07429,1.07117
1.075,1.0705,1.08067,1.08342,1.08499,1.07436,1.07748,1.08486,1.07429,1.09186,1.06999,1.0729
1.08801,1.08708,1.07162,1.088,1.0711,1.07189,1.08348,1.07511,1.07233,1.07487,1.08732,1.08566


B:
0.92331,7.60306,1.37793,20.455,19.4312,19.324,10.0649,5.11102,9.9547,13.3138,9.01355,12.032
12.3249,4.79499,8.83809,8.51015,6.17097,6.54732,8.91981,13.0976,6.86497,10.1134,13.0826,2.99851
7.79011,4.51416,6.9769,7.56525,4.5492,0.358097,9.05299,16.0558,14.6812,2.0345,7.68115,4.01622


========================================================
Test10 (ADC Calibration) results 2008-06-16 13:15:45
Board ID072 36 channels
Linux calibration software

Voltmeter channel: A=1.07, B=0

A:
1.0827,1.07741,1.08859,1.07137,1.0719,1.07411,1.07146,1.07759,1.08687,1.07705,1.07678,1.07589
1.07839,1.07349,1.08397,1.08659,1.08741,1.07768,1.08117,1.08841,1.07705,1.09529,1.07216,1.07545
1.0906,1.09006,1.07394,1.09106,1.07332,1.0742,1.08569,1.07947,1.07562,1.07714,1.09033,1.08932


B:
1.09921,8.78505,1.10522,16.9111,15.5676,17.4004,9.5443,5.60345,8.99585,14.714,11.5135,9.31864
11.5469,6.37472,10.1225,9.4617,8.71578,8.32317,8.13364,12.5923,6.95931,9.41938,13.6084,4.13623
8.64081,5.43378,9.61607,8.87959,6.10968,2.4953,11.5916,12.9373,14.9429,5.5847,9.54486,5.01064


========================================================
Test10 (ADC Calibration) results 2008-06-17 07:08:50
Board ID072 36 channels
Linux calibration software

Voltmeter channel: A=1.07, B=0

A:
1.0951,1.08957,1.10097,1.08364,1.08427,1.08615,1.08364,1.08993,1.09922,1.08939,1.08921,1.08687
1.09083,1.08579,1.09675,1.09904,1.10014,1.09038,1.09356,1.10097,1.0893,1.10793,1.08418,1.08768
1.10356,1.10236,1.08642,1.10337,1.08561,1.08669,1.0983,1.09156,1.08813,1.08948,1.10319,1.10171


B:
0.314685,8.469,0.18914,16.2999,14.2087,17.043,8.71444,4.64898,8.16873,13.4281,10.3253,9.21327
10.7964,5.21036,8.45046,8.33617,7.11074,6.84923,6.99132,11.419,6.32124,8.2115,12.5557,3.24706
6.86541,5.09236,8.10571,8.13716,4.94188,1.55435,10.5428,12.3159,13.7118,4.41186,7.64335,3.9193


