========================================================

Test11 results 10-08-2005  19:23:22
Board ID072  36 channels
HV Tests Software Ver.1.6.1

+5V 3047 - O'k
-5V 1359 - O'k
Interlock - On
Calibration DAC Range: [2500 - 2900]


A:
Limits 0.76 +/- 0.04
0.753296,0.759013,0.750469,0.753296,0.749064,0.764818,0.761905,0.757576,0.754717,0.761905,0.754717,0.754717
0.756144,0.759013,0.753296,0.750469,0.750469,0.756144,0.756144,0.749064,0.754717,0.744879,0.759013,0.757576
0.747664,0.747664,0.759013,0.747664,0.760456,0.757576,0.75188,0.759013,0.757576,0.759013,0.753296,0.749064


B:
Limits 60.0 +/- 30.0
68.422668,54.006084,71.779411,72.906586,69.661644,51.570473,63.319702,63.466972,59.096729,49.896709,75.897659,67.975525
69.141281,72.207764,63.632,66.521729,65.166451,70.664093,67.616814,70.475075,77.520782,65.468819,58.084484,74.645096
69.704819,70.431122,65.807663,64.99012,73.936028,81.850761,67.431671,69.656837,63.259083,65.317719,62.382145,68.124374
========================================================
Test11 (DAC Calibration) results 2008-03-03 10:11:10
Board ID72 36 channels
Linux calibration software
Calibration DAC Range: [1100 - 2700]

A:
0.753792,0.757432,0.749204,0.753225,0.748923,0.764891,0.761542,0.757863,0.751033,0.757935,0.756501,0.757002
0.756144,0.760023,0.752375,0.750962,0.750469,0.756859,0.754361,0.749134,0.756358,0.744879,0.759013,0.758006
0.746965,0.748223,0.759374,0.747873,0.758581,0.758725,0.750962,0.76024,0.758797,0.757432,0.749204,0.749344


B:
74.8423,67.6197,82.4313,78.6271,75.7721,62.8072,70.395,67.6392,70.3341,62.3875,77.9669,76.533
74.8203,75.4892,73.761,72.083,71.107,74.9101,74.0688,75.3347,78.1602,71.3222,66.2239,79.7233
78.1512,75.6827,71.0488,72.4222,85.1697,85.2805,74.9367,71.5479,65.7593,75.194,73.5907,74.8969


========================================================
Test11 (DAC Calibration) results 2008-03-07 11:00:47
Board ID72 36 channels
Linux calibration software
Calibration DAC Range: [1100 - 2700]

A:
0.753935,0.757576,0.749064,0.75365,0.776774,0.760673,0.76176,0.757935,0.751174,0.75815,0.756501,0.757074
0.756287,0.760456,0.752941,0.751174,0.750469,0.756859,0.755002,0.749204,0.756859,0.745365,0.759085,0.758294
0.746965,0.748363,0.759446,0.748013,0.758797,0.758653,0.750892,0.760095,0.759013,0.757576,0.749415,0.749485


B:
74.6489,67.4243,83.221,78.05,549.422,63.6587,70.1009,67.693,70.1408,62.0924,77.9669,76.436
74.9291,74.905,72.9882,71.6431,71.4071,75.2128,73.3484,75.5387,77.4833,70.8003,66.5811,79.3364
78.1512,75.4911,71.103,72.23,85.1845,85.6804,75.6336,72.3516,65.4649,75,73.1523,74.7049


========================================================
Test11 (DAC Calibration) results 2008-03-12 05:35:22
Board ID72 36 channels
Linux calibration software
Calibration DAC Range: [1100 - 2700]

A:
0.753935,0.757576,0.749064,0.75365,0.76176,0.760312,0.761615,0.757791,0.751103,0.758006,0.756501,0.757146
0.756287,0.760312,0.7528,0.751103,0.750328,0.756859,0.754503,0.749204,0.756501,0.745018,0.759013,0.758294
0.746965,0.748223,0.759446,0.747873,0.758653,0.758725,0.751174,0.760095,0.759013,0.757576,0.749064,0.749274


B:
74.6489,67.4243,82.9213,78.05,68.5774,61.4141,70.297,67.8885,70.2374,62.2891,77.9669,76.4906
74.6265,75.0997,73.1815,71.7396,71.6,75.2128,73.8753,75.5387,77.9669,71.1307,66.3756,79.3364
78.1512,75.6827,70.9512,72.7213,84.9217,85.4325,74.6478,72.3516,65.4649,75,73.7828,74.9929


========================================================
Test11 (DAC Calibration) results 2008-05-13 14:55:13
Board ID72 36 channels
Linux calibration software
Calibration DAC Range: [1100 - 2700]

A:
0.753935,0.758006,0.749204,0.754148,0.761832,0.760601,0.761905,0.75815,0.751527,0.758366,0.757002,0.758006
0.756144,0.760384,0.753225,0.751244,0.75061,0.757576,0.754931,0.749415,0.756859,0.745434,0.760023,0.758222
0.747175,0.748643,0.759734,0.748153,0.758653,0.758941,0.75068,0.757002,0.759301,0.757217,0.749555,0.749695


B:
75.4028,67.4436,83.3303,77.6774,68.6315,61.4756,70.0571,67.3995,69.6571,61.7974,77.29,75.7817
75.4253,75.6107,72.7519,72.1476,71.5145,74.2424,73.8983,75.5504,77.4833,71.0025,65.7609,80.343
78.1636,75.2573,71.1681,72.4868,85.6804,85.2955,76.8227,65.935,65.2239,76.9995,72.0604,74.5664


========================================================
Test11 (DAC Calibration) results 2008-05-13 15:55:55
Board ID72 36 channels
Linux calibration software
Calibration DAC Range: [1100 - 2700]

A:
0.753864,0.75815,0.749064,0.761687,0.761832,0.760746,0.761832,0.758294,0.751244,0.758366,0.756787,0.759374
0.756287,0.760239,0.753083,0.751174,0.750469,0.757504,0.754931,0.749415,0.756787,0.745365,0.760601,0.75815
0.747245,0.748643,0.759446,0.748013,0.758653,0.758869,0.750751,0.757361,0.758941,0.757146,0.749625,0.749625


B:
75.4994,66.9445,83.5206,68.6757,68.9365,60.9738,70.1551,67.2037,70.3445,61.7974,77.7314,74.0863
75.2316,75.8055,72.795,72.2441,71.8575,74.491,74.0492,75.5504,77.7314,71.0986,65.4307,80.1366
77.9189,75.2573,71.7106,72.9781,85.6804,85.3918,76.4267,65.1425,65.8667,77.0963,73.7631,74.8125


========================================================
Test11 (ADC Calibration) results 2008-06-17 04:20:31
Board ID072 36 channels
Linux calibration software

Calibration DAC Range: [1000 - 3500]

A:
0.7512,0.7548,0.7468,0.7576,0.758,0.7572,0.7592,0.7552,0.748,0.756,0.754,0.7556
0.7536,0.758,0.75,0.748,0.748,0.7544,0.7516,0.746,0.7544,0.7424,0.7584,0.7556
0.7448,0.7456,0.7572,0.7452,0.7564,0.7564,0.7484,0.754,0.756,0.7548,0.7464,0.746


B:
73.7999,67.1999,81.2,71.4,70.9999,62.8,69.8001,66.7999,70.9999,60.0001,77,75.4001
74.4,72.9999,72,71.9999,69.9999,73.5999,74.3999,76,77.5999,70.6,64.5999,79.4001
77.2001,74.4001,69.8,71.8001,84.6,83.6,74.6001,66,66.0001,74.1999,73.6,75


========================================================
Test11 (ADC Calibration) results 2008-06-17 07:43:31
Board ID072 36 channels
Linux calibration software

Calibration DAC Range: [1000 - 3500]

A:
0.7428,0.7464,0.738,0.7496,0.7492,0.7484,0.7508,0.7464,0.74,0.7472,0.7452,0.748
0.7444,0.7488,0.7408,0.7396,0.7392,0.7456,0.7432,0.7376,0.7456,0.7336,0.75,0.7468
0.7356,0.7376,0.748,0.7372,0.7484,0.748,0.74,0.7452,0.7476,0.7464,0.738,0.7376


B:
74.2,67.6,84.0001,70.4,71.8,63.6001,69.2,68.6,71,60.8,77.8001,74.9999
76.5999,75.2001,74.1999,73.4,71.8,74.4001,74.8,76.3999,78.4001,72.3999,65,80.2
79.4,74.3999,71.9999,71.7999,83.6001,83.9999,75,67.8001,65.3999,74.6,74.0001,76.3999


========================================================
Test11 (ADC Calibration) results 2008-07-28 12:43:15
Board ID072 36 channels
Linux calibration software

Calibration DAC Range: [1000 - 3500]

A:
0.7424,0.746,0.7376,0.7496,0.7488,0.7488,0.75,0.7464,0.7392,0.7464,0.7456,0.7468
0.7448,0.7488,0.7408,0.7392,0.7388,0.7456,0.7432,0.738,0.7456,0.734,0.7488,0.7472
0.7364,0.7372,0.748,0.7368,0.748,0.748,0.7392,0.7448,0.7468,0.7452,0.738,0.7372


B:
74.6,68,83.3999,70.4,72.2001,62.2001,71,67.6,71.8,62.6,76.4001,76.2
75.2001,75.2001,74.1999,72.8,72.2,74.4001,73.8,75.0001,77.4001,70.9999,66.2001,78.8
76.6,75.7999,70.9999,71.2,83.9999,82.9999,76.8,68.2001,67.2,76.8001,74.0001,75.7999


