========================================================

Test10 results 07-04-2005  14:16:00
Board ID352  30 channels
HV Tests Software Ver.1.6

+5V 2513 - O'k
-5V 1397 - O'k
Interlock - On

Voltmeter channel: A=1.073537, B=8.588134

A:
Limits 1.1 +/- 0.1
1.071811,1.074114,1.075269,1.059322,1.067806,1.071811,1.078167,1.074114,1.067806,1.06383
1.073537,1.091703,1.071811,1.082251,1.077586,1.071811,1.068376,1.071811,1.074691,1.081081
1.066098,1.078749,1.070664,1.084599,1.067236,1.079331,1.077586,1.081666,1.075847,1.072961


B:
Limits 0.0 +/- 30.0
-3.215274,1.074152,5.376168,8.474706,5.339071,3.215594,6.469132,1.074152,13.881516,7.446837
10.735209,-1.907349e-006,4.287405,1.082289,3.232881,1.071971,8.547024,5.359216,7.522722,5.405584
9.594834,-0.000191,3.211998,6.507732,8.538006,6.476033,6.465639,6.490035,9.682483,4.292006
========================================================

Test10 results 09-06-2005  14:23:48
Board ID352  30 channels
HV Tests Software Ver.1.6

+5V 2511 - O'k
-5V 1397 - O'k
Interlock - On

Voltmeter channel: A=1.073537, B=9.661671

A:
Limits 1.1 +/- 0.1
1.071811,1.074114,1.077006,1.059322,1.067806,1.071811,1.079331,1.075269,1.069519,1.064963
1.074114,1.092299,1.074691,1.081666,1.077006,1.073537,1.068947,1.072386,1.075269,1.059883
1.067236,1.078749,1.070664,1.085187,1.067806,1.078749,1.078167,1.082837,1.077006,1.074114


B:
Limits 0.0 +/- 35.0
2.143782,2.148266,2.153793,10.593349,6.406877,5.359216,5.396702,-0.000176,10.695304,5.324745
10.741177,-1.09249,4.298649,3.245038,3.230799,-3.220777,8.551615,6.434438,7.526706,12.718815
7.470769,2.157307,5.353326,6.511116,7.474683,9.708548,6.469132,6.497197,8.615829,3.22238
