========================================================

Test11 results 07-04-2005  14:17:42
Board ID352  30 channels
HV Tests Software Ver.1.6

+5V 2511 - O'k
-5V 1397 - O'k
Interlock - On
Calibration DAC Range: [2500 - 2900]


A:
Limits 0.76 +/- 0.04
0.742115,0.742115,0.738007,0.753296,0.749064,0.740741,0.738007,0.740741,0.743494,0.744879
0.739372,0.728597,0.742115,0.739372,0.740741,0.740741,0.744879,0.740741,0.740741,0.738007
0.744879,0.738007,0.742115,0.738007,0.744879,0.738007,0.736648,0.733945,0.740741,0.739372


B:
Limits 60.0 +/- 30.0
61.986744,56.55278,64.748848,40.828068,37.249641,62.546028,55.505379,58.900917,54.703915,65.729599
64.750229,58.748104,62.056679,40.830227,51.979622,64.202927,53.313622,61.751575,51.794254,50.039692
56.350056,57.776516,61.777298,52.084347,55.627728,53.855133,66.126907,57.949047,47.012718,67.131523
========================================================

Test11 results 09-06-2005  14:26:15
Board ID352  30 channels
HV Tests Software Ver.1.6

+5V 2511 - O'k
-5V 1397 - O'k
Interlock - On
Calibration DAC Range: [2500 - 2900]


A:
Limits 0.76 +/- 0.04
0.742115,0.742115,0.738007,0.753296,0.746269,0.742115,0.739372,0.739372,0.742115,0.743494
0.739372,0.729927,0.739372,0.736648,0.739372,0.742115,0.743494,0.743494,0.739372,0.750469
0.747664,0.739372,0.743494,0.736648,0.744879,0.738007,0.736648,0.736648,0.739372,0.739372


B:
Limits 60.0 +/- 40.0
58.077412,55.026516,63.892105,40.828068,47.205967,57.28167,50.928352,63.422394,59.326653,70.205482
64.02169,52.767002,64.087036,49.872807,56.263344,58.941643,54.772709,51.997673,55.467831,50.127758
45.719528,51.045502,55.775593,54.986,54.832657,53.058926,63.864449,45.936703,50.015327,64.815933
========================================================
Test11 (DAC Calibration) results 2008-06-03 05:25:28
Board ID352 30 channels
Linux calibration software
Calibration DAC Range: [1100 - 2700]

A:
0.740398,0.740056,0.738962,0.752233,0.745782,0.741771,0.737463,0.739645,0.742873,0.746896
0.740056,0.728996,0.739713,0.735767,0.73903,0.741702,0.74384,0.741427,0.739919,0.751456
0.745921,0.737327,0.742597,0.737327,0.745087,0.736784,0.738212,0.734484,0.739167,0.740466


B:
70.6987,72.803,71.513,56.6525,59.7836,68.9383,67.699,72.7809,65.7721,70.3297
72.0629,66.8672,74.0175,63.0093,69.0532,71.5559,64.2771,68.6747,65.0017,61.4879
63.1703,67.7418,68.8296,63.1704,65.0741,68.9446,69.7517,63.4963,61.1754,72.3806


========================================================
Test11 (DAC Calibration) results 2008-06-03 05:35:54
Board ID352 30 channels
Linux calibration software
Calibration DAC Range: [1100 - 2700]

A:
0.740398,0.740192,0.738962,0.752233,0.745712,0.741702,0.737599,0.739645,0.743011,0.746965
0.739782,0.729062,0.739713,0.735632,0.73903,0.741702,0.744117,0.741565,0.739987,0.751103
0.745921,0.737327,0.742666,0.737463,0.745226,0.73692,0.738212,0.734754,0.73903,0.740329


B:
70.6987,72.3169,71.513,56.6525,60.1792,69.034,67.5087,73.0772,65.2828,69.9346
73.035,66.7731,74.0175,63.4943,69.0532,71.7042,63.594,68.1869,64.7581,62.2761
63.1703,67.7418,68.7337,62.8319,64.7322,68.4597,69.7517,62.8215,61.5151,72.5708


========================================================
Test11 (DAC Calibration) results 2008-06-03 05:56:30
Board ID352 30 channels
Linux calibration software
Calibration DAC Range: [1100 - 2700]

A:
0.740398,0.740329,0.738894,0.752233,0.745782,0.741771,0.737463,0.739713,0.742873,0.746826
0.739919,0.728929,0.739713,0.7357,0.73903,0.741771,0.743909,0.741496,0.73985,0.751033
0.745921,0.737327,0.742528,0.737327,0.745157,0.736988,0.738212,0.735159,0.739098,0.740466


B:
70.6987,71.8305,71.7556,56.6525,59.7836,68.9383,67.8467,72.8339,65.7721,70.4255
72.5489,67.107,74.0175,63.2518,69.0532,71.6088,63.7344,68.5791,65.2456,62.0728
63.1703,67.7418,69.2222,63.3179,64.9775,68.2173,69.7517,62.2494,61.271,72.2325


========================================================
Test11 (ADC Calibration) results 2008-12-01 11:08:02
Board ID352 30 channels
Host: ufcmshv3
Linux calibration software

Calibration DAC Range: [1000 - 3500]

A:
0.7548,0.7524,0.7608,0.768,0.7584,0.7444,0.754,0.7648,0.7668,0.7636
0.7624,0.7624,0.7472,0.7652,0.756,0.768,0.762,0.7552,0.76,0.7628
0.7696,0.7576,0.7692,0.766,0.7612,0.7596,0.7632,0.764,0.7488,0.7468


B:
66.1999,64.6001,66.2,51,52.5999,62.5999,63,66.2,58.2,62.4
68.6001,60.6001,67.8,56.7999,61.0001,65,57.9999,61.7999,60,61.2001
56.4001,60.4,60.7999,56.0001,55.8,62.4001,64.8,56,56.2001,65.2


========================================================
Test11 (ADC Calibration) results 2008-12-01 11:30:58
Board ID352 30 channels
Host: ufcmshv3
Linux calibration software

Calibration DAC Range: [1000 - 3500]

A:
0.7552,0.7524,0.7612,0.768,0.7572,0.744,0.754,0.7652,0.7664,0.7628
0.7628,0.7632,0.7468,0.7652,0.7556,0.7676,0.762,0.7556,0.76,0.7628
0.7688,0.7576,0.768,0.7652,0.7616,0.7596,0.7632,0.7636,0.7488,0.7468


B:
63.7999,64.6001,65.8,51,54.8,62.9999,63,64.7999,59.6001,64.2001
67.2001,58.8001,68.2,56.7999,61.4001,65.4,56.9999,61.4001,59,61.2001
58.1999,60.4,63,56.7999,55.3999,61.4001,65.8,57.4,56.2001,65.2


========================================================
Test11 (ADC Calibration) results 2008-12-01 13:48:22
Board ID352 30 channels
Host: ufcmshv3
Linux calibration software

Calibration DAC Range: [1000 - 3500]

A:
0.7552,0.7528,0.7612,0.7676,0.7576,0.7444,0.7544,0.7648,0.7664,0.7628
0.7628,0.7624,0.7468,0.7648,0.7556,0.7676,0.762,0.7552,0.76,0.762
0.7692,0.7576,0.7684,0.7652,0.7616,0.76,0.7632,0.7636,0.7488,0.7476


B:
64.7999,64.2,65.8,52.4,55.4,62.5999,61.5999,66.2,59.6001,65.2001
67.2001,60.6001,69.2,58.2,61.4001,66.4,57.9999,61.7999,59,62.9999
56.7999,60.4,62.6,57.7999,55.3999,61,64.8,57.4,56.2001,63.3999


