========================================================

Test10 results 01-18-2006  12:49:25
Board ID159  36 channels
HV Tests Software Ver.1.6

+5V 2511 - O'k
-5V 1354 - O'k
Interlock - On

Voltmeter channel: A=1.078167, B=9.703633

A:
Limits 1.1 +/- 0.1
1.071811,1.078167,1.075847,1.067806,1.086366,1.084011,1.074691,1.084011,1.074691,1.081666,1.068376,1.074114
1.078167,1.075269,1.075269,1.082837,1.078167,1.082837,1.082251,1.077006,1.084599,1.078167,1.084599,1.077586
1.085776,1.080497,1.083424,1.077006,1.079331,1.082251,1.089918,1.078167,1.070664,1.076426,1.089918,1.075269


B:
Limits 0.0 +/- 35.0
11.790084,10.781801,13.985871,11.745905,13.03657,13.008133,13.970869,10.840111,11.821486,10.816698,10.683776,11.81529
10.781801,13.978319,9.677243,11.911382,9.703633,9.745708,11.9048,8.615829,14.099923,10.781801,9.761528,14.008742
14.115096,12.965973,13.001099,10.769841,11.872686,14.069302,8.719347,9.703633,10.706645,11.840678,9.809265,10.752512
========================================================
Test10 (ADC Calibration) results 2007-10-25 15:42:56
Board ID159 36 channels
Linux calibration software

Voltmeter channel: A=1.0778, B=13.0804

A:
1.07155,1.07839,1.0758,1.06787,1.08554,1.08384,1.0751,1.08428,1.07544,1.08133,1.06791,1.07349
1.07781,1.0755,1.0749,1.08317,1.07735,1.08207,1.08167,1.07661,1.08494,1.07871,1.08488,1.07805
1.08675,1.08137,1.08478,1.07671,1.08076,1.08338,1.0898,1.07821,1.07032,1.07661,1.08925,1.0738


B:
8.6153,6.54484,10.6688,9.12456,10.9352,10.4069,10.0715,6.66967,6.08667,7.06629,9.01301,8.00117
8.40162,8.68227,5.85376,8.45363,7.99432,8.55139,9.98375,5.49671,9.8769,6.44502,6.35091,8.33844
9.2504,6.85122,5.39489,8.73841,5.6612,8.11292,6.0506,6.93111,7.92463,7.06693,6.29839,10.4683


