========================================================

Test11 results 01-18-2006  12:47:23
Board ID159  36 channels
HV Tests Software Ver.1.6

+5V 2512 - O'k
-5V 1353 - O'k
Interlock - On
Calibration DAC Range: [2500 - 2900]


A:
Limits 0.76 +/- 0.04
0.749064,0.744879,0.746269,0.750469,0.740741,0.742115,0.747664,0.740741,0.746269,0.742115,0.754717,0.747664
0.744879,0.746269,0.746269,0.742115,0.746269,0.743494,0.742115,0.743494,0.739372,0.744879,0.742115,0.743494
0.739372,0.743494,0.742115,0.746269,0.744879,0.740741,0.738007,0.746269,0.749064,0.746269,0.740741,0.747664


B:
Limits 60.0 +/- 40.0
60.385944,60.29977,58.716831,66.498283,54.461899,56.231365,58.878483,59.891766,64.099037,65.594223,50.459496,63.619099
61.103207,62.574253,64.179207,59.379917,58.949314,56.375141,61.510239,73.280563,62.801979,62.710262,57.840248,65.427406
61.456272,59.305195,57.035805,59.52013,56.428619,63.035213,59.777569,56.535419,65.032661,60.323425,62.175838,57.994648
========================================================
Test11 (DAC Calibration) results 2007-10-25 15:42:56
Board ID159 36 channels
Linux calibration software
Calibration DAC Range: [1100 - 2700]

A:
0.749204,0.745573,0.746617,0.752162,0.739919,0.741084,0.747105,0.741152,0.747245,0.742804,0.752516,0.748223
0.745226,0.746826,0.747245,0.741909,0.745921,0.742666,0.742942,0.74606,0.740329,0.744602,0.740741,0.745434
0.739098,0.743149,0.740809,0.74599,0.743564,0.741771,0.737395,0.744948,0.750821,0.74606,0.741496,0.748013


B:
65.9488,62.7586,60.7093,65.0245,62.19,63.3718,64.3631,64.0171,65.2158,68.245,63.785,66.704
65.6264,64.6002,66.7103,64.2956,65.408,65.0204,63.1502,69.393,64.5754,67.0887,66.6668,63.5482
65.8536,66.2796,66.571,64.5655,65.5544,63.7459,66.9095,65.1178,64.6175,65.8119,66.3546,63.2539


========================================================
Test11 (ADC Calibration) results 2008-06-17 18:39:44
Board ID159 36 channels
Linux calibration software

Calibration DAC Range: [1000 - 3500]

A:
0.7368,0.7336,0.7344,0.74,0.7272,0.7492,0.736,0.7356,0.7356,0.7312,0.7404,0.736
0.7332,0.7328,0.7352,0.73,0.734,0.7304,0.7312,0.7352,0.7284,0.7332,0.7284,0.7332
0.7272,0.732,0.7296,0.7312,0.7316,0.792,0.726,0.7328,0.7388,0.7384,0.73,0.7356


B:
65.2,63.3999,63.6001,66,63.8001,48.8,63,57.4,64.4,68.8001,64.5999,68
66.7999,64.2,66.8,64.9999,65.9999,65.5999,63.8001,68.8,65.6,66.7999,67.6,64.7999
66.8001,65,66.4,63.8001,64.4,12,66,66.2,65.2,61.6001,63.9999,64.4


========================================================
Test11 (ADC Calibration) results 2008-06-20 23:07:15
Board ID159 36 channels
Linux calibration software

Calibration DAC Range: [1000 - 3500]

A:
0.7364,0.7332,0.7348,0.74,0.7276,0.7484,0.7356,0.7436,0.7352,0.7312,0.7408,0.7368
0.7336,0.732,0.736,0.7304,0.734,0.7304,0.7308,0.7356,0.7284,0.7328,0.7284,0.7336
0.7276,0.7316,0.7296,0.7312,0.7316,0.806,0.7256,0.7332,0.7384,0.7392,0.7296,0.736


B:
66.6,63.8,62.2001,66,63.4001,55.6001,65.4,49.4,65.8,68.8001,64.1999,66.2
66.3999,66,65,64.5999,65.9999,65.5999,65.2001,68.4,65.6,68.2,67.6,64.3999
66.4001,66.4,66.4,63.8001,64.4,24,67.4,65.7999,66.6001,61.8,65.4,64


========================================================
Test11 (ADC Calibration) results 2008-07-16 22:38:23
Board ID159 36 channels
Linux calibration software

Calibration DAC Range: [1000 - 3500]

A:
0.7356,0.7324,0.7344,0.7392,0.7268,0.7432,0.7348,0.7412,0.7344,0.7312,0.74,0.736
0.7332,0.7304,0.7352,0.7296,0.7336,0.7296,0.7304,0.7348,0.7276,0.7324,0.7276,0.7332
0.7264,0.7312,0.7292,0.7276,0.7304,0.8956,0.7252,0.7324,0.7388,0.7412,0.7292,0.7356


B:
66.4,64.6,62.6001,66.8,64.1999,54.8,65.2001,55.8001,65.6001,68.8001,65,68
66.7999,65.5999,66.8,65.4,66.3999,67.4,64.5999,70.2001,66.4001,67.6,67.4001,64.7999
68.5999,66.8001,66.8,65.4001,65.5999,-26.6001,67.8,66.6,65.2,59.8001,65.8,64.4


========================================================
Test11 (ADC Calibration) results 2008-07-20 18:58:34
Board ID159 36 channels
Linux calibration software

Calibration DAC Range: [1000 - 3500]

A:
0.7352,0.7328,0.7352,0.7396,0.7268,0.7428,0.7352,0.7416,0.7344,0.7308,0.74,0.7356
0.7332,0.7304,0.7352,0.7296,0.7336,0.73,0.7304,0.7356,0.7284,0.7324,0.7272,0.7336
0.7268,0.7316,0.7292,0.7276,0.73,0.9176,0.726,0.7324,0.7384,0.7432,0.7292,0.7352


B:
66.8,64.2,60.8,66.4,64.1999,58.2,64.8,56.4001,65.6001,69.2001,65,68.4
66.7999,64.5999,66.8,66.4,66.3999,65.9999,64.5999,68.4,64.6,67.6,67.8001,64.3999
68.1999,65.4,66.8,64.4001,65.9999,-54.5999,66,66.6,65.6001,57.8,65.8,64.8


========================================================
Test11 (ADC Calibration) results 2008-07-24 15:42:31
Board ID159 36 channels
Linux calibration software

Calibration DAC Range: [1000 - 3500]

A:
0.7356,0.7332,0.7344,0.7396,0.7268,0.748,0.7352,0.7488,0.734,0.7308,0.74,0.736
0.7328,0.7304,0.7352,0.7296,0.734,0.7296,0.73,0.7348,0.7276,0.7324,0.7272,0.7332
0.7268,0.7308,0.7292,0.7276,0.7304,0.9112,0.726,0.7324,0.738,0.7416,0.7292,0.7348


B:
66.4,62.8,62.6001,66.4,64.1999,54.9999,64.8,49.2001,66.9999,69.2001,65,68
67.2,64.5999,65.8,66.4,64.9999,67.4,64.9999,70.2001,66.4001,67.6,67.8001,64.7999
67.1999,67.2001,66.8,64.4001,64.5999,-32.2,66,66.6,67.0001,59.4001,65.8,65.2001


========================================================
Test11 (ADC Calibration) results 2008-07-24 20:06:50
Board ID159 36 channels
Linux calibration software

Calibration DAC Range: [1000 - 3500]

A:
0.736,0.7328,0.7344,0.7392,0.7268,0.746,0.7348,0.748,0.7344,0.7304,0.74,0.736
0.7332,0.7308,0.7356,0.7296,0.734,0.7292,0.73,0.7352,0.728,0.7328,0.7272,0.7336
0.7272,0.7316,0.7292,0.7276,0.73,0.7384,0.7252,0.7328,0.738,0.7416,0.7292,0.7352


B:
65,63.2,62.6001,65.8,64.1999,55,65.2001,49.9999,65.6001,69.5999,65,67
66.7999,64.2001,65.4,65.4,65.9999,67.8,64.9999,68.8,65.0001,66.2,67.8001,63.3999
66.8001,65.4,65.8,64.4001,65.9999,58.6001,66.8,65.2,66.0001,59.4001,65.8,63.8


========================================================
Test11 (ADC Calibration) results 2009-01-13 10:34:02
Board ID159 36 channels
Host: ufcmshv3
Linux calibration software

Calibration DAC Range: [1000 - 3500]

A:
0.7656,0.7684,0.7732,0.7712,0.7636,0.7744,0.774,0.7704,0.7652,0.7696,0.7688,0.7732
0.7624,0.7728,0.764,0.7688,0.772,0.7704,0.7692,0.7712,0.762,0.758,0.7612,0.7656
0.7668,0.7564,0.7712,0.7712,0.7696,0.75,0.762,0.766,0.7712,0.7632,0.7748,0.7608


B:
66.3999,63.6,62.8001,66.8,62.4,63.6,68,64.6,65.7999,67.4001,63.1999,66.8001
65.6001,65.1999,66,67.1999,66.9999,66.6,63.7999,68.8,66.9999,67.9999,67.8,64.3999
68.2001,67.6,65.8,63.8,64.4001,58,65.9999,65.0001,64.8,65.8,64.2,64.2


