========================================================

Test11 results 03-22-2005  16:01:11
Board ID302  30 channels
HV Tests Software Ver.1.6

+5V 2502 - O'k
-5V 1307 - O'k
Interlock - On
Calibration DAC Range: [2500 - 2900]


A:
Limits 0.76 +/- 0.04
0.753296,0.756144,0.754717,0.754717,0.756144,0.740741,0.747664,0.757576,0.754717,0.75188
0.749064,0.753296,0.75188,0.744879,0.764818,0.761905,0.756144,0.756144,0.75188,0.750469
0.75188,0.759013,0.750469,0.747664,0.75188,0.756144,0.756144,0.759013,0.75188,0.756144


B:
Limits 60.0 +/- 30.0
53.947292,60.422001,71.822815,64.777191,61.639656,60.49398,65.562004,63.926586,60.845699,66.549828
64.028847,57.268158,61.80542,54.522049,54.520702,51.94656,54.671173,59.614166,68.255875,65.073929
60.3727,62.265728,69.361092,59.527943,65.558395,67.883568,64.662567,67.692596,58.040146,58.220394
========================================================
Test11 (DAC Calibration) results 2007-09-07 10:33:17
Board ID302 30 channels
Linux calibration software
Calibration DAC Range: [1100 - 2700]

A:
0.751597,0.753438,0.755287,0.755287,0.756144,0.73903,0.748433,0.756859,0.754006,0.751597
0.749064,0.75195,0.750258,0.743356,0.76205,0.76147,0.752941,0.754219,0.750821,0.75061
0.750117,0.759013,0.751597,0.745295,0.752021,0.756931,0.75643,0.758653,0.750117,0.756287


B:
63.3974,72.7634,73.8669,67.0693,66.3515,69.0532,65.5161,68.401,65.5042,70.6123
67.0412,66.6698,68.3955,62.5719,62.8502,58.4617,63.8023,70.7928,75.129,67.1609
69.339,66.6793,68.0572,67.6171,66.4224,68.7575,66.8683,72.0246,67.0887,59.0471


========================================================
Test11 (DAC Calibration) results 2008-02-16 15:32:51
Board ID302 30 channels
Linux calibration software
Calibration DAC Range: [1100 - 2700]

A:
0.75195,0.753864,0.755572,0.755929,0.756501,0.739303,0.748853,0.757576,0.754361,0.751668
0.749625,0.752092,0.750821,0.743287,0.762486,0.765917,0.753509,0.754361,0.757863,0.751244
0.750399,0.759446,0.752233,0.745851,0.752587,0.757576,0.756501,0.759013,0.750469,0.756859


B:
63.0604,72.484,74.0838,66.3423,65.8628,69.2635,65.0848,67.4243,65.0165,70.9668
66.2669,66.626,67.6208,63.8577,62.5618,55.2896,63.4735,71.0514,65.6687,66.5883
69.2526,67.0021,67.1838,66.9961,65.9454,68.1818,67.3758,71.8405,66.6042,58.5619


