========================================================
Test10 (ADC Calibration) results 2014-01-19 19:51:39
Board IDXXX 30 channels
Host: ufcmshv1
Linux calibration software

Voltmeter channel: A=1.09534, B=7.90604

A:
1.12054,1.07961,1.08556,1.08258,1.07639,1.07657,1.10016,1.0842,1.08756,1.11459
1.1251,1.08538,1.10408,1.09249,1.12822,1.07408,1.07711,1.10035,1.09728,1.09396
1.0902,1.08366,1.08628,1.04913,1.06103,1.09194,1.08393,1.10147,1.09249,1.10203


B:
5.54525,11.3146,7.18706,7.74098,7.57821,7.41413,7.9556,8.20819,7.75899,7.69296
8.26453,6.91808,8.40327,8.29683,8.00142,6.26575,7.35338,7.78801,6.37254,7.40361
7.9704,6.75153,6.74259,9.14066,7.48648,7.92103,6.07069,7.00313,7.64111,6.94073


========================================================
Test10 (ADC Calibration) results 2014-03-05 18:24:38
Board ID506 30 channels
Host: ufcmshv1
Linux calibration software

Voltmeter channel: A=1.10662, B=5.02551

A:
2.29325,1.09378,1.10615,1.07952,1.07604,1.11173,1.0755,1.07952,1.12238,1.08529
1.0984,1.08033,1.10766,1.09038,1.07399,1.08774,1.07934,1.05534,1.08123,1.07169
1.06528,1.11459,1.11573,1.09414,1.11182,1.08901,1.11593,1.0806,1.05637,1.06406


B:
-1065.09,5.60147,1.9078,1.68087,2.31011,1.11356,1.29777,4.70371,3.02138,2.22567
3.17204,2.44927,1.88121,1.69828,2.26636,0.631634,1.19842,0.755607,1.406,2.25429
1.38495,1.67403,1.76475,2.86085,2.1403,2.73068,2.48711,1.76907,0.840741,1.24801


========================================================
Test10 (ADC Calibration) results 2014-03-12 16:28:39
Board ID506 30 channels
Host: ufcmshv1
Linux calibration software

Voltmeter channel: A=1.10671, B=4.94141

A:
1.05329,1.09267,1.10615,1.07979,1.07622,1.11173,1.0755,1.07952,1.12248,1.0852
1.09858,1.08024,1.10756,1.09011,1.07417,1.08728,1.0797,1.05492,1.0815,1.07152
1.06572,1.11459,1.11545,1.09442,1.11173,1.08892,1.11612,1.08087,1.05663,1.0638


B:
-0.468031,6.60055,2.12897,1.86472,2.576,1.78082,1.51281,5.13528,2.93616,2.0916
2.78424,2.74763,2.40868,2.38461,1.88686,1.70062,0.651936,2.21476,1.15777,2.84665
0.763311,1.67403,2.46695,2.39043,2.67026,3.46722,2.76244,1.5207,-0.247345,1.49249


