========================================================

Test10 results 03-29-2006  11:26:11
Board ID422  30 channels
HV Tests Software Ver.1.6

+5V 2502 - O'k
-5V 1321 - O'k
Interlock - On

Voltmeter channel: A=1.084599, B=14.099923

A:
Limits 1.1 +/- 0.1
1.064963,1.080497,1.083424,1.079331,1.079331,1.082837,1.075269,1.080497,1.070091,1.083424
1.088732,1.089325,1.084599,1.092299,1.091107,1.084011,1.078167,1.083424,1.070664,1.077586
1.089325,1.074114,1.084011,1.086957,1.077586,1.081666,1.083424,1.078749,1.092896,1.075847


B:
Limits 0.0 +/- 35.0
8.519632,11.885475,11.917675,4.317371,6.476033,10.828545,6.451437,8.643984,8.560535,7.583981
7.621052,10.893338,10.846127,10.922802,8.72881,6.504067,11.859968,6.500557,6.423989,11.85357
4.357391,7.518835,8.672089,6.521815,10.775984,5.408369,7.583981,10.787296,8.742993,9.682483
========================================================
Test10 (ADC Calibration) results 2007-11-13 15:19:06
Board ID422 30 channels
Linux calibration software

Voltmeter channel: A=1.06462, B=-1444.26

A:
1.06294,1.08072,1.08274,1.07746,1.07861,1.08119,1.07388,1.07857,1.06985,1.08278
1.08812,1.08912,1.08455,1.09034,1.09024,1.0826,1.07801,1.08213,1.06949,1.0764
1.08826,1.07294,1.06861,1.08477,1.0775,1.08012,1.08038,1.07771,1.09085,1.07553


B:
8.18425,6.59525,8.42645,2.38723,2.53537,10.8428,4.55952,7.54282,4.99648,5.89079
4.38688,6.09977,5.19938,10.0332,5.63245,4.32541,6.30681,4.91499,4.91851,10.5652
3.6716,6.07752,-564.284,4.36617,5.0276,4.4857,10.4321,9.52621,9.19077,5.47419


========================================================
Test10 (ADC Calibration) results 2007-11-26 14:49:50
Board ID422 30 channels
Linux calibration software

Voltmeter channel: A=1.06753, B=-1451.31

A:
1.06395,1.07964,1.08294,1.07767,1.07847,1.08129,1.07482,1.07952,1.06975,1.08284
1.08692,1.08847,1.08455,1.09119,1.09109,1.08425,1.07821,1.08234,1.06959,1.0762
1.08867,1.07324,1.0727,1.08553,1.0775,1.08042,1.08068,1.07791,1.09115,1.07593


B:
6.49119,9.46146,8.36956,2.13132,3.79275,11.1143,3.35051,6.5364,5.52483,6.21512
7.20107,7.52906,5.59928,8.25576,3.85754,2.01587,6.24952,5.05785,4.78927,10.1463
3.15409,4.61979,15.7802,6.1249,5.0276,4.30016,10.0471,9.66947,8.40561,4.95947


========================================================
Test10 (ADC Calibration) results 2007-11-27 11:35:04
Board ID422 30 channels
Linux calibration software

Voltmeter channel: A=1.06762, B=-1452.48

A:
1.06405,1.08083,1.08294,1.07797,1.07837,1.08218,1.07428,1.07962,1.06995,1.08264
1.08781,1.08943,1.08475,1.09044,1.09099,1.08364,1.07841,1.08203,1.06949,1.0763
1.08867,1.07334,1.0727,1.07824,1.0775,1.07978,1.08078,1.07781,1.0919,1.07529


B:
6.56209,6.86666,8.36956,1.74713,3.9213,8.89774,4.24353,5.12848,4.66769,6.47255
5.57281,6.31335,5.34264,10.5048,4.87683,3.187,5.99242,6.24377,5.31841,9.81736
3.15409,4.49144,15.7802,18.0798,5.0276,4.92293,9.51837,9.79772,5.95509,5.77992


========================================================
Test10 (ADC Calibration) results 2008-06-17 15:59:19
Board ID422 30 channels
Linux calibration software

Voltmeter channel: A=1.07, B=0

A:
1.08039,1.09718,1.09939,1.09226,1.09517,1.09838,1.09098,1.09581,1.0853,1.09062
1.10373,1.1054,1.10105,1.10848,1.10718,1.10003,1.09417,1.09911,1.08575,1.09335
1.10438,1.08936,1.08845,1.09398,1.09371,1.09755,1.09874,1.09398,1.10867,1.09198


B:
6.26088,7.80707,8.65565,5.52811,3.72878,8.9159,3.85801,6.42931,6.26506,13.5709
6.91481,7.3877,6.26623,7.0383,6.22719,2.56939,8.15055,4.50993,4.98219,8.89992
4.77902,6.44669,13.8079,16.1937,6.59832,5.05791,6.82388,9.84854,7.53459,6.4334


========================================================
Test10 (ADC Calibration) results 2008-07-16 21:23:30
Board ID422 30 channels
Linux calibration software

Voltmeter channel: A=1.07, B=0

A:
1.08152,1.09284,1.10046,1.08412,1.09635,1.09931,1.09143,1.09683,1.08589,1.09001
1.10431,1.10644,1.10152,1.10906,1.10799,1.10037,1.0955,1.0997,1.08645,1.09436
1.10499,1.09067,1.08964,1.09474,1.09445,1.09883,1.09941,1.09474,1.10984,1.07553


B:
5.21389,13.5116,7.46026,11.9104,3.08179,8.06544,3.44968,5.05846,5.93973,11.9446
6.39023,5.78766,6.05989,6.7387,5.26724,2.48548,6.4954,4.19828,4.33583,8.19361
4.45088,5.23485,12.0702,15.5097,6.13692,4.10488,5.7798,8.94132,6.03476,21.5199


========================================================
Test10 (ADC Calibration) results 2008-07-19 11:34:37
Board ID422 30 channels
Linux calibration software

Voltmeter channel: A=1.07, B=0

A:
1.08152,1.09531,1.09989,1.08412,1.09626,1.09893,1.09143,1.09616,1.08561,1.0887
1.1047,1.10566,1.10142,1.10877,1.10789,1.10027,1.09483,1.0995,1.08655,1.09398
1.10499,1.05206,1.08889,1.09493,1.09436,1.09855,1.09931,1.09455,1.10974,1.07663


B:
4.99764,10.8316,7.98292,9.09184,3.38855,8.41359,3.23144,6.10631,6.41499,12.058
5.5982,7.15287,5.70655,7.22429,5.57666,2.35319,7.10311,4.15287,3.5973,8.75872
3.56684,40.3135,13.6284,14.8998,5.56687,4.36702,5.86681,8.89557,6.78879,20.7263


========================================================
Test10 (ADC Calibration) results 2008-07-19 14:46:21
Board ID422 30 channels
Linux calibration software

Voltmeter channel: A=1.07, B=0

A:
1.08134,1.09389,1.10008,1.08115,1.09616,1.09912,1.09143,1.09626,1.0858,1.08711
1.1045,1.10605,1.10113,1.10896,1.1077,1.10037,1.09436,1.09941,1.08636,1.09407
1.10479,1.04139,1.08879,1.09455,1.09455,1.09845,1.09903,1.09474,1.10994,1.07279


B:
5.38551,12.5645,7.36879,12.6927,3.47536,7.79976,3.44968,6.01935,5.80878,14.6024
5.99417,6.35963,6.4091,6.60471,5.75253,2.04555,8.19361,4.02064,4.42224,8.45294
3.96333,49.9197,13.4963,15.6816,5.39307,4.6742,6.78771,8.50353,6.39048,24.4627


========================================================
Test10 (ADC Calibration) results 2008-07-20 08:08:59
Board ID422 30 channels
Linux calibration software

Voltmeter channel: A=1.07, B=0

A:
1.08143,1.09256,1.10008,1.08421,1.09616,1.09855,1.09143,1.09616,1.0858,1.08823
1.1046,1.10595,1.10152,1.10896,1.1076,1.10017,1.09483,1.0996,1.08626,1.09379
1.10489,1.04527,1.08861,1.09483,1.09407,1.09864,1.09903,1.09436,1.10994,1.07334


B:
5.08326,13.77,7.36879,11.3911,3.47536,8.76121,3.23144,6.32549,6.02588,13.3575
5.4645,6.44771,5.61901,6.82645,6.06237,2.44085,7.10311,3.84593,4.29149,8.49403
4.09703,46.9786,14.1034,15.2048,6.48355,4.27989,6.78771,9.50678,6.16854,23.532


========================================================
Test10 (ADC Calibration) results 2008-07-20 17:40:55
Board ID422 30 channels
Linux calibration software

Voltmeter channel: A=1.07, B=0

A:
1.08152,1.09247,1.09998,1.08115,1.09616,1.09855,1.09143,1.09616,1.08589,1.08804
1.1046,1.10615,1.10171,1.10887,1.1077,1.09998,1.09502,1.09931,1.08608,1.09407
1.10479,1.04805,1.08898,1.09464,1.09426,1.09855,1.09931,1.09445,1.11004,1.07361


B:
4.99764,13.8557,7.45572,14.2066,3.47536,8.98086,3.66829,5.88725,5.93973,13.9642
5.4645,6.27246,5.44404,6.9145,5.75253,3.05579,6.92965,4.10819,5.11526,8.45294
4.18423,44.2172,13.1074,15.5962,5.43495,4.36702,6.08662,9.42028,5.85861,23.7104


========================================================
Test10 (ADC Calibration) results 2008-07-24 12:08:22
Board ID422 30 channels
Linux calibration software

Voltmeter channel: A=1.07, B=0

A:
1.08124,1.09086,1.0997,1.08069,1.09626,1.09874,1.09143,1.09616,1.0857,1.08739
1.10421,1.10537,1.10142,1.10877,1.1077,1.10027,1.09445,1.09903,1.08598,1.09379
1.1047,1.06537,1.08907,1.09474,1.09407,1.09855,1.09903,1.09398,1.10974,1.09275


B:
4.39033,14.4428,7.05759,13.9831,3.16935,7.9283,3.23144,5.88725,6.32917,15.2158
6.03642,6.7524,5.70655,6.55881,5.53104,1.91281,7.23138,4.58966,4.33333,8.71273
3.83057,27.8565,13.021,14.8532,6.04615,4.14736,6.12818,9.63369,6.34511,5.73005


