========================================================

Test11 results 03-29-2006  11:32:30
Board ID422  30 channels
HV Tests Software Ver.1.6

+5V 2501 - O'k
-5V 1322 - O'k
Interlock - On
Calibration DAC Range: [2500 - 2900]


A:
Limits 0.76 +/- 0.04
0.756144,0.746269,0.744879,0.746269,0.743494,0.746269,0.749064,0.747664,0.753296,0.742115
0.739372,0.740741,0.742115,0.739372,0.739372,0.744879,0.746269,0.742115,0.754717,0.749064
0.740741,0.750469,0.742115,0.744879,0.746269,0.744879,0.742115,0.746269,0.736648,0.749064


B:
Limits 60.0 +/- 40.0
60.537563,57.570831,56.063454,68.687424,73.757591,51.418304,61.612499,54.758484,60.220467,68.953674
64.131622,54.909851,64.419998,55.518196,61.103737,57.826359,62.247215,69.028137,52.346657,54.60685
56.394409,64.089119,67.567459,63.636814,65.548576,65.355347,69.028137,63.052151,64.568726,60.80711
========================================================
Test11 (DAC Calibration) results 2007-11-13 15:19:07
Board ID422 30 channels
Linux calibration software
Calibration DAC Range: [1100 - 2700]

A:
0.757935,0.745087,0.743702,0.746965,0.746547,0.744394,0.749836,0.746199,0.752658,0.744048
0.740398,0.739713,0.742459,0.738144,0.738212,0.743425,0.746965,0.744117,0.753296,0.748083
0.740672,0.750117,0.75429,0.74606,0.747314,0.745504,0.744948,0.747175,0.737803,0.749064


B:
59.3558,67.6073,66.2545,73.6694,69.0183,63.3571,65.0764,67.4097,67.9556,66.8154
67.1447,65.8807,69.4663,64.8275,70.49,69.0176,66.1998,68.0587,63.4652,63.0074
62.3183,70.0892,497.926,67.304,67.9589,68.3719,65.2667,66.2088,65.4524,66.2921


========================================================
Test11 (DAC Calibration) results 2007-11-26 14:49:50
Board ID422 30 channels
Linux calibration software
Calibration DAC Range: [1100 - 2700]

A:
0.757217,0.745087,0.743564,0.746826,0.746269,0.744325,0.749555,0.745921,0.752729,0.743633
0.740466,0.739782,0.742459,0.737939,0.738007,0.742666,0.746826,0.743978,0.753225,0.748223
0.740398,0.749906,0.749906,0.745921,0.747314,0.745295,0.74474,0.747035,0.737599,0.748783


B:
60.6436,67.3094,66.298,73.8609,69.4031,63.1559,65.4643,67.6458,67.5576,67.0943
66.9012,65.341,69.1694,64.8188,70.4798,70.219,66.2436,67.9532,63.5626,62.5139
62.7024,70.3787,63.3297,64.6621,67.9589,68.5114,65.5557,66.1032,66.0335,66.6791


========================================================
Test11 (DAC Calibration) results 2007-11-27 11:35:04
Board ID422 30 channels
Linux calibration software
Calibration DAC Range: [1100 - 2700]

A:
0.757146,0.745018,0.743564,0.746617,0.746338,0.744463,0.749555,0.745851,0.752587,0.743771
0.740604,0.739508,0.742322,0.738075,0.738075,0.74308,0.746687,0.744186,0.753296,0.748153
0.740398,0.749836,0.749906,0.750962,0.747314,0.745365,0.744671,0.747105,0.737463,0.748853


B:
60.5905,67.4056,66.298,74.1484,69.3069,62.9629,65.3144,67.8911,68.2032,66.9021
66.2654,65.7239,69.3604,64.4802,70.5324,69.3479,66.4364,67.0698,63.1639,62.7608
62.7024,70.4752,63.3297,56.4631,67.9589,68.5642,65.95,66.0067,66.5192,66.5825


========================================================
Test11 (ADC Calibration) results 2008-06-17 18:39:44
Board ID422 30 channels
Linux calibration software

Calibration DAC Range: [1000 - 3500]

A:
0.7456,0.7332,0.7324,0.7368,0.7348,0.7332,0.738,0.7344,0.742,0.738
0.7292,0.7284,0.7312,0.726,0.7268,0.7316,0.736,0.7324,0.742,0.736
0.7292,0.7388,0.7388,0.7396,0.736,0.7332,0.7324,0.736,0.726,0.7372


B:
60.4001,67.7999,65.6,71.2,69.2001,63.8,66.0001,68.6001,67.0001,62.0001
66.8,65.6,68.8001,67,70.1999,70.4,65,68.6,63.0001,65
62.8,69.2,65.2,59.4,67,68.7999,68.6,66,66,66.7999


