========================================================

Test10 results 09-05-2005  15:48:25
Board ID431  30 channels
HV Tests Software Ver.1.6

+5V 3058 - O'k
-5V 1413 - O'k
Interlock - On

Voltmeter channel: A=1.080497, B=9.724482

A:
Limits 1.1 +/- 0.1
1.069519,1.073537,1.075269,1.067806,1.078749,1.080497,1.074114,1.081666,1.081666,1.069519
1.077006,1.075847,1.078167,1.071811,1.067236,1.068947,1.075269,1.067806,1.072386,1.082251
1.062699,1.070664,1.075847,1.085776,1.070664,1.083424,1.080497,1.085776,1.076426,1.084599


B:
Limits 0.0 +/- 35.0
3.208673,7.514596,7.526706,7.474683,11.866045,11.885475,7.518835,6.490035,3.245038,9.625785
7.538823,9.682483,7.547299,5.359216,19.210363,6.413721,6.451437,9.610294,6.434438,11.9048
11.689907,8.565317,9.682483,6.514662,3.211998,5.417133,7.563487,7.600438,11.840678,7.592331
========================================================
Test10 (ADC Calibration) results 2008-06-03 09:54:40
Board ID431 30 channels
Linux calibration software

Voltmeter channel: A=1.07536, B=-1482.38

A:
1.07007,1.07258,1.07456,1.06589,1.0782,1.07994,1.07339,1.08135,1.08105,1.06963
1.07631,1.0755,1.07681,1.07151,1.06737,1.06815,1.0751,1.06737,1.07157,1.08151
1.06253,1.06935,1.07577,1.08489,1.07053,1.08242,1.07933,1.08594,1.07534,1.08468


B:
-1.31452,6.31435,5.73702,8.19358,9.5864,9.99699,6.61113,3.63368,1.70127,5.52961
6.84656,6.58129,7.10791,2.74152,14.6283,5.17855,2.34606,7.96083,6.60194,9.19905
7.70968,8.77246,8.29864,5.08452,0.9154,2.91675,8.36915,8.24864,12.1643,4.45955


========================================================
Test10 (ADC Calibration) results 2008-06-16 13:15:45
Board ID431 30 channels
Linux calibration software

Voltmeter channel: A=1.07, B=0

A:
1.07252,1.07536,1.07785,1.06925,1.08135,1.0827,1.07616,1.08406,1.08388,1.07234
1.07947,1.07866,1.07964,1.07447,1.07066,1.07102,1.0783,1.07049,1.07491,1.0846
1.06514,1.07163,1.07785,1.08741,1.07243,1.08532,1.0836,1.08942,1.07839,1.08696


B:
-0.660149,6.79957,5.57191,7.51782,9.26642,10.627,6.49032,4.83633,1.96745,6.58263
5.59689,6.55492,7.80667,3.10757,14.7755,5.45431,2.78683,7.658,4.2002,8.67657
8.57011,10.2386,9.88332,7.19351,3.28297,4.10757,6.33469,6.67028,11.9785,6.95648


========================================================
Test10 (ADC Calibration) results 2008-06-17 07:08:50
Board ID431 30 channels
Linux calibration software

Voltmeter channel: A=1.07, B=0

A:
1.0848,1.08786,1.09029,1.08177,1.09401,1.0951,1.08885,1.09611,1.09638,1.08472
1.09192,1.09092,1.09165,1.08678,1.08302,1.08346,1.09047,1.08257,1.08714,1.09675
1.07743,1.08364,1.09047,1.09996,1.0848,1.09803,1.09611,1.10199,1.09101,1.09959


B:
-1.68882,5.2566,4.31585,5.68479,7.88682,9.51371,4.34132,4.86965,0.890033,5.55379
4.77794,6.13168,7.21181,1.6884,13.6236,3.67889,1.96742,7.10529,3.52918,8.45046
7.13068,9.79808,7.85626,5.73817,2.21658,2.44863,5.30798,5.20893,10.4125,5.63419


