========================================================

Test10 results 04-03-2006  14:41:49
Board ID005  36 channels
HV Tests Software Ver.1.6

+5V 2502 - O'k
-5V 1325 - O'k
Interlock - On

Voltmeter channel: A=1.058761, B=22.234024

A:
Limits 1.1 +/- 0.1
1.079914,1.077006,1.078749,1.090513,1.086366,1.083424,1.094092,1.085776,1.073537,1.086957,1.085187,1.077006
1.086366,1.085187,1.077586,1.078749,1.083424,1.082837,1.075847,1.075269,1.085187,1.086366,1.082251,1.085776
1.080497,1.075847,1.079331,1.080497,1.090513,1.084599,1.086366,1.078749,1.084011,1.088139,1.094691,1.084599


B:
Limits 0.0 +/- 35.0
10.799102,8.615829,8.629799,10.905224,7.604739,11.917675,9.846869,7.600438,11.808746,8.695728,17.362988,7.538823
9.777472,6.511116,14.008742,18.338537,5.417133,8.662871,11.834177,8.601974,13.02224,4.345641,14.069302,3.257333
6.48299,10.758329,7.555364,15.126966,7.633686,5.423133,17.382034,7.55105,3.252035,3.264367,13.136107,5.423133
========================================================
Test10 (ADC Calibration) results 2008-05-14 10:08:27
Board ID5 36 channels
Linux calibration software

Voltmeter channel: A=1.05853, B=23.1281

A:
1.08044,1.07603,1.07948,1.09146,1.08506,1.08347,1.09369,1.08703,1.07543,1.08699,1.08576,1.07627
1.08693,1.08495,1.0776,1.07931,1.0837,1.08234,1.07601,1.07547,1.0861,1.08743,1.0835,1.0854
1.07984,1.07597,1.07986,1.08143,1.08984,1.08525,1.08635,1.07792,1.08415,1.08783,1.09422,1.08357


B:
5.72556,9.27846,4.215,5.48635,8.50692,8.62291,8.77428,2.81473,4.00205,5.95623,11.9746,5.12318
6.76651,4.20124,10.2537,12.9166,1.65245,7.41454,8.76859,5.22661,10.373,-0.51358,10.8729,2.13722
6.04123,7.67215,4.29497,10.7469,7.16555,1.65234,14.937,7.79239,0.525957,1.79383,11.8516,3.79665


========================================================
Test10 (ADC Calibration) results 2008-06-19 12:08:44
Board ID005 36 channels
Linux calibration software

Voltmeter channel: A=1.07, B=0

A:
1.09876,1.09456,1.09693,1.10802,1.10504,1.10116,1.11365,1.10662,1.09101,1.10625,1.10328,1.09501
1.10495,1.10337,1.04689,1.09556,1.10171,1.10069,1.0931,1.09401,1.10504,1.10569,1.09748,1.10199
1.09821,1.09428,1.06633,1.10069,1.10662,1.10217,1.10504,1.09529,1.10236,1.10802,1.11658,1.10319


B:
6.41178,8.51069,6.7731,7.46794,5.74875,8.84719,9.04531,2.7601,5.64826,6.19731,13.9724,2.17988
8.48504,3.73742,20.8033,13.5074,1.51247,5.96499,8.09665,3.5415,11.053,-1.91994,12.8545,2.36042
5.15865,8.10462,32.0414,10.8079,7.85068,3.29335,13.2631,7.40419,0.257934,-0.510155,10.6481,3.02422


