========================================================

Test11 results 04-03-2006  15:04:37
Board ID005  36 channels
HV Tests Software Ver.1.6

+5V 2502 - O'k
-5V 1325 - O'k
Interlock - On
Calibration DAC Range: [2500 - 2900]


A:
Limits 0.76 +/- 0.04
0.738007,0.739372,0.735294,0.731261,0.732601,0.733945,0.725953,0.733945,0.740741,0.732601,0.733945,0.738007
0.732601,0.732601,0.739372,0.736648,0.735294,0.735294,0.739372,0.740741,0.733945,0.731261,0.735294,0.732601
0.736648,0.739372,0.736648,0.736648,0.728597,0.733945,0.731261,0.738007,0.732601,0.731261,0.729927,0.732601


B:
Limits 60.0 +/- 40.0
74.759514,84.976265,91.216194,77.083611,87.322151,87.272079,89.066254,78.911453,81.999336,81.815132,75.665146,87.937523
80.223297,85.731392,72.521935,81.278015,77.52224,84.691895,76.149658,77.295738,78.053329,91.065414,75.675751,89.643372
82.35025,80.126846,86.330063,74.4561,92.756844,79.645401,82.200653,83.961182,88.7836,82.375793,84.909454,87.989113
========================================================
Test11 (DAC Calibration) results 2008-05-14 10:08:27
Board ID5 36 channels
Linux calibration software
Calibration DAC Range: [1100 - 2700]

A:
0.735294,0.737939,0.736309,0.727868,0.731797,0.732869,0.726744,0.731195,0.738348,0.730861,0.731328,0.738144
0.731261,0.732601,0.737599,0.7357,0.73381,0.733272,0.738689,0.738689,0.731462,0.730927,0.733945,0.73193
0.7357,0.738348,0.734956,0.734619,0.727868,0.732399,0.730927,0.736648,0.733138,0.73066,0.728929,0.732802


B:
87.6471,93.4508,89.0475,92.6304,94.0722,93.1842,88.9535,91.6826,94.9608,90.6816,89.1581,91.2531
87.2029,88.2783,82.9983,88.4127,86.4614,96.1502,80.9048,87.9963,88.2419,95.7059,81.2844,95.0594
89.0013,86.9866,96.0495,84.7567,98.4533,88.5564,86.2038,91.3812,90.1759,86.8663,91.1617,91.9574


