========================================================

Test10 results 7-10-2007  15:50:00
Board ID068  36 channels
Manually calibrated by AM as voltage calibrator

+5V 3069 - O'k
-5V 1353 - O'k
Interlock - On

Voltmeter channel: A=1.067806, B=10.6781

A:
Limits 1.1 +/- 0.1
1.74497,
1.73913,
1.74380,
1.73913,
1.74146,
1.73449,
1.72987,
1.69824,
1.71391,
1.70940,
1.71844,
1.70157,
1.72185,
1.71504,
1.71278,
1.71165,
1.71053,
1.71053,
1.69492,
1.70940,
1.71053,
1.70269,
1.69935,
1.68831,
1.68067,
1.70157,
1.71053,
1.71731,
1.70046,
1.71278,
1.70380,
1.70604,
1.70716,
1.70828,
1.70940,
1.71504

B:
Limits 0.0 +/- 35.0
8.85906,
6.95652,
0.80483,
8.69565,
5.62626,
9.60640,
10.51231,
11.62639,
9.36058,
11.96581,
10.17845,
7.98429,
4.76821,
1.84697,
1.44928,
8.95326,
9.60526,
11.31579,
8.47458,
6.83761,
4.47368,
7.33464,
12.67974,
20.77922,
15.12605,
9.68586,
14.73684,
9.11493,
10.33355,
8.30040,
10.09174,
17.32283,
14.97045,
12.61498,
8.54701,
15.56728
========================================================
Test10 (ADC Calibration) results 2008-09-03 18:32:18
Board ID068 36 channels
Linux calibration (server mode)

Voltmeter channel: A=1.06987, B=0

A:
1.06141,1.03305,0.981623,1.07222,1.04814,1.07449,1.01453,1.07611,1.07048,0.949813,0.96967,1.06361
1.05534,1.03915,0.949969,1.05208,0.934056,1.05147,1.06333,1.05374,1.07124,1.06544,1.04046,1.04005
1.06152,1.02761,1.08993,1.04311,1.06894,1.02202,1.01416,1.04888,1.07914,1.08605,1.03915,1.05195


B:
0,0,0,0,0,0,0,0,0,0,0,0
0,0,0,0,0,0,0,0,0,0,0,0
0,0,0,0,0,0,0,0,0,0,0,0


========================================================
Test10 (ADC Calibration) results 2008-09-03 20:19:11
Board ID068 36 channels
Linux calibration (server mode)

Voltmeter channel: A=1.06982, B=0

A:
1.05566,1.06833,1.0587,1.06619,1.06838,1.08003,1.08355,1.07407,1.07135,1.0652,1.06126,1.06698
1.07575,1.08588,1.0555,1.06455,1.06943,1.06917,1.06694,1.06856,1.07623,1.05311,1.07046,1.06249
1.06348,1.05984,1.07746,1.05771,1.04798,1.06747,1.06118,1.06958,1.07686,1.0563,1.08642,1.07112


B:
0,0,0,0,0,0,0,0,0,0,0,0
0,0,0,0,0,0,0,0,0,0,0,0
0,0,0,0,0,0,0,0,0,0,0,0


========================================================
Test10 (ADC Calibration) results 2008-09-03 20:49:58
Board ID068 36 channels
Linux calibration (server mode)

Voltmeter channel: A=1.06969, B=0

A:
1.0555,1.06825,1.05861,1.06616,1.06835,1.07991,1.08347,1.07404,1.06489,1.07157,1.06117,1.06685
1.0757,1.08571,1.05537,1.06453,1.06927,1.06905,1.06691,1.06845,1.07619,1.05308,1.0704,1.06243
1.06332,1.05976,1.07727,1.05764,1.0479,1.06737,1.06104,1.06951,1.07684,1.05614,1.08638,1.07111


B:
0,0,0,0,0,0,0,0,0,0,0,0
0,0,0,0,0,0,0,0,0,0,0,0
0,0,0,0,0,0,0,0,0,0,0,0


========================================================
Test10 (ADC Calibration) results 2008-09-03 21:00:33
Board ID068 36 channels
Linux calibration (server mode)

Voltmeter channel: A=1.06964, B=0

A:
1.0555,1.06817,1.05862,1.06611,1.06841,1.07983,1.08345,1.07397,1.06479,1.07313,1.06112,1.06691
1.07561,1.08571,1.05542,1.0645,1.0692,1.06897,1.06676,1.06856,1.07618,1.05303,1.07041,1.06236
1.06335,1.05972,1.07731,1.05761,1.04784,1.0673,1.06105,1.06954,1.07679,1.05623,1.08635,1.07104


B:
0,0,0,0,0,0,0,0,0,0,0,0
0,0,0,0,0,0,0,0,0,0,0,0
0,0,0,0,0,0,0,0,0,0,0,0


========================================================
Test10 (ADC Calibration) results 2008-09-03 21:08:48
Board ID068 36 channels
Linux calibration (server mode)

Voltmeter channel: A=1.06973, B=0

A:
1.05548,1.06823,1.05862,1.06613,1.06828,1.07988,1.08343,1.07392,1.06486,1.07313,1.06113,1.06693
1.07568,1.08574,1.05547,1.06445,1.0693,1.06907,1.06688,1.06845,1.07614,1.05297,1.0704,1.06244
1.06343,1.0597,1.07727,1.05759,1.04797,1.06738,1.06104,1.0695,1.07681,1.05627,1.0864,1.07102


B:
0,0,0,0,0,0,0,0,0,0,0,0
0,0,0,0,0,0,0,0,0,0,0,0
0,0,0,0,0,0,0,0,0,0,0,0


========================================================
Test10 (ADC Calibration) results 2008-09-03 21:29:03
Board ID068 36 channels
Linux calibration (server mode)

Voltmeter channel: A=1.06961, B=0

A:
1.06667,1.06822,1.05861,1.06611,1.06828,1.07979,1.08331,1.07384,1.06478,1.07285,1.06115,1.06672
1.07561,1.08561,1.05539,1.0645,1.06927,1.069,1.06672,1.06843,1.07613,1.05297,1.07038,1.0623
1.06327,1.0596,1.07729,1.05753,1.04783,1.06722,1.06107,1.06948,1.07678,1.05612,1.08633,1.07092


B:
0,0,0,0,0,0,0,0,0,0,0,0
0,0,0,0,0,0,0,0,0,0,0,0
0,0,0,0,0,0,0,0,0,0,0,0


========================================================
Test10 (ADC Calibration) results 2009-03-11 11:03:34
Board ID068 36 channels
Host: ufcmshv3
Linux calibration software

Voltmeter channel: A=1.08859, B=6.54819

A:
1.06218,1.06671,1.05855,1.06427,1.06759,1.07839,1.08216,1.07225,1.06339,1.06785,1.05967,1.06557
1.07536,1.08587,1.05571,1.06322,1.0682,1.06759,1.06522,1.06706,1.07554,1.05187,1.06838,1.0607
1.06174,1.05863,1.07491,1.05614,1.04645,1.06575,1.05984,1.06627,1.07411,1.05391,1.08424,1.06855


B:
11.1121,4.119,-0.113955,5.55064,2.66069,4.42972,3.97916,5.59198,3.81187,12.2391,5.39647,3.47532
1.42278,-0.0835026,-0.600827,4.40005,5.07825,5.64998,4.22798,4.43253,2.11778,3.25258,5.55527,5.27094
4.50829,4.03912,8.07013,5.32928,6.08526,5.23047,4.17451,10.712,9.02264,6.58261,6.83905,8.81153


========================================================
Test10 (ADC Calibration) results 2009-03-11 11:46:51
Board ID068 36 channels
Host: ufcmshv3
Linux calibration software

Voltmeter channel: A=1.08859, B=6.54819

A:
1.06218,1.06706,1.05863,1.06479,1.06732,1.07866,1.08198,1.07234,1.06366,1.06802,1.05949,1.06575
1.07482,1.0856,1.05562,1.06313,1.06785,1.06776,1.06566,1.06732,1.07545,1.05161,1.06873,1.06105
1.06192,1.05846,1.075,1.05597,1.04645,1.06575,1.05993,1.06645,1.07429,1.054,1.08433,1.06846


B:
11.3244,3.79245,-0.407082,4.63598,3.3334,4.39761,4.57772,5.7247,3.77996,12.0769,5.77017,2.88587
2.56296,0.384007,-0.308499,4.69435,6.04556,11.4662,3.60696,3.9739,2.20023,4.12571,5.2285,4.94621
4.77065,4.83629,7.98817,5.91355,6.08526,5.44357,4.09281,10.763,8.42922,6.92409,7.1899,9.32044


========================================================
Test10 (ADC Calibration) results 2009-03-11 14:40:52
Board ID068 36 channels
Host: ufcmshv3
Linux calibration software

Voltmeter channel: A=1.0885, B=6.63158

A:
1.06209,1.06715,1.05863,1.06479,1.06697,1.07794,1.08198,1.07243,1.06357,1.06794,1.05932,1.06584
1.07482,1.08569,1.05554,1.06296,1.06776,1.04687,1.0654,1.06724,1.07562,1.05161,1.06855,1.06053
1.06157,1.0582,1.07482,1.05597,1.04636,1.06592,1.05958,1.06636,1.0742,1.05417,1.0846,1.06838


B:
11.1929,3.07014,-0.618756,4.21017,3.44706,5.27375,4.36138,4.78452,3.43635,11.7308,6.14408,2.37743
2.34804,0.300683,-0.43869,4.43171,5.91385,6.52296,3.85175,4.05571,1.39028,3.49464,5.60588,6.0696
5.09566,4.44434,8.15199,5.91355,5.95642,5.06726,4.41739,10.4174,8.72573,6.34093,6.07377,8.97443


========================================================
Test10 (ADC Calibration) results 2011-10-27 11:23:16
Board ID068 36 channels
Host: ufcmshv1
Linux calibration software

Voltmeter channel: A=1.08752, B=9.70327

A:
1.06173,1.06618,1.05775,1.06347,1.06662,1.0775,1.08109,1.07146,1.06278,1.06732,1.05844,1.06461
1.07421,1.08489,1.05466,1.06234,1.06723,1.05475,1.06461,1.06653,1.07465,1.05099,1.06749,1.05983
1.06087,1.05732,1.07412,1.05535,1.04549,1.06504,1.05905,1.06557,1.07323,1.05364,1.08371,1.06758


B:
13.4372,6.53376,2.96044,8.41847,5.91259,7.83444,7.98993,8.68722,6.94197,15.5053,9.29561,6.93546
4.85595,3.20668,2.92242,7.77307,8.11534,9.38087,7.3612,6.8476,5.08858,7.02306,9.36519,8.85011
8.09033,8.01853,10.9531,8.18417,9.29264,8.2323,7.03602,13.4981,12.1995,8.95066,9.70691,11.6323


========================================================
Test10 (ADC Calibration) results 2011-10-27 11:47:41
Board ID068 36 channels
Host: ufcmshv1
Linux calibration software

Voltmeter channel: A=1.08752, B=9.92098

A:
1.06121,1.06592,1.0575,1.06382,1.06644,1.07741,1.08091,1.07146,1.06252,1.06749,1.05836,1.06478
1.07403,1.08507,1.05483,1.06234,1.06706,1.05483,1.06496,1.06653,1.07456,1.05074,1.06741,1.05983
1.06095,1.05758,1.07412,1.05526,1.04532,1.06496,1.05888,1.06539,1.07332,1.05338,1.08362,1.06741


B:
14.5579,7.20462,3.83818,7.66769,6.0757,7.701,8.15486,8.68722,7.6106,15.1298,9.37654,6.55984
5.44992,2.82327,2.54956,7.77307,8.06496,9.08974,6.60962,6.63435,5.60069,6.84413,9.87349,9.06188
7.79714,7.5646,10.9531,8.26464,9.66084,8.52674,7.40942,13.8732,11.6886,9.19174,9.57281,12.4354


