========================================================

Test11 results 10-18-2005  15:04:13
Board ID068  36 channels
HV Tests Software Ver.1.6

+5V 3070 - O'k
-5V 1354 - O'k
Interlock - On
Calibration DAC Range: [2500 - 2900]


A:
Limits 0.76 +/- 0.04
0.746269,0.750469,0.736648,0.747664,0.743494,0.750469,0.746269,0.743494,0.746269,0.749064,0.742115,0.750469
0.740741,0.750469,0.738007,0.738007,0.750469,0.743494,0.750469,0.749064,0.746269,0.750469,0.747664,0.753296
0.753296,0.746269,0.746269,0.749064,0.754717,0.747664,0.747664,0.744879,0.747664,0.746269,0.75188,0.747664


B:
Limits 60.0 +/- 40.0
76.431419,66.049759,81.485199,66.706497,69.692696,62.138927,61.299622,66.499992,62.25742,66.654778,75.508598,64.450615
65.618584,67.649086,86.421509,61.510155,54.555084,64.402557,67.649086,67.989235,61.299622,65.16114,59.839165,59.823036
65.849953,64.338989,60.499786,65.856155,69.312866,63.59391,66.075294,64.834328,67.252274,72.160599,56.892319,61.995449
========================================================
Test11 (DAC Calibration) results 2008-09-03 18:33:25
Board ID068 36 channels
Linux calibration (server mode)

Calibration DAC Range: [3100 - 3500]

A:
0.755,0.77,0.815,0.745,0.76,0.745,0.7825,0.7425,0.745,0.8425,0.825,0.75
0.7575,0.7675,0.845,0.7575,0.8525,0.7625,0.7525,0.76,0.7475,0.745,0.765,0.76
0.7525,0.78,0.735,0.765,0.75,0.7825,0.7875,0.76,0.74,0.7375,0.7675,0.7575


B:
75.5,82.0,66.5,71.5,79.0,65.5,88.2,69.2,75.5,69.3,65.5,75.0
63.8,76.8,61.5,72.8,80.2,64.3,67.3,64.0,62.7,86.5,80.5,98.0
70.3,62.0,63.5,75.5,62.0,66.2,74.7,73.0,71.0,68.7,74.8,79.8


========================================================
Test11 (DAC Calibration) results 2008-09-03 20:19:48
Board ID068 36 channels
Linux calibration (server mode)

Calibration DAC Range: [3100 - 3500]

A:
0.7525,0.745,0.755,0.7475,0.7475,0.7425,0.73,0.7425,0.75,0.7525,0.75,0.75
0.7425,0.735,0.755,0.7525,0.7475,0.7525,0.75,0.75,0.745,0.7575,0.745,0.7525
0.75,0.7525,0.74,0.7575,0.7625,0.75,0.755,0.7475,0.7425,0.7525,0.7375,0.745


B:
106.3,79.5,70.5,76.7,71.7,61.2,95.0,73.2,-2542.7,65.3,79.0,66.0
67.2,73.5,80.5,59.3,67.7,55.3,67.0,61.0,58.5,74.8,75.5,68.3
75.0,74.3,75.0,64.8,70.3,63.0,65.5,64.7,67.2,87.3,62.7,75.5


========================================================
Test11 (DAC Calibration) results 2008-09-03 21:14:08
Board ID068 36 channels
Linux calibration (server mode)

Calibration DAC Range: [3100 - 3500]

A:
0.755,0.745,0.755,0.75,0.7475,0.7375,0.735,0.7425,0.75,0.74,0.75,0.745
0.7425,0.74,0.76,0.7475,0.7475,0.7475,0.745,0.745,0.74,0.7575,0.745,0.7475
0.75,0.7575,0.74,0.7525,0.7625,0.75,0.75,0.745,0.7425,0.7575,0.7375,0.745


B:
107.5,79.5,70.5,70.0,72.7,77.7,79.5,74.2,74.0,88.0,79.0,83.5
66.2,58.0,65.0,76.7,68.7,72.7,84.5,78.5,76.0,74.8,75.5,85.7
75.0,58.8,77.0,82.3,70.3,63.0,83.0,74.5,68.2,71.8,63.7,75.5


========================================================
Test11 (DAC Calibration) results 2008-09-03 21:29:28
Board ID068 36 channels
Linux calibration (server mode)

Calibration DAC Range: [3100 - 3500]

A:
0.7525,0.745,0.7575,0.75,0.7475,0.7375,0.735,0.7375,0.75,0.74,0.75,0.745
0.7475,0.74,0.7625,0.7525,0.7475,0.7425,0.745,0.745,0.74,0.76,0.745,0.755
0.75,0.755,0.74,0.755,0.765,0.75,0.75,0.745,0.7425,0.7575,0.7375,0.745


B:
58.3,79.5,61.8,70.0,71.7,78.7,79.5,90.7,74.0,88.0,79.0,83.5
49.7,58.0,56.3,60.3,67.7,89.2,84.5,78.5,76.0,66.0,75.5,61.5
75.0,67.5,77.0,73.5,61.5,63.0,83.0,74.5,67.2,71.8,62.7,75.5


========================================================
Test11 (ADC Calibration) results 2009-03-11 11:14:03
Board ID068 36 channels
Host: ufcmshv3
Linux calibration software

Calibration DAC Range: [1000 - 3500]

A:
0.7516,0.7484,0.754,0.7496,0.7476,0.74,0.7368,0.7444,0.7504,0.7472,0.7536,0.7492
0.7432,0.7348,0.756,0.7508,0.7472,0.7472,0.7488,0.7476,0.7424,0.7592,0.7468,0.7524
0.7516,0.7536,0.742,0.7552,0.7624,0.7492,0.7528,0.7488,0.7436,0.7568,0.736,0.7468


B:
66.3999,71.6001,75,72.4,73.3999,72,74.2,70.5999,74.6,68.8,68.4,71.8
66.8,77.2001,80.0001,67.2,73.8,74.8,73.2001,71.3999,69.6,71.8001,71.2,71.6001
71.3999,72.4,71.0001,73.7999,70.6001,67.8,75.2,63.2001,66.4,75.2,70,71.2


========================================================
Test11 (ADC Calibration) results 2009-03-11 11:59:48
Board ID068 36 channels
Host: ufcmshv3
Linux calibration software

Calibration DAC Range: [1000 - 3500]

A:
0.7512,0.7476,0.7536,0.7492,0.748,0.7396,0.7376,0.744,0.7504,0.7472,0.754,0.7484
0.7432,0.7352,0.7564,0.7512,0.7532,0.7476,0.7488,0.748,0.7424,0.7592,0.7468,0.752
0.7516,0.754,0.7424,0.7556,0.7632,0.7492,0.7528,0.7484,0.7428,0.7568,0.7364,0.7468


B:
66.7999,73.3999,76.4,72.8,71.9999,72.4,72.3999,70.9999,74.6,67.8,68,73.6001
66.8,75.8,78.6,65.7999,65.8,69.3999,73.2001,69.9999,69.6,71.8001,71.2,72.0001
71.3999,71,69.6,73.4001,68.8,67.8,75.2,63.6001,68.2,75.2,68.6,71.2


========================================================
Test11 (ADC Calibration) results 2009-03-11 14:50:04
Board ID068 36 channels
Host: ufcmshv3
Linux calibration software

Calibration DAC Range: [1000 - 3500]

A:
0.7512,0.7472,0.7536,0.7496,0.7476,0.7404,0.7372,0.744,0.7508,0.7468,0.754,0.7484
0.7436,0.7352,0.7564,0.7516,0.7488,0.7624,0.7484,0.7476,0.742,0.7588,0.7472,0.7528
0.752,0.7544,0.7428,0.7556,0.7632,0.7492,0.7532,0.7484,0.7428,0.7568,0.736,0.7468


B:
66.7999,74.8,76.4,72.4,74.3999,71.5999,73.7999,71.9999,74.2,70.2,68,74.6001
66.4,75.8,79.6,65.3999,70.2001,73.6001,74.6001,71.3999,71.0001,73.1999,70.8,70.2
71.0001,70.5999,69.2,73.4001,69.8,67.8,74.8,64.6001,68.2,75.2,70,71.2


========================================================
Test11 (ADC Calibration) results 2011-10-27 11:32:46
Board ID068 36 channels
Host: ufcmshv1
Linux calibration software

Calibration DAC Range: [1000 - 3500]

A:
0.7512,0.7484,0.7544,0.7504,0.7476,0.7408,0.738,0.7444,0.7508,0.748,0.7548,0.75
0.7436,0.7356,0.7572,0.7516,0.748,0.7564,0.7492,0.748,0.7428,0.7596,0.7472,0.7528
0.752,0.7544,0.7432,0.7564,0.7632,0.7488,0.7532,0.7492,0.7436,0.7568,0.7368,0.7476


B:
64.7999,69.6001,72.5999,68.6,71.3999,68.1999,70.0001,68.5999,72.2,63.9999,64.1999,68
63.4,73.4,74.8,63.3999,66.9999,70.6,69.8,67.9999,67.2,68.4001,68.8,68.2
69.0001,68.5999,65.8,69.6,66.8,67.2001,72.8,60.8,64.4,73.2,66.2,67.3999


========================================================
Test11 (ADC Calibration) results 2011-10-27 11:56:27
Board ID068 36 channels
Host: ufcmshv1
Linux calibration software

Calibration DAC Range: [1000 - 3500]

A:
0.7516,0.7484,0.7544,0.75,0.748,0.7404,0.738,0.7448,0.7512,0.7476,0.7544,0.7496
0.7436,0.7356,0.7568,0.752,0.7484,0.7564,0.7496,0.7484,0.7432,0.7596,0.7476,0.7528
0.752,0.7544,0.7428,0.7564,0.7636,0.7496,0.7532,0.7496,0.744,0.7568,0.7368,0.7476


B:
64.3999,69.6001,71.5999,69,70.9999,69.5999,70.0001,67.2001,70.7999,64.3999,65.5999,68.4
63.4,73.4,76.2,63.0001,66.6001,70.6,69.4,67.6001,66.8,69.4001,67.3999,68.2
69.0001,68.5999,67.2,69.6,66.4,65.4,72.8,59.4,63.9999,73.2,66.2,67.3999


