========================================================

Test11 results 03-31-2005  14:06:43
Board ID039  36 channels
HV Tests Software Ver.1.6

+5V 2520 - O'k
-5V 1307 - O'k
Interlock - On
Calibration DAC Range: [2500 - 2900]


A:
Limits 0.76 +/- 0.04
0.747664,0.739372,0.742115,0.742115,0.746269,0.738007,0.744879,0.746269,0.740741,0.743494,0.747664,0.739372
0.744879,0.739372,0.739372,0.735294,0.744879,0.740741,0.735294,0.742115,0.742115,0.742115,0.732601,0.742115
0.740741,0.738007,0.743494,0.742115,0.739372,0.742115,0.740741,0.739372,0.744879,0.739372,0.744879,0.743494


B:
Limits 60.0 +/- 30.0
66.370995,65.875175,62.056679,73.122452,66.573608,74.871407,59.103344,60.752674,68.52964,61.420231,68.67733,70.719353
66.913483,72.687645,76.87278,69.376205,65.709602,81.533112,80.313881,80.042274,72.327072,69.866638,75.275917,82.343994
66.13887,70.441559,78.533852,70.512733,67.466919,71.306847,66.865868,69.058655,72.48407,71.30764,65.221863,72.257355
========================================================
Test11 (DAC Calibration) results 2007-10-01 14:58:14
Board ID39 36 channels
Linux calibration software
Calibration DAC Range: [1100 - 2700]

A:
0.746338,0.738144,0.740878,0.741427,0.743494,0.739235,0.742391,0.743909,0.73903,0.741633,0.743494,0.738689
0.743771,0.739508,0.739713,0.735835,0.742597,0.741221,0.736106,0.741359,0.741427,0.741427,0.733205,0.743425
0.738689,0.737735,0.743494,0.748293,0.737395,0.741771,0.739508,0.738348,0.744532,0.738689,0.764892,0.744117


B:
75.2776,73.6852,69.8834,79.7961,79.1821,72.4635,70.3044,74.1491,80.1386,73.1342,76.9516,76.1773
73.596,75.7811,80.675,72.0383,78.4833,82.3034,81.671,82.2629,79.0547,76.2372,77.3256,81.6559
77.6547,74.1054,81.4125,69.6005,77.5277,76.356,74.7458,76.6497,78.5016,78.3934,57.9116,76.0952


========================================================
Test11 (DAC Calibration) results 2007-10-01 16:06:39
Board ID39 36 channels
Linux calibration software
Calibration DAC Range: [1100 - 2700]

A:
0.746408,0.738348,0.741015,0.741565,0.743564,0.739372,0.742873,0.743909,0.738894,0.741633,0.743494,0.738689
0.743771,0.739645,0.739713,0.735632,0.742528,0.74129,0.736242,0.741359,0.741565,0.741427,0.733138,0.743494
0.738689,0.737531,0.743494,0.748293,0.737327,0.741771,0.739372,0.738212,0.744394,0.738689,0.749485,0.74384


B:
75.182,73.2533,69.3961,79.3104,79.2359,72.2736,68.7436,74.1491,80.0312,73.1342,76.9516,76.1773
73.596,75.5916,80.675,72.3218,78.875,82.3573,81.1889,82.2629,78.8654,76.2372,77.2727,81.4125
77.6547,74.5367,81.4125,69.6005,77.7696,76.356,75.231,76.8386,78.9893,78.3934,63.7623,76.476


