

========================================================
Test10 (ADC Calibration) results 2014-03-06 15:19:06
Board ID505 30 channels
Host: ufcmshv1
Linux calibration software

Voltmeter channel: A=1.11401, B=-6.5039

A:
1.07134,1.08856,1.07391,1.07205,1.07099,1.07028,1.07346,1.07755,1.08078,1.08529
1.078,1.07072,1.0724,1.07524,1.07302,1.07267,1.07293,1.07337,1.078,1.07284
1.06016,1.07196,1.07382,1.08087,1.07515,1.07639,1.11506,1.06826,1.07515,1.08195


B:
-8.56036,-6.65032,-5.81322,-6.43595,-6.08656,-5.42623,-6.04325,-5.34053,-5.09696,-6.67403
-5.32513,-5.41087,-5.47994,-6.19694,-4.34183,-6.80083,-5.9762,-5.74587,-4.46267,-5.67909
-5.27686,-5.92462,-5.30088,-6.04538,-5.25365,-5.12344,-5.66628,-6.30989,-4.8237,-6.1809


========================================================
Test10 (ADC Calibration) results 2014-03-06 15:39:29
Board ID505 30 channels
Host: ufcmshv1
Linux calibration software

Voltmeter channel: A=1.1143, B=-6.7617

A:
1.07134,1.08828,1.07399,1.07161,1.07125,1.07037,1.07355,1.07746,1.08078,1.08538
1.07764,1.07072,1.07222,1.07506,1.0732,1.07258,1.07293,1.07337,1.07845,1.07302
1.06007,1.07205,1.07382,1.08096,1.07515,1.07622,1.11478,1.06861,1.07488,1.08159


B:
-8.77443,-6.18064,-5.6815,-6.23684,-6.54914,-5.29453,-6.55594,-4.82691,-4.88086,-6.97495
-4.77695,-5.41087,-4.8859,-5.81611,-4.93654,-6.71803,-5.54673,-6.17498,-5.74054,-6.05876
-5.40663,-5.79248,-5.30088,-5.69588,-5.46849,-4.74232,-5.18553,-6.63987,-4.36033,-4.76576


