========================================================

Test10 results 08-23-2005  15:17:18
Board ID396  30 channels
HV Tests Software Ver.1.6

+5V 2524 - O'k
-5V 1323 - O'k
Interlock - On

Voltmeter channel: A=1.072386, B=13.94114

A:
Limits 1.1 +/- 0.1
1.066667,1.068376,1.067806,1.066098,1.069519,1.070091,1.068376,1.066667,1.068376,1.066667
1.070091,1.074114,1.066098,1.06383,1.072386,1.069519,1.071811,1.066098,1.072961,1.074691
1.072386,1.068376,1.064396,1.072386,1.069519,1.066667,1.071237,1.069519,1.060445,1.072386


B:
Limits 0.0 +/- 30.0
6.399792,4.27352,5.339071,10.660933,6.417229,4.280172,7.478648,8.533125,10.683776,11.733126
16.051172,5.370607,9.594834,2.127688,9.651596,18.181934,5.359216,8.528736,7.51089,-2.149497
7.506824,16.025656,8.515358,6.434438,6.417229,5.333125,4.284775,2.139154,12.725191,7.506824
========================================================
Test10 (ADC Calibration) results 2008-04-15 15:28:39
Board ID396 30 channels
Linux calibration software

Voltmeter channel: A=1.06132, B=-1400.63

A:
1.07045,1.06937,1.06721,1.06559,1.07011,1.06984,1.06849,1.06744,1.07065,1.06579
1.0717,1.07295,1.06538,1.06316,1.07233,1.07085,1.07291,1.06451,1.07253,1.07358
1.07186,1.06883,1.06383,1.072,1.07038,1.06589,1.07089,1.06937,1.06053,1.06785


B:
3.52313,-0.304182,2.32084,6.23882,1.78559,2.23586,3.26926,3.81021,3.67713,10.25
14.0436,2.84496,7.96145,-0.821122,4.13869,11.8075,2.52961,7.81896,3.6269,-2.41792
5.09416,10.5909,5.55322,2.56531,2.19548,1.25295,2.97449,-2.37355,10.192,9.62942


========================================================
Test10 (ADC Calibration) results 2008-06-19 12:08:44
Board ID396 30 channels
Linux calibration software

Voltmeter channel: A=1.07, B=0

A:
1.08854,1.08629,1.08504,1.08325,1.08701,1.08701,1.08531,1.08245,1.08755,1.08316
1.0908,1.08998,1.08254,1.08023,1.08899,1.08827,1.08998,1.08191,1.09007,1.09152
1.08863,1.08602,1.08023,1.08917,1.08836,1.08325,1.08935,1.08629,1.0789,1.07572


B:
0.658357,-0.510555,-0.642463,4.05964,1.21046,0.775892,2.79661,6.32272,3.10151,8.04231
11.2131,3.45802,5.80661,-2.62881,4.81286,10.7038,2.80392,6.17024,0.976468,-4.73335
3.40453,9.51461,5.14877,1.59661,-0.0451415,0.593293,0.775225,-2.90035,6.82008,15.3755


