========================================================

Test10 results 12-15-2006  16:23:01
Board ID045  36 channels
HV Tests Software Ver.1.6.8

+5V 3065 - O'k
-5V 1371 - O'k
Interlock - On
Number of Samples: 400

Voltmeter channel: A=1.049869, B=39.894802

A:
Limits 1.1 +/- 0.1
1.067236,1.089325,1.082837,1.047669,1.079331,1.068947,1.073537,1.080497,1.075269,1.082837,1.084011,1.070091
1.074691,1.072386,1.079914,1.075269,1.077586,1.088732,1.066098,1.084599,1.085187,1.081666,1.047669,1.077586
1.079331,1.077586,1.077586,1.072961,1.075269,1.078749,1.072386,1.082251,1.068376,1.077586,1.080497,1.071237


B:
Limits 0.0 +/- 30.0
9.605241,17.429287,19.491241,16.762714,6.476033,11.758456,9.661671,4.321996,11.827781,10.828545,5.420056,12.8409
15.04556,18.230684,6.479447,6.451437,14.008742,10.887247,8.528736,13.015324,17.362988,7.571701,33.525417,16.163914
9.714025,7.543225,16.163914,20.386425,8.601974,11.866045,15.013526,6.493545,12.820528,10.775984,14.04647,9.640962
Channels:
  23  37
Out of range 0.0 +/- 30.0
========================================================
Test10 (ADC Calibration) results 2008-02-19 10:59:50
Board ID45 36 channels
Linux calibration software

Voltmeter channel: A=1.06519, B=0.627403

A:
1.06559,1.08737,1.08135,1.04793,1.07713,1.06812,1.07115,1.07856,1.07394,1.08091,1.08196,1.06869
1.07384,1.07101,1.07838,1.07273,1.07576,1.08677,1.06421,1.08388,1.08342,1.0801,1.06559,1.07583
1.07685,1.07646,1.07636,1.07198,1.07367,1.07691,1.07064,1.0801,1.06623,1.07667,1.07895,1.06869


B:
3.17761,12.3364,13.2732,7.9406,1.87289,4.1413,5.62968,-0.804928,4.29691,5.20752,0.13642,5.63039
7.44682,11.1461,-0.55578,2.27256,8.28474,4.71834,3.75186,6.88417,11.3925,2.31155,12.4432,10.1598
6.56121,0.566342,8.78928,13.9402,2.77144,5.66604,9.71659,1.1917,8.29375,3.55657,9.34192,4.42433


