========================================================

Test11 results 12-15-2006  16:25:56
Board ID045  36 channels
HV Tests Software Ver.1.6.8

+5V 3065 - O'k
-5V 1371 - O'k
Interlock - On
Calibration DAC Range: [2500 - 2900]
Number of Samples: 400

A:
Limits 0.76 +/- 0.04
0.759013,0.742115,0.746269,0.773694,0.747664,0.757576,0.753296,0.749064,0.75188,0.746269,0.747664,0.756144
0.753296,0.756144,0.749064,0.753296,0.750469,0.743494,0.760456,0.744879,0.746269,0.749064,0.772201,0.75188
0.750469,0.750469,0.750469,0.753296,0.753296,0.75188,0.753296,0.747664,0.759013,0.750469,0.750469,0.756144


B:
Limits 60.0 +/- 30.0
52.68763,51.992107,54.724586,49.205696,72.355042,51.903954,61.400986,60.036465,61.542923,66.037773,55.23143,57.579815
58.35194,48.142235,67.956863,57.726463,57.436771,58.77462,50.315842,57.900917,48.549286,57.690338,38.410046,48.852749
51.214619,64.714996,55.010754,58.976131,53.676395,49.021446,65.346405,63.086098,47.212765,61.480251,52.190998,55.247326
========================================================
Test11 (DAC Calibration) results 2008-02-19 10:59:50
Board ID45 36 channels
Linux calibration software
Calibration DAC Range: [1100 - 2700]

A:
0.758725,0.743149,0.747664,0.771903,0.749836,0.758078,0.754788,0.749977,0.752445,0.747594,0.747245,0.756144
0.752516,0.754503,0.749344,0.753296,0.751174,0.743564,0.760095,0.745921,0.746617,0.748153,0.758725,0.75188
0.751174,0.75068,0.750751,0.753438,0.753012,0.750751,0.754006,0.748153,0.758653,0.750539,0.750469,0.756144


B:
64.3399,58.1049,59.2523,63.3346,75.274,59.6136,66.5441,66.8322,70.5042,71.4605,67.4575,67.8638
70.5577,64.5195,78.1944,67.985,64.2816,69.4209,60.9502,62.4243,57.7228,70.3919,58.1183,59.3985
58.8731,74.1202,64.7146,67.7906,63.8555,64.114,72.2902,72.0378,59.1275,70.2599,60.6004,66.3515


