========================================================

Test10 results 09-23-2006  13:36:27
Board ID320  30 channels
HV Tests Software Ver.1.6.1

+5V 2506 - O'k
-5V 1313 - O'k
Interlock - On

Voltmeter channel: A=1.070664, B=10.706645

A:
Limits 1.1 +/- 0.1
1.075847,1.079914,1.078749,1.071237,1.070664,1.078167,1.083424,1.070664,1.078167,1.073537
1.077006,1.077006,1.071237,1.077006,1.064963,1.077586,1.072961,1.087548,1.084011,1.078749
1.068376,1.075847,1.082251,1.086366,1.075847,1.078749,1.070091,1.075847,1.078167,1.076426


B:
Limits 0.0 +/- 30.0
12.910025,10.799102,15.102291,10.712199,16.059963,12.938135,15.167946,20.342619,15.094469,12.882283
14.000859,20.462894,16.068386,18.308884,19.16926,12.931156,12.875696,18.488453,14.092143,16.18104
10.683776,11.834177,14.069302,15.209301,15.061719,11.866045,9.630627,17.213413,16.172636,12.917105
========================================================
Test10 (ADC Calibration) results 2008-04-18 10:25:01
Board ID320 30 channels
Linux calibration software

Voltmeter channel: A=1.05772, B=-1474.53

A:
1.07394,1.07836,1.07726,1.069,1.0681,1.07686,1.08102,1.0717,1.07542,1.07143
1.07499,1.075,1.0695,1.07476,1.0645,1.07373,1.07224,1.08656,1.0818,1.07616
1.06547,1.07326,1.0812,1.08442,1.07346,1.0758,1.0675,1.07596,1.07423,1.0753


B:
6.76933,6.50642,9.19614,5.12798,11.2191,8.83301,9.60978,10.7221,10.3812,7.50011
8.14085,13.3248,7.6926,13.4045,9.85958,10.7354,5.90449,12.0344,7.48661,10.7321
6.87465,6.98323,6.09559,10.0241,9.52606,7.4453,5.06002,6.54057,14.5457,5.86278


========================================================
Test10 (ADC Calibration) results 2008-06-19 12:08:44
Board ID320 30 channels
Linux calibration software

Voltmeter channel: A=1.07, B=0

A:
1.0908,1.09607,1.09488,1.0862,1.08549,1.09607,1.09881,1.08926,1.09225,1.08908
1.0927,1.09206,1.08629,1.09333,1.08218,1.09197,1.08962,1.10491,1.09891,1.09397
1.08191,1.09016,1.09753,1.10222,1.09143,1.09324,1.08459,1.09279,1.09206,1.09225


B:
5.75915,5.27569,7.24178,3.70064,9.3598,7.02951,6.4866,9.57345,9.44509,5.383
5.31335,13.1067,7.96258,10.8497,6.78733,7.0744,6.84368,7.97854,6.18274,7.85949
6.38657,5.90692,6.56452,7.55446,7.13877,5.90429,4.33056,5.01126,11.7959,6.38662


