========================================================

Test11 results 09-23-2006  13:38:10
Board ID320  30 channels
HV Tests Software Ver.1.6.1

+5V 2505 - O'k
-5V 1312 - O'k
Interlock - On
Calibration DAC Range: [2500 - 2900]


A:
Limits 0.76 +/- 0.04
0.746269,0.739372,0.743494,0.746269,0.747664,0.740741,0.736648,0.746269,0.743494,0.746269
0.743494,0.744879,0.744879,0.742115,0.75188,0.740741,0.746269,0.736648,0.736648,0.743494
0.750469,0.743494,0.739372,0.742115,0.742115,0.743494,0.747664,0.742115,0.742115,0.742115


B:
Limits 60.0 +/- 30.0
49.735374,67.140549,52.745163,62.740963,53.512318,65.618584,63.664459,57.94706,56.684811,58.484898
59.018032,45.700977,65.066559,60.950752,49.50679,66.347389,58.176991,55.95285,65.26239,51.807262
56.792202,60.403191,60.077534,53.211269,64.003464,52.010925,60.720627,63.418251,55.626041,60.950752
========================================================
Test11 (DAC Calibration) results 2008-04-18 10:25:01
Board ID320 30 channels
Linux calibration software
Calibration DAC Range: [1100 - 2700]

A:
0.745295,0.741496,0.742253,0.748363,0.748994,0.742528,0.739303,0.746478,0.743149,0.745921
0.74308,0.744186,0.748013,0.743978,0.751527,0.744325,0.746478,0.735903,0.739508,0.743011
0.750469,0.745018,0.739919,0.741427,0.744879,0.743633,0.749415,0.743149,0.743978,0.743978


B:
64.0396,67.6893,66.4874,65.7624,60.3969,65.9549,65.1233,62.3961,68.509,70.6295
70.6855,58.8837,66.2459,63.3406,61.3903,65.8356,66.2778,66.0564,66.4634,64.5398
67.3546,66.5116,65.8896,64.2262,64.6183,64.8634,65.808,69.2522,61.4062,63.6381


========================================================
Test11 (ADC Calibration) results 2008-06-19 12:56:33
Board ID320 30 channels
Linux calibration software

Calibration DAC Range: [1000 - 3500]

A:
0.7336,0.7296,0.7304,0.7364,0.7368,0.7296,0.7276,0.7344,0.7316,0.734
0.7316,0.7324,0.736,0.7316,0.7392,0.732,0.7336,0.724,0.728,0.7312
0.7388,0.7336,0.7284,0.7296,0.7332,0.7316,0.7372,0.7316,0.7328,0.7324


B:
65.3999,68.4,67.5999,66.6,62.1999,67.4,66.4001,63.6001,69.4,70.9999
71.4,59.6,67,64.4,63.8,68,67.3999,68.0001,68.0001,66.8001
68.2,67.3999,66.6,66.4,64.7999,66.4,67.7999,70.4,61.2,63.6


========================================================
Test11 (ADC Calibration) results 2008-07-17 10:58:43
Board ID320 30 channels
Linux calibration software

Calibration DAC Range: [1000 - 3500]

A:
0.7324,0.7288,0.7296,0.736,0.7364,0.7288,0.7272,0.7336,0.7312,0.734
0.7312,0.7316,0.736,0.7312,0.738,0.732,0.7336,0.7232,0.7276,0.7304
0.7388,0.7336,0.7276,0.7288,0.732,0.7316,0.7372,0.7308,0.732,0.7324


B:
67.6,69.2,68.4,67,62.6,68.2,66.8001,64.3999,69.8001,70.9999
71.8001,61.4,67,64.8001,66.0001,68,67.3999,68.7999,68.4001,66.5999
69.2,66.3999,68.4001,67.2,67,65.4,66.7999,71.2001,62,62.6


========================================================
Test11 (ADC Calibration) results 2008-07-20 18:37:46
Board ID320 30 channels
Linux calibration software

Calibration DAC Range: [1000 - 3500]

A:
0.7328,0.7288,0.73,0.736,0.736,0.7292,0.7268,0.7336,0.7312,0.7332
0.7308,0.7316,0.736,0.7316,0.7388,0.7324,0.7336,0.7228,0.7272,0.7304
0.7396,0.7332,0.728,0.7296,0.7328,0.7312,0.7368,0.7308,0.732,0.7324


B:
67.2,69.2,67.9999,67,64,66.8,68.1999,64.3999,69.8001,72.7999
73.2001,61.4,67,64.4,64.2,67.6,67.3999,70.1999,68.8001,67.5999
68.4,67.7999,67.0001,65.4,65.2,66.8001,68.2,71.2001,63,63.6


========================================================
Test11 (ADC Calibration) results 2008-07-24 23:03:59
Board ID320 30 channels
Linux calibration software

Calibration DAC Range: [1000 - 3500]

A:
0.7328,0.7292,0.73,0.736,0.7364,0.7292,0.7268,0.7336,0.7312,0.734
0.7312,0.7316,0.7364,0.7316,0.7392,0.7324,0.7336,0.7232,0.7276,0.7308
0.7396,0.7336,0.7284,0.7292,0.7324,0.7312,0.7368,0.7312,0.732,0.732


B:
67.2,68.8,66.9999,68,63.6,67.8,68.1999,64.3999,70.8001,70.9999
71.8001,61.4,66.6,64.4,63.8,67.6,67.3999,68.7999,68.4001,67.2001
68.4,66.3999,66.6,66.8,65.6,66.8001,68.2,70.8001,63,65


