========================================================

Test11 results 09-02-2005  17:16:31
Board ID404  30 channels
HV Tests Software Ver.1.6

+5V 2486 - O'k
-5V 1318 - O'k
Interlock - On
Calibration DAC Range: [2500 - 2900]


A:
Limits 0.76 +/- 0.04
0.747664,0.742115,0.750469,0.743494,0.742115,0.747664,0.746269,0.740741,0.742115,0.738007
0.75188,0.747664,0.738007,0.742115,0.746269,0.746269,0.742115,0.743494,0.747664,0.744879
0.739372,0.733945,0.750469,0.742115,0.740741,0.747664,0.742115,0.739372,0.743494,0.744879


B:
Limits 60.0 +/- 40.0
56.545864,51.404537,52.867996,48.867409,62.831043,46.819485,54.625111,64.433327,46.515564,57.690571
50.26326,51.566494,58.55146,55.626041,56.078838,51.413567,47.808651,51.411556,49.884068,49.993488
56.510281,54.009289,46.444305,67.420166,61.161297,65.693611,55.158779,58.666481,58.359489,60.876068
========================================================
Test11 (DAC Calibration) results 2008-06-03 04:16:48
Board ID404 30 channels
Linux calibration software
Calibration DAC Range: [1100 - 2700]

A:
0.745504,0.741084,0.751385,0.743494,0.743218,0.745921,0.745295,0.741702,0.739782,0.739782
0.749977,0.746617,0.73944,0.74384,0.746617,0.746269,0.742735,0.742459,0.747314,0.74384
0.738825,0.734417,0.746408,0.744048,0.74184,0.748433,0.741633,0.740124,0.744532,0.745295


B:
71.3539,61.0004,55.8748,53.7546,63.2107,57.2029,63.1453,65.4738,58.3873,56.9078
62.7824,60.8585,59.4603,55.6484,62.2025,56.7165,52.7434,61.2992,57.4965,59.3676
63.1326,59.0381,64.4338,65.3273,63.6498,70.0067,64.2346,62.9384,59.1438,64.6359


========================================================
Test11 (ADC Calibration) results 2008-06-17 04:20:31
Board ID404 30 channels
Linux calibration software

Calibration DAC Range: [1000 - 3500]

A:
0.7436,0.7384,0.7492,0.7412,0.7408,0.7436,0.7436,0.7404,0.738,0.7376
0.7476,0.7448,0.7372,0.7416,0.7448,0.7444,0.7404,0.7404,0.7456,0.7412
0.7372,0.7328,0.7456,0.7428,0.7396,0.7468,0.7396,0.738,0.7424,0.7432


B:
70.4,61.6001,55.8,53.8001,64.1999,57.4,62.4,63.5999,57.0001,57.3999
64.3999,59.2001,58.7999,55.4001,61.2001,55.5999,52.5999,61.5999,55.4001,59.8001
61.7999,58.2,61.4001,63.2,63.4,68.2,63.4,63.0001,59.6,63.8


========================================================
Test11 (ADC Calibration) results 2008-06-17 07:43:31
Board ID404 30 channels
Linux calibration software

Calibration DAC Range: [1000 - 3500]

A:
0.7352,0.7304,0.7408,0.7332,0.732,0.7352,0.7348,0.7316,0.7296,0.7288
0.7388,0.7364,0.7284,0.7332,0.7364,0.7356,0.732,0.732,0.7368,0.7324
0.7284,0.7248,0.7364,0.7344,0.7316,0.738,0.7308,0.73,0.734,0.7348


B:
69.8,61.5999,55.1999,53.8,65,57.8,63.2001,65.4,58.4,58.2
65.2,59.6,60.6,55.8,60.6,57.4,53,61,57.1999,61.6
63.6,57.2,63.6,63.6001,62.4,69.0001,64.2001,60.9999,59.9999,65.2001


========================================================
Test11 (ADC Calibration) results 2008-06-18 14:03:06
Board ID404 30 channels
Linux calibration software

Calibration DAC Range: [1000 - 3500]

A:
0.7352,0.7308,0.7408,0.7328,0.732,0.7352,0.7348,0.7308,0.7296,0.7292
0.7392,0.7364,0.7288,0.7332,0.7364,0.7352,0.7324,0.7316,0.7368,0.7328
0.728,0.7244,0.7368,0.734,0.7312,0.738,0.7308,0.7296,0.734,0.7352


B:
70.8,60.2001,56.1999,54.2,65,57.8,63.2001,67.2001,58.4,57.8
63.8,59.6,60.2,55.8,61.6,58.8,52.6,62.4,58.1999,61.2
65.0001,58.6001,63.1999,64.9999,63.8001,70.0001,65.2001,63.4,59.9999,63.8


========================================================
Test11 (ADC Calibration) results 2008-08-15 19:34:23
Board ID404 30 channels
Linux calibration software

Calibration DAC Range: [1000 - 3500]

A:
0.7336,0.7296,0.7392,0.7312,0.7312,0.734,0.7336,0.7304,0.7288,0.7276
0.738,0.7348,0.7272,0.732,0.7352,0.7344,0.7308,0.7296,0.736,0.732
0.7268,0.7232,0.7356,0.7328,0.73,0.7368,0.7296,0.728,0.7328,0.734


B:
71.3999,61.4,56.8,55.8001,64.8001,58.9999,64.3999,65.5999,58.2,59.4001
65.0001,61.2001,61.8001,56,61.8,58.6001,53.2001,64.4,57,60
65.1999,58.7999,63.4,65.2,63.9999,70.2,64.4,65.0001,60.2,64.9999


