========================================================

Test10 results 10-26-2005  14:12:18
Board ID094  36 channels
HV Tests Software Ver.1.6

+5V 2937 - O'k
-5V 1296 - O'k
Interlock - On

Voltmeter channel: A=1.074114, B=13.963518

A:
Limits 1.1 +/- 0.1
1.082251,1.073537,1.074691,1.079331,1.074691,1.069519,1.075847,1.076426,1.078749,1.075847,1.076426,1.073537
1.071237,1.072386,1.077006,1.075269,1.073537,1.070664,1.078749,1.070091,1.075269,1.075269,1.071237,1.072961
1.069519,1.068947,1.071811,1.079914,1.077006,1.075847,1.075847,1.071237,1.071811,1.075269,1.077006,1.075269


B:
Limits 0.0 +/- 35.0
4.329042,7.514596,7.522722,7.555364,7.522722,10.695304,3.227399,8.6114,7.55105,12.910025,5.382121,2.14691
10.712199,8.57921,12.923853,8.601974,8.588134,7.494653,2.157307,7.490445,7.526706,1.075092,11.783437,1.073122
11.764822,8.551615,8.57465,3.239707,7.538823,5.379094,8.606635,11.783437,8.57465,10.752512,9.692835,11.827781
========================================================
Test10 (ADC Calibration) results 2008-03-25 11:52:15
Board ID94 36 channels
Linux calibration software

Voltmeter channel: A=1.07324, B=12.3929

A:
1.08189,1.07261,1.07475,1.07847,1.07314,1.07019,1.07583,1.07654,1.07805,1.07535,1.07603,1.07254
1.07096,1.07197,1.07767,1.07458,1.07247,1.07106,1.07642,1.06891,1.07398,1.07479,1.0716,1.07136
1.06979,1.06898,1.07197,1.07956,1.07736,1.07496,1.07607,1.07233,1.07143,1.0765,1.07679,1.07485


B:
1.26079,5.49847,4.47144,6.32193,6.76288,3.08504,-1.36667,5.0344,4.94462,9.69979,1.60254,0.563168
6.88579,3.86511,5.82066,7.18254,7.94729,1.65383,4.18202,6.79081,6.15635,-1.72637,5.80709,1.11162
6.93094,3.35713,4.8091,0.8488,3.12855,3.17366,3.79289,4.90166,5.42868,2.31315,6.01472,7.56734


