========================================================

Test11 results 10-26-2005  14:28:54
Board ID094  36 channels
HV Tests Software Ver.1.6

+5V 2936 - O'k
-5V 1297 - O'k
Interlock - On
Calibration DAC Range: [2500 - 2900]


A:
Limits 0.76 +/- 0.04
0.740741,0.753296,0.750469,0.746269,0.749064,0.753296,0.746269,0.747664,0.744879,0.747664,0.746269,0.749064
0.75188,0.753296,0.747664,0.750469,0.75188,0.750469,0.749064,0.753296,0.750469,0.747664,0.753296,0.75188
0.753296,0.753296,0.749064,0.746269,0.749064,0.749064,0.749064,0.75188,0.750469,0.749064,0.75188,0.747664


B:
Limits 60.0 +/- 40.0
75.80069,47.574257,58.535542,58.299244,59.27972,59.229374,70.682457,62.980774,67.531609,61.372093,69.879524,66.009041
55.26759,50.717648,58.475445,53.950092,51.323341,68.648552,55.577011,58.515621,55.480347,70.93766,51.613476,60.818577
56.812428,58.515621,67.615616,59.988552,58.557175,56.13826,52.832764,60.102859,62.929703,62.503292,52.179672,66.833176
========================================================
Test11 (DAC Calibration) results 2008-03-25 11:52:15
Board ID94 36 channels
Linux calibration software
Calibration DAC Range: [1100 - 2700]

A:
0.743909,0.751103,0.748853,0.746269,0.749977,0.7528,0.748853,0.748363,0.747314,0.748433,0.748713,0.751527
0.75188,0.751174,0.746826,0.749344,0.750821,0.751809,0.747314,0.752941,0.749766,0.749204,0.751809,0.751597
0.753083,0.75365,0.751174,0.746269,0.747035,0.749836,0.749064,0.750539,0.751174,0.748013,0.749695,0.748783


B:
69.6857,60.6233,68.0802,62.6867,62.3324,65.6535,66.5825,65.014,63.475,64.1689,66.7759,61.3903
60.9023,63.9812,67.8863,62.3079,60.1125,70.4728,67.2116,64.7058,63.0741,70.5938,62.8043,66.8544
61.9507,62.2233,64.8825,64.9255,69.0914,58.6277,56.5543,69.3593,64.1314,69.986,65.4202,68.1767


========================================================
Test11 (ADC Calibration) results 2008-06-19 12:56:33
Board ID094 36 channels
Linux calibration software

Calibration DAC Range: [1000 - 3500]

A:
0.732,0.7388,0.7308,0.7324,0.7364,0.7408,0.7364,0.7364,0.7352,0.7364,0.734,0.7344
0.7392,0.7392,0.7352,0.7336,0.7352,0.7364,0.7352,0.7364,0.7372,0.7364,0.736,0.7388
0.7396,0.7412,0.7396,0.7344,0.7348,0.7368,0.7348,0.7376,0.736,0.734,0.7372,0.7356


B:
70,62.2,70.2001,63.6,65.6,66.1999,68.6,66.6,64.8,65.6,69.9999,62.6001
63.8,64.8,66.8,65.3999,60.8,70.6,68.8,67.6,64.7999,71.6,64,68.2
63.4,63.8001,64.4,66.6001,70.2001,59.1999,58.2001,70.3999,65,69.9999,66.7999,68.4


========================================================
Test11 (ADC Calibration) results 2008-07-15 19:12:31
Board ID094 36 channels
Linux calibration software

Calibration DAC Range: [1000 - 3500]

A:
0.7324,0.7388,0.7312,0.732,0.7384,0.7412,0.7364,0.736,0.7356,0.736,0.7344,0.7332
0.7392,0.7392,0.734,0.7336,0.7352,0.7352,0.7352,0.736,0.7372,0.7356,0.7352,0.7388
0.74,0.7412,0.7392,0.7344,0.7344,0.7368,0.7352,0.7372,0.736,0.734,0.7372,0.7352


B:
68.6,61.2,68.8001,64,60.6001,64.8001,68.6,67,63.4,66,67.6001,63.8
63.8,64.8,67.9999,64.3999,59.8,71.8,68.8,67,64.7999,73.4,64.8,67.2
62,63.8001,64.8,65.6001,70.6001,59.1999,56.8,68.7999,64,69.9999,65.7999,68.8


========================================================
Test11 (ADC Calibration) results 2008-07-17 10:58:43
Board ID094 36 channels
Linux calibration software

Calibration DAC Range: [1000 - 3500]

A:
0.7316,0.738,0.7308,0.7324,0.738,0.7412,0.7364,0.736,0.7348,0.736,0.734,0.7332
0.7388,0.7392,0.7336,0.7336,0.7348,0.7352,0.7348,0.7356,0.7372,0.7356,0.7352,0.7384
0.7392,0.7412,0.7384,0.734,0.7348,0.736,0.7344,0.7372,0.7352,0.734,0.7368,0.7352


B:
70.4,63.0001,69.2001,62.6,61.0001,64.8001,67.6,67,65.2001,66,67.9999,63.8
64.2,63.8,68.3999,64.3999,60.2001,71.8,69.2001,67.4,63.7999,72.4,63.8,67.6001
62.8,62.8001,66.6001,65.9999,69.2001,61,58.6001,68.7999,65.8,68.9999,66.2,68.8


========================================================
Test11 (ADC Calibration) results 2008-07-20 18:37:46
Board ID094 36 channels
Linux calibration software

Calibration DAC Range: [1000 - 3500]

A:
0.732,0.738,0.7308,0.732,0.7384,0.7408,0.7364,0.736,0.7348,0.736,0.734,0.7332
0.7388,0.7388,0.7336,0.7336,0.7348,0.7356,0.7352,0.7364,0.7368,0.7352,0.7356,0.7384
0.7396,0.7412,0.7388,0.7348,0.7348,0.7364,0.7348,0.7372,0.7356,0.7332,0.7368,0.7352


B:
70,63.0001,69.2001,64,60.6001,66.1999,67.6,67,65.2001,66,67.9999,63.8
64.2,65.2,68.3999,64.3999,60.2001,71.4,68.8,65.6,65.2,73.8,63.4,67.6001
62.4,62.8001,65.2,64.2001,69.2001,60.6,57.2001,68.7999,65.4,71.7999,67.2,68.8


========================================================
Test11 (ADC Calibration) results 2008-07-24 23:03:59
Board ID094 36 channels
Linux calibration software

Calibration DAC Range: [1000 - 3500]

A:
0.732,0.7384,0.7312,0.7324,0.7384,0.7408,0.7364,0.7356,0.7348,0.7368,0.734,0.7332
0.7388,0.7392,0.7332,0.7332,0.7344,0.7352,0.7352,0.7356,0.7368,0.7356,0.7352,0.7388
0.7392,0.7412,0.7388,0.7348,0.7348,0.736,0.7348,0.7372,0.7356,0.7336,0.7368,0.7352


B:
70,61.6001,67.8001,62.6,60.6001,65.1999,67.6,67.4,65.2001,64.2,67.9999,62.8
63.2,63.8,68.7999,64.7999,60.6001,71.8,68.8,67.4,64.2,72.4,64.8,66.2
62.8,62.8001,65.2,64.2001,69.2001,61,57.2001,67.7999,64.4,70.3999,66.2,68.8


========================================================
Test11 (ADC Calibration) results 2008-08-12 23:20:39
Board ID094 36 channels
Linux calibration software

Calibration DAC Range: [1000 - 3500]

A:
0.7316,0.738,0.7292,0.7308,0.7384,0.7404,0.736,0.7356,0.7344,0.7364,0.7332,0.7316
0.7388,0.7388,0.7332,0.7324,0.7332,0.734,0.7352,0.734,0.7368,0.7352,0.7344,0.7384
0.7388,0.7408,0.7388,0.7344,0.7344,0.7364,0.7344,0.7368,0.7352,0.7328,0.7364,0.7344


B:
70.4,63.0001,69.8,65.2001,60.6001,66.5999,68,68.4,65.6001,64.6,68.7999,64.4
64.2,65.2,68.7999,64.6,61.8,72.9999,68.8,67.9999,65.2,72.8,64.6001,67.6001
63.2,64.1999,65.2,65.6001,69.6001,59.6,58.6001,69.2,65.8,71.2,66.6,70.6001


========================================================
Test11 (ADC Calibration) results 2008-08-13 01:14:42
Board ID094 36 channels
Linux calibration software

Calibration DAC Range: [1000 - 3500]

A:
0.7316,0.738,0.7296,0.7308,0.7388,0.7404,0.736,0.736,0.7348,0.736,0.7332,0.732
0.7388,0.7388,0.7336,0.7324,0.7332,0.734,0.7348,0.7344,0.7368,0.7352,0.7344,0.7384
0.7388,0.7408,0.7388,0.734,0.7344,0.7364,0.7344,0.736,0.7356,0.7328,0.7364,0.7348


B:
70.4,63.0001,68.4,65.2001,59.2,66.5999,68,67,65.2001,66,68.7999,63
64.2,65.2,68.3999,64.6,61.8,72.9999,69.2001,67.6001,65.2,72.8,64.6001,67.6001
63.2,64.1999,65.2,65.9999,69.6001,59.6,58.6001,71,64.4,71.2,66.6,69.2001


========================================================
Test11 (DAC Calibration) results 2008-08-27 10:33:58
Board ID094 36 channels
Linux calibration (server mode)

Calibration DAC Range: [3100 - 3500]

A:
0.751714,0.756,0.748571,0.749429,0.755714,0.759429,0.755429,0.755143,0.753429,0.754857,0.752286,0.749429
0.756571,0.757429,0.752571,0.750857,0.750857,0.754857,0.753714,0.753143,0.755429,0.756,0.769143,0.757143
0.756857,0.759143,0.757429,0.752857,0.754286,0.753429,0.751143,0.756286,0.753429,0.753143,0.755429,0.754571


B:
0.0,0.0,0.0,0.0,0.0,0.0,0.0,0.0,0.0,0.0,0.0,0.0
0.0,0.0,0.0,0.0,0.0,0.0,0.0,0.0,0.0,0.0,0.0,0.0
0.0,0.0,0.0,0.0,0.0,0.0,0.0,0.0,0.0,0.0,0.0,0.0


========================================================
Test11 (ADC Calibration) results 2008-08-27 13:08:29
Board ID094 36 channels
Linux calibration software

Calibration DAC Range: [1000 - 3500]

A:
0.7312,0.7376,0.7288,0.7312,0.7384,0.7404,0.7356,0.736,0.7344,0.7352,0.7332,0.7312
0.7384,0.7388,0.7328,0.7324,0.7328,0.734,0.7348,0.734,0.7368,0.7348,0.7648,0.738
0.7388,0.7408,0.7388,0.734,0.734,0.7364,0.7348,0.738,0.7356,0.7324,0.736,0.7352


B:
70.8001,64.3999,69.2,62.8001,60.6001,66.5999,69.4,67,65.6001,67.8,68.7999,63.8001
64.6001,65.2,69.2,64.6,61.2,72.9999,69.2001,66.9999,64.2,73.2001,35.2,68.0001
63.2,64.1999,64.2,65.9999,69.9999,59.6,58.2001,67.0001,64.4,71.6,67,67.8


========================================================
Test11 (DAC Calibration) results 2008-08-28 18:58:26
Board ID094 36 channels
Linux calibration (server mode)

Calibration DAC Range: [3100 - 3500]

A:
0.74,0.745,0.735,0.7375,0.745,0.745,0.745,0.7425,0.74,0.745,0.7425,0.74
0.7475,0.745,0.7375,0.7425,0.74,0.74,0.745,0.7375,0.74,0.7425,0.76,0.745
0.74,0.7475,0.7475,0.74,0.74,0.745,0.74,0.745,0.74,0.7375,0.74,0.7425


B:
66.0,63.5,73.5,66.7,63.5,75.5,62.5,70.2,71.0,60.5,63.2,60.0
58.7,68.5,77.7,55.2,62.0,78.0,60.5,79.7,78.0,71.2,62.0,67.5
84.0,65.7,59.7,70.0,74.0,55.5,66.0,66.5,75.0,79.7,78.0,68.2


========================================================
Test11 (DAC Calibration) results 2008-08-30 18:23:02
Board ID094 36 channels
Linux calibration (server mode)

Calibration DAC Range: [3100 - 3500]

A:
0.7425,0.7475,0.7325,0.74,0.75,0.7475,0.745,0.7425,0.745,0.7475,0.7475,0.74
0.7475,0.7475,0.7425,0.74,0.74,0.7425,0.74,0.74,0.75,0.745,0.76,0.75
0.75,0.755,0.75,0.745,0.7425,0.745,0.7425,0.7475,0.74,0.74,0.745,0.74


B:
66.2,63.7,90.2,67.0,56.0,75.7,70.5,78.2,64.5,61.7,77.7,68.0
67.7,69.7,70.2,71.0,70.0,77.2,86.0,80.0,53.0,71.5,76.0,61.0
60.0,50.5,61.0,63.5,75.2,63.5,65.2,65.7,82.0,80.0,70.5,85.0


========================================================
Test11 (DAC Calibration) results 2008-08-30 21:24:27
Board ID094 36 channels
Linux calibration (server mode)

Calibration DAC Range: [3100 - 3500]

A:
0.7175,0.725,0.72,0.715,0.7275,0.7275,0.72,0.725,0.72,0.7225,0.7275,0.7175
0.7225,0.7275,0.72,0.72,0.715,0.7175,0.7225,0.7225,0.7275,0.7275,0.7375,0.7275
0.7275,0.7275,0.7275,0.7225,0.725,0.72,0.72,0.7275,0.725,0.7225,0.7225,0.72


B:
80.8,69.5,63.0,81.5,62.7,73.7,85.0,67.5,78.0,75.2,70.7,74.8
81.2,66.7,76.0,70.0,85.5,92.8,74.2,70.2,59.7,61.7,79.7,66.7
64.7,71.7,66.7,69.2,64.5,78.0,71.0,64.7,64.5,69.2,76.2,83.0


========================================================
Test11 (DAC Calibration) results 2008-08-30 21:52:07
Board ID094 36 channels
Linux calibration (server mode)

Calibration DAC Range: [3100 - 3500]

A:
0.7425,0.7525,0.74,0.74,0.7475,0.75,0.745,0.745,0.7425,0.7475,0.7475,0.745
0.7475,0.7475,0.74,0.7425,0.7425,0.745,0.7425,0.7425,0.745,0.745,0.7575,0.75
0.7475,0.7525,0.7475,0.745,0.745,0.7475,0.7425,0.745,0.745,0.74,0.745,0.745


B:
67.2,47.3,66.0,67.0,64.7,68.0,71.5,70.5,72.2,60.7,75.7,51.5
67.7,69.7,79.0,63.2,63.2,69.5,77.2,72.2,70.5,72.5,85.8,61.0
68.7,58.3,69.7,63.5,67.5,55.7,65.2,76.5,66.5,80.0,70.5,68.5


========================================================
Test11 (DAC Calibration) results 2008-08-31 12:06:26
Board ID094 36 channels
Linux calibration (server mode)

Calibration DAC Range: [3100 - 3500]

A:
0.7375,0.75,0.7425,0.745,0.7475,0.7525,0.7475,0.745,0.7475,0.745,0.7525,0.7425
0.7525,0.7475,0.74,0.7425,0.7425,0.745,0.7475,0.74,0.7475,0.745,0.7725,0.7475
0.75,0.75,0.7475,0.7475,0.7475,0.75,0.745,0.7475,0.7425,0.745,0.7425,0.7425


B:
83.7,56.0,57.2,51.5,65.7,59.3,62.7,70.5,55.7,70.5,63.3,60.2
51.3,68.7,79.0,64.2,64.2,69.5,60.7,80.0,61.7,72.5,79.3,69.7
61.0,67.0,68.7,54.7,58.7,48.0,57.5,69.7,75.2,64.5,79.2,77.2


========================================================
Test11 (DAC Calibration) results 2008-08-31 16:15:31
Board ID094 36 channels
Linux calibration (server mode)

Calibration DAC Range: [3100 - 3500]

A:
0.745,0.75,0.7375,0.7375,0.7475,0.7475,0.745,0.745,0.7475,0.745,0.7575,0.7425
0.7475,0.75,0.7425,0.7375,0.7425,0.7425,0.75,0.7475,0.75,0.745,0.775,0.7475
0.75,0.7525,0.75,0.75,0.745,0.745,0.745,0.75,0.7475,0.745,0.7475,0.7425


B:
58.5,56.0,73.7,75.7,64.7,76.7,70.5,70.5,56.7,70.5,65.8,59.2
68.7,61.0,70.2,80.7,63.2,78.2,53.0,55.7,54.0,72.5,65.5,68.7
61.0,58.3,61.0,47.0,66.5,65.5,57.5,62.0,58.7,64.5,62.7,78.2


========================================================
Test11 (DAC Calibration) results 2008-08-31 18:30:28
Board ID094 36 channels
Linux calibration (server mode)

Calibration DAC Range: [3100 - 3500]

A:
0.7425,0.75,0.735,0.7425,0.75,0.7525,0.7425,0.745,0.745,0.7475,0.76,0.745
0.7475,0.755,0.7375,0.745,0.74,0.7475,0.75,0.7425,0.75,0.7475,0.7625,0.75
0.7525,0.7525,0.7475,0.7475,0.745,0.75,0.7475,0.7475,0.7425,0.7475,0.7425,0.745


B:
67.2,56.0,81.5,59.2,57.0,60.3,79.2,70.5,64.5,61.7,72.0,51.5
67.7,45.5,86.7,55.5,71.0,61.7,53.0,72.2,54.0,63.7,76.3,61.0
52.3,58.3,69.7,55.7,66.5,48.0,48.7,67.7,75.2,55.7,79.2,68.5


========================================================
Test11 (DAC Calibration) results 2008-09-01 15:18:53
Board ID094 36 channels
Linux calibration (server mode)

Calibration DAC Range: [3100 - 3500]

A:
0.7375,0.7475,0.74,0.7425,0.7525,0.755,0.745,0.745,0.7475,0.7475,0.745,0.7425
0.7475,0.7525,0.745,0.7425,0.74,0.745,0.7425,0.7425,0.7475,0.75,0.76,0.75
0.7475,0.7525,0.7475,0.745,0.745,0.75,0.7425,0.745,0.745,0.7425,0.7425,0.745


B:
83.7,64.7,64.0,58.2,48.3,51.5,71.5,70.5,55.7,60.7,62.5,60.2
66.7,54.3,62.5,64.2,71.0,69.5,77.2,71.2,62.7,56.0,85.0,61.0
67.7,58.3,68.7,63.5,66.5,48.0,65.2,75.5,65.5,72.2,78.2,68.5


