========================================================

Test15 results 04-13-2006  15:39:14
Board ID049  8 channels
HV Tests Software Ver.1.6


A:
Limits 1.45 +/- 2.0
1.43575,1.420455,1.43472,1.432665,1.43575,1.433692,1.436782,1.429593


B:
Limits 0.0 +/- 160.0
-5.742854,1.420577,1.434586,-1.432652,11.486148,14.336963,11.494154,-0.000121
========================================================
Test15 (ADC Calibration) results 2009-04-17 10:07:07
Board ID049 8 channels
Host: ufcmshv3
Linux calibration software

A:
1.4446,1.39365,1.40754,1.40632,1.40495,1.39785,1.41443,1.42341


B:
10.4457,-5.38164,0.649543,-6.07981,11.4773,12.8388,9.90105,-4.07306


========================================================
Test15 (ADC Calibration) results 2009-04-17 16:04:33
Board ID049 8 channels
Host: ufcmshv3
Linux calibration software

A:
1.45187,1.41859,1.44911,1.44541,1.40586,1.398,1.41427,1.42419


B:
9.53766,-5.49987,0.981007,-6.87125,9.99255,12.1732,10.8572,-5.19303


