========================================================

Test16 results 04-13-2006  15:41:37
Board ID049  8 channels
HV Tests Software Ver.1.6
Calibration DAC Range: [1000 - 2300]


A:
Limits 0.57 +/- 0.1
0.566202,0.569177,0.566943,0.566202,0.565217,0.566202,0.565709,0.565709


B:
Limits 50.0 +/- 70.0
35.191582,50.010456,32.228516,40.062084,39.130497,40.065678,37.162827,48.493172
========================================================
Test16 (ADC Calibration) results 2009-04-17 10:18:16
Board ID049 8 channels
Host: ufcmshv3
Linux calibration software

A:
0.5592,0.5804,0.5748,0.5756,0.5752,0.578,0.572,0.5684


B:
41.8,54.6,46.2,49.3999,59.7999,51,45.9999,43.5999


========================================================
Test16 (ADC Calibration) results 2009-04-17 16:13:40
Board ID049 8 channels
Host: ufcmshv3
Linux calibration software

A:
0.5556,0.5704,0.5584,0.5592,0.5748,0.5784,0.5724,0.5684


B:
38.4,37.6,36.6001,43.8,61.2,50.5999,44.6001,43.5999


========================================================
Test16 (ADC Calibration) results 2009-04-29 10:28:51
Board ID049 8 channels
Host: ufcmshv3
Linux calibration software

A:
0.5556,0.5804,0.57,0.5744,0.5616,0.5612,0.5696,0.5768


B:
38.4,45.6,49,54.6,50.3999,53.7999,51.4,45.2


