========================================================

Test16 results 07-06-2005  17:05:04
Board ID033  8 channels
HV Tests Software Ver.1.6
Calibration DAC Range: [1000 - 2300]


A:
Limits 0.57 +/- 0.1
0.564481,0.566696,0.565956,0.565217,0.564972,0.564726,0.570927,0.566449


B:
Limits 50.0 +/- 60.0
49.353886,39.69817,40.220203,41.556267,40.113022,42.713905,39.761684,37.45549
========================================================
Test16 (Master DAC Calibration) results 2008-02-21 11:45:35
Board ID33 7 channels
Linux calibration software
Calibration DAC Range: [1000 - 2300]

A:
0.5642,0.565077,0.565341,0.563953,0.56416,0.563792,0.570034,0.564247

B:
51.273,46.3322,43.8986,47.5823,45.1431,47.8269,44.4458,46.9856

