========================================================

Test10 results 07-23-2006  15:33:11
Board ID325  30 channels
HV Tests Software Ver.1.6.1

+5V 2504 - O'k
-5V 1304 - O'k
Interlock - On

Voltmeter channel: A=1.077006, B=12.923853

A:
Limits 1.1 +/- 0.1
1.076426,1.067236,1.076426,1.086957,1.081081,1.077586,1.076426,1.081081,1.089325,1.082837
1.081081,1.078749,1.084011,1.075269,1.085187,1.072961,1.075269,1.043841,1.077586,1.078167
1.080497,1.074691,1.094691,1.079331,1.083424,1.078749,1.073537,1.069519,1.088732,1.081666


B:
Limits 0.0 +/- 30.0
11.840678,17.075891,11.840678,9.782684,12.973151,9.698398,12.917105,9.729908,9.804014,16.242729
16.216394,5.393553,9.7561,11.827781,11.937052,9.656813,12.903049,45.928921,8.620811,19.407137
7.563487,10.746796,7.662653,14.031348,20.585064,12.944794,13.95582,17.112415,11.975979,9.735032
Channels:
  18
Out of range 0.0 +/- 30.0
========================================================
Test10 (ADC Calibration) results 2007-11-07 11:03:02
Board ID325 30 channels
Linux calibration software

Voltmeter channel: A=1.06752, B=-1256.51

A:
1.07254,1.06539,1.07351,1.08561,1.07946,1.07495,1.07401,1.07897,1.08737,1.08149
1.08048,1.07519,1.08078,1.07243,1.083,1.06995,1.07358,1.07565,1.07479,1.07562
1.07873,1.07193,1.09175,1.07709,1.08179,1.07627,1.07049,1.06901,1.08823,1.07946


B:
8.10018,7.69007,6.68084,-0.843109,6.29607,4.9888,6.86301,3.22923,4.45651,8.74587
8.38449,3.58429,7.23764,6.84564,5.1774,6.19783,5.84063,10.6168,5.27363,13.8165
2.2514,6.50298,4.80161,7.77739,11.5169,7.21924,10.2809,8.40679,4.44282,3.33448


