========================================================

Test10 results 10-08-2005  18:05:01
Board ID066  36 channels
HV Tests Software Ver.1.6.1

+5V 2515 - O'k
-5V 1308 - O'k
Interlock - On

Voltmeter channel: A=1.069519, B=7.486748

A:
Limits 1.1 +/- 0.1
1.068947,1.072961,1.070664,1.077006,1.070664,1.074114,1.083424,1.075847,1.072961,1.068376,1.075847,1.078167
1.069519,1.082251,1.091703,1.088732,1.076426,1.083424,1.072386,1.072386,1.071237,1.075847,1.075269,1.069519
1.064963,1.071237,1.074691,1.076426,1.074691,1.080497,1.085776,1.068376,1.077586,1.078749,1.091107,1.077586


B:
Limits 0.0 +/- 30.0
9.620563,9.656813,11.777308,12.923853,6.67572e-006,5.370607,9.750828,12.910025,11.802734,12.820528,12.910025,7.547299
14.973378,11.9048,-1.907349e-006,9.798515,9.687826,13.001099,7.506824,12.868753,10.712199,12.910025,6.451437,6.417229
2.129856,9.640962,11.821486,13.993531,5.373341,12.965973,8.686214,7.478648,7.543225,9.708548,12.002132,11.85357
========================================================
Test10 (ADC Calibration) results 2008-02-22 05:47:07
Board ID66 36 channels
Linux calibration software

Voltmeter channel: A=1.06747, B=10.6351

A:
1.0676,1.07182,1.06981,1.07835,1.07025,1.07484,1.08484,1.07454,1.07276,1.07042,1.08237,1.07912
1.06941,1.08233,1.09035,1.086,1.0748,1.08221,1.07072,1.07226,1.06958,1.0751,1.0741,1.06921
1.06376,1.07062,1.07865,1.075,1.07329,1.08548,1.08538,1.0677,1.07638,1.07731,1.09384,1.07753


B:
5.80158,6.28165,10.917,8.1005,-1.06196,2.20905,7.16922,9.74378,7.51729,5.80745,7.73038,9.04749
13.6907,6.27725,-2.37935,10.7789,6.63108,9.08737,4.60976,8.50549,6.75692,8.64692,2.70464,2.4248
0.521034,4.23295,5.63731,10.9752,4.4045,8.8927,2.96427,6.538,3.38388,6.5853,6.56795,7.37874


