========================================================

Test11 results 10-08-2005  18:06:26
Board ID066  36 channels
HV Tests Software Ver.1.6.1

+5V 2514 - O'k
-5V 1308 - O'k
Interlock - On
Calibration DAC Range: [2500 - 2900]


A:
Limits 0.76 +/- 0.04
0.750469,0.749064,0.753296,0.744879,0.750469,0.750469,0.740741,0.749064,0.749064,0.754717,0.749064,0.749064
0.753296,0.742115,0.735294,0.739372,0.746269,0.744879,0.753296,0.75188,0.749064,0.747664,0.750469,0.753296
0.757576,0.750469,0.749064,0.749064,0.747664,0.743494,0.740741,0.753296,0.747664,0.746269,0.742115,0.746269


B:
Limits 60.0 +/- 30.0
68.903778,64.488602,55.201008,68.175735,69.980927,58.449608,72.518898,53.638699,68.507141,52.255081,55.974403,53.719349
53.500576,67.928558,74.415733,63.999306,67.553085,48.06237,50.717648,51.323341,71.362396,60.567661,55.480347,62.358238
59.292721,66.858856,59.112572,54.525654,67.466759,65.075806,64.113228,61.273167,60.006367,63.052151,62.715813,57.263287
========================================================
Test11 (DAC Calibration) results 2008-02-22 05:47:07
Board ID66 36 channels
Linux calibration software
Calibration DAC Range: [1100 - 2700]

A:
0.752729,0.749766,0.751174,0.745226,0.751244,0.747664,0.740398,0.747873,0.749485,0.750751,0.742459,0.744325
0.751456,0.742115,0.737395,0.739235,0.747314,0.742942,0.750539,0.749836,0.750962,0.747105,0.747803,0.751597
0.755073,0.75061,0.745018,0.747175,0.748363,0.740329,0.740398,0.752658,0.746965,0.745573,0.738007,0.746547


B:
68.6114,69.0722,66.3849,69.3526,70.0441,69.7196,73.8083,65.6913,72.4564,68.6185,67.2389,68.3662
62.6903,73.6549,75.0209,72.4635,70.9482,63.2987,67.1077,64.4765,71.6325,69.4435,71.4715,74.3703
73.1006,73.0157,70.3856,67.7032,71.0009,69.6095,71.5871,66.4502,69.9346,72.6002,76.3838,60.8063


========================================================
Test11 (ADC Calibration) results 2008-06-19 12:56:33
Board ID066 36 channels
Linux calibration software

Calibration DAC Range: [1000 - 3500]

A:
0.7408,0.738,0.7388,0.7328,0.7384,0.7332,0.7236,0.7364,0.7368,0.736,0.7216,0.7296
0.7364,0.7304,0.7252,0.7348,0.736,0.732,0.7396,0.7376,0.7392,0.7356,0.736,0.7396
0.7424,0.7388,0.7292,0.7356,0.7376,0.72,0.7292,0.7388,0.7348,0.7336,0.7248,0.7484


B:
69.1999,69.0001,68.2,69.2,71.6001,69.7999,72.4001,66.6,74.2,69,66.4,67.4
62.6,72.5999,76.8,68.2001,71,63,66.4,66.3999,72.8,70.4,72,74.4
75.6,73.2,70.8,67.4,70.3999,68.9999,70.8,67.2,71.2001,72.3999,76.2,47.6001


========================================================
Test11 (ADC Calibration) results 2008-06-20 00:11:09
Board ID066 36 channels
Linux calibration software

Calibration DAC Range: [1000 - 3500]

A:
0.7412,0.7384,0.7388,0.7332,0.7384,0.7336,0.7244,0.736,0.7372,0.7364,0.722,0.7308
0.736,0.7296,0.7256,0.7352,0.7364,0.7324,0.7388,0.7376,0.7392,0.7356,0.736,0.7396
0.7428,0.7396,0.73,0.7356,0.738,0.7212,0.7292,0.7392,0.7348,0.734,0.7244,0.7624


B:
68.8001,67.6001,67.2,68.7999,71.6001,69.3999,71.6001,67,72.7999,67.6,68,66.2001
64,74.4,75.4,68.8,70.6,62.6,68.2,65.3999,72.8,70.4,72,74.4
74.2,71.4,68.9999,68.4,70.0001,68.8,70.8,66.8,71.2001,71.9999,76.6001,33.6001


========================================================
Test11 (ADC Calibration) results 2008-06-20 18:14:35
Board ID066 36 channels
Linux calibration software

Calibration DAC Range: [1000 - 3500]

A:
0.7408,0.738,0.7384,0.7328,0.7384,0.7336,0.7236,0.7364,0.7372,0.7364,0.7212,0.73
0.736,0.7304,0.7256,0.734,0.7352,0.7328,0.7392,0.7376,0.7392,0.7356,0.736,0.7392
0.7428,0.7396,0.7296,0.7356,0.738,0.7208,0.7296,0.7388,0.7348,0.7336,0.7244,0.758


B:
69.1999,69.0001,69.6001,69.2,71.6001,69.3999,72.4001,66.6,73.7999,67.6,68.8,66.9999
64,73.5999,75.4,69.9999,72.8,62.2,66.8,66.3999,71.8,70.4,72,74.8
74.2,72.4,69.4,67.4,70.0001,68.2001,70.4,68.2,71.2001,72.3999,77.6001,37.9999


========================================================
Test11 (ADC Calibration) results 2008-07-17 10:58:43
Board ID066 36 channels
Linux calibration software

Calibration DAC Range: [1000 - 3500]

A:
0.7404,0.7376,0.7384,0.7328,0.738,0.7332,0.7232,0.7356,0.7364,0.736,0.7212,0.7304
0.7364,0.73,0.7248,0.7376,0.7376,0.7328,0.7392,0.7368,0.7388,0.7352,0.736,0.7388
0.7428,0.7388,0.7296,0.7352,0.738,0.7232,0.7292,0.7392,0.734,0.7332,0.7236,0.7676


B:
69.5999,69.3999,67.6001,68.2,72.0001,69.7999,72.7999,67.4,73.6,68,67.8,66.5999
62.6,71.9999,76.2,67.3999,69.3999,61.2,66.8,67.2,72.2,70.8,71,75.2
73.2,73.2,69.4,67.8,70.0001,66.7999,70.8,66.8,70.9999,72.7999,77.4001,29.4


========================================================
Test11 (ADC Calibration) results 2008-07-20 18:37:46
Board ID066 36 channels
Linux calibration software

Calibration DAC Range: [1000 - 3500]

A:
0.74,0.738,0.738,0.7324,0.7384,0.7336,0.7244,0.7356,0.7368,0.736,0.7248,0.7308
0.736,0.73,0.7252,0.74,0.7392,0.732,0.7392,0.7372,0.7384,0.7352,0.7356,0.7392
0.742,0.7392,0.73,0.7348,0.7388,0.7252,0.7288,0.7384,0.7344,0.7332,0.724,0.7828


B:
71,69.0001,69.0001,69.6,71.6001,70.3999,72.6001,67.4,73.2,69,64.2,66.2001
64,72.9999,74.8,68,67.8,64,66.8,66.7999,72.6001,70.8,72.4,74.8
76.0001,71.8,68.9999,69.2001,69.2,66.8,72.2,68.6001,71.6001,72.7999,77.0001,16.1999


========================================================
Test11 (ADC Calibration) results 2008-07-24 23:03:59
Board ID066 36 channels
Linux calibration software

Calibration DAC Range: [1000 - 3500]

A:
0.74,0.738,0.738,0.7328,0.738,0.7336,0.7244,0.7352,0.7368,0.7356,0.7248,0.7308
0.736,0.73,0.7248,0.7396,0.74,0.7328,0.7388,0.7372,0.7388,0.7348,0.736,0.7392
0.7424,0.7388,0.7296,0.7356,0.7388,0.7248,0.7288,0.7392,0.7344,0.7336,0.7248,0.7844


B:
71,69.0001,69.0001,69.2,72.0001,70.3999,73.6001,68.8,73.2,70.4,67.2,67.2001
64,72.9999,77.2,69.4,68,63.2,68.2,66.7999,72.2,72.2001,72,74.8
75.6,73.2,70.4,67.4,70.2,69.2,72.2,66.8,71.6001,72.3999,75.2,18.6


========================================================
Test11 (ADC Calibration) results 2008-08-12 23:20:39
Board ID066 36 channels
Linux calibration software

Calibration DAC Range: [1000 - 3500]

A:
0.74,0.7376,0.7376,0.732,0.7376,0.7332,0.7244,0.7356,0.736,0.736,0.7264,0.73
0.7644,0.7292,0.7244,0.7396,0.7412,0.732,0.7392,0.7368,0.738,0.7348,0.7352,0.7384
0.7424,0.7392,0.7296,0.7352,0.738,0.728,0.7288,0.738,0.7336,0.7328,0.7504,0.7932


B:
71,69.3999,69.3999,70,73.3999,70.7999,73.6001,67.4,75,69,67.5999,67.9999
48.6,73.8,77.6001,68.4,67.8001,64,66.8,67.2,73.0001,71.2001,71.8,75.6001
74.6,71.8,70.4,67.8,71.0001,68.0001,71.2,68.0001,73.3999,74.2,67.6,19.7999


========================================================
Test11 (ADC Calibration) results 2008-08-13 01:14:42
Board ID066 36 channels
Linux calibration software

Calibration DAC Range: [1000 - 3500]

A:
0.74,0.7376,0.7376,0.732,0.7376,0.7336,0.7244,0.7356,0.736,0.736,0.7264,0.7296
0.7644,0.7292,0.7248,0.7396,0.7408,0.732,0.7392,0.7368,0.7384,0.7348,0.7352,0.7384
0.7424,0.7388,0.7292,0.7352,0.738,0.7276,0.7288,0.738,0.734,0.7332,0.75,0.7932


B:
71,69.3999,69.3999,70,73.3999,70.3999,73.6001,67.4,75,69,67.5999,68.4
48.6,73.8,76.2,68.4,69.1999,64,66.8,67.2,71.6001,71.2001,71.8,75.6001
74.6,72.2,70.8,67.8,71.0001,68.4001,71.2,68.0001,71.9999,72.7999,68,19.7999


========================================================
Test11 (DAC Calibration) results 2008-08-27 10:32:05
Board ID066 36 channels
Linux calibration (server mode)

Calibration DAC Range: [3100 - 3500]

A:
0.760286,0.757429,0.757429,0.752,0.758571,0.753714,0.746,0.754857,0.756857,0.755714,0.745714,0.748571
0.776286,0.750286,0.746571,0.760286,0.759714,0.750286,0.758286,0.755429,0.758857,0.755143,0.755714,0.76
0.763143,0.759429,0.75,0.754,0.758286,0.749429,0.748571,0.757429,0.754571,0.754,0.782857,0.817429


B:
0.0,0.0,0.0,0.0,0.0,0.0,0.0,0.0,0.0,0.0,0.0,0.0
0.0,0.0,0.0,0.0,0.0,0.0,0.0,0.0,0.0,0.0,0.0,0.0
0.0,0.0,0.0,0.0,0.0,0.0,0.0,0.0,0.0,0.0,0.0,0.0


========================================================
Test11 (ADC Calibration) results 2008-08-27 13:08:29
Board ID066 36 channels
Linux calibration software

Calibration DAC Range: [1000 - 3500]

A:
0.74,0.7372,0.738,0.7316,0.738,0.734,0.7268,0.7356,0.736,0.736,0.7288,0.7308
0.762,0.7292,0.7248,0.7416,0.74,0.7332,0.7396,0.7364,0.7388,0.7348,0.7352,0.7388
0.7424,0.7384,0.7304,0.7352,0.7392,0.7304,0.7288,0.738,0.734,0.7332,0.762,0.8168


B:
70,69.7999,68.0001,70.4,72.0001,69.9999,72.1999,66.4,74,69,66.2,67.2001
48.9999,72.8,75.2,67.4001,70,60.8,65.4,67.6,71.2,71.2001,72.8,74.2
73.6,73.6001,69.5999,67.8,69.8,68.5999,71.2,67.0001,70.9999,71.7999,75.9999,6.20001


========================================================
Test11 (DAC Calibration) results 2008-08-28 18:58:18
Board ID066 36 channels
Linux calibration (server mode)

Calibration DAC Range: [3100 - 3500]

A:
0.745,0.7475,0.745,0.7375,0.75,0.745,0.735,0.745,0.7425,0.7425,0.7375,0.7425
0.7675,0.735,0.735,0.75,0.745,0.7375,0.75,0.745,0.7475,0.74,0.74,0.745
0.75,0.745,0.7375,0.7425,0.7475,0.74,0.735,0.75,0.7375,0.7425,0.77,0.8375


B:
83.5,64.7,73.5,80.7,62.0,63.5,78.5,64.5,81.2,78.2,72.7,63.2
72.8,82.5,69.5,76.0,85.5,76.7,63.0,67.5,71.7,83.0,86.0,81.5
77.0,80.5,75.7,72.2,75.7,70.0,79.5,57.0,88.7,70.2,78.0,69.8


========================================================
Test11 (DAC Calibration) results 2008-08-30 18:22:55
Board ID066 36 channels
Linux calibration (server mode)

Calibration DAC Range: [3100 - 3500]

A:
0.745,0.75,0.7475,0.7425,0.7475,0.7475,0.735,0.745,0.75,0.7425,0.7375,0.7425
0.7725,0.74,0.735,0.75,0.7475,0.7425,0.745,0.75,0.7475,0.7425,0.7475,0.7475
0.7525,0.745,0.74,0.745,0.745,0.74,0.7375,0.745,0.7425,0.7425,0.7725,0.835


B:
88.5,62.0,70.7,69.2,74.7,59.7,78.5,71.5,62.0,83.2,75.7,62.2
69.3,72.0,76.5,79.0,82.7,64.2,82.5,57.0,76.7,80.2,65.7,79.7
75.3,86.5,72.0,69.5,88.5,72.0,75.7,78.5,78.2,75.2,77.3,74.5


========================================================
Test11 (DAC Calibration) results 2008-08-30 21:24:16
Board ID066 36 channels
Linux calibration (server mode)

Calibration DAC Range: [3100 - 3500]

A:
0.7275,0.725,0.7225,0.7225,0.7275,0.7275,0.715,0.7225,0.7225,0.7225,0.7225,0.7175
0.75,0.715,0.715,0.73,0.7275,0.7175,0.7275,0.725,0.7275,0.7225,0.7225,0.7275
0.735,0.73,0.7175,0.725,0.7275,0.7225,0.7125,0.7275,0.7225,0.7225,0.75,0.83


B:
76.7,76.5,85.2,68.2,72.7,58.7,83.5,77.2,84.2,81.2,72.2,80.8
75.0,85.5,73.5,79.0,80.7,78.8,73.7,71.5,73.7,77.2,80.2,76.7
62.5,67.0,79.8,67.5,79.7,64.2,90.3,75.7,75.2,73.2,81.0,72.0


========================================================
Test11 (DAC Calibration) results 2008-08-30 21:52:00
Board ID066 36 channels
Linux calibration (server mode)

Calibration DAC Range: [3100 - 3500]

A:
0.75,0.7475,0.75,0.7375,0.745,0.7425,0.7375,0.7475,0.745,0.745,0.7375,0.74
0.77,0.7375,0.735,0.755,0.75,0.74,0.7475,0.745,0.75,0.745,0.745,0.745
0.7525,0.7475,0.7425,0.7425,0.7525,0.74,0.74,0.7475,0.7425,0.745,0.77,0.8525


B:
72.0,71.7,63.0,86.7,84.5,78.2,76.7,62.7,78.5,75.5,93.7,75.0
81.0,79.7,75.5,67.5,76.0,73.0,76.7,73.5,69.0,72.5,74.5,88.5
75.3,77.7,65.2,78.2,66.3,75.0,68.0,71.7,77.2,68.5,87.0,66.2


========================================================
Test11 (DAC Calibration) results 2008-08-31 12:06:18
Board ID066 36 channels
Linux calibration (server mode)

Calibration DAC Range: [3100 - 3500]

A:
0.75,0.7475,0.745,0.7425,0.75,0.7475,0.74,0.7425,0.745,0.745,0.7425,0.7425
0.7725,0.7425,0.74,0.75,0.75,0.745,0.75,0.745,0.75,0.745,0.75,0.745
0.7525,0.7475,0.7425,0.7425,0.7475,0.7425,0.74,0.7525,0.7425,0.745,0.77,0.8725


B:
72.0,70.7,80.5,70.2,69.0,61.7,73.0,79.2,78.5,75.5,69.2,69.2
68.3,63.2,60.0,85.0,76.0,57.5,70.0,73.5,69.0,72.5,59.0,88.5
75.3,78.7,66.2,79.2,83.7,69.2,68.0,66.3,78.2,68.5,87.0,65.2


