========================================================

Test11 results 03-24-2006  17:31:04
Board ID428  30 channels
HV Tests Software Ver.1.6

+5V 2483 - O'k
-5V 1319 - O'k
Interlock - On
Calibration DAC Range: [2500 - 2900]


A:
Limits 0.76 +/- 0.04
0.744879,0.747664,0.743494,0.743494,0.744879,0.746269,0.746269,0.750469,0.750469,0.746269
0.750469,0.743494,0.743494,0.742115,0.743494,0.742115,0.749064,0.744879,0.749064,0.746269
0.746269,0.746269,0.749064,0.749064,0.744879,0.763359,0.740741,0.75188,0.743494,0.749064


B:
Limits 60.0 +/- 40.0
54.740273,61.139179,56.204517,58.486187,76.370499,66.435684,66.354065,60.234905,71.712723,70.633446
61.935921,65.377129,69.898354,59.727062,67.716881,69.982239,74.041908,56.210575,64.287804,51.714371
54.648975,64.82399,64.920921,49.407845,71.630806,62.130089,69.959587,64.224251,67.064507,58.807533
========================================================
Test11 (DAC Calibration) results 2008-06-02 05:34:21
Board ID428 30 channels
Linux calibration software
Calibration DAC Range: [1100 - 2700]

A:
0.741152,0.745782,0.740192,0.740398,0.747314,0.745643,0.744948,0.748363,0.747664,0.744394
0.749064,0.744463,0.745087,0.740809,0.742391,0.742804,0.751033,0.74184,0.747943,0.741221
0.744394,0.744532,0.748223,0.745226,0.744879,0.761542,0.740741,0.750328,0.744048,0.74613


B:
68.1676,69.3296,68.616,69.3659,68.7062,69.5218,68.0976,68.0075,72.7103,69.0145
67.0412,65.3451,66.5643,64.4967,71.0468,68.245,68.6821,67.804,69.3343,67.479
65.4414,69.5672,68.2005,63.6888,72.812,71.1565,69.6297,69.1989,66.5179,69.5951


========================================================
Test11 (DAC Calibration) results 2008-06-02 05:40:03
Board ID428 30 channels
Linux calibration software
Calibration DAC Range: [1100 - 2700]

A:
0.741015,0.745782,0.740329,0.740398,0.747105,0.74599,0.744671,0.748363,0.747664,0.744117
0.749134,0.744532,0.745087,0.740535,0.742391,0.742804,0.751244,0.74184,0.747803,0.741084
0.744671,0.744463,0.802005,0.745295,0.74474,0.761542,0.740809,0.750539,0.744048,0.746199


B:
68.655,69.4788,68.1288,69.2179,69.2941,68.8923,69.0776,68.0075,72.7103,69.3982
66.7946,65.1,66.5643,65.1764,71.0468,68.245,68.241,67.804,69.6764,67.6701
65.3543,69.6631,-5.64412,63.8906,73.0031,71.1565,69.6824,68.7589,66.5179,69.4991


========================================================
Test11 (DAC Calibration) results 2008-06-02 10:11:32
Board ID428 30 channels
Linux calibration software
Calibration DAC Range: [1100 - 2700]

A:
0.740947,0.745921,0.740056,0.740535,0.747245,0.745712,0.74474,0.748363,0.747664,0.744255
0.749204,0.744463,0.745087,0.740466,0.742459,0.742804,0.750962,0.741702,0.747943,0.741359
0.744602,0.744463,0.752233,0.745226,0.744879,0.761542,0.740809,0.75061,0.744048,0.74613


B:
68.7505,69.1376,69.1027,68.731,68.952,69.4259,68.9814,68.0075,72.7103,69.2065
66.8478,65.3451,66.5643,65.5683,70.9512,68.245,68.929,68.2923,69.3343,67.2875
65.5995,69.6631,61.9181,63.987,72.812,71.1565,69.6824,68.812,66.8154,69.5951


========================================================
Test11 (ADC Calibration) results 2008-06-17 04:20:31
Board ID428 30 channels
Linux calibration software

Calibration DAC Range: [1000 - 3500]

A:
0.7392,0.744,0.738,0.738,0.7456,0.7436,0.7428,0.7468,0.746,0.7424
0.7476,0.7428,0.7428,0.7384,0.7404,0.7408,0.7488,0.7396,0.746,0.7392
0.7416,0.7428,0.7504,0.7428,0.7428,0.7596,0.7388,0.7484,0.742,0.7448


B:
68.8,68.9999,68.0001,70.0001,67.4001,69.4,69.2,67.2,80,73.6
66.3999,64.2,67.2,65.6001,70.5999,69.1999,68.2001,68.4,69,67.8
66.4001,69.2,62.6,65.2,73.2,70.4001,70.2,69.6001,67.0001,68.2001


========================================================
Test11 (ADC Calibration) results 2008-06-17 07:43:31
Board ID428 30 channels
Linux calibration software

Calibration DAC Range: [1000 - 3500]

A:
0.73,0.7348,0.73,0.7296,0.7368,0.7352,0.734,0.738,0.7376,0.7336
0.7388,0.734,0.734,0.73,0.7324,0.7324,0.7408,0.7312,0.7372,0.7308
0.7336,0.7344,0.7416,0.7348,0.734,0.7508,0.7296,0.7404,0.7328,0.7356


B:
70.9999,71.2001,67.9999,70.4,69.2,70.8,70.9999,68.0001,80.3999,75.3999
68.2,65.9999,67.9999,66.9999,70.6,69.6,67.1999,68.8001,70.7999,68.2001
67.3999,69.6001,64.4001,64.2001,74.9999,71.2,72.4,69.5999,69.2,70.4


========================================================
Test11 (DAC Calibration) results 2008-08-26 09:06:43
Board ID428 30 channels
Linux calibration (server mode)

Calibration DAC Range: [3100 - 3500]

A:
0.758286,0.763143,0.757143,0.757429,0.764286,0.763143,0.762,0.765143,0.768571,0.762857
0.766,0.760286,0.761714,0.757143,0.760286,0.76,0.767714,0.758571,0.765714,0.758
0.761143,0.762,0.767714,0.761429,0.763143,0.779429,0.758,0.767714,0.760286,0.763429


B:
0.0,0.0,0.0,0.0,0.0,0.0,0.0,0.0,0.0,0.0
0.0,0.0,0.0,0.0,0.0,0.0,0.0,0.0,0.0,0.0
0.0,0.0,0.0,0.0,0.0,0.0,0.0,0.0,0.0,0.0


========================================================
Test11 (DAC Calibration) results 2008-08-26 13:28:39
Board ID428 30 channels
Linux calibration (server mode)

Calibration DAC Range: [3100 - 3500]

A:
0.758286,0.763143,0.757143,0.757429,0.764286,0.763143,0.762,0.765143,0.768857,0.762571
0.766,0.760286,0.761429,0.757143,0.760286,0.76,0.768286,0.758857,0.765429,0.758
0.761143,0.762,0.768,0.761429,0.763143,0.779429,0.758,0.767429,0.760857,0.763429


B:
0.0,0.0,0.0,0.0,0.0,0.0,0.0,0.0,0.0,0.0
0.0,0.0,0.0,0.0,0.0,0.0,0.0,0.0,0.0,0.0
0.0,0.0,0.0,0.0,0.0,0.0,0.0,0.0,0.0,0.0


========================================================
Test11 (DAC Calibration) results 2008-08-26 13:41:06
Board ID428 30 channels
Linux calibration (server mode)

Calibration DAC Range: [3100 - 3500]

A:
0.758286,0.763143,0.757143,0.757429,0.764286,0.763143,0.762,0.765143,0.768571,0.762857
0.766,0.760286,0.761429,0.757143,0.760286,0.76,0.768286,0.758571,0.765429,0.758
0.761143,0.762,0.768,0.761429,0.763143,0.779429,0.758,0.767429,0.760571,0.763429


B:
0.0,0.0,0.0,0.0,0.0,0.0,0.0,0.0,0.0,0.0
0.0,0.0,0.0,0.0,0.0,0.0,0.0,0.0,0.0,0.0
0.0,0.0,0.0,0.0,0.0,0.0,0.0,0.0,0.0,0.0


========================================================
Test11 (DAC Calibration) results 2008-08-26 14:01:26
Board ID428 30 channels
Linux calibration (server mode)

Calibration DAC Range: [3100 - 3500]

A:
0.758286,0.763143,0.757143,0.757429,0.764286,0.763143,0.762,0.765143,0.768857,0.762571
0.766,0.760286,0.761429,0.757143,0.760286,0.76,0.768286,0.758857,0.765429,0.758
0.761143,0.762,0.768,0.761429,0.763143,0.779429,0.758,0.768,0.760286,0.763429


B:
0.0,0.0,0.0,0.0,0.0,0.0,0.0,0.0,0.0,0.0
0.0,0.0,0.0,0.0,0.0,0.0,0.0,0.0,0.0,0.0
0.0,0.0,0.0,0.0,0.0,0.0,0.0,0.0,0.0,0.0


========================================================
Test11 (DAC Calibration) results 2008-08-26 14:20:04
Board ID428 30 channels
Linux calibration (server mode)

Calibration DAC Range: [3100 - 3500]

A:
0.758286,0.763143,0.757143,0.758,0.764286,0.763143,0.762,0.765143,0.768571,0.762857
0.766,0.760286,0.761429,0.757143,0.760286,0.76,0.768286,0.758571,0.765429,0.758
0.761143,0.762,0.768,0.761429,0.763143,0.779429,0.758,0.768,0.760286,0.763429


B:
0.0,0.0,0.0,0.0,0.0,0.0,0.0,0.0,0.0,0.0
0.0,0.0,0.0,0.0,0.0,0.0,0.0,0.0,0.0,0.0
0.0,0.0,0.0,0.0,0.0,0.0,0.0,0.0,0.0,0.0


========================================================
Test11 (DAC Calibration) results 2008-08-26 14:34:01
Board ID428 30 channels
Linux calibration (server mode)

Calibration DAC Range: [3100 - 3500]

A:
0.758286,0.763143,0.757143,0.758,0.764286,0.763143,0.762,0.765143,0.768286,0.762571
0.766,0.760286,0.761429,0.757143,0.760286,0.76,0.768286,0.758857,0.765429,0.758
0.761143,0.762,0.768,0.761429,0.763143,0.779429,0.758,0.768,0.760286,0.763429


B:
0.0,0.0,0.0,0.0,0.0,0.0,0.0,0.0,0.0,0.0
0.0,0.0,0.0,0.0,0.0,0.0,0.0,0.0,0.0,0.0
0.0,0.0,0.0,0.0,0.0,0.0,0.0,0.0,0.0,0.0


========================================================
Test11 (DAC Calibration) results 2008-08-26 16:52:04
Board ID428 30 channels
Linux calibration (server mode)

Calibration DAC Range: [3100 - 3500]

A:
0.749714,0.755143,0.748571,0.749143,0.756286,0.754571,0.753714,0.756857,0.760286,0.754286
0.757429,0.752,0.753143,0.748286,0.752,0.751714,0.759714,0.750286,0.756857,0.749429
0.752571,0.753714,0.759143,0.752571,0.754857,0.770857,0.749714,0.759143,0.752,0.755429


B:
0.0,0.0,0.0,0.0,0.0,0.0,0.0,0.0,0.0,0.0
0.0,0.0,0.0,0.0,0.0,0.0,0.0,0.0,0.0,0.0
0.0,0.0,0.0,0.0,0.0,0.0,0.0,0.0,0.0,0.0


========================================================
Test11 (DAC Calibration) results 2008-08-27 11:55:08
Board ID428 30 channels
Linux calibration (server mode)

Calibration DAC Range: [3100 - 3500]

A:
0.75,0.755143,0.748857,0.749143,0.756286,0.754857,0.753429,0.756571,0.760286,0.754286
0.757429,0.752,0.753143,0.748286,0.752,0.751429,0.759429,0.750286,0.756571,0.749429
0.752286,0.753429,0.759714,0.752286,0.754571,0.770571,0.749429,0.759143,0.752,0.755429


B:
0.0,0.0,0.0,0.0,0.0,0.0,0.0,0.0,0.0,0.0
0.0,0.0,0.0,0.0,0.0,0.0,0.0,0.0,0.0,0.0
0.0,0.0,0.0,0.0,0.0,0.0,0.0,0.0,0.0,0.0


========================================================
Test11 (DAC Calibration) results 2008-08-27 12:05:14
Board ID428 30 channels
Linux calibration (server mode)

Calibration DAC Range: [3100 - 3500]

A:
0.75,0.755143,0.748571,0.749143,0.756286,0.754571,0.753429,0.756857,0.760286,0.754286
0.757429,0.752,0.753143,0.748286,0.752,0.751429,0.759429,0.750286,0.756857,0.749429
0.752286,0.753429,0.759429,0.752857,0.754857,0.770286,0.75,0.759143,0.752,0.755429


B:
0.0,0.0,0.0,0.0,0.0,0.0,0.0,0.0,0.0,0.0
0.0,0.0,0.0,0.0,0.0,0.0,0.0,0.0,0.0,0.0
0.0,0.0,0.0,0.0,0.0,0.0,0.0,0.0,0.0,0.0


========================================================
Test11 (DAC Calibration) results 2008-08-27 12:16:28
Board ID428 30 channels
Linux calibration (server mode)

Calibration DAC Range: [3100 - 3500]

A:
0.75,0.755143,0.748857,0.749143,0.756286,0.754286,0.753429,0.756571,0.760286,0.754286
0.757429,0.752,0.753143,0.748286,0.752,0.751429,0.759429,0.750286,0.756571,0.749429
0.752286,0.753429,0.759429,0.752571,0.754571,0.770857,0.75,0.759143,0.752,0.755429


B:
0.0,0.0,0.0,0.0,0.0,0.0,0.0,0.0,0.0,0.0
0.0,0.0,0.0,0.0,0.0,0.0,0.0,0.0,0.0,0.0
0.0,0.0,0.0,0.0,0.0,0.0,0.0,0.0,0.0,0.0


========================================================
Test11 (DAC Calibration) results 2008-08-27 12:34:54
Board ID428 30 channels
Linux calibration (server mode)

Calibration DAC Range: [3100 - 3500]

A:
0.75,0.755143,0.748571,0.749143,0.756286,0.754857,0.753429,0.756857,0.760286,0.754286
0.757429,0.752,0.753143,0.748286,0.752,0.751429,0.759429,0.750286,0.756857,0.749429
0.752286,0.754,0.759429,0.752857,0.754857,0.770571,0.75,0.759143,0.752571,0.755429


B:
0.0,0.0,0.0,0.0,0.0,0.0,0.0,0.0,0.0,0.0
0.0,0.0,0.0,0.0,0.0,0.0,0.0,0.0,0.0,0.0
0.0,0.0,0.0,0.0,0.0,0.0,0.0,0.0,0.0,0.0


========================================================
Test11 (DAC Calibration) results 2008-08-27 14:51:07
Board ID428 30 channels
Linux calibration (server mode)

Calibration DAC Range: [3100 - 3500]

A:
0.75,0.755143,0.748286,0.749143,0.756286,0.754571,0.753429,0.756571,0.760286,0.754286
0.757429,0.752,0.753143,0.748286,0.752,0.751429,0.759429,0.750286,0.756571,0.749429
0.752286,0.754,0.759429,0.752571,0.754571,0.770286,0.75,0.759143,0.752286,0.755429


B:
0.0,0.0,0.0,0.0,0.0,0.0,0.0,0.0,0.0,0.0
0.0,0.0,0.0,0.0,0.0,0.0,0.0,0.0,0.0,0.0
0.0,0.0,0.0,0.0,0.0,0.0,0.0,0.0,0.0,0.0


========================================================
Test11 (DAC Calibration) results 2008-08-27 16:02:01
Board ID428 30 channels
Linux calibration (server mode)

Calibration DAC Range: [3100 - 3500]

A:
0.75,0.755143,0.748857,0.749143,0.755714,0.754857,0.753429,0.756857,0.760286,0.754286
0.757429,0.752,0.753143,0.748286,0.752,0.751429,0.759429,0.750286,0.756857,0.749429
0.753143,0.754,0.759429,0.752286,0.754286,0.770286,0.75,0.759143,0.752286,0.755429


B:
0.0,0.0,0.0,0.0,0.0,0.0,0.0,0.0,0.0,0.0
0.0,0.0,0.0,0.0,0.0,0.0,0.0,0.0,0.0,0.0
0.0,0.0,0.0,0.0,0.0,0.0,0.0,0.0,0.0,0.0


========================================================
Test11 (DAC Calibration) results 2008-08-27 16:15:19
Board ID428 30 channels
Linux calibration (server mode)

Calibration DAC Range: [3100 - 3500]

A:
0.75,0.755143,0.748571,0.749143,0.755429,0.754571,0.753429,0.756571,0.760286,0.754286
0.757429,0.752,0.753143,0.748286,0.752,0.751429,0.759429,0.750286,0.756571,0.749429
0.753143,0.754,0.759429,0.752286,0.754286,0.770286,0.75,0.759143,0.752286,0.755429


B:
0.0,0.0,0.0,0.0,0.0,0.0,0.0,0.0,0.0,0.0
0.0,0.0,0.0,0.0,0.0,0.0,0.0,0.0,0.0,0.0
0.0,0.0,0.0,0.0,0.0,0.0,0.0,0.0,0.0,0.0


========================================================
Test11 (DAC Calibration) results 2008-08-27 16:29:28
Board ID428 30 channels
Linux calibration (server mode)

Calibration DAC Range: [3100 - 3500]

A:
0.7275,0.7375,0.725,0.7275,0.73,0.73,0.7325,0.7375,0.74,0.7325
0.7375,0.73,0.7325,0.7275,0.73,0.73,0.735,0.7275,0.7375,0.7275
0.7325,0.7325,0.7375,0.735,0.7325,0.745,0.7325,0.7375,0.7325,0.7375


B:
78.7,61.7,81.5,75.7,89.0,85.0,73.2,67.7,71.0,76.2
69.7,77.0,72.2,72.7,77.0,75.0,85.5,79.7,67.7,76.7
72.2,75.2,76.7,62.5,78.2,88.5,61.2,75.7,69.2,62.7


========================================================
Test11 (DAC Calibration) results 2008-08-27 16:39:54
Board ID428 30 channels
Linux calibration (server mode)

Calibration DAC Range: [3100 - 3500]

A:
0.7275,0.7375,0.725,0.7325,0.735,0.73,0.7375,0.7375,0.74,0.7325
0.7375,0.73,0.7325,0.7325,0.73,0.73,0.735,0.7275,0.7325,0.735
0.7325,0.7325,0.7375,0.735,0.7325,0.745,0.7275,0.7375,0.7325,0.7375


B:
77.7,60.7,81.5,59.2,73.5,85.0,56.7,66.7,71.0,75.2
68.7,77.0,71.2,56.2,77.0,75.0,85.5,78.7,84.2,52.5
71.2,74.2,75.7,62.5,77.2,88.5,77.7,76.7,68.2,61.7


========================================================
Test11 (DAC Calibration) results 2008-08-27 17:01:28
Board ID428 30 channels
Linux calibration (server mode)

Calibration DAC Range: [3100 - 3500]

A:
0.7325,0.7325,0.73,0.7275,0.735,0.73,0.7325,0.7375,0.74,0.7325
0.7375,0.73,0.7325,0.725,0.73,0.73,0.735,0.7275,0.7375,0.735
0.73,0.7325,0.7375,0.735,0.7325,0.745,0.7275,0.7375,0.7325,0.7375


B:
61.2,77.2,66.0,75.7,73.5,85.0,73.2,67.7,71.0,76.2
69.7,77.0,70.2,81.5,77.0,75.0,85.5,79.7,67.7,52.5
81.0,73.2,76.7,62.5,78.2,88.5,76.7,75.7,67.2,62.7


========================================================
Test11 (DAC Calibration) results 2008-09-01 16:34:02
Board ID428 30 channels
Linux calibration (server mode)

Calibration DAC Range: [3100 - 3500]

A:
0.7275,0.7325,0.73,0.7275,0.735,0.735,0.7325,0.7375,0.74,0.7325
0.7425,0.73,0.73,0.725,0.73,0.73,0.735,0.7275,0.7325,0.73
0.7325,0.7375,0.7375,0.735,0.7325,0.745,0.7275,0.7425,0.735,0.7375


B:
77.7,78.2,66.0,76.7,73.5,69.5,74.2,66.7,71.0,75.2
53.2,77.0,81.0,81.5,77.0,75.0,85.5,78.7,84.2,68.0
69.2,56.7,75.7,62.5,77.2,88.5,77.7,59.2,60.5,61.7


========================================================
Test11 (ADC Calibration) results 2008-12-01 11:08:02
Board ID428 30 channels
Host: ufcmshv3
Linux calibration software

Calibration DAC Range: [1000 - 3500]

A:
0.7668,0.762,0.77,0.7752,0.7648,0.768,0.7668,0.758,0.7652,0.7704
0.7672,0.7716,0.764,0.7592,0.7688,0.7728,0.754,0.772,0.7608,0.7548
0.7712,0.7756,0.7524,0.7572,0.7428,0.7852,0.7728,0.756,0.7712,0.748


B:
69.2001,69.9999,70.0001,68.8,68.2,72,71.2001,68.9999,75.7999,78.6
67.8,65.4,68,66.8001,72.1999,69.1999,69,69.9999,71.2,69.1999
68.8,70.3999,63.6001,64.8,73.2,70.8,71.1999,71.0001,67.8,67.9999


========================================================
Test11 (ADC Calibration) results 2008-12-01 11:30:58
Board ID428 30 channels
Host: ufcmshv3
Linux calibration software

Calibration DAC Range: [1000 - 3500]

A:
0.7664,0.762,0.77,0.7748,0.764,0.7684,0.7668,0.758,0.7652,0.7704
0.7668,0.7716,0.764,0.7592,0.7692,0.7728,0.7536,0.7728,0.7612,0.7544
0.7708,0.7752,0.752,0.7572,0.7424,0.7852,0.7728,0.756,0.77,0.748


B:
69.6001,69.9999,70.0001,69.2,70,70.6,71.2001,68.9999,75.7999,74.6
69.2001,64.4,68,65.8001,70.7999,69.1999,69.4,67.1999,69.8,69.5999
69.2,70.8,64.0001,64.8,73.6,70.8,71.1999,70.0001,70.0001,67.9999


========================================================
Test11 (ADC Calibration) results 2008-12-01 13:48:22
Board ID428 30 channels
Host: ufcmshv3
Linux calibration software

Calibration DAC Range: [1000 - 3500]

A:
0.7664,0.762,0.77,0.7748,0.764,0.7688,0.7672,0.758,0.7652,0.7704
0.7672,0.7716,0.764,0.7588,0.7688,0.7724,0.754,0.772,0.7612,0.7552
0.7704,0.7756,0.7524,0.7568,0.7428,0.7852,0.7728,0.7556,0.7712,0.7476


B:
70.6001,69.9999,70.0001,70.2,70,70.1999,69.8,68.9999,75.7999,74.6
68.8,65.4,68,68.1999,72.1999,70.5999,69,69.9999,69.8,68.7999
70.6,70.3999,63.6001,65.2,73.2,71.8,71.1999,71.4001,67.8,69.3999


