========================================================

Test10 results 01-27-2005  16:41:17
Board ID298  30 channels
HV Tests Software Ver.1.6

+5V 2523 - O'k
-5V 1319 - O'k
Interlock - On

Voltmeter channel: A=1.073537, B=11.808746

A:
Limits 1.1 +/- 0.1
1.075847,1.070091,1.077586,1.072386,1.067806,1.075269,1.070091,1.071237,1.075269,1.073537
1.074691,1.071811,1.070091,1.066098,1.059322,1.077006,1.073537,1.070664,1.069519,1.075847
1.077006,1.064963,1.072961,1.085187,1.077006,1.072386,1.081666,1.071237,1.074114,1.075847


B:
Limits 0.0 +/- 30.0
2.151552,4.280172,6.465639,6.434438,8.542488,5.376168,4.280172,-1.071411,8.601974,2.14691
8.597414,8.57465,6.420354,3.198246,9.534028,4.307805,7.514596,6.423989,8.556267,7.530788
4.307805,7.45467,4.292006,2.170367,9.692835,4.289666,4.326704,8.569725,4.296494,2.151552
========================================================
Test10 (ADC Calibration) results 2007-09-06 12:50:00
Board ID298 30 channels
Linux calibration software

Voltmeter channel: A=1.07055, B=-1470.64

A:
1.07533,1.06959,1.0771,1.07197,1.06771,1.07448,1.04794,1.07006,1.07589,1.07277
1.07549,1.07134,1.07086,1.05586,1.05234,1.07603,1.07291,1.06881,1.06895,1.07589
1.07549,1.06442,1.07324,1.08356,1.07748,1.0718,1.08093,1.07056,1.07287,1.07435


B:
-1.01928,0.858858,2.06453,3.16894,5.60697,3.88387,3.73853,-2.32065,3.08437,0.214249
2.74929,5.29092,0.852643,2.60684,5.05668,4.03059,4.14779,6.33254,4.09114,3.28432
3.52282,3.80187,0.239407,3.36089,5.10152,2.30816,3.98109,6.89685,5.086,1.43188


========================================================
Test10 (ADC Calibration) results 2008-06-17 15:59:19
Board ID298 30 channels
Linux calibration software

Voltmeter channel: A=1.07, B=0

A:
1.09136,1.08604,1.09418,1.08973,1.08622,1.09118,1.06492,1.0864,1.09227,1.08946
1.06535,1.08721,1.08793,1.07327,1.06881,1.093,1.08946,1.06466,1.07441,1.09263
1.09245,1.07731,1.08856,1.09986,1.09537,1.08829,1.10023,1.08712,1.09055,1.09046


B:
-0.565809,0.896649,1.63434,2.90742,3.55334,3.31217,1.3945,-2.91414,2.96163,-0.327962
30.8147,6.33217,-0.208474,-0.0899786,4.74934,2.28997,3.15826,16.9711,13.8756,2.84477
3.01266,6.43482,2.68776,3.43025,6.2357,2.50288,1.55247,6.41561,3.46198,2.67324


========================================================
Test10 (ADC Calibration) results 2008-07-16 21:23:30
Board ID298 30 channels
Linux calibration software

Voltmeter channel: A=1.07, B=0

A:
1.09163,1.08675,1.09456,1.09013,1.08712,1.09163,1.06559,1.08694,1.09286,1.08984
1.06067,1.08797,1.08862,1.07392,1.0691,1.09352,1.08994,1.06604,1.07255,1.09333
1.09295,1.07841,1.08956,1.10037,1.09656,1.08853,1.10076,1.08498,1.09182,1.09107


B:
-1.47096,-0.417021,1.50051,2.32613,2.71319,2.24086,0.757317,-3.6349,2.19873,-1.11794
34.9113,5.19548,-1.29038,-0.918397,4.69172,1.36875,2.50046,12.4838,13.6706,2.41818
2.11163,4.98404,0.887285,2.73692,4.92288,2.28039,1.50452,7.52668,1.41137,1.23663


