========================================================

Test11 results 01-27-2005  16:51:01
Board ID298  30 channels
HV Tests Software Ver.1.6

+5V 2522 - O'k
-5V 1320 - O'k
Interlock - On
Calibration DAC Range: [2500 - 2900]


A:
Limits 0.76 +/- 0.04
0.750469,0.757576,0.750469,0.754717,0.757576,0.750469,0.754717,0.753296,0.75188,0.75188
0.750469,0.754717,0.75188,0.757576,0.761905,0.750469,0.753296,0.754717,0.754717,0.749064
0.747664,0.759013,0.754717,0.750469,0.750469,0.756144,0.744879,0.753296,0.75188,0.749064


B:
Limits 70.0 +/- 30.0
61.304359,48.856266,55.904499,55.857491,54.945171,62.742821,62.038025,69.996941,55.071728,66.022995
64.267578,54.14703,70.483795,61.815323,57.384991,58.245502,55.025005,60.422829,62.651417,64.287804
67.977669,57.341404,58.379234,55.946091,54.117924,50.574963,70.346359,60.313343,62.885696,72.888687
========================================================
Test11 (DAC Calibration) results 2007-09-06 12:50:00
Board ID298 30 channels
Linux calibration software
Calibration DAC Range: [1100 - 2700]

A:
0.749204,0.753225,0.747594,0.751174,0.753792,0.749415,0.768787,0.752516,0.748433,0.75061
0.748713,0.752375,0.75195,0.762631,0.765184,0.748713,0.750892,0.753012,0.753296,0.748433
0.748713,0.756501,0.749906,0.746896,0.748083,0.751668,0.744948,0.752162,0.750539,0.749134


B:
69.545,67.3288,69.3675,70.1408,68.812,68.8057,67.5187,75.0728,69.4079,73.1658
71.2682,64.2812,72.6854,68.9228,66.2363,67.3749,66.4725,69.8796,70.2449,69.2582
68.2733,69.6453,76.0781,70.479,65.2517,69.4635,71.9713,66.5288,69.5094,75.1849


========================================================
Test11 (ADC Calibration) results 2008-06-17 18:39:44
Board ID298 30 channels
Linux calibration software

Calibration DAC Range: [1000 - 3500]

A:
0.7376,0.7412,0.736,0.7384,0.7408,0.738,0.7564,0.7412,0.7372,0.7388
0.7556,0.7404,0.7396,0.7504,0.7532,0.7368,0.7388,0.756,0.7488,0.7364
0.7372,0.7472,0.7388,0.736,0.7352,0.7396,0.7312,0.7404,0.7384,0.738


B:
70.3999,68.8001,70,71.6001,70.1999,69.0001,69.6,74.8001,68.7999,74.2
50.4001,65.5999,74.4,70.6,66.8,68.2,68.2,62.0001,64.2001,70.6
67.7999,67.8,75.2,70,64.8,70.4,74.8001,67.5999,70.6001,74.0001


========================================================
Test11 (ADC Calibration) results 2008-07-16 22:38:23
Board ID298 30 channels
Linux calibration software

Calibration DAC Range: [1000 - 3500]

A:
0.7376,0.7408,0.7356,0.738,0.7408,0.7372,0.7556,0.7404,0.7364,0.7384
0.7584,0.74,0.7392,0.7492,0.7528,0.7364,0.7384,0.7552,0.7504,0.736
0.7364,0.7464,0.738,0.7352,0.7344,0.7396,0.7312,0.742,0.7372,0.7372


B:
70.3999,69.1999,70.4,72.0001,69.1999,70.7999,70.4001,76.5999,70.6,74.6001
48.5999,66,74.8,72.8,67.2,69.6,68.6001,64.7999,63.6,70
69.6,68.6,77.0001,71.8,65.6001,70.4,73.8001,65.0001,72.7999,75.7999


========================================================
Test11 (ADC Calibration) results 2008-07-20 18:58:34
Board ID298 30 channels
Linux calibration software

Calibration DAC Range: [1000 - 3500]

A:
0.7384,0.7408,0.7356,0.7384,0.7404,0.7372,0.756,0.7408,0.7368,0.738
0.7524,0.74,0.7392,0.7496,0.7528,0.7364,0.7388,0.7556,0.7492,0.7364
0.7372,0.7468,0.738,0.7352,0.7352,0.7388,0.7312,0.7452,0.7372,0.7376


B:
69.6001,69.1999,70.4,70.6001,70.5999,70.7999,70.0001,75.1999,69.2,75.0001
54.6001,66,74.8,72.4,67.2,69.6,68.2,64.4001,64.8,69.6
67.7999,68.2,77.0001,71.8,63.8,72.2,73.8001,62.8001,72.7999,74.3999


========================================================
Test11 (ADC Calibration) results 2008-07-24 15:42:31
Board ID298 30 channels
Linux calibration software

Calibration DAC Range: [1000 - 3500]

A:
0.738,0.7408,0.7356,0.738,0.7412,0.7372,0.756,0.7408,0.7368,0.7388
0.7476,0.74,0.7396,0.75,0.7532,0.7368,0.7392,0.7564,0.7496,0.7368
0.7364,0.7472,0.7384,0.736,0.7352,0.74,0.7316,0.7456,0.7376,0.7372


B:
70.0001,69.1999,70.4,72.0001,68.8001,70.7999,71.0001,75.1999,70.2,74.2
59.3999,66,74.4,72,66.8,68.2,66.8,63.6,64.4,69.2
70.6,67.8,76.6001,70,63.8,69,73.4,61.4001,71.3999,75.7999


========================================================
Test11 (ADC Calibration) results 2009-01-19 14:18:25
Board ID298 30 channels
Host: ufcmshv3
Linux calibration software

Calibration DAC Range: [1000 - 3500]

A:
0.7676,0.7496,0.7664,0.748,0.7708,0.7544,0.7944,0.7688,0.7668,0.754
0.772,0.7556,0.7704,0.7796,0.7784,0.7672,0.7744,0.7556,0.762,0.7488
0.774,0.7716,0.7592,0.7708,0.7472,0.7592,0.75,0.7764,0.7708,0.7744


B:
69.4,67.4,69.6001,70.9999,68.2,68.5999,68.6001,76.1999,68.2001,74
70.9999,64.4001,72.6,71.3999,65.6,66.8,66.6,71.4001,69.9999,69.2001
67,69.4,73.8001,69.2,63.8,67.8001,73,65.5999,69.2,73.6


========================================================
Test11 (ADC Calibration) results 2009-01-19 17:00:22
Board ID298 30 channels
Host: ufcmshv3
Linux calibration software

Calibration DAC Range: [1000 - 3500]

A:
0.7672,0.7496,0.7668,0.7484,0.7712,0.7544,0.794,0.7692,0.7668,0.7544
0.7728,0.756,0.7704,0.7796,0.7784,0.7672,0.7744,0.756,0.762,0.7484
0.774,0.7716,0.7596,0.7712,0.7468,0.7588,0.7496,0.776,0.7708,0.774


B:
69.8,67.4,69.2001,70.6001,67.8,68.5999,69.9999,75.7999,68.2001,72.5999
69.1999,64.0001,72.6,71.3999,65.6,66.8,67.6,71.0001,68.9999,69.6001
67,70.4,72.4001,68.8,65.2,69.1999,73.4,66.9999,70.2,74


