========================================================
Test10 (ADC Calibration) results 2014-01-19 19:51:39
Board IDXXX 30 channels
Host: ufcmshv1
Linux calibration software

Voltmeter channel: A=1.09534, B=7.90604

A:
1.12054,1.07961,1.08556,1.08258,1.07639,1.07657,1.10016,1.0842,1.08756,1.11459
1.1251,1.08538,1.10408,1.09249,1.12822,1.07408,1.07711,1.10035,1.09728,1.09396
1.0902,1.08366,1.08628,1.04913,1.06103,1.09194,1.08393,1.10147,1.09249,1.10203


B:
5.54525,11.3146,7.18706,7.74098,7.57821,7.41413,7.9556,8.20819,7.75899,7.69296
8.26453,6.91808,8.40327,8.29683,8.00142,6.26575,7.35338,7.78801,6.37254,7.40361
7.9704,6.75153,6.74259,9.14066,7.48648,7.92103,6.07069,7.00313,7.64111,6.94073


========================================================
Test10 (ADC Calibration) results 2014-03-05 18:24:38
Board ID477 30 channels
Host: ufcmshv1
Linux calibration software

Voltmeter channel: A=1.11059, B=-0.0871576

A:
1.35384,1.4014,1.35851,1.31523,1.26079,1.25289,1.22504,1.25325,1.27763,1.28078
1.30102,1.25579,1.25993,1.25713,1.25981,1.28115,1.23539,1.30441,1.23622,1.27002
1.29674,1.31271,1.25871,1.30063,1.30076,1.27089,1.25036,1.24748,1.29031,1.26397


B:
919.56,928.331,938.584,986.478,985.905,989.483,986.22,987.475,988.057,978.044
976.184,990.47,986.669,989.96,987.173,986.495,986.623,968.303,989.088,987.856
981.698,896.709,987.182,985.294,980.61,988.866,988.998,984.525,932.485,986.383


