========================================================

Test10 results 09-20-2006  15:59:17
Board ID121  36 channels
HV Tests Software Ver.1.6.1

+5V 2525 - O'k
-5V 1356 - O'k
Interlock - On

Voltmeter channel: A=1.072386, B=12.868753

A:
Limits 1.1 +/- 0.1
1.077006,1.075847,1.075847,1.071811,1.06383,1.073537,1.081666,1.081666,1.077586,1.068947,1.081081,1.070664
1.071811,1.073537,1.079914,1.082251,1.075269,1.073537,1.072386,1.072961,1.078167,1.078167,1.078749,1.082837
1.075269,1.072386,1.071811,1.081666,1.072961,1.074114,1.079331,1.071811,1.074114,1.076426,1.075847,1.080497


B:
Limits 0.0 +/- 30.0
12.923853,11.834177,17.213413,17.149141,34.04258,11.808746,16.225027,8.653366,14.008742,10.689509,9.729908,11.777308
27.867254,16.102896,10.799102,17.316055,18.279394,13.95582,19.30307,8.583851,15.094469,6.469132,8.629799,20.574078
12.903049,15.013526,13.933707,16.225027,12.875696,7.518835,16.19001,13.933707,21.482315,12.917105,18.289261,18.368458
Channels:
   5
Out of range 0.0 +/- 30.0
========================================================
Test10 (ADC Calibration) results 2008-06-16 13:15:45
Board ID121 36 channels
Linux calibration software

Voltmeter channel: A=1.07, B=0

A:
1.0783,1.07821,1.07776,1.07438,1.07314,1.07527,1.08378,1.08198,1.07902,1.0704,1.08207,1.07155
1.07474,1.07482,1.08117,1.0836,1.07723,1.07536,1.07447,1.07438,1.07947,1.07938,1.08027,1.08587
1.07669,1.07465,1.07323,1.0836,1.0742,1.07607,1.08153,1.07474,1.07571,1.07794,1.07812,1.08333


B:
8.60995,5.4571,10.612,9.42151,19.3661,7.09672,9.4205,8.04001,8.81513,5.38518,6.00966,8.39101
17.9065,11.8066,6.40405,12.6198,12.612,8.08995,12.9925,4.04961,10.3463,2.44104,3.77266,11.4265
8.58054,7.67132,9.62594,9.1519,8.51094,2.26823,9.75022,9.30862,16.7975,7.86097,11.5772,10.4833


========================================================
Test10 (ADC Calibration) results 2008-06-17 07:08:50
Board ID121 36 channels
Linux calibration software

Voltmeter channel: A=1.07, B=0

A:
1.09092,1.09083,1.09011,1.08705,1.08373,1.08759,1.09647,1.09501,1.09147,1.08284,1.09428,1.084
1.08696,1.08705,1.09328,1.09629,1.08966,1.08759,1.08687,1.08642,1.09165,1.09246,1.09237,1.09812
1.08894,1.08696,1.08543,1.09611,1.08669,1.08867,1.0941,1.08633,1.0884,1.09065,1.09065,1.09583


B:
7.00407,3.59679,10.1511,7.74332,19.2526,5.94089,7.60466,5.65494,7.8148,4.25883,5.22953,6.64997
16.7389,11.0045,6.1481,11.0605,11.4372,7.46341,11.8215,3.97727,10.2681,-0.530006,3.04943,10.9295
8.17802,6.73909,8.36378,8.37714,7.20506,0.588891,8.24101,9.27491,14.9883,6.38134,9.87125,9.28516


========================================================
Test10 (ADC Calibration) results 2008-07-28 12:22:42
Board ID121 36 channels
Linux calibration software

Voltmeter channel: A=1.07, B=0

A:
1.09111,1.09065,1.09011,1.08705,1.08588,1.08732,1.09693,1.09474,1.09156,1.08302,1.09465,1.08409
1.08741,1.08741,1.09346,1.0962,1.08993,1.08795,1.08723,1.08642,1.09201,1.09192,1.09246,1.09858
1.08921,1.08723,1.08579,1.09656,1.08678,1.08876,1.09428,1.08741,1.08849,1.09065,1.09065,1.09602


B:
7.27438,4.20004,9.93309,8.83036,18.5921,7.05931,6.74763,6.78147,7.94969,4.52611,4.89484,7.00086
16.7635,10.6739,6.41868,11.8016,12.0603,7.34891,11.4915,3.97727,9.71763,1.28345,3.62154,10.5121
7.92926,6.27281,8.46773,8.17867,7.12228,0.940574,7.85557,8.49908,15.1237,6.59929,10.3074,9.33752


========================================================
Test10 (ADC Calibration) results 2008-11-24 17:18:05
Board ID121 36 channels
Host: ufcmshv3
Linux calibration software

Voltmeter channel: A=1.0425, B=6.49545

A:
1.05101,1.0494,1.04678,1.04083,1.04712,1.04485,1.03289,1.03372,1.05597,1.05348,1.05751,1.0564
0,1.04796,1.0451,1.04763,1.04687,1.06287,1.04957,1.0405,1.04991,-2.71569,1.05383,1.05263
1.04788,1.03421,1.0385,0,1.04771,1.03569,0,0,1.05246,1.04603,1.04805,1.04142


B:
7.84204,4.11697,10.3711,8.29468,10.8898,6.97636,7.80239,6.59993,6.33568,4.66785,6.36141,6.98838
3600,11.7693,6.94588,11.4591,11.3387,6.21384,12.3527,4.24195,10.3534,3600,-2.8207,9.05261
8.49601,7.98738,7.813,3600,9.49394,2.00732,3600,3600,15.1069,1.46472,10.2223,8.36346


========================================================
Test10 (ADC Calibration) results 2008-11-25 09:18:58
Board ID121 36 channels
Host: ufcmshv3
Linux calibration software

Voltmeter channel: A=1.04259, B=5.79005

A:
1.05084,1.04966,1.0467,1.0405,1.0472,1.04476,1.0333,1.03355,1.05545,1.05348,1.05768,1.0564
1.03635,1.04233,1.04544,1.0478,1.04661,1.06244,1.04915,1.04033,1.04983,1.04267,1.0467,1.05238
1.04813,1.03429,1.0385,1.03619,1.04217,1.03594,1.05485,1.04586,1.04678,1.04042,1.04763,1.04133


B:
7.58231,2.82591,9.82268,8.612,10.3916,6.4295,6.58158,6.55115,6.81976,4.03591,5.14214,6.56608
13.1856,10.1986,5.79013,10.2521,11.1584,6.61979,12.3319,3.98556,9.80368,1.33129,2.91436,9.29339
7.41754,7.28782,7.1898,7.54031,7.23089,0.525911,7.80585,8.52763,14.7679,6.19468,10.4115,8.44303


========================================================
Test10 (ADC Calibration) results 2008-11-25 13:57:28
Board ID121 36 channels
Host: ufcmshv3
Linux calibration software

Voltmeter channel: A=1.04225, B=6.52616

A:
1.05101,1.04957,1.0467,1.04083,1.04704,1.04493,1.03298,1.03347,1.05562,1.05357,1.05768,1.05622
1.03652,1.04242,1.04502,1.04418,1.04645,1.06209,1.04932,1.04025,1.04991,1.04267,1.0467,1.05255
1.04796,1.03421,1.03859,1.03635,1.04233,1.03586,1.05434,1.04619,1.0467,1.04108,1.04754,1.04133


B:
7.42173,3.53651,10.2413,8.08656,10.7604,6.26948,7.10365,6.63008,6.44764,4.16589,5.14214,7.15
13.2354,10.328,6.39876,10.1205,11.7364,7.58192,12.3819,4.27318,10.1435,1.54019,3.12391,9.13307
7.99653,7.36675,7.31793,7.1747,6.44646,1.22703,9.13201,8.20859,15.2655,6.59912,10.7011,8.2344


========================================================
Test10 (ADC Calibration) results 2008-11-26 10:27:41
Board ID121 36 channels
Host: ufcmshv3
Linux calibration software

Voltmeter channel: A=1.04259, B=5.99852

A:
1.05051,1.04923,1.04653,1.04067,1.04687,1.04476,1.03322,1.03339,1.05545,1.0534,1.05768,1.05605
1.03635,1.04217,1.04468,1.04267,1.04645,1.06209,1.04932,1.04042,1.04957,1.0425,1.04645,1.05238
1.04796,1.03413,1.03826,1.03619,1.04217,1.03553,1.05477,1.04594,1.04678,1.04092,1.04771,1.0415


B:
8.53331,4.27783,10.8198,8.66128,11.1293,6.63825,7.28024,7.12229,7.24183,4.53788,5.56496,7.94493
13.3928,10.5658,7.76284,10.9242,12.1549,7.79428,12.8015,4.32188,10.8835,2.11699,3.78328,9.71423
7.99653,7.6529,8.05051,7.9551,7.43927,2.16637,8.51913,8.86629,14.9772,7.17435,10.7511,8.07526


========================================================
Test10 (ADC Calibration) results 2008-11-26 10:48:42
Board ID121 36 channels
Host: ufcmshv3
Linux calibration software

Voltmeter channel: A=1.04284, B=5.96823

A:
1.05084,1.04957,1.04678,1.04092,1.04746,1.04468,1.03314,1.03355,1.05554,1.05323,1.05777,1.05631
1.0366,1.04233,1.04493,1.04259,1.04653,1.06244,1.04932,1.0405,1.04983,1.04284,1.04645,1.05238
1.04822,1.03454,1.0385,1.03602,1.04242,1.03594,1.05425,1.04611,1.04687,1.04133,1.04805,1.04142


B:
8.21251,3.74622,10.1618,8.21527,10.3617,7.55396,7.56584,6.96431,7.16153,5.33114,5.48437,7.49152
13.1568,10.407,7.31441,11.4203,12.0754,7.04507,12.5917,4.45,10.4337,1.79688,3.99237,9.71423
7.75687,6.8438,7.60535,8.52745,7.40905,1.14758,9.84497,8.91588,15.3168,6.36037,10.0127,8.57169


========================================================
Test10 (ADC Calibration) results 2008-11-26 11:05:32
Board ID121 36 channels
Host: ufcmshv3
Linux calibration software

Voltmeter channel: A=1.04259, B=6.2074

A:
1.05067,1.04957,1.04678,1.04058,1.04729,1.04443,1.03306,1.03371,1.05545,1.05331,1.0576,1.05631
1.03643,1.04225,1.04485,1.04284,1.04645,1.06235,1.0494,1.04008,1.05017,1.04275,1.04628,1.05221
1.04788,1.03429,1.0385,1.0366,1.04242,1.03569,1.05451,1.04577,1.04661,1.0415,1.04805,1.04158


B:
7.95296,3.53651,10.1618,8.94925,10.7307,7.58415,7.64446,6.18671,7.24183,5.03942,5.43426,7.0691
13.3141,10.6952,6.97636,10.5566,11.9456,7.55097,12.3024,4.64045,9.48404,1.66837,4.15295,9.66423
8.28663,7.28782,7.39729,7.14442,6.99234,2.00732,9.39346,9.44421,15.5545,5.78401,10.0127,7.78788


========================================================
Test10 (ADC Calibration) results 2008-11-27 16:31:50
Board ID121 36 channels
Host: ufcmshv3
Linux calibration software

Voltmeter channel: A=1.04233, B=6.44646

A:
1.05067,1.04966,1.04687,1.04058,1.04687,1.04476,1.03314,1.03339,1.05545,1.05323,1.05743,1.05614
1.03635,1.04233,1.04476,1.04259,1.04628,1.06227,1.04932,1.04025,1.04991,1.04259,1.04603,1.05229
1.04788,1.03413,1.03817,1.03627,1.04217,1.03577,1.05451,1.0456,1.04661,1.04092,1.0478,1.04133


B:
8.16304,3.24567,9.66356,8.53271,10.9196,6.84756,6.94585,7.12229,7.0308,4.90954,5.80789,7.0192
13.1856,10.6158,7.05646,10.7947,12.314,6.99443,12.3819,4.06477,9.51342,2.03706,4.39323,9.79461
8.28663,7.6529,7.71439,7.4611,7.23089,0.89248,8.76065,9.1856,15.5545,6.54954,9.83308,8.44303


========================================================
Test10 (ADC Calibration) results 2008-11-27 17:01:09
Board ID121 36 channels
Host: ufcmshv3
Linux calibration software

Voltmeter channel: A=1.04259, B=5.79005

A:
1.05059,1.04983,1.04653,1.04067,1.04712,1.04443,1.03289,1.03339,1.05545,1.05331,1.0576,1.05588
1.03619,1.04217,1.04485,1.04275,1.04645,1.06174,1.04915,1.04025,1.04983,1.04259,1.04645,1.05212
1.04771,1.03421,1.03817,1.03627,1.04233,1.03553,1.05442,1.04603,1.0467,1.04108,1.04771,1.04125


B:
8.24313,2.66481,10.4008,8.45319,10.6805,7.58415,7.80239,6.91566,7.45287,4.6182,5.85746,7.68366
13.5502,10.7746,7.18527,10.6361,11.7364,8.11852,12.7513,4.27318,9.80368,1.61971,3.78328,10.165
8.23674,7.15996,7.5068,7.2539,7.07155,1.54536,8.8409,8.57733,15.2655,6.18238,10.5417,8.52223


