========================================================

Test11 results 09-20-2006  16:00:46
Board ID121  36 channels
HV Tests Software Ver.1.6.1

+5V 2527 - O'k
-5V 1356 - O'k
Interlock - On
Calibration DAC Range: [2500 - 2900]


A:
Limits 0.76 +/- 0.04
0.753296,0.75188,0.750469,0.754717,0.761905,0.75188,0.746269,0.749064,0.750469,0.757576,0.747664,0.757576
0.754717,0.754717,0.750469,0.747664,0.753296,0.753296,0.754717,0.754717,0.75188,0.75188,0.75188,0.747664
0.754717,0.754717,0.754717,0.746269,0.754717,0.754717,0.749064,0.753296,0.754717,0.75188,0.754717,0.749064


B:
Limits 60.0 +/- 30.0
48.179874,61.633972,62.112362,52.713879,35.56226,67.543274,65.067223,59.951977,60.671516,64.860794,69.299774,54.530869
51.003975,48.756958,59.949997,59.849384,52.866455,62.303249,51.996014,62.425888,54.436962,61.096863,58.57542,48.747604
51.460381,56.854691,58.284157,63.452797,59.379749,54.611546,59.951977,66.672768,45.782867,57.498447,68.084053,55.177608
========================================================
Test11 (ADC Calibration) results 2008-06-17 04:20:31
Board ID121 36 channels
Linux calibration software

Calibration DAC Range: [1000 - 3500]

A:
0.7488,0.7488,0.748,0.7512,0.7528,0.7508,0.7448,0.7464,0.7484,0.7544,0.7456,0.7532
0.7504,0.7516,0.7464,0.7444,0.7488,0.7504,0.7512,0.7508,0.7484,0.748,0.7472,0.7436
0.75,0.7512,0.7524,0.7448,0.7512,0.7508,0.7464,0.7512,0.7508,0.7484,0.752,0.7452


B:
63.2001,72.2001,69.9999,64.7999,55.2,71.2,69.2001,69.6,68.6001,76.5999,76.4001,68.8
66.6,60.3999,72.6,71.5999,67.2001,72.6,63.7999,77.2,65.6001,75.9999,72.8,62.4
68,68.7999,67.6001,69.2001,71.7999,67.2,68.6,70.7999,59.2,68.6001,78.0001,67.8001


========================================================
Test11 (ADC Calibration) results 2008-06-17 07:43:31
Board ID121 36 channels
Linux calibration software

Calibration DAC Range: [1000 - 3500]

A:
0.7404,0.74,0.74,0.7424,0.7452,0.7424,0.736,0.7372,0.7392,0.7456,0.7372,0.7448
0.742,0.7432,0.738,0.736,0.7404,0.7424,0.7428,0.7428,0.74,0.7388,0.7388,0.7356
0.7416,0.7432,0.7436,0.7364,0.7428,0.742,0.7376,0.7428,0.7424,0.7404,0.7432,0.7364


B:
63.5999,74,69,66.6,55.8001,71.6,71,72.7999,70.8,76.4001,77.7999,70.2001
67.0001,60.8,73.0001,72,68.5999,71.6,64.2,76.2,66,78.2,74.2,62.4
68.4001,67.8,68.4,69.6,71.2,69.0001,70.3999,71.2,59.6,68.5999,79.8,69.6


========================================================
Test11 (ADC Calibration) results 2008-07-28 12:43:15
Board ID121 36 channels
Linux calibration software

Calibration DAC Range: [1000 - 3500]

A:
0.7404,0.74,0.7404,0.7428,0.744,0.7424,0.736,0.7372,0.7396,0.7452,0.7364,0.7448
0.7416,0.7428,0.738,0.736,0.7404,0.7416,0.7424,0.7428,0.74,0.7396,0.7392,0.7352
0.7412,0.7428,0.7436,0.736,0.7428,0.742,0.7376,0.742,0.7424,0.7404,0.7432,0.7368


B:
63.5999,74,68.5999,65.2,55.9999,71.6,72,71.7999,69.4,77.8001,78.6,70.2001
68.4001,61.2,73.0001,72,67.5999,73.4001,65.6,76.2,66,76.4,72.8,62.8
68.8001,69.2,68.4,70,72.2,68.0001,70.3999,72.0001,59.6,68.5999,79.8,68.2


========================================================
Test11 (ADC Calibration) results 2008-11-25 09:33:14
Board ID121 36 channels
Host: ufcmshv3
Linux calibration software

Calibration DAC Range: [1000 - 3500]

A:
0.7688,0.7692,0.7712,0.7764,0.7716,0.7724,0.7812,0.7816,0.7648,0.7664,0.7632,0.7644
0.7784,0.7752,0.772,0.7704,0.7712,0.76,0.7696,0.7756,0.77,0.7744,0.7716,0.7676
0.7704,0.7808,0.7776,0.7792,0.7744,0.7804,0.7656,0.7724,0.772,0.778,0.7736,0.7752


B:
63.1999,74.7999,68.8,64.5999,61.4,72.5999,71.8,70.4,71.2,77.6001,76.8,69.6
69.6,60.8,73.9999,72.6,67.8,72,63.4001,76.3999,65.0001,75.6,73.4,63.4
69.6,68.2001,69.4,69.7999,71.6,67.6001,69.3999,70.5999,59.9999,68,79.4001,69.8


========================================================
Test11 (ADC Calibration) results 2008-11-25 14:06:07
Board ID121 36 channels
Host: ufcmshv3
Linux calibration software

Calibration DAC Range: [1000 - 3500]

A:
0.7688,0.7696,0.7716,0.7756,0.7724,0.7728,0.7816,0.7816,0.7648,0.7664,0.7628,0.7644
0.7776,0.7752,0.7728,0.7728,0.7716,0.76,0.77,0.7756,0.77,0.774,0.7716,0.7672
0.7708,0.7812,0.7776,0.7788,0.7744,0.78,0.7656,0.7712,0.7724,0.7752,0.774,0.7756


B:
63.1999,73.4001,67.4,66.3999,59.5999,71.1999,71.4,70.4,71.2,77.6001,78.2001,69.6
71.4,60.8,72.1999,74.1999,67.4,72,62.0001,76.3999,65.0001,77,73.4,64.8
68.2,67.8,68.4,71.2,72.6,68.0001,69.3999,72.8,58.5999,69.8,79,68.3999


========================================================
Test11 (ADC Calibration) results 2008-11-26 11:17:25
Board ID121 36 channels
Host: ufcmshv3
Linux calibration software

Calibration DAC Range: [1000 - 3500]

A:
0.7688,0.7696,0.7716,0.7756,0.772,0.7724,0.7816,0.7816,0.7648,0.7664,0.7632,0.7644
0.7776,0.7752,0.7728,0.7728,0.7716,0.7604,0.7696,0.7756,0.7696,0.7744,0.7712,0.7672
0.7704,0.7808,0.7776,0.7788,0.774,0.78,0.7656,0.772,0.772,0.7756,0.774,0.7752


B:
63.1999,73.4001,67.4,66.3999,59.9999,72.5999,71.4,70.4,71.2,77.6001,76.8,69.6
71.4,60.8,72.1999,74.1999,66.4,71.6,63.4001,76.3999,65.4001,76.6,73.8,63.8
69.6,68.2001,69.4,71.2,73,68.0001,68.3999,70.9999,58.9999,68.3999,79,69.8


========================================================
Test11 (ADC Calibration) results 2008-11-26 11:28:28
Board ID121 36 channels
Host: ufcmshv3
Linux calibration software

Calibration DAC Range: [1000 - 3500]

A:
0.7688,0.7696,0.7712,0.7756,0.7716,0.7728,0.7816,0.7812,0.7652,0.7668,0.7632,0.7644
0.7788,0.7752,0.7728,0.774,0.7712,0.76,0.7692,0.7756,0.7692,0.774,0.772,0.7676
0.7708,0.7808,0.7776,0.7792,0.7744,0.78,0.7656,0.7716,0.7724,0.7752,0.7736,0.7752


B:
63.1999,73.4001,67.8,66.3999,60.4,71.1999,70.4,70.8,69.7999,76.2001,76.8,69.6
69.2,60.8,71.1999,73,67.8,72,63.7999,77.3999,66.7999,77,71.9999,63.4
68.2,68.2001,69.4,68.7999,71.6,68.0001,68.3999,71.4,58.5999,69.8,79.4001,69.8


========================================================
Test11 (ADC Calibration) results 2008-11-27 17:12:11
Board ID121 36 channels
Host: ufcmshv3
Linux calibration software

Calibration DAC Range: [1000 - 3500]

A:
0.7692,0.7692,0.7712,0.7764,0.772,0.7732,0.7816,0.7816,0.7656,0.7664,0.7628,0.7648
0.7784,0.7752,0.7728,0.774,0.7712,0.76,0.7696,0.7756,0.7696,0.7744,0.7716,0.7676
0.7708,0.7808,0.7776,0.7788,0.7748,0.7804,0.7652,0.7716,0.7724,0.7756,0.774,0.7752


B:
61.7999,74.7999,67.8,64.5999,59.9999,69.8001,70.4,70.4,68.3999,77.6001,77.2001,68.2
69.6,60.8,71.1999,72,67.8,72,62.4001,76.3999,66.4001,76.6,72.4,63.4
68.2,68.2001,69.4,71.2,70.2,67.6001,69.7999,71.4,57.5999,68.3999,78,69.8


========================================================
Test11 (ADC Calibration) results 2009-07-13 18:52:12
Board ID121 36 channels
Host: ufcmshv3
Linux calibration software

Calibration DAC Range: [1000 - 3500]

A:
0.768,0.7688,0.7708,0.7756,0.7712,0.772,0.7808,0.7808,0.7644,0.766,0.7624,0.764
0.7776,0.7752,0.772,0.7732,0.7708,0.7596,0.7688,0.7752,0.7688,0.7732,0.7704,0.7664
0.77,0.7788,0.7768,0.7768,0.7744,0.7796,0.7652,0.7712,0.7708,0.7752,0.7728,0.7748


B:
62,72.2,67.2,63.4,59.8,71,70.2,69.2,68.6,75,75.6,68
69.4,58.8,71,71.8,66.2,70.4,62.2,74.8,64.2,75.8,70.6,62.6
68,68.2,68.2,69.2,68.6,66.4,66.8,70.8,59.2,66.8,79.2,68.2


