========================================================

Test10 results 10-17-2005  14:33:08
Board ID108  36 channels
HV Tests Software Ver.1.6

+5V 3057 - O'k
-5V 1385 - O'k
Interlock - On

Voltmeter channel: A=1.077006, B=16.154871

A:
Limits 1.1 +/- 0.1
1.075269,1.084011,1.075847,1.072386,1.076426,1.084599,1.074691,1.078749,1.075847,1.074114,1.074691,1.073537
1.078167,1.079914,1.078167,1.075269,1.091703,1.077006,1.078167,1.074114,1.083424,1.068947,1.071811,1.077586
1.072961,1.079331,1.076426,1.070091,1.070091,1.073537,1.070091,1.072961,1.071811,1.080497,1.073537,1.077586


B:
Limits 0.0 +/- 35.0
9.677243,20.596209,17.213413,19.30307,20.452089,14.099923,8.597414,11.866045,15.061719,16.111746,11.821486,15.029358
18.32897,17.278584,18.32897,11.827781,26.200871,15.077866,10.781801,17.18586,11.917675,24.585821,13.933707,14.008742
17.167542,24.824656,15.069958,12.8409,14.981082,15.029358,13.910991,12.875696,15.005518,17.28796,12.882283,14.008742
========================================================
Test10 (ADC Calibration) results 2007-10-23 14:53:52
Board ID108 36 channels
Linux calibration software

Voltmeter channel: A=1.07463, B=15.9103

A:
1.07779,1.08749,1.07885,1.07377,1.07885,1.08679,1.07487,1.07763,1.06921,1.07444,1.07705,1.07353
1.08392,1.08016,1.081,1.07491,1.08503,1.08805,1.07815,1.07759,1.08673,1.07205,1.07245,1.07673
1.08373,1.08078,1.09052,1.07112,1.07443,1.07235,1.0759,1.0757,1.07293,1.08046,1.07857,1.07972


B:
6.51923,16.1456,11.7756,14.2398,18.1699,13.0364,5.7597,9.18081,13.3706,13.0671,8.90502,13.1099
11.6737,11.2761,13.9617,9.73652,19.5329,12.0543,7.4599,12.6963,5.5617,21.3583,12.3088,11.7201
11.3917,21.0521,13.0962,9.89067,12.0122,11.8348,11.4376,11.1604,12.7269,11.974,-2.84294,9.31487

========================================================
Test10 (ADC Calibration) results 2008-06-17 15:59:19
Board ID108 36 channels
Linux calibration software

Voltmeter channel: A=1.07, B=0

A:
1.09462,1.1055,1.09627,1.09035,1.09663,1.10587,1.09298,1.09471,1.08683,1.09226,1.09426,1.09089
1.10077,1.09663,1.10003,1.09198,1.10197,1.10596,1.09453,1.09471,1.0992,1.0564,1.09017,1.09462
1.02187,1.09783,1.10951,1.08827,1.09316,1.08936,1.09599,1.09462,1.09117,1.09728,1.0928,1.09746


B:
8.66877,16.8308,12.4227,15.6376,18.0111,12.9569,4.70753,10.9931,12.5508,12.8049,10.3161,12.9593
12.7199,13.8438,14.0497,9.55976,20.4451,11.545,8.97153,14.9343,11.7238,27.6462,12.5328,11.7338
50.6251,22.4196,12.1051,11.443,12.6291,12.1894,12.6734,12.3906,12.0557,13.6986,13.8361,11.9952


========================================================
Test10 (ADC Calibration) results 2008-07-16 21:23:30
Board ID108 36 channels
Linux calibration software

Voltmeter channel: A=1.07, B=0

A:
1.09531,1.10586,1.09674,1.09114,1.09769,1.10557,1.09407,1.0954,1.08729,1.08907,1.09569,1.09181
1.10152,1.09712,1.10075,1.09228,1.10277,1.10644,1.09559,1.09464,1.07034,1.00055,1.09105,1.09531
0.963754,1.09807,1.11013,1.08926,1.09294,1.08992,1.09635,1.09464,1.09133,1.09826,1.08973,1.09855


B:
7.60233,16.2861,11.7777,14.2575,16.6163,13.6728,4.35701,10.144,12.1253,15.7142,7.91086,11.0329
11.822,12.9659,13.4001,10.3819,19.0679,10.8941,7.55977,13.9038,26.6459,74.4802,11.2885,11.3267
49.7878,21.541,11.7689,10.5321,11.524,12.1071,11.6867,11.058,11.4654,12.5826,16.6384,11.0038


========================================================
Test10 (ADC Calibration) results 2008-07-19 11:34:37
Board ID108 36 channels
Linux calibration software

Voltmeter channel: A=1.07, B=0

A:
1.0954,1.10576,1.09693,1.09049,1.09759,1.10508,1.09389,1.09531,1.08739,1.08692,1.09531,1.09162
1.10161,1.09702,1.10037,1.09228,1.10238,1.10644,1.0955,1.09426,1.06358,1.00135,1.09105,1.0954
0.972886,1.09797,1.11013,1.08898,1.09218,1.08983,1.09607,1.09436,1.09077,1.09797,1.08973,1.09817


B:
6.85777,15.4886,10.5069,14.8599,17.3615,13.2253,3.8757,10.012,12.0389,16.3822,8.91665,10.9878
11.955,13.053,13.7481,10.1635,19.4142,10.2304,7.42795,14.0307,43.0795,31.2801,11.2885,10.8013
43.9789,21.4075,10.8808,10.7912,11.779,12.1927,11.2891,10.6612,11.3294,12.4041,14.8947,11.3518


========================================================
Test10 (ADC Calibration) results 2008-07-19 14:46:21
Board ID108 36 channels
Linux calibration software

Voltmeter channel: A=1.07, B=0

A:
1.09502,1.10537,1.09654,1.09039,1.09721,1.10499,1.09398,1.09531,1.08729,1.08533,1.09502,1.09143
1.10161,1.09693,1.10017,1.09209,1.10181,1.10634,1.0955,1.09407,1.06546,1.00143,1.0903,1.09502
0.962946,1.09807,1.10945,1.08898,1.0919,1.09039,1.09578,1.09436,1.0902,1.09807,1.08711,1.09807


B:
7.64458,16.7217,11.9514,14.7285,17.4879,13.3127,4.22562,10.012,12.3427,18.2705,9.1775,11.1607
11.7347,13.1393,13.9221,10.555,20.3747,10.3183,7.42795,14.4224,38.8059,34.0059,12.8515,12.0247
57.143,21.3216,12.1619,10.7912,12.4752,11.021,11.7688,10.6612,12.2841,12.7565,18.1674,11.878


========================================================
Test10 (ADC Calibration) results 2008-07-20 08:08:59
Board ID108 36 channels
Linux calibration software

Voltmeter channel: A=1.07, B=0

A:
1.0954,1.10547,1.09664,1.09067,1.09731,1.1047,1.0936,1.0955,1.08711,1.08542,1.09521,1.09143
1.10152,1.09693,1.10017,1.09218,1.10209,1.10634,1.0955,1.09407,1.06117,1.00445,1.09086,1.0954
0.975365,1.09807,1.11004,1.08898,1.09237,1.09001,1.09607,1.09426,1.09049,1.09807,1.08842,1.09845


B:
7.29609,16.4133,11.4258,14.9063,17.4012,13.7961,5.01216,9.61895,12.9492,18.6196,8.7844,11.3789
11.822,13.3587,14.3621,10.4685,19.8947,10.5394,7.42795,14.6411,42.3061,33.4612,11.8977,11.2394
52.241,21.7606,11.6349,10.7912,12.2618,11.8025,11.7277,11.6235,11.8069,12.537,17.6213,11.0907


========================================================
Test10 (ADC Calibration) results 2008-07-20 17:40:55
Board ID108 36 channels
Linux calibration software

Voltmeter channel: A=1.07, B=0

A:
1.0954,1.10566,1.09683,1.09058,1.09731,1.10508,1.09407,1.09531,1.08739,1.08561,1.0954,1.09143
1.1019,1.09693,1.10037,1.09228,1.10229,1.10654,1.0954,1.09407,1.06206,1.00421,1.09077,1.09531
0.963313,1.09797,1.10994,1.08917,1.0919,1.09011,1.09597,1.09455,1.09058,1.09807,1.08748,1.09826


B:
7.51512,16.239,11.6908,15.2105,18.0594,13.4461,4.35701,10.012,12.2566,18.2313,8.82955,11.5972
10.8117,13.1393,14.4084,9.94513,19.5012,10.5851,7.51512,15.079,37.8801,31.2845,11.9841,11.5457
60.0538,21.8464,11.7227,10.6186,12.6939,11.7165,11.8142,10.9252,11.9388,12.3171,18.4777,11.4843


