========================================================

Test11 results 10-17-2005  14:34:58
Board ID108  36 channels
HV Tests Software Ver.1.6

+5V 3057 - O'k
-5V 1385 - O'k
Interlock - On
Calibration DAC Range: [2500 - 2900]


A:
Limits 0.76 +/- 0.04
0.747664,0.740741,0.744879,0.753296,0.746269,0.744879,0.747664,0.744879,0.747664,0.750469,0.749064,0.750469
0.747664,0.746269,0.746269,0.747664,0.736648,0.744879,0.747664,0.747664,0.742115,0.75188,0.750469,0.746269
0.749064,0.750469,0.747664,0.753296,0.754717,0.750469,0.754717,0.747664,0.750469,0.744879,0.749064,0.744879


B:
Limits 60.0 +/- 40.0
70.93766,66.385544,71.223991,49.01593,64.901062,54.522049,69.243736,66.806915,63.702152,56.838188,64.66124,60.953861
57.58942,56.764801,57.493763,68.440216,53.986958,75.39975,62.506001,67.551636,66.689278,64.661316,70.072899,70.93425
65.552765,42.226948,64.75666,60.127777,59.5196,65.700356,60.326828,73.085365,65.431023,62.212524,75.212868,73.959824
========================================================
Test11 (DAC Calibration) results 2007-10-23 14:53:52
Board ID108 36 channels
Linux calibration software
Calibration DAC Range: [1100 - 2700]

A:
0.74599,0.738962,0.744879,0.748783,0.744879,0.73944,0.748013,0.746478,0.751597,0.747943,0.74613,0.748573
0.741771,0.743978,0.743771,0.748363,0.741015,0.738212,0.745365,0.74613,0.73985,0.748853,0.748573,0.745226
0.741153,0.742804,0.736174,0.750258,0.747943,0.748643,0.746547,0.746687,0.748994,0.743771,0.746199,0.743909


B:
77.2474,69.8874,69.8324,67.4279,69.0876,72.1786,72.9781,69.1144,70.1617,69.6337,74.3702,72.8081
72.6472,71.8219,66.9021,71.8989,63.6163,79.0533,77.0615,71.8335,73.9757,74.0711,79.2457,80.2329
74.6894,71.2163,74.8044,74.3976,78.4592,79.5995,80.2165,74.7993,71.482,72.1085,89.6464,78.6126


========================================================
Test11 (ADC Calibration) results 2008-06-17 18:39:44
Board ID108 36 channels
Linux calibration software

Calibration DAC Range: [1000 - 3500]

A:
0.734,0.7268,0.7336,0.7372,0.7328,0.7272,0.7356,0.7344,0.7392,0.7356,0.7344,0.7364
0.73,0.7328,0.7304,0.7356,0.7292,0.726,0.734,0.734,0.7312,0.7604,0.7364,0.7332
0.786,0.7312,0.7236,0.7384,0.7352,0.7368,0.7324,0.734,0.7364,0.7324,0.7364,0.7316


B:
75.9999,69.1999,66.3999,65.7999,67.2,69.8001,72.4,67.6001,69.8,68.4,72.6001,71.6
70.9999,69.2,66.5999,73.4,62.8,79,74.9999,69.9999,68.8001,66.6,77.6,78.7999
42,68.8001,74.4001,72.6001,76.8,78.2,78.6,71.9999,71.6,69.6,75.6,76.4


