========================================================

Test10 results 12-12-2006  22:36:53
Board ID107  36 channels
HV Tests Software Ver.1.6.8

+5V 2516 - O'k
-5V 1325 - O'k
Interlock - On
Number of Samples: 400

Voltmeter channel: A=1.077006, B=12.923853

A:
Limits 1.1 +/- 0.1
1.075847,1.068376,1.057082,1.087548,1.073537,1.085187,1.090513,1.077006,1.078167,1.083424,1.086957,1.077586
1.069519,1.087548,1.079914,1.078749,1.078749,1.076426,1.083424,1.084011,1.073537,1.078167,1.085187,1.075269
1.072961,1.075269,1.064396,1.074691,1.081081,1.075847,1.079331,1.077006,1.082251,1.084599,1.077586,1.087548


B:
Limits 0.0 +/- 30.0
8.606635,11.752151,32.769699,25.013739,16.102896,13.02224,8.724198,18.308884,10.781801,22.751911,19.565292,19.396673
14.973378,13.050716,14.038843,21.574783,15.102291,17.222809,19.50164,9.7561,27.911806,15.094469,8.68149,17.204124
17.167542,10.752512,38.318443,8.597414,5.405584,11.834177,20.507334,15.077866,7.575796,18.438318,12.931156,11.963168
Channels:
   3  27
Out of range 0.0 +/- 30.0
========================================================
Test10 (ADC Calibration) results 2008-04-04 18:26:54
Board ID107 36 channels
Linux calibration software

Voltmeter channel: A=1.07317, B=17.7315

A:
1.0734,1.06697,1.06923,1.09157,1.07215,1.08335,1.08808,1.07501,1.07669,1.08234,1.08527,1.07717
1.06683,1.08541,1.07733,1.07758,1.07689,1.07497,1.08137,1.08057,1.07582,1.07654,1.08394,1.0733
1.07074,1.07322,1.07582,1.07188,1.07911,1.07424,1.07818,1.07602,1.08,1.08323,1.07533,1.08535


B:
3.71195,5.94649,16.5281,12.1567,11.2259,7.89511,6.16853,13.6338,4.68017,15.7328,13.7956,12.6062
13.0513,8.81497,10.1211,15.9477,10.332,11.6322,15.4937,8.47601,16.874,9.79676,4.69359,13.054
12.8107,6.11436,12.329,6.18975,1.7276,7.11802,16.1271,8.54752,3.20025,13.096,12.6298,7.74761


========================================================
Test10 (ADC Calibration) results 2008-11-23 09:47:33
Board ID107 36 channels
Linux calibration software

Voltmeter channel: A=1.07, B=0

A:
0,0,0,0,0,0,0,0,0,0,0,0
0,0,0,0,0,0,0,0,0,0,0,0
0,0,0,0,0,0,0,0,0,0,0,0


B:
0,0,0,0,0,0,0,0,0,0,0,0
0,0,0,0,0,0,0,0,0,0,0,0
0,0,0,0,0,0,0,0,0,0,0,0


========================================================
Test10 (ADC Calibration) results 2008-11-23 10:05:09
Board ID107 36 channels
Linux calibration software

Voltmeter channel: A=1.07, B=0

A:
0,0,0,0,0,0,0,0,0,0,0,0
0,0,0,0,0,0,0,0,0,0,0,0
0,0,0,0,0,0,0,0,0,0,0,0


B:
0,0,0,0,0,0,0,0,0,0,0,0
0,0,0,0,0,0,0,0,0,0,0,0
0,0,0,0,0,0,0,0,0,0,0,0


========================================================
Test10 (ADC Calibration) results 2008-11-23 10:35:51
Board ID107 36 channels
Linux calibration software

Voltmeter channel: A=1.07, B=0

A:
1.08705,1.07981,1.08129,1.10442,1.08584,1.09733,1.10211,1.08855,1.08995,1.09562,1.09866,1.08986
1.08092,1.09847,1.09099,1.09099,1.09071,1.08827,1.09486,1.09552,1.08817,1.09005,1.09647,1.08714
1.08435,1.08714,1.08696,1.08518,1.09174,1.08752,1.09155,1.08902,1.09334,1.09647,1.08883,1.09933


B:
2.73943,4.69496,15.4305,11.3855,8.20683,4.84741,2.23217,10.9318,3.10076,14.3028,12.6341,11.0346
8.8525,7.97401,8.90993,13.0557,7.4237,9.66621,13.0213,3.43386,14.7576,7.81064,1.90325,10.0453
10.2313,3.0877,12.3911,4.46749,1.01315,4.69883,13.1947,7.23493,1.71759,11.5523,7.40742,4.77163


========================================================
Test10 (ADC Calibration) results 2008-11-24 15:10:30
Board ID107 36 channels
Host: ufcmshv3
Linux calibration software

Voltmeter channel: A=1.07, B=0

A:
1.07403,1.06715,1.06838,1.09097,1.07305,1.08378,1.08887,1.0758,1.07696,1.0827,1.08578,1.07732
1.0682,1.0855,1.07839,1.07794,1.0775,1.07554,1.08216,1.08243,1.07598,1.07714,1.08406,1.07438
1.07181,1.07429,1.07394,1.07278,1.07955,1.07447,1.07821,1.07607,1.08054,1.08369,1.07598,1.08659


B:
4.59369,6.48483,17.3074,13.5448,9.36047,7.68634,4.3385,11.9825,4.67257,16.0405,14.115,12.53
10.4192,9.58589,9.60605,14.7597,9.99582,11.1522,13.5022,5.2456,15.4777,9.89326,3.53564,11.3554
11.5757,4.99154,14.556,5.74357,1.62761,7.1906,15.5925,8.93981,3.52422,12.9709,9.02184,6.41918


========================================================
Test10 (ADC Calibration) results 2008-11-28 16:48:00
Board ID107 36 channels
Host: ufcmshv3
Linux calibration software

Voltmeter channel: A=1.04192, B=8.51139

A:
1.03175,1.03298,1.04033,1.03668,1.04384,1.03635,1.03544,1.04628,1.03975,1.04208,1.03536,1.03768
1.04661,1.05161,1.0494,1.05152,1.04535,1.03958,1.04661,1.04535,1.03784,1.03809,1.03652,1.03643
1.04493,1.05306,448.276,1.05152,1.05348,1.04966,1.04746,1.03842,1.07893,1.03776,1.03759,1.06435


B:
4.98423,7.10365,12.3082,12.8709,8.76828,7.38192,4.10995,11.8956,4.12671,14.8136,13.9217,10.2651
10.9491,9.59403,10.4134,14.5112,8.16977,10.5238,11.1584,6.07907,13.2204,9.03957,3.6996,11.2413
11.2852,5.7028,-4827.59,4.83726,2.56088,7.02454,13.9233,8.30721,11.0548,12.054,9.51367,5.46875


========================================================
Test10 (ADC Calibration) results 2008-11-28 17:10:12
Board ID107 36 channels
Host: ufcmshv3
Linux calibration software

Voltmeter channel: A=1.04208, B=7.72734

A:
1.03175,1.03347,1.04075,1.03652,1.04401,1.03701,1.03561,1.0467,1.03967,1.04225,1.03577,1.03759
1.0472,1.05212,1.04949,1.05178,1.04527,1.03958,1.04645,1.04544,1.03809,1.03826,1.03652,1.03652
1.04527,1.05323,1.04493,1.0456,1.05374,1.05,1.04729,1.03867,1.07866,1.03817,1.03784,1.06444


B:
4.98423,6.42302,11.4964,13.6499,8.39998,6.54118,3.74406,11.0787,4.62236,14.6558,12.7,10.1365
9.55375,8.69217,10.1235,14.482,8.45854,10.3159,11.1084,5.79013,12.7765,8.67356,3.49194,11.1623
10.7581,5.33114,8.35934,5.63039,2.10731,6.07399,14.5008,8.06959,11.5166,10.8289,8.23912,5.38769


