========================================================

Test11 results 12-12-2006  22:39:36
Board ID107  36 channels
HV Tests Software Ver.1.6.8

+5V 2525 - O'k
-5V 1326 - O'k
Interlock - On
Calibration DAC Range: [2500 - 2900]
Number of Samples: 400

A:
Limits 0.76 +/- 0.04
0.750469,0.756144,0.763359,0.742115,0.753296,0.743494,0.740741,0.750469,0.749064,0.746269,0.742115,0.749064
0.754717,0.742115,0.747664,0.750469,0.747664,0.750469,0.744879,0.746269,0.75188,0.750469,0.744879,0.750469
0.75188,0.750469,0.757576,0.753296,0.746269,0.75188,0.749064,0.749064,0.746269,0.746269,0.754717,0.743494


B:
Limits 60.0 +/- 30.0
68.391678,59.614166,46.79023,52.602684,56.642498,63.99015,59.013042,54.926289,66.883743,49.14069,63.023277,57.109703
56.290863,61.480705,59.524471,42.226948,60.169003,58.073093,60.098637,54.876175,46.650894,49.431339,61.942467,56.287247
60.282753,63.638767,48.804295,53.58683,72.246964,55.071728,49.273064,61.867611,61.110138,46.048668,51.919365,55.395859
========================================================
Test11 (DAC Calibration) results 2008-04-04 18:26:54
Board ID107 36 channels
Linux calibration software
Calibration DAC Range: [1100 - 2700]

A:
0.752445,0.757361,0.756144,0.739919,0.752941,0.745157,0.742666,0.751315,0.749766,0.745851,0.74384,0.750188
0.757074,0.744117,0.749695,0.749906,0.749625,0.750962,0.746896,0.747454,0.750751,0.751385,0.745504,0.752516
0.753935,0.751809,0.750751,0.753508,0.748083,0.752233,0.749485,0.75061,0.748223,0.74599,0.755287,0.744532


B:
70.6547,64.3852,54.2532,60.4143,64.7058,66.4678,60.2674,60.7815,72.0712,58.195,65.3184,60.2401
56.2978,62.8499,61.8216,52.0811,60.5696,64.4232,61.068,59.8433,52.7026,54.8229,65.3898,57.1629
61.0781,67.4655,60.9609,61.5147,73.4806,61.9181,53.5695,64.6089,63.2621,54.2708,55.74,59.8883


========================================================
Test11 (ADC Calibration) results 2008-11-23 10:58:16
Board ID107 36 channels
Linux calibration software

Calibration DAC Range: [1000 - 3500]

A:
0.7428,0.7484,0.7468,0.7304,0.7436,0.7356,0.7332,0.742,0.7408,0.7364,0.7348,0.7408
0.7472,0.7348,0.7404,0.7408,0.74,0.7416,0.7368,0.7372,0.7424,0.7412,0.7368,0.7432
0.7444,0.7424,0.7428,0.7448,0.7396,0.7428,0.74,0.7412,0.7388,0.7372,0.7456,0.7348


B:
71.2,64.6001,56.2,62.5999,66.4,68.4,62.8,62.0001,72.1999,59.6,66.2001,62.1999
58.8,64.2001,62.5999,53.1999,63,66.4001,64.2,62.7999,52.6,57.8001,67.2,58.8
62.5999,68.6,61.2,60.2001,73.4,63.2,56,65.8001,64.2,53.7999,60.4001,62.2001


========================================================
Test11 (ADC Calibration) results 2008-11-24 15:22:53
Board ID107 36 channels
Host: ufcmshv3
Linux calibration software

Calibration DAC Range: [1000 - 3500]

A:
0.7516,0.7564,0.756,0.7396,0.752,0.7452,0.742,0.7512,0.7496,0.7456,0.7432,0.75
0.7564,0.744,0.7488,0.7492,0.7496,0.7504,0.7464,0.746,0.7504,0.7504,0.7448,0.752
0.7528,0.7512,0.752,0.7532,0.748,0.7516,0.7496,0.75,0.7472,0.7456,0.7544,0.744


B:
70.3999,64.6,54.0001,60.4,67.0001,65.8001,61.0001,60.7999,71.4,57.4001,65.8,60
56.6,61.9999,62.2001,53.8,59.4,64.6,61.6,62,53.6,55.6,67.2001,58.0001
63.2,66.7999,59.0001,60.8,72.9999,62.3999,53.4,65,63.8,53.4001,59.5999,59.9999


========================================================
Test11 (ADC Calibration) results 2008-11-28 17:20:18
Board ID107 36 channels
Host: ufcmshv3
Linux calibration software

Calibration DAC Range: [1000 - 3500]

A:
0.7824,0.7812,0.776,0.7784,0.7728,0.778,0.78,0.7716,0.7764,0.7744,0.7792,0.778
0.7716,0.7676,0.7692,0.7676,0.772,0.776,0.7712,0.7728,0.778,0.7788,0.7792,0.7792
0.772,0.7664,0.7724,0.7724,0.766,0.7692,0.7716,0.7772,0.7492,0.778,0.7824,0.7592


B:
69.6,63.8,58.9999,59.6,67.1999,68,62.0001,61.4,71.5999,58.6,65.7999,63
56.4,62.4,61.7999,53.4,61.9999,65.9999,64.8,60.1999,55,55.2,66.7999,57.7999
62.9999,66.6001,64.5999,61.5999,73.0001,62.7999,54.4,64.8001,55.8,56,58.6,60.8001


