========================================================

Test10 results 09-16-2005  13:44:04
Board ID060  36 channels
HV Tests Software Ver.1.6

+5V 2928 - O'k
-5V 1365 - O'k
Interlock - On

Voltmeter channel: A=1.083424, B=7.583981

A:
Limits 1.1 +/- 0.1
1.082251,1.074691,1.079914,1.082251,1.079331,1.077586,1.079331,1.074691,1.076426,1.077586,1.069519,1.071237
1.082837,1.073537,1.081081,1.074114,1.086366,1.076426,1.080497,1.068947,1.072386,1.071237,1.076426,1.068947
1.077586,1.084011,1.073537,1.084011,1.070091,1.085187,1.092299,1.073537,1.073537,1.077586,1.086957,1.075847


B:
Limits 0.0 +/- 35.0
3.246791,7.522722,8.639275,5.411294,12.952018,8.620811,5.396702,5.373341,3.229268,6.465639,6.417229,6.42725
14.077056,7.514596,1.08126,2.148266,10.863837,4.305695,8.643984,10.689509,6.434438,8.569725,1.076416,4.275827
5.388053,4.336046,2.14691,5.420056,7.490445,7.596303,5.461306,1.073372,1.073372,5.388053,8.695728,-1.07599
========================================================
Test10 (ADC Calibration) results 2008-03-07 11:27:16
Board ID60 36 channels
Linux calibration software

Voltmeter channel: A=1.08283, B=8.4829

A:
1.08519,1.07444,1.0798,1.08414,1.07929,1.0802,1.08113,1.07943,1.07504,1.07964,1.06879,1.06929
1.08739,1.07489,1.07933,1.07375,1.08621,1.07482,1.08202,1.07051,1.07138,1.07293,1.07521,1.06798
1.08034,1.08293,1.07374,1.08479,1.07105,1.08455,1.09282,1.07529,1.07141,1.07535,1.09326,1.07434


B:
-2.42688,5.67889,3.97575,5.045,9.53598,4.90458,3.8138,4.35707,1.67746,3.26193,3.71476,6.27519
9.89295,2.44382,-1.35608,-1.84976,5.89162,4.34894,4.48058,9.65834,5.63556,5.07166,-0.845426,1.26955
3.12432,3.09452,-2.35154,1.74016,2.91375,3.48117,1.60982,-3.31787,0.589691,3.95041,6.30721,-3.24447


