========================================================

Test10 results 10-20-2005  12:05:15
Board ID111  36 channels
HV Tests Software Ver.1.6

+5V 3055 - O'k
-5V 1345 - O'k
Interlock - On

Voltmeter channel: A=1.073537, B=9.661671

A:
Limits 1.1 +/- 0.1
1.076426,1.089918,1.074114,1.077006,1.082251,1.083424,1.086366,1.062135,1.085776,1.077006,1.077586,1.084011
1.081666,1.073537,1.084599,1.080497,1.081666,1.079914,1.077006,1.075269,1.077586,1.080497,1.083424,1.079331
1.077586,1.075847,1.081081,1.079331,1.078749,1.077586,1.089325,1.081666,1.075847,1.063264,1.086366,1.075847


B:
Limits 0.0 +/- 35.0
6.458547,6.539511,8.592949,14.000859,7.575796,8.667404,1.086543,9.559323,14.115096,5.384811,16.163914,7.588078
9.735032,3.220447,14.099923,10.804978,9.735032,11.879015,-1.077225,10.752512,9.698398,11.885475,8.667404,7.555364
9.698398,11.834177,7.567746,1.079379,8.629799,8.620811,6.53604,16.225027,7.530788,22.328438,15.209301,5.379094
========================================================
Test10 (ADC Calibration) results 2007-07-15 15:21:48
Board ID111 36 channels
Linux calibration software

Voltmeter channel: A=1.07095, B=10.8918

A:
1.07568,1.08956,1.07417,1.07661,1.08081,1.08222,1.08413,1.062,1.08685,1.07611,1.06754,1.08276
1.07919,1.07312,1.08228,1.08105,1.08119,1.07867,1.07581,1.0744,1.07657,1.07968,1.0824,1.07798
1.07766,1.07621,1.08212,1.07893,1.07913,1.07746,1.08842,1.08151,1.07406,1.07998,1.08769,1.0749


B:
1.6742,1.36143,3.84315,10.1652,6.05309,7.00934,1.98533,2.8931,8.86457,1.73305,24.1564,5.11272
10.5901,-0.014926,12.1336,5.50132,6.99548,11.1467,-3.72889,7.92302,7.52085,10.0132,7.12775,5.41321
6.36217,6.07999,1.46643,-1.63226,-2.05282,5.17545,5.64266,12.5548,7.50523,9.54572,10.2729,3.82862


========================================================
Test10 (ADC Calibration) results 2007-07-15 15:44:49
Board ID111 36 channels
Linux calibration software

Voltmeter channel: A=1.07095, B=10.8918

A:
1.07568,1.08956,1.07352,1.07665,1.0805,1.08266,1.08373,1.06179,1.08619,1.07621,1.067,1.08236
1.07944,1.07356,1.08377,1.0801,1.08014,1.07887,1.0755,1.07514,1.07692,1.08028,1.0827,1.07833
1.07709,1.07665,1.08216,1.07823,1.07873,1.07716,1.08867,1.08046,1.0746,1.07615,1.08694,1.07406


B:
2.59852,2.36143,5.66756,11.0392,7.03834,6.35893,4.09771,5.55026,9.0222,2.60403,24.8397,7.42783
11.6017,-0.379966,10.9417,7.71127,10.4192,10.8884,-1.94291,6.8976,6.80997,9.63846,7.05743,5.37706
8.01157,6.11587,1.24951,0.592986,4.18317,5.08622,5.04074,15.6897,6.54001,13.4555,12.4223,5.50523


