========================================================

Test11 results 10-20-2005  12:08:15
Board ID111  36 channels
HV Tests Software Ver.1.6

+5V 3055 - O'k
-5V 1344 - O'k
Interlock - On
Calibration DAC Range: [2500 - 2900]


A:
Limits 0.76 +/- 0.04
0.750469,0.739372,0.749064,0.750469,0.744879,0.746269,0.743494,0.757576,0.743494,0.749064,0.747664,0.744879
0.746269,0.75188,0.744879,0.744879,0.746269,0.747664,0.749064,0.75188,0.747664,0.749064,0.746269,0.749064
0.750469,0.75188,0.746269,0.753296,0.746269,0.749064,0.743494,0.744879,0.750469,0.759013,0.743494,0.750469


B:
Limits 60.0 +/- 40.0
54.757545,65.7425,66.357788,53.393288,66.475571,56.340836,68.024368,69.355568,56.870686,64.287804,61.782066,60.981728
59.182522,60.463013,52.979008,66.317726,56.918209,53.872459,69.935043,54.175751,67.257385,47.811512,53.991802,57.357868
50.802742,52.558914,63.533146,44.465076,67.159363,58.640564,54.727329,62.135963,61.216599,43.203114,63.332333,62.831497
========================================================
Test11 (DAC Calibration) results 2007-07-15 15:21:48
Board ID111 36 channels
Linux calibration software
Calibration DAC Range: [1100 - 2700]

A:
0.750469,0.740535,0.751527,0.749064,0.745782,0.74481,0.743494,0.759374,0.741633,0.749415,0.75543,0.74481
0.746896,0.75188,0.744394,0.74599,0.746269,0.748013,0.749625,0.75061,0.748713,0.747314,0.745434,0.747733
0.748713,0.749344,0.744879,0.747454,0.747314,0.748853,0.740192,0.745295,0.750469,0.747105,0.742184,0.750258


B:
60.6004,66.2131,61.3903,62.5468,68.5839,65.4594,73.2341,68.7707,65.7179,68.0563,56.7517,66.3532
61.9643,64.812,62.1664,66.0575,61.1941,57.2698,73.7631,63.4079,68.2733,59.7385,61.9083,66.6324
60.0375,65.6054,72.812,68.9622,71.6955,62.5388,70.2444,63.7411,65.8537,59.2828,71.1848,68.0955


========================================================
Test11 (DAC Calibration) results 2007-07-15 15:44:49
Board ID111 36 channels
Linux calibration software
Calibration DAC Range: [1100 - 2700]

A:
0.750469,0.740535,0.751597,0.749415,0.74599,0.744879,0.743771,0.759518,0.742459,0.749344,0.75543,0.745087
0.747105,0.75195,0.744117,0.746269,0.746617,0.747873,0.749836,0.750469,0.748853,0.746896,0.745226,0.747873
0.749485,0.749415,0.745226,0.747943,0.747594,0.749064,0.740398,0.745643,0.750469,0.749766,0.742322,0.750469


B:
59.0995,65.4725,60.5412,60.5621,67.8476,64.6183,71.6626,66.7522,64.2691,67.4035,56.7517,64.627
59.8805,64.5643,61.2129,64.9255,59.9626,57.4647,72.4246,62.8518,67.4809,60.0225,61.1551,66.14
57.4667,65.0586,70.843,66.4921,66.2274,61.7978,69.3659,61.9163,65.2533,56.3262,70.1028,67.3546


