========================================================

Test10 results 09-28-2006  19:43:07
Board ID114  36 channels
HV Tests Software Ver.1.6.8

+5V 3067 - O'k
-5V 1418 - O'k
Interlock - On
Number of Samples: 400

Voltmeter channel: A=1.082837, B=7.580034

A:
Limits 1.1 +/- 0.1
1.076426,1.086366,1.092896,1.076426,1.079331,1.078749,1.084599,1.084599,1.084011,1.072961,1.080497,1.079331
1.062135,1.084011,1.084011,1.080497,1.088732,1.080497,1.082837,1.067806,1.083424,1.079914,1.072386,1.084011
1.079331,1.084599,1.080497,1.079914,1.086366,1.081081,1.082837,1.086957,1.080497,1.075269,1.079331,1.073537


B:
Limits 0.0 +/- 30.0
7.534973,11.950203,7.650097,12.917105,10.793356,5.393553,7.592331,10.846127,11.924122,9.656813,2.161002,8.634694
31.864155,15.176154,10.840111,11.885475,7.621052,12.965973,12.994219,18.152739,9.750828,15.118756,18.230684,13.008133
9.714025,16.269119,17.28796,19.438412,6.518373,9.729908,14.077056,13.043554,15.126966,6.451437,8.634694,11.808746
Channels:
  13
Out of range 0.0 +/- 30.0
========================================================
Test10 (ADC Calibration) results 2007-09-27 10:36:49
Board ID114 36 channels
Linux calibration software

Voltmeter channel: A=1.07954, B=3.4119

A:
1.07473,1.08427,1.09155,1.07492,1.07729,1.07719,1.08255,1.08261,1.08273,1.07081,1.07848,1.077
1.06454,1.0832,1.08184,1.07816,1.08791,1.07895,1.08055,1.07098,1.08245,1.0784,1.07125,1.08462
1.07727,1.08399,1.07877,1.07891,1.08447,1.07895,1.08188,1.08467,1.07982,1.07385,1.07808,1.072


B:
-0.435556,6.13542,0.544779,5.77151,4.68852,-0.951038,1.91462,3.80429,3.50053,4.00741,-4.37704,3.16187
21.3603,7.17179,4.016,8.17147,-0.622871,6.18403,7.4654,7.38342,0.2786,8.58692,10.4788,3.11545
3.3451,6.52242,9.08775,11.1084,0.552213,4.42087,6.88156,7.95654,6.3524,-1.08414,0.234081,4.05586


========================================================
Test10 (ADC Calibration) results 2007-09-28 09:22:29
Board ID114 36 channels
Linux calibration software

Voltmeter channel: A=1.0794, B=3.58291

A:
1.07443,1.08451,1.09155,1.07537,1.07688,1.07658,1.08255,1.08241,1.08273,1.07037,1.07838,1.07666
1.06201,1.08279,1.08194,1.0785,1.087,1.07895,1.08154,1.07227,1.08245,1.0785,1.07115,1.0837
1.07747,1.08354,1.07877,1.07836,1.08477,1.0784,1.08113,1.08512,1.08026,1.07375,1.07893,1.0719


B:
-0.0474868,4.73744,0.144876,4.13348,5.20339,-0.180867,1.71467,4.26121,3.30019,3.76552,-4.24766,3.87769
25.3674,7.68651,3.68746,6.45845,0.33541,6.18403,4.92125,4.27622,-0.121302,8.2585,10.4076,3.6772
2.68544,7.97991,9.08775,12.4803,-0.0335912,5.11651,7.43654,7.58513,5.58399,-1.15501,0.158455,4.18543


========================================================
Test10 (ADC Calibration) results 2008-01-21 12:27:21
Board ID114 36 channels
Linux calibration software

Voltmeter channel: A=1.07908, B=4.66294

A:
1.07443,1.08476,1.09145,1.07527,1.07804,1.07648,1.08289,1.08285,1.08253,1.07007,1.07743,1.07656
1.06127,1.08204,1.08209,1.0784,1.087,1.07875,1.08154,1.07183,1.08235,1.0783,1.0719,1.08638
1.07751,1.08263,1.07911,1.07891,1.08502,1.07854,1.08158,1.08502,1.08077,1.0724,1.07842,1.07241


B:
-0.0474868,4.42306,-0.126782,5.73791,1.73763,-0.252246,0.474837,3.89397,4.35935,5.15008,-1.95454,3.80722
28.2274,9.72257,3.50574,6.58692,1.42241,6.44259,4.92125,4.70921,0.00748968,8.715,9.25733,0.265759
3.03511,8.94728,8.65151,11.7874,-1.23058,4.73697,6.86835,7.51436,4.93833,1.6397,-0.20054,2.53862


========================================================
Test10 (ADC Calibration) results 2008-05-16 10:42:10
Board ID114 36 channels
Linux calibration software

Voltmeter channel: A=1.07826, B=7.00025

A:
1.07389,1.08547,1.09205,1.07486,1.07733,1.07719,1.08198,1.08178,1.08253,1.07071,1.07818,1.077
1.06144,1.08269,1.08198,1.0782,1.087,1.0784,1.08164,1.07099,1.08164,1.07854,1.07139,1.08451
1.07781,1.08308,1.07917,1.0783,1.08508,1.07899,1.08168,1.08557,1.08036,1.07338,1.07856,1.07204


B:
1.79456,3.48589,-0.996431,7.00142,2.91609,-2.47395,2.7166,12.6194,4.60694,3.74754,-4.03235,3.51583
27.2203,7.98081,4.79859,7.99949,1.50941,7.11651,5.35521,5.84602,2.1554,8.08643,10.9746,3.41356
2.60111,8.65751,9.61122,12.6367,-0.964401,4.44905,6.62149,5.29864,4.61592,-0.340155,0.777928,3.48107


========================================================
Test10 (ADC Calibration) results 2008-06-10 11:35:01
Board ID114 36 channels
Linux calibration software

Voltmeter channel: A=1.08014, B=2.6695

A:
1.07484,1.08532,1.09105,1.07486,1.07814,1.07638,1.08259,1.07682,1.08253,1.07048,1.07878,1.07755
1.06218,1.083,1.08209,1.07901,1.0872,1.0785,1.08154,1.05695,1.08239,1.0784,1.0717,1.08203
1.07706,1.08328,1.07958,1.07955,1.08593,1.07949,1.08209,1.08457,1.08012,1.0728,1.07743,1.07095


B:
0.784886,3.27061,1.77014,7.00142,2.2871,1.22865,1.74425,12.7129,4.60694,3.84876,-4.60815,1.9401
24.4216,7.59495,4.66991,5.77518,1.25245,7.78748,5.28427,16.8672,0.31931,9.74372,10.5872,3.49983
4.83566,8.39835,8.619,11.8451,-2.04664,3.80465,6.10545,8.05463,6.40551,1.47035,3.28433,6.33719


========================================================
Test10 (ADC Calibration) results 2008-06-16 13:15:45
Board ID114 36 channels
Linux calibration software

Voltmeter channel: A=1.07, B=0

A:
1.07803,1.0885,1.09511,1.07803,1.08108,1.08,1.08623,1.07964,1.08587,1.0742,1.08162,1.08063
1.0661,1.08532,1.08523,1.08198,1.0907,1.08261,1.08451,1.06296,1.08578,1.08153,1.07474,1.08469
1.08117,1.08641,1.08189,1.08225,1.08805,1.08198,1.08442,1.08832,1.08216,1.07643,1.08135,1.07527


B:
1.30999,4.45457,-0.269435,6.91611,4.32448,0.132784,1.32027,12.5574,5.34583,3.99948,-2.44599,3.87367
22.388,9.96821,5.92697,6.74168,1.14102,7.46151,6.37359,12.9354,1.95435,9.75022,9.95357,5.99111
3.59277,9.62769,10.7193,12.9872,0.301376,5.22701,8.62541,7.4509,7.65841,1.29175,2.12926,5.59119


========================================================
Test10 (ADC Calibration) results 2008-06-17 07:08:50
Board ID114 36 channels
Linux calibration software

Voltmeter channel: A=1.07, B=0

A:
1.0902,1.10106,1.10746,1.09002,1.09346,1.09265,1.09858,1.09192,1.0983,1.08642,1.09437,1.09283
1.0784,1.09803,1.09785,1.09428,1.10273,1.09519,1.0972,1.07233,1.09821,1.09392,1.08696,1.09684
1.09337,1.09904,1.09437,1.09456,1.10023,1.09428,1.09693,1.10106,1.09392,1.08921,1.09383,1.0875


B:
0.692201,3.18769,-1.1126,6.30981,2.91964,-1.57224,0.405241,11.7661,3.95298,2.89085,-4.0468,3.50532
21.5391,8.5973,4.37298,5.66701,1.22672,5.70681,4.52171,12.9463,0.962227,8.84525,9.13021,5.07651
3.00317,7.89639,9.5232,11.9835,-0.0149517,5.01033,6.96696,5.60997,7.53273,-0.348557,0.833971,4.93642


