========================================================

Test10 results 02-20-2006  14:40:08
Board ID415  30 channels
HV Tests Software Ver.1.6

+5V 2509 - O'k
-5V 1341 - O'k
Interlock - On

Voltmeter channel: A=1.075847, B=13.985871

A:
Limits 1.1 +/- 0.1
1.086957,1.078167,1.081666,1.075269,1.082251,1.077586,1.072961,1.068947,1.072386,1.067806
1.079914,1.071237,1.077586,1.082837,1.067806,1.077586,1.073537,1.077006,1.081081,1.080497
1.068376,1.074691,1.081081,1.074114,1.076426,1.078167,1.080497,1.086366,1.074691,1.066098


B:
Limits 0.0 +/- 35.0
10.869641,10.781801,8.653366,12.903049,7.575796,10.775984,5.364967,5.344774,17.158298,6.406877
5.399534,19.282097,6.465639,16.242729,9.610294,16.163914,20.397045,7.538823,9.729908,14.04647
9.6154,6.448031,11.89207,6.444721,20.452089,9.703633,6.48299,16.295668,9.672105,14.925324
========================================================
Test10 (ADC Calibration) results 2008-01-28 06:35:25
Board ID415 30 channels
Linux calibration software

Voltmeter channel: A=1.05606, B=-1416.65

A:
1.08558,1.07885,1.07913,1.07557,1.08165,1.07849,1.07319,1.06895,1.07305,1.06835
1.07937,1.07208,1.07758,1.08292,1.0665,1.07748,1.07443,1.07573,1.0821,1.08075
1.06835,1.07463,1.08155,1.07413,1.07795,1.07647,1.07982,1.08623,1.07379,1.06694


B:
10.2234,6.1,7.47238,7.2745,6.23887,5.89135,1.24948,1.39725,11.3526,0.842419
3.64478,12.8142,1.77274,12.8598,8.21373,14.024,14.7538,7.11992,3.50415,11.526
7.31615,3.09467,8.2053,3.31131,12.6974,9.11377,4.47048,13.4492,8.17937,9.65783


========================================================
Test10 (ADC Calibration) results 2008-06-19 12:08:44
Board ID415 30 channels
Linux calibration software

Voltmeter channel: A=1.07, B=0

A:
1.10254,1.09638,1.07391,1.09237,1.09867,1.07514,1.0902,1.08516,1.09011,1.08597
1.09583,1.08876,1.09465,1.10051,1.08391,1.05639,1.09065,1.09356,1.09904,1.09374
1.08463,1.09065,1.09757,1.0941,1.09447,1.09401,1.0973,1.10319,1.09147,1.08409


B:
9.67292,6.05634,25.3674,7.98221,5.27575,22.5191,0.166159,2.88403,10.061,-0.25436
4.3675,13.4816,1.29737,10.4159,7.08247,46.7228,15.4519,4.05442,2.74193,14.824
7.93838,3.45476,9.13712,2.239,14.161,8.66807,2.36528,13.0561,5.75864,9.73524


========================================================
Test10 (ADC Calibration) results 2008-07-17 09:50:45
Board ID415 30 channels
Linux calibration software

Voltmeter channel: A=1.07, B=0

A:
1.10336,1.09733,1.06661,1.09325,1.09952,1.07004,1.09061,1.08593,1.09108,1.08668
1.09647,1.08967,1.09533,1.10115,1.08425,1.05752,1.0799,1.09401,1.09971,1.08584
1.08602,1.09118,1.09828,1.09524,1.09524,1.09524,1.09847,1.10365,1.09193,1.08481


B:
8.93033,6.2865,31.2115,7.83371,4.71741,27.6343,0.875982,2.17091,9.60512,-0.260972
3.99972,13.5143,1.10321,10.7164,7.63059,43.3733,24.6152,4.07648,2.56306,21.5855
6.42836,3.62664,9.36781,1.40949,13.8954,6.44769,1.94401,12.8616,5.55159,9.71794


========================================================
Test10 (ADC Calibration) results 2008-07-19 11:33:18
Board ID415 30 channels
Linux calibration software

Voltmeter channel: A=1.07, B=0

A:
1.10326,1.09685,1.0624,1.09306,1.09904,1.07113,1.09005,1.08556,1.09099,1.0864
1.09628,1.08902,1.09524,1.10105,1.08416,1.05355,1.07367,1.09391,1.09809,1.08342
1.07981,1.09118,1.09847,1.09467,1.09457,1.09467,1.098,1.10374,1.09146,1.08472


B:
8.35563,5.40563,32.1041,7.13234,4.9349,22.3504,1.18031,2.51718,9.03736,-0.43522
4.61307,14.1159,0.752506,9.92265,7.50005,32.882,25.3695,3.94426,3.83161,22.0552
12.3897,3.40846,8.53484,2.37178,14.7181,7.40698,1.72289,12.333,6.42187,9.80373


========================================================
Test10 (ADC Calibration) results 2008-07-19 17:28:33
Board ID415 30 channels
Linux calibration software

Voltmeter channel: A=1.07, B=0

A:
1.10336,1.09685,1.06017,1.09297,1.09933,1.06922,1.09014,1.08565,1.09033,1.08677
1.09628,1.08911,1.09524,1.10077,1.08435,1.05084,1.0724,1.09391,1.09809,1.08221
1.07715,1.09127,1.09809,1.09495,1.09467,1.09457,1.0979,1.10365,1.09202,1.08453


B:
8.2682,5.84464,35.4278,8.09347,4.45249,23.8915,1.09285,2.43066,10.2957,-0.782452
3.95508,13.8117,0.533245,10.844,7.54479,36.8723,26.3246,3.72565,4.05117,24.2373
14.6404,3.32134,8.6631,1.89085,14.4131,7.71252,2.03029,12.4203,5.46464,9.97554


