========================================================

Test11 results 02-20-2006  14:41:24
Board ID415  30 channels
HV Tests Software Ver.1.6

+5V 2510 - O'k
-5V 1341 - O'k
Interlock - On
Calibration DAC Range: [2500 - 2900]


A:
Limits 0.76 +/- 0.04
0.743494,0.746269,0.744879,0.749064,0.747664,0.750469,0.75188,0.754717,0.75188,0.756144
0.749064,0.757576,0.750469,0.744879,0.754717,0.750469,0.753296,0.749064,0.744879,0.749064
0.756144,0.753296,0.750469,0.754717,0.749064,0.75188,0.747664,0.743494,0.75188,0.757576


B:
Limits 60.0 +/- 40.0
50.341511,70.213669,59.872047,60.085659,49.254684,51.693192,61.896099,58.617661,53.022049,56.479382
50.081562,36.785362,56.628036,54.376926,63.874146,46.115059,40.551102,63.480949,62.135963,46.269859
55.382641,49.538971,38.406078,62.00449,54.60685,44.88372,62.029037,49.534306,50.941895,52.22596
========================================================
Test11 (DAC Calibration) results 2008-01-28 06:35:25
Board ID415 30 channels
Linux calibration software
Calibration DAC Range: [1100 - 2700]

A:
0.742873,0.746756,0.747314,0.749415,0.745573,0.747384,0.751456,0.754432,0.751174,0.754859
0.747524,0.752233,0.748013,0.744325,0.754646,0.748083,0.750962,0.748923,0.745643,0.746199
0.754859,0.750821,0.745643,0.754219,0.747384,0.748783,0.745712,0.742804,0.751033,0.754717


B:
56.1147,70.6712,59.7385,62.8104,60.671,65.4709,65.9966,62.6557,58.122,63.8801
58.8488,58.9092,67.742,58.69,67.6445,57.7709,52.1075,68.2829,60.5741,59.9477
62.2192,60.8634,57.5915,67.0217,64.1256,61.4376,72.4088,55.6174,57.5666,66.0377


========================================================
Test11 (ADC Calibration) results 2008-06-19 12:56:33
Board ID415 30 channels
Linux calibration software

Calibration DAC Range: [1000 - 3500]

A:
0.7312,0.7348,0.7512,0.738,0.7336,0.75,0.7396,0.7432,0.7396,0.7428
0.736,0.7404,0.7364,0.732,0.7428,0.7628,0.7392,0.7364,0.734,0.7368
0.7432,0.74,0.7348,0.7404,0.7364,0.7368,0.734,0.7308,0.7388,0.7428


B:
56.8001,71.2001,45.7999,62.0001,62.3999,52,67.4,61.8,59.4,65.2
59,59.5999,68.6,61,69.2,33.2001,52.8,71.6,61.9999,59.1999
62.8,60,57.2001,68.5999,62.6,62.1999,73.9999,57.2001,60.2,66.2


========================================================
Test11 (ADC Calibration) results 2008-07-17 10:58:43
Board ID415 30 channels
Linux calibration software

Calibration DAC Range: [1000 - 3500]

A:
0.7308,0.734,0.756,0.7376,0.7332,0.7536,0.7392,0.7428,0.7392,0.7424
0.736,0.7396,0.736,0.732,0.7428,0.7628,0.7468,0.7364,0.7332,0.7424
0.7424,0.7396,0.734,0.74,0.7356,0.7364,0.7328,0.7308,0.7392,0.7428


B:
58.2001,70.9999,42.0001,62.3999,62.8,48.4,67.8,62.2,58.8,64.6
59,60.4,69,60,68.2,34.2001,46.2,70.6,62.8,53.6
63.6,60.4,57.9999,68,63.4,62.6,75.2,57.2001,58.8,65.2


========================================================
Test11 (ADC Calibration) results 2008-07-20 18:37:46
Board ID415 30 channels
Linux calibration software

Calibration DAC Range: [1000 - 3500]

A:
0.7304,0.7344,0.7592,0.7376,0.7336,0.7548,0.7392,0.7424,0.7392,0.7424
0.7356,0.7404,0.736,0.7324,0.7432,0.7664,0.7524,0.7368,0.7344,0.7452
0.7448,0.7396,0.734,0.7396,0.7356,0.7368,0.7336,0.7312,0.7388,0.7424


B:
58.5999,71.6001,40.8001,63.3999,61.3999,49.1999,67.8,63.6,59.8,64.6
59.4,58.5999,69,59.6,67.8,42.6001,43.6001,70.2,62.6001,51.8001
62.2001,60.4,57.9999,68.4,64.4,62.1999,74.3999,56.8001,60.2,66.6


========================================================
Test11 (ADC Calibration) results 2008-07-24 23:03:59
Board ID415 30 channels
Linux calibration software

Calibration DAC Range: [1000 - 3500]

A:
0.7312,0.7344,0.7588,0.7368,0.7336,0.7536,0.7396,0.7428,0.7392,0.7424
0.7356,0.7404,0.736,0.7324,0.7432,0.7672,0.7516,0.7368,0.7344,0.7436
0.7428,0.7392,0.734,0.7396,0.7356,0.7368,0.734,0.7304,0.7388,0.7424


B:
56.8001,71.6001,44.1999,65.2,61.3999,54.4,67.4,63.2,59.8,64.6
60.4,58.5999,69,59.6,67.8,43.8,47.3999,70.2,61.6001,54.4
63.2,61.8,57.9999,69.4,64.4,62.1999,72.9999,58.5999,60.2,66.6


========================================================
Test11 (ADC Calibration) results 2008-08-13 01:14:42
Board ID415 30 channels
Linux calibration software

Calibration DAC Range: [1000 - 3500]

A:
0.7304,0.734,0.7596,0.7372,0.7332,0.7548,0.7392,0.7428,0.7388,0.742
0.736,0.7396,0.736,0.732,0.7424,0.7696,0.7528,0.7356,0.7352,0.742
0.7536,0.7396,0.734,0.7388,0.7352,0.736,0.7332,0.7304,0.7388,0.7416


B:
58.5999,70.9999,42.4001,63.7999,62.8,53.1999,67.8,62.2,60.2,65.0001
59,60.4,69,60,69.6,40.4001,46.2,72.4,60.8,55.0001
52.4,61.4,57.9999,68.2,64.8,63,74.7999,58.5999,59.2,67.4001


========================================================
Test11 (DAC Calibration) results 2008-08-27 10:32:21
Board ID415 30 channels
Linux calibration (server mode)

Calibration DAC Range: [3100 - 3500]

A:
0.745714,0.752,0.769714,0.753714,0.749143,0.766286,0.756857,0.758571,0.754571,0.758571
0.750857,0.754857,0.753714,0.747429,0.760857,0.784571,0.762286,0.754857,0.751143,0.755429
0.762571,0.754857,0.749143,0.756,0.752286,0.752286,0.752857,0.745429,0.753714,0.758857


B:
0.0,0.0,0.0,0.0,0.0,0.0,0.0,0.0,0.0,0.0
0.0,0.0,0.0,0.0,0.0,0.0,0.0,0.0,0.0,0.0
0.0,0.0,0.0,0.0,0.0,0.0,0.0,0.0,0.0,0.0


========================================================
Test11 (ADC Calibration) results 2008-08-27 13:08:29
Board ID415 30 channels
Linux calibration software

Calibration DAC Range: [1000 - 3500]

A:
0.7296,0.7324,0.7608,0.736,0.7316,0.7552,0.7384,0.7412,0.7372,0.74
0.734,0.7384,0.734,0.7308,0.7416,0.802,0.7508,0.7344,0.7356,0.742
0.7668,0.7376,0.732,0.7368,0.734,0.7348,0.732,0.7292,0.7368,0.7404


B:
56.4,69.6,40.2,62,62.4,49.7999,65.6001,61.8001,59.7999,65
58.9999,58.6001,68.9999,59.2001,66.4001,13,43.2,70.6001,58.4,53.0001
38.2,61.3999,58,67.2,62.9999,62.2001,74,56.8,60.1999,65.5999


========================================================
Test11 (DAC Calibration) results 2008-08-28 18:58:19
Board ID415 30 channels
Linux calibration (server mode)

Calibration DAC Range: [3100 - 3500]

A:
0.7325,0.7375,0.7625,0.7425,0.74,0.7625,0.75,0.7475,0.7475,0.7475
0.74,0.745,0.745,0.7375,0.745,0.8,0.7575,0.7425,0.745,0.745
0.7675,0.7425,0.7425,0.7425,0.74,0.7425,0.74,0.735,0.745,0.75


B:
77.2,81.7,77.3,69.2,63.0,65.3,55.0,68.7,54.7,68.7
68.0,65.5,60.5,64.7,83.5,62.0,50.8,73.2,59.5,86.5
71.8,73.2,53.2,77.2,73.0,64.2,75.0,65.5,61.5,63.0


========================================================
Test11 (DAC Calibration) results 2008-08-30 18:22:56
Board ID415 30 channels
Linux calibration (server mode)

Calibration DAC Range: [3100 - 3500]

A:
0.74,0.7425,0.765,0.745,0.7425,0.7625,0.7475,0.75,0.7475,0.75
0.745,0.7475,0.745,0.7375,0.75,0.7975,0.76,0.745,0.7475,0.7525
0.7675,0.75,0.745,0.7475,0.74,0.745,0.745,0.7425,0.7475,0.7475


B:
60.0,73.2,66.5,70.5,63.2,63.3,71.7,71.0,62.7,70.0
61.5,65.7,70.5,74.7,75.0,63.7,60.0,72.5,58.7,60.3
76.8,57.0,53.5,68.7,81.0,64.5,68.5,50.2,62.7,79.7


========================================================
Test11 (DAC Calibration) results 2008-08-30 21:24:17
Board ID415 30 channels
Linux calibration (server mode)

Calibration DAC Range: [3100 - 3500]

A:
0.7175,0.72,0.75,0.7225,0.7225,0.7425,0.7275,0.7325,0.725,0.7275
0.7275,0.7275,0.7225,0.715,0.7325,0.78,0.7425,0.725,0.7225,0.7325
0.7525,0.73,0.7225,0.7275,0.7175,0.7275,0.725,0.715,0.725,0.725


B:
65.8,79.0,61.0,75.2,60.2,66.2,69.7,59.2,69.5,73.7
48.7,63.7,75.2,80.5,65.2,75.0,50.2,70.5,76.2,69.2
69.3,55.0,60.2,66.7,86.8,54.7,64.5,73.5,67.5,85.5


========================================================
Test11 (DAC Calibration) results 2008-08-30 21:52:01
Board ID415 30 channels
Linux calibration (server mode)

Calibration DAC Range: [3100 - 3500]

A:
0.74,0.74,0.77,0.7475,0.7425,0.7675,0.75,0.75,0.75,0.75
0.75,0.7475,0.745,0.74,0.7525,0.805,0.76,0.745,0.7475,0.7525
0.7725,0.7475,0.745,0.7475,0.74,0.7425,0.7425,0.7375,0.7475,0.75


B:
61.0,82.0,64.0,61.7,64.2,52.8,64.0,71.0,55.0,69.0
44.0,65.7,70.5,66.0,68.3,48.5,62.0,73.5,62.7,73.3
74.3,65.7,54.5,69.7,81.0,75.2,77.2,66.7,62.7,72.0


========================================================
Test11 (DAC Calibration) results 2008-08-31 12:06:19
Board ID415 30 channels
Linux calibration (server mode)

Calibration DAC Range: [3100 - 3500]

A:
0.74,0.745,0.77,0.7425,0.7425,0.7675,0.75,0.75,0.745,0.755
0.745,0.7475,0.745,0.74,0.7525,0.8025,0.7625,0.745,0.7475,0.7525
0.7725,0.7525,0.745,0.7475,0.74,0.7425,0.7425,0.7425,0.7525,0.765


B:
63.0,66.5,72.0,78.2,63.2,61.8,64.0,71.0,72.5,53.5
61.5,66.7,70.5,66.0,68.3,70.2,60.3,73.5,65.7,77.3
74.3,49.3,54.5,70.7,81.0,74.2,76.2,50.2,46.3,77.5


========================================================
Test11 (DAC Calibration) results 2008-08-31 16:15:24
Board ID415 30 channels
Linux calibration (server mode)

Calibration DAC Range: [3100 - 3500]

A:
0.7375,0.74,0.77,0.7475,0.7425,0.7675,0.75,0.75,0.745,0.75
0.745,0.7475,0.745,0.74,0.7525,0.8,0.7625,0.745,0.75,0.755
0.7725,0.7475,0.745,0.7475,0.74,0.7475,0.7425,0.7375,0.7475,0.75


B:
69.7,82.0,63.0,61.7,64.2,56.8,64.0,71.0,72.5,69.0
61.5,65.7,70.5,66.0,68.3,59.0,57.3,73.5,53.0,64.5
69.3,66.7,54.5,69.7,81.0,57.7,77.2,66.7,63.7,73.0


========================================================
Test11 (DAC Calibration) results 2008-08-31 18:30:21
Board ID415 30 channels
Linux calibration (server mode)

Calibration DAC Range: [3100 - 3500]

A:
0.7425,0.74,0.77,0.7425,0.7425,0.7625,0.75,0.75,0.745,0.75
0.745,0.7475,0.745,0.74,0.7525,0.8,0.7575,0.745,0.75,0.75
0.77,0.7475,0.745,0.7425,0.74,0.7425,0.7425,0.7375,0.7475,0.75


B:
53.2,82.0,65.0,78.2,63.2,74.3,64.0,71.0,72.5,69.0
61.5,66.7,70.5,66.0,68.3,70.0,74.8,73.5,53.0,80.0
82.0,65.7,54.5,86.2,81.0,74.2,76.2,67.7,62.7,73.0


========================================================
Test11 (DAC Calibration) results 2008-09-01 15:18:45
Board ID415 30 channels
Linux calibration (server mode)

Calibration DAC Range: [3100 - 3500]

A:
0.7425,0.74,0.765,0.7475,0.7475,0.76,0.75,0.75,0.745,0.75
0.745,0.7475,0.745,0.74,0.7525,0.795,0.7625,0.745,0.7475,0.7525
0.7725,0.7425,0.745,0.7475,0.74,0.7425,0.7375,0.7375,0.7425,0.75


B:
52.2,82.0,64.5,61.7,46.7,68.0,64.0,71.0,72.5,69.0
61.5,65.7,70.5,66.0,68.3,63.5,49.3,73.5,57.7,62.3
65.3,82.2,54.5,69.7,81.0,73.2,92.7,66.7,79.2,73.0


