========================================================

Test10 results 10-25-2005  14:06:14
Board ID115  36 channels
HV Tests Software Ver.1.6

+5V 2479 - O'k
-5V 1316 - O'k
Interlock - On

Voltmeter channel: A=1.073537, B=5.367522

A:
Limits 1.1 +/- 0.1
1.074114,1.076426,1.081081,1.092299,1.078167,1.070091,1.075269,1.078167,1.078749,1.077586,1.080497,1.077006
1.076426,1.072961,1.071811,1.082837,1.074691,1.080497,1.081666,1.075269,1.072386,1.074691,1.075269,1.071811
1.073537,1.075269,1.073537,1.085776,1.081666,1.074114,1.088732,1.070664,1.082837,1.081081,1.075269,1.082837


B:
Limits 0.0 +/- 35.0
10.741177,18.299236,14.054233,7.645905,8.625466,16.051172,13.978319,2.156464,12.944794,5.388053,7.563487,9.692835
3.229268,13.948658,11.790084,7.580034,13.970869,12.965973,15.143361,9.677243,13.94114,9.672105,9.677243,15.005518
10.735209,9.677243,13.95582,6.514662,15.143361,7.518835,9.798515,6.423989,8.662871,14.054233,12.903049,15.159893
========================================================
Test10 (ADC Calibration) results 2008-06-16 13:15:45
Board ID115 36 channels
Linux calibration software

Voltmeter channel: A=1.07, B=0

A:
1.07785,1.08009,1.08351,1.09538,1.08162,1.07394,1.07812,1.08072,1.08225,1.08009,1.08252,1.08126
1.07929,1.07545,1.07562,1.08596,1.07893,1.08388,1.08623,1.07902,1.07482,1.07785,1.07857,1.07482
1.07687,1.07875,1.07741,1.08905,1.08578,1.0775,1.0929,1.0742,1.0865,1.0846,1.07893,1.08696


B:
6.64976,14.3075,14.219,4.51636,5.12536,11.5492,12.2243,1.19702,8.87455,4.80264,7.97702,8.48362
1.66055,12.5248,8.48911,5.4798,8.03377,9.55458,11.9654,6.44095,9.6569,6.86528,7.28449,13.3112
6.69309,5.60932,9.64702,2.21177,10.4235,5.03949,8.08717,3.78429,4.98109,11.2799,9.32883,10.2174


========================================================
Test10 (ADC Calibration) results 2008-06-17 07:08:50
Board ID115 36 channels
Linux calibration software

Voltmeter channel: A=1.07, B=0

A:
1.09011,1.09283,1.09574,1.10811,1.09401,1.08651,1.09065,1.0931,1.0951,1.09237,1.09492,1.09365
1.09129,1.08813,1.08804,1.09858,1.09111,1.09629,1.09858,1.09147,1.08705,1.0902,1.09111,1.08696
1.08921,1.09147,1.08993,1.10199,1.09821,1.08948,1.10569,1.08678,1.09876,1.0973,1.09101,1.09931


B:
5.79062,13.1223,13.7516,2.94514,4.60478,10.4131,10.5255,0.193743,7.32351,3.70509,6.83361,7.56372
1.43327,10.8828,7.26634,3.92064,7.92888,8.42927,10.9517,4.97675,8.39538,5.92522,6.18327,12.8262
5.75084,3.88528,8.35464,-0.0802686,9.30875,4.41186,6.25226,2.34057,4.19209,9.48517,8.88518,9.40399


========================================================
Test10 (ADC Calibration) results 2008-07-28 12:22:42
Board ID115 36 channels
Linux calibration software

Voltmeter channel: A=1.07, B=0

A:
1.09011,1.09246,1.09602,1.10849,1.0941,1.08687,1.09065,1.09346,1.09519,1.09274,1.09492,1.09392
1.09183,1.08813,1.08813,1.0984,1.0912,1.09647,1.09886,1.09174,1.08741,1.09065,1.0912,1.0875
1.08867,1.09174,1.08993,1.10171,1.0983,1.08993,1.10597,1.08651,1.09904,1.09739,1.09129,1.09968


B:
6.00859,13.8905,13.5024,3.04904,4.5213,10.0828,10.9619,-0.579388,7.23998,3.15171,6.83361,7.09487
0.712247,11.1004,6.96544,4.96739,7.40911,8.48189,11.1405,4.94473,8.49908,5.07222,6.09973,11.8962
7.33857,3.85299,8.7905,0.614176,9.88399,4.21285,6.44149,3.24235,3.94001,10.0602,9.07227,9.06922


========================================================
Test10 (ADC Calibration) results 2008-08-27 10:29:24
Board ID115 36 channels
Linux calibration (server mode)

Voltmeter channel: A=1.09332, B=0

A:
1.09662,1.1007,1.10404,1.11335,1.09921,1.09413,1.09785,1.09698,1.10111,1.09844,1.1019,1.10041
1.09584,1.09562,1.09422,1.10382,1.09805,1.10348,1.10611,1.0972,1.0928,1.09596,1.09686,1.09542
1.09591,1.09668,1.09662,1.10687,1.10508,1.095,1.11226,1.09144,1.10485,1.10029,1.09805,1.10644


B:
0,0,0,0,0,0,0,0,0,0,0,0
0,0,0,0,0,0,0,0,0,0,0,0
0,0,0,0,0,0,0,0,0,0,0,0


========================================================
Test10 (ADC Calibration) results 2008-08-27 11:18:31
Board ID115 36 channels
Linux calibration software

Voltmeter channel: A=1.07, B=0

A:
1.09476,1.09647,1.09952,1.11189,1.098,1.0908,1.0942,1.09685,1.09857,1.09704,1.09962,1.09799
1.09533,1.09193,1.09202,1.10211,1.09552,1.10057,1.1024,1.09533,1.08892,1.0941,1.09467,1.09127
1.09334,1.09514,1.09382,1.10625,1.10172,1.09372,1.10965,1.09052,1.10336,1.08444,1.09514,1.10326


B:
5.78778,13.868,13.9533,4.07008,4.13842,10.7371,11.7801,0.141066,8.00812,3.91466,7.04928,7.87188
1.54111,11.8848,7.43033,5.21602,7.93948,9.2576,11.5673,5.48454,10.2813,5.95828,6.75046,12.7064
7.09097,4.56325,8.84429,1.21227,10.6341,4.55597,7.43326,2.70752,4.07539,25.6773,9.1628,9.90047


========================================================
Test10 (ADC Calibration) results 2008-08-28 18:57:15
Board ID115 36 channels
Linux calibration (server mode)

Voltmeter channel: A=1.0804, B=0

A:
1.08364,1.08777,1.09101,1.1003,1.0863,1.08121,1.08502,1.08416,1.08821,1.08529,1.08863,1.08721
1.08295,1.08267,1.08138,1.09078,1.08492,1.09039,1.09286,1.08401,1.0781,1.08321,1.08398,1.08235
1.08274,1.08384,1.08374,1.09358,1.09218,1.08222,1.09888,1.0786,1.09162,1.07769,1.0851,1.09341


B:
0,0,0,0,0,0,0,0,0,0,0,0
0,0,0,0,0,0,0,0,0,0,0,0
0,0,0,0,0,0,0,0,0,0,0,0


========================================================
Test10 (ADC Calibration) results 2008-08-30 18:22:00
Board ID115 36 channels
Linux calibration (server mode)

Voltmeter channel: A=1.07657, B=0

A:
1.07985,1.08384,1.08705,1.09633,1.08231,1.07747,1.08104,1.08019,1.08438,1.08166,1.08504,1.08366
1.07907,1.07878,1.0774,1.08692,1.08126,1.08665,1.0893,1.0802,1.0731,1.0792,1.08005,1.07866
1.0792,1.07997,1.07983,1.08989,1.08809,1.07821,1.0954,1.07471,1.08799,1.07436,1.08127,1.08965


B:
0,0,0,0,0,0,0,0,0,0,0,0
0,0,0,0,0,0,0,0,0,0,0,0
0,0,0,0,0,0,0,0,0,0,0,0


========================================================
Test10 (ADC Calibration) results 2008-08-30 21:23:31
Board ID115 36 channels
Linux calibration (server mode)

Voltmeter channel: A=1.10744, B=0

A:
1.11065,1.11493,1.11809,1.12767,1.11328,1.10831,1.11202,1.11111,1.11536,1.11259,1.11607,1.11455
1.11001,1.10977,1.10831,1.11804,1.11223,1.11778,1.12034,1.1112,1.10339,1.1101,1.11097,1.10953
1.10999,1.11082,1.1107,1.12115,1.11929,1.10915,1.12666,1.10544,1.11905,1.10553,1.11227,1.12078


B:
0,0,0,0,0,0,0,0,0,0,0,0
0,0,0,0,0,0,0,0,0,0,0,0
0,0,0,0,0,0,0,0,0,0,0,0


========================================================
Test10 (ADC Calibration) results 2008-08-30 21:50:45
Board ID115 36 channels
Linux calibration (server mode)

Voltmeter channel: A=1.07655, B=0

A:
1.0798,1.08386,1.08699,1.09627,1.08233,1.07738,1.08096,1.0802,1.08427,1.08156,1.08504,1.08347
1.07903,1.0788,1.07748,1.0868,1.08119,1.08653,1.08906,1.08015,1.07179,1.0792,1.08002,1.0786
1.0791,1.0799,1.0797,1.08989,1.08809,1.07815,1.09527,1.07463,1.08785,1.0734,1.08124,1.08953


B:
0,0,0,0,0,0,0,0,0,0,0,0
0,0,0,0,0,0,0,0,0,0,0,0
0,0,0,0,0,0,0,0,0,0,0,0


========================================================
Test10 (ADC Calibration) results 2008-08-31 12:04:51
Board ID115 36 channels
Linux calibration (server mode)

Voltmeter channel: A=1.07647, B=0

A:
1.07973,1.08388,1.08697,1.09635,1.08231,1.07735,1.08106,1.0802,1.0843,1.08151,1.08492,1.08337
1.07905,1.0788,1.0774,1.0868,1.08122,1.08653,1.08896,1.07997,1.0695,1.07913,1.07993,1.07851
1.07903,1.0799,1.07973,1.08982,1.08807,1.07828,1.09496,1.07461,1.08792,1.07747,1.08122,1.08953


B:
0,0,0,0,0,0,0,0,0,0,0,0
0,0,0,0,0,0,0,0,0,0,0,0
0,0,0,0,0,0,0,0,0,0,0,0


========================================================
Test10 (ADC Calibration) results 2008-08-31 16:13:50
Board ID115 36 channels
Linux calibration (server mode)

Voltmeter channel: A=1.0765, B=0

A:
1.0797,1.08388,1.08704,1.0963,1.08238,1.07743,1.08107,1.08015,1.0843,1.08163,1.08508,1.08346
1.07897,1.07878,1.07747,1.08689,1.08114,1.08656,1.08911,1.08012,1.07281,1.07923,1.08005,1.07866
1.07917,1.07997,1.07978,1.08993,1.08812,1.07825,1.09523,1.07461,1.0879,1.07529,1.08126,1.0897


B:
0,0,0,0,0,0,0,0,0,0,0,0
0,0,0,0,0,0,0,0,0,0,0,0
0,0,0,0,0,0,0,0,0,0,0,0


========================================================
Test10 (ADC Calibration) results 2008-08-31 18:29:23
Board ID115 36 channels
Linux calibration (server mode)

Voltmeter channel: A=1.07655, B=0

A:
1.07978,1.08388,1.087,1.0963,1.08225,1.07748,1.08101,1.08017,1.08435,1.08161,1.08506,1.08346
1.07915,1.07887,1.07747,1.08687,1.08117,1.08661,1.08906,1.08027,1.07118,1.07915,1.08,1.07858
1.07913,1.07998,1.07977,1.08991,1.08814,1.07825,1.0953,1.07466,1.08785,1.07231,1.08131,1.08962


B:
0,0,0,0,0,0,0,0,0,0,0,0
0,0,0,0,0,0,0,0,0,0,0,0
0,0,0,0,0,0,0,0,0,0,0,0


========================================================
Test10 (ADC Calibration) results 2008-09-01 15:17:54
Board ID115 36 channels
Linux calibration (server mode)

Voltmeter channel: A=1.07657, B=0

A:
1.07987,1.08395,1.08714,1.0964,1.0823,1.07753,1.08121,1.08022,1.0845,1.08169,1.08518,1.08359
1.07915,1.0789,1.0775,1.08695,1.08139,1.08673,1.08945,1.08049,1.07439,1.07925,1.08008,1.07868
1.07913,1.08005,1.07985,1.08998,1.08821,1.0783,1.09556,1.07479,1.08804,1.07582,1.08139,1.08977


B:
0,0,0,0,0,0,0,0,0,0,0,0
0,0,0,0,0,0,0,0,0,0,0,0
0,0,0,0,0,0,0,0,0,0,0,0


========================================================
Test10 (ADC Calibration) results 2009-02-25 10:14:19
Board ID115 36 channels
Host: ufcmshv3
Linux calibration software

Voltmeter channel: A=1.05118, B=3.0563

A:
1.06253,1.06496,1.06079,1.05366,1.06549,1.05042,1.06785,1.06724,1.05803,1.05537,1.05734,1.05127
1.05846,1.05768,1.05614,1.06566,1.06157,1.06453,1.05829,1.05195,1.06114,1.05297,1.05786,1.04317
1.05674,1.05614,1.06148,1.06829,1.05872,1.07438,1.05383,1.05794,1.05289,1.05374,1.075,1.06514


B:
5.26374,14.4834,13.8882,3.66349,5.26223,10.0843,11.5982,1.70758,8.41568,3.52356,7.36879,7.6014
2.29609,11.4882,8.49769,5.31172,6.79442,8.07374,10.078,6.53847,5.07732,5.99372,6.46127,12.3254
7.2996,4.90693,8.36149,1.79131,10.7336,6.19837,7.71756,3.2066,3.33651,10.7479,8.41807,9.63525


