========================================================

Test11 results 10-25-2005  14:08:54
Board ID115  36 channels
HV Tests Software Ver.1.6

+5V 2478 - O'k
-5V 1316 - O'k
Interlock - On
Calibration DAC Range: [2500 - 2900]


A:
Limits 0.76 +/- 0.04
0.747664,0.747664,0.747664,0.736648,0.746269,0.749064,0.750469,0.747664,0.744879,0.747664,0.744879,0.746269
0.747664,0.750469,0.75188,0.742115,0.749064,0.744879,0.743494,0.746269,0.749064,0.749064,0.749064,0.750469
0.749064,0.746269,0.750469,0.742115,0.744879,0.75188,0.740741,0.753296,0.742115,0.744879,0.754717,0.742115


B:
Limits 60.0 +/- 40.0
62.815762,53.483475,42.640713,64.386719,56.688278,70.560295,48.943607,61.535828,60.375057,56.704308,58.111687,58.794266
62.980774,57.558243,51.323341,66.542885,54.282608,54.965046,60.180653,70.598648,58.779369,57.585365,49.530918,56.498135
62.332668,73.979446,54.421333,55.628578,54.231987,46.733685,54.717434,54.574795,66.616081,50.203533,46.771957,58.57584
========================================================
Test11 (ADC Calibration) results 2008-06-17 04:20:31
Board ID115 36 channels
Linux calibration software

Calibration DAC Range: [1000 - 3500]

A:
0.7464,0.7452,0.7432,0.7348,0.7448,0.75,0.7468,0.7452,0.7432,0.7452,0.744,0.7444
0.746,0.7488,0.7488,0.7408,0.7468,0.7432,0.7408,0.7456,0.7492,0.7468,0.7472,0.7496
0.748,0.7464,0.7472,0.7392,0.7416,0.748,0.7364,0.75,0.7404,0.7424,0.75,0.7404


B:
64.6,57.8001,53.8,67.2001,57.2001,64,56.2,64.8001,60.8,61.8001,54.9999,57.5999
67,60.2001,59.2001,66.1999,58.2,55.8,62.1999,68.4001,57.8,60.2,51.8,57.4
63.9999,70.6,62.8,61.8,58.4001,56.9999,62.6,63,68.5999,53.6,59,59.5999


========================================================
Test11 (ADC Calibration) results 2008-06-17 07:43:31
Board ID115 36 channels
Linux calibration software

Calibration DAC Range: [1000 - 3500]

A:
0.738,0.736,0.7348,0.7264,0.7368,0.7408,0.7384,0.7368,0.7344,0.7368,0.736,0.7364
0.7376,0.74,0.74,0.732,0.738,0.734,0.7328,0.7372,0.7408,0.7388,0.7388,0.7404
0.7396,0.7376,0.7388,0.7308,0.7336,0.7396,0.728,0.7412,0.732,0.7344,0.7416,0.7328


B:
64.0001,59,53.2001,67.5999,56.1999,65.1999,56.6001,64.2,62.6001,62.1999,55,56.6
65.3999,61,60,68,59.0001,57.9999,61.2,68.7999,58.1999,59.2,51.2,58.5999
63.4,71.3999,62.2,62.2001,58.3999,57.4,63.0001,63.8001,69,53.6001,59.4001,58.2


