========================================================

Test15 results 04-10-2006  14:58:41
Board ID050  8 channels
HV Tests Software Ver.1.6


A:
Limits 1.45 +/- 2.0
1.443001,1.433692,1.422475,1.441961,1.43575,1.421464,1.428571,1.427552


B:
Limits 0.0 +/- 160.0
-14.429866,-12.90318,7.112395,4.325931,-12.921604,7.107384,1.428476,-11.420407
========================================================
Test15 (ADC Calibration) results 2009-04-07 10:00:43
Board ID050 8 channels
Host: ufcmshv3
Linux calibration software

A:
1.40769,1.41182,1.44396,1.40799,1.44766,1.40389,1.40207,1.45268


B:
0.822893,-13.6838,-5.57604,3.70415,-15.6793,5.2052,3.6885,-14.8396


========================================================
Test15 (ADC Calibration) results 2011-10-29 17:50:33
Board ID050 8 channels
Host: ufcmshv1
Linux calibration software

A:
1.40667,1.41019,1.44246,1.40789,1.4468,1.40348,1.40106,1.45149


B:
3.51283,-10.5397,-1.64229,5.46419,-11.8897,7.45897,7.21089,-11.6862


========================================================
Test15 (ADC Calibration) results 2011-10-29 19:21:43
Board ID050 8 channels
Host: ufcmshv1
Linux calibration software

A:
1.40728,1.41049,1.4431,1.40759,1.44631,1.40333,1.40091,1.45149


B:
3.08074,-10.4774,-2.37632,5.96125,-11.5516,7.2853,7.31777,-11.9764


========================================================
Test15 (ADC Calibration) results 2011-10-30 09:27:56
Board ID050 8 channels
Host: ufcmshv1
Linux calibration software

A:
1.40652,1.41034,1.44294,1.40759,1.44647,1.40333,1.40136,1.45165


B:
3.90202,-10.9319,-2.26493,5.96125,-12.2429,7.0047,6.436,-13.2509


========================================================
Test15 (ADC Calibration) results 2011-10-30 11:33:45
Board ID050 8 channels
Host: ufcmshv1
Linux calibration software

A:
1.40683,1.41034,1.4423,1.45149,1.44615,1.40303,1.40091,1.45132


B:
3.68627,-11.2139,-1.53097,5.44143,-12.0173,7.49968,6.75751,-11.8633


