========================================================

Test16 results 04-10-2006  15:01:41
Board ID050  8 channels
HV Tests Software Ver.1.6
Calibration DAC Range: [1000 - 2300]


A:
Limits 0.57 +/- 0.1
0.565463,0.566449,0.570927,0.564481,0.564481,0.571429,0.567438,0.568679


B:
Limits 50.0 +/- 60.0
38.96236,39.885437,35.770634,41.260834,42.886471,41.109413,45.63961,41.520702
========================================================
Test16 (ADC Calibration) results 2009-04-07 10:44:57
Board ID050 8 channels
Host: ufcmshv3
Linux calibration software

A:
0.5728,0.5724,0.5604,0.574,0.5584,0.576,0.5768,0.5564


B:
50.2001,53.6001,50.6,49,51.6001,53.0001,49.2,49.6


========================================================
Test16 (ADC Calibration) results 2011-10-29 17:58:20
Board ID050 8 channels
Host: ufcmshv1
Linux calibration software

A:
0.5728,0.5744,0.5608,0.574,0.5588,0.5756,0.5768,0.5568


B:
63.2001,45.6,50.1999,49,50.2001,54.3999,49.2,49.2


========================================================
Test16 (ADC Calibration) results 2011-10-29 19:29:31
Board ID050 8 channels
Host: ufcmshv1
Linux calibration software

A:
0.5736,0.5748,0.5608,0.5744,0.5592,0.576,0.5776,0.5568


B:
42.4,44.2,50.1999,47.6,49.8,53.0001,47.4,49.2


========================================================
Test16 (ADC Calibration) results 2011-10-30 09:36:31
Board ID050 8 channels
Host: ufcmshv1
Linux calibration software

A:
0.5736,0.5732,0.5608,0.574,0.5588,0.576,0.5772,0.5568


B:
42.4,48.8,50.1999,49,51.2001,54.0001,48.8,50.2


========================================================
Test16 (ADC Calibration) results 2011-10-30 11:41:54
Board ID050 8 channels
Host: ufcmshv1
Linux calibration software

A:
0.5736,0.5732,0.5616,0.5572,0.5592,0.5768,0.5772,0.558


B:
42.4,48.8,48.3999,43.7999,48.8,45.2,44.8,45.9999


