========================================================

Test10 results 03-22-2005  11:35:40
Board ID314  30 channels
HV Tests Software Ver.1.6

+5V 2505 - O'k
-5V 1333 - O'k
Interlock - On

Voltmeter channel: A=1.075847, B=10.758329

A:
Limits 1.1 +/- 0.1
1.073537,1.083424,1.072386,1.077586,1.073537,1.074114,1.076426,1.079331,1.074691,1.074114
1.071237,1.079331,1.077586,1.078749,1.06383,1.087548,1.084011,1.077586,1.076426,1.070091
1.076426,1.079914,1.079914,1.086366,1.075847,1.071237,1.081081,1.074691,1.075269,1.073537


B:
Limits 0.0 +/- 30.0
3.220447,3.250286,8.57921,5.388053,4.293984,13.963518,9.687826,14.031348,7.522722,10.741177
17.139624,9.714025,8.620811,8.629799,6.383007,6.525431,10.840111,1.077708,11.840678,3.210081
8.6114,10.799102,10.799102,2.172909,11.834177,13.925911,12.973151,10.746796,7.526706,12.882283
========================================================
Test10 (ADC Calibration) results 2007-09-11 11:29:23
Board ID314 30 channels
Linux calibration software

Voltmeter channel: A=1.06928, B=-1563.3

A:
1.07153,1.08172,1.07196,1.07549,1.0725,1.07463,1.07592,1.07798,1.07406,1.07283
1.07106,1.07876,1.07678,1.07856,1.06224,1.08756,1.08337,1.07552,1.07796,1.06767
1.07632,1.07942,1.07926,1.08643,1.07552,1.07126,1.08026,1.07542,1.07389,1.07419


B:
4.9283,3.31015,5.31032,6.79947,4.47503,12.8317,8.28584,13.5138,6.5551,10.3441
12.4689,7.6776,8.53142,6.81378,6.42416,5.49014,9.1132,5.95109,5.58638,4.77819
6.07654,9.78576,10.9917,-0.633355,8.32871,9.35406,10.8646,10.2303,8.12641,7.6162


========================================================
Test10 (ADC Calibration) results 2008-06-17 15:59:19
Board ID314 30 channels
Linux calibration software

Voltmeter channel: A=1.07, B=0

A:
1.0891,1.09829,1.08874,1.09254,1.09018,1.09291,1.09327,1.09546,1.08982,1.09018
1.08838,1.09555,1.09454,1.09719,1.07979,1.10494,1.10069,1.09391,1.09473,1.08523
1.09327,1.09839,1.09537,1.10189,1.09172,1.08802,1.0982,1.09436,1.09172,1.09182


B:
3.92823,3.76534,6.43966,5.98747,4.01528,11.1174,6.19248,11.6291,7.83664,8.59401
11.7796,7.38257,7.20868,5.87265,4.76926,6.72126,7.07308,3.19986,6.16515,2.73346
4.88061,6.97622,11.0552,1.56995,9.14176,9.71725,9.34067,8.68918,4.99315,5.78252


========================================================
Test10 (ADC Calibration) results 2008-07-16 21:23:30
Board ID314 30 channels
Linux calibration software

Voltmeter channel: A=1.07, B=0

A:
1.08984,1.09884,1.0731,1.09295,1.09135,1.09371,1.09428,1.09646,1.09078,1.0906
1.08872,1.09646,1.09542,1.09856,1.08025,1.10644,1.10085,1.09428,1.09589,1.08572
1.09409,1.09923,1.09656,1.10277,1.09295,1.0889,1.09837,1.09551,1.0922,1.09295


B:
2.80534,3.04186,20.4592,5.39049,2.5026,9.72452,4.827,10.0541,6.07964,7.99775
11.6871,5.88793,5.97027,5.06248,4.12723,5.13722,6.92068,3.29473,4.65756,1.62511
3.25077,6.428,9.08985,0.314736,7.5764,8.03042,8.97209,7.19774,3.90192,4.51608


