========================================================

Test11 results 03-22-2005  11:36:58
Board ID314  30 channels
HV Tests Software Ver.1.6

+5V 2505 - O'k
-5V 1333 - O'k
Interlock - On
Calibration DAC Range: [2500 - 2900]


A:
Limits 0.76 +/- 0.04
0.747664,0.738007,0.746269,0.742115,0.747664,0.744879,0.742115,0.740741,0.744879,0.746269
0.744879,0.739372,0.743494,0.739372,0.75188,0.733945,0.738007,0.743494,0.742115,0.747664
0.742115,0.742115,0.742115,0.739372,0.744879,0.746269,0.742115,0.743494,0.744879,0.744879


B:
Limits 60.0 +/- 30.0
55.427109,69.440132,61.535381,66.615181,56.308571,58.824562,65.888283,60.094315,62.899391,55.927437
62.517857,66.341614,59.747189,70.198044,66.668037,71.237106,63.296616,65.27729,61.96011,65.275604
68.287476,55.693077,57.294895,71.763428,60.649658,61.378147,49.539829,68.248909,61.45055,62.899391
========================================================
Test11 (DAC Calibration) results 2007-09-11 11:29:23
Board ID314 30 channels
Linux calibration software
Calibration DAC Range: [1100 - 2700]

A:
0.745851,0.738825,0.745921,0.742735,0.745921,0.743702,0.742804,0.741015,0.744463,0.744948
0.746547,0.741221,0.74184,0.741359,0.752375,0.735227,0.737327,0.74308,0.741771,0.748923
0.742528,0.740398,0.740878,0.740056,0.74308,0.746408,0.740192,0.743149,0.74384,0.743633


B:
65.3552,69.7821,66.1539,68.4894,64.6621,62.6847,65.2738,62.7269,66.8341,64.5218
60.8063,63.6246,67.2107,65.0634,68.1935,68.4771,69.2165,68.6049,65.9712,65.7366
70.1132,64.1832,62.7709,71.3229,70.8341,64.7323,60.4739,67.0227,68.2937,69.4739


========================================================
Test11 (ADC Calibration) results 2008-06-17 18:39:44
Board ID314 30 channels
Linux calibration software

Calibration DAC Range: [1000 - 3500]

A:
0.734,0.7276,0.7344,0.7312,0.7336,0.7316,0.7312,0.7296,0.7336,0.7332
0.7348,0.73,0.73,0.7288,0.7404,0.7236,0.726,0.7304,0.7304,0.7364
0.7312,0.728,0.73,0.7296,0.732,0.7344,0.728,0.7304,0.7316,0.732


B:
65.9999,70.4001,65.6001,68.8001,65.3999,63.4,66.8001,63.4,66.3999,65.7999
61.2001,63.9999,67.9999,66.2,69.5999,67.4001,70,71.5999,65.5999,68.6
70.8001,65.0001,62.9999,70.4,70,66.6001,62.0001,68.5999,71.4,70


