========================================================

Test10 results 10-26-2005  15:44:09
Board ID075  36 channels
HV Tests Software Ver.1.6

+5V 2489 - O'k
-5V 1326 - O'k
Interlock - On

Voltmeter channel: A=1.078749, B=-0.000191

A:
Limits 1.1 +/- 0.1
1.073537,1.083424,1.074114,1.070664,1.077586,1.084011,1.074114,1.084599,1.082251,1.075847,1.090513,1.060445
1.085776,1.077586,1.086366,1.080497,1.079331,1.074691,1.075269,1.073537,1.075269,1.071811,1.081081,1.077586
1.075269,1.075269,1.074114,1.076426,1.078749,1.075269,1.071237,1.067236,1.071237,1.076426,1.081666,1.089325


B:
Limits 0.0 +/- 35.0
8.588134,11.917675,1.074152,2.141334,9.698398,2.168024,2.148266,14.099923,11.9048,3.227399,7.633686,6.362518
2.171556,4.310467,13.03657,6.48299,8.634694,8.597414,6.451437,9.661671,3.22563,9.646461,9.729908,5.388053
12.903049,10.752512,10.741177,7.534973,9.708548,3.22563,12.854673,14.941421,7.498487,10.764252,9.735032,11.982663
========================================================
Test10 (ADC Calibration) results 2008-06-09 05:14:46
Board ID75 36 channels
Linux calibration software

Voltmeter channel: A=1.07629, B=6.72626

A:
1.07312,1.08364,1.07463,1.07013,1.07708,1.08304,1.07301,1.08443,1.08212,1.07547,1.09063,1.06093
1.08425,1.07734,1.08619,1.07966,1.0796,1.07406,1.07426,1.07231,1.07593,1.0715,1.08044,1.07688
1.07452,1.07516,1.07362,1.07778,1.07909,1.0751,1.07049,1.06747,1.07053,1.0756,1.08197,1.08871


B:
4.1119,6.56883,-5.12923,-1.84179,6.87752,-0.456977,0.0348638,9.76527,9.15258,-0.347202,4.38422,2.8924
1.24728,-0.061183,8.2465,2.95872,3.87702,4.76468,3.77965,8.55887,-3.49612,5.73614,5.54714,2.30588
9.93764,6.13947,6.35154,2.49289,4.28608,-0.65465,9.48639,10.0242,4.29969,7.69671,4.93024,7.83053


