========================================================

Test11 results 10-26-2005  15:45:36
Board ID075  36 channels
HV Tests Software Ver.1.6

+5V 2490 - O'k
-5V 1327 - O'k
Interlock - On
Calibration DAC Range: [2500 - 2900]


A:
Limits 0.76 +/- 0.04
0.749064,0.743494,0.75188,0.753296,0.747664,0.742115,0.75188,0.742115,0.744879,0.749064,0.739372,0.763359
0.742115,0.747664,0.742115,0.749064,0.744879,0.750469,0.749064,0.75188,0.749064,0.75188,0.746269,0.747664
0.749064,0.747664,0.750469,0.750469,0.749064,0.75188,0.75188,0.756144,0.75188,0.749064,0.747664,0.739372


B:
Limits 60.0 +/- 40.0
65.552765,58.127327,56.424965,62.546009,56.863293,68.298164,54.80978,55.493961,51.814953,63.309231,54.588745,48.023605
65.370468,60.73048,54.756012,51.048981,66.00293,55.480347,61.527641,53.108322,64.028847,59.297012,51.270725,58.39513
59.917595,62.176342,57.729557,51.610558,49.92374,52.558914,56.70343,44.982342,60.728447,55.892658,63.003044,55.33353
========================================================
Test11 (DAC Calibration) results 2008-06-09 05:14:46
Board ID75 36 channels
Linux calibration software
Calibration DAC Range: [1100 - 2700]

A:
0.75188,0.74308,0.750821,0.753225,0.748363,0.743494,0.750821,0.743287,0.744879,0.749485,0.73944,0.759374
0.742666,0.747803,0.742459,0.746199,0.746617,0.750469,0.750328,0.751315,0.748783,0.75188,0.746408,0.748503
0.749766,0.749695,0.750399,0.747873,0.746965,0.750117,0.752587,0.755858,0.752941,0.749766,0.749134,0.740741


B:
60.9023,62.8088,64.6175,66.4249,58.2788,68.0296,63.1158,53.7491,54.19,66.9101,57.242,64.9738
69.1794,63.9935,57.5869,65.7681,62.9491,59.85,61.3956,59.1286,68.1767,62.8572,54.7305,59.2815
60.5249,58.8228,61.5982,60.7553,60.224,62.588,58.4196,49.9623,60.1882,56.3262,61.2509,56.2964


