========================================================

Test10 results 03-27-2006  13:55:06
Board ID413  30 channels
HV Tests Software Ver.1.6

+5V 2493 - O'k
-5V 1304 - O'k
Interlock - On

Voltmeter channel: A=1.080497, B=9.724482

A:
Limits 1.1 +/- 0.1
1.074691,1.089918,1.078749,1.077586,1.075269,1.078167,1.092896,1.079331,1.082837,1.074114
1.077006,1.088139,1.075847,1.087548,1.079331,1.078167,1.082837,1.085776,1.085776,1.084599
1.074114,1.074114,1.085187,1.090513,1.075269,1.075269,1.083424,1.077006,1.080497,1.080497


B:
Limits 0.0 +/- 35.0
6.448031,11.989102,9.708548,12.931156,9.677243,12.938135,10.928785,9.714025,11.911382,11.81529
18.308884,13.057621,8.606635,11.963168,10.793356,11.859968,10.828545,17.372425,11.943543,9.761528
9.667063,11.81529,15.192614,9.814711,12.903049,11.827781,9.750828,11.846848,8.643984,12.965973
========================================================
Test10 (ADC Calibration) results 2008-05-30 10:39:13
Board ID413 30 channels
Linux calibration software

Voltmeter channel: A=1.07598, B=-1085.66

A:
1.07476,1.0908,1.07786,1.07921,1.07587,1.07937,1.09408,1.07947,1.08392,1.07395
1.07816,1.08933,1.07567,1.08756,1.08042,1.07982,1.0835,1.08847,1.08675,1.08447
1.07432,1.07472,1.08544,1.091,1.07654,1.07607,1.08295,1.07915,1.07988,1.08129


B:
4.50379,6.41181,7.74519,7.63553,6.24884,6.91046,5.55065,5.70351,6.34092,7.40067
11.3623,5.66876,6.30437,7.67045,5.50373,7.46985,5.53685,9.92368,8.00275,7.31246
6.28576,6.70099,10.2605,6.88413,7.08078,5.06957,7.11227,5.9548,7.35281,7.32523


========================================================
Test10 (ADC Calibration) results 2008-06-16 13:15:45
Board ID413 30 channels
Linux calibration software

Voltmeter channel: A=1.07, B=0

A:
1.07723,1.09317,1.08126,1.08216,1.07821,1.08225,1.09695,1.08207,1.08632,1.07652
1.08189,1.09198,1.07884,1.09079,1.08261,1.08252,1.08569,1.09216,1.08978,1.08741
1.07696,1.07705,1.08869,1.09345,1.07964,1.07866,1.08569,1.08099,1.08279,1.08433


B:
5.71754,8.05554,7.18616,7.65841,8.04497,7.35924,6.59885,6.87511,7.32004,7.88364
9.42108,7.61009,6.17414,7.60203,7.67837,7.3278,7.24884,8.09909,7.86298,7.41094
6.82649,8.03636,10.3842,7.14954,7.37505,6.98628,7.6834,8.08256,7.5133,7.84073


========================================================
Test10 (ADC Calibration) results 2008-06-17 07:08:50
Board ID413 30 channels
Linux calibration software

Voltmeter channel: A=1.07, B=0

A:
1.08966,1.10616,1.09392,1.09437,1.09065,1.09437,1.10933,1.09492,1.09913,1.08885
1.09428,1.10439,1.09129,1.1031,1.09519,1.09501,1.09821,1.10467,1.10217,1.10023
1.08939,1.08957,1.10116,1.10606,1.09237,1.09111,1.0983,1.09337,1.09547,1.09675


B:
4.24535,6.27287,5.78222,6.67772,6.59929,7.11576,6.27796,4.42484,5.39438,6.95484
8.29318,6.54897,4.92533,7.50681,6.58276,6.53061,6.2337,7.18001,7.46573,5.70621
5.58456,6.50772,8.3887,5.69341,5.88984,5.5285,6.14959,6.72053,5.45567,6.91486


