========================================================

Test11 results 06-24-2005  15:34:40
Board ID363  30 channels
HV Tests Software Ver.1.6

+5V 2488 - O'k
-5V 1315 - O'k
Interlock - On
Calibration DAC Range: [2500 - 2900]


A:
Limits 0.76 +/- 0.04
0.754717,0.756144,0.754717,0.754717,0.75188,0.753296,0.753296,0.744879,0.754717,0.756144
0.754717,0.750469,0.754717,0.740741,0.749064,0.753296,0.750469,0.75188,0.75188,0.753296
0.749064,0.75188,0.747664,0.75188,0.756144,0.75188,0.75188,0.754717,0.753296,0.756144


B:
Limits 60.0 +/- 30.0
63.40337,61.002029,62.883579,57.517094,58.480701,63.77692,61.341583,61.824444,49.118656,60.287605
62.394196,55.775146,59.238792,65.29686,63.241749,57.021534,55.217793,62.993816,60.830692,64.780334
63.361897,62.993816,61.730591,56.111252,58.461674,64.524925,52.230152,67.983452,54.578289,67.809723
========================================================
Test11 (DAC Calibration) results 2007-11-06 15:14:58
Board ID363 30 channels
Linux calibration software
Calibration DAC Range: [1100 - 2700]

A:
0.754077,0.755715,0.753012,0.755002,0.752941,0.754361,0.754006,0.745921,0.752729,0.750751
0.75543,0.749977,0.754077,0.742253,0.748503,0.752092,0.750962,0.750892,0.750328,0.754006
0.752375,0.753367,0.740809,0.750892,0.754859,0.752587,0.74599,0.754148,0.752587,0.758294


B:
66.7641,67.8442,73.4941,63.5334,60.1882,64.2621,60.6786,62.4243,58.6754,69.5198
65.8169,58.8826,65.5575,65.7451,70.5091,62.8655,60.6684,62.1175,66.0476,65.5042
56.3059,62.7648,71.6085,63.0185,65.5407,66.698,62.9244,73.3033,62.333,65.8387


