========================================================

Test10 results 09-24-2006  14:23:05
Board ID020  36 channels
HV Tests Software Ver.1.6.8

+5V 2505 - O'k
-5V 1328 - O'k
Interlock - On
Number of Samples: 400

Voltmeter channel: A=1.077586, B=12.931156

A:
Limits 1.1 +/- 0.1
1.077006,1.04712,1.080497,1.092299,1.078167,1.077006,1.071237,1.080497,1.074691,1.076426,1.070091,1.077006
1.072961,1.078167,1.081081,1.078749,1.071811,1.06553,1.074114,1.077006,1.070664,1.084011,1.085187,1.066667
1.072386,1.074114,1.078167,1.075269,1.074114,1.082837,1.074114,1.069519,1.072961,1.072386,1.081666,1.072386


B:
Limits 0.0 +/- 30.0
15.077866,40.83757,10.804978,13.107401,16.172636,14.000859,18.210861,12.965973,15.04556,13.993531,17.121264,12.923853
12.875696,8.625466,15.135313,15.102291,17.149141,27.70393,16.111746,9.692835,16.059963,14.092143,15.192614,24.533127
19.30307,17.18586,16.172636,15.053588,20.408201,11.911382,10.741177,14.973378,15.021619,12.868753,16.225027,12.868753
Channels:
   2
Out of range 0.0 +/- 30.0
