========================================================

Test11 results 09-24-2006  14:25:53
Board ID020  36 channels
HV Tests Software Ver.1.6.8

+5V 2503 - O'k
-5V 1327 - O'k
Interlock - On
Calibration DAC Range: [2500 - 2900]
Number of Samples: 400

A:
Limits 0.76 +/- 0.04
0.744879,0.764818,0.740741,0.732601,0.742115,0.743494,0.747664,0.740741,0.744879,0.744879,0.747664,0.743494
0.747664,0.743494,0.740741,0.742115,0.747664,0.753296,0.744879,0.744879,0.747664,0.738007,0.738007,0.750469
0.747664,0.744879,0.742115,0.744879,0.747664,0.739372,0.744879,0.750469,0.747664,0.746269,0.744879,0.747664


B:
Limits 60.0 +/- 30.0
60.800419,46.870464,76.30127,72.025002,70.76149,70.879639,67.127968,75.500854,70.981033,68.818596,73.359718,74.160561
64.173096,69.510635,69.97007,72.437775,66.411156,52.077114,73.382614,72.107445,68.64447,71.971809,72.1064,64.004471
61.766369,71.700272,73.962044,70.260887,57.914879,73.014732,74.900558,65.073196,67.381874,71.781998,69.540558,71.306198
========================================================
Test11 (ADC Calibration) results 2008-06-17 04:20:31
Board ID020 36 channels
Linux calibration software

Calibration DAC Range: [1000 - 3500]

A:
0.744,0.7672,0.7412,0.734,0.7428,0.7444,0.748,0.7412,0.7452,0.7444,0.7484,0.7436
0.7456,0.7436,0.742,0.742,0.748,0.7516,0.7452,0.7448,0.7488,0.7396,0.738,0.7468
0.7472,0.7452,0.7428,0.7444,0.746,0.7392,0.746,0.7492,0.7464,0.7476,0.7444,0.7464


B:
63.9999,43.8,75.8001,67.9999,69.2,68.5999,68.9999,73.8001,69.8001,72.5999,71.6001,73.4
69.4001,70.4,68.0001,73.0001,67.9999,59.3999,71.8001,74.2001,67.2001,67.4,72.0001,71.2
64.8,70.8001,72.2,71.5999,65,73.8,71,70.8,72.6,67.3999,72.5999,76.6


========================================================
Test11 (ADC Calibration) results 2008-06-17 07:43:31
Board ID020 36 channels
Linux calibration software

Calibration DAC Range: [1000 - 3500]

A:
0.736,0.7564,0.7328,0.7252,0.734,0.736,0.7396,0.7324,0.736,0.7356,0.7388,0.7352
0.7372,0.7348,0.7328,0.7336,0.7388,0.7428,0.7364,0.7356,0.7396,0.7308,0.73,0.7388
0.7376,0.7364,0.7344,0.736,0.7376,0.7304,0.7376,0.7404,0.7384,0.7392,0.7356,0.7384


B:
64,52.6,75.2,69.8,70.9999,70,69.4,75.6,73,74.4,75.2,74.8
69.7999,72.2001,70.2,73.3999,70.2,61.2,73.6,77.4,69.4,69.2001,72.9999,72.2
67.3999,72.6,72.6001,73,65.3999,75.5999,72.3999,72.5999,72.6001,68.8,74.4,75.6001


========================================================
Test11 (ADC Calibration) results 2008-07-28 12:43:15
Board ID020 36 channels
Linux calibration software

Calibration DAC Range: [1000 - 3500]

A:
0.7356,0.758,0.7324,0.7252,0.734,0.7356,0.7388,0.7328,0.7364,0.7352,0.7392,0.7352
0.7368,0.7352,0.7324,0.7336,0.7388,0.7424,0.736,0.7356,0.74,0.7308,0.7296,0.738
0.738,0.7364,0.7344,0.736,0.7372,0.7304,0.7376,0.7404,0.7384,0.7392,0.736,0.7384


B:
65.4,43.9999,75.6,69.8,70.9999,70.4,70.2,75.2,72.6,74.8,73.8,74.8
71.2,70.8,70.6,73.3999,70.2,61.6,75,77.4,68,69.2001,73.4,73.0001
67.0001,71.6,72.6001,72,66.7999,76.5999,72.3999,72.5999,72.6001,68.8,73,75.6001


========================================================
Test11 (ADC Calibration) results 2008-11-27 17:12:11
Board ID020 36 channels
Host: ufcmshv3
Linux calibration software

Calibration DAC Range: [1000 - 3500]

A:
0.7692,0.7564,0.7668,0.7632,0.7708,0.7636,0.7732,0.7624,0.7748,0.7628,0.7704,0.7708
0.7716,0.7712,0.766,0.76,0.7732,0.7644,0.7664,0.772,0.7568,0.7716,0.7696,0.7696
0.7732,0.7664,0.7544,0.7676,0.768,0.768,0.7732,0.7764,0.7744,0.77,0.7552,0.77


B:
64.7999,63.6,75.2001,69.8,70.2,71.4,68.8001,73.6001,71.2,74.2001,71.6,74.2
69.4,69.8,69.0001,71,69.8001,62.6,73.6001,74.9999,68.2,67.4,73.4001,73.4001
65.8001,71.6001,71.5999,70.4,64,74,70.8001,71.5999,72.6,67.0001,72.7999,75.0001


========================================================
Test11 (ADC Calibration) results 2008-11-28 17:20:18
Board ID020 36 channels
Host: ufcmshv3
Linux calibration software

Calibration DAC Range: [1000 - 3500]

A:
0.7696,0.756,0.7668,0.764,0.7708,0.764,0.7724,0.7624,0.7748,0.7628,0.77,0.7704
0.7716,0.7712,0.766,0.76,0.7736,0.7648,0.7664,0.7632,0.7568,0.7712,0.77,0.7692
0.7728,0.7672,0.754,0.7672,0.7676,0.768,0.7728,0.776,0.7748,0.7696,0.7548,0.7696


B:
63.4001,65.0001,75.2001,68,70.2,70,70.5999,74.6001,71.2,74.2001,73.0001,75.6
69.4,70.8,69.0001,71,68.4001,62.2,73.6001,74.8,68.2,68.8,72.0001,74.7999
66.1999,69.8,73,70.8,64.4,74,71.1999,71.9999,71.2,68.4001,73.1999,76.4001


