========================================================

Test10 results 12-14-2006  22:09:50
Board ID158  36 channels
HV Tests Software Ver.1.6.8

+5V 2510 - O'k
-5V 1307 - O'k
Interlock - On
Number of Samples: 400

Voltmeter channel: A=1.074691, B=11.821486

A:
Limits 1.1 +/- 0.1
1.078167,1.075269,1.073537,1.072386,1.077586,1.073537,1.077006,1.081081,1.086366,1.082837,1.071811,1.073537
1.092299,1.084599,1.075847,1.070091,1.081666,1.078749,1.076426,1.081666,1.075847,1.073537,1.067806,1.079914
1.082837,1.076426,1.067806,1.074114,1.079914,1.086957,1.086957,1.081081,1.082251,1.072386,1.083424,1.086957


B:
Limits 0.0 +/- 30.0
8.625466,16.128857,7.514596,12.868753,11.85357,11.808746,14.000859,5.405584,8.691105,14.077056,12.861896,11.808746
12.015101,13.015324,9.682483,16.051172,9.735032,15.102291,12.917105,10.816698,11.834177,10.735209,13.881516,11.879015
10.828545,15.069958,10.6781,5.370607,8.639275,8.695728,7.608772,7.567746,11.9048,16.085913,16.251369,10.869641
========================================================

Test10 results 12-15-2006  14:30:30
Board ID158  36 channels
HV Tests Software Ver.1.6.8

+5V 2518 - O'k
-5V 1308 - O'k
Interlock - On
Number of Samples: 400

Voltmeter channel: A=1.074114, B=13.963518

A:
Limits 1.1 +/- 0.1
1.077586,1.075269,1.072386,1.072386,1.077586,1.072961,1.076426,1.080497,1.086366,1.082251,1.071811,1.072961
1.091703,1.084599,1.075847,1.069519,1.081081,1.078167,1.075269,1.081081,1.074691,1.072961,1.076426,1.079331
1.082837,1.076426,1.067806,1.072961,1.078749,1.086366,1.086366,1.080497,1.081666,1.072386,1.083424,1.085776


B:
Limits 0.0 +/- 30.0
10.775984,16.128857,10.723982,12.868753,11.85357,12.875696,15.069958,7.563487,8.691105,15.151553,12.861896,13.948658
13.100435,13.015324,9.682483,17.112415,10.810989,16.172636,15.053588,11.89207,15.04556,11.802734,6.458547,12.952018
10.828545,15.069958,10.6781,8.583851,11.866045,10.863837,8.691105,8.643984,12.98003,16.085913,16.251369,14.115096
