========================================================

Test10 results 07-24-2006  17:57:49
Board ID080  36 channels
HV Tests Software Ver.1.6.1

+5V 2513 - O'k
-5V 1342 - O'k
Interlock - On

Voltmeter channel: A=1.081081, B=12.973151

A:
Limits 1.1 +/- 0.1
1.079331,1.080497,1.074114,1.080497,1.074114,1.073537,1.077006,1.076426,1.078167,1.081081,1.075269,1.074691
1.077006,1.075269,1.075847,1.074691,1.079331,1.079331,1.068376,1.077586,1.078749,1.075847,1.074114,1.071811
1.077006,1.074691,1.075847,1.081081,1.088732,1.080497,1.079331,1.069519,1.073537,1.076426,1.085187,1.079331


B:
Limits 0.0 +/- 30.0
10.793356,11.885475,18.259974,16.207464,18.259974,11.808746,11.846848,16.146383,3.234631,14.054233,11.827781,12.896177
9.692835,11.827781,15.061719,17.194942,16.19001,8.634694,17.094032,17.241501,9.708548,11.834177,13.963518,16.07733
14.000859,22.568398,20.440956,14.054233,15.242174,16.207464,14.031348,13.90386,18.249969,18.299236,9.766678,15.11068
========================================================

Test10 results 09-20-2006  23:01:51
Board ID080  36 channels
HV Tests Software Ver.1.6.1

+5V 2515 - O'k
-5V 1342 - O'k
Interlock - On

Voltmeter channel: A=1.083424, B=15.167946

A:
Limits 1.1 +/- 0.1
1.079331,1.081081,1.072961,1.075269,1.081081,1.077586,1.061008,1.077006,1.071811,1.080497,1.074691,1.074691
1.074114,1.074691,1.074691,1.075847,1.079914,1.078749,1.072386,1.081666,1.035197,1.077006,1.074114,1.073537
1.078749,1.074691,1.056524,1.080497,1.090513,1.080497,1.079331,1.070091,1.072386,1.076426,1.087548,1.084599


B:
Limits 0.0 +/- 30.0
10.793356,12.973151,18.240503,9.677243,14.054233,10.775984,21.220089,15.077866,13.933707,14.04647,12.896177,12.896177
13.963518,11.821486,16.120251,19.365108,15.118756,9.708548,16.085913,17.306692,23.809622,12.923853,13.963518,13.95582
18.338537,22.568398,54.93924,14.04647,14.176761,16.207464,16.19001,12.8409,20.375456,18.299236,7.612978,11.930725
Channels:
  27
Out of range 0.0 +/- 30.0
========================================================
Test10 (ADC Calibration) results 2008-03-12 06:01:00
Board ID80 36 channels
Linux calibration software

Voltmeter channel: A=1.08101, B=13.8753

A:
1.07696,1.0801,1.07196,1.07223,1.07862,1.0767,1.07546,1.0762,1.07453,1.0791,1.07326,1.07146
1.07256,1.07234,1.07249,1.07656,1.0789,1.07656,1.07153,1.08042,1.03438,1.07532,1.07196,1.07223
1.07842,1.07353,1.07496,1.08046,1.08941,1.07926,1.07786,1.06887,1.07043,1.07433,1.08553,1.08334


B:
5.10445,5.23185,11.5982,6.22042,7.44313,3.04059,5.55937,7.31147,0.681866,7.71456,5.5495,9.16831
6.99123,6.41421,9.61081,8.8011,6.81357,4.54168,8.44363,10.3847,14.7557,6.88583,8.81407,7.74829
10.6203,15.2536,12.9731,5.7703,6.75455,8.3467,9.02643,5.91444,13.9206,11.9145,3.98104,5.3058


========================================================
Test10 (ADC Calibration) results 2008-06-10 21:32:00
Board ID80 36 channels
Linux calibration software

Voltmeter channel: A=1.08773, B=17.7675

A:
1.0778,1.08164,1.07196,1.07296,1.07956,1.07926,1.06197,1.07646,1.07183,1.08044,1.07213,1.0722
1.07316,1.07394,1.07323,1.0785,1.0796,1.0779,1.07562,1.07163,1.03588,1.07692,1.07216,1.07486
1.08092,1.07443,1.06147,1.08136,1.09091,1.08052,1.07692,1.06907,1.07079,1.07536,1.08844,1.0886


B:
4.10478,4.33636,12.6701,5.6798,7.32218,3.70862,12.8655,8.0524,4.40335,5.99499,7.8762,9.2953
7.49715,5.82141,10.2164,9.51989,7.87323,3.89838,9.95214,24.274,14.2708,6.99982,9.63041,6.45067
11.5856,14.1818,31.3192,5.89713,6.72717,9.0962,12.3844,7.32719,14.3962,10.5855,6.14775,7.03786


========================================================
Test10 (ADC Calibration) results 2008-06-19 12:08:44
Board ID080 36 channels
Linux calibration software

Voltmeter channel: A=1.07, B=0

A:
1.09428,1.0972,1.08858,1.08876,1.09611,1.09611,1.07312,1.09337,1.08579,1.09638,1.08894,1.08984
1.08948,1.09029,1.08489,1.0951,1.09647,1.09529,1.09292,1.08975,1.04714,1.09374,1.08966,1.09092
1.09501,1.09029,1.08849,1.09775,1.10681,1.09739,1.0893,1.0857,1.08795,1.0912,1.10569,1.10877


B:
4.60296,6.7411,11.3807,7.07803,7.52715,3.80049,15.9312,8.06479,6.55865,7.93362,6.91121,7.60451
7.71918,6.53372,13.6804,9.76144,6.97323,2.14677,8.48181,18.5846,18.0537,6.41819,7.77103,8.13168
13.349,16.3463,17.1237,6.23756,7.90259,9.42659,15.0748,6.8588,13.4832,13.5557,3.82949,6.12495


