========================================================

Test11 results 07-24-2006  17:59:13
Board ID080  36 channels
HV Tests Software Ver.1.6.1

+5V 2512 - O'k
-5V 1342 - O'k
Interlock - On
Calibration DAC Range: [2500 - 2900]


A:
Limits 0.76 +/- 0.04
0.742115,0.740741,0.746269,0.740741,0.744879,0.746269,0.744879,0.744879,0.744879,0.742115,0.744879,0.749064
0.743494,0.746269,0.746269,0.746269,0.740741,0.742115,0.749064,0.740741,0.742115,0.743494,0.747664,0.746269
0.742115,0.743494,0.743494,0.742115,0.735294,0.740741,0.742115,0.749064,0.746269,0.743494,0.744879,0.742115


B:
Limits 60.0 +/- 30.0
58.095894,61.894623,50.464882,59.493546,59.047695,56.728546,56.938358,52.122288,60.951721,51.947899,59.122257,43.012455
63.750912,49.662861,51.413567,52.945095,58.693127,58.96574,57.563786,66.347389,62.831043,65.352257,51.413895,61.378147
62.689541,60.403191,58.074505,52.75071,58.144299,59.493546,55.760117,56.124363,56.652386,54.942608,49.958027,57.227135
========================================================

Test11 results 09-20-2006  23:23:47
Board ID080  36 channels
HV Tests Software Ver.1.6.1

+5V 2516 - O'k
-5V 1343 - O'k
Interlock - On
Calibration DAC Range: [2500 - 2900]


A:
Limits 0.76 +/- 0.04
0.742115,0.739372,0.744879,0.747664,0.740741,0.744879,0.756144,0.743494,0.746269,0.742115,0.746269,0.744879
0.744879,0.744879,0.744879,0.744879,0.742115,0.740741,0.746269,0.739372,0.772201,0.744879,0.744879,0.749064
0.743494,0.744879,0.757576,0.740741,0.733945,0.740741,0.742115,0.746269,0.746269,0.743494,0.739372,0.738007


B:
Limits 60.0 +/- 30.0
60.429317,65.609283,59.698921,55.5056,61.962078,55.332939,51.030201,58.14566,65.379684,55.025246,56.154816,58.973316
64.499535,57.298794,60.574371,53.655872,56.493896,64.88887,61.456673,64.809982,59.004581,60.149014,62.975769,50.100216
55.08165,58.973316,32.3494,60.293785,61.118484,61.161297,56.493896,68.251984,58.977371,57.344807,66.345581,61.633217
========================================================
Test11 (DAC Calibration) results 2008-03-12 06:01:00
Board ID80 36 channels
Linux calibration software
Calibration DAC Range: [1100 - 2700]

A:
0.742459,0.740672,0.745921,0.745365,0.740947,0.743011,0.743494,0.743356,0.743771,0.741359,0.745018,0.746269
0.745504,0.746408,0.74481,0.742735,0.741496,0.742735,0.745851,0.739713,0.773022,0.743218,0.745921,0.745365
0.741084,0.744463,0.74384,0.740056,0.733608,0.740878,0.74184,0.748083,0.746617,0.743909,0.740672,0.738825


B:
68.7238,69.725,64.6621,73.1857,72.3071,69.7409,73.9776,68.9648,77.3149,67.8806,71.5777,65.6717
72.0994,61.8957,70.3753,69.9748,66.9478,68.3409,70.7253,72.5381,64.3058,75.1022,69.1376,71.2477
69.1523,69.6631,66.0622,69.8428,72.0679,70.3278,66.6172,70.4883,67.4288,66.5613,70.3176,67.5656


========================================================
Test11 (DAC Calibration) results 2008-06-10 21:32:00
Board ID80 36 channels
Linux calibration software
Calibration DAC Range: [1100 - 2700]

A:
0.742253,0.739987,0.745921,0.745226,0.740672,0.740878,0.752941,0.742804,0.745643,0.740809,0.745434,0.74613
0.745087,0.745295,0.744671,0.741771,0.741015,0.742184,0.743011,0.745782,0.771903,0.742115,0.745782,0.743909
0.739372,0.74384,0.753296,0.73944,0.732601,0.739645,0.742115,0.747943,0.74599,0.743564,0.738689,0.734889


B:
69.7532,70.678,64.6621,73.0787,72.6877,71.3651,69.2235,69.7306,75.3378,68.6453,71.1518,65.8644
72.525,63.1453,71.0136,68.9383,67.7659,69.1066,71.2269,62.9158,65.4959,76.6234,69.3296,72.5126
70.0554,71.2691,52.9191,70.5519,72.8937,71.8934,66.2338,70.2318,69.1906,67.0415,69.5291,67.6281


========================================================
Test11 (ADC Calibration) results 2008-06-19 12:56:33
Board ID080 36 channels
Linux calibration software

Calibration DAC Range: [1000 - 3500]

A:
0.7308,0.7284,0.7344,0.7336,0.7284,0.7292,0.7448,0.7312,0.736,0.7292,0.7336,0.7344
0.7336,0.7336,0.7364,0.7296,0.7288,0.7296,0.7312,0.7332,0.764,0.73,0.7332,0.7324
0.7296,0.7324,0.7336,0.728,0.7216,0.728,0.7336,0.7364,0.734,0.7324,0.7268,0.7212


B:
69.2001,70.6,65.6001,74.3999,74.6,70.8,68.2001,68.8001,74,68.8,72.3999,65.6001
73.3999,64.3999,68.6,70.4,69.2,70.4,71.8001,66.7999,62,77.9999,71.7999,72.6
68.4,71.6,66.3999,71.0001,73.4,72.0001,64.3999,70.6,69.9999,65.6,72.1999,68.8


========================================================
Test11 (ADC Calibration) results 2008-07-06 17:26:00
Board ID080 36 channels
Linux calibration software

Calibration DAC Range: [1000 - 3500]

A:
0.7304,0.7288,0.7348,0.7332,0.7284,0.7292,0.7448,0.7312,0.7384,0.7292,0.734,0.734
0.734,0.7336,0.7428,0.73,0.7292,0.7296,0.7308,0.7328,0.766,0.73,0.734,0.7328
0.7372,0.7324,0.7484,0.7284,0.722,0.7284,0.7428,0.736,0.7344,0.7324,0.7264,0.7208


B:
69.5999,70.2,65.2001,74.7999,73.6,70.8,71.2001,68.8001,73.6001,68.8,71.9999,66.9999
72.9999,63.3999,65.2,69.9999,68.8,70.4,73.2001,70.2,63.0001,77.9999,69.9999,72.2
62.7999,70.6,51.6001,69.6,72,70.6,58.2,72,69.6001,65.6,72.5999,69.2001


========================================================
Test11 (ADC Calibration) results 2008-07-15 21:36:26
Board ID080 36 channels
Linux calibration software

Calibration DAC Range: [1000 - 3500]

A:
0.7308,0.7288,0.7344,0.7332,0.7288,0.7292,0.7428,0.7308,0.742,0.7288,0.7336,0.7344
0.734,0.7336,0.7384,0.73,0.7296,0.7296,0.7588,0.7348,0.766,0.7308,0.7336,0.7492
0.7376,0.7328,0.7524,0.728,0.722,0.7276,0.748,0.7356,0.734,0.7324,0.7264,0.72


B:
69.2001,70.2,65.6001,74.7999,73.2,70.8,71.2,70.2001,70.0001,69.2,72.3999,65.6001
73.9999,63.3999,66.6001,69.9999,67.4,70.4,64.1999,68.2001,64.0001,77.2001,71.3999,55.8
62.3999,70.2,48.6001,71.0001,73,72.4001,53.9999,72.4,69.9999,65.6,72.5999,69.9999


========================================================
Test11 (ADC Calibration) results 2008-07-15 23:31:17
Board ID080 36 channels
Linux calibration software

Calibration DAC Range: [1000 - 3500]

A:
0.73,0.7284,0.7344,0.7328,0.7284,0.7284,0.7432,0.7308,0.7432,0.7284,0.7324,0.7328
0.7332,0.7332,0.7436,0.7296,0.7288,0.7292,0.7636,0.7344,0.7664,0.7296,0.7328,0.75
0.7384,0.7316,0.7424,0.7272,0.7212,0.7272,0.7496,0.7352,0.7336,0.7312,0.7256,0.7196


B:
69.9999,70.6,65.6001,75.2,73.6,71.6,72.8,69.2001,68.8,69.6,74.6,69.2
74.7999,63.8,63.4,70.4,68.2,70.8,54.4,67.6001,63.6001,78.4,72.2,55
61.6001,71.4,57.6,71.8001,73.8,71.8001,52.4,72.8,70.3999,67.8001,73.4,70.3999


========================================================
Test11 (ADC Calibration) results 2008-07-16 00:51:19
Board ID080 36 channels
Linux calibration software

Calibration DAC Range: [1000 - 3500]

A:
0.7292,0.728,0.7332,0.7328,0.728,0.728,0.7428,0.73,0.7424,0.7276,0.7328,0.7332
0.7328,0.7328,0.742,0.7292,0.7276,0.7288,0.7628,0.7332,0.766,0.7288,0.732,0.7532
0.74,0.7312,0.7444,0.7264,0.7208,0.7264,0.748,0.7348,0.7332,0.7308,0.7252,0.7192


B:
70.8,71.0001,66.7999,74.2,74.0001,72.0001,73.2,69.9999,70.6,70.4001,72.2,66.7999
75.2,64.2,65.0001,70.8,69.4001,71.2,55.2001,70.7999,65.0001,79.2,73,51.8
61,71.8001,53.5999,72.5999,74.2001,72.5999,54.9999,73.2001,70.7999,67.2001,73.8,70.7999


========================================================
Test11 (ADC Calibration) results 2008-07-16 11:13:20
Board ID080 36 channels
Linux calibration software

Calibration DAC Range: [1000 - 3500]

A:
0.7292,0.7268,0.732,0.732,0.7272,0.7272,0.7416,0.7288,0.7392,0.7268,0.7324,0.7328
0.7324,0.7316,0.7368,0.7284,0.7272,0.728,0.7604,0.732,0.764,0.728,0.7316,0.7464
0.7328,0.7308,0.7396,0.726,0.7208,0.726,0.7376,0.7344,0.7328,0.7304,0.7244,0.7184


B:
70.8,72.1999,69,76,74.8001,72.8001,72.4001,72.2,70.8,72.1999,72.6,67.2
74.6,66.4,68.2,71.6,70.8001,72.0001,66.6,69,64,80.0001,73.4,58.6
66.2,72.2001,58.4,73,73.2001,73,60.3999,72.6001,71.2,67.5999,74.6001,70.6


========================================================
Test11 (ADC Calibration) results 2008-07-16 16:12:58
Board ID080 36 channels
Linux calibration software

Calibration DAC Range: [1000 - 3500]

A:
0.7288,0.7272,0.7328,0.732,0.7272,0.7272,0.7404,0.7292,0.7388,0.7276,0.732,0.732
0.7324,0.732,0.7384,0.7284,0.7276,0.728,0.7632,0.7316,0.7628,0.7284,0.732,0.7472
0.7316,0.7308,0.7404,0.726,0.7204,0.7264,0.7392,0.734,0.7332,0.7304,0.7252,0.7188


B:
71.2,71.8001,67.2,75,74.8001,72.8001,73.5999,70.8,71.2,69.4001,74,69
74.6,65,65.6001,71.6,69.4001,72.0001,60.8001,69.4,65.2001,79.6,72,57.8
67.4,72.2001,57.5999,73,73.6001,72.5999,58.8,73.9999,69.7999,67.5999,72.8,70.2


========================================================
Test11 (ADC Calibration) results 2008-07-17 10:58:43
Board ID080 36 channels
Linux calibration software

Calibration DAC Range: [1000 - 3500]

A:
0.7304,0.7284,0.734,0.7332,0.7284,0.7288,0.7424,0.7312,0.7408,0.7284,0.7336,0.734
0.7332,0.7336,0.7372,0.7296,0.7288,0.7296,0.7552,0.7336,0.7656,0.73,0.7336,0.75
0.7368,0.7324,0.742,0.7272,0.7212,0.728,0.742,0.7356,0.7344,0.732,0.7264,0.72


B:
69.5999,70.6,65.9999,73.7999,73.6,71.2,70.6,68.8001,69.1999,69.6,71.3999,65.9999
73.7999,63.3999,66.7999,70.4,68.2,69.4,48.7999,67.3999,62.3999,76.9999,70.3999,54
62.1999,69.6,56.0001,71.8001,73.8,70.0001,56.0001,71.4,68.6001,66,71.5999,67.9999


========================================================
Test11 (ADC Calibration) results 2008-07-20 18:37:46
Board ID080 36 channels
Linux calibration software

Calibration DAC Range: [1000 - 3500]

A:
0.73,0.7288,0.7344,0.7332,0.7284,0.7288,0.7444,0.7308,0.7468,0.7284,0.7344,0.734
0.7344,0.7336,0.7496,0.73,0.7292,0.7296,0.7676,0.7344,0.766,0.73,0.7336,0.7524
0.7456,0.7324,0.7576,0.7276,0.722,0.7276,0.764,0.7356,0.734,0.732,0.726,0.7204


B:
69.9999,70.2,65.6001,73.7999,73.6,71.2,70.5999,69.2001,65.2,69.6,71.6001,65.9999
72.6001,63.3999,55.4,69.9999,67.8,70.4,41.4,67.6001,63.0001,76.9999,70.3999,51.6001
56.4001,70.6,42.4,71.4001,72,71.4001,39,72.4,69.9999,66,73,68.6001


