========================================================

Test11 results 12-13-2006  12:10:19
Board ID150  36 channels
HV Tests Software Ver.1.6.8

+5V 2521 - O'k
-5V 1327 - O'k
Interlock - On
Calibration DAC Range: [2500 - 2900]
Number of Samples: 400

A:
Limits 0.76 +/- 0.04
0.756144,0.739372,0.753296,0.756144,0.750469,0.753296,0.744879,0.75188,0.750469,0.750469,0.754717,0.753296
0.749064,0.754717,0.75188,0.750469,0.749064,0.75188,0.750469,0.75188,0.746269,0.747664,0.750469,0.750469
0.747664,0.750469,0.747664,0.753296,0.75188,0.744879,0.744879,0.753296,0.750469,0.744879,0.750469,0.746269


B:
Limits 60.0 +/- 30.0
64.663307,55.018181,54.396217,55.054966,66.151443,71.198982,62.750813,59.116199,52.751286,64.804962,52.990265,70.70536
61.48558,53.082577,60.824635,58.418278,61.40036,66.302933,51.858822,56.777958,62.96579,54.107014,63.097717,60.759281
49.254684,52.667919,59.605518,55.386944,55.792767,70.10704,68.89534,62.209087,62.200672,59.592899,60.101521,63.694023
========================================================
Test11 (DAC Calibration) results 2008-04-09 15:25:24
Board ID150 36 channels
Linux calibration software
Calibration DAC Range: [1100 - 2700]

A:
0.757935,0.740124,0.753509,0.756501,0.752092,0.754006,0.746826,0.753083,0.751103,0.751103,0.753935,0.756644
0.750117,0.753935,0.753296,0.751809,0.750751,0.753225,0.751527,0.752587,0.747314,0.749064,0.752233,0.751527
0.749415,0.751315,0.749204,0.752941,0.752941,0.745504,0.746965,0.754503,0.752021,0.74613,0.750328,0.747384


B:
68.451,61.6062,63.1722,62.0803,70.2361,78.3223,65.6459,64.5111,60.4731,71.4395,65.3004,69.4505
67.0887,65.6017,65.7251,64.0071,65.4654,71.2455,57.6327,63.6877,68.7062,58.0524,66.4315,66.651
53.068,58.3773,63.851,65.4588,60.1882,78.0634,69.9346,66.9339,65.6704,64.6706,73.1006,70.1047


========================================================
Test11 (ADC Calibration) results 2008-06-19 12:56:33
Board ID150 36 channels
Linux calibration software

Calibration DAC Range: [1000 - 3500]

A:
0.7456,0.7284,0.7416,0.7444,0.74,0.7424,0.7344,0.74,0.7388,0.7392,0.742,0.744
0.7376,0.7412,0.7412,0.7396,0.7388,0.7412,0.7392,0.74,0.7428,0.7364,0.74,0.7396
0.7372,0.74,0.7396,0.7416,0.7408,0.7388,0.7352,0.7424,0.74,0.7332,0.7384,0.7352


B:
69.4001,61.6,63.4001,63.5999,71,78.6,67.6001,67,62.2,71.8,65.0001,70.9999
68.3999,67.8001,66.8001,65.4,66.2,71.8001,59.8,66,61.2,60.6,68,66.4
54.7999,58,62.4,64.4001,62.1999,74.2,69.8,67.6,66,66.7999,70.6001,69.8


========================================================
Test11 (ADC Calibration) results 2008-07-17 10:58:43
Board ID150 36 channels
Linux calibration software

Calibration DAC Range: [1000 - 3500]

A:
0.7452,0.7284,0.7412,0.7436,0.7388,0.7416,0.7336,0.74,0.738,0.7392,0.7412,0.7444
0.7364,0.7412,0.7404,0.7392,0.7384,0.7408,0.7388,0.7396,0.744,0.7368,0.7404,0.7384
0.7364,0.74,0.7416,0.7408,0.7408,0.7448,0.7348,0.742,0.7396,0.7328,0.738,0.7384


B:
69.8001,61.6,64.8001,64.4,73.2,79.4001,68.3999,66,63.0001,70.8,66.8001,70.5999
69.6,66.8001,67.5999,65.8,66.6001,72.1999,60.2,66.4,60.9999,59.1999,66.5999,68.6001
54.6,57,60.4001,65.1999,61.1999,67.2001,70.2001,69.0001,66.4,66.2,71.0001,66.6001


========================================================
Test11 (ADC Calibration) results 2008-07-20 18:37:46
Board ID150 36 channels
Linux calibration software

Calibration DAC Range: [1000 - 3500]

A:
0.7452,0.7288,0.7412,0.7436,0.7396,0.742,0.7336,0.74,0.7388,0.7388,0.7412,0.746
0.7368,0.7416,0.7404,0.7392,0.738,0.7404,0.7392,0.74,0.746,0.7364,0.7396,0.7392
0.7364,0.7392,0.7424,0.7408,0.7412,0.7548,0.7352,0.742,0.7396,0.7332,0.7372,0.7404


B:
69.8001,61.2,64.8001,65.4,72.4,79.0001,69.3999,67,61.2,72.2,66.8001,69
69.2,66.4001,67.5999,65.8,67.0001,72.5999,58.8,66,61,60.6,69.4,66.8
55.6,59.8,60.6,65.1999,60.8001,58.1999,69.8,69.0001,66.4,65.7999,72.7999,65.5999


========================================================
Test11 (ADC Calibration) results 2008-07-24 23:03:59
Board ID150 36 channels
Linux calibration software

Calibration DAC Range: [1000 - 3500]

A:
0.7456,0.7288,0.7412,0.7436,0.7396,0.742,0.734,0.7404,0.7384,0.7388,0.7412,0.7456
0.7368,0.7412,0.7408,0.7392,0.7384,0.7404,0.738,0.7396,0.7444,0.7364,0.7392,0.7388
0.7364,0.7396,0.7416,0.7408,0.7408,0.7532,0.7352,0.742,0.7396,0.7332,0.7384,0.7396


B:
69.4001,61.2,64.8001,65.4,71.4,79.0001,67.9999,65.5999,62.6001,72.2,66.8001,69.4001
69.2,67.8001,67.1999,65.8,66.6001,72.5999,62.0001,66.4,64.5999,60.6,69.8,68.2
55.6,58.4,61.4001,65.1999,62.1999,61.8,69.8,69.0001,66.4,65.7999,69.6001,65.4


========================================================
Test11 (ADC Calibration) results 2008-08-12 23:20:39
Board ID150 36 channels
Linux calibration software

Calibration DAC Range: [1000 - 3500]

A:
0.7448,0.7284,0.7416,0.744,0.7392,0.742,0.734,0.7396,0.7384,0.7388,0.7412,0.7456
0.736,0.7412,0.7404,0.7388,0.7384,0.7404,0.7388,0.74,0.7468,0.7364,0.7392,0.7392
0.736,0.7392,0.7428,0.7408,0.7408,0.7544,0.7344,0.742,0.74,0.7328,0.738,0.7408


B:
71.2001,61.6,63.4001,63.9999,72.8,79.0001,67.9999,66.4,62.6001,71.2,66.8001,69.4001
70,66.8001,67.5999,67.2,65.6001,72.5999,60.2,66,61.2,60.6,69.8,66.8
55,58.8,59.2,65.1999,61.1999,61.5999,71.6001,68.0001,66,65.2,71.0001,64.1999


========================================================
Test11 (ADC Calibration) results 2008-08-13 01:14:42
Board ID150 36 channels
Linux calibration software

Calibration DAC Range: [1000 - 3500]

A:
0.7448,0.7284,0.7412,0.744,0.7396,0.7416,0.7336,0.7396,0.7384,0.7384,0.7412,0.7456
0.736,0.7412,0.7404,0.7388,0.7388,0.7404,0.7388,0.74,0.7464,0.7364,0.7396,0.7392
0.736,0.7392,0.7428,0.7408,0.7408,0.7548,0.7348,0.742,0.74,0.7328,0.738,0.7408


B:
71.2001,61.6,64.8001,63.9999,71.4,79.4001,68.3999,66.4,62.6001,72.6001,66.8001,70.4001
70,66.8001,67.5999,67.2,65.2,72.5999,60.2,66,61.6,60.6,68.4,66.8
55,58.8,59.2,65.1999,61.1999,61.1999,70.2001,68.0001,66,65.2,71.0001,64.1999


========================================================
Test11 (DAC Calibration) results 2008-08-27 10:33:37
Board ID150 36 channels
Linux calibration (server mode)

Calibration DAC Range: [3100 - 3500]

A:
0.765143,0.745429,0.759714,0.762286,0.76,0.764286,0.753143,0.758571,0.755714,0.759143,0.760286,0.766286
0.755429,0.760286,0.759714,0.758,0.757429,0.761143,0.756,0.758857,0.76,0.753714,0.758571,0.757714
0.751714,0.756,0.758857,0.758857,0.758286,0.773143,0.754857,0.761429,0.758857,0.750857,0.758286,0.758


B:
0.0,0.0,0.0,0.0,0.0,0.0,0.0,0.0,0.0,0.0,0.0,0.0
0.0,0.0,0.0,0.0,0.0,0.0,0.0,0.0,0.0,0.0,0.0,0.0
0.0,0.0,0.0,0.0,0.0,0.0,0.0,0.0,0.0,0.0,0.0,0.0


========================================================
Test11 (ADC Calibration) results 2008-08-27 13:08:29
Board ID150 36 channels
Linux calibration software

Calibration DAC Range: [1000 - 3500]

A:
0.7452,0.7284,0.7412,0.744,0.7392,0.7416,0.734,0.7396,0.7384,0.738,0.7412,0.7484
0.736,0.7412,0.7404,0.7392,0.738,0.7404,0.7384,0.7396,0.7448,0.7364,0.7396,0.7384
0.736,0.7392,0.7424,0.7408,0.7408,0.7604,0.7352,0.7416,0.74,0.7324,0.738,0.7404


B:
69.8001,61.6,63.8001,63.9999,71.8,79.4001,67.9999,65.4,61.6001,73.0001,66.8001,68.6001
69,66.8001,67.5999,65.8,67.0001,72.5999,60.6001,66.4,63.2001,59.6,68.4,67.6001
55,58.8,60.6,64.1999,61.1999,58.6,69.8,69.4001,65,65.6,70.0001,65.5999


========================================================
Test11 (DAC Calibration) results 2008-08-28 18:58:25
Board ID150 36 channels
Linux calibration (server mode)

Calibration DAC Range: [3100 - 3500]

A:
0.7525,0.7375,0.75,0.7525,0.7475,0.7525,0.7425,0.7475,0.7425,0.7475,0.75,0.7525
0.7475,0.75,0.745,0.745,0.7475,0.75,0.75,0.745,0.7525,0.745,0.745,0.7425
0.74,0.7475,0.7475,0.7525,0.75,0.765,0.745,0.7525,0.7475,0.745,0.7425,0.745


B:
76.3,62.7,66.0,65.3,74.7,73.3,69.2,70.7,78.2,72.7,68.0,85.3
61.7,68.0,82.5,76.5,65.7,71.0,54.0,79.5,79.3,61.5,80.5,85.2
73.0,61.7,77.7,57.3,61.0,89.5,69.5,64.3,71.7,54.5,86.2,86.5


========================================================
Test11 (DAC Calibration) results 2008-08-30 18:23:01
Board ID150 36 channels
Linux calibration (server mode)

Calibration DAC Range: [3100 - 3500]

A:
0.755,0.735,0.7525,0.75,0.7475,0.75,0.7425,0.7475,0.745,0.7525,0.7525,0.76
0.7475,0.755,0.7525,0.75,0.7475,0.7525,0.7475,0.745,0.755,0.7475,0.75,0.7525
0.74,0.7475,0.7525,0.7525,0.7525,0.7675,0.7475,0.755,0.75,0.7425,0.7475,0.75


B:
71.5,72.5,61.3,78.0,77.7,85.0,71.2,72.7,72.5,58.3,63.3,61.0
63.7,54.5,60.3,63.0,68.7,66.3,64.7,82.5,67.5,56.7,66.0,55.3
75.0,64.7,61.3,59.3,56.3,78.8,62.7,58.5,65.0,65.2,71.7,69.0


========================================================
Test11 (DAC Calibration) results 2008-08-30 21:24:23
Board ID150 36 channels
Linux calibration (server mode)

Calibration DAC Range: [3100 - 3500]

A:
0.7375,0.715,0.7225,0.735,0.725,0.725,0.72,0.725,0.725,0.73,0.7275,0.73
0.7225,0.7325,0.73,0.725,0.7275,0.7275,0.7225,0.725,0.7325,0.7225,0.7275,0.7275
0.72,0.725,0.725,0.73,0.7275,0.75,0.72,0.7325,0.73,0.7175,0.7225,0.73


B:
59.7,71.5,91.2,57.5,84.5,98.5,78.0,77.5,70.5,64.0,77.7,95.0
78.2,61.2,67.0,76.5,66.7,78.7,79.2,80.5,72.2,72.2,72.7,68.7
73.0,71.5,85.5,65.0,70.7,75.0,88.0,64.2,63.0,80.8,87.2,72.0


========================================================
Test11 (DAC Calibration) results 2008-08-30 21:52:06
Board ID150 36 channels
Linux calibration (server mode)

Calibration DAC Range: [3100 - 3500]

A:
0.76,0.735,0.745,0.755,0.745,0.7525,0.7425,0.745,0.745,0.75,0.75,0.755
0.7425,0.75,0.75,0.7475,0.7525,0.7525,0.7475,0.75,0.75,0.7475,0.7475,0.75
0.7425,0.745,0.75,0.75,0.75,0.77,0.74,0.7525,0.7475,0.74,0.7475,0.75


B:
54.0,73.5,85.5,61.5,86.5,77.3,72.2,81.5,73.5,68.0,72.0,81.5
80.2,72.0,69.0,70.7,52.3,65.3,64.7,66.0,82.0,56.7,74.7,63.0
66.2,73.5,72.0,68.0,65.0,78.0,90.0,67.3,73.7,74.0,72.7,74.0


========================================================
Test11 (DAC Calibration) results 2008-08-31 12:06:24
Board ID150 36 channels
Linux calibration (server mode)

Calibration DAC Range: [3100 - 3500]

A:
0.7575,0.735,0.7525,0.755,0.745,0.7525,0.745,0.75,0.7475,0.75,0.75,0.755
0.7425,0.7525,0.75,0.7525,0.7475,0.7525,0.7475,0.75,0.7575,0.75,0.75,0.75
0.745,0.7475,0.75,0.7525,0.75,0.775,0.745,0.75,0.75,0.74,0.7425,0.75


B:
62.8,73.5,61.3,61.5,86.5,77.3,64.5,66.0,64.7,68.0,72.0,79.5
81.2,63.3,69.0,55.3,69.7,65.3,65.7,66.0,58.8,49.0,67.0,63.0
58.5,64.7,75.0,59.3,65.0,72.5,74.5,76.0,66.0,74.0,89.2,77.0


========================================================
Test11 (DAC Calibration) results 2008-08-31 16:15:29
Board ID150 36 channels
Linux calibration (server mode)

Calibration DAC Range: [3100 - 3500]

A:
0.7575,0.7325,0.7475,0.7525,0.7475,0.755,0.745,0.75,0.7475,0.75,0.7525,0.76
0.745,0.75,0.75,0.7525,0.745,0.75,0.7475,0.75,0.7525,0.75,0.75,0.7475
0.7425,0.75,0.75,0.75,0.7525,0.775,0.7475,0.755,0.75,0.7425,0.745,0.7475


B:
62.8,82.2,76.7,70.3,77.7,68.5,64.5,64.0,65.7,68.0,63.3,64.0
71.5,72.0,69.0,55.3,77.5,74.0,64.7,66.0,72.3,49.0,67.0,71.7
67.2,57.0,72.0,68.0,56.3,66.5,65.7,58.5,66.0,65.2,81.5,83.7


========================================================
Test11 (DAC Calibration) results 2008-08-31 18:30:26
Board ID150 36 channels
Linux calibration (server mode)

Calibration DAC Range: [3100 - 3500]

A:
0.755,0.73,0.7525,0.7525,0.74,0.7525,0.7425,0.745,0.7475,0.7525,0.7525,0.755
0.745,0.7525,0.7525,0.7525,0.7475,0.7525,0.745,0.75,0.75,0.75,0.75,0.7525
0.74,0.75,0.7475,0.7525,0.75,0.77,0.745,0.75,0.75,0.745,0.7475,0.75


B:
71.5,90.0,60.3,70.3,103.0,77.3,73.2,81.5,64.7,59.3,63.3,81.5
71.5,63.3,60.3,55.3,68.7,65.3,72.5,66.0,81.0,49.0,67.0,55.3
75.0,57.0,80.7,59.3,65.0,82.0,75.5,76.0,66.0,57.5,72.7,74.0


========================================================
Test11 (DAC Calibration) results 2008-09-01 15:18:51
Board ID150 36 channels
Linux calibration (server mode)

Calibration DAC Range: [3100 - 3500]

A:
0.7575,0.735,0.75,0.7575,0.7475,0.755,0.7425,0.75,0.745,0.75,0.7525,0.7625
0.745,0.755,0.7525,0.75,0.75,0.7525,0.745,0.7475,0.7525,0.7475,0.7525,0.7525
0.7425,0.75,0.75,0.75,0.75,0.77,0.75,0.755,0.75,0.7425,0.745,0.75


B:
62.8,72.5,69.0,52.8,76.7,68.5,72.2,64.0,72.5,68.0,63.3,55.3
71.5,54.5,60.3,64.0,61.0,65.3,72.5,74.7,70.3,57.7,58.3,55.3
66.2,57.0,69.0,68.0,65.0,69.0,58.0,58.5,66.0,66.2,80.5,71.0


