========================================================

Test10 results 12-16-2005  15:00:24
Board ID129  36 channels
HV Tests Software Ver.1.6

+5V 3083 - O'k
-5V 1354 - O'k
Interlock - On

Voltmeter channel: A=1.066098, B=8.528736

A:
Limits 1.1 +/- 0.1
1.079331,1.075269,1.075847,1.075847,1.074691,1.071811,1.079331,1.081081,1.079914,1.074114,1.072386,1.078749
1.059322,1.073537,1.084011,1.074114,1.078749,1.080497,1.080497,1.084011,1.085776,1.082837,1.081081,1.071237
1.079914,1.082251,1.081081,1.076426,1.075847,1.072961,1.074114,1.067236,1.074691,1.076426,1.071237,1.074691


B:
Limits 0.0 +/- 35.0
10.793356,7.526706,7.530788,15.061719,13.970869,7.502839,7.555364,7.567746,11.879015,2.148266,9.651596,8.629799
7.415384,9.661671,5.420056,8.592949,16.18104,19.448956,4.321996,9.7561,11.943543,14.077056,5.405584,14.997149
4.31962,3.246791,7.567746,1.076416,7.530788,5.364967,5.370607,5.336298,15.04556,5.382121,11.783437,7.522722
========================================================

Test10 results 12-16-2005  15:20:32
Board ID129  36 channels
HV Tests Software Ver.1.6

+5V 3083 - O'k
-5V 1354 - O'k
Interlock - On

Voltmeter channel: A=1.064963, B=11.714521

A:
Limits 1.1 +/- 0.1
1.079914,1.082837,1.075847,1.075269,1.074691,1.072386,1.078749,1.080497,1.080497,1.072961,1.071237,1.079331
1.059322,1.072386,1.083424,1.074691,1.078749,1.081081,1.079331,1.084599,1.085776,1.083424,1.081666,1.070664
1.080497,1.082251,1.079914,1.076426,1.077006,1.072961,1.073537,1.066098,1.074691,1.076426,1.070091,1.075269


B:
Limits 0.0 +/- 35.0
9.719189,6.497197,7.530788,17.204124,15.04556,7.506824,9.708548,8.643984,10.804978,5.364967,12.854673,7.555364
8.474706,12.868753,7.583981,7.522722,15.102291,18.378557,6.476033,8.676929,11.943543,13.001099,4.326704,17.130627
2.161002,3.246791,10.799102,2.152842,4.307805,5.364967,6.441059,8.528736,15.04556,5.382121,14.981082,5.376168
