========================================================

Test11 results 12-16-2005  15:03:37
Board ID129  36 channels
HV Tests Software Ver.1.6

+5V 3083 - O'k
-5V 1354 - O'k
Interlock - On
Calibration DAC Range: [2500 - 2900]


A:
Limits 0.76 +/- 0.04
0.75188,0.753296,0.753296,0.754717,0.756144,0.757576,0.75188,0.750469,0.750469,0.756144,0.756144,0.753296
0.766284,0.757576,0.749064,0.754717,0.750469,0.75188,0.75188,0.747664,0.747664,0.749064,0.749064,0.759013
0.749064,0.747664,0.753296,0.753296,0.753296,0.757576,0.757576,0.761905,0.756144,0.756144,0.756144,0.754717


B:
Limits 60.0 +/- 40.0
58.934105,72.306305,66.018967,57.232601,61.415546,62.135849,61.998898,66.157494,61.833134,67.100838,69.01741,64.780334
60.649445,57.364567,64.432823,69.912621,68.224762,55.77441,59.74601,67.388451,56.280827,57.045879,70.74427,57.356972
76.232407,71.177696,50.41806,70.884308,67.446297,58.176888,55.939487,63.457352,59.176281,60.188107,72.257607,63.724899
========================================================

Test11 results 12-16-2005  15:21:51
Board ID129  36 channels
HV Tests Software Ver.1.6

+5V 3084 - O'k
-5V 1355 - O'k
Interlock - On
Calibration DAC Range: [2500 - 2900]


A:
Limits 0.76 +/- 0.04
0.75188,0.747664,0.754717,0.754717,0.756144,0.757576,0.75188,0.750469,0.75188,0.756144,0.756144,0.75188
0.764818,0.754717,0.747664,0.757576,0.754717,0.750469,0.750469,0.749064,0.747664,0.750469,0.75188,0.759013
0.75188,0.75188,0.75188,0.754717,0.754717,0.757576,0.754717,0.760456,0.756144,0.756144,0.760456,0.754717


B:
Limits 60.0 +/- 40.0
59.655697,74.593109,60.671761,57.138077,61.515419,62.844414,62.993816,64.533981,58.032803,67.809723,69.121162,69.298698
65.958992,66.671722,69.009361,59.903812,53.731899,59.488834,64.264465,61.186577,57.09256,53.253307,62.457256,56.544403
66.148003,56.039478,54.87421,66.258987,60.575207,58.278057,65.861542,68.263611,58.978939,60.902157,57.652313,63.724899
