========================================================

Test10 results 11-23-2004  12:28:05
Board ID257  30 channels
HV Tests Software Ver.1.4

+5V 2514 - O'k
-5V 1326 - O'k
Interlock - On

Voltmeter channel: A=1.077586, B=10.775984

A:
1.075847,1.072961,1.085187,1.072386,1.075269,1.084599,1.076426,1.082251,1.068376,1.072386
1.057082,1.072386,1.044386,1.075269,1.068376,1.079914,1.074114,1.047669,1.079914,1.077006
1.076426,1.080497,1.077006,1.084599,1.075847,1.083424,1.071811,1.073537,1.077586,1.077586


B:
8.606635,9.656813,9.766678,7.506824,10.752512,9.761528,15.069958,9.740297,24.572664,6.434438
25.370121,11.796368,30.287344,8.601974,10.683776,7.559361,7.518835,34.573086,9.719189,8.615829
11.840678,17.28796,9.692835,11.930725,10.758329,15.167946,10.718273,6.441059,9.698398,14.008742
========================================================

Test10 results 01-12-2005  10:33:37
Board ID257  30 channels
HV Tests Software Ver.1.6

+5V 2517 - O'k
-5V 1325 - O'k
Interlock - On

Voltmeter channel: A=1.077006, B=12.923853

A:
Limits 1.1 +/- 0.1
1.076426,1.072961,1.085776,1.072961,1.074114,1.084011,1.077586,1.082251,1.083424,1.071237
1.070664,1.071811,1.075847,1.074691,1.068376,1.079331,1.074114,1.069519,1.079331,1.077586
1.075847,1.080497,1.077006,1.084599,1.075847,1.082837,1.071237,1.074114,1.077586,1.072961


B:
Limits 0.0 +/- 30.0
7.534973,9.656813,8.686214,6.437928,13.963518,10.840111,11.85357,9.740297,7.583981,9.640962
14.9893,7.502839,8.606635,10.746796,11.752151,9.714025,7.518835,9.625785,11.872686,6.465639
13.985871,16.207464,10.769841,11.930725,9.682483,17.325567,12.854673,5.370607,9.698398,7.51089
========================================================
Test10 (ADC Calibration) results 2008-04-23 10:00:31
Board ID257 30 channels
Linux calibration software

Voltmeter channel: A=1.07204, B=-1431.91

A:
1.07638,1.07304,1.08477,1.0723,1.07429,1.08584,1.07642,1.08168,1.08411,1.0719
1.07051,1.07126,1.07537,1.07412,1.06849,1.07895,1.07389,1.06913,1.07945,1.07672
1.07591,1.08113,1.07779,1.08425,1.07537,1.08354,1.07081,1.07223,1.07648,1.07142


B:
3.93022,5.65506,5.45776,5.33462,9.70708,5.83441,12.3392,7.00464,2.99214,3.61024
10.4871,4.57972,6.60591,7.48071,5.40452,7.78929,3.49901,5.91407,8.1406,5.19735
8.98585,10.0686,6.34501,9.08945,6.68128,10.5622,9.4409,7.21714,8.25939,6.45236


