========================================================

Test10 results 03-22-2005  14:50:38
Board ID312  30 channels
HV Tests Software Ver.1.6

+5V 2483 - O'k
-5V 1285 - O'k
Interlock - On

Voltmeter channel: A=1.080497, B=16.207464

A:
Limits 1.1 +/- 0.1
1.081081,1.079914,1.081081,1.079914,1.087548,1.078167,1.083424,1.082251,1.075269,1.075847
1.083424,1.079914,1.076426,1.092299,1.075269,1.079914,1.077006,1.078749,1.080497,1.074691
1.069519,1.075269,1.071237,1.086366,1.068947,1.078749,1.088732,1.079914,1.079914,1.074691


B:
Limits 0.0 +/- 30.0
15.135313,6.479447,16.216394,10.799102,10.875621,17.250803,14.084522,16.233805,18.279394,11.834177
10.834251,19.438412,17.222809,18.568897,11.827781,15.118756,23.693913,12.944794,16.207464,16.120251
11.764822,15.053588,16.068386,21.727497,18.172138,15.102291,9.798515,10.799102,9.719189,12.896177
========================================================
Test10 (ADC Calibration) results 2007-09-07 11:15:54
Board ID312 30 channels
Linux calibration software

Voltmeter channel: A=1.03345, B=-1298.37

A:
1.08022,1.07915,1.08057,1.07845,1.07804,1.07764,1.08299,1.07249,1.06966,1.07451
1.08258,1.07998,1.07598,1.09193,1.07441,1.07921,1.07778,1.0797,1.08067,1.07366
1.06896,1.07532,1.07128,1.0857,1.06885,1.07636,1.08729,1.07952,1.07861,1.07309


B:
12.0378,3.28113,12.5983,9.66089,10.2193,13.2121,11.2727,11.3047,12.1814,10.4025
7.55218,14.9854,14.3485,15.5602,8.65685,14.3204,17.2112,7.22688,11.3505,14.0796
9.68226,11.7728,15.0503,16.7612,13.7422,12.1311,8.97292,9.65622,10.5258,12.5124


========================================================
Test10 (ADC Calibration) results 2007-09-07 16:16:08
Board ID312 30 channels
Linux calibration software

Voltmeter channel: A=1.03304, B=-1296.63

A:
1.08032,1.07841,1.08111,1.07895,1.07804,1.07764,1.08299,1.07229,1.06966,1.07441
1.08248,1.08097,1.07653,1.09187,1.07461,1.07952,1.07887,1.0798,1.08057,1.07441
1.06885,1.07521,1.07097,1.08645,1.06896,1.07681,1.08773,1.07986,1.07806,1.07364


B:
11.9097,6.11121,10.8208,8.41789,10.019,13.0122,10.3895,11.7621,12.1814,10.7313
7.88103,12.4498,12.9811,14.9378,8.59923,13.9355,21.734,7.09797,11.6789,12.0568
10.011,12.1016,15.2368,15.4092,13.4134,10.4879,7.31522,8.53982,11.0153,11.819


========================================================
Test10 (ADC Calibration) results 2008-06-17 15:59:19
Board ID312 30 channels
Linux calibration software

Voltmeter channel: A=1.07, B=0

A:
1.09729,1.09591,1.09774,1.09518,1.09482,1.09464,1.09967,1.08865,1.08595,1.09109
1.09931,1.09674,1.09281,1.10942,1.09055,1.09619,1.09454,1.09628,1.09765,1.09145
1.08523,1.09182,1.08784,1.10318,1.0855,1.09109,1.10439,1.0971,1.09537,1.08919


B:
11.2752,2.88292,11.9549,10.7841,10.6799,11.941,9.97735,12.4022,12.4915,10.3792
8.77409,15.2857,13.6047,14.1852,10.2236,12.4961,21.2189,7.58919,12.2579,11.3562
9.46172,11.4602,14.4521,16.7093,13.9895,12.998,7.89105,7.71173,10.1793,13.6473


========================================================
Test10 (ADC Calibration) results 2008-07-16 21:23:30
Board ID312 30 channels
Linux calibration software

Voltmeter channel: A=1.07, B=0

A:
1.09789,1.09646,1.09846,1.0958,1.09551,1.09532,1.10009,1.08937,1.08666,1.09173
1.10047,1.09722,1.09343,1.11033,1.09125,1.09637,1.0957,1.09713,1.09884,1.09201
1.08591,1.09267,1.08862,1.10441,1.08647,1.09182,1.10509,1.09751,1.09608,1.08994


B:
10.2859,2.81778,11.0817,9.78545,9.38876,11.7534,9.82067,11.5197,11.4057,9.35945
7.05062,14.8444,12.6089,12.9249,8.91911,12.772,18.8575,6.15406,10.9535,10.8466
8.40135,10.4595,13.9503,14.2738,12.0123,11.0194,6.81195,7.12151,9.08625,12.7456


========================================================
Test10 (ADC Calibration) results 2008-07-19 11:34:37
Board ID312 30 channels
Linux calibration software

Voltmeter channel: A=1.07, B=0

A:
1.09741,1.09618,1.09846,1.09599,1.09523,1.09475,1.10009,1.08919,1.08656,1.09163
1.10009,1.09713,1.09343,1.11004,1.09097,1.09646,1.09542,1.09713,1.09865,1.09182
1.08535,1.09248,1.08853,1.10403,1.08619,1.09135,1.1049,1.0976,1.09589,1.09031


B:
11.3789,2.6415,10.642,8.95414,9.8686,11.8353,9.6007,11.4739,11.2744,9.00893
7.18057,14.2731,12.6089,12.966,8.96048,12.0279,19.7727,5.93469,10.2485,10.8011
9.78687,10.1954,13.6014,14.4013,12.7044,11.2334,7.20847,7.03476,9.04112,11.7469


========================================================
Test10 (ADC Calibration) results 2008-07-19 14:46:21
Board ID312 30 channels
Linux calibration software

Voltmeter channel: A=1.07, B=0

A:
1.09808,1.09599,1.09865,1.09589,1.09561,1.09494,1.10009,1.08928,1.08638,1.09191
1.10009,1.09703,1.09314,1.11004,1.09088,1.09665,1.09561,1.09703,1.09865,1.09173
1.08544,1.0921,1.08872,1.10393,1.08638,1.09088,1.10519,1.09722,1.0957,1.08994


B:
9.67229,3.03593,10.4682,9.26025,8.8635,11.6618,9.16051,11.1699,11.4466,8.96788
7.62049,14.5788,13.0867,12.966,9.48329,11.6349,18.943,6.02176,10.6881,11.3246
9.26624,10.7598,13.4292,14.7097,12.7502,11.665,6.94444,7.82232,8.99622,12.5277


========================================================
Test10 (ADC Calibration) results 2008-07-20 08:08:59
Board ID312 30 channels
Linux calibration software

Voltmeter channel: A=1.07, B=0

A:
1.09798,1.09608,1.09856,1.09599,1.09532,1.09466,1.10047,1.08928,1.08647,1.09201
1.10009,1.09694,1.09343,1.11023,1.09107,1.09637,1.09523,1.09713,1.09837,1.09173
1.08544,1.09248,1.08872,1.10393,1.08656,1.0906,1.10509,1.09741,1.09608,1.09013


B:
10.1984,3.16725,10.7749,8.95414,9.78176,12.1403,9.03164,11.1699,11.5776,8.22587
7.40053,14.8849,12.3903,12.7907,9.31042,12.3336,20.383,6.15406,11.1688,11.5429
9.26624,10.1954,12.9935,15.1511,11.4916,12.1421,6.81195,7.64793,8.64766,12.1373


========================================================
Test10 (ADC Calibration) results 2008-07-20 17:40:55
Board ID312 30 channels
Linux calibration software

Voltmeter channel: A=1.07, B=0

A:
1.09789,1.09589,1.09837,1.09599,1.09532,1.09485,1.10018,1.08909,1.08647,1.09154
1.0998,1.09732,1.09324,1.11033,1.09107,1.09684,1.09513,1.09703,1.09865,1.09182
1.08572,1.09257,1.08881,1.10403,1.08638,1.09116,1.10499,1.0976,1.0957,1.09031


B:
10.0664,3.34216,11.1688,8.735,9.78176,11.7484,9.07314,11.9958,11.1431,9.53245
8.10242,14.5384,13.0002,12.9249,9.31042,11.2417,20.0302,6.24112,10.6881,11.2378
8.57402,10.1088,12.9076,15.064,12.3158,11.8424,7.34162,7.03476,9.65337,11.7469


