========================================================

Test10 results 01-27-2005  11:06:45
Board ID295  30 channels
HV Tests Software Ver.1.6

+5V 2499 - O'k
-5V 1303 - O'k
Interlock - On

Voltmeter channel: A=1.092896, B=13.114578

A:
Limits 1.1 +/- 0.1
1.075847,1.076426,1.076426,1.073537,1.077006,1.069519,1.075269,1.067236,1.080497,1.085187
1.072961,1.077006,1.073537,1.075269,1.066667,1.072961,1.070664,1.085187,1.075269,1.068947
1.078167,1.078167,1.077586,1.084599,1.072961,1.081666,1.072961,1.068376,1.079914,1.079914


B:
Limits 0.0 +/- 30.0
11.834177,19.375662,13.993531,21.470581,21.539902,18.181934,11.827781,18.143127,14.04647,21.703737
24.67827,15.077866,10.735209,16.128857,14.933125,15.021619,18.201292,10.851865,16.128857,11.758456
14.016302,15.094469,15.086329,14.099923,17.167542,12.98003,18.240503,22.435913,15.118756,12.958929
========================================================
Test10 (ADC Calibration) results 2008-04-28 09:50:52
Board ID295 30 channels
Linux calibration software

Voltmeter channel: A=1.08825, B=-1390.75

A:
1.07551,1.07614,1.07722,1.07401,1.07624,1.06967,1.07487,1.0679,1.07978,1.08468
1.07357,1.07668,1.07257,1.07427,1.06597,1.07241,1.07117,1.08458,1.07491,1.06863
1.07868,1.07868,1.08188,1.08395,1.07251,1.08058,1.07254,1.06803,1.07908,1.08012


B:
7.24105,15.3434,12.1638,14.9697,18.949,12.7533,9.23512,12.7501,12.6416,17.6038
17.7937,10.7007,10.1071,14.7806,11.4295,13.3169,12.7141,9.56253,12.4123,8.22276
9.09152,11.2915,11.5093,12.3052,13.9711,10.7762,14.8065,20.1204,12.7789,8.28584


========================================================
Test10 (ADC Calibration) results 2008-06-19 12:08:44
Board ID295 30 channels
Linux calibration software

Voltmeter channel: A=1.07, B=0

A:
1.09279,1.09343,1.09488,1.09152,1.09143,1.0862,1.09161,1.08405,1.0968,1.10194
1.08468,1.09379,1.09034,1.09188,1.08289,1.08935,1.08872,1.10231,1.08746,1.08593
1.09552,1.09543,1.10084,1.10102,1.08971,1.09817,1.09052,1.08549,1.09671,1.09662


B:
5.88554,13.8277,11.4024,13.1677,18.4895,11.956,8.06352,13.0685,11.4036,16.4024
22.9037,9.77702,8.57525,12.6172,10.4565,11.2332,11.3781,7.47046,14.4945,6.12255
7.97024,10.0257,11.0182,10.8507,11.5548,9.27082,11.4623,17.3927,9.73234,8.93911


