========================================================

Test11 results 01-27-2005  11:08:05
Board ID295  30 channels
HV Tests Software Ver.1.6

+5V 2499 - O'k
-5V 1304 - O'k
Interlock - On
Calibration DAC Range: [2500 - 2900]


A:
Limits 0.76 +/- 0.04
0.744879,0.744879,0.744879,0.747664,0.744879,0.750469,0.744879,0.750469,0.740741,0.740741
0.747664,0.744879,0.747664,0.746269,0.75188,0.747664,0.749064,0.739372,0.746269,0.750469
0.743494,0.742115,0.744879,0.744879,0.749064,0.742115,0.746269,0.75188,0.742115,0.744879


B:
Limits 70.0 +/- 30.0
63.205814,57.59322,62.175243,50.687038,59.271561,56.159542,66.978401,59.825043,67.4972,50.378963
54.702446,57.667053,61.684776,56.880859,60.992229,59.359825,60.218243,60.460217,55.427856,64.894737
61.567623,65.960754,56.938358,57.677601,50.746502,59.103439,67.944618,53.053436,62.242027,51.60218
========================================================
Test11 (DAC Calibration) results 2008-04-28 09:50:52
Board ID295 30 channels
Linux calibration software
Calibration DAC Range: [1100 - 2700]

A:
0.744948,0.743771,0.743771,0.74599,0.743702,0.748643,0.745018,0.750258,0.741633,0.73828
0.745921,0.743771,0.746617,0.745434,0.751244,0.747105,0.747594,0.738348,0.745365,0.748994
0.742391,0.742391,0.740192,0.742873,0.747035,0.741084,0.746269,0.749415,0.742115,0.741771


B:
65.8627,64.0757,65.4146,60.0896,66.9982,64.6266,68.8956,63.2935,67.2012,61.9786
65.7063,65.4146,67.4288,62.3556,67.1893,64.5125,67.8723,66.3129,62.0052,72.5305
68.2256,66.5924,65.6552,67.4064,61.621,66.188,71.6419,62.8104,65.4917,66.713


