========================================================

Test10 results 09-27-2006  22:26:05
Board ID342  30 channels
HV Tests Software Ver.1.6.8

+5V 2514 - O'k
-5V 1327 - O'k
Interlock - On
Number of Samples: 400

Voltmeter channel: A=1.075847, B=17.213413

A:
Limits 1.1 +/- 0.1
1.078167,1.086957,1.068947,1.076426,1.070664,1.073537,1.079914,1.084011,1.071811,1.074691
1.079331,1.075269,1.085187,1.068947,1.075847,1.075269,1.078167,1.074114,1.084599,1.062699
1.072961,1.081081,1.077586,1.084011,1.078167,1.070091,1.086366,1.082837,1.072386,1.072386


B:
Limits 0.0 +/- 30.0
11.859968,8.695728,8.551615,19.375662,9.635981,12.882283,11.879015,13.008133,9.646461,20.419016
11.872686,12.903049,8.68149,20.310034,6.454941,5.376168,10.781801,10.741177,17.353718,23.379599
22.532349,15.135313,11.85357,11.924122,12.938135,11.770809,16.295668,6.497197,4.289666,16.085913
========================================================

Test10 results 09-27-2006  23:04:03
Board ID342  30 channels
HV Tests Software Ver.1.6.8

+5V 2513 - O'k
-5V 1328 - O'k
Interlock - On
Number of Samples: 400

Voltmeter channel: A=1.075847, B=16.137566

A:
Limits 1.1 +/- 0.1
1.078167,1.086957,1.068947,1.076426,1.070091,1.073537,1.080497,1.083424,1.071811,1.075269
1.079331,1.075269,1.084599,1.068947,1.075269,1.079331,1.078167,1.074114,1.084011,1.062135
1.074114,1.081081,1.077006,1.084011,1.078167,1.070091,1.085776,1.082837,1.071811,1.072961


B:
Limits 0.0 +/- 30.0
11.859968,8.695728,8.551615,19.375662,10.700718,12.882283,9.724482,14.084522,9.646461,18.279394
11.872686,12.903049,9.761528,20.310034,7.526706,4.317371,10.781801,10.741177,18.428186,21.242807
20.408201,15.135313,12.923853,11.924122,11.859968,11.770809,17.372425,6.497197,5.359216,13.948658
========================================================
Test10 (ADC Calibration) results 2007-12-12 10:28:04
Board ID342 30 channels
Linux calibration software

Voltmeter channel: A=1.06802, B=-1375.63

A:
1.07574,1.085,1.06592,1.07427,1.06786,1.07203,1.07799,1.08184,1.0697,1.07407
1.07783,1.07462,1.08393,1.0666,1.07394,1.07595,1.0765,1.07093,1.08358,1.07032
1.07621,1.07826,1.07728,1.08185,1.07711,1.06742,1.08506,1.08039,1.06919,1.071


B:
6.24649,0.583283,2.13452,10.6068,3.42514,3.74793,4.342,5.77993,2.14087,9.78719
5.55804,3.40462,1.08708,13.4848,-0.370085,-0.533142,1.82495,6.33578,8.45884,9.63315
10.5316,9.25208,3.55769,4.75043,4.31808,5.80102,8.67955,0.0704161,-0.350709,7.52409


========================================================
Test10 (ADC Calibration) results 2008-06-17 15:59:19
Board ID342 30 channels
Linux calibration software

Voltmeter channel: A=1.07, B=0

A:
1.09262,1.10086,1.08226,1.09026,1.08423,1.08809,1.09453,1.09893,1.08503,1.09053
1.09426,1.09108,1.10003,1.08324,1.08981,1.09244,1.0928,1.08836,1.10059,1.06765
1.08737,1.09508,1.09253,1.09856,1.09298,1.08405,1.10197,1.09673,1.08566,1.08764


B:
5.19442,2.03094,3.44486,13.0288,3.57134,4.99731,4.53343,4.89761,4.56003,9.29106
5.87863,3.33772,1.68931,13.149,0.582158,-0.10073,3.71635,4.53002,8.00671,21.2751
15.0131,8.63075,5.27766,5.01393,5.07946,6.33898,8.73134,0.76704,-0.36304,7.37035


