========================================================

Test11 results 09-27-2006  22:29:58
Board ID342  30 channels
HV Tests Software Ver.1.6.8

+5V 2514 - O'k
-5V 1327 - O'k
Interlock - On
Calibration DAC Range: [2500 - 2900]
Number of Samples: 400

A:
Limits 0.76 +/- 0.04
0.760456,0.754717,0.767754,0.761905,0.766284,0.764818,0.760456,0.757576,0.764818,0.761905
0.760456,0.763359,0.754717,0.767754,0.761905,0.763359,0.760456,0.763359,0.756144,0.772201
0.764818,0.759013,0.760456,0.760456,0.759013,0.766284,0.753296,0.757576,0.764818,0.763359


B:
Limits 60.0 +/- 30.0
62.329788,63.248592,66.161835,60.695072,56.26408,56.665592,61.018112,57.756485,66.155243,62.815609
58.44619,59.97699,67.866074,57.134163,66.320816,64.901924,63.149654,63.847458,60.770718,49.30249
50.918251,58.418404,65.497673,66.733604,70.169212,67.743927,64.400375,59.910843,69.556961,63.49802
========================================================

Test11 results 09-27-2006  23:06:55
Board ID342  30 channels
HV Tests Software Ver.1.6.8

+5V 2513 - O'k
-5V 1327 - O'k
Interlock - On
Calibration DAC Range: [2500 - 2900]
Number of Samples: 400

A:
Limits 0.76 +/- 0.04
0.760456,0.754717,0.767754,0.761905,0.766284,0.764818,0.759013,0.757576,0.764818,0.761905
0.760456,0.763359,0.756144,0.767754,0.763359,0.760456,0.760456,0.763359,0.757576,0.772201
0.764818,0.759013,0.760456,0.760456,0.759013,0.766284,0.754717,0.757576,0.764818,0.763359


B:
Limits 60.0 +/- 30.0
62.329788,63.248592,66.161835,60.695072,56.26408,56.665592,66.51442,58.475407,66.155243,62.928703
58.44619,59.97699,62.512287,57.134163,61.618698,65.833344,63.149654,63.847458,56.114086,51.637756
50.918251,58.418404,65.497673,66.733604,70.987709,67.743927,59.772953,60.013863,70.253998,63.49802
