========================================================

Test11 results 12-19-2006  19:34:19
Board ID337  30 channels
HV Tests Software Ver.1.6.8

+5V 2503 - O'k
-5V 1322 - O'k
Interlock - On
Calibration DAC Range: [2500 - 2900]
Number of Samples: 400

A:
Limits 0.76 +/- 0.04
0.760456,0.747664,0.750469,0.743494,0.743494,0.747664,0.747664,0.746269,0.743494,0.743494
0.746269,0.747664,0.75188,0.747664,0.742115,0.747664,0.747664,0.747664,0.747664,0.750469
0.75188,0.746269,0.746269,0.743494,0.750469,0.739372,0.746269,0.749064,0.746269,0.756144


B:
Limits 60.0 +/- 30.0
55.330284,58.958981,68.903778,62.296051,79.931534,63.536411,64.589455,61.363026,82.336456,61.129803
64.179207,69.788605,60.638317,64.339386,70.260529,69.788605,64.589455,71.479973,62.815762,68.995018
65.188698,71.48539,65.062302,64.872322,69.086266,65.407829,66.505104,66.812233,73.723099,71.878242
========================================================
Test11 (DAC Calibration) results 2008-01-29 11:05:03
Board ID337 30 channels
Linux calibration software
Calibration DAC Range: [1100 - 2700]

A:
0.75851,0.746547,0.752658,0.745434,0.74613,0.748223,0.747803,0.746338,0.743494,0.743011
0.747664,0.748573,0.75188,0.747873,0.743149,0.748363,0.746547,0.749415,0.748013,0.751597
0.752304,0.746408,0.746687,0.74308,0.750892,0.73985,0.747314,0.749274,0.748573,0.757074


B:
70.7025,72.1538,71.7189,64.89,81.0854,70.7444,74.014,71.247,89.591,72.4158
69.1214,76.2514,69.9248,72.7213,76.6837,76.2395,78.1262,75.4006,69.8364,74.6713
72.9548,79.362,72.4099,74.6981,77.1353,72.94,72.4428,74.9929,75.5028,76.7388


