========================================================

Test11 results 03-31-2005  14:35:59
Board ID044  36 channels
HV Tests Software Ver.1.6

+5V 2476 - O'k
-5V 1315 - O'k
Interlock - On
Calibration DAC Range: [2500 - 2900]


A:
Limits 0.76 +/- 0.04
0.756144,0.756144,0.761905,0.757576,0.760456,0.760456,0.749064,0.754717,0.756144,0.756144,0.760456,0.75188
0.757576,0.754717,0.754717,0.757576,0.756144,0.756144,0.756144,0.761905,0.75188,0.759013,0.753296,0.756144
0.763359,0.756144,0.759013,0.757576,0.760456,0.753296,0.759013,0.759013,0.760456,0.757576,0.749064,0.757576


B:
Limits 60.0 +/- 30.0
65.879486,59.890152,59.618996,71.555054,72.091331,57.226044,69.033638,69.811279,74.367828,63.347443,55.104153,58.301174
67.713539,70.621086,59.667191,58.887856,79.220184,66.186119,51.669304,64.741577,63.344608,44.741898,63.586388,63.448051
54.458294,64.967354,64.45623,63.759754,57.226044,65.208107,53.700142,62.339108,60.475803,60.307571,71.28833,60.409664
========================================================
Test11 (DAC Calibration) results 2007-09-21 10:25:50
Board ID44 36 channels
Linux calibration software
Calibration DAC Range: [1100 - 2700]

A:
0.756144,0.754503,0.759806,0.757146,0.760023,0.758078,0.749344,0.755073,0.756072,0.756287,0.757504,0.750117
0.756072,0.755073,0.753296,0.757863,0.758078,0.754361,0.754006,0.762268,0.75287,0.755786,0.753012,0.756144
0.761905,0.755858,0.756859,0.755644,0.757791,0.751527,0.756144,0.756501,0.758797,0.757146,0.749485,0.757002


B:
70.4346,69.0465,70.3107,76.3392,77.1613,67.9524,70.5507,72.3455,77.1855,65.0974,69.1884,67.8388
76.4294,70.8354,68.7383,62.3342,76.7458,75.5776,61.7342,67.432,62.5447,60.0378,67.9215,67.1077
63.0476,69.0098,73.6991,73.5335,67.4337,71.1602,70.8884,71.1583,70.7674,65.1334,72.6063,65.935


