========================================================

Test10 results 03-22-2005  12:37:14
Board ID308  30 channels
HV Tests Software Ver.1.6

+5V 2504 - O'k
-5V 1313 - O'k
Interlock - On

Voltmeter channel: A=1.083424, B=3.250286

A:
Limits 1.1 +/- 0.1
1.076426,1.079914,1.069519,1.071811,1.082251,1.078749,1.077586,1.081666,1.071237,1.075847
1.077006,1.081081,1.086366,1.073537,1.085187,1.079331,1.079914,1.078167,1.075269,1.086957
1.074691,1.081081,1.081081,1.088732,1.081081,1.074691,1.071811,1.075269,1.075269,1.081081


B:
Limits 0.0 +/- 30.0
10.764252,7.559361,7.486748,11.790084,5.411294,7.55105,7.543225,4.326704,4.284775,4.303246
5.384811,3.243422,6.518373,11.808746,-7.152557e-006,8.634694,15.118756,7.547299,4.300899,14.13051
8.597414,7.567746,4.324503,4.354857,8.648827,8.597414,5.359216,9.677243,4.300899,5.405584
========================================================
Test10 (ADC Calibration) results 2007-09-03 16:35:43
Board ID308 30 channels
Linux calibration software

Voltmeter channel: A=1.06335, B=-1553.5

A:
1.07692,1.08038,1.06998,1.07136,1.08189,1.07847,1.07652,1.08014,1.07146,1.07646
1.07575,1.08034,1.08547,1.07458,1.08497,1.07903,1.08024,1.07146,1.07391,1.08597
1.07465,1.08255,1.08151,1.09348,1.07404,1.07441,1.07029,1.07521,1.07944,1.0805


B:
5.38444,3.35169,3.42927,8.16285,3.22462,5.87122,8.51258,5.46039,1.03489,2.1326
3.35846,1.56397,5.94019,8.33171,-1.41848,7.27262,10.0936,3.91106,4.69514,12.1265
5.20034,2.5438,0.877805,-0.441081,13.2456,6.3793,6.44386,5.95225,4.63853,4.1593


========================================================
Test10 (ADC Calibration) results 2008-06-17 15:59:19
Board ID308 30 channels
Linux calibration software

Voltmeter channel: A=1.07, B=0

A:
1.09436,1.09637,1.08676,1.08793,1.0982,1.095,1.09363,1.09683,1.08757,1.09363
1.07458,1.09692,1.10337,1.09163,1.10198,1.09591,1.09756,1.08829,1.09055,1.10346
1.091,1.09866,1.0982,1.11328,1.04005,1.091,1.08775,1.09209,1.09701,1.0971


B:
5.18728,4.21634,2.61852,9.36535,3.84966,5.47596,6.07643,4.67304,0.561604,2.35818
13.0677,1.29817,4.18403,8.57011,-1.1598,6.82831,7.95119,2.72048,4.11642,10.7206
5.22562,2.98857,-0.323567,1.14516,45.3767,5.44363,4.52772,4.4395,2.09188,4.20105


