========================================================

Test10 results 02-08-2006  14:25:42
Board ID386  30 channels
HV Tests Software Ver.1.6

+5V 2541 - O'k
-5V 1308 - O'k
Interlock - On

Voltmeter channel: A=1.054296, B=29.520304

A:
Limits 1.1 +/- 0.1
1.072961,1.074114,1.064963,1.084011,1.064963,1.083424,1.081081,1.072961,1.070664,1.084011
1.078749,1.079331,1.076426,1.067806,1.074691,1.084011,1.072386,1.070091,1.077586,1.076426
1.079914,1.081666,1.070664,1.082837,1.072961,1.082251,1.074691,1.068376,1.082251,1.068947


B:
Limits 0.0 +/- 35.0
10.729774,9.667063,6.389708,9.7561,13.844446,7.583981,9.729908,7.51089,7.494653,9.7561
10.787296,12.952018,18.299236,8.542488,20.419016,6.504067,6.434438,10.700718,6.465639,10.764252
6.479447,6.490035,9.635981,8.662871,11.802734,9.740297,15.04556,9.6154,8.658047,14.965298
========================================================
Test10 (ADC Calibration) results 2008-01-25 05:59:54
Board ID386 30 channels
Linux calibration software

Voltmeter channel: A=1.05, B=-1428

A:
1.07305,1.07369,1.06287,1.08373,1.06667,1.08272,1.0802,1.07244,1.07053,1.08343
1.07859,1.07994,1.07651,1.06818,1.07524,1.08266,1.07087,1.06912,1.07722,1.07486
1.07954,1.08175,1.07127,1.08257,1.07264,1.08165,1.07419,1.06845,1.08137,1.06915


B:
6.64478,5.77236,6.83871,6.16309,5.86683,6.44873,7.66284,4.57961,5.21657,7.9486
7.91979,7.47683,15.5706,4.06186,17.0695,7.52426,5.97377,9.40462,4.54747,11.3011
5.59119,4.48206,5.98808,6.21442,10.1779,7.8921,11.3518,4.79241,7.74192,10.6222


========================================================
Test10 (ADC Calibration) results 2008-06-19 12:08:44
Board ID386 30 channels
Linux calibration software

Voltmeter channel: A=1.07, B=0

A:
1.09047,1.09056,1.08026,1.10106,1.07893,1.10134,1.09739,1.08849,1.07982,1.10023
1.09583,1.09812,1.06607,1.08445,1.08993,1.10051,1.08777,1.07911,1.09301,1.09711
1.09684,1.09876,1.08633,1.09922,1.10079,1.10014,1.09383,1.08552,1.09876,1.06963


B:
4.27633,5.50166,5.06231,5.50891,9.32155,4.81557,6.89009,5.89219,11.9544,7.1462
6.12094,7.53703,43.6464,4.41665,19.164,3.59243,5.46915,15.4161,5.86865,6.70254
4.97967,5.63148,6.58124,6.75049,7.52286,8.55069,9.05334,4.07061,5.41178,26.9429


========================================================
Test10 (ADC Calibration) results 2008-07-17 09:50:45
Board ID386 30 channels
Linux calibration software

Voltmeter channel: A=1.07, B=0

A:
1.0908,1.09108,1.08073,1.10163,1.07963,1.10172,1.0979,1.0892,1.07122,1.10067
1.09638,1.09838,1.05066,1.08463,1.08789,1.09476,1.08827,1.05752,1.09353,1.09771
1.09752,1.09933,1.07022,1.10019,1.10211,1.07742,1.09543,1.0864,1.09895,1.08584


B:
5.06478,6.11372,5.05206,5.65412,9.32097,5.12548,6.42189,5.44822,18.4103,7.18885
6.0609,8.18228,21.6943,4.6833,21.0191,9.50987,5.66008,34.7019,5.60499,7.47454
4.79481,5.11219,17.1935,6.52553,7.42023,28.8231,9.1219,3.69314,6.56081,12.6817


========================================================
Test10 (ADC Calibration) results 2008-07-19 11:33:18
Board ID386 30 channels
Linux calibration software

Voltmeter channel: A=1.07, B=0

A:
1.09108,1.09118,1.08073,1.10144,1.07862,1.10144,1.09761,1.0892,1.06814,1.10048
1.09638,1.09857,1.05189,1.08491,1.08705,1.09344,1.08836,1.05496,1.09353,1.09733
1.09723,1.09952,1.06941,1.10029,1.10153,1.04649,1.09505,1.08621,1.09943,1.04124


B:
4.58592,5.80899,4.61987,5.6087,9.82954,5.6087,6.68314,5.44822,19.5512,7.58387
5.40296,6.90955,33.7963,3.77381,20.6975,10.0653,4.92084,33.4764,5.38633,7.38383
5.05664,4.71741,17.3083,5.3376,7.72399,57.0178,8.59234,4.0834,4.80507,47.2299


========================================================
Test10 (ADC Calibration) results 2008-07-19 17:28:33
Board ID386 30 channels
Linux calibration software

Voltmeter channel: A=1.07, B=0

A:
1.09089,1.0908,1.08064,1.10115,1.07852,1.10144,1.09752,1.0892,1.06607,1.10057
1.09628,1.09809,1.05189,1.08453,1.08658,1.09146,1.0878,1.05303,1.09363,1.09752
1.09733,1.09924,1.06733,1.1001,1.10172,1.0439,1.09495,1.08602,1.09924,1.04141


B:
4.54215,6.37395,4.92179,6.09165,9.69874,4.948,6.77039,5.44822,22.5389,6.83601
5.92855,8.00441,30.6406,4.76973,21.7745,11.6607,5.87478,36.3194,5.29898,6.77039
4.53067,4.97985,20.304,5.51261,7.76951,59.5883,9.11738,4.25632,5.41932,48.3208


