========================================================

Test11 results 02-08-2006  14:27:52
Board ID386  30 channels
HV Tests Software Ver.1.6

+5V 2540 - O'k
-5V 1309 - O'k
Interlock - On
Calibration DAC Range: [2500 - 2900]


A:
Limits 0.76 +/- 0.04
0.75188,0.753296,0.756144,0.744879,0.757576,0.744879,0.746269,0.75188,0.75188,0.742115
0.746269,0.749064,0.750469,0.756144,0.750469,0.744879,0.75188,0.756144,0.75188,0.749064
0.744879,0.746269,0.754717,0.747664,0.75188,0.746269,0.75188,0.754717,0.744879,0.754717


B:
Limits 60.0 +/- 40.0
59.655331,55.11549,70.299309,60.17429,57.779236,62.519676,62.565693,66.736694,71.193451,69.907227
65.629837,55.741055,52.418373,57.190483,56.117401,61.789165,66.456573,53.436531,55.159103,64.201302
73.959824,63.452797,56.572407,67.940979,61.08952,60.302471,56.424965,63.458096,68.81514,57.810799
========================================================
Test11 (DAC Calibration) results 2008-01-25 05:59:54
Board ID386 30 channels
Linux calibration software
Calibration DAC Range: [1100 - 2700]

A:
0.751174,0.751103,0.758366,0.743771,0.75643,0.744463,0.746199,0.751597,0.752941,0.743978
0.747314,0.746756,0.749134,0.755358,0.750399,0.744879,0.753083,0.753935,0.748643,0.749906
0.747035,0.745504,0.7528,0.748713,0.751456,0.745573,0.750751,0.754788,0.745018,0.75429


B:
64.8825,66.6321,67.106,66.9021,65.2042,66.6852,65.7681,70.4623,69.9764,65.5726
65.5675,66.1907,59.3033,63.3463,58.4465,65.3632,66.4692,64.3957,68.3698,65.4294
67.5973,67.6264,65.6535,66.7759,64.6439,65.89,64.8648,66.5441,71.8757,61.3426


========================================================
Test11 (ADC Calibration) results 2008-06-19 12:56:33
Board ID386 30 channels
Linux calibration software

Calibration DAC Range: [1000 - 3500]

A:
0.7392,0.7396,0.7464,0.732,0.7472,0.7324,0.7344,0.7408,0.7468,0.7328
0.736,0.7344,0.7568,0.744,0.74,0.7328,0.7416,0.7476,0.7376,0.7348
0.7356,0.7336,0.7428,0.7376,0.7328,0.7328,0.7368,0.7428,0.7332,0.7544


B:
66.8,67.4,68.6,68,64.8,66.6,67.6001,69.1999,65.2,66.2
66,66.6001,37.2,63.9999,58,68.2,66.4001,58.3999,68.3999,68.2001
67.4,68.3999,63.2,66.3999,65.2,66.2,68.2,68.2,73.7999,48.5999


========================================================
Test11 (ADC Calibration) results 2008-07-17 10:58:43
Board ID386 30 channels
Linux calibration software

Calibration DAC Range: [1000 - 3500]

A:
0.7392,0.7388,0.7464,0.732,0.7472,0.732,0.734,0.74,0.7524,0.7324
0.7352,0.734,0.768,0.7436,0.7416,0.7372,0.7408,0.7624,0.7372,0.7344
0.7348,0.7336,0.754,0.7368,0.7316,0.7484,0.7356,0.7424,0.7332,0.7428


B:
65.8,68.2,67.6,67,63.8,67,67.9999,71,60.6001,66.6
66.8,66.9999,54,64.4,56.4001,62.7999,67.1999,44.6001,68.7999,68.6001
68.2001,67.3999,56,67.2,66.4,51.6001,68.4,68.6,72.7999,60.2


========================================================
Test11 (ADC Calibration) results 2008-07-20 18:37:46
Board ID386 30 channels
Linux calibration software

Calibration DAC Range: [1000 - 3500]

A:
0.7392,0.7392,0.7464,0.732,0.7476,0.732,0.7344,0.7408,0.7568,0.7328
0.7356,0.734,0.768,0.7436,0.7432,0.74,0.7408,0.7648,0.7372,0.7348
0.7352,0.7332,0.7548,0.7364,0.732,0.776,0.7364,0.7428,0.7332,0.7692


B:
66.8,67.8,68.6,67,64.3999,67,67.6001,69.1999,56.2,66.2
67.4,66.9999,54,64.4,54.8,61,68.1999,43.2,68.7999,68.2001
67.8,68.7999,56.1999,68.6,66,22.9999,67.6,67.2,72.7999,34.7999


========================================================
Test11 (ADC Calibration) results 2008-07-24 23:03:59
Board ID386 30 channels
Linux calibration software

Calibration DAC Range: [1000 - 3500]

A:
0.7392,0.7392,0.7464,0.732,0.7476,0.7316,0.7348,0.7404,0.7548,0.732
0.7356,0.734,0.7684,0.744,0.7428,0.7364,0.7412,0.7616,0.7376,0.7344
0.7348,0.7332,0.7552,0.7364,0.7316,0.7712,0.736,0.7424,0.7336,0.7732


B:
66.8,67.8,68.6,68,64.3999,68.4,67.2001,70.5999,60.1999,68
67.4,66.9999,59.6,63.9999,56.2,64.6,67.8001,50.3999,68.3999,68.6001
69.2001,68.7999,56.7999,68.6,66.4,27.8,68,68.6,72.3999,34.8001


========================================================
Test11 (ADC Calibration) results 2008-08-13 01:14:42
Board ID386 30 channels
Linux calibration software

Calibration DAC Range: [1000 - 3500]

A:
0.7388,0.7392,0.746,0.7316,0.7472,0.7316,0.7348,0.74,0.758,0.7324
0.7352,0.7336,0.7704,0.7432,0.7424,0.7368,0.7408,0.7588,0.7372,0.7332
0.7344,0.7328,0.756,0.7364,0.7288,0.736,0.7348,0.7424,0.7332,0.7424


B:
66.2,66.8,69,68.4,64.8,67.4,66.2001,71,56.9999,66.6
67.8,67.3999,33.6,64.8,56.6,64.2,68.1999,50.1999,68.7999,68.7999
68.6001,68.2,58.0001,68.6,66.2,63,68.2001,67.6,72.7999,59.6


========================================================
Test11 (DAC Calibration) results 2008-08-27 10:32:10
Board ID386 30 channels
Linux calibration (server mode)

Calibration DAC Range: [3100 - 3500]

A:
0.756286,0.756571,0.764286,0.749429,0.763714,0.749143,0.751714,0.759143,0.773714,0.749714
0.753143,0.750857,0.774571,0.760286,0.756857,0.755143,0.758571,0.768286,0.755429,0.750857
0.752,0.750857,0.772571,0.754,0.745429,0.750286,0.752,0.76,0.752286,0.764286


B:
0.0,0.0,0.0,0.0,0.0,0.0,0.0,0.0,0.0,0.0
0.0,0.0,0.0,0.0,0.0,0.0,0.0,0.0,0.0,0.0
0.0,0.0,0.0,0.0,0.0,0.0,0.0,0.0,0.0,0.0


========================================================
Test11 (ADC Calibration) results 2008-08-27 13:08:29
Board ID386 30 channels
Linux calibration software

Calibration DAC Range: [1000 - 3500]

A:
0.7376,0.7376,0.7444,0.7304,0.746,0.73,0.7328,0.7384,0.7608,0.7308
0.7336,0.732,0.7648,0.7416,0.7432,0.738,0.7396,0.7676,0.7356,0.7312
0.7324,0.7312,0.7568,0.7352,0.7268,0.732,0.7332,0.7412,0.7316,0.7556


B:
65.3999,66.3999,68.5999,66.5999,63,66.9999,67.2,70.6001,53.2,66.2001
67.3999,66,49.2,64.4001,53.8,61.0001,66.4,42.4,68.4,68.8001
68.6,67.8001,56.2,66.8,65.1999,66,66.7999,65.8001,72.4,45.4001


========================================================
Test11 (DAC Calibration) results 2008-08-28 18:58:19
Board ID386 30 channels
Linux calibration (server mode)

Calibration DAC Range: [3100 - 3500]

A:
0.745,0.7425,0.75,0.74,0.7525,0.735,0.7425,0.745,0.7625,0.735
0.745,0.7375,0.7675,0.7475,0.745,0.745,0.7425,0.7775,0.7425,0.735
0.7375,0.7375,0.76,0.7425,0.7325,0.7375,0.74,0.7525,0.74,0.76


B:
69.5,78.2,80.0,63.0,72.3,78.5,63.2,77.5,87.3,80.5
57.5,77.7,75.8,73.7,82.5,71.5,85.2,74.8,74.2,85.5
79.7,75.7,74.0,71.2,76.2,76.7,73.0,57.3,73.0,81.0


========================================================
Test11 (DAC Calibration) results 2008-08-30 18:22:55
Board ID386 30 channels
Linux calibration (server mode)

Calibration DAC Range: [3100 - 3500]

A:
0.75,0.75,0.7525,0.7425,0.755,0.74,0.7425,0.75,0.77,0.74
0.745,0.7425,0.7725,0.7525,0.7475,0.7475,0.7525,0.7775,0.745,0.74
0.7425,0.7375,0.76,0.745,0.735,0.74,0.7425,0.7525,0.745,0.7675


B:
62.0,64.0,80.3,64.2,71.5,71.0,72.2,70.0,64.0,73.0
67.5,69.2,68.3,67.3,77.7,68.7,61.3,67.8,75.5,77.0
73.2,84.7,82.0,71.5,74.5,75.0,73.2,66.3,66.5,65.8


========================================================
Test11 (DAC Calibration) results 2008-08-30 21:24:16
Board ID386 30 channels
Linux calibration (server mode)

Calibration DAC Range: [3100 - 3500]

A:
0.7275,0.725,0.7325,0.7175,0.735,0.7175,0.7175,0.7275,0.75,0.7225
0.72,0.72,0.7575,0.7275,0.73,0.725,0.73,0.7625,0.7225,0.7225
0.72,0.72,0.7425,0.725,0.715,0.72,0.72,0.73,0.72,0.7425


B:
68.7,77.5,77.2,78.8,69.5,77.8,86.8,76.7,68.0,63.2
81.0,76.0,50.8,79.7,70.0,77.5,67.0,62.3,81.2,67.2
78.0,74.0,70.2,69.5,74.5,90.0,79.0,72.0,79.0,81.2


========================================================
Test11 (DAC Calibration) results 2008-08-30 21:52:00
Board ID386 30 channels
Linux calibration (server mode)

Calibration DAC Range: [3100 - 3500]

A:
0.7475,0.75,0.755,0.74,0.755,0.7425,0.7425,0.7475,0.7675,0.74
0.745,0.74,0.775,0.75,0.75,0.7475,0.75,0.78,0.7425,0.7425
0.7425,0.7425,0.7625,0.745,0.735,0.745,0.7425,0.7525,0.7425,0.7675


B:
70.7,63.0,71.5,72.0,72.5,63.2,72.2,78.7,83.8,74.0
67.5,78.0,64.5,75.0,72.0,71.7,70.0,76.0,84.2,69.2
73.2,68.2,74.3,72.5,75.5,66.5,73.2,67.3,74.2,69.8


========================================================
Test11 (DAC Calibration) results 2008-08-31 12:06:18
Board ID386 30 channels
Linux calibration (server mode)

Calibration DAC Range: [3100 - 3500]

A:
0.7475,0.745,0.755,0.74,0.76,0.7425,0.7425,0.7475,0.77,0.74
0.745,0.74,0.7725,0.75,0.75,0.7475,0.75,0.7875,0.7475,0.7425
0.7425,0.7425,0.7675,0.745,0.74,0.745,0.7425,0.7525,0.7425,0.7675


B:
69.7,80.5,71.5,72.0,57.0,64.2,73.2,79.7,80.0,74.0
67.5,78.0,77.3,75.0,70.0,72.7,70.0,61.7,67.7,70.2
72.2,69.2,58.8,72.5,60.0,66.5,74.2,67.3,73.2,71.8


========================================================
Test11 (DAC Calibration) results 2008-08-31 16:15:23
Board ID386 30 channels
Linux calibration (server mode)

Calibration DAC Range: [3100 - 3500]

A:
0.7475,0.745,0.755,0.74,0.76,0.7425,0.7425,0.7475,0.77,0.74
0.745,0.74,0.7725,0.75,0.75,0.7475,0.75,0.78,0.7475,0.7425
0.7425,0.7425,0.7625,0.745,0.74,0.7425,0.7425,0.7525,0.7425,0.7675


B:
70.7,80.5,71.5,72.0,57.0,63.2,72.2,78.7,77.0,74.0
67.5,78.0,77.3,75.0,70.0,71.7,70.0,68.0,66.7,69.2
73.2,68.2,76.3,72.5,60.0,68.2,73.2,67.3,74.2,75.8


========================================================
Test11 (DAC Calibration) results 2008-08-31 18:30:19
Board ID386 30 channels
Linux calibration (server mode)

Calibration DAC Range: [3100 - 3500]

A:
0.7475,0.745,0.755,0.74,0.76,0.7375,0.745,0.7525,0.77,0.74
0.745,0.74,0.775,0.75,0.75,0.7475,0.75,0.7825,0.7475,0.7425
0.7425,0.7425,0.765,0.745,0.735,0.74,0.7475,0.7525,0.7375,0.7675


B:
69.7,80.5,71.5,72.0,57.0,79.7,65.5,62.3,75.0,74.0
67.5,78.0,64.5,75.0,70.0,70.7,70.0,72.2,67.7,70.2
72.2,67.2,65.5,72.5,75.5,79.0,56.7,67.3,90.7,75.8


========================================================
Test11 (DAC Calibration) results 2008-09-01 15:18:44
Board ID386 30 channels
Linux calibration (server mode)

Calibration DAC Range: [3100 - 3500]

A:
0.7425,0.7525,0.755,0.74,0.755,0.7375,0.745,0.7525,0.77,0.74
0.745,0.74,0.775,0.75,0.7525,0.7475,0.75,0.78,0.7475,0.7425
0.7425,0.7425,0.76,0.745,0.735,0.745,0.7425,0.7525,0.7375,0.77


B:
86.2,54.3,71.5,72.0,72.5,78.7,65.5,62.3,72.0,74.0
67.5,78.0,60.5,75.0,57.3,69.7,70.0,62.0,66.7,69.2
71.2,68.2,83.0,72.5,75.5,74.5,73.2,67.3,89.7,59.0


