========================================================
Test10 (ADC Calibration) results 2014-01-19 19:51:39
Board IDXXX 30 channels
Host: ufcmshv1
Linux calibration software

Voltmeter channel: A=1.09534, B=7.90604

A:
1.12054,1.07961,1.08556,1.08258,1.07639,1.07657,1.10016,1.0842,1.08756,1.11459
1.1251,1.08538,1.10408,1.09249,1.12822,1.07408,1.07711,1.10035,1.09728,1.09396
1.0902,1.08366,1.08628,1.04913,1.06103,1.09194,1.08393,1.10147,1.09249,1.10203


B:
5.54525,11.3146,7.18706,7.74098,7.57821,7.41413,7.9556,8.20819,7.75899,7.69296
8.26453,6.91808,8.40327,8.29683,8.00142,6.26575,7.35338,7.78801,6.37254,7.40361
7.9704,6.75153,6.74259,9.14066,7.48648,7.92103,6.07069,7.00313,7.64111,6.94073


========================================================
Test10 (ADC Calibration) results 2014-03-12 17:37:42
Board ID447 30 channels
Host: ufcmshv1
Linux calibration software

Voltmeter channel: A=1.10221, B=3.24527

A:
1.1039,1.11106,1.10025,1.0971,1.12793,1.09654,1.12209,1.10091,1.09738,1.10794
1.09332,1.09387,1.07391,1.05783,1.07497,1.10917,1.11201,1.07488,1.07586,1.07702
1.05159,1.08819,1.11192,1.12412,1.06337,1.10709,1.11373,1.09645,1.09988,1.06094


B:
0.62359,2.37603,3.25077,2.15151,2.845,2.2164,1.93247,2.66186,1.89967,2.95637
2.95656,2.89248,2.13384,3.48321,3.51165,3.18518,1.7477,1.44433,2.90524,2.05018
1.35572,1.52036,2.27768,3.27377,3.38822,3.49628,3.77729,2.081,2.92712,2.26292


