========================================================

Test10 results 12-20-2005  14:48:50
Board ID152  36 channels
HV Tests Software Ver.1.6

+5V 2490 - O'k
-5V 1326 - O'k
Interlock - On

Voltmeter channel: A=1.060445, B=24.390091

A:
Limits 1.1 +/- 0.1
1.081081,1.078749,1.079914,1.084011,1.077006,1.078167,1.077006,1.077006,1.074114,1.082837,1.088139,1.077006
1.080497,1.079331,1.076426,1.089325,1.086957,1.084599,1.076426,1.079331,1.088732,1.081666,1.083424,1.082837
1.080497,1.079331,1.073537,1.078749,1.074691,1.085776,1.081666,1.077006,1.072961,1.079914,1.087548,1.087548


B:
Limits 0.0 +/- 35.0
9.729908,7.55105,5.399534,5.420056,7.538823,8.625466,6.461817,8.615829,8.592949,9.745708,7.616924,6.461817
9.724482,9.714025,9.687826,9.804014,10.869641,10.846127,7.534973,7.555364,8.709784,9.735032,9.750828,9.745708
9.724482,8.634694,8.588134,7.55105,8.597414,9.771991,8.653366,9.692835,7.51089,11.879015,7.612978,10.875621
========================================================
Test10 (ADC Calibration) results 2007-10-24 16:33:15
Board ID152 36 channels
Linux calibration software

Voltmeter channel: A=1.05838, B=26.8983

A:
1.08504,1.07768,1.07905,1.08337,1.07523,1.07748,1.072,1.07593,1.07355,1.0852,1.08937,1.07537
1.08635,1.0795,1.07657,1.09118,1.09008,1.0852,1.07503,1.07893,1.09461,1.08111,1.08248,1.08359
1.08207,1.07915,1.07406,1.07849,1.0751,1.0853,1.08665,1.07795,1.07251,1.08212,1.08784,1.0863


B:
4.43653,4.87695,6.1278,3.25722,6.93569,6.53431,8.5946,6.23536,4.0745,5.48932,3.18492,5.75847
7.7341,4.20379,3.3677,5.6493,3.9734,8.88908,6.34282,4.3625,4.57264,6.58684,8.04142,5.42885
8.43706,4.7996,2.50523,4.00535,2.97151,6.24642,6.43469,6.81943,5.62555,5.22009,-9.38344,7.87603


========================================================
Test10 (ADC Calibration) results 2008-06-16 13:15:45
Board ID152 36 channels
Linux calibration software

Voltmeter channel: A=1.07, B=0

A:
1.08832,1.08144,1.08234,1.08641,1.07982,1.08126,1.07394,1.07991,1.07678,1.08841,1.09207,1.07955
1.08942,1.08252,1.07947,1.094,1.09336,1.08859,1.07929,1.08234,1.09742,1.0846,1.08668,1.08687
1.08578,1.08171,1.07643,1.08135,1.07776,1.08869,1.09024,1.08153,1.07669,1.08496,1.09079,1.09042


B:
5.70948,5.29076,6.62724,5.06443,5.05009,6.3211,9.8308,6.47935,6.12955,6.93224,7.09015,5.08213
8.19575,6.46173,6.24467,7.30484,6.13957,8.07251,5.76188,5.54489,6.83771,6.9415,6.55373,7.25715
7.60033,7.2058,6.24356,6.45467,5.86966,6.68292,6.35685,6.9384,4.48892,7.47779,5.42045,7.93493


========================================================
Test10 (ADC Calibration) results 2008-06-17 07:08:50
Board ID152 36 channels
Linux calibration software

Voltmeter channel: A=1.07, B=0

A:
1.09849,1.09346,1.09474,1.09895,1.09228,1.09356,1.08436,1.09246,1.0893,1.09977,1.10458,1.09183
1.10189,1.09492,1.09174,1.10513,1.10616,1.1006,1.09156,1.09483,1.11027,1.09702,1.09913,1.09977
1.09858,1.09447,1.08903,1.09365,1.08966,1.10069,1.10291,1.09392,1.08903,1.09739,1.10337,1.1031


B:
6.64107,5.32521,5.68673,4.02408,4.22547,5.67911,10.4394,4.93232,4.57852,6.56581,5.93871,4.42476
7.27652,5.51976,5.59988,7.2004,4.06055,7.35126,4.67501,4.07024,4.98648,6.00581,5.8338,5.24613
5.45881,5.49973,4.82811,5.37643,5.11713,5.94641,5.24877,5.78222,3.73909,6.10939,4.60642,6.62467


========================================================
Test10 (ADC Calibration) results 2008-07-28 12:22:42
Board ID152 36 channels
Linux calibration software

Voltmeter channel: A=1.07, B=0

A:
1.10042,1.09365,1.09501,1.09941,1.09237,1.09356,1.08705,1.09256,1.08939,1.10134,1.10467,1.09192
1.10208,1.09492,1.09201,1.10644,1.10597,1.10106,1.09174,1.0951,1.11064,1.0972,1.10116,1.09987
1.10014,1.09501,1.08921,1.0941,1.09038,1.10116,1.1031,1.09428,1.08921,1.0973,1.10337,1.10347


B:
5.31786,5.81418,5.65494,3.16336,3.92351,6.11643,8.39538,5.50469,4.93122,5.3576,6.07534,4.77794
7.10875,5.73869,5.34959,6.46178,4.89297,7.8121,4.72644,4.47613,4.42512,6.05769,0.0202073,5.82231
2.93015,5.21665,4.66164,4.95871,4.45044,5.74604,5.30062,5.22953,3.35464,6.63196,5.04754,6.50817


========================================================
Test10 (ADC Calibration) results 2009-10-15 12:09:15
Board ID152 36 channels
Host: ufcmshv3
Linux calibration software

Voltmeter channel: A=1.06244, B=6.19483

A:
1.05717,1.04957,1.05135,1.06706,1.09207,1.05682,1.0614,1.05691,1.06654,1.09051,1.08018,1.05186
1.04991,1.06374,1.08787,1.05665,1.06001,1.05374,1.08923,1.09033,1.07884,1.09428,1.07839,1.05442
1.05357,1.05511,1.07447,1.06427,1.06427,1.06636,1.05408,1.07794,1.05743,1.0818,1.06575,1.05468


B:
4.99309,9.83368,6.2596,6.99335,5.34274,6.37347,6.3194,6.0813,6.20231,5.88877,6.6639,5.56679
7.20401,6.88978,6.99582,6.32366,5.91976,6.53319,6.40134,5.83746,6.60581,7.71044,6.15512,6.7321
7.53708,6.93126,8.05025,6.82767,5.76341,6.57862,5.57853,6.35158,5.17326,5.82508,6.08296,7.54503


========================================================
Test10 (ADC Calibration) results 2009-10-15 16:23:49
Board ID152 36 channels
Host: ufcmshv3
Linux calibration software

Voltmeter channel: A=1.06235, B=5.63864

A:
1.05717,1.04991,1.05135,1.06706,1.09207,1.05657,1.06148,1.057,1.0661,1.0906,1.08,1.05152
1.04991,1.064,1.08778,1.05648,1.05993,1.05391,1.08951,1.09051,1.07893,1.09437,1.07866,1.05425
1.05357,1.05528,1.07447,1.06418,1.06418,1.06654,1.05425,1.07768,1.05734,1.08153,1.06575,1.05485


B:
4.57022,8.88386,6.46987,6.99335,5.34274,6.61573,5.81367,6.00049,6.82303,5.80537,6.82894,6.09884
6.78404,6.00753,6.86135,6.06258,6.00082,5.95055,5.49782,5.23446,6.30758,7.18916,5.47627,6.8932
7.32636,6.34792,8.05025,6.90897,5.63196,5.7757,4.99554,6.16762,5.46564,6.72213,5.65666,7.173


