========================================================

Test11 results 12-20-2005  14:50:09
Board ID152  36 channels
HV Tests Software Ver.1.6

+5V 2495 - O'k
-5V 1326 - O'k
Interlock - On
Calibration DAC Range: [2500 - 2900]


A:
Limits 0.76 +/- 0.04
0.744879,0.749064,0.746269,0.744879,0.749064,0.749064,0.746269,0.749064,0.750469,0.742115,0.740741,0.750469
0.747664,0.746269,0.749064,0.738007,0.740741,0.746269,0.750469,0.747664,0.743494,0.746269,0.743494,0.743494
0.746269,0.744879,0.749064,0.747664,0.750469,0.742115,0.744879,0.747664,0.750469,0.743494,0.743494,0.743494


B:
Limits 60.0 +/- 40.0
62.289265,58.807533,65.467323,59.366852,60.254089,57.109703,72.54248,59.531178,62.477882,70.636299,62.039661,56.457458
54.758484,62.406273,62.503292,68.559967,63.514812,50.095573,58.073093,61.946712,53.84824,60.223946,65.301613,66.182518
62.406273,69.299057,69.399757,63.312077,61.935921,64.492104,63.094883,65.562004,67.311775,70.624062,71.567589,53.639858
========================================================
Test11 (DAC Calibration) results 2007-10-24 16:33:15
Board ID152 36 channels
Linux calibration software
Calibration DAC Range: [1100 - 2700]

A:
0.742873,0.747943,0.746617,0.744394,0.749274,0.748083,0.751527,0.748783,0.750821,0.742391,0.739919,0.749555
0.741977,0.746687,0.748713,0.738689,0.73944,0.74239,0.749415,0.747454,0.736377,0.745573,0.744255,0.743494
0.744532,0.746547,0.750469,0.747384,0.750117,0.742322,0.741771,0.747384,0.751174,0.744879,0.745087,0.741633


B:
65.7721,67.8385,67.4288,66.9302,66.0016,66.5979,66.3505,66.5294,67.6208,67.9287,67.5174,66.3637
64.9416,66.735,69.7708,67.313,67.742,65.4047,68.0563,68.5136,68.925,67.3812,66.8249,68.7731
67.3336,68.421,69.6061,70.1047,68.7389,68.1728,66.713,67.7131,69.3896,67.5978,79.2308,66.1629


