========================================================

Test10 results 01-18-2005  14:42:53
Board ID277  30 channels
HV Tests Software Ver.1.6

+5V 2563 - O'k
-5V 1319 - O'k
Interlock - On

Voltmeter channel: A=1.069519, B=9.625785

A:
Limits 1.1 +/- 0.1
1.056524,1.063264,1.068376,1.067806,1.064396,1.061571,1.066098,1.064963,1.078167,1.067806
1.071237,1.071237,1.066667,1.06383,1.075847,1.077006,1.064963,1.069519,1.066667,1.068947
1.062699,1.066667,1.067236,1.072386,1.067236,1.069519,1.066667,1.067236,1.067236,1.069519


B:
Limits 0.0 +/- 30.0
10.565231,7.442739,7.478648,10.6781,10.64415,8.492584,9.594834,8.519632,6.469132,11.745905
3.213538,8.569725,8.533125,11.702156,10.758329,9.692835,9.584596,9.625785,10.666458,11.758456
9.564508,7.466458,11.739713,8.57921,12.806949,7.486748,7.466458,11.739713,4.269062,11.764822
========================================================

Test10 results 01-28-2005  18:11:08
Board ID277  30 channels
HV Tests Software Ver.1.6

+5V 2566 - O'k
-5V 1320 - O'k
Interlock - On

Voltmeter channel: A=1.067806, B=12.813711

A:
Limits 1.1 +/- 0.1
1.055966,1.063264,1.068376,1.075269,1.06383,1.061008,1.066098,1.06383,1.077586,1.068376
1.070091,1.069519,1.06553,1.063264,1.075847,1.076426,1.06553,1.068376,1.066098,1.067806
1.062135,1.068376,1.067236,1.071811,1.067806,1.067806,1.06553,1.067236,1.066098,1.068947


B:
Limits 0.0 +/- 30.0
10.559477,6.379474,5.341896,9.677243,10.638327,8.487992,7.462638,9.574496,7.543225,8.547024
5.350263,10.695304,8.524389,11.695795,8.606635,9.687826,7.458858,11.752151,10.660933,13.881516
8.497189,10.683776,9.605241,7.502839,9.610294,10.6781,8.524389,9.605241,5.330442,10.689509
