========================================================

Test11 results 01-18-2005  14:44:14
Board ID277  30 channels
HV Tests Software Ver.1.6

+5V 2563 - O'k
-5V 1320 - O'k
Interlock - On
Calibration DAC Range: [2500 - 2900]


A:
Limits 0.76 +/- 0.04
0.759013,0.750469,0.747664,0.746269,0.75188,0.753296,0.749064,0.75188,0.742115,0.747664
0.746269,0.746269,0.750469,0.753296,0.744879,0.746269,0.75188,0.747664,0.750469,0.749064
0.75188,0.750469,0.749064,0.750469,0.750469,0.749064,0.75188,0.749064,0.749064,0.746269


B:
Limits 70.0 +/- 30.0
53.09901,68.884537,65.907722,70.398048,59.743443,65.145393,67.453217,60.722755,61.96011,66.706497
69.849098,65.937019,61.513046,54.927902,54.314007,49.077106,58.319347,58.958431,59.110302,58.28231
63.472,62.051533,63.001446,61.409161,54.388172,58.364788,56.177521,62.032017,69.226761,67.371803
========================================================

Test11 results 01-28-2005  18:12:33
Board ID277  30 channels
HV Tests Software Ver.1.6

+5V 2567 - O'k
-5V 1320 - O'k
Interlock - On
Calibration DAC Range: [2500 - 2900]


A:
Limits 0.76 +/- 0.04
0.759013,0.753296,0.750469,0.744879,0.75188,0.753296,0.749064,0.75188,0.743494,0.750469
0.747664,0.746269,0.753296,0.753296,0.744879,0.742115,0.750469,0.747664,0.75188,0.749064
0.756144,0.750469,0.750469,0.750469,0.753296,0.749064,0.747664,0.750469,0.749064,0.747664


B:
Limits 70.0 +/- 30.0
54.702091,61.239513,57.593605,58.172791,61.254177,66.649231,67.540634,62.944618,58.14566,58.394825
65.275604,66.654861,53.056435,55.728462,56.644844,64.146049,65.871117,59.678169,55.915939,58.917076
50.321133,55.990799,59.110302,62.929703,46.802204,60.684399,72.03743,59.024372,70.64753,64.310173
