========================================================

Test11 results 12-21-2006  16:19:11
Board ID029  36 channels
HV Tests Software Ver.1.6.8

+5V 2531 - O'k
-5V 1310 - O'k
Interlock - On
Calibration DAC Range: [2500 - 2900]
Number of Samples: 400

A:
Limits 0.76 +/- 0.04
0.749064,0.749064,0.736648,0.744879,0.736648,0.746269,0.743494,0.75188,0.735294,0.746269,0.746269,0.740741
0.743494,0.746269,0.742115,0.743494,0.747664,0.742115,0.750469,0.740741,0.743494,0.739372,0.743494,0.746269
0.740741,0.744879,0.746269,0.747664,0.738007,0.746269,0.739372,0.743494,0.743494,0.750469,0.743494,0.743494


B:
Limits 60.0 +/- 30.0
68.251846,59.71698,78.573311,71.133972,75.45047,63.460449,65.052933,60.454384,76.789459,62.820217,65.138092,66.556808
62.802849,62.899471,70.387177,68.817787,64.393051,69.589256,62.500969,70.123428,73.446106,59.151691,72.727844,62.020748
70.992386,65.221863,74.555183,78.417397,76.28508,61.299622,69.263176,62.002903,65.127541,65.514755,59.593624,60.403191
========================================================
Test11 (DAC Calibration) results 2008-04-04 09:53:03
Board ID29 36 channels
Linux calibration software
Calibration DAC Range: [1100 - 2700]

A:
0.750117,0.748223,0.73828,0.746896,0.737735,0.747105,0.743771,0.750328,0.737667,0.748433,0.746896,0.74129
0.742873,0.744255,0.74384,0.745087,0.747245,0.743494,0.749064,0.742459,0.744879,0.739167,0.745851,0.745712
0.742528,0.744532,0.74606,0.748713,0.739372,0.745504,0.741152,0.743011,0.743633,0.750258,0.742942,0.743218


B:
73.8397,71.792,81.3215,72.1221,80.45,68.2481,72.8523,73.4009,76.8556,73.0004,72.2715,74.0549
73.2008,75.9048,73.5006,71.9289,74.0333,73.9776,69.2884,71.9906,77.2812,66.4974,72.8137,72.8563
73.0833,75.0767,83.7173,83.2476,78.9279,72.0994,70.3911,71.9699,73.6383,71.0965,73.997,71.3861


