========================================================

Test10 results 12-16-2004  10:28:24
Board ID270  30 channels
HV Tests Software Ver.1.4

+5V 2501 - O'k
-5V 1321 - O'k
Interlock - On

Voltmeter channel: A=1.074691, B=3.223958

A:
1.057642,1.068376,1.070664,1.059322,1.067806,1.076426,1.072961,1.075847,1.077006,1.070664
1.059322,1.053741,1.077006,1.075269,1.071811,1.078167,1.070664,1.083424,1.074691,1.075847
1.067236,1.089325,1.078167,1.078167,1.074114,1.078167,1.073537,1.074114,1.074114,1.075847


B:
13.749163,11.752151,5.353326,20.127247,7.474683,15.069958,16.09458,5.379094,3.230799,9.635981
19.067926,7.376337,4.307805,6.451437,9.646461,6.469132,2.141334,7.583981,15.04556,5.379094
5.336298,8.714689,5.390965,7.547299,9.667063,5.390965,11.808746,9.667063,6.444721,9.682483
========================================================

Test10 results 01-12-2005  11:06:41
Board ID270  30 channels
HV Tests Software Ver.1.6

+5V 2503 - O'k
-5V 1324 - O'k
Interlock - On

Voltmeter channel: A=1.074114, B=3.22238

A:
Limits 1.1 +/- 0.1
1.072386,1.072961,1.081081,1.074114,1.067236,1.074691,1.074691,1.069519,1.076426,1.070091
1.070664,1.053741,1.076426,1.075847,1.077006,1.080497,1.087548,1.072386,1.074114,1.078749
1.075847,1.091107,1.077586,1.078749,1.074114,1.078167,1.077006,1.074114,1.074114,1.075847


B:
Limits 0.0 +/- 30.0
0.000122,7.51089,0.000179,8.592949,8.538006,7.522722,4.298649,5.34771,3.229268,10.700718
9.635981,8.430078,5.382121,3.227399,9.692835,6.48299,4.350336,8.57921,16.111746,7.55105
3.227399,4.36438,7.543225,5.393553,8.592949,5.390965,4.307805,8.592949,6.444721,8.606635
========================================================

Test10 results 02-03-2005  16:44:57
Board ID270  30 channels
HV Tests Software Ver.1.6

+5V 2502 - O'k
-5V 1326 - O'k
Interlock - On

Voltmeter channel: A=1.074691, B=1.074576

A:
Limits 1.1 +/- 0.1
1.071811,1.072386,1.080497,1.074691,1.067806,1.075269,1.074114,1.069519,1.075847,1.069519
1.071811,1.031992,1.076426,1.075847,1.070664,1.080497,1.086957,1.072386,1.073537,1.078749
1.075269,1.088732,1.077006,1.078167,1.072961,1.077586,1.076426,1.073537,1.074691,1.075847


B:
Limits 0.0 +/- 30.0
1.071971,9.651596,1.080505,6.448031,6.406877,6.451437,5.370607,5.34771,4.303246,10.695304
6.431027,15.479968,5.382121,3.227399,10.706645,5.402493,5.434859,8.57921,17.176434,7.55105
5.376168,10.887247,8.615829,6.469132,7.51089,6.465639,5.382121,10.735209,4.298649,8.606635
