========================================================

Test11 results 12-16-2004  10:30:53
Board ID270  30 channels
HV Tests Software Ver.1.4

+5V 2503 - O'k
-5V 1322 - O'k
Interlock - On
Calibration DAC Range: [2500 - 2900]


A:
0.757576,0.749064,0.747664,0.754717,0.749064,0.744879,0.744879,0.743494,0.743494,0.746269
0.754717,0.757576,0.743494,0.743494,0.747664,0.742115,0.747664,0.738007,0.744879,0.740741
0.749064,0.733945,0.742115,0.743494,0.743494,0.742115,0.744879,0.743494,0.746269,0.740741


B:
46.865593,55.079403,57.43755,52.494797,60.516701,49.505753,60.696758,62.002903,62.002903,64.338989
56.219925,65.277679,62.729332,62.729332,53.589527,62.689541,64.558975,63.109234,53.155769,76.498756
64.344498,59.36121,61.09008,68.862984,63.602612,64.289001,62.023212,61.057743,53.523926,69.397697
========================================================

Test11 results 01-12-2005  11:08:03
Board ID270  30 channels
HV Tests Software Ver.1.6

+5V 2503 - O'k
-5V 1325 - O'k
Interlock - On
Calibration DAC Range: [2500 - 2900]


A:
Limits 0.76 +/- 0.03
0.746269,0.746269,0.740741,0.744879,0.749064,0.744879,0.742115,0.749064,0.742115,0.744879
0.746269,0.760456,0.743494,0.743494,0.743494,0.739372,0.735294,0.746269,0.744879,0.739372
0.743494,0.732601,0.743494,0.746269,0.743494,0.742115,0.742115,0.743494,0.743494,0.742115


B:
Limits 70.0 +/- 30.0
59.699955,55.927437,59.625923,59.047695,58.917076,57.445915,70.312706,56.762604,67.341347,69.619484
63.699306,56.798656,63.676674,62.802849,54.07296,67.939308,64.379761,59.777569,53.298344,71.794113
62.802849,63.765713,55.813164,59.026928,63.528736,64.217438,69.737823,60.985134,63.380981,64.944878
========================================================

Test11 results 02-03-2005  16:46:19
Board ID270  30 channels
HV Tests Software Ver.1.6

+5V 2502 - O'k
-5V 1327 - O'k
Interlock - On
Calibration DAC Range: [2500 - 2900]


A:
Limits 0.76 +/- 0.04
0.747664,0.743494,0.738007,0.743494,0.750469,0.740741,0.740741,0.749064,0.746269,0.746269
0.747664,0.773694,0.740741,0.742115,0.747664,0.742115,0.733945,0.746269,0.743494,0.742115
0.744879,0.732601,0.743494,0.744879,0.746269,0.742115,0.739372,0.743494,0.744879,0.743494


B:
Limits 70.0 +/- 30.0
55.915024,66.42466,70.041023,65.052933,55.906517,73.091637,76.274147,58.364788,53.019245,65.856308
59.919662,59.25938,73.384422,68.717598,55.114059,59.034588,69.639839,59.699955,59.316448,63.489273
59.698921,64.615463,56.614384,65.120934,58.90012,63.489273,79.478813,60.985134,59.549618,61.130348
========================================================
Test11 (DAC Calibration) results 2008-04-11 14:38:27
Board ID270 30 channels
Linux calibration software
Calibration DAC Range: [1100 - 2700]

A:
0.746756,0.745573,0.740741,0.743633,0.749064,0.743564,0.74474,0.747524,0.742804,0.747035
0.74613,0.774218,0.742459,0.743702,0.754432,0.740398,0.734889,0.745226,0.744325,0.741015
0.743564,0.733272,0.74129,0.745434,0.745782,0.741427,0.742528,0.745226,0.745921,0.742184


B:
62.7555,62.1621,64.4445,67.3919,63.8952,64.9595,65.5557,66.1746,68.245,66.1032
68.4012,62.5472,69.4663,65.5108,50.5847,67.8851,68.951,67.1169,58.69,70.7299
66.4466,63.593,65.9007,65.6355,64.4074,70.1576,72.0436,58.9194,60.1866,65.2473


========================================================
Test11 (DAC Calibration) results 2008-04-14 15:51:43
Board ID270 30 channels
Linux calibration software
Calibration DAC Range: [1100 - 2700]

A:
0.746687,0.745573,0.740741,0.74384,0.749204,0.74384,0.744879,0.747105,0.742942,0.746965
0.745573,0.774069,0.742666,0.74384,0.749766,0.740398,0.734956,0.745295,0.74474,0.741152
0.743564,0.733407,0.741427,0.745295,0.745851,0.741565,0.742942,0.745226,0.746129,0.742322


B:
62.8523,62.1621,64.4445,67.2524,63.5514,64.5745,65.3632,67.6503,68.0535,66.3491
70.3635,62.7479,68.8822,65.3184,51.6777,67.8851,68.8561,67.0208,58.1083,70.5392
66.4466,63.403,65.709,66.7223,64.3111,69.9666,71.4711,58.9194,59.7465,65.352


