========================================================

Test11 results 03-28-2005  15:06:13
Board ID028  36 channels
HV Tests Software Ver.1.6

+5V 2532 - O'k
-5V 1313 - O'k
Interlock - On
Calibration DAC Range: [2500 - 2900]


A:
Limits 0.76 +/- 0.04
0.750469,0.742115,0.756144,0.753296,0.746269,0.754717,0.764818,0.744879,0.753296,0.760456,0.757576,0.749064
0.753296,0.756144,0.760456,0.744879,0.754717,0.750469,0.753296,0.750469,0.749064,0.753296,0.75188,0.75188
0.753296,0.749064,0.754717,0.754717,0.750469,0.75188,0.746269,0.750469,0.75188,0.753296,0.754717,0.75188


B:
Limits 60.0 +/- 30.0
57.351021,71.592026,62.945557,61.307377,50.315845,59.997932,51.487194,63.249279,63.730759,60.209015,57.071781,70.562126
72.021057,56.673218,64.728676,68.088814,57.905323,64.267578,59.068638,69.014809,76.017891,62.02113,56.424965,55.968441
64.53849,58.807533,56.760532,55.141834,64.267578,60.643639,67.406235,64.984337,62.794281,58.976131,57.802509,56.68948
========================================================
Test11 (DAC Calibration) results 2007-09-20 11:38:10
Board ID28 36 channels
Linux calibration software
Calibration DAC Range: [1100 - 2700]

A:
0.747803,0.743149,0.753935,0.751527,0.742046,0.752092,0.760456,0.743909,0.750539,0.758366,0.755287,0.749695
0.754646,0.752375,0.759662,0.743149,0.752445,0.749485,0.750821,0.751174,0.75287,0.75188,0.750821,0.746826
0.750469,0.747664,0.750892,0.750188,0.750539,0.749766,0.744463,0.749766,0.750328,0.750469,0.751174,0.749134


B:
69.6764,71.4816,73.5937,70.4087,69.2977,72.7931,70.3422,69.5369,76.2643,70.7461,68.5799,72.9171
70.8139,71.5039,71.5696,71.4816,68.3973,70.9575,68.3716,70.8919,75.4941,66.9173,62.365,72.2182
75.6098,65.9813,72.1794,71.0425,71.9111,70.8715,74.8743,71.3215,70.8496,71.107,74.6478,69.3416


