========================================================

Test15 results 07-06-2005  15:20:49
Board ID031  8 channels
HV Tests Software Ver.1.6


A:
Limits 1.45 +/- 2.0
1.441961,1.425517,1.43575,1.437814,1.431639,1.444043,1.430615,1.436782


B:
Limits 0.0 +/- 160.0
5.767891,-4.276479,-1.435603,-10.064569,-8.589745,-18.772444,-18.598059,-21.551825
========================================================
Test15 (Master ADC Calibration) results 2007-04-18 12:23:48
Board ID31 7 channels
Linux calibration software


A:
1.44092,1.4245,1.43575,1.43988,1.43472,1.44404,1.43164,1.43678

B:
-2.59353,-7.69229,-4.73784,-17.1346,-14.9212,-18.0504,-22.4767,-23.276

========================================================
Test15 (ADC Calibration) results 2009-04-02 08:57:43
Board ID031 8 channels
Host: ufcmshv3
Linux calibration software

A:
1.41813,1.44637,1.45349,1.44412,1.40404,1.40662,1.44669,1.3992


B:
-3.46904,-19.1144,-5.52334,-18.1072,-15.1204,-18.957,-20.7879,-21.1388


========================================================
Test15 (ADC Calibration) results 2011-10-30 14:54:10
Board ID031 8 channels
Host: ufcmshv1
Linux calibration software

A:
1.41603,1.44438,1.45165,1.44246,1.40166,1.40045,1.40257,1.4447


B:
1.41536,-15.1122,-1.05694,-14.9128,-10.5986,-14.7682,-17.7052,-19.0943


