========================================================

Test16 results 07-06-2005  15:22:12
Board ID031  8 channels
HV Tests Software Ver.1.6
Calibration DAC Range: [1000 - 2300]


A:
Limits 0.57 +/- 0.1
0.570676,0.566943,0.564481,0.566943,0.566449,0.565956,0.567686,0.565709


B:
Limits 50.0 +/- 60.0
17.295885,37.081028,41.264416,31.4116,33.392712,36.177681,38.191147,37.162827
========================================================
Test16 (Master DAC Calibration) results 2007-04-18 12:23:48
Board ID31 7 channels
Linux calibration software
Calibration DAC Range: [1000 - 2300]

A:
0.56914,0.567396,0.564143,0.566405,0.566313,0.565413,0.566894,0.56416

B:
22.4576,39.306,42.6976,34.2972,33.9374,37.7777,42.2459,42.549

========================================================
Test16 (ADC Calibration) results 2009-04-02 09:07:07
Board ID031 8 channels
Host: ufcmshv3
Linux calibration software

A:
0.5688,0.5588,0.5548,0.5592,0.5748,0.574,0.5588,0.5768


B:
40.2001,48.2001,54.2001,48.8,46.2,51,54.2001,52.2


========================================================
Test16 (ADC Calibration) results 2011-10-30 15:04:20
Board ID031 8 channels
Host: ufcmshv1
Linux calibration software

A:
0.5704,0.5592,0.5568,0.5604,0.5764,0.5772,0.5764,0.5604


B:
39.6,45.8,44.2,45.6,44.6001,42.8,47.6001,47.6


