========================================================

Test10 results 07-23-2006  15:33:11
Board ID325  30 channels
HV Tests Software Ver.1.6.1

+5V 2504 - O'k
-5V 1304 - O'k
Interlock - On

Voltmeter channel: A=1.077006, B=12.923853

A:
Limits 1.1 +/- 0.1
1.076426,1.067236,1.076426,1.086957,1.081081,1.077586,1.076426,1.081081,1.089325,1.082837
1.081081,1.078749,1.084011,1.075269,1.085187,1.072961,1.075269,1.043841,1.077586,1.078167
1.080497,1.074691,1.094691,1.079331,1.083424,1.078749,1.073537,1.069519,1.088732,1.081666


B:
Limits 0.0 +/- 30.0
11.840678,17.075891,11.840678,9.782684,12.973151,9.698398,12.917105,9.729908,9.804014,16.242729
16.216394,5.393553,9.7561,11.827781,11.937052,9.656813,12.903049,45.928921,8.620811,19.407137
7.563487,10.746796,7.662653,14.031348,20.585064,12.944794,13.95582,17.112415,11.975979,9.735032
Channels:
  18
Out of range 0.0 +/- 30.0
