========================================================

Test11 results 07-23-2006  15:36:16
Board ID325  30 channels
HV Tests Software Ver.1.6.1

+5V 2502 - O'k
-5V 1303 - O'k
Interlock - On
Calibration DAC Range: [2500 - 2900]


A:
Limits 0.76 +/- 0.04
0.75188,0.753296,0.746269,0.738007,0.744879,0.746269,0.750469,0.747664,0.739372,0.744879
0.743494,0.746269,0.744879,0.747664,0.744879,0.750469,0.747664,0.772201,0.749064,0.747664
0.743494,0.750469,0.736648,0.75188,0.742115,0.75188,0.750469,0.754717,0.742115,0.742115


B:
Limits 60.0 +/- 30.0
47.875088,64.583916,63.616589,73.383499,56.722858,69.242752,54.841824,53.872459,63.194771,56.870525
62.812286,66.272255,54.594791,66.91787,53.786808,64.626686,63.785206,36.774586,54.688049,55.172474
73.113571,61.847973,63.763195,53.88792,60.253571,39.209194,61.847973,53.062126,51.861111,70.410545
========================================================
Test11 (DAC Calibration) results 2007-11-07 11:03:02
Board ID325 30 channels
Linux calibration software
Calibration DAC Range: [1100 - 2700]

A:
0.750399,0.75543,0.750469,0.741358,0.746338,0.748713,0.748994,0.745921,0.740535,0.744186
0.744879,0.748923,0.744671,0.750469,0.743149,0.752587,0.750047,0.748223,0.749204,0.747873
0.745712,0.750821,0.737191,0.751385,0.743979,0.748923,0.751456,0.75287,0.739577,0.746338


B:
65.3502,68.8386,61.3509,73.6635,64.0825,71.7175,71.6318,70.6295,66.8055,69.7489
67.5978,69.0318,66.8436,68.7055,69.9953,66.2464,67.3354,66.704,65.3494,66.4392
75.0934,71.3749,71.9129,67.1456,65.2746,61.2431,70.6556,67.5138,68.1429,68.7098


