========================================================

Test10 results 10-05-2005  13:49:39
Board ID081  36 channels
HV Tests Software Ver.1.6

+5V 2717 - O'k
-5V 1353 - O'k
Interlock - On

Voltmeter channel: A=1.067236, B=5.336298

A:
Limits 1.1 +/- 0.1
1.077006,1.077006,1.081081,1.075847,1.080497,1.077006,1.076426,1.072961,1.074691,1.072961,1.077586,1.080497
1.077586,1.072961,1.070091,1.070091,1.078167,1.077586,1.068947,1.077586,1.067806,1.070091,1.082251,1.076426
1.075269,1.076426,1.074114,1.066667,1.076426,1.072386,1.077006,1.067236,1.068376,1.081081,1.082251,1.077006


B:
Limits 0.0 +/- 35.0
3.230799,1.076787,12.973151,4.303246,1.080505,7.538823,7.534973,1.073122,5.373341,8.583851,0.000122,9.724482
7.543225,6.437928,6.420354,12.8409,5.390965,12.931156,6.413721,9.698398,9.610294,1.069899,5.411294,10.764252
6.451437,5.382121,6.444721,5.333125,7.534973,4.289666,9.692835,5.336298,6.410272,5.405584,7.575796,9.692835
========================================================
Test10 (ADC Calibration) results 2007-10-16 10:28:22
Board ID81 36 channels
Linux calibration software

Voltmeter channel: A=1.06532, B=8.09986

A:
1.07665,1.07741,1.08146,1.07717,1.08002,1.07685,1.07665,1.07132,1.07685,1.07332,1.07972,1.08224
1.07731,1.07205,1.06933,1.07116,1.0803,1.07721,1.0691,1.0788,1.06933,1.07012,1.08325,1.07886
1.07876,1.07641,1.07431,1.0668,1.07677,1.07282,1.07727,1.06853,1.06836,1.08076,1.08358,1.07797


B:
0.435701,-0.396003,7.75937,2.65274,0.334262,5.85341,4.55901,-0.57566,-0.592992,2.20155,-0.76033,5.90518
6.04235,4.6024,4.22209,8.37956,3.25335,10.3714,2.98212,5.95029,5.09147,-2.55191,3.10756,7.2296
3.51596,-0.102508,3.98596,0.828384,5.96704,0.628041,7.32387,1.85545,3.12763,1.90326,-1.23777,7.46753


========================================================
Test10 (ADC Calibration) results 2008-06-12 08:19:05
Board ID81 36 channels
Linux calibration software

Voltmeter channel: A=1.0655, B=9.23364

A:
1.07735,1.07741,1.08269,1.0788,1.08086,1.07695,1.07735,1.07226,1.07711,1.07322,1.08325,1.08379
1.07751,1.07161,1.07086,1.07265,1.08349,1.07647,1.06886,1.08024,1.07132,1.06943,1.08569,1.08249
1.0349,1.07725,1.07428,1.0673,1.0789,1.07332,1.0788,1.06993,1.0694,1.08116,1.08533,1.06793


B:
0.528633,1.604,6.16011,2.3443,0.936546,6.1238,5.52863,-0.787586,-0.33128,4.40349,-1.30969,8.57501
6.3846,6.8334,2.23867,7.23941,3.72949,12.8003,4.75435,5.08982,4.78095,0.0233475,3.15101,7.3358
29.385,-0.110015,5.1082,1.25291,4.01553,-0.0184046,5.2655,0.646779,3.78534,2.47017,2.72392,19.3023


========================================================
Test10 (ADC Calibration) results 2008-06-17 15:59:18
Board ID081 36 channels
Linux calibration software

Voltmeter channel: A=1.07, B=0

A:
1.0938,1.09453,1.09819,1.09508,1.09856,1.09426,1.09408,1.08845,1.09371,1.08972,1.10031,1.10169
1.09453,1.08845,1.08674,1.08863,1.10068,1.09389,1.08593,1.09682,1.08701,1.08575,1.10243,1.09994
1.04463,1.09326,1.09071,1.08342,1.09435,1.08917,1.09499,1.08647,1.08584,1.09764,1.10096,1.08548


B:
1.76403,1.09095,8.91035,2.55607,-1.09265,4.40734,5.45038,0.175044,1.41126,5.10171,-0.0651649,6.59358
6.34436,6.48772,4.59154,9.5868,4.65849,12.1816,3.60427,5.77987,6.73261,-0.354987,3.27222,9.07348
41.7442,1.83174,5.27229,2.68331,6.29321,2.55287,7.01983,0.930102,4.55591,4.36424,4.84532,16.6122


========================================================
Test10 (ADC Calibration) results 2008-07-06 16:58:46
Board ID081 36 channels
Linux calibration software

Voltmeter channel: A=1.07, B=0

A:
1.09417,1.09544,1.09911,1.09554,1.09856,1.09444,1.09481,1.08881,1.09444,1.08999,1.10049,1.10133
1.09508,1.08872,1.08737,1.08881,1.07641,1.09408,1.08593,1.09691,1.08764,1.08629,1.10234,1.10077
1.04672,1.09326,1.09089,1.08351,1.0949,1.08963,1.09535,1.08674,1.08611,1.0981,1.10123,1.08611


B:
1.64671,-0.409851,7.41082,2.35375,-1.3127,4.23923,4.34141,0.274748,0.518372,4.63294,-0.67492,6.27006
5.62235,6.6732,4.44218,9.63825,26.6583,11.7961,3.60427,6.35387,5.7148,-6.94097,3.3568,7.87633
33.3211,2.7064,5.10491,2.60036,6.00881,1.9162,6.68458,0.244578,4.08874,3.72318,4.15167,15.8188


========================================================
Test10 (ADC Calibration) results 2008-07-16 15:48:51
Board ID081 36 channels
Linux calibration software

Voltmeter channel: A=1.07, B=0

A:
1.09634,1.09742,1.101,1.09774,1.10067,1.09623,1.09688,1.09118,1.09666,1.09011,1.10209,1.1034
1.09742,1.09107,1.08936,1.09139,1.10373,1.09698,1.08851,1.09948,1.08968,1.08904,1.10471,1.10373
1.05169,1.09558,1.09354,1.08585,1.09709,1.09171,1.09785,1.08915,1.08798,1.10035,1.10362,1.08936


B:
-0.137081,-1.7937,6.34745,0.760713,-2.15971,3.4706,3.31295,-2.35752,-0.874886,8.44688,-1.04041,5.2576
3.91316,4.06977,2.59833,7.26592,2.30898,8.69836,1.64627,4.2199,4.69886,-8.64932,1.40702,6.9445
17.7355,0.121972,3.10462,0.418514,4.65006,0.201564,4.83255,-1.343,3.2281,1.66249,2.18845,13.2738


========================================================
Test10 (ADC Calibration) results 2008-07-16 21:23:30
Board ID081 36 channels
Linux calibration software

Voltmeter channel: A=1.07, B=0

A:
1.09445,1.09521,1.09941,1.09607,1.09941,1.09493,1.09502,1.08936,1.09493,1.08757,1.10065,1.102
1.09521,1.08907,1.08767,1.08964,1.08124,1.09455,1.08664,1.0975,1.08767,1.08561,1.10306,1.10181
1.04926,1.09407,1.0918,1.08393,1.09531,1.0903,1.09597,1.08739,1.08608,1.09845,1.10181,1.08655


B:
1.60013,0.241686,7.58099,1.86308,-2.09386,4.44679,4.79741,-0.448253,0.504939,10.3441,-0.60148,5.65543
6.15573,6.56617,3.94938,8.6606,23.0955,11.801,3.16473,5.59494,6.77754,-3.9149,2.70299,8.47501
28.2093,1.29355,4.26389,3.07388,6.06912,1.5126,6.77303,0.295352,4.77095,3.40157,3.84759,15.8553


========================================================
Test10 (ADC Calibration) results 2008-07-19 11:34:37
Board ID081 36 channels
Linux calibration software

Voltmeter channel: A=1.07, B=0

A:
1.09445,1.09559,1.09903,1.09607,1.09912,1.09464,1.09531,1.08917,1.09502,1.08692,1.10027,1.10161
1.09502,1.08898,1.08757,1.08926,1.08926,1.09455,1.08664,1.09759,1.08776,1.08589,1.10258,1.10181
1.04796,1.09426,1.09171,1.08403,1.09569,1.09001,1.09607,1.08748,1.08645,1.09807,1.10171,1.08683


B:
0.943348,0.110062,7.71038,1.64354,-1.82912,4.4901,4.0974,-0.0553941,0.417318,11.165,-0.468426,6.44694
6.76851,6.43529,3.81863,9.22476,14.8891,11.5822,3.16473,5.50734,6.03795,-3.30809,3.36404,7.8142
25.2419,0.680832,4.56947,2.33726,5.28131,1.99233,6.68568,-0.661694,3.77278,3.97192,3.9355,15.3809


========================================================
Test10 (ADC Calibration) results 2008-07-19 14:46:21
Board ID081 36 channels
Linux calibration software

Voltmeter channel: A=1.07, B=0

A:
1.09455,1.09531,1.09874,1.09588,1.09874,1.09455,1.09502,1.08917,1.09483,1.08701,1.10046,1.10123
1.09521,1.08898,1.08776,1.08898,1.08143,1.09474,1.08645,1.09778,1.08767,1.08561,1.10258,1.10161
1.0464,1.09379,1.09209,1.08412,1.0954,1.0903,1.09607,1.08729,1.08617,1.09826,1.10133,1.08636


B:
1.29313,0.59258,8.85177,2.4769,-1.25657,4.79602,4.79741,-0.0553941,0.811897,10.8613,-0.424895,7.01768
6.3751,6.43529,3.21005,9.91997,22.4933,10.9707,3.55555,4.67371,6.34219,-5.21758,3.5845,8.20963
22.1094,1.77483,3.78415,2.25063,5.54334,1.07658,6.02782,0.382519,4.68486,3.57689,4.06703,15.8095


========================================================
Test10 (ADC Calibration) results 2008-07-20 08:08:59
Board ID081 36 channels
Linux calibration software

Voltmeter channel: A=1.07, B=0

A:
1.09407,1.09559,1.09893,1.09578,1.09883,1.09455,1.09483,1.08907,1.09455,1.08701,1.10037,1.10142
1.09521,1.0887,1.08786,1.08936,1.08161,1.09455,1.08673,1.09731,1.08776,1.08552,1.10248,1.10152
1.04466,1.09351,1.09152,1.08393,1.09531,1.0903,1.09578,1.08739,1.08636,1.09826,1.10171,1.08617


B:
2.16886,0.110062,8.01787,2.78342,-1.34482,4.79602,4.97193,-0.404188,1.51237,11.0787,-0.116717,6.84275
5.93674,7.13074,3.77552,9.35596,22.3238,11.5822,3.07761,5.98905,6.25584,-5.13037,3.89327,8.95838
30.8508,2.03742,4.74336,2.64054,5.85011,1.5126,6.94745,0.077662,4.29442,3.79649,3.71521,16.4156


========================================================
Test10 (ADC Calibration) results 2008-07-20 17:40:55
Board ID081 36 channels
Linux calibration software

Voltmeter channel: A=1.07, B=0

A:
1.09407,1.09512,1.09922,1.09578,1.09912,1.09464,1.09493,1.08926,1.09464,1.08711,1.10037,1.10171
1.09521,1.08917,1.08767,1.08926,1.08078,1.09483,1.08673,1.0974,1.08795,1.08552,1.10267,1.10152
1.0451,1.09389,1.0919,1.08393,1.09569,1.0903,1.09626,1.0872,1.08645,1.09845,1.10161,1.08673


B:
2.38762,0.986912,7.53575,2.56431,-1.82912,4.70897,5.32278,-0.142739,1.42504,11.21,-0.116717,6.3592
5.93674,5.39045,4.38434,9.44282,22.87,10.8843,2.86032,5.90189,5.86455,-3.39344,3.05564,9.17863
31.4898,1.46882,4.39523,2.64054,5.06223,1.07658,5.85351,0.469214,3.99002,3.40157,4.02344,15.6838


