========================================================

Test11 results 10-05-2005  13:54:13
Board ID081  36 channels
HV Tests Software Ver.1.6

+5V 2717 - O'k
-5V 1353 - O'k
Interlock - On
Calibration DAC Range: [2500 - 2900]


A:
Limits 0.76 +/- 0.04
0.740741,0.739372,0.739372,0.740741,0.738007,0.739372,0.739372,0.746269,0.742115,0.743494,0.740741,0.739372
0.739372,0.743494,0.744879,0.744879,0.742115,0.738007,0.747664,0.739372,0.744879,0.746269,0.739372,0.739372
0.742115,0.739372,0.742115,0.746269,0.740741,0.744879,0.739372,0.746269,0.749064,0.736648,0.739372,0.742115


B:
Limits 60.0 +/- 40.0
60.693451,68.262787,54.418705,69.255371,72.367294,62.885918,64.283249,54.100937,62.337147,62.435822,67.943886,55.894741
64.480186,66.349335,63.163078,57.730339,56.292061,65.606674,56.479607,62.088783,68.425972,60.98661,52.939419,65.079124
64.003464,67.466919,65.383514,70.945366,64.476364,57.225327,66.737831,66.250031,49.318783,71.270676,67.478104,56.157806
========================================================
Test11 (DAC Calibration) results 2007-10-16 10:28:22
Board ID81 36 channels
Linux calibration software
Calibration DAC Range: [1100 - 2700]

A:
0.741565,0.740672,0.737531,0.740466,0.738144,0.741427,0.741565,0.744879,0.741427,0.743494,0.738348,0.737735
0.740741,0.743633,0.746269,0.745365,0.738689,0.740809,0.747175,0.739713,0.746269,0.745712,0.736309,0.739303
0.739372,0.741359,0.742804,0.747664,0.740741,0.74384,0.740398,0.746826,0.747314,0.738007,0.73903,0.739919


B:
62.5509,65.281,63.7688,69.1226,72.9471,59.3327,58.6948,64.6183,65.709,66.5427,72.958,61.7114
63.7038,69.7714,63.4329,59.0237,66.5743,60.4964,61.7258,62.1821,63.5821,66.8906,64.013,63.349
67.6895,65.0634,66.0166,70.4673,66.6668,65.3184,65.664,65.1977,59.7385,70.4798,73.4874,63.9662


========================================================
Test11 (DAC Calibration) results 2008-06-12 08:19:05
Board ID81 36 channels
Linux calibration software
Calibration DAC Range: [1100 - 2700]

A:
0.741084,0.740672,0.737055,0.739713,0.737939,0.741359,0.741084,0.744602,0.740878,0.743564,0.736309,0.736309
0.740604,0.743564,0.745573,0.744325,0.736513,0.740947,0.746965,0.739098,0.744879,0.746199,0.735024,0.737191
0.770713,0.741152,0.742459,0.747314,0.739645,0.743494,0.739713,0.745851,0.746965,0.737735,0.738212,0.747245


B:
62.4825,63.7996,64.4372,68.8395,72.7885,59.1325,58.7771,64.2592,66.0308,65.7031,72.8487,61.0677
63.4511,69.4209,64.3989,59.881,66.2307,60.0073,61.718,62.3059,64.6183,65.7681,63.4694,62.7718
48.4394,65.3512,66.4965,70.9482,67.6034,65.7992,65.8807,66.1011,58.7301,70.8594,70.0472,55.3522


========================================================
Test11 (ADC Calibration) results 2008-06-17 18:39:44
Board ID081 36 channels
Linux calibration software

Calibration DAC Range: [1000 - 3500]

A:
0.7296,0.7288,0.726,0.728,0.726,0.7296,0.7296,0.7332,0.7292,0.7324,0.7252,0.724
0.7288,0.7324,0.734,0.7332,0.7248,0.7296,0.7352,0.7272,0.734,0.7344,0.7232,0.7252
0.7636,0.73,0.7316,0.736,0.7288,0.7328,0.7288,0.734,0.7352,0.726,0.7272,0.7348


B:
62.4,64.2,64,70.0001,74,60.4,59.4,64.7999,65.8,64.6,70.8,63.0001
64.2,68.6,63.9999,58.8,66.2,59.4,62.8,63.8001,62.9999,66.6001,64.7999,61.8
39.4,63.9999,65.4,70,66.2,64.2,64.2,66.9999,58.8,71,69.8001,58.2001


