========================================================

Test11 results 10-12-2005  12:21:59
Board ID086  36 channels
HV Tests Software Ver.1.6

+5V 2505 - O'k
-5V 1327 - O'k
Interlock - On
Calibration DAC Range: [2500 - 2900]


A:
Limits 0.76 +/- 0.04
0.753296,0.754717,0.750469,0.753296,0.763359,0.767754,0.760456,0.760456,0.753296,0.761905,0.75188,0.754717
0.763359,0.754717,0.754717,0.753296,0.754717,0.756144,0.756144,0.756144,0.753296,0.754717,0.750469,0.75188
0.75188,0.75188,0.747664,0.754717,0.760456,0.757576,0.756144,0.75188,0.753296,0.756144,0.757576,0.754717


B:
Limits 60.0 +/- 40.0
74.026962,63.724899,58.213074,74.736305,57.81905,61.463089,59.173038,67.89991,68.451546,65.892807,60.558098,70.115486
64.899315,61.09684,65.446968,69.164383,71.226929,72.961693,69.121162,67.912918,75.546242,61.000107,74.419426,72.252068
75.294464,65.773895,67.302841,61.48415,66.530304,65.069611,56.118294,85.00135,72.206619,70.035881,67.857246,71.028481
========================================================

Test11 results 12-19-2005  16:51:17
Board ID086  36 channels
HV Tests Software Ver.1.6

+5V 2507 - O'k
-5V 1327 - O'k
Interlock - On
Calibration DAC Range: [2500 - 2900]


A:
Limits 0.76 +/- 0.04
0.756144,0.757576,0.75188,0.754717,0.761905,0.767754,0.757576,0.759013,0.753296,0.763359,0.747664,0.750469
0.764818,0.754717,0.756144,0.753296,0.756144,0.756144,0.757576,0.753296,0.75188,0.754717,0.753296,0.753296
0.75188,0.754717,0.749064,0.754717,0.760456,0.760456,0.75188,0.753296,0.753296,0.756144,0.759013,0.754717


B:
Limits 60.0 +/- 40.0
65.578583,55.225746,55.225739,69.608231,64.741577,62.152496,69.826653,74.558739,70.073265,62.694221,60.175941,64.624123
61.80048,63.332985,61.515419,70.686234,69.01741,75.497612,65.278976,80.094528,83.2808,61.907387,66.829826,63.967819
78.429924,58.855721,64.345772,63.011086,68.151657,57.332424,71.345993,81.425484,73.624939,73.77137,64.718063,69.608231
