========================================================

Test10 results 09-19-2006  08:50:04
Board ID144  36 channels
HV Tests Software Ver.1.6.1

+5V 2485 - O'k
-5V 1326 - O'k
Interlock - On

Voltmeter channel: A=1.094092, B=24.070065

A:
Limits 1.1 +/- 0.1
1.081081,1.075847,1.081666,1.092896,1.06383,1.086957,1.085187,1.074691,1.097093,1.081081,1.066098,1.079914
1.079331,1.094092,1.094092,1.091107,1.03146,1.087548,1.094691,1.085187,1.093494,1.078749,1.090513,1.077586
1.086366,1.088732,1.090513,1.077006,1.084599,1.077006,1.098901,1.088732,1.070664,1.078749,1.092299,1.082837


B:
Limits 0.0 +/- 30.0
17.297476,16.137566,11.898364,12.021682,37.23407,14.13051,15.192614,19.344324,6.582398,19.459637,46.908268,15.118756
17.269341,21.88188,9.846869,10.911025,46.41547,16.313358,10.946726,16.277802,7.654501,16.18104,9.814711,15.086329
17.382034,7.621052,25.081886,9.692835,16.269119,15.077866,10.988816,14.153442,18.201292,26.968527,31.676491,20.574078
Channels:
   5  11  17  35
Out of range 0.0 +/- 30.0
========================================================
Test10 (ADC Calibration) results 2008-03-18 05:07:06
Board ID144 36 channels
Linux calibration software

Voltmeter channel: A=1.09744, B=29.6745

A:
1.07937,1.07469,1.07926,1.09124,1.0768,1.08555,1.08332,1.07223,1.09407,1.07959,1.08962,1.07728
1.07732,1.09304,1.09114,1.08798,1.05711,1.08516,1.09186,1.08367,1.09135,1.0782,1.08772,1.07795
1.08317,1.08598,1.09284,1.0751,1.08361,1.07476,1.09724,1.0873,1.06861,1.085,1.09722,1.08049


B:
11.6347,10.7837,7.96294,9.50964,23.3012,8.88726,11.2711,16.4914,4.25987,13.7074,15.3175,12.7895
13.5856,16.5654,7.25503,8.5534,28.2934,12.548,9.23612,11.0175,3.70807,10.3213,7.26559,7.94731
17.2179,4.87221,13.9274,5.27188,12.1248,10.7784,6.52419,8.9321,12.2347,11.9233,18.5417,15.2661


========================================================
Test10 (ADC Calibration) results 2008-03-18 05:48:11
Board ID144 36 channels
Linux calibration software

Voltmeter channel: A=1.09517, B=29.3559

A:
1.07937,1.07369,1.07926,1.09155,1.07533,1.08555,1.08342,1.07138,1.09453,1.07904,1.08884,1.07793
1.07721,1.09258,1.0916,1.08843,1.07476,1.08526,1.0913,1.08367,1.09145,1.07754,1.08893,1.07785
1.08342,1.08715,1.09176,1.07465,1.08371,1.07496,1.09734,1.08719,1.06953,1.08295,1.09702,1.08039


B:
11.6347,13.1025,7.96294,8.92667,25.1355,8.88726,11.1439,19.2358,3.69212,15.4708,15.3899,10.6974
13.9133,17.7338,5.79355,8.18813,16.8532,12.4202,9.93165,10.8176,3.3798,11.5343,4.65421,8.47443
16.2273,2.32651,15.6611,5.83112,11.9963,10.523,6.39718,9.06006,10.4827,14.4794,18.7967,15.594


