========================================================

Test10 results 03-31-2005  13:33:28
Board ID041  36 channels
HV Tests Software Ver.1.6

+5V 2501 - O'k
-5V 1311 - O'k
Interlock - On

Voltmeter channel: A=1.073537, B=10.735209

A:
Limits 1.1 +/- 0.1
1.068947,1.071811,1.067806,1.068376,1.070091,1.072961,1.059883,1.069519,1.068376,1.075847,1.074114,1.073537
1.070091,1.071237,1.071237,1.066667,1.067236,1.078167,1.066098,1.077586,1.071811,1.067806,1.063264,1.070091
1.06383,1.075847,1.064396,1.081081,1.070664,1.070091,1.077006,1.075847,1.068947,1.072386,1.077586,1.075269


B:
Limits 0.0 +/- 30.0
2.137933,10.718273,12.813711,1.068391,4.280172,8.583851,16.958347,20.320972,-2.136737,9.682483,-1.074076,7.514596
13.910991,3.213538,4.284775,7.466458,8.538006,4.312799,5.330442,9.698398,8.57465,8.542488,10.632531,4.280172
-1.063801,-0.000143,6.386566,15.135313,8.565317,8.560535,16.154871,18.289261,9.620563,4.289666,12.931156,5.376168
========================================================
Test10 (ADC Calibration) results 2007-09-20 11:08:08
Board ID41 36 channels
Linux calibration software

Voltmeter channel: A=1.0686, B=17.4988

A:
1.0672,1.07219,1.06834,1.06784,1.06918,1.07299,1.06051,1.06964,1.06683,1.07597,1.07329,1.07225
1.07078,1.07152,1.07068,1.06606,1.06757,1.07631,1.06596,1.07681,1.07496,1.06837,1.06318,1.06908
1.06349,1.0758,1.06399,1.08177,1.06954,1.07018,1.07687,1.07637,1.06844,1.07202,1.07824,1.07423


B:
0.376017,5.32637,7.66272,-1.30888,3.44639,5.0243,11.8474,15.1257,-3.88315,3.99147,-4.03526,4.73312
8.6807,-0.833858,-0.144345,4.64099,3.44241,4.10024,1.6321,9.37941,6.47273,3.35047,7.60807,3.51337
-2.579,-4.17955,3.81008,9.8462,8.26246,5.16856,13.8999,13.3554,7.07635,0.963353,6.39645,3.68328


