========================================================

Test10 results 03-22-2005  12:11:22
Board ID311  30 channels
HV Tests Software Ver.1.6

+5V 2513 - O'k
-5V 1322 - O'k
Interlock - On

Voltmeter channel: A=1.075269, B=6.451437

A:
Limits 1.1 +/- 0.1
1.074114,1.067236,1.071811,1.068376,1.067806,1.074114,1.071811,1.070664,1.074691,1.072386
1.075269,1.069519,1.070091,1.070091,1.078167,1.078749,1.071237,1.078749,1.072386,1.075847
1.070664,1.082251,1.072961,1.077006,1.073537,1.072961,1.072961,1.080497,1.075847,1.077586


B:
Limits 0.0 +/- 30.0
10.741177,11.739713,13.933707,16.025656,11.745905,7.518835,6.431027,8.565317,10.746796,5.362052
10.752512,5.34771,9.630627,9.630627,11.859968,10.787296,3.213538,7.55105,13.94114,11.834177
12.847973,7.575796,15.021619,7.538823,9.661671,10.729774,11.802734,10.804978,12.910025,7.543225
========================================================
Test10 (ADC Calibration) results 2007-11-12 10:10:05
Board ID311 30 channels
Linux calibration software

Voltmeter channel: A=1.06157, B=-1562.72

A:
1.0726,1.06898,1.07726,1.06787,1.06704,1.0729,1.07196,1.07122,1.07464,1.07284
1.07606,1.06868,1.06952,1.06938,1.07515,1.07688,1.06868,1.0796,1.0725,1.0799
1.07042,1.08306,1.07495,1.07725,1.0734,1.0727,1.07243,1.08205,1.07565,1.07743


B:
9.94692,6.8786,9.2982,11.3754,9.99409,6.61183,3.33187,0.966468,7.29296,1.04038
7.48691,2.87423,6.59225,6.84466,9.48068,11.2036,1.14894,5.43707,8.83928,8.40887
9.36621,1.50561,7.2398,5.5206,6.10926,6.12591,8.55917,7.23586,9.85517,4.1981


========================================================
Test10 (ADC Calibration) results 2008-06-17 15:59:19
Board ID311 30 channels
Linux calibration software

Voltmeter channel: A=1.07, B=0

A:
1.08963,1.08494,1.09316,1.0845,1.08315,1.08954,1.08836,1.08665,1.09108,1.08863
1.09207,1.08512,1.0862,1.08548,1.09144,1.09398,1.08182,1.07157,1.08881,1.097
1.08647,1.09884,1.0908,1.09307,1.08945,1.0889,1.08845,1.09865,1.09244,1.09362


B:
8.15858,7.89779,10.3781,12.4321,10.8476,6.06274,3.00642,2.84822,7.70202,2.53898
8.53454,3.60899,5.65325,7.40185,10.2074,9.19231,4.07484,27.0812,8.4694,8.63237
10.4025,3.00385,7.51536,6.74465,7.017,7.73346,9.45411,6.90762,9.0755,4.49448


========================================================
Test10 (ADC Calibration) results 2008-07-16 21:23:30
Board ID311 30 channels
Linux calibration software

Voltmeter channel: A=1.07, B=0

A:
1.09039,1.08552,1.07903,1.08514,1.08393,1.0903,1.08954,1.08748,1.09209,1.08954
1.09332,1.08542,1.08692,1.08636,1.09228,1.09512,1.08143,1.06259,1.09011,1.09769
1.08757,1.09989,1.09171,1.09417,1.09039,1.08983,1.08992,1.0997,1.09313,1.09455


B:
8.11143,7.5865,23.2806,12.2709,10.5638,5.79896,2.13272,2.08063,6.55504,2.13272
6.95849,3.98236,5.20844,6.81256,9.65876,7.71912,3.56949,35.3011,7.71654,8.22551
9.38934,1.82334,7.3379,5.52177,5.71262,7.32117,8.10711,5.95789,9.31829,4.07967


========================================================
Test10 (ADC Calibration) results 2008-07-19 11:34:37
Board ID311 30 channels
Linux calibration software

Voltmeter channel: A=1.07, B=0

A:
1.09049,1.08589,1.07599,1.08505,1.08412,1.0903,1.08917,1.08701,1.09218,1.08907
1.09303,1.0857,1.08673,1.08626,1.09209,1.09512,1.08115,1.06528,1.09001,1.09797
1.08748,1.0995,1.09152,1.09389,1.09011,1.08964,1.08992,1.09931,1.09284,1.09389


B:
7.58847,6.80849,25.8339,12.1397,9.95892,5.36256,2.26196,2.2959,6.25008,2.78381
7.2186,3.28914,5.81569,6.68122,9.83131,7.50015,3.61116,21.974,7.14873,7.52571
9.25772,2.6134,7.07424,6.2199,6.62643,7.27602,7.23513,6.52662,9.5773,5.34512


========================================================
Test10 (ADC Calibration) results 2008-07-19 14:46:21
Board ID311 30 channels
Linux calibration software

Voltmeter channel: A=1.07, B=0

A:
1.09058,1.0858,1.07225,1.08505,1.08412,1.09039,1.08917,1.08655,1.09162,1.08936
1.09303,1.08561,1.08655,1.08655,1.09228,1.09502,1.08069,1.06501,1.08954,1.09788
1.08739,1.0996,1.09162,1.09407,1.09049,1.08945,1.08954,1.09931,1.09284,1.09426


B:
7.2847,6.89458,29.6815,12.3566,9.74215,5.27657,2.26196,2.94565,7.42436,2.08789
7.2186,3.59269,5.77039,5.98803,9.44036,7.58639,4.25691,22.0101,8.23389,8.05191
9.12631,2.30672,6.55128,5.60862,5.18946,7.23096,8.66998,6.30681,9.14027,4.77816


========================================================
Test10 (ADC Calibration) results 2008-07-20 08:08:59
Board ID311 30 channels
Linux calibration software

Voltmeter channel: A=1.07, B=0

A:
1.09086,1.08589,1.07444,1.08542,1.08393,1.0903,1.08945,1.08664,1.09181,1.08954
1.09322,1.0857,1.08664,1.08626,1.09209,1.09512,1.08069,1.06188,1.08964,1.09769
1.08729,1.0995,1.09162,1.09407,1.09039,1.08954,1.08973,1.0995,1.09303,1.09445


B:
7.0253,6.80849,27.6843,11.7974,10.3467,5.36256,2.00155,2.8592,7.03291,1.69662
6.60818,3.07205,5.68456,6.68122,9.83131,7.2808,4.25691,34.2563,7.92952,8.44537
9.64732,2.17371,6.98782,5.60862,6.36696,7.58044,7.84343,5.91191,8.74901,4.38569


========================================================
Test10 (ADC Calibration) results 2008-07-20 17:40:55
Board ID311 30 channels
Linux calibration software

Voltmeter channel: A=1.07, B=0

A:
1.09049,1.0858,1.07234,1.08514,1.08393,1.0903,1.08907,1.08692,1.0919,1.08964
1.09351,1.08552,1.08729,1.08617,1.09199,1.09521,1.08078,1.06349,1.08992,1.09778
1.0872,1.09979,1.09162,1.09407,1.09039,1.08954,1.08954,1.09941,1.09275,1.09426


B:
7.8069,6.89458,29.3843,12.7053,10.3467,5.36256,2.56617,2.59994,6.7283,1.17381
6.34818,3.89584,4.64567,7.20189,9.91763,7.41281,4.17126,28.3135,7.45306,7.91919
9.73339,1.69143,6.76955,5.60862,5.71262,7.3622,8.01603,6.21946,9.66406,4.77816


