========================================================

Test11 results 03-22-2005  12:13:12
Board ID311  30 channels
HV Tests Software Ver.1.6

+5V 2514 - O'k
-5V 1321 - O'k
Interlock - On
Calibration DAC Range: [2500 - 2900]


A:
Limits 0.76 +/- 0.04
0.749064,0.754717,0.753296,0.756144,0.754717,0.750469,0.75188,0.750469,0.750469,0.75188
0.749064,0.754717,0.75188,0.75188,0.746269,0.746269,0.75188,0.747664,0.749064,0.749064
0.753296,0.744879,0.750469,0.750469,0.750469,0.75188,0.75188,0.747664,0.750469,0.749064


B:
Limits 60.0 +/- 30.0
54.925056,47.951572,39.49601,38.610134,54.213734,49.66861,56.161182,65.341431,49.831676,52.215282
51.221069,50.550148,56.70343,59.654964,55.655056,56.459263,61.533379,53.716572,59.666321,52.832764
47.402119,54.376926,47.895588,60.584122,51.198681,52.850048,45.843761,45.064228,42.646702,48.230667
========================================================
Test11 (DAC Calibration) results 2007-11-12 10:10:05
Board ID311 30 channels
Linux calibration software
Calibration DAC Range: [1100 - 2700]

A:
0.749977,0.752516,0.747105,0.753296,0.753509,0.749766,0.750047,0.750188,0.747803,0.750188
0.747943,0.752729,0.752516,0.752233,0.748573,0.746617,0.752729,0.74474,0.750047,0.744532
0.75188,0.742735,0.748713,0.750892,0.749415,0.749906,0.750469,0.743425,0.748223,0.746617


B:
54.8326,55.5074,52.4095,52.9191,60.9117,55.7263,64.3352,69.8426,61.8996,60.9903
56.1707,60.9336,57.6144,61.1659,57.0881,58.4694,65.45,61.9809,59.6849,61.3774
57.1429,63.5877,55.5452,60.4654,57.7143,63.3297,55.3471,57.7176,52.787,59.9626


========================================================
Test11 (ADC Calibration) results 2008-06-17 18:39:44
Board ID311 30 channels
Linux calibration software

Calibration DAC Range: [1000 - 3500]

A:
0.738,0.7416,0.736,0.7416,0.742,0.738,0.7384,0.7396,0.7364,0.7388
0.7364,0.7412,0.7404,0.7404,0.7372,0.7352,0.7432,0.75,0.7384,0.7324
0.74,0.7316,0.7376,0.7392,0.7384,0.7384,0.7388,0.732,0.7364,0.7356


B:
57.0001,54.4001,52,52.4001,61.0001,57.0001,65.6001,68.4,61.6,61.2
55.6,60.8001,59.5999,62.5999,56.7999,58.8,63.8,46,60.6001,62.6
58,63.4,55.3999,60.8,56.6001,63.6001,56.2,58,54.6,59.4


========================================================
Test11 (ADC Calibration) results 2008-07-16 22:38:23
Board ID311 30 channels
Linux calibration software

Calibration DAC Range: [1000 - 3500]

A:
0.738,0.7412,0.7456,0.7408,0.742,0.738,0.738,0.7388,0.736,0.7384
0.7356,0.7412,0.74,0.7396,0.736,0.7344,0.7432,0.7568,0.7372,0.7324
0.7396,0.7312,0.7368,0.7388,0.738,0.738,0.738,0.7316,0.7364,0.7348


B:
56.0001,54.8001,43.4001,54.1999,60.0001,56.0001,66.0001,70.2,62,60.6001
57.4,59.8001,60,63.4,59,60.6001,65.8,39.2,62.7999,62.6
58.4,63.8001,57.1999,61.2,57.0001,63.0001,57.0001,58.4,53.6,60.2001


========================================================
Test11 (ADC Calibration) results 2008-07-20 18:58:34
Board ID311 30 channels
Linux calibration software

Calibration DAC Range: [1000 - 3500]

A:
0.7376,0.7412,0.75,0.7416,0.7416,0.7376,0.738,0.7392,0.736,0.7384
0.7356,0.7412,0.7396,0.7404,0.736,0.734,0.7444,0.7564,0.738,0.732
0.7396,0.7312,0.7368,0.7396,0.738,0.7376,0.738,0.7312,0.7364,0.7352


B:
56.3999,54.8001,39,51.4001,61.4001,57.3999,66.0001,69.8,62,61.6001
57.4,59.8001,60.4,61.5999,59,60.9999,63.5999,43.6,61.0001,63
58.4,63.8001,57.1999,59.4,57.0001,64.3999,58.0001,59.8001,53.6,58.8


========================================================
Test11 (ADC Calibration) results 2008-07-24 15:42:31
Board ID311 30 channels
Linux calibration software

Calibration DAC Range: [1000 - 3500]

A:
0.7376,0.7408,0.7508,0.7412,0.7412,0.7376,0.738,0.7392,0.736,0.7384
0.736,0.7412,0.74,0.74,0.7364,0.7344,0.7436,0.7556,0.738,0.732
0.7396,0.7312,0.7372,0.7388,0.7376,0.7376,0.7384,0.7316,0.736,0.7356


B:
57.3999,55.1999,37.2,52.8001,61.8001,57.3999,67.0001,69.8,62,61.6001
57,59.8001,60,63,59.6,60.6001,65.4,41.4001,62.0001,63
58.4,63.8001,56.7999,62.2,58.3999,64.3999,57.6001,59.4,55,58.4


========================================================
Test11 (ADC Calibration) results 2009-02-04 14:30:14
Board ID311 30 channels
Host: ufcmshv3
Linux calibration software

Calibration DAC Range: [1000 - 3500]

A:
0.7688,0.7808,0.7644,0.7776,0.758,0.7596,0.7644,0.7732,0.7656,0.752
0.768,0.766,0.77,0.7744,0.7768,0.77,0.77,0.7736,0.7656,0.7556
0.7788,0.768,0.7548,0.7664,0.7644,0.77,0.7792,0.7632,0.7516,0.7704


B:
56.1999,55.2001,52.6,53.4,59.9999,56.4001,65.6,69.8001,60.3999,61.0001
57,60.0001,59.0001,62.6,57.2001,61.0001,67.0001,63.4001,61.3999,61.4001
57.2,63,57.1999,59.6001,56.6,63.0001,56.7999,57.8001,54.3999,58.6


