========================================================

Test10 results 03-27-2006  13:55:06
Board ID413  30 channels
HV Tests Software Ver.1.6

+5V 2493 - O'k
-5V 1304 - O'k
Interlock - On

Voltmeter channel: A=1.080497, B=9.724482

A:
Limits 1.1 +/- 0.1
1.074691,1.089918,1.078749,1.077586,1.075269,1.078167,1.092896,1.079331,1.082837,1.074114
1.077006,1.088139,1.075847,1.087548,1.079331,1.078167,1.082837,1.085776,1.085776,1.084599
1.074114,1.074114,1.085187,1.090513,1.075269,1.075269,1.083424,1.077006,1.080497,1.080497


B:
Limits 0.0 +/- 35.0
6.448031,11.989102,9.708548,12.931156,9.677243,12.938135,10.928785,9.714025,11.911382,11.81529
18.308884,13.057621,8.606635,11.963168,10.793356,11.859968,10.828545,17.372425,11.943543,9.761528
9.667063,11.81529,15.192614,9.814711,12.903049,11.827781,9.750828,11.846848,8.643984,12.965973
========================================================
Test10 (ADC Calibration) results 2008-05-30 10:39:13
Board ID413 30 channels
Linux calibration software

Voltmeter channel: A=1.07598, B=-1085.66

A:
1.07476,1.0908,1.07786,1.07921,1.07587,1.07937,1.09408,1.07947,1.08392,1.07395
1.07816,1.08933,1.07567,1.08756,1.08042,1.07982,1.0835,1.08847,1.08675,1.08447
1.07432,1.07472,1.08544,1.091,1.07654,1.07607,1.08295,1.07915,1.07988,1.08129


B:
4.50379,6.41181,7.74519,7.63553,6.24884,6.91046,5.55065,5.70351,6.34092,7.40067
11.3623,5.66876,6.30437,7.67045,5.50373,7.46985,5.53685,9.92368,8.00275,7.31246
6.28576,6.70099,10.2605,6.88413,7.08078,5.06957,7.11227,5.9548,7.35281,7.32523


