========================================================

Test11 results 03-27-2006  13:57:54
Board ID413  30 channels
HV Tests Software Ver.1.6

+5V 2493 - O'k
-5V 1304 - O'k
Interlock - On
Calibration DAC Range: [2500 - 2900]


A:
Limits 0.76 +/- 0.04
0.754717,0.740741,0.750469,0.750469,0.754717,0.75188,0.740741,0.750469,0.747664,0.754717
0.75188,0.744879,0.75188,0.744879,0.749064,0.75188,0.747664,0.746269,0.744879,0.746269
0.754717,0.753296,0.749064,0.747664,0.754717,0.753296,0.744879,0.75188,0.750469,0.749064


B:
Limits 60.0 +/- 40.0
66.771408,76.052246,69.9375,70.561729,65.248886,66.148003,72.306404,69.127121,70.543022,65.762413
63.528721,65.648499,73.579056,68.730942,73.619278,65.96077,68.75016,63.368076,73.259132,70.330635
68.292076,71.29792,56.565643,65.890381,62.81559,69.06636,80.187454,67.487656,69.127121,68.134438
========================================================
Test11 (DAC Calibration) results 2008-05-30 10:39:13
Board ID413 30 channels
Linux calibration software
Calibration DAC Range: [1100 - 2700]

A:
0.753012,0.741565,0.750469,0.749906,0.752233,0.749415,0.739713,0.749344,0.746269,0.753579
0.750258,0.742942,0.752375,0.743771,0.749064,0.749485,0.747314,0.743149,0.744325,0.746269
0.752941,0.752658,0.745226,0.745573,0.751385,0.752092,0.747314,0.750328,0.749064,0.748083


B:
73.6447,74.416,73.3584,72.9285,73.9539,74.801,76.9764,74.8969,76.8658,72.2683
70.6463,74.4428,73.9114,75.0836,74.5318,73.0561,73.1901,73.4139,74.0231,72.3882
75.247,74.1273,72.3335,74.8369,74.6594,75.6511,73.3395,72.0502,75.2809,72.8821


