========================================================
Test10 (ADC Calibration) results 2014-01-19 19:51:39
Board IDXXX 30 channels
Host: ufcmshv1
Linux calibration software

Voltmeter channel: A=1.09534, B=7.90604

A:
1.12054,1.07961,1.08556,1.08258,1.07639,1.07657,1.10016,1.0842,1.08756,1.11459
1.1251,1.08538,1.10408,1.09249,1.12822,1.07408,1.07711,1.10035,1.09728,1.09396
1.0902,1.08366,1.08628,1.04913,1.06103,1.09194,1.08393,1.10147,1.09249,1.10203


B:
5.54525,11.3146,7.18706,7.74098,7.57821,7.41413,7.9556,8.20819,7.75899,7.69296
8.26453,6.91808,8.40327,8.29683,8.00142,6.26575,7.35338,7.78801,6.37254,7.40361
7.9704,6.75153,6.74259,9.14066,7.48648,7.92103,6.07069,7.00313,7.64111,6.94073


========================================================
Test10 (ADC Calibration) results 2014-03-14 18:53:42
Board ID249 30 channels
Host: ufcmshv1
Linux calibration software

Voltmeter channel: A=1.09645, B=5.15112

A:
1.07657,1.06835,1.07542,1.07417,1.06861,1.07364,1.07311,1.06712,1.06967,1.07382
1.07072,1.06826,1.11002,1.07979,1.08132,1.07284,1.07639,1.07337,1.04964,1.07907
1.06993,1.07205,1.07382,1.07764,1.06808,1.07019,1.07063,1.07231,1.078,1.08565


B:
2.89258,6.00064,4.39149,4.67981,6.18347,4.09761,4.80382,4.57755,4.99181,5.22258
4.65382,5.22697,5.9736,5.1041,6.29752,5.47877,4.77934,4.34374,4.88322,5.33105
5.1748,4.71363,5.43729,6.43044,6.45823,6.00014,5.37842,5.96922,5.67029,6.01881


