========================================================
Test11 (ADC Calibration) results 2014-01-19 20:02:00
Board IDXXX 30 channels
Host: ufcmshv1
Linux calibration software

Calibration DAC Range: [1000 - 3500]

A:
0.7212,0.7496,0.7452,0.7468,0.7508,0.7516,0.7348,0.7456,0.744,0.7256
0.7188,0.7452,0.7328,0.7404,0.7164,0.7528,0.7504,0.7344,0.7364,0.7388
0.7412,0.746,0.744,0.7724,0.7616,0.74,0.746,0.7336,0.7396,0.7336


B:
65.8,61.4,63.8001,65.2,65.2,65.3999,66.2001,64.4001,64.9999,67.4
64.2,66.8001,66.2,63.5999,65.5999,66.2,65.6,64.6001,66.6,65.2
65.8001,65,65.9999,64.5999,66.3999,66,66,67.3999,66.4,65.3999


========================================================
Test11 (ADC Calibration) results 2014-03-14 19:03:52
Board ID249 30 channels
Host: ufcmshv1
Linux calibration software

Calibration DAC Range: [1000 - 3500]

A:
0.7524,0.7588,0.7536,0.7548,0.758,0.7548,0.7556,0.7592,0.758,0.7544
0.7572,0.7584,0.73,0.7504,0.7496,0.7556,0.7532,0.7548,0.7724,0.7504
0.7576,0.756,0.7548,0.7532,0.7584,0.7572,0.7568,0.7556,0.752,0.7464


B:
63.6001,61.1999,62.4,61.1999,62.9999,62.1999,61.4001,63.8001,61.9999,62.5999
62.8,63.5999,61.9999,63.6,62.4,62.4001,61.8,64.1999,63.5999,63.6
63.4,63.0001,62.1999,63.8,62.5999,62.8,63.2,63.4001,62.0001,62.6


