========================================================

Test10 results 09-28-2006  19:43:07
Board ID114  36 channels
HV Tests Software Ver.1.6.8

+5V 3067 - O'k
-5V 1418 - O'k
Interlock - On
Number of Samples: 400

Voltmeter channel: A=1.082837, B=7.580034

A:
Limits 1.1 +/- 0.1
1.076426,1.086366,1.092896,1.076426,1.079331,1.078749,1.084599,1.084599,1.084011,1.072961,1.080497,1.079331
1.062135,1.084011,1.084011,1.080497,1.088732,1.080497,1.082837,1.067806,1.083424,1.079914,1.072386,1.084011
1.079331,1.084599,1.080497,1.079914,1.086366,1.081081,1.082837,1.086957,1.080497,1.075269,1.079331,1.073537


B:
Limits 0.0 +/- 30.0
7.534973,11.950203,7.650097,12.917105,10.793356,5.393553,7.592331,10.846127,11.924122,9.656813,2.161002,8.634694
31.864155,15.176154,10.840111,11.885475,7.621052,12.965973,12.994219,18.152739,9.750828,15.118756,18.230684,13.008133
9.714025,16.269119,17.28796,19.438412,6.518373,9.729908,14.077056,13.043554,15.126966,6.451437,8.634694,11.808746
Channels:
  13
Out of range 0.0 +/- 30.0
