========================================================

Test11 results 09-28-2006  19:48:29
Board ID114  36 channels
HV Tests Software Ver.1.6.8

+5V 3067 - O'k
-5V 1419 - O'k
Interlock - On
Calibration DAC Range: [2500 - 2900]
Number of Samples: 400

A:
Limits 0.76 +/- 0.04
0.753296,0.746269,0.740741,0.753296,0.749064,0.75188,0.747664,0.747664,0.746269,0.753296,0.750469,0.750469
0.763359,0.746269,0.746269,0.749064,0.743494,0.749064,0.746269,0.759013,0.747664,0.750469,0.756144,0.747664
0.750469,0.747664,0.749064,0.750469,0.746269,0.749064,0.749064,0.743494,0.750469,0.75188,0.749064,0.754717


B:
Limits 60.0 +/- 30.0
57.099514,49.578323,63.327278,55.477795,64.634354,61.998898,57.743114,56.932293,57.303005,69.483467,58.678085,56.074711
43.482216,59.729836,62.156849,63.189445,62.821907,55.905277,62.805458,53.497604,58.392391,57.780857,48.142235,54.342304
54.454681,46.390347,56.714508,52.107815,60.044483,60.036465,51.368099,60.982594,50.569317,66.302933,73.527657,54.518494
========================================================
Test11 (DAC Calibration) results 2007-09-27 10:36:49
Board ID114 36 channels
Linux calibration software
Calibration DAC Range: [1100 - 2700]

A:
0.753792,0.746408,0.741427,0.752516,0.751244,0.751315,0.747594,0.747175,0.748223,0.755786,0.751174,0.752587
0.760239,0.747524,0.748083,0.750258,0.743909,0.750469,0.748223,0.755287,0.747664,0.750469,0.755858,0.746547
0.752021,0.747733,0.749836,0.750117,0.746269,0.750469,0.748433,0.74613,0.749485,0.75365,0.751456,0.755715


B:
65.7968,59.5075,70.1576,67.5476,67.0391,73.7041,68.3207,69.0481,60.4188,70.77,67.1361,59.3226
57.5598,64.6795,66.7479,68.9957,71.0247,61.3509,65.2076,66.314,67.9253,67.3546,58.8812,65.2856
58.9022,56.0146,65.0764,63.0381,70.1493,65.1032,63.2708,61.3877,62.5633,69.7598,75.0141,62.4031


========================================================
Test11 (DAC Calibration) results 2007-09-28 09:22:29
Board ID114 36 channels
Linux calibration software
Calibration DAC Range: [1100 - 2700]

A:
0.754006,0.746617,0.741427,0.752587,0.751527,0.751738,0.747594,0.747314,0.748223,0.755715,0.751244,0.752445
0.76205,0.747803,0.748013,0.750399,0.744532,0.750469,0.748293,0.755144,0.747664,0.750399,0.755929,0.747175
0.75188,0.747664,0.749836,0.750117,0.74606,0.750469,0.748573,0.746199,0.749555,0.753721,0.751244,0.755786


B:
65.5042,59.216,70.4541,67.4506,66.651,73.1253,68.4702,68.7062,60.5687,71.4717,67.0391,60.1204
54.4677,64.2925,66.994,68.9521,70.3118,61.3509,65.2604,66.8114,68.2243,67.6014,58.9342,64.8639
59.3985,56.2617,65.0764,63.3381,70.5866,65.1032,63.376,61.1417,62.6159,69.8135,74.5516,62.3052


========================================================
Test11 (DAC Calibration) results 2008-01-21 12:27:21
Board ID114 36 channels
Linux calibration software
Calibration DAC Range: [1100 - 2700]

A:
0.754006,0.746826,0.741496,0.752658,0.751103,0.751809,0.747733,0.747384,0.748363,0.755929,0.751527,0.752516
0.762195,0.747943,0.748293,0.750469,0.744532,0.75061,0.748293,0.755073,0.747733,0.750539,0.755786,0.745712
0.752233,0.748293,0.749977,0.750117,0.746269,0.750751,0.748643,0.746269,0.749204,0.75429,0.751597,0.75543


B:
65.5042,58.9244,70.6553,67.0522,68.7352,73.1791,68.8756,68.4605,59.7755,70.4243,66.651,60.1729
54.4208,64.0987,66.6074,68.8556,70.3118,61.1561,65.2604,67.8151,68.1279,67.2578,59.282,66.8906
58.6084,55.5326,64.8824,63.3381,70.1493,64.8648,63.279,61.1941,63.1018,69.0363,74.8216,63.5506


========================================================
Test11 (DAC Calibration) results 2008-05-16 10:42:10
Board ID114 36 channels
Linux calibration software
Calibration DAC Range: [1100 - 2700]

A:
0.754006,0.746338,0.74184,0.752941,0.751597,0.751315,0.748363,0.748503,0.748363,0.755858,0.751385,0.752587
0.762849,0.747873,0.748363,0.75061,0.744532,0.750469,0.748223,0.75643,0.748223,0.750751,0.756144,0.746617
0.752021,0.748363,0.749555,0.750539,0.745851,0.750821,0.748573,0.746269,0.749485,0.754361,0.75188,0.756072


B:
66.2582,61.2464,71.0682,67.7176,68.6585,75.6575,68.0075,63.024,62.0206,73.3939,68.4981,60.6773
54.1337,65.6913,67.2591,69.4128,71.0563,63.6023,66.5544,66.7171,68.9487,68.0183,58.7901,66.6822
60.5566,56.0337,67.1133,63.5051,73.7087,65.3683,64.2742,63.1345,64.9616,70.297,75.188,63.1227


========================================================
Test11 (DAC Calibration) results 2008-06-10 11:35:01
Board ID114 36 channels
Linux calibration software
Calibration DAC Range: [1100 - 2700]

A:
0.753721,0.74606,0.741771,0.752941,0.751033,0.75188,0.747943,0.75195,0.748363,0.755644,0.750962,0.752587
0.762704,0.747664,0.748293,0.750047,0.744394,0.750399,0.748293,0.765697,0.748083,0.750469,0.755929,0.748713
0.752162,0.748223,0.749274,0.750047,0.745643,0.750469,0.748293,0.746199,0.749274,0.754006,0.751527,0.756072


B:
66.4972,61.9324,70.867,67.7176,69.1324,73.6842,68.736,62.91,62.0206,73.8359,68.929,60.5268
54.9433,65.9813,67.3557,71.0856,71.2477,63.099,66.6074,59.265,68.9921,68.1051,59.0854,65.2785
60.2108,56.2289,67.0505,63.5851,73.9956,65.8537,64.6622,62.9325,64.9525,70.7822,75.6693,62.8201


========================================================
Test11 (ADC Calibration) results 2008-06-17 04:20:31
Board ID114 36 channels
Linux calibration software

Calibration DAC Range: [1000 - 3500]

A:
0.7512,0.744,0.7388,0.7504,0.748,0.7488,0.7452,0.7492,0.7456,0.7532,0.7484,0.75
0.7588,0.7452,0.7456,0.7472,0.7416,0.7476,0.7456,0.7612,0.7448,0.7476,0.7532,0.746
0.7488,0.7456,0.7476,0.7472,0.744,0.748,0.746,0.7436,0.7476,0.752,0.7492,0.7532


B:
65.7999,59.9999,71.2,67.6,68.9999,74.2001,68.8001,63.8,62.4001,72.8,67.6001,59
58.1999,64.8001,66.4001,71.8,70.4001,62.3999,66.4001,61.8,69.2001,68.3999,59.8,65
61.2001,54.4001,65.3999,63.8,71.9999,64.9999,64,62.4,64.3999,69.0001,74.8,61.8


========================================================
Test11 (ADC Calibration) results 2008-06-17 07:43:31
Board ID114 36 channels
Linux calibration software

Calibration DAC Range: [1000 - 3500]

A:
0.7424,0.7352,0.7304,0.7424,0.74,0.7404,0.7364,0.7404,0.7372,0.7448,0.7396,0.7412
0.75,0.7368,0.7372,0.7392,0.7336,0.7388,0.7372,0.7548,0.7368,0.7392,0.7448,0.738
0.7408,0.7372,0.7388,0.7388,0.7352,0.7396,0.7372,0.7348,0.7396,0.7432,0.7408,0.744


B:
66.6,60.8,72.5999,67.6,69,74.5999,69.6,65.5999,62.7999,73.2001,68.4,59.8001
59,65.2,66.7999,70.8,70.3999,64.2,66.7999,60.1999,69.2,68.8,60.2001,65.0001
61.1999,55.7999,67.2,64.2,73.8,65.4,65.7999,64.2001,63.4,69.8,76.1999,63.9999


========================================================
Test11 (DAC Calibration) results 2008-08-26 09:06:59
Board ID114 36 channels
Linux calibration (server mode)

Calibration DAC Range: [3100 - 3500]

A:
0.769143,0.760286,0.758857,0.769429,0.767143,0.769429,0.764286,0.766857,0.762571,0.773143,0.767143,0.766286
0.775143,0.763143,0.764,0.767143,0.761429,0.765143,0.764286,0.777714,0.764286,0.766857,0.769714,0.765143
0.765714,0.760857,0.765429,0.765143,0.763429,0.766,0.763714,0.760857,0.765429,0.770571,0.77,0.77


B:
0.0,0.0,0.0,0.0,0.0,0.0,0.0,0.0,0.0,0.0,0.0,0.0
0.0,0.0,0.0,0.0,0.0,0.0,0.0,0.0,0.0,0.0,0.0,0.0
0.0,0.0,0.0,0.0,0.0,0.0,0.0,0.0,0.0,0.0,0.0,0.0


========================================================
Test11 (DAC Calibration) results 2008-08-26 13:28:50
Board ID114 36 channels
Linux calibration (server mode)

Calibration DAC Range: [3100 - 3500]

A:
0.769143,0.760286,0.758571,0.769429,0.767143,0.769429,0.764286,0.766571,0.762857,0.773143,0.767143,0.766286
0.775143,0.763143,0.764,0.767143,0.761429,0.765143,0.764286,0.776,0.764286,0.767143,0.77,0.764
0.766,0.761143,0.765429,0.765143,0.763429,0.766,0.764,0.761143,0.765429,0.770857,0.77,0.77


B:
0.0,0.0,0.0,0.0,0.0,0.0,0.0,0.0,0.0,0.0,0.0,0.0
0.0,0.0,0.0,0.0,0.0,0.0,0.0,0.0,0.0,0.0,0.0,0.0
0.0,0.0,0.0,0.0,0.0,0.0,0.0,0.0,0.0,0.0,0.0,0.0


========================================================
Test11 (DAC Calibration) results 2008-08-26 13:41:19
Board ID114 36 channels
Linux calibration (server mode)

Calibration DAC Range: [3100 - 3500]

A:
0.769143,0.760286,0.758857,0.769429,0.767143,0.769429,0.764286,0.766857,0.762571,0.773143,0.767143,0.766286
0.775143,0.763143,0.764,0.767143,0.761429,0.765143,0.764286,0.776571,0.764286,0.767143,0.77,0.764571
0.766,0.761143,0.765429,0.765143,0.763429,0.766,0.764,0.761143,0.765429,0.770571,0.77,0.77


B:
0.0,0.0,0.0,0.0,0.0,0.0,0.0,0.0,0.0,0.0,0.0,0.0
0.0,0.0,0.0,0.0,0.0,0.0,0.0,0.0,0.0,0.0,0.0,0.0
0.0,0.0,0.0,0.0,0.0,0.0,0.0,0.0,0.0,0.0,0.0,0.0


========================================================
Test11 (DAC Calibration) results 2008-08-26 14:01:38
Board ID114 36 channels
Linux calibration (server mode)

Calibration DAC Range: [3100 - 3500]

A:
0.769143,0.760286,0.758571,0.769429,0.767143,0.769429,0.764286,0.766571,0.762286,0.773143,0.767143,0.766286
0.775143,0.763143,0.764,0.767143,0.761429,0.765143,0.764286,0.777143,0.764286,0.767143,0.77,0.764857
0.766,0.761143,0.765429,0.765143,0.763429,0.766,0.764,0.761143,0.765429,0.770857,0.77,0.77


B:
0.0,0.0,0.0,0.0,0.0,0.0,0.0,0.0,0.0,0.0,0.0,0.0
0.0,0.0,0.0,0.0,0.0,0.0,0.0,0.0,0.0,0.0,0.0,0.0
0.0,0.0,0.0,0.0,0.0,0.0,0.0,0.0,0.0,0.0,0.0,0.0


========================================================
Test11 (DAC Calibration) results 2008-08-26 14:20:16
Board ID114 36 channels
Linux calibration (server mode)

Calibration DAC Range: [3100 - 3500]

A:
0.769143,0.760286,0.758286,0.769429,0.767143,0.769429,0.764286,0.766857,0.762857,0.773143,0.767143,0.766286
0.775143,0.763143,0.764,0.767143,0.761429,0.765143,0.764286,0.775714,0.764286,0.767143,0.77,0.764571
0.766,0.761143,0.765429,0.765143,0.763429,0.766,0.764,0.761143,0.765429,0.770571,0.77,0.77


B:
0.0,0.0,0.0,0.0,0.0,0.0,0.0,0.0,0.0,0.0,0.0,0.0
0.0,0.0,0.0,0.0,0.0,0.0,0.0,0.0,0.0,0.0,0.0,0.0
0.0,0.0,0.0,0.0,0.0,0.0,0.0,0.0,0.0,0.0,0.0,0.0


========================================================
Test11 (DAC Calibration) results 2008-08-26 14:34:14
Board ID114 36 channels
Linux calibration (server mode)

Calibration DAC Range: [3100 - 3500]

A:
0.769143,0.760286,0.758857,0.769429,0.767143,0.769429,0.764286,0.766571,0.762571,0.773143,0.767143,0.766286
0.775143,0.763143,0.764,0.767143,0.761429,0.765143,0.764286,0.777143,0.764286,0.767143,0.77,0.765429
0.766,0.761143,0.765429,0.765143,0.763429,0.766,0.764,0.761143,0.765429,0.770857,0.77,0.77


B:
0.0,0.0,0.0,0.0,0.0,0.0,0.0,0.0,0.0,0.0,0.0,0.0
0.0,0.0,0.0,0.0,0.0,0.0,0.0,0.0,0.0,0.0,0.0,0.0
0.0,0.0,0.0,0.0,0.0,0.0,0.0,0.0,0.0,0.0,0.0,0.0


========================================================
Test11 (DAC Calibration) results 2008-08-26 16:52:17
Board ID114 36 channels
Linux calibration (server mode)

Calibration DAC Range: [3100 - 3500]

A:
0.760857,0.752,0.750286,0.761143,0.758857,0.761143,0.755429,0.758286,0.754286,0.764571,0.758857,0.758
0.766286,0.754857,0.755429,0.758571,0.753143,0.756286,0.756,0.769429,0.755714,0.758286,0.761429,0.756
0.757143,0.752571,0.757429,0.756571,0.755143,0.757429,0.755429,0.752286,0.756857,0.762286,0.762,0.761714


B:
0.0,0.0,0.0,0.0,0.0,0.0,0.0,0.0,0.0,0.0,0.0,0.0
0.0,0.0,0.0,0.0,0.0,0.0,0.0,0.0,0.0,0.0,0.0,0.0
0.0,0.0,0.0,0.0,0.0,0.0,0.0,0.0,0.0,0.0,0.0,0.0


========================================================
Test11 (DAC Calibration) results 2008-08-27 11:55:21
Board ID114 36 channels
Linux calibration (server mode)

Calibration DAC Range: [3100 - 3500]

A:
0.760571,0.752,0.750286,0.761143,0.759143,0.761143,0.755429,0.758286,0.754286,0.765143,0.758571,0.758
0.766286,0.754571,0.755429,0.758857,0.753143,0.756286,0.756,0.768857,0.756,0.758286,0.761429,0.755429
0.757714,0.752286,0.757429,0.756286,0.755143,0.757429,0.755429,0.752286,0.756571,0.762286,0.762,0.761429


B:
0.0,0.0,0.0,0.0,0.0,0.0,0.0,0.0,0.0,0.0,0.0,0.0
0.0,0.0,0.0,0.0,0.0,0.0,0.0,0.0,0.0,0.0,0.0,0.0
0.0,0.0,0.0,0.0,0.0,0.0,0.0,0.0,0.0,0.0,0.0,0.0


========================================================
Test11 (DAC Calibration) results 2008-08-27 12:05:15
Board ID114 36 channels
Linux calibration (server mode)

Calibration DAC Range: [3100 - 3500]

A:
0.760857,0.752,0.750286,0.761143,0.759143,0.761143,0.755429,0.758286,0.754286,0.765143,0.758857,0.758
0.766286,0.754857,0.755429,0.758571,0.753143,0.756286,0.756,0.768571,0.756,0.758286,0.761429,0.755429
0.757429,0.752286,0.757429,0.756286,0.755143,0.757429,0.755429,0.752286,0.756286,0.762286,0.762,0.761429


B:
0.0,0.0,0.0,0.0,0.0,0.0,0.0,0.0,0.0,0.0,0.0,0.0
0.0,0.0,0.0,0.0,0.0,0.0,0.0,0.0,0.0,0.0,0.0,0.0
0.0,0.0,0.0,0.0,0.0,0.0,0.0,0.0,0.0,0.0,0.0,0.0


========================================================
Test11 (DAC Calibration) results 2008-08-27 12:16:28
Board ID114 36 channels
Linux calibration (server mode)

Calibration DAC Range: [3100 - 3500]

A:
0.760571,0.752,0.750286,0.761143,0.759143,0.761143,0.755429,0.758286,0.754286,0.765143,0.758571,0.758
0.766286,0.755143,0.755429,0.758286,0.753143,0.756286,0.756,0.769143,0.756,0.758286,0.761429,0.756
0.757429,0.752286,0.757429,0.756286,0.755143,0.757429,0.755429,0.752286,0.756857,0.762286,0.762,0.761429


B:
0.0,0.0,0.0,0.0,0.0,0.0,0.0,0.0,0.0,0.0,0.0,0.0
0.0,0.0,0.0,0.0,0.0,0.0,0.0,0.0,0.0,0.0,0.0,0.0
0.0,0.0,0.0,0.0,0.0,0.0,0.0,0.0,0.0,0.0,0.0,0.0


========================================================
Test11 (DAC Calibration) results 2008-08-27 12:34:55
Board ID114 36 channels
Linux calibration (server mode)

Calibration DAC Range: [3100 - 3500]

A:
0.760857,0.752,0.750286,0.761143,0.759143,0.761143,0.756,0.758286,0.754286,0.765143,0.758857,0.758
0.766286,0.755143,0.756,0.758857,0.753143,0.756286,0.756,0.768571,0.756,0.758286,0.761429,0.756
0.757429,0.752286,0.757429,0.756286,0.755143,0.757429,0.755429,0.752857,0.756571,0.762286,0.762,0.762


B:
0.0,0.0,0.0,0.0,0.0,0.0,0.0,0.0,0.0,0.0,0.0,0.0
0.0,0.0,0.0,0.0,0.0,0.0,0.0,0.0,0.0,0.0,0.0,0.0
0.0,0.0,0.0,0.0,0.0,0.0,0.0,0.0,0.0,0.0,0.0,0.0


========================================================
Test11 (DAC Calibration) results 2008-08-27 14:51:07
Board ID114 36 channels
Linux calibration (server mode)

Calibration DAC Range: [3100 - 3500]

A:
0.760571,0.752,0.750286,0.761143,0.759143,0.761143,0.756,0.758286,0.754286,0.765143,0.758571,0.758
0.766286,0.755143,0.756,0.758571,0.753143,0.756286,0.756,0.770571,0.756,0.758286,0.761429,0.756571
0.757429,0.752286,0.757429,0.756286,0.755143,0.757429,0.755429,0.752571,0.756857,0.762286,0.762,0.762


B:
0.0,0.0,0.0,0.0,0.0,0.0,0.0,0.0,0.0,0.0,0.0,0.0
0.0,0.0,0.0,0.0,0.0,0.0,0.0,0.0,0.0,0.0,0.0,0.0
0.0,0.0,0.0,0.0,0.0,0.0,0.0,0.0,0.0,0.0,0.0,0.0


========================================================
Test11 (DAC Calibration) results 2008-08-27 16:02:02
Board ID114 36 channels
Linux calibration (server mode)

Calibration DAC Range: [3100 - 3500]

A:
0.760857,0.752,0.750286,0.761143,0.758571,0.761143,0.756,0.758286,0.754286,0.764571,0.758857,0.758
0.766286,0.755143,0.756,0.758286,0.753143,0.756286,0.756,0.771429,0.756,0.758286,0.761429,0.757143
0.758,0.752286,0.757429,0.756286,0.755143,0.757429,0.755429,0.752286,0.757429,0.762286,0.762,0.762


B:
0.0,0.0,0.0,0.0,0.0,0.0,0.0,0.0,0.0,0.0,0.0,0.0
0.0,0.0,0.0,0.0,0.0,0.0,0.0,0.0,0.0,0.0,0.0,0.0
0.0,0.0,0.0,0.0,0.0,0.0,0.0,0.0,0.0,0.0,0.0,0.0


========================================================
Test11 (DAC Calibration) results 2008-08-27 16:15:20
Board ID114 36 channels
Linux calibration (server mode)

Calibration DAC Range: [3100 - 3500]

A:
0.760571,0.752,0.750286,0.761143,0.758857,0.761143,0.756,0.758286,0.754286,0.764286,0.758571,0.758
0.766286,0.755143,0.756,0.758286,0.753143,0.756286,0.756,0.771429,0.756,0.758286,0.761429,0.757143
0.758,0.752286,0.757429,0.756286,0.755143,0.757429,0.755429,0.752286,0.757429,0.762286,0.762,0.762


B:
0.0,0.0,0.0,0.0,0.0,0.0,0.0,0.0,0.0,0.0,0.0,0.0
0.0,0.0,0.0,0.0,0.0,0.0,0.0,0.0,0.0,0.0,0.0,0.0
0.0,0.0,0.0,0.0,0.0,0.0,0.0,0.0,0.0,0.0,0.0,0.0


========================================================
Test11 (DAC Calibration) results 2008-08-27 16:29:29
Board ID114 36 channels
Linux calibration (server mode)

Calibration DAC Range: [3100 - 3500]

A:
0.7425,0.7375,0.73,0.74,0.735,0.74,0.7375,0.74,0.7375,0.7425,0.74,0.745
0.7475,0.7325,0.7375,0.735,0.7325,0.735,0.7375,0.75,0.74,0.7375,0.745,0.74
0.7425,0.7325,0.74,0.735,0.735,0.7375,0.7375,0.7325,0.74,0.7425,0.74,0.745


B:
64.2,50.7,71.0,74.0,82.5,74.0,64.7,64.0,58.7,76.2,66.0,45.5
65.7,77.2,64.7,81.5,72.2,74.5,64.7,72.0,56.0,72.7,57.5,58.0
54.2,69.2,61.0,74.5,70.5,69.7,62.7,69.2,61.0,69.2,75.0,59.5


========================================================
Test11 (DAC Calibration) results 2008-08-27 16:39:55
Board ID114 36 channels
Linux calibration (server mode)

Calibration DAC Range: [3100 - 3500]

A:
0.7425,0.7325,0.73,0.74,0.735,0.74,0.7375,0.74,0.7375,0.7425,0.74,0.745
0.7425,0.7375,0.7375,0.735,0.7325,0.735,0.7375,0.75,0.735,0.7375,0.745,0.735
0.7425,0.7325,0.74,0.735,0.735,0.7375,0.7375,0.7325,0.74,0.7425,0.74,0.745


B:
63.2,67.2,71.0,74.0,82.5,74.0,63.7,64.0,57.7,77.2,66.0,45.5
82.2,60.7,63.7,81.5,71.2,74.5,63.7,72.0,71.5,71.7,57.5,75.5
53.2,68.2,61.0,74.5,70.5,68.7,61.7,68.2,61.0,68.2,75.0,59.5


========================================================
Test11 (DAC Calibration) results 2008-08-27 17:01:29
Board ID114 36 channels
Linux calibration (server mode)

Calibration DAC Range: [3100 - 3500]

A:
0.7425,0.7275,0.73,0.74,0.74,0.74,0.7325,0.74,0.7325,0.7475,0.74,0.745
0.7425,0.7325,0.7325,0.735,0.7325,0.735,0.74,0.75,0.735,0.7375,0.745,0.74
0.7375,0.7375,0.74,0.735,0.735,0.7375,0.7375,0.7325,0.74,0.7425,0.74,0.745


B:
64.2,83.7,71.0,74.0,67.0,74.0,80.2,64.0,74.2,60.7,66.0,45.5
83.2,77.2,80.2,81.5,72.2,74.5,57.0,68.0,71.5,72.7,57.5,60.0
69.7,51.7,61.0,74.5,70.5,69.7,62.7,69.2,61.0,69.2,75.0,59.5


========================================================
Test11 (DAC Calibration) results 2008-08-28 14:20:07
Board ID114 36 channels
Linux calibration (server mode)

Calibration DAC Range: [3100 - 3500]

A:
0.7425,0.735,0.73,0.74,0.74,0.74,0.7375,0.74,0.7425,0.7425,0.74,0.74
0.7425,0.7375,0.7375,0.74,0.7325,0.735,0.735,0.75,0.74,0.7375,0.745,0.7425
0.7425,0.7375,0.74,0.735,0.735,0.7425,0.7325,0.7325,0.735,0.7425,0.74,0.745


B:
63.2,59.5,71.0,74.0,67.0,74.0,63.7,64.0,42.2,77.2,66.0,63.0
82.2,60.7,63.7,66.0,71.2,74.5,72.5,81.0,56.0,71.7,57.5,49.2
53.2,52.7,61.0,74.5,70.5,53.2,79.2,70.2,76.5,68.2,75.0,59.5


========================================================
Test11 (DAC Calibration) results 2008-09-01 16:34:02
Board ID114 36 channels
Linux calibration (server mode)

Calibration DAC Range: [3100 - 3500]

A:
0.7425,0.735,0.73,0.74,0.74,0.74,0.7425,0.74,0.7375,0.7425,0.74,0.74
0.7475,0.7325,0.7325,0.74,0.7275,0.735,0.735,0.7525,0.74,0.7375,0.745,0.7375
0.7425,0.7325,0.74,0.735,0.735,0.7375,0.7375,0.7325,0.735,0.7475,0.74,0.745


B:
64.2,59.5,71.0,74.0,67.0,74.0,47.2,64.0,58.7,76.2,66.0,63.0
65.7,77.2,80.2,66.0,87.7,74.5,72.5,66.3,56.0,72.7,57.5,63.7
52.2,69.2,61.0,74.5,70.5,69.7,62.7,69.2,76.5,51.7,75.0,59.5


========================================================
Test11 (ADC Calibration) results 2008-11-26 15:41:51
Board ID114 36 channels
Host: ufcmshv3
Linux calibration software

Calibration DAC Range: [1000 - 3500]

A:
0.7528,0.7456,0.7408,0.752,0.75,0.7508,0.7472,0.7516,0.748,0.7552,0.7508,0.7512
0.7608,0.7472,0.7476,0.7496,0.744,0.7496,0.7484,0.7552,0.7476,0.75,0.7548,0.7476
0.7508,0.7472,0.7496,0.7496,0.746,0.7504,0.748,0.7456,0.75,0.754,0.7508,0.7544


B:
66.2,60.4001,71.1999,67.0001,69,74.2,68.8,62.3999,59.9999,71.7999,66.2,61.7999
58.2,64.8,66.3999,69.4,69.9999,62.4,64.6001,66.7999,66.3999,67,60.1999,64.3999
60.2,56.8,64.4,62.4,70,63.6,63.9999,62.4001,61,68,75.2,63.5999


========================================================
Test11 (ADC Calibration) results 2008-11-29 11:12:47
Board ID114 36 channels
Host: ufcmshv3
Linux calibration software

Calibration DAC Range: [1000 - 3500]

A:
0.7712,0.7728,0.7784,0.7696,0.7648,0.7776,0.7716,0.752,0.7712,0.7768,0.78,0.7516
0.7608,0.776,0.7792,0.7684,0.7716,0.764,0.78,0.7724,0.7744,0.778,0.7624,0.7688
0.7764,0.7796,0.7576,0.7792,0.7744,0.7592,0.7672,0.7776,0.7712,0.7668,0.7552,0.7724


B:
63.8,61.1999,71.6,67.4001,66.2,74.4,69.4,62.0001,59.8,72.2001,66.0001,60.3999
58.2,63.9999,64.7999,68.6,70.4,62,66.0001,67.5999,67.6,67,61.6001,67.1999
59.5999,55.3999,65.4,62.7999,69.6,64.8001,61.8,60.4,62.8,69.2001,75.7999,62.5999


