========================================================

Test11 results 09-23-2006  13:38:10
Board ID320  30 channels
HV Tests Software Ver.1.6.1

+5V 2505 - O'k
-5V 1312 - O'k
Interlock - On
Calibration DAC Range: [2500 - 2900]


A:
Limits 0.76 +/- 0.04
0.746269,0.739372,0.743494,0.746269,0.747664,0.740741,0.736648,0.746269,0.743494,0.746269
0.743494,0.744879,0.744879,0.742115,0.75188,0.740741,0.746269,0.736648,0.736648,0.743494
0.750469,0.743494,0.739372,0.742115,0.742115,0.743494,0.747664,0.742115,0.742115,0.742115


B:
Limits 60.0 +/- 30.0
49.735374,67.140549,52.745163,62.740963,53.512318,65.618584,63.664459,57.94706,56.684811,58.484898
59.018032,45.700977,65.066559,60.950752,49.50679,66.347389,58.176991,55.95285,65.26239,51.807262
56.792202,60.403191,60.077534,53.211269,64.003464,52.010925,60.720627,63.418251,55.626041,60.950752
========================================================
Test11 (DAC Calibration) results 2008-04-18 10:25:01
Board ID320 30 channels
Linux calibration software
Calibration DAC Range: [1100 - 2700]

A:
0.745295,0.741496,0.742253,0.748363,0.748994,0.742528,0.739303,0.746478,0.743149,0.745921
0.74308,0.744186,0.748013,0.743978,0.751527,0.744325,0.746478,0.735903,0.739508,0.743011
0.750469,0.745018,0.739919,0.741427,0.744879,0.743633,0.749415,0.743149,0.743978,0.743978


B:
64.0396,67.6893,66.4874,65.7624,60.3969,65.9549,65.1233,62.3961,68.509,70.6295
70.6855,58.8837,66.2459,63.3406,61.3903,65.8356,66.2778,66.0564,66.4634,64.5398
67.3546,66.5116,65.8896,64.2262,64.6183,64.8634,65.808,69.2522,61.4062,63.6381


