========================================================

Test15 results 08-25-2005  17:22:33
Board ID043  8 channels
HV Tests Software Ver.1.6


A:
Limits 1.45 +/- 2.0
1.429593,1.427552,1.431639,1.425517,1.422475,1.427552,1.429593,1.431639


B:
Limits 0.0 +/- 160.0
-1.429714,-2.855097,1.43173,-5.701996,-1.422455,7.137765,-4.288899,10.021564
========================================================

Test15 results 04-13-2006  16:52:14
Board ID043  8 channels
HV Tests Software Ver.1.6


A:
Limits 1.45 +/- 2.0
1.429593,1.422475,1.424501,1.427552,1.423488,1.373626,1.429593,1.432665


B:
Limits 0.0 +/- 160.0
2.859064,5.68992,7.122522,-2.855097,-4.270462,16.483582,-4.288899,7.163336
