========================================================

Test16 results 08-25-2005  17:24:03
Board ID043  8 channels
HV Tests Software Ver.1.6
Calibration DAC Range: [1000 - 2300]


A:
Limits 0.57 +/- 0.1
0.564236,0.562771,0.561313,0.564236,0.565463,0.560345,0.562284,0.562527


B:
Limits 50.0 +/- 60.0
43.05558,48.917816,55.553135,53.496979,44.591038,69.027199,51.669971,49.891758
========================================================

Test16 results 04-13-2006  16:54:44
Board ID043  8 channels
HV Tests Software Ver.1.6
Calibration DAC Range: [1000 - 2300]


A:
Limits 0.57 +/- 0.1
0.566449,0.564481,0.564726,0.563991,0.564481,0.583221,0.565217,0.565463


B:
Limits 50.0 +/- 70.0
34.204769,42.075443,40.289551,44.034767,41.270756,54.49815,39.130497,38.147018
