========================================================

Test11 results 10-12-2005  17:40:37
Board ID096  36 channels
HV Tests Software Ver.1.6

+5V 3079 - O'k
-5V 1381 - O'k
Interlock - On
Calibration DAC Range: [2500 - 2900]


A:
Limits 0.76 +/- 0.04
0.749064,0.747664,0.750469,0.756144,0.747664,0.756144,0.749064,0.746269,0.749064,0.749064,0.746269,0.746269
0.75188,0.753296,0.749064,0.75188,0.750469,0.754717,0.744879,0.754717,0.750469,0.754717,0.750469,0.746269
0.753296,0.749064,0.749064,0.746269,0.75188,0.750469,0.750469,0.747664,0.754717,0.754717,0.75188,0.742115


B:
Limits 60.0 +/- 40.0
64.402466,57.509651,56.202232,60.537563,62.89827,51.966335,57.502705,52.512383,70.828758,57.668026,60.323425,59.675903
58.135967,52.695419,53.719349,54.374916,52.086929,55.111618,66.08149,50.459496,50.311344,49.563267,56.117401,69.076775
59.665424,53.316837,56.533459,53.391651,60.728447,52.726917,48.056458,55.250961,57.433994,56.722576,55.442345,61.721497
========================================================
Test11 (DAC Calibration) results 2008-06-09 04:11:52
Board ID96 36 channels
Linux calibration software
Calibration DAC Range: [1100 - 2700]

A:
0.749625,0.747384,0.749485,0.755715,0.748713,0.754148,0.747384,0.747035,0.750399,0.747454,0.748363,0.747105
0.752729,0.753083,0.747314,0.751527,0.748503,0.75365,0.74481,0.752941,0.75061,0.75365,0.748643,0.748643
0.754148,0.750328,0.748573,0.746269,0.751244,0.749906,0.750117,0.746965,0.754575,0.754575,0.75188,0.744117


B:
63.2684,62.4814,64.2121,63.1588,64.5298,61.5385,63.3782,54.1507,70.603,67.7662,57.5304,61.9724
58.8259,56.6791,64.9697,60.6388,63.3234,62.2233,70.822,58.6823,53.0492,56.1941,65.9742,64.7763
60.4828,52.5417,61.7292,57.3136,66.8889,58.6803,53.5866,63.9589,63.0637,63.969,58.6466,59.7247


