========================================================

Test10 results 12-10-2004  13:06:00
Board ID273  30 channels
HV Tests Software Ver.1.4

+5V 2521 - O'k
-5V 1301 - O'k
Interlock - On

Voltmeter channel: A=1.070091, B=11.770809

A:
1.079331,1.070664,1.073537,1.077586,1.074691,1.071237,1.074114,1.066667,1.071811,1.062135
1.071811,1.073537,1.075269,1.024065,1.072386,1.074691,1.051525,1.072386,1.069519,1.077006
1.074691,1.068376,1.072386,1.079914,1.075269,1.072961,1.070664,1.068376,1.066098,1.069519


B:
7.555364,6.423989,9.661671,8.620811,6.448031,9.640962,9.667063,8.533125,7.502839,8.497189
10.718273,1.073372,6.451437,33.794338,8.57921,9.672105,15.772691,2.144894,5.34771,1.076787
9.672105,8.547024,8.57921,7.559361,6.451437,9.656813,6.423989,8.547024,11.727031,7.486748
========================================================

Test10 results 01-13-2005  16:40:58
Board ID273  30 channels
HV Tests Software Ver.1.6

+5V 2526 - O'k
-5V 1306 - O'k
Interlock - On

Voltmeter channel: A=1.070091, B=10.700718

A:
Limits 1.1 +/- 0.1
1.079914,1.070091,1.074114,1.079331,1.074691,1.075269,1.074691,1.06553,1.072386,1.059883
1.070664,1.072961,1.075269,1.071237,1.072961,1.075269,1.066098,1.071811,1.068947,1.077006
1.074691,1.069519,1.072961,1.079331,1.074691,1.073537,1.070664,1.068376,1.06553,1.070091


B:
Limits 0.0 +/- 30.0
6.479447,8.560535,7.518835,3.23804,6.448031,6.451437,7.522722,9.589919,5.362052,6.359514
11.777308,2.146083,5.376168,6.42725,7.51089,8.601974,6.39654,4.287405,7.482668,-0.000219
8.597414,5.34771,6.437928,8.634694,7.522722,7.514596,6.423989,8.547024,11.720979,6.420354
