========================================================

Test11 results 12-10-2004  13:07:22
Board ID273  30 channels
HV Tests Software Ver.1.4

+5V 2521 - O'k
-5V 1301 - O'k
Interlock - On
Calibration DAC Range: [2500 - 2900]


A:
0.747664,0.756144,0.75188,0.750469,0.75188,0.754717,0.75188,0.757576,0.753296,0.757576
0.75188,0.749064,0.75188,0.787402,0.75188,0.750469,0.769231,0.75188,0.754717,0.75188
0.750469,0.757576,0.753296,0.753296,0.749064,0.753296,0.756144,0.753296,0.756144,0.750469


B:
61.946712,55.054966,59.565567,56.799164,60.463013,57.380928,59.655331,60.302391,62.828495,69.461731
65.030647,76.637115,59.116199,46.173016,65.123161,62.920177,51.176895,70.388519,64.460823,58.307232
67.402657,55.853485,59.599033,57.651058,69.577881,54.216354,56.057373,68.800056,63.352242,78.107834
========================================================

Test11 results 01-13-2005  16:42:16
Board ID273  30 channels
HV Tests Software Ver.1.6

+5V 2527 - O'k
-5V 1306 - O'k
Interlock - On
Calibration DAC Range: [2500 - 2900]


A:
Limits 0.76 +/- 0.04
0.743494,0.75188,0.750469,0.746269,0.753296,0.749064,0.753296,0.757576,0.753296,0.763359
0.753296,0.75188,0.750469,0.75188,0.75188,0.750469,0.756144,0.754717,0.753296,0.750469
0.750469,0.754717,0.75188,0.750469,0.75188,0.750469,0.75188,0.754717,0.757576,0.756144


B:
Limits 70.0 +/- 30.0
74.56044,68.873016,62.566013,71.907532,54.396217,70.382721,52.77726,58.68718,61.307377,56.700661
61.833542,66.830124,63.549904,68.778481,62.702866,62.024048,66.374603,59.093227,68.800056,62.112362
65.25367,64.264771,63.326435,66.604729,57.409603,64.089119,68.067535,62.651417,57.071781,57.482342
========================================================
Test11 (DAC Calibration) results 2008-04-11 15:34:22
Board ID273 30 channels
Linux calibration software
Calibration DAC Range: [1100 - 2700]

A:
0.74613,0.752941,0.749695,0.746756,0.750539,0.749977,0.750117,0.754646,0.751456,0.761252
0.752162,0.75061,0.749695,0.752516,0.751244,0.749064,0.755786,0.752304,0.753722,0.749134
0.749064,0.753509,0.751527,0.749064,0.749625,0.750258,0.750117,0.753935,0.755929,0.755929


B:
68.4012,68.4705,66.1699,71.7166,68.0083,68.3322,67.0887,67.7954,70.3551,66.9808
67.4314,73.6163,69.1687,69.0527,68.3914,70.0375,69.8631,69.3437,70.1146,69.7911
72.2846,71.0086,67.4025,70.7865,68.0659,63.8939,69.339,68.0142,66.6446,72.6921


========================================================
Test11 (ADC Calibration) results 2008-06-19 12:56:33
Board ID273 30 channels
Linux calibration software

Calibration DAC Range: [1000 - 3500]

A:
0.734,0.7412,0.738,0.7348,0.7384,0.738,0.738,0.7432,0.7396,0.7664
0.74,0.7392,0.7376,0.7408,0.74,0.7396,0.7452,0.74,0.7416,0.7372
0.7372,0.7416,0.7396,0.738,0.7376,0.7384,0.7384,0.742,0.7436,0.7448


B:
70.9999,69.8001,67.0001,73.2001,69.6001,70.0001,69.0001,68.8,71.4,50.6001
69,73.8,70.3999,70.1999,68,68.4,68.8001,72,72.4001,71.7999
73.7999,72.4001,69.4,70.0001,69.3999,64.6001,70.6001,70.0001,69.4,72.2001


========================================================
Test11 (ADC Calibration) results 2008-07-17 10:58:43
Board ID273 30 channels
Linux calibration software

Calibration DAC Range: [1000 - 3500]

A:
0.7332,0.7404,0.7368,0.7348,0.7384,0.7376,0.7376,0.7436,0.7392,0.7736
0.74,0.7392,0.7376,0.7404,0.7392,0.7392,0.7448,0.7396,0.742,0.7368
0.7372,0.7412,0.7396,0.7372,0.7372,0.738,0.738,0.7416,0.7436,0.744


B:
71.7999,70.5999,69.2,72.2001,69.6001,70.3999,69.3999,67.4,71.8,43.4001
69,73.8,70.3999,71.5999,68.8,68.8,69.2001,72.4,71.0001,71.2
72.7999,72.8001,68.4,71.7999,69.7999,65.0001,71.0001,69.4001,68.4,72.9999


========================================================
Test11 (ADC Calibration) results 2008-07-20 18:37:46
Board ID273 30 channels
Linux calibration software

Calibration DAC Range: [1000 - 3500]

A:
0.7336,0.7408,0.7376,0.7344,0.738,0.738,0.7376,0.7432,0.7392,0.7728
0.74,0.7388,0.7376,0.7408,0.7392,0.7404,0.7448,0.74,0.7416,0.7372
0.7372,0.7416,0.7396,0.7368,0.7372,0.7376,0.7376,0.742,0.7436,0.744


B:
71.3999,70.1999,67.3999,73.6001,70.0001,70.0001,69.3999,68.8,71.8,45.1999
69,74.2,70.3999,70.1999,68.8,68.5999,69.2001,71,72.4001,70.7999
72.7999,72.4001,68.4,73.2,69.7999,66.3999,72.3999,69.0001,69.4,72.9999


