========================================================

Test10 results 01-25-2006  11:16:53
Board ID154  36 channels
HV Tests Software Ver.1.6

+5V 2500 - O'k
-5V 1311 - O'k
Interlock - On

Voltmeter channel: A=1.049869, B=18.897427

A:
Limits 1.1 +/- 0.1
1.085187,1.088139,1.072386,1.084011,1.078749,1.081081,1.074691,1.080497,1.077006,1.078749,1.076426,1.081081
1.075269,1.085187,1.079331,1.072961,1.091703,1.072961,1.078167,1.078167,1.077006,1.091107,1.079914,1.084599
1.076426,1.078749,1.075847,1.078749,1.068947,1.085187,1.072386,1.074691,1.070091,1.082251,1.086957,1.082251


B:
Limits 0.0 +/- 35.0
5.425929,4.352507,5.362052,10.840111,8.629799,7.567746,10.746796,9.724482,7.538823,6.472301,5.382121,9.729908
5.376168,6.511116,3.23804,5.364967,3.275107,5.364967,6.469132,4.312799,7.538823,6.546595,7.559361,5.423133
4.305695,6.472301,6.454941,5.393553,7.482668,3.255554,2.144894,5.373341,8.560535,9.740297,6.521815,9.740297
========================================================
Test10 (ADC Calibration) results 2008-03-14 06:03:40
Board ID154 36 channels
Linux calibration software

Voltmeter channel: A=1.04556, B=11.4252

A:
1.08611,1.08971,1.07163,1.08746,1.08591,1.08106,1.08126,1.08621,1.08142,1.07886,1.07726,1.08826
1.07596,1.08711,1.07862,1.07243,1.09246,1.07213,1.07846,1.07243,1.07672,1.09425,1.08656,1.09185
1.07946,1.08242,1.07846,1.08026,1.06993,1.08641,1.07073,1.07293,1.07073,1.08372,1.08614,1.06137


B:
-0.225624,3.66033,4.98744,5.76871,7.02981,2.32494,5.30675,8.70515,4.86546,3.25824,2.02803,7.32076
2.76846,3.18295,1.84328,3.29252,2.64974,5.6764,3.49161,9.29252,4.5943,3.16768,5.20751,1.11886
2.29088,1.67025,2.84849,0.747465,5.48949,3.39049,4.67848,4.72613,5.39556,3.41062,5.82375,17.1861


