========================================================

Test11 results 01-25-2006  11:19:13
Board ID154  36 channels
HV Tests Software Ver.1.6

+5V 2498 - O'k
-5V 1312 - O'k
Interlock - On
Calibration DAC Range: [2500 - 2900]


A:
Limits 0.76 +/- 0.04
0.735294,0.738007,0.747664,0.740741,0.742115,0.739372,0.747664,0.740741,0.743494,0.743494,0.746269,0.742115
0.746269,0.739372,0.742115,0.747664,0.733945,0.747664,0.743494,0.743494,0.742115,0.732601,0.742115,0.738007
0.746269,0.742115,0.743494,0.743494,0.749064,0.739372,0.749064,0.744879,0.749064,0.738007,0.742115,0.738007


B:
Limits 60.0 +/- 40.0
77.715401,63.484722,65.777573,57.548016,66.105881,72.944153,54.780571,68.29744,67.754639,63.973633,60.245079,60.777908
63.29702,63.603989,69.309875,64.173096,67.525093,63.453541,64.700974,66.228622,70.686485,70.424583,66.033226,71.238487
61.850941,68.508873,72.244102,65.577881,66.289391,64.472061,64.31633,70.180511,63.171707,72.839539,62.951893,72.569092
========================================================
Test11 (DAC Calibration) results 2008-03-14 06:03:40
Board ID154 36 channels
Linux calibration software
Calibration DAC Range: [1100 - 2700]

A:
0.735835,0.733407,0.745782,0.735294,0.735971,0.739645,0.739508,0.735768,0.73903,0.741152,0.742253,0.734754
0.743149,0.735159,0.740947,0.745226,0.731195,0.745434,0.741427,0.745226,0.742253,0.730727,0.735903,0.732333
0.740741,0.738348,0.741427,0.740192,0.746965,0.735632,0.746408,0.744879,0.746408,0.737463,0.739508,0.753367


B:
77.1891,75.1376,74.1026,71.4706,71.8491,75.5916,71.7878,73.0156,74.2264,74.0968,74.2067,71.9324
74.4542,75.4822,76.4563,74.5691,75.5963,72.7917,73.1233,70.0978,73.6129,72.5979,72.6795,76.492
74.8149,77.3881,75.1993,76.7581,72.9224,74.5287,75.9284,74.3017,72.1964,76.1062,74.0063,62.7648


========================================================
Test11 (ADC Calibration) results 2008-06-19 12:56:33
Board ID154 36 channels
Linux calibration software

Calibration DAC Range: [1000 - 3500]

A:
0.7248,0.7208,0.734,0.7204,0.7112,0.7392,0.72,0.712,0.7156,0.7292,0.7264,0.7148
0.7292,0.7228,0.7296,0.73,0.7184,0.7328,0.7288,0.7372,0.73,0.7152,0.7132,0.7132
0.7248,0.7248,0.7264,0.7272,0.7348,0.722,0.7348,0.7384,0.7376,0.726,0.7272,0.7472


B:
75.2,75.2001,75.9999,74.6001,74.8,67.8,72.9999,74,74.3999,75.8,73.5999,72.2
74.8,75.1999,76.4,87.9999,75.6,74.2,76.2,68.7999,74.9999,74.8,73.8001,76.8001
75.2,76.2,73.5999,76.8001,73.2001,75,77.2001,70.6001,81.3999,76,76.8001,66.8


