========================================================

Test10 results 12-15-2006  16:23:01
Board ID045  36 channels
HV Tests Software Ver.1.6.8

+5V 3065 - O'k
-5V 1371 - O'k
Interlock - On
Number of Samples: 400

Voltmeter channel: A=1.049869, B=39.894802

A:
Limits 1.1 +/- 0.1
1.067236,1.089325,1.082837,1.047669,1.079331,1.068947,1.073537,1.080497,1.075269,1.082837,1.084011,1.070091
1.074691,1.072386,1.079914,1.075269,1.077586,1.088732,1.066098,1.084599,1.085187,1.081666,1.047669,1.077586
1.079331,1.077586,1.077586,1.072961,1.075269,1.078749,1.072386,1.082251,1.068376,1.077586,1.080497,1.071237


B:
Limits 0.0 +/- 30.0
9.605241,17.429287,19.491241,16.762714,6.476033,11.758456,9.661671,4.321996,11.827781,10.828545,5.420056,12.8409
15.04556,18.230684,6.479447,6.451437,14.008742,10.887247,8.528736,13.015324,17.362988,7.571701,33.525417,16.163914
9.714025,7.543225,16.163914,20.386425,8.601974,11.866045,15.013526,6.493545,12.820528,10.775984,14.04647,9.640962
Channels:
  23  37
Out of range 0.0 +/- 30.0
