========================================================

Test10 results 07-25-2006  22:58:23
Board ID049  36 channels
HV Tests Software Ver.1.6.1

+5V 2519 - O'k
-5V 1335 - O'k
Interlock - On

Voltmeter channel: A=1.074691, B=11.821486

A:
Limits 1.1 +/- 0.1
1.070091,1.071811,1.075847,1.072386,1.072961,1.069519,1.071237,1.070091,1.068376,1.073537,1.077586,1.075847
1.075847,1.070664,1.075269,1.070091,1.070091,1.081666,1.046572,1.066098,1.071811,1.063264,1.071237,1.070091
1.076426,1.067806,1.068376,1.070091,1.072961,1.077586,1.075269,1.077586,1.071237,1.073537,1.079331,1.078167


B:
Limits 0.0 +/- 30.0
11.770809,9.646461,4.303246,11.796368,11.802734,16.042896,17.139624,7.490445,10.683776,10.735209,11.85357,13.985871
13.985871,11.777308,13.978319,10.700718,11.770809,5.408369,21.97813,10.660933,9.646461,20.20191,12.854673,14.981082
20.452089,18.152739,11.752151,13.910991,17.167542,6.465639,13.978319,17.241501,11.783437,10.735209,7.555364,11.859968
========================================================
Test10 (ADC Calibration) results 2008-03-17 06:41:52
Board ID49 36 channels
Linux calibration software

Voltmeter channel: A=1.07575, B=11.477

A:
1.0688,1.07063,1.07416,1.07216,1.07494,1.068,1.07453,1.06933,1.068,1.072,1.07776,1.07386
1.07592,1.0691,1.0748,1.0685,1.07006,1.0814,1.04702,1.06497,1.0703,1.06203,1.06947,1.06887
1.0747,1.0696,1.0704,1.0699,1.0717,1.07524,1.07376,1.08176,1.0705,1.0735,1.07739,1.07576


B:
4.11435,4.25239,-2.71484,2.36454,3.78131,7.73614,5.66213,1.85672,0.600135,3.45586,3.06599,7.19938
3.13399,2.84603,5.23475,4.15536,2.54629,-0.738673,12.8694,2.46717,2.49081,11.4217,5.38976,7.0947
12.7647,7.43046,-0.0975499,4.19983,11.2049,1.19135,7.32929,8.03997,3.56145,1.67038,3.3255,3.63942


========================================================
Test10 (ADC Calibration) results 2008-06-19 12:08:44
Board ID049 36 channels
Linux calibration software

Voltmeter channel: A=1.07, B=0

A:
1.08723,1.09038,1.09038,1.09038,1.05546,1.084,1.09574,1.09174,1.08525,1.09111,1.09959,1.0931
1.09356,1.08579,1.09392,1.08597,1.0902,1.10746,1.0598,1.08168,1.08696,1.07902,1.08213,1.08624
1.09183,1.09849,1.06989,1.08822,1.08939,1.0931,1.09083,1.1069,1.05284,1.09592,1.09602,1.09456


B:
4.35869,3.1793,-1.61854,2.52496,24.7207,8.86672,7.42383,1.48603,2.71549,3.60082,2.57597,5.03591
3.52355,4.82168,7.12616,2.91758,3.56441,-2.43499,17.272,2.35847,3.52152,9.59151,8.43559,9.61924
12.3204,9.29988,7.80278,5.83534,11.9421,0.663509,8.65118,9.14645,30.5405,4.84533,3.66541,3.25664


========================================================
Test10 (ADC Calibration) results 2008-07-17 09:50:45
Board ID049 36 channels
Linux calibration software

Voltmeter channel: A=1.07, B=0

A:
1.0877,1.09052,1.09118,1.09108,1.05593,1.08444,1.09221,1.09212,1.08612,1.09136,1.0877,1.09382
1.0941,1.0864,1.05813,1.0864,1.09052,1.1049,1.05964,1.0824,1.08714,1.07926,1.07632,1.08686
1.09268,1.09914,1.06124,1.08864,1.08995,1.09363,1.09118,1.11062,1.09344,1.09609,1.09685,1.09505


B:
3.91578,3.05337,-2.79341,1.44015,44.5601,8.89256,6.94666,1.13615,1.69438,3.36139,10.442,4.3752
2.80064,4.91037,17.9884,2.73757,2.83532,-1.85654,10.2149,1.25563,3.7833,10.0156,11.6675,9.2597
10.6645,10.0239,16.3431,5.87853,12.2946,-0.262795,8.11835,8.88502,3.84893,4.25302,2.67655,3.46023


========================================================
Test10 (ADC Calibration) results 2008-07-19 11:33:18
Board ID049 36 channels
Linux calibration software

Voltmeter channel: A=1.07, B=0

A:
1.08798,1.08995,1.0908,1.09099,1.05417,1.08435,1.08995,1.09193,1.08593,1.09146,1.08092,1.09372
1.0941,1.08668,1.05338,1.0864,1.08986,1.10394,1.05893,1.0824,1.08714,1.07954,1.07149,1.08677
1.09259,1.09742,1.06267,1.08892,1.09014,1.09334,1.09146,1.10858,1.09316,1.09562,1.09657,1.09543


B:
3.22053,2.92085,-2.00703,1.5276,25.9326,8.9783,7.93474,0.655281,1.86784,3.27427,11.9334,4.68094
2.58188,3.99906,26.8824,2.08551,3.00794,-2.51686,7.70903,1.25563,3.13079,9.11129,12.3007,8.91171
10.9696,9.39396,10.9668,4.74774,11.2503,0.218937,7.20336,8.95708,3.23551,3.59389,2.71975,2.4539


========================================================
Test10 (ADC Calibration) results 2008-07-19 17:28:33
Board ID049 36 channels
Linux calibration software

Voltmeter channel: A=1.07, B=0

A:
1.08761,1.09024,1.09071,1.09061,1.05014,1.08425,1.08752,1.09184,1.08593,1.09127,1.0777,1.09344
1.09391,1.0864,1.04936,1.08602,1.0864,1.10355,1.05734,1.08221,1.08724,1.07944,1.06932,1.08677
1.09212,1.09628,1.06338,1.08855,1.09014,1.09316,1.09127,1.10712,1.09306,1.09533,1.09647,1.09514


B:
4.00232,2.22419,-1.91953,2.53007,33.0586,9.06446,11.2667,0.96071,2.08498,3.44866,16.6398,5.161
2.97516,4.69314,19.0985,2.86712,6.86593,-1.50083,11.7574,1.64484,3.04434,8.98118,16.0398,9.12901
12.2757,11.5328,10.0811,5.74769,11.4683,0.174624,7.37695,11.603,3.97865,4.51289,3.24552,2.93513


========================================================
Test10 (ADC Calibration) results 2008-07-20 15:54:11
Board ID049 36 channels
Linux calibration software

Voltmeter channel: A=1.07, B=0

A:
1.08789,1.08995,1.09042,1.0908,1.05875,1.08425,1.08305,1.09174,1.08593,1.09146,1.07577,1.09344
1.0941,1.08668,1.05434,1.0863,1.07367,1.08481,1.05787,1.0824,1.08714,1.07935,1.06922,1.08686
1.0924,1.0959,1.06115,1.08864,1.09033,1.09316,1.09127,1.10712,1.09306,1.09524,1.09666,1.09514


B:
3.30738,3.13917,-1.00309,2.35617,41.1221,9.49805,14.9458,1.04784,2.08498,3.27427,17.1264,4.94237
2.58188,4.21634,12.0617,2.60724,18.4242,15.7083,11.4671,1.25563,3.7833,9.2824,14.4131,9.04251
11.361,11.4414,11.121,5.66085,11.2957,0.830625,7.59515,11.1599,3.7601,4.81896,2.85153,3.15399


========================================================
Test10 (ADC Calibration) results 2008-07-24 14:52:16
Board ID049 36 channels
Linux calibration software

Voltmeter channel: A=1.07, B=0

A:
1.08733,1.09005,1.09061,1.09061,1.04589,1.08435,1.08958,1.09202,1.08556,1.09118,1.07806,1.09353
1.0941,1.0864,1.05032,1.08593,1.08798,1.08602,1.05822,1.08221,1.08705,1.07926,1.07167,1.08658
1.09259,1.09723,1.0624,1.08845,1.09005,1.09316,1.09136,1.10916,1.09306,1.09543,1.09666,1.09514


B:
3.82746,3.05214,-1.83238,2.31212,51.6668,8.9783,7.62711,0.349078,2.64856,3.31728,15.0066,4.63657
2.14434,4.47553,20.2921,2.95377,4.74348,2.21527,9.01616,0.995799,3.21766,9.7998,11.4883,9.51822
11.4064,9.78701,10.7937,5.83405,11.7725,0.174624,7.50874,9.7604,3.97865,3.54933,2.63226,2.4968


========================================================
Test10 (ADC Calibration) results 2008-07-24 21:41:51
Board ID049 36 channels
Linux calibration software

Voltmeter channel: A=1.07, B=0

A:
1.08752,1.09014,1.09061,1.09061,1.05241,1.08407,1.0892,1.09183,1.08574,1.09118,1.07586,1.09363
1.09382,1.0864,1.0452,1.08602,1.08986,1.08565,1.0584,1.08203,1.08714,1.07935,1.06986,1.08677
1.09221,1.09628,1.06365,1.08864,1.09024,1.09297,1.09146,1.10829,1.09306,1.09505,1.09666,1.09524


B:
4.0889,2.09285,-1.83238,2.09405,45.0433,9.01947,6.44822,0.305889,2.04107,3.0991,12.5229,4.33039
2.84369,4.2583,23.0363,3.08427,3.22586,2.12806,7.57823,1.16846,3.56593,9.2824,8.90119,8.6944
11.5338,8.90192,11.3171,5.00756,10.9461,0.131311,6.76689,8.55571,3.54154,4.1171,2.63226,2.40949


========================================================
Test10 (ADC Calibration) results 2008-08-12 21:57:53
Board ID049 36 channels
Linux calibration software

Voltmeter channel: A=1.07, B=0

A:
1.08836,1.09099,1.09118,1.09155,1.09467,1.08463,1.08686,1.09231,1.08686,1.09165,1.06035,1.09448
1.09457,1.08705,1.08714,1.08649,1.08986,1.08574,1.05884,1.08258,1.08817,1.07944,1.07067,1.08733
1.09268,1.09543,1.06187,1.08911,1.09089,1.09382,1.09155,1.10645,1.09439,1.09533,1.06053,1.09562


B:
3.5265,2.40044,-2.13859,1.44099,5.34224,8.93718,6.65146,-0.130781,1.43446,3.97391,21.4191,3.98411
2.36393,4.08748,10.7408,2.65112,3.66209,2.90984,7.79293,1.08256,1.74107,9.8444,12.2056,9.04631
11.7572,9.2455,7.90065,5.66326,11.6509,0.218638,7.9903,9.55992,3.63322,3.19854,35.252,3.15537


========================================================
Test10 (ADC Calibration) results 2008-08-27 10:28:14
Board ID049 36 channels
Linux calibration (server mode)

Voltmeter channel: A=1.00689, B=0

A:
1.08966,1.09198,1.09037,1.0921,1.09693,1.08777,1.08844,1.06175,1.0873,1.09281,1.0582,1.09592
1.09526,1.08852,1.08742,1.08762,1.09016,1.0867,1.06115,1.08323,1.08871,1.08257,1.06712,1.08993
1.09622,1.09864,1.07838,1.09097,1.09463,1.09402,1.09377,1.11028,1.0957,1.09515,1.06573,1.09658


B:
0,0,0,0,0,0,0,0,0,0,0,0
0,0,0,0,0,0,0,0,0,0,0,0
0,0,0,0,0,0,0,0,0,0,0,0


========================================================
Test10 (ADC Calibration) results 2008-08-27 11:18:31
Board ID049 36 channels
Linux calibration software

Voltmeter channel: A=1.07, B=0

A:
1.08845,1.09099,1.09089,1.09136,1.09372,1.08472,1.08398,1.0695,1.08649,1.09014,1.04013,1.09439
1.0942,1.08696,1.08129,1.08705,1.07779,1.08574,1.04875,1.08268,1.08761,1.07963,1.06329,1.08696
1.09268,1.0941,1.06805,1.08902,1.09108,1.09344,1.09127,1.10587,1.09439,1.09382,1.08138,1.0959


B:
3.65715,1.96389,-2.53074,2.27002,4.46225,9.06807,7.80466,20.5772,2.21663,4.49149,22.009,4.07126
2.9323,4.60848,13.1053,1.91338,13.3213,2.47526,16.1088,0.996086,3.13257,9.24134,13.7801,9.39137
11.1017,10.2406,11.6628,5.75014,11.2599,0.349976,7.15875,9.4219,3.4144,3.93751,17.129,2.45501


========================================================
Test10 (ADC Calibration) results 2008-08-28 18:28:35
Board ID049 36 channels
Linux calibration (server mode)

Voltmeter channel: A=1.00189, B=0

A:
1.07646,1.07847,1.07706,1.07875,1.08041,1.07448,1.07309,1.05806,1.07411,1.07953,1.02299,1.08264
1.08203,1.07537,1.06976,1.07459,1.07467,1.07364,1.04709,1.07017,1.07571,1.06955,1.05528,1.07692
1.08319,1.08175,1.05737,1.07772,1.08138,1.08035,1.08043,1.09356,1.08162,1.08131,1.07817,1.08356


B:
0,0,0,0,0,0,0,0,0,0,0,0
0,0,0,0,0,0,0,0,0,0,0,0
0,0,0,0,0,0,0,0,0,0,0,0


========================================================
Test10 (ADC Calibration) results 2008-08-28 18:57:15
Board ID049 36 channels
Linux calibration (server mode)

Voltmeter channel: A=0.998873, B=0

A:
1.07633,1.07815,1.07697,1.07883,1.0791,1.07439,1.07039,1.05903,1.07413,1.07946,1.02019,1.08245
1.08195,1.07543,1.06891,1.07458,1.07309,1.07341,1.04703,1.07019,1.07576,1.06947,1.05425,1.07687
1.08307,1.08135,1.05662,1.07767,1.08133,1.08043,1.0805,1.09298,1.0815,1.08118,1.07464,1.08347


B:
0,0,0,0,0,0,0,0,0,0,0,0
0,0,0,0,0,0,0,0,0,0,0,0
0,0,0,0,0,0,0,0,0,0,0,0


========================================================
Test10 (ADC Calibration) results 2008-08-30 18:21:59
Board ID049 36 channels
Linux calibration (server mode)

Voltmeter channel: A=0.998142, B=0

A:
1.07416,1.07618,1.07463,1.07661,1.07884,1.07217,1.05708,1.05688,1.07189,1.07736,1.0204,1.08023
1.07971,1.07314,1.06953,1.07235,1.07329,1.07128,1.04515,1.06786,1.07322,1.06709,1.05271,1.07464
1.08065,1.08116,1.05609,1.07549,1.07909,1.07854,1.07823,1.09231,1.07974,1.07949,1.06066,1.08115


B:
0,0,0,0,0,0,0,0,0,0,0,0
0,0,0,0,0,0,0,0,0,0,0,0
0,0,0,0,0,0,0,0,0,0,0,0


========================================================
Test10 (ADC Calibration) results 2008-08-30 21:23:30
Board ID049 36 channels
Linux calibration (server mode)

Voltmeter channel: A=1.0215, B=0

A:
1.10464,1.10661,1.10528,1.10726,1.10741,1.10258,1.08751,1.0999,1.10242,1.10811,1.03976,1.11103
1.11039,1.10362,1.09346,1.10279,1.10433,1.10172,1.07428,1.09832,1.10389,1.09755,1.08033,1.10528
1.11161,1.11015,1.08194,1.10615,1.10986,1.10924,1.10881,1.12148,1.11015,1.11001,1.08895,1.11197


B:
0,0,0,0,0,0,0,0,0,0,0,0
0,0,0,0,0,0,0,0,0,0,0,0
0,0,0,0,0,0,0,0,0,0,0,0


========================================================
Test10 (ADC Calibration) results 2008-08-30 21:50:45
Board ID049 36 channels
Linux calibration (server mode)

Voltmeter channel: A=0.992313, B=0

A:
1.07392,1.0759,1.07449,1.07642,1.07597,1.07191,1.05828,1.06439,1.07168,1.07718,1.01191,1.08004
1.07951,1.07286,1.05918,1.07217,1.07383,1.07103,1.0384,1.06768,1.07319,1.06704,1.05016,1.07459
1.08068,1.07908,1.05309,1.07527,1.07889,1.07839,1.07793,1.09004,1.07904,1.07899,1.05704,1.08093


B:
0,0,0,0,0,0,0,0,0,0,0,0
0,0,0,0,0,0,0,0,0,0,0,0
0,0,0,0,0,0,0,0,0,0,0,0


========================================================
Test10 (ADC Calibration) results 2008-08-31 12:04:50
Board ID049 36 channels
Linux calibration (server mode)

Voltmeter channel: A=0.985202, B=0

A:
1.07375,1.07555,1.07435,1.07618,1.07542,1.07164,1.06662,1.06701,1.07156,1.07695,1.0045,1.07994
1.07931,1.07289,1.05791,1.07209,1.07168,1.07097,1.04107,1.06765,1.07327,1.06696,1.04827,1.07438
1.08058,1.07788,1.05103,1.07516,1.07881,1.07789,1.07779,1.08899,1.07889,1.07868,1.05972,1.08093


B:
0,0,0,0,0,0,0,0,0,0,0,0
0,0,0,0,0,0,0,0,0,0,0,0
0,0,0,0,0,0,0,0,0,0,0,0


