========================================================

Test11 results 07-25-2006  23:00:13
Board ID049  36 channels
HV Tests Software Ver.1.6.1

+5V 2516 - O'k
-5V 1335 - O'k
Interlock - On
Calibration DAC Range: [2500 - 2900]


A:
Limits 0.76 +/- 0.04
0.746269,0.743494,0.743494,0.747664,0.746269,0.744879,0.744879,0.747664,0.749064,0.746269,0.739372,0.742115
0.742115,0.749064,0.744879,0.746269,0.747664,0.740741,0.766284,0.749064,0.744879,0.753296,0.747664,0.747664
0.743494,0.747664,0.750469,0.746269,0.746269,0.743494,0.742115,0.742115,0.746269,0.746269,0.744879,0.740741


B:
Limits 60.0 +/- 30.0
61.784805,63.086559,61.130348,50.611286,50.319305,61.568756,61.072655,53.358074,51.154682,47.915977,62.950901,57.024029
62.618881,48.906395,47.903065,59.544907,56.715988,54.0172,37.870842,61.14854,61.148125,43.086117,54.390858,54.880234
46.134304,60.396992,49.741898,55.549927,47.702084,54.07296,59.215588,50.822769,55.776215,51.120598,59.646183,62.423958
========================================================
Test11 (DAC Calibration) results 2008-03-17 06:41:52
Board ID49 36 channels
Linux calibration software
Calibration DAC Range: [1100 - 2700]

A:
0.747384,0.746478,0.744394,0.745782,0.744602,0.749064,0.743771,0.748503,0.749064,0.746269,0.741909,0.744602
0.742804,0.748293,0.744325,0.748713,0.747245,0.739782,0.764453,0.750821,0.747454,0.75365,0.747664,0.748083
0.744394,0.746826,0.747384,0.747733,0.746477,0.744394,0.744671,0.739167,0.747314,0.745226,0.746269,0.743287


B:
64.873,58.6637,65.7391,65.1532,56.6643,55.8052,64.8195,55.6887,59.5506,55.821,59.8442,57.5578
67.5022,61.0703,56.9037,59.2888,65.8136,61.3465,49.6417,62.6653,61.3382,51.6722,64.486,62.4089
51.2979,66.3927,64.873,57.6596,54.0358,58.593,57.4607,57.7752,59.7385,61.1551,61.9404,63.4119


========================================================
Test11 (ADC Calibration) results 2008-06-19 12:56:33
Board ID049 36 channels
Linux calibration software

Calibration DAC Range: [1000 - 3500]

A:
0.7348,0.7336,0.7336,0.734,0.758,0.738,0.7292,0.7336,0.7372,0.734,0.7268,0.732
0.7288,0.7364,0.7316,0.7368,0.7332,0.7228,0.7556,0.7388,0.7356,0.7424,0.7388,0.736
0.7324,0.7272,0.748,0.7348,0.7344,0.7328,0.734,0.7224,0.7596,0.7296,0.7332,0.7304


B:
65.2001,59.3999,65.3999,63.9999,42.9999,55.0001,64.8,55.3999,58.7999,55.9999,62.1999,59
70.2,61.6,56.4,61.1999,66.7999,62.1999,46.4001,64.2,62.4,51.6,63.2,61
53.6,65.8001,58.9999,58.2001,54.6001,58.2,55.9999,57.6,40.4001,60.4,63.8,64.5999


========================================================
Test11 (ADC Calibration) results 2008-07-17 10:58:43
Board ID049 36 channels
Linux calibration software

Calibration DAC Range: [1000 - 3500]

A:
0.7348,0.7332,0.7328,0.7332,0.758,0.7376,0.7316,0.7332,0.7368,0.7336,0.7356,0.7312
0.7304,0.7364,0.756,0.7364,0.7328,0.724,0.7552,0.7388,0.7356,0.742,0.7428,0.7356
0.732,0.7272,0.754,0.7344,0.734,0.732,0.7336,0.72,0.7316,0.73,0.7328,0.7308


B:
65.2001,59.8,67.2,65.7999,26.9999,55.3999,65.4,55.8,59.1999,56.3999,54.4,59.8001
68.5999,60.6,49.0001,60.6,67.2,63.0001,52.7999,63.2,61.4,52.0001,60.2,61.4
54,63.8001,52,58.6001,53.9999,60,56.3999,57.9999,60.4,59.9999,64.2,63.2001


========================================================
Test11 (ADC Calibration) results 2008-07-20 18:37:46
Board ID049 36 channels
Linux calibration software

Calibration DAC Range: [1000 - 3500]

A:
0.7344,0.734,0.7332,0.7336,0.756,0.7376,0.7376,0.7336,0.7364,0.7332,0.7436,0.7312
0.7304,0.736,0.7592,0.736,0.7444,0.7372,0.7564,0.7388,0.7356,0.7416,0.748,0.7352
0.732,0.7292,0.7544,0.7348,0.734,0.7324,0.7332,0.7224,0.732,0.7308,0.7332,0.7304


B:
66.6001,58.9999,65.7999,64.3999,29.0001,55.3999,59.3999,56.3999,59.6,56.8,49.4,59.8001
68.5999,61,51.8001,62,55.5999,49.7999,51.6,63.2,61.4,53.4001,56.9999,61.8
54,63.8,55.5999,57.2001,53.9999,59.6,57.8,55.6,60,59.2001,62.8,63.5999


========================================================
Test11 (ADC Calibration) results 2008-07-24 23:03:59
Board ID049 36 channels
Linux calibration software

Calibration DAC Range: [1000 - 3500]

A:
0.7344,0.7336,0.7332,0.7332,0.7612,0.738,0.7336,0.7336,0.7368,0.7336,0.7436,0.7312
0.7308,0.736,0.7656,0.7364,0.7336,0.7368,0.7564,0.7388,0.7356,0.742,0.7476,0.7356
0.7328,0.7288,0.752,0.7348,0.734,0.7332,0.7332,0.7216,0.732,0.7308,0.7332,0.7304


B:
65.6001,59.3999,65.7999,65.7999,24.8,55.0001,65.3999,56.3999,59.1999,56.3999,52.4,59.8001
68.2001,61,43.3999,60.6,65.3999,59.1999,53.6,64.2,61.4,52.0001,61.3999,61.4
52.2,65.2,57.0001,58.2001,54.9999,57.8,57.8,57.4,60,59.2001,62.8,63.5999


