========================================================

Test11 results 07-26-2006  15:54:03
Board ID149  36 channels
HV Tests Software Ver.1.6.1

+5V 2501 - O'k
-5V 1310 - O'k
Interlock - On
Calibration DAC Range: [2500 - 2900]


A:
Limits 0.76 +/- 0.04
0.756144,0.742115,0.736648,0.746269,0.744879,0.75188,0.732601,0.740741,0.738007,0.739372,0.747664,0.747664
0.75188,0.743494,0.739372,0.736648,0.742115,0.757576,0.746269,0.739372,0.746269,0.743494,0.75188,0.744879
0.744879,0.746269,0.739372,0.739372,0.738007,0.740741,0.743494,0.739372,0.743494,0.743494,0.739372,0.750469


B:
Limits 60.0 +/- 30.0
64.561775,63.758144,71.560051,49.802967,60.829514,60.282753,89.498848,65.651855,69.297791,66.480247,59.605518,57.749321
63.418034,54.308205,68.895294,64.507935,68.595299,55.061321,59.026928,64.937057,62.406273,69.976227,49.324879,63.900684
67.849487,57.724968,55.579929,75.994781,75.725807,68.277,72.230667,70.505272,70.132149,58.486187,78.851898,58.708134
========================================================
Test11 (DAC Calibration) results 2008-03-13 11:26:11
Board ID149 36 channels
Linux calibration software
Calibration DAC Range: [1100 - 2700]

A:
0.758438,0.743425,0.738894,0.746269,0.74613,0.751385,0.739098,0.743287,0.740741,0.739987,0.747314,0.748573
0.751103,0.741152,0.740604,0.736445,0.742253,0.756501,0.748363,0.74129,0.748153,0.745226,0.750892,0.741221
0.745921,0.746687,0.738689,0.746338,0.738894,0.742804,0.747105,0.740535,0.745573,0.741771,0.743494,0.751527


B:
67.008,69.761,72.9379,61.1941,67.3567,68.1977,76.9401,62.0739,68.1482,74.9699,72.4428,64.2742
71.7396,66.8335,72.7828,66.768,76.8789,68.8888,62.0206,67.5315,66.3519,72.3335,64.3702,74.743
71.2262,65.8391,67.313,72.2923,75.8935,71.2163,68.2481,75.84,72.8983,75.3176,74.7211,67.5528


