========================================================
Test10 (ADC Calibration) results 2014-01-19 19:51:39
Board IDXXX 30 channels
Host: ufcmshv1
Linux calibration software

Voltmeter channel: A=1.09534, B=7.90604

A:
1.12054,1.07961,1.08556,1.08258,1.07639,1.07657,1.10016,1.0842,1.08756,1.11459
1.1251,1.08538,1.10408,1.09249,1.12822,1.07408,1.07711,1.10035,1.09728,1.09396
1.0902,1.08366,1.08628,1.04913,1.06103,1.09194,1.08393,1.10147,1.09249,1.10203


B:
5.54525,11.3146,7.18706,7.74098,7.57821,7.41413,7.9556,8.20819,7.75899,7.69296
8.26453,6.91808,8.40327,8.29683,8.00142,6.26575,7.35338,7.78801,6.37254,7.40361
7.9704,6.75153,6.74259,9.14066,7.48648,7.92103,6.07069,7.00313,7.64111,6.94073


========================================================
Test10 (ADC Calibration) results 2014-03-14 17:56:50
Board ID247 30 channels
Host: ufcmshv1
Linux calibration software

Voltmeter channel: A=1.0947, B=6.73692

A:
1.06914,1.07028,1.0924,1.08883,1.07729,1.07746,1.05295,1.07337,1.08665,1.07479
1.0891,1.07249,1.07134,1.08078,1.07196,1.0687,1.07559,1.09562,1.04786,1.05534
1.06949,1.07417,1.07108,1.11411,1.06042,1.0687,1.05869,1.06887,1.07002,1.08141


B:
2.27336,5.49059,5.32086,5.29251,5.89646,5.30141,5.96232,6.06124,5.54294,5.82576
5.9147,6.44951,5.15299,5.27861,5.43825,5.46093,4.22715,4.36902,15.9929,4.97698
4.94104,4.89459,4.5411,6.33407,5.71856,6.10225,5.85043,5.7254,5.30728,6.86414


