========================================================

Test11 results 02-21-2006  16:17:37
Board ID381  30 channels
HV Tests Software Ver.1.6

+5V 2553 - O'k
-5V 1301 - O'k
Interlock - On
Calibration DAC Range: [2500 - 2900]


A:
Limits 0.76 +/- 0.04
0.749064,0.753296,0.746269,0.75188,0.749064,0.743494,0.749064,0.75188,0.756144,0.744879
0.756144,0.747664,0.743494,0.749064,0.75188,0.753296,0.746269,0.75188,0.75188,0.743494
0.749064,0.747664,0.746269,0.749064,0.746269,0.749064,0.744879,0.747664,0.743494,0.75188


B:
Limits 60.0 +/- 40.0
69.850739,65.093346,68.475349,60.895859,66.844604,62.866562,62.408012,69.487953,59.675457,63.883408
59.772743,64.694046,66.844513,57.706249,66.818565,72.95385,69.90139,61.604233,63.724953,76.864624
66.221725,70.809334,64.577301,70.64753,53.729076,60.897083,57.656685,63.897465,56.851624,69.908867
========================================================
Test11 (DAC Calibration) results 2008-01-25 06:49:15
Board ID381 30 channels
Linux calibration software
Calibration DAC Range: [1100 - 2700]

A:
0.749415,0.751527,0.745573,0.749485,0.748363,0.743011,0.747664,0.748783,0.753935,0.742528
0.752304,0.74606,0.74239,0.746547,0.751033,0.753367,0.745643,0.748713,0.75061,0.744048
0.747943,0.746896,0.744463,0.748643,0.743633,0.746338,0.743356,0.745504,0.741084,0.750821


B:
71.0539,74.1663,74.0913,73.2059,73.246,68.1063,70.4673,83.0026,70.276,73.0833
75.964,73.8694,73.7195,70.3621,73.3383,76.6267,76.2326,75.0117,71.5145,76.488
73.0741,76.1553,71.152,74.5086,66.0533,73.6357,67.3295,74.1868,67.6701,76.3304


========================================================
Test11 (ADC Calibration) results 2008-06-19 12:56:33
Board ID381 30 channels
Linux calibration software

Calibration DAC Range: [1000 - 3500]

A:
0.738,0.7404,0.7336,0.7376,0.736,0.7316,0.7356,0.7356,0.742,0.7384
0.74,0.7332,0.7308,0.7348,0.7384,0.742,0.7392,0.7364,0.7388,0.732
0.7364,0.7352,0.7332,0.7356,0.732,0.7348,0.7312,0.7336,0.7312,0.7416


B:
73.0001,74.5999,73.3999,74.3999,77,68.4,72.4,83.4,71.0001,67.6001
79,73.7999,75.2001,72.2001,74.6001,78.0001,71.8,77.6,74.2,79
73.6,77.8,72.7999,76.4,67,75.2001,69.8001,75.3999,66.8001,74.4001


========================================================
Test11 (ADC Calibration) results 2008-07-17 10:58:43
Board ID381 30 channels
Linux calibration software

Calibration DAC Range: [1000 - 3500]

A:
0.7372,0.7396,0.7328,0.7372,0.7368,0.7312,0.7356,0.7348,0.7412,0.742
0.74,0.7324,0.7304,0.7344,0.7376,0.7412,0.7428,0.7364,0.7388,0.7312
0.7356,0.7344,0.7332,0.7348,0.7316,0.7348,0.7308,0.7336,0.7368,0.7424


B:
73.7999,75.4,74.2,74.7999,74.2,68.8001,72.4,84.2001,71.8001,68.0001
77,74.6,75.5999,72.6001,75.3999,78.8001,68.2,77.6,73.2,79.8001
75.4,79.6001,71.7999,76.2001,67.4,74.2001,70.2001,75.3999,61.1999,73.6


========================================================
Test11 (ADC Calibration) results 2008-07-20 18:37:46
Board ID381 30 channels
Linux calibration software

Calibration DAC Range: [1000 - 3500]

A:
0.7376,0.74,0.7324,0.7372,0.7364,0.7316,0.736,0.7352,0.7408,0.7436
0.74,0.7332,0.7304,0.7344,0.7376,0.7412,0.7508,0.7368,0.7384,0.7316
0.736,0.7352,0.7336,0.7348,0.732,0.7344,0.7316,0.7336,0.7448,0.7436


B:
73.3999,75,75.6,74.7999,74.6,68.4,72,83.8,73.1999,67.4
78,72.7999,75.5999,72.6001,75.3999,78.8001,61.2,76.2,74.6001,79.4
75,77.8,71.3999,77.2001,67,75.6001,68.4,75.3999,53.2001,72.4


========================================================
Test11 (ADC Calibration) results 2008-07-24 23:03:59
Board ID381 30 channels
Linux calibration software

Calibration DAC Range: [1000 - 3500]

A:
0.7368,0.7396,0.7324,0.7372,0.7364,0.7316,0.7364,0.7352,0.7408,0.7428
0.74,0.7328,0.7308,0.7344,0.7376,0.7416,0.7528,0.7364,0.7384,0.7316
0.736,0.7348,0.7332,0.7352,0.7324,0.7344,0.7304,0.734,0.7448,0.7428


B:
75.2,75.4,75.6,75.7999,75.6,68.4,71.6,83.8,73.1999,69.2
78,74.2,75.2001,72.6001,75.3999,78.4001,68.2,77.6,75.6001,79.4
75,79.2001,72.7999,75.8,66.6,75.6001,71.5999,74.9999,57.2001,74.2


========================================================
Test11 (ADC Calibration) results 2008-08-13 01:14:42
Board ID381 30 channels
Linux calibration software

Calibration DAC Range: [1000 - 3500]

A:
0.7368,0.7396,0.732,0.7368,0.7356,0.7308,0.7356,0.734,0.7404,0.7424
0.7396,0.7316,0.7304,0.7344,0.7368,0.7412,0.7504,0.736,0.7384,0.7308
0.7356,0.7348,0.7332,0.7336,0.732,0.7344,0.7312,0.7332,0.7452,0.7428


B:
75.2,75.4,75,76.2,76.4,69.2001,71.4,84.9999,72.5999,69.6
78.4,74.4,75.5999,72.6001,76.2,78.8001,68.6,78,74.6001,80.2001
75.4,79.2001,71.7999,77.3999,67,75.6001,68.8001,76.7999,53.8001,73.2


========================================================
Test11 (DAC Calibration) results 2008-08-27 10:32:23
Board ID381 30 channels
Linux calibration (server mode)

Calibration DAC Range: [3100 - 3500]

A:
0.756857,0.759714,0.751429,0.756857,0.755714,0.749143,0.753714,0.756286,0.759429,0.761429
0.76,0.750857,0.75,0.753429,0.757143,0.762,0.773714,0.756571,0.758,0.752
0.755429,0.755714,0.752,0.754,0.749143,0.754,0.749143,0.753714,0.752,0.762571


B:
0.0,0.0,0.0,0.0,0.0,0.0,0.0,0.0,0.0,0.0
0.0,0.0,0.0,0.0,0.0,0.0,0.0,0.0,0.0,0.0
0.0,0.0,0.0,0.0,0.0,0.0,0.0,0.0,0.0,0.0


========================================================
Test11 (ADC Calibration) results 2008-08-27 13:08:29
Board ID381 30 channels
Linux calibration software

Calibration DAC Range: [1000 - 3500]

A:
0.7356,0.7384,0.7296,0.736,0.7352,0.7292,0.734,0.7328,0.7388,0.7412
0.738,0.7292,0.7288,0.7328,0.7348,0.7404,0.756,0.7344,0.7372,0.7296
0.734,0.7336,0.732,0.732,0.7304,0.7328,0.7296,0.732,0.7376,0.7428


B:
73.4,74.6001,75.4,74,72.8,68.8,71.9999,83.2,72.2,69.8001
77.0001,74.8,74.2,71.2,76.2001,76.5999,64.0001,76.6001,72.7999,78.4
73.9999,77.3999,70,76,65.5999,74.2,68.4,75,59.3999,72.2


========================================================
Test11 (DAC Calibration) results 2008-08-28 18:58:20
Board ID381 30 channels
Linux calibration (server mode)

Calibration DAC Range: [3100 - 3500]

A:
0.745,0.74,0.735,0.74,0.74,0.7375,0.745,0.7375,0.7425,0.7425
0.7425,0.735,0.7375,0.7425,0.74,0.745,0.755,0.74,0.7425,0.74
0.7425,0.7375,0.74,0.74,0.7375,0.74,0.7375,0.7425,0.7525,0.75


B:
71.5,98.0,86.5,88.0,85.0,70.7,64.5,95.7,88.2,94.2
90.2,84.5,74.7,68.2,89.0,88.5,77.5,87.0,83.2,73.0
76.2,92.7,73.0,78.0,71.7,79.0,71.7,69.2,69.3,84.0


========================================================
Test11 (DAC Calibration) results 2008-08-30 18:22:56
Board ID381 30 channels
Linux calibration (server mode)

Calibration DAC Range: [3100 - 3500]

A:
0.745,0.745,0.7425,0.7425,0.745,0.74,0.7425,0.7425,0.75,0.75
0.7475,0.74,0.74,0.745,0.745,0.745,0.765,0.7475,0.745,0.7375
0.7425,0.745,0.74,0.7425,0.74,0.7425,0.7375,0.74,0.7525,0.7525


B:
80.5,89.5,70.2,90.2,78.5,72.0,80.2,88.2,73.0,80.0
82.7,77.0,75.0,69.5,80.5,98.5,64.5,71.7,84.5,90.7
84.2,76.5,81.0,79.2,73.0,80.2,80.7,86.0,71.3,78.3


========================================================
Test11 (DAC Calibration) results 2008-08-30 21:24:17
Board ID381 30 channels
Linux calibration (server mode)

Calibration DAC Range: [3100 - 3500]

A:
0.725,0.7275,0.72,0.7225,0.72,0.7175,0.725,0.7175,0.725,0.7275
0.73,0.72,0.7175,0.7175,0.725,0.7275,0.7375,0.72,0.725,0.715
0.725,0.7225,0.7225,0.7225,0.7175,0.7275,0.715,0.7175,0.7375,0.7275


B:
78.5,79.7,77.0,87.2,93.0,77.8,70.5,102.8,87.5,86.7
72.0,75.0,80.8,91.8,78.5,86.7,82.7,94.0,81.5,96.5
73.5,83.2,71.2,77.2,77.8,60.7,86.5,91.8,70.7,94.7


========================================================
Test11 (DAC Calibration) results 2008-08-30 21:52:01
Board ID381 30 channels
Linux calibration (server mode)

Calibration DAC Range: [3100 - 3500]

A:
0.745,0.745,0.74,0.745,0.74,0.74,0.74,0.7425,0.75,0.75
0.75,0.7425,0.7375,0.7425,0.7475,0.75,0.7575,0.7425,0.745,0.74
0.745,0.7425,0.7425,0.745,0.7425,0.7425,0.74,0.74,0.755,0.7525


B:
80.5,90.5,79.0,81.5,95.0,72.0,91.0,88.2,74.0,83.0
76.0,69.2,82.7,77.2,72.7,82.0,78.8,89.2,84.5,82.0
76.5,85.2,73.2,71.5,64.2,81.2,72.0,86.0,73.5,81.3


========================================================
Test11 (DAC Calibration) results 2008-08-31 12:06:19
Board ID381 30 channels
Linux calibration (server mode)

Calibration DAC Range: [3100 - 3500]

A:
0.745,0.745,0.74,0.745,0.745,0.74,0.745,0.7375,0.75,0.75
0.75,0.7425,0.7375,0.7425,0.7425,0.75,0.7675,0.7425,0.745,0.74
0.745,0.7425,0.7425,0.74,0.7375,0.7425,0.7375,0.74,0.76,0.755


B:
80.5,90.5,79.0,81.5,79.5,72.0,75.5,104.7,74.0,83.0
76.0,70.2,83.7,78.2,89.2,82.0,60.8,88.2,84.5,82.0
76.5,86.2,74.2,89.0,80.7,80.2,80.7,86.0,66.0,79.5


========================================================
Test11 (DAC Calibration) results 2008-08-31 16:15:24
Board ID381 30 channels
Linux calibration (server mode)

Calibration DAC Range: [3100 - 3500]

A:
0.745,0.745,0.74,0.745,0.745,0.74,0.745,0.7375,0.75,0.7475
0.75,0.7425,0.7375,0.7425,0.7475,0.75,0.76,0.7425,0.75,0.74
0.745,0.7425,0.7425,0.7425,0.7425,0.7425,0.7425,0.74,0.75,0.755


B:
80.5,90.5,79.0,81.5,79.5,72.0,75.5,105.7,74.0,89.7
76.0,69.2,82.7,77.2,72.7,82.0,83.0,89.2,69.0,82.0
76.5,85.2,73.2,80.2,64.2,81.2,64.2,86.0,90.0,73.5


========================================================
Test11 (DAC Calibration) results 2008-08-31 18:30:21
Board ID381 30 channels
Linux calibration (server mode)

Calibration DAC Range: [3100 - 3500]

A:
0.745,0.745,0.74,0.745,0.74,0.74,0.7475,0.7375,0.75,0.7475
0.75,0.7425,0.7425,0.7425,0.7425,0.75,0.765,0.7425,0.745,0.74
0.745,0.7375,0.7375,0.7425,0.7375,0.7425,0.7375,0.74,0.7575,0.755


B:
80.5,90.5,79.0,81.5,95.0,72.0,66.7,104.7,74.0,88.7
76.0,70.2,66.2,78.2,89.2,82.0,71.5,88.2,84.5,82.0
76.5,101.7,89.7,79.2,80.7,80.2,80.7,86.0,61.8,73.5


========================================================
Test11 (DAC Calibration) results 2008-09-01 15:18:45
Board ID381 30 channels
Linux calibration (server mode)

Calibration DAC Range: [3100 - 3500]

A:
0.745,0.7475,0.74,0.745,0.74,0.74,0.7425,0.7425,0.745,0.7525
0.75,0.7425,0.735,0.7425,0.7425,0.75,0.7575,0.7425,0.745,0.74
0.745,0.7425,0.7425,0.7375,0.7375,0.7375,0.7375,0.74,0.7525,0.75


B:
80.5,81.7,79.0,81.5,95.0,72.0,81.2,88.2,89.5,72.3
76.0,69.2,91.5,77.2,88.2,82.0,77.8,87.2,84.5,82.0
76.5,85.2,73.2,95.7,79.7,96.7,79.7,86.0,77.3,89.0


========================================================
Test11 (ADC Calibration) results 2009-02-23 09:06:06
Board ID381 30 channels
Host: ufcmshv3
Linux calibration software

Calibration DAC Range: [1000 - 3500]

A:
0.7624,0.756,0.754,0.7632,0.7704,0.7572,0.7792,0.7728,0.77,0.7704
0.7608,0.7644,0.7528,0.766,0.7548,0.7648,0.764,0.7608,0.772,0.7576
0.7624,0.76,0.7564,0.764,0.7664,0.7456,0.7632,0.76,0.7704,0.7668


B:
75.6001,71.0001,75,74.8,73.6,69.8,72.7999,84.1999,72.0001,75.6
79.2,75.6,75.2,71.0001,75.1999,77.2,75,76.2,71.9999,79.4
74.6001,78,71.6,76,65.6001,74.4001,69.8,75,70.6,76.2001


