========================================================

Test10 results 01-24-2006  16:44:31
Board ID050  36 channels
HV Tests Software Ver.1.6

+5V 3090 - O'k
-5V 1407 - O'k
Interlock - On

Voltmeter channel: A=1.060445, B=8.48341

A:
Limits 1.1 +/- 0.1
1.067806,1.066098,1.070091,1.063264,1.06383,1.06553,1.064963,1.064396,1.058761,1.072961,1.062699,1.058201
1.068376,1.067236,1.069519,1.066098,1.078749,1.066098,1.059883,1.068376,1.073537,1.054296,1.068376,1.066667
1.067236,1.070091,1.060445,1.064396,1.066098,1.072961,1.077586,1.068947,1.076426,1.072386,1.074114,1.064963


B:
Limits 0.0 +/- 35.0
7.474683,9.594834,10.700718,9.569267,12.765985,12.786509,13.844446,10.64415,13.763935,8.583851,17.003403,17.989357
9.6154,10.672477,9.625785,11.727031,11.866045,14.925324,22.257765,13.888905,9.661671,12.651564,10.683776,7.466458
7.470769,8.560535,14.846082,14.901733,5.330442,9.656813,16.163914,13.896351,9.687826,11.796368,8.592949,12.779484
========================================================
Test10 (ADC Calibration) results 2008-03-25 10:27:56
Board ID50 36 channels
Linux calibration software

Voltmeter channel: A=1.06021, B=5.49934

A:
1.06783,1.06607,1.07094,1.06356,1.06303,1.06533,1.06553,1.06413,1.05953,1.07327,1.06433,1.05803
1.069,1.06787,1.06967,1.06603,1.07988,1.0659,1.06106,1.06877,1.07404,1.05588,1.06833,1.06707
1.06683,1.07044,1.06383,1.06657,1.06607,1.07407,1.07854,1.07054,1.07698,1.07254,1.07419,1.06456


B:
4.36875,7.23737,6.06071,7.51144,12.1935,11.9085,9.98687,9.64673,10.4828,5.51742,9.81633,15.5486
5.58552,6.18977,6.68365,10.4778,7.35445,13.8481,17.4145,10.9072,7.08436,6.70086,9.53218,3.95308
6.78613,5.77231,6.559,8.79473,4.1713,5.18533,12.4698,8.78528,6.43842,8.08117,7.26507,10.0345


========================================================
Test10 (ADC Calibration) results 2008-06-10 20:54:04
Board ID50 36 channels
Linux calibration software

Voltmeter channel: A=1.06024, B=6.46981

A:
1.0003,1.0661,1.07084,1.0642,1.0653,1.06637,1.0683,1.06503,1.06066,1.07337,1.06667,1.06126
1.07044,1.06807,1.07057,1.06867,1.07954,1.06503,1.06059,1.0698,1.07538,1.05598,1.06883,1.06757
1.06813,1.07104,1.06006,1.06657,1.0676,1.07477,1.07934,1.07334,1.07758,1.06096,1.07669,1.0668


B:
88.6147,8.06088,7.93044,7.56476,8.75372,11.4508,7.9048,7.82352,9.29384,6.53508,8.06648,14.5245
5.27222,7.73687,5.66961,9.17294,8.95046,15.0885,18.0802,9.05015,6.51941,9.22845,9.49843,5.44588
8.72465,6.21665,11.2434,10.2612,5.40247,6.03794,12.7244,8.7489,7.62308,16.0308,10.218,8.42852


