========================================================

Test10 results 03-28-2006  15:26:16
Board ID377  30 channels
HV Tests Software Ver.1.6

+5V 2488 - O'k
-5V 1301 - O'k
Interlock - On

Voltmeter channel: A=1.079914, B=8.639275

A:
Limits 1.1 +/- 0.1
1.086957,1.082837,1.080497,1.078749,1.074691,1.082837,1.075269,1.086957,1.074114,1.072386
1.080497,1.084599,1.076426,1.082837,1.070091,1.080497,1.077586,1.084011,1.072961,1.086366
1.076426,1.072961,1.072961,1.082837,1.072961,1.071811,1.081666,1.071237,1.073537,1.077586


B:
Limits 0.0 +/- 35.0
10.869641,15.159893,11.885475,10.787296,10.746796,14.077056,12.903049,14.13051,13.963518,12.868753
7.563487,11.930725,11.840678,12.994219,11.770809,9.724482,15.086329,11.924122,10.729774,16.295668
10.764252,11.802734,9.656813,11.911382,10.729774,12.861896,7.571701,11.783437,12.882283,11.85357
========================================================
Test10 (ADC Calibration) results 2008-06-02 04:50:08
Board ID377 30 channels
Linux calibration software

Voltmeter channel: A=1.07653, B=-1112.73

A:
1.08749,1.08358,1.0798,1.07785,1.07454,1.08388,1.07604,1.0879,1.07544,1.07333
1.0799,1.08478,1.07654,1.08412,1.07102,1.08086,1.07885,1.08438,1.07353,1.08734
1.07675,1.07433,1.07259,1.08289,1.07283,1.07206,1.08036,1.03154,1.07363,1.07896


B:
8.04537,10.1241,10.8168,7.81863,8.64202,8.22402,8.59839,8.10905,8.48985,6.50446
7.12797,8.18831,9.15907,7.54648,6.05021,8.06045,10.6968,8.50037,6.39539,12.3838
7.34955,7.17223,7.5926,8.98164,9.07191,7.19532,8.69972,58.8787,7.19356,7.41092


========================================================
Test10 (ADC Calibration) results 2008-06-02 09:44:32
Board ID377 30 channels
Linux calibration software

Voltmeter channel: A=1.07598, B=-1109.66

A:
1.08719,1.08422,1.0797,1.07785,1.07524,1.08388,1.07614,1.088,1.07564,1.07249
1.07936,1.08543,1.07644,1.08398,1.07092,1.07992,1.07916,1.08533,1.07353,1.08758
1.07735,1.07494,1.07293,1.08319,1.07293,1.07152,1.08016,1.07025,1.07363,1.07896


B:
8.42952,9.10225,10.745,7.81863,7.14607,9.3079,9.14657,9.06898,8.03396,9.24813
8.89891,7.16573,9.28635,8.01237,7.64891,10.3421,10.1134,6.49374,7.46892,12.0708
5.38106,6.4049,7.16234,8.59788,10.0165,8.95288,8.95545,17.6405,8.26719,7.41092


========================================================
Test10 (ADC Calibration) results 2008-06-16 13:15:45
Board ID377 30 channels
Linux calibration software

Voltmeter channel: A=1.07, B=0

A:
1.09088,1.08696,1.08306,1.08153,1.07821,1.08677,1.07893,1.09106,1.07768,1.07589
1.08279,1.08768,1.07982,1.08732,1.07403,1.0836,1.08198,1.08768,1.07607,1.09106
1.07938,1.07759,1.07545,1.08587,1.07634,1.07482,1.08397,1.07332,1.07714,1.08135


B:
7.30051,9.348,10.2973,6.07312,8.04497,8.86137,9.32883,8.87959,9.61633,8.6734
7.7298,10.2073,8.28956,7.27662,7.81576,8.28536,10.8533,8.46692,7.86374,11.498
8.48526,7.3277,7.14753,10.1235,9.33944,9.44173,7.30433,15.7695,7.73898,9.26642


========================================================
Test10 (ADC Calibration) results 2008-06-17 07:08:50
Board ID377 30 channels
Linux calibration software

Voltmeter channel: A=1.07, B=0

A:
1.10347,1.0995,1.09565,1.09383,1.09047,1.09941,1.09138,1.10347,1.09011,1.08831
1.09519,1.10023,1.09265,1.0995,1.08642,1.09611,1.09501,1.10033,1.08831,1.10337
1.09201,1.08993,1.08786,1.0983,1.08867,1.08696,1.09638,1.08543,1.08948,1.09383


B:
6.28753,8.35721,9.45182,5.20928,7.20174,7.34116,8.1159,7.61163,8.40665,7.45274
6.80201,8.56705,6.29476,7.25771,6.15011,7.28103,8.50169,6.94257,7.45274,10.3439
6.65995,6.17478,6.34446,9.00529,8.20955,8.69567,6.81078,14.8764,6.59082,8.05334


