========================================================

Test11 results 03-28-2006  15:27:47
Board ID377  30 channels
HV Tests Software Ver.1.6

+5V 2488 - O'k
-5V 1302 - O'k
Interlock - On
Calibration DAC Range: [2500 - 2900]


A:
Limits 0.76 +/- 0.04
0.742115,0.742115,0.747664,0.746269,0.749064,0.742115,0.749064,0.740741,0.747664,0.75188
0.746269,0.742115,0.746269,0.743494,0.75188,0.744879,0.746269,0.742115,0.749064,0.742115
0.747664,0.749064,0.749064,0.746269,0.75188,0.75188,0.743494,0.750469,0.749064,0.749064


B:
Limits 60.0 +/- 40.0
57.308483,64.935814,51.450218,63.857269,63.856579,66.616081,60.80711,61.903667,65.226135,57.685318
61.521172,64.132278,68.356377,60.616837,63.948349,66.00293,63.696754,64.347885,70.025383,51.665073
62.340988,67.791542,69.310883,66.119576,57.59684,60.818577,69.094597,68.557121,64.834236,54.688049
========================================================
Test11 (DAC Calibration) results 2008-06-02 04:50:08
Board ID377 30 channels
Linux calibration software
Calibration DAC Range: [1100 - 2700]

A:
0.738962,0.741633,0.744602,0.745573,0.747873,0.741427,0.746826,0.738689,0.747244,0.748713
0.744532,0.740809,0.746478,0.741633,0.750328,0.743494,0.744879,0.741084,0.748573,0.73944
0.746338,0.748013,0.748853,0.745851,0.749064,0.749977,0.74384,0.779044,0.748503,0.74481


B:
69.4441,68.6844,64.4081,70.3635,69.7298,70.899,70.5748,71.0065,69.8489,70.5195
69.5672,70.1269,70.1594,69.2778,70.8496,71.0036,69.8324,69.8934,72.2092,63.3054
69.904,71.6316,71.8245,69.9795,67.7903,70.2822,70.5253,31.931,70.8084,70.6731


========================================================
Test11 (DAC Calibration) results 2008-06-02 09:44:32
Board ID377 30 channels
Linux calibration software
Calibration DAC Range: [1100 - 2700]

A:
0.739167,0.741565,0.744671,0.745573,0.747384,0.741427,0.746756,0.738621,0.747105,0.748923
0.744532,0.740741,0.746547,0.741359,0.750399,0.743771,0.744671,0.740809,0.748573,0.739645
0.745921,0.747594,0.748994,0.745643,0.748994,0.749977,0.743978,0.751244,0.748503,0.74481


B:
69.1584,68.9285,64.4607,70.3635,70.8521,70.899,70.9699,71.1015,70.1906,69.7807
69.5672,70.3705,70.0636,70.2529,70.4529,70.6209,70.269,70.8677,72.2092,63.0177
71.3754,72.2081,71.6318,70.2674,67.8868,70.2822,70.3339,64.0341,70.8084,70.6731


========================================================
Test11 (ADC Calibration) results 2008-06-17 04:20:31
Board ID377 30 channels
Linux calibration software

Calibration DAC Range: [1000 - 3500]

A:
0.736,0.7396,0.742,0.7428,0.7452,0.7396,0.7448,0.7364,0.7456,0.7472
0.742,0.7388,0.744,0.7388,0.748,0.7416,0.7424,0.7384,0.7468,0.7368
0.7444,0.7456,0.7468,0.7436,0.7468,0.748,0.7416,0.7484,0.746,0.7432


B:
72,69.4,66.0001,72.2,70.8001,71.4,71.2001,71.6,69.4001,68.8
71.0001,69.2,71.9999,72.2,70.9999,72.4001,70.6,71.6001,72.2,65.2
69.5999,72.4001,73.2,70.4,68.2,68.9999,71.4001,67.6001,72,69.8


========================================================
Test11 (ADC Calibration) results 2008-06-17 07:43:31
Board ID377 30 channels
Linux calibration software

Calibration DAC Range: [1000 - 3500]

A:
0.7284,0.7312,0.734,0.7348,0.7368,0.7308,0.7364,0.728,0.7376,0.7384
0.734,0.73,0.7356,0.7308,0.74,0.7328,0.7336,0.7304,0.738,0.7284
0.7356,0.7376,0.7384,0.7356,0.738,0.7392,0.7332,0.74,0.738,0.7348


B:
70.6,68.8001,64.9999,72.2001,72.2,73.2001,71.6,73.0001,69.3999,70.6001
69.9999,70.9999,72.4,70.2001,71,73.2,72.3999,71.5999,73.0001,65.6
72.4,72.3999,73.6001,70.4,70.0001,70.8,71.7999,68,71.0001,70.2001


========================================================
Test11 (DAC Calibration) results 2008-08-26 09:07:02
Board ID377 30 channels
Linux calibration (server mode)

Calibration DAC Range: [3100 - 3500]

A:
0.756571,0.758571,0.760286,0.763143,0.765143,0.759143,0.764571,0.756571,0.765143,0.766857
0.762286,0.758,0.764,0.759143,0.768,0.761429,0.762571,0.758857,0.767143,0.754857
0.764,0.782,0.767143,0.763429,0.765714,0.767143,0.761429,0.767143,0.765714,0.762571


B:
0.0,0.0,0.0,0.0,0.0,0.0,0.0,0.0,0.0,0.0
0.0,0.0,0.0,0.0,0.0,0.0,0.0,0.0,0.0,0.0
0.0,0.0,0.0,0.0,0.0,0.0,0.0,0.0,0.0,0.0


========================================================
Test11 (DAC Calibration) results 2008-08-26 13:28:54
Board ID377 30 channels
Linux calibration (server mode)

Calibration DAC Range: [3100 - 3500]

A:
0.756286,0.758857,0.760286,0.763143,0.765143,0.759143,0.764857,0.756286,0.765143,0.767143
0.762286,0.758,0.764,0.759143,0.768,0.761429,0.762286,0.758571,0.767143,0.754571
0.764,0.773143,0.767143,0.763429,0.765429,0.767143,0.761429,0.767143,0.766,0.762286


B:
0.0,0.0,0.0,0.0,0.0,0.0,0.0,0.0,0.0,0.0
0.0,0.0,0.0,0.0,0.0,0.0,0.0,0.0,0.0,0.0
0.0,0.0,0.0,0.0,0.0,0.0,0.0,0.0,0.0,0.0


========================================================
Test11 (DAC Calibration) results 2008-08-26 13:41:22
Board ID377 30 channels
Linux calibration (server mode)

Calibration DAC Range: [3100 - 3500]

A:
0.756286,0.758571,0.760286,0.763143,0.765143,0.759143,0.764571,0.756286,0.765143,0.768
0.762286,0.758,0.764,0.759143,0.768,0.761429,0.762286,0.758857,0.767143,0.754857
0.764,0.766,0.767143,0.763429,0.765429,0.767143,0.761429,0.767143,0.766,0.762286


B:
0.0,0.0,0.0,0.0,0.0,0.0,0.0,0.0,0.0,0.0
0.0,0.0,0.0,0.0,0.0,0.0,0.0,0.0,0.0,0.0
0.0,0.0,0.0,0.0,0.0,0.0,0.0,0.0,0.0,0.0


========================================================
Test11 (DAC Calibration) results 2008-08-26 14:01:42
Board ID377 30 channels
Linux calibration (server mode)

Calibration DAC Range: [3100 - 3500]

A:
0.756286,0.758857,0.760286,0.763143,0.765143,0.759143,0.764857,0.756286,0.765143,0.768
0.762286,0.758,0.764,0.759143,0.768,0.761429,0.762286,0.758571,0.767143,0.754571
0.764,0.766,0.767143,0.763429,0.765429,0.767143,0.761429,0.767143,0.766,0.762286


B:
0.0,0.0,0.0,0.0,0.0,0.0,0.0,0.0,0.0,0.0
0.0,0.0,0.0,0.0,0.0,0.0,0.0,0.0,0.0,0.0
0.0,0.0,0.0,0.0,0.0,0.0,0.0,0.0,0.0,0.0


========================================================
Test11 (DAC Calibration) results 2008-08-26 14:20:19
Board ID377 30 channels
Linux calibration (server mode)

Calibration DAC Range: [3100 - 3500]

A:
0.756286,0.758571,0.760286,0.763143,0.765143,0.759143,0.764571,0.756286,0.765143,0.768
0.762286,0.758,0.764,0.759143,0.768,0.761429,0.762286,0.758286,0.767143,0.754857
0.764,0.766,0.767143,0.763429,0.766,0.767143,0.761429,0.767143,0.766,0.762286


B:
0.0,0.0,0.0,0.0,0.0,0.0,0.0,0.0,0.0,0.0
0.0,0.0,0.0,0.0,0.0,0.0,0.0,0.0,0.0,0.0
0.0,0.0,0.0,0.0,0.0,0.0,0.0,0.0,0.0,0.0


========================================================
Test11 (DAC Calibration) results 2008-08-26 14:34:18
Board ID377 30 channels
Linux calibration (server mode)

Calibration DAC Range: [3100 - 3500]

A:
0.756286,0.758857,0.760286,0.763143,0.765143,0.759143,0.764286,0.756286,0.765143,0.773143
0.762286,0.758,0.764,0.759143,0.768,0.761429,0.762286,0.758286,0.767143,0.754571
0.764,0.766,0.767143,0.763429,0.766,0.767143,0.761429,0.767143,0.766,0.762286


B:
0.0,0.0,0.0,0.0,0.0,0.0,0.0,0.0,0.0,0.0
0.0,0.0,0.0,0.0,0.0,0.0,0.0,0.0,0.0,0.0
0.0,0.0,0.0,0.0,0.0,0.0,0.0,0.0,0.0,0.0


========================================================
Test11 (DAC Calibration) results 2008-08-26 16:52:20
Board ID377 30 channels
Linux calibration (server mode)

Calibration DAC Range: [3100 - 3500]

A:
0.748,0.750571,0.752,0.754857,0.756571,0.750857,0.756,0.748,0.756571,0.759714
0.753714,0.75,0.755714,0.750571,0.759429,0.753429,0.753714,0.750286,0.758571,0.746286
0.755429,0.757429,0.758571,0.755143,0.757429,0.758857,0.752857,0.759143,0.757429,0.754286


B:
0.0,0.0,0.0,0.0,0.0,0.0,0.0,0.0,0.0,0.0
0.0,0.0,0.0,0.0,0.0,0.0,0.0,0.0,0.0,0.0
0.0,0.0,0.0,0.0,0.0,0.0,0.0,0.0,0.0,0.0


========================================================
Test11 (DAC Calibration) results 2008-08-27 11:55:24
Board ID377 30 channels
Linux calibration (server mode)

Calibration DAC Range: [3100 - 3500]

A:
0.748,0.750286,0.752,0.754571,0.756286,0.750571,0.756,0.748,0.756857,0.758286
0.753429,0.75,0.755429,0.750286,0.759429,0.753429,0.753429,0.750286,0.758286,0.746286
0.755429,0.757429,0.758857,0.755143,0.757429,0.758571,0.753143,0.759143,0.757429,0.754286


B:
0.0,0.0,0.0,0.0,0.0,0.0,0.0,0.0,0.0,0.0
0.0,0.0,0.0,0.0,0.0,0.0,0.0,0.0,0.0,0.0
0.0,0.0,0.0,0.0,0.0,0.0,0.0,0.0,0.0,0.0


========================================================
Test11 (DAC Calibration) results 2008-08-27 12:05:15
Board ID377 30 channels
Linux calibration (server mode)

Calibration DAC Range: [3100 - 3500]

A:
0.748,0.750286,0.752,0.754857,0.756286,0.750857,0.756571,0.748,0.756571,0.758286
0.753429,0.75,0.755429,0.750286,0.759429,0.753429,0.753429,0.750286,0.758286,0.746286
0.755429,0.757429,0.758571,0.755143,0.757429,0.758857,0.753143,0.759143,0.757429,0.754286


B:
0.0,0.0,0.0,0.0,0.0,0.0,0.0,0.0,0.0,0.0
0.0,0.0,0.0,0.0,0.0,0.0,0.0,0.0,0.0,0.0
0.0,0.0,0.0,0.0,0.0,0.0,0.0,0.0,0.0,0.0


========================================================
Test11 (DAC Calibration) results 2008-08-27 12:16:29
Board ID377 30 channels
Linux calibration (server mode)

Calibration DAC Range: [3100 - 3500]

A:
0.748,0.750286,0.752,0.754571,0.756286,0.751143,0.756286,0.748,0.756857,0.758286
0.753429,0.75,0.755429,0.750286,0.759429,0.753429,0.753429,0.750286,0.758286,0.746857
0.755429,0.757429,0.758857,0.755143,0.757429,0.758571,0.753143,0.759143,0.757429,0.754286


B:
0.0,0.0,0.0,0.0,0.0,0.0,0.0,0.0,0.0,0.0
0.0,0.0,0.0,0.0,0.0,0.0,0.0,0.0,0.0,0.0
0.0,0.0,0.0,0.0,0.0,0.0,0.0,0.0,0.0,0.0


========================================================
Test11 (DAC Calibration) results 2008-08-27 12:34:55
Board ID377 30 channels
Linux calibration (server mode)

Calibration DAC Range: [3100 - 3500]

A:
0.748,0.750286,0.752,0.754857,0.756857,0.751143,0.756286,0.748,0.756571,0.762
0.753429,0.75,0.756,0.750286,0.759429,0.753429,0.753429,0.750286,0.758286,0.746571
0.755429,0.757429,0.758571,0.755143,0.757429,0.758857,0.753143,0.759143,0.757429,0.754286


B:
0.0,0.0,0.0,0.0,0.0,0.0,0.0,0.0,0.0,0.0
0.0,0.0,0.0,0.0,0.0,0.0,0.0,0.0,0.0,0.0
0.0,0.0,0.0,0.0,0.0,0.0,0.0,0.0,0.0,0.0


========================================================
Test11 (DAC Calibration) results 2008-08-27 14:51:08
Board ID377 30 channels
Linux calibration (server mode)

Calibration DAC Range: [3100 - 3500]

A:
0.748,0.750286,0.752,0.754571,0.756571,0.751143,0.756286,0.748,0.756286,0.762571
0.753429,0.75,0.756,0.750286,0.759429,0.753429,0.753429,0.750286,0.758286,0.746286
0.755429,0.757429,0.758857,0.755143,0.757429,0.758571,0.753143,0.759143,0.757429,0.754286


B:
0.0,0.0,0.0,0.0,0.0,0.0,0.0,0.0,0.0,0.0
0.0,0.0,0.0,0.0,0.0,0.0,0.0,0.0,0.0,0.0
0.0,0.0,0.0,0.0,0.0,0.0,0.0,0.0,0.0,0.0


========================================================
Test11 (DAC Calibration) results 2008-08-27 16:02:02
Board ID377 30 channels
Linux calibration (server mode)

Calibration DAC Range: [3100 - 3500]

A:
0.748,0.750286,0.752,0.754857,0.756286,0.751143,0.756286,0.748,0.756286,0.768
0.753429,0.75,0.756,0.750286,0.759429,0.753429,0.753429,0.750286,0.758286,0.746286
0.755429,0.776571,0.758571,0.755143,0.757429,0.758857,0.753143,0.759143,0.757429,0.754286


B:
0.0,0.0,0.0,0.0,0.0,0.0,0.0,0.0,0.0,0.0
0.0,0.0,0.0,0.0,0.0,0.0,0.0,0.0,0.0,0.0
0.0,0.0,0.0,0.0,0.0,0.0,0.0,0.0,0.0,0.0


========================================================
Test11 (DAC Calibration) results 2008-08-27 16:15:20
Board ID377 30 channels
Linux calibration (server mode)

Calibration DAC Range: [3100 - 3500]

A:
0.748,0.750286,0.752,0.754571,0.756286,0.751143,0.756286,0.748,0.756286,0.768
0.753429,0.75,0.756,0.750286,0.759429,0.753429,0.753429,0.750286,0.758286,0.746286
0.755429,0.773429,0.758286,0.755143,0.757429,0.758571,0.753143,0.759143,0.757429,0.754286


B:
0.0,0.0,0.0,0.0,0.0,0.0,0.0,0.0,0.0,0.0
0.0,0.0,0.0,0.0,0.0,0.0,0.0,0.0,0.0,0.0
0.0,0.0,0.0,0.0,0.0,0.0,0.0,0.0,0.0,0.0


========================================================
Test11 (DAC Calibration) results 2008-08-27 16:29:29
Board ID377 30 channels
Linux calibration (server mode)

Calibration DAC Range: [3100 - 3500]

A:
0.725,0.73,0.73,0.735,0.735,0.73,0.735,0.725,0.7325,0.7475
0.7325,0.73,0.7375,0.7275,0.7375,0.7325,0.7325,0.73,0.7375,0.725
0.7325,0.75,0.7375,0.735,0.7375,0.735,0.7325,0.74,0.735,0.735


B:
80.5,71.0,77.0,69.5,74.5,74.0,74.5,80.5,83.2,73.7
73.2,70.0,64.7,79.7,76.7,73.2,73.2,71.0,72.7,74.5
80.2,74.0,74.7,70.5,69.7,81.5,72.2,67.0,78.5,67.5


========================================================
Test11 (DAC Calibration) results 2008-08-27 16:39:55
Board ID377 30 channels
Linux calibration (server mode)

Calibration DAC Range: [3100 - 3500]

A:
0.725,0.73,0.73,0.735,0.735,0.73,0.735,0.725,0.7375,0.7475
0.7325,0.73,0.7375,0.7275,0.7325,0.7325,0.7325,0.73,0.7375,0.725
0.7325,0.7375,0.7375,0.735,0.7375,0.74,0.7325,0.74,0.735,0.735


B:
80.5,71.0,77.0,69.5,74.5,74.0,74.5,80.5,66.7,72.7
72.2,70.0,63.7,78.7,93.2,72.2,74.2,71.0,73.7,74.5
79.2,69.7,73.7,70.5,68.7,66.0,71.2,67.0,78.5,67.5


========================================================
Test11 (DAC Calibration) results 2008-08-27 17:01:29
Board ID377 30 channels
Linux calibration (server mode)

Calibration DAC Range: [3100 - 3500]

A:
0.725,0.73,0.73,0.735,0.735,0.73,0.735,0.725,0.7325,0.75
0.735,0.73,0.7325,0.7275,0.7375,0.7275,0.7325,0.73,0.7375,0.725
0.7325,0.7325,0.7375,0.735,0.735,0.735,0.7325,0.74,0.735,0.735


B:
80.5,71.0,77.0,69.5,74.5,74.0,74.5,80.5,83.2,59.0
65.5,70.0,80.2,79.7,76.7,88.7,75.2,71.0,72.7,74.5
80.2,86.2,74.7,70.5,78.5,83.5,72.2,67.0,78.5,67.5


========================================================
Test11 (DAC Calibration) results 2008-08-28 14:20:08
Board ID377 30 channels
Linux calibration (server mode)

Calibration DAC Range: [3100 - 3500]

A:
0.725,0.73,0.73,0.735,0.735,0.73,0.735,0.725,0.74,0.74
0.735,0.73,0.7325,0.7275,0.7425,0.7325,0.7325,0.73,0.7375,0.725
0.7375,0.7375,0.7375,0.735,0.735,0.735,0.7275,0.74,0.735,0.735


B:
80.5,71.0,77.0,69.5,74.5,74.0,74.5,80.5,59.0,70.0
65.5,70.0,79.2,78.7,60.2,72.2,74.2,71.0,73.7,74.5
63.7,69.7,73.7,70.5,78.5,83.5,88.7,67.0,78.5,67.5


========================================================
Test11 (DAC Calibration) results 2008-09-01 16:34:02
Board ID377 30 channels
Linux calibration (server mode)

Calibration DAC Range: [3100 - 3500]

A:
0.725,0.73,0.73,0.735,0.735,0.73,0.735,0.725,0.74,0.7375
0.735,0.73,0.735,0.7275,0.7375,0.7325,0.7275,0.73,0.7375,0.725
0.7325,0.7375,0.7375,0.735,0.7425,0.7375,0.7325,0.74,0.735,0.735


B:
80.5,71.0,77.0,69.5,74.5,74.0,74.5,80.5,59.0,71.7
65.5,70.0,72.5,79.7,76.7,73.2,90.7,71.0,72.7,74.5
80.2,68.7,74.7,70.5,52.2,74.7,72.2,67.0,78.5,67.5


========================================================
Test11 (ADC Calibration) results 2008-12-01 11:08:02
Board ID377 30 channels
Host: ufcmshv3
Linux calibration software

Calibration DAC Range: [1000 - 3500]

A:
0.744,0.7656,0.7716,0.758,0.772,0.768,0.7556,0.7684,0.7676,0.7756
0.7644,0.7596,0.7744,0.7656,0.7708,0.7576,0.75,0.7532,0.7504,0.7332
0.7648,0.7684,0.7552,0.7584,0.7608,0.7616,0.7448,0.75,0.7728,0.7472


B:
70.9999,71.3999,65.4,72.9999,70.9999,71,73.4001,72.6,70.4,71.3999
69.6,69.4001,70.6,70.3999,71.2,71.4,73,70.8,71.6,64.7999
70.2,71.6,71.7999,70.5999,69.2,70.3999,71.2001,69,70.1999,70.8


========================================================
Test11 (ADC Calibration) results 2008-12-01 11:30:58
Board ID377 30 channels
Host: ufcmshv3
Linux calibration software

Calibration DAC Range: [1000 - 3500]

A:
0.7436,0.7656,0.7712,0.758,0.7708,0.7676,0.756,0.7684,0.7676,0.7764
0.764,0.7592,0.774,0.7656,0.7704,0.7576,0.7504,0.7528,0.7496,0.7328
0.7648,0.7684,0.7548,0.758,0.7608,0.7616,0.7448,0.7504,0.772,0.7472


B:
71.4,71.3999,65.8,72.9999,73.2,71.4,72.0001,72.6,70.4,68.5999
70,69.8001,71,70.3999,71.6,71.4,72.6,71.2,73.4,65.2
70.2,71.6,72.1999,70.9999,69.2,70.3999,71.2001,67.6,71.9999,70.8


========================================================
Test11 (ADC Calibration) results 2008-12-01 13:48:22
Board ID377 30 channels
Host: ufcmshv3
Linux calibration software

Calibration DAC Range: [1000 - 3500]

A:
0.744,0.766,0.7716,0.758,0.7712,0.7676,0.7556,0.7684,0.7676,0.776
0.7644,0.7592,0.7736,0.7656,0.7708,0.7572,0.7504,0.7528,0.75,0.7328
0.7644,0.768,0.7552,0.758,0.7608,0.7616,0.7448,0.75,0.7724,0.7472


B:
70.9999,71.0001,65.4,72.9999,72.8,71.4,73.4001,73.6,71.4,69.9999
69.6,70.8001,72.4001,71.3999,71.2,72.8,72.6,72.2,73,65.2
71.6,73,71.7999,70.9999,69.2,70.3999,71.2001,68,70.5999,70.8


