========================================================

Test10 results 10-20-2005  14:29:42
Board ID105  36 channels
HV Tests Software Ver.1.6

+5V 2524 - O'k
-5V 1307 - O'k
Interlock - On

Voltmeter channel: A=1.062699, B=23.379599

A:
Limits 1.1 +/- 0.1
1.074691,1.061571,1.078167,1.071811,1.067236,1.066098,1.071811,1.061571,1.068947,1.074691,1.068376,1.067806
1.067806,1.080497,1.066098,1.070664,1.064963,1.072386,1.067806,1.071237,1.072961,1.068947,1.075269,1.067806
1.071811,1.071811,1.067806,1.074691,1.072961,1.071237,1.086366,1.063264,1.078167,1.075847,1.084599,1.062699


B:
Limits 0.0 +/- 35.0
5.373341,12.738869,16.172636,18.220953,13.874185,18.123619,10.718273,13.80044,10.689509,8.597414,16.025656,9.610294
14.949322,18.368458,4.264344,11.777308,11.714521,6.434438,7.474683,8.569725,6.437928,18.172138,7.526706,7.474683
11.790084,7.502839,18.152739,21.493706,11.802734,8.569725,9.777472,9.569267,15.094469,10.758329,7.592331,11.689907
========================================================
Test10 (ADC Calibration) results 2008-06-16 13:15:45
Board ID105 36 channels
Linux calibration software

Voltmeter channel: A=1.07, B=0

A:
1.07768,1.0654,1.08135,1.07482,1.06996,1.06969,1.07518,1.06461,1.07093,1.07803,1.07155,1.07058
1.07084,1.0836,1.0689,1.07403,1.06899,1.07598,1.07181,1.07536,1.07598,1.07305,1.07911,1.0711
1.07518,1.07518,1.07172,1.0792,1.07723,1.07465,1.09033,1.06619,1.08072,1.07911,1.08832,1.06575


B:
4.22795,10.2441,13.5918,14.1711,10.9303,13.7417,6.53368,11.3997,9.17729,4.76004,10.5341,6.71978
10.5435,16.3038,2.0718,8.67504,6.90728,4.28737,4.28734,3.5735,4.71792,14.5112,4.84765,5.80075
8.46905,5.88886,13.1575,15.9886,5.9328,5.95204,5.83746,6.95495,13.5171,7.00587,5.27426,9.49346


========================================================
Test10 (ADC Calibration) results 2008-06-17 07:08:50
Board ID105 36 channels
Linux calibration software

Voltmeter channel: A=1.07, B=0

A:
1.09011,1.0776,1.09419,1.08732,1.08222,1.08222,1.08759,1.07716,1.08373,1.09056,1.084,1.08266
1.08337,1.09602,1.08124,1.08624,1.08124,1.08849,1.084,1.08813,1.08849,1.08525,1.0912,1.08329
1.08732,1.08768,1.08445,1.09138,1.08948,1.08786,1.103,1.07866,1.0931,1.09138,1.10097,1.07805


B:
2.95609,9.1214,11.878,12.9311,9.81667,12.6307,5.07077,9.5312,7.3315,3.4111,9.25173,6.3731
9.61205,15.2562,0.989991,8.05403,5.74719,2.71522,3.39798,1.52481,3.36802,14.1725,4.3541,5.1445
7.49453,4.33473,11.4414,15.1005,5.2835,2.64559,4.50242,5.5474,12.6552,6.15136,3.71219,8.28031


========================================================
Test10 (ADC Calibration) results 2008-07-28 12:22:42
Board ID105 36 channels
Linux calibration software

Voltmeter channel: A=1.07, B=0

A:
1.09038,1.07778,1.09401,1.08723,1.08204,1.08204,1.08786,1.07725,1.08355,1.09038,1.084,1.08284
1.08355,1.09629,1.08133,1.08651,1.08141,1.08849,1.08436,1.08804,1.08849,1.08543,1.09165,1.08329
1.08786,1.08795,1.08463,1.09129,1.0893,1.08741,1.10319,1.07884,1.09365,1.09174,1.10116,1.07813


B:
2.70573,9.17345,12.4816,13.8834,11.0632,12.7945,5.69164,9.88007,7.49677,3.79611,9.68523,5.99148
9.2307,15.007,1.12338,7.80563,5.366,3.36802,3.28256,1.82616,3.36802,14.008,3.49991,5.57811
6.99701,4.73795,11.2769,16.0564,5.66782,4.36675,4.77522,5.59848,11.7198,5.59988,3.7639,8.62891


========================================================
Test10 (ADC Calibration) results 2009-02-05 15:37:01
Board ID105 36 channels
Host: ufcmshv3
Linux calibration software

Voltmeter channel: A=1.0607, B=2.93744

A:
1.041,1.04183,1.05187,1.04502,1.0576,1.05135,1.03867,1.03503,1.04527,1.04233,1.06053,1.057
1.0395,1.02419,1.04586,1.06053,1.03933,1.04983,1.02645,1.05597,1.02913,1.02734,1.05837,1.043
1.03561,1.0366,1.05975,1.03511,1.0446,1.0347,1.04192,1.04712,1.04158,1.03759,1.05477,1.03809


B:
3.34744,8.59113,12.7194,13.296,8.39559,12.7779,2.66855,9.4747,8.04053,3.11063,10.3117,5.57772
7.0686,15.1425,0.788395,10.3117,5.35665,3.29481,4.34259,1.90068,2.9766,13.545,4.07066,5.18301
7.0578,5.07122,11.8852,15.8132,3.4553,2.54699,5.38564,6.07324,12.5793,6.81624,4.08917,8.62418


