========================================================

Test10 results 07-16-2006  20:05:15
Board ID151  36 channels
HV Tests Software Ver.1.6.1

+5V 2505 - O'k
-5V 1321 - O'k
Interlock - On

Voltmeter channel: A=1.074114, B=15.037632

A:
Limits 1.1 +/- 0.1
1.072961,1.078167,1.071237,1.071811,1.078167,1.076426,1.070091,1.070091,1.082837,1.079331,1.073537,1.078167
1.070091,1.073537,1.085187,1.086957,1.077006,1.081081,1.071237,1.072961,1.075269,1.084011,1.078167,1.076426
1.076426,1.068947,1.077586,1.078749,1.082251,1.079914,1.081081,1.078167,1.078749,1.072386,1.090513,1.076426


B:
Limits 0.0 +/- 30.0
6.437928,9.703633,11.783437,19.292763,3.234631,10.764252,12.8409,4.280172,10.828545,7.555364,2.14691,9.703633
9.630627,28.985344,18.448175,10.869641,12.923853,9.729908,10.712199,12.875696,10.752512,3.252035,-7.54704,13.993531
5.382121,10.689509,6.465639,5.393553,15.151553,-1.079948,12.973151,8.625466,10.787296,12.868753,11.995736,7.534973
========================================================
Test10 (ADC Calibration) results 2007-10-23 10:04:51
Board ID151 36 channels
Linux calibration software

Voltmeter channel: A=1.07312, B=15.457

A:
1.06862,1.07606,1.06919,1.06973,1.07594,1.07324,1.06919,1.06663,1.08125,1.07677,1.06876,1.07583
1.06549,1.06892,1.08621,1.08287,1.07664,1.07737,1.06781,1.06953,1.07024,1.07782,1.06869,1.07586
1.07168,1.06667,1.07529,1.06609,1.08182,1.07782,1.08034,1.07428,1.07529,1.07394,1.08791,1.07175


B:
3.0911,8.04227,5.64188,14.5336,4.11951,7.64414,6.22672,2.11003,6.83346,3.50705,4.78557,4.55315
6.2484,19.5711,8.79849,7.84339,4.91353,7.8068,5.79737,6.66254,7.81498,8.16068,3.94352,5.67336
9.46323,5.53315,6.25161,17.3996,9.35441,7.23849,5.83882,6.62467,8.40219,7.73599,-5.16862,5.08397


========================================================
Test10 (ADC Calibration) results 2007-10-25 10:15:10
Board ID151 36 channels
Linux calibration software

Voltmeter channel: A=1.07285, B=15.9551

A:
1.06916,1.0764,1.06919,1.06983,1.07594,1.07304,1.06919,1.06633,1.08135,1.07687,1.06808,1.07529
1.06488,1.05579,1.0856,1.08287,1.07556,1.07747,1.06737,1.06949,1.07004,1.07727,1.06933,1.07596
1.07188,1.0671,1.07485,1.05619,1.08226,1.07782,1.0798,1.07374,1.07529,1.07428,1.08776,1.07216


B:
2.7977,6.92887,5.84183,14.4038,4.31946,8.30564,6.22672,2.70014,6.70376,3.37754,6.72054,6.3269
8.22775,23.8272,9.37673,7.84339,7.58659,7.67739,6.15983,7.97702,8.4743,8.85894,3.32146,5.94399
9.2056,4.10487,7.69478,25.0767,7.70224,7.23849,8.01908,8.39492,8.40219,7.29905,-4.98222,4.5662


========================================================
Test10 (ADC Calibration) results 2008-05-20 10:30:10
Board ID151 36 channels
Linux calibration software

Voltmeter channel: A=1.07385, B=14.1192

A:
1.06859,1.07384,1.0696,1.0696,1.07549,1.07344,1.06646,1.06714,1.06818,1.07697,1.06869,1.07525
1.06495,1.0528,1.07125,1.08297,1.0763,1.07778,1.06822,1.0698,1.07044,1.07762,1.06949,1.07596
1.07323,1.06822,1.0758,1.05455,1.0601,1.07768,1.0797,1.07404,1.07515,1.07404,1.08766,1.07216


B:
5.40464,10.6869,5.52639,15.1088,5.49007,7.98303,8.5261,2.45986,15.6589,3.84812,5.94352,6.37573
8.53994,27.3084,21.5888,7.71379,5.75288,7.289,5.47835,7.5887,6.88527,8.41989,3.10748,6.14395
6.40919,2.6783,5.60222,24.182,23.1307,7.61837,8.14899,8.00623,8.5805,7.60608,7.54731,4.5662


========================================================
Test10 (ADC Calibration) results 2008-06-17 15:59:18
Board ID151 36 channels
Linux calibration software

Voltmeter channel: A=1.07, B=0

A:
1.08602,1.09062,1.08665,1.08656,1.09462,1.09044,1.08351,1.08333,1.08503,1.09444,1.09026,1.09316
1.08244,1.07096,1.07061,1.10003,1.09408,1.0949,1.08485,1.08656,1.08737,1.0949,1.09198,1.09976
1.09417,1.08485,1.11555,1.07986,1.07166,1.10142,1.09718,1.09153,1.09298,1.09499,1.1054,1.08927


B:
3.73762,10.8091,3.15371,14.5372,3.41479,8.14038,8.66787,3.19992,13.5513,3.80169,-16.5512,4.977
6.62937,22.4308,34.3162,7.00969,7.20113,7.1037,6.12251,8.23513,8.57424,8.63645,-17.9582,-18.4724
-8.41984,2.43411,-75.2132,-17.9692,29.2861,-10.5559,8.51552,6.48377,7.98647,7.67693,7.18711,6.17233


