========================================================

Test11 results 07-16-2006  20:07:00
Board ID151  36 channels
HV Tests Software Ver.1.6.1

+5V 2505 - O'k
-5V 1322 - O'k
Interlock - On
Calibration DAC Range: [2500 - 2900]


A:
Limits 0.76 +/- 0.04
0.754717,0.75188,0.753296,0.75188,0.747664,0.753296,0.753296,0.754717,0.747664,0.750469,0.753296,0.746269
0.756144,0.754717,0.746269,0.743494,0.750469,0.747664,0.753296,0.75188,0.753296,0.744879,0.747664,0.753296
0.75188,0.756144,0.750469,0.749064,0.747664,0.747664,0.75188,0.75188,0.750469,0.753296,0.746269,0.75188


B:
Limits 60.0 +/- 30.0
52.713879,50.473255,59.691727,53.742355,62.506001,40.071278,58.607391,60.231014,51.75779,50.404785,59.691727,64.662201
50.821411,36.526897,47.523533,56.133724,53.309738,56.3741,58.791668,58.040146,47.110252,64.055809,76.119827,42.420177
57.587292,55.671181,54.117924,61.40036,50.063499,65.176308,37.167225,48.684422,50.322521,53.229126,50.018867,54.984352
========================================================
Test11 (DAC Calibration) results 2007-10-23 10:04:51
Board ID151 36 channels
Linux calibration software
Calibration DAC Range: [1100 - 2700]

A:
0.756573,0.750962,0.755786,0.755786,0.751809,0.754077,0.755786,0.758366,0.747733,0.750469,0.756859,0.75188
0.758797,0.756358,0.744325,0.746617,0.751315,0.750047,0.757146,0.755929,0.75543,0.750117,0.756144,0.751103
0.75365,0.757576,0.75188,0.758366,0.746965,0.750117,0.748363,0.752587,0.75188,0.752445,0.747314,0.754361


B:
59.5612,59.6171,63.8168,51.7242,54.2336,49.4203,58.5263,58.1572,58.4074,60.6004,58.5619,57.1429
56.3503,47.9059,56.1594,58.4694,56.8747,58.1848,58.3191,58.4805,55.9963,56.587,61.0585,58.9709
61.4696,59.8485,56.391,51.9386,59.4771,58.0873,57.5304,56.9144,56.391,57.4115,66.4643,60.4903


========================================================
Test11 (DAC Calibration) results 2007-10-25 10:15:10
Board ID151 36 channels
Linux calibration software
Calibration DAC Range: [1100 - 2700]

A:
0.756573,0.751103,0.755786,0.755715,0.751809,0.754219,0.755786,0.758581,0.747664,0.750399,0.756573,0.75188
0.759229,0.76577,0.74474,0.746617,0.751315,0.749977,0.757074,0.755572,0.755572,0.750117,0.756072,0.751033
0.753509,0.757648,0.751809,0.765477,0.747035,0.750117,0.748363,0.752587,0.75188,0.752587,0.747035,0.754077


B:
59.2584,59.1211,63.6656,51.8231,54.0833,48.9204,58.5263,57.7091,58.5047,60.6977,58.9559,57.1429
54.8447,44.4623,55.7252,58.4694,56.7244,58.2826,58.569,58.8213,55.4969,56.587,61.0056,58.7681
61.6652,59.5984,56.6393,45.9382,59.3799,58.0873,57.2311,56.9144,56.391,57.2153,66.8503,60.8823


========================================================
Test11 (DAC Calibration) results 2008-05-20 10:30:10
Board ID151 36 channels
Linux calibration software
Calibration DAC Range: [1100 - 2700]

A:
0.756215,0.752516,0.755501,0.755501,0.751738,0.753935,0.757719,0.758006,0.756501,0.750328,0.756144,0.751527
0.758797,0.767165,0.754717,0.746547,0.751174,0.749766,0.756859,0.755358,0.755287,0.750258,0.755572,0.751033
0.752941,0.756859,0.751527,0.766284,0.762268,0.749836,0.748433,0.752375,0.751597,0.752375,0.747105,0.754077


B:
59.1453,57.6144,63.9058,51.8178,53.7304,49.1659,56.7719,57.8926,53.0023,60.345,59.5462,57.6327
55.1361,43.6133,46.4151,58.5667,56.7698,58.5755,58.5619,59.1162,55.8911,56.3914,61.6925,58.618
62.447,60.6811,56.8812,47.1265,48.8327,58.3279,57.1332,57.2087,56.7833,57.5098,57.4898,60.8823


========================================================
Test11 (ADC Calibration) results 2008-06-17 18:39:44
Board ID151 36 channels
Linux calibration software

Calibration DAC Range: [1000 - 3500]

A:
0.7444,0.7408,0.7432,0.7436,0.7388,0.7424,0.746,0.7464,0.7448,0.7384,0.7416,0.7392
0.7468,0.7552,0.7552,0.7348,0.7388,0.7384,0.7448,0.7436,0.7432,0.738,0.7396,0.7348
0.738,0.7452,0.7244,0.7488,0.7548,0.734,0.7368,0.7404,0.7392,0.7384,0.7352,0.742


B:
59.5999,58.1999,66.8,52.4,55.2,48.6,57,57.6,55.2001,60.6001,75.4001,58.8
56.2,45.7999,36.7999,59.2001,56.2,57.6001,59.2001,58.4,55.8,57.0001,78.4,76.2001
75.0001,61.8001,116.6,78.2001,42.1999,70.9999,56.1999,58.5999,57.8,56.6001,57.8,61.0001


========================================================
Test11 (ADC Calibration) results 2008-07-15 22:11:52
Board ID151 36 channels
Linux calibration software

Calibration DAC Range: [1000 - 3500]

A:
0.7436,0.742,0.7436,0.7436,0.7388,0.7416,0.7472,0.748,0.7444,0.738,0.7424,0.7388
0.7464,0.7544,0.7556,0.7344,0.738,0.7424,0.7448,0.7432,0.7432,0.7664,0.7384,0.7368
0.7396,0.7452,0.7288,0.7512,0.756,0.7344,0.7364,0.74,0.7392,0.7372,0.736,0.7424


B:
60.4,57.0001,64.4,52.4,56.2,50.4001,56.8,55.9999,55.5999,61.0001,68.6,59.2
56.6,47.5999,41.4001,59.6001,58.0001,54.6,59.2001,59.8,55.8,28.6001,80.6001,68.2
68.4,60.8001,90.2,63.7999,53.0001,64.6001,57.6,59,57.8,57.7999,57,59.6


========================================================
Test11 (ADC Calibration) results 2008-07-16 16:13:30
Board ID151 36 channels
Linux calibration software

Calibration DAC Range: [1000 - 3500]

A:
0.7424,0.74,0.742,0.742,0.7372,0.7404,0.7452,0.7452,0.7428,0.7372,0.7392,0.738
0.7448,0.7516,0.748,0.7332,0.7368,0.7388,0.7432,0.7424,0.742,0.7672,0.7324,0.7324
0.7372,0.7432,0.7216,0.7468,0.7552,0.7316,0.7348,0.7388,0.7368,0.7352,0.734,0.7404


B:
61.6,58,67.0001,54.0001,57.7999,51.5999,57.8001,58.8001,56.2,60.7999,77.8,59.0001
58.2001,50.3999,40.9999,60.8,59.1999,57.2,60.8,59.6,57.0001,27.8,97.6,77.6
74.7999,63.8,109.4,74.2,48.7999,73.4,59.2001,59.2,61.1999,59.8,58.9999,62.5999


========================================================
Test11 (ADC Calibration) results 2008-07-16 22:38:23
Board ID151 36 channels
Linux calibration software

Calibration DAC Range: [1000 - 3500]

A:
0.744,0.7412,0.7428,0.7432,0.7388,0.742,0.7472,0.748,0.744,0.7376,0.7404,0.7388
0.746,0.754,0.7564,0.734,0.7384,0.742,0.7448,0.7432,0.7424,0.7668,0.7352,0.7348
0.7388,0.7444,0.7264,0.7492,0.7572,0.7332,0.736,0.74,0.7384,0.7368,0.7368,0.7416


B:
59.9999,57.8001,66.2,52.8,55.2,49.0001,55.8,55.9999,55.9999,61.3999,75.5999,59.2
57,48,38.6,59.9999,56.6001,55.0001,59.2001,59.8,57.6,28.2,90.8,74.2001
71.2,61.5999,96.5999,70.8,46.8,68.7999,58,58,58.6001,58.1999,56.1999,61.4001


