========================================================

Test10 results 12-12-2006  22:36:53
Board ID107  36 channels
HV Tests Software Ver.1.6.8

+5V 2516 - O'k
-5V 1325 - O'k
Interlock - On
Number of Samples: 400

Voltmeter channel: A=1.077006, B=12.923853

A:
Limits 1.1 +/- 0.1
1.075847,1.068376,1.057082,1.087548,1.073537,1.085187,1.090513,1.077006,1.078167,1.083424,1.086957,1.077586
1.069519,1.087548,1.079914,1.078749,1.078749,1.076426,1.083424,1.084011,1.073537,1.078167,1.085187,1.075269
1.072961,1.075269,1.064396,1.074691,1.081081,1.075847,1.079331,1.077006,1.082251,1.084599,1.077586,1.087548


B:
Limits 0.0 +/- 30.0
8.606635,11.752151,32.769699,25.013739,16.102896,13.02224,8.724198,18.308884,10.781801,22.751911,19.565292,19.396673
14.973378,13.050716,14.038843,21.574783,15.102291,17.222809,19.50164,9.7561,27.911806,15.094469,8.68149,17.204124
17.167542,10.752512,38.318443,8.597414,5.405584,11.834177,20.507334,15.077866,7.575796,18.438318,12.931156,11.963168
Channels:
   3  27
Out of range 0.0 +/- 30.0
========================================================
Test10 (ADC Calibration) results 2008-04-04 18:26:54
Board ID107 36 channels
Linux calibration software

Voltmeter channel: A=1.07317, B=17.7315

A:
1.0734,1.06697,1.06923,1.09157,1.07215,1.08335,1.08808,1.07501,1.07669,1.08234,1.08527,1.07717
1.06683,1.08541,1.07733,1.07758,1.07689,1.07497,1.08137,1.08057,1.07582,1.07654,1.08394,1.0733
1.07074,1.07322,1.07582,1.07188,1.07911,1.07424,1.07818,1.07602,1.08,1.08323,1.07533,1.08535


B:
3.71195,5.94649,16.5281,12.1567,11.2259,7.89511,6.16853,13.6338,4.68017,15.7328,13.7956,12.6062
13.0513,8.81497,10.1211,15.9477,10.332,11.6322,15.4937,8.47601,16.874,9.79676,4.69359,13.054
12.8107,6.11436,12.329,6.18975,1.7276,7.11802,16.1271,8.54752,3.20025,13.096,12.6298,7.74761


