========================================================

Test11 results 12-12-2006  22:39:36
Board ID107  36 channels
HV Tests Software Ver.1.6.8

+5V 2525 - O'k
-5V 1326 - O'k
Interlock - On
Calibration DAC Range: [2500 - 2900]
Number of Samples: 400

A:
Limits 0.76 +/- 0.04
0.750469,0.756144,0.763359,0.742115,0.753296,0.743494,0.740741,0.750469,0.749064,0.746269,0.742115,0.749064
0.754717,0.742115,0.747664,0.750469,0.747664,0.750469,0.744879,0.746269,0.75188,0.750469,0.744879,0.750469
0.75188,0.750469,0.757576,0.753296,0.746269,0.75188,0.749064,0.749064,0.746269,0.746269,0.754717,0.743494


B:
Limits 60.0 +/- 30.0
68.391678,59.614166,46.79023,52.602684,56.642498,63.99015,59.013042,54.926289,66.883743,49.14069,63.023277,57.109703
56.290863,61.480705,59.524471,42.226948,60.169003,58.073093,60.098637,54.876175,46.650894,49.431339,61.942467,56.287247
60.282753,63.638767,48.804295,53.58683,72.246964,55.071728,49.273064,61.867611,61.110138,46.048668,51.919365,55.395859
========================================================
Test11 (DAC Calibration) results 2008-04-04 18:26:54
Board ID107 36 channels
Linux calibration software
Calibration DAC Range: [1100 - 2700]

A:
0.752445,0.757361,0.756144,0.739919,0.752941,0.745157,0.742666,0.751315,0.749766,0.745851,0.74384,0.750188
0.757074,0.744117,0.749695,0.749906,0.749625,0.750962,0.746896,0.747454,0.750751,0.751385,0.745504,0.752516
0.753935,0.751809,0.750751,0.753508,0.748083,0.752233,0.749485,0.75061,0.748223,0.74599,0.755287,0.744532


B:
70.6547,64.3852,54.2532,60.4143,64.7058,66.4678,60.2674,60.7815,72.0712,58.195,65.3184,60.2401
56.2978,62.8499,61.8216,52.0811,60.5696,64.4232,61.068,59.8433,52.7026,54.8229,65.3898,57.1629
61.0781,67.4655,60.9609,61.5147,73.4806,61.9181,53.5695,64.6089,63.2621,54.2708,55.74,59.8883


