========================================================

Test10 results 12-21-2006  16:40:08
Board ID161  36 channels
HV Tests Software Ver.1.6.8

+5V 2911 - O'k
-5V 1328 - O'k
Interlock - On
Number of Samples: 400

Voltmeter channel: A=1.066667, B=15.999792

A:
Limits 1.1 +/- 0.1
1.083424,1.094691,1.091703,1.081666,1.087548,1.076426,1.077006,1.089325,1.083424,1.082837,1.072386,1.088732
1.088139,1.077006,1.082837,1.075269,1.091107,1.075847,1.098901,1.091107,1.089325,1.085776,1.084599,1.081666
1.080497,1.072386,1.077006,1.086957,1.078167,1.078167,1.076426,1.072961,1.074691,1.085776,1.067236,1.084011


B:
Limits 0.0 +/- 30.0
7.583981,12.041416,5.458513,4.326704,6.525431,10.764252,6.461817,13.071987,7.583981,14.077056,17.158298,6.53232
8.705064,20.462894,10.828545,3.22563,8.72881,5.379094,7.692112,15.275455,13.071987,8.686214,14.099923,8.653366
7.563487,12.868753,8.615829,5.434859,10.781801,4.312799,1.076416,16.09458,12.896177,10.857767,28.815487,4.336046
========================================================
Test10 (ADC Calibration) results 2008-04-03 16:10:02
Board ID161 36 channels
Linux calibration software

Voltmeter channel: A=1.06434, B=13.3859

A:
1.08069,1.09208,1.08946,1.07944,1.08448,1.075,1.07524,1.08704,1.08048,1.0806,1.07067,1.08577
1.08613,1.07937,1.08014,1.07211,1.0888,1.07194,1.09672,1.08896,1.08729,1.0827,1.08216,1.07933
1.07716,1.0711,1.07514,1.08518,1.07619,1.07622,1.07407,1.07161,1.07188,1.08409,1.06525,1.08171


B:
1.40284,6.90235,-0.909197,-1.80114,2.7776,3.54994,-0.205658,7.25016,4.14128,7.79339,9.32881,3.04046
3.29526,8.79722,5.0603,-0.0881124,4.15929,4.42087,1.3892,9.73619,6.18735,5.22283,9.24951,2.36915
4.472,5.12853,3.04788,-1.35088,5.32986,-0.566753,-3.40504,9.26933,8.70286,5.49168,14.132,-3.61192


