========================================================

Test10 results 07-19-2006  11:26:35
Board ID097  36 channels
HV Tests Software Ver.1.6.1

+5V 2503 - O'k
-5V 1310 - O'k
Interlock - On

Voltmeter channel: A=1.092896, B=17.486164

A:
Limits 1.1 +/- 0.1
1.086957,1.077586,1.087548,1.091107,1.079331,1.075269,1.076426,1.073537,1.075847,1.079914,1.081081,1.078167
1.080497,1.070091,1.082251,1.081666,1.073537,1.082837,1.072961,1.076426,1.084599,1.079914,1.080497,1.081666
1.077586,1.041667,1.079914,1.074114,1.077006,1.076426,1.079331,1.082837,1.076426,1.077586,1.089918,1.080497


B:
Limits 0.0 +/- 30.0
11.956598,16.163914,21.751097,15.275455,14.031348,15.053588,9.687826,17.176434,18.289261,17.278584,15.135313,16.172636
18.368458,29.962357,15.151553,16.225027,20.397045,7.580034,16.09458,13.993531,17.353718,18.358498,16.207464,18.388359
22.629433,20.833485,19.438412,19.334087,19.385889,10.764252,8.634694,12.994219,9.687826,21.551846,16.348776,9.724482
========================================================
Test10 (ADC Calibration) results 2007-06-08 18:48:11
Board ID97 36 channels
Linux calibration software

Voltmeter channel: A=1.08364, B=12.8021

A:
1.10247,1.0725,1.07999,1.10437,1.0937,1.09067,1.09179,1.08972,1.09004,1.09482,1.09721,1.0945
1.09466,1.07412,1.09881,1.09897,1.0878,1.0996,1.08703,1.0937,1.10088,1.09705,1.09625,1.09514
1.07555,1.07999,1.09514,1.08909,1.07253,1.08941,1.09338,1.09896,1.09163,1.09418,1.10395,1.09418


B:
-26.0779,15.4875,16.0544,-14.3859,-19.9778,-22.0229,-29.2346,-22.4109,-8.01596,-16.3501,-25.0847,-23.7801
-14.6908,6.2643,-26.208,-26.2382,-14.1622,-33.6188,-15.4352,-27.7304,-18.142,-19.9467,-20.3152,-8.71295
22.0203,4.95265,-16.3743,-14.1469,25.4029,-20.5666,-26.006,-27.8993,-27.109,-19.2732,-19.1692,-25.0469


========================================================
Test10 (ADC Calibration) results 2007-10-09 16:30:02
Board ID97 36 channels
Linux calibration software

Voltmeter channel: A=1.06091, B=67.8913

A:
1.08526,1.06263,1.07,1.08984,1.07728,1.07316,1.0741,1.0731,1.0795,1.078,1.08084,1.0765
1.07846,1.06787,1.0807,1.08088,1.07224,1.08166,1.07133,1.075,1.08308,1.07916,1.078,1.08104
1.06707,1.0681,1.07956,1.07193,1.06503,1.07446,1.07764,1.0821,1.07319,1.07654,1.08859,1.07802


B:
9.01466,24.6442,26.3998,10.7695,10.5854,11.8778,6.00369,9.81245,10.8017,13.7702,6.76242,13.1563
14.6485,22.3314,9.78846,9.18724,14.1767,2.63978,12.1134,8.54984,12.0722,11.4749,14.1602,12.1872
27.0209,19.0275,11.4813,16.2919,26.1683,6.9855,4.95672,6.54769,8.68258,13.9074,11.0514,6.56575


========================================================
Test10 (ADC Calibration) results 2008-06-17 15:59:18
Board ID097 36 channels
Linux calibration software

Voltmeter channel: A=1.07, B=0

A:
1.07588,1.08004,1.08692,1.10802,1.09599,1.09035,1.09098,1.0899,1.04789,1.09627,1.0648,1.09481
1.09581,1.08021,1.09773,1.09792,1.08954,1.10077,1.08917,1.0928,1.10068,1.09517,1.09508,1.09755
1.08414,1.08485,1.09663,1.08945,1.08137,1.09153,1.09508,1.09874,1.09207,1.09298,1.1068,1.09627


B:
35.104,20.3108,23.9893,13.012,9.38539,12.1485,6.76702,11.4735,41.868,14.6153,40.054,11.5668
14.8126,24.4685,11.0858,9.38129,15.0743,3.25314,11.2663,7.49784,12.1428,12.7663,14.6019,14.5457
24.7839,18.0559,13.1856,17.1181,23.8437,7.79355,6.2795,8.4067,5.54538,16.293,11.4505,7.37979


========================================================
Test10 (ADC Calibration) results 2008-07-06 14:50:23
Board ID097 36 channels
Linux calibration software

Voltmeter channel: A=1.07, B=0

A:
1.06058,1.08004,1.08728,1.10792,1.09627,1.09144,1.09171,1.09035,1.08244,1.09691,1.05623,1.0949
1.09645,1.08021,1.09764,1.09783,1.0899,1.10096,1.0564,1.0928,1.10105,1.09444,1.09554,1.09728
1.08441,1.0853,1.09663,1.08963,1.08128,1.09198,1.0949,1.09874,1.09226,1.09353,1.10662,1.09618


B:
48.1435,20.3108,23.2271,12.6531,8.25686,10.9331,5.44316,10.8403,25.0309,14.0322,19.1434,11.2644
14.0105,21.8758,12.0477,9.68466,14.0892,2.86394,41.1682,7.27934,12.028,12.1192,13.7475,13.6986
24.3219,17.6452,13.1856,16.7352,23.709,6.93871,6.22773,8.18674,5.81455,16.0137,10.9548,7.02545


========================================================
Test10 (ADC Calibration) results 2008-07-15 21:45:02
Board ID097 36 channels
Linux calibration software

Voltmeter channel: A=1.07, B=0

A:
1.05623,1.08021,1.08755,1.10848,1.09572,1.09089,1.09117,1.09026,1.09526,1.09709,1.05234,1.0949
1.09636,1.07853,1.09773,1.09755,1.08963,1.10077,1.07149,1.09298,1.10105,1.09389,1.09535,1.09673
1.08459,1.08566,1.09682,1.08963,1.08119,1.09207,1.09453,1.09893,1.09244,1.09362,1.10587,1.09599


B:
11.5386,19.9317,22.9817,11.2599,8.97913,11.4321,6.81806,11.1413,12.683,13.8655,19.2258,10.8262
14.3131,22.5583,11.3057,9.27776,15.2096,2.59257,27.3036,6.67455,11.5874,11.7441,13.9141,14.199
23.5085,16.6649,13.0186,16.2992,23.7901,6.85581,5.90666,7.35934,4.99171,15.0562,10.7452,6.53597


========================================================
Test10 (ADC Calibration) results 2008-07-16 15:48:51
Board ID097 36 channels
Linux calibration software

Voltmeter channel: A=1.07, B=0

A:
1.05829,1.08363,1.09075,1.11056,1.09861,1.093,1.09343,1.09289,1.09883,1.09926,1.05228,1.09709
1.09828,1.08195,1.09958,1.09958,1.09257,1.10307,1.09075,1.09515,1.1034,1.09634,1.09774,1.09937
1.08776,1.08851,1.09904,1.09193,1.0848,1.09418,1.09698,1.10143,1.0944,1.09526,1.10812,1.09839


B:
10.8607,17.4411,20.5095,9.83367,6.3342,10.1579,4.73442,8.72639,10.5306,12.5535,24.1164,9.69653
12.5626,22.0174,10.0584,7.85918,12.081,1.365,10.2562,5.55799,9.2296,11.4842,11.7381,12.0151
21.2646,14.4907,11.4319,14.6349,20.9308,4.91657,3.87174,5.0682,4.28077,14.6592,9.36906,4.55565


========================================================
Test10 (ADC Calibration) results 2008-07-16 21:23:30
Board ID097 36 channels
Linux calibration software

Voltmeter channel: A=1.07, B=0

A:
1.0593,1.08115,1.08795,1.10819,1.09635,1.09114,1.09171,1.09067,1.09502,1.09769,1.0525,1.09512
1.09616,1.07986,1.09759,1.09826,1.09001,1.10152,1.07765,1.09351,1.10133,1.09436,1.09578,1.0974
1.08533,1.08608,1.09731,1.09001,1.08189,1.09228,1.09521,1.09931,1.09228,1.09389,1.10634,1.09635


B:
11.3882,18.6388,23.0542,12.6376,8.61685,11.4204,6.31631,10.9798,13.5576,13.5431,10.862,11.0619
15.1485,22.2039,12.0929,8.40913,14.8546,1.90839,22.0751,6.84901,11.5561,12.1936,13.5221,13.1449
22.8289,16.7178,12.3535,16.3805,23.584,6.8867,5.27989,7.00887,6.23111,15.2519,10.7606,6.42414


