========================================================

Test11 results 07-19-2006  11:28:01
Board ID097  36 channels
HV Tests Software Ver.1.6.1

+5V 2508 - O'k
-5V 1310 - O'k
Interlock - On
Calibration DAC Range: [2500 - 2900]


A:
Limits 0.76 +/- 0.04
0.738007,0.744879,0.735294,0.732601,0.742115,0.744879,0.743494,0.746269,0.743494,0.742115,0.738007,0.742115
0.740741,0.749064,0.738007,0.738007,0.743494,0.739372,0.746269,0.743494,0.738007,0.740741,0.744879,0.740741
0.744879,0.770713,0.744879,0.746269,0.743494,0.744879,0.743494,0.738007,0.742115,0.742115,0.736648,0.739372


B:
Limits 60.0 +/- 30.0
55.40448,49.71434,57.3433,59.123821,62.100887,58.172791,63.602612,54.250336,57.93256,53.95882,67.776909,59.62886
58.8246,47.072323,70.173096,64.582001,61.638054,67.478104,61.456673,59.018032,55.287903,61.759712,45.971397,54.818523
47.306213,46.637154,46.775742,57.376793,54.141937,61.526382,55.220875,65.507935,72.933121,59.62886,64.265686,70.336128
========================================================
Test11 (DAC Calibration) results 2007-06-08 18:48:11
Board ID97 36 channels
Linux calibration software
Calibration DAC Range: [2400 - 2900]

A:
0.726804,0.747119,0.741935,0.724394,0.731459,0.734668,0.733917,0.735313,0.735097,0.731885,0.73029,0.732099
0.730821,0.744794,0.72923,0.73029,0.736606,0.728701,0.734775,0.732632,0.727857,0.730396,0.730927,0.730502
0.743802,0.741935,0.730502,0.73456,0.7459,0.733167,0.732846,0.729124,0.732846,0.732312,0.729336,0.73114


B:
88.024,59.9032,61.967,83.221,93.0131,90.0578,92.93,87.1523,76.5656,82.6394,91.396,91.2876
89.1365,71.3345,96.9963,85.2933,81.105,98.3762,93.4498,89.3868,83.8778,87.6461,88.7273,84.7647
58.8211,67.7997,91.9616,89.5916,53.8519,97.9863,88.129,91.8164,99.0667,89.5947,86.2835,96.7127


