========================================================

Test10 results 02-01-2006  13:59:11
Board ID416  30 channels
HV Tests Software Ver.1.6

+5V 2485 - O'k
-5V 1342 - O'k
Interlock - On

Voltmeter channel: A=1.079914, B=5.399534

A:
Limits 1.1 +/- 0.1
1.076426,1.086366,1.081666,1.081081,1.089918,1.091107,1.075847,1.085776,1.088139,1.068376
1.080497,1.083424,1.071237,1.084599,1.090513,1.078749,1.075847,1.074114,1.086957,1.082251
1.072386,1.086366,1.078167,1.086957,1.082837,1.074114,1.075847,1.082251,1.078167,1.077586


B:
Limits 0.0 +/- 35.0
4.305695,7.604739,2.163372,11.89207,6.539511,6.546595,7.530788,5.428885,3.264367,11.752151
7.563487,7.583981,10.712199,3.253936,2.181123,7.55105,6.454941,6.444721,3.260946,5.411294
7.506824,3.259275,4.312799,10.869641,6.497197,4.296494,11.834177,5.411294,8.625466,6.465639
========================================================
Test10 (ADC Calibration) results 2008-04-21 15:12:15
Board ID416 30 channels
Linux calibration software

Voltmeter channel: A=1.06789, B=-1473.92

A:
1.07663,1.08698,1.08202,1.08091,1.08365,1.09082,1.07622,1.08729,1.09036,1.06949
1.08349,1.08335,1.07161,1.08486,1.09141,1.0783,1.07945,1.07457,1.08743,1.08188
1.0737,1.08779,1.07925,1.09087,1.0839,1.07249,1.07538,1.0838,1.07945,1.07921


B:
1.37601,3.95782,-1.02174,5.56025,9.76097,4.18963,4.89059,-0.0270777,-4.38759,6.02486
2.51336,3.94521,7.12863,0.222932,-2.7357,6.796,0.654098,2.12182,0.413409,4.36011
4.10588,-2.75688,2.87311,5.53737,0.99918,4.08724,10.1189,1.49533,8.05687,2.39964


