========================================================

Test11 results 02-01-2006  14:03:02
Board ID416  30 channels
HV Tests Software Ver.1.6

+5V 2485 - O'k
-5V 1343 - O'k
Interlock - On
Calibration DAC Range: [2500 - 2900]


A:
Limits 0.76 +/- 0.04
0.749064,0.744879,0.749064,0.749064,0.742115,0.740741,0.75188,0.742115,0.742115,0.757576
0.749064,0.746269,0.756144,0.746269,0.742115,0.747664,0.75188,0.75188,0.743494,0.749064
0.754717,0.747664,0.750469,0.746269,0.746269,0.753296,0.75188,0.749064,0.750469,0.750469


B:
Limits 60.0 +/- 40.0
69.935043,60.477806,57.607128,53.477036,62.644245,63.928947,59.925171,72.703018,66.543434,59.900299
59.951977,64.421707,56.770134,63.855446,60.955101,69.040939,62.351891,63.877495,65.755585,52.909569
58.284157,52.377132,59.949997,64.908897,63.694023,59.068638,56.777958,57.773548,55.904499,63.906448
========================================================
Test11 (DAC Calibration) results 2008-04-21 15:12:15
Board ID416 30 channels
Linux calibration software
Calibration DAC Range: [1100 - 2700]

A:
0.750188,0.742666,0.746826,0.747594,0.744948,0.740056,0.750469,0.742459,0.740741,0.754432
0.745434,0.745157,0.752941,0.744117,0.740398,0.748643,0.748223,0.751244,0.742735,0.746547
0.752233,0.742115,0.748363,0.743771,0.745157,0.753083,0.75068,0.745226,0.748223,0.748013


B:
69.9926,70.219,68.0357,64.7322,67.5016,69.2507,67.3546,73.1786,71.8519,73.9722
69.959,71.8329,70.7294,74.607,70.1063,68.0704,71.343,69.1426,70.7176,64.539
67.936,74.3971,67.2591,70.3238,71.0878,63.9084,65.5625,72.3335,61.7657,72.9781


