========================================================

Test10 results 03-23-2005  14:43:56
Board ID022  36 channels
HV Tests Software Ver.1.6

+5V 2486 - O'k
-5V 1346 - O'k
Interlock - On

Voltmeter channel: A=1.068947, B=23.516874

A:
Limits 1.1 +/- 0.1
1.074114,1.079331,1.067806,1.082837,1.071811,1.079914,1.074114,1.075847,1.073537,1.079331,1.072961,1.082251
1.080497,1.078749,1.057082,1.078749,1.069519,1.074114,1.074691,1.074691,1.055966,1.078167,1.079331,1.072386
1.075269,1.075847,1.074114,1.074691,1.077586,1.078749,1.078167,1.081666,1.078167,1.079331,1.078167,1.067806


B:
Limits 0.0 +/- 30.0
10.741177,12.952018,14.949322,9.745708,12.861896,12.958929,13.963518,9.682483,7.514596,4.317371,13.948658,10.822549
20.529451,10.787296,12.685132,12.944794,12.834341,11.81529,16.120251,11.821486,10.559477,7.547299,10.793356,11.796368
10.752512,13.985871,16.111746,10.746796,11.85357,19.417286,16.172636,15.143361,11.859968,12.952018,11.859968,16.017128
========================================================
Test10 (ADC Calibration) results 2007-10-31 15:53:21
Board ID22 36 channels
Linux calibration software

Voltmeter channel: A=1.06788, B=24.0387

A:
1.07482,1.08103,1.06841,1.0827,1.07247,1.08036,1.07311,1.07448,1.07529,1.07859,1.07321,1.08137
1.08294,1.07962,1.05596,1.07509,1.0711,1.07513,1.07553,1.07402,1.05657,1.08373,1.07596,1.07318
1.08222,1.07676,1.07523,1.07654,1.08354,1.07492,1.07905,1.08268,1.07674,1.07881,1.07783,1.07063


B:
6.30021,9.52894,9.6311,7.89338,9.59952,7.89656,12.3632,8.95835,5.23166,1.48407,8.5811,9.09097
16.1207,5.2081,10.7021,13.9878,8.93739,10.2644,8.47419,9.47887,8.47626,9.04213,16.0804,10.355
8.36239,10.0533,13.5358,6.49361,11.2319,7.32151,13.5698,13.1714,8.17647,9.5565,8.22869,9.5233


========================================================
Test10 (ADC Calibration) results 2007-11-02 11:30:22
Board ID22 36 channels
Linux calibration software

Voltmeter channel: A=1.06846, B=23.8325

A:
1.07462,1.08147,1.06777,1.08195,1.07247,1.08026,1.07375,1.07448,1.07519,1.07805,1.07331,1.08028
1.08338,1.07938,1.05596,1.07039,1.071,1.07458,1.07607,1.07402,1.05614,1.08338,1.07596,1.07402
1.08167,1.0769,1.07523,1.07599,1.08399,1.07547,1.07905,1.08244,1.07694,1.07871,1.07753,1.07049


B:
6.55823,9.16218,10.6488,9.9224,9.59952,8.0254,10.2698,8.95835,5.36014,3.25681,8.45232,11.5605
14.6689,5.71568,9.64618,23.179,9.26579,10.9554,7.78181,9.47887,9.88161,9.48551,16.0804,9.07897
8.85989,8.79882,13.5358,7.18352,9.57939,6.62984,13.1696,13.0824,8.59542,9.88529,9.4139,10.7684


========================================================
Test10 (ADC Calibration) results 2008-06-17 15:59:19
Board ID022 36 channels
Linux calibration software

Voltmeter channel: A=1.07, B=0

A:
1.09171,1.09838,1.0845,1.09976,1.0899,1.09718,1.09035,1.09135,1.09171,1.09517,1.08963,1.09874
1.1004,1.09563,1.07341,1.08665,1.08746,1.09207,1.09162,1.09071,1.07341,1.10077,1.09398,1.09017
1.09792,1.09362,1.08262,1.09244,1.09829,1.09108,1.09581,1.09994,1.09362,1.09554,1.09444,1.07131


B:
6.24658,9.35554,11.1309,8.10092,8.34564,8.02645,10.9833,9.63549,6.02829,3.94776,10.556,9.24107
14.7767,7.03468,9.29526,20.2346,10.3633,10.0632,9.82329,9.7799,8.866,8.93998,13.3496,11.149
9.55304,9.96258,21.0849,8.42033,10.9767,9.66601,13.6615,12.3333,9.08763,10.843,9.87036,22.3928


========================================================
Test10 (ADC Calibration) results 2008-07-16 21:23:30
Board ID022 36 channels
Linux calibration software

Voltmeter channel: A=1.07, B=0

A:
1.09199,1.09922,1.08505,1.10046,1.09067,1.09759,1.09086,1.09162,1.09266,1.09531,1.09039,1.09941
1.10094,1.09597,1.07416,1.08776,1.08861,1.09247,1.06925,1.09143,1.07371,1.10181,1.09493,1.09049
1.09845,1.09455,1.07774,1.09322,1.09883,1.09162,1.09683,1.10037,1.09436,1.09626,1.09502,1.06699


B:
5.768,8.59225,10.6207,7.46026,6.97977,8.0929,10.7341,9.38933,4.72415,4.04073,9.63813,8.41827
14.5104,6.49923,8.59951,18.7898,8.44282,9.48587,30.0623,8.90681,9.02427,7.56023,12.2721,11.2963
9.068,8.67672,22.3016,7.26422,10.0389,9.17105,12.9556,11.9488,8.41243,9.9661,9.33865,20.1775


