========================================================

Test10 results 03-27-2006  13:55:06
Board ID413  30 channels
HV Tests Software Ver.1.6

+5V 2493 - O'k
-5V 1304 - O'k
Interlock - On

Voltmeter channel: A=1.080497, B=9.724482

A:
Limits 1.1 +/- 0.1
1.074691,1.089918,1.078749,1.077586,1.075269,1.078167,1.092896,1.079331,1.082837,1.074114
1.077006,1.088139,1.075847,1.087548,1.079331,1.078167,1.082837,1.085776,1.085776,1.084599
1.074114,1.074114,1.085187,1.090513,1.075269,1.075269,1.083424,1.077006,1.080497,1.080497


B:
Limits 0.0 +/- 35.0
6.448031,11.989102,9.708548,12.931156,9.677243,12.938135,10.928785,9.714025,11.911382,11.81529
18.308884,13.057621,8.606635,11.963168,10.793356,11.859968,10.828545,17.372425,11.943543,9.761528
9.667063,11.81529,15.192614,9.814711,12.903049,11.827781,9.750828,11.846848,8.643984,12.965973
========================================================
Test10 (ADC Calibration) results 2008-05-30 10:39:13
Board ID413 30 channels
Linux calibration software

Voltmeter channel: A=1.07598, B=-1085.66

A:
1.07476,1.0908,1.07786,1.07921,1.07587,1.07937,1.09408,1.07947,1.08392,1.07395
1.07816,1.08933,1.07567,1.08756,1.08042,1.07982,1.0835,1.08847,1.08675,1.08447
1.07432,1.07472,1.08544,1.091,1.07654,1.07607,1.08295,1.07915,1.07988,1.08129


B:
4.50379,6.41181,7.74519,7.63553,6.24884,6.91046,5.55065,5.70351,6.34092,7.40067
11.3623,5.66876,6.30437,7.67045,5.50373,7.46985,5.53685,9.92368,8.00275,7.31246
6.28576,6.70099,10.2605,6.88413,7.08078,5.06957,7.11227,5.9548,7.35281,7.32523


========================================================
Test10 (ADC Calibration) results 2008-06-16 13:15:45
Board ID413 30 channels
Linux calibration software

Voltmeter channel: A=1.07, B=0

A:
1.07723,1.09317,1.08126,1.08216,1.07821,1.08225,1.09695,1.08207,1.08632,1.07652
1.08189,1.09198,1.07884,1.09079,1.08261,1.08252,1.08569,1.09216,1.08978,1.08741
1.07696,1.07705,1.08869,1.09345,1.07964,1.07866,1.08569,1.08099,1.08279,1.08433


B:
5.71754,8.05554,7.18616,7.65841,8.04497,7.35924,6.59885,6.87511,7.32004,7.88364
9.42108,7.61009,6.17414,7.60203,7.67837,7.3278,7.24884,8.09909,7.86298,7.41094
6.82649,8.03636,10.3842,7.14954,7.37505,6.98628,7.6834,8.08256,7.5133,7.84073


========================================================
Test10 (ADC Calibration) results 2008-06-17 07:08:50
Board ID413 30 channels
Linux calibration software

Voltmeter channel: A=1.07, B=0

A:
1.08966,1.10616,1.09392,1.09437,1.09065,1.09437,1.10933,1.09492,1.09913,1.08885
1.09428,1.10439,1.09129,1.1031,1.09519,1.09501,1.09821,1.10467,1.10217,1.10023
1.08939,1.08957,1.10116,1.10606,1.09237,1.09111,1.0983,1.09337,1.09547,1.09675


B:
4.24535,6.27287,5.78222,6.67772,6.59929,7.11576,6.27796,4.42484,5.39438,6.95484
8.29318,6.54897,4.92533,7.50681,6.58276,6.53061,6.2337,7.18001,7.46573,5.70621
5.58456,6.50772,8.3887,5.69341,5.88984,5.5285,6.14959,6.72053,5.45567,6.91486


========================================================
Test10 (ADC Calibration) results 2008-08-26 09:05:53
Board ID413 30 channels
Linux calibration (server mode)

Voltmeter channel: A=1.086, B=0

A:
1.07928,1.09611,1.08399,1.08472,1.08101,1.08478,1.09902,1.08458,1.08905,1.07925
1.08467,1.09199,1.081,1.09339,1.08549,1.08522,1.08829,1.09488,1.09271,1.09012
1.07943,1.07976,1.09206,1.09596,1.0822,1.08118,1.08853,1.08374,1.08554,1.08709


B:
0,0,0,0,0,0,0,0,0,0
0,0,0,0,0,0,0,0,0,0
0,0,0,0,0,0,0,0,0,0


========================================================
Test10 (ADC Calibration) results 2008-08-26 13:28:10
Board ID413 30 channels
Linux calibration (server mode)

Voltmeter channel: A=1.08594, B=0

A:
1.0792,1.09611,1.08389,1.08467,1.08098,1.08488,1.09925,1.08457,1.08899,1.07926
1.08487,1.09413,1.08103,1.09346,1.08541,1.08522,1.08821,1.09505,1.09276,1.09007
1.07938,1.07975,1.09227,1.09601,1.08222,1.08121,1.08848,1.08381,1.08554,1.08719


B:
0,0,0,0,0,0,0,0,0,0
0,0,0,0,0,0,0,0,0,0
0,0,0,0,0,0,0,0,0,0


========================================================
Test10 (ADC Calibration) results 2008-08-26 13:40:40
Board ID413 30 channels
Linux calibration (server mode)

Voltmeter channel: A=1.08594, B=0

A:
1.07923,1.09615,1.08394,1.0847,1.08096,1.08473,1.09911,1.08462,1.08904,1.07928
1.08468,1.09399,1.08098,1.09337,1.08536,1.08524,1.08824,1.09493,1.09274,1.0901
1.07936,1.07975,1.09209,1.09598,1.08217,1.08116,1.08843,1.08374,1.08542,1.08711


B:
0,0,0,0,0,0,0,0,0,0
0,0,0,0,0,0,0,0,0,0
0,0,0,0,0,0,0,0,0,0


========================================================
Test10 (ADC Calibration) results 2008-08-26 14:01:01
Board ID413 30 channels
Linux calibration (server mode)

Voltmeter channel: A=1.08598, B=0

A:
1.07926,1.09611,1.08399,1.08477,1.08103,1.08485,1.09911,1.08455,1.08916,1.07928
1.0847,1.09373,1.08108,1.09344,1.08541,1.08515,1.08833,1.09488,1.09271,1.09017
1.07936,1.07971,1.09209,1.09603,1.0823,1.08123,1.08849,1.08357,1.08549,1.08718


B:
0,0,0,0,0,0,0,0,0,0
0,0,0,0,0,0,0,0,0,0
0,0,0,0,0,0,0,0,0,0


========================================================
Test10 (ADC Calibration) results 2008-08-26 14:19:36
Board ID413 30 channels
Linux calibration (server mode)

Voltmeter channel: A=1.08603, B=0

A:
1.07931,1.09622,1.08394,1.08473,1.08106,1.08487,1.099,1.08453,1.08895,1.07926
1.0847,1.09348,1.08103,1.09341,1.08541,1.0852,1.08829,1.0949,1.09267,1.09014
1.07948,1.0798,1.09206,1.09604,1.08222,1.08126,1.08851,1.08378,1.08551,1.08724


B:
0,0,0,0,0,0,0,0,0,0
0,0,0,0,0,0,0,0,0,0
0,0,0,0,0,0,0,0,0,0


========================================================
Test10 (ADC Calibration) results 2008-08-26 14:33:34
Board ID413 30 channels
Linux calibration (server mode)

Voltmeter channel: A=1.08596, B=0

A:
1.0793,1.0961,1.08404,1.0848,1.0811,1.08477,1.09885,1.08453,1.08904,1.07928
1.08465,1.09419,1.08106,1.09336,1.08544,1.08514,1.08829,1.09488,1.09266,1.09017
1.07945,1.07973,1.09203,1.0961,1.08223,1.0812,1.08851,1.08369,1.08552,1.08713


B:
0,0,0,0,0,0,0,0,0,0
0,0,0,0,0,0,0,0,0,0
0,0,0,0,0,0,0,0,0,0


========================================================
Test10 (ADC Calibration) results 2008-08-26 16:51:36
Board ID413 30 channels
Linux calibration (server mode)

Voltmeter channel: A=1.09837, B=0

A:
1.09155,1.10861,1.09633,1.0971,1.09337,1.09718,1.11169,1.09694,1.1014,1.09157
1.09715,1.10677,1.09334,1.10596,1.09766,1.09761,1.10064,1.10744,1.10523,1.10244
1.09173,1.092,1.10464,1.1085,1.09452,1.0935,1.10092,1.09599,1.09783,1.09957


B:
0,0,0,0,0,0,0,0,0,0
0,0,0,0,0,0,0,0,0,0
0,0,0,0,0,0,0,0,0,0


========================================================
Test10 (ADC Calibration) results 2008-08-27 11:54:41
Board ID413 30 channels
Linux calibration (server mode)

Voltmeter channel: A=1.09842, B=0

A:
1.09155,1.10864,1.09637,1.09713,1.0934,1.0972,1.11184,1.09689,1.10141,1.09162
1.09733,1.10711,1.09334,1.10589,1.09786,1.09762,1.10068,1.10757,1.1053,1.10256
1.09175,1.09212,1.10482,1.10852,1.09464,1.09354,1.101,1.0962,1.09784,1.09958


B:
0,0,0,0,0,0,0,0,0,0
0,0,0,0,0,0,0,0,0,0
0,0,0,0,0,0,0,0,0,0


========================================================
Test10 (ADC Calibration) results 2008-08-27 12:04:52
Board ID413 30 channels
Linux calibration (server mode)

Voltmeter channel: A=1.09839, B=0

A:
1.09168,1.10861,1.09626,1.09715,1.09342,1.09727,1.11183,1.09693,1.10145,1.09157
1.09727,1.10692,1.09345,1.1059,1.09783,1.09759,1.10071,1.10755,1.10525,1.10265
1.09167,1.09204,1.10483,1.1085,1.09462,1.09355,1.10099,1.09611,1.09788,1.0996


B:
0,0,0,0,0,0,0,0,0,0
0,0,0,0,0,0,0,0,0,0
0,0,0,0,0,0,0,0,0,0


========================================================
Test10 (ADC Calibration) results 2008-08-27 12:16:04
Board ID413 30 channels
Linux calibration (server mode)

Voltmeter channel: A=1.09844, B=0

A:
1.09158,1.10871,1.09628,1.09711,1.09337,1.09727,1.11176,1.09699,1.10136,1.09153
1.0973,1.10642,1.09342,1.10592,1.09776,1.09757,1.10071,1.10751,1.10527,1.1026
1.09175,1.09215,1.1048,1.10854,1.09462,1.09354,1.10093,1.09616,1.09795,1.09955


B:
0,0,0,0,0,0,0,0,0,0
0,0,0,0,0,0,0,0,0,0
0,0,0,0,0,0,0,0,0,0


========================================================
Test10 (ADC Calibration) results 2008-08-27 12:34:19
Board ID413 30 channels
Linux calibration (server mode)

Voltmeter channel: A=1.09837, B=0

A:
1.09158,1.10862,1.09638,1.09722,1.09342,1.0972,1.11169,1.09689,1.10147,1.09162
1.09715,1.10611,1.09337,1.10584,1.09767,1.09764,1.10059,1.10741,1.10518,1.10261
1.09175,1.09214,1.10468,1.10859,1.09462,1.09352,1.10087,1.09609,1.09786,1.09957


B:
0,0,0,0,0,0,0,0,0,0
0,0,0,0,0,0,0,0,0,0
0,0,0,0,0,0,0,0,0,0


========================================================
Test10 (ADC Calibration) results 2008-08-27 14:12:33
Board ID413 30 channels
Linux calibration software

Voltmeter channel: A=1.07, B=0

A:
1.09052,1.10664,1.09448,1.09524,1.09146,1.09543,1.10965,1.09533,1.09981,1.08977
1.09448,1.10086,1.09165,1.10384,1.0959,1.09543,1.09904,1.10538,1.10326,1.10048
1.09024,1.09005,1.1022,1.10664,1.09259,1.09202,1.09914,1.0942,1.09628,1.0979


B:
3.88855,6.49892,5.7055,6.10467,6.29482,5.93104,5.98923,4.92245,5.65468,6.32574
8.33215,9.75751,5.03057,6.61009,6.37265,6.80705,5.47346,6.31259,6.47334,6.14378
5.45737,6.06646,8.09619,5.83521,6.34749,5.11996,5.38615,6.62207,5.36684,5.64142


========================================================
Test10 (ADC Calibration) results 2008-08-27 14:50:45
Board ID413 30 channels
Linux calibration (server mode)

Voltmeter channel: A=1.09834, B=0

A:
1.09165,1.10859,1.09635,1.09715,1.09344,1.0972,1.1116,1.09693,1.10155,1.09163
1.09703,1.10361,1.09339,1.10587,1.09776,1.09757,1.10076,1.10743,1.1052,1.10265
1.0918,1.09207,1.10461,1.10859,1.0947,1.09355,1.10092,1.09609,1.09784,1.09964


B:
0,0,0,0,0,0,0,0,0,0
0,0,0,0,0,0,0,0,0,0
0,0,0,0,0,0,0,0,0,0


========================================================
Test10 (ADC Calibration) results 2008-08-27 16:01:37
Board ID413 30 channels
Linux calibration (server mode)

Voltmeter channel: A=1.09836, B=0

A:
1.0917,1.10869,1.09647,1.09713,1.0935,1.0972,1.11125,1.09701,1.10157,1.09158
1.09691,1.1038,1.09345,1.10594,1.09791,1.09749,1.10071,1.10731,1.10502,1.1027
1.09183,1.092,1.10446,1.10861,1.09459,1.09349,1.10099,1.09596,1.09795,1.0996


B:
0,0,0,0,0,0,0,0,0,0
0,0,0,0,0,0,0,0,0,0
0,0,0,0,0,0,0,0,0,0


========================================================
Test10 (ADC Calibration) results 2008-08-27 16:14:58
Board ID413 30 channels
Linux calibration (server mode)

Voltmeter channel: A=1.09834, B=0

A:
1.0917,1.10869,1.09643,1.09711,1.09344,1.09722,1.11122,1.09698,1.1015,1.09162
1.09694,1.10349,1.09352,1.10587,1.09791,1.09749,1.10069,1.10743,1.10518,1.10268
1.09185,1.09204,1.10444,1.10854,1.0946,1.09354,1.10105,1.09601,1.09788,1.0996


B:
0,0,0,0,0,0,0,0,0,0
0,0,0,0,0,0,0,0,0,0
0,0,0,0,0,0,0,0,0,0


========================================================
Test10 (ADC Calibration) results 2008-08-27 16:29:00
Board ID413 30 channels
Linux calibration (server mode)

Voltmeter channel: A=1.09837, B=0

A:
1.09175,1.10874,1.09643,1.09716,1.09345,1.09722,1.11132,1.09696,1.10155,1.09163
1.09708,1.10404,1.09345,1.10594,1.09784,1.09756,1.10068,1.10748,1.10523,1.10272
1.09177,1.09214,1.10459,1.10866,1.09465,1.09362,1.101,1.09603,1.09791,1.09967


B:
0,0,0,0,0,0,0,0,0,0
0,0,0,0,0,0,0,0,0,0
0,0,0,0,0,0,0,0,0,0


========================================================
Test10 (ADC Calibration) results 2008-08-27 16:39:26
Board ID413 30 channels
Linux calibration (server mode)

Voltmeter channel: A=1.09841, B=0

A:
1.09167,1.10881,1.09647,1.09711,1.09347,1.09716,1.1112,1.09696,1.10159,1.09167
1.09703,1.10444,1.0935,1.10584,1.09791,1.09752,1.10071,1.10746,1.10513,1.1027
1.09188,1.09205,1.1044,1.10861,1.09457,1.09359,1.101,1.09606,1.09784,1.09964


B:
0,0,0,0,0,0,0,0,0,0
0,0,0,0,0,0,0,0,0,0
0,0,0,0,0,0,0,0,0,0


========================================================
Test10 (ADC Calibration) results 2008-08-27 17:00:59
Board ID413 30 channels
Linux calibration (server mode)

Voltmeter channel: A=1.09836, B=0

A:
1.09172,1.10869,1.09645,1.0971,1.09344,1.09713,1.11097,1.09696,1.10155,1.09163
1.09706,1.10316,1.09345,1.10596,1.09783,1.09754,1.10069,1.10736,1.10502,1.10267
1.09185,1.092,1.10447,1.10857,1.09459,1.09352,1.10102,1.09603,1.0979,1.09962


B:
0,0,0,0,0,0,0,0,0,0
0,0,0,0,0,0,0,0,0,0
0,0,0,0,0,0,0,0,0,0


========================================================
Test10 (ADC Calibration) results 2008-08-28 14:19:37
Board ID413 30 channels
Linux calibration (server mode)

Voltmeter channel: A=1.09839, B=0

A:
1.09162,1.10862,1.09638,1.09715,1.0935,1.09728,1.11137,1.09693,1.10155,1.09162
1.0973,1.10449,1.09334,1.10599,1.09781,1.09759,1.10069,1.10755,1.1052,1.1026
1.09183,1.09209,1.10456,1.10847,1.0946,1.09362,1.10102,1.09603,1.098,1.09967


B:
0,0,0,0,0,0,0,0,0,0
0,0,0,0,0,0,0,0,0,0
0,0,0,0,0,0,0,0,0,0


========================================================
Test10 (ADC Calibration) results 2008-09-01 16:33:34
Board ID413 30 channels
Linux calibration (server mode)

Voltmeter channel: A=1.09853, B=0

A:
1.0916,1.10878,1.09638,1.09728,1.09349,1.09733,1.11176,1.09703,1.10157,1.0917
1.09742,1.10552,1.09347,1.10616,1.09788,1.09773,1.10085,1.10767,1.10533,1.10268
1.09187,1.09222,1.10508,1.10873,1.09474,1.09367,1.10111,1.09626,1.09805,1.09975


B:
0,0,0,0,0,0,0,0,0,0
0,0,0,0,0,0,0,0,0,0
0,0,0,0,0,0,0,0,0,0


========================================================
Test10 (ADC Calibration) results 2008-12-01 10:17:11
Board ID413 30 channels
Host: ufcmshv3
Linux calibration software

Voltmeter channel: A=1.05144, B=7.23074

A:
1.04309,1.04636,1.04393,1.05025,1.04208,1.04983,1.04208,1.06053,1.05357,1.06671
1.06114,1.06601,1.041,1.03776,1.04544,1.04384,1.05485,1.04075,1.04317,1.04763
1.04771,1.05674,1.05221,1.05067,1.03134,1.03809,1.04117,1.06287,1.04527,1.0588


B:
5.7291,7.42107,6.39211,7.09334,7.31035,7.49412,6.0599,6.28165,8.80149,6.6794
6.98702,6.05158,6.26229,6.86518,7.0446,6.6806,6.54023,5.87643,6.4835,7.05925
6.14132,6.87701,6.50761,7.74287,6.20374,6.548,6.9359,6.21384,6.368,6.4183


========================================================
Test10 (ADC Calibration) results 2008-12-01 10:54:57
Board ID413 30 channels
Host: ufcmshv3
Linux calibration software

Voltmeter channel: A=1.05152, B=7.15056

A:
1.04325,1.04636,1.04384,1.05025,1.042,1.04991,1.04183,1.06062,1.05383,1.06689
1.06131,1.06592,1.04108,1.03768,1.04518,1.04384,1.05502,1.041,1.04317,1.04737
1.04771,1.057,1.05161,1.05084,1.03085,1.03834,1.04108,1.06287,1.04485,1.05872


B:
5.15238,6.79356,6.6806,7.09334,6.9734,6.7838,6.92409,6.20031,8.13884,6.30308
6.82495,6.34618,6.39055,6.73682,7.49355,6.6806,6.16788,5.42944,6.06633,7.7182
5.93142,6.42337,7.28054,7.16167,7.08904,5.27155,7.0153,6.00132,7.39445,6.49872


========================================================
Test10 (ADC Calibration) results 2008-12-01 11:19:04
Board ID413 30 channels
Host: ufcmshv3
Linux calibration software

Voltmeter channel: A=1.05178, B=6.4884

A:
1.04317,1.04619,1.04384,1.05034,1.04192,1.05,1.042,1.06036,1.05408,1.06662
1.06148,1.06592,1.04108,1.03792,1.04544,1.04393,1.05477,1.04092,1.04317,1.04763
1.04771,1.05665,1.05186,1.0511,1.03117,1.03801,1.04117,1.06287,1.0451,1.05846


B:
5.64932,7.37159,7.09803,7.22301,7.26115,6.91362,6.55686,6.65577,7.6868,6.97415
6.45063,6.77244,6.39055,6.08367,7.25364,6.39211,6.4096,5.50863,6.4835,7.26857
6.35081,6.95757,7.03954,6.71101,6.56748,6.41969,6.72772,6.63929,6.94588,6.95321


========================================================
Test10 (ADC Calibration) results 2008-12-01 13:37:16
Board ID413 30 channels
Host: ufcmshv3
Linux calibration software

Voltmeter channel: A=1.05152, B=6.73005

A:
1.04284,1.04619,1.04401,1.05034,1.04175,1.04991,1.04192,1.06053,1.05383,1.06662
1.06131,1.06575,1.041,1.03776,1.04552,1.04384,1.05477,1.04075,1.04325,1.04746
1.04754,1.05648,1.05178,1.05084,1.03085,1.03817,1.04092,1.06279,1.04502,1.05855


B:
5.75987,6.74418,5.68546,6.59296,7.004,6.57403,5.80272,5.85754,7.50644,6.33433
6.18791,6.29622,6.05373,5.82742,6.33725,6.05419,5.77664,5.25188,5.56942,7.42914
6.30117,6.9077,6.90927,6.74143,6.88308,5.63804,6.96622,6.29477,6.39876,6.23732


