========================================================

Test11 results 03-27-2006  13:57:54
Board ID413  30 channels
HV Tests Software Ver.1.6

+5V 2493 - O'k
-5V 1304 - O'k
Interlock - On
Calibration DAC Range: [2500 - 2900]


A:
Limits 0.76 +/- 0.04
0.754717,0.740741,0.750469,0.750469,0.754717,0.75188,0.740741,0.750469,0.747664,0.754717
0.75188,0.744879,0.75188,0.744879,0.749064,0.75188,0.747664,0.746269,0.744879,0.746269
0.754717,0.753296,0.749064,0.747664,0.754717,0.753296,0.744879,0.75188,0.750469,0.749064


B:
Limits 60.0 +/- 40.0
66.771408,76.052246,69.9375,70.561729,65.248886,66.148003,72.306404,69.127121,70.543022,65.762413
63.528721,65.648499,73.579056,68.730942,73.619278,65.96077,68.75016,63.368076,73.259132,70.330635
68.292076,71.29792,56.565643,65.890381,62.81559,69.06636,80.187454,67.487656,69.127121,68.134438
========================================================
Test11 (DAC Calibration) results 2008-05-30 10:39:13
Board ID413 30 channels
Linux calibration software
Calibration DAC Range: [1100 - 2700]

A:
0.753012,0.741565,0.750469,0.749906,0.752233,0.749415,0.739713,0.749344,0.746269,0.753579
0.750258,0.742942,0.752375,0.743771,0.749064,0.749485,0.747314,0.743149,0.744325,0.746269
0.752941,0.752658,0.745226,0.745573,0.751385,0.752092,0.747314,0.750328,0.749064,0.748083


B:
73.6447,74.416,73.3584,72.9285,73.9539,74.801,76.9764,74.8969,76.8658,72.2683
70.6463,74.4428,73.9114,75.0836,74.5318,73.0561,73.1901,73.4139,74.0231,72.3882
75.247,74.1273,72.3335,74.8369,74.6594,75.6511,73.3395,72.0502,75.2809,72.8821


========================================================
Test11 (ADC Calibration) results 2008-06-17 04:20:31
Board ID413 30 channels
Linux calibration software

Calibration DAC Range: [1000 - 3500]

A:
0.7508,0.7396,0.7484,0.7476,0.7504,0.748,0.7372,0.7484,0.7448,0.752
0.748,0.7412,0.75,0.7416,0.7476,0.7472,0.7456,0.7408,0.7424,0.7444
0.7512,0.7516,0.7428,0.7436,0.7496,0.7504,0.7452,0.7488,0.7472,0.7464


B:
74.2,74.4,73.6001,74.3999,73.6,73.9999,77.7999,72.6001,76.2001,72.0001
71.9999,72.8001,75,75.4001,73.3999,74.8,72.4001,75.1999,74.6,71.5999
74.7999,72.3999,73.2,75.4,74.4,74.6,73.8001,71.2001,75.8,72.6


========================================================
Test11 (ADC Calibration) results 2008-06-17 07:43:31
Board ID413 30 channels
Linux calibration software

Calibration DAC Range: [1000 - 3500]

A:
0.7428,0.7312,0.7396,0.7392,0.7416,0.7392,0.7296,0.7392,0.7364,0.7428
0.7392,0.7328,0.7412,0.7332,0.7388,0.7388,0.7372,0.7328,0.7344,0.736
0.7428,0.7424,0.7348,0.7352,0.7412,0.7416,0.7364,0.74,0.7388,0.738


B:
74.2,75.8001,75.4,74.8,75.4001,74.8,77.4,75.8,76.6,74.2
73.8,74.2,76.8001,75.7999,74.2,75.2,72.7999,74.2,73.6001,73
75.2,74.6,73.2001,76.8,74.8001,76.4001,75.6,74,76.2,73.0001


========================================================
Test11 (DAC Calibration) results 2008-08-26 09:07:00
Board ID413 30 channels
Linux calibration (server mode)

Calibration DAC Range: [3100 - 3500]

A:
0.772,0.760571,0.768857,0.768286,0.771143,0.768286,0.759429,0.768571,0.766286,0.772286
0.768286,0.763143,0.771143,0.763143,0.767714,0.768,0.765429,0.761714,0.763429,0.764857
0.772,0.771429,0.763429,0.764857,0.770286,0.770857,0.765714,0.768857,0.768,0.766857


B:
0.0,0.0,0.0,0.0,0.0,0.0,0.0,0.0,0.0,0.0
0.0,0.0,0.0,0.0,0.0,0.0,0.0,0.0,0.0,0.0
0.0,0.0,0.0,0.0,0.0,0.0,0.0,0.0,0.0,0.0


========================================================
Test11 (DAC Calibration) results 2008-08-26 13:28:51
Board ID413 30 channels
Linux calibration (server mode)

Calibration DAC Range: [3100 - 3500]

A:
0.772,0.760286,0.769143,0.768286,0.771143,0.768286,0.759429,0.768286,0.766286,0.772286
0.768286,0.762,0.771143,0.763143,0.768,0.768,0.765429,0.761429,0.763429,0.764571
0.772571,0.771429,0.763429,0.765143,0.770286,0.771143,0.766,0.768571,0.768,0.766571


B:
0.0,0.0,0.0,0.0,0.0,0.0,0.0,0.0,0.0,0.0
0.0,0.0,0.0,0.0,0.0,0.0,0.0,0.0,0.0,0.0
0.0,0.0,0.0,0.0,0.0,0.0,0.0,0.0,0.0,0.0


========================================================
Test11 (DAC Calibration) results 2008-08-26 13:41:20
Board ID413 30 channels
Linux calibration (server mode)

Calibration DAC Range: [3100 - 3500]

A:
0.772,0.760857,0.769143,0.768286,0.771143,0.768286,0.759429,0.768286,0.766286,0.772286
0.768286,0.762,0.771143,0.763143,0.768,0.768,0.765429,0.762,0.763429,0.764286
0.772286,0.771429,0.763429,0.765143,0.770286,0.771143,0.766,0.768857,0.768571,0.766857


B:
0.0,0.0,0.0,0.0,0.0,0.0,0.0,0.0,0.0,0.0
0.0,0.0,0.0,0.0,0.0,0.0,0.0,0.0,0.0,0.0
0.0,0.0,0.0,0.0,0.0,0.0,0.0,0.0,0.0,0.0


========================================================
Test11 (DAC Calibration) results 2008-08-26 14:01:40
Board ID413 30 channels
Linux calibration (server mode)

Calibration DAC Range: [3100 - 3500]

A:
0.772,0.760571,0.769143,0.768286,0.771143,0.768286,0.759429,0.768286,0.766286,0.772286
0.768286,0.762,0.771143,0.763143,0.768,0.768,0.765429,0.762,0.763429,0.764286
0.772286,0.771429,0.763429,0.765143,0.770286,0.771143,0.766,0.768571,0.768286,0.766571


B:
0.0,0.0,0.0,0.0,0.0,0.0,0.0,0.0,0.0,0.0
0.0,0.0,0.0,0.0,0.0,0.0,0.0,0.0,0.0,0.0
0.0,0.0,0.0,0.0,0.0,0.0,0.0,0.0,0.0,0.0


========================================================
Test11 (DAC Calibration) results 2008-08-26 14:20:17
Board ID413 30 channels
Linux calibration (server mode)

Calibration DAC Range: [3100 - 3500]

A:
0.772,0.760286,0.769143,0.768286,0.771143,0.768286,0.759429,0.768286,0.766286,0.772286
0.768286,0.762571,0.771143,0.763143,0.768,0.768,0.765429,0.762,0.763429,0.764286
0.772286,0.771429,0.763429,0.765143,0.770286,0.771143,0.766,0.768286,0.768286,0.766286


B:
0.0,0.0,0.0,0.0,0.0,0.0,0.0,0.0,0.0,0.0
0.0,0.0,0.0,0.0,0.0,0.0,0.0,0.0,0.0,0.0
0.0,0.0,0.0,0.0,0.0,0.0,0.0,0.0,0.0,0.0


========================================================
Test11 (DAC Calibration) results 2008-08-26 14:34:16
Board ID413 30 channels
Linux calibration (server mode)

Calibration DAC Range: [3100 - 3500]

A:
0.772,0.760286,0.769143,0.768286,0.771143,0.768286,0.759429,0.768286,0.766286,0.772286
0.768286,0.762286,0.771143,0.763143,0.768,0.768,0.765429,0.762,0.763429,0.764286
0.772286,0.772,0.763429,0.765143,0.770286,0.771143,0.766,0.769143,0.768286,0.766286


B:
0.0,0.0,0.0,0.0,0.0,0.0,0.0,0.0,0.0,0.0
0.0,0.0,0.0,0.0,0.0,0.0,0.0,0.0,0.0,0.0
0.0,0.0,0.0,0.0,0.0,0.0,0.0,0.0,0.0,0.0


========================================================
Test11 (DAC Calibration) results 2008-08-26 16:52:18
Board ID413 30 channels
Linux calibration (server mode)

Calibration DAC Range: [3100 - 3500]

A:
0.763143,0.752286,0.760571,0.759714,0.762286,0.76,0.750857,0.76,0.757714,0.763714
0.759714,0.753714,0.762571,0.754286,0.759714,0.759429,0.757429,0.753143,0.754571,0.756571
0.764,0.763429,0.754857,0.756286,0.762,0.762857,0.757429,0.76,0.759714,0.758


B:
0.0,0.0,0.0,0.0,0.0,0.0,0.0,0.0,0.0,0.0
0.0,0.0,0.0,0.0,0.0,0.0,0.0,0.0,0.0,0.0
0.0,0.0,0.0,0.0,0.0,0.0,0.0,0.0,0.0,0.0


========================================================
Test11 (DAC Calibration) results 2008-08-27 11:55:22
Board ID413 30 channels
Linux calibration (server mode)

Calibration DAC Range: [3100 - 3500]

A:
0.763143,0.752286,0.760286,0.759429,0.762857,0.76,0.751143,0.76,0.758,0.763429
0.759429,0.753429,0.762286,0.754286,0.759429,0.759429,0.757429,0.753143,0.754857,0.756286
0.764,0.763429,0.755143,0.756286,0.762,0.762571,0.757429,0.760571,0.759429,0.758


B:
0.0,0.0,0.0,0.0,0.0,0.0,0.0,0.0,0.0,0.0
0.0,0.0,0.0,0.0,0.0,0.0,0.0,0.0,0.0,0.0
0.0,0.0,0.0,0.0,0.0,0.0,0.0,0.0,0.0,0.0


========================================================
Test11 (DAC Calibration) results 2008-08-27 12:05:15
Board ID413 30 channels
Linux calibration (server mode)

Calibration DAC Range: [3100 - 3500]

A:
0.763143,0.752286,0.760286,0.759429,0.762571,0.76,0.751143,0.76,0.758,0.763429
0.76,0.753429,0.762286,0.754286,0.759429,0.759429,0.757429,0.753143,0.754571,0.756286
0.764,0.763429,0.755143,0.756286,0.762,0.762857,0.757429,0.760286,0.76,0.758


B:
0.0,0.0,0.0,0.0,0.0,0.0,0.0,0.0,0.0,0.0
0.0,0.0,0.0,0.0,0.0,0.0,0.0,0.0,0.0,0.0
0.0,0.0,0.0,0.0,0.0,0.0,0.0,0.0,0.0,0.0


========================================================
Test11 (DAC Calibration) results 2008-08-27 12:16:29
Board ID413 30 channels
Linux calibration (server mode)

Calibration DAC Range: [3100 - 3500]

A:
0.763143,0.752286,0.760857,0.76,0.762857,0.76,0.751143,0.76,0.758,0.763429
0.76,0.753429,0.762286,0.754286,0.759429,0.759429,0.757429,0.753143,0.754857,0.756286
0.764,0.763429,0.755143,0.756286,0.762,0.762571,0.757429,0.760286,0.76,0.758


B:
0.0,0.0,0.0,0.0,0.0,0.0,0.0,0.0,0.0,0.0
0.0,0.0,0.0,0.0,0.0,0.0,0.0,0.0,0.0,0.0
0.0,0.0,0.0,0.0,0.0,0.0,0.0,0.0,0.0,0.0


========================================================
Test11 (DAC Calibration) results 2008-08-27 12:34:55
Board ID413 30 channels
Linux calibration (server mode)

Calibration DAC Range: [3100 - 3500]

A:
0.763143,0.752286,0.760571,0.76,0.762571,0.76,0.751143,0.76,0.758,0.763429
0.76,0.754,0.762857,0.754857,0.76,0.76,0.757429,0.753714,0.755143,0.756286
0.764,0.763429,0.755143,0.756286,0.762,0.763143,0.757429,0.760286,0.76,0.758


B:
0.0,0.0,0.0,0.0,0.0,0.0,0.0,0.0,0.0,0.0
0.0,0.0,0.0,0.0,0.0,0.0,0.0,0.0,0.0,0.0
0.0,0.0,0.0,0.0,0.0,0.0,0.0,0.0,0.0,0.0


========================================================
Test11 (DAC Calibration) results 2008-08-27 14:51:08
Board ID413 30 channels
Linux calibration (server mode)

Calibration DAC Range: [3100 - 3500]

A:
0.763143,0.752286,0.760286,0.76,0.762286,0.76,0.751143,0.76,0.758,0.763429
0.76,0.755429,0.762571,0.754571,0.76,0.76,0.757429,0.753429,0.755143,0.756286
0.764,0.763429,0.755143,0.756286,0.762,0.763143,0.757429,0.760286,0.76,0.758


B:
0.0,0.0,0.0,0.0,0.0,0.0,0.0,0.0,0.0,0.0
0.0,0.0,0.0,0.0,0.0,0.0,0.0,0.0,0.0,0.0
0.0,0.0,0.0,0.0,0.0,0.0,0.0,0.0,0.0,0.0


========================================================
Test11 (DAC Calibration) results 2008-08-27 16:02:02
Board ID413 30 channels
Linux calibration (server mode)

Calibration DAC Range: [3100 - 3500]

A:
0.763143,0.752286,0.760286,0.76,0.762286,0.76,0.751714,0.76,0.758,0.763429
0.76,0.755429,0.762857,0.754857,0.759429,0.76,0.757429,0.753429,0.755143,0.756286
0.764,0.763429,0.755143,0.756286,0.762,0.763143,0.757429,0.760286,0.76,0.758


B:
0.0,0.0,0.0,0.0,0.0,0.0,0.0,0.0,0.0,0.0
0.0,0.0,0.0,0.0,0.0,0.0,0.0,0.0,0.0,0.0
0.0,0.0,0.0,0.0,0.0,0.0,0.0,0.0,0.0,0.0


========================================================
Test11 (DAC Calibration) results 2008-08-27 16:15:20
Board ID413 30 channels
Linux calibration (server mode)

Calibration DAC Range: [3100 - 3500]

A:
0.763143,0.752286,0.760286,0.76,0.762286,0.76,0.751429,0.76,0.758,0.763429
0.76,0.755429,0.762571,0.754571,0.759429,0.76,0.757429,0.753429,0.755143,0.756286
0.764,0.763429,0.755143,0.756286,0.762,0.763143,0.757429,0.760286,0.76,0.758


B:
0.0,0.0,0.0,0.0,0.0,0.0,0.0,0.0,0.0,0.0
0.0,0.0,0.0,0.0,0.0,0.0,0.0,0.0,0.0,0.0
0.0,0.0,0.0,0.0,0.0,0.0,0.0,0.0,0.0,0.0


========================================================
Test11 (DAC Calibration) results 2008-08-27 16:29:29
Board ID413 30 channels
Linux calibration (server mode)

Calibration DAC Range: [3100 - 3500]

A:
0.7425,0.73,0.7375,0.74,0.7425,0.7375,0.7275,0.735,0.7375,0.74
0.735,0.7325,0.735,0.7275,0.735,0.74,0.7375,0.73,0.735,0.7375
0.745,0.7425,0.7325,0.7325,0.74,0.7375,0.735,0.7375,0.735,0.735


B:
72.2,78.0,79.7,70.0,71.2,78.7,83.7,87.5,71.7,82.0
87.5,80.2,95.5,93.7,85.5,70.0,69.7,82.0,70.5,65.7
66.5,73.2,79.2,83.2,77.0,87.7,78.5,79.7,87.5,80.5


========================================================
Test11 (DAC Calibration) results 2008-08-27 16:39:55
Board ID413 30 channels
Linux calibration (server mode)

Calibration DAC Range: [3100 - 3500]

A:
0.7425,0.73,0.7375,0.735,0.7425,0.7425,0.7325,0.735,0.7375,0.74
0.735,0.7325,0.74,0.7325,0.735,0.74,0.7375,0.73,0.735,0.7375
0.745,0.7375,0.7325,0.7375,0.74,0.7375,0.735,0.7425,0.735,0.735


B:
73.2,78.0,78.7,87.5,70.2,62.2,67.2,87.5,70.7,82.0
87.5,79.2,80.0,77.2,85.5,70.0,68.7,82.0,70.5,64.7
66.5,89.7,78.2,66.7,77.0,86.7,78.5,63.2,87.5,80.5


========================================================
Test11 (DAC Calibration) results 2008-08-27 17:01:29
Board ID413 30 channels
Linux calibration (server mode)

Calibration DAC Range: [3100 - 3500]

A:
0.7425,0.73,0.7375,0.735,0.7375,0.735,0.7275,0.735,0.7325,0.74
0.735,0.7325,0.74,0.7275,0.735,0.74,0.7375,0.73,0.735,0.735
0.745,0.7425,0.7325,0.7325,0.74,0.74,0.735,0.7375,0.735,0.735


B:
72.2,78.0,79.7,87.5,86.7,87.5,83.7,87.5,87.2,82.0
87.5,82.2,80.0,93.7,85.5,70.0,69.7,82.0,70.5,74.5
66.5,73.2,79.2,83.2,77.0,80.0,78.5,79.7,87.5,80.5


========================================================
Test11 (DAC Calibration) results 2008-08-28 14:20:07
Board ID413 30 channels
Linux calibration (server mode)

Calibration DAC Range: [3100 - 3500]

A:
0.7375,0.73,0.7375,0.735,0.745,0.735,0.7275,0.735,0.7375,0.74
0.735,0.735,0.74,0.7325,0.735,0.74,0.7375,0.73,0.735,0.735
0.745,0.7375,0.7275,0.7325,0.74,0.74,0.735,0.7425,0.735,0.735


B:
88.7,78.0,78.7,87.5,62.5,87.5,82.7,87.5,70.7,82.0
87.5,70.5,80.0,77.2,85.5,70.0,68.7,82.0,70.5,74.5
66.5,89.7,95.7,84.2,77.0,80.0,78.5,63.2,87.5,80.5


========================================================
Test11 (DAC Calibration) results 2008-09-01 16:34:02
Board ID413 30 channels
Linux calibration (server mode)

Calibration DAC Range: [3100 - 3500]

A:
0.745,0.73,0.7375,0.7425,0.745,0.7375,0.7275,0.735,0.7325,0.74
0.7375,0.73,0.74,0.7325,0.735,0.74,0.7325,0.73,0.735,0.735
0.745,0.7375,0.7275,0.7325,0.74,0.74,0.735,0.7375,0.735,0.735


B:
64.5,78.0,79.7,61.2,62.5,78.7,81.7,87.5,87.2,82.0
78.7,86.0,80.0,76.2,85.5,70.0,85.2,82.0,70.5,74.5
66.5,88.7,94.7,83.2,77.0,80.0,78.5,79.7,87.5,80.5


========================================================
Test11 (ADC Calibration) results 2008-12-01 11:08:02
Board ID413 30 channels
Host: ufcmshv3
Linux calibration software

Calibration DAC Range: [1000 - 3500]

A:
0.7756,0.7732,0.7752,0.77,0.7768,0.7708,0.7764,0.7624,0.7672,0.758
0.7624,0.7584,0.7772,0.7796,0.774,0.7756,0.7668,0.7772,0.7756,0.7728
0.7724,0.7652,0.7692,0.774,0.7852,0.7792,0.7776,0.7608,0.7744,0.764


B:
74.3999,74.8001,73.8,75.0001,74.2001,75.2,77.5999,75.6001,76.8,74.9999
73.6001,76.5999,74.8001,76.3999,74,73.3999,74.2001,76.8001,75.3999,72.1999
75.5999,75.7999,75.7999,74,73.8,76.7999,73.4,75.2,75.6,74


========================================================
Test11 (ADC Calibration) results 2008-12-01 11:30:58
Board ID413 30 channels
Host: ufcmshv3
Linux calibration software

Calibration DAC Range: [1000 - 3500]

A:
0.7752,0.7732,0.7748,0.77,0.7764,0.7704,0.7764,0.7628,0.7672,0.7584
0.762,0.7588,0.7772,0.7796,0.7736,0.7748,0.7668,0.7772,0.7752,0.7724
0.7716,0.7656,0.7692,0.7736,0.784,0.7788,0.7768,0.7608,0.774,0.7644


B:
74.8,73.8001,74.2,75.0001,74.5999,74.6,77.5999,74.2001,76.8,73.5999
74.9999,75.1999,74.8001,76.3999,74.4001,75.2,74.2001,76.8001,75.8,72.5999
76.4,73.3999,74.7999,75.4001,76.0001,77.2,75.2001,74.2,76,73.6


========================================================
Test11 (ADC Calibration) results 2008-12-01 13:48:22
Board ID413 30 channels
Host: ufcmshv3
Linux calibration software

Calibration DAC Range: [1000 - 3500]

A:
0.776,0.7732,0.7752,0.77,0.7768,0.7708,0.7768,0.7624,0.768,0.7584
0.7624,0.7592,0.7776,0.7792,0.774,0.7752,0.7668,0.7776,0.7752,0.7724
0.772,0.7656,0.7692,0.774,0.7848,0.7796,0.7768,0.7612,0.7744,0.7644


B:
72.9999,74.8001,74.8,75.0001,74.2001,75.2,77.2001,75.6001,75,73.5999
74.6001,74.8001,74.4,77.7999,74,74.8,74.2001,76.4,76.8,72.5999
75.9999,74.3999,74.7999,75,75.2,75.3999,75.2001,73.8,75.6,73.6


