========================================================

Test10 results 09-26-2006  22:27:54
Board ID136  36 channels
HV Tests Software Ver.1.6.8

+5V 2759 - O'k
-5V 1355 - O'k
Interlock - On
Number of Samples: 400

Voltmeter channel: A=1.061571, B=12.738869

A:
Limits 1.1 +/- 0.1
1.075847,1.03146,1.082251,1.040583,1.073537,1.082837,1.079914,1.078749,1.069519,1.072961,1.075847,1.076426
1.081081,1.071811,1.072386,1.062699,1.074114,1.080497,1.070664,1.070091,1.076426,1.064963,1.079331,1.076426
1.082251,1.080497,1.046025,1.078749,1.070664,1.073537,1.074114,1.080497,1.066667,1.064396,1.080497,1.072961


B:
Limits 0.0 +/- 30.0
7.530788,34.037952,14.069302,41.623119,13.95582,10.828545,16.198669,15.102291,14.973378,10.729774,18.289261,16.146383
18.378557,17.149141,13.94114,22.316898,17.18586,14.04647,12.847973,14.981082,15.069958,13.844446,9.714025,8.6114
14.069302,10.804978,35.564655,8.629799,16.059963,9.661671,9.667063,20.529451,14.933125,31.932068,20.529451,9.656813
Channels:
   2   4  27  34
Out of range 0.0 +/- 30.0
========================================================
Test10 (ADC Calibration) results 2007-10-05 11:31:55
Board ID136 36 channels
Linux calibration software

Voltmeter channel: A=1.05905, B=9.17395

A:
1.07249,1.00509,1.08156,1.03445,1.07186,1.08288,1.07922,1.07692,1.0678,1.07159,1.07589,1.07539
1.08038,1.07099,1.07033,1.06151,1.0735,1.07802,1.0692,1.06857,1.07446,1.06238,1.07738,1.07516
1.08238,1.07912,1.05741,1.07742,1.06986,1.07219,1.07263,1.07834,1.0652,1.0673,1.0795,1.07146


B:
0.396125,35.2225,4.42562,50.396,6.27956,3.8416,6.68473,7.53828,6.60779,1.23084,9.33463,8.82639
11.3907,8.00528,5.86385,11.9781,6.52338,8.19547,5.20603,6.87023,8.27285,7.66049,2.25228,-0.185079
7.81663,2.69232,17.0507,-0.797839,7.36946,1.34487,2.31081,14.0858,8.48464,22.3151,13.2416,0.596595


========================================================
Test10 (ADC Calibration) results 2007-10-05 16:04:40
Board ID136 36 channels
Linux calibration software

Voltmeter channel: A=1.05838, B=10.8232

A:
1.07356,1.05115,1.08162,1.05861,1.07186,1.08288,1.07888,1.07682,1.06843,1.07119,1.07596,1.07582
1.08032,1.07089,1.07023,1.06121,1.073,1.07782,1.07003,1.06847,1.0749,1.06281,1.07782,1.07536
1.08312,1.07892,220.422,1.0811,1.06986,1.07239,1.07186,1.07834,1.06613,1.06004,1.08028,1.07146


B:
-2.26442,18.0181,5.14929,16.0493,6.07961,3.8416,8.40058,7.66749,5.79155,2.5471,7.16076,6.38693
11.4677,8.33455,6.19301,11.3637,7.57305,7.85399,3.73131,7.20009,6.8299,6.9063,0.609339,-0.443449
6.46232,3.34965,1540.36,5.22636,7.16951,0.687541,4.37733,14.2857,5.41961,21.1086,12.1599,0.596595


========================================================
Test10 (ADC Calibration) results 2007-10-12 10:54:49
Board ID136 36 channels
Linux calibration software

Voltmeter channel: A=1.05865, B=10.3234

A:
1.07283,1.05167,1.08242,1.05841,1.07176,1.08352,1.07912,1.0777,1.0674,1.07183,1.07499,1.07559
1.08018,1.07089,1.06993,1.06151,1.0732,1.07812,1.06953,1.06867,1.07446,1.06251,1.07738,1.07526
1.08272,1.07912,1.05947,1.05035,1.06956,1.07229,1.07209,1.07868,1.06494,1.05941,1.0795,1.07146


B:
-0.038517,16.2887,2.5164,16.7063,6.20911,1.72969,6.81315,5.45643,7.1228,1.32593,9.69093,8.16905
11.6482,8.13459,6.5804,11.3778,6.91314,7.66685,5.17517,6.54077,8.27285,7.49205,2.25228,-0.714484
7.37747,2.69232,12.4022,15.5498,7.75327,1.01601,3.67374,13.6507,7.36356,23.1816,8.04183,0.596595


========================================================
Test10 (ADC Calibration) results 2008-03-31 15:11:17
Board ID136 36 channels
Linux calibration software

Voltmeter channel: A=1.05896, B=9.74995

A:
1.06067,1.05107,1.08182,1.05771,1.07113,1.08312,1.06354,1.07716,1.0674,1.07139,1.06873,1.07522
1.08092,1.07143,1.07066,1.06024,1.0731,1.07746,1.06943,1.06847,1.0754,1.06304,1.07762,1.07493
1.08218,1.07976,1.05814,1.04895,1.06883,1.07293,1.07293,1.07932,1.06387,1.05904,1.07984,1.07136


B:
10.0935,17.9142,5.57259,18.6649,8.10149,3.3298,16.9652,8.23054,7.99025,3.76042,11.5428,8.23498
10.6955,7.64297,5.63056,10.011,8.9163,8.32003,7.57336,8.26855,7.25542,6.60854,2.34508,0.796933
9.15623,2.26882,14.5716,17.2,8.76241,0.196808,2.99686,13.2317,6.73805,22.6602,12.8055,0.726099


========================================================
Test10 (ADC Calibration) results 2008-06-17 15:59:18
Board ID136 36 channels
Linux calibration software

Voltmeter channel: A=1.07, B=0

A:
1.06393,1.06861,1.09874,1.07526,1.08881,1.1029,1.08075,1.09444,1.08494,1.08963,1.08093,1.09108
1.09902,1.08818,1.08854,1.07596,1.09044,1.09198,1.08701,1.0853,1.09207,1.07968,1.09462,1.09226
1.10151,1.09673,1.07535,1.06583,1.08602,1.0889,1.08999,1.09627,1.07968,1.07694,1.09718,1.08917


B:
11.69,14.9877,4.45111,14.1587,6.58952,1.96621,15.1183,7.30372,6.69001,1.26232,15.1709,8.21064
10.7921,9.1319,4.22721,4.46644,8.79436,12.8357,5.42825,7.87745,8.60284,7.03307,2.10103,-0.738982
6.54162,3.01244,11.9265,14.5933,7.86429,2.36879,2.67091,12.8611,5.52162,18.2035,14.0014,1.02813


========================================================
Test10 (ADC Calibration) results 2008-07-06 16:58:46
Board ID136 36 channels
Linux calibration software

Voltmeter channel: A=1.07, B=0

A:
1.04588,1.0687,1.09884,1.0757,1.08899,1.10234,1.08101,1.09444,1.08548,1.09044,1.07755,1.09144
1.09948,1.08854,1.08872,1.06835,1.09044,1.08954,1.08746,1.08584,1.09271,1.08013,1.09499,1.0928
1.10114,1.09718,1.0757,1.06653,1.08575,1.08936,1.09089,1.09691,1.08004,1.07738,1.0981,1.09008


B:
15.4839,14.9064,4.14716,12.8892,7.07617,1.59334,14.6563,7.74139,5.75739,0.288862,12.0296,7.00383
10.8126,8.1462,4.2778,4.97471,9.44886,12.0236,5.01145,7.37934,7.58113,6.40346,1.54489,-1.90035
6.65881,3.24898,11.3834,13.092,8.33103,1.73184,1.83223,11.8384,3.89386,17.1495,12.7274,-0.0289832


========================================================
Test10 (ADC Calibration) results 2008-07-16 21:23:30
Board ID136 36 channels
Linux calibration software

Voltmeter channel: A=1.07, B=0

A:
1.04726,1.0697,1.09931,1.07636,1.08964,1.10286,1.0818,1.09521,1.08608,1.09058,1.07572,1.09247
1.09998,1.08879,1.08936,1.06126,1.09133,1.09011,1.08776,1.08692,1.09294,1.08041,1.09559,1.09332
1.10171,1.09788,1.07618,1.06699,1.08608,1.08983,1.09143,1.09712,1.08041,1.07801,1.09855,1.09067


B:
18.9848,13.9659,4.15056,12.7078,6.04558,1.5561,13.7162,6.81297,5.20566,1.03297,10.9376,6.05705
10.5757,8.78596,3.90917,15.6935,8.6282,14.1147,5.16808,5.73036,8.02666,6.56981,1.20566,-1.50522
6.13891,1.95148,11.5871,13.2943,8.24673,1.07652,1.55607,12.3079,3.7609,16.9942,12.7612,0.0730338


========================================================
Test10 (ADC Calibration) results 2008-07-19 11:34:37
Board ID136 36 channels
Linux calibration software

Voltmeter channel: A=1.07, B=0

A:
1.04648,1.06952,1.09941,1.07599,1.08983,1.10219,1.08152,1.0954,1.08626,1.09067,1.07407,1.09218
1.10008,1.08861,1.08917,1.05894,1.09143,1.09105,1.08823,1.08655,1.09322,1.0806,1.09531,1.09256
1.10161,1.09788,1.07599,1.06672,1.08617,1.09001,1.09124,1.09712,1.08004,1.07774,1.09797,1.09049


B:
17.0043,14.3487,3.18335,13.0487,5.43583,1.07109,13.7562,6.20069,5.0327,0.509463,11.3952,6.09974
10.2687,9.39455,3.64767,15.7473,8.5411,12.1615,4.08118,6.29349,7.10992,5.53333,1.24949,0.070546
5.78613,2.39041,11.7575,13.5472,7.94337,0.684361,1.73087,12.3079,3.67338,17.4643,13.2826,0.0294876


========================================================
Test10 (ADC Calibration) results 2008-07-19 14:46:21
Board ID136 36 channels
Linux calibration software

Voltmeter channel: A=1.07, B=0

A:
1.04475,1.06934,1.09922,1.07581,1.08973,1.102,1.08134,1.09493,1.08598,1.09067,1.07371,1.09181
1.0997,1.08851,1.08907,1.05171,1.09114,1.09143,1.08786,1.08673,1.09303,1.08041,1.0954,1.09294
1.10133,1.0975,1.07581,1.06663,1.08589,1.09001,1.09114,1.09731,1.07949,1.07746,1.09817,1.09067


B:
19.068,14.3038,3.57873,13.0033,5.52293,1.90886,14.3595,7.51264,5.29252,0.0730338,11.3062,6.66569
10.3977,9.26309,4.16987,24.4432,9.01993,12.6886,5.08089,6.33781,7.5024,6.35378,1.16173,-0.935772
6.48989,2.96105,11.9275,13.4185,7.98546,0.248583,1.81826,12.1341,4.62253,17.9341,12.6695,0.0730338


========================================================
Test10 (ADC Calibration) results 2008-07-20 08:08:59
Board ID136 36 channels
Linux calibration software

Voltmeter channel: A=1.07, B=0

A:
1.04752,1.06934,1.0995,1.07618,1.08964,1.10229,1.08152,1.09502,1.08552,1.0903,1.07307,1.09199
1.09941,1.08879,1.08907,1.05294,1.09143,1.0903,1.08814,1.08636,1.09341,1.08023,1.09531,1.09275
1.10152,1.09759,1.0759,1.06645,1.08617,1.08992,1.09124,1.09693,1.07949,1.07746,1.09797,1.09077


B:
19.1563,14.5177,3.09504,12.6632,5.82782,1.86466,13.54,6.98746,6.37622,1.29459,12.5456,6.9291
11.099,8.56799,3.95211,21.8166,8.32287,12.6335,4.82061,6.68435,6.71752,6.30979,1.24949,-0.76057
5.87407,2.87296,11.4123,14.0133,8.16056,0.553851,1.51267,12.9201,5.27007,17.9341,13.5021,-0.232452


========================================================
Test10 (ADC Calibration) results 2008-07-20 17:40:55
Board ID136 36 channels
Linux calibration software

Voltmeter channel: A=1.07, B=0

A:
1.04588,1.06943,1.09903,1.07581,1.08954,1.10248,1.08134,1.09512,1.0858,1.09105,1.07407,1.09228
1.0997,1.08879,1.08926,1.05127,1.09162,1.09152,1.08823,1.08645,1.09322,1.08069,1.0954,1.09294
1.10123,1.09769,1.07581,1.06663,1.08617,1.08973,1.09143,1.09712,1.07939,1.07746,1.09826,1.09086


B:
19.8822,14.433,4.19355,13.4338,5.91447,1.46787,14.3595,7.11968,5.68269,-0.0582464,11.3952,6.6683
11.0576,8.78596,3.99651,22.9619,8.14951,12.6026,4.29878,7.03214,6.89133,5.66349,1.38075,-0.935772
6.7976,2.56618,12.1429,13.845,8.16056,1.38216,1.55607,12.5272,5.14037,17.9341,13.2416,-0.537938


========================================================
Test10 (ADC Calibration) results 2008-07-24 12:08:22
Board ID136 36 channels
Linux calibration software

Voltmeter channel: A=1.07, B=0

A:
1.04501,1.06961,1.09864,1.07581,1.08917,1.1019,1.08143,1.09436,1.08561,1.08983,1.07225,1.09124
1.09922,1.08823,1.08851,1.05154,1.09067,1.08898,1.08701,1.08617,1.09199,1.0805,1.09493,1.09228
1.10065,1.09702,1.07572,1.06672,1.08589,1.08917,1.09077,1.09616,1.07949,1.07755,1.0974,1.08992


B:
20.9119,13.8364,3.66526,13.0033,5.39045,0.674228,14.0581,6.94063,5.42146,0.20461,12.8802,6.96887
10.6136,8.6517,4.03818,26.7108,9.0165,12.5333,4.33923,5.98821,7.58402,4.53879,1.162,-0.322555
5.78237,2.30214,11.3676,13.334,8.20258,0.380167,1.2944,12.9562,4.62253,17.2029,13.3643,0.11799


