========================================================

Test11 results 01-24-2005  15:06:25
Board ID280  30 channels
HV Tests Software Ver.1.6

+5V 2513 - O'k
-5V 1336 - O'k
Interlock - On
Calibration DAC Range: [2500 - 2900]


A:
Limits 0.76 +/- 0.04
0.742115,0.742115,0.743494,0.744879,0.747664,0.746269,0.747664,0.738007,0.742115,0.744879
0.743494,0.746269,0.743494,0.740741,0.744879,0.743494,0.746269,0.743494,0.744879,0.743494
0.746269,0.746269,0.747664,0.742115,0.743494,0.738007,0.740741,0.744879,0.742115,0.749064


B:
Limits 70.0 +/- 30.0
66.542526,62.030407,55.813164,65.066559,59.919662,59.855366,45.86866,64.898392,61.299889,70.658241
67.449867,56.078838,62.802849,58.956619,58.246807,53.47831,62.978725,59.819069,64.499535,63.676674
69.849098,58.330761,55.5056,63.614651,60.547859,60.093239,66.487,58.024944,69.087021,64.230377
========================================================

Test11 results 01-31-2005  15:30:28
Board ID280  30 channels
HV Tests Software Ver.1.6

+5V 2516 - O'k
-5V 1333 - O'k
Interlock - On
Calibration DAC Range: [2500 - 2900]


A:
Limits 0.76 +/- 0.04
0.744879,0.744879,0.744879,0.746269,0.747664,0.747664,0.744879,0.738007,0.742115,0.746269
0.746269,0.750469,0.744879,0.740741,0.744879,0.743494,0.75188,0.744879,0.746269,0.743494
0.750469,0.747664,0.746269,0.740741,0.743494,0.739372,0.742115,0.747664,0.743494,0.746269


B:
Limits 70.0 +/- 30.0
57.519566,55.26038,52.122288,61.378147,61.439995,57.43755,56.571739,64.097504,62.760201,67.616852
59.364532,42.41383,58.973316,61.228394,59.848587,54.349228,54.227516,56.79142,59.933163,63.602612
57.593605,56.795025,62.336491,69.599159,61.348534,57.064449,63.560295,48.931053,65.27729,75.525002
========================================================
Test11 (DAC Calibration) results 2007-07-18 10:50:39
Board ID280 30 channels
Linux calibration software
Calibration DAC Range: [1100 - 2700]

A:
0.744948,0.743633,0.744325,0.746965,0.747664,0.747524,0.746687,0.737803,0.742459,0.746408
0.744879,0.746617,0.744879,0.740056,0.74481,0.740398,0.746617,0.743978,0.744948,0.744879
0.749204,0.747454,0.745157,0.742804,0.743978,0.738621,0.743494,0.745573,0.743149,0.746965


B:
61.0949,63.3761,57.2013,62.4649,63.7383,59.7458,53.1454,67.0756,64.2691,69.2108
66.8529,59.216,61.6388,65.4024,62.4802,59.4447,63.6957,62.0014,66.0117,62.3836
63.5514,59.8433,68.1071,64.8281,63.3406,62.3857,61.3382,53.9608,67.7659,74.4164


========================================================
Test11 (DAC Calibration) results 2007-09-12 15:28:51
Board ID280 30 channels
Linux calibration software
Calibration DAC Range: [1100 - 2700]

A:
0.744879,0.743356,0.744879,0.746756,0.747943,0.747454,0.746965,0.738007,0.742459,0.746687
0.745226,0.746547,0.744879,0.740329,0.744602,0.739782,0.746896,0.744048,0.744879,0.745018
0.749274,0.747873,0.745295,0.74308,0.74384,0.738757,0.743494,0.745782,0.743494,0.747314


B:
61.6388,64.0586,56.4246,63.2037,63.5004,60.1422,52.7544,66.7897,64.2691,68.8258
66.3716,59.4625,61.6388,65.0195,63.3657,60.4588,63.3087,62.0536,66.108,62.1904
63.4539,59.8579,67.7661,64.295,63.8307,62.6375,61.3382,53.2207,67.2861,73.9374


========================================================
Test11 (ADC Calibration) results 2008-06-17 18:39:44
Board ID280 30 channels
Linux calibration software

Calibration DAC Range: [1000 - 3500]

A:
0.7336,0.7332,0.7336,0.7384,0.7364,0.7356,0.7352,0.7272,0.732,0.7352
0.7336,0.7352,0.734,0.7284,0.734,0.7268,0.7348,0.7324,0.7324,0.7332
0.7384,0.742,0.7344,0.7324,0.7324,0.728,0.7312,0.7328,0.7316,0.7364


B:
61.3999,61.8,56.3999,60.6001,63.6,60.4,53.8,65.8001,63,68.8
66.3999,59.8,60.9999,66.6,61.9999,61.1999,65.2001,61.6,66.6,63.8
62.6001,55.0001,67.6001,64.6,63.6,61.0001,62.8001,53.2,68.4,72.6


========================================================
Test11 (ADC Calibration) results 2008-06-20 23:07:15
Board ID280 30 channels
Linux calibration software

Calibration DAC Range: [1000 - 3500]

A:
0.7336,0.7328,0.7336,0.7392,0.736,0.736,0.7356,0.7272,0.732,0.7356
0.7336,0.7352,0.734,0.7288,0.7332,0.7268,0.7348,0.732,0.7328,0.7336
0.7384,0.7428,0.7348,0.7328,0.7592,0.7272,0.7316,0.7328,0.7316,0.736


B:
62.3999,62.2,57.3999,59.8,65,61,53.4,65.8001,63,68.4
67.3999,59.8,60.9999,66.2,64.7999,61.1999,65.2001,63,66.2,62.3999
63.6001,55.2,67.2001,64.2,36.8001,62.8001,62.4,54.2,68.4,74


========================================================
Test11 (ADC Calibration) results 2008-07-16 22:38:23
Board ID280 30 channels
Linux calibration software

Calibration DAC Range: [1000 - 3500]

A:
0.7332,0.732,0.7328,0.7392,0.7356,0.7356,0.7344,0.7264,0.7316,0.7352
0.7336,0.7348,0.7336,0.7284,0.7328,0.7256,0.7344,0.732,0.7324,0.7328
0.738,0.7448,0.7336,0.7328,0.7988,0.7268,0.7452,0.7324,0.7312,0.7352


B:
62.8,64,58.2,59.8,65.4,61.4,55.6001,67.5999,63.4,68.8
66.3999,60.2001,61.3999,65.6,64.2,62.4,65.6001,62,66.6,65.2
64.0001,56.2001,69.3999,64.2,-0.799971,63.1999,48.8001,53.6,68.8001,74.8


========================================================
Test11 (ADC Calibration) results 2008-07-17 11:22:28
Board ID280 30 channels
Linux calibration software

Calibration DAC Range: [1000 - 3500]

A:
0.7328,0.7312,0.7316,0.738,0.7348,0.7348,0.7344,0.726,0.7308,0.7344
0.7328,0.7344,0.7328,0.7276,0.7324,0.7252,0.734,0.7312,0.7312,0.7328
0.7368,0.7448,0.7328,0.732,0.8036,0.726,0.7304,0.7308,0.7304,0.7348


B:
62.2,64.8001,59.4,62.0001,65.2001,62.2001,54.6001,68,64.2001,69.6001
67.2,60.6001,62.2,67.4001,64.6,62.8,64.9999,62.8001,67.8001,63.2
65.2,57.2001,70.2,65,-3.60005,64,62.5999,56.2001,69.5999,75.2001


========================================================
Test11 (ADC Calibration) results 2008-07-20 18:58:34
Board ID280 30 channels
Linux calibration software

Calibration DAC Range: [1000 - 3500]

A:
0.7332,0.732,0.7332,0.74,0.736,0.7356,0.7348,0.7268,0.7316,0.7352
0.7332,0.7344,0.7332,0.7284,0.7332,0.7264,0.7344,0.7316,0.7316,0.7332
0.7376,0.748,0.734,0.7328,0.8064,0.7272,0.7308,0.7324,0.7308,0.736


B:
62.8,65,57.8,59,65,61.4,55.2001,66.1999,64.4,68.8
66.7999,61.6001,62.8,66.6,63.8,61.5999,65.6001,62.4,68.4,63.8
64.3999,53.9999,67.9999,64.2,-8.4,62.8001,63.2001,53.6,70.2001,74


