========================================================

Test10 results 07-27-2006  16:43:25
Board ID065  36 channels
HV Tests Software Ver.1.6.1

+5V 2504 - O'k
-5V 1324 - O'k
Interlock - On

Voltmeter channel: A=1.079331, B=11.872686

A:
Limits 1.1 +/- 0.1
1.083424,1.077586,1.075847,1.094092,1.083424,1.073537,1.079331,1.074691,1.077006,1.081666,1.075269,1.074114
1.078749,1.082837,1.084011,1.084011,1.082251,1.092299,1.081666,1.073537,1.088139,1.089325,1.080497,1.077006
1.064396,1.088139,1.06553,1.074691,1.082837,1.078749,1.076426,1.084011,1.074114,1.075269,1.083424,1.074114


B:
Limits 0.0 +/- 30.0
9.750828,14.008742,5.379094,22.975971,2.166862,7.514596,3.23804,4.298649,10.769841,11.898364,5.376168,5.370607
10.787296,12.994219,13.008133,10.840111,10.822549,8.738204,11.898364,12.882283,15.2339,11.982663,15.126966,5.384811
9.579754,5.440646,20.24522,10.746796,16.242729,6.472301,20.452089,13.008133,19.334087,11.827781,13.001099,12.889404
========================================================

Test10 results 07-27-2006  17:18:45
Board ID065  36 channels
HV Tests Software Ver.1.6.1

+5V 2501 - O'k
-5V 1323 - O'k
Interlock - On

Voltmeter channel: A=1.079331, B=12.952018

A:
Limits 1.1 +/- 0.1
1.083424,1.075847,1.070091,1.094691,1.082837,1.073537,1.078167,1.074691,1.076426,1.081081,1.075847,1.073537
1.078167,1.081666,1.082837,1.085187,1.081081,1.092896,1.081081,1.073537,1.087548,1.088732,1.080497,1.077586
1.064396,1.088139,1.064963,1.074691,1.081666,1.079331,1.076426,1.082251,1.071811,1.075847,1.082837,1.074114


B:
Limits 0.0 +/- 30.0
9.750828,16.137566,18.191355,20.798943,5.41436,7.514596,6.469132,5.373341,11.840678,15.135313,5.379094,6.441059
12.938135,14.061695,16.242729,8.68149,12.973151,7.650097,11.89207,12.882283,17.400906,14.153442,15.126966,5.388053
9.579754,5.440646,20.234222,10.746796,18.388359,4.317371,20.452089,18.398306,20.364574,9.682483,14.077056,13.963518
========================================================
Test10 (ADC Calibration) results 2008-03-13 06:14:20
Board ID65 36 channels
Linux calibration software

Voltmeter channel: A=1.07588, B=13.6552

A:
1.0802,1.07677,1.06495,1.09823,1.08119,1.07128,1.0766,1.0728,1.07624,1.0796,1.07297,1.07128
1.07525,1.08101,1.08176,1.08293,1.07943,1.09063,1.07901,1.06996,1.08888,1.08788,1.07845,1.07489
1.06242,1.08788,1.06427,1.07438,1.08263,1.07717,1.07424,1.08924,1.07222,1.07293,1.0814,1.07222


B:
6.50357,7.88887,15.9688,12.8354,0.128135,3.6758,0.265623,0.761548,5.6344,8.87003,1.22501,1.97001
9.57977,8.68414,10.5755,5.50917,7.51593,2.62125,6.85419,11.9842,9.30311,8.44837,11.7081,2.11895
4.55799,0.0968549,14.1186,4.98239,11.2906,2.16408,16.4544,13.6719,12.3112,6.03616,10.1516,7.7833


