========================================================

Test11 results 07-27-2006  16:46:31
Board ID065  36 channels
HV Tests Software Ver.1.6.1

+5V 2502 - O'k
-5V 1324 - O'k
Interlock - On
Calibration DAC Range: [2500 - 2900]


A:
Limits 0.76 +/- 0.04
0.746269,0.750469,0.750469,0.739372,0.746269,0.75188,0.75188,0.750469,0.75188,0.749064,0.753296,0.753296
0.747664,0.749064,0.746269,0.744879,0.747664,0.742115,0.746269,0.753296,0.744879,0.739372,0.747664,0.75188
0.760456,0.744879,0.760456,0.750469,0.747664,0.750469,0.750469,0.747664,0.75188,0.750469,0.750469,0.753296


B:
Limits 60.0 +/- 30.0
66.037773,64.804962,78.881935,59.065048,72.587845,79.84539,61.998898,77.36451,64.154312,60.931282,65.112106,60.063225
71.460442,58.58424,64.421707,71.642441,65.344788,65.437141,73.053719,70.291748,55.105804,81.77491,74.146805,65.680649
66.197609,68.000977,50.111244,73.327438,63.811672,70.561729,65.433586,61.467743,66.116249,73.327438,63.99128,65.53804
========================================================

Test11 results 07-27-2006  17:20:10
Board ID065  36 channels
HV Tests Software Ver.1.6.1

+5V 2502 - O'k
-5V 1323 - O'k
Interlock - On
Calibration DAC Range: [2500 - 2900]


A:
Limits 0.76 +/- 0.04
0.746269,0.750469,0.754717,0.740741,0.746269,0.75188,0.750469,0.753296,0.750469,0.749064,0.75188,0.756144
0.750469,0.749064,0.744879,0.746269,0.746269,0.743494,0.747664,0.753296,0.746269,0.742115,0.747664,0.750469
0.759013,0.742115,0.757576,0.754717,0.744879,0.750469,0.75188,0.750469,0.754717,0.750469,0.753296,0.753296


B:
Limits 60.0 +/- 30.0
66.119576,64.625404,67.59153,52.993256,71.694366,78.937668,65.704391,67.155533,69.474869,60.120953,70.3452,51.5746
60.037395,59.394932,69.702049,67.09304,69.186638,60.094975,67.769585,69.385445,50.463058,70.585388,74.235886,70.283241
69.958893,76.894272,59.292721,58.760277,72.845779,70.561729,60.915318,50.816666,58.284157,72.613983,54.035202,63.112083
