========================================================

Test11 results 08-12-2005  23:53:04
Board ID370  30 channels
HV Tests Software Ver.1.6.1

+5V 2473 - O'k
-5V 1314 - O'k
Interlock - On
Calibration DAC Range: [2500 - 2900]


A:
Limits 0.76 +/- 0.04
0.742115,0.739372,0.743494,0.747664,0.742115,0.75188,0.749064,0.740741,0.750469,0.740741
0.746269,0.743494,0.746269,0.744879,0.743494,0.746269,0.747664,0.739372,0.740741,0.742115
0.742115,0.744879,0.743494,0.744879,0.746269,0.744879,0.736648,0.744879,0.746269,0.747664


B:
Limits 60.0 +/- 30.0
64.57563,56.510281,67.754639,67.29718,64.791412,50.983383,50.021763,66.696777,53.116444,63.495281
60.969486,80.867081,60.08894,64.499535,62.296051,63.137783,59.919662,75.856148,55.748066,63.774269
73.085495,62.480576,60.692894,62.135963,60.57795,61.678234,74.051094,70.180511,69.463936,57.111725
========================================================
Test11 (DAC Calibration) results 2007-11-09 15:08:35
Board ID370 30 channels
Linux calibration software
Calibration DAC Range: [1100 - 2700]

A:
0.737191,0.737123,0.74384,0.747035,0.737871,0.748713,0.744671,0.740124,0.748083,0.740947
0.744117,0.745434,0.745018,0.745018,0.742184,0.745921,0.746965,0.741427,0.738007,0.741771
0.742666,0.742528,0.741152,0.743633,0.745712,0.743011,0.738144,0.743564,0.746617,0.745087


B:
71.1758,70.2386,73.3519,75.9641,79.524,68.2733,62.3756,72.5601,65.4013,65.9349
73.2675,79.5006,69.6406,67.8527,71.9269,70.6295,66.1998,73.8647,67.5277,71.1636
77.2002,76.3503,67.5746,68.4329,63.4602,71.9699,73.9804,73.1387,74.1484,71.6309


