========================================================

Test11 results 07-16-2006  19:34:50
Board ID085  36 channels
HV Tests Software Ver.1.6.1

+5V 2503 - O'k
-5V 1317 - O'k
Interlock - On
Calibration DAC Range: [2500 - 2900]


A:
Limits 0.76 +/- 0.04
0.742115,0.742115,0.744879,0.743494,0.746269,0.739372,0.749064,0.746269,0.749064,0.739372,0.742115,0.746269
0.740741,0.744879,0.744879,0.743494,0.738007,0.743494,0.738007,0.742115,0.739372,0.744879,0.742115,0.743494
0.740741,0.744879,0.753296,0.739372,0.749064,0.743494,0.753296,0.746269,0.746269,0.749064,0.746269,0.747664


B:
Limits 60.0 +/- 30.0
77.962692,83.563522,76.836594,67.563683,63.696754,65.875893,65.379028,78.359589,76.174255,60.16869,59.449131,87.973259
65.721664,77.005173,70.82682,72.388954,65.280373,68.940125,82.737061,75.951408,81.02092,68.335045,85.714493,79.931534
67.992355,60.29977,73.836983,71.693214,56.944565,85.371063,66.900818,60.636982,65.062302,63.427917,69.826691,68.525826
========================================================
Test11 (DAC Calibration) results 2007-10-10 15:39:03
Board ID85 36 channels
Linux calibration software
Calibration DAC Range: [1100 - 2700]

A:
0.744463,0.745504,0.745712,0.739782,0.74384,0.737395,0.749344,0.748433,0.751385,0.736648,0.741565,0.748223
0.740124,0.744948,0.745226,0.743425,0.741771,0.74384,0.740672,0.743564,0.740604,0.742115,0.747105,0.743978
0.739645,0.741565,0.752445,0.73903,0.747664,0.745782,0.752587,0.742459,0.756144,0.749977,0.746547,0.745851


B:
82.4678,83.7293,85.5334,85.7593,80.1952,77.0856,78.7935,85.424,82.7744,81.2154,76.4924,94.8371
80.7014,95.3625,83.6609,87.4546,74.1307,82.4267,91.649,84.1435,86.2617,82.5603,82.443,81.1961
81.5088,76.3441,86.456,82.3557,77.1962,90.2115,81.9002,78.3758,69.2249,75.532,81.7096,82.6589


========================================================
Test11 (DAC Calibration) results 2007-10-12 10:25:45
Board ID85 36 channels
Linux calibration software
Calibration DAC Range: [1100 - 2700]

A:
0.744532,0.745573,0.745921,0.739987,0.743771,0.737939,0.749415,0.748433,0.751385,0.736445,0.741565,0.748293
0.740398,0.754219,0.745226,0.743633,0.742253,0.744048,0.740741,0.743633,0.740604,0.74184,0.747524,0.743978
0.740056,0.741771,0.752092,0.738962,0.747384,0.745851,0.752587,0.742046,0.756644,0.750258,0.746338,0.745226


B:
82.9688,84.0819,85.5479,85.4777,80.7365,76.4782,78.8478,85.8734,83.3756,82.6753,76.6407,95.1921
80.4719,81.0502,84.2571,87.7673,73.9099,82.4404,91.8519,84.1978,86.8542,83.5311,82.1715,81.4936
80.9436,76.356,87.6845,82.8932,78.1765,90.8633,82.5023,80.4284,69.1479,75.598,83.3381,85.0023


========================================================
Test11 (DAC Calibration) results 2007-10-15 14:45:50
Board ID85 36 channels
Linux calibration software
Calibration DAC Range: [1100 - 2700]

A:
0.744255,0.745504,0.745921,0.740056,0.743909,0.737939,0.749204,0.748433,0.751174,0.736309,0.741565,0.748223
0.740261,0.754219,0.745226,0.743494,0.742184,0.743978,0.740741,0.743494,0.740809,0.741977,0.747384,0.743978
0.739919,0.741633,0.752516,0.738894,0.747384,0.745643,0.752587,0.741771,0.75429,0.749836,0.746547,0.745504


B:
83.3474,84.0274,85.2496,85.3839,80.2491,77.3637,79.2847,85.7238,83.6619,83.157,76.6407,95.1365
80.6607,81.0502,84.2571,87.3605,73.8565,82.2376,91.8519,84.3865,86.4247,83.0457,82.3615,81.3449
81.132,76.5458,86.9626,82.839,78.1765,90.9963,82.5023,80.8067,69.0363,76.3239,82.1576,84.0274


