========================================================

Test10 results 07-24-2006  16:27:08
Board ID077  36 channels
HV Tests Software Ver.1.6.1

+5V 2724 - O'k
-5V 1365 - O'k
Interlock - On

Voltmeter channel: A=1.089325, B=16.339962

A:
Limits 1.1 +/- 0.1
1.070664,1.082251,1.084011,1.085187,1.079331,1.077586,1.081666,1.079914,1.071811,1.082837,1.075269,1.080497
1.086366,1.075269,1.078167,1.079914,1.086957,1.074691,1.086366,1.079914,1.072961,1.074114,1.077586,1.079914
1.081081,1.071811,1.077586,1.085776,1.090513,1.077586,1.084599,1.072961,1.089325,1.086366,1.083424,1.072961


B:
Limits 0.0 +/- 30.0
10.706645,10.822549,16.260164,19.533363,3.23804,9.698398,8.653366,16.198669,5.359216,12.994219,15.053588,11.885475
9.777472,18.279394,12.938135,16.198669,15.217467,10.746796,19.554766,8.639275,13.948658,17.18586,6.465639,18.358498
3.243422,10.718273,11.85357,6.514662,8.724198,14.008742,9.761528,18.240503,-9.803829,6.518373,15.167946,6.437928
========================================================
Test10 (ADC Calibration) results 2008-03-04 11:46:31
Board ID77 36 channels
Linux calibration software

Voltmeter channel: A=1.08275, B=15.0084

A:
1.06898,1.08095,1.08195,1.08551,1.07575,1.07743,1.0796,1.07648,1.06824,1.0799,1.0728,1.07675
1.08368,1.07344,1.07712,1.07783,1.08492,1.07139,1.08547,1.07896,1.07133,1.07196,1.07411,1.08177
1.07847,1.07055,1.07203,1.08083,1.08412,1.07333,1.08145,1.06998,1.0792,1.0804,1.08026,1.07032


B:
2.94758,5.41862,14.8736,11.7459,-0.495966,5.68845,8.23903,13.3376,1.64204,8.08928,8.94194,8.38215
7.95921,13.8943,8.97005,9.80183,9.73226,7.03204,14.3163,3.70032,3.43013,10.6038,4.40132,15.7644
-0.541251,4.85763,9.59028,1.0885,1.4212,9.2246,5.09504,12.4495,2.8373,2.12058,13.0231,1.55508


