========================================================

Test10 results 02-01-2006  15:44:38
Board ID425  30 channels
HV Tests Software Ver.1.6

+5V 2505 - O'k
-5V 1305 - O'k
Interlock - On

Voltmeter channel: A=1.086957, B=15.217467

A:
Limits 1.1 +/- 0.1
1.088139,1.078749,1.078167,1.084599,1.082837,1.080497,1.075269,1.076426,1.075269,1.080497
1.085187,1.082251,1.080497,1.091107,1.078167,1.075269,1.079914,1.081666,1.092896,1.075847
1.079914,1.074691,1.084599,1.088732,1.080497,1.081666,1.083424,1.075847,1.081081,1.074114


B:
Limits 0.0 +/- 35.0
7.616924,11.866045,12.938135,18.438318,10.828545,9.724482,7.526706,13.993531,11.827781,14.04647
13.02224,14.069302,9.724482,13.09324,14.016302,15.053588,14.038843,8.653366,13.114578,11.834177
11.879015,11.821486,11.930725,13.064711,9.724482,11.898364,10.834251,12.910025,11.89207,13.963518
========================================================
Test10 (ADC Calibration) results 2008-02-01 11:11:29
Board ID425 30 channels
Linux calibration software

Voltmeter channel: A=1.08183, B=-1449.74

A:
1.08715,1.07919,1.07859,1.08615,1.08266,1.08101,1.07399,1.07688,1.07547,1.08091
1.08605,1.08343,1.08024,1.09254,1.07944,1.07557,1.08111,1.08106,1.09395,1.07557
1.08065,1.07486,1.08449,1.08997,1.0805,1.08161,1.08347,1.07688,1.08121,1.07506


B:
8.27348,8.61155,8.29163,11.0589,8.17748,6.33543,7.79198,10.32,9.21462,10.3809
9.013,8.61711,8.13589,6.8618,7.54926,12.0125,8.1279,6.72628,6.40897,10.2881
7.6289,8.04875,10.4166,9.02787,7.28745,8.49515,8.56419,7.44291,9.92017,8.79591


========================================================
Test10 (ADC Calibration) results 2008-02-04 10:12:28
Board ID425 30 channels
Linux calibration software

Voltmeter channel: A=1.08156, B=-1444.84

A:
1.08825,1.07974,1.07873,1.08615,1.08286,1.08111,1.07399,1.07668,1.0756,1.08125
1.08599,1.08272,1.08034,1.09194,1.07933,1.07537,1.08155,1.06768,1.0932,1.07506
1.08024,1.07456,1.08569,1.09062,1.08069,1.08111,1.08317,1.07681,1.06737,1.0751


B:
4.89298,7.92889,8.11518,12.145,8.20693,6.29011,7.86597,10.8494,9.04046,9.15006
9.08521,9.98591,8.28952,8.31319,8.35574,12.941,7.65187,17.5996,10.0352,10.7208
9.21614,9.50271,8.72175,7.81114,6.65852,9.20901,9.62763,7.5212,21.38,7.74858


========================================================
Test10 (ADC Calibration) results 2008-06-19 12:08:44
Board ID425 30 channels
Linux calibration software

Voltmeter channel: A=1.07, B=0

A:
1.11036,1.10069,1.09611,1.10319,1.09941,1.09757,1.09065,1.0931,1.09529,1.10143
1.10458,1.10051,1.09849,1.10868,1.09766,1.0941,1.09895,1.08382,1.11055,1.09319
1.09757,1.03389,1.0984,1.11972,1.0973,1.0984,1.10005,1.09328,1.08382,1.09156


B:
5.01339,8.26707,8.06186,11.9529,8.34116,6.94197,7.59929,16.06,8.81377,9.13716
6.27586,8.21491,8.08023,8.31421,7.51663,11.2106,8.10119,15.4022,9.06348,8.54361
8.03955,52.5873,11.0198,9.74578,7.63196,8.60343,8.85416,7.3667,17.5699,8.07639


========================================================
Test10 (ADC Calibration) results 2008-07-06 14:47:50
Board ID425 30 channels
Linux calibration software

Voltmeter channel: A=1.07, B=0

A:
1.11036,1.10097,1.09602,1.10337,1.09968,1.09775,1.09101,1.0921,1.09629,1.10263
1.10905,1.10069,1.09886,1.10328,1.10051,1.09456,1.0972,1.08373,1.11102,1.09337
1.09775,1.04423,1.09803,1.12163,1.0973,1.09849,1.10023,1.09337,1.08382,1.09147


B:
5.23529,7.79497,8.80321,10.682,7.64997,6.55481,6.39359,14.7845,6.79828,6.06073
-10.2129,8.26707,7.52549,4.58772,-2.57014,10.3566,10.1299,15.7005,7.97367,8.37666
8.09144,52.6049,10.4758,4.67299,7.41256,8.29988,8.46682,7.28329,17.5699,8.59656


========================================================
Test10 (ADC Calibration) results 2008-07-17 09:50:45
Board ID425 30 channels
Linux calibration software

Voltmeter channel: A=1.07, B=0

A:
1.11111,1.10172,1.09695,1.10345,1.1,1.09809,1.09146,1.08668,1.09695,1.10297
1.10741,1.10115,1.09971,1.10192,1.09914,1.09505,1.09685,1.08444,1.11121,1.09401
1.09838,1.00238,1.0979,1.12155,1.09752,1.09904,1.10086,1.09391,1.08453,1.09212


B:
4.55533,7.32893,7.51222,11.0499,7.79992,6.46692,6.64011,18.8643,7.51222,7.51488
-2.28464,8.7343,7.62185,9.79849,3.96809,10.7824,10.4514,15.4836,8.46762,8.01462
7.30352,91.0183,11.2525,6.76091,7.86791,8.01201,7.67505,7.00738,17.1332,7.99935


========================================================
Test10 (ADC Calibration) results 2008-07-19 11:33:18
Board ID425 30 channels
Linux calibration software

Voltmeter channel: A=1.07, B=0

A:
1.11101,1.10124,1.09695,1.10134,1.09971,1.09809,1.09136,1.0824,1.09657,1.10249
1.1049,1.10077,1.09885,1.09828,1.09819,1.09457,1.09676,1.08416,1.11101,1.09363
1.09809,0.999605,1.09657,1.12056,1.09771,1.09857,1.10067,1.09363,1.08425,1.09202


B:
4.64393,7.98608,7.29288,10.9826,7.84174,6.02779,6.50874,18.2237,8.07989,8.39298
6.42489,8.86257,8.62591,15.7379,7.25852,11.4343,10.0989,15.0892,8.42165,8.57986
7.56501,93.1629,12.9046,9.21953,7.25466,8.22778,7.84936,6.83033,17.3889,7.43033


========================================================
Test10 (ADC Calibration) results 2008-07-19 17:28:33
Board ID425 30 channels
Linux calibration software

Voltmeter channel: A=1.07, B=0

A:
1.11131,1.10124,1.09666,1.10048,1.1,1.09819,1.09127,1.07935,1.09647,1.1024
1.10509,1.10096,1.09904,1.09514,1.09819,1.09476,1.09562,1.08435,1.11092,1.09382
1.0978,0.995123,1.09619,1.12036,1.09752,1.09866,1.10048,1.09353,1.08398,1.09193


B:
4.60112,7.98608,7.55412,12.4261,7.36003,6.37992,6.59515,21.8823,7.94713,8.4808
6.02807,8.24786,8.23204,18.8001,7.25852,10.8235,10.9203,14.9184,8.7317,7.75047
8.26574,97.6764,12.8117,9.62109,7.42913,8.58001,8.24426,7.35436,17.8612,7.73545


========================================================
Test10 (ADC Calibration) results 2008-07-20 15:54:11
Board ID425 30 channels
Linux calibration software

Voltmeter channel: A=1.07, B=0

A:
1.11101,1.10134,1.09666,1.10029,1.09981,1.098,1.09127,1.08,1.09685,1.1024
1.10509,1.10057,1.09933,1.09524,1.09809,1.09476,1.09439,1.08398,1.11101,1.09353
1.09828,1.00765,1.09638,1.12056,1.09761,1.09885,1.10067,1.09363,1.08444,1.09183


B:
4.64393,7.67859,7.55412,12.3793,7.75449,6.55396,6.81374,22.803,7.38013,8.26011
6.02807,9.2576,7.97029,18.7143,7.56501,10.8235,12.0452,15.6932,8.64369,8.66693
7.61072,86.383,12.8584,9.21953,7.56129,7.74666,7.84936,7.04889,17.0018,8.04057


