========================================================

Test11 results 02-01-2006  15:45:56
Board ID425  30 channels
HV Tests Software Ver.1.6

+5V 2507 - O'k
-5V 1305 - O'k
Interlock - On
Calibration DAC Range: [2500 - 2900]


A:
Limits 0.76 +/- 0.04
0.743494,0.747664,0.746269,0.742115,0.746269,0.744879,0.750469,0.75188,0.754717,0.744879
0.743494,0.744879,0.746269,0.740741,0.750469,0.75188,0.747664,0.746269,0.738007,0.75188
0.749064,0.749064,0.742115,0.744879,0.746269,0.746269,0.749064,0.749064,0.746269,0.750469


B:
Limits 60.0 +/- 40.0
69.950455,77.912872,81.657852,79.640961,73.2248,83.237717,77.171761,67.20533,60.382477,79.928497
75.285789,76.070435,77.718445,70.540459,65.704391,66.923744,72.443024,76.28093,75.547249,68.728363
68.765907,83.262924,84.470329,74.569221,77.89444,74.667229,61.101357,77.195801,75.473991,76.36541
========================================================
Test11 (DAC Calibration) results 2008-02-01 11:11:29
Board ID425 30 channels
Linux calibration software
Calibration DAC Range: [1100 - 2700]

A:
0.741427,0.746896,0.747314,0.742115,0.744879,0.745643,0.750892,0.748503,0.749485,0.745712
0.742184,0.743978,0.746547,0.738144,0.747105,0.749415,0.745573,0.803052,0.737191,0.749415
0.746269,0.749906,0.742873,0.743633,0.74599,0.745226,0.744325,0.748503,0.745504,0.749766


B:
79.0547,81.9811,81.4106,81.8182,81.0056,83.689,80.4392,80.6886,80.7008,79.8659
81.7237,81.1961,80.2165,82.8381,80.6501,77.7987,81.5471,-336.981,80.7592,79.897
80.5971,82.3772,83.601,80.9259,82.1705,81.2762,80.7221,82.0359,79.4053,81.8182


========================================================
Test11 (DAC Calibration) results 2008-02-04 10:12:28
Board ID425 30 channels
Linux calibration software
Calibration DAC Range: [1100 - 2700]

A:
0.741427,0.746896,0.747594,0.742115,0.74474,0.745573,0.750892,0.748643,0.749766,0.745851
0.742597,0.744463,0.746477,0.738552,0.747175,0.749555,0.745643,0.755715,0.737327,0.749766
0.746547,0.750117,0.742804,0.743564,0.746617,0.745573,0.744532,0.748923,0.755929,0.750117


B:
80.5376,81.9811,81.0298,81.8182,81.7911,84.5293,81.1901,81.0967,80.3187,80.2723
81.1566,80.9789,80.909,82.5701,80.8535,77.907,82.1977,73.2857,81.0137,79.5689
80.2165,82.091,83.8439,81.3179,81.6145,81.5471,80.7352,81.464,70.4243,82.091


