========================================================

Test10 results 07-23-2006  15:33:11
Board ID325  30 channels
HV Tests Software Ver.1.6.1

+5V 2504 - O'k
-5V 1304 - O'k
Interlock - On

Voltmeter channel: A=1.077006, B=12.923853

A:
Limits 1.1 +/- 0.1
1.076426,1.067236,1.076426,1.086957,1.081081,1.077586,1.076426,1.081081,1.089325,1.082837
1.081081,1.078749,1.084011,1.075269,1.085187,1.072961,1.075269,1.043841,1.077586,1.078167
1.080497,1.074691,1.094691,1.079331,1.083424,1.078749,1.073537,1.069519,1.088732,1.081666


B:
Limits 0.0 +/- 30.0
11.840678,17.075891,11.840678,9.782684,12.973151,9.698398,12.917105,9.729908,9.804014,16.242729
16.216394,5.393553,9.7561,11.827781,11.937052,9.656813,12.903049,45.928921,8.620811,19.407137
7.563487,10.746796,7.662653,14.031348,20.585064,12.944794,13.95582,17.112415,11.975979,9.735032
Channels:
  18
Out of range 0.0 +/- 30.0
========================================================
Test10 (ADC Calibration) results 2007-11-07 11:03:02
Board ID325 30 channels
Linux calibration software

Voltmeter channel: A=1.06752, B=-1256.51

A:
1.07254,1.06539,1.07351,1.08561,1.07946,1.07495,1.07401,1.07897,1.08737,1.08149
1.08048,1.07519,1.08078,1.07243,1.083,1.06995,1.07358,1.07565,1.07479,1.07562
1.07873,1.07193,1.09175,1.07709,1.08179,1.07627,1.07049,1.06901,1.08823,1.07946


B:
8.10018,7.69007,6.68084,-0.843109,6.29607,4.9888,6.86301,3.22923,4.45651,8.74587
8.38449,3.58429,7.23764,6.84564,5.1774,6.19783,5.84063,10.6168,5.27363,13.8165
2.2514,6.50298,4.80161,7.77739,11.5169,7.21924,10.2809,8.40679,4.44282,3.33448


========================================================
Test10 (ADC Calibration) results 2008-06-17 15:59:19
Board ID325 30 channels
Linux calibration software

Voltmeter channel: A=1.07, B=0

A:
1.08972,1.07588,1.09017,1.10216,1.09636,1.09108,1.09026,1.09453,1.10327,1.09728
1.09663,1.09171,1.09755,1.08972,1.09939,1.08656,1.08972,1.05564,1.09089,1.09271
1.0949,1.08809,1.10764,1.09316,1.09819,1.09271,1.08728,1.08494,1.10364,1.09453


B:
6.3324,12.599,7.0067,0.187596,5.05048,5.51987,6.92328,4.97153,5.3495,9.25984
7.65054,2.75316,6.59477,5.0244,6.01723,4.66952,6.3324,32.1702,4.81424,12.5413
2.88478,6.30296,4.91817,7.75456,11.9386,7.51513,9.65885,8.7658,6.11595,6.72249


========================================================
Test10 (ADC Calibration) results 2008-07-16 21:23:30
Board ID325 30 channels
Linux calibration software

Voltmeter channel: A=1.07, B=0

A:
1.09058,1.07627,1.09133,1.10306,1.09702,1.09209,1.09105,1.0955,1.10402,1.09836
1.09731,1.09256,1.09855,1.0902,1.10046,1.08739,1.09058,1.05496,1.09218,1.09389
1.09569,1.08907,1.10848,1.09417,1.09922,1.09341,1.08814,1.0857,1.1046,1.09569


B:
5.75761,11.1609,5.50132,-0.635065,4.66491,4.37086,6.85226,4.08497,4.66576,8.27606
6.81736,1.75181,5.90526,5.01351,4.81888,4.12449,5.75761,19.923,2.97354,11.6893
2.59609,5.17972,4.38381,7.05338,11.0105,7.30968,8.8731,8.50058,4.13914,4.78746


========================================================
Test10 (ADC Calibration) results 2008-07-19 11:34:37
Board ID325 30 channels
Linux calibration software

Voltmeter channel: A=1.07, B=0

A:
1.0903,1.07563,1.09114,1.10286,1.09702,1.09199,1.09086,1.0954,1.10402,1.09778
1.09683,1.09256,1.09826,1.09011,1.10027,1.08711,1.09039,1.05514,1.0919,1.0937
1.09531,1.08861,1.10819,1.09417,1.09903,1.09322,1.08814,1.08552,1.1047,1.09559


B:
6.01697,10.8947,5.67445,-0.0177625,4.66491,4.67601,7.0253,4.17247,4.22426,8.79747
7.03254,1.09616,5.94686,4.66418,5.21362,4.60081,5.93064,18.4916,3.67093,11.2056
2.94542,5.82989,5.09145,6.83472,10.9642,7.48281,8.00242,8.45497,4.05135,4.87481


========================================================
Test10 (ADC Calibration) results 2008-07-19 14:46:21
Board ID325 30 channels
Linux calibration software

Voltmeter channel: A=1.07, B=0

A:
1.09039,1.07563,1.09105,1.10277,1.09693,1.0919,1.09105,1.0954,1.10402,1.09797
1.09674,1.09228,1.09817,1.09011,1.10008,1.0872,1.09058,1.05303,1.0919,1.09341
1.09531,1.08851,1.10838,1.09417,1.09893,1.09303,1.08832,1.08542,1.10421,1.0954


B:
5.71262,11.1097,5.54266,-0.15038,4.97096,4.98116,6.41556,4.3915,4.22426,8.62368
7.55839,2.23111,5.81456,4.88203,5.60844,4.51465,5.53955,25.9474,3.4526,12.1206
2.50702,6.13395,4.02841,6.83472,11.0509,7.87453,7.61279,8.32405,4.93221,5.04858


========================================================
Test10 (ADC Calibration) results 2008-07-20 08:08:59
Board ID325 30 channels
Linux calibration software

Voltmeter channel: A=1.07, B=0

A:
1.0903,1.07517,1.09096,1.10277,1.09693,1.09209,1.09086,1.09569,1.10402,1.09807
1.09712,1.09237,1.09855,1.09011,1.10017,1.08692,1.09049,1.0577,1.09181,1.0936
1.0954,1.08861,1.10838,1.09417,1.09903,1.09313,1.08795,1.08542,1.10421,1.09531


B:
6.01697,11.9642,6.06575,0.0701199,4.97096,4.1525,6.8068,3.69177,4.22426,8.09753
6.33296,1.92583,5.24591,4.66418,5.96136,5.20844,6.0619,25.3963,3.75749,11.5108
2.20069,6.04755,4.69355,6.83472,11.4036,7.56957,8.82758,8.32405,5.153,6.01195


========================================================
Test10 (ADC Calibration) results 2008-07-20 17:40:55
Board ID325 30 channels
Linux calibration software

Voltmeter channel: A=1.07, B=0

A:
1.09011,1.07526,1.09105,1.10277,1.09683,1.0919,1.09096,1.09569,1.10364,1.09778
1.09702,1.09218,1.09864,1.0903,1.10017,1.08692,1.0903,1.05655,1.0919,1.09322
1.0954,1.08861,1.10848,1.09417,1.09903,1.09303,1.08832,1.0857,1.10441,1.09531


B:
6.19011,11.8797,5.97936,0.290507,4.83888,4.32629,6.93857,3.69177,5.01638,8.79747
7.0783,2.09974,5.15848,4.27227,5.30141,4.55645,6.01697,27.9441,3.88926,12.2928
2.63874,6.04755,4.38381,7.05338,11.4036,7.87453,7.8304,7.84905,4.75665,5.57394


========================================================
Test10 (ADC Calibration) results 2008-07-24 12:08:22
Board ID325 30 channels
Linux calibration software

Voltmeter channel: A=1.07, B=0

A:
1.0903,1.07563,1.09077,1.10267,1.09664,1.0919,1.09058,1.09521,1.10354,1.09797
1.09654,1.09218,1.09797,1.09001,1.10017,1.08692,1.0903,1.0532,1.09209,1.09332
1.0954,1.08861,1.10819,1.09426,1.09883,1.09313,1.08814,1.08514,1.10402,1.09559


B:
5.36256,11.5399,5.58446,-0.283033,4.57473,4.32629,6.84819,3.68919,4.88345,8.40414
7.95139,1.4442,5.76872,4.31446,4.42122,4.55645,5.58057,28.9432,3.06041,11.7694
1.98166,5.39455,4.20485,5.87243,11.3574,7.35061,8.00242,8.36468,4.88651,4.65536


