========================================================

Test10 results 12-16-2005  17:36:44
Board ID137  36 channels
HV Tests Software Ver.1.6

+5V 2521 - O'k
-5V 1296 - O'k
Interlock - On

Voltmeter channel: A=1.077006, B=10.769841

A:
Limits 1.1 +/- 0.1
1.079331,1.086366,1.067236,1.066667,1.06553,1.070664,1.068947,1.068376,1.068947,1.086957,1.068947,1.077006
1.080497,1.075269,1.079914,1.080497,1.081666,1.080497,1.079914,1.068376,1.075847,1.082837,1.072961,1.077586
1.074114,1.087548,1.077586,1.081081,1.075847,1.085776,1.072961,1.075847,1.066098,1.080497,1.081666,1.072386


B:
Limits 0.0 +/- 35.0
8.634694,7.604739,18.143127,10.666458,19.179689,5.353326,12.827404,13.888905,6.413721,8.695728,7.482668,7.538823
10.804978,12.903049,11.879015,7.563487,9.735032,6.48299,5.399534,10.683776,4.303246,10.828545,6.437928,9.698398
4.296494,6.525431,8.620811,9.729908,8.606635,9.771991,7.51089,11.834177,5.330442,9.724482,11.898364,7.506824
========================================================
Test10 (ADC Calibration) results 2007-10-25 11:41:14
Board ID137 36 channels
Linux calibration software

Voltmeter channel: A=1.0768, B=10.6151

A:
1.07984,1.08579,1.06954,1.0664,1.06653,1.07005,1.06964,1.06897,1.06856,1.08741,1.06914,1.07618
1.08,1.0751,1.0803,1.08069,1.08223,1.07898,1.07937,1.06846,1.07618,1.08213,1.07208,1.07716
1.0735,1.08786,1.07848,1.08274,1.07659,1.08614,1.07378,1.07681,1.06602,1.08041,1.085,1.07202


B:
1.32669,5.5938,7.88891,7.01091,11.3724,3.10573,7.4905,6.5404,2.39373,3.27514,2.00327,5.09798
8.51991,9.62102,5.17397,3.60296,3.5633,6.9681,2.76215,5.71741,-0.444939,9.17485,5.45689,6.31872
1.65182,2.41532,2.04758,3.13246,2.11743,4.2082,1.75111,7.30774,1.21639,6.80596,1.43993,2.66739


