========================================================

Test11 results 12-16-2005  17:38:49
Board ID137  36 channels
HV Tests Software Ver.1.6

+5V 2522 - O'k
-5V 1295 - O'k
Interlock - On
Calibration DAC Range: [2500 - 2900]


A:
Limits 0.76 +/- 0.04
0.753296,0.750469,0.760456,0.760456,0.763359,0.759013,0.761905,0.761905,0.761905,0.746269,0.759013,0.757576
0.749064,0.757576,0.75188,0.754717,0.750469,0.754717,0.754717,0.761905,0.756144,0.75188,0.754717,0.754717
0.757576,0.746269,0.756144,0.753296,0.754717,0.746269,0.759013,0.754717,0.763359,0.753296,0.754717,0.759013


B:
Limits 60.0 +/- 40.0
54.397137,52.859753,54.68364,58.636673,45.029995,58.982288,47.03101,47.950096,54.145409,61.905418,62.126934,46.750183
64.085358,48.715885,57.488354,48.303318,58.126411,49.118656,50.658123,48.659916,58.56007,50.343475,65.861542,55.078636
56.039547,61.825619,51.329445,52.949581,63.724899,63.448788,49.827618,59.763187,55.715527,51.95665,59.192913,52.885723
========================================================
Test11 (DAC Calibration) results 2007-10-25 11:41:14
Board ID137 36 channels
Linux calibration software
Calibration DAC Range: [1100 - 2700]

A:
0.752516,0.748013,0.759374,0.761615,0.761905,0.759013,0.759301,0.760167,0.760456,0.746896,0.759662,0.755073
0.752021,0.756215,0.751809,0.752304,0.750469,0.752729,0.753225,0.760529,0.755073,0.75054,0.757576,0.754006
0.756573,0.746965,0.753083,0.750117,0.754788,0.748153,0.757145,0.753864,0.762268,0.751738,0.752375,0.758006


B:
66.1931,67.5924,64.9738,62.3761,57.7142,66.9829,64.4646,62.2197,66.9963,66.8939,69.4429,62.5296
61.3086,60.2041,66.2625,65.5822,65.8537,64.095,62.96,62.0305,71.5904,62.454,64.394,67.0122
67.2782,66.1998,70.2346,70.2391,70.469,64.8556,64.528,68.413,67.8894,66.6603,73.6105,65.1696


