========================================================

Test10 results 11-30-2004  16:13:08
Board ID266  30 channels
HV Tests Software Ver.1.4

+5V 2731 - O'k
-5V 1341 - O'k
Interlock - On

Voltmeter channel: A=1.083424, B=10.834251

A:
1.05042,1.077586,1.078167,1.077006,1.074114,1.078167,1.074114,1.075269,1.072386,1.070091
1.072386,1.070664,1.071811,1.077586,1.070091,1.071237,1.088139,1.073537,1.067236,1.077006
1.071811,1.074691,1.075847,1.081081,1.085187,1.077006,1.077586,1.067236,1.078749,1.078167


B:
22.058834,15.086329,11.859968,16.154871,10.741177,4.312799,12.889404,7.526706,11.796368,10.700718
5.362052,13.918636,7.502839,11.85357,9.630627,11.783437,8.705064,13.95582,12.806949,3.230799
12.861896,15.04556,5.379094,11.89207,11.937052,15.077866,11.85357,13.874185,6.472301,9.703633
========================================================

Test10 results 01-13-2005  10:35:37
Board ID266  30 channels
HV Tests Software Ver.1.6

+5V 2734 - O'k
-5V 1345 - O'k
Interlock - On

Voltmeter channel: A=1.084011, B=10.840111

A:
Limits 1.1 +/- 0.1
1.072961,1.078749,1.078167,1.077586,1.073537,1.078749,1.074114,1.074691,1.072386,1.070664
1.072386,1.071237,1.070664,1.078749,1.070664,1.072386,1.088139,1.073537,1.067806,1.076426
1.071811,1.075269,1.077006,1.080497,1.085776,1.076426,1.077586,1.067236,1.078167,1.078167


B:
Limits 0.0 +/- 30.0
9.656813,12.944794,12.938135,16.163914,12.882283,4.314804,13.963518,10.746796,11.796368,10.706645
5.362052,12.854673,10.706645,9.708548,9.635981,10.723982,9.793203,15.029358,12.813711,5.382121
13.933707,13.978319,3.230799,15.126966,11.943543,17.222809,12.931156,14.941421,8.625466,11.859968
