========================================================

Test11 results 11-30-2004  16:14:36
Board ID266  30 channels
HV Tests Software Ver.1.4

+5V 2732 - O'k
-5V 1341 - O'k
Interlock - On
Calibration DAC Range: [2500 - 2900]


A:
0.753296,0.736648,0.736648,0.735294,0.738007,0.736648,0.736648,0.736648,0.740741,0.742115
0.740741,0.740741,0.742115,0.736648,0.742115,0.742115,0.729927,0.739372,0.743494,0.738007
0.740741,0.740741,0.736648,0.738007,0.732601,0.739372,0.735294,0.743494,0.736648,0.736648


B:
59.588001,59.039543,57.395035,65.789848,63.64328,66.981895,69.052818,66.676514,57.715118,60.983185
64.929024,64.723763,61.052578,60.685852,60.189072,57.214268,65.231895,63.956524,56.22303,64.811729
57.715118,47.750023,69.115044,58.871094,56.953205,51.549309,67.316086,62.574318,64.599113,58.245346
========================================================

Test11 results 01-13-2005  10:37:14
Board ID266  30 channels
HV Tests Software Ver.1.6

+5V 2734 - O'k
-5V 1344 - O'k
Interlock - On
Calibration DAC Range: [2500 - 2900]


A:
Limits 0.76 +/- 0.04
0.739372,0.736648,0.735294,0.735294,0.739372,0.733945,0.736648,0.739372,0.739372,0.742115
0.739372,0.740741,0.742115,0.733945,0.742115,0.739372,0.729927,0.739372,0.744879,0.735294
0.743494,0.738007,0.736648,0.738007,0.732601,0.736648,0.735294,0.743494,0.736648,0.733945


B:
Limits 70.0 +/- 30.0
62.369114,56.712521,61.828129,64.205086,56.935745,73.539642,65.944901,55.346531,60.654625,58.600842
68.516045,63.137569,58.736908,68.78656,57.87431,65.346275,62.895275,61.639309,50.062958,72.920906
47.084003,55.836185,67.591393,58.132729,55.364952,57.339104,65.847473,60.842461,62.216522,65.672668
