========================================================

Test11 results 02-20-2006  15:53:22
Board ID343  30 channels
HV Tests Software Ver.1.6

+5V 2533 - O'k
-5V 1315 - O'k
Interlock - On
Calibration DAC Range: [2500 - 2900]


A:
Limits 0.76 +/- 0.04
0.743494,0.750469,0.749064,0.746269,0.747664,0.747664,0.753296,0.749064,0.746269,0.749064
0.740741,0.75188,0.744879,0.754717,0.740741,0.744879,0.742115,0.742115,0.747664,0.743494
0.743494,0.749064,0.746269,0.747664,0.747664,0.750469,0.746269,0.742115,0.747664,0.749064


B:
Limits 60.0 +/- 40.0
58.57386,53.615532,60.302002,67.470917,57.350117,68.900749,53.500576,51.549881,51.707809,61.273811
63.103573,50.517128,57.159313,60.271919,64.640396,54.819744,63.114952,65.521751,61.930103,63.899395
58.57386,67.440056,61.205429,70.653999,51.719639,58.737999,62.574253,52.947651,49.608257,57.976173
========================================================
Test11 (DAC Calibration) results 2008-02-04 11:37:05
Board ID343 30 channels
Linux calibration software
Calibration DAC Range: [1100 - 2700]

A:
0.743149,0.747314,0.747594,0.746965,0.745712,0.747803,0.749274,0.747314,0.744186,0.748013
0.741152,0.748363,0.74384,0.753509,0.740741,0.743149,0.74184,0.742184,0.746826,0.744879
0.743149,0.749344,0.745434,0.748013,0.745434,0.749836,0.746269,0.740809,0.744325,0.748713


B:
62.861,67.8095,68.4702,69.9346,67.9345,71.0228,71.5461,58.9911,62.6047,69.238
66.0923,68.0075,64.5745,67.9946,68.1482,65.5364,67.9525,69.7004,67.8863,61.6388
63.307,70.1014,66.0828,73.1276,62.8028,64.4765,65.6717,60.4964,65.8356,63.781


========================================================
Test11 (ADC Calibration) results 2008-06-19 12:56:33
Board ID343 30 channels
Linux calibration software

Calibration DAC Range: [1000 - 3500]

A:
0.7312,0.7368,0.7336,0.7344,0.732,0.7356,0.7376,0.7384,0.7328,0.7364
0.7276,0.7364,0.732,0.7416,0.728,0.7344,0.73,0.73,0.7312,0.7612
0.7312,0.738,0.7328,0.7352,0.7296,0.7336,0.734,0.7292,0.732,0.7364


B:
64.8001,67.2,69.3999,71.6001,69,73.4,72.3999,58.6001,63.2,70.6
67.4001,68.6,66,69.4001,70.0001,64.6001,68.9999,71.9999,70.8001,38.8
64.8001,71.0001,66.2,75.8,63.4,65.3999,66.9999,61.8,68,64.6


========================================================
Test11 (ADC Calibration) results 2008-07-17 10:58:43
Board ID343 30 channels
Linux calibration software

Calibration DAC Range: [1000 - 3500]

A:
0.7308,0.7392,0.7332,0.7344,0.7316,0.7352,0.7372,0.7384,0.732,0.7356
0.7268,0.736,0.7312,0.7412,0.728,0.734,0.7296,0.73,0.7308,0.7788
0.7312,0.738,0.7324,0.7356,0.7328,0.7328,0.7332,0.7292,0.7316,0.7356


B:
65.2001,63.8,68.7999,70.6001,69.4,72.8,73.7999,58.6001,64,71.4
68.1999,68,66.8001,69.8001,70.0001,64.9999,69.4,70.9999,70.2001,32.2
63.8001,70.0001,66.6,74.4,60.2,66.2,68.7999,61.8,68.4,65.4


========================================================
Test11 (ADC Calibration) results 2008-07-20 18:37:46
Board ID343 30 channels
Linux calibration software

Calibration DAC Range: [1000 - 3500]

A:
0.7308,0.7412,0.7328,0.734,0.732,0.7352,0.7376,0.7396,0.7324,0.736
0.7552,0.7356,0.7316,0.7412,0.728,0.7364,0.7296,0.73,0.7312,0.7888
0.7316,0.738,0.7548,0.7356,0.75,0.7332,0.7336,0.7292,0.732,0.736


B:
65.2001,63.8001,70.2,71.9999,68,72.8,72.3999,58.4,63.6,71
39.7999,69.4,66.4,69.8001,70.0001,62.6,69.4,70.9999,69.8001,34.2
63.4,70.0001,44.1999,74.4,43,65.7999,68.3999,61.8,67,65


========================================================
Test11 (ADC Calibration) results 2008-07-23 18:19:51
Board ID343 30 channels
Linux calibration software

Calibration DAC Range: [1000 - 3500]

A:
0.7308,0.7416,0.7328,0.7344,0.7324,0.7352,0.7376,0.7404,0.7324,0.736
0.74,0.7356,0.732,0.7412,0.728,0.7368,0.7292,0.7304,0.7308,0.7868
0.7316,0.7376,0.7404,0.7356,0.7396,0.7332,0.734,0.7288,0.732,0.7364


B:
65.2001,62.4001,70.2,71.6001,67.6,72.8,72.3999,56.5999,63.6,71
63,69.4,66,69.8001,70.0001,61.1999,70.8,69.5999,70.2001,35.1999
63.4,70.3999,57.5999,74.4,54.4,65.7999,66.9999,63.2,68,63.6


========================================================
Test11 (ADC Calibration) results 2008-07-24 23:03:59
Board ID343 30 channels
Linux calibration software

Calibration DAC Range: [1000 - 3500]

A:
0.7308,0.7416,0.7328,0.7344,0.732,0.7352,0.7376,0.7388,0.7324,0.736
0.7412,0.736,0.7312,0.7412,0.728,0.736,0.7292,0.73,0.7304,0.7824
0.7316,0.738,0.7472,0.7356,0.7408,0.7332,0.734,0.7288,0.732,0.736


B:
65.2001,64.4001,70.2,71.6001,69,72.8,73.3999,60.2,63.6,71
60.8001,69,67.8001,70.8001,70.0001,63,70.8,70.9999,71.5999,44.6
64.4,70.0001,51.8,74.4,58.1999,65.7999,66.9999,63.2,68,65


