========================================================

Test10 results 09-29-2006  11:22:03
Board ID011  36 channels
HV Tests Software Ver.1.6.8

+5V 2515 - O'k
-5V 1315 - O'k
Interlock - On
Number of Samples: 400

Voltmeter channel: A=1.072961, B=12.875696

A:
Limits 1.1 +/- 0.1
1.084599,1.082251,1.081081,1.076426,1.090513,1.079914,1.079914,1.078749,1.077006,1.079331,1.077586,1.074691
1.035733,1.069519,1.084011,1.066667,1.078167,1.078167,1.079331,1.079914,1.074691,1.077006,1.082251,1.077586
1.084599,1.064963,1.080497,1.072386,1.079331,1.076426,1.089918,1.087548,1.084011,1.086366,1.081666,1.078749


B:
Limits 0.0 +/- 30.0
16.269119,8.658047,5.405584,4.305695,7.633686,14.038843,14.038843,5.393553,12.923853,14.031348,8.620811,12.896177
46.608109,4.278192,3.252035,24.533127,10.781801,10.781801,8.634694,12.958929,12.896177,8.615829,16.233805,6.465639
6.507732,14.90941,11.885475,7.506824,15.11068,16.146383,10.899183,13.050716,11.924122,4.345641,7.571701,5.393553
Channels:
  13
Out of range 0.0 +/- 30.0
========================================================
Test10 (ADC Calibration) results 2008-01-24 06:32:07
Board ID11 36 channels
Linux calibration software

Voltmeter channel: A=1.06936, B=13.5448

A:
1.08191,1.07875,1.07847,1.07425,1.08702,1.07757,1.07743,1.07592,1.07445,1.07686,1.07497,1.07065
1.05869,1.06714,1.08119,1.0724,1.07616,1.07484,1.077,1.07801,1.07407,1.07445,1.0804,1.07606
1.08215,1.06492,1.07956,1.07103,1.07767,1.07491,1.08798,1.08581,1.08131,1.08497,1.07988,1.07545


B:
10.7463,5.55178,1.00804,-0.857266,5.00234,9.12873,8.66266,1.52169,6.8149,8.87985,4.232,11.0692
36.9309,-1.00075,-1.52552,8.60268,3.89093,7.1085,4.43836,7.37073,4.11584,5.03824,9.84631,-0.780357
1.51716,6.38053,4.21234,0.31854,9.72176,8.81279,5.9405,6.95603,6.84624,-2.58841,-4.08501,1.74155


========================================================
Test10 (ADC Calibration) results 2008-01-24 10:12:29
Board ID11 36 channels
Linux calibration software

Voltmeter channel: A=1.06936, B=13.5448

A:
1.083,1.07964,1.07901,1.0734,1.08712,1.07801,1.07797,1.07636,1.07479,1.07696,1.07508,1.07089
1.06744,1.06683,1.08068,1.07169,1.07586,1.07538,1.0766,1.07801,1.07431,1.07425,1.0796,1.07535
1.08195,1.06492,1.07936,1.07103,1.07726,1.07505,1.08833,1.08596,1.081,1.08396,1.07978,1.07599


B:
9.06447,3.54305,-0.369592,0.896445,4.67323,7.76076,6.88948,-0.120337,6.37619,8.95025,4.30392,10.7645
21.5479,-0.614705,-0.0789474,9.70279,3.87785,5.74377,5.75918,7.37073,3.81043,5.49731,11.2738,-0.0767275
1.69313,6.18058,4.47284,0.31854,10.2389,8.63558,5.00743,7.17125,7.23267,-0.387308,-3.95581,-0.0323863


========================================================
Test10 (ADC Calibration) results 2008-06-19 12:08:44
Board ID011 36 channels
Linux calibration software

Voltmeter channel: A=1.07, B=0

A:
1.09977,1.09666,1.09602,1.09074,1.10523,1.09474,1.09556,1.09365,1.09183,1.09401,1.09283,1.08921
1.08186,1.08445,1.09876,1.0792,1.09265,1.09337,1.09529,1.0951,1.08957,1.09174,1.0973,1.09219
1.09941,1.08088,1.09519,1.08768,1.09447,1.09192,1.10541,1.10263,1.09895,1.10171,1.09666,1.09383


B:
10.8651,3.83151,0.03508,-0.336939,3.03237,7.78147,5.71499,-1.27909,6.07957,8.2303,2.75696,8.49368
19.5841,-1.43912,-1.84029,16.1973,4.89099,4.87805,3.55634,6.1333,5.98204,3.32466,10.2658,0.503513
0.645315,5.34856,6.26858,0.549064,10.4399,8.83498,4.63185,7.38371,5.02408,-1.25038,1.6382,-0.572397


