========================================================

Test11 results 09-29-2006  11:27:15
Board ID011  36 channels
HV Tests Software Ver.1.6.8

+5V 2517 - O'k
-5V 1315 - O'k
Interlock - On
Calibration DAC Range: [2500 - 2900]
Number of Samples: 400

A:
Limits 0.76 +/- 0.04
0.742115,0.744879,0.743494,0.747664,0.739372,0.746269,0.746269,0.746269,0.747664,0.746269,0.746269,0.747664
0.775194,0.753296,0.743494,0.754717,0.747664,0.747664,0.746269,0.746269,0.747664,0.749064,0.743494,0.746269
0.742115,0.756144,0.744879,0.75188,0.744879,0.746269,0.739372,0.740741,0.743494,0.739372,0.747664,0.746269


B:
Limits 60.0 +/- 30.0
51.469582,57.529022,62.664352,62.176342,52.169903,50.317665,51.123512,59.832047,48.651955,50.244606,62.892548,57.191128
33.912792,60.035084,58.199028,47.862392,53.638813,57.669369,50.244606,47.899944,60.486431,48.075218,57.17981,62.972351
60.323505,49.362476,50.868214,51.323341,54.747368,57.913357,51.363564,51.430939,53.363228,71.833649,59.768158,56.611938
========================================================
Test11 (DAC Calibration) results 2008-01-24 06:32:07
Board ID11 36 channels
Linux calibration software
Calibration DAC Range: [1100 - 2700]

A:
0.743149,0.744948,0.746269,0.749204,0.740398,0.746896,0.746617,0.747664,0.749064,0.747384,0.747943,0.750962
0.759446,0.753438,0.744394,0.750117,0.747873,0.747664,0.747664,0.746965,0.748573,0.749064,0.744186,0.747943
0.743356,0.756144,0.746269,0.751456,0.746826,0.748363,0.739372,0.741221,0.743564,0.741427,0.749064,0.748363


B:
58.8481,68.8425,63.4329,68.0466,60.4812,58.9767,61.4559,65.9813,55.0562,57.5486,67.6889,56.9136
43.6111,70.8044,66.9302,64.6883,64.4947,69.2709,55.514,55.7422,66.9692,58.8015,65.1348,67.988
65.9914,58.034,55.9702,63.141,57.7294,60.5238,61.9224,59.0291,64.9595,73.8647,69.2884,61.2722


========================================================
Test11 (DAC Calibration) results 2008-01-24 10:12:29
Board ID11 36 channels
Linux calibration software
Calibration DAC Range: [1100 - 2700]

A:
0.743149,0.745087,0.746269,0.749415,0.740329,0.746965,0.746617,0.747733,0.749204,0.747314,0.747873,0.751174
0.753225,0.75365,0.74474,0.75061,0.748083,0.747664,0.747943,0.746965,0.748783,0.749204,0.74474,0.748433
0.743494,0.756144,0.746408,0.751456,0.747105,0.748643,0.739508,0.741496,0.743771,0.742115,0.749134,0.748363


B:
58.2535,68.5014,63.1345,68.0563,60.7255,59.4771,61.4559,65.8847,54.8606,57.4965,67.6357,56.6196
55.4278,70.5135,65.8535,63.8583,64.5036,68.9719,54.525,55.7422,66.6791,58.4568,64.0662,67.4616
65.0557,58.1851,55.7754,63.141,57.3404,60.1347,61.2868,58.3464,64.6708,71.4286,69.1918,61.2722


