========================================================

Test10 results 10-09-2005  22:50:40
Board ID001  30 channels
HV Tests Software Ver.1.6.1

+5V 4064 - O'k
-5V 4095 - O'k
Interlock - Off

Voltmeter channel: A=0.0, B=0.0

A:
Limits 1.1 +/- 0.1
0.0,0.0,0.0,0.0,0.0,0.0,0.0,0.0,0.0,0.0
0.0,0.0,0.0,0.0,0.0,0.0,0.0,0.0,0.0,0.0
0.0,0.0,0.0,0.0,0.0,0.0,0.0,0.0,0.0,0.0
Channels:
     1     2     3     4     5     6     7
     8     9    10    11    12    13    14
    15    16    17    18    19    20    21
    22    23    24    25    26    27    28
Out of range 1.1 +/- 0.1


B:
Limits 0.0 +/- 30.0
0.0,0.0,0.0,0.0,0.0,0.0,0.0,0.0,0.0,0.0
0.0,0.0,0.0,0.0,0.0,0.0,0.0,0.0,0.0,0.0
0.0,0.0,0.0,0.0,0.0,0.0,0.0,0.0,0.0,0.0
