========================================================

Test11 results 12-28-2004  11:31:51
Board ID001  30 channels
HV Tests Software Ver.1.6

+5V 3066 - O'k
-5V 1383 - O'k
Interlock - On
Calibration DAC Range: [2500 - 2900]


A:
Limits 0.76 +/- 0.01
0.0,0.0,0.0,0.0,0.0,0.0,0.0,0.0,0.0,0.0
0.0,0.0,0.0,0.0,0.0,0.0,0.0,0.0,0.0,0.0
0.0,0.0,0.0,0.0,0.0,0.0,0.0,0.0,0.0,0.0
Channels:
   1   2   3   4   5   6   7
   8   9  10  11  12  13  14
  15  16  17  18  19  20  21
  22  23  24  25  26  27  28
Out of range 0.76 +/- 0.01


B:
Limits 70.0 +/- 30.0
0.0,0.0,0.0,0.0,0.0,0.0,0.0,0.0,0.0,0.0
0.0,0.0,0.0,0.0,0.0,0.0,0.0,0.0,0.0,0.0
0.0,0.0,0.0,0.0,0.0,0.0,0.0,0.0,0.0,0.0
Channels:
   1   2   3   4   5   6   7
   8   9  10  11  12  13  14
  15  16  17  18  19  20  21
  22  23  24  25  26  27  28
Out of range 70.0 +/- 30.0
========================================================

Test11 results 01-11-2005  17:26:56
Board ID001  30 channels
HV Tests Software Ver.1.6

+5V 2502 - O'k
-5V 1305 - O'k
Interlock - On
Calibration DAC Range: [2500 - 2900]


A:
Limits 0.76 +/- 0.03
0.0,0.0,0.0,0.0,0.0,0.0,0.0,0.0,0.0,0.0
0.0,0.0,0.0,0.0,0.0,0.0,0.0,0.0,0.0,0.0
0.0,0.0,0.0,0.0,0.0,0.0,0.0,0.0,0.0,0.0
Channels:
   1   2   3   4   5   6   7
   8   9  10  11  12  13  14
  15  16  17  18  19  20  21
  22  23  24  25  26  27  28
Out of range 0.76 +/- 0.03


B:
Limits 70.0 +/- 30.0
0.0,0.0,0.0,0.0,0.0,0.0,0.0,0.0,0.0,0.0
0.0,0.0,0.0,0.0,0.0,0.0,0.0,0.0,0.0,0.0
0.0,0.0,0.0,0.0,0.0,0.0,0.0,0.0,0.0,0.0
Channels:
   1   2   3   4   5   6   7
   8   9  10  11  12  13  14
  15  16  17  18  19  20  21
  22  23  24  25  26  27  28
Out of range 70.0 +/- 30.0
========================================================

Test11 results 01-20-2005  09:02:34
Board ID001  30 channels
HV Tests Software Ver.1.6

+5V 0 - O'k
-5V 0 - O'k
Interlock - On
Calibration DAC Range: [2500 - 2900]


A:
Limits 0.76 +/- 0.04
0.0,0.0,0.0,0.0,0.0,0.0,0.0,0.0,0.0,0.0
0.0,0.0,0.0,0.0,0.0,0.0,0.0,0.0,0.0,0.0
0.0,0.0,0.0,0.0,0.0,0.0,0.0,0.0,0.0,0.0
Channels:
   1   2   3   4   5   6   7
   8   9  10  11  12  13  14
  15  16  17  18  19  20  21
  22  23  24  25  26  27  28
Out of range 0.76 +/- 0.04


B:
Limits 70.0 +/- 30.0
0.0,0.0,0.0,0.0,0.0,0.0,0.0,0.0,0.0,0.0
0.0,0.0,0.0,0.0,0.0,0.0,0.0,0.0,0.0,0.0
0.0,0.0,0.0,0.0,0.0,0.0,0.0,0.0,0.0,0.0
Channels:
   1   2   3   4   5   6   7
   8   9  10  11  12  13  14
  15  16  17  18  19  20  21
  22  23  24  25  26  27  28
Out of range 70.0 +/- 30.0
========================================================

Test11 results 01-20-2005  12:43:17
Board ID001  30 channels
HV Tests Software Ver.1.6

+5V 0 - O'k
-5V 0 - O'k
Interlock - On
Calibration DAC Range: [2500 - 2900]


A:
Limits 0.76 +/- 0.04
0.0,0.0,0.0,0.0,0.0,0.0,0.0,0.0,0.0,0.0
0.0,0.0,0.0,0.0,0.0,0.0,0.0,0.0,0.0,0.0
0.0,0.0,0.0,0.0,0.0,0.0,0.0,0.0,0.0,0.0
Channels:
   1   2   3   4   5   6   7
   8   9  10  11  12  13  14
  15  16  17  18  19  20  21
  22  23  24  25  26  27  28
Out of range 0.76 +/- 0.04


B:
Limits 70.0 +/- 30.0
0.0,0.0,0.0,0.0,0.0,0.0,0.0,0.0,0.0,0.0
0.0,0.0,0.0,0.0,0.0,0.0,0.0,0.0,0.0,0.0
0.0,0.0,0.0,0.0,0.0,0.0,0.0,0.0,0.0,0.0
Channels:
   1   2   3   4   5   6   7
   8   9  10  11  12  13  14
  15  16  17  18  19  20  21
  22  23  24  25  26  27  28
Out of range 70.0 +/- 30.0
========================================================

Test11 results 07-14-2005  12:12:32
Board ID001  36 channels
HV Tests Software Ver.1.6

+5V 2499 - O'k
-5V 1312 - O'k
Interlock - On
Calibration DAC Range: [2500 - 2900]


A:
Limits 0.76 +/- 0.04
0.750469,0.753296,0.750469,0.754717,0.754717,0.754717,0.750469,0.754717,0.75188,0.75188,0.750469,0.747664
0.749064,0.753296,0.749064,0.747664,0.753296,0.747664,0.749064,0.75188,0.75188,0.750469,0.746269,0.749064
0.756144,0.747664,0.75188,0.753296,0.753296,0.749064,0.750469,0.750469,0.753296,0.75188,0.75188,0.749064


B:
Limits 60.0 +/- 30.0
38.988716,31.15164,45.227173,32.724014,29.880743,31.994356,43.532391,38.954853,34.421837,34.192566,46.603706,48.877388
40.527344,47.574257,48.152943,43.593544,39.742081,23.182474,56.13826,36.777336,48.26516,51.445477,50.317665,49.037884
34.10207,59.119976,29.851633,34.395264,34.078201,45.001976,41.417297,45.717472,46.129459,44.310818,53.163574,38.317276
Channels:
   5  18  27
Out of range 60.0 +/- 30.0
========================================================

Test11 results 07-14-2005  12:16:48
Board ID001  36 channels
HV Tests Software Ver.1.6

+5V 2499 - O'k
-5V 1313 - O'k
Interlock - On
Calibration DAC Range: [2500 - 2900]


A:
Limits 0.76 +/- 0.04
0.747664,0.750469,0.749064,0.75188,0.750469,0.749064,0.75188,0.749064,0.744879,0.749064,0.749064,0.744879
0.749064,0.754717,0.747664,0.750469,0.75188,0.742115,0.749064,0.744879,0.75188,0.749064,0.747664,0.747664
0.75188,0.747664,0.746269,0.749064,0.753296,0.750469,0.746269,0.749064,0.753296,0.747664,0.75188,0.744879


B:
Limits 60.0 +/- 40.0
49.68401,40.454292,51.300438,42.695633,43.610622,51.221069,38.163063,58.058834,58.692532,45.001976,49.766281,58.111687
39.644596,41.297127,52.755344,32.875401,44.310818,42.110527,56.056332,59.571075,50.601936,55.413521,44.917835,52.678131
48.904514,58.314812,51.123512,49.766281,34.966854,39.645561,55.730846,50.494133,47.024185,58.958981,53.337227,54.159794
========================================================

Test11 results 08-22-2005  16:41:54
Board ID001  36 channels
HV Tests Software Ver.1.6

+5V 2510 - O'k
-5V 1312 - O'k
Interlock - On
Calibration DAC Range: [2500 - 2900]


A:
Limits 0.76 +/- 0.04
0.747664,0.750469,0.749064,0.75188,0.747664,0.749064,0.75188,0.753296,0.754717,0.754717,0.75188,0.75188
0.744879,0.750469,0.750469,0.750469,0.750469,0.740741,0.750469,0.749064,0.747664,0.746269,0.749064,0.744879
0.754717,0.753296,0.742115,0.753296,0.75188,0.754717,0.75188,0.749064,0.747664,0.747664,0.750469,0.754717


B:
Limits 60.0 +/- 40.0
48.446056,37.444721,46.61623,30.366348,52.755344,49.609192,34.192566,40.468708,24.345108,29.880743,36.699505,32.875305
52.620571,55.694164,42.226948,31.324076,42.569019,43.548813,40.838688,45.230572,62.0942,62.812931,38.099285,60.876068
37.977367,36.989498,51.534626,31.962685,37.19788,24.926254,34.575111,45.656124,62.012241,57.270531,57.694744,38.06139
