========================================================

Test10 results 09-26-2006  21:09:20
Board ID128  36 channels
HV Tests Software Ver.1.6.8

+5V 3093 - O'k
-5V 1378 - O'k
Interlock - On
Number of Samples: 400

Voltmeter channel: A=1.070664, B=7.494653

A:
Limits 1.1 +/- 0.1
1.067806,1.075847,1.072386,1.067236,1.053741,1.070091,1.066098,1.075847,1.067236,1.049318,1.068947,1.059322
1.066098,1.072961,1.073537,1.074691,1.071811,1.071237,1.070664,1.068376,1.064963,1.072386,1.071237,1.067806
1.058761,1.061008,1.074114,1.068947,1.048218,1.084011,1.067806,1.089325,1.075269,1.072961,1.077586,1.070091


B:
Limits 0.0 +/- 30.0
9.610294,8.606635,11.796368,13.874185,12.645041,14.981082,11.727031,12.910025,13.874185,18.887674,12.827404,13.771316
13.859226,17.167542,13.95582,10.746796,13.933707,10.712199,11.777308,12.820528,14.90941,10.723982,17.139624,13.881516
7.411367,13.793032,11.81529,10.689509,38.784134,11.924122,10.6781,16.339962,11.827781,9.656813,5.388053,8.560535
Channels:
  29
Out of range 0.0 +/- 30.0
========================================================
Test10 (ADC Calibration) results 2007-06-08 21:22:32
Board ID128 36 channels
Linux calibration software

Voltmeter channel: A=1.0798, B=-15.5108

A:
1.07994,1.09226,1.06986,1.08314,1.07079,1.0857,1.07917,1.0929,1.08359,1.06299,1.0846,1.06155
1.08362,1.0921,1.06555,1.0905,1.08713,1.08378,1.0865,1.08506,1.08138,1.09274,1.08602,1.08298
1.0753,1.07658,1.07565,1.06555,1.03073,1.09851,1.08314,1.10235,1.0913,1.08922,1.09466,1.08697


B:
10.2913,-32.903,32.9843,-19.3874,-30.8026,-20.8168,-14.9671,-22.5212,-26.5173,-17.433,-18.7351,27.3395
-22.7808,8.86268,21.4695,-25.7969,-23.9317,-9.39306,-14.2775,-25.5261,-21.6453,-12.79,-19.3479,-23.0928
-34.2033,-23.9241,16.3632,12.298,55.5106,-20.3851,-28.0213,-24.7566,-30.8139,-29.7444,-31.1097,-34.5323


========================================================
Test10 (ADC Calibration) results 2007-07-13 14:38:37
Board ID128 36 channels
Linux calibration software

Voltmeter channel: A=1.06824, B=2.00524

A:
1.0662,1.07329,1.07129,1.06586,1.05176,1.06847,1.06573,1.0743,1.06529,1.05218,1.06767,1.05171
1.06476,1.07182,1.05806,1.07343,1.07212,1.06837,1.06978,1.06687,1.06406,1.07162,1.06938,1.0663
1.0562,1.05931,1.06673,1.05753,1.05873,1.08183,1.06586,1.08861,1.07319,1.07118,1.07481,1.06854


B:
3.06723,4.41825,5.39863,7.16573,8.60526,8.80579,3.73394,5.52811,6.83637,13.3451,5.31078,20.4534
6.84946,10.4198,23.333,4.02131,3.74291,7.34013,5.12436,5.60809,6.75173,3.07862,12.6416,6.80655
3.78725,7.64908,20.3807,16.6462,16.5845,5.93382,6.36568,10.8017,6.22027,2.9279,3.16658,2.57978


========================================================
Test10 (ADC Calibration) results 2007-10-03 10:50:10
Board ID128 36 channels
Linux calibration software

Voltmeter channel: A=1.06739, B=3.59572

A:
1.06727,1.07289,1.07108,1.06576,1.05218,1.06901,1.06616,1.07306,1.06529,1.05683,1.06707,1.0507
1.06362,1.07142,1.05683,1.07283,1.07182,1.06837,1.06941,1.06637,1.06365,1.07112,1.06931,1.06576
1.05686,1.05974,1.0675,1.05733,1.06138,1.08153,1.06536,1.08886,1.07269,1.07132,1.07451,1.0675


B:
0.626472,4.3342,5.05649,6.49466,7.25829,7.31429,2.37667,7.59633,6.90167,9.97687,6.35119,21.7455
9.37204,10.9378,24.7769,4.19798,3.93253,6.73989,5.3969,5.65391,6.20372,3.5971,11.7264,7.56042
1.8835,6.29506,17.9254,16.3039,14.1929,7.20217,5.1453,10.0875,6.66484,2.35276,3.5531,3.38794


========================================================
Test10 (ADC Calibration) results 2007-10-03 14:55:15
Board ID128 36 channels
Linux calibration software

Voltmeter channel: A=1.06765, B=2.69413

A:
1.06687,1.07353,1.07098,1.06576,1.05165,1.06857,1.06586,1.07349,1.06573,1.05208,1.06677,1.0503
1.06426,1.07186,1.05663,1.07229,1.07182,1.06797,1.06854,1.0671,1.06386,1.07028,1.06867,1.06576
1.05653,1.06027,1.06717,1.0567,1.05773,1.08153,1.0665,1.08936,1.07333,1.07035,1.07505,1.06781


B:
1.14212,2.43949,6.45679,6.49466,7.9334,7.87631,3.36332,5.96035,5.47571,22.1264,6.27099,22.2623
7.29403,10.3736,25.4348,5.96401,4.13248,7.65623,6.78897,4.70699,5.74582,5.47783,12.747,7.56042
2.30727,4.55134,17.9553,18.3693,16.7313,6.12064,3.28196,9.44395,5.84449,4.67533,1.38539,2.99894


========================================================
Test10 (ADC Calibration) results 2008-06-17 15:59:18
Board ID128 36 channels
Linux calibration software

Voltmeter channel: A=1.07, B=0

A:
1.08351,1.09017,1.03901,1.08253,1.05649,1.08548,1.0811,1.09062,1.08217,1.06817,1.0845,1.06774
1.08146,1.08954,1.07377,1.09062,1.0845,1.08557,1.08647,1.08333,1.0803,1.08773,1.08674,1.08226
1.0728,1.07614,1.08378,1.07333,1.07403,1.09884,1.08271,1.09353,1.08981,1.08728,1.09216,1.08575


B:
2.60036,3.5935,31.1723,6.763,19.115,8.57988,4.62789,7.53721,7.5276,17.7431,6.67163,17.2934
7.54038,10.934,21.3446,3.17472,7.97298,6.54259,5.05874,6.01643,7.31858,4.10861,11.112,8.95978
2.92404,6.66871,15.5725,14.6653,13.798,6.56455,5.29817,19.2943,6.54386,5.61321,1.09256,3.11937


========================================================
Test10 (ADC Calibration) results 2008-07-06 16:58:46
Board ID128 36 channels
Linux calibration software

Voltmeter channel: A=1.07, B=0

A:
1.08387,1.09062,1.03885,1.08289,0.996584,1.08575,1.08101,1.09126,1.08289,1.06887,1.08468,1.06852
1.08173,1.08954,1.07403,1.09071,1.08217,1.0862,1.0871,1.0836,1.08093,1.08854,1.08737,1.08253
1.07359,1.07649,1.08387,1.07359,1.07394,1.09902,1.08298,1.06817,1.09026,1.088,1.09235,1.0862


B:
1.83309,2.73818,8.05722,5.99842,75.2107,8.11393,3.84616,6.51578,6.43147,15.5993,6.50546,15.2824
6.85946,10.7162,20.8864,3.30882,8.82615,5.74322,4.47498,5.76746,6.95563,3.13867,10.3141,8.27884
1.32282,6.76976,15.7067,14.6352,14.0944,6.39604,4.83252,23.9386,5.90824,4.51092,1.36151,2.7018


========================================================
Test10 (ADC Calibration) results 2008-07-16 21:23:30
Board ID128 36 channels
Linux calibration software

Voltmeter channel: A=1.07, B=0

A:
1.08459,1.09096,1.04071,1.08347,1.02716,1.08655,1.08171,1.09143,1.0831,1.06934,1.08514,1.0688
1.08245,1.07288,1.07508,1.09143,1.08245,1.08664,1.08757,1.08412,1.08124,1.08879,1.08804,1.08338
1.0738,1.07719,1.08487,1.07434,1.07499,1.09979,1.08347,1.06152,1.09086,1.08804,1.09237,1.08664


B:
0.949277,2.64758,11.2582,5.67392,46.6721,7.5973,4.06634,6.79498,6.0188,16.4425,5.85381,16.3064
5.75689,26.4481,19.7043,3.08396,9.65354,5.55528,3.38371,5.06919,6.22785,3.342,9.91252,7.06044
1.77181,5.90871,14.792,13.9336,13.1241,5.91134,4.1573,27.5436,5.571,4.90768,1.77476,2.51264


