========================================================

Test11 results 09-26-2006  21:12:10
Board ID128  36 channels
HV Tests Software Ver.1.6.8

+5V 3093 - O'k
-5V 1379 - O'k
Interlock - On
Calibration DAC Range: [2500 - 2900]
Number of Samples: 400

A:
Limits 0.76 +/- 0.04
0.753296,0.747664,0.749064,0.754717,0.763359,0.75188,0.754717,0.747664,0.753296,0.766284,0.750469,0.759013
0.753296,0.750469,0.749064,0.747664,0.749064,0.750469,0.75188,0.75188,0.754717,0.749064,0.750469,0.753296
0.759013,0.757576,0.749064,0.750469,0.766284,0.743494,0.753296,0.738007,0.747664,0.747664,0.747664,0.75188


B:
Limits 60.0 +/- 30.0
56.540058,56.545864,58.779369,49.473351,57.313061,49.374256,55.730721,54.132751,52.429852,48.862221,61.775051,52.092056
57.162594,45.479836,53.316837,56.387608,51.549881,56.498135,50.26326,56.440018,54.741077,56.369602,50.066746,53.322735
59.22504,55.373341,54.201778,64.181648,38.886879,50.139481,54.931396,54.893135,56.466644,63.37085,60.812077,53.397255
========================================================
Test11 (DAC Calibration) results 2007-06-08 21:22:32
Board ID128 36 channels
Linux calibration software
Calibration DAC Range: [2400 - 2900]

A:
0.744353,0.735959,0.751364,0.742154,0.751927,0.740405,0.743692,0.735528,0.744242,0.756226,0.739969,0.757252
0.741826,0.736067,0.75441,0.737146,0.740623,0.741716,0.739859,0.740841,0.743362,0.736822,0.740187,0.742263
0.747564,0.746676,0.746121,0.75441,0.781148,0.732953,0.742154,0.730396,0.736606,0.738012,0.735528,0.740732


B:
60.3461,91.418,42.4195,82.395,90.6332,81.0076,85.2884,83.7674,77.8,81.1897,85.6129,44.8919
85.7097,58.2675,50.202,84.611,75.5343,74.1697,75.3541,84.5057,84.0966,70.4547,79.1122,84.3436
91.1638,85.066,59.5407,60.3366,20.0841,77.5822,87.1948,83.1386,89.9001,87.5467,91.159,85.8048


