========================================================

Test10 results 10-25-2005  17:42:58
Board ID117  36 channels
HV Tests Software Ver.1.6

+5V 2504 - O'k
-5V 1323 - O'k
Interlock - On

Voltmeter channel: A=1.069519, B=9.625785

A:
Limits 1.1 +/- 0.1
1.075847,1.071811,1.070664,1.051525,1.071811,1.063264,1.074114,1.069519,1.077006,1.071811,1.068947,1.070664
1.072386,1.078167,1.072386,1.068376,1.072386,1.074691,1.069519,1.067236,1.064396,1.067806,1.071811,1.069519
1.068376,1.062699,1.063264,1.066098,1.074691,1.067236,1.072386,1.068947,1.057082,1.074691,1.079331,1.068947


B:
Limits 0.0 +/- 35.0
1.075704,9.646461,10.706645,9.463542,9.646461,12.75906,13.963518,6.417229,12.923853,4.287405,13.896351,1.07067
8.57921,17.250803,4.289666,18.162409,8.57921,16.120251,14.973378,13.874185,10.64415,10.6781,16.07733,3.208673
14.95728,15.940704,23.391703,8.528736,11.821486,7.470769,10.723982,13.896351,5.285555,11.821486,4.317371,10.689509
========================================================
Test10 (ADC Calibration) results 2008-01-16 18:03:03
Board ID117 36 channels
Linux calibration software

Voltmeter channel: A=0.978706, B=-1235.65

A:
1.06954,1.06778,1.06528,1.06758,1.07116,1.06859,1.06981,1.06258,1.06342,1.06663,1.07495,1.06799
1.07252,1.06978,1.05687,1.0744,1.07363,1.06964,1.07556,1.07228,1.04278,1.05134,1.0717,1.06457
1.07508,1.07028,1.07935,1.07025,1.06907,1.06964,1.07336,1.07941,1.07146,1.06798,1.0787,1.07332


B:
13.8859,6.18554,-3.9724,1.97829,13.7682,13.9004,10.9727,11.4032,28.3678,-4.49024,5.71469,-6.61383
11.9781,6.31363,-0.394878,7.85509,-2.93198,-4.58203,-5.18515,7.89882,50.9722,11.858,3.73626,-5.79319
7.37894,3.06896,-5.17212,10.4655,11.6776,8.90545,-3.53874,12.1468,2.797,14.6647,7.0081,23.4747


========================================================
Test10 (ADC Calibration) results 2008-01-17 14:52:17
Board ID117 36 channels
Linux calibration software

Voltmeter channel: A=0.979111, B=-1237.4

A:
1.07018,1.06788,1.06528,1.06778,1.07096,1.06859,1.06937,1.06234,1.06353,1.06653,1.0758,1.06711
1.07241,1.06978,1.05707,1.07396,1.07404,1.06964,1.07556,1.07204,1.069,1.05228,1.07146,1.06447
1.07508,1.07018,1.07935,1.07005,1.06907,1.06984,1.07272,1.07856,1.07146,1.06873,1.0789,1.07352


B:
12.868,6.9252,-3.77245,1.12115,14.0254,14.3003,12.3976,10.7016,28.2399,-2.89446,2.95648,-4.82572
12.3069,7.38341,-0.851329,9.29079,-3.17434,-4.98193,-5.18515,8.67376,17.857,10.0755,4.31119,-4.39951
7.17899,3.39795,-5.17212,11.1223,11.6776,8.64863,-1.6428,14.3066,2.59705,13.3218,6.55026,23.019


========================================================
Test10 (ADC Calibration) results 2008-01-17 15:12:50
Board ID117 36 channels
Linux calibration software

Voltmeter channel: A=0.979784, B=-1237.64

A:
1.07018,1.06782,1.06582,1.06832,1.07096,1.06859,1.06957,1.06224,1.06322,1.06694,1.0756,1.06744
1.07187,1.06978,1.05717,1.07366,1.07349,1.07018,1.07665,1.07248,1.04397,1.05144,1.07146,1.06437
1.07463,1.07018,1.07935,1.07005,1.06876,1.06994,1.07302,1.07876,1.07157,1.06788,1.0789,1.07416


B:
12.868,5.94206,-4.65917,0.435408,14.0254,13.9004,11.7424,11.0304,28.8243,-4.21085,3.61508,-4.85645
13.8683,7.38341,-1.17953,9.6759,-2.48209,-5.27233,-7.6519,7.24242,50.5078,11.5301,4.7111,-4.07039
8.13877,3.39795,-5.17212,11.1223,12.4649,8.12058,-2.0306,14.0495,2.66885,16.061,6.35031,21.8052


========================================================
Test10 (ADC Calibration) results 2008-01-17 15:22:52
Board ID117 36 channels
Linux calibration software

Voltmeter channel: A=0.97965, B=-1234.39

A:
1.06998,1.06768,1.06562,1.06788,1.07116,1.06839,1.06893,1.06234,1.06342,1.06684,1.0756,1.06755
1.07252,1.06923,1.05717,1.07396,1.07404,1.07018,1.076,1.07173,1.04217,1.05187,1.07201,1.06383
1.07443,1.07039,1.07816,1.06994,1.06897,1.06954,1.07336,1.07911,1.07092,1.06853,1.079,1.07352


B:
13.1259,7.18192,-4.00118,0.993081,13.7682,14.5562,12.5518,11.3017,28.3678,-4.082,3.61508,-5.18564
11.9781,8.07187,-1.17953,9.29079,-3.17434,-5.27233,-6.82645,9.25846,51.9403,11.1867,2.54963,-3.38295
9.46887,2.73997,-2.56947,11.4505,12.2068,9.0336,-3.53874,12.5334,3.28359,13.9788,6.22155,22.8187


========================================================
Test10 (ADC Calibration) results 2008-01-17 15:36:20
Board ID117 36 channels
Linux calibration software

Voltmeter channel: A=0.98085, B=-1238.79

A:
1.06944,1.06768,1.06538,1.06778,1.07062,1.06849,1.06862,1.06288,1.06332,1.06728,1.0756,1.06744
1.07197,1.06903,1.05623,1.0744,1.07404,1.07059,1.07556,1.07248,1.04681,1.05154,1.07201,1.06403
1.07463,1.07028,1.07925,1.06994,1.06832,1.06994,1.07336,1.07856,1.07092,1.06842,1.0788,1.07287


B:
13.8146,7.18192,-4.10154,1.12115,15.5269,14.4281,13.3345,9.15345,28.696,-5.30908,3.61508,-4.85645
13.7399,8.32932,0.811489,7.65514,-4.24837,-7.25915,-5.18515,7.24242,45.8808,11.2026,2.94954,-4.041
9.01307,3.06896,-5.04277,11.4505,13.0255,8.52048,-3.53874,13.228,3.48354,14.1071,6.47906,24.9051


========================================================
Test10 (ADC Calibration) results 2008-01-17 15:50:32
Board ID117 36 channels
Linux calibration software

Voltmeter channel: A=0.979906, B=-1235.85

A:
1.069,1.06748,1.06518,1.06788,1.07126,1.06893,1.07011,1.06265,1.06332,1.06599,1.0756,1.06744
1.07197,1.07002,1.05687,1.07451,1.07404,1.06964,1.07546,1.07194,1.04551,1.05154,1.07167,1.06437
1.07473,1.07028,1.07935,1.07005,1.06917,1.06964,1.07377,1.07921,1.07146,1.06863,1.0788,1.07406


B:
15.6429,6.37131,-3.44374,0.993081,13.4398,12.803,9.78935,10.7144,28.4961,-2.20616,3.61508,-4.85645
13.7399,6.2107,-0.194541,7.52668,-3.17434,-4.98193,-5.05591,9.00196,47.5152,11.2026,4.05409,-4.07039
8.01062,3.06896,-5.17212,11.1223,11.5488,8.90545,-4.45602,12.4049,2.797,13.4505,6.67901,22.3327


========================================================
Test10 (ADC Calibration) results 2008-01-17 16:38:38
Board ID117 36 channels
Linux calibration software

Voltmeter channel: A=1.06792, B=12.6752

A:
1.07566,1.07224,1.04825,1.05187,1.07076,1.06309,1.07538,1.07008,1.07761,1.07039,1.06856,1.06907
1.07333,1.07876,1.07062,1.06822,1.07387,1.074,1.07022,1.06842,1.06467,1.06785,1.07201,1.06903
1.06927,1.06339,1.06525,1.0664,1.07586,1.06842,1.07292,1.06903,1.05623,1.07451,1.079,1.0692


B:
-3.28698,3.3285,36.4725,4.87546,7.28235,9.8558,8.94585,1.78673,7.82458,2.39924,10.455,1.87797
2.34853,12.3708,2.59747,14.4955,1.76232,12.8735,10.5422,8.37548,5.71757,7.44359,10.9495,0.984165
9.51725,10.4347,15.2111,4.9422,5.42736,1.4439,4.82588,10.3984,2.86772,8.60119,1.22155,5.66993


========================================================
Test10 (ADC Calibration) results 2008-01-18 11:59:00
Board ID117 36 channels
Linux calibration software

Voltmeter channel: A=1.06792, B=12.6752

A:
1.07522,1.07214,1.06095,1.05251,1.07096,1.06403,1.07548,1.07028,1.07805,1.07093,1.069,1.06981
1.07333,1.07961,1.07028,1.06842,1.07312,1.07549,1.06947,1.06842,1.06488,1.06785,1.07231,1.06869
1.06971,1.06318,1.06481,1.0664,1.07596,1.06832,1.07292,1.06893,1.05623,1.07505,1.079,1.0692


B:
-2.92335,4.92958,19.5281,3.67105,7.02545,8.66336,8.81801,1.52849,7.26208,0.637214,9.02443,-0.540906
2.34853,10.8893,4.09763,14.2386,4.18664,9.89541,12.5612,8.37548,5.06178,7.44359,10.363,1.4164
8.96112,10.6924,15.5707,4.9422,5.2985,1.772,5.02583,10.7272,2.86772,7.91075,1.22155,5.66993


========================================================
Test10 (ADC Calibration) results 2008-06-17 15:59:19
Board ID117 36 channels
Linux calibration software

Voltmeter channel: A=1.07, B=0

A:
1.09207,1.08863,1.07596,1.06817,1.08827,1.08013,1.09144,1.08683,1.0938,1.08647,1.08584,1.08701
1.08972,1.09544,1.088,1.0853,1.08981,1.09207,1.08468,1.08468,1.08137,1.08396,1.08881,1.08575
1.08566,1.07977,1.08066,1.08271,1.09198,1.08405,1.08954,1.08539,1.07324,1.09144,1.09563,1.0862


B:
-1.9496,5.36913,20.0489,4.34311,6.3547,9.10019,9.98919,2.46429,9.13986,4.31816,9.45976,0.123889
3.71679,13.3363,2.68692,14.5135,4.2874,10.7187,12.4844,9.2304,6.00206,8.80609,11.3,1.72493
10.7105,12.2364,17.4684,6.49522,6.65174,3.95386,5.62663,10.7409,1.94594,9.55245,1.99508,6.30521


========================================================
Test10 (ADC Calibration) results 2008-07-16 21:23:30
Board ID117 36 channels
Linux calibration software

Voltmeter channel: A=1.07, B=0

A:
1.09303,1.08936,1.07737,1.0688,1.08879,1.08115,1.09209,1.08786,1.09483,1.08729,1.08664,1.08776
1.0902,1.09664,1.08851,1.08617,1.09039,1.09266,1.08338,1.08552,1.08208,1.08487,1.08992,1.08655
1.08701,1.08087,1.08198,1.08375,1.09294,1.08477,1.09039,1.08608,1.07398,1.09266,1.09645,1.08673


B:
-3.0558,4.48481,18.113,4.18386,5.65678,7.71971,9.61294,1.95123,7.76023,3.34097,8.72721,-0.572569
3.70532,12.032,2.43273,14.3703,3.53184,10.4059,13.0275,8.45497,4.91487,7.53742,10.069,0.337659
8.60024,11.2191,15.6042,5.09948,5.77508,3.06756,4.84025,10.1114,1.4663,8.22059,1.45935,6.03286


