========================================================

Test10 results 03-17-2005  12:54:24
Board ID306  30 channels
HV Tests Software Ver.1.6

+5V 2505 - O'k
-5V 1305 - O'k
Interlock - On

Voltmeter channel: A=1.079331, B=10.793356

A:
Limits 1.1 +/- 0.1
1.075847,1.074691,1.071237,1.080497,1.086366,1.077006,1.075269,1.084011,1.069519,1.072386
1.074691,1.082251,1.072386,1.081666,1.079331,1.068376,1.077006,1.080497,1.078749,1.074114
1.077006,1.078167,1.075269,1.079331,1.077586,1.074114,1.072386,1.082251,1.068376,1.074691


B:
Limits 0.0 +/- 30.0
7.530788,6.448031,8.569725,8.643984,7.604739,10.769841,10.752512,10.840111,10.695304,8.57921
18.269632,7.575796,7.506824,4.326704,7.555364,16.025656,7.538823,6.48299,8.629799,7.518835
8.615829,9.703633,13.978319,8.634694,15.086329,12.889404,9.651596,8.658047,9.6154,9.672105
========================================================
Test10 (ADC Calibration) results 2007-09-04 10:18:12
Board ID306 30 channels
Linux calibration software

Voltmeter channel: A=1.07359, B=-1380.88

A:
1.07673,1.07467,1.06999,1.07937,1.07154,1.07766,1.07619,1.08462,1.07016,1.07188
1.07847,1.08109,1.07457,1.08103,1.07806,1.06754,1.07709,1.07913,1.0754,1.07262
1.07591,1.07841,1.07608,1.07886,1.07843,1.07413,1.07195,1.08204,1.06744,1.07403


B:
2.01711,3.01698,7.03656,7.11472,14.9099,5.81652,4.09172,6.53352,6.10581,5.40594
13.5544,6.85451,2.99644,1.84974,6.78107,14.4265,3.21374,4.78019,7.86377,6.63071
7.72163,5.78971,10.0399,7.55726,9.71094,7.78079,5.48269,5.76505,7.754,5.90862


========================================================
Test10 (ADC Calibration) results 2007-09-04 11:29:02
Board ID306 30 channels
Linux calibration software

Voltmeter channel: A=1.07386, B=-1381.38

A:
1.07619,1.07423,1.06989,1.07948,1.0706,1.07736,1.0751,1.08422,1.07006,1.07218
1.07881,1.08119,1.07457,1.08069,1.07742,1.06149,1.07645,1.07933,1.07413,1.07306
1.07645,1.07786,1.07663,1.07039,1.07833,1.07413,1.07205,1.08264,1.06798,1.07359


B:
3.78698,3.57834,7.16439,6.98636,15.9847,7.47855,6.54696,7.04574,6.43329,5.02313
13.5182,6.72619,3.39673,2.28686,7.59995,28.0896,4.23212,4.5242,8.00318,6.27079
7.03217,6.48203,9.54641,19.0919,9.83851,7.78079,5.55442,4.19455,7.0722,7.54228


