========================================================

Test11 results 03-17-2005  12:55:42
Board ID306  30 channels
HV Tests Software Ver.1.6

+5V 2506 - O'k
-5V 1305 - O'k
Interlock - On
Calibration DAC Range: [2500 - 2900]


A:
Limits 0.76 +/- 0.04
0.750469,0.75188,0.754717,0.747664,0.743494,0.750469,0.750469,0.743494,0.753296,0.75188
0.750469,0.746269,0.753296,0.746269,0.747664,0.756144,0.750469,0.744879,0.747664,0.749064
0.750469,0.749064,0.75188,0.75188,0.746269,0.749064,0.754717,0.746269,0.754717,0.75188


B:
Limits 60.0 +/- 30.0
63.097717,65.308563,62.231865,63.644836,62.524765,60.671516,65.25367,68.024368,71.413048,72.480423
59.428371,65.1483,63.112083,68.296074,68.234314,60.520763,64.535812,77.427986,71.373184,75.212868
62.288982,63.567085,54.26276,65.429718,74.23671,71.992775,58.379234,64.421707,71.525604,63.693378
========================================================
Test11 (DAC Calibration) results 2007-09-04 10:18:12
Board ID306 30 channels
Linux calibration software
Calibration DAC Range: [1100 - 2700]

A:
0.750117,0.751174,0.754077,0.747524,0.753367,0.748713,0.750117,0.743909,0.753579,0.752375
0.748153,0.746338,0.751244,0.746756,0.748433,0.75543,0.749485,0.747314,0.749906,0.752233
0.749555,0.748573,0.750188,0.751668,0.747803,0.751174,0.753083,0.74606,0.755501,0.751244


B:
67.0887,70.8919,69.1771,69.1647,58.6967,69.3215,70.0892,70.4296,73.6248,74.9649
61.1149,68.5606,69.2929,70.9699,69.4079,67.3278,71.5571,73.0407,72.3285,68.6882
69.2121,68.0171,61.5905,67.6596,71.7706,68.6384,69.0296,68.0501,72.3676,70.0441


========================================================
Test11 (DAC Calibration) results 2007-09-04 11:29:02
Board ID306 30 channels
Linux calibration software
Calibration DAC Range: [1100 - 2700]

A:
0.750117,0.751103,0.754148,0.747454,0.75365,0.748923,0.750117,0.744186,0.75365,0.752162
0.748293,0.746269,0.751244,0.746617,0.748503,0.759734,0.749555,0.747175,0.751174,0.752304
0.749555,0.748573,0.750188,0.758006,0.747873,0.751174,0.753012,0.745643,0.755501,0.751174


B:
67.0887,70.9885,69.08,69.2611,59.2087,68.8821,70.0892,70.0465,73.3774,75.254
60.621,68.6568,68.9922,71.1619,69.3114,56.8851,71.3109,73.2326,70.8919,68.441
69.2121,68.0171,61.4401,58.3475,71.6743,68.6384,68.9761,69.2234,72.3676,70.1408


========================================================
Test11 (DAC Calibration) results 2008-02-20 10:51:32
Board ID306 30 channels
Linux calibration software
Calibration DAC Range: [1100 - 2700]

A:
0.750047,0.750821,0.754006,0.747524,0.750892,0.748433,0.749977,0.743978,0.753509,0.752162
0.747943,0.746269,0.750821,0.746617,0.748293,0.759806,0.749344,0.747244,0.749695,0.752233
0.749415,0.748573,0.750047,0.758653,0.747594,0.750892,0.753154,0.745504,0.755501,0.751103


B:
66.8857,71.3749,69.2742,67.6696,60.7659,69.4079,70.2822,70.1852,73.2691,75.4044
60.359,68.6568,69.8732,71.1619,69.6005,57.394,71.7497,72.9872,71.5676,68.6882
69.7049,67.8674,61.335,57.6102,72.0587,69.0257,68.4804,69.1174,72.3676,70.3876


