========================================================

Test10 results 08-12-2005  23:51:29
Board ID370  30 channels
HV Tests Software Ver.1.6.1

+5V 2471 - O'k
-5V 1313 - O'k
Interlock - On

Voltmeter channel: A=1.072961, B=6.437928

A:
Limits 1.1 +/- 0.1
1.080497,1.085187,1.077006,1.071237,1.082251,1.070091,1.073537,1.080497,1.069519,1.079331
1.075847,1.072961,1.074691,1.072961,1.078749,1.074114,1.070091,1.080497,1.083424,1.079331
1.077586,1.076426,1.078167,1.081666,1.072386,1.077006,1.085187,1.074691,1.073537,1.072961


B:
Limits 0.0 +/- 30.0
-1.080489,9.766678,5.384811,7.498487,-1.082213,7.490445,8.588134,9.724482,12.834341,15.11068
9.682483,3.219044,8.597414,18.240503,7.55105,6.444721,13.910991,4.321996,11.917675,4.317371
5.388053,10.764252,5.390965,4.326704,10.723982,6.461817,7.596303,3.223958,3.220447,11.802734
========================================================
Test10 (ADC Calibration) results 2007-11-09 15:08:34
Board ID370 30 channels
Linux calibration software

Voltmeter channel: A=1.0691, B=-1242.38

A:
1.08629,1.0853,1.07604,1.0709,1.08366,1.06957,1.07591,1.08144,1.0694,1.08024
1.07564,1.0732,1.07434,1.0738,1.07844,1.07357,1.07207,1.08008,1.08454,1.0785
1.0772,1.0774,1.08048,1.08284,1.07387,1.07724,1.08434,1.07644,1.0715,1.07424


B:
-3.53641,2.38931,-0.356775,1.11873,-4.08232,2.53347,5.47099,2.87455,8.82081,9.65189
4.05923,-3.62286,3.55093,12.0095,1.56243,2.60505,5.31546,-0.662506,6.44771,1.12739
1.61552,2.76059,0.260789,0.0837154,5.77666,0.425808,4.21057,-0.070086,1.40868,3.02775


