========================================================

Test10 results 03-24-2006  16:34:05
Board ID433  30 channels
HV Tests Software Ver.1.6

+5V 2489 - O'k
-5V 1334 - O'k
Interlock - On

Voltmeter channel: A=1.075847, B=15.061719

A:
Limits 1.1 +/- 0.1
1.085776,1.084599,1.080497,1.071237,1.085776,1.082251,1.079914,1.072961,1.078749,1.081666
1.082837,1.081081,1.085776,1.081666,1.082837,1.089918,1.076426,1.079331,1.085187,1.079331
1.084011,1.082251,1.086957,1.077006,1.088732,1.079914,1.075269,1.076426,1.083424,1.086366


B:
Limits 0.0 +/- 35.0
10.857767,16.269119,14.04647,14.997149,14.115096,15.151553,14.038843,12.875696,16.18104,11.898364
14.077056,14.054233,13.02932,12.98003,14.077056,14.168939,13.993531,12.952018,17.362988,14.031348
16.260164,14.069302,14.13051,15.077866,14.153442,11.879015,18.279394,16.146383,15.167946,16.295668
========================================================
Test10 (ADC Calibration) results 2008-06-04 06:15:55
Board ID433 30 channels
Linux calibration software

Voltmeter channel: A=1.07307, B=-1072.53

A:
1.08641,1.08665,1.08099,1.0723,1.0855,1.08392,1.07832,1.07331,1.08028,1.08241
1.08392,1.08129,1.08605,1.0819,1.08402,1.0908,1.07715,1.07907,1.08751,1.07982
1.08483,1.08352,1.08752,1.07819,1.08888,1.07937,1.07634,1.07671,1.08392,1.08801


B:
10.3491,11.0973,10.4654,8.40211,10.9597,9.75346,11.8438,9.2676,9.56141,8.67325
10.7535,9.60029,9.66496,12.3952,9.62548,10.3577,8.65255,10.3396,10.1296,9.87081
12.5165,9.66491,10.2885,9.48025,10.7923,9.59297,11.2776,12.1675,10.6695,8.40074


========================================================
Test10 (ADC Calibration) results 2008-06-16 13:15:44
Board ID433 30 channels
Linux calibration software

Voltmeter channel: A=1.07, B=0

A:
1.09042,1.08923,1.08415,1.07518,1.08896,1.08632,1.08225,1.07598,1.08216,1.08469
1.08732,1.08424,1.08923,1.08541,1.08714,1.09363,1.07982,1.08234,1.0896,1.0827
1.08832,1.08578,1.09024,1.08054,1.09179,1.08252,1.07982,1.08054,1.08677,1.09024


B:
8.37099,12.5008,10.3909,10.1896,10.5715,11.0134,11.2554,10.0978,11.7707,10.1127
10.1039,11.176,9.88672,11.1883,10.4867,11.1384,10.6655,10.0911,11.2985,11.06
10.9335,10.8577,10.7178,11.088,11.489,10.5754,11.529,10.2235,11.2522,11.3722


========================================================
Test10 (ADC Calibration) results 2008-06-17 07:08:50
Board ID433 30 channels
Linux calibration software

Voltmeter channel: A=1.07, B=0

A:
1.10273,1.10208,1.09656,1.0875,1.10171,1.09886,1.09465,1.08813,1.09474,1.09711
1.0995,1.09684,1.10171,1.09812,1.09941,1.10644,1.09237,1.09474,1.10189,1.09538
1.10079,1.09858,1.10291,1.0931,1.10476,1.09501,1.09237,1.09301,1.0995,1.10291


B:
7.62258,10.8557,9.49449,9.2864,8.9874,9.82206,9.93032,9.35927,10.285,8.99388
9.8964,9.90249,8.76672,9.17268,9.53997,9.78109,9.38538,9.40901,10.8025,9.92073
10.2653,9.41354,9.21936,10.0316,9.96801,9.15893,10.2593,9.67766,9.8964,9.66041


========================================================
Test10 (ADC Calibration) results 2009-01-15 10:43:39
Board ID433 30 channels
Host: ufcmshv3
Linux calibration software

Voltmeter channel: A=1.04864, B=9.45374

A:
1.07084,1.06732,1.04847,1.06873,1.0627,1.05631,1.06114,1.04813,1.06514,1.05135
1.07066,1.05076,1.05648,1.05768,1.05786,1.07128,1.04351,1.05993,1.04991,1.05691
1.05631,1.06383,1.06961,1.05255,1.07181,1.06114,1.06036,1.06374,1.06235,1.06148


B:
6.68839,10.3778,8.98446,9.71696,10.2021,10.4492,8.26074,9.51381,9.63525,9.41366
10.0642,11.0252,9.23191,9.16098,10.6927,11.6356,9.92115,9.18051,10.3534,10.0976
10.027,9.57449,10.1858,10.3959,9.8607,10.383,10.6852,9.6555,9.88795,10.0596


========================================================
Test10 (ADC Calibration) results 2009-01-15 16:30:15
Board ID433 30 channels
Host: ufcmshv3
Linux calibration software

Voltmeter channel: A=1.04873, B=9.37404

A:
1.07058,1.06706,1.04839,1.06899,1.06287,1.05657,1.06079,1.04805,1.06522,1.0511
1.0704,1.05084,1.05648,1.05734,1.05803,1.06444,1.04342,1.06001,1.05,1.05665
1.05614,1.06339,1.06952,1.05238,1.07172,1.06122,1.06027,1.06374,1.06209,1.06148


B:
7.36237,11.2619,9.27435,9.47316,9.82791,9.78549,9.00869,9.80334,9.12811,9.86431
10.5231,10.7348,9.02066,10.118,9.89667,9.85828,10.2095,9.31147,9.64372,10.7618
10.3988,10.4049,9.83962,10.5562,9.9423,10.0898,10.9777,9.8682,10.5556,10.0596


