========================================================

Test11 results 03-24-2006  16:37:45
Board ID433  30 channels
HV Tests Software Ver.1.6

+5V 2488 - O'k
-5V 1334 - O'k
Interlock - On
Calibration DAC Range: [2500 - 2900]


A:
Limits 0.76 +/- 0.04
0.744879,0.747664,0.750469,0.754717,0.747664,0.746269,0.750469,0.754717,0.75188,0.749064
0.750469,0.747664,0.744879,0.749064,0.749064,0.742115,0.750469,0.749064,0.746269,0.750469
0.746269,0.747664,0.744879,0.754717,0.746269,0.749064,0.75188,0.750469,0.746269,0.746269


B:
Limits 60.0 +/- 40.0
65.17585,57.6628,59.314774,65.465759,55.46891,68.462051,59.401802,64.044586,56.321251,62.465801
53.337223,66.961319,66.872017,63.361897,57.856937,64.190437,67.767075,66.25135,59.88707,62.554836
63.126488,63.086098,63.870316,65.645592,52.972969,67.956863,62.443306,67.858322,64.664757,55.990837
========================================================
Test11 (DAC Calibration) results 2008-06-04 06:15:55
Board ID433 30 channels
Linux calibration software
Calibration DAC Range: [1100 - 2700]

A:
0.744186,0.744394,0.748293,0.754361,0.74481,0.746269,0.749766,0.75365,0.748783,0.747314
0.746269,0.748083,0.74481,0.747664,0.746199,0.741565,0.750962,0.749625,0.744186,0.749485
0.745643,0.746547,0.743425,0.754432,0.742873,0.749415,0.751527,0.750892,0.746269,0.74384


B:
66.3256,67.6746,68.104,68.7883,68.2897,68.6568,67.5726,69.7598,68.7757,69.4535
67.9105,67.9444,68.7367,67.4766,68.7529,67.4453,68.6287,66.5667,67.0698,67.21
65.7936,68.7198,69.6124,67.9367,67.1091,69.5551,66.651,68.1246,67.1643,67.5499


========================================================
Test11 (ADC Calibration) results 2008-06-17 04:20:31
Board ID433 30 channels
Linux calibration software

Calibration DAC Range: [1000 - 3500]

A:
0.7412,0.7424,0.746,0.7524,0.7424,0.744,0.7472,0.7512,0.7472,0.7452
0.7436,0.7456,0.7424,0.7448,0.7436,0.7396,0.7488,0.7476,0.742,0.7472
0.7432,0.7452,0.7416,0.7524,0.7404,0.7472,0.7492,0.7484,0.7444,0.742


B:
68.8001,67.6,68,67.6001,68.6,68.9999,67.8,70.7999,67.8,69.8001
69.4,68.4001,69.6,70.2001,69.4,67.4,68.2001,66.3999,68.0001,67.8
67.8,67.8001,70.4001,68.6001,67.5999,69.8,66.8,69.6001,66.5999,66.0001


========================================================
Test11 (ADC Calibration) results 2008-06-17 07:43:31
Board ID433 30 channels
Linux calibration software

Calibration DAC Range: [1000 - 3500]

A:
0.7332,0.734,0.7376,0.7436,0.734,0.736,0.7388,0.7432,0.7384,0.7368
0.7356,0.7372,0.734,0.736,0.7356,0.7308,0.7404,0.7388,0.734,0.7388
0.7348,0.7364,0.7332,0.7436,0.7324,0.7388,0.74,0.7396,0.7356,0.7328


B:
68.7999,67.9999,68.3999,69.4,68.9999,69,69.2,70.8,69.6001,70.2
69.4,68.7999,70.9999,72,69.4,68.2001,68.5999,68.2,67.9999,67.2
68.2001,68.6,70.7999,69.4,67.6,70.2,69,70.4,68.4,69.2


========================================================
Test11 (ADC Calibration) results 2009-01-15 10:55:31
Board ID433 30 channels
Host: ufcmshv3
Linux calibration software

Calibration DAC Range: [1000 - 3500]

A:
0.7552,0.7572,0.7712,0.7564,0.7604,0.7656,0.762,0.7716,0.7592,0.7692
0.7552,0.7696,0.766,0.7648,0.7644,0.7548,0.7748,0.7628,0.77,0.7652
0.7652,0.76,0.756,0.7724,0.7544,0.762,0.7624,0.76,0.7612,0.7616


B:
68.7999,69.8,69.8,69.6,69.6,68.3999,69.9999,70.4,69.8001,69.7999
69.7999,68.4001,69.0001,70.2,69.6,67.1999,69.2,68.2001,69.0001,68.7999
68.7999,70,70.0001,68.5999,68.5999,69.9999,68.6001,71,68.8,68.3999


