========================================================

Test10 results 08-13-2005  13:27:07
Board ID307  30 channels
HV Tests Software Ver.1.6.1

+5V 2500 - O'k
-5V 1329 - O'k
Interlock - On

Voltmeter channel: A=1.073537, B=6.441059

A:
Limits 1.1 +/- 0.1
1.074691,1.072386,1.081081,1.079331,1.087548,1.077006,1.081666,1.077586,1.074691,1.077006
1.067236,1.074114,1.076426,1.075847,1.076426,1.081666,1.072961,1.086366,1.079914,1.078749
1.080497,1.074114,1.072386,1.081666,1.077006,1.077586,1.081666,1.079914,1.078167,1.078749


B:
Limits 0.0 +/- 30.0
10.746796,21.447842,3.243422,3.23804,7.612978,9.692835,1.081706,5.388053,8.597414,4.307805
16.008656,7.518835,10.764252,4.303246,10.764252,6.490035,11.802734,11.950203,9.719189,7.55105
5.402493,9.667063,9.651596,4.326704,10.769841,11.85357,12.98003,4.31962,7.547299,8.629799
========================================================
Test10 (ADC Calibration) results 2008-04-28 10:20:58
Board ID307 30 channels
Linux calibration software

Voltmeter channel: A=1.06761, B=-1624.75

A:
1.06236,1.07495,1.08091,1.08192,1.08768,1.07875,1.08141,1.07806,1.07475,1.08475
1.06727,1.0737,1.07629,1.07431,1.07761,1.07848,1.07394,1.08662,1.07879,1.08729
1.08682,1.08303,1.07172,1.08343,1.07778,1.07774,1.08279,1.07875,1.07723,1.07925


B:
17.2009,11.1143,-0.916162,-0.565055,2.47526,4.83241,-0.558713,1.16304,3.92131,1.23146
10.5015,2.32698,5.37384,2.78011,3.84101,6.61055,4.47538,7.16212,6.93925,3.49664
1.64544,1.38561,6.41726,1.03762,7.06678,6.19432,12.6957,2.91116,5.99057,3.79022


========================================================
Test10 (ADC Calibration) results 2008-06-19 12:08:44
Board ID307 30 channels
Linux calibration software

Voltmeter channel: A=1.07, B=0

A:
1.06294,1.09161,1.09826,1.10028,1.10426,1.09662,1.09936,1.09552,1.08935,1.10574
1.08549,1.09043,1.0937,1.09197,1.09461,1.08764,1.09125,1.10426,1.09243,1.10835
1.10695,1.10176,1.08872,1.10139,1.0957,1.09515,1.10157,1.09662,1.09479,1.09588


B:
23.8243,8.49993,-0.916569,-0.362125,2.38518,3.01709,-3.03293,0.959023,5.78648,1.24688
5.66939,2.16743,3.7352,0.0854799,3.7713,11.7188,2.94051,4.1521,8.40448,1.96373
-0.0811167,2.46674,5.93446,-0.498735,6.26879,4.36237,9.24572,-0.272752,3.60322,2.81345


========================================================
Test10 (ADC Calibration) results 2008-07-17 09:50:45
Board ID307 30 channels
Linux calibration software

Voltmeter channel: A=1.07, B=0

A:
1.05802,1.09217,1.0991,1.10149,1.10505,1.0971,1.10015,1.09605,1.08841,1.10611
1.08599,1.09114,1.09434,1.09283,1.09558,1.08552,1.09151,1.10514,1.09246,1.10902
1.10737,1.10264,1.08926,1.10158,1.09643,1.09615,1.10187,1.09729,1.09539,1.097


B:
24.1731,9.07553,-1.6862,-2.13188,1.88173,2.79397,-3.97641,0.468345,5.78077,0.688554
5.63924,1.73472,3.35754,-1.14846,2.87877,13.6699,3.35073,4.00386,7.94151,1.35425
-0.241723,1.43767,5.4365,-0.67768,5.38057,3.01165,9.19473,-0.892213,3.27277,1.78468


========================================================
Test10 (ADC Calibration) results 2008-07-19 11:33:18
Board ID307 30 channels
Linux calibration software

Voltmeter channel: A=1.07, B=0

A:
1.05855,1.09189,1.09881,1.1012,1.10456,1.09719,1.09996,1.09624,1.08701,1.10601
1.0858,1.09095,1.09434,1.09264,1.0952,1.08385,1.09151,1.10505,1.0917,1.10882
1.10717,1.10187,1.08907,1.10149,1.09624,1.09586,1.10187,1.097,1.09529,1.09653


B:
18.5957,8.4618,-0.982554,-1.64683,2.3232,2.4873,-3.79963,-0.364797,6.20892,0.334539
5.37763,1.47298,3.13884,-0.318197,3.44759,12.6088,3.35073,3.64964,7.32485,1.53165
-0.0644801,2.14286,5.17423,-0.369272,5.55518,3.27401,8.5335,-0.189589,2.92221,2.00361


========================================================
Test10 (ADC Calibration) results 2008-07-19 17:28:33
Board ID307 30 channels
Linux calibration software

Voltmeter channel: A=1.07, B=0

A:
1.05599,1.09227,1.099,1.1012,1.10495,1.097,1.09957,1.09577,1.08664,1.10553
1.0858,1.09132,1.09425,1.09236,1.0951,1.08218,1.0917,1.10466,1.09142,1.10853
1.10727,1.10168,1.08888,1.10149,1.09586,1.09558,1.10149,1.09672,1.09539,1.09653


B:
25.2255,7.67807,-1.5979,-1.86702,1.97004,2.66234,-3.00653,0.95049,6.98952,0.997708
5.37763,0.905939,3.4451,0.16297,3.53462,15.0148,2.73937,4.66505,7.58504,2.24041
-0.37433,2.53923,5.78316,-0.369272,6.34248,3.75528,9.54412,0.0734158,2.61581,2.00361


========================================================
Test10 (ADC Calibration) results 2008-07-20 15:54:11
Board ID307 30 channels
Linux calibration software

Voltmeter channel: A=1.07, B=0

A:
1.05502,1.09208,1.09881,1.1012,1.10495,1.09691,1.09977,1.09605,1.08673,1.10572
1.0858,1.09123,1.09416,1.09255,1.0951,1.08199,1.09151,1.10505,1.09123,1.10873
1.10746,1.10197,1.08935,1.10178,1.09624,1.09605,1.1013,1.09719,1.09548,1.097


B:
24.8653,8.06989,-0.982554,-1.64683,1.52816,2.96905,-3.18328,0.687887,7.12028,0.821252
5.37763,0.992721,3.31341,-0.230007,3.53462,15.4018,3.35073,3.64964,8.19495,1.61997
-0.330207,2.05435,5.13172,-1.29488,5.55518,3.09914,9.93901,-0.804274,2.74712,1.56533


========================================================
Test10 (ADC Calibration) results 2008-07-24 14:52:16
Board ID307 30 channels
Linux calibration software

Voltmeter channel: A=1.07, B=0

A:
1.05476,1.0918,1.09872,1.1012,1.10437,1.09662,1.10015,1.09615,1.08729,1.10621
1.08571,1.09114,1.09406,1.09236,1.09482,1.08403,1.09151,1.10476,1.09217,1.10882
1.10717,1.10206,1.08907,1.10149,1.09596,1.09558,1.10168,1.0971,1.09548,1.09634


B:
23.2144,7.67494,-1.33383,-1.86702,2.49936,3.23187,-3.97641,0.161564,6.60174,-0.0637911
5.24688,1.08032,3.61932,0.16297,3.79681,13.955,3.35073,3.69309,7.32782,1.53165
0.156901,1.96664,5.39199,-0.149028,6.03577,3.53634,9.58977,-0.716682,2.30865,1.9595


========================================================
Test10 (ADC Calibration) results 2008-07-24 21:41:51
Board ID307 30 channels
Linux calibration software

Voltmeter channel: A=1.07, B=0

A:
1.05529,1.09236,1.09891,1.1012,1.10485,1.0971,1.09996,1.09596,1.08701,1.10601
1.08589,1.09095,1.09425,1.09236,1.0951,1.0832,1.09151,1.10495,1.09208,1.10843
1.10756,1.10235,1.08888,1.10149,1.09643,1.09558,1.10168,1.09738,1.09548,1.097


B:
16.5984,8.02792,-1.29023,-1.64683,1.83735,2.57461,-3.57969,0.336851,5.99157,0.334539
5.29095,1.47298,3.66416,-0.0554485,3.75397,12.1254,3.13248,3.73806,6.75945,2.32919
-0.418922,1.2614,5.34745,-0.149028,4.94183,3.75528,9.36948,-1.41934,2.74712,1.12676


========================================================
Test10 (ADC Calibration) results 2008-08-12 21:57:53
Board ID307 30 channels
Linux calibration software

Voltmeter channel: A=1.07, B=0

A:
1.0582,1.09274,1.09919,1.10254,1.10466,1.09738,1.10063,1.09662,1.08935,1.1064
1.08608,1.0917,1.09463,1.09255,1.09529,1.08394,1.09189,1.10505,1.09274,1.1097
1.10882,1.10418,1.08935,1.10206,1.09672,1.09596,1.10216,1.09729,1.09558,1.09719


B:
19.5629,8.33672,-1.55428,-1.56089,2.67699,2.97018,-3.97844,0.161277,5.56724,0.644356
5.55228,0.555967,3.3147,-0.0115507,3.79811,11.4394,3.00235,4.31278,6.8066,1.84304
-0.464286,2.01371,5.13172,-0.89883,5.33782,3.62472,9.59333,-0.453138,2.87877,1.39011


