========================================================

Test10 results 04-26-2005  11:56:57
Board ID323  30 channels
HV Tests Software Ver.1.6

+5V 2471 - O'k
-5V 1323 - O'k
Interlock - On

Voltmeter channel: A=1.078167, B=7.547299

A:
Limits 1.1 +/- 0.1
1.077006,1.084599,1.076426,1.085187,1.074691,1.082837,1.067806,1.084599,1.078167,1.074691
1.074114,1.075847,1.074114,1.075847,1.074114,1.078167,1.078749,1.077586,1.074691,1.079914
1.076426,1.070664,1.081666,1.093494,1.078749,1.074114,1.079914,1.076426,1.072961,1.079331


B:
Limits 0.0 +/- 30.0
9.692835,8.676929,7.534973,10.851865,10.746796,8.662871,9.610294,13.015324,14.016302,6.448031
5.370607,5.379094,9.667063,11.834177,7.518835,3.234631,5.393553,8.620811,8.597414,6.479447
6.458547,12.847973,8.653366,9.841489,3.236055,9.667063,16.198669,6.458547,12.875696,7.555364
========================================================
Test10 (ADC Calibration) results 2008-02-01 05:48:53
Board ID323 30 channels
Linux calibration software

Voltmeter channel: A=1.0719, B=-1317.95

A:
1.07627,1.08411,1.07587,1.08461,1.0755,1.08263,1.06772,1.08452,1.07837,1.07301
1.07322,1.07536,1.07363,1.07566,1.07301,1.07607,1.07978,1.07583,1.07454,1.07872
1.07587,1.07224,1.08126,1.09268,1.0776,1.07352,1.07949,1.07631,1.07308,1.07943


B:
6.79087,7.56388,4.18162,5.98656,4.64768,4.64006,6.47084,9.53387,9.93835,7.03701
3.74526,2.05108,6.99025,9.36311,5.23696,5.67671,2.64285,10.3821,4.45397,6.53798
4.33335,6.89308,5.72743,7.59646,0.995466,7.21341,13.0004,2.9894,8.64785,4.11845


========================================================
Test10 (ADC Calibration) results 2008-06-19 12:08:44
Board ID323 30 channels
Linux calibration software

Voltmeter channel: A=1.07, B=0

A:
1.09319,1.10051,1.09283,1.10199,1.09138,1.09895,1.08498,1.10069,1.09501,1.08966
1.08993,1.09183,1.09029,1.0931,1.09011,1.09283,1.09629,1.09401,1.09111,1.09638
1.09228,1.08768,1.09785,1.10914,1.09447,1.09138,1.09739,1.0931,1.09083,1.09583


B:
5.26404,6.67391,3.63088,4.00495,5.40492,4.80435,5.00345,8.48715,7.74996,5.68137
2.161,2.36758,5.09784,6.65925,3.52029,4.0683,3.50941,6.2613,4.34629,4.0828
3.91479,5.98744,4.49452,7.89141,0.808559,6.27808,9.52398,2.06828,4.16056,3.92927


========================================================
Test10 (ADC Calibration) results 2008-07-17 09:50:45
Board ID323 30 channels
Linux calibration software

Voltmeter channel: A=1.07, B=0

A:
1.09382,1.10144,1.09316,1.1022,1.09212,1.09933,1.08602,1.10134,1.09562,1.09033
1.09089,1.09287,1.09146,1.0941,1.09089,1.09306,1.09695,1.09505,1.09165,1.09685
1.09268,1.08855,1.09819,1.10984,1.09562,1.09221,1.09809,1.09363,1.09165,1.09647


B:
4.68773,5.38847,3.54725,4.24633,4.72299,4.45249,3.60486,8.33962,7.41439,4.8441
0.832831,1.40411,4.45719,6.61485,2.79649,4.07172,3.5631,5.08824,3.62862,3.65094
3.98256,5.18288,4.40301,7.03565,-1.35055,6.38332,9.54162,2.01809,3.84728,3.342


========================================================
Test10 (ADC Calibration) results 2008-07-19 11:33:18
Board ID323 30 channels
Linux calibration software

Voltmeter channel: A=1.07, B=0

A:
1.09325,1.10077,1.09325,1.10192,1.09231,1.09904,1.08556,1.10144,1.09552,1.09014
1.09052,1.0924,1.09118,1.0942,1.09052,1.09325,1.09666,1.09495,1.09155,1.09676
1.09259,1.08845,1.09819,1.10945,1.09533,1.09184,1.09742,1.09334,1.09108,1.09638


B:
5.64721,6.00074,3.24173,4.50951,4.11196,4.9349,4.25418,7.15087,7.28244,5.23544
1.1809,1.84026,3.62664,6.09042,3.57999,3.24173,3.82558,4.95638,3.93378,3.51837
3.85087,4.83405,4.6226,7.83143,-0.868446,6.51172,10.15,2.28009,4.58592,2.99099


========================================================
Test10 (ADC Calibration) results 2008-07-19 17:28:33
Board ID323 30 channels
Linux calibration software

Voltmeter channel: A=1.07, B=0

A:
1.09363,1.10096,1.09325,1.1024,1.09212,1.09914,1.08518,1.10134,1.09524,1.09024
1.09061,1.09259,1.09127,1.09391,1.09052,1.09353,1.09666,1.09467,1.09136,1.09685
1.09278,1.08827,1.09809,1.10955,1.09514,1.09174,1.09714,1.09353,1.09165,1.09619


B:
4.64308,5.82581,3.46071,3.18924,4.06762,4.84707,5.03352,7.23828,7.54293,4.93076
1.31212,1.88454,3.75801,6.78865,4.01635,2.98023,3.82558,5.43691,4.32602,3.43162
3.02156,5.22488,4.71013,7.29979,-0.47413,6.81658,10.8489,2.10573,2.97391,3.82298


