========================================================

Test11 results 04-26-2005  12:01:54
Board ID323  30 channels
HV Tests Software Ver.1.6

+5V 2470 - O'k
-5V 1323 - O'k
Interlock - On
Calibration DAC Range: [2500 - 2900]


A:
Limits 0.76 +/- 0.04
0.757576,0.75188,0.756144,0.750469,0.760456,0.754717,0.761905,0.753296,0.757576,0.759013
0.760456,0.756144,0.761905,0.759013,0.761905,0.760456,0.756144,0.759013,0.759013,0.756144
0.760456,0.763359,0.754717,0.75188,0.756144,0.757576,0.756144,0.760456,0.759013,0.756144


B:
Limits 60.0 +/- 30.0
58.887115,60.562874,65.276016,71.779411,54.316219,56.115082,65.062263,53.399796,51.940205,60.42601
60.854362,72.185242,48.579559,53.292099,51.352253,53.100716,62.218025,54.415424,59.109966,59.970085
53.709118,50.181732,59.192913,53.5397,64.665154,66.512253,55.07066,49.928001,61.950336,60.686539
========================================================
Test11 (DAC Calibration) results 2008-02-01 05:48:53
Board ID323 30 channels
Linux calibration software
Calibration DAC Range: [1100 - 2700]

A:
0.756931,0.751456,0.757217,0.75188,0.757863,0.75287,0.762995,0.751174,0.755073,0.759229
0.759085,0.757576,0.758797,0.757361,0.759229,0.757074,0.754859,0.756859,0.75815,0.755216
0.757217,0.760167,0.753438,0.749766,0.756001,0.758869,0.75429,0.757289,0.758797,0.754717


B:
65.1244,65.3954,67.9129,73.6842,67.0329,67.062,66.1421,64.7323,63.2846,64.1073
70.6803,71.9697,63.3311,63.1733,65.4739,68.411,68.5602,65.3736,67.7026,67.771
69.4273,64.5002,68.3934,65.3233,70.3268,66.4201,65.8683,65.846,66.6698,70.4151


