========================================================

Test11 results 09-28-2006  20:44:12
Board ID268  30 channels
HV Tests Software Ver.1.6.8

+5V 2519 - O'k
-5V 1341 - O'k
Interlock - On
Calibration DAC Range: [2500 - 2900]
Number of Samples: 400

A:
Limits 0.76 +/- 0.04
0.744879,0.747664,0.738007,0.750469,0.746269,0.746269,0.747664,0.747664,0.746269,0.749064
0.747664,0.754717,0.750469,0.749064,0.750469,0.744879,0.736648,0.746269,0.750469,0.749064
0.746269,0.744879,0.744879,0.736648,0.744879,0.746269,0.75188,0.75188,0.749064,0.750469


B:
Limits 60.0 +/- 30.0
55.478424,51.642975,52.538395,55.609882,54.850849,58.716831,54.132751,50.110775,55.655056,50.178852
56.387608,50.812714,40.801678,56.369602,54.086411,53.871368,52.269791,53.242435,52.47847,58.613316
53.896877,60.876068,58.39502,62.330902,41.210064,51.634205,49.374256,55.549179,48.569717,53.19944
========================================================
Test11 (DAC Calibration) results 2008-01-24 11:12:10
Board ID268 30 channels
Linux calibration software
Calibration DAC Range: [1100 - 2700]

A:
0.746617,0.748083,0.738962,0.752445,0.747384,0.748153,0.748713,0.748293,0.746965,0.749766
0.749415,0.755858,0.749695,0.751244,0.751456,0.746687,0.738007,0.747664,0.751244,0.751597
0.748293,0.746269,0.747245,0.739235,0.746199,0.747105,0.752941,0.75365,0.749415,0.751527


B:
59.216,58.6685,59.3941,59.368,61.1361,61.1149,60.7862,57.3288,62.4649,58.5755
60.5621,58.2767,52.6754,58.0242,59.9849,56.8788,57.9336,58.5047,58.6252,60.391
57.0292,64.1792,59.0884,62.4098,47.7101,58.984,57.1764,59.2087,56.6652,58.3842


