========================================================

Test11 results 08-24-2005  14:35:18
Board ID399  30 channels
HV Tests Software Ver.1.6

+5V 2520 - O'k
-5V 1353 - O'k
Interlock - On
Calibration DAC Range: [2500 - 2900]


A:
Limits 0.76 +/- 0.04
0.739372,0.75188,0.754717,0.746269,0.744879,0.747664,0.756144,0.75188,0.75188,0.750469
0.749064,0.75188,0.746269,0.753296,0.746269,0.747664,0.750469,0.750469,0.750469,0.749064
0.750469,0.747664,0.749064,0.744879,0.749064,0.749064,0.740741,0.75188,0.749064,0.750469


B:
Limits 60.0 +/- 40.0
62.194923,71.614914,51.174965,62.733311,66.08149,63.229023,43.457134,52.935955,56.791359,69.269485
58.224705,54.288273,56.459263,55.111076,56.459263,60.486431,56.03257,71.587029,64.53746,66.096092
69.705544,69.41568,64.834236,72.203827,59.75008,66.899651,67.850571,56.073437,62.07737,64.53746
========================================================
Test11 (DAC Calibration) results 2008-04-23 16:14:46
Board ID399 30 channels
Linux calibration software
Calibration DAC Range: [1100 - 2700]

A:
0.739235,0.75188,0.753296,0.746896,0.743771,0.746478,0.753154,0.749064,0.750117,0.750117
0.748503,0.750892,0.74599,0.752587,0.746756,0.746617,0.748713,0.750892,0.750539,0.749836
0.751597,0.746617,0.74599,0.745226,0.748853,0.749625,0.742804,0.749204,0.749204,0.750188


B:
62.4098,76.6918,61.2053,64.0556,74.3398,72.2496,60.1957,67.7903,67.0887,72.3395
64.521,60.3152,60.6864,63.6877,61.8595,65.9356,69.022,76.084,68.6088,68.6754
68.6585,74.895,77.8442,73.0787,66.1333,69.2654,67.2052,66.5482,66.5482,72.0931


