========================================================

Test10 results 08-19-2005  15:39:59
Board ID047  36 channels
HV Tests Software Ver.1.6

+5V 2514 - O'k
-5V 1307 - O'k
Interlock - On

Voltmeter channel: A=1.071811, B=7.502839

A:
Limits 1.1 +/- 0.1
1.070664,1.068376,1.068947,1.068947,1.06383,1.068376,1.061571,1.068947,1.064396,1.06383,1.068376,1.06553
1.064396,1.064963,1.062699,1.061571,1.067236,1.070091,1.060445,1.066098,1.060445,1.066667,1.071811,1.062699
1.068947,1.068947,1.066667,1.055966,1.072386,1.055409,1.063264,1.062699,1.080497,1.061571,1.066098,1.071811


B:
Limits 0.0 +/- 30.0
3.211998,10.683776,3.862381e-005,3.862381e-005,13.829816,4.27352,11.677298,10.689509,8.515358,8.510667,6.410272,4.262269
2.128983,-6.914139e-005,5.313712,7.431013,-3.201589,2.13999,-1.060599,11.727031,10.6043,3.199791,7.502839,3.188313
11.758456,7.482668,3.199791,5.279646,7.506824,5.277107,6.379474,6.376411,7.563487,6.369442,3.198246,10.718273
========================================================
Test10 (ADC Calibration) results 2008-02-21 06:44:41
Board ID47 36 channels
Linux calibration software

Voltmeter channel: A=1.07211, B=8.44571

A:
1.0704,1.06966,1.07046,1.06887,1.06456,1.07066,1.06111,1.07499,1.0651,1.06437,1.0731,1.06833
1.0635,1.06137,1.06344,1.06197,1.0678,1.06973,1.06007,1.06737,1.06041,1.03395,1.07293,1.06627
1.06973,1.0758,1.06693,1.05599,1.07223,1.05617,1.06583,1.06334,1.07992,1.06187,1.06774,1.0726


B:
0.468801,5.48578,-4.39268,-2.1119,10.5495,-1.36944,9.77059,6.29102,5.7482,3.18606,4.5508,-0.289676
1.94254,-6.33458,-0.403913,3.6261,-5.07225,-0.900739,-2.81024,9.89135,8.95094,43.9041,3.55929,-2.54822
7.22948,4.2325,0.388714,4.51969,5.20923,2.63275,0.876476,2.10552,4.50358,2.3844,-2.97669,4.54733


========================================================
Test10 (ADC Calibration) results 2008-03-07 10:19:30
Board ID47 36 channels
Linux calibration software

Voltmeter channel: A=1.07225, B=8.19589

A:
1.07104,1.0696,1.07036,1.06917,1.06446,1.07046,1.06144,1.07512,1.06593,1.06417,1.0729,1.06897
1.06394,1.06044,1.06377,1.06094,1.0671,1.06943,1.05997,1.068,1.06021,1.05904,1.07293,1.06567
1.0707,1.07604,1.06807,1.05672,1.07276,1.0566,1.06543,1.06314,1.08036,1.06197,1.06804,1.07284


B:
-0.559235,5.16975,-3.39276,-4.49992,11.5451,-0.0403568,8.68282,5.31424,4.07694,4.31024,4.21111,-1.17948
0.586248,9.73068,0.165208,6.02294,-4.36267,-0.312557,-2.68123,8.66814,9.00916,10.4602,4.63222,-1.1047
6.37293,3.92251,-3.07752,2.78085,4.31643,2.27668,2.45851,1.96419,3.93409,2.85438,2.43656,3.43954


========================================================
Test10 (ADC Calibration) results 2008-06-19 12:08:44
Board ID047 36 channels
Linux calibration software

Voltmeter channel: A=1.07, B=0

A:
1.08759,1.0875,1.08795,1.08651,1.08257,1.08867,1.07902,1.10162,1.08525,1.0815,1.10189,1.08257
1.08115,1.07831,1.08186,1.07928,1.08454,1.08786,1.07699,1.08633,1.07769,1.07646,1.09201,1.08445
1.08786,1.10569,1.08507,1.07391,1.08912,1.07558,1.08525,1.0807,1.0983,1.06469,1.08939,1.09011


B:
2.50296,4.10869,-4.35891,-3.44971,10.1879,-0.241747,6.78596,5.56275,3.14949,4.03884,3.98738,3.90929
-0.386503,7.01454,0.0287891,3.51638,-3.12575,-2.75202,-2.73622,7.14681,8.66839,6.58899,2.10788,-0.873196
4.64559,5.15666,-1.67511,2.95615,5.43817,2.6791,1.63024,1.54209,3.31716,12.681,2.13762,4.73826


========================================================
Test10 (ADC Calibration) results 2008-06-19 23:20:09
Board ID047 36 channels
Linux calibration software

Voltmeter channel: A=1.07, B=0

A:
1.08768,1.08714,1.08786,1.08606,1.08239,1.08831,1.07875,1.10116,1.08489,1.0815,1.10125,1.05733
1.08079,1.07849,1.0815,1.07866,1.08463,1.08768,1.07699,1.08552,1.07778,1.07663,1.09183,1.08427
1.0875,1.10551,1.08507,1.07364,1.08921,1.07514,1.08534,1.0807,1.0983,1.06469,1.0893,1.09011


B:
1.76655,4.22467,-4.70981,-2.59596,10.5693,-0.342008,7.24936,5.98408,3.69957,4.25509,3.9181,26.7809
-0.0539718,5.77099,0.794329,4.09586,-4.07713,-2.14893,-2.73622,8.32717,8.15561,5.99355,2.05744,-0.70599
5.19619,4.22007,-1.67511,2.98856,4.70088,2.87657,0.461608,0.893831,3.09755,8.63516,1.34984,4.30232


