========================================================

Test10 results 06-24-2005  16:23:34
Board ID355  30 channels
HV Tests Software Ver.1.6

+5V 2496 - O'k
-5V 1319 - O'k
Interlock - On

Voltmeter channel: A=1.068947, B=13.896351

A:
Limits 1.1 +/- 0.1
1.079914,1.074114,1.074691,1.070664,1.069519,1.074691,1.079914,1.072386,1.078167,1.075269
1.083424,1.088139,1.074691,1.073537,1.081666,1.084599,1.075269,1.081666,1.079331,1.078167
1.078167,1.079331,1.072386,1.092896,1.078167,1.080497,1.071811,1.075847,1.073537,1.077586


B:
Limits 0.0 +/- 30.0
3.239707,11.81529,8.597414,5.353326,7.486748,11.821486,8.639275,12.868753,8.625466,10.752512
6.500557,9.793203,8.597414,8.588134,2.163372,15.184522,7.526706,14.061695,2.15871,5.390965
10.781801,10.793356,12.868753,9.83589,4.312799,10.804978,5.359216,7.530788,13.95582,3.232881
========================================================
Test10 (ADC Calibration) results 2008-02-04 05:49:46
Board ID355 30 channels
Linux calibration software

Voltmeter channel: A=1.06452, B=-1279

A:
1.07888,1.07511,1.07539,1.07084,1.06914,1.07443,1.08018,1.07237,1.07817,1.07518
1.08321,1.08819,1.07379,1.07298,1.08138,1.08471,1.07426,1.08142,1.07833,1.07721
1.07888,1.07929,1.07261,1.09391,1.07735,1.08108,1.07067,1.07562,1.0741,1.07735


B:
2.42741,6.45411,2.69808,0.362626,5.63323,8.65345,4.56499,9.67774,4.97007,7.84906
3.15109,5.27303,5.91591,6.31909,-0.275515,11.8329,6.68655,11.2646,0.910634,4.78535
6.50629,8.82917,9.68097,4.30602,2.60602,7.19271,4.69299,5.40664,9.22276,-0.471332


