========================================================

Test10 results 06-21-2005  14:14:28
Board ID357  30 channels
HV Tests Software Ver.1.6

+5V 2523 - O'k
-5V 1335 - O'k
Interlock - On

Voltmeter channel: A=1.073537, B=7.514596

A:
Limits 1.1 +/- 0.1
1.081081,1.079331,1.075269,1.074691,1.075847,1.079331,1.071237,1.077006,1.075269,1.074691
1.074114,1.075269,1.082837,1.073537,1.077006,1.074114,1.068947,1.078749,1.075847,1.078749
1.073537,1.078167,1.074691,1.084011,1.076426,1.071811,1.072961,1.080497,1.079914,1.075847


B:
Limits 0.0 +/- 30.0
5.405584,10.793356,1.075092,2.149267,-0.000143,6.476033,7.498487,15.077866,15.053588,8.597414
7.518835,10.752512,7.580034,8.588134,6.461817,3.22238,6.413721,11.866045,6.454941,1.078558
6.441059,5.390965,7.522722,2.384186e-006,2.152842,17.149141,5.364967,5.402493,3.239707,6.454941
========================================================
Test10 (ADC Calibration) results 2007-11-05 11:08:52
Board ID357 30 channels
Linux calibration software

Voltmeter channel: A=1.06667, B=-1546.07

A:
1.08037,1.07994,1.08,1.07389,1.07457,1.07986,1.07019,1.0778,1.07874,1.073
1.07375,1.07463,1.08037,1.07186,1.07644,1.07321,1.07756,1.07823,1.07473,1.07762
1.07274,1.07701,1.07416,1.08456,1.07603,1.07491,1.07155,1.07939,1.07898,1.07593


B:
2.81883,5.19708,1.87991,0.116479,-1.55532,4.77871,5.62664,8.50478,10.3043,8.90611
5.87018,7.36145,9.1403,7.90043,3.79451,5.0507,2.75562,8.43038,4.43403,1.1218
4.49752,3.7538,4.83137,0.0459796,-0.646376,9.71248,3.71613,3.9694,1.51963,5.85372


