========================================================

Test15 results 04-13-2005  16:38:24
Board ID017  8 channels
HV Tests Software Ver.1.6


A:
Limits 1.45 +/- 2.0
1.425517,1.440922,1.438849,1.449275,1.441961,1.43575,1.438849,1.445087


B:
Limits 0.0 +/- 160.0
14.255238,-8.645396,4.316404,-5.797135,10.093775,12.921898,10.0718,-13.005815
========================================================
Test15 (Master ADC Calibration) results 2008-03-03 10:54:10
Board ID17 7 channels
Linux calibration software


A:
1.42349,1.44196,1.43988,1.44092,1.443,1.43678,1.43885,1.44509

B:
6.40569,-15.4289,-1.29582,-14.1209,4.90635,6.89646,7.19411,-16.474

========================================================
Test15 (Master ADC Calibration) results 2008-03-03 11:31:45
Board ID17 7 channels
Linux calibration software


A:
1.42552,1.44092,1.43988,1.43369,1.443,1.43575,1.43885,1.44509

B:
2.42345,-12.68,-1.29582,-12.1863,4.90635,9.61967,7.19411,-16.474

========================================================
Test15 (Master ADC Calibration) results 2008-03-03 11:53:08
Board ID17 7 channels
Linux calibration software


A:
1.42552,1.443,1.43988,1.43369,1.443,1.43575,1.43885,1.44404

B:
2.42345,-16.7387,-1.29582,1124.73,4.90635,9.61967,7.19411,-15.1623

========================================================
Test15 (Master ADC Calibration) results 2008-03-04 06:15:53
Board ID17 7 channels
Linux calibration software


A:
1.44823,1.48699,1.49925,2.09644,1.49477,1.47493,1.76211,1.56617

B:
2.75149,-42.3793,-45.5773,837.736,-28.1015,-9.73446,-360.352,-137.353

========================================================
Test15 (Master ADC Calibration) results 2008-03-04 06:34:12
Board ID17 7 channels
Linux calibration software


A:
1.4245,1.443,1.43988,1.43062,1.44404,1.43678,1.43885,1.44509

B:
3.70372,-16.7387,-1.29582,-15.4507,3.61022,6.89646,7.19411,-16.474

========================================================
Test15 (Master ADC Calibration) results 2008-07-03 06:09:50
Board ID17 7 channels
Linux calibration software


A:
1.42487,1.43229,1.43904,1.43603,1.4413,1.4308,1.43828,1.44357

B:
5.44035,-2.60406,1.30808,-9.53005,6.94443,9.88547,10.4603,-13.3858

