========================================================

Test10 results 11-16-2004  17:00:33
Board ID015  36 channels
HV Tests Software Ver.1.4

+5V 2524 - O'k
-5V 1340 - O'k
Interlock - On

Voltmeter channel: A=1.063264, B=12.75906

A:
1.069519,1.067236,1.073537,1.062699,1.062135,1.067806,1.066098,1.068376,1.067806,1.066667,1.067806,1.069519
1.059883,1.072386,1.064396,1.067806,1.064963,1.06383,1.067236,1.067806,1.06553,1.073537,1.056524,1.064963
1.066098,1.078167,1.062699,1.063264,1.061008,1.071811,1.061571,1.064396,1.031992,1.069519,1.071237,1.061008


B:
5.34771,3.201826,10.735209,13.815306,15.932133,6.406877,12.793129,6.410272,10.6781,14.933125,13.881516,6.417229
6.359514,15.013526,6.386566,10.6781,9.584596,18.085135,11.739713,16.017128,6.393329,2.14691,9.508707,9.584596
14.925324,16.172636,9.564508,9.569267,6.365976,13.933707,7.431013,17.030525,36.119804,11.764822,10.712199,10.610008
========================================================

Test10 results 11-22-2004  15:05:25
Board ID015  36 channels
HV Tests Software Ver.1.4

+5V 2526 - O'k
-5V 1315 - O'k
Interlock - On

Voltmeter channel: A=1.063264, B=11.695795

A:
1.069519,1.067806,1.072961,1.062135,1.061571,1.067236,1.066667,1.067236,1.067236,1.066098,1.068376,1.068947
1.059322,1.072386,1.064396,1.068376,1.064396,1.063264,1.067236,1.068376,1.064396,1.072961,1.056524,1.064963
1.066667,1.078167,1.062699,1.062699,1.060445,1.071811,1.061571,1.064963,1.030928,1.068376,1.070664,1.060445


B:
4.278192,4.315376e-005,11.802734,14.869998,15.923582,6.403534,10.666458,8.538006,11.739713,14.925324,10.683776,7.482668
6.356062,13.94114,6.386566,8.547024,9.579754,19.138645,10.672477,12.820528,8.515358,2.146083,8.452183,8.519632
12.799792,15.094469,8.50181,10.627208,7.422964,12.861896,6.369442,14.90941,36.082695,13.888905,9.635981,11.664745
