========================================================

Test10 results 02-08-2006  13:30:20
Board ID382  30 channels
HV Tests Software Ver.1.6

+5V 2510 - O'k
-5V 1338 - O'k
Interlock - On

Voltmeter channel: A=1.079914, B=11.879015

A:
Limits 1.1 +/- 0.1
1.071811,1.072961,1.075847,1.057642,1.077586,1.077586,1.067806,1.079331,1.076426,1.086957
1.081666,1.088732,1.074691,1.074114,1.080497,1.074114,1.077006,1.070664,1.074114,1.077006
1.078749,1.079331,1.075847,1.089918,1.088732,1.088139,1.079331,1.077586,1.079914,1.081666


B:
Limits 0.0 +/- 35.0
13.933707,11.802734,15.061719,8.460956,10.775984,11.85357,10.6781,17.269341,9.687826,11.956598
10.816698,9.798515,13.970869,9.667063,12.965973,10.741177,10.769841,12.847973,10.741177,9.692835
10.787296,10.793356,13.985871,10.899183,13.064711,10.881342,10.793356,10.775984,10.799102,12.98003
========================================================
Test10 (ADC Calibration) results 2008-01-30 10:28:06
Board ID382 30 channels
Linux calibration software

Voltmeter channel: A=1.0621, B=-1572.53

A:
1.07294,1.07334,1.00142,1.05571,1.07685,1.07765,1.06764,1.08099,1.07654,1.0858
1.0817,1.08857,1.07428,1.07236,1.08075,1.07401,1.07604,1.06983,1.07401,1.07604
1.07836,1.07897,1.0763,1.07114,1.08843,1.08746,1.07877,1.07735,1.07988,1.08291


B:
7.85937,8.22071,103.809,9.32333,7.59078,8.16729,7.63012,9.54643,6.29779,11.148
7.05087,7.24205,10.2359,10.3372,7.85405,7.44629,9.81407,11.8703,7.77243,9.41417
7.87207,8.98366,9.47885,35.1081,9.22638,9.27305,8.56035,8.02858,9.03329,6.03319


========================================================
Test10 (ADC Calibration) results 2008-01-30 11:36:05
Board ID382 30 channels
Linux calibration software

Voltmeter channel: A=1.07214, B=-1601.6

A:
1.0723,1.0728,1.06431,1.05571,1.07705,1.0784,1.06859,1.08085,1.07624,1.08665
1.08225,1.08868,1.07482,1.0731,1.08119,1.07486,1.07549,1.07037,1.07367,1.07638
1.07681,1.07917,1.07695,1.07205,1.08898,1.08801,1.07792,1.07705,1.07988,1.08326


B:
9.74665,9.97995,21.7156,9.32333,8.21211,6.82212,5.63494,10.407,7.75812,9.47051
6.35903,6.91432,9.34894,8.99637,7.29052,6.37572,11.5773,10.1174,9.0765,8.3814
11.1167,8.72809,8.26256,19.3576,8.53084,8.57676,10.5113,8.61201,8.63339,5.59584


========================================================
Test10 (ADC Calibration) results 2008-06-19 12:08:44
Board ID382 30 channels
Linux calibration software

Voltmeter channel: A=1.07, B=0

A:
1.09002,1.09011,1.08035,1.07259,1.09383,1.09392,1.084,1.09876,1.09246,1.10449
1.09867,1.10541,1.09265,1.09029,1.10162,1.09156,1.08858,1.08732,1.08552,1.09356
1.07725,1.06331,1.09256,1.08858,1.1056,1.10858,1.09693,1.09392,1.09675,1.09931


B:
7.74558,10.9331,17.2955,8.5537,7.95952,8.97006,8.08373,8.70807,7.6801,8.56956
7.91285,6.84268,7.73198,7.93231,8.74895,7.20309,15.1703,8.92922,11.6693,7.77267
24.0229,24.4574,9.34505,16.4766,9.76904,8.39838,7.5279,7.87614,7.47626,7.10604


========================================================
Test10 (ADC Calibration) results 2008-07-06 14:47:50
Board ID382 30 channels
Linux calibration software

Voltmeter channel: A=1.07, B=0

A:
1.09038,1.09047,1.0807,1.07268,1.0941,1.09428,1.08454,1.09876,1.0912,1.10439
1.09886,1.10532,1.09246,1.09065,1.10226,1.09201,1.07999,1.08777,1.08454,1.09365
1.07067,1.0747,1.09301,1.08849,1.10644,1.10858,1.09702,1.0941,1.0972,1.09913


B:
7.63121,10.1648,16.1044,8.6862,7.92827,8.1989,7.15332,9.58714,8.84588,8.65337
7.74509,7.14798,8.11725,7.81737,7.94045,6.78629,22.3741,8.08008,12.1423,7.47008
28.3369,31.7356,8.71018,16.1237,8.12575,8.62044,7.66374,7.27158,6.8383,7.71329


========================================================
Test10 (ADC Calibration) results 2008-07-17 09:50:45
Board ID382 30 channels
Linux calibration software

Voltmeter channel: A=1.07, B=0

A:
1.09127,1.09099,1.0811,1.07313,1.09448,1.09467,1.08491,1.09981,1.09268,1.105
1.09933,1.10577,1.09353,1.09099,1.08277,1.09287,1.08668,1.0878,1.08379,1.09401
1.07222,1.06071,1.09334,1.08939,1.10664,1.10936,1.09752,1.0942,1.09733,1.1


B:
6.37695,10.1283,16.1681,8.48666,7.14319,8.06389,6.5944,7.53419,7.91633,8.32637
7.09116,6.29782,6.69852,7.50981,26.3294,5.55708,16.9082,8.92067,12.6126,7.13975
27.9927,26.4512,7.9657,15.5152,8.38429,7.47576,7.20968,7.62207,6.94474,6.47998


========================================================
Test10 (ADC Calibration) results 2008-07-19 11:33:18
Board ID382 30 channels
Linux calibration software

Voltmeter channel: A=1.07, B=0

A:
1.09033,1.09071,1.0812,1.07258,1.0942,1.09457,1.085,1.09943,1.0836,1.10519
1.09895,1.10548,1.09287,1.09099,1.07733,1.09221,1.0766,1.0878,1.08305,1.09448
1.06455,1.0667,1.09316,1.0892,1.10664,1.10868,1.09742,1.0941,1.09742,1.09971


B:
7.67918,9.73249,15.4342,8.99648,7.62207,7.49365,6.07415,8.10335,15.6006,7.70897
7.2204,6.78287,7.74282,7.50981,31.2766,6.60171,25.9148,7.83287,12.6462,6.26755
30.979,19.8222,8.13845,15.251,7.49892,8.97818,7.51597,7.70895,6.41855,6.30225


========================================================
Test10 (ADC Calibration) results 2008-07-19 17:28:33
Board ID382 30 channels
Linux calibration software

Voltmeter channel: A=1.07, B=0

A:
1.09071,1.09033,1.08101,1.07267,1.09429,1.09457,1.08463,1.09952,1.08194,1.10461
1.09895,1.10577,1.09306,1.09071,1.08055,1.09221,1.07779,1.08761,1.08277,1.09429
1.06383,1.05955,1.09316,1.08902,1.10654,1.10868,1.09733,1.0941,1.09733,1.09952


B:
7.11491,10.5138,15.8202,8.48248,7.3168,7.93138,7.06981,8.01598,17.5663,8.67629
7.2204,6.29782,7.13234,7.98752,27.9153,6.38332,23.5306,8.65823,12.9028,6.87893
33.979,23.0729,8.35741,15.6403,8.02925,9.19987,7.16403,7.70895,6.94474,7.13631


========================================================
Test10 (ADC Calibration) results 2008-07-20 15:54:11
Board ID382 30 channels
Linux calibration software

Voltmeter channel: A=1.07, B=0

A:
1.09089,1.0908,1.08101,1.07285,1.0942,1.09448,1.085,1.09943,1.08296,1.1049
1.09885,1.10577,1.09297,1.09099,1.07715,1.09212,1.07477,1.0877,1.08194,1.09372
1.06258,1.05929,1.09306,1.08911,1.10625,1.10868,1.09771,1.09439,1.09723,1.09962


B:
7.16007,10.0826,16.0364,8.52696,7.62207,8.01882,5.85681,8.54301,16.6306,7.97164
7.30696,6.29782,7.21904,6.85538,31.0129,6.25185,26.9437,8.35431,14.1038,7.83714
35.3401,16.9653,8.66252,15.9899,8.51365,8.7565,6.59632,7.01077,7.03172,7.04928


========================================================
Test10 (ADC Calibration) results 2008-07-24 14:52:16
Board ID382 30 channels
Linux calibration software

Voltmeter channel: A=1.07, B=0

A:
1.09052,1.09033,1.08147,1.0724,1.09353,1.09495,1.08463,1.09904,1.0924,1.1048
1.09885,1.10538,1.09325,1.09071,1.10249,1.09221,1.07468,1.08752,1.08231,1.09372
1.06832,1.05884,1.09268,1.08911,1.10606,1.10877,1.09714,1.09429,1.09685,1.09924


B:
7.06959,9.85984,14.9625,8.3083,7.79205,6.70854,6.41893,7.79226,7.95781,7.61768
6.86753,6.64914,6.52148,7.33299,7.73176,5.94666,25.5229,8.09171,13.5463,7.39987
30.2805,19.2873,9.00902,15.9899,8.24656,7.55989,7.33811,7.3168,7.38013,7.17832


========================================================
Test10 (ADC Calibration) results 2008-07-24 21:41:51
Board ID382 30 channels
Linux calibration software

Voltmeter channel: A=1.07, B=0

A:
1.09108,1.09071,1.08129,1.07322,1.09448,1.09429,1.08463,1.09962,1.08752,1.1048
1.09895,1.10567,1.09287,1.09108,1.10278,1.09221,1.07294,1.08827,1.08314,1.0942
1.06832,1.05849,1.09344,1.0892,1.10654,1.10897,1.09723,1.0941,1.09742,1.09943


B:
6.76809,10.1689,15.3492,7.75729,6.92434,8.19229,6.41893,7.92903,12.0065,8.50158
7.44002,6.1647,7.5243,6.76809,7.91076,6.38332,20.8879,7.18342,13.211,6.74666
27.7167,19.6197,7.65984,15.251,8.02925,8.27099,7.25111,7.27115,6.85768,7.22375


========================================================
Test10 (ADC Calibration) results 2008-08-12 21:57:53
Board ID382 30 channels
Linux calibration software

Voltmeter channel: A=1.07, B=0

A:
1.09221,1.09287,1.08147,1.0734,1.09457,1.09524,1.085,1.10048,1.0799,1.10606
1.09943,1.10606,1.09382,1.09155,1.10461,1.09306,1.08286,1.08855,1.08342,1.09495
1.06231,1.06877,1.09401,1.08967,1.10712,1.11092,1.09819,1.09543,1.09828,1.10048


B:
6.8201,8.83569,14.9625,8.01677,7.71252,6.66669,7.15915,7.36382,19.432,7.58319
7.22375,6.03444,7.96918,6.77205,8.23455,6.4764,14.5499,7.35997,11.6547,5.83252
32.399,19.6062,6.92062,14.3861,7.50303,6.95402,6.59938,5.17825,4.97469,5.60295


========================================================
Test10 (ADC Calibration) results 2008-08-27 10:29:08
Board ID382 30 channels
Linux calibration (server mode)

Voltmeter channel: A=1.09831, B=0

A:
1.09727,1.09829,1.0885,1.07823,1.0993,1.09964,1.08949,1.10509,1.09176,1.11125
1.1041,1.11036,1.09879,1.09612,1.11015,1.09744,1.08026,1.093,1.08984,1.09916
1.07593,1.06776,1.09831,1.09651,1.11188,1.11538,1.10269,1.09928,1.10222,1.10451


B:
0,0,0,0,0,0,0,0,0,0
0,0,0,0,0,0,0,0,0,0
0,0,0,0,0,0,0,0,0,0


========================================================
Test10 (ADC Calibration) results 2008-08-27 11:18:31
Board ID382 30 channels
Linux calibration software

Voltmeter channel: A=1.07, B=0

A:
1.09486,1.09476,1.08351,1.07522,1.09647,1.09666,1.08705,1.10182,1.07495,1.10848
1.10134,1.108,1.09638,1.09363,1.10741,1.09562,1.06805,1.09005,1.08425,1.09638
1.0616,1.06374,1.09543,1.09136,1.10887,1.11277,1.0999,1.09657,1.1,1.10201


B:
7.45216,10.6046,16.336,9.75239,8.38561,8.87007,7.65291,9.44509,26.5618,8.48836
8.1194,7.15467,7.81494,7.92396,8.56808,6.0997,23.693,9.46451,13.9193,8.69209
34.9669,16.6154,9.34093,16.1128,9.02458,8.39167,8.32732,8.29915,6.91987,7.72753


========================================================
Test10 (ADC Calibration) results 2008-08-28 18:57:15
Board ID382 30 channels
Linux calibration (server mode)

Voltmeter channel: A=1.08269, B=0

A:
1.08415,1.08483,1.07567,1.06537,1.08621,1.08665,1.07671,1.09181,1.06719,1.098
1.09097,1.09739,1.08581,1.08316,1.09411,1.08443,1.0595,1.07993,1.07496,1.08615
1.05315,1.04628,1.08527,1.08361,1.09868,1.1021,1.08966,1.0863,1.08909,1.09138


B:
0,0,0,0,0,0,0,0,0,0
0,0,0,0,0,0,0,0,0,0
0,0,0,0,0,0,0,0,0,0


========================================================
Test10 (ADC Calibration) results 2008-08-30 18:21:59
Board ID382 30 channels
Linux calibration (server mode)

Voltmeter channel: A=1.08002, B=0

A:
1.08057,1.08136,1.0717,1.06172,1.08248,1.08282,1.07274,1.08817,1.06708,1.09417
1.08712,1.09339,1.08189,1.07935,1.09315,1.08057,1.06099,1.07625,1.07292,1.08226
1.05352,1.04583,1.08144,1.07958,1.09482,1.0983,1.08582,1.0823,1.08528,1.08751


B:
0,0,0,0,0,0,0,0,0,0
0,0,0,0,0,0,0,0,0,0
0,0,0,0,0,0,0,0,0,0


========================================================
Test10 (ADC Calibration) results 2008-08-30 21:23:31
Board ID382 30 channels
Linux calibration (server mode)

Voltmeter channel: A=1.11039, B=0

A:
1.11147,1.11227,1.10222,1.09207,1.11349,1.11378,1.10349,1.11919,1.09428,1.12539
1.11826,1.12459,1.11285,1.11022,1.11546,1.11144,1.08791,1.10698,1.10254,1.11328
1.07919,1.08199,1.11246,1.11037,1.12608,1.12953,1.1168,1.1134,1.11625,1.1186


B:
0,0,0,0,0,0,0,0,0,0
0,0,0,0,0,0,0,0,0,0
0,0,0,0,0,0,0,0,0,0


========================================================
Test10 (ADC Calibration) results 2008-08-30 21:50:45
Board ID382 30 channels
Linux calibration (server mode)

Voltmeter channel: A=1.07955, B=0

A:
1.08045,1.08121,1.07154,1.06159,1.08247,1.0827,1.07266,1.08799,1.06425,1.09406
1.08712,1.09326,1.08186,1.07918,1.08235,1.08055,1.05729,1.07622,1.07151,1.08225
1.04943,1.05255,1.08139,1.07947,1.09482,1.0982,1.08567,1.08235,1.08521,1.08743


B:
0,0,0,0,0,0,0,0,0,0
0,0,0,0,0,0,0,0,0,0
0,0,0,0,0,0,0,0,0,0


========================================================
Test10 (ADC Calibration) results 2008-08-31 12:04:51
Board ID382 30 channels
Linux calibration (server mode)

Voltmeter channel: A=1.08065, B=0

A:
1.08025,1.08099,1.07151,1.06151,1.0825,1.08275,1.07271,1.08728,1.06288,1.09406
1.08704,1.09329,1.08176,1.07918,1.09286,1.08039,1.05108,1.07613,1.07077,1.08216
1.04691,1.04508,1.08139,1.07938,1.09477,1.09808,1.0856,1.08228,1.08519,1.08746


B:
0,0,0,0,0,0,0,0,0,0
0,0,0,0,0,0,0,0,0,0
0,0,0,0,0,0,0,0,0,0


========================================================
Test10 (ADC Calibration) results 2008-08-31 16:13:49
Board ID382 30 channels
Linux calibration (server mode)

Voltmeter channel: A=1.08057, B=0

A:
1.0804,1.08111,1.07155,1.06162,1.08245,1.0827,1.07287,1.0879,1.06503,1.09406
1.08712,1.09331,1.08189,1.07922,1.09285,1.08045,1.05564,1.07622,1.07139,1.08228
1.04918,1.04539,1.08141,1.07948,1.09475,1.09806,1.08579,1.08228,1.08516,1.08748


B:
0,0,0,0,0,0,0,0,0,0
0,0,0,0,0,0,0,0,0,0
0,0,0,0,0,0,0,0,0,0


========================================================
Test10 (ADC Calibration) results 2008-08-31 18:29:22
Board ID382 30 channels
Linux calibration (server mode)

Voltmeter channel: A=1.0797, B=0

A:
1.08042,1.08119,1.07154,1.06164,1.08248,1.08272,1.07279,1.08782,1.06364,1.09405
1.08712,1.09334,1.08184,1.0793,1.09293,1.08047,1.05488,1.07615,1.07136,1.08215
1.04984,1.0449,1.08134,1.0795,1.09479,1.09813,1.08575,1.08235,1.08519,1.08748


B:
0,0,0,0,0,0,0,0,0,0
0,0,0,0,0,0,0,0,0,0
0,0,0,0,0,0,0,0,0,0


========================================================
Test10 (ADC Calibration) results 2008-09-01 15:17:54
Board ID382 30 channels
Linux calibration (server mode)

Voltmeter channel: A=1.08047, B=0

A:
1.08062,1.08137,1.0718,1.06169,1.08263,1.08282,1.07284,1.08806,1.0698,1.09418
1.08719,1.09338,1.08198,1.0794,1.0931,1.08069,1.05465,1.0763,1.07231,1.08238
1.05441,1.04498,1.08159,1.07965,1.09494,1.09832,1.08584,1.08243,1.08531,1.08758


B:
0,0,0,0,0,0,0,0,0,0
0,0,0,0,0,0,0,0,0,0
0,0,0,0,0,0,0,0,0,0


