========================================================

Test11 results 02-08-2006  13:31:37
Board ID382  30 channels
HV Tests Software Ver.1.6

+5V 2510 - O'k
-5V 1338 - O'k
Interlock - On
Calibration DAC Range: [2500 - 2900]


A:
Limits 0.76 +/- 0.04
0.756144,0.756144,0.750469,0.767754,0.75188,0.75188,0.760456,0.749064,0.753296,0.747664
0.747664,0.744879,0.753296,0.753296,0.749064,0.754717,0.754717,0.756144,0.754717,0.750469
0.75188,0.750469,0.753296,0.749064,0.743494,0.746269,0.749064,0.750469,0.747664,0.749064


B:
Limits 60.0 +/- 40.0
61.0168,61.116299,71.091423,59.349518,64.964195,64.246826,58.850922,64.80809,62.775528,56.360592
69.472816,62.327274,63.491306,68.870491,66.426918,63.430824,55.078636,65.675499,62.81559,70.375946
61.81625,64.894737,60.342953,57.964287,65.250427,57.61237,70.383636,69.567215,72.531189,61.101357
========================================================
Test11 (DAC Calibration) results 2008-01-30 10:28:06
Board ID382 30 channels
Linux calibration software
Calibration DAC Range: [1100 - 2700]

A:
0.75429,0.754006,0.807754,0.76621,0.751174,0.75061,0.757648,0.748293,0.751385,0.744602
0.747803,0.74308,0.752587,0.753935,0.748083,0.753154,0.751738,0.755715,0.753154,0.751738
0.750117,0.749695,0.751174,0.759013,0.742804,0.74384,0.749836,0.750821,0.749064,0.746965


B:
69.489,70.0282,-7.10821,69.6006,71.0421,70.6138,70.9631,69.6005,71.2032,69.7689
71.4715,72.1717,69.5579,70.276,71.3859,71.945,69.3666,70.716,70.8905,69.6672
70.8393,70.818,70.1408,50.5881,71.2163,69.0376,70.3253,71.525,70.7865,71.4285


========================================================
Test11 (DAC Calibration) results 2008-01-30 11:36:05
Board ID382 30 channels
Linux calibration software
Calibration DAC Range: [1100 - 2700]

A:
0.754361,0.754006,0.760023,0.76621,0.751033,0.750469,0.757361,0.748013,0.751597,0.744394
0.747803,0.743011,0.752587,0.753792,0.748153,0.752941,0.751738,0.755715,0.753012,0.75188
0.750821,0.749555,0.751103,0.758366,0.742804,0.74384,0.750047,0.751033,0.749064,0.747105


B:
69.3918,70.0282,61.0488,69.6006,71.3855,71.107,71.9588,70.2851,70.9133,70.5033
71.4715,72.4158,69.7084,70.7719,71.2896,72.2352,69.3666,70.716,71.2351,69.9248
69.7231,71.0109,70.5382,62.5558,71.2163,69.0376,70.1856,71.0852,71.0861,71.2365


========================================================
Test11 (ADC Calibration) results 2008-06-19 12:56:33
Board ID382 30 channels
Linux calibration software

Calibration DAC Range: [1000 - 3500]

A:
0.742,0.7416,0.7488,0.7544,0.7392,0.7392,0.746,0.7356,0.74,0.7328
0.7364,0.7316,0.7404,0.7416,0.7348,0.7408,0.7432,0.7436,0.7452,0.7396
0.75,0.7608,0.7408,0.7468,0.7316,0.7296,0.7368,0.7392,0.7372,0.736


B:
71.0001,70.4001,64.2001,70.5999,72.8,71.8,72,72.4,72,70.2
71.6,73.4,70.5999,72.4001,69.2001,73.1999,65.8,72.4,68.8001,71.4
62,59.2,69.1999,65.2,70.4,70.4,73.2,72.8,73.7999,71


