========================================================

Test10 results 09-07-2005  13:37:35
Board ID063  36 channels
HV Tests Software Ver.1.6

+5V 3056 - O'k
-5V 1401 - O'k
Interlock - On

Voltmeter channel: A=1.068376, B=11.752151

A:
Limits 1.1 +/- 0.1
1.078749,1.084599,1.077586,1.073537,1.077006,1.086957,1.081081,1.071811,1.071811,1.082837,1.066667,1.074691
1.074114,1.071237,1.070664,1.072961,1.067236,1.071811,1.082837,1.078749,1.082837,1.077006,1.076426,1.075847
1.069519,1.072386,1.06383,1.073537,1.077006,1.072961,1.072386,1.082837,1.072386,1.077586,1.074114,1.074114


B:
Limits 0.0 +/- 35.0
5.393553,-2.169057,5.388053,12.882283,-0.000219,3.260946,5.405584,11.790084,16.07733,8.662871,7.466458,15.04556
11.81529,3.213538,6.423989,6.437928,12.806949,6.431027,3.248686,7.55105,6.497197,10.769841,8.6114,-1.07599
5.34771,9.651596,9.574496,5.367522,15.077866,9.656813,10.723982,6.497197,8.57921,0.000122,9.667063,16.111746
========================================================
Test10 (ADC Calibration) results 2008-02-05 11:38:15
Board ID63 36 channels
Linux calibration software

Voltmeter channel: A=1.06819, B=6.36465

A:
1.07838,1.08586,1.07956,1.07667,1.07616,1.08622,1.08222,1.07992,1.07558,1.08228,1.06946,1.07461
1.07562,1.07084,1.0697,1.07275,1.06707,1.07121,1.0838,1.08036,1.08335,1.07683,1.07592,1.07503
1.06902,1.07125,1.06492,1.07332,1.07863,1.07455,1.07138,1.08535,1.07212,1.07893,1.07381,1.0737


B:
0.754974,-3.89898,2.72742,7.66661,-0.334519,0.867507,1.24893,7.34331,11.9375,4.84391,3.36915,11.8499
8.6353,0.249112,3.78771,3.18332,8.01535,2.77711,5.16014,6.0957,2.61181,8.8881,4.18025,-3.88226
2.274,7.66009,5.10139,1.80605,11.2875,4.90712,10.6363,2.5769,4.61261,-3.50793,9.96374,12.9585


========================================================
Test10 (ADC Calibration) results 2008-06-19 12:08:44
Board ID063 36 channels
Linux calibration software

Voltmeter channel: A=1.07, B=0

A:
1.09374,1.10411,1.09812,1.09056,1.09437,1.10328,1.09996,1.1069,1.09766,1.09968,1.084,1.09147
1.05648,1.08696,1.08642,1.08984,1.084,1.08795,1.10588,1.09941,1.10042,1.09428,1.09319,1.09183
1.08543,1.0884,1.0807,1.08966,1.09638,1.09147,1.08903,1.10374,1.08894,1.0962,1.09201,1.09165


B:
3.13698,-4.44758,3.92497,10.8639,-2.26602,0.0713168,1.13842,9.14645,12.4681,5.13104,5.83173,11.7795
22.0785,2.6523,4.45599,2.59102,7.99973,3.25671,3.21758,3.84413,3.57655,8.10462,3.20305,-3.83873
2.98279,7.62829,8.02632,2.97637,11.6611,6.75864,10.3129,2.07485,4.95107,-1.10698,8.00463,12.705


========================================================
Test10 (ADC Calibration) results 2008-07-15 20:22:27
Board ID063 36 channels
Linux calibration software

Voltmeter channel: A=1.07, B=0

A:
1.09319,1.10365,1.09757,1.08831,1.09447,1.10328,1.10014,1.10606,1.0972,1.10014,1.0832,1.09165
1.0575,1.08696,1.08714,1.09011,1.08427,1.08822,1.07417,1.09474,1.10051,1.09474,1.0931,1.09174
1.08588,1.0884,1.08088,1.08966,1.0962,1.09174,1.08885,1.10402,1.08921,1.09647,1.09201,1.09201


B:
2.32831,-4.02092,2.67397,11.1941,-2.5693,0.291919,0.529578,8.57832,12.0077,4.4898,3.97766,11.1764
20.0658,2.21735,2.92016,2.1221,7.53455,3.00627,26.1258,8.12479,3.05195,7.03005,3.06828,-3.7541
2.34922,7.41066,7.64543,2.97637,11.3896,6.07155,10.6967,0.936931,4.48322,-1.36007,8.4416,12.3727


========================================================
Test10 (ADC Calibration) results 2008-07-15 23:03:19
Board ID063 36 channels
Linux calibration software

Voltmeter channel: A=1.07, B=0

A:
1.094,1.10465,1.09816,1.08969,1.09568,1.10404,1.10084,1.10686,1.09835,1.10094,1.08424,1.09233
1.05882,1.08783,1.08803,1.09106,1.08521,1.0893,1.07124,1.09608,1.10154,1.09538,1.0941,1.09263
1.08696,1.08949,1.08173,1.09066,1.09716,1.09282,1.09027,1.10495,1.09008,1.09766,1.09312,1.09312


B:
2.23482,-4.71629,2.35479,10.1425,-3.91472,-0.187199,0.105435,6.52849,10.9592,3.75697,3.00613,10.9878
19.0351,2.05628,2.31079,1.24573,6.8795,1.78736,34.6007,6.24077,2.54761,7.31382,2.14398,-4.14195
1.13039,6.39991,7.28828,2.0449,10.2888,5.07345,8.949,0.0890715,3.67867,-2.89661,7.42527,11.7977


========================================================
Test10 (ADC Calibration) results 2008-07-16 00:30:07
Board ID063 36 channels
Linux calibration software

Voltmeter channel: A=1.07, B=0

A:
1.09472,1.10552,1.09895,1.09052,1.09657,1.105,1.10165,1.10741,1.09906,1.10145,1.08463,1.09359
1.05967,1.08879,1.08858,1.09195,1.08604,1.09001,1.07413,1.09626,1.10228,1.09637,1.09513,1.09379
1.08746,1.09011,1.08231,1.09123,1.09792,1.09349,1.09082,1.10573,1.09103,1.09854,1.0939,1.09349


B:
1.3556,-5.7443,1.84233,8.50562,-4.5237,-1.06298,-0.641205,6.02472,9.88014,3.51527,2.86124,8.96064
16.1231,0.736378,2.2314,0.418496,5.67078,1.34519,30.4611,6.28711,1.42934,6.19257,1.1946,-5.66562
0.876156,5.82873,6.31629,1.51864,9.82094,4.68088,8.65994,-0.408797,2.79894,-3.26908,6.70882,11.4604


========================================================
Test10 (ADC Calibration) results 2008-07-16 10:29:19
Board ID063 36 channels
Linux calibration software

Voltmeter channel: A=1.07, B=0

A:
1.09604,1.10637,1.10004,1.09196,1.09701,1.10582,1.10243,1.10978,1.09982,1.10232,1.08622,1.09453
1.05868,1.08951,1.08919,1.09249,1.08685,1.09121,1.06985,1.0995,1.10298,1.09701,1.09593,1.09421
1.08834,1.091,1.08337,1.09207,1.09885,1.09432,1.09164,1.10637,1.09185,1.09906,1.09453,1.09475


B:
0.137387,-6.08172,1.28369,8.92598,-4.26917,-2.03838,-0.914817,6.09174,10.0618,2.49225,2.03708,8.31402
25.5234,0.720979,1.45294,0.13161,5.35914,0.010463,36.2949,3.76125,1.01063,5.82327,0.674915,-5.61537
0.283021,5.22692,5.55312,0.964556,8.97232,3.6959,7.91042,-0.549867,2.03615,-3.53491,6.12496,10.0874


========================================================
Test10 (ADC Calibration) results 2008-07-16 15:50:29
Board ID063 36 channels
Linux calibration software

Voltmeter channel: A=1.07, B=0

A:
1.09604,1.10648,1.10026,1.09207,1.09712,1.1056,1.10211,1.11012,1.09982,1.10221,1.086,1.09453
1.06009,1.08983,1.08908,1.09249,1.08706,1.09089,1.06729,1.10004,1.10265,1.09733,1.09572,1.09442
1.08865,1.091,1.08347,1.09207,1.09896,1.0941,1.09164,1.10637,1.09196,1.09939,1.09464,1.09475


B:
0.794765,-6.1828,0.644168,9.04601,-4.80814,-1.61633,-0.394025,5.12544,10.2816,2.8128,2.45072,8.31402
19.7581,-0.447388,1.98743,0.350056,4.72759,0.743641,39.0564,3.48376,1.53129,5.52629,0.873836,-6.03375
-0.01351,5.22692,5.67194,1.18327,9.09367,4.33158,8.34724,-0.549867,2.15553,-4.05489,6.24482,9.43046


========================================================
Test10 (ADC Calibration) results 2008-07-17 09:50:45
Board ID063 36 channels
Linux calibration software

Voltmeter channel: A=1.07, B=0

A:
1.09363,1.10471,1.09838,1.0893,1.09524,1.10355,1.10038,1.10693,1.0978,1.10048,1.08407,1.09221
1.05699,1.08724,1.08733,1.09052,1.085,1.08855,1.06886,1.09828,1.10105,1.09524,1.09382,1.09231
1.08649,1.08902,1.08175,1.09033,1.09685,1.09231,1.08958,1.10461,1.08995,1.09733,1.09268,1.09268


B:
2.58075,-4.77203,2.81164,11.808,-2.84771,0.264579,0.968134,8.89995,11.6809,4.6223,4.46605,10.8783
25.41,3.04434,3.17495,2.1809,6.63987,3.13489,36.9828,5.31588,2.99474,7.66669,2.40627,-3.8449
1.78175,7.27504,7.0529,2.3551,11.0127,5.98585,10.2423,1.06066,4.0108,-2.37004,7.82365,12.1944


========================================================
Test10 (ADC Calibration) results 2008-07-19 11:33:18
Board ID063 36 channels
Linux calibration software

Voltmeter channel: A=1.07, B=0

A:
1.09353,1.10432,1.09761,1.08668,1.09524,1.10394,1.10038,1.10509,1.09752,1.10077,1.0837,1.0924
1.05796,1.08761,1.08733,1.09052,1.08472,1.08883,1.10567,1.09723,1.10115,1.09514,1.09382,1.09221
1.08668,1.08911,1.08129,1.09024,1.09676,1.0924,1.08958,1.10451,1.09005,1.09723,1.09278,1.09268


B:
2.23085,-4.63821,3.29269,12.9097,-3.2857,-0.0882543,0.748111,8.35451,11.0629,3.69844,4.16163,10.7055
19.4241,1.8271,3.17495,1.96285,6.89863,2.43915,3.40553,5.39808,2.90723,7.09673,2.40627,-3.97546
1.39075,6.75237,7.48268,2.44219,10.6604,5.46218,10.4601,1.14896,3.70627,-2.06277,7.08139,11.7572


========================================================
Test10 (ADC Calibration) results 2008-07-19 17:28:33
Board ID063 36 channels
Linux calibration software

Voltmeter channel: A=1.07, B=0

A:
1.09325,1.10403,1.09742,1.08444,1.09495,1.10394,1.10048,1.10384,1.09676,1.10038,1.08351,1.09212
1.05813,1.08742,1.08724,1.09052,1.08463,1.08855,1.10567,1.09448,1.10077,1.09505,1.09372,1.0924
1.0864,1.08902,1.08147,1.09024,1.09676,1.09221,1.08958,1.10413,1.08977,1.09723,1.09249,1.09249


B:
2.92988,-3.93016,3.68742,15.3992,-2.58392,0.132366,0.440432,10.5971,13.0732,4.70971,4.76718,10.7465
18.2,2.65335,3.69679,1.96285,7.41893,3.13489,3.18456,7.92434,3.25797,7.62159,2.71218,-3.93257
2.30273,7.0569,7.09454,2.87844,10.6604,6.2911,9.80627,1.72255,4.18445,-2.28255,7.99724,12.3672


========================================================
Test10 (ADC Calibration) results 2008-07-20 15:54:11
Board ID063 36 channels
Linux calibration software

Voltmeter channel: A=1.07, B=0

A:
1.09306,1.10432,1.09742,1.08546,1.09495,1.10374,1.10057,1.10355,1.09752,1.10029,1.08379,1.09212
1.06044,1.08761,1.08724,1.09061,1.08463,1.08873,1.10567,1.09771,1.10077,1.09514,1.09391,1.0925
1.08668,1.08911,1.08138,1.08995,1.09647,1.09231,1.0893,1.10432,1.09014,1.09704,1.0924,1.0924


B:
2.88559,-4.41713,3.90685,13.8068,-2.58392,0.0880855,0.572492,10.6382,11.7217,4.57704,4.94225,11.402
19.8513,2.26243,3.69679,1.65753,7.41893,2.52605,3.40553,4.96154,3.91854,7.53456,2.31909,-4.45749
1.60803,6.97014,7.61262,3.57493,11.3593,5.98585,10.0649,1.5461,3.8373,-1.6676,8.52069,12.6719


========================================================
Test10 (ADC Calibration) results 2008-07-24 14:52:16
Board ID063 36 channels
Linux calibration software

Voltmeter channel: A=1.07, B=0

A:
1.09363,1.10384,1.09752,1.085,1.09495,1.10336,1.10038,1.10384,1.09685,1.1,1.08388,1.09221
1.05778,1.08752,1.08733,1.09033,1.08444,1.08845,1.10558,1.09838,1.10077,1.09476,1.09391,1.0924
1.08612,1.08892,1.0812,1.08986,1.09628,1.09221,1.0893,1.10413,1.08967,1.09676,1.09249,1.0924


B:
2.36219,-3.53214,3.38032,13.3668,-2.80325,0.882845,0.748111,9.2725,12.1096,5.06003,4.20535,10.66
25.5134,2.13131,3.39224,2.13721,7.80812,3.22187,3.0511,4.56926,3.03787,7.22558,2.10036,-4.151
2.34577,6.92558,7.56849,3.00794,11.752,5.85445,10.0649,1.94332,4.48941,-1.6232,7.99724,12.235


========================================================
Test10 (ADC Calibration) results 2008-07-24 21:41:51
Board ID063 36 channels
Linux calibration software

Voltmeter channel: A=1.07, B=0

A:
1.09372,1.10422,1.0979,1.08518,1.09495,1.10374,1.10019,1.10394,1.09723,1.1001,1.08425,1.09202
1.05893,1.0877,1.08742,1.0908,1.08472,1.08855,1.10548,1.0908,1.10086,1.09514,1.09363,1.0924
1.08658,1.08873,1.08147,1.08995,1.09657,1.09202,1.08939,1.10432,1.08967,1.09676,1.0924,1.09202


B:
2.05623,-4.54927,2.81088,11.8934,-2.58392,0.0880855,0.924382,7.41856,11.7621,4.53239,3.85998,10.8327
20.6282,1.74038,2.65335,1.04726,6.89863,2.26439,3.80304,10.6463,2.95062,7.09673,2.36219,-4.58812
1.26047,7.09868,7.09454,2.92085,11.0534,6.24628,10.1967,1.32529,4.48941,-1.4039,8.08383,13.0168


========================================================
Test10 (ADC Calibration) results 2008-08-12 21:57:53
Board ID063 36 channels
Linux calibration software

Voltmeter channel: A=1.07, B=0

A:
1.09297,1.10451,1.09819,1.08649,1.09533,1.10374,1.10086,1.10077,1.09761,1.10057,1.08453,1.0924
1.05699,1.08742,1.08752,1.09061,1.08528,1.08883,1.10606,1.05805,1.10134,1.09552,1.0942,1.09231
1.08658,1.0892,1.08175,1.09024,1.07231,1.0924,1.08977,1.10509,1.09014,1.09761,1.09268,1.09278


B:
2.75421,-4.15277,3.42622,12.4295,-3.15444,-0.132609,0.0881585,8.7618,11.1955,4.75473,3.81739,10.7055
37.2482,2.65335,3.00138,1.87598,6.59856,2.43915,3.0529,21.6687,2.73157,6.96748,2.05689,-3.62649
2.1294,6.8838,7.26919,2.0062,33.4131,6.33588,9.85157,1.06067,4.05516,-1.97591,8.04213,12.1079


========================================================
Test10 (ADC Calibration) results 2008-08-27 10:28:45
Board ID063 36 channels
Linux calibration (server mode)

Voltmeter channel: A=1.07981, B=0

A:
1.09429,1.10334,1.09894,1.08437,1.09488,1.10399,1.10099,1.10265,1.1008,1.10222,1.08574,1.09583
1.06978,1.08852,1.08854,1.09149,1.08735,1.08983,1.10668,1.09116,1.10241,1.09806,1.09492,1.09132
1.08769,1.09149,1.08426,1.09126,1.10032,1.0947,1.09313,1.10561,1.09134,1.0971,1.09551,1.09682


B:
0,0,0,0,0,0,0,0,0,0,0,0
0,0,0,0,0,0,0,0,0,0,0,0
0,0,0,0,0,0,0,0,0,0,0,0


========================================================
Test10 (ADC Calibration) results 2008-08-27 11:18:31
Board ID063 36 channels
Linux calibration software

Voltmeter channel: A=1.07, B=0

A:
1.09136,1.10451,1.09723,1.07871,1.09581,1.10374,1.10096,1.0979,1.09695,1.10057,1.08425,1.09231
1.05964,1.08808,1.08742,1.09089,1.08481,1.08911,1.10538,1.08463,1.10124,1.09609,1.0941,1.0924
1.08686,1.0893,1.08184,1.09052,1.07122,1.09259,1.08995,1.1049,1.09005,1.09742,1.09306,1.09287


B:
4.45275,-4.37361,3.64278,15.7057,-3.15615,0.529858,0.440202,8.95885,11.3645,4.97479,3.64318,11.229
29.5004,1.61052,3.30591,1.61471,7.46351,1.96039,3.44863,12.4083,3.70005,6.4452,2.14434,-3.49572
2.08669,6.79699,7.1835,2.1809,34.1933,5.72511,9.67889,1.45816,3.92423,-1.58027,7.69522,12.24


========================================================
Test10 (ADC Calibration) results 2008-08-28 18:57:15
Board ID063 36 channels
Linux calibration (server mode)

Voltmeter channel: A=1.06501, B=0

A:
1.07779,1.08982,1.08436,1.06122,1.08163,1.09072,1.08775,1.08368,1.08638,1.08892,1.07222,1.08267
1.05495,1.07542,1.0755,1.07828,1.07426,1.07664,1.09273,1.075,1.08914,1.08472,1.08168,1.07822
1.07453,1.07838,1.07112,1.07813,1.07071,1.08148,1.07976,1.09204,1.07832,1.08384,1.08222,1.08357


B:
0,0,0,0,0,0,0,0,0,0,0,0
0,0,0,0,0,0,0,0,0,0,0,0
0,0,0,0,0,0,0,0,0,0,0,0


========================================================
Test10 (ADC Calibration) results 2008-08-30 18:21:59
Board ID063 36 channels
Linux calibration (server mode)

Voltmeter channel: A=1.06321, B=0

A:
1.07569,1.08761,1.08313,1.0648,1.07939,1.08824,1.08538,1.08521,1.08483,1.08651,1.07015,1.08026
1.05079,1.07306,1.07306,1.07595,1.07184,1.0743,1.09088,1.068,1.08675,1.0824,1.07921,1.0758
1.07217,1.07602,1.06889,1.07569,1.07026,1.07909,1.0775,1.08973,1.07593,1.08152,1.07984,1.08116


B:
0,0,0,0,0,0,0,0,0,0,0,0
0,0,0,0,0,0,0,0,0,0,0,0
0,0,0,0,0,0,0,0,0,0,0,0


========================================================
Test10 (ADC Calibration) results 2008-08-30 21:23:31
Board ID063 36 channels
Linux calibration (server mode)

Voltmeter channel: A=1.09292, B=0

A:
1.10513,1.11853,1.09239,1.09025,1.11006,1.11937,1.11638,1.11335,1.11529,1.11752,1.10046,1.11109
1.07954,1.10374,1.10374,1.10661,1.1025,1.10491,1.12168,1.09144,1.11768,1.11338,1.11005,1.10649
1.10277,1.10673,1.09931,1.10635,1.09866,1.10977,1.10815,1.12087,1.10664,1.11238,1.11073,1.11201


B:
0,0,0,0,0,0,0,0,0,0,0,0
0,0,0,0,0,0,0,0,0,0,0,0
0,0,0,0,0,0,0,0,0,0,0,0


========================================================
Test10 (ADC Calibration) results 2008-08-30 21:50:45
Board ID063 36 channels
Linux calibration (server mode)

Voltmeter channel: A=1.0628, B=0

A:
1.07393,1.08743,1.05777,1.05982,1.07926,1.08822,1.08525,1.08212,1.08419,1.08634,1.06987,1.08013
1.04986,1.07293,1.07306,1.07584,1.07164,1.07416,1.09043,1.06106,1.08661,1.0824,1.07911,1.0758
1.0721,1.07589,1.06869,1.07559,1.06734,1.07893,1.07728,1.08967,1.0758,1.08132,1.07979,1.08098


B:
0,0,0,0,0,0,0,0,0,0,0,0
0,0,0,0,0,0,0,0,0,0,0,0
0,0,0,0,0,0,0,0,0,0,0,0


========================================================
Test10 (ADC Calibration) results 2008-08-31 12:04:51
Board ID063 36 channels
Linux calibration (server mode)

Voltmeter channel: A=1.06182, B=0

A:
1.07314,1.08716,1.08182,1.05609,1.07916,1.08817,1.08506,1.08036,1.08355,1.08626,1.06964,1.08004
1.04915,1.07288,1.07293,1.0757,1.07163,1.07415,1.08997,1.06998,1.08651,1.08227,1.07901,1.07569
1.072,1.07587,1.06858,1.07564,1.06667,1.07884,1.07718,1.08945,1.07564,1.08122,1.07966,1.08098


B:
0,0,0,0,0,0,0,0,0,0,0,0
0,0,0,0,0,0,0,0,0,0,0,0
0,0,0,0,0,0,0,0,0,0,0,0


========================================================
Test10 (ADC Calibration) results 2008-08-31 16:13:49
Board ID063 36 channels
Linux calibration (server mode)

Voltmeter channel: A=1.06254, B=0

A:
1.07463,1.08738,1.07005,1.05785,1.07924,1.08826,1.08525,1.08135,1.0837,1.08638,1.06985,1.08019
1.05035,1.07304,1.07296,1.07584,1.07179,1.07425,1.09024,1.06729,1.08667,1.08234,1.07919,1.07569
1.07209,1.07352,1.06867,1.07564,1.06848,1.07893,1.07716,1.08963,1.0758,1.08142,1.07983,1.08111


B:
0,0,0,0,0,0,0,0,0,0,0,0
0,0,0,0,0,0,0,0,0,0,0,0
0,0,0,0,0,0,0,0,0,0,0,0


========================================================
Test10 (ADC Calibration) results 2008-08-31 18:03:55
Board ID063 36 channels
Linux calibration (server mode)

Voltmeter channel: A=1.06288, B=0

A:
1.07476,1.08751,1.07002,1.06083,1.07931,1.08824,1.08543,1.08235,1.08385,1.0864,1.07002,1.08031
1.04975,1.07304,1.07301,1.07593,1.07182,1.07426,1.0905,1.06587,1.08677,1.08247,1.07919,1.07574
1.07222,1.07347,1.06876,1.07569,1.0681,1.07893,1.07738,1.08982,1.07595,1.08148,1.07988,1.08113


B:
0,0,0,0,0,0,0,0,0,0,0,0
0,0,0,0,0,0,0,0,0,0,0,0
0,0,0,0,0,0,0,0,0,0,0,0


========================================================
Test10 (ADC Calibration) results 2008-08-31 18:08:57
Board ID063 36 channels
Linux calibration (server mode)

Voltmeter channel: A=1.06271, B=0

A:
1.07411,1.08743,1.06997,1.05953,1.07928,1.08826,1.08531,1.08158,1.08368,1.08638,1.06995,1.08019
1.04989,1.07296,1.07296,1.07587,1.07172,1.0743,1.09033,1.06532,1.0867,1.08235,1.07923,1.07577
1.07207,1.07347,1.06872,1.07564,1.06712,1.07893,1.07733,1.08968,1.07582,1.08142,1.07978,1.08113


B:
0,0,0,0,0,0,0,0,0,0,0,0
0,0,0,0,0,0,0,0,0,0,0,0
0,0,0,0,0,0,0,0,0,0,0,0


========================================================
Test10 (ADC Calibration) results 2008-08-31 18:29:22
Board ID063 36 channels
Linux calibration (server mode)

Voltmeter channel: A=1.06269, B=0

A:
1.074,1.08744,1.07,1.0595,1.07924,1.08817,1.0853,1.08115,1.08355,1.08633,1.06992,1.08019
1.05,1.07299,1.07303,1.07584,1.07174,1.07416,1.09033,1.05802,1.08661,1.08239,1.07914,1.07577
1.07205,1.07347,1.06874,1.07565,1.06592,1.07888,1.0773,1.08963,1.07577,1.0814,1.07983,1.08113


B:
0,0,0,0,0,0,0,0,0,0,0,0
0,0,0,0,0,0,0,0,0,0,0,0
0,0,0,0,0,0,0,0,0,0,0,0


========================================================
Test10 (ADC Calibration) results 2008-09-01 15:17:54
Board ID063 36 channels
Linux calibration (server mode)

Voltmeter channel: A=1.06295, B=0

A:
1.07522,1.08766,1.07012,1.06154,1.07936,1.08834,1.0855,1.08318,1.08442,1.08653,1.07015,1.08031
1.05343,1.07312,1.07317,1.07597,1.07186,1.07433,1.09064,1.06108,1.08677,1.08242,1.07924,1.07592
1.07223,1.07347,1.06884,1.07575,1.08472,1.07916,1.07748,1.08984,1.07603,1.08162,1.07991,1.08128


B:
0,0,0,0,0,0,0,0,0,0,0,0
0,0,0,0,0,0,0,0,0,0,0,0
0,0,0,0,0,0,0,0,0,0,0,0


========================================================
Test10 (ADC Calibration) results 2009-03-13 09:16:15
Board ID063 36 channels
Host: ufcmshv3
Linux calibration software

Voltmeter channel: A=1.04527, B=3.65061

A:
1.05812,1.04763,1.06706,1.06453,1.05246,1.05135,1.04729,1.05178,1.09557,1.05093,1.05383,1.04384
1.04704,1.06287,1.0576,1.0467,1.05579,1.05263,1.05442,1.03967,1.04687,1.0456,1.05051,1.05323
1.05204,1.06978,1.04712,1.06374,1.04957,1.05837,1.06036,1.06331,1.05941,1.06811,1.06027,1.07084


B:
0.292751,-3.62649,9.34111,7.43492,-2.57451,0.16169,0.0480265,3.54362,17.7146,7.08161,3.50226,10.4383
6.57227,2.17488,2.89613,1.65837,6.49741,2.94729,2.93587,3.16708,3.59153,7.7216,1.81018,-3.09469
1.61845,15.7996,7.32973,3.48574,11.513,6.39889,10.0489,1.34131,4.79187,-2.3167,7.58492,12.257


