========================================================

Test11 results 09-07-2005  13:38:59
Board ID063  36 channels
HV Tests Software Ver.1.6

+5V 3057 - O'k
-5V 1400 - O'k
Interlock - On
Calibration DAC Range: [2500 - 2900]


A:
Limits 0.76 +/- 0.04
0.750469,0.744879,0.75188,0.753296,0.750469,0.743494,0.746269,0.753296,0.753296,0.746269,0.757576,0.750469
0.753296,0.757576,0.756144,0.753296,0.759013,0.754717,0.746269,0.747664,0.744879,0.750469,0.753296,0.753296
0.754717,0.756144,0.759013,0.750469,0.750469,0.753296,0.75188,0.746269,0.753296,0.749064,0.754717,0.754717


B:
Limits 60.0 +/- 40.0
51.858822,67.361755,56.056549,51.878857,65.433586,60.90926,69.826691,59.506527,59.691727,58.842911,61.212185,58.708134
54.306286,51.288239,55.150963,63.112083,46.304581,56.045063,65.874344,65.730301,68.088814,56.628036,56.288654,53.766144
70.013039,48.049747,60.967289,73.757088,47.651905,55.025005,62.429356,58.842911,58.791668,66.707993,56.949028,46.504971
========================================================
Test11 (DAC Calibration) results 2008-02-05 11:38:15
Board ID63 36 channels
Linux calibration software
Calibration DAC Range: [1100 - 2700]

A:
0.749344,0.744186,0.748153,0.750539,0.750892,0.743564,0.746687,0.747524,0.750539,0.746269,0.755216,0.751597
0.750892,0.755002,0.75543,0.752516,0.757289,0.754361,0.745226,0.747594,0.745157,0.750047,0.75068,0.752445
0.755144,0.754717,0.758438,0.751738,0.749555,0.752021,0.753864,0.744532,0.753721,0.749344,0.753296,0.752233


B:
61.8586,68.5582,65.7534,59.9025,67.5239,63.9184,69.5725,63.6329,65.0062,64.1792,66.8651,58.8878
62.1175,64.1374,62.7952,69.9556,57.9705,62.7534,66.3716,63.237,69.5975,61.935,71.1175,62.6787
72.2484,57.7358,64.7327,73.1253,51.8224,61.1583,58.1606,62.1219,61.3718,66.9542,61.9586,59.6614


========================================================
Test11 (ADC Calibration) results 2008-06-19 12:56:33
Board ID063 36 channels
Linux calibration software

Calibration DAC Range: [1000 - 3500]

A:
0.7388,0.732,0.7352,0.7412,0.7384,0.732,0.7348,0.7292,0.7356,0.7344,0.7452,0.74
0.7644,0.7436,0.7436,0.7408,0.7452,0.7424,0.7308,0.7348,0.7336,0.7384,0.7384,0.7408
0.7436,0.7428,0.7472,0.7408,0.7372,0.7404,0.742,0.732,0.742,0.7368,0.7408,0.74


B:
61.2,69,67.8,58.8001,69.6001,66,70.2001,63.8,65.4,65.6001,65.8001,60
53.6,64.4,64.4,71.1999,58.8001,64.6,68.2001,66.2001,70.3999,62.6001,73.6001,63.1999
73.4,59.2,64.8,73.1999,52.7999,60.5999,59.0001,64,63.0001,67.2,65.1999,60


