========================================================

Test10 results 01-11-2006  12:54:01
Board ID131  36 channels
HV Tests Software Ver.1.6

+5V 3055 - O'k
-5V 1369 - O'k
Interlock - On

Voltmeter channel: A=1.070091, B=6.420354

A:
Limits 1.1 +/- 0.1
1.072961,1.085776,1.082251,1.085776,1.081081,1.091703,1.091107,1.061571,1.078749,1.076426,1.085776,1.080497
1.080497,1.080497,1.088732,1.091107,1.078749,1.080497,1.088139,1.083424,1.079331,1.077006,1.081666,1.076426
1.089918,1.080497,1.085187,1.096491,1.086957,1.083424,1.077586,1.088732,1.092896,1.086366,1.082251,1.093494


B:
Limits 0.0 +/- 35.0
19.313465,22.801308,19.480556,13.02932,12.973151,16.375544,13.09324,10.615726,16.18104,11.840678,14.115096,19.448956
16.207464,11.885475,17.419638,7.637702,10.787296,11.885475,14.145761,7.583981,19.428001,18.308884,14.061695,8.6114
9.809265,14.04647,17.362988,7.675477,8.695728,14.084522,15.086329,11.975979,17.486164,10.863837,20.562809,10.934982
========================================================

Test10 results 01-11-2006  12:57:34
Board ID131  36 channels
HV Tests Software Ver.1.6

+5V 3055 - O'k
-5V 1369 - O'k
Interlock - On

Voltmeter channel: A=1.069519, B=7.486748

A:
Limits 1.1 +/- 0.1
1.072961,1.084011,1.081666,1.084599,1.080497,1.091703,1.089325,1.060445,1.078167,1.075269,1.085187,1.078749
1.079331,1.079331,1.088139,1.089918,1.077586,1.078167,1.085776,1.082251,1.078167,1.076426,1.081081,1.075269
1.088139,1.079914,1.084011,1.094691,1.085187,1.083424,1.077006,1.087548,1.091703,1.086366,1.081081,1.092299


B:
Limits 0.0 +/- 35.0
16.09458,24.932251,19.470024,14.099923,11.885475,14.192138,14.161312,11.664745,14.016302,10.752512,10.851865,22.653532
16.19001,10.793356,15.2339,7.629429,10.775984,15.094469,17.372425,8.658047,19.407137,16.146383,11.89207,8.601974
11.969481,11.879015,17.344175,8.757344,11.937052,11.917675,12.923853,11.963168,17.467247,8.691105,20.540718,10.922802
========================================================
Test10 (ADC Calibration) results 2007-10-26 10:13:14
Board ID131 36 channels
Linux calibration software

Voltmeter channel: A=1.0681, B=5.0618

A:
1.07256,1.08501,1.0822,1.08388,1.07861,1.09101,1.08915,1.05967,1.07687,1.07438,1.08485,1.07836
1.07915,1.07921,1.08737,1.0888,1.07667,1.0782,1.08722,1.0814,1.07824,1.07685,1.0801,1.07529
1.08737,1.07968,1.08329,1.09394,1.08696,1.08303,1.07606,1.0871,1.09132,1.08496,1.08209,1.09132


B:
11.1736,17.8054,13.6248,11.2519,11.7616,12.6722,10.8072,7.60229,12.3768,7.11301,7.89675,17.4451
12.1102,8.03334,10.6859,5.66887,8.27995,10.0723,8.88716,6.13941,14.0224,12.8686,10.5121,4.38097
9.86062,8.05135,14.9034,6.88475,3.30442,8.11788,10.8789,8.39687,12.8602,6.37473,6.99825,7.93425


========================================================
Test10 (ADC Calibration) results 2008-06-09 21:42:24
Board ID131 36 channels
Linux calibration software

Voltmeter channel: A=1.07026, B=5.32188

A:
1.07222,1.08531,1.08251,1.0855,1.0737,1.09086,1.089,1.06037,1.07792,1.07505,1.08525,1.07852
1.07043,1.07921,1.08828,1.08955,1.07863,1.07461,1.08722,1.08085,1.07814,1.07685,1.08131,1.07569
1.08768,1.07929,1.08434,1.09444,1.08671,1.08218,1.07889,1.08807,1.09233,1.08527,1.08134,1.09198


B:
13.2055,17.8234,13.6377,10.9903,17.7692,13.058,11.5919,7.50682,9.76594,8.33576,7.58535,17.2381
18.5122,8.03334,9.72769,4.22877,5.90978,18.6199,9.28706,7.91757,14.75,14.8686,8.97626,3.86765
9.47526,10.8189,13.7682,6.24461,4.4179,11.877,9.88994,8.16017,12.3861,6.39247,16.2292,9.59515


========================================================
Test10 (ADC Calibration) results 2008-06-17 15:59:19
Board ID131 36 channels
Linux calibration software

Voltmeter channel: A=1.07, B=0

A:
1.08888,1.09945,1.09862,1.10277,1.08771,1.10751,1.10574,1.0764,1.09387,1.09196,1.10175,1.09624
1.08636,1.0956,1.10509,1.10648,1.09478,1.09132,1.10314,1.09752,1.09441,1.09359,1.09725,1.09151
1.10416,1.09569,1.10028,1.11088,1.10286,1.09908,1.09523,1.10481,1.10891,1.1024,1.09807,1.07


B:
13.8405,21.9579,15.2324,10.8041,17.526,13.1429,12.3081,7.21148,12.1116,8.61613,8.86354,16.5189
19.4116,8.55461,10.6867,3.44656,8.21271,16.621,11.5706,6.5737,15.7704,12.799,10.1175,5.54048
9.54121,10.2242,15.2695,7.21268,5.86752,10.4188,11.7372,9.17205,13.2078,6.06888,16.3916,25.1722


========================================================
Test10 (ADC Calibration) results 2008-07-06 14:50:23
Board ID131 36 channels
Linux calibration software

Voltmeter channel: A=1.07, B=0

A:
1.08906,1.09624,1.0988,1.1036,1.08565,1.10788,1.1062,1.07658,1.09396,1.09223,1.10184,1.09651
1.08538,1.09596,1.10527,1.10685,1.09505,1.09114,1.10407,1.0967,1.09432,1.09378,1.09798,1.0916
1.10462,1.09651,1.10083,1.11106,1.10314,1.09908,1.09615,1.10499,1.1091,1.10221,1.09835,1.06887


B:
13.2395,23.3156,13.0878,10.2679,17.4628,12.1409,11.887,6.61612,11.5908,8.58413,8.55888,16.0503
18.7946,8.00029,10.5184,2.44207,7.30423,16.3499,9.62556,7.11043,16.0721,12.4135,9.00799,5.67504
8.23573,8.59391,13.8877,6.15363,4.95175,10.4188,11.1214,8.78189,13.0393,5.79726,14.8235,45.67


========================================================
Test10 (ADC Calibration) results 2008-07-16 21:23:30
Board ID131 36 channels
Linux calibration software

Voltmeter channel: A=1.07, B=0

A:
1.08971,1.0914,1.09928,1.10485,1.08401,1.10834,1.10688,1.07736,1.09452,1.0932,1.10234,1.09747
1.08597,1.09623,1.10591,1.10717,1.09623,1.09187,1.10437,1.09623,1.0949,1.09452,1.09813,1.09225
1.10475,1.0967,1.10148,1.11096,1.10398,1.09966,1.09756,1.1063,1.11009,1.10321,1.0988,1.06109


B:
13.0813,27.8994,13.7558,8.91273,20.2617,12.1731,11.4948,5.66649,10.6378,7.91542,8.10238,15.8425
18.4715,7.75823,9.4949,2.37413,6.00415,15.6821,9.13067,7.97742,15.1078,12.3892,9.5262,5.06996
8.77972,8.63821,13.9569,7.35474,4.62331,9.88927,10.9268,7.81659,11.2578,4.22391,14.6298,52.7141


