========================================================

Test11 results 01-11-2006  12:55:18
Board ID131  36 channels
HV Tests Software Ver.1.6

+5V 3054 - O'k
-5V 1369 - O'k
Interlock - On
Calibration DAC Range: [2500 - 2900]


A:
Limits 0.76 +/- 0.04
0.753296,0.742115,0.749064,0.743494,0.746269,0.740741,0.742115,0.757576,0.749064,0.750469,0.743494,0.749064
0.747664,0.744879,0.744879,0.740741,0.750469,0.747664,0.744879,0.746269,0.744879,0.75188,0.744879,0.750469
0.740741,0.746269,0.744879,0.736648,0.744879,0.744879,0.750469,0.743494,0.738007,0.742115,0.749064,0.738007


B:
Limits 60.0 +/- 40.0
55.924511,68.446732,43.256962,61.569801,69.103195,59.212875,61.763889,77.406479,59.783363,62.920177,65.755585,51.858395
65.260452,78.951935,46.995972,67.970108,56.884727,66.068352,51.050976,60.38118,74.76326,48.684422,71.151978,66.151443
66.07196,65.792717,58.709084,68.848869,58.199707,65.905273,59.775757,52.298809,68.214561,73.509819,52.990219,74.670509
========================================================

Test11 results 01-11-2006  12:58:50
Board ID131  36 channels
HV Tests Software Ver.1.6

+5V 3054 - O'k
-5V 1369 - O'k
Interlock - On
Calibration DAC Range: [2500 - 2900]


A:
Limits 0.76 +/- 0.04
0.75188,0.744879,0.746269,0.743494,0.749064,0.738007,0.740741,0.763359,0.750469,0.753296,0.744879,0.750469
0.744879,0.744879,0.742115,0.742115,0.749064,0.746269,0.740741,0.746269,0.749064,0.75188,0.747664,0.750469
0.744879,0.747664,0.746269,0.739372,0.743494,0.744879,0.753296,0.743494,0.736648,0.743494,0.747664,0.740741


B:
Limits 60.0 +/- 40.0
63.509632,60.325775,55.532619,63.183491,61.570801,72.783508,67.756172,60.499935,56.7136,55.205791,64.28949,48.866104
77.427986,80.474426,58.459343,65.072067,64.374306,74.408699,67.54277,62.725475,61.230469,49.493755,63.644836,68.483101
53.33926,64.452553,56.494061,62.23698,65.679718,68.088814,51.423496,54.657265,74.97406,71.330528,60.49501,66.424248
