========================================================

Test10 results 10-27-2005  15:21:32
Board ID076  36 channels
HV Tests Software Ver.1.6

+5V 2912 - O'k
-5V 1391 - O'k
Interlock - On

Voltmeter channel: A=1.072386, B=13.94114

A:
Limits 1.1 +/- 0.1
1.080497,1.077006,1.078167,1.068947,1.072386,1.075269,1.077006,1.076426,1.072961,1.085187,1.074691,1.075847
1.076426,1.071237,1.075269,1.078749,1.075269,1.052078,1.078167,1.073537,1.070091,1.073537,1.074691,1.071237
1.083424,1.082251,1.071811,1.072961,1.071811,1.079331,1.072386,1.090513,1.078749,1.078167,1.079331,1.078167


B:
Limits 0.0 +/- 35.0
12.965973,6.461817,11.859968,11.758456,12.868753,5.376168,10.769841,15.069958,6.437928,10.851865,4.298649,4.303246
7.534973,9.640962,8.601974,8.629799,9.677243,22.0935,12.938135,9.661671,10.700718,6.441059,8.597414,10.712199
11.917675,10.822549,11.790084,10.729774,6.431027,17.269341,8.57921,11.995736,10.787296,6.469132,8.634694,7.547299
========================================================
Test10 (ADC Calibration) results 2007-10-18 15:06:21
Board ID76 36 channels
Linux calibration software

Voltmeter channel: A=1.07167, B=14.9121

A:
1.08054,1.07755,1.07869,1.06827,1.07129,1.07671,1.08185,1.0757,1.07313,1.08508,1.07397,1.07457
1.07514,1.07263,1.07373,1.07875,1.0738,1.04669,1.07906,1.07531,1.07075,1.07383,1.07839,1.07169
1.08225,1.08169,1.07474,1.07584,1.0753,1.07936,1.07152,1.09081,1.0797,1.07755,1.08065,1.08333


B:
7.14677,2.59023,5.02956,8.49807,11.068,3.78214,4.55924,12.8576,1.19898,6.63017,2.39254,2.26866
6.82402,6.69138,6.33947,6.82436,8.42765,9.80113,7.59937,6.59766,5.50427,1.93763,5.12881,5.91787
10.1222,7.50401,7.9858,6.60565,1.59349,13.9783,6.95288,8.40068,4.86389,3.92498,-0.580783,0.416537


