========================================================

Test10 results 07-24-2006  20:00:15
Board ID042  36 channels
HV Tests Software Ver.1.6.1

+5V 2488 - O'k
-5V 1326 - O'k
Interlock - On

Voltmeter channel: A=1.070664, B=14.9893

A:
Limits 1.1 +/- 0.1
1.072386,1.073537,1.077586,1.078167,1.071237,1.075847,1.067236,1.075269,1.080497,1.073537,1.081666,1.076426
1.077006,1.077006,1.058201,1.079914,1.069519,1.075847,1.074114,1.071237,1.076426,1.080497,1.071811,1.074114
1.077586,1.084011,1.076426,1.077006,1.075269,1.081081,1.074114,1.081081,1.014713,1.075847,1.083424,1.072961


B:
Limits 0.0 +/- 30.0
16.085913,19.323507,15.086329,14.016302,9.640962,15.061719,19.210363,16.128857,20.529451,11.808746,9.735032,18.299236
9.692835,15.077866,23.280361,14.038843,23.529528,10.758329,11.81529,17.139624,9.687826,9.724482,13.933707,5.370607
7.543225,8.672089,15.069958,12.923853,9.677243,8.648827,16.111746,17.297476,83.206711,13.985871,11.917675,20.386425
Channels:
  33
Out of range 0.0 +/- 30.0
========================================================

Test10 results 07-24-2006  20:47:05
Board ID042  36 channels
HV Tests Software Ver.1.6.1

+5V 2488 - O'k
-5V 1326 - O'k
Interlock - On

Voltmeter channel: A=1.070664, B=13.918636

A:
Limits 1.1 +/- 0.1
1.071811,1.072961,1.078167,1.078749,1.070664,1.075847,1.068376,1.075269,1.080497,1.072961,1.081666,1.076426
1.077006,1.077586,1.058201,1.079331,1.068947,1.076426,1.073537,1.071811,1.075847,1.080497,1.072961,1.073537
1.076426,1.082837,1.077006,1.077586,1.076426,1.081081,1.074114,1.081081,1.069519,1.075269,1.083424,1.072961


B:
Limits 0.0 +/- 30.0
17.149141,20.386425,12.938135,12.944794,10.706645,15.061719,16.025656,17.204124,19.448956,12.875696,9.735032,18.299236
10.769841,11.85357,24.338562,16.19001,25.654768,9.687826,12.882283,16.07733,11.834177,8.643984,10.729774,6.441059
9.687826,11.911382,14.000859,10.775984,5.382121,9.729908,16.111746,16.216394,1.069636,16.128857,10.834251,20.386425
========================================================

Test10 results 07-24-2006  23:14:28
Board ID042  36 channels
HV Tests Software Ver.1.6.1

+5V 2487 - O'k
-5V 1325 - O'k
Interlock - On

Voltmeter channel: A=1.070091, B=16.051172

A:
Limits 1.1 +/- 0.1
1.072386,1.071237,1.076426,1.078749,1.070664,1.076426,1.067236,1.075269,1.081081,1.072961,1.081081,1.075847
1.076426,1.076426,1.056524,1.079331,1.069519,1.075269,1.074114,1.071811,1.074114,1.081081,1.072386,1.072961
1.075847,1.082837,1.077586,1.077006,1.074691,1.079914,1.073537,1.081666,1.077586,1.074691,1.084011,1.072961


B:
Limits 0.0 +/- 30.0
15.013526,25.709522,18.299236,11.866045,10.706645,13.993531,18.143127,16.128857,17.297476,13.948658,10.810989,19.365108
12.917105,13.993531,24.300043,16.19001,24.599047,11.827781,11.81529,16.07733,13.963518,7.567746,11.796368,7.51089
10.758329,10.828545,11.85357,14.000859,10.746796,11.879015,17.176434,15.143361,9.698398,17.194942,10.840111,19.313465
========================================================

Test10 results 09-18-2006  17:26:10
Board ID042  36 channels
HV Tests Software Ver.1.6.1

+5V 2490 - O'k
-5V 1324 - O'k
Interlock - On

Voltmeter channel: A=1.070664, B=16.059963

A:
Limits 1.1 +/- 0.1
1.072961,1.072386,1.076426,1.079331,1.071237,1.077006,1.066667,1.074691,1.081081,1.075269,1.081666,1.075847
1.075847,1.077006,1.053741,1.079914,1.068947,1.075847,1.074114,1.073537,1.066667,1.078749,1.073537,1.074114
1.077586,1.083424,1.077006,1.078167,1.076426,1.081666,1.070664,1.084011,1.076426,1.074691,1.085187,1.072961


B:
Limits 0.0 +/- 30.0
16.09458,22.520227,18.299236,15.11068,11.783437,14.000859,20.266459,17.194942,20.540718,10.752512,10.816698,21.516802
15.061719,14.000859,30.558634,14.038843,25.654768,10.758329,13.963518,16.102896,19.199793,14.023542,10.735209,5.370607
10.775984,10.834251,15.077866,11.859968,9.687826,7.571701,21.413282,15.176154,13.993531,18.269632,10.851865,21.459387
Channels:
  15
Out of range 0.0 +/- 30.0
========================================================
Test10 (ADC Calibration) results 2008-02-18 06:46:33
Board ID42 36 channels
Linux calibration software

Voltmeter channel: A=1.06891, B=13.3102

A:
1.07072,1.07128,1.07476,1.07865,1.06879,1.07496,1.06524,1.07288,1.07962,1.07171,1.07996,1.07566
1.07494,1.07577,1.0572,1.07705,1.06816,1.07314,1.07171,1.07065,1.07466,1.07823,1.07171,1.07171
1.0758,1.08171,1.07572,1.07672,1.07504,1.07872,1.07122,1.08207,1.07466,1.07307,1.08353,1.07011


B:
8.49215,12.9348,10.1288,6.09716,5.67305,7.74781,11.7763,10.4,11.5681,7.69018,2.61101,10.8532
4.78052,5.87451,12.2977,8.87819,16.0035,6.02523,7.49023,11.3602,3.85684,3.85351,4.99222,-0.438058
4.22196,3.4254,7.64949,4.32591,3.20192,3.60276,12.2036,9.12731,4.8328,8.81109,4.00412,14.1134


========================================================
Test10 (ADC Calibration) results 2008-06-19 12:08:44
Board ID042 36 channels
Linux calibration software

Voltmeter channel: A=1.07, B=0

A:
1.08876,1.08912,1.09237,1.09675,1.08705,1.09437,1.08177,1.0902,1.09693,1.09165,1.09803,1.09383
1.09228,1.09138,1.06998,1.09474,1.08498,1.0912,1.09002,1.09056,1.05116,1.0951,1.05682,1.08867
1.09565,1.09858,1.09328,1.09565,1.09292,1.09538,1.08454,1.10384,1.09256,1.09065,1.10411,1.08876


B:
9.25555,12.1906,9.63774,6.94093,5.61249,6.27015,12.8773,9.66938,13.574,7.68321,2.03262,10.9286
5.35146,7.27808,16.4947,8.34368,16.8533,4.82614,5.47552,9.33723,37.9961,4.28592,34.6534,1.28215
4.00122,4.82206,7.49189,6.19252,3.8916,5.34846,14.8777,10.1587,4.00857,9.03545,3.94379,13.3929


========================================================
Test10 (ADC Calibration) results 2008-06-20 09:41:00
Board ID042 36 channels
Linux calibration software

Voltmeter channel: A=1.07, B=0

A:
1.08894,1.0893,1.09256,1.09656,1.08732,1.09428,1.08213,1.08993,1.09666,1.0912,1.09812,1.09392
1.09246,1.09201,1.07015,1.09474,1.08489,1.09111,1.08993,1.09083,1.05614,1.09529,1.05555,1.08867
1.09592,1.09876,1.0931,1.09565,1.09292,1.0951,1.08516,1.10374,1.09265,1.09029,1.10421,1.08858


B:
8.87135,11.5891,8.59725,7.10823,5.14527,6.57273,11.682,10.3546,14.0432,8.31791,1.28959,9.97006
4.74739,6.25758,15.0488,7.68673,17.152,4.90996,5.55905,7.99684,31.9021,3.68006,34.1416,1.06447
3.09162,3.77486,7.65925,5.7541,3.67307,5.6,13.2165,9.80105,4.14292,9.58672,3.41702,13.5579


