========================================================

Test11 results 07-24-2006  20:48:28
Board ID042  36 channels
HV Tests Software Ver.1.6.1

+5V 2490 - O'k
-5V 1325 - O'k
Interlock - On
Calibration DAC Range: [2500 - 2900]


A:
Limits 0.76 +/- 0.04
0.743494,0.742115,0.738007,0.740741,0.743494,0.740741,0.747664,0.743494,0.738007,0.743494,0.736648,0.740741
0.742115,0.742115,0.753296,0.736648,0.749064,0.739372,0.742115,0.742115,0.740741,0.738007,0.743494,0.742115
0.742115,0.736648,0.739372,0.739372,0.743494,0.736648,0.740741,0.739372,0.747664,0.739372,0.740741,0.740741


B:
Limits 60.0 +/- 30.0
52.862965,57.416649,65.733521,56.768936,66.920021,61.424248,49.782028,42.742836,53.229195,56.781559,65.080742,58.169582
52.228546,47.495388,45.78426,63.188229,35.862335,62.691505,58.417671,65.891724,62.221592,57.95435,63.233589,64.658249
55.358982,56.306427,63.552544,66.074638,53.067535,65.635391,61.952675,48.024117,54.724712,62.56226,56.679779,64.929024
========================================================

Test11 results 07-24-2006  23:17:33
Board ID042  36 channels
HV Tests Software Ver.1.6.1

+5V 2488 - O'k
-5V 1325 - O'k
Interlock - On
Calibration DAC Range: [2500 - 2900]


A:
Limits 0.76 +/- 0.04
0.742115,0.743494,0.740741,0.739372,0.742115,0.739372,0.747664,0.743494,0.739372,0.743494,0.736648,0.740741
0.739372,0.740741,0.756144,0.739372,0.746269,0.740741,0.740741,0.743494,0.743494,0.738007,0.746269,0.740741
0.742115,0.735294,0.740741,0.738007,0.743494,0.739372,0.743494,0.736648,0.740741,0.740741,0.738007,0.742115


B:
Limits 60.0 +/- 30.0
58.145355,52.132904,56.768936,60.494511,72.895256,65.941597,49.782028,42.680035,48.766014,55.256271,65.695999,57.372597
61.959896,51.855923,41.593174,53.559292,46.549519,58.234684,64.408005,60.695976,53.729168,58.013809,53.301102,69.113411
55.358982,61.533905,59.097858,71.236862,53.866573,56.693317,52.200611,56.93589,59.097858,58.104477,66.371704,59.73793
========================================================

Test11 results 09-18-2006  17:28:59
Board ID042  36 channels
HV Tests Software Ver.1.6.1

+5V 2489 - O'k
-5V 1326 - O'k
Interlock - On
Calibration DAC Range: [2500 - 2900]


A:
Limits 0.76 +/- 0.04
0.743494,0.743494,0.740741,0.738007,0.743494,0.742115,0.747664,0.740741,0.736648,0.743494,0.738007,0.740741
0.739372,0.742115,0.759013,0.738007,0.744879,0.740741,0.742115,0.742115,0.746269,0.740741,0.746269,0.744879
0.740741,0.738007,0.740741,0.740741,0.740741,0.738007,0.746269,0.736648,0.738007,0.740741,0.740741,0.743494


B:
Limits 60.0 +/- 30.0
53.729168,55.256271,59.097858,65.12722,67.791847,57.09161,52.973839,54.918533,60.121319,55.394951,62.922386,58.299969
64.348953,50.62999,39.288525,61.142235,54.976322,60.6269,60.742035,64.658249,63.701855,52.16571,54.100937,57.298794
59.097858,52.714787,59.961754,61.558254,62.221592,62.798244,49.157997,54.765869,71.236862,60.49398,55.941212,57.508354
