========================================================

Test10 results 04-11-2006  17:28:25
Board ID023  36 channels
HV Tests Software Ver.1.6

+5V 2727 - O'k
-5V 1306 - O'k
Interlock - On

Voltmeter channel: A=1.074114, B=6.444721

A:
Limits 1.1 +/- 0.1
1.082837,1.078749,1.082251,1.074114,1.081666,1.081666,1.088732,1.081081,1.075847,1.081081,1.083424,1.079331
1.074114,1.079331,1.083424,1.075847,1.078167,1.084011,1.088732,1.078749,1.078749,1.078167,1.077006,1.081081
1.074114,1.078167,1.075269,1.081666,1.075847,1.083424,1.079331,1.081081,1.076426,1.077586,1.085776,1.063264


B:
Limits 0.0 +/- 35.0
6.497197,9.708548,10.822549,8.592949,6.490035,9.735032,7.621052,10.810989,7.530788,11.89207,11.917675,8.634694
10.741177,9.714025,11.917675,9.682483,9.703633,5.420056,9.798515,11.866045,11.866045,9.703633,10.769841,7.567746
11.81529,7.547299,10.752512,10.816698,7.530788,11.917675,9.714025,11.89207,4.305695,6.465639,11.943543,-8.506226
========================================================
Test10 (ADC Calibration) results 2008-05-13 12:52:57
Board ID23 36 channels
Linux calibration software

Voltmeter channel: A=1.0724, B=9.43113

A:
1.08282,1.07912,1.08222,1.07471,1.08058,1.08287,1.08863,1.08156,1.07451,1.08178,1.08448,1.07862
1.04407,1.08082,1.08394,1.07665,1.07816,1.08393,1.08928,1.07862,1.07832,1.07838,1.07722,1.08112
1.07571,1.07962,1.07665,1.08262,1.07615,1.08433,1.07982,1.08267,1.07682,1.07832,1.08636,1.06263


B:
5.585,4.96528,8.11861,4.4675,6.25972,6.66343,5.72712,7.44422,6.17431,8.083,7.11345,7.28361
36.6836,4.15288,7.62627,5.03689,7.27242,3.31032,6.99116,8.36904,9.26684,7.06747,6.5954,4.52644
7.16248,2.32606,5.34351,7.32391,4.67729,7.14666,5.75019,5.35373,1.38413,0.910405,11.0936,-1.59682


========================================================
Test10 (ADC Calibration) results 2008-06-17 15:59:18
Board ID023 36 channels
Linux calibration software

Voltmeter channel: A=1.07, B=0

A:
1.10262,1.09599,1.09884,1.09162,1.09829,1.10718,1.10494,1.09829,1.10624,1.10568,1.10634,1.09645
1.08262,1.097,1.1016,1.09976,1.09709,1.1041,1.1082,1.10031,1.10197,1.09718,1.09829,1.09939
1.08899,1.10059,1.09089,1.10308,1.09618,1.10105,1.10281,1.10998,1.09618,1.09444,1.10345,1.09207


B:
5.08755,5.22057,9.64135,3.99871,4.87256,7.79145,6.7255,7.72821,7.08845,6.93321,6.11896,5.23885
17.0733,6.70828,7.33864,6.82203,7.72207,5.05734,7.74565,8.29742,11.409,7.85749,6.62993,6.27902
9.03641,5.18313,10.996,7.97358,6.36803,7.40367,7.34419,6.35455,1.76414,2.92596,8.51879,-10.6174


========================================================
Test10 (ADC Calibration) results 2008-06-19 21:39:36
Board ID023 36 channels
Linux calibration software

Voltmeter channel: A=1.07, B=0

A:
1.10068,1.09618,1.0993,1.09162,1.09847,1.09426,1.10513,1.09847,1.10643,1.1054,1.10643,1.09691
1.07906,1.09682,1.10133,1.09985,1.09755,1.1042,1.10867,1.10086,1.10197,1.09755,1.09847,1.09967
1.08917,1.10068,1.08342,1.10336,1.09627,1.10105,1.09371,1.10989,1.09663,1.09481,1.10355,1.0918


B:
6.85985,4.83309,8.78162,4.21698,4.70416,12.5046,6.55628,7.34065,6.91897,7.40801,6.25527,4.81831
20.3439,6.87669,7.15078,6.07795,7.08266,4.75218,7.09991,7.13181,11.1887,7.08266,6.24218,5.80635
8.65236,4.43801,18.0679,7.27897,6.50311,8.06414,12.7857,6.66151,0.684195,2.3707,8.43478,-10.5808


