========================================================

Test11 results 04-11-2006  17:31:57
Board ID023  36 channels
HV Tests Software Ver.1.6

+5V 2726 - O'k
-5V 1306 - O'k
Interlock - On
Calibration DAC Range: [2500 - 2900]


A:
Limits 0.76 +/- 0.04
0.740741,0.742115,0.740741,0.746269,0.739372,0.742115,0.735294,0.743494,0.746269,0.740741,0.739372,0.742115
0.744879,0.742115,0.739372,0.744879,0.742115,0.740741,0.738007,0.742115,0.742115,0.740741,0.746269,0.740741
0.747664,0.743494,0.746269,0.740741,0.746269,0.738007,0.743494,0.739372,0.740741,0.743494,0.742115,0.754717


B:
Limits 60.0 +/- 40.0
64.640396,72.513687,66.105598,68.273842,76.944984,64.71949,72.438194,59.521381,64.98159,66.836937,67.478104,70.91169
70.981033,70.185516,70.682167,68.016792,73.161949,66.977631,61.324574,68.361031,70.686485,78.396904,59.753883,70.770851
58.798164,68.632095,66.668167,66.105598,65.784157,70.438133,64.925507,72.143944,86.858818,70.390083,66.982971,84.741264
========================================================
Test11 (DAC Calibration) results 2008-05-13 12:52:57
Board ID23 36 channels
Linux calibration software
Calibration DAC Range: [1100 - 2700]

A:
0.739919,0.742459,0.740329,0.745504,0.741084,0.740261,0.735971,0.741153,0.745643,0.740261,0.738416,0.742804
0.767386,0.74129,0.738416,0.744532,0.743494,0.739167,0.735903,0.742804,0.743011,0.742597,0.743771,0.741084
0.74481,0.742115,0.744532,0.740056,0.744879,0.738894,0.741977,0.740398,0.744048,0.743011,0.741221,0.754361


B:
70.3291,73.1786,70.0538,74.3359,74.3399,72.2216,71.8491,70.8354,71.4603,70.5931,72.1248,72.2561
47.9137,75.3893,76.2598,71.8008,71.7471,75.2196,71.2077,68.245,70.7812,73.7306,71.9598,72.7095
69.9283,75.1392,74.7789,69.8428,72.0671,69.9823,73.4,71.5871,76.6368,75.3878,70.7404,82.3668


