========================================================

Test10 results 12-12-2006  19:56:54
Board ID291  30 channels
HV Tests Software Ver.1.6.8

+5V 2528 - O'k
-5V 1341 - O'k
Interlock - On
Number of Samples: 400

Voltmeter channel: A=1.081666, B=8.653366

A:
Limits 1.1 +/- 0.1
1.074114,1.067806,1.077586,1.075269,1.073537,1.06553,1.068947,1.082251,1.068376,1.075269
1.078749,1.077586,1.073537,1.074114,1.074691,1.077586,1.079331,1.076426,1.075847,1.075269
1.078749,1.070664,1.072386,1.084011,1.071811,1.083424,1.071811,1.086957,1.069519,1.078749


B:
Limits 0.0 +/- 30.0
10.741177,7.474683,7.543225,6.451437,7.514596,20.24522,10.689509,11.9048,8.547024,9.677243
11.866045,12.931156,7.514596,12.889404,6.448031,6.465639,10.793356,9.687826,6.454941,6.451437
17.259789,7.494653,7.506824,7.588078,13.933707,6.500557,7.502839,10.869641,12.834341,9.708548
========================================================
Test10 (ADC Calibration) results 2008-04-25 10:19:08
Board ID291 30 channels
Linux calibration software

Voltmeter channel: A=1.07527, B=-1465.68

A:
1.07245,1.06566,1.07569,1.07425,1.07175,1.06677,1.0681,1.0811,1.0672,1.07426
1.08064,1.07615,1.07161,1.07268,1.07211,1.07523,1.07777,1.07465,1.07409,1.07352
1.0781,1.06864,1.07091,1.08236,1.07081,1.08128,1.06897,1.08517,1.0667,1.07994


B:
5.1728,2.42452,2.43668,-1.71241,1.08232,8.26949,3.61364,5.57754,1.3099,1.90778
5.72984,7.06807,2.76007,6.45877,2.41316,1.95877,4.36258,4.15018,1.80048,0.53754
9.56931,2.80118,1.45162,3.4983,8.16862,1.73649,3.76334,5.30045,9.82347,0.23813


