========================================================

Test10 results 07-18-2006  13:15:53
Board ID138  36 channels
HV Tests Software Ver.1.6.1

+5V 3032 - O'k
-5V 1357 - O'k
Interlock - On

Voltmeter channel: A=1.049318, B=33.578125

A:
Limits 1.1 +/- 0.1
1.091703,1.085776,1.09529,1.080497,1.092896,1.074114,1.093494,1.084599,1.084599,1.092299,1.081081,1.088139
1.077586,1.072961,1.088139,1.088139,1.086366,1.086957,1.084599,1.085776,1.088732,1.093494,1.078167,1.082837
1.067236,1.081081,1.084011,1.089325,1.081666,1.086957,1.080497,1.089918,1.081666,1.089918,1.079914,1.086366


B:
Limits 0.0 +/- 30.0
6.550217,17.372425,21.905619,15.126966,14.207475,15.037632,16.402451,15.184522,15.184522,7.645905,9.729908,4.352507
26.939777,12.875696,10.881342,13.057621,10.863837,11.956598,16.269119,15.200872,11.975979,4.529953e-005,15.094469,12.994219
18.143127,10.810989,23.84824,14.161312,23.796688,16.304424,22.690445,17.438694,18.388359,17.438694,14.038843,22.813864
Channels:
  37
Out of range 0.0 +/- 30.0
========================================================

Test10 results 09-26-2006  19:46:00
Board ID138  36 channels
HV Tests Software Ver.1.6.8

+5V 3034 - O'k
-5V 1358 - O'k
Interlock - On
Number of Samples: 400

Voltmeter channel: A=1.034661, B=41.386349

A:
Limits 1.1 +/- 0.1
1.090513,1.066667,1.096491,1.080497,1.092299,1.074114,1.093494,1.085776,1.075847,1.076426,1.081666,1.087548
1.079331,1.071237,1.086957,1.088732,1.086366,1.087548,1.084599,1.085776,1.088732,1.091107,1.078167,1.076426
1.064396,1.080497,1.075847,1.090513,1.082837,1.082837,1.081666,1.089918,1.082251,1.091107,1.079914,1.087548


B:
Limits 0.0 +/- 30.0
11.995736,40.533127,24.122845,16.207464,17.476599,16.111746,17.495945,14.115096,11.834177,5.382121,10.816698,9.788074
18.348671,14.997149,15.217467,11.975979,10.863837,11.963168,18.438318,17.372425,15.242174,15.275455,17.250803,31.216351
25.545692,15.126966,15.061719,14.176761,17.325567,19.491241,20.551689,18.528612,17.316055,16.366562,15.118756,21.751097
Channels:
   2  24  37
Out of range 0.0 +/- 30.0
========================================================

Test10 results 09-26-2006  20:11:47
Board ID138  36 channels
HV Tests Software Ver.1.6.8

+5V 3034 - O'k
-5V 1359 - O'k
Interlock - On
Number of Samples: 400

Voltmeter channel: A=1.034126, B=42.399178

A:
Limits 1.1 +/- 0.1
1.090513,1.067806,1.096491,1.081081,1.092299,1.074114,1.093494,1.085187,1.075847,1.075847,1.081666,1.087548
1.079331,1.071237,1.086957,1.088732,1.086366,1.087548,1.085187,1.085776,1.088732,1.091107,1.078167,1.077006
1.064396,1.080497,1.078167,1.090513,1.082837,1.082837,1.081666,1.089918,1.082251,1.091107,1.079914,1.087548


B:
Limits 0.0 +/- 30.0
11.995736,36.305435,24.122845,14.054233,17.476599,16.111746,17.495945,15.192614,11.834177,6.454941,10.816698,9.788074
18.348671,14.997149,15.217467,11.975979,10.863837,11.963168,16.277802,17.372425,15.242174,15.275455,17.250803,30.155949
25.545692,15.126966,15.094469,14.176761,17.325567,19.491241,20.551689,18.528612,17.316055,16.366562,15.118756,21.751097
Channels:
   2  24  37
Out of range 0.0 +/- 30.0
========================================================

Test10 results 09-28-2006  13:33:24
Board ID138  36 channels
HV Tests Software Ver.1.6.8

+5V 3034 - O'k
-5V 1358 - O'k
Interlock - On
Number of Samples: 400

Voltmeter channel: A=1.036269, B=45.595871

A:
Limits 1.1 +/- 0.1
1.090513,1.070091,1.096491,1.081081,1.092896,1.074114,1.093494,1.085187,1.075847,1.075847,1.081081,1.088139
1.079331,1.070664,1.086957,1.088732,1.086366,1.086957,1.085187,1.085776,1.089325,1.091703,1.078167,1.077586
1.064963,1.081081,1.078167,1.091107,1.080497,1.082837,1.081666,1.089918,1.082251,1.091107,1.079914,1.087548


B:
Limits 0.0 +/- 30.0
11.995736,14.981082,24.122845,14.054233,15.300371,16.111746,17.495945,15.192614,11.834177,6.454941,11.89207,7.616924
18.348671,16.059963,15.217467,11.975979,10.863837,13.043554,16.277802,17.372425,13.071987,13.100435,17.250803,29.094948
24.494074,12.973151,15.094469,13.09324,17.28796,19.491241,20.551689,18.528612,17.316055,16.366562,14.038843,22.838644
Channels:
  37
Out of range 0.0 +/- 30.0
