========================================================

Test11 results 07-18-2006  13:17:21
Board ID138  36 channels
HV Tests Software Ver.1.6.1

+5V 3032 - O'k
-5V 1357 - O'k
Interlock - On
Calibration DAC Range: [2500 - 2900]


A:
Limits 0.76 +/- 0.04
0.743494,0.747664,0.742115,0.753296,0.746269,0.760456,0.746269,0.749064,0.750469,0.744879,0.75188,0.750469
0.754717,0.759013,0.750469,0.747664,0.749064,0.750469,0.749064,0.750469,0.747664,0.744879,0.754717,0.753296
0.760456,0.753296,0.750469,0.744879,0.754717,0.746269,0.75188,0.746269,0.753296,0.746269,0.756144,0.750469


B:
Limits 60.0 +/- 30.0
73.827843,63.754539,54.277515,61.093304,53.576397,46.758259,51.94521,61.528557,61.818108,67.751472,65.710388,59.637791
47.218597,57.061409,52.548096,61.564667,60.800526,53.112045,64.694336,53.674164,57.414001,63.761566,64.217049,52.403736
61.99189,64.159088,50.499329,66.618507,39.418625,69.129974,57.577564,56.606655,54.578289,58.078972,54.253963,46.5863
========================================================

Test11 results 09-26-2006  19:49:50
Board ID138  36 channels
HV Tests Software Ver.1.6.8

+5V 3033 - O'k
-5V 1358 - O'k
Interlock - On
Calibration DAC Range: [2500 - 2900]
Number of Samples: 400

A:
Limits 0.76 +/- 0.04
0.746269,0.760456,0.742115,0.753296,0.744879,0.757576,0.744879,0.750469,0.756144,0.757576,0.753296,0.747664
0.756144,0.761905,0.750469,0.747664,0.749064,0.750469,0.750469,0.750469,0.747664,0.746269,0.754717,0.756144
0.766284,0.753296,0.756144,0.746269,0.753296,0.75188,0.75188,0.746269,0.75188,0.746269,0.756144,0.749064


B:
Limits 60.0 +/- 30.0
63.853622,46.865753,50.408588,61.907658,58.801464,55.225746,57.323708,55.388371,66.59668,63.779915,59.558022,67.090919
46.812336,50.712929,52.380081,61.564667,60.800526,51.564018,60.189281,52.21262,55.866653,53.349564,63.40337,44.181892
43.778111,62.627113,59.27523,59.784676,47.509521,57.756355,57.577564,57.265472,58.480701,56.606655,55.07066,49.645584
========================================================

Test11 results 09-26-2006  20:14:57
Board ID138  36 channels
HV Tests Software Ver.1.6.8

+5V 3034 - O'k
-5V 1359 - O'k
Interlock - On
Calibration DAC Range: [2500 - 2900]
Number of Samples: 400

A:
Limits 0.76 +/- 0.04
0.746269,0.761905,0.742115,0.753296,0.744879,0.757576,0.744879,0.750469,0.757576,0.757576,0.753296,0.747664
0.756144,0.761905,0.750469,0.747664,0.749064,0.750469,0.750469,0.750469,0.747664,0.746269,0.754717,0.756144
0.766284,0.753296,0.754717,0.746269,0.753296,0.75188,0.75188,0.746269,0.75188,0.746269,0.756144,0.749064


B:
Limits 60.0 +/- 30.0
63.853622,45.09314,51.157227,61.907658,58.801464,55.225746,57.323708,55.388371,62.045406,64.490517,59.558022,67.090919
46.812336,50.712929,53.112045,61.564667,60.800526,51.564018,60.189281,52.943848,55.866653,53.349564,63.40337,44.905731
44.482658,62.627113,58.521111,59.784676,47.509521,57.756355,57.577564,57.265472,58.480701,56.606655,55.07066,49.645584
========================================================

Test11 results 09-28-2006  13:36:23
Board ID138  36 channels
HV Tests Software Ver.1.6.8

+5V 3034 - O'k
-5V 1358 - O'k
Interlock - On
Calibration DAC Range: [2500 - 2900]
Number of Samples: 400

A:
Limits 0.76 +/- 0.04
0.746269,0.761905,0.742115,0.753296,0.744879,0.757576,0.744879,0.75188,0.757576,0.757576,0.754717,0.747664
0.756144,0.761905,0.750469,0.747664,0.750469,0.750469,0.750469,0.750469,0.747664,0.744879,0.754717,0.756144
0.766284,0.753296,0.754717,0.746269,0.754717,0.75188,0.75188,0.746269,0.75188,0.746269,0.756144,0.747664


B:
Limits 60.0 +/- 30.0
63.853622,56.207722,51.157227,61.907658,58.801464,55.225746,57.323708,50.771732,62.045406,64.490517,54.92091,67.176888
46.812336,50.712929,53.112045,61.564667,56.289082,52.296349,60.189281,52.943848,55.946423,58.725994,63.40337,44.181892
43.778111,62.722012,58.521111,59.049339,48.303318,57.756355,57.577564,57.265472,58.480701,56.606655,55.167576,54.894108
========================================================
Test11 (DAC Calibration) results 2007-10-05 16:32:12
Board ID138 36 channels
Linux calibration software
Calibration DAC Range: [1100 - 2700]

A:
0.74613,0.761615,0.742597,0.75365,0.745851,0.757935,0.744948,0.750469,0.757648,0.757648,0.754077,0.748503
0.755073,0.76118,0.750117,0.748433,0.750258,0.750258,0.75068,0.75061,0.748013,0.746965,0.75543,0.755786
0.764088,0.753579,0.756144,0.745921,0.754931,0.752304,0.752941,0.747384,0.753154,0.747175,0.756144,0.749064


B:
74.9672,67.8599,57.8391,70.5135,65.5044,60.8716,67.0545,65.1032,72.4784,74.5997,68.423,71.7065
61.7745,64.1865,64.8383,68.5098,67.3452,64.1942,69.466,61.9067,64.0019,60.971,71.1049,56.2589
60.0765,71.9669,63.327,66.4522,57.5917,66.9364,63.1999,63.2288,64.7146,64.4157,64.8392,58.8015


========================================================
Test11 (DAC Calibration) results 2007-10-08 11:15:04
Board ID138 36 channels
Linux calibration software
Calibration DAC Range: [1100 - 2700]

A:
0.746478,0.761977,0.742597,0.759734,0.745921,0.758006,0.745087,0.750469,0.757791,0.757648,0.754077,0.748433
0.755144,0.761252,0.750258,0.748433,0.750328,0.750469,0.75054,0.75068,0.748013,0.747035,0.75543,0.757217
0.764672,0.753438,0.756215,0.746199,0.754646,0.752445,0.752941,0.747454,0.753225,0.747175,0.756287,0.749064


B:
74.3398,67.0635,57.6906,62.2032,65.408,60.6215,66.5643,65.1032,71.9805,74.9029,68.423,71.6532
61.3742,64.3922,64.6442,68.6595,67.098,63.6023,69.9594,61.8091,64.0019,60.127,71.1049,54.283
59.4341,72.3112,63.0778,66.0669,58.5887,66.4409,63.1999,62.9825,64.4665,64.4157,65.0974,58.8015


========================================================
Test11 (ADC Calibration) results 2008-06-17 04:20:31
Board ID138 36 channels
Linux calibration software

Calibration DAC Range: [1000 - 3500]

A:
0.7436,0.7588,0.7396,0.7564,0.7424,0.7556,0.7424,0.7476,0.7544,0.7552,0.7512,0.746
0.7524,0.758,0.7472,0.7452,0.7476,0.7468,0.7476,0.7476,0.7452,0.744,0.7524,0.7544
0.7612,0.7516,0.7536,0.7436,0.752,0.75,0.75,0.7448,0.75,0.744,0.7532,0.746


B:
72.4,67.1999,58.4,64.6,66.6,61.4001,66.6,64.3999,72.5999,72.7999,67.7999,72
60.6001,63.9999,64.8,69.8001,66.3999,64.2,70.3999,62.3999,63.8001,60.9999,72.6001,55.5999
61.8,69.3999,62.4,66.4,58.0001,65,64,62.2001,65,64.9999,64.8,58


========================================================
Test11 (ADC Calibration) results 2008-06-17 07:43:31
Board ID138 36 channels
Linux calibration software

Calibration DAC Range: [1000 - 3500]

A:
0.7352,0.7504,0.7308,0.748,0.7344,0.7476,0.7336,0.7388,0.7464,0.7464,0.7428,0.7372
0.7436,0.7492,0.7388,0.7368,0.7388,0.7384,0.7396,0.7392,0.7372,0.7356,0.7436,0.7472
0.7532,0.7428,0.7448,0.7356,0.744,0.7404,0.7412,0.7356,0.742,0.736,0.7452,0.7372


B:
73.8,67.6,60.2001,64.9999,66.6001,60.3999,67.3999,66.2,71.6,73.6,67.2,73.7999
62.4,64.8,65.2,70.2,68.2,65.6001,69.4,62.8,63.7999,61.4,73.4,54.8
61.8,71.2,63.2001,66.4,56.9999,68.5999,64.8001,65.4,65.0001,64,64.8001,59.7999


