========================================================

Test10 results 10-14-2005  18:09:30
Board ID403  30 channels
HV Tests Software Ver.1.6.1

+5V 2490 - O'k
-5V 1331 - O'k
Interlock - On

Voltmeter channel: A=1.081081, B=16.216394

A:
Limits 1.1 +/- 0.1
1.079331,1.081081,1.086366,1.089918,1.081081,1.083424,1.088732,1.079914,1.082251,1.084011
1.082251,1.084011,1.09529,1.072961,1.076426,1.080497,1.055966,1.079914,1.084599,1.080497
1.077586,1.081666,1.079331,1.086366,1.086366,1.084011,1.078749,1.078167,1.083424,1.072386


B:
Limits 0.0 +/- 30.0
19.428001,11.89207,6.518373,15.258857,8.648827,10.834251,6.53232,16.198669,10.822549,18.428186
8.658047,11.924122,18.619747,12.875696,7.534973,9.724482,36.958633,10.799102,9.761528,6.48299
14.008742,18.388359,16.19001,9.777472,11.950203,7.588078,9.708548,12.938135,13.001099,17.158298
Channels:
  17
Out of range 0.0 +/- 30.0
========================================================
Test10 (ADC Calibration) results 2008-06-16 13:15:44
Board ID403 30 channels
Linux calibration software

Voltmeter channel: A=1.07, B=0

A:
1.0818,1.08378,1.08732,1.09143,1.08189,1.08505,1.08978,1.08135,1.08369,1.08578
1.08378,1.08578,1.09658,1.07527,1.07759,1.08234,1.06174,1.08081,1.08587,1.08261
1.07955,1.08415,1.08189,1.08878,1.08841,1.08587,1.08081,1.08,1.08532,1.07474


B:
12.9648,6.38585,6.62452,12.9125,8.77171,8.26325,5.68342,13.8079,9.50318,15.4177
5.73574,9.12058,16.5837,9.46226,6.46557,7.27675,21.0718,9.97681,9.2548,2.48178
11.7753,15.3781,12.45,5.72881,10.1975,4.47709,7.38297,10.5011,10.8365,13.6076


========================================================
Test10 (ADC Calibration) results 2008-06-17 07:08:50
Board ID403 30 channels
Linux calibration software

Voltmeter channel: A=1.07, B=0

A:
1.09428,1.09611,1.09996,1.10374,1.09428,1.0973,1.10208,1.09392,1.09656,1.09849
1.09656,1.09785,1.10877,1.08777,1.0902,1.09456,1.07382,1.09092,1.0983,1.09492
1.09219,1.09684,1.09419,1.10125,1.10097,1.09867,1.09301,1.09274,1.09739,1.08714


B:
11.7952,5.08881,5.51823,12.6573,7.4181,7.94906,4.68435,12.3457,7.95941,13.6712
4.01167,9.20366,16.5431,8.16785,5.053,6.29184,20.1528,10.4954,7.90699,1.57794
10.2071,13.6315,11.878,4.78105,8.99691,2.51816,6.83572,8.6154,10.7188,12.2263


========================================================
Test10 (ADC Calibration) results 2009-01-15 10:43:39
Board ID403 30 channels
Host: ufcmshv3
Linux calibration software

Voltmeter channel: A=1.06209, B=10.9806

A:
1.05545,1.06374,1.06706,1.05297,1.0711,1.06934,1.06131,1.06339,1.05622,1.05605
1.08324,1.05263,1.06671,1.06096,1.057,1.05597,1.0588,1.06908,1.06339,1.05579
1.06444,1.04974,1.06261,1.05366,1.05545,1.05127,1.05725,1.05034,1.05017,1.06592


B:
10.6192,6.67697,5.49959,12.5221,8.15699,8.07736,4.91439,12.319,8.62887,13.6475
4.71605,8.84187,16.2798,9.05916,6.84592,6.54682,7.26539,8.10858,9.34147,2.27423
10.7099,13.0329,11.7703,5.1385,9.56378,3.18612,7.23804,9.11367,10.9542,12.5287


