========================================================

Test11 results 10-14-2005  18:11:25
Board ID403  30 channels
HV Tests Software Ver.1.6.1

+5V 2492 - O'k
-5V 1333 - O'k
Interlock - On
Calibration DAC Range: [2500 - 2900]


A:
Limits 0.76 +/- 0.04
0.735294,0.733945,0.735294,0.731261,0.736648,0.735294,0.735294,0.740741,0.736648,0.735294
0.736648,0.736648,0.728597,0.743494,0.740741,0.738007,0.753296,0.739372,0.733945,0.738007
0.740741,0.736648,0.738007,0.738007,0.732601,0.733945,0.738007,0.738007,0.733945,0.742115


B:
Limits 60.0 +/- 30.0
57.286217,69.012695,51.383759,49.914459,58.415119,57.552795,45.93996,40.860554,55.564026,50.436634
56.250675,49.924961,46.226933,54.389526,58.966564,50.094826,37.237778,47.055313,58.948364,57.275444
46.392239,55.343174,49.18745,54.602688,57.142975,58.897118,57.039589,58.572182,61.126369,58.077412
========================================================
Test11 (ADC Calibration) results 2008-06-17 04:20:31
Board ID403 30 channels
Linux calibration software

Calibration DAC Range: [1000 - 3500]

A:
0.7356,0.734,0.732,0.7292,0.736,0.7332,0.7304,0.736,0.734,0.7324
0.7344,0.7328,0.7256,0.7396,0.7384,0.7352,0.7496,0.736,0.7324,0.7352
0.7376,0.7336,0.736,0.7344,0.7312,0.7336,0.7368,0.7364,0.7328,0.74


B:
57.4,67.9999,61,57.8,59,63.8,63.5999,58,65.9999,60.6
63.6001,61.2,57.4,68.4,67.6001,58.8,50.4,58,63.6,66.8
57.3999,64.3999,54,65.6001,60.8001,59.3999,59.1999,63.6,63.2,63


========================================================
Test11 (ADC Calibration) results 2008-06-17 07:43:31
Board ID403 30 channels
Linux calibration software

Calibration DAC Range: [1000 - 3500]

A:
0.7272,0.7256,0.7236,0.7204,0.7276,0.7252,0.7224,0.7276,0.7252,0.724
0.7256,0.7248,0.7172,0.7316,0.7296,0.7276,0.7412,0.7292,0.724,0.7268
0.7284,0.7252,0.7276,0.726,0.7224,0.7248,0.728,0.728,0.7252,0.7316


B:
57.8001,68.4,61.4001,58.6001,59.4001,63.8,63.6,58.4001,66.8,61.0001
65.4,61.2,57.8001,67.4,68.4,57.4001,50.8001,57.8,65.0001,67.1999
59.6,64.8,54.4001,66,62.6,61.2,61.0001,64.0001,61.8,63.4


========================================================
Test11 (ADC Calibration) results 2009-01-15 10:55:31
Board ID403 30 channels
Host: ufcmshv3
Linux calibration software

Calibration DAC Range: [1000 - 3500]

A:
0.754,0.748,0.746,0.756,0.7436,0.7448,0.75,0.7484,0.7532,0.7532
0.7344,0.7564,0.746,0.7496,0.7524,0.754,0.7516,0.7448,0.748,0.7536
0.7476,0.758,0.7492,0.7588,0.7536,0.7576,0.7528,0.7572,0.7576,0.746


B:
57,64.9999,61,56.0001,58.4,61.2001,62,56.6001,64.8,59.8
63.6001,59.6,55,66.4,65.6001,58,59.3999,57.2001,61.9999,67.4
57.3999,63.9999,53.8,64.1999,61.4,60.4,59.2,62.8,61.4,63


