

========================================================
Test10 (ADC Calibration) results 2014-03-06 15:19:06
Board ID491 30 channels
Host: ufcmshv1
Linux calibration software

Voltmeter channel: A=1.09166, B=3.58519

A:
1.08583,1.07116,1.07693,1.07373,1.08447,1.0694,1.06581,1.08096,1.08411,1.08168
1.07284,1.0997,1.07648,1.12783,1.08974,1.07222,1.06155,1.04947,1.05818,1.09148
1.07417,1.07818,1.07988,1.0625,1.05956,1.07337,1.04955,1.06817,1.07222,1.07738


B:
1.72718,2.53157,3.85576,3.37147,3.40604,3.0978,3.02661,3.81621,3.30359,4.88621
3.9765,3.75513,3.40559,4.05938,3.15371,3.26324,2.33155,2.31469,3.7947,3.53374
4.0352,3.99663,3.72593,4.41255,3.34776,3.91449,3.49438,4.66786,3.69189,3.01367


========================================================
Test10 (ADC Calibration) results 2014-03-06 15:39:29
Board ID491 30 channels
Host: ufcmshv1
Linux calibration software

Voltmeter channel: A=1.09185, B=3.20009

A:
1.08592,1.07108,1.07657,1.07373,1.08474,1.06931,1.0659,1.08087,1.08429,1.0815
1.07275,1.0997,1.07648,1.12773,1.08983,1.07205,1.06146,1.04913,1.05775,1.09157
1.07417,1.07818,1.08006,1.06259,1.05947,1.0732,1.0493,1.06861,1.0724,1.07693


B:
1.20959,2.61311,4.8302,3.37147,2.72309,3.17933,2.9454,3.68243,2.70396,5.26752
4.48771,3.53536,3.40559,3.69402,2.85288,3.21247,2.41246,3.05566,4.41042,4.10516
4.46503,4.21221,3.34514,3.90616,3.64057,4.07821,3.73416,3.83258,3.52812,4.07109


