========================================================

Test10 results 04-05-2005  14:59:05
Board ID040  36 channels
HV Tests Software Ver.1.6

+5V 2505 - O'k
-5V 1334 - O'k
Interlock - On

Voltmeter channel: A=1.070664, B=7.494653

A:
Limits 1.1 +/- 0.1
1.071811,1.081081,1.079914,1.078167,1.073537,1.078749,1.082837,1.082837,1.071237,1.074691,1.073537,1.076426
1.068376,1.070664,1.072961,1.066667,1.070091,1.074691,1.073537,1.078749,1.075269,1.079914,1.086957,1.076426
1.071811,1.071237,1.076426,1.072961,1.070664,1.085187,1.077586,1.086366,1.076426,1.075269,1.077006,1.073537


B:
Limits 0.0 +/- 30.0
11.790084,10.810989,9.719189,8.625466,9.661671,3.236055,5.41436,3.248686,9.640962,2.149267,6.441059,3.229268
3.205143,17.130627,3.219044,14.933125,9.630627,6.448031,3.220447,7.55105,11.827781,6.479447,7.608772,12.917105
2.143782,13.925911,10.764252,7.51089,6.423989,1.08518,8.620811,0.000177,5.382121,4.300899,7.538823,7.514596
========================================================

Test10 results 12-09-2005  14:10:40
Board ID040  36 channels
HV Tests Software Ver.1.6

+5V 2504 - O'k
-5V 1332 - O'k
Interlock - On

Voltmeter channel: A=1.070091, B=9.630627

A:
Limits 1.1 +/- 0.1
1.071237,1.081666,1.079914,1.078749,1.075269,1.085776,1.063264,1.081666,1.071237,1.074691,1.074691,1.077586
1.069519,1.074691,1.081666,1.067806,1.068947,1.074691,1.077006,1.078167,1.074691,1.079914,1.086366,1.076426
1.072961,1.070091,1.072386,1.063264,1.071237,1.085187,1.077586,1.081081,1.076426,1.077586,1.077586,1.074691


B:
Limits 0.0 +/- 35.0
12.854673,7.571701,9.719189,6.472301,5.376168,3.257333,5.31621,5.408369,9.640962,2.149267,2.149267,0.000122
1.069636,10.746796,4.326704,11.745905,11.758456,6.448031,6.461817,8.625466,13.970869,6.479447,9.777472,11.840678
-1.072801,18.191355,15.013526,18.07538,4.284775,1.08518,7.543225,-1.080902,5.382121,5.388053,5.388053,4.298649
