========================================================

Test11 results 04-05-2005  15:01:32
Board ID040  36 channels
HV Tests Software Ver.1.6

+5V 2504 - O'k
-5V 1334 - O'k
Interlock - On
Calibration DAC Range: [2500 - 2900]


A:
Limits 0.76 +/- 0.04
0.749064,0.747664,0.744879,0.743494,0.750469,0.743494,0.744879,0.740741,0.753296,0.750469,0.75188,0.747664
0.753296,0.75188,0.750469,0.754717,0.75188,0.750469,0.747664,0.743494,0.749064,0.744879,0.739372,0.746269
0.75188,0.750469,0.747664,0.750469,0.75188,0.740741,0.747664,0.742115,0.749064,0.746269,0.749064,0.749064


B:
Limits 60.0 +/- 30.0
57.172794,39.409294,57.30698,64.700974,51.280762,69.510635,53.498386,64.571312,44.896526,52.086929,50.771732,58.314812
59.137238,51.873302,61.409161,48.667965,54.201817,52.809914,64.256149,71.915375,51.94709,58.037491,59.045193,60.401585
55.354969,56.413303,56.545864,53.365623,55.180397,66.385544,56.863293,58.114735,56.056332,68.993881,69.306496,58.224705
========================================================

Test11 results 12-09-2005  14:12:08
Board ID040  36 channels
HV Tests Software Ver.1.6

+5V 2504 - O'k
-5V 1333 - O'k
Interlock - On
Calibration DAC Range: [2500 - 2900]


A:
Limits 0.76 +/- 0.04
0.75188,0.743494,0.744879,0.746269,0.75188,0.740741,0.759013,0.744879,0.754717,0.750469,0.750469,0.750469
0.750469,0.750469,0.746269,0.753296,0.754717,0.747664,0.749064,0.744879,0.747664,0.744879,0.743494,0.747664
0.749064,0.750469,0.749064,0.759013,0.753296,0.739372,0.747664,0.743494,0.747664,0.746269,0.75188,0.750469


B:
Limits 60.0 +/- 40.0
46.485504,53.087685,58.037491,55.655056,46.733685,64.113228,51.885258,50.203533,38.785889,51.363209,56.838188,49.105759
68.192696,52.976097,52.151638,53.233723,44.270485,62.012241,46.693401,66.727989,57.191128,57.30698,45.562889,55.899143
65.205666,56.498135,57.172794,39.165855,49.648579,70.821342,57.509651,67.487083,60.73048,61.363026,60.28624,53.615532
