========================================================

Test10 results 12-13-2006  13:35:07
Board ID318  30 channels
HV Tests Software Ver.1.6.8

+5V 2488 - O'k
-5V 1304 - O'k
Interlock - On
Number of Samples: 400

Voltmeter channel: A=1.075847, B=6.454941

A:
Limits 1.1 +/- 0.1
1.073537,1.075269,1.086957,1.079331,1.080497,1.079331,1.079331,1.077006,1.078167,1.076426
1.079331,1.075847,1.078749,1.079331,1.071811,1.079914,1.079331,1.068947,1.079914,1.077586
1.080497,1.072386,1.089325,1.082251,1.077006,1.076426,1.072961,1.072386,1.080497,1.078167


B:
Limits 0.0 +/- 30.0
6.441059,8.601974,14.13051,9.714025,8.643984,10.793356,11.872686,10.769841,8.625466,11.840678
11.872686,9.682483,8.629799,8.634694,13.933707,4.31962,17.269341,13.896351,14.038843,8.620811
10.804978,11.796368,10.893338,8.658047,10.769841,16.146383,8.583851,9.651596,7.563487,10.781801
========================================================
Test10 (ADC Calibration) results 2008-04-15 16:06:16
Board ID318 30 channels
Linux calibration software

Voltmeter channel: A=1.0609, B=-1518.7

A:
1.07151,1.07348,1.08566,1.07719,1.07769,1.07769,1.07803,1.07603,1.07713,1.07412
1.07699,1.07368,1.07523,1.07661,1.07091,1.07837,1.07763,1.0673,1.0781,1.07472
1.07904,1.07061,1.08772,1.07933,1.07566,1.07617,1.07051,1.07058,1.07916,1.07699


B:
2.9181,4.50833,7.81595,5.27005,6.78465,6.78465,7.59419,3.83613,2.85748,8.21976
9.28045,5.83156,8.33489,5.77549,7.18632,0.402651,12.6299,9.45177,11.4721,5.4277
6.83234,7.81685,6.89466,7.32439,5.34885,8.70662,6.2156,5.35623,4.15234,5.4038


========================================================
Test10 (ADC Calibration) results 2008-04-16 15:57:04
Board ID318 30 channels
Linux calibration software

Voltmeter channel: A=1.0609, B=-1519.5

A:
1.07131,1.07378,1.08546,1.07773,1.07823,1.07813,1.07803,1.07549,1.06971,1.07442
1.07689,1.07422,1.07543,1.07702,1.07028,1.07773,1.07723,1.0673,1.0782,1.07472
1.07924,1.07085,1.08752,1.07954,1.07597,1.07519,1.07011,1.07058,1.07916,1.07733


B:
3.57575,3.72478,8.47221,4.57937,6.09439,6.22237,7.59419,5.60073,14.1904,7.23586
9.60888,5.14338,7.67742,5.26736,9.26885,0.823806,13.1436,9.45177,11.1445,5.4277
6.57577,6.44359,7.15103,6.66864,4.16372,10.8347,6.52892,5.15628,4.15234,5.16958


========================================================
Test10 (ADC Calibration) results 2008-05-07 10:47:49
Board ID318 30 channels
Linux calibration software

Voltmeter channel: A=1.05888, B=-1513.88

A:
1.07111,1.07318,1.08485,1.07679,1.07759,1.07709,1.07693,1.07569,1.06991,1.07456
1.07759,1.07382,1.07717,1.07561,1.07091,1.07793,1.07753,1.06794,1.07834,1.07546
1.07938,1.06934,1.08907,1.08018,1.07523,1.07573,1.06974,1.07061,1.07886,1.07763


B:
3.83272,4.09169,11.3255,5.58299,7.78999,8.15276,9.60552,4.5449,13.5351,8.06014
6.91234,5.4563,5.0363,7.84675,6.38627,0.166746,11.5584,8.23604,8.48778,4.48127
6.19656,10.1718,3.57205,5.24944,6.38635,10.3447,6.99722,5.71143,4.73516,4.18548


