========================================================

Test10 results 12-09-2005  15:28:12
Board ID120  36 channels
HV Tests Software Ver.1.6

+5V 2483 - O'k
-5V 1301 - O'k
Interlock - On

Voltmeter channel: A=1.079914, B=9.719189

A:
Limits 1.1 +/- 0.1
1.079331,1.076426,1.070091,1.072386,1.080497,1.079331,1.084011,1.081081,1.076426,1.079331,1.084599,1.067236
1.077586,1.068947,1.082837,1.091703,1.071811,1.080497,1.076426,1.082837,1.070091,1.071237,1.075847,1.080497
1.077586,1.072386,1.082837,1.074691,1.078167,1.077006,1.071237,1.077006,1.077586,1.076426,1.078749,1.074114


B:
Limits 0.0 +/- 35.0
3.23804,9.687826,6.420354,5.362052,8.643984,4.317371,3.252035,9.729908,7.534973,7.555364,2.169338,5.336298
1.077708,5.344774,6.497197,3.275107,6.431027,8.106232e-006,1.076416,5.41436,8.560535,5.356012,6.454941,9.724482
6.465639,8.57921,9.745708,8.597414,8.625466,8.615829,16.068386,8.615829,7.543225,12.917105,9.708548,3.22238
========================================================
Test10 (ADC Calibration) results 2008-11-23 09:47:33
Board ID120 36 channels
Linux calibration software

Voltmeter channel: A=1.07, B=0

A:
0,0,0,0,0,0,0,0,0,0,0,0
0,0,0,0,0,0,0,0,0,0,0,0
0,0,0,0,0,0,0,0,0,0,0,0


B:
0,0,0,0,0,0,0,0,0,0,0,0
0,0,0,0,0,0,0,0,0,0,0,0
0,0,0,0,0,0,0,0,0,0,0,0


========================================================
Test10 (ADC Calibration) results 2008-11-23 10:05:09
Board ID120 36 channels
Linux calibration software

Voltmeter channel: A=1.07, B=0

A:
0,0,0,0,0,0,0,0,0,0,0,0
0,0,0,0,0,0,0,0,0,0,0,0
0,0,0,0,0,0,0,0,0,0,0,0


B:
0,0,0,0,0,0,0,0,0,0,0,0
0,0,0,0,0,0,0,0,0,0,0,0
0,0,0,0,0,0,0,0,0,0,0,0


========================================================
Test10 (ADC Calibration) results 2008-11-23 10:35:51
Board ID120 36 channels
Linux calibration software

Voltmeter channel: A=1.07, B=0

A:
1.09306,1.09146,1.08398,1.08546,1.09552,1.09334,1.09714,1.09657,1.09221,1.09259,1.0999,1.08203
1.09089,1.0837,1.09657,1.1049,1.08574,1.0941,1.09127,1.09742,1.0836,1.08612,1.09325,1.09476
1.09193,1.08537,1.09914,1.08855,1.09448,1.09174,1.08593,1.09562,1.09127,1.09363,1.09714,1.0878


B:
-2.83071,2.58397,0.167769,1.82066,2.55739,-1.56245,-0.683468,4.00945,2.32507,2.63252,-0.152083,0.899933
-2.56708,0.210794,1.15815,-0.983582,0.909841,-5.32616,-6.19023,-0.0685678,3.33134,0.780496,-1.25662,1.50349
0.183875,4.29488,3.40764,2.65914,2.85975,2.97795,7.90362,0.717229,2.32134,6.48623,2.60795,-2.30491


========================================================
Test10 (ADC Calibration) results 2008-11-24 15:10:30
Board ID120 36 channels
Host: ufcmshv3
Linux calibration software

Voltmeter channel: A=1.07, B=0

A:
1.07947,1.07848,1.07075,1.07243,1.08243,1.08027,1.08424,1.08351,1.07884,1.07973,1.08677,1.06908
1.07776,1.0704,1.08369,1.09143,1.07287,1.08081,1.07785,1.08406,1.07049,1.07305,1.07982,1.08144
1.07857,1.07278,1.08596,1.07545,1.08135,1.07866,1.0727,1.08234,1.07821,1.07991,1.08388,1.07447


B:
-0.016278,4.34727,2.70179,3.92653,4.16317,0.315447,0.984272,5.98454,4.87959,3.83715,1.47125,2.54943
-0.812426,2.17398,2.56777,1.77998,2.2282,-3.42515,-3.69788,2.23443,4.87449,2.70761,0.947103,3.99308
2.53849,4.88569,5.4798,4.13623,4.07575,5.26072,9.90187,3.1638,4.1633,9.50316,4.56852,-0.115837


========================================================
Test10 (ADC Calibration) results 2008-12-04 11:10:13
Board ID120 36 channels
Host: ufcmshv3
Linux calibration software

Voltmeter channel: A=1.04175, B=5.75354

A:
1.06741,1.05246,1.06366,1.03776,1.06873,1.05434,1.05238,1.06724,1.04025,1.07545,1.07536,1.05829
1.05665,1.07429,1.04117,1.04796,1.05135,1.05708,1.03809,1.04594,1.03958,1.05751,1.06418,1.03983
1.04418,1.05889,1.07137,1.05238,1.05212,1.04949,1.04966,0.983359,1.06531,1.04042,1.08614,1.06715


B:
-1.01807,3.31938,2.71631,3.33665,3.51829,-0.56786,0.453123,4.4825,4.06477,3.70615,0.777461,-0.504874
-1.70678,1.55359,2.77124,1.08011,0.792605,-2.96001,-4.4556,1.96339,4.70224,1.9195,-0.114543,3.6316
1.97588,4.64262,5.55483,2.3476,2.80019,4.45633,7.86432,16.6414,3.93342,7.44313,3.7931,0.295313


========================================================
Test10 (ADC Calibration) results 2008-12-04 14:10:55
Board ID120 36 channels
Host: ufcmshv3
Linux calibration software

Voltmeter channel: A=1.04175, B=5.54524

A:
1.06759,1.05212,1.06366,1.03759,1.06855,1.05468,1.05212,1.06724,1.04,1.07518,1.07509,1.05829
1.05657,1.07429,1.04133,1.04805,1.05118,1.057,1.03792,1.04594,1.03967,1.05777,1.06427,1.0395
1.04409,1.05872,1.07146,1.05238,1.05238,1.04957,1.04906,0.983805,1.06488,1.03992,1.08578,1.06759


B:
-1.60966,4.48369,2.92899,3.91093,3.89595,-1.31406,0.906731,4.4825,4.51218,3.95348,1.24048,-0.0812571
-1.41422,1.55359,1.98641,1.20939,0.953929,-2.87825,-4.29558,2.17252,4.41448,1.25329,-0.409345,4.3658
2.26507,5.01677,5.47271,2.13718,2.76871,4.16595,9.26396,15.0144,4.76744,8.33547,4.343,-0.969001


========================================================
Test10 (ADC Calibration) results 2008-12-04 14:28:16
Board ID120 36 channels
Host: ufcmshv3
Linux calibration software

Voltmeter channel: A=1.04167, B=5.41675

A:
1.06759,1.05204,1.06383,1.03759,1.06873,1.05434,1.05229,1.06724,1.03992,1.07545,1.07518,1.0582
1.05614,1.0742,1.04092,1.0478,1.0511,1.05717,1.03792,1.04594,1.03967,1.0576,1.06427,1.0395
1.04393,1.0588,1.0711,1.05187,1.05204,1.04923,1.0494,1.04704,1.0654,1.04,1.08587,1.06724


B:
-0.969001,4.56435,2.3404,3.91093,3.73239,-0.357044,0.74466,4.4825,4.59151,3.70615,1.37276,-0.211644
-0.373761,2.06573,2.80255,1.66022,1.03518,-3.04157,-4.29558,2.38166,4.62236,1.62706,-0.196544,4.15795
2.63388,4.93567,6.22894,3.25258,3.30156,5.11727,8.31458,3.01245,4.70426,8.04808,3.82546,-0.213236


========================================================
Test10 (ADC Calibration) results 2008-12-04 15:01:17
Board ID120 36 channels
Host: ufcmshv3
Linux calibration software

Voltmeter channel: A=1.04142, B=6.48886

A:
1.06715,1.05238,1.06383,1.03734,1.06864,1.04881,1.05221,1.06715,1.04017,1.07518,1.075,1.05837
1.05622,1.07385,1.04058,1.04796,1.05101,1.05665,1.03784,1.04577,1.0395,1.05734,1.06435,1.03967
1.04384,1.05872,1.07119,1.05204,1.05186,1.04949,1.04915,1.04712,1.06514,1.04008,1.08578,1.06706


B:
0.0819351,3.61025,2.55311,4.77153,4.02803,0.0646406,1.24659,4.77728,4.5608,4.38332,2.18301,-0.16283
-0.665951,2.61037,3.74634,2.12808,1.7461,-1.70678,-3.8001,2.54201,5.19745,2.7166,-0.491328,4.20675
3.13138,5.44,6.78957,3.30156,3.67363,4.87602,9.18445,3.35062,5.3747,7.96866,4.77747,0.591271


