========================================================

Test11 results 12-09-2005  15:29:35
Board ID120  36 channels
HV Tests Software Ver.1.6

+5V 2483 - O'k
-5V 1301 - O'k
Interlock - On
Calibration DAC Range: [2500 - 2900]


A:
Limits 0.76 +/- 0.04
0.750469,0.747664,0.756144,0.753296,0.746269,0.747664,0.742115,0.746269,0.749064,0.750469,0.744879,0.756144
0.749064,0.757576,0.747664,0.740741,0.753296,0.747664,0.75188,0.747664,0.753296,0.75188,0.750469,0.747664
0.749064,0.753296,0.747664,0.750469,0.750469,0.749064,0.753296,0.75188,0.749064,0.749064,0.754717,0.753296


B:
Limits 60.0 +/- 40.0
55.264698,69.588181,55.150963,61.927338,65.792717,65.983658,75.460403,62.565693,61.060757,52.751286,65.82653,65.873398
71.638908,55.952988,55.152393,59.146145,66.962059,66.068352,54.34977,56.612858,64.964424,71.289276,63.008854,60.576786
62.759869,61.213764,51.912212,65.163704,55.904499,61.230469,58.076077,49.747627,65.181526,62.503292,48.846878,61.58839
========================================================
Test11 (ADC Calibration) results 2008-11-23 10:58:16
Board ID120 36 channels
Linux calibration software

Calibration DAC Range: [1000 - 3500]

A:
0.738,0.7392,0.744,0.7432,0.7364,0.7376,0.7348,0.7356,0.7388,0.7384,0.7336,0.7456
0.7388,0.7444,0.7356,0.73,0.7424,0.7372,0.74,0.7348,0.744,0.7424,0.7376,0.736
0.7388,0.7428,0.7344,0.7404,0.7368,0.7388,0.7424,0.7364,0.7384,0.7372,0.7392,0.7408


B:
70.0001,67.8,69.9999,67.8,68.6,71.3999,73.2001,68.4,65.2,67.6001,71.3999,70.4001
78.2,70.5999,69.4,67.9999,76.6,74.7999,67,71.2001,68.9999,71.6,72.3999,73
69.2,70.2,65.6001,72.5999,69.2,67.2,66.6,65.6,73.6001,67.7999,64.8,76.1999


========================================================
Test11 (ADC Calibration) results 2008-11-24 15:22:53
Board ID120 36 channels
Host: ufcmshv3
Linux calibration software

Calibration DAC Range: [1000 - 3500]

A:
0.7472,0.748,0.7532,0.752,0.7448,0.7464,0.7436,0.7444,0.7476,0.7476,0.7428,0.7544
0.748,0.7532,0.7444,0.7396,0.7512,0.746,0.7492,0.7436,0.7532,0.7516,0.7468,0.7452
0.748,0.752,0.7428,0.7496,0.746,0.7476,0.7512,0.7456,0.748,0.7468,0.7484,0.7504


B:
67.8,66.9999,67.8,67.0001,68.2001,69.6,71.4,66.5999,64.3999,65.3999,70.2,69.5999
75.9999,69.8,68.5999,64.4,75.7999,74,64.8,69.4,67.8,70.3999,71.2,70.8001
66.9999,69.0001,64.2,71.4,68,66.3999,66.7999,63.4001,69.9999,64.2,62.6001,73.6


========================================================
Test11 (ADC Calibration) results 2008-12-04 14:38:01
Board ID120 36 channels
Host: ufcmshv3
Linux calibration software

Calibration DAC Range: [1000 - 3500]

A:
0.7556,0.7668,0.7576,0.7772,0.7548,0.7656,0.7656,0.756,0.776,0.75,0.7504,0.7624
0.7632,0.7508,0.7748,0.7708,0.7664,0.7628,0.778,0.7712,0.7756,0.7624,0.7576,0.7756
0.7728,0.762,0.7528,0.7664,0.7664,0.768,0.7684,0.7708,0.7564,0.7756,0.7468,0.7548


B:
68.4001,66.2001,68.4,66.8001,67.1999,68.3999,72.3999,67.0001,62.9999,66,70.6,70.6001
75.8,69.2,68.2,63.2,76.6001,73.2001,65,67.8,67.3999,70.6001,71.4,70.3999
67.1999,67.9999,64.2,71.6001,68.6001,67,66.6,63.2,70.6,64.3999,63.2,75.1999


========================================================
Test11 (ADC Calibration) results 2008-12-04 15:10:59
Board ID120 36 channels
Host: ufcmshv3
Linux calibration software

Calibration DAC Range: [1000 - 3500]

A:
0.7556,0.7664,0.758,0.778,0.7544,0.7688,0.7656,0.756,0.7752,0.75,0.75,0.762
0.7632,0.7508,0.7752,0.77,0.7668,0.7628,0.778,0.7712,0.7756,0.7624,0.7576,0.7756
0.7724,0.7616,0.7528,0.766,0.7664,0.7684,0.7684,0.7708,0.7568,0.7752,0.7472,0.7556


B:
68.4001,67.6001,66.9999,65,68.5999,70.1999,72.3999,67.0001,64.8,66,71,70.9999
75.8,69.2,67.8,65.0001,75.2001,73.2001,65,67.8,67.3999,70.6001,71.4,69.3999
67.5999,68.3999,64.2,72.0001,68.6001,65.6,65.6,63.2,69.2,65.8,61.8,73.4001


