========================================================

Test10 results 09-27-2006  00:30:59
Board ID351  30 channels
HV Tests Software Ver.1.6.8

+5V 2531 - O'k
-5V 1340 - O'k
Interlock - On
Number of Samples: 400

Voltmeter channel: A=1.072961, B=11.802734

A:
Limits 1.1 +/- 0.1
1.079331,1.066667,1.078167,1.078167,1.090513,1.075847,1.074114,1.066098,1.074691,1.081666
1.064396,1.074691,1.072961,1.064963,1.056524,1.070091,1.068376,1.078167,1.074691,1.066667
1.071811,1.069519,1.075269,1.072386,1.061008,1.072386,1.070664,1.078167,1.074114,1.068376


B:
Limits 0.0 +/- 30.0
11.872686,13.866459,18.32897,15.094469,10.905224,13.985871,11.81529,17.057522,13.970869,10.816698
12.772942,13.970869,22.532349,14.90941,16.904375,12.8409,19.230785,16.172636,13.970869,17.06646
12.861896,12.834341,12.903049,19.30307,23.342104,13.94114,14.9893,12.938135,12.889404,12.820528
========================================================
Test10 (ADC Calibration) results 2007-11-26 15:50:29
Board ID351 30 channels
Linux calibration software

Voltmeter channel: A=1.0655, B=-1291.3

A:
1.07647,1.06546,1.07667,1.0762,1.0871,1.0753,1.07155,1.06513,1.07326,1.07958
1.06078,1.07245,1.07356,1.06295,1.05489,1.06784,1.06824,1.07617,1.07192,1.06473
1.06974,1.06817,1.07326,1.07171,1.06141,1.07159,1.06928,1.07577,1.07215,1.067


B:
7.5685,5.94363,10.9877,7.45763,7.90561,6.46397,7.7437,9.43626,8.23189,5.98045
10.2594,6.8597,13.1728,8.95875,10.2834,8.63587,10.9224,10.8308,9.09158,10.1499
6.72753,4.739,7.03194,12.4569,12.9274,6.24127,10.2558,8.02072,8.84449,4.70316


========================================================
Test10 (ADC Calibration) results 2008-06-17 15:59:19
Board ID351 30 channels
Linux calibration software

Voltmeter channel: A=1.07, B=0

A:
1.09326,1.08075,1.09353,1.09189,1.10383,1.09098,1.08818,1.08101,1.08926,1.09572
1.07773,1.08863,1.0899,1.07915,1.07061,1.07817,1.08432,1.09316,1.08845,1.0811
1.08584,1.08324,1.08881,1.08764,1.07755,1.08665,1.08494,1.09189,1.08854,1.08262


B:
5.70313,8.09259,9.60803,9.79251,7.49315,8.00353,6.43766,9.57528,8.27245,5.63628
8.94306,7.98214,12.4869,8.27671,10.8306,13.061,10.2111,9.50347,8.58329,9.70932
6.85384,7.5162,8.25169,11.7209,11.2623,8.71629,8.98274,7.3904,7.84701,6.36116


========================================================
Test10 (ADC Calibration) results 2008-07-16 21:23:30
Board ID351 30 channels
Linux calibration software

Voltmeter channel: A=1.07, B=0

A:
1.09407,1.08171,1.09417,1.09247,1.10489,1.09199,1.08889,1.08217,1.0902,1.09607
1.07838,1.08973,1.09114,1.08004,1.07152,1.07737,1.0858,1.09436,1.08936,1.08217
1.08683,1.08421,1.09001,1.0887,1.07866,1.08804,1.08626,1.09313,1.08945,1.08347


B:
5.17072,7.20571,10.1172,9.70431,6.0855,7.29707,5.78809,8.72481,7.4119,5.75473
8.34067,6.53581,11.3486,7.66597,9.34388,11.8646,9.50038,8.84995,7.75287,8.72481
5.94676,6.40364,6.49449,10.7516,10.8889,7.43594,7.33321,6.03891,7.23096,5.79116


