========================================================

Test11 results 09-27-2006  00:33:38
Board ID351  30 channels
HV Tests Software Ver.1.6.8

+5V 2531 - O'k
-5V 1340 - O'k
Interlock - On
Calibration DAC Range: [2500 - 2900]
Number of Samples: 400

A:
Limits 0.76 +/- 0.04
0.743494,0.753296,0.746269,0.746269,0.738007,0.747664,0.749064,0.753296,0.746269,0.743494
0.754717,0.746269,0.749064,0.754717,0.759013,0.75188,0.75188,0.746269,0.747664,0.75188
0.750469,0.75188,0.747664,0.753296,0.757576,0.747664,0.749064,0.746269,0.747664,0.75188


B:
Limits 60.0 +/- 30.0
62.443264,58.7696,50.90324,54.926277,56.560139,54.937,55.810913,57.874878,64.099037,57.038044
61.075283,64.099037,50.825321,57.152264,60.416187,56.615505,56.352455,53.242435,60.405205,61.704277
56.582966,58.135967,58.074596,55.562023,49.746822,65.693611,62.540417,55.730846,61.127132,57.959011
========================================================
Test11 (DAC Calibration) results 2007-11-26 15:50:29
Board ID351 30 channels
Linux calibration software
Calibration DAC Range: [1100 - 2700]

A:
0.745782,0.753864,0.745643,0.746338,0.738484,0.746965,0.749204,0.753721,0.748013,0.743633
0.75643,0.748573,0.747803,0.755644,0.761035,0.751809,0.751527,0.74599,0.748573,0.754006
0.750469,0.75195,0.748013,0.75287,0.756358,0.749555,0.751174,0.746269,0.748783,0.753154


B:
65.1532,66.6038,63.4075,66.3216,66.5653,65.4528,65.799,65.2911,66.2459,66.3507
65.9606,67.2685,61.7501,64.3147,63.7747,66.7137,64.9977,63.5208,67.7178,64.7502
67.3546,68.324,67.1435,65.1046,61.8228,68.0127,63.3802,66.418,65.7806,63.8109


