========================================================

Test10 results 08-22-2005  13:51:04
Board ID057  36 channels
HV Tests Software Ver.1.6

+5V 3031 - O'k
-5V 1379 - O'k
Interlock - On

Voltmeter channel: A=1.070664, B=10.706645

A:
Limits 1.1 +/- 0.1
1.079914,1.082251,1.086957,1.082251,1.076426,1.078167,1.072386,1.076426,1.072386,1.075269,1.072961,1.087548
1.074691,1.072961,1.077006,1.077586,1.075847,1.079914,1.078167,1.078749,1.071237,1.083424,1.082837,1.074691
1.080497,1.079914,1.072961,1.074114,1.074691,1.079914,1.081081,1.078167,1.075847,1.079914,1.068947,1.074691


B:
Limits 0.0 +/- 30.0
10.799102,16.233805,11.956598,12.987051,11.840678,14.016302,12.868753,12.917105,15.013526,13.978319,15.021619,17.400906
9.672105,17.167542,17.231876,16.163914,13.985871,18.358498,17.250803,16.18104,9.640962,11.917675,9.745708,12.896177
14.04647,9.719189,24.67827,10.741177,11.821486,20.518324,16.216394,9.703633,17.213413,5.399534,20.310034,10.746796
========================================================
Test10 (ADC Calibration) results 2008-02-14 11:34:43
Board ID57 36 channels
Linux calibration software

Voltmeter channel: A=1.06864, B=11.7404

A:
1.08059,1.08213,1.08809,1.08243,1.07629,1.07745,1.0747,1.07649,1.07494,1.07649,1.07372,1.09139
1.08245,1.07204,1.07797,1.07826,1.08713,1.08075,1.07832,1.08192,1.07241,1.08414,1.08403,1.07538
1.07953,1.07945,1.07508,1.07396,1.07575,1.0816,1.0831,1.08576,1.07856,1.08101,1.06927,1.07457


B:
6.1367,12.1777,5.18375,9.52728,8.4249,12.8641,10.3307,9.9994,8.02924,6.12286,9.87946,12.3995
4.42479,13.8178,14.0638,13.3188,6.76135,12.659,15.5539,9.43104,5.20393,8.24108,6.23261,8.07375
11.1054,7.28584,18.1052,7.03041,6.56477,14.6556,12.7626,6.11672,14.7779,2.81536,15.8742,7.91731


========================================================
Test10 (ADC Calibration) results 2008-02-14 20:12:40
Board ID57 36 channels
Linux calibration software

Voltmeter channel: A=1.06904, B=10.3228

A:
1.08018,1.08322,1.08799,1.08093,1.07589,1.07755,1.07579,1.07595,1.07484,1.07595,1.07427,1.09149
1.0816,1.07278,1.07842,1.07856,1.08658,1.08065,1.07822,1.08097,1.0723,1.08369,1.08414,1.07463
1.07929,1.07955,1.07429,1.07369,1.07575,1.0817,1.08249,1.0848,1.07791,1.08142,1.06849,1.07542


B:
6.64942,10.6043,5.79908,11.8794,8.53453,13.2135,7.08938,11.7597,8.15648,7.68372,9.19676,12.7636
6.18196,12.4754,12.9055,12.8137,8.33916,13.6669,15.4815,11.7043,6.40347,8.88803,5.90453,10.0851
11.8893,6.7585,19.5586,7.36562,7.64052,14.8092,13.8053,8.00348,16.6738,1.10911,16.2466,6.24865


========================================================
Test10 (ADC Calibration) results 2008-06-19 12:08:44
Board ID057 36 channels
Linux calibration software

Voltmeter channel: A=1.07, B=0

A:
1.09794,1.10217,1.10504,1.09895,1.09346,1.09556,1.09941,1.09346,1.09757,1.09346,1.09519,1.12106
1.10933,1.08939,1.09913,1.09812,1.11337,1.09849,1.09656,1.10263,1.07955,1.10152,1.10356,1.09246
1.09684,1.0972,1.09301,1.09029,1.09274,1.09895,1.10634,1.11205,1.1043,1.10116,1.0823,1.09383


B:
7.60667,10.7883,7.51693,10.8592,8.63771,13.0689,8.90163,11.4804,7.94197,8.20004,10.3352,13.138
6.72501,15.4281,12.6703,12.4904,9.30039,13.6938,15.223,10.1482,15.7911,8.73139,6.43764,9.33569
10.5863,7.17987,21.0778,8.93231,9.30417,17.2332,12.7505,7.15074,14.1552,3.12136,19.9597,6.77186


========================================================
Test10 (ADC Calibration) results 2008-07-15 18:15:23
Board ID057 36 channels
Linux calibration software

Voltmeter channel: A=1.07, B=0

A:
1.09794,1.10162,1.10504,1.09922,1.09319,1.08678,1.09821,1.09365,1.09693,1.0941,1.09483,1.12096
1.10924,1.08966,1.09941,1.09748,1.11734,1.09849,1.09602,1.10254,1.08088,1.1018,1.10365,1.09228
1.09684,1.09757,1.03698,1.09056,1.09274,1.09858,1.10579,1.11299,1.10393,1.10051,1.08044,1.0941


B:
7.38713,10.6303,7.95883,11.0482,8.88746,21.2941,9.33191,10.876,9.18629,7.6154,11.5444,13.2233
7.03167,14.5269,12.8592,13.0743,9.52079,13.4742,16.1602,9.57038,15.2116,8.69961,5.69126,10.1578
10.8057,7.06426,71.8699,8.68279,8.86731,17.1261,12.812,7.41345,14.4899,3.49192,21.0229,6.5213


========================================================
Test10 (ADC Calibration) results 2008-07-17 09:50:45
Board ID057 36 channels
Linux calibration software

Voltmeter channel: A=1.07, B=0

A:
1.09866,1.1023,1.10538,1.1,1.09391,1.08742,1.09857,1.0942,1.0979,1.09448,1.09571,1.12116
1.10945,1.08967,1.09971,1.09866,1.11739,1.09866,1.09695,1.10317,1.07871,1.10268,1.10413,1.09334
1.09742,1.09857,1.04979,1.09118,1.09344,1.09943,1.10635,1.11326,1.10422,1.10144,1.0811,1.09467


B:
6.72377,10.4499,7.64914,10.1199,8.22599,20.2696,9.44744,10.373,8.08047,7.48627,10.5189,12.8263
6.83425,14.9505,12.8008,11.5577,9.47533,14.1947,15.3132,9.00204,16.353,7.67456,5.9184,8.74681
10.0525,5.49275,59.8382,7.90017,8.65984,16.5796,12.0813,7.61481,14.0014,2.42319,20.6276,6.21764


========================================================
Test10 (ADC Calibration) results 2008-07-19 11:33:18
Board ID057 36 channels
Linux calibration software

Voltmeter channel: A=1.07, B=0

A:
1.09866,1.10182,1.105,1.09962,1.09401,1.08686,1.09761,1.09429,1.09752,1.09448,1.09524,1.11987
1.10848,1.08986,1.1,1.0978,1.11641,1.09904,1.09695,1.10278,1.07852,1.10211,1.10442,1.09316
1.09714,1.09828,1.06419,1.09118,1.09344,1.09876,1.10567,1.11258,1.10326,1.10115,1.08009,1.09495


B:
6.72377,10.8861,8.22138,10.2485,7.92062,20.998,9.43943,9.41109,7.77039,7.48627,11.1714,12.6324
6.82811,14.5607,11.88,13.2176,8.7976,12.9687,14.4356,9.13126,12.8558,8.6406,5.21254,8.91987
10.7518,6.19417,46.356,7.68199,8.22269,17.1848,12.9145,6.45288,14.2103,2.24644,19.6143,5.73757


========================================================
Test10 (ADC Calibration) results 2008-07-19 17:28:33
Board ID057 36 channels
Linux calibration software

Voltmeter channel: A=1.07, B=0

A:
1.09847,1.10201,1.10519,1.09971,1.09401,1.08714,1.09742,1.09401,1.09733,1.09391,1.09562,1.11897
1.10868,1.08967,1.09971,1.09838,1.11591,1.09876,1.09685,1.1024,1.0766,1.10268,1.10413,1.09287
1.09714,1.09838,1.05145,1.09099,1.09344,1.09885,1.10538,1.11238,1.10259,1.10105,1.07954,1.09495


B:
7.11787,10.2706,7.60378,10.3811,7.70198,20.5251,10.0525,10.5465,8.60324,8.66384,10.6056,14.3229
6.20879,14.9505,12.3608,12.0379,10.5792,13.2291,14.7419,10.1421,16.1488,8.11552,5.47648,9.83569
10.9714,6.10677,58.3343,8.07352,8.22269,16.8781,13.6185,6.8521,15.2598,2.55454,20.9862,5.95638


========================================================
Test10 (ADC Calibration) results 2008-07-20 15:54:11
Board ID057 36 channels
Linux calibration software

Voltmeter channel: A=1.07, B=0

A:
1.09838,1.10192,1.10558,1.09981,1.09401,1.08686,1.09742,1.09439,1.09742,1.0941,1.09543,1.11887
1.10819,1.09005,1.09962,1.09838,1.11591,1.09885,1.09685,1.10249,1.07825,1.10249,1.10432,1.09287
1.09733,1.09847,1.03544,1.09127,1.09325,1.09876,1.10548,1.11248,1.10297,1.10077,1.07944,1.09505


B:
7.20514,10.3578,7.03128,10.294,7.70198,20.998,10.272,9.76201,8.29654,8.4903,10.9979,14.4115
7.09225,14.6067,12.4478,12.0379,10.3561,13.1421,14.9612,9.83425,15.0523,7.84971,5.07987,9.61717
10.1394,5.79976,72.2323,7.37695,8.61473,17.1848,13.3103,7.20905,14.6916,3.25797,21.5024,5.65033


========================================================
Test10 (ADC Calibration) results 2008-07-21 11:47:02
Board ID057 36 channels
Linux calibration software

Voltmeter channel: A=1.07, B=0

A:
1.09828,1.10182,1.10538,1.09952,1.09363,1.08686,1.09685,1.0942,1.09714,1.09439,1.09552,1.11887
1.10268,1.08995,1.09962,1.09809,1.11503,1.09857,1.09666,1.1023,1.07825,1.10249,1.10413,1.09287
1.09733,1.09809,1.08574,1.09099,1.09334,1.09914,1.10529,1.11209,1.10249,1.10057,1.07898,1.09457


B:
6.85336,10.2248,7.20721,10.3354,8.70491,20.7807,10.3545,9.93505,8.55748,7.35441,10.6924,13.74
12.0853,14.4745,12.0076,12.0788,10.4814,14.0616,14.9148,9.78831,13.7584,7.62926,5.47648,9.17986
10.3587,6.36883,25.7105,7.85538,8.30958,15.9595,13.2634,7.33972,15.1263,3.43371,21.2775,6.30451


========================================================
Test10 (ADC Calibration) results 2008-07-24 14:52:16
Board ID057 36 channels
Linux calibration software

Voltmeter channel: A=1.07, B=0

A:
1.0979,1.10105,1.10519,1.09981,1.09391,1.08714,1.09742,1.09382,1.09723,1.09429,1.09524,1.11858
1.0695,1.08958,1.09952,1.098,1.11641,1.09847,1.09647,1.10249,1.0766,1.10192,1.10413,1.09278
1.09714,1.09828,1.08574,1.09099,1.09212,1.09895,1.10548,1.11209,1.10326,1.10067,1.07972,1.09467


B:
6.98257,10.482,7.16181,9.41409,7.35081,20.9602,9.17453,9.62558,7.81232,7.22251,10.2951,12.8862
41.7533,14.8184,12.0947,11.9459,9.24395,13.4891,14.868,8.73176,14.8569,8.154,4.37235,8.82956
10.313,5.75508,25.4934,8.07352,8.99935,16.7923,12.2048,7.33972,13.3275,2.6855,20.6012,5.56112


========================================================
Test10 (ADC Calibration) results 2008-07-24 21:41:51
Board ID057 36 channels
Linux calibration software

Voltmeter channel: A=1.07, B=0

A:
1.09847,1.1023,1.10519,1.09971,1.09363,1.08686,1.09761,1.09382,1.09733,1.09429,1.09562,1.11967
1.0812,1.09014,1.09981,1.09847,1.1165,1.09847,1.09676,1.10278,1.07843,1.1024,1.10432,1.09259
1.09723,1.09809,1.08537,1.09118,1.09316,1.09895,1.10558,1.11248,1.10345,1.10115,1.08,1.09495


B:
6.89823,9.78831,7.3828,9.94145,8.26756,20.7807,9.6589,10.5004,8.16403,7.87893,10.3866,11.6894
31.1386,13.8664,12.0539,11.7318,8.48521,13.7087,14.3892,8.91076,12.7254,7.49643,5.07987,10.0955
10.4456,6.58839,25.3975,7.46381,8.48272,17.012,13.0013,6.31901,13.1534,2.4665,19.6989,5.51863


========================================================
Test10 (ADC Calibration) results 2008-08-12 21:57:53
Board ID057 36 channels
Linux calibration software

Voltmeter channel: A=1.07, B=0

A:
1.09885,1.10201,1.10567,1.1001,1.09439,1.08705,1.0979,1.09476,1.09866,1.09514,1.09609,1.11897
1.1079,1.09033,1.10038,1.09876,1.11641,1.09924,1.09761,1.10297,1.07715,1.10278,1.105,1.09316
1.09752,1.09866,1.08565,1.09155,1.09391,1.09943,1.10587,1.11267,1.10317,1.10124,1.08101,1.09543


B:
6.98839,10.491,7.1647,9.8129,7.57324,20.8278,8.95885,9.85317,7.16301,6.43942,10.1717,12.309
6.91331,14.3487,12.1924,11.691,8.57399,13.0147,14.2688,9.61785,12.6243,7.58709,5.12733,9.57587
10.4047,6.50409,25.3607,7.55379,7.56993,16.1396,12.0763,7.25454,13.4147,2.15842,19.1984,5.74019


========================================================
Test10 (ADC Calibration) results 2008-08-27 10:28:40
Board ID057 36 channels
Linux calibration (server mode)

Voltmeter channel: A=1.09058, B=0

A:
1.10096,1.10486,1.10791,1.10336,1.0967,1.09341,1.10002,1.09758,1.10067,1.09758,1.09932,1.12377
1.10899,1.09483,1.10437,1.10192,1.12192,1.10346,1.10193,1.10577,1.08179,1.10536,1.10658,1.09609
1.10079,1.10077,1.09368,1.09399,1.0962,1.10436,1.10894,1.11505,1.10601,1.10147,1.0864,1.09763


B:
0,0,0,0,0,0,0,0,0,0,0,0
0,0,0,0,0,0,0,0,0,0,0,0
0,0,0,0,0,0,0,0,0,0,0,0


========================================================
Test10 (ADC Calibration) results 2008-08-27 11:18:31
Board ID057 36 channels
Linux calibration software

Voltmeter channel: A=1.07, B=0

A:
1.09876,1.10124,1.10567,1.10048,1.09439,1.08696,1.09657,1.0942,1.0979,1.09476,1.0959,1.11779
1.10664,1.09042,1.10038,1.09761,1.1168,1.09904,1.09733,1.10278,1.07559,1.10278,1.1048,1.09297
1.09752,1.09895,1.08546,1.09183,1.09353,1.09895,1.10461,1.11219,1.10096,1.10048,1.07935,1.0959


B:
6.85618,10.5277,7.1647,9.24426,7.57324,20.4783,9.07989,10.373,8.08047,7.88254,11.0031,13.3684
6.28564,14.2628,11.972,12.9517,9.7828,13.6282,14.5287,9.35165,14.4992,7.80798,5.30327,9.09347
10.1849,5.58264,25.3129,7.07521,8.5734,16.5721,12.5484,6.58399,14.5325,2.86143,20.5075,5.08495


========================================================
Test10 (ADC Calibration) results 2008-08-28 18:29:03
Board ID057 36 channels
Linux calibration (server mode)

Voltmeter channel: A=1.07749, B=0

A:
1.0877,1.09112,1.09457,1.09005,1.08344,1.08033,1.08551,1.08436,1.08713,1.08433,1.086,1.10682
1.09457,1.08165,1.09075,1.08856,1.10431,1.09012,1.08858,1.09225,1.06626,1.09213,1.09307,1.08274
1.08756,1.08756,1.0802,1.08086,1.08302,1.0908,1.09495,1.10004,1.09155,1.08768,1.07143,1.08435


B:
0,0,0,0,0,0,0,0,0,0,0,0
0,0,0,0,0,0,0,0,0,0,0,0
0,0,0,0,0,0,0,0,0,0,0,0


========================================================
Test10 (ADC Calibration) results 2008-08-28 18:57:15
Board ID057 36 channels
Linux calibration (server mode)

Voltmeter channel: A=1.0775, B=0

A:
1.08763,1.09099,1.09457,1.09005,1.08354,1.08036,1.08532,1.0844,1.08706,1.08428,1.08608,1.10633
1.0943,1.08162,1.09063,1.08843,1.10391,1.09009,1.08858,1.09223,1.06491,1.09203,1.09307,1.08275
1.08756,1.08756,1.08013,1.08081,1.08299,1.09073,1.09483,1.09992,1.09129,1.08772,1.07122,1.08436


B:
0,0,0,0,0,0,0,0,0,0,0,0
0,0,0,0,0,0,0,0,0,0,0,0
0,0,0,0,0,0,0,0,0,0,0,0


========================================================
Test10 (ADC Calibration) results 2008-08-30 18:21:59
Board ID057 36 channels
Linux calibration (server mode)

Voltmeter channel: A=1.07519, B=0

A:
1.08538,1.08909,1.09222,1.08768,1.0811,1.07808,1.08377,1.08212,1.08493,1.08202,1.08385,1.10582
1.09284,1.07926,1.08853,1.08633,1.10473,1.08775,1.08628,1.09016,1.06405,1.08977,1.09081,1.0805
1.08521,1.08526,1.07753,1.07849,1.08063,1.08863,1.09296,1.09903,1.08951,1.08574,1.07053,1.08207


B:
0,0,0,0,0,0,0,0,0,0,0,0
0,0,0,0,0,0,0,0,0,0,0,0
0,0,0,0,0,0,0,0,0,0,0,0


========================================================
Test10 (ADC Calibration) results 2008-08-30 21:23:31
Board ID057 36 channels
Linux calibration (server mode)

Voltmeter channel: A=1.10586, B=0

A:
1.11626,1.11988,1.12345,1.11867,1.11207,1.10857,1.11371,1.1129,1.11577,1.11288,1.11471,1.13551
1.12294,1.11013,1.11937,1.11718,1.1337,1.11886,1.11721,1.12096,1.09331,1.12077,1.12196,1.11125
1.11615,1.11615,1.1083,1.10933,1.11147,1.11951,1.12376,1.12919,1.11984,1.11199,1.0999,1.11304


B:
0,0,0,0,0,0,0,0,0,0,0,0
0,0,0,0,0,0,0,0,0,0,0,0
0,0,0,0,0,0,0,0,0,0,0,0


========================================================
Test10 (ADC Calibration) results 2008-08-30 21:50:45
Board ID057 36 channels
Linux calibration (server mode)

Voltmeter channel: A=1.07511, B=0

A:
1.08526,1.08863,1.0921,1.08756,1.081,1.07781,1.08262,1.08192,1.08466,1.08195,1.08365,1.10361
1.09163,1.07916,1.08814,1.08597,1.10182,1.0876,1.08614,1.08977,1.06306,1.08958,1.0907,1.08021
1.08513,1.08501,1.0775,1.07839,1.08048,1.08822,1.09241,1.09756,1.08873,1.08484,1.06903,1.08195


B:
0,0,0,0,0,0,0,0,0,0,0,0
0,0,0,0,0,0,0,0,0,0,0,0
0,0,0,0,0,0,0,0,0,0,0,0


========================================================
Test10 (ADC Calibration) results 2008-08-31 12:04:51
Board ID057 36 channels
Linux calibration (server mode)

Voltmeter channel: A=1.07507, B=0

A:
1.08498,1.08827,1.09209,1.08738,1.08096,1.07771,1.08202,1.0818,1.08439,1.08178,1.08346,1.10327
1.09125,1.07914,1.08792,1.08572,1.10036,1.08753,1.08591,1.08939,1.06151,1.08955,1.09053,1.08013
1.08498,1.0851,1.0774,1.07843,1.08036,1.08794,1.09181,1.09675,1.08782,1.08483,1.06845,1.08192


B:
0,0,0,0,0,0,0,0,0,0,0,0
0,0,0,0,0,0,0,0,0,0,0,0
0,0,0,0,0,0,0,0,0,0,0,0


