========================================================

Test11 results 08-22-2005  13:57:09
Board ID057  36 channels
HV Tests Software Ver.1.6

+5V 3031 - O'k
-5V 1380 - O'k
Interlock - On
Calibration DAC Range: [2500 - 2900]


A:
Limits 0.76 +/- 0.04
0.75188,0.75188,0.749064,0.750469,0.754717,0.756144,0.759013,0.754717,0.757576,0.753296,0.754717,0.747664
0.759013,0.757576,0.756144,0.753296,0.753296,0.75188,0.75188,0.750469,0.757576,0.750469,0.753296,0.753296
0.753296,0.749064,0.759013,0.756144,0.757576,0.75188,0.750469,0.754717,0.754717,0.75188,0.760456,0.756144


B:
Limits 60.0 +/- 40.0
64.524925,62.641373,60.071579,72.651543,64.733704,52.958218,60.923927,66.458351,64.780891,73.216469,73.153519,62.212303
53.292099,57.26395,56.21558,62.153362,72.506027,63.805904,68.297905,74.895615,73.394432,64.714264,54.035202,77.166306
60.999142,79.187149,56.143402,67.809723,64.281143,54.87421,68.59285,62.589508,59.763187,78.320892,63.835476,64.054665
========================================================
Test11 (DAC Calibration) results 2008-02-14 11:34:43
Board ID57 36 channels
Linux calibration software
Calibration DAC Range: [1100 - 2700]

A:
0.750469,0.748643,0.745295,0.748433,0.753083,0.752658,0.753438,0.752941,0.75365,0.752941,0.754503,0.742666
0.749555,0.756072,0.751527,0.752092,0.745573,0.749977,0.751668,0.748783,0.75543,0.748013,0.748083,0.753722
0.750821,0.750117,0.753935,0.754717,0.753083,0.749766,0.747594,0.746896,0.75188,0.749415,0.758797,0.75429


B:
70.3565,76.6049,75.9643,81.8315,74,66.9017,76.8319,75.247,78.05,77.3553,75.8371,74.378
73.5595,65.8444,71.9117,67.3781,76.9245,73.2821,69.4635,78.6596,80.1701,74.4741,72.7325,77.5012
73.6273,78.3404,74.7996,75.849,80.7778,63.9737,76.6937,75.2591,64.6617,86.0422,72.1333,73.5621


========================================================
Test11 (DAC Calibration) results 2008-02-14 20:12:40
Board ID57 36 channels
Linux calibration software
Calibration DAC Range: [1100 - 2700]

A:
0.750751,0.748643,0.745365,0.748713,0.753367,0.752587,0.753438,0.752941,0.753721,0.752941,0.754503,0.742597
0.749766,0.755929,0.751597,0.75188,0.745573,0.750047,0.751738,0.749064,0.755501,0.747943,0.748013,0.753864
0.75061,0.750047,0.753721,0.755287,0.753083,0.749695,0.748013,0.747175,0.75195,0.749134,0.759734,0.754077


B:
69.9699,76.7546,76.3162,81.8999,73.9147,67.4506,77.4346,75.247,77.9537,77.5058,75.8371,74.9188
73.5708,66.3423,72.2658,68.5714,77.0736,73.3357,69.5169,78.2772,80.0737,75.3179,72.9781,77.3086
74.3669,78.7364,75.5418,75.0755,80.7778,64.6705,76.7181,75.1749,64.5643,87.3208,71.32,74.3049


========================================================
Test11 (ADC Calibration) results 2008-06-19 12:56:33
Board ID057 36 channels
Linux calibration software

Calibration DAC Range: [1000 - 3500]

A:
0.738,0.7352,0.7332,0.7368,0.7416,0.74,0.7364,0.7408,0.7384,0.7412,0.7404,0.7228
0.7308,0.744,0.7372,0.7384,0.7276,0.7376,0.7392,0.7344,0.7508,0.736,0.7344,0.7416
0.7388,0.7384,0.7408,0.744,0.7408,0.738,0.732,0.7288,0.7348,0.7356,0.7496,0.7416


B:
72.0001,78.8,77.7999,83.2,74.4001,69,79.6,77.1999,78.6001,77.8001,75.5999,76.1999
75.2001,66.9999,73.7999,69.6001,77.4001,74.3999,71.8,80.6001,73.2,76,74.6001,79.4001
76.2,78.6001,75.1999,74.9999,82.1999,64.0001,78,76.2,65.2001,87.4,71.4,74.4001


