========================================================

Test11 results 07-27-2006  16:46:31
Board ID065  36 channels
HV Tests Software Ver.1.6.1

+5V 2502 - O'k
-5V 1324 - O'k
Interlock - On
Calibration DAC Range: [2500 - 2900]


A:
Limits 0.76 +/- 0.04
0.746269,0.750469,0.750469,0.739372,0.746269,0.75188,0.75188,0.750469,0.75188,0.749064,0.753296,0.753296
0.747664,0.749064,0.746269,0.744879,0.747664,0.742115,0.746269,0.753296,0.744879,0.739372,0.747664,0.75188
0.760456,0.744879,0.760456,0.750469,0.747664,0.750469,0.750469,0.747664,0.75188,0.750469,0.750469,0.753296


B:
Limits 60.0 +/- 30.0
66.037773,64.804962,78.881935,59.065048,72.587845,79.84539,61.998898,77.36451,64.154312,60.931282,65.112106,60.063225
71.460442,58.58424,64.421707,71.642441,65.344788,65.437141,73.053719,70.291748,55.105804,81.77491,74.146805,65.680649
66.197609,68.000977,50.111244,73.327438,63.811672,70.561729,65.433586,61.467743,66.116249,73.327438,63.99128,65.53804
========================================================

Test11 results 07-27-2006  17:20:10
Board ID065  36 channels
HV Tests Software Ver.1.6.1

+5V 2502 - O'k
-5V 1323 - O'k
Interlock - On
Calibration DAC Range: [2500 - 2900]


A:
Limits 0.76 +/- 0.04
0.746269,0.750469,0.754717,0.740741,0.746269,0.75188,0.750469,0.753296,0.750469,0.749064,0.75188,0.756144
0.750469,0.749064,0.744879,0.746269,0.746269,0.743494,0.747664,0.753296,0.746269,0.742115,0.747664,0.750469
0.759013,0.742115,0.757576,0.754717,0.744879,0.750469,0.75188,0.750469,0.754717,0.750469,0.753296,0.753296


B:
Limits 60.0 +/- 30.0
66.119576,64.625404,67.59153,52.993256,71.694366,78.937668,65.704391,67.155533,69.474869,60.120953,70.3452,51.5746
60.037395,59.394932,69.702049,67.09304,69.186638,60.094975,67.769585,69.385445,50.463058,70.585388,74.235886,70.283241
69.958893,76.894272,59.292721,58.760277,72.845779,70.561729,60.915318,50.816666,58.284157,72.613983,54.035202,63.112083
========================================================
Test11 (DAC Calibration) results 2008-03-13 06:14:20
Board ID65 36 channels
Linux calibration software
Calibration DAC Range: [1100 - 2700]

A:
0.748083,0.750469,0.758797,0.736174,0.748153,0.753935,0.750962,0.754006,0.751597,0.748503,0.753509,0.755073
0.751527,0.747524,0.747384,0.746199,0.748994,0.742804,0.750047,0.754859,0.742873,0.742804,0.748923,0.752162
0.760601,0.742804,0.760818,0.752516,0.746408,0.750188,0.752233,0.742253,0.75365,0.753154,0.751809,0.75365


B:
70.4883,71.8575,67.2769,68.6206,75.0304,82.7914,74.6364,74.5523,73.3184,72.7546,75.5297,65.5499
68.1541,72.9023,69.3573,77.7073,71.6318,75.6731,71.0856,74.9009,67.4064,77.1587,79.2172,74.0505
75.927,80.1299,57.6795,74.3203,73.3907,80.1948,69.4405,70.3471,69.3075,76.4639,67.1647,73.5281


========================================================
Test11 (DAC Calibration) results 2008-05-19 16:00:32
Board ID65 36 channels
Linux calibration software
Calibration DAC Range: [1100 - 2700]

A:
0.748363,0.75061,0.751174,0.737463,0.748363,0.754006,0.751174,0.753935,0.751174,0.748573,0.75365,0.755216
0.75188,0.748713,0.747454,0.746338,0.749064,0.755501,0.749836,0.754788,0.742942,0.742666,0.748783,0.752375
0.760818,0.742597,0.760529,0.752445,0.746478,0.750469,0.75188,0.740124,0.756859,0.752941,0.75188,0.753864


B:
70.2526,72.2651,68.6384,67.8467,74.7427,82.8463,74.6478,76.1568,75.399,73.2571,75.789,65.5054
68.4211,73.3646,69.7096,77.3674,71.5356,66.4747,71.9749,75.6016,67.3105,77.9429,79.7078,74.2125
75.9391,80.8596,60.2054,74.7178,73.1453,80.1126,71.4286,69.7476,67.6442,78.2588,66.4661,73.3886


