========================================================

Test10 results 06-30-2005  15:25:18
Board ID371  30 channels
HV Tests Software Ver.1.6

+5V 2526 - O'k
-5V 1313 - O'k
Interlock - On

Voltmeter channel: A=1.082837, B=1.083012

A:
Limits 1.1 +/- 0.1
1.059883,1.072961,1.073537,1.075269,1.069519,1.073537,1.068376,1.075269,1.071811,1.075269
1.072386,1.070091,1.074114,1.072386,1.074114,1.070664,1.078749,1.074691,1.068947,1.070091
1.069519,1.068947,1.068947,1.084599,1.068947,1.066098,1.067806,1.070091,1.071811,1.072386


B:
Limits 0.0 +/- 30.0
6.359514,7.51089,5.367522,7.526706,5.34771,15.029358,10.683776,7.526706,7.502839,16.128857
13.94114,6.420354,5.370607,11.796368,3.22238,11.777308,10.787296,5.373341,8.551615,-0.000192
16.042896,6.413721,12.827404,1.084739,6.413721,15.991423,2.135654,10.700718,8.57465,8.57921
========================================================
Test10 (ADC Calibration) results 2007-11-09 15:39:50
Board ID371 30 channels
Linux calibration software

Voltmeter channel: A=1.07698, B=-1290.79

A:
1.05927,1.07558,1.07161,1.07703,1.06838,1.09128,1.06741,1.07497,1.07333,1.07447
1.07269,1.07017,1.07441,1.07487,1.07302,1.07026,1.07915,1.07245,1.06771,1.07323
1.0733,1.06889,1.07215,1.08524,1.06821,1.06579,1.06569,1.06922,1.07064,1.07215


B:
4.54404,2.33289,3.77059,4.07612,2.5217,14.0758,10.787,3.83257,4.14655,12.7801
10.2467,1.32709,3.81012,8.93693,0.952529,9.22669,6.52711,6.40635,6.33213,6.04303
13.8341,1.43306,7.64867,-0.505433,1.61787,11.0547,1.51198,8.19481,7.58642,5.57652


========================================================
Test10 (ADC Calibration) results 2008-06-17 15:59:19
Board ID371 30 channels
Linux calibration software

Voltmeter channel: A=1.07, B=0

A:
1.0757,1.09153,1.08387,1.09335,1.08485,1.10671,1.08396,1.09089,1.0889,1.09098
1.08845,1.08557,1.09098,1.09135,1.08945,1.08638,1.09517,1.08917,1.08405,1.08954
1.08872,1.08503,1.08764,1.10022,1.0845,1.08182,1.08191,1.08539,1.08746,1.08881


B:
3.51074,4.01181,5.85389,4.96364,2.99045,13.5107,9.67344,5.25036,5.55566,13.0222
11.8486,3.84522,3.20331,7.88963,1.13423,9.39868,6.57594,5.52375,5.9052,6.71617
13.1248,1.73923,8.02278,3.06081,3.10533,12.2965,2.26122,7.70175,6.66619,5.20296


========================================================
Test10 (ADC Calibration) results 2008-07-16 21:23:30
Board ID371 30 channels
Linux calibration software

Voltmeter channel: A=1.07, B=0

A:
1.07627,1.09209,1.08347,1.09426,1.0857,1.10518,1.08477,1.09171,1.09011,1.09199
1.08917,1.08673,1.05347,1.09237,1.09067,1.08711,1.09607,1.09049,1.08533,1.09058
1.08898,1.08589,1.08879,1.10113,1.0857,1.08263,1.083,1.08636,1.08842,1.08945


B:
3.62707,4.37086,6.0078,4.1215,2.42053,15.327,10.01,4.71802,4.00989,11.8833
11.6285,2.55549,38.3901,7.38769,-0.218516,9.16687,5.97389,4.09897,4.50254,5.97567
13.1074,1.37904,7.39896,2.66536,1.76887,11.7611,1.23863,7.24688,6.22,5.05206


