========================================================

Test11 results 06-30-2005  15:26:36
Board ID371  30 channels
HV Tests Software Ver.1.6

+5V 2526 - O'k
-5V 1313 - O'k
Interlock - On
Calibration DAC Range: [2500 - 2900]


A:
Limits 0.76 +/- 0.04
0.759013,0.753296,0.75188,0.749064,0.754717,0.75188,0.756144,0.75188,0.756144,0.749064
0.75188,0.754717,0.753296,0.753296,0.753296,0.75188,0.750469,0.753296,0.757576,0.757576
0.757576,0.754717,0.754717,0.749064,0.756144,0.756144,0.756144,0.753296,0.75188,0.753296


B:
Limits 60.0 +/- 30.0
74.716805,59.068638,67.543274,68.144493,58.712555,55.52972,57.900845,56.601185,44.807892,56.862087
62.702866,62.845623,55.11549,53.947292,59.253651,70.388519,47.89394,56.642498,52.00124,54.629822
43.898914,65.071632,57.999847,64.432823,57.482342,56.093189,68.397324,62.546009,64.040314,58.791668
========================================================
Test11 (DAC Calibration) results 2007-11-09 15:39:50
Board ID371 30 channels
Linux calibration software
Calibration DAC Range: [1100 - 2700]

A:
0.761325,0.750539,0.752941,0.749906,0.756358,0.739372,0.756287,0.750962,0.75287,0.751315
0.752941,0.754717,0.751738,0.751033,0.75195,0.753509,0.748433,0.752729,0.756072,0.752941
0.752516,0.754859,0.752941,0.748013,0.755715,0.757432,0.757504,0.755002,0.754006,0.752941


B:
69.9278,65.7567,69.2235,63.9296,57.2846,56.0074,59.3496,63.8224,56.0702,53.8694
61.6941,66.7924,61.6989,57.5666,68.9256,67.2411,59.6783,63.4928,61.9128,58.6823
54.1528,68.5602,60.9411,66.994,64.6702,56.7126,67.9768,60.5133,60.9802,61.6941


========================================================
Test11 (ADC Calibration) results 2008-06-17 18:39:44
Board ID371 30 channels
Linux calibration software

Calibration DAC Range: [1000 - 3500]

A:
0.75,0.7392,0.744,0.7384,0.7448,0.7292,0.7448,0.74,0.742,0.74
0.7416,0.7436,0.7404,0.74,0.7408,0.742,0.7372,0.7408,0.7452,0.7412
0.7416,0.744,0.742,0.7372,0.7444,0.7464,0.7456,0.7436,0.742,0.7412


B:
70,64.8,68.9999,63.6001,57.2001,56.8,60.2001,63,55.0001,54
61.4001,66.4,61.5999,57,68.1999,68.0001,59.7999,65.1999,61.8001,59.8001
55.4001,67.9999,61.0001,65.7999,63.5999,55.6,69.4001,61.4,63.0001,61.8001


========================================================
Test11 (ADC Calibration) results 2008-07-16 22:38:23
Board ID371 30 channels
Linux calibration software

Calibration DAC Range: [1000 - 3500]

A:
0.7492,0.7392,0.7448,0.7376,0.744,0.7304,0.744,0.7392,0.7408,0.7396
0.7412,0.7428,0.7668,0.7392,0.74,0.7416,0.7368,0.7396,0.744,0.7404
0.7416,0.7432,0.7412,0.7368,0.744,0.746,0.7452,0.7432,0.7416,0.7412


B:
70.8,64.8,68.2001,65.3999,58.9999,54.5999,60.9999,64.8,57.1999,54.4
61.8001,67.2,35.2,58.8,70,68.4001,60.1999,67.4,63.9999,60.5999
55.4001,68.8,61.8001,66.2,63.9999,56,69.8001,60.8,63.4001,62.8001


