========================================================
Test10 (ADC Calibration) results 2014-01-19 19:51:39
Board IDXXX 30 channels
Host: ufcmshv1
Linux calibration software

Voltmeter channel: A=1.09534, B=7.90604

A:
1.12054,1.07961,1.08556,1.08258,1.07639,1.07657,1.10016,1.0842,1.08756,1.11459
1.1251,1.08538,1.10408,1.09249,1.12822,1.07408,1.07711,1.10035,1.09728,1.09396
1.0902,1.08366,1.08628,1.04913,1.06103,1.09194,1.08393,1.10147,1.09249,1.10203


B:
5.54525,11.3146,7.18706,7.74098,7.57821,7.41413,7.9556,8.20819,7.75899,7.69296
8.26453,6.91808,8.40327,8.29683,8.00142,6.26575,7.35338,7.78801,6.37254,7.40361
7.9704,6.75153,6.74259,9.14066,7.48648,7.92103,6.07069,7.00313,7.64111,6.94073


========================================================
Test10 (ADC Calibration) results 2014-03-14 19:36:10
Board ID458 30 channels
Host: ufcmshv1
Linux calibration software

Voltmeter channel: A=1.08683, B=-0.274515

A:
1.04668,1.07791,1.07764,1.07604,1.07827,1.08321,1.11382,1.07657,1.06914,1.08123
1.0687,1.068,1.08965,1.09942,1.08303,1.06861,1.07666,1.12267,1.07666,1.07258
1.06887,1.05372,1.06931,1.05646,1.04896,1.07729,1.07063,1.10324,1.09932,1.0797


B:
-2.37023,0.363281,0.395397,0.37345,-0.182873,0.448176,-0.0946622,0.308647,-0.71988,0.541365
0.117433,0.772227,0.40386,0.92867,-0.0354321,0.199142,-0.85032,-0.15485,-1.28088,-0.0681075
0.595149,-0.450534,-0.242422,0.971357,0.0689368,0.72543,0.667332,0.553356,1.45231,0.651936


