========================================================
Test11 (ADC Calibration) results 2014-01-19 20:02:00
Board IDXXX 30 channels
Host: ufcmshv1
Linux calibration software

Calibration DAC Range: [1000 - 3500]

A:
0.7212,0.7496,0.7452,0.7468,0.7508,0.7516,0.7348,0.7456,0.744,0.7256
0.7188,0.7452,0.7328,0.7404,0.7164,0.7528,0.7504,0.7344,0.7364,0.7388
0.7412,0.746,0.744,0.7724,0.7616,0.74,0.746,0.7336,0.7396,0.7336


B:
65.8,61.4,63.8001,65.2,65.2,65.3999,66.2001,64.4001,64.9999,67.4
64.2,66.8001,66.2,63.5999,65.5999,66.2,65.6,64.6001,66.6,65.2
65.8001,65,65.9999,64.5999,66.3999,66,66,67.3999,66.4,65.3999


========================================================
Test11 (ADC Calibration) results 2014-03-14 19:45:04
Board ID458 30 channels
Host: ufcmshv1
Linux calibration software

Calibration DAC Range: [1000 - 3500]

A:
0.7728,0.7504,0.7508,0.752,0.75,0.7472,0.7268,0.7516,0.7564,0.748
0.7568,0.7572,0.7424,0.736,0.7472,0.7572,0.7512,0.7208,0.7516,0.7544
0.7564,0.7676,0.7564,0.7672,0.7716,0.7508,0.7556,0.7332,0.736,0.7496


B:
65.1999,63.6,64.2,64.0001,66,63.8,65.1999,65.3999,66.6,64.9999
65.2,65.8,64.6,64,64.8,63.8,65.7999,64.2001,65.3999,64.5999
65.6,65.4,65.6,64.8,64.4,64.2,64.4001,64.7999,64,64.4


