========================================================

Test10 results 03-16-2005  16:57:13
Board ID304  30 channels
HV Tests Software Ver.1.6

+5V 2483 - O'k
-5V 1337 - O'k
Interlock - On

Voltmeter channel: A=1.085776, B=7.600438

A:
Limits 1.1 +/- 0.1
1.078749,1.076426,1.077006,1.075847,1.084599,1.074114,1.071237,1.074691,1.078749,1.063264
1.082837,1.077006,1.080497,1.072961,1.077586,1.071237,1.078167,1.077006,1.074691,1.075847
1.081081,1.088732,1.081666,1.084599,1.075269,1.079914,1.072386,1.081081,1.075269,1.089325


B:
Limits 0.0 +/- 30.0
7.55105,11.840678,14.000859,9.682483,13.015324,13.963518,13.925911,12.896177,9.708548,17.012117
7.580034,16.154871,12.965973,12.875696,15.086329,10.712199,11.859968,12.923853,12.896177,9.682483
14.054233,13.064711,9.735032,10.846127,16.128857,12.958929,15.013526,14.054233,12.903049,11.982663
========================================================
Test10 (ADC Calibration) results 2007-09-11 10:20:34
Board ID304 30 channels
Linux calibration software

Voltmeter channel: A=1.07855, B=-1483.14

A:
1.0773,1.07673,1.07699,1.07572,1.08456,1.07461,1.07249,1.07562,1.07935,1.0803
1.08289,1.07673,1.08002,1.0735,1.07855,1.07198,1.07875,1.06976,1.07269,1.07727
1.08121,1.08945,1.08057,1.08528,1.07663,1.08026,1.07245,1.08057,1.07606,1.0898


B:
7.75717,7.55422,9.81875,5.68493,9.00727,9.09761,8.08442,6.88906,7.22072,7.09532
3.36725,14.324,10.7743,11.237,12.1676,6.50835,5.83241,-20.5986,9.61015,6.39985
7.69809,8.30932,8.68181,7.20698,8.60589,7.90595,10.0584,11.6012,7.40298,7.97699


