========================================================

Test11 results 03-16-2005  16:58:34
Board ID304  30 channels
HV Tests Software Ver.1.6

+5V 2484 - O'k
-5V 1337 - O'k
Interlock - On
Calibration DAC Range: [2500 - 2900]


A:
Limits 0.76 +/- 0.04
0.750469,0.75188,0.749064,0.753296,0.746269,0.754717,0.757576,0.75188,0.750469,0.760456
0.749064,0.75188,0.749064,0.754717,0.75188,0.753296,0.75188,0.75188,0.753296,0.753296
0.749064,0.742115,0.749064,0.75188,0.753296,0.75188,0.753296,0.747664,0.753296,0.743494


B:
Limits 60.0 +/- 30.0
63.097717,61.542923,66.076157,57.726463,59.077213,54.611546,53.204002,64.685913,61.568378,61.825356
57.773548,53.540432,59.951977,57.569977,55.246849,69.189941,55.510078,58.57542,59.160961,56.1064
56.962852,64.118149,59.31081,55.578732,55.477795,50.087589,63.825657,62.919991,58.628727,57.965233
========================================================
Test11 (DAC Calibration) results 2007-09-11 10:20:34
Board ID304 30 channels
Linux calibration software
Calibration DAC Range: [1100 - 2700]

A:
0.749344,0.750117,0.749555,0.750821,0.744325,0.751597,0.753083,0.750892,0.748293,0.748013
0.745851,0.750117,0.747454,0.752375,0.748853,0.753438,0.748713,0.755002,0.752941,0.750117
0.747384,0.741359,0.747454,0.748363,0.750188,0.747664,0.752729,0.747454,0.750962,0.741496


B:
68.1528,68.5889,67.4132,68.3716,68.0686,65.8024,69.7827,68.2748,68.8522,69.238
70.1286,61.0877,66.7198,63.3781,64.336,68.544,68.2733,89.8075,66.2117,64.0882
66.3678,67.2875,67.7662,68.0075,66.9918,66.729,68.0092,64.7764,68.178,66.2063


