========================================================

Test16 results 04-13-2005  16:39:49
Board ID017  8 channels
HV Tests Software Ver.1.6
Calibration DAC Range: [1000 - 2300]


A:
Limits 0.57 +/- 0.1
0.568182,0.562284,0.562527,0.564481,0.560828,0.564236,0.563502,0.561798


B:
Limits 50.0 +/- 60.0
52.399258,56.532299,54.751656,42.075443,61.542316,52.77681,56.515736,52.809048
========================================================
Test16 (Master DAC Calibration) results 2008-03-03 10:54:10
Board ID17 7 channels
Linux calibration software
Calibration DAC Range: [1000 - 2300]

A:
0.568507,0.561364,0.563085,0.56093,0.56061,0.563598,0.562648,0.560918

B:
52.9194,61.426,55.0392,67.7569,63.3852,55.8118,61.8757,57.9498

========================================================
Test16 (Master DAC Calibration) results 2008-03-03 11:31:45
Board ID17 7 channels
Linux calibration software
Calibration DAC Range: [1000 - 2300]

A:
0.567557,0.562118,0.563225,0.56686,0.56068,0.563862,0.562718,0.560918

B:
55.9062,59.4641,54.9658,54.4199,63.2685,55.156,61.9209,58.112

========================================================
Test16 (Master DAC Calibration) results 2008-03-03 11:53:08
Board ID17 7 channels
Linux calibration software
Calibration DAC Range: [1000 - 2300]

A:
0.567839,0.561518,0.563225,1.08671,0.560749,0.563792,0.562788,0.561323

B:
55.4359,61.3812,54.9658,-2048.55,63.6373,55.1122,61.6418,57.5446

========================================================
Test16 (Master DAC Calibration) results 2008-03-04 06:15:53
Board ID17 7 channels
Linux calibration software
Calibration DAC Range: [1000 - 2300]

A:
0.567415,0.560417,0.561448,1.34337,0.559149,0.562979,0.522782,0.55843

B:
50.803,60.4168,54.5456,-3383.84,62.9032,53.2318,138.4,62.5199

========================================================
Test16 (Master DAC Calibration) results 2008-03-04 06:34:12
Board ID17 7 channels
Linux calibration software
Calibration DAC Range: [1000 - 2300]

A:
0.568386,0.561518,0.563366,0.566945,0.560205,0.563668,0.563069,0.560848

B:
55.1196,62.1914,55.3787,61.4173,65.0842,56.6659,61.8224,59.3641

