========================================================

Test16 results 07-07-2005  16:40:32
Board ID025  8 channels
HV Tests Software Ver.1.6
Calibration DAC Range: [1000 - 2300]


A:
Limits 0.57 +/- 0.1
0.569177,0.568928,0.569177,0.567438,0.571931,0.567438,0.564481,0.572687


B:
Limits 50.0 +/- 60.0
24.110682,24.28894,23.292351,30.24869,12.274551,30.24869,45.303295,9.251165
========================================================
Test16 (Master DAC Calibration) results 2007-04-18 16:34:58
Board ID25 7 channels
Linux calibration software
Calibration DAC Range: [1000 - 2300]

A:
0.567609,0.567506,0.568104,0.566297,0.571175,0.565906,0.56413,0.571424

B:
29.1562,29.5693,27.7462,34.4042,15.3015,35.8062,48.324,14.3861

