========================================================

Test10 results 02-20-2006  15:52:02
Board ID343  30 channels
HV Tests Software Ver.1.6

+5V 2533 - O'k
-5V 1315 - O'k
Interlock - On

Voltmeter channel: A=1.061571, B=22.293009

A:
Limits 1.1 +/- 0.1
1.080497,1.072386,1.074114,1.074691,1.075847,1.072961,1.068947,1.072961,1.078749,1.074114
1.083424,1.072961,1.079331,1.066098,1.083424,1.079331,1.081666,1.081666,1.074691,1.077586
1.079914,1.070664,1.076426,1.078167,1.075847,1.070664,1.075847,1.082837,1.078749,1.071811


B:
Limits 0.0 +/- 35.0
6.48299,12.868753,7.518835,3.223958,10.758329,7.51089,16.034245,16.09458,9.708548,1.074152
7.583981,6.437928,8.634694,7.462638,11.917675,14.031348,11.898364,8.653366,8.597414,11.85357
10.799102,6.423989,6.458547,7.547299,16.137566,9.635981,7.530788,16.242729,9.708548,11.790084
========================================================
Test10 (ADC Calibration) results 2008-02-04 11:37:05
Board ID343 30 channels
Linux calibration software

Voltmeter channel: A=1.04109, B=-1509.16

A:
1.08082,1.07426,1.07332,1.07422,1.07549,1.07302,1.06984,1.07426,1.07932,1.07272
1.08265,1.07222,1.07928,1.06436,1.08325,1.0792,1.0811,1.08114,1.07442,1.07831
1.08028,1.07081,1.07751,1.07812,1.07643,1.07011,1.07523,1.08315,1.07803,1.07225


B:
3.49967,5.07311,5.95061,0.772265,8.44975,5.75447,11.7642,12.5761,4.91886,2.77536
5.96282,3.3461,6.20758,8.28255,8.60663,10.6265,10.6319,6.49847,6.73837,7.28923
6.83882,3.7597,1.32212,4.65942,12.4943,8.04853,7.56057,12.4362,8.43812,7.22735


