========================================================
Test10 (ADC Calibration) results 2014-01-19 19:51:39
Board IDXXX 30 channels
Host: ufcmshv1
Linux calibration software

Voltmeter channel: A=1.09534, B=7.90604

A:
1.12054,1.07961,1.08556,1.08258,1.07639,1.07657,1.10016,1.0842,1.08756,1.11459
1.1251,1.08538,1.10408,1.09249,1.12822,1.07408,1.07711,1.10035,1.09728,1.09396
1.0902,1.08366,1.08628,1.04913,1.06103,1.09194,1.08393,1.10147,1.09249,1.10203


B:
5.54525,11.3146,7.18706,7.74098,7.57821,7.41413,7.9556,8.20819,7.75899,7.69296
8.26453,6.91808,8.40327,8.29683,8.00142,6.26575,7.35338,7.78801,6.37254,7.40361
7.9704,6.75153,6.74259,9.14066,7.48648,7.92103,6.07069,7.00313,7.64111,6.94073


========================================================
Test10 (ADC Calibration) results 2014-03-12 16:28:39
Board ID444 30 channels
Host: ufcmshv1
Linux calibration software

Voltmeter channel: A=1.10493, B=0.134222

A:
1.06861,1.07391,1.07275,1.07925,1.07275,1.07631,1.12403,1.07881,1.07889,1.06923
1.07524,1.07854,1.07028,1.07116,1.06958,1.07426,1.07028,1.07011,1.07116,1.07818
1.07559,1.07284,1.07275,1.07613,1.07116,1.08665,1.08087,1.08033,1.07693,1.06817


B:
-2.15175,0.200755,-0.447198,-0.0139625,0.196697,-0.950412,-0.46188,-0.0318729,-0.114734,-1.4436
1.11473,0.863493,-0.289227,0.175065,0.367161,0.300877,-0.289227,-0.33904,-0.253696,0.11508
-0.505225,-0.958284,-0.447198,0.506069,0.389246,0.979069,0.87207,0.288612,0.62497,0.395172


