========================================================

Test10 results 10-08-2005  18:05:01
Board ID066  36 channels
HV Tests Software Ver.1.6.1

+5V 2515 - O'k
-5V 1308 - O'k
Interlock - On

Voltmeter channel: A=1.069519, B=7.486748

A:
Limits 1.1 +/- 0.1
1.068947,1.072961,1.070664,1.077006,1.070664,1.074114,1.083424,1.075847,1.072961,1.068376,1.075847,1.078167
1.069519,1.082251,1.091703,1.088732,1.076426,1.083424,1.072386,1.072386,1.071237,1.075847,1.075269,1.069519
1.064963,1.071237,1.074691,1.076426,1.074691,1.080497,1.085776,1.068376,1.077586,1.078749,1.091107,1.077586


B:
Limits 0.0 +/- 30.0
9.620563,9.656813,11.777308,12.923853,6.67572e-006,5.370607,9.750828,12.910025,11.802734,12.820528,12.910025,7.547299
14.973378,11.9048,-1.907349e-006,9.798515,9.687826,13.001099,7.506824,12.868753,10.712199,12.910025,6.451437,6.417229
2.129856,9.640962,11.821486,13.993531,5.373341,12.965973,8.686214,7.478648,7.543225,9.708548,12.002132,11.85357
========================================================
Test10 (ADC Calibration) results 2008-02-22 05:47:07
Board ID66 36 channels
Linux calibration software

Voltmeter channel: A=1.06747, B=10.6351

A:
1.0676,1.07182,1.06981,1.07835,1.07025,1.07484,1.08484,1.07454,1.07276,1.07042,1.08237,1.07912
1.06941,1.08233,1.09035,1.086,1.0748,1.08221,1.07072,1.07226,1.06958,1.0751,1.0741,1.06921
1.06376,1.07062,1.07865,1.075,1.07329,1.08548,1.08538,1.0677,1.07638,1.07731,1.09384,1.07753


B:
5.80158,6.28165,10.917,8.1005,-1.06196,2.20905,7.16922,9.74378,7.51729,5.80745,7.73038,9.04749
13.6907,6.27725,-2.37935,10.7789,6.63108,9.08737,4.60976,8.50549,6.75692,8.64692,2.70464,2.4248
0.521034,4.23295,5.63731,10.9752,4.4045,8.8927,2.96427,6.538,3.38388,6.5853,6.56795,7.37874


========================================================
Test10 (ADC Calibration) results 2008-06-19 12:08:44
Board ID066 36 channels
Linux calibration software

Voltmeter channel: A=1.07, B=0

A:
1.08445,1.0884,1.08759,1.09656,1.0884,1.09602,1.11017,1.09156,1.09056,1.0921,1.11318,1.10088
1.09147,1.0995,1.10783,1.0931,1.09201,1.09812,1.08705,1.08975,1.08642,1.09156,1.09165,1.08651
1.08177,1.08696,1.10106,1.09256,1.08894,1.11526,1.10171,1.08759,1.09447,1.09437,1.11384,1.07426


B:
6.50109,8.06354,10.1161,9.30136,-1.5144,1.91195,9.06964,9.29465,7.15611,5.30017,11.0281,10.6402
13.5256,8.81802,-1.89061,15.7483,6.47592,10.0746,6.26495,7.90505,7.71525,8.85813,1.78854,3.28658
-1.83498,5.47822,7.38981,10.7824,7.12894,10.722,4.81759,6.20065,1.58972,7.80257,7.76168,27.3347


========================================================
Test10 (ADC Calibration) results 2008-06-19 23:20:09
Board ID066 36 channels
Linux calibration software

Voltmeter channel: A=1.07, B=0

A:
1.084,1.0884,1.08768,1.09638,1.08831,1.09583,1.1098,1.09129,1.09029,1.09147,1.11243,1.09968
1.0912,1.0995,1.10774,1.09265,1.09147,1.09766,1.08723,1.08984,1.08669,1.09219,1.09174,1.08633
1.0815,1.08687,1.10116,1.09246,1.08876,1.11346,1.10152,1.08732,1.09419,1.09456,1.11384,1.05563


B:
6.69872,7.62829,9.81551,8.81078,-1.21271,2.08,8.07612,9.1079,7.18813,6.32216,9.25829,10.6295
13.5557,8.15821,-1.80509,14.1952,6.97675,10.0533,5.22852,7.3862,6.81441,7.40125,1.04944,3.23593
-1.58493,5.12658,6.64488,10.2097,6.20684,10.9966,5.2067,6.23258,2.06069,7.41614,7.53858,43.1415


========================================================
Test10 (ADC Calibration) results 2008-06-20 09:41:00
Board ID066 36 channels
Linux calibration software

Voltmeter channel: A=1.07, B=0

A:
1.08445,1.08876,1.08795,1.09647,1.08876,1.09583,1.11008,1.09165,1.09038,1.0921,1.11299,1.10051
1.09147,1.09941,1.10765,1.09401,1.0921,1.09766,1.08723,1.08984,1.08669,1.09165,1.09174,1.08642
1.0815,1.08678,1.10143,1.09246,1.08858,1.1146,1.10171,1.08741,1.09428,1.09428,1.11375,1.061


B:
6.06756,7.07803,8.91384,9.16618,-2.28511,2.51849,8.93245,8.55658,7.10451,5.30017,9.86225,10.3154
13.3074,8.24175,-1.71941,13.8254,5.7373,9.83377,5.44591,7.3862,7.24937,8.77486,1.26774,3.80444
-1.36868,4.99248,6.39253,10.6466,6.80875,10.8702,4.15646,6.14946,1.75812,8.32381,7.62356,39.0655


========================================================
Test10 (ADC Calibration) results 2008-07-17 09:50:45
Board ID066 36 channels
Linux calibration software

Voltmeter channel: A=1.07, B=0

A:
1.08491,1.08939,1.08836,1.09676,1.08864,1.09609,1.11072,1.09212,1.09136,1.09231,1.11326,1.10038
1.09146,1.10048,1.10848,1.08892,1.08939,1.09733,1.08714,1.09052,1.08714,1.0924,1.09212,1.08733
1.08221,1.08733,1.10153,1.09316,1.08855,1.11121,1.10211,1.0878,1.09505,1.09495,1.11503,1.04753


B:
5.64152,6.27519,9.18592,9.78297,-1.95963,1.84167,8.57443,8.56222,6.8537,5.33075,10.2864,10.4315
13.5339,7.92374,-2.48292,16.5083,8.8895,10.7979,5.95759,7.41544,7.47936,7.64698,2.00951,2.74013
-1.81806,4.91479,6.30068,9.79445,6.18288,11.9122,4.0118,5.78699,1.48909,7.4896,6.91337,49.7371


========================================================
Test10 (ADC Calibration) results 2008-07-19 11:33:18
Board ID066 36 channels
Linux calibration software

Voltmeter channel: A=1.07, B=0

A:
1.08472,1.08902,1.08836,1.09723,1.08845,1.09543,1.10897,1.09221,1.09136,1.09221,1.11023,1.09962
1.09127,1.10038,1.10819,1.08658,1.08864,1.09704,1.08705,1.09061,1.08733,1.09221,1.09202,1.08686
1.08212,1.08742,1.10105,1.09297,1.08827,1.10829,1.1022,1.08817,1.09495,1.09486,1.11434,1.0346


B:
6.24809,7.0569,8.9683,8.47039,-2.00276,1.79654,8.60539,8.25714,6.63548,4.76223,11.0133,10.908
13.4882,7.79084,-1.99486,14.0818,8.70883,9.96128,5.82648,6.89251,6.87165,8.03887,1.65984,3.17355
-2.16426,4.82819,6.73859,9.96801,6.22488,11.4375,3.70335,5.22316,1.35775,7.3573,7.53272,58.5166


========================================================
Test10 (ADC Calibration) results 2008-07-19 17:28:33
Board ID066 36 channels
Linux calibration software

Voltmeter channel: A=1.07, B=0

A:
1.085,1.0892,1.08855,1.09695,1.08855,1.09543,1.10819,1.09174,1.09127,1.09193,1.10897,1.09885
1.09146,1.0999,1.10829,1.08472,1.08658,1.09647,1.08668,1.09042,1.08733,1.09249,1.09212,1.08714
1.08221,1.08714,1.10115,1.09259,1.0878,1.10761,1.10201,1.08789,1.09476,1.09505,1.11424,1.0267


B:
5.55487,6.8838,8.57763,8.73155,-2.0898,2.01557,10.6384,9.12662,6.94055,5.24133,13.0413,12.0432
12.8792,8.88708,-2.08358,16.4442,11.2569,10.9208,6.38969,7.06632,7.08945,7.77879,1.57289,2.91341
-2.03445,4.87045,6.65103,10.5327,7.09229,13.1584,3.87889,5.26564,1.75176,7.18329,8.06707,66.6124


========================================================
Test10 (ADC Calibration) results 2008-07-20 15:54:11
Board ID066 36 channels
Linux calibration software

Voltmeter channel: A=1.07, B=0

A:
1.08537,1.08911,1.08836,1.09704,1.08836,1.09543,1.10848,1.09221,1.09136,1.09184,1.10848,1.09904
1.09146,1.10029,1.10858,1.08537,1.08686,1.0978,1.08668,1.09014,1.08733,1.09193,1.09212,1.08686
1.0824,1.08724,1.10057,1.09316,1.08742,1.10761,1.10211,1.08798,1.09457,1.09524,1.11464,1.02745


B:
4.77547,6.75237,8.9683,8.42514,-1.69767,1.79654,9.71038,8.69392,6.63548,5.54636,13.479,11.8696
13.3156,7.6579,-2.35038,15.4122,11.2162,9.48524,6.82413,7.76192,6.87165,9.17238,1.35452,3.39087
-2.4243,5.00142,7.396,9.57587,7.43778,12.7154,4.0118,5.3965,1.92621,7.00944,7.04443,65.5105


========================================================
Test10 (ADC Calibration) results 2008-07-24 14:52:16
Board ID066 36 channels
Linux calibration software

Voltmeter channel: A=1.07, B=0

A:
1.08444,1.08911,1.08808,1.09657,1.08808,1.09505,1.10839,1.09202,1.09099,1.09193,1.10848,1.09924
1.09118,1.1001,1.10809,1.0836,1.08808,1.09695,1.08696,1.08986,1.08696,1.09202,1.09193,1.08668
1.08194,1.08724,1.10086,1.09297,1.08686,1.10712,1.10192,1.08761,1.09476,1.09476,1.11424,1.03131


B:
5.85607,6.75237,9.00911,9.07989,-1.21872,1.927,9.13311,8.21198,6.76439,5.24133,11.0404,10.157
12.9197,7.39274,-2.12767,17.6842,9.87963,10.4868,6.1305,7.5853,6.78239,7.99324,1.31028,3.12966
-2.20718,4.78402,6.47332,9.31201,8.17284,12.7102,3.96667,5.96007,1.31396,6.78778,7.17552,60.7237


========================================================
Test10 (ADC Calibration) results 2008-07-24 21:41:51
Board ID066 36 channels
Linux calibration software

Voltmeter channel: A=1.07, B=0

A:
1.08491,1.08911,1.08836,1.09666,1.08864,1.09571,1.10868,1.0924,1.09108,1.09212,1.10868,1.09924
1.09165,1.10029,1.1079,1.08556,1.08574,1.09723,1.08705,1.09024,1.08705,1.0924,1.09202,1.08677
1.08212,1.08733,1.10086,1.09268,1.08714,1.10809,1.10192,1.0877,1.09505,1.09495,1.11434,1.02554


B:
5.42459,6.75237,8.75029,8.99268,-2.17757,1.31498,7.76083,7.86541,7.11372,4.63088,9.97818,9.71702
12.2701,7.43789,-1.94989,14.3728,10.727,9.34834,5.39176,7.23938,7.34863,7.64698,1.00452,3.47786
-2.16426,4.26228,6.69333,10.2275,6.17484,10.5045,3.96667,5.87371,0.831956,7.05134,7.3099,62.5576


========================================================
Test10 (ADC Calibration) results 2008-08-12 21:57:53
Board ID066 36 channels
Linux calibration software

Voltmeter channel: A=1.07, B=0

A:
1.08546,1.08939,1.08902,1.09742,1.0892,1.09581,1.10839,1.09249,1.09165,1.09174,1.10529,1.10048
1.05171,1.10057,1.10848,1.08574,1.08435,1.0978,1.08714,1.09061,1.08798,1.09278,1.09297,1.08733
1.08249,1.08724,1.10096,1.09344,1.08836,1.10365,1.1023,1.08902,1.09533,1.09552,1.07541,1.01403


B:
4.68908,7.14637,8.36405,8.73579,-2.48357,1.22708,8.68997,8.21568,6.1572,5.6331,10.8318,9.4643
32.2247,7.83601,-2.03975,15.7217,10.2795,9.48524,5.74021,7.54711,7.137,7.73678,1.22428,3.39224
-2.0784,5.6536,6.60567,9.53476,6.13846,11.213,3.8361,5.31476,0.569462,6.74843,20.2609,60.0304


