========================================================

Test11 results 08-19-2005  15:41:17
Board ID047  36 channels
HV Tests Software Ver.1.6

+5V 2518 - O'k
-5V 1307 - O'k
Interlock - On
Calibration DAC Range: [2500 - 2900]


A:
Limits 0.76 +/- 0.04
0.747664,0.744879,0.747664,0.747664,0.75188,0.747664,0.754717,0.746269,0.747664,0.75188,0.75188,0.749064
0.753296,0.75188,0.75188,0.75188,0.750469,0.746269,0.754717,0.749064,0.754717,0.749064,0.746269,0.750469
0.747664,0.749064,0.747664,0.756144,0.743494,0.759013,0.750469,0.749064,0.736648,0.754717,0.754717,0.744879


B:
Limits 60.0 +/- 40.0
53.358074,73.361519,64.393051,65.192184,44.456932,65.991508,54.188122,65.856308,74.166153,54.141422,40.207787,65.143669
58.22118,58.9431,60.275776,61.604233,58.223881,64.977402,63.415348,53.158649,55.420433,63.545506,56.500618,67.108955
54.958176,49.396507,68.049774,63.862305,67.146553,51.999592,64.273438,71.089363,72.734444,49.381039,61.266911,54.682262
========================================================
Test11 (DAC Calibration) results 2008-02-21 06:44:41
Board ID47 36 channels
Linux calibration software
Calibration DAC Range: [1100 - 2700]

A:
0.747384,0.746408,0.746965,0.748083,0.752233,0.746826,0.7528,0.74308,0.749977,0.751244,0.745504,0.748083
0.751103,0.753367,0.751527,0.752941,0.749204,0.747105,0.75429,0.749134,0.753296,0.772574,0.744879,0.749906
0.747105,0.743633,0.749064,0.756072,0.745365,0.757074,0.749836,0.751597,0.740056,0.753012,0.753012,0.745851


B:
57.2497,69.9572,66.1998,66.8974,44.6168,67.1395,62.1905,67.2673,66.8322,58.9257,54.2073,65.2517
68.8854,68.4905,62.1419,60.1882,64.6002,65.708,69.0363,53.9093,61.2053,33.2302,62.3836,64.8295
58.8346,54.4525,65.5431,65.8444,62.7506,59.3261,65.9762,65.0508,61.7021,56.3254,69.8796,55.8083


========================================================
Test11 (DAC Calibration) results 2008-03-07 10:19:30
Board ID47 36 channels
Linux calibration software
Calibration DAC Range: [1100 - 2700]

A:
0.747314,0.746826,0.747035,0.747873,0.752304,0.746965,0.752941,0.743356,0.749766,0.751385,0.745643,0.748013
0.751174,0.75365,0.751668,0.753296,0.749695,0.747314,0.754361,0.749064,0.753438,0.754646,0.744879,0.750328
0.747175,0.74384,0.748643,0.755929,0.745365,0.757146,0.750117,0.751738,0.740124,0.752941,0.7528,0.74606


B:
57.4965,69.6786,66.2526,68.6828,44.6681,66.9467,61.6941,67.4781,67.5726,58.8804,54.4598,64.6004
69.3896,57.7014,61.1952,59.6987,64.0707,65.2685,68.9391,54.3071,61.1601,58.7396,62.3836,64.5469
58.4383,54.1608,67.6212,66.6446,62.8996,59.0762,65.5885,65.1568,61.6062,55.9716,65.804,56.1131


