========================================================

Test10 results 09-29-2006  10:00:23
Board ID327  30 channels
HV Tests Software Ver.1.6.8

+5V 2538 - O'k
-5V 1309 - O'k
Interlock - On
Number of Samples: 400

Voltmeter channel: A=1.096491, B=10.964951

A:
Limits 1.1 +/- 0.1
1.074691,1.075269,1.074691,1.075847,1.071237,1.069519,1.080497,1.076426,1.084011,1.076426
1.071811,1.076426,1.072386,1.072386,1.080497,1.078167,1.077586,1.079331,1.06553,1.086957
1.087548,1.072386,1.078167,1.06383,1.075269,1.072961,1.078167,1.081081,1.073537,1.076426


B:
Limits 0.0 +/- 30.0
8.597414,11.827781,12.896177,12.910025,11.783437,14.973378,18.368458,11.840678,18.428186,13.993531
15.005518,6.458547,11.796368,7.506824,11.885475,11.859968,15.086329,9.714025,8.524389,11.956598
13.050716,5.362052,11.859968,13.829816,11.827781,12.875696,14.016302,17.297476,9.661671,10.764252
========================================================
Test10 (ADC Calibration) results 2008-01-30 09:52:14
Board ID327 30 channels
Linux calibration software

Voltmeter channel: A=1.08811, B=-1384.56

A:
1.07265,1.07315,1.07184,1.07355,1.0686,1.06717,1.07866,1.07391,1.08216,1.07371
1.06924,1.07371,1.06984,1.0691,1.07812,1.07585,1.07621,1.07651,1.06303,1.08332
1.08557,1.06964,1.07598,1.0613,1.07251,1.06994,1.07541,1.08156,1.07034,1.07415


B:
3.23191,6.81146,8.78397,7.15386,6.46264,9.75808,12.7121,7.05911,13.3228,10.2401
10.5904,3.09271,7.02442,5.10034,6.55698,7.13736,7.62677,5.79647,3.7787,8.6942
6.98232,2.20977,6.48246,10.8412,8.62372,9.75651,10.0743,10.2071,7.11574,5.38677


========================================================
Test10 (ADC Calibration) results 2008-05-09 10:46:22
Board ID327 30 channels
Linux calibration software

Voltmeter channel: A=1.08906, B=-1385.02

A:
1.07214,1.07429,1.07202,1.07388,1.06927,1.0676,1.07856,1.07371,1.08271,1.07415
1.06944,1.07435,1.06984,1.0687,1.0789,1.07565,1.07621,1.08187,1.06356,1.08447
1.08557,1.07038,1.07661,1.06183,1.07275,1.06964,1.07645,1.08116,1.06994,1.07523


B:
4.94395,3.35985,8.76355,6.72335,6.40764,8.60059,12.6397,8.38755,12.6314,9.68336
11.0041,1.87979,7.02442,6.67837,5.56373,8.46899,7.6,9.34852,2.89877,6.03991
7.66814,0.470452,5.46903,10.1667,8.32235,10.1401,8.22815,11.518,8.2963,2.9367


========================================================
Test10 (ADC Calibration) results 2008-06-02 05:07:58
Board ID327 30 channels
Linux calibration software

Voltmeter channel: A=1.08935, B=-1388.34

A:
1.07335,1.07398,1.07248,1.07355,1.06874,1.06743,1.07866,1.07435,1.08267,1.07415
1.0698,1.07445,1.0699,1.07024,1.07866,1.07561,1.06964,1.07661,1.06366,1.08393
1.08557,1.07058,1.07712,1.0613,1.07271,1.07004,1.07571,1.07966,1.07031,1.07469


B:
3.33643,5.06911,7.49636,7.08031,7.22209,9.61591,12.6334,6.42839,12.6017,10.2093
10.2686,0.403058,7.94109,2.98352,5.79073,9.4418,17.2098,6.46903,2.70713,8.92991
8.18227,0.1445,4.75469,10.58,9.16859,9.55878,9.69247,13.3546,7.76056,3.55022


========================================================
Test10 (ADC Calibration) results 2008-06-16 13:15:45
Board ID327 30 channels
Linux calibration software

Voltmeter channel: A=1.07, B=0

A:
1.07625,1.07616,1.07554,1.07643,1.07208,1.07005,1.08144,1.07687,1.08532,1.07705
1.07261,1.07705,1.07305,1.07278,1.08135,1.07911,1.07385,1.07991,1.0661,1.08759
1.08823,1.07243,1.07893,1.06427,1.07589,1.07323,1.07991,1.08723,1.07403,1.07732


B:
3.39421,6.49032,8.35594,8.18078,6.8285,10.2066,12.6446,7.76996,13.4412,10.1905
10.4124,2.00477,7.21437,4.24191,7.75224,7.86881,13.7783,5.39943,4.69049,7.24474
8.62218,2.42537,7.17097,10.2333,8.6734,10.4847,7.77545,9.53422,6.31223,5.63529


========================================================
Test10 (ADC Calibration) results 2008-06-17 07:08:50
Board ID327 30 channels
Linux calibration software

Voltmeter channel: A=1.07, B=0

A:
1.08894,1.08858,1.08777,1.08912,1.08436,1.08293,1.09383,1.0893,1.09766,1.08939
1.08507,1.08939,1.08552,1.08498,1.09383,1.09165,1.08624,1.09274,1.07822,1.10033
1.1006,1.08489,1.09147,1.07663,1.08804,1.08579,1.09228,1.09941,1.08615,1.08957


B:
1.42666,5.46174,7.73245,6.26958,5.6685,7.85808,11.7723,6.32124,13.1026,8.6349
8.91144,1.22701,5.67615,3.13542,6.52182,6.12016,12.8332,3.5891,3.8029,5.62223
7.79166,1.26532,5.8501,9.16145,8.13643,8.46773,6.84672,9.53997,5.52994,4.54645


========================================================
Test10 (ADC Calibration) results 2008-06-18 13:34:39
Board ID327 30 channels
Linux calibration software

Voltmeter channel: A=1.07, B=0

A:
1.08921,1.08849,1.08804,1.08885,1.08427,1.08284,1.09392,1.08939,1.09803,1.08948
1.08516,1.0893,1.08561,1.08489,1.09401,1.09183,1.08588,1.09256,1.07822,1.10033
1.10088,1.08498,1.09156,1.07655,1.0884,1.08579,1.09228,1.09996,1.08615,1.08993


B:
0.958439,5.54499,7.04839,6.95484,5.75135,7.72372,11.4705,6.23843,12.1109,8.76977
9.04621,1.09255,5.37602,3.43511,5.91754,5.29828,13.5969,3.97482,3.58745,5.18221
7.09906,0.965448,5.54844,8.81291,7.15193,8.46773,6.41004,8.15802,5.31276,3.99492


========================================================
Test10 (ADC Calibration) results 2008-08-26 09:05:57
Board ID327 30 channels
Linux calibration (server mode)

Voltmeter channel: A=1.09938, B=0

A:
1.0775,1.0785,1.07825,1.07921,1.07444,1.07357,1.08557,1.07958,1.08983,1.08041
1.076,1.07798,1.07545,1.07426,1.08388,1.08167,1.0787,1.08192,1.06761,1.09017
1.09111,1.07355,1.0814,1.06761,1.07868,1.07661,1.08252,1.09056,1.0761,1.07928


B:
0,0,0,0,0,0,0,0,0,0
0,0,0,0,0,0,0,0,0,0
0,0,0,0,0,0,0,0,0,0


========================================================
Test10 (ADC Calibration) results 2008-08-26 13:28:14
Board ID327 30 channels
Linux calibration (server mode)

Voltmeter channel: A=1.09937, B=0

A:
1.07772,1.07847,1.07828,1.07931,1.07439,1.0735,1.08569,1.0796,1.08992,1.08038
1.07614,1.07793,1.0755,1.07433,1.08393,1.08178,1.07863,1.08185,1.06763,1.09007
1.09114,1.07355,1.08143,1.06763,1.07885,1.07664,1.08255,1.09072,1.07616,1.0793


B:
0,0,0,0,0,0,0,0,0,0
0,0,0,0,0,0,0,0,0,0
0,0,0,0,0,0,0,0,0,0


========================================================
Test10 (ADC Calibration) results 2008-08-26 13:40:42
Board ID327 30 channels
Linux calibration (server mode)

Voltmeter channel: A=1.0994, B=0

A:
1.0776,1.07855,1.07827,1.07918,1.07434,1.0735,1.08562,1.07945,1.0898,1.0804
1.07603,1.07793,1.07543,1.07426,1.08388,1.08165,1.07868,1.0818,1.06768,1.09012
1.09111,1.07345,1.0814,1.06755,1.0788,1.07664,1.08249,1.0906,1.07606,1.07925


B:
0,0,0,0,0,0,0,0,0,0
0,0,0,0,0,0,0,0,0,0
0,0,0,0,0,0,0,0,0,0


========================================================
Test10 (ADC Calibration) results 2008-08-26 14:01:03
Board ID327 30 channels
Linux calibration (server mode)

Voltmeter channel: A=1.09944, B=0

A:
1.07759,1.07855,1.07835,1.07931,1.07446,1.07352,1.08564,1.07956,1.08988,1.08051
1.0761,1.07802,1.07552,1.07431,1.08386,1.08185,1.07865,1.08198,1.06768,1.09007
1.09112,1.07347,1.08155,1.06759,1.07872,1.07664,1.08252,1.09056,1.07611,1.07935


B:
0,0,0,0,0,0,0,0,0,0
0,0,0,0,0,0,0,0,0,0
0,0,0,0,0,0,0,0,0,0


========================================================
Test10 (ADC Calibration) results 2008-08-26 14:19:39
Board ID327 30 channels
Linux calibration (server mode)

Voltmeter channel: A=1.09945, B=0

A:
1.07764,1.07863,1.07832,1.07936,1.07443,1.07357,1.08556,1.07961,1.08988,1.08038
1.0761,1.07803,1.07548,1.07428,1.08391,1.08173,1.07867,1.08187,1.06768,1.09014
1.09114,1.07345,1.08145,1.06763,1.07863,1.07661,1.08255,1.09055,1.07619,1.07928


B:
0,0,0,0,0,0,0,0,0,0
0,0,0,0,0,0,0,0,0,0
0,0,0,0,0,0,0,0,0,0


========================================================
Test10 (ADC Calibration) results 2008-08-26 14:33:38
Board ID327 30 channels
Linux calibration (server mode)

Voltmeter channel: A=1.09938, B=0

A:
1.0775,1.07858,1.0783,1.0793,1.07439,1.07355,1.08561,1.07946,1.08983,1.08035
1.07603,1.07793,1.07548,1.07425,1.08386,1.08168,1.07857,1.08188,1.06759,1.09005
1.09114,1.07345,1.0814,1.06763,1.07862,1.07664,1.08249,1.09034,1.0761,1.07928


B:
0,0,0,0,0,0,0,0,0,0
0,0,0,0,0,0,0,0,0,0
0,0,0,0,0,0,0,0,0,0


========================================================
Test10 (ADC Calibration) results 2008-08-26 16:51:39
Board ID327 30 channels
Linux calibration (server mode)

Voltmeter channel: A=1.11197, B=0

A:
1.0898,1.09081,1.09051,1.09153,1.08661,1.08576,1.09801,1.09182,1.10231,1.09266
1.08834,1.09029,1.08771,1.08652,1.09626,1.09403,1.09098,1.09416,1.0798,1.10243
1.10358,1.08572,1.09371,1.07963,1.09088,1.08895,1.09486,1.10308,1.08831,1.0916


B:
0,0,0,0,0,0,0,0,0,0
0,0,0,0,0,0,0,0,0,0
0,0,0,0,0,0,0,0,0,0


========================================================
Test10 (ADC Calibration) results 2008-08-27 11:54:44
Board ID327 30 channels
Linux calibration (server mode)

Voltmeter channel: A=1.11193, B=0

A:
1.08982,1.09081,1.09047,1.0916,1.08666,1.08574,1.09796,1.0918,1.10232,1.09269
1.08833,1.09029,1.08771,1.08647,1.09623,1.09415,1.09101,1.09421,1.07978,1.10243
1.10363,1.08569,1.09379,1.0798,1.09089,1.08886,1.09487,1.10318,1.08843,1.09165


B:
0,0,0,0,0,0,0,0,0,0
0,0,0,0,0,0,0,0,0,0
0,0,0,0,0,0,0,0,0,0


========================================================
Test10 (ADC Calibration) results 2008-08-27 12:04:53
Board ID327 30 channels
Linux calibration (server mode)

Voltmeter channel: A=1.11183, B=0

A:
1.08985,1.09074,1.09054,1.09155,1.08659,1.08576,1.09807,1.09182,1.10234,1.09274
1.08833,1.09015,1.08769,1.08651,1.09621,1.09398,1.09099,1.09423,1.0798,1.10248
1.10358,1.08569,1.09374,1.07968,1.09098,1.08898,1.09492,1.10323,1.08834,1.09158


B:
0,0,0,0,0,0,0,0,0,0
0,0,0,0,0,0,0,0,0,0
0,0,0,0,0,0,0,0,0,0


========================================================
Test10 (ADC Calibration) results 2008-08-27 12:16:04
Board ID327 30 channels
Linux calibration (server mode)

Voltmeter channel: A=1.11191, B=0

A:
1.08985,1.09076,1.09059,1.09158,1.08674,1.08576,1.09798,1.09177,1.10236,1.09276
1.08828,1.0903,1.08771,1.08654,1.09621,1.09411,1.09101,1.09425,1.07973,1.10246
1.10361,1.08571,1.09371,1.07976,1.09091,1.08896,1.09489,1.10313,1.08838,1.0916


B:
0,0,0,0,0,0,0,0,0,0
0,0,0,0,0,0,0,0,0,0
0,0,0,0,0,0,0,0,0,0


========================================================
Test10 (ADC Calibration) results 2008-08-27 12:34:19
Board ID327 30 channels
Linux calibration (server mode)

Voltmeter channel: A=1.11204, B=0

A:
1.08982,1.09081,1.09052,1.09155,1.08659,1.08579,1.098,1.09188,1.10222,1.09276
1.08828,1.09029,1.08774,1.08649,1.09621,1.09406,1.09089,1.0942,1.0798,1.10244
1.10359,1.08577,1.09374,1.07978,1.09086,1.08888,1.09482,1.10299,1.08841,1.0916


B:
0,0,0,0,0,0,0,0,0,0
0,0,0,0,0,0,0,0,0,0
0,0,0,0,0,0,0,0,0,0


========================================================
Test10 (ADC Calibration) results 2008-08-27 14:12:33
Board ID327 30 channels
Linux calibration software

Voltmeter channel: A=1.07, B=0

A:
1.08911,1.08911,1.08855,1.08948,1.08491,1.08333,1.0942,1.08958,1.09819,1.08977
1.08574,1.08995,1.08584,1.08546,1.09439,1.09202,1.08724,1.09278,1.07862,1.10077
1.10134,1.08546,1.09193,1.07696,1.08845,1.0863,1.09287,1.10077,1.08705,1.09024


B:
2.35638,5.40594,6.57763,6.36739,5.37748,8.13991,11.8743,6.93455,12.8476,8.94134
8.29295,0.92085,5.60093,3.55751,6.22998,6.43033,12.1341,4.644,3.86768,5.44094
6.89881,0.952112,5.86185,9.28673,7.75259,8.42857,6.08699,7.86257,4.47881,4.36714


========================================================
Test10 (ADC Calibration) results 2008-08-27 14:50:45
Board ID327 30 channels
Linux calibration (server mode)

Voltmeter channel: A=1.11205, B=0

A:
1.08983,1.09083,1.09064,1.09157,1.08666,1.08574,1.098,1.09194,1.10222,1.09276
1.08829,1.09025,1.08769,1.08656,1.0963,1.09404,1.09101,1.09421,1.07986,1.10258
1.10363,1.08564,1.09376,1.07981,1.09093,1.08893,1.09487,1.10291,1.08843,1.09163


B:
0,0,0,0,0,0,0,0,0,0
0,0,0,0,0,0,0,0,0,0
0,0,0,0,0,0,0,0,0,0


========================================================
Test10 (ADC Calibration) results 2008-08-27 16:01:37
Board ID327 30 channels
Linux calibration (server mode)

Voltmeter channel: A=1.11205, B=0

A:
1.08992,1.09084,1.09066,1.09168,1.08669,1.08582,1.09798,1.09188,1.10229,1.09283
1.08833,1.0903,1.08784,1.08649,1.0963,1.09408,1.09093,1.09426,1.07991,1.10258
1.10368,1.08574,1.09384,1.07993,1.09098,1.08896,1.09484,1.10275,1.08851,1.0917


B:
0,0,0,0,0,0,0,0,0,0
0,0,0,0,0,0,0,0,0,0
0,0,0,0,0,0,0,0,0,0


========================================================
Test10 (ADC Calibration) results 2008-08-27 16:14:58
Board ID327 30 channels
Linux calibration (server mode)

Voltmeter channel: A=1.11209, B=0

A:
1.08994,1.09086,1.09069,1.09165,1.08669,1.08587,1.09798,1.0919,1.10234,1.09281
1.08826,1.09029,1.08779,1.08654,1.09631,1.09404,1.09103,1.09433,1.07981,1.10258
1.10366,1.08584,1.09391,1.07983,1.09099,1.08901,1.09486,1.10282,1.08849,1.09163


B:
0,0,0,0,0,0,0,0,0,0
0,0,0,0,0,0,0,0,0,0
0,0,0,0,0,0,0,0,0,0


========================================================
Test10 (ADC Calibration) results 2008-08-27 16:29:00
Board ID327 30 channels
Linux calibration (server mode)

Voltmeter channel: A=1.11207, B=0

A:
1.08988,1.09093,1.09066,1.0917,1.08679,1.08581,1.0981,1.09195,1.10241,1.09288
1.08838,1.09041,1.08781,1.08661,1.09633,1.0941,1.09106,1.0943,1.07993,1.1026
1.10368,1.08576,1.09398,1.07999,1.09101,1.08895,1.09501,1.10289,1.08854,1.09178


B:
0,0,0,0,0,0,0,0,0,0
0,0,0,0,0,0,0,0,0,0
0,0,0,0,0,0,0,0,0,0


========================================================
Test10 (ADC Calibration) results 2008-08-27 16:39:26
Board ID327 30 channels
Linux calibration (server mode)

Voltmeter channel: A=1.11207, B=0

A:
1.0899,1.09094,1.09059,1.09167,1.08672,1.08584,1.09803,1.09192,1.10227,1.09278
1.08826,1.09037,1.08777,1.08657,1.0963,1.0941,1.09101,1.09425,1.07988,1.10251
1.10371,1.08572,1.09391,1.07996,1.09108,1.08905,1.09491,1.10277,1.08844,1.09165


B:
0,0,0,0,0,0,0,0,0,0
0,0,0,0,0,0,0,0,0,0
0,0,0,0,0,0,0,0,0,0


========================================================
Test10 (ADC Calibration) results 2008-08-27 17:00:59
Board ID327 30 channels
Linux calibration (server mode)

Voltmeter channel: A=1.11214, B=0

A:
1.08992,1.09094,1.09061,1.0917,1.08664,1.08577,1.09786,1.09195,1.10229,1.0928
1.08833,1.09034,1.08788,1.08656,1.09633,1.09404,1.09094,1.09428,1.07988,1.1026
1.10365,1.08589,1.09391,1.07983,1.09094,1.08896,1.09479,1.10277,1.08851,1.09162


B:
0,0,0,0,0,0,0,0,0,0
0,0,0,0,0,0,0,0,0,0
0,0,0,0,0,0,0,0,0,0


========================================================
Test10 (ADC Calibration) results 2008-08-28 14:19:37
Board ID327 30 channels
Linux calibration (server mode)

Voltmeter channel: A=1.11205, B=0

A:
1.08983,1.09083,1.09064,1.0916,1.08656,1.08581,1.09795,1.09187,1.10239,1.09271
1.08829,1.0903,1.08777,1.08654,1.09628,1.09413,1.09098,1.09428,1.07978,1.10253
1.10354,1.08574,1.09376,1.07983,1.09099,1.08891,1.09492,1.10325,1.08834,1.09155


B:
0,0,0,0,0,0,0,0,0,0
0,0,0,0,0,0,0,0,0,0
0,0,0,0,0,0,0,0,0,0


========================================================
Test10 (ADC Calibration) results 2008-09-01 16:33:34
Board ID327 30 channels
Linux calibration (server mode)

Voltmeter channel: A=1.11207, B=0

A:
1.09007,1.09099,1.09074,1.09173,1.08681,1.08599,1.09819,1.09207,1.10255,1.0929
1.08856,1.09047,1.08793,1.08671,1.09642,1.0943,1.09111,1.09432,1.08004,1.10268
1.10378,1.08594,1.09382,1.07999,1.09118,1.08901,1.09503,1.10366,1.08854,1.09185


B:
0,0,0,0,0,0,0,0,0,0
0,0,0,0,0,0,0,0,0,0
0,0,0,0,0,0,0,0,0,0


========================================================
Test10 (ADC Calibration) results 2008-12-01 10:17:11
Board ID327 30 channels
Host: ufcmshv3
Linux calibration software

Voltmeter channel: A=1.05889, B=6.97213

A:
1.05863,1.05846,1.0395,1.04175,1.03867,1.0534,1.07216,1.03495,1.04678,1.04704
1.07031,1.06654,1.03958,1.03668,1.03635,1.0647,1.07102,1.06096,1.02742,1.04712
1.06313,1.07172,1.0766,1.03553,1.06978,1.05187,1.06671,1.043,1.0415,0


B:
3.61577,6.95321,8.73206,8.25405,6.40803,9.17274,12.3219,7.27668,12.6744,9.71338
9.96226,1.50972,6.57329,3.95533,6.55263,7.69855,14.2366,5.87627,4.63138,6.91098
8.52173,2.44023,6.5091,9.82958,8.73896,9.77409,5.82584,8.93793,5.78401,3600


========================================================
Test10 (ADC Calibration) results 2008-12-01 10:54:57
Board ID327 30 channels
Host: ufcmshv3
Linux calibration software

Voltmeter channel: A=1.05889, B=6.97213

A:
1.05872,1.0588,1.03933,1.04192,1.03842,1.05323,1.07208,1.03478,1.04704,1.04678
1.07031,1.06619,1.0395,1.03652,1.03652,1.06444,1.07093,1.06105,1.02734,1.04712
1.06305,1.07146,1.07652,1.03569,1.06961,1.05186,1.06619,1.04267,1.04133,1.05803


B:
3.11088,6.20659,9.30617,7.88655,6.85352,8.91201,11.9745,7.43452,12.4358,10.3711
10.1763,2.05039,6.86091,4.52846,6.60149,8.15493,13.8893,5.7951,4.91547,6.91098
8.81491,3.11555,7.02237,9.46424,8.9023,9.98482,6.95495,9.67265,6.36037,5.87611


========================================================
Test10 (ADC Calibration) results 2008-12-01 11:19:04
Board ID327 30 channels
Host: ufcmshv3
Linux calibration software

Voltmeter channel: A=1.05872, B=7.34575

A:
1.05863,1.0588,1.03967,1.04183,1.0385,1.0534,1.07208,1.03478,1.04687,1.04704
1.0704,1.06619,1.03967,1.03677,1.03652,1.06496,1.07128,1.06114,1.02767,1.04712
1.06322,1.07146,1.07652,1.03544,1.06969,1.05178,1.06645,1.04284,1.04133,1.0582


B:
3.4041,6.63,8.15754,7.96593,6.35878,9.38337,12.1889,7.43452,12.5948,9.92273
9.8808,2.26344,6.49381,3.87606,6.60149,7.24198,13.3498,5.71371,4.18967,7.5391
8.65294,2.90131,7.02237,10.3226,8.82121,10.2749,6.28397,9.30525,6.7768,5.07936


========================================================
Test10 (ADC Calibration) results 2008-12-01 13:37:16
Board ID327 30 channels
Host: ufcmshv3
Linux calibration software

Voltmeter channel: A=1.05898, B=6.46793

A:
1.05855,1.05855,1.0395,1.04167,1.03842,1.05348,1.07199,1.0347,1.04678,1.0467
1.07031,1.06636,1.03942,1.03652,1.03635,1.06479,1.07093,1.06114,1.02726,1.0472
1.06331,1.07155,1.0766,1.03586,1.06961,1.05187,1.06662,1.04259,1.04108,1.05803


B:
3.06168,6.44938,8.31595,7.50009,6.23037,8.46049,12.0554,7.30631,12.0462,10.032
9.96226,1.0334,6.73204,3.9067,6.34557,6.97832,13.8893,5.07732,4.5831,6.62137
7.93377,2.81902,6.07856,8.89227,8.4747,9.56377,5.48098,9.33515,6.59912,5.24159


