========================================================

Test11 results 09-29-2006  10:03:32
Board ID327  30 channels
HV Tests Software Ver.1.6.8

+5V 2536 - O'k
-5V 1308 - O'k
Interlock - On
Calibration DAC Range: [2500 - 2900]
Number of Samples: 400

A:
Limits 0.76 +/- 0.04
0.746269,0.746269,0.746269,0.746269,0.749064,0.750469,0.742115,0.743494,0.738007,0.743494
0.749064,0.744879,0.747664,0.746269,0.742115,0.742115,0.744879,0.743494,0.753296,0.736648
0.736648,0.747664,0.742115,0.757576,0.746269,0.747664,0.742115,0.742115,0.747664,0.744879


B:
Limits 60.0 +/- 30.0
68.109138,66.58654,64.901062,62.65369,65.032661,58.652069,63.043751,75.681496,70.371826,73.280563
62.710674,72.025795,68.900749,78.184311,68.73082,72.361679,62.556957,68.862984,67.415764,74.313309
70.373428,72.909767,73.962044,70.373932,65.784157,64.975334,73.962044,61.580536,66.664146,68.016792
========================================================
Test11 (DAC Calibration) results 2008-01-30 09:52:14
Board ID327 30 channels
Linux calibration software
Calibration DAC Range: [1100 - 2700]

A:
0.747314,0.746965,0.747873,0.746687,0.749766,0.751527,0.743149,0.74606,0.740741,0.746199
0.749695,0.746199,0.749274,0.749415,0.743149,0.745087,0.744463,0.744255,0.754077,0.739577
0.738416,0.749415,0.744255,0.758725,0.747035,0.749204,0.745018,0.741152,0.748923,0.746269


B:
73.9374,73.6694,68.9819,71.8125,72.821,65.2982,68.509,76.4059,68.889,73.2301
70.818,76.9611,73.4943,77.0492,75.1974,71.0348,72.7898,75.756,74.3049,75.2425
73.6017,76.2998,75.756,75.569,72.8266,69.8446,73.3657,70.3911,72.6267,73.1344


========================================================
Test11 (DAC Calibration) results 2008-05-09 10:46:22
Board ID327 30 channels
Linux calibration software
Calibration DAC Range: [1100 - 2700]

A:
0.747664,0.746547,0.748503,0.746826,0.750047,0.751597,0.743218,0.746199,0.740741,0.746269
0.749555,0.74613,0.749274,0.749695,0.743356,0.745226,0.744463,0.744671,0.754077,0.739167
0.738416,0.749274,0.744186,0.758725,0.747245,0.749415,0.744671,0.741427,0.749204,0.746269


B:
73.4579,75.7372,67.964,71.6205,71.8356,65.6521,68.5618,76.2149,68.889,73.1344
71.3109,77.3548,73.4943,76.6656,74.9117,70.843,72.8,73.0988,74.4556,76.6979
73.8969,77.0911,76,75.569,72.5388,69.5551,75.035,69.4161,72.5419,73.1344


========================================================
Test11 (DAC Calibration) results 2008-06-02 05:07:58
Board ID327 30 channels
Linux calibration software
Calibration DAC Range: [1100 - 2700]

A:
0.746826,0.746756,0.747803,0.746687,0.750047,0.750962,0.743149,0.74613,0.740398,0.746269
0.748923,0.74606,0.748853,0.748993,0.743149,0.744879,0.749415,0.744186,0.754006,0.739167
0.738416,0.749134,0.74384,0.758725,0.746896,0.749134,0.74481,0.742459,0.748573,0.746269


B:
73.8609,73.6582,68.6298,71.0659,70.9356,65.9251,67.7659,75.5641,68.6255,71.9403
71.5785,76.8536,73.3222,77.3244,74.4542,69.8324,65.0586,75.2558,73.7982,75.0718
72.7156,76.5333,75.7321,74.962,72.4208,69.1918,73.6523,67.2389,72.6582,72.3882


========================================================
Test11 (ADC Calibration) results 2008-06-17 04:20:31
Board ID327 30 channels
Linux calibration software

Calibration DAC Range: [1000 - 3500]

A:
0.744,0.7452,0.7456,0.7444,0.748,0.7492,0.7408,0.7444,0.7384,0.7444
0.7472,0.744,0.7472,0.7468,0.7412,0.7428,0.7464,0.742,0.7516,0.7368
0.7364,0.7476,0.7424,0.7564,0.7444,0.7468,0.7416,0.7368,0.7464,0.744


B:
74.9999,72.8001,68.4001,70.5999,70.9999,65.8,69.1999,74.5999,68.6001,71.5999
71.8,76.9999,72.8,78.2,72.8001,70.2,67.6,76.0001,74.3999,75.2
72.6,75.3999,74.6,76.6,72.5999,69.2,75.4001,71.2,72.6,71.9999


========================================================
Test11 (ADC Calibration) results 2008-06-17 07:43:31
Board ID327 30 channels
Linux calibration software

Calibration DAC Range: [1000 - 3500]

A:
0.7356,0.7364,0.7372,0.736,0.7392,0.7404,0.7324,0.7356,0.7304,0.7356
0.7384,0.7356,0.7384,0.7384,0.7328,0.734,0.738,0.7332,0.7436,0.7284
0.7284,0.7392,0.734,0.748,0.7364,0.7384,0.7336,0.7288,0.7384,0.736


B:
75.4,73.6,68.7999,72,71.8,66.5999,69.6,76.4,68.5999,73.4
72.6001,76.4,74.6001,78.6001,74.2,71.9999,68.0001,76.7999,73.4,76.6
72.6,75.8,74.9999,75.9999,72.6,69.6001,75.3999,71.2,72.6001,72


========================================================
Test11 (ADC Calibration) results 2008-06-18 14:03:06
Board ID327 30 channels
Linux calibration software

Calibration DAC Range: [1000 - 3500]

A:
0.7356,0.7368,0.7372,0.736,0.7396,0.7404,0.7328,0.7352,0.73,0.7356
0.7388,0.7356,0.7384,0.7384,0.7324,0.734,0.738,0.7332,0.7436,0.7284
0.7284,0.7392,0.7344,0.748,0.7364,0.738,0.734,0.7288,0.7384,0.736


B:
75.4,73.2,68.7999,72,71.4,66.5999,69.2,77.8,69.9999,73.4
72.2,76.4,74.6001,78.6001,74.6,71.9999,68.0001,76.7999,73.4,76.6
72.6,75.8,73.6001,75.9999,72.6,70.0001,74.9999,71.2,72.6001,72


========================================================
Test11 (DAC Calibration) results 2008-08-26 09:07:03
Board ID327 30 channels
Linux calibration (server mode)

Calibration DAC Range: [3100 - 3500]

A:
0.765143,0.765143,0.764571,0.764286,0.767714,0.767714,0.76,0.765429,0.757714,0.764286
0.767143,0.765429,0.767143,0.768857,0.761714,0.762286,0.767143,0.762857,0.772571,0.758286
0.756857,0.768286,0.763143,0.777429,0.764857,0.766,0.762857,0.756571,0.766571,0.764286


B:
0.0,0.0,0.0,0.0,0.0,0.0,0.0,0.0,0.0,0.0
0.0,0.0,0.0,0.0,0.0,0.0,0.0,0.0,0.0,0.0
0.0,0.0,0.0,0.0,0.0,0.0,0.0,0.0,0.0,0.0


========================================================
Test11 (DAC Calibration) results 2008-08-26 13:28:55
Board ID327 30 channels
Linux calibration (server mode)

Calibration DAC Range: [3100 - 3500]

A:
0.765143,0.765143,0.764857,0.764286,0.768,0.767429,0.76,0.765429,0.757429,0.764286
0.767143,0.765429,0.767143,0.768571,0.761429,0.762286,0.765143,0.763143,0.772857,0.758286
0.756571,0.768857,0.763143,0.778,0.765143,0.766,0.763143,0.756857,0.766857,0.764286


B:
0.0,0.0,0.0,0.0,0.0,0.0,0.0,0.0,0.0,0.0
0.0,0.0,0.0,0.0,0.0,0.0,0.0,0.0,0.0,0.0
0.0,0.0,0.0,0.0,0.0,0.0,0.0,0.0,0.0,0.0


========================================================
Test11 (DAC Calibration) results 2008-08-26 13:41:22
Board ID327 30 channels
Linux calibration (server mode)

Calibration DAC Range: [3100 - 3500]

A:
0.765143,0.765143,0.764571,0.764286,0.768,0.767429,0.76,0.765429,0.757429,0.764286
0.767143,0.765429,0.767714,0.768857,0.761429,0.762286,0.765143,0.763143,0.772571,0.758286
0.756857,0.768571,0.763143,0.778,0.765143,0.766,0.763143,0.756571,0.767143,0.764286


B:
0.0,0.0,0.0,0.0,0.0,0.0,0.0,0.0,0.0,0.0
0.0,0.0,0.0,0.0,0.0,0.0,0.0,0.0,0.0,0.0
0.0,0.0,0.0,0.0,0.0,0.0,0.0,0.0,0.0,0.0


========================================================
Test11 (DAC Calibration) results 2008-08-26 14:01:43
Board ID327 30 channels
Linux calibration (server mode)

Calibration DAC Range: [3100 - 3500]

A:
0.765143,0.765143,0.764286,0.764286,0.768,0.767429,0.76,0.765429,0.757429,0.764286
0.767143,0.765429,0.767429,0.768571,0.761429,0.762286,0.765143,0.763143,0.772286,0.758286
0.756571,0.768857,0.763143,0.778,0.765143,0.766,0.763143,0.756286,0.767143,0.764286


B:
0.0,0.0,0.0,0.0,0.0,0.0,0.0,0.0,0.0,0.0
0.0,0.0,0.0,0.0,0.0,0.0,0.0,0.0,0.0,0.0
0.0,0.0,0.0,0.0,0.0,0.0,0.0,0.0,0.0,0.0


========================================================
Test11 (DAC Calibration) results 2008-08-26 14:20:21
Board ID327 30 channels
Linux calibration (server mode)

Calibration DAC Range: [3100 - 3500]

A:
0.765143,0.765143,0.764857,0.764286,0.768,0.767429,0.76,0.765429,0.757429,0.764286
0.767143,0.765429,0.767429,0.768857,0.761429,0.762286,0.765143,0.763143,0.772286,0.758286
0.756857,0.768571,0.763143,0.778,0.765143,0.766,0.763143,0.756857,0.767143,0.764286


B:
0.0,0.0,0.0,0.0,0.0,0.0,0.0,0.0,0.0,0.0
0.0,0.0,0.0,0.0,0.0,0.0,0.0,0.0,0.0,0.0
0.0,0.0,0.0,0.0,0.0,0.0,0.0,0.0,0.0,0.0


========================================================
Test11 (DAC Calibration) results 2008-08-26 14:34:18
Board ID327 30 channels
Linux calibration (server mode)

Calibration DAC Range: [3100 - 3500]

A:
0.765143,0.765143,0.764571,0.764286,0.768,0.767429,0.76,0.765429,0.757429,0.764286
0.767143,0.765429,0.767429,0.768571,0.761429,0.762286,0.765143,0.763143,0.772286,0.758286
0.756571,0.768857,0.763143,0.778,0.765143,0.766,0.763143,0.756571,0.767143,0.764286


B:
0.0,0.0,0.0,0.0,0.0,0.0,0.0,0.0,0.0,0.0
0.0,0.0,0.0,0.0,0.0,0.0,0.0,0.0,0.0,0.0
0.0,0.0,0.0,0.0,0.0,0.0,0.0,0.0,0.0,0.0


========================================================
Test11 (DAC Calibration) results 2008-08-26 16:52:21
Board ID327 30 channels
Linux calibration (server mode)

Calibration DAC Range: [3100 - 3500]

A:
0.756857,0.757143,0.756571,0.756,0.759429,0.759143,0.751714,0.756857,0.749429,0.756
0.758857,0.756857,0.759429,0.76,0.753429,0.754,0.756571,0.754857,0.764286,0.749714
0.748286,0.760286,0.754571,0.769714,0.756571,0.757429,0.754571,0.748571,0.758286,0.755714


B:
0.0,0.0,0.0,0.0,0.0,0.0,0.0,0.0,0.0,0.0
0.0,0.0,0.0,0.0,0.0,0.0,0.0,0.0,0.0,0.0
0.0,0.0,0.0,0.0,0.0,0.0,0.0,0.0,0.0,0.0


========================================================
Test11 (DAC Calibration) results 2008-08-27 11:55:25
Board ID327 30 channels
Linux calibration (server mode)

Calibration DAC Range: [3100 - 3500]

A:
0.757143,0.757143,0.756286,0.756,0.759429,0.759143,0.752,0.756571,0.749429,0.756
0.758571,0.757143,0.759429,0.76,0.753429,0.754,0.756857,0.754571,0.764286,0.749429
0.748286,0.760286,0.754857,0.769429,0.756286,0.757429,0.754857,0.748286,0.758286,0.756


B:
0.0,0.0,0.0,0.0,0.0,0.0,0.0,0.0,0.0,0.0
0.0,0.0,0.0,0.0,0.0,0.0,0.0,0.0,0.0,0.0
0.0,0.0,0.0,0.0,0.0,0.0,0.0,0.0,0.0,0.0


========================================================
Test11 (DAC Calibration) results 2008-08-27 12:05:15
Board ID327 30 channels
Linux calibration (server mode)

Calibration DAC Range: [3100 - 3500]

A:
0.757143,0.757143,0.756286,0.756,0.759429,0.759143,0.752,0.756857,0.749429,0.756
0.758286,0.757143,0.759429,0.76,0.753429,0.754,0.756571,0.754857,0.764286,0.749429
0.748286,0.760286,0.754571,0.769429,0.756286,0.757429,0.754571,0.748286,0.758286,0.756


B:
0.0,0.0,0.0,0.0,0.0,0.0,0.0,0.0,0.0,0.0
0.0,0.0,0.0,0.0,0.0,0.0,0.0,0.0,0.0,0.0
0.0,0.0,0.0,0.0,0.0,0.0,0.0,0.0,0.0,0.0


========================================================
Test11 (DAC Calibration) results 2008-08-27 12:16:29
Board ID327 30 channels
Linux calibration (server mode)

Calibration DAC Range: [3100 - 3500]

A:
0.757143,0.757143,0.756286,0.756,0.759429,0.759143,0.752,0.757143,0.749429,0.756
0.758857,0.757143,0.759429,0.76,0.753429,0.754,0.756286,0.754571,0.764286,0.749429
0.748286,0.760286,0.755143,0.769429,0.756286,0.757429,0.754857,0.748286,0.758857,0.756


B:
0.0,0.0,0.0,0.0,0.0,0.0,0.0,0.0,0.0,0.0
0.0,0.0,0.0,0.0,0.0,0.0,0.0,0.0,0.0,0.0
0.0,0.0,0.0,0.0,0.0,0.0,0.0,0.0,0.0,0.0


========================================================
Test11 (DAC Calibration) results 2008-08-27 12:34:55
Board ID327 30 channels
Linux calibration (server mode)

Calibration DAC Range: [3100 - 3500]

A:
0.757143,0.757143,0.756286,0.756,0.759429,0.759143,0.752,0.756571,0.749429,0.756
0.758571,0.757143,0.759429,0.76,0.753429,0.754,0.756857,0.755143,0.764286,0.75
0.748286,0.760286,0.755143,0.769429,0.756286,0.757429,0.754571,0.748286,0.758571,0.756


B:
0.0,0.0,0.0,0.0,0.0,0.0,0.0,0.0,0.0,0.0
0.0,0.0,0.0,0.0,0.0,0.0,0.0,0.0,0.0,0.0
0.0,0.0,0.0,0.0,0.0,0.0,0.0,0.0,0.0,0.0


========================================================
Test11 (DAC Calibration) results 2008-08-27 14:51:08
Board ID327 30 channels
Linux calibration (server mode)

Calibration DAC Range: [3100 - 3500]

A:
0.757143,0.757143,0.756286,0.756,0.759429,0.759143,0.752,0.756286,0.749429,0.756
0.758286,0.757143,0.759429,0.76,0.753429,0.754,0.756571,0.755143,0.764286,0.75
0.748286,0.760286,0.755143,0.769429,0.756286,0.757429,0.754857,0.748286,0.758286,0.756


B:
0.0,0.0,0.0,0.0,0.0,0.0,0.0,0.0,0.0,0.0
0.0,0.0,0.0,0.0,0.0,0.0,0.0,0.0,0.0,0.0
0.0,0.0,0.0,0.0,0.0,0.0,0.0,0.0,0.0,0.0


========================================================
Test11 (DAC Calibration) results 2008-08-27 16:02:03
Board ID327 30 channels
Linux calibration (server mode)

Calibration DAC Range: [3100 - 3500]

A:
0.756571,0.757143,0.756286,0.756,0.759429,0.759143,0.752,0.756286,0.749429,0.756
0.758857,0.757143,0.758857,0.76,0.753429,0.754,0.756286,0.755143,0.764286,0.75
0.748286,0.760286,0.755143,0.769429,0.756286,0.757429,0.754571,0.748286,0.758286,0.756


B:
0.0,0.0,0.0,0.0,0.0,0.0,0.0,0.0,0.0,0.0
0.0,0.0,0.0,0.0,0.0,0.0,0.0,0.0,0.0,0.0
0.0,0.0,0.0,0.0,0.0,0.0,0.0,0.0,0.0,0.0


========================================================
Test11 (DAC Calibration) results 2008-08-27 16:15:21
Board ID327 30 channels
Linux calibration (server mode)

Calibration DAC Range: [3100 - 3500]

A:
0.756857,0.757143,0.756286,0.756,0.759429,0.759143,0.752,0.756286,0.749429,0.756
0.758571,0.757143,0.759143,0.76,0.753429,0.754,0.756286,0.755143,0.764286,0.75
0.748286,0.760286,0.755143,0.769429,0.756286,0.757429,0.754857,0.748286,0.758286,0.756


B:
0.0,0.0,0.0,0.0,0.0,0.0,0.0,0.0,0.0,0.0
0.0,0.0,0.0,0.0,0.0,0.0,0.0,0.0,0.0,0.0
0.0,0.0,0.0,0.0,0.0,0.0,0.0,0.0,0.0,0.0


========================================================
Test11 (DAC Calibration) results 2008-08-27 16:29:29
Board ID327 30 channels
Linux calibration (server mode)

Calibration DAC Range: [3100 - 3500]

A:
0.735,0.7375,0.735,0.735,0.74,0.7375,0.73,0.7325,0.7275,0.7325
0.735,0.7375,0.7375,0.7375,0.73,0.7325,0.735,0.73,0.7425,0.73
0.725,0.74,0.73,0.7475,0.7325,0.735,0.73,0.7225,0.7375,0.7375


B:
75.5,68.7,74.5,73.5,68.0,75.7,77.0,85.2,76.7,82.2
81.5,68.7,75.7,78.7,82.0,75.2,81.5,86.0,76.2,70.0
81.5,71.0,86.0,76.7,83.2,78.5,86.0,90.2,72.7,64.7


========================================================
Test11 (DAC Calibration) results 2008-08-27 16:39:55
Board ID327 30 channels
Linux calibration (server mode)

Calibration DAC Range: [3100 - 3500]

A:
0.735,0.7325,0.735,0.735,0.74,0.7375,0.73,0.7325,0.7275,0.7325
0.735,0.7375,0.7375,0.7375,0.73,0.7375,0.735,0.73,0.7425,0.73
0.725,0.74,0.73,0.7475,0.7375,0.735,0.73,0.73,0.7375,0.7325


B:
75.5,85.2,74.5,73.5,68.0,74.7,77.0,84.2,75.7,81.2
83.5,67.7,74.7,79.7,82.0,58.7,81.5,86.0,75.2,70.0
81.5,71.0,86.0,75.7,66.7,78.5,86.0,66.0,73.7,81.2


========================================================
Test11 (DAC Calibration) results 2008-08-27 17:01:29
Board ID327 30 channels
Linux calibration (server mode)

Calibration DAC Range: [3100 - 3500]

A:
0.735,0.7325,0.735,0.735,0.74,0.7425,0.73,0.7375,0.7325,0.7325
0.735,0.7375,0.7375,0.7375,0.73,0.7325,0.735,0.73,0.7475,0.73
0.725,0.74,0.73,0.7425,0.73,0.735,0.73,0.73,0.7375,0.7375


B:
75.5,84.2,74.5,73.5,68.0,58.2,77.0,67.7,59.2,82.2
83.5,68.7,75.7,78.7,82.0,75.2,81.5,86.0,58.7,70.0
81.5,71.0,86.0,92.2,92.0,78.5,86.0,66.0,72.7,64.7


========================================================
Test11 (DAC Calibration) results 2008-08-28 14:20:08
Board ID327 30 channels
Linux calibration (server mode)

Calibration DAC Range: [3100 - 3500]

A:
0.74,0.7325,0.735,0.735,0.74,0.7375,0.73,0.73,0.7275,0.7325
0.735,0.7375,0.7425,0.7325,0.73,0.7325,0.7325,0.73,0.7425,0.73
0.73,0.74,0.73,0.7475,0.73,0.735,0.73,0.725,0.7375,0.7325


B:
60.0,85.2,74.5,73.5,68.0,74.7,77.0,93.0,75.7,81.2
83.5,67.7,59.2,95.2,82.0,74.2,84.2,86.0,75.2,70.0
66.0,71.0,86.0,75.7,92.0,78.5,86.0,81.5,73.7,81.2


========================================================
Test11 (DAC Calibration) results 2008-09-01 16:34:03
Board ID327 30 channels
Linux calibration (server mode)

Calibration DAC Range: [3100 - 3500]

A:
0.74,0.7325,0.735,0.735,0.74,0.7375,0.73,0.73,0.7225,0.7325
0.735,0.7375,0.7425,0.74,0.73,0.73,0.7325,0.73,0.7475,0.73
0.73,0.74,0.735,0.7475,0.73,0.735,0.73,0.725,0.7375,0.7375


B:
60.0,84.2,74.5,73.5,68.0,73.7,77.0,93.0,92.2,80.2
83.5,68.7,58.2,71.0,82.0,84.0,83.2,86.0,58.7,70.0
66.0,71.0,70.5,76.7,92.0,78.5,86.0,81.5,72.7,64.7


========================================================
Test11 (ADC Calibration) results 2008-12-01 11:08:02
Board ID327 30 channels
Host: ufcmshv3
Linux calibration software

Calibration DAC Range: [1000 - 3500]

A:
0.7572,0.7568,0.7716,0.7688,0.7716,0.7612,0.7472,0.7744,0.7652,0.766
0.7492,0.7512,0.7712,0.7732,0.7732,0.7528,0.7488,0.7552,0.7808,0.7652
0.7536,0.748,0.744,0.7776,0.7488,0.762,0.752,0.7692,0.7696,0.7576


B:
72.8,74.2,67.4,71.1999,71.4,65.8,69.8,75.6,69.7999,71.0001
69.8,76.7999,72.8,75.8001,73.8001,69.2,66.2001,75.7999,72.2001,75.7999
72.4,74.9999,73.9999,75.4,72.2001,68.9999,74.0001,68.7999,72.4001,71.4


========================================================
Test11 (ADC Calibration) results 2008-12-01 11:30:58
Board ID327 30 channels
Host: ufcmshv3
Linux calibration software

Calibration DAC Range: [1000 - 3500]

A:
0.7568,0.7568,0.7708,0.7688,0.772,0.7608,0.7476,0.7744,0.7656,0.7652
0.7484,0.7512,0.7712,0.7728,0.7732,0.7524,0.748,0.7548,0.78,0.7656
0.7536,0.748,0.744,0.7776,0.7492,0.762,0.7512,0.7684,0.7696,0.7572


B:
74.2,74.2,69.2,71.1999,70.9999,66.2,68.3999,75.6,69.3999,72.7999
71.6001,76.7999,72.8,77.1999,73.8001,70.6001,67.9999,76.1999,73.0001,74.3999
72.4,74.9999,73.9999,75.4,70.8,68.9999,75.7999,70.6,72.4001,72.8


========================================================
Test11 (ADC Calibration) results 2008-12-01 13:48:22
Board ID327 30 channels
Host: ufcmshv3
Linux calibration software

Calibration DAC Range: [1000 - 3500]

A:
0.7568,0.7572,0.7712,0.7692,0.772,0.7612,0.7476,0.7744,0.766,0.766
0.7484,0.7512,0.7708,0.7724,0.7732,0.7524,0.7512,0.7552,0.7808,0.7652
0.7532,0.748,0.744,0.7776,0.7492,0.7624,0.7512,0.7688,0.7696,0.7576


B:
74.2,72.8,68.8,70.7999,70.9999,65.8,68.3999,75.6,69.0001,71.0001
71.6001,77.7999,73.2,78.5999,74.8001,71.6001,63.7999,75.7999,72.2001,75.7999
73.8,74.9999,74.9999,75.4,71.8,68.6001,75.7999,70.1999,73.4001,72.4


