========================================================

Test16 results 08-24-2005  17:31:56
Board ID042  8 channels
HV Tests Software Ver.1.6
Calibration DAC Range: [1000 - 2300]


A:
Limits 0.57 +/- 0.1
0.563502,0.565217,0.566943,0.567686,0.564236,0.564481,0.563502,0.566202


B:
Limits 50.0 +/- 60.0
45.179653,43.193825,32.228516,27.615646,43.866257,47.75264,47.60976,36.823284
========================================================
Test16 (Master DAC Calibration) results 2007-07-16 09:26:44
Board ID42 7 channels
Linux calibration software
Calibration DAC Range: [1000 - 2300]

A:
0.563436,0.563187,0.567004,0.568225,0.563875,0.561658,0.564493,0.565431

B:
45.5255,46.8452,31.492,26.606,43.0376,52.2319,41.622,37.4606

