========================================================

Test10 results 07-26-2006  18:32:24
Board ID155  36 channels
HV Tests Software Ver.1.6.1

+5V 2512 - O'k
-5V 1296 - O'k
Interlock - On

Voltmeter channel: A=1.074114, B=19.334087

A:
Limits 1.1 +/- 0.1
1.072961,1.092896,1.072386,1.076426,1.079914,1.083424,1.079331,1.087548,1.083424,1.074691,1.079331,1.072961
1.077006,1.064963,1.075847,1.078749,1.084011,1.084011,1.086957,1.080497,1.081081,1.078749,1.078167,1.081666
1.085187,1.096491,1.087548,1.079914,1.078749,1.077586,1.084011,1.083424,1.081666,1.078749,1.082251,1.088732


B:
Limits 0.0 +/- 30.0
7.51089,9.83589,10.723982,7.534973,9.719189,9.750828,5.396702,0.000145,9.750828,6.448031,10.793356,10.729774
10.769841,22.364149,15.061719,12.944794,13.008133,9.7561,6.521815,9.724482,5.405584,16.18104,7.547299,6.490035
7.596303,7.675477,5.437883,10.799102,9.708548,5.388053,4.336046,17.334793,9.735032,15.102291,9.740297,10.887247
========================================================
Test10 (ADC Calibration) results 2008-03-17 05:36:48
Board ID155 36 channels
Linux calibration software

Voltmeter channel: A=1.08646, B=14.162

A:
1.07171,1.09047,1.07131,1.07359,1.07816,1.08175,1.07494,1.08311,1.0827,1.07312,1.07671,1.0701
1.07508,1.06505,1.07564,1.08099,1.07645,1.07806,1.07161,1.07867,1.07717,1.06001,1.07497,1.07867
1.0819,1.09551,1.08714,1.07937,1.07766,1.0751,1.08169,1.08286,1.08059,1.08129,1.07976,1.08684


B:
-0.0710968,4.37603,2.84127,4.76304,4.3658,4.97258,3.15505,5.45493,2.88446,4.06248,6.49692,7.97844
2.65372,7.31758,4.93351,6.54471,9.46147,9.65918,16.9138,4.01201,4.80268,20.7272,5.10706,4.29063
4.39214,5.30013,3.33142,5.1941,4.37175,6.62206,3.16654,7.76418,4.65703,6.27888,6.6269,6.42874


========================================================
Test10 (ADC Calibration) results 2008-03-18 10:10:02
Board ID155 36 channels
Linux calibration software

Voltmeter channel: A=1.08618, B=15.0602

A:
1.07087,1.09027,1.071,1.07359,1.07766,1.08155,1.0751,1.08301,1.0826,1.07332,1.07726,1.0705
1.07497,1.06475,1.07564,1.08044,1.0705,1.07695,1.07292,1.07867,1.07631,1.06885,1.07409,1.07857
1.08155,1.09617,1.0869,1.07948,1.07766,1.07584,1.08244,1.08286,1.08018,1.08159,1.08041,1.08739


B:
1.39897,4.63127,3.62553,4.76304,4.52707,5.42858,3.14706,4.50005,3.01267,3.80605,4.72946,7.46582
3.38198,7.70238,3.85786,7.23646,13.0071,9.26832,12.246,4.01201,6.01965,15.9593,7.70225,4.21879
5.62854,2.97355,3.84303,5.06584,4.37175,4.20152,1.53402,7.76418,5.56916,5.49471,3.92763,4.64437


========================================================
Test10 (ADC Calibration) results 2008-05-15 15:29:42
Board ID155 36 channels
Linux calibration software

Voltmeter channel: A=1.08443, B=15.7756

A:
1.07161,1.09102,1.06862,1.07477,1.0774,1.08274,1.07514,1.08396,1.08325,1.07427,1.07796,1.07023
1.07467,1.06448,1.07619,1.08089,1.07064,1.07921,1.07386,1.07857,1.07735,1.07064,1.07629,1.07968
1.08305,1.09647,1.08884,1.08008,1.07861,1.0782,1.08184,1.08381,1.07907,1.08174,1.08055,1.08718


B:
1.12863,4.36979,12.8556,3.26262,5.33878,3.91418,3.57385,4.37653,2.19032,3.67931,3.30919,7.80538
4.24099,7.31005,4.04414,7.95406,13.5047,6.2789,12.118,5.41874,5.78882,14.2928,5.51584,4.88967
6.2125,5.68528,1.16796,5.57741,3.36861,4.68125,4.06778,7.84212,7.65752,7.19579,5.90881,6.47546


========================================================
Test10 (ADC Calibration) results 2008-05-15 16:03:23
Board ID155 36 channels
Linux calibration software

Voltmeter channel: A=1.08476, B=14.4874

A:
1.07131,1.09077,1.06842,1.07497,1.07689,1.08285,1.07558,1.0828,1.08315,1.07386,1.07762,1.07003
1.07467,1.06448,1.07629,1.08153,1.07064,1.07346,1.07312,1.07921,1.0753,1.07064,1.07629,1.08012
1.0829,1.09637,1.08884,1.07988,1.07816,1.0782,1.08218,1.08426,1.07867,1.08204,1.08024,1.08773


B:
1.71224,4.08321,13.112,3.00705,6.17783,3.78616,2.13748,7.03899,2.31843,3.11804,4.42132,8.06141
4.24099,7.31005,3.91613,6.93326,13.5047,14.2512,13.0625,3.32042,6.3889,14.2928,5.11608,3.44599
5.79383,5.8133,1.16796,6.03378,3.73141,4.68125,2.54829,6.39185,8.16934,6.41107,6.89269,5.77837


