========================================================

Test11 results 07-26-2006  18:35:50
Board ID155  36 channels
HV Tests Software Ver.1.6.1

+5V 2512 - O'k
-5V 1296 - O'k
Interlock - On
Calibration DAC Range: [2500 - 2900]


A:
Limits 0.76 +/- 0.04
0.750469,0.740741,0.750469,0.75188,0.747664,0.744879,0.747664,0.740741,0.744879,0.754717,0.749064,0.75188
0.750469,0.757576,0.749064,0.746269,0.743494,0.746269,0.742115,0.744879,0.746269,0.749064,0.746269,0.747664
0.744879,0.736648,0.742115,0.749064,0.749064,0.750469,0.743494,0.746269,0.746269,0.747664,0.75188,0.743494


B:
Limits 60.0 +/- 30.0
72.951286,60.898712,73.662727,62.443306,66.876251,64.862518,69.934082,79.626648,64.862518,56.138851,59.058804,65.215858
63.008854,57.779236,66.076157,69.575806,70.288254,61.347904,69.2519,72.763397,68.296074,58.166367,74.408699,64.452553
65.09729,65.558235,69.551567,60.676533,61.48558,66.959259,72.706245,54.876175,65.792717,63.39513,62.457256,56.275307
========================================================
Test11 (DAC Calibration) results 2008-03-17 05:36:48
Board ID155 36 channels
Linux calibration software
Calibration DAC Range: [1100 - 2700]

A:
0.75287,0.739919,0.753154,0.751174,0.748363,0.745504,0.75061,0.744948,0.745226,0.75188,0.748994,0.754006
0.750892,0.757576,0.750117,0.746408,0.749555,0.748433,0.752941,0.748013,0.777681,0.76118,0.750962,0.748013
0.745782,0.736513,0.742184,0.747524,0.748713,0.750117,0.745921,0.74474,0.746687,0.746199,0.751809,0.742391


B:
75.3435,74.4727,73.1499,74.6478,74.4435,72.0994,72.115,71.2263,72.3335,71.4286,70.1338,69.2742
72.7801,68.9394,71.5894,70.4051,69.8117,68.0607,60.9411,71.482,-30.4365,58.7061,70.1306,72.0805
72.0143,71.3863,72.8175,71.4072,72.0169,70.8393,72.1213,70.0242,71.8125,69.7979,71.3749,69.7104


========================================================
Test11 (DAC Calibration) results 2008-03-18 10:10:02
Board ID155 36 channels
Linux calibration software
Calibration DAC Range: [1100 - 2700]

A:
0.753083,0.740056,0.753367,0.751174,0.748713,0.745643,0.750117,0.745018,0.745295,0.751738,0.748994,0.753721
0.750962,0.757791,0.750117,0.746408,0.753722,0.749204,0.752021,0.748013,0.793257,0.754503,0.750821,0.748083
0.745643,0.736445,0.741977,0.747454,0.748713,0.749977,0.745782,0.74474,0.746965,0.74599,0.751738,0.742391


B:
74.7531,74.2831,72.5586,74.6478,73.5143,71.7587,72.6395,71.1307,72.2378,71.6218,70.1338,69.6628
72.2333,68.6462,71.5894,70.4051,67.0998,68.3462,64.4671,71.482,-83.8573,63.765,70.0233,72.134
71.6096,71.7759,72.955,71.5034,72.0169,71.3321,72.0143,70.0242,71.1298,70.3843,72.0728,69.7104


