========================================================

Test10 results 04-03-2006  16:55:13
Board ID006  36 channels
HV Tests Software Ver.1.6

+5V 2523 - O'k
-5V 1291 - O'k
Interlock - On

Voltmeter channel: A=1.075269, B=5.376168

A:
Limits 1.1 +/- 0.1
1.083424,1.079914,1.072386,1.079331,1.084599,1.084599,1.081666,1.084011,1.078167,1.079331,1.078749,1.075269
1.084599,1.075847,1.082837,1.085187,1.085187,1.077586,1.088732,1.084599,1.086366,1.077586,1.088139,1.066098
1.079331,1.076426,1.082251,1.080497,1.081666,1.084011,1.077586,1.074691,1.078167,1.082251,1.097695,1.080497


B:
Limits 0.0 +/- 35.0
1.083439,4.31962,9.651596,12.952018,7.592331,13.015324,15.143361,7.588078,9.703633,4.317371,11.866045,11.827781
3.253936,4.303246,5.41436,5.425929,11.937052,3.232881,1.088662,1.084739,4.345641,1.077708,5.440646,3.198246
15.11068,9.687826,8.658047,8.643984,1.081706,15.176154,11.85357,5.373341,10.781801,6.493545,7.683744,5.402493
========================================================
Test10 (ADC Calibration) results 2008-05-08 11:01:43
Board ID6 36 channels
Linux calibration software

Voltmeter channel: A=1.07353, B=10.636

A:
1.08362,1.07948,1.07363,1.07892,1.08488,1.08458,1.08187,1.08322,1.07926,1.07789,1.07731,1.07518
1.08442,1.07505,1.08277,1.08559,1.08528,1.07658,1.0884,1.08368,1.08705,1.07678,1.0888,1.0665
1.07976,1.07688,1.08183,1.08044,1.08211,1.08438,1.07731,1.07451,1.07893,1.08187,1.09747,1.07956


B:
-2.8491,2.46774,4.2253,10.5405,4.43579,10.8215,11.9628,6.90103,3.63079,4.30152,11.2761,8.32391
0.602007,2.50999,2.25117,4.50779,8.15189,2.74404,-1.23741,0.344996,-0.0381883,0.870278,2.33657,-1.85194
10.5075,5.44976,7.26113,6.30972,-1.51206,10.1628,9.50799,2.30599,6.12722,4.91717,5.20724,2.92485


