========================================================

Test11 results 04-03-2006  16:58:08
Board ID006  36 channels
HV Tests Software Ver.1.6

+5V 2522 - O'k
-5V 1291 - O'k
Interlock - On
Calibration DAC Range: [2500 - 2900]


A:
Limits 0.76 +/- 0.04
0.742115,0.742115,0.747664,0.744879,0.742115,0.740741,0.744879,0.742115,0.744879,0.744879,0.743494,0.747664
0.740741,0.749064,0.742115,0.739372,0.740741,0.747664,0.739372,0.743494,0.738007,0.746269,0.738007,0.753296
0.744879,0.746269,0.743494,0.744879,0.743494,0.742115,0.746269,0.747664,0.744879,0.743494,0.735294,0.744879


B:
Limits 60.0 +/- 40.0
64.132278,71.062431,67.29718,62.787003,58.782566,60.694717,47.786312,55.426926,63.513878,64.317314,66.379829,55.662762
64.77874,51.221069,64.204025,70.019333,57.678947,57.509651,62.390236,61.422771,77.85334,68.439095,66.019638,66.804817
59.496151,57.263287,57.17981,52.406525,61.934109,56.163784,62.733311,60.405205,60.375057,54.765812,67.845833,62.059402
========================================================
Test11 (DAC Calibration) results 2008-05-08 11:01:43
Board ID6 36 channels
Linux calibration software
Calibration DAC Range: [1100 - 2700]

A:
0.741977,0.743702,0.748503,0.744463,0.740741,0.740947,0.742804,0.742253,0.744602,0.745921,0.745573,0.747803
0.741427,0.748643,0.742184,0.740261,0.740467,0.746826,0.738348,0.741565,0.738894,0.746687,0.738075,0.753509
0.744255,0.746617,0.742459,0.744532,0.743011,0.741084,0.745573,0.748643,0.745573,0.742804,0.736309,0.744394


B:
68.9482,70.5682,69.0121,69.6631,68.889,64.1567,60.0742,60.1039,69.4714,67.6458,65.89,59.8057
67.1919,59.0867,69.7004,70.4451,64.5315,66.3927,71.4813,73.5261,79.1445,71.8125,69.6467,71.1593
67.5692,61.1573,66.4965,58.3992,67.9577,65.4469,69.6179,62.9796,63.3551,62.8969,69.9034,70.801


