========================================================

Test10 results 09-01-2005  17:55:07
Board ID409  30 channels
HV Tests Software Ver.1.6

+5V 2479 - O'k
-5V 1327 - O'k
Interlock - On

Voltmeter channel: A=1.080497, B=5.402493

A:
Limits 1.1 +/- 0.1
1.075847,1.073537,1.079914,1.077006,1.078167,1.072961,1.077006,1.078167,1.074691,1.067806
1.071237,1.072961,1.076426,1.061571,1.080497,1.073537,1.077586,1.091107,1.078167,1.074114
1.075847,1.073537,1.080497,1.080497,1.074114,1.072961,1.074114,1.078749,1.075847,1.06553


B:
Limits 0.0 +/- 35.0
6.454941,4.293984,8.639275,9.692835,7.547299,13.948658,11.846848,14.016302,5.373341,11.745905
12.854673,13.948658,11.840678,15.923582,10.804978,8.588134,7.543225,3.273273,4.312799,3.22238
6.454941,8.588134,10.804978,8.643984,13.963518,6.437928,12.889404,11.866045,7.530788,18.114159
========================================================
Test10 (ADC Calibration) results 2008-06-03 08:56:25
Board ID409 30 channels
Linux calibration software

Voltmeter channel: A=1.07558, B=-1163.11

A:
1.07495,1.07341,1.08014,1.0765,1.07649,1.07246,1.07624,1.07929,1.07357,1.06663
1.07027,1.07232,1.0758,1.06215,1.08018,1.07297,1.07873,1.0907,1.07772,1.07216
1.07436,1.07414,1.08095,1.08014,1.07432,1.07408,1.07118,1.07863,1.07431,1.06872


B:
3.91386,-1.0071,3.3805,5.62342,6.10079,9.8648,8.68188,7.77385,4.38356,9.17626
11.3925,10.5112,7.89075,15.0661,5.76857,5.62491,5.17462,1.50474,0.578455,1.17665
5.56891,3.13712,7.15567,4.10083,9.39395,0.0693362,15.1757,7.46016,5.40279,11.0673


========================================================
Test10 (ADC Calibration) results 2008-06-16 13:15:45
Board ID409 30 channels
Linux calibration software

Voltmeter channel: A=1.07, B=0

A:
1.07803,1.07571,1.08333,1.0792,1.08018,1.07536,1.07955,1.0818,1.07634,1.06978
1.07394,1.07554,1.07875,1.06488,1.08306,1.07554,1.0818,1.09345,1.08054,1.07589
1.07723,1.07669,1.08333,1.08297,1.07759,1.07669,1.07607,1.08135,1.07768,1.07102


B:
4.11312,0.2316,3.3332,6.70778,5.15167,10.4557,8.10494,9.07047,5.46452,9.38094
8.54213,11.1522,8.62987,14.7772,6.18197,5.98995,5.82507,1.46367,0.498648,-0.794505
5.50214,4.27377,8.53325,4.96509,9.48287,1.90509,10.8768,7.10371,5.09014,12.0946


========================================================
Test10 (ADC Calibration) results 2008-06-17 07:08:50
Board ID409 30 channels
Linux calibration software

Voltmeter channel: A=1.07, B=0

A:
1.09056,1.08822,1.09602,1.09156,1.09256,1.08768,1.09183,1.09392,1.08894,1.0823
1.08615,1.08777,1.09111,1.07628,1.09583,1.08813,1.09401,1.10569,1.09292,1.08858
1.08948,1.08894,1.09565,1.09529,1.09029,1.08894,1.0884,1.0941,1.09011,1.08222


B:
2.53847,-1.38815,1.66541,6.20309,3.53791,8.90318,7.26323,8.84525,3.60454,7.78617
7.91941,10.1259,7.49255,14.4403,4.68271,4.57162,5.04228,1.38744,-0.294235,-2.1583
4.84755,3.1692,7.91762,4.08964,7.58672,1.20906,10.1995,5.17747,4.04621,11.5485


