========================================================

Test10 results 12-09-2005  12:15:27
Board ID098  36 channels
HV Tests Software Ver.1.6

+5V 3062 - O'k
-5V 1375 - O'k
Interlock - On

Voltmeter channel: A=1.072386, B=13.94114

A:
Limits 1.1 +/- 0.1
1.075847,1.073537,1.077586,1.070664,1.075847,1.082837,1.077586,1.077586,1.074114,1.075847,1.080497,1.075847
1.078749,1.078167,1.075847,1.083424,1.071237,1.075269,1.079331,1.077006,1.075847,1.075269,1.076426,1.079914
1.082251,1.078749,1.071237,1.083424,1.078749,1.077006,1.072386,1.075269,1.071811,1.074691,1.087548,1.075847


B:
Limits 0.0 +/- 35.0
18.289261,10.735209,4.310467,18.201292,8.606635,6.497197,14.008742,14.008742,11.81529,12.910025,9.724482,9.682483
6.472301,11.859968,6.454941,6.500557,9.640962,10.752512,12.952018,1.076787,6.454941,16.128857,12.917105,12.958929
18.398306,5.393553,12.854673,9.750828,10.787296,7.538823,8.57921,12.903049,10.718273,11.821486,11.963168,5.379094
========================================================
Test10 (ADC Calibration) results 2007-06-11 21:42:02
Board ID98 36 channels
Linux calibration software

Voltmeter channel: A=1.06131, B=6.34264

A:
1.0921,1.08511,1.08765,1.07138,1.09689,1.09959,1.09785,1.09514,1.09227,1.09546,1.05995,1.09291
1.09577,1.09386,1.08015,1.10168,1.09067,1.09418,1.09753,1.09354,1.09275,1.09322,1.09498,1.09785
1.10199,1.09929,1.09194,1.10088,1.10088,1.07587,1.09226,1.07887,1.09338,1.09338,1.106,1.09514


B:
-2.353,2.0624,10.2888,36.3935,-17.6335,-22.8091,-20.8078,-21.4643,-24.8283,-25.376,21.6995,-21.6273
-22.2182,-18.2431,6.3563,-25.2461,-21.7828,-22.6491,-17.7037,-23.5788,-22.739,-5.52405,-22.3893,-21.011
-17.5124,-38.9704,-26.3679,-24.391,-15.826,19.8249,-26.5079,19.1139,-25.7904,-27.1798,-25.5777,-34.6043


========================================================
Test10 (ADC Calibration) results 2007-06-11 22:25:31
Board ID98 36 channels
Linux calibration software

Voltmeter channel: A=1.05922, B=5.92971

A:
1.08971,1.08566,1.09056,1.07664,1.0934,1.0951,1.09136,1.08911,1.08647,1.08921,1.06418,1.08876
1.09121,1.08956,1.08171,1.0959,1.08496,1.08901,1.0926,1.08842,1.08791,1.08936,1.08906,1.09245
1.0966,1.09135,1.08512,1.09515,1.0958,1.07814,1.08492,1.08078,1.08661,1.08626,1.09935,1.08741


B:
-2.41438,-6.39547,-12.7096,7.83635,-9.60945,-11.522,-2.39245,-3.64091,-6.47873,-6.36792,0.524764,-9.25851
-9.36301,-5.2341,-0.388612,-9.88024,-5.63247,-8.15108,-6.88298,-15.397,-11.9168,-3.76298,-4.88556,-5.5898
-1.63968,-13.8145,-7.1977,-7.21112,-9.349,7.0213,-7.74357,9.96494,-5.95623,-5.46831,-5.8571,-11.0514


========================================================
Test10 (ADC Calibration) results 2007-06-12 10:33:30
Board ID98 36 channels
Linux calibration software

Voltmeter channel: A=1.05909, B=2.2376

A:
1.08971,1.08546,1.09006,1.07574,1.08161,1.09485,1.0923,1.08906,1.08647,1.08916,1.06263,1.08811
1.09116,1.08901,1.08087,1.09615,1.08516,1.08896,1.0929,1.08757,1.08831,1.08896,1.08891,1.0923
1.0966,1.09076,1.08487,1.095,1.0948,1.07877,1.08467,1.08097,1.08656,1.08162,1.09925,1.08731


B:
-2.41438,-6.53348,-12.7602,8.21004,4.86497,-11.2981,-4.7109,-3.57599,-6.67824,-6.40285,1.43572,-7.33072
-9.19868,-4.62528,1.6944,-10.3056,-6.19014,-8.18498,-8.36479,-13.5136,-12.4326,-3.54215,-4.89052,-5.39479
-1.7389,-13.2364,-7.07211,-7.11641,-8.34898,4.82284,-7.71784,9.51549,-5.7917,7.65507,-5.82718,-11.0203


========================================================
Test10 (ADC Calibration) results 2007-06-12 14:42:03
Board ID98 36 channels
Linux calibration software

Voltmeter channel: A=1.05479, B=9.81821

A:
1.08931,1.08457,1.08951,1.07568,1.08077,1.09455,1.0924,1.08896,1.08582,1.08911,1.06298,1.08811
1.09111,1.08891,1.08082,1.096,1.07404,1.08891,1.09156,1.08737,1.08761,1.08761,1.08886,1.0919
1.0965,1.09121,1.08477,1.09485,1.08097,1.07734,1.08447,1.08018,1.07543,1.07847,1.09864,1.08731


B:
-2.29235,-5.66779,-12.6469,6.61455,5.96306,-9.91517,-4.74093,-3.44615,-5.94103,-6.43754,-0.310899,-8.31937
-9.03474,-4.49602,0.281398,-10.3095,8.74513,-8.21932,-6.11705,-13.8529,-11.8249,-1.99971,-4.92511,-4.77618
-1.50969,-15.1092,-7.34051,-7.12037,5.44926,6.76501,-7.85616,10.0465,5.70731,8.60209,-5.05076,-11.1201


========================================================
Test10 (ADC Calibration) results 2007-07-12 16:19:31
Board ID98 36 channels
Linux calibration software

Voltmeter channel: A=1.05539, B=18.3819

A:
1.07757,1.07306,1.07723,1.06372,1.06867,1.08251,1.08088,1.07717,1.07426,1.07703,1.05858,1.07573
1.07998,1.07733,1.06837,1.08384,1.06222,1.07681,1.07982,1.07563,1.0756,1.0761,1.07647,1.07978
1.0851,1.07928,1.07366,1.08275,1.0672,1.0655,1.07285,1.06824,1.06292,1.0669,1.08695,1.0754


B:
11.9244,8.13521,2.06235,21.905,21.3796,4.07187,9.93303,10.6016,7.46222,9.0136,30.1686,7.75447
4.78616,9.22265,16.3676,4.67864,23.1793,7.61285,6.91552,-0.0122881,2.89005,10.3878,11.345,9.96776
13.9472,-0.298691,6.29732,8.42712,22.7051,20.8544,5.2156,24.4894,21.6779,22.5602,9.75033,3.52566


========================================================
Test10 (ADC Calibration) results 2007-07-12 16:44:39
Board ID98 36 channels
Linux calibration software

Voltmeter channel: A=1.0498, B=17.5228

A:
1.07777,1.07296,1.07737,1.06332,1.06881,1.08305,1.08098,1.07697,1.07466,1.07723,1.06964,1.07617
1.07988,1.07763,1.06867,1.08363,1.06169,1.07681,1.07962,1.07543,1.07516,1.07422,1.07593,1.07924
1.0847,1.07898,1.07356,1.08329,1.06774,1.0654,1.07269,1.06794,1.06262,1.06637,1.08749,1.07526


B:
11.6626,8.46654,1.60493,23.492,20.1347,2.68515,9.6026,10.4628,7.74019,7.67619,19.8721,7.78339
5.31644,9.43248,14.5052,5.14036,23.871,7.61285,7.37723,0.772307,3.26234,15.1106,12.0459,10.6741
14.6712,0.69381,7.02835,6.6377,20.9417,21.585,5.55636,25.481,21.87,23.2602,8.35803,3.70611


========================================================
Test10 (ADC Calibration) results 2007-10-24 10:33:53
Board ID98 36 channels
Linux calibration software

Voltmeter channel: A=1.05302, B=27.4174

A:
1.07727,1.07215,1.07623,1.06426,1.06901,1.08205,1.07974,1.07609,1.07376,1.07727,1.06984,1.07499
1.07948,1.07673,1.06871,1.08313,1.06158,1.07661,1.07992,1.07429,1.07516,1.07456,1.07509,1.08002
1.0846,1.07878,1.07416,1.08245,1.06744,1.0653,1.07165,1.06784,1.06272,1.06616,1.08655,1.07496


B:
11.1623,8.96852,3.20745,20.0803,19.7343,3.42212,12.339,12.1306,8.04074,7.34866,18.2719,8.8411
5.27847,9.32767,14.9221,4.8286,23.9396,6.722,5.62479,2.65128,1.91206,13.5215,12.6608,7.41369
14.5174,-0.802468,5.56989,7.65363,20.7984,20.785,6.83915,24.4759,21.014,23.3903,-3.10426,2.94909


========================================================
Test10 (ADC Calibration) results 2008-06-17 15:59:19
Board ID098 36 channels
Linux calibration software

Voltmeter channel: A=1.07, B=0

A:
1.09408,1.08936,1.09389,1.08119,1.08701,1.0993,1.09783,1.09353,1.09144,1.09444,1.08656,1.09344
1.09691,1.09435,1.08638,1.10096,1.07941,1.09462,1.09618,1.09244,1.09244,1.0918,1.09362,1.09636
1.1016,1.09517,1.0908,1.09948,1.0845,1.08253,1.08917,1.0853,1.08057,1.08262,1.10383,1.09253


B:
13.5468,9.35733,2.11783,17.7352,16.2984,4.60424,11.2215,12.9518,8.532,9.05466,16.4931,7.5683
5.91521,9.57626,12.3123,5.06585,19.1545,6.47952,8.99874,-0.688912,3.68084,13.0018,10.0257,11.024
14.8296,2.25293,7.15214,8.8335,18.8179,18.2381,7.12735,20.9011,17.228,20.5375,10.1683,3.59669


========================================================
Test10 (ADC Calibration) results 2008-07-16 21:23:30
Board ID098 36 channels
Linux calibration software

Voltmeter channel: A=1.07, B=0

A:
1.09521,1.09039,1.09464,1.08143,1.08851,1.10027,1.09826,1.09464,1.09209,1.09559,1.08786,1.09436
1.09788,1.09502,1.08711,1.10171,1.08041,1.09521,1.09702,1.09294,1.09322,1.09247,1.09417,1.09731
1.10171,1.09616,1.09162,1.10056,1.08542,1.08366,1.0902,1.08626,1.08124,1.08338,1.1045,1.09351


B:
12.289,7.96777,1.64392,17.0861,14.2703,3.27238,11.4843,11.7145,7.49714,7.55977,14.6541,6.50261
4.80569,9.39634,12.2971,4.37596,18.0223,6.3751,7.78724,-0.935772,2.51844,12.6118,9.95921,10.1589
14.7323,1.11794,7.4947,7.41095,17.9682,16.7712,5.7429,20.0233,16.608,18.7606,9.99417,2.69363


========================================================
Test10 (ADC Calibration) results 2008-07-19 11:34:37
Board ID098 36 channels
Linux calibration software

Voltmeter channel: A=1.07, B=0

A:
1.09512,1.0903,1.09464,1.08143,1.08814,1.10008,1.09864,1.09445,1.09199,1.09531,1.08748,1.09426
1.09778,1.09502,1.08739,1.10123,1.0805,1.09512,1.09683,1.09341,1.09284,1.09237,1.09455,1.09712
1.10171,1.09635,1.0919,1.10046,1.08533,1.0831,1.08964,1.08617,1.08115,1.08338,1.10441,1.09332


B:
12.1571,8.05438,1.64392,16.2209,14.8314,3.66824,10.6969,11.8879,7.36567,7.82134,15.2152,6.58964
4.45421,9.1775,10.9515,5.03542,17.5048,6.02456,8.18095,-2.2484,2.86737,12.2618,8.95497,10.1137
13.8509,0.28445,7.01568,7.49838,17.6196,17.2833,6.69959,19.8913,16.6927,18.5441,10.0818,3.08666


========================================================
Test10 (ADC Calibration) results 2008-07-19 14:46:21
Board ID098 36 channels
Linux calibration software

Voltmeter channel: A=1.07, B=0

A:
1.09493,1.09001,1.09455,1.08124,1.08795,1.09989,1.09874,1.09455,1.09209,1.09512,1.08739,1.09389
1.0975,1.09483,1.08683,1.10113,1.07995,1.09502,1.09683,1.09332,1.09303,1.09218,1.09445,1.09721
1.10171,1.09588,1.09152,1.10056,1.08514,1.083,1.08992,1.0858,1.08087,1.08282,1.10441,1.09332


B:
12.9873,8.75036,1.95009,16.608,15.6561,4.28372,10.3899,11.5822,7.27878,8.65274,14.8662,7.15735
5.3755,9.57056,11.6859,5.12388,18.6632,6.33022,7.96163,-2.16132,2.69316,12.6528,9.69898,9.58804
13.4099,2.03838,7.58142,7.63139,17.7904,17.3682,6.22126,20.6668,17.3809,19.7046,10.0818,3.08666


========================================================
Test10 (ADC Calibration) results 2008-07-20 08:08:59
Board ID098 36 channels
Linux calibration software

Voltmeter channel: A=1.07, B=0

A:
1.09493,1.07343,1.09436,1.08106,1.08832,1.10037,1.09864,1.09464,1.09171,1.09521,1.08711,1.09436
1.09759,1.09512,1.08701,1.10161,1.07976,1.09512,1.09702,1.09332,1.09303,1.09237,1.09455,1.09702
1.10161,1.09616,1.0918,1.10065,1.08542,1.08282,1.08973,1.08598,1.08106,1.08245,1.10479,1.0936


B:
12.9873,24.0134,2.34437,17.6428,15.0954,3.6248,10.6969,11.2768,8.06277,8.12717,15.9932,6.50261
5.06814,8.65274,11.731,4.24371,19.2646,6.4625,7.56789,-1.72372,3.34882,12.9169,9.39307,10.2006
14.1582,0.679195,7.321,7.7636,17.3172,17.9724,6.39477,20.4963,16.7782,20.9112,9.28903,2.60629


========================================================
Test10 (ADC Calibration) results 2008-07-20 17:40:55
Board ID098 36 channels
Linux calibration software

Voltmeter channel: A=1.07, B=0

A:
1.09512,1.06853,1.09483,1.08124,1.08795,1.10017,1.09864,1.09474,1.09199,1.09512,1.08739,1.09445
1.09788,1.09512,1.08739,1.10152,1.07976,1.09521,1.09712,1.09351,1.09313,1.09237,1.09407,1.09712
1.10161,1.09645,1.0918,1.10065,1.08514,1.08319,1.08954,1.08626,1.08106,1.083,1.1047,1.09332


B:
12.8142,28.0994,1.46852,17.2565,15.4386,3.58029,10.6969,11.19,6.9291,8.65274,15.0837,6.41562
4.36676,8.65274,10.9515,4.55231,19.0487,6.15573,7.91947,-1.6804,2.60559,12.2618,9.82738,10.1137
14.1582,0.415458,7.321,7.32317,18.2244,17.1979,6.78616,19.5885,17.2106,19.3177,9.5982,3.08666


========================================================
Test10 (ADC Calibration) results 2008-07-24 12:08:22
Board ID098 36 channels
Linux calibration software

Voltmeter channel: A=1.07, B=0

A:
1.09483,1.08917,1.09407,1.08115,1.08823,1.09931,1.09836,1.09445,1.0919,1.09464,1.08776,1.09398
1.09683,1.09455,1.08711,1.10094,1.08023,1.09483,1.09693,1.09284,1.09256,1.0918,1.09398,1.09712
1.10104,1.09597,1.09171,1.09998,1.08552,1.08291,1.08964,1.08608,1.08134,1.08291,1.10441,1.09294


B:
12.6358,13.8861,1.9501,16.9089,14.746,3.93075,10.299,11.4502,7.01568,8.6498,14.305,6.63232
5.32908,9.17422,10.9927,5.07898,17.76,5.84785,7.43549,-0.84819,3.12977,12.9983,9.03902,9.67458
14.02,0.635467,6.5346,8.15578,16.797,17.6705,6.26345,19.976,16.306,19.1863,9.41902,3.21745


