========================================================

Test11 results 03-28-2005  15:51:50
Board ID030  36 channels
HV Tests Software Ver.1.6

+5V 2529 - O'k
-5V 1307 - O'k
Interlock - On
Calibration DAC Range: [2500 - 2900]


A:
Limits 0.76 +/- 0.04
0.744879,0.747664,0.753296,0.742115,0.749064,0.746269,0.753296,0.746269,0.75188,0.749064,0.743494,0.749064
0.75188,0.749064,0.747664,0.747664,0.749064,0.749064,0.743494,0.746269,0.75188,0.747664,0.743494,0.746269
0.742115,0.744879,0.747664,0.744879,0.744879,0.750469,0.754717,0.749064,0.742115,0.739372,0.753296,0.744879


B:
Limits 60.0 +/- 30.0
60.149014,60.242931,56.268791,64.57563,61.82299,64.099037,61.087234,61.692982,58.673626,60.936401,65.502556,58.613316
56.264896,65.748444,57.032322,59.682365,59.33239,63.427917,60.108044,61.692982,64.110252,61.684776,66.379829,62.494999
66.105881,59.496151,66.495483,61.602219,54.819744,57.84938,52.147659,62.710674,63.114952,50.263531,57.268158,63.282742
========================================================
Test11 (DAC Calibration) results 2007-09-21 11:27:58
Board ID30 36 channels
Linux calibration software
Calibration DAC Range: [1100 - 2700]

A:
0.743149,0.745504,0.749906,0.741633,0.748013,0.744671,0.750751,0.74481,0.749064,0.747943,0.742597,0.747594
0.749906,0.747454,0.745573,0.74481,0.747175,0.747454,0.741015,0.745434,0.750469,0.745782,0.742666,0.74481
0.741496,0.741702,0.74613,0.743771,0.740466,0.748293,0.751174,0.747314,0.741015,0.735903,0.749695,0.742804


B:
70.7385,71.2048,69.3289,69.7229,69.238,71.3116,72.3723,69.9283,70.7865,68.1378,70.7602,67.5731
65.8793,72.9984,67.3812,72.3116,69.3469,72.2509,70.8781,66.8282,71.107,70.5228,70.5162,70.6731
68.5791,72.1491,73.3257,67.6459,71.344,68.104,66.3849,71.6955,68.5069,65.4676,72.1674,73.4447


========================================================
Test11 (DAC Calibration) results 2008-05-20 11:12:14
Board ID30 36 channels
Linux calibration software
Calibration DAC Range: [1100 - 2700]

A:
0.743287,0.745365,0.750469,0.741633,0.748013,0.744532,0.75061,0.744602,0.748994,0.747594,0.742735,0.747594
0.749695,0.747384,0.745226,0.74481,0.747105,0.747245,0.740878,0.745295,0.750399,0.745712,0.742735,0.744602
0.741427,0.747175,0.745921,0.743633,0.740398,0.748363,0.751174,0.747105,0.741015,0.735767,0.749766,0.742942


B:
69.6554,71.3967,68.8556,69.4261,69.238,71.354,72.8656,69.4714,71.0325,68.7693,70.5691,67.5731
66.1699,73.0942,67.8621,72.3116,69.4435,72.6882,70.7724,67.0208,71.2033,70.6191,69.8263,70.9606
68.6747,65.4617,73.6132,67.8379,71.5871,68.0075,66.3849,71.8342,67.914,65.9524,70.5717,72.957


