========================================================
Test10 (ADC Calibration) results 2014-01-19 19:51:39
Board IDXXX 30 channels
Host: ufcmshv1
Linux calibration software

Voltmeter channel: A=1.09534, B=7.90604

A:
1.12054,1.07961,1.08556,1.08258,1.07639,1.07657,1.10016,1.0842,1.08756,1.11459
1.1251,1.08538,1.10408,1.09249,1.12822,1.07408,1.07711,1.10035,1.09728,1.09396
1.0902,1.08366,1.08628,1.04913,1.06103,1.09194,1.08393,1.10147,1.09249,1.10203


B:
5.54525,11.3146,7.18706,7.74098,7.57821,7.41413,7.9556,8.20819,7.75899,7.69296
8.26453,6.91808,8.40327,8.29683,8.00142,6.26575,7.35338,7.78801,6.37254,7.40361
7.9704,6.75153,6.74259,9.14066,7.48648,7.92103,6.07069,7.00313,7.64111,6.94073


========================================================
Test10 (ADC Calibration) results 2014-03-12 16:28:39
Board ID445 30 channels
Host: ufcmshv1
Linux calibration software

Voltmeter channel: A=1.10709, B=0.839365

A:
1.08393,1.08042,1.07755,1.07693,1.07988,1.07577,1.0996,1.0852,1.08186,1.08429
1.08105,1.10184,1.10512,1.07249,1.09011,1.07845,1.08114,1.08801,1.07453,1.07506
1.07391,1.07302,1.07622,1.11173,1.08132,1.11823,1.08078,1.07746,1.07845,1.07648


B:
-0.866364,0.854066,1.12479,0.62497,-0.161349,0.405166,1.63969,1.00641,0.610062,0.101368
1.35525,1.37892,1.29088,0.443325,2.60258,0.0828374,1.27278,0.381451,1.12834,1.06417
1.05993,0.593905,1.49978,1.55853,0.890935,2.00018,1.60381,2.06902,0.514509,1.03738


