========================================================

Test10 results 01-27-2005  14:05:44
Board ID294  30 channels
HV Tests Software Ver.1.6

+5V 2505 - O'k
-5V 1336 - O'k
Interlock - On

Voltmeter channel: A=1.079914, B=4.31962

A:
Limits 1.1 +/- 0.1
1.089325,1.076426,1.078167,1.077006,1.079914,1.074691,1.078167,1.084011,1.074691,1.075269
1.072386,1.076426,1.079914,1.071811,1.077006,1.085776,1.075269,1.068947,1.074691,1.078749
1.070091,1.080497,1.071811,1.086957,1.079331,1.075847,1.074691,1.075269,1.076426,1.073537


B:
Limits 0.0 +/- 30.0
7.625365,6.458547,7.547299,7.538823,8.639275,8.597414,6.469132,7.588078,10.746796,-2.150714
1.072508,5.382121,4.31962,8.57465,8.615829,3.257333,5.376168,7.482668,6.448031,5.393553
5.350263,7.563487,8.57465,7.629395e-005,3.23804,4.303246,4.298649,7.526706,6.458547,7.514596
========================================================
Test10 (ADC Calibration) results 2007-09-06 10:30:26
Board ID294 30 channels
Linux calibration software

Voltmeter channel: A=1.07327, B=-1408.06

A:
1.08868,1.07575,1.07702,1.07715,1.08006,1.07441,1.07745,1.08327,1.07565,1.07405
1.07174,1.07505,1.07982,1.07144,1.07321,1.08413,1.07425,1.06764,1.07281,1.07776
1.06964,1.08036,1.06914,1.0872,1.07766,1.07489,1.07311,1.07575,1.07244,1.07261


B:
4.7834,5.53533,6.15805,3.77966,4.24267,6.38113,5.79294,6.11926,5.51252,-1.92982
-1.91874,5.68552,1.87098,6.85305,9.25206,4.8977,3.46514,7.02095,7.36724,4.08432
3.51337,4.3367,9.019,-3.13596,3.21291,3.99569,4.381,4.53533,9.70852,5.98787


