========================================================

Test10 results 10-05-2005  17:45:31
Board ID083  36 channels
HV Tests Software Ver.1.6

+5V 2486 - O'k
-5V 1309 - O'k
Interlock - On

Voltmeter channel: A=1.075847, B=5.379094

A:
Limits 1.1 +/- 0.1
1.071237,1.074691,1.075269,1.071811,1.074114,1.078749,1.070664,1.070664,1.072961,1.066667,1.071237,1.077586
1.072961,1.078167,1.066667,1.072961,1.078167,1.081666,1.068947,1.064963,1.075847,1.072961,1.075269,1.071811
1.077006,1.074114,1.081081,1.074114,1.071811,1.077586,1.070091,1.067236,1.075269,1.077586,1.077006,1.071811


B:
Limits 0.0 +/- 35.0
9.640962,6.448031,6.451437,11.790084,5.370607,7.55105,12.847973,9.635981,8.583851,4.266459,9.640962,11.85357
11.802734,7.547299,4.266459,8.583851,14.016302,7.571701,8.551615,9.584596,6.454941,6.437928,11.827781,8.57465
14.000859,6.444721,10.810989,13.963518,11.790084,12.931156,13.910991,-1.067117,9.677243,12.931156,12.923853,2.143782
========================================================
Test10 (ADC Calibration) results 2007-10-15 16:44:32
Board ID83 36 channels
Linux calibration software

Voltmeter channel: A=1.07458, B=9.55597

A:
1.07122,1.07263,1.07384,1.07131,1.07361,1.08059,1.07226,1.07115,1.07482,1.06623,1.07253,1.07685
1.07385,1.0816,1.06532,1.07937,1.07778,1.08247,1.06781,1.06013,1.07697,1.07313,1.0758,1.07297
1.07737,1.07596,1.08146,1.07802,1.07185,1.07681,1.07323,1.06785,1.07727,1.07782,1.08244,1.07216


B:
5.2668,6.81949,5.92042,8.71749,3.18922,6.77439,7.24827,3.71432,2.97482,1.22028,7.25562,10.6823
7.84201,2.0527,3.45371,7.03736,10.6112,7.02089,7.08231,11.8735,5.67934,4.68886,8.51804,5.15204
9.59929,4.7592,5.31453,8.14977,8.54482,11.1792,11.2147,-2.43262,6.17258,8.25012,6.54238,0.432095


========================================================
Test10 (ADC Calibration) results 2007-10-16 16:24:35
Board ID83 36 channels
Linux calibration software

Voltmeter channel: A=1.07444, B=9.80575

A:
1.07024,1.07317,1.07414,1.07131,1.07287,1.08059,1.07185,1.07169,1.07428,1.06687,1.07297,1.07671
1.07412,1.08105,1.06586,1.06353,1.07842,1.08202,1.06781,1.0601,1.07731,1.07273,1.076,1.07327
1.07737,1.07681,1.08135,1.07808,1.07185,1.07755,1.07333,1.06721,1.07673,1.07772,1.08325,1.07185


B:
7.58759,6.53022,5.93717,8.71749,4.5344,7.17468,8.56005,3.22695,4.73887,-1.05568,5.82472,11.028
7.5031,2.74638,1.70037,20.1889,8.71608,7.58831,6.88236,11.7121,4.96873,5.99984,7.18671,4.76773
9.99958,2.40958,5.84272,9.14952,8.74477,10.0302,11.0868,-1.41842,6.86113,8.57845,5.52283,1.61667


========================================================
Test10 (ADC Calibration) results 2007-10-18 10:49:56
Board ID83 36 channels
Linux calibration software

Voltmeter channel: A=1.07512, B=7.35638

A:
1.07058,1.07276,1.07513,1.07165,1.07232,1.07984,1.07185,1.07139,1.07408,1.06677,1.07317,1.07671
1.07425,1.08115,1.06542,1.06218,1.07842,1.08236,1.06801,1.06785,1.07721,1.07273,1.07539,1.07307
1.07717,1.07616,1.0821,1.07836,1.07175,1.07745,1.07377,1.067,1.07836,1.07826,1.08233,1.0725


B:
5.6854,7.44411,3.61509,7.21632,6.09424,9.20554,8.56005,3.412,4.99526,-0.527979,5.36899,10.121
6.65235,2.41765,3.12477,21.9021,8.71608,7.14968,6.22609,16.3065,5.09663,5.99984,9.15376,4.82352
10.2552,4.1035,4.89313,7.71535,7.80151,10.1583,10.5277,-0.0946239,3.71535,7.88686,6.46964,0.000948906


========================================================
Test10 (ADC Calibration) results 2008-06-17 15:59:18
Board ID083 36 channels
Linux calibration software

Voltmeter channel: A=1.07, B=0

A:
1.08791,1.09053,1.09144,1.08854,1.09053,1.0993,1.08917,1.088,1.0918,1.08414,1.0908,1.09499
1.09216,1.09335,1.08307,1.07977,1.09481,1.10077,1.08494,1.08405,1.09581,1.09053,1.09289,1.08999
1.09499,1.09462,1.09838,1.10003,1.088,1.08701,1.09517,1.08521,1.09499,1.09535,1.10568,1.09098


B:
6.77018,6.09371,4.60271,7.92815,4.34875,6.58303,6.69179,5.59892,6.01453,-1.23541,6.06134,9.42915
6.335,8.74502,2.36684,16.8841,11.3481,7.43613,6.90694,14.6752,6.04607,4.5668,8.50708,5.72293
8.99086,3.63366,6.54526,10.7496,9.51583,16.7329,9.70014,-2.241,7.23917,8.87529,11.356,0.657401


========================================================
Test10 (ADC Calibration) results 2008-07-15 21:45:02
Board ID083 36 channels
Linux calibration software

Voltmeter channel: A=1.07, B=0

A:
1.08863,1.08683,1.09198,1.08917,1.09126,1.09856,1.08954,1.08863,1.09262,1.08468,1.09126,1.09581
1.09235,1.09153,1.08342,1.07995,1.09526,1.10123,1.08548,1.08494,1.09663,1.09089,1.09335,1.09053
1.09554,1.0949,1.09893,1.09985,1.08872,1.0871,1.0949,1.08566,1.09535,1.09554,1.10708,1.09108


B:
5.23227,5.59477,3.66276,6.90957,3.02381,7.25613,6.57588,4.57938,4.82394,-1.73818,6.07938,8.23769
5.73089,9.53971,2.03355,16.7206,11.1494,6.57433,6.19187,13.1997,5.29,4.45066,7.65167,5.43928
8.2698,2.94304,6.04068,10.6973,7.97961,15.346,10.3884,-2.87701,7.34202,9.14629,10.533,0.573108


========================================================
Test10 (ADC Calibration) results 2008-07-16 15:48:51
Board ID083 36 channels
Linux calibration software

Voltmeter channel: A=1.07, B=0

A:
1.09075,1.08979,1.09407,1.09118,1.093,1.10154,1.09203,1.09043,1.09461,1.08681,1.09364,1.09763
1.09483,1.09601,1.08554,1.08353,1.09698,1.10285,1.08745,1.08776,1.09893,1.09343,1.09558,1.09246
1.09774,1.09698,1.10078,1.10242,1.09107,1.09,1.09742,1.08745,1.09785,1.09796,1.10901,1.09289


B:
3.27564,3.51075,2.17118,5.06218,2.06993,4.74804,4.27185,3.3538,3.86385,-3.51319,3.88018,7.66572
3.66549,6.29962,0.280567,13.8542,10.0147,5.97697,4.15594,11.6923,3.17901,2.1103,5.81894,3.87612
6.46891,1.67777,4.34468,9.02098,5.81559,13.5591,8.52226,-3.89104,4.83255,6.7097,10.3444,-0.672664


========================================================
Test10 (ADC Calibration) results 2008-07-16 21:23:30
Board ID083 36 channels
Linux calibration software

Voltmeter channel: A=1.07, B=0

A:
1.08907,1.08842,1.09237,1.08926,1.09152,1.0997,1.0902,1.08889,1.09303,1.08496,1.09199,1.09597
1.09284,1.09341,1.08375,1.0806,1.09559,1.10171,1.08561,1.08552,1.09721,1.09152,1.09389,1.09114
1.09569,1.0955,1.09922,1.10065,1.08917,1.08701,1.09512,1.08598,1.07553,1.09597,1.10721,1.09133


B:
5.04119,4.77791,3.74109,7.2643,3.43358,6.43892,5.96089,4.77949,4.44185,-1.78472,5.40003,8.96497
5.70888,8.4667,2.16334,16.7714,11.066,6.57938,6.28962,13.1064,4.54064,4.08872,7.37608,4.43717
8.34929,2.38843,5.77716,9.9649,8.00435,15.2094,10.843,-2.52651,25.3048,8.52631,11.2991,0.988872


========================================================
Test10 (ADC Calibration) results 2008-07-19 11:34:37
Board ID083 36 channels
Linux calibration software

Voltmeter channel: A=1.07, B=0

A:
1.08898,1.08945,1.09218,1.08945,1.09133,1.09874,1.08992,1.08861,1.09294,1.08524,1.09218,1.09626
1.09266,1.09247,1.08375,1.08087,1.09531,1.10152,1.0857,1.08552,1.09693,1.09162,1.09351,1.09114
1.09597,1.09531,1.09931,1.10056,1.08936,1.08561,1.0954,1.0857,1.07958,1.09578,1.10692,1.09114


B:
4.91043,5.78371,4.13376,6.65494,3.38975,7.53334,6.00345,5.04013,4.74784,-2.48067,5.00756,7.82683
5.44618,7.8051,1.72994,15.6514,11.3267,6.31446,5.98635,12.672,5.46085,4.00158,8.16116,4.87352
7.869,2.7832,5.68937,9.61206,7.17724,16.4946,10.144,-2.4822,21.5934,9.13901,11.1198,1.16374


========================================================
Test10 (ADC Calibration) results 2008-07-19 14:46:21
Board ID083 36 channels
Linux calibration software

Voltmeter channel: A=1.07, B=0

A:
1.0887,1.08879,1.09209,1.08936,1.09152,1.09474,1.08983,1.08907,1.09266,1.08487,1.09171,1.09588
1.09256,1.09077,1.08366,1.08069,1.09569,1.10123,1.08608,1.08496,1.09702,1.09152,1.09389,1.09105
1.09578,1.09521,1.09893,1.0997,1.08917,1.08542,1.09493,1.08552,1.0679,1.0955,1.10654,1.09133


B:
5.60679,6.1727,4.22088,7.17724,2.9972,11.4088,6.08995,4.38802,5.66466,-1.48096,5.44289,8.61365
5.75181,10.6752,2.4667,15.8217,10.5407,7.01768,4.9885,13.8385,4.71553,4.08872,7.37608,4.96031
8.26233,2.87009,6.47921,10.6176,7.78657,16.6658,11.0164,-1.87382,32.099,9.18047,11.4704,0.552059


========================================================
Test10 (ADC Calibration) results 2008-07-20 08:08:59
Board ID083 36 channels
Linux calibration software

Voltmeter channel: A=1.07, B=0

A:
1.08917,1.08879,1.09228,1.08945,1.09171,1.09635,1.09001,1.08879,1.09275,1.08496,1.09199,1.09607
1.09275,1.09077,1.08384,1.08069,1.09531,1.10133,1.08561,1.08505,1.09731,1.09162,1.0937,1.09096
1.09578,1.09521,1.09903,1.09979,1.08907,1.08636,1.09531,1.08589,1.06726,1.09569,1.10673,1.09143


B:
4.51906,6.60838,4.04655,7.091,2.38605,9.7132,6.13443,4.8662,5.57755,-1.78472,5.40003,8.65866
5.57755,10.8933,1.86036,16.0378,11.5457,6.93058,6.28962,13.9696,4.45293,4.00158,7.5497,4.82949
8.26233,3.08947,6.17197,11.1904,7.87289,16.2444,10.4504,-2.2222,33.5323,9.00655,11.5161,0.464644


========================================================
Test10 (ADC Calibration) results 2008-07-20 17:40:55
Board ID083 36 channels
Linux calibration software

Voltmeter channel: A=1.07, B=0

A:
1.08917,1.09011,1.09237,1.08926,1.09152,1.09588,1.0903,1.08851,1.09294,1.08496,1.0918,1.09607
1.09266,1.09152,1.08375,1.0805,1.09578,1.10152,1.0858,1.08496,1.09683,1.09133,1.09389,1.09124
1.09578,1.09502,1.09922,1.0997,1.08898,1.08542,1.09512,1.08608,1.0688,1.09597,1.10683,1.09124


B:
4.95501,5.82967,3.74109,7.2643,2.9972,10.148,5.43777,5.34422,5.40333,-1.78472,6.01089,8.4395
5.44618,9.76446,2.16334,16.4243,10.4539,6.97559,5.8998,13.8385,5.32908,4.48108,7.37608,4.78639
8.26233,3.70239,5.77716,11.2775,7.95975,17.1002,10.624,-2.8316,31.911,8.52631,11.4286,1.0759


