========================================================

Test11 results 10-05-2005  17:49:20
Board ID083  36 channels
HV Tests Software Ver.1.6

+5V 2485 - O'k
-5V 1308 - O'k
Interlock - On
Calibration DAC Range: [2500 - 2900]


A:
Limits 0.76 +/- 0.04
0.756144,0.753296,0.754717,0.756144,0.753296,0.75188,0.757576,0.753296,0.754717,0.757576,0.754717,0.750469
0.75188,0.750469,0.759013,0.75188,0.750469,0.750469,0.757576,0.760456,0.756144,0.753296,0.75188,0.75188
0.750469,0.75188,0.747664,0.753296,0.754717,0.75188,0.756144,0.761905,0.75188,0.75188,0.754717,0.756144


B:
Limits 60.0 +/- 40.0
56.964527,60.779369,58.760277,59.395962,66.250511,57.765167,55.441032,71.511993,60.90374,70.315117,66.274094,67.141197
66.022995,64.894737,60.578144,69.156807,62.37748,53.00193,63.947117,62.15044,51.764008,71.100037,64.685913,74.706139
66.332466,71.673103,65.429115,61.58839,59.902119,54.61153,59.909721,57.993622,66.302933,56.866436,67.171059,65.069069
========================================================
Test11 (DAC Calibration) results 2007-10-15 16:44:32
Board ID83 36 channels
Linux calibration software
Calibration DAC Range: [1100 - 2700]

A:
0.755501,0.753367,0.752516,0.75429,0.753438,0.748573,0.754006,0.754788,0.752587,0.757504,0.753438,0.751174
0.75365,0.747873,0.759301,0.749415,0.749766,0.746896,0.757146,0.762631,0.750328,0.753012,0.751527,0.753509
0.750047,0.751033,0.747594,0.749977,0.75429,0.750821,0.752941,0.757504,0.750117,0.750117,0.750328,0.754077


B:
64.9637,66.9838,72.5145,70.3941,71.1058,66.8195,70.179,71.2238,70.461,77.3695,72.3112,75.9999
62.2233,71.9734,65.2239,65.808,69.8219,65.5494,70.282,67.3976,71.9002,74.2472,70.8596,71.7621
71.3859,72.5872,70.8626,69.5322,66.7735,64.0168,67.7176,73.7335,72.3395,67.8388,75.8019,73.7016


========================================================
Test11 (DAC Calibration) results 2007-10-16 16:24:35
Board ID83 36 channels
Linux calibration software
Calibration DAC Range: [1100 - 2700]

A:
0.75543,0.753367,0.752304,0.75429,0.753579,0.748573,0.75429,0.754788,0.752587,0.757432,0.753508,0.750892
0.753083,0.747873,0.759301,0.760963,0.749695,0.746826,0.757146,0.762268,0.750469,0.753296,0.751385,0.753296
0.750047,0.750821,0.747664,0.749555,0.75429,0.75068,0.75287,0.757576,0.750117,0.750188,0.749766,0.75429


B:
65.0615,66.6823,72.5033,70.3941,70.6105,66.52,69.1874,71.0728,70.461,77.7692,72.0639,73.8313
63.0049,71.9734,65.2239,55.1983,69.9184,65.6459,70.4334,68.0418,71.107,73.258,71.0528,72.0527
71.0856,73.0266,70.4673,70.1115,66.6226,64.3614,67.8148,73.4849,72.3395,67.592,76.5698,72.8078


========================================================
Test11 (DAC Calibration) results 2007-10-18 10:49:56
Board ID83 36 channels
Linux calibration software
Calibration DAC Range: [1100 - 2700]

A:
0.755572,0.75365,0.752375,0.754432,0.753579,0.748713,0.75429,0.755002,0.752729,0.757504,0.753367,0.750892
0.753367,0.747803,0.759229,0.761542,0.749695,0.746965,0.757002,0.757504,0.750539,0.753296,0.751809,0.753438
0.750188,0.750892,0.747524,0.750117,0.754361,0.750751,0.752941,0.757719,0.750117,0.750188,0.750399,0.754219


B:
65.1682,65.9915,72.4066,70.2,70.7611,66.3266,69.1874,70.9324,70.2674,77.3695,72.408,71.2784
62.3127,72.2193,65.4739,54.4026,69.9184,65.4528,70.9312,63.583,71.0105,73.258,69.5706,72.0099
70.8928,73.0804,70.6597,69.339,66.5252,64.2645,67.7176,73.2905,72.3395,67.592,75.8558,73.508


========================================================
Test11 (ADC Calibration) results 2008-06-17 18:39:44
Board ID083 36 channels
Linux calibration software

Calibration DAC Range: [1000 - 3500]

A:
0.744,0.7412,0.7404,0.742,0.7412,0.7356,0.7424,0.7428,0.7408,0.7452,0.7408,0.738
0.7408,0.7392,0.7468,0.7488,0.7384,0.7344,0.7452,0.7452,0.7376,0.7416,0.7396,0.7416
0.7376,0.7384,0.7356,0.7348,0.7436,0.7436,0.738,0.7452,0.738,0.738,0.7348,0.7412


B:
63.9999,67.8001,73.5999,72.0001,72.8001,67.4,70.6,71.2,69.1999,78.8001,73.1999,74.0001
63.1999,68.8,66.2,59.2001,68.6001,65.6001,70.8001,67.8001,71.3999,73.4001,70.4,71.4001
73.3999,73.6001,71.4,69.2001,65.4,60.4,69.0001,74.8001,72.0001,68.0001,72.2001,73.8001


