========================================================

Test16 results 07-07-2005  15:59:57
Board ID022  8 channels
HV Tests Software Ver.1.6
Calibration DAC Range: [1000 - 2300]


A:
Limits 0.57 +/- 0.1
0.571429,0.563747,0.563502,0.567686,0.571931,0.562771,0.568182,0.570175


B:
Limits 50.0 +/- 60.0
15.915914,43.411495,46.789818,29.257584,12.274551,50.512012,27.272749,18.483191
========================================================
Test16 (Master DAC Calibration) results 2007-04-18 17:01:22
Board ID22 7 channels
Linux calibration software
Calibration DAC Range: [1000 - 2300]

A:
0.569998,0.563947,0.562669,0.566762,0.571207,0.562048,0.566681,0.569462

B:
19.2796,43.6515,50.043,32.4679,15.0891,53.0028,32.707,21.1766

