========================================================

Test10 results 12-16-2005  16:26:42
Board ID125  36 channels
HV Tests Software Ver.1.6

+5V 2482 - O'k
-5V 1438 - O'k
Interlock - On

Voltmeter channel: A=1.072386, B=13.94114

A:
Limits 1.1 +/- 0.1
1.075847,1.078167,1.077006,1.079331,1.109878,1.079331,1.079331,1.076426,1.076426,1.071811,1.072386,1.086957
1.079914,1.079331,1.075269,1.082251,1.077586,1.073537,1.069519,1.078167,1.078749,1.078749,1.080497,1.073537
1.079331,1.075269,1.078167,1.076426,1.078749,1.078749,1.077006,1.077006,1.077006,1.084011,1.084011,1.081081


B:
Limits 0.0 +/- 35.0
10.758329,4.312799,15.077866,8.634694,6.659158,8.634694,10.793356,9.687826,12.917105,16.07733,12.868753,14.13051
6.479447,7.555364,8.601974,11.9048,10.775984,9.661671,13.90386,8.625466,9.708548,9.708548,9.724482,11.808746
14.031348,10.752512,10.781801,16.146383,8.629799,5.393553,7.538823,11.846848,7.538823,9.7561,9.7561,14.054233
========================================================
Test10 (ADC Calibration) results 2007-10-24 15:56:45
Board ID125 36 channels
Linux calibration software

Voltmeter channel: A=1.06982, B=18.326

A:
1.07577,1.0772,1.07695,1.07896,1.10751,1.0788,1.08394,1.07876,1.0774,1.07236,1.07222,1.08837
1.07862,1.08278,1.0749,1.08272,1.08085,1.075,1.06826,1.07774,1.07831,1.08177,1.08071,1.07395
1.07872,1.0777,1.07923,1.07669,1.08349,1.07876,1.07683,1.07679,1.07598,1.0837,1.08482,1.08095


B:
7.53027,3.34976,11.8226,6.57993,5.93165,6.3057,6.53562,3.47109,9.09575,13.1531,9.72579,12.7797
6.56272,5.43841,5.37697,8.31277,5.73347,6.4499,12.6094,7.97566,8.06442,6.19945,6.22139,6.41074
9.8358,6.94715,6.68575,11.2926,4.71599,3.23481,4.76365,9.08904,6.42784,6.12729,-7.60558,9.88739


========================================================
Test10 (ADC Calibration) results 2008-06-17 15:59:18
Board ID125 36 channels
Linux calibration software

Voltmeter channel: A=1.07, B=0

A:
1.05802,1.0949,1.09417,1.09636,1.10596,1.0959,1.10401,1.09645,1.09062,1.08972,1.0899,1.10933
1.09608,1.10234,1.09207,1.10013,1.10031,1.09262,1.08656,1.09517,1.09563,1.10077,1.09847,1.0908
1.09663,1.09599,1.09673,1.09398,1.09636,1.09654,1.09389,1.09426,1.09298,1.10123,1.10197,1.0992


B:
18.5213,2.72412,11.713,5.98101,19.2868,6.83893,6.9088,5.45809,13.6444,14.6913,10.1658,11.8304
5.79403,7.32546,7.29253,8.68541,6.5367,7.44612,11.4948,7.5098,8.84342,1.4918,5.58299,8.02444
9.01872,6.53597,7.39934,11.6606,12.7784,2.96169,5.61823,8.34677,7.54912,6.57433,7.00113,9.08584


========================================================
Test10 (ADC Calibration) results 2008-07-16 21:23:30
Board ID125 36 channels
Linux calibration software

Voltmeter channel: A=1.07, B=0

A:
1.05611,1.09569,1.09512,1.09693,1.10258,1.09664,1.1046,1.09731,1.07912,1.09067,1.09058,1.10838
1.09702,1.10286,1.09275,1.10161,1.10046,1.09389,1.08683,1.09635,1.09664,1.10094,1.09845,1.09152
1.09721,1.09683,1.0975,1.09474,1.10277,1.09731,1.09474,1.09502,1.09407,1.1019,1.10277,1.10037


B:
12.9215,2.21333,10.843,5.68018,17.6975,6.16229,5.92994,4.45293,20.2903,13.5975,9.97567,11.7971
4.93488,6.40848,7.10756,7.32828,6.17788,6.71952,10.8163,6.42414,7.69736,3.97804,6.03764,7.14504
8.71021,5.76797,7.1316,11.19,7.81969,2.69713,4.84036,7.42524,6.3264,6.18374,6.49604,8.02627


========================================================
Test10 (ADC Calibration) results 2008-07-19 11:34:37
Board ID125 36 channels
Linux calibration software

Voltmeter channel: A=1.07, B=0

A:
1.0562,1.09559,1.09512,1.09702,1.10046,1.09664,1.10402,1.09712,1.07361,1.09058,1.09049,1.10595
1.09693,1.10229,1.09284,1.10152,1.10027,1.09351,1.08701,1.09588,1.09645,1.10075,1.09836,1.09143
1.0974,1.09654,1.09778,1.09474,1.0996,1.09731,1.09455,1.09502,1.0937,1.10171,1.10296,1.09998


B:
10.9365,1.86285,10.624,5.81255,16.7421,5.72336,6.67847,4.40837,19.9804,13.2474,10.0619,13.1022
5.02231,6.49421,6.36481,7.41598,6.35319,7.06766,9.99164,7.29865,8.0906,4.81422,5.90554,7.01321
8.31601,6.46866,6.43027,10.7518,9.60552,2.47772,4.79602,7.42524,7.11195,6.57938,6.10005,8.37572


========================================================
Test10 (ADC Calibration) results 2008-07-19 14:46:21
Board ID125 36 channels
Linux calibration software

Voltmeter channel: A=1.07, B=0

A:
1.0554,1.09559,1.09502,1.09702,1.09941,1.09635,1.10364,1.09721,1.07261,1.09039,1.09058,1.10354
1.09683,1.10229,1.09256,1.10142,1.10027,1.09341,1.08664,1.09607,1.09654,1.10037,1.09826,1.09124
1.09712,1.09645,1.0975,1.09445,1.09654,1.0974,1.09474,1.09483,1.0937,1.1019,1.10277,1.09989


B:
12.1116,1.86285,10.7103,5.37385,20.1141,6.64336,6.58844,4.54064,23.0523,13.8562,9.97567,15.7253
5.10977,6.71461,7.06283,7.72394,6.35319,7.15466,11.2058,6.68568,8.00399,4.50515,6.21261,7.84191
8.57747,6.33656,7.1316,11.6691,12.8287,1.95102,4.84036,8.03752,7.11195,5.7432,6.27566,8.68326


========================================================
Test10 (ADC Calibration) results 2008-07-20 08:08:59
Board ID125 36 channels
Linux calibration software

Voltmeter channel: A=1.07, B=0

A:
1.05531,1.09531,1.09493,1.09674,1.09979,1.09635,1.10392,1.09712,1.07325,1.09039,1.09049,1.10741
1.09664,1.10258,1.09294,1.10104,1.10027,1.0936,1.08683,1.09635,1.09645,1.10152,1.09855,1.09124
1.09702,1.09645,1.09788,1.09455,1.09607,1.0974,1.09483,1.09483,1.09398,1.102,1.10286,1.10008


B:
12.1953,2.56419,10.7974,6.294,20.6483,6.64336,6.54548,4.84738,24.1813,13.8562,9.84386,12.0097
5.50408,6.23085,6.49626,8.51484,6.35319,6.76202,10.5991,6.64336,8.30984,1.90839,5.51107,7.40514
8.88426,6.5558,6.34299,11.801,13.2621,2.17083,4.75302,7.81861,6.63232,5.65543,6.18797,8.06855


========================================================
Test10 (ADC Calibration) results 2008-07-20 17:40:55
Board ID125 36 channels
Linux calibration software

Voltmeter channel: A=1.07, B=0

A:
1.05558,1.09559,1.09474,1.09712,1.10065,1.09645,1.10364,1.0974,1.07334,1.0902,1.09049,1.10441
1.09674,1.10248,1.09284,1.10133,1.10017,1.0936,1.08692,1.09626,1.09664,1.10065,1.09807,1.09152
1.09712,1.09664,1.09759,1.09483,1.09559,1.0975,1.09464,1.09493,1.09398,1.10171,1.10286,1.10027


B:
12.3667,2.0818,11.19,5.50549,19.6504,6.33656,7.25035,4.36564,23.2386,14.2465,9.62593,14.4994
5.19727,6.31856,6.5832,7.81131,6.66084,6.76202,10.2954,6.73057,8.13591,4.02121,6.60718,6.9264
8.57747,6.60072,7.04386,10.6654,12.8188,2.083,4.92785,7.51264,6.63232,6.57938,5.96756,7.45346


========================================================
Test10 (ADC Calibration) results 2008-07-24 12:08:22
Board ID125 36 channels
Linux calibration software

Voltmeter channel: A=1.07, B=0

A:
1.05479,1.09474,1.09455,1.09674,1.0997,1.09626,1.10412,1.09683,1.07581,1.09011,1.0903,1.10741
1.09616,1.10229,1.09275,1.10113,1.09979,1.09313,1.08655,1.09607,1.09635,1.09903,1.09797,1.09133
1.09635,1.09597,1.09731,1.09398,1.09712,1.09702,1.09407,1.09493,1.09351,1.10142,1.10248,1.0997


B:
10.1647,2.21282,10.9252,5.41656,20.9548,6.07309,6.14885,4.67114,23.3312,13.2425,9.36256,10.9023
5.50259,6.0534,6.23331,7.1057,6.57132,6.9781,9.77039,6.46652,7.52049,7.27099,5.81629,6.66375
9.49399,6.77303,6.42813,11.6647,11.8688,1.86305,5.01318,6.63665,7.06766,5.74133,6.09823,9.07808


========================================================
Test10 (ADC Calibration) results 2009-02-04 14:20:07
Board ID125 36 channels
Host: ufcmshv3
Linux calibration software

Voltmeter channel: A=1.0511, B=6.92103

A:
1.05331,1.06706,1.05187,1.057,1.05468,1.05229,1.05451,1.06105,1.03958,1.05161,1.05803,1.05246
1.06619,1.06383,1.05717,1.06053,1.07119,1.06952,1.05,1.04518,1.07314,1.04535,1.06209,1.0704
1.07163,1.0467,1.07438,1.04763,1.06366,1.05674,1.04367,1.06357,1.05348,1.04983,1.05169,1.05829


B:
5.25003,1.44457,9.56377,5.36637,0.795302,6.42733,5.38627,4.30947,6.36543,12.5386,9.47371,9.84459
5.24895,5.31917,5.83854,7.13013,5.71838,5.98951,10.274,6.65735,7.99055,5.66103,6.09483,6.6696
8.52374,6.68258,6.62801,11.0403,3.77996,0.959167,4.75301,6.62705,6.56417,6.44429,6.35863,8.17343


