========================================================

Test11 results 12-16-2005  16:39:35
Board ID125  36 channels
HV Tests Software Ver.1.6

+5V 2482 - O'k
-5V 1439 - O'k
Interlock - On
Calibration DAC Range: [2500 - 2900]


A:
Limits 0.76 +/- 0.04
0.759013,0.756144,0.756144,0.753296,0.736648,0.756144,0.756144,0.756144,0.756144,0.763359,0.760456,0.749064
0.756144,0.756144,0.757576,0.753296,0.756144,0.760456,0.764818,0.756144,0.754717,0.756144,0.756144,0.759013
0.754717,0.759013,0.756144,0.757576,0.753296,0.756144,0.757576,0.756144,0.756144,0.750469,0.756144,0.753296


B:
Limits 60.0 +/- 40.0
57.372723,67.720375,68.535225,69.75473,62.842564,59.870399,59.153393,69.141281,64.359451,50.181732,61.235146,69.751801
65.480743,62.117229,68.245285,62.097271,64.563065,61.235146,52.471973,67.720375,69.200653,66.399521,53.437454,68.578728
66.758141,62.269619,63.849384,59.804863,74.531799,63.747852,63.884415,66.905525,69.141281,67.427025,64.051155,64.446907
========================================================
Test11 (DAC Calibration) results 2007-10-24 15:56:45
Board ID125 36 channels
Linux calibration software
Calibration DAC Range: [1100 - 2700]

A:
0.755358,0.754361,0.754148,0.753509,0.733339,0.754006,0.750047,0.75365,0.754219,0.75815,0.757863,0.746617
0.753367,0.750469,0.756358,0.750892,0.751809,0.756287,0.760673,0.754361,0.753579,0.751174,0.753438,0.756644
0.753296,0.754006,0.752941,0.754717,0.749977,0.75365,0.755002,0.754646,0.755216,0.749836,0.75365,0.751738


B:
76.9428,80.1037,82.3531,75.5297,82.8582,74.4015,75.5859,80.3109,75.7707,73.7678,76.8851,78.7774
81.7496,79.3622,79.6729,76.6847,79.9454,78.8618,73.8518,79.3494,79.8041,83.6619,68.544,84.2808
79.2844,79.8303,78.4093,77.3585,81.5319,78.05,80.1434,78.2095,79.4017,77.2237,87.8474,77.6357


