========================================================

Test10 results 12-22-2005  13:15:31
Board ID156  36 channels
HV Tests Software Ver.1.6

+5V 2522 - O'k
-5V 1306 - O'k
Interlock - On

Voltmeter channel: A=1.040583, B=13.527385

A:
Limits 1.1 +/- 0.1
1.072961,1.086366,1.073537,1.084599,1.075269,1.088732,1.084599,1.084599,1.077586,1.072961,1.072386,1.086366
1.075847,1.087548,1.079914,1.088139,1.081081,1.064396,1.077586,1.074114,1.084011,1.086957,1.084011,1.085187
1.075269,1.071811,1.071811,1.075269,1.071811,1.068947,1.077006,1.085187,1.074114,1.078167,1.087548,1.079331


B:
Limits 0.0 +/- 35.0
5.364967,6.518373,4.293984,4.338535,3.22563,4.354857,7.592331,7.592331,7.543225,4.292006,6.434438,3.259275
3.227399,10.875621,9.719189,6.528785,6.486665,13.837337,8.620811,1.074152,7.588078,5.434859,8.672089,7.596303
12.903049,7.502839,2.143782,7.526706,4.287405,4.275827,1.076787,7.596303,3.22238,2.156464,7.612978,8.634694
========================================================
Test10 (ADC Calibration) results 2008-03-27 11:03:16
Board ID156 36 channels
Linux calibration software

Voltmeter channel: A=1.07954, B=10.8891

A:
1.0734,1.08692,1.0731,1.08487,1.07487,1.09064,1.08517,1.08843,1.08205,1.07364,1.0724,1.08888
1.07562,1.08954,1.08034,1.08979,1.08396,1.066,1.07823,1.07702,1.08471,1.08693,1.08503,1.08934
1.0764,1.07672,1.07203,1.07646,1.07132,1.07099,1.07676,1.084,1.0735,1.07807,1.08918,1.07928


B:
2.48367,2.3488,2.01429,2.41922,1.0592,3.04772,4.26597,2.60458,5.91274,-0.36676,2.90952,-0.230399
1.49222,5.10852,5.92461,2.7619,3.53627,7.11921,7.12581,-3.58897,3.68181,4.67986,6.18827,0.185943
7.4416,3.60952,-0.825015,3.82073,2.56522,0.700116,0.560331,6.97881,3.57623,0.218687,5.87537,5.04408


========================================================
Test10 (ADC Calibration) results 2008-06-19 12:08:44
Board ID156 36 channels
Linux calibration software

Voltmeter channel: A=1.07, B=0

A:
1.09135,1.10392,1.09026,1.10206,1.09326,1.10783,1.10299,1.1068,1.10086,1.0908,1.09026,1.1069
1.09307,1.0871,1.09829,1.10494,1.08262,1.08324,1.09572,1.09444,1.10206,1.1055,1.10401,1.10699
1.09326,1.09508,1.08827,1.08315,1.08809,1.07738,1.0938,1.03844,1.09117,1.09554,1.10652,1.09783


B:
0.376936,3.55138,0.945722,0.610884,-2.26151,0.65342,2.41078,2.03092,3.25106,-0.211069,1.59972,-1.37483
-0.125296,21.2606,5.16742,3.50468,15.8056,5.91612,5.10251,-4.23297,3.25561,1.44887,1.70078,0.97598
7.14059,3.06027,-0.0456013,12.7142,2.51547,10.0558,-0.360748,56.9609,1.19937,-0.42693,4.9412,3.17167


========================================================
Test10 (ADC Calibration) results 2008-07-17 09:50:45
Board ID156 36 channels
Linux calibration software

Voltmeter channel: A=1.07, B=0

A:
1.09237,1.10441,1.09124,1.10238,1.0936,1.10828,1.10373,1.10692,1.10085,1.08589,1.09067,1.10712
1.09351,1.0872,1.09845,1.10402,1.0727,1.08393,1.09635,1.09521,1.10258,1.10557,1.1045,1.10277
1.09332,1.09502,1.0887,1.07673,1.0887,1.06465,1.09455,0.989347,1.09114,1.09559,1.10751,1.09836


B:
-0.569586,2.66415,-0.177892,0.760428,-2.1437,0.0187772,1.95543,2.36381,3.26766,3.89957,1.43573,-1.35553
-0.30637,21.8226,5.6742,4.12024,19.3245,4.62635,4.95893,-5.60598,3.01038,1.60717,1.47165,4.59881
7.30277,3.33022,-0.224059,18.1966,1.73565,17.8066,-1.92573,96.8223,1.87352,-0.041556,3.38432,3.34466


========================================================
Test10 (ADC Calibration) results 2008-07-19 11:33:18
Board ID156 36 channels
Linux calibration software

Voltmeter channel: A=1.07, B=0

A:
1.09228,1.10441,1.09039,1.10219,1.09379,1.10799,1.10344,1.10654,1.10037,1.08328,1.09049,1.10702
1.0936,1.07444,1.09845,1.10344,1.07025,1.08356,1.09588,1.09474,1.10229,1.10605,1.1045,1.09931
1.0936,1.09474,1.0887,1.07737,1.08861,1.06036,1.09407,0.96752,1.07197,1.09569,1.10741,1.09797


B:
-0.700811,2.44343,1.26066,0.495851,-2.97496,-0.159172,1.77772,3.159,2.82553,5.8796,1.60947,-1.26731
-1.0501,32.5521,5.01502,3.32281,17.0936,4.75456,5.83304,-5.16613,2.83262,0.502275,1.02969,6.86681
7.04283,3.37288,-0.441746,13.7262,2.04013,15.4386,-1.0499,99.1445,19.1387,-0.567584,3.4727,3.25537


========================================================
Test10 (ADC Calibration) results 2008-07-19 17:28:33
Board ID156 36 channels
Linux calibration software

Voltmeter channel: A=1.07, B=0

A:
1.09228,1.10412,1.09049,1.10258,1.0936,1.1076,1.10354,1.10634,1.10037,1.08412,1.09067,1.10692
1.09351,1.07471,1.09836,1.10219,1.06654,1.08338,1.09607,1.09474,1.10209,1.10566,1.10392,1.09788
1.09341,1.09493,1.08823,1.07709,1.0887,1.05788,1.09389,0.955515,1.06771,1.0955,1.10683,1.09807


B:
-0.700811,3.14885,1.17351,0.143581,-2.58092,-0.0264568,1.4693,2.67172,2.60552,5.10478,1.21765,-0.956957
-0.525018,32.088,5.10226,4.90461,20.7413,5.14382,5.00091,-4.94685,3.00816,1.29781,2.22083,8.61287
7.21626,2.32278,0.428141,14.4117,1.73565,19.8845,-0.656021,116.74,23.2856,-0.17309,4.22256,2.72867


========================================================
Test10 (ADC Calibration) results 2008-07-20 15:54:11
Board ID156 36 channels
Linux calibration software

Voltmeter channel: A=1.07, B=0

A:
1.09209,1.10431,1.09096,1.10229,1.09332,1.10789,1.10354,1.10663,1.10037,1.08403,1.09077,1.10702
1.09351,1.07225,1.09845,1.10171,1.06744,1.08338,1.09607,1.09483,1.10238,1.10576,1.10421,1.09797
1.0936,1.09455,1.08842,1.07866,1.08861,1.05832,1.09426,0.951197,1.07416,1.0954,1.10731,1.09778


B:
-0.744936,2.5311,0.301876,0.628044,-1.88137,-0.292237,1.4693,1.9643,2.82553,5.19078,1.13062,-1.26731
-0.525018,34.3275,5.01502,5.56262,19.6928,5.36044,4.78175,-5.0349,2.74477,1.20954,1.51535,8.52571
6.82378,3.54702,0.0367184,15.9879,2.2578,20.1047,-1.66289,120.391,17.1186,-0.0855203,3.56074,3.21077


========================================================
Test10 (ADC Calibration) results 2008-07-24 14:52:16
Board ID156 36 channels
Linux calibration software

Voltmeter channel: A=1.07, B=0

A:
1.0919,1.10402,1.09049,1.10219,1.09332,1.10848,1.10335,1.10644,1.10027,1.0844,1.09067,1.10683
1.09294,1.07444,1.09817,1.10344,1.06898,1.08375,1.09588,1.09455,1.102,1.10595,1.10373,1.0995
1.09341,1.09502,1.08851,1.077,1.08861,1.06019,1.09379,0.962432,1.09049,1.09531,1.10692,1.09769


B:
-0.351914,3.23697,0.737031,0.495851,-2.09998,-0.8234,1.64529,2.58314,3.35319,5.27975,0.999565,-1.08988
-0.00108584,32.3372,5.27685,4.64678,16.345,4.36538,4.95629,-4.99052,3.31685,0.36971,2.17612,7.35188
6.77912,2.89243,-0.267983,17.7274,2.04013,19.6343,-0.787378,114.516,2.26399,-0.216804,4.57766,3.95693


========================================================
Test10 (ADC Calibration) results 2008-07-24 21:41:51
Board ID156 36 channels
Linux calibration software

Voltmeter channel: A=1.07, B=0

A:
1.09247,1.1046,1.09067,1.10238,1.09332,1.10838,1.10373,1.10663,1.10065,1.08319,1.09077,1.10731
1.0937,1.06627,1.09874,1.10315,1.06925,1.08384,1.09616,1.09464,1.10209,1.10586,1.1045,1.09626
1.09351,1.09502,1.08851,1.07958,1.0887,1.06054,1.09407,0.961334,1.0643,1.0955,1.10731,1.09826


B:
-0.875552,2.26696,0.345054,0.0992728,-1.88137,-0.735115,1.29308,2.62839,2.78237,4.66577,0.912519,-1.53262
-1.13746,34.2134,4.53334,3.58594,11.8158,3.84613,4.91398,-4.42126,3.44916,1.12169,1.02969,8.11561
6.91088,3.33022,-0.0503336,10.8205,1.95334,15.2716,-1.26905,92.8491,26.0161,-0.17309,3.78215,2.77341


