========================================================

Test11 results 12-22-2005  13:21:43
Board ID156  36 channels
HV Tests Software Ver.1.6

+5V 2522 - O'k
-5V 1306 - O'k
Interlock - On
Calibration DAC Range: [2500 - 2900]


A:
Limits 0.76 +/- 0.04
0.749064,0.740741,0.75188,0.740741,0.747664,0.740741,0.743494,0.744879,0.749064,0.75188,0.750469,0.742115
0.750469,0.743494,0.746269,0.739372,0.749064,0.759013,0.747664,0.753296,0.744879,0.740741,0.744879,0.743494
0.750469,0.75188,0.75188,0.749064,0.75188,0.75188,0.749064,0.743494,0.750469,0.750469,0.746269,0.749064


B:
Limits 60.0 +/- 40.0
72.525673,69.887428,64.40873,76.82988,78.172981,62.709332,63.183491,59.442139,61.145615,62.702866,69.636658,66.249916
63.638767,53.039219,62.406273,72.115242,56.714508,54.60907,65.646149,63.206615,59.442139,71.570732,61.865726,60.90926
54.757545,65.558395,69.583595,67.967834,70.483795,74.218964,68.950249,60.836109,68.831406,58.331799,60.934505,53.961845
========================================================
Test11 (DAC Calibration) results 2008-03-27 11:03:16
Board ID156 36 channels
Linux calibration software
Calibration DAC Range: [1100 - 2700]

A:
0.749415,0.740466,0.749625,0.741496,0.748013,0.737939,0.74129,0.73944,0.743425,0.749625,0.750117,0.739508
0.747873,0.738689,0.744602,0.738144,0.742115,0.755002,0.74606,0.746896,0.741977,0.739713,0.741015,0.738825
0.748083,0.747105,0.750751,0.747664,0.750117,0.751103,0.747454,0.742459,0.749344,0.746547,0.742666,0.745712


B:
73.3022,73.7135,75.2624,76.5873,79.7102,69.9843,73.61,75.1364,73.1809,73.3133,74.5899,74.3021
76.4606,72.4838,71.5563,76.3424,77.3655,71.6874,73.8694,83.4749,71.9161,76.2367,75.917,74.5105
66.1494,74.0755,76.8768,74.2056,79.0906,76.2463,75.8387,69.4663,74.8969,75.2895,73.1897,69.2768


========================================================
Test11 (ADC Calibration) results 2008-06-19 12:56:33
Board ID156 36 channels
Linux calibration software

Calibration DAC Range: [1000 - 3500]

A:
0.7368,0.7292,0.738,0.73,0.7356,0.7268,0.7292,0.7268,0.7304,0.7376,0.7384,0.7272
0.736,0.7404,0.7324,0.728,0.7432,0.7428,0.734,0.7344,0.73,0.7272,0.7284,0.7272
0.7364,0.7344,0.7396,0.7428,0.7392,0.7472,0.7356,0.7748,0.7372,0.734,0.7308,0.7336


B:
76.2,72.8,77.0001,77.9999,82.4,71.1999,75.8,77.1999,76.5999,74.3999,74.6001,76.8001
78,60.5999,72.6,76.0001,68.8,73.2,76.9999,85.6001,72.9999,78.8001,79.6,73.8001
67.6,75.6001,76.4,69.2,78.8,68.8,77.4,32.2,76.7999,77.9999,75.2001,70.3999


========================================================
Test11 (ADC Calibration) results 2008-07-17 10:58:43
Board ID156 36 channels
Linux calibration software

Calibration DAC Range: [1000 - 3500]

A:
0.7364,0.7284,0.7372,0.7296,0.7352,0.7264,0.7292,0.7264,0.7312,0.7416,0.738,0.7268
0.736,0.7404,0.7324,0.7284,0.7496,0.742,0.7336,0.7336,0.7296,0.7272,0.728,0.73
0.7364,0.7344,0.7396,0.7476,0.7384,0.756,0.7352,0.814,0.7368,0.7344,0.7304,0.7328


B:
76.6,74.6,77.7999,78.4,82.8,71.5999,74.8,77.5999,74.8001,70.4001,75.0001,77.1999
78,59.5999,72.6,76.6,66.4,75.0001,76.3999,87.3999,73.4,78.8001,80.0001,70.9999
67.6,75.6001,76.4,63.3999,80.6001,63.0001,77.8,-4.00004,76.2,76.6001,75.5999,71.2


========================================================
Test11 (ADC Calibration) results 2008-07-20 18:37:46
Board ID156 36 channels
Linux calibration software

Calibration DAC Range: [1000 - 3500]

A:
0.7364,0.7284,0.7372,0.73,0.7352,0.7268,0.7288,0.7268,0.7312,0.7424,0.7376,0.7272
0.736,0.7512,0.7324,0.73,0.7536,0.7424,0.7332,0.7344,0.7304,0.7272,0.728,0.7328
0.7364,0.7348,0.7392,0.746,0.7384,0.7608,0.7352,0.8464,0.748,0.7348,0.7304,0.7332


B:
76.6,74.6,76.7999,76.9999,82.8,71.1999,76.2,77.1999,75.8001,69.6,75.3999,75.8001
78,48.7999,72.6,74.9999,65.4,74.6,77.7999,85.6001,71.5999,78.8001,80.0001,69.2
67.6,75.2001,76.8,66,79.6001,60.2,77.8,-26.4001,65.9999,76.2001,75.5999,71.7999


========================================================
Test11 (ADC Calibration) results 2008-07-24 23:03:59
Board ID156 36 channels
Linux calibration software

Calibration DAC Range: [1000 - 3500]

A:
0.7364,0.728,0.7376,0.7296,0.7356,0.7268,0.7288,0.7268,0.7312,0.7432,0.7376,0.7268
0.7356,0.7552,0.732,0.7292,0.7524,0.742,0.734,0.7344,0.73,0.7268,0.7284,0.734
0.7364,0.7348,0.7396,0.7456,0.7388,0.7588,0.7356,0.8376,0.7552,0.7348,0.7308,0.7328


B:
76.6,76.0001,77.3999,78.4,82.4,71.1999,76.2,77.1999,75.8001,69.8,76.3999,77.1999
79.4,49.7999,74,76.8,71.6001,76.0001,75.9999,85.6001,72.9999,80.1999,79.6,69.9999
67.6,75.2001,76.4,69.4001,79.2,65.1999,77.4,-2.59997,58.7999,76.2001,75.2001,72.2


========================================================
Test11 (ADC Calibration) results 2008-08-12 23:20:39
Board ID156 36 channels
Linux calibration software

Calibration DAC Range: [1000 - 3500]

A:
0.736,0.728,0.7372,0.7292,0.7352,0.7268,0.7288,0.7268,0.7304,0.7428,0.7372,0.7264
0.7356,0.7628,0.7324,0.7296,0.7496,0.7416,0.7336,0.7344,0.73,0.7268,0.7276,0.7324
0.736,0.734,0.7392,0.7476,0.7392,0.7608,0.7352,0.8744,0.7364,0.734,0.7304,0.7324


B:
77,75.0001,77.7999,78.8,82.8,72.1999,76.2,76.1999,76.5999,71.2,76.7999,77.5999
78.4,45.2001,72.6,75.4,66.4,76.4001,76.3999,84.6001,72.9999,80.1999,80.4001,68.6
68,75.9999,76.8,71.3999,78.8,63.2,77.8,-40.4001,77.6,76.9999,75.5999,72.6


========================================================
Test11 (ADC Calibration) results 2008-08-13 01:14:42
Board ID156 36 channels
Linux calibration software

Calibration DAC Range: [1000 - 3500]

A:
0.736,0.728,0.7376,0.7292,0.7352,0.7268,0.7288,0.7268,0.7304,0.7428,0.7372,0.7264
0.7356,0.7628,0.7324,0.7292,0.7496,0.7416,0.7336,0.7344,0.73,0.7264,0.728,0.7324
0.736,0.734,0.7392,0.748,0.7396,0.7608,0.7352,0.8744,0.7364,0.7344,0.73,0.7328


B:
77,75.0001,77.3999,78.8,82.8,72.1999,76.2,76.1999,76.5999,70.2,76.7999,77.5999
78.4,45.2001,72.6,76.8,66.4,76.4001,76.3999,84.6001,72.9999,80.5999,79.0001,68.6
68,75.9999,76.8,69.9999,78.4,63.2,77.8,-40.4001,77.6,76.6001,75.9999,71.2


========================================================
Test11 (DAC Calibration) results 2008-08-27 10:34:01
Board ID156 36 channels
Linux calibration (server mode)

Calibration DAC Range: [3100 - 3500]

A:
0.758,0.749429,0.759143,0.751714,0.758857,0.746857,0.750571,0.748571,0.752286,0.762857,0.759143,0.748571
0.758,0.774571,0.752571,0.751143,0.776286,0.763429,0.755429,0.758,0.751714,0.749429,0.750571,0.751143
0.755429,0.755714,0.761143,0.765714,0.762,0.772286,0.757429,0.849429,0.758571,0.756286,0.751714,0.753143


B:
0.0,0.0,0.0,0.0,0.0,0.0,0.0,0.0,0.0,0.0,0.0,0.0
0.0,0.0,0.0,0.0,0.0,0.0,0.0,0.0,0.0,0.0,0.0,0.0
0.0,0.0,0.0,0.0,0.0,0.0,0.0,0.0,0.0,0.0,0.0,0.0


========================================================
Test11 (ADC Calibration) results 2008-08-27 13:08:29
Board ID156 36 channels
Linux calibration software

Calibration DAC Range: [1000 - 3500]

A:
0.7364,0.7284,0.7376,0.7292,0.7348,0.7264,0.7292,0.7268,0.7308,0.744,0.7376,0.7268
0.7352,0.7644,0.7324,0.73,0.7604,0.742,0.734,0.7336,0.7336,0.7268,0.7276,0.7328
0.736,0.7344,0.7388,0.7468,0.742,0.7592,0.7356,0.8976,0.7592,0.7344,0.7304,0.7324


B:
75.6,73.6,76.3999,78.8,83.2001,72.5999,74.8,76.1999,75.2001,69.9999,75.3999,76.1999
79.8,45.6,72.6,74.9999,68.6,75.0001,74.9999,86.3999,68.3999,79.1999,79.4001,68.2
68,74.6001,77.2,71.2,76.0001,61.8001,76.4,-55.6,52.8001,75.6001,74.5999,71.6


========================================================
Test11 (DAC Calibration) results 2008-08-28 18:58:26
Board ID156 36 channels
Linux calibration (server mode)

Calibration DAC Range: [3100 - 3500]

A:
0.7425,0.7325,0.75,0.74,0.74,0.735,0.73,0.7325,0.7375,0.75,0.745,0.735
0.7425,0.765,0.7375,0.7325,0.77,0.7525,0.7425,0.7425,0.745,0.735,0.73,0.745
0.7425,0.745,0.7475,0.755,0.745,0.7725,0.745,0.9025,0.7575,0.7425,0.7375,0.7375


B:
80.2,85.2,59.0,66.0,91.0,68.5,96.0,81.2,77.7,76.0,74.5,73.5
79.2,77.5,79.7,93.2,66.0,65.3,71.2,81.2,58.5,76.5,96.0,61.5
70.2,64.5,72.7,77.5,90.5,65.3,68.5,57.3,80.8,73.2,74.7,79.7


========================================================
Test11 (DAC Calibration) results 2008-08-30 18:23:03
Board ID156 36 channels
Linux calibration (server mode)

Calibration DAC Range: [3100 - 3500]

A:
0.745,0.74,0.745,0.74,0.74,0.735,0.74,0.7375,0.74,0.75,0.7475,0.735
0.7475,0.765,0.7375,0.735,0.7675,0.75,0.7425,0.7425,0.74,0.74,0.7375,0.7375
0.745,0.7425,0.7525,0.76,0.7475,0.7725,0.745,0.885,0.7575,0.7425,0.745,0.745


B:
80.5,69.0,85.5,76.0,100.0,77.5,71.0,73.7,77.0,85.0,74.7,81.5
71.7,81.5,88.7,92.5,83.8,83.0,80.2,90.2,84.0,69.0,80.7,91.7
71.5,82.2,66.3,68.0,90.7,68.3,77.5,72.5,85.8,82.2,59.5,63.5


========================================================
Test11 (DAC Calibration) results 2008-08-30 21:24:28
Board ID156 36 channels
Linux calibration (server mode)

Calibration DAC Range: [3100 - 3500]

A:
0.7275,0.715,0.7275,0.715,0.73,0.7175,0.7175,0.715,0.72,0.7325,0.7325,0.7175
0.7275,0.7475,0.725,0.72,0.75,0.73,0.7225,0.7225,0.72,0.7125,0.715,0.725
0.725,0.725,0.725,0.7375,0.73,0.7525,0.725,0.875,0.7375,0.7225,0.7175,0.725


B:
69.7,83.5,73.7,90.5,64.0,66.8,78.8,79.5,75.0,77.2,56.2,70.8
69.7,81.7,61.5,76.0,75.0,80.0,77.2,88.2,84.0,92.3,86.5,69.5
68.5,71.5,86.5,75.7,82.0,74.3,75.5,82.5,85.7,79.2,80.8,61.5


========================================================
Test11 (DAC Calibration) results 2008-08-30 21:52:07
Board ID156 36 channels
Linux calibration (server mode)

Calibration DAC Range: [3100 - 3500]

A:
0.745,0.74,0.7475,0.7375,0.745,0.74,0.745,0.7375,0.7425,0.7525,0.7475,0.7375
0.7425,0.7725,0.7425,0.745,0.7725,0.75,0.74,0.74,0.745,0.7375,0.735,0.7475
0.745,0.745,0.7475,0.76,0.7525,0.775,0.745,0.9025,0.7625,0.7425,0.74,0.7425


B:
80.5,69.0,76.7,84.7,83.5,61.0,55.5,73.7,70.2,78.3,75.7,73.7
88.2,75.3,72.2,61.5,70.3,83.0,88.0,99.0,69.5,76.7,88.5,60.7
72.5,73.5,82.7,70.0,77.3,70.5,78.5,76.3,68.3,82.2,76.0,72.2


========================================================
Test11 (DAC Calibration) results 2008-08-31 12:06:26
Board ID156 36 channels
Linux calibration (server mode)

Calibration DAC Range: [3100 - 3500]

A:
0.7425,0.74,0.7525,0.7425,0.7475,0.745,0.7375,0.735,0.74,0.755,0.75,0.7375
0.745,0.7725,0.74,0.745,0.77,0.7525,0.74,0.7425,0.745,0.74,0.7375,0.7475
0.745,0.745,0.7475,0.7625,0.7525,0.775,0.7475,0.75,0.7625,0.7475,0.7425,0.745


B:
89.2,69.0,60.3,68.2,74.7,45.5,79.7,83.5,78.0,71.5,68.0,74.7
80.5,80.3,80.0,63.5,87.0,76.3,88.0,90.2,73.5,69.0,79.7,59.7
72.5,73.5,81.7,67.3,77.3,73.5,69.7,60.0,82.3,66.7,67.2,64.5


========================================================
Test11 (DAC Calibration) results 2008-08-31 18:04:26
Board ID156 36 channels
Linux calibration (server mode)

Calibration DAC Range: [3100 - 3500]

A:
0.7425,0.74,0.7475,0.74,0.745,0.74,0.74,0.74,0.7425,0.7575,0.75,0.74
0.7425,0.7675,0.7425,0.7375,0.77,0.755,0.7425,0.7425,0.745,0.74,0.735,0.7375
0.75,0.7425,0.75,0.76,0.7525,0.7475,0.745,0.7475,0.7675,0.7475,0.74,0.74


B:
88.2,69.0,77.7,76.0,82.5,61.0,72.0,66.0,69.2,60.8,68.0,65.0
89.2,73.8,71.2,85.7,83.0,67.5,79.2,89.2,69.5,69.0,87.5,86.7
55.0,82.2,74.0,72.0,75.3,76.7,77.5,57.7,58.8,65.7,75.0,80.0


========================================================
Test11 (DAC Calibration) results 2008-08-31 18:09:27
Board ID156 36 channels
Linux calibration (server mode)

Calibration DAC Range: [3100 - 3500]

A:
0.7475,0.74,0.7475,0.7425,0.745,0.735,0.74,0.735,0.7425,0.7525,0.75,0.74
0.745,0.77,0.7425,0.735,0.765,0.755,0.7375,0.745,0.7425,0.7375,0.74,0.745
0.745,0.7425,0.7475,0.755,0.75,0.745,0.745,0.7425,0.7625,0.7425,0.7375,0.7425


B:
71.7,69.0,76.7,67.2,82.5,78.5,72.0,83.5,70.2,78.3,68.0,65.0
79.5,74.0,72.2,95.5,102.5,67.5,97.7,81.5,78.2,77.7,72.0,63.5
72.5,81.2,82.7,89.5,84.0,84.5,77.5,74.2,80.3,82.2,83.7,71.2


========================================================
Test11 (DAC Calibration) results 2008-08-31 18:30:29
Board ID156 36 channels
Linux calibration (server mode)

Calibration DAC Range: [3100 - 3500]

A:
0.74,0.74,0.745,0.7425,0.7425,0.74,0.7375,0.7375,0.7375,0.75,0.75,0.74
0.7425,0.765,0.7375,0.7425,0.7675,0.7525,0.74,0.7425,0.7475,0.74,0.74,0.74
0.7475,0.745,0.745,0.76,0.755,0.7475,0.745,0.7425,0.765,0.7425,0.7425,0.7425


B:
97.0,69.0,84.5,68.2,91.2,61.0,80.7,74.7,86.7,87.0,68.0,65.0
88.2,83.5,88.7,69.2,93.8,74.3,88.0,90.2,61.7,68.0,72.0,83.0
63.7,73.5,90.5,72.0,68.5,75.7,77.5,73.2,75.5,83.2,67.2,73.2


========================================================
Test11 (DAC Calibration) results 2008-09-01 15:18:54
Board ID156 36 channels
Linux calibration (server mode)

Calibration DAC Range: [3100 - 3500]

A:
0.745,0.7375,0.745,0.7375,0.745,0.74,0.7375,0.7375,0.74,0.755,0.7475,0.7375
0.7475,0.77,0.7375,0.7425,0.77,0.755,0.7425,0.74,0.745,0.7375,0.7375,0.74
0.745,0.745,0.7475,0.7625,0.75,0.745,0.745,0.7425,0.7425,0.7425,0.7425,0.7425


B:
79.5,77.7,84.5,84.7,83.5,61.0,79.7,73.7,77.0,67.5,76.7,73.7
71.7,66.0,87.7,68.2,75.0,65.5,79.2,98.0,66.5,76.7,80.7,70.0
71.5,73.5,81.7,65.3,82.0,83.5,77.5,75.2,90.2,82.2,66.2,72.2


========================================================
Test11 (ADC Calibration) results 2009-04-03 15:15:36
Board ID156 36 channels
Host: ufcmshv3
Linux calibration software

Calibration DAC Range: [1000 - 3500]

A:
0.7644,0.8224,0.766,0.7656,0.7596,0.7668,0.7552,0.7504,0.7648,0.7588,0.7648,0.7668
0.7632,0.7612,0.7608,0.7616,0.7528,0.7676,0.7688,0.7696,0.7648,0.7624,0.7644,0.7636
0.7524,0.7612,0.7636,0.77,0.7636,0.75,0.7616,0.7456,0.7664,0.7692,0.764,0.7844


B:
74.6,61.6001,76.0001,75.3999,80.4001,71.2001,73.7999,75.6,75.2,71.1999,74.2,75.2001
76.8,70.8,70.2,78.3999,77.2,76.4,73.1999,84.4001,71.2,76.6001,78.6,75.4
66.6001,74.8,75.4,74.0001,77.4,73,74.3999,69.4001,74.6001,74.7999,72,67.6001


========================================================
Test11 (ADC Calibration) results 2009-04-06 11:36:55
Board ID156 36 channels
Host: ufcmshv3
Linux calibration software

Calibration DAC Range: [1000 - 3500]

A:
0.7644,0.7648,0.7664,0.7652,0.7592,0.7668,0.7552,0.7504,0.7648,0.7588,0.7644,0.7664
0.7632,0.7612,0.7604,0.7616,0.7524,0.7676,0.7684,0.7696,0.7648,0.7624,0.764,0.7636
0.7524,0.7612,0.7636,0.7692,0.764,0.7504,0.7616,0.7452,0.7664,0.7696,0.7632,0.7852


B:
74.6,73.2,74.6001,76.7999,80.8001,71.2001,73.7999,74.6,75.2,71.1999,75.6,74.6001
76.8,70.8,71.6,78.3999,77.6001,75.4,73.6,84.4001,71.2,76.6001,80,75.4
66.6001,74.8,75.4,75.7999,76,71.6,74.3999,69.8001,74.6001,73.4001,73.8,65.8


