========================================================
Test10 (ADC Calibration) results 2008-04-04 17:15:57
Board ID164 36 channels
Linux calibration software

Voltmeter channel: A=1.07099, B=-9.33261

A:
1.08596,1.07814,1.07804,1.08087,1.07578,1.07528,1.0778,1.0737,1.07679,1.07508,1.0773,1.06455
1.07877,1.07056,1.07524,1.08038,1.07305,1.0894,1.07966,1.0773,1.07322,1.07547,1.07823,1.07584
1.0711,1.07681,1.08537,1.07605,1.07514,1.07723,1.07875,1.07685,1.07413,1.07463,1.07923,1.07071


B:
4.19583,-6.3666,-17.6245,-18.0269,-18.0808,-20.6414,-17.6962,-21.358,-18.4409,-17.825,-23.1076,-299.933
-20.2546,-19.004,-17.441,-18.4253,-13.2041,-14.6142,-28.2264,-18.953,-21.9075,-16.3848,-13.945,-18.439
-14.7868,-22.8572,-21.7715,-20.3814,-12.1079,-20.1801,-25.105,-15.6923,-23.7033,-20.9684,-20.6303,-15.3334


========================================================
Test10 (ADC Calibration) results 2008-04-04 17:29:31
Board ID164 36 channels
Linux calibration software

Voltmeter channel: A=1.0714, B=-10.2885

A:
1.08657,1.07824,1.07675,1.08067,1.07683,1.07518,1.07726,1.07252,1.07679,1.07463,1.07685,1.07824
1.08002,1.07164,1.07598,1.08038,1.07312,1.09026,1.07792,1.07675,1.07272,1.07537,1.07877,1.07595
1.06952,1.07607,1.08527,1.07584,1.07534,1.07784,1.0782,1.0773,1.07413,1.07538,1.07913,1.07071


B:
3.40909,-6.49855,-15.9295,-17.5601,-21.3388,-21.3835,-18.0561,-19.5943,-19.5177,-17.7175,-23.1996,-23.7157
-21.7866,-22.5711,-20.9748,-19.5056,-16.4473,-17.2303,-24.8589,-18.2366,-21.915,-16.2533,-15.7396,-19.8484
-12.6988,-22.9567,-21.6383,-20.7907,-13.8493,-21.6598,-25.4636,-17.3533,-23.7033,-24.0991,-20.8972,-16.4041


