========================================================

Test10 results 03-23-2006  14:48:21
Board ID436  30 channels
HV Tests Software Ver.1.6

+5V 2529 - O'k
-5V 1315 - O'k
Interlock - On

Voltmeter channel: A=1.086366, B=7.604739

A:
Limits 1.1 +/- 0.1
1.084011,1.073537,1.089325,1.076426,1.070091,1.072961,1.079914,1.082251,1.080497,1.081081
1.071237,1.079331,1.079331,1.086366,1.071237,1.081081,1.079914,1.074114,1.084011,1.077006
1.078749,1.081081,1.078749,1.082837,1.085187,1.074114,1.070664,1.088139,1.067806,1.079914


B:
Limits 0.0 +/- 35.0
5.420056,7.514596,8.714689,7.534973,4.280172,8.583851,6.479447,6.493545,3.241499,7.567746
7.498487,7.555364,9.714025,6.518373,8.569725,6.486665,5.399534,8.592949,8.672089,6.461817
7.55105,6.486665,6.472301,7.580034,4.340742,8.592949,6.423989,7.616924,8.542488,10.799102
========================================================
Test10 (ADC Calibration) results 2008-06-02 11:14:39
Board ID436 30 channels
Linux calibration software

Voltmeter channel: A=1.07727, B=-1490.36

A:
1.08426,1.03554,1.08935,1.07709,1.07064,1.07366,1.08077,1.08329,1.08113,1.08159
1.07164,1.07925,1.07992,1.08678,1.07235,1.08073,1.08026,1.07471,1.08501,1.07659
1.07976,1.08127,1.07986,1.08442,1.08486,1.07481,1.06973,1.08819,1.06896,1.08228


B:
3.73918,9.36065,4.34838,5.93669,4.29278,5.37427,4.18329,3.05343,3.0025,4.41311
4.86788,5.11087,6.34276,5.52776,4.16924,5.23523,3.90595,5.76916,4.18549,6.57832
3.54823,4.5405,2.33987,5.20339,3.56805,5.56623,7.10658,6.01746,3.22032,2.17304


========================================================
Test10 (ADC Calibration) results 2008-06-16 13:15:45
Board ID436 30 channels
Linux calibration software

Voltmeter channel: A=1.07, B=0

A:
1.08814,1.03627,1.0929,1.08045,1.07376,1.0766,1.08333,1.08532,1.0836,1.08487
1.07465,1.08198,1.08306,1.08987,1.07518,1.08406,1.08315,1.07776,1.08732,1.08009
1.08234,1.08388,1.0818,1.08687,1.08787,1.07732,1.07332,1.09152,1.0711,1.08378


B:
2.17634,12.8497,4.58995,5.76799,3.55145,5.00196,4.41653,5.40991,3.51721,4.30586
4.8774,6.74168,6.18197,5.81848,5.02866,4.40255,5.01556,5.43866,5.5372,5.66677
5.11206,5.21908,4.74327,5.51793,4.60265,6.92802,5.89521,5.84383,5.37201,6.16915


========================================================
Test10 (ADC Calibration) results 2008-06-17 07:08:50
Board ID436 30 channels
Linux calibration software

Voltmeter channel: A=1.07, B=0

A:
1.10051,1.04856,1.10532,1.09274,1.08606,1.08885,1.09583,1.09812,1.09583,1.0972
1.08669,1.09428,1.09565,1.10273,1.0875,1.09656,1.09556,1.09002,1.09996,1.09292
1.09456,1.09629,1.09456,1.09987,1.10042,1.08984,1.08597,1.10411,1.08329,1.09656


B:
1.93241,10.3025,3.49492,5.1187,2.35458,4.77715,3.80599,4.12121,3.14839,3.64389
4.37997,5.88581,4.63067,4.09391,4.28368,3.57315,3.61943,5.00184,4.41827,3.64038
4.32158,4.26358,3.22703,3.18287,3.11703,5.3862,3.95795,4.37279,4.49483,3.79241


