========================================================

Test15 results 08-18-2005  12:36:28
Board ID038  8 channels
HV Tests Software Ver.1.6


A:
Limits 1.45 +/- 2.0
1.437814,1.43472,1.426534,1.43575,1.426534,1.437814,1.437814,1.428571


B:
Limits 0.0 +/- 160.0
-7.188939,-7.173736,4.279443,10.050398,-8.55936,-7.188939,8.62702,9.999905
========================================================
Test15 (Master ADC Calibration) results 2008-02-18 11:03:26
Board ID38 7 channels
Linux calibration software


A:
1.43678,1.43369,1.43062,1.43781,1.43988,1.44196,1.43988,1.43164

B:
5.45968,2.15058,0.286064,9.92105,-11.375,-12.545,8.78337,7.58777

========================================================
Test15 (Master ADC Calibration) results 2008-07-19 15:30:19
Board ID38 7 channels
Linux calibration software


A:
1.42857,1.41753,1.4234,1.43006,1.4308,1.43229,1.43304,1.42266

B:
11.4285,9.1495,5.04671,14.6907,-4.42254,-4.03635,14.0699,14.0974

========================================================
Test15 (ADC Calibration) results 2009-04-02 08:57:43
Board ID038 8 channels
Host: ufcmshv3
Linux calibration software

A:
1.45089,1.42388,1.4152,1.39875,1.40419,1.43885,1.4172,1.4574


B:
6.42863,2.14662,-0.261509,8.28492,-10.1751,-9.20862,9.37537,9.55165


