========================================================

Test16 results 08-18-2005  12:37:53
Board ID038  8 channels
HV Tests Software Ver.1.6
Calibration DAC Range: [1000 - 2300]


A:
Limits 0.57 +/- 0.1
0.565463,0.565709,0.568928,0.566202,0.568928,0.563991,0.565709,0.568679


B:
Limits 50.0 +/- 60.0
43.025246,40.409306,43.781105,43.31498,48.636715,47.280746,40.413998,43.144409
========================================================
Test16 (Master DAC Calibration) results 2008-02-18 11:03:26
Board ID38 7 channels
Linux calibration software
Calibration DAC Range: [1000 - 2300]

A:
0.564935,0.567783,0.567016,0.564459,0.563436,0.562976,0.564493,0.566257

B:
45.4546,34.6459,46.537,45.6548,59.155,47.852,42.5971,47.0505

========================================================
Test16 (Master DAC Calibration) results 2008-07-19 15:30:19
Board ID38 7 channels
Linux calibration software
Calibration DAC Range: [1000 - 2200]

A:
0.568182,0.572764,0.570634,0.56813,0.568296,0.56732,0.567101,0.569618

B:
43.9936,36.3833,44.5278,43.6781,54.9053,44.2725,41.6755,46.5888

========================================================
Test16 (ADC Calibration) results 2009-04-02 09:07:07
Board ID038 8 channels
Host: ufcmshv3
Linux calibration software

A:
0.558,0.57,0.572,0.5796,0.5772,0.5632,0.5716,0.5564


B:
58.9999,41,52.9999,49.4001,51.8,52.8,53.3999,53.6


