========================================================

Test10 results 03-22-2005  15:28:10
Board ID310  30 channels
HV Tests Software Ver.1.6

+5V 2503 - O'k
-5V 1339 - O'k
Interlock - On

Voltmeter channel: A=1.079914, B=14.038843

A:
Limits 1.1 +/- 0.1
1.072386,1.079331,1.075847,1.068947,1.085776,1.071237,1.077006,1.073537,1.076426,1.085187
1.084599,1.074114,1.075847,1.075269,1.077006,1.071237,1.073537,1.071811,1.075269,1.070091
1.050972,1.072386,1.068947,1.078749,1.075847,1.068376,1.068376,1.075847,1.076426,1.090513


B:
Limits 0.0 +/- 30.0
15.013526,15.11068,20.440956,18.172138,14.115096,17.139624,15.077866,16.102896,19.375662,15.192614
16.269119,16.111746,13.985871,16.128857,16.154871,18.210861,18.249969,15.005518,18.279394,16.051172
14.713781,10.723982,17.103191,15.102291,15.061719,20.29916,13.888905,15.061719,16.146383,13.086248
========================================================
Test10 (ADC Calibration) results 2007-09-10 10:15:33
Board ID310 30 channels
Linux calibration software

Voltmeter channel: A=1.03028, B=-1397.25

A:
1.07185,1.08008,1.07723,1.06874,1.08275,1.07175,1.07673,1.07362,1.07569,1.08475
1.08401,1.07412,1.07492,1.07469,1.07653,1.07175,1.07382,1.07111,1.07553,1.06901
1.05055,1.07172,1.06924,1.08018,1.07627,1.06573,1.06804,1.07573,1.07627,1.08908


B:
11.8204,9.93832,13.9931,12.6994,14.2406,11.9479,11.6296,11.575,16.3289,10.6165
12.295,12.2351,11.9206,14.1212,13.4369,12.9479,12.068,13.0283,12.2812,12.899
12.85,10.137,11.2699,10.8909,9.21742,15.5884,9.65941,10.9778,13.5411,12.5833


========================================================
Test10 (ADC Calibration) results 2008-06-17 15:59:19
Board ID310 30 channels
Linux calibration software

Voltmeter channel: A=1.07, B=0

A:
1.08883,1.09582,1.09491,1.08586,1.09427,1.08784,1.09309,1.08955,1.09218,1.10152
1.10059,1.09118,1.09163,1.09209,1.09272,1.08829,1.09046,1.08838,1.09209,1.08613
1.06639,1.08766,1.08478,1.09784,1.09245,1.07926,1.08461,1.09227,1.09018,1.10587


B:
10.4942,12.8297,14.319,13.008,15.995,13.5818,12.044,13.0983,17.2436,11.3813
13.7607,11.3871,11.845,12.5212,13.4692,12.08,12.4873,11.562,13.1762,12.3261
13.6501,10.4843,13.7811,12.091,11.5334,19.2957,10.0412,11.0446,16.2253,12.953


========================================================
Test10 (ADC Calibration) results 2008-07-16 21:23:30
Board ID310 30 channels
Linux calibration software

Voltmeter channel: A=1.07, B=0

A:
1.08966,1.09656,1.09599,1.08638,1.09447,1.08881,1.0938,1.08975,1.09286,1.10239
1.10105,1.09201,1.09276,1.09295,1.09343,1.08862,1.09097,1.08909,1.09286,1.08684
1.06712,1.08815,1.08535,1.09779,1.09314,1.07877,1.08544,1.09314,1.08563,1.10654


B:
9.51728,11.5022,13.1189,11.8811,14.7217,12.2545,10.5132,12.7001,15.5316,10.1482
13.3521,9.97292,10.3726,11.2923,12.1716,11.3377,11.7971,10.4713,12.0345,11.0165
12.3246,9.80982,12.6085,11.4704,10.9004,18.2332,8.83217,9.80723,18.8649,11.246


========================================================
Test10 (ADC Calibration) results 2008-07-19 11:34:37
Board ID310 30 channels
Linux calibration software

Voltmeter channel: A=1.07, B=0

A:
1.08928,1.09646,1.0957,1.0861,1.09475,1.089,1.09399,1.08984,1.09295,1.1021
1.10124,1.09173,1.09191,1.09258,1.09324,1.08872,1.09078,1.089,1.09305,1.08656
1.06712,1.08844,1.08544,1.09475,1.09276,1.07877,1.08498,1.09267,1.08507,1.10654


B:
9.64504,10.9315,12.7214,11.9214,13.8055,11.2107,10.3393,11.9602,15.4456,10.1898
12.7377,10.4512,11.37,11.6382,11.907,11.034,11.5336,10.3395,10.9871,11.0572
11.8979,8.89828,11.6542,12.7107,10.81,17.37,9.69664,10.4595,17.64,11.246


========================================================
Test10 (ADC Calibration) results 2008-07-19 14:46:21
Board ID310 30 channels
Linux calibration software

Voltmeter channel: A=1.07, B=0

A:
1.08919,1.09675,1.09551,1.08638,1.0938,1.08853,1.0938,1.08947,1.09276,1.10229
1.10105,1.09182,1.0921,1.09276,1.09324,1.089,1.09078,1.08881,1.09286,1.08666
1.06694,1.08834,1.08544,1.09418,1.09286,1.07776,1.08516,1.09295,1.08386,1.10644


B:
9.73131,10.2321,13.3327,11.6639,14.6693,12.5128,10.5132,12.7406,15.6179,9.57397
13.1319,10.1459,10.5415,10.81,11.907,10.775,11.7517,10.7299,11.379,10.9713
12.2801,8.98425,11.8715,14.1053,10.9416,19.1651,9.09077,9.54377,18.7485,11.333


========================================================
Test10 (ADC Calibration) results 2008-07-20 08:08:59
Board ID310 30 channels
Linux calibration software

Voltmeter channel: A=1.07, B=0

A:
1.08909,1.09656,1.09561,1.0861,1.0939,1.0889,1.0938,1.08937,1.09248,1.10201
1.10124,1.09173,1.0921,1.09257,1.09333,1.08862,1.09088,1.08928,1.09248,1.08656
1.06703,1.08834,1.08544,1.09466,1.09286,1.07804,1.08516,1.09295,1.08414,1.10635


B:
9.81763,10.8444,13.2459,12.139,15.2394,11.7329,10.7319,12.3913,16.3134,10.2772
12.5175,10.4512,10.7598,11.2014,12.2582,11.3377,11.447,9.64504,12.3803,11.2744
12.1959,9.41987,12.0885,13.4542,11.1601,18.6957,8.87379,9.98084,18.9268,11.4209


========================================================
Test10 (ADC Calibration) results 2008-07-20 17:40:55
Board ID310 30 channels
Linux calibration software

Voltmeter channel: A=1.07, B=0

A:
1.08919,1.09637,1.09551,1.08628,1.09409,1.08881,1.0939,1.08975,1.09267,1.10229
1.10105,1.09154,1.09239,1.09229,1.09324,1.08862,1.09088,1.08909,1.09286,1.08712
1.06667,1.08806,1.08526,1.09589,1.09276,1.07749,1.08498,1.09258,1.08349,1.10654


B:
9.9491,11.0181,13.3327,11.7498,14.8482,12.0365,10.4261,11.6103,15.9228,9.35357
13.1319,11.0605,10.5004,12.1158,12.1256,11.1202,11.8832,10.2532,11.379,10.1057
12.7464,9.89624,12.6945,12.3288,11.0284,19.6346,9.4797,10.7641,19.7394,11.0247


========================================================
Test10 (ADC Calibration) results 2008-07-24 12:08:22
Board ID310 30 channels
Linux calibration software

Voltmeter channel: A=1.07, B=0

A:
1.089,1.09627,1.09551,1.08563,1.09409,1.08834,1.09343,1.08919,1.09248,1.10201
1.10085,1.09144,1.09144,1.09276,1.09324,1.08844,1.09041,1.08881,1.09267,1.08675
1.06676,1.08815,1.08535,1.09513,1.09286,1.07804,1.08461,1.09239,1.08386,1.10596


B:
9.46823,10.8859,12.4562,12.5685,14.6294,12.4669,11.2969,12.7811,15.4393,9.6159
13.0853,10.4921,11.1467,10.5911,11.907,10.8571,12.0965,10.2946,11.5521,10.4505
12.4488,9.37479,11.7406,13.0216,10.2862,18.2643,9.60691,10.282,19.3989,11.5499


