========================================================

Test11 results 03-22-2005  15:29:28
Board ID310  30 channels
HV Tests Software Ver.1.6

+5V 2505 - O'k
-5V 1339 - O'k
Interlock - On
Calibration DAC Range: [2500 - 2900]


A:
Limits 0.76 +/- 0.04
0.749064,0.743494,0.746269,0.75188,0.743494,0.749064,0.746269,0.749064,0.746269,0.742115
0.740741,0.746269,0.749064,0.747664,0.746269,0.750469,0.747664,0.750469,0.747664,0.75188
0.766284,0.750469,0.753296,0.750469,0.749064,0.750469,0.75188,0.749064,0.749064,0.738007


B:
Limits 60.0 +/- 30.0
69.222191,72.87542,65.143196,64.477196,57.606918,70.560295,68.356377,64.66124,69.159676,65.297813
72.00946,76.129158,62.332668,69.243736,68.273842,64.626686,70.047256,66.145401,63.785206,65.465874
61.734138,67.844032,63.968739,63.275623,60.80711,69.797157,70.811638,60.976086,56.862087,68.625732
========================================================
Test11 (DAC Calibration) results 2007-09-10 10:15:33
Board ID310 30 channels
Linux calibration software
Calibration DAC Range: [1100 - 2700]

A:
0.748994,0.743287,0.744879,0.751174,0.741084,0.749064,0.745226,0.747384,0.745573,0.739713
0.73985,0.747035,0.746478,0.746269,0.745365,0.749064,0.747244,0.749134,0.74606,0.75061
0.763796,0.748713,0.750821,0.746965,0.745921,0.753296,0.751668,0.745921,0.745921,0.736038


B:
72.3808,75.4531,71.3222,70.8919,73.5988,72.2846,73.0787,73.0942,74.0913,75.497
77.971,75.8147,72.8468,74.9254,73.3347,71.5356,74.3323,72.7877,71.7804,72.8656
71.9306,75.7605,74.3782,74.4164,74.3591,69.4916,73.9735,74.3591,70.3312,79.1149


