========================================================

Test15 results 04-13-2006  13:40:22
Board ID053  8 channels
HV Tests Software Ver.1.6


A:
Limits 1.45 +/- 2.0
1.449275,1.438849,1.426534,1.43575,1.439885,1.419446,1.436782,1.444043


B:
Limits 0.0 +/- 160.0
-7.24641,-4.31669,7.13251,15.793398,11.519155,7.097085,15.804499,-7.220098
========================================================
Test15 (ADC Calibration) results 2008-12-05 09:03:43
Board ID053 8 channels
Host: ufcmshv3
Linux calibration software

A:
1.37975,1.42481,1.40116,1.41504,1.40434,1.36368,1.3965,1.40404


B:
2.16528,-11.6177,-3.51348,-12.888,4.04038,-3.94398,6.81074,-11.7508


========================================================
Test15 (ADC Calibration) results 2011-10-30 18:21:26
Board ID053 8 channels
Host: ufcmshv1
Linux calibration software

A:
1.37948,1.42348,1.3997,1.41403,1.40303,1.36168,1.39534,1.40287


B:
2.91504,-8.96408,-0.784264,-10.4628,6.09665,-3.01477,9.03214,-9.50792


