========================================================

Test16 results 04-13-2006  13:47:33
Board ID053  8 channels
HV Tests Software Ver.1.6
Calibration DAC Range: [1000 - 2300]


A:
Limits 0.57 +/- 0.1
0.573698,0.572687,0.566696,0.576497,0.571177,0.569676,0.572183,0.577521


B:
Limits 50.0 +/- 70.0
5.207348,10.073984,32.407494,-5.986643,15.29007,22.10453,12.089804,-10.9189
========================================================
Test16 (ADC Calibration) results 2008-12-05 09:17:45
Board ID053 8 channels
Host: ufcmshv3
Linux calibration software

A:
0.5828,0.566,0.5752,0.5692,0.574,0.5908,0.5772,0.5744


B:
44.2001,46.0001,45.7999,44.8001,44,36.2,39.8,41.6


========================================================
Test16 (ADC Calibration) results 2011-10-30 18:28:26
Board ID053 8 channels
Host: ufcmshv1
Linux calibration software

A:
0.5836,0.5664,0.576,0.5704,0.5744,0.592,0.5784,0.5748


B:
43.4001,41.6,42.0001,41.6,42.6,37,39.5999,41.2


