========================================================

Test11 results 08-23-2005  16:29:18
Board ID412  30 channels
HV Tests Software Ver.1.6

+5V 2515 - O'k
-5V 1332 - O'k
Interlock - On
Calibration DAC Range: [2500 - 2900]


A:
Limits 0.76 +/- 0.04
0.760456,0.761905,0.754717,0.757576,0.760456,0.760456,0.746269,0.756144,0.754717,0.756144
0.754717,0.756144,0.757576,0.761905,0.749064,0.761905,0.756144,0.760456,0.757576,0.760456
0.754717,0.754717,0.756144,0.747664,0.756144,0.756144,0.761905,0.763359,0.753296,0.756144


B:
Limits 60.0 +/- 40.0
52.851746,55.825653,59.997932,56.052494,58.912746,64.24968,55.914318,49.326107,53.708317,49.483944
58.379234,59.19899,53.621815,55.717583,58.333332,46.71944,61.727345,52.14402,49.7631,62.850929
64.460823,59.093227,49.326107,62.941895,58.193626,57.482342,42.958839,55.637623,63.825657,61.527969
========================================================
Test11 (DAC Calibration) results 2008-01-29 06:40:27
Board ID412 30 channels
Linux calibration software
Calibration DAC Range: [1100 - 2700]

A:
0.759085,0.76118,0.755144,0.756573,0.760384,0.761905,0.745295,0.753225,0.7528,0.755786
0.754361,0.756573,0.756859,0.76118,0.749204,0.759013,0.755644,0.758653,0.756215,0.761687
0.755144,0.754788,0.753012,0.748013,0.756787,0.756787,0.758438,0.762995,0.754361,0.756573


B:
63.6968,62.512,63.4886,65.0085,64.3569,63.3523,63.8906,62.8094,62.6423,53.9915
64.2621,62.5875,60.0756,62.512,63.5514,60.9108,68.5464,62.9208,59.4479,64.1055
67.7176,62.9211,63.705,66.994,61.0821,61.9906,60.9405,61.5641,63.5078,65.0085


========================================================
Test11 (ADC Calibration) results 2008-06-19 12:56:33
Board ID412 30 channels
Linux calibration software

Calibration DAC Range: [1000 - 3500]

A:
0.7472,0.7492,0.7428,0.7448,0.7488,0.7504,0.7336,0.7408,0.7404,0.7488
0.7416,0.744,0.744,0.7492,0.7376,0.7468,0.7432,0.7464,0.7444,0.7488
0.7428,0.7436,0.7416,0.7364,0.7448,0.7444,0.746,0.7516,0.7424,0.7448


B:
64.8,63.8,64.2,65.2001,65.2001,65.6,66.3999,64.1999,63.5999,52.2001
65.4001,64.9999,62.9999,63.8,64.3999,63.2,69.8,64.6,60.5999,68.2001
69.2,63.4,64.4001,68.6,62.2001,63.5999,64,61.3999,64.6,66.2001


========================================================
Test11 (ADC Calibration) results 2008-07-17 10:58:43
Board ID412 30 channels
Linux calibration software

Calibration DAC Range: [1000 - 3500]

A:
0.7468,0.7488,0.7428,0.7448,0.748,0.7496,0.7328,0.7404,0.74,0.7492
0.7408,0.744,0.7444,0.7484,0.7372,0.7468,0.7428,0.7456,0.7436,0.7484
0.742,0.7428,0.7412,0.7368,0.7444,0.7448,0.7456,0.7508,0.7412,0.7444


B:
65.2,65.2001,64.2,64.2001,65.9999,65.4,67.2,64.5999,63,51.8
66.1999,63.9999,61.5999,65.6001,63.7999,63.2,70.2,66.4001,62.4,67.6001
70.0001,64.2,64.8001,66.2,62.5999,62.2001,64.4001,62.2,66.8001,66.5999


========================================================
Test11 (ADC Calibration) results 2008-07-20 18:37:46
Board ID412 30 channels
Linux calibration software

Calibration DAC Range: [1000 - 3500]

A:
0.7464,0.7492,0.7424,0.7448,0.748,0.75,0.7332,0.7404,0.7396,0.75
0.7416,0.744,0.7436,0.7484,0.7372,0.7464,0.7424,0.7464,0.7436,0.7816
0.7428,0.7432,0.742,0.7364,0.7444,0.7444,0.7464,0.7512,0.7416,0.7448


B:
66.6,63.8,64.6,64.2001,65.9999,64,65.7999,64.5999,64.4,51
65.4001,63.9999,63.4,65.6001,63.7999,63.6,70.6,64.6,62.4,32.4
68.2,62.8,63.0001,67.6,62.5999,63.5999,61.6,61.7999,65.4001,65.2001


========================================================
Test11 (ADC Calibration) results 2008-07-24 23:03:59
Board ID412 30 channels
Linux calibration software

Calibration DAC Range: [1000 - 3500]

A:
0.7468,0.7496,0.7424,0.7444,0.748,0.75,0.7332,0.7408,0.74,0.7492
0.7412,0.7436,0.744,0.7488,0.7368,0.7468,0.7432,0.7464,0.7436,0.7488
0.7428,0.7432,0.7412,0.7368,0.7448,0.7444,0.746,0.7512,0.7416,0.7448


B:
65.2,62.4,64.6,65.5999,65.9999,64,65.7999,64.1999,63,52.8
65.8001,64.4,61.9999,64.2001,65.2,62.2,68.8,64.6,61.4,66.2001
68.2,62.8,64.8001,66.2,62.2001,63.5999,63,61.7999,65.4001,65.2001


========================================================
Test11 (ADC Calibration) results 2008-08-13 01:14:42
Board ID412 30 channels
Linux calibration software

Calibration DAC Range: [1000 - 3500]

A:
0.746,0.7492,0.7424,0.744,0.748,0.75,0.7332,0.7404,0.7388,0.75
0.7408,0.7436,0.744,0.7476,0.7368,0.7464,0.7424,0.7456,0.744,0.7816
0.7424,0.7432,0.7412,0.7364,0.7444,0.7444,0.746,0.7508,0.7416,0.7448


B:
66,63.8,64.6,66.9999,65.9999,64,65.7999,63.5999,64.2,52
66.1999,64.4,61.9999,69.3999,65.2,63.6,69.6,66.4001,60.9999,33.4
68.6,62.8,64.8001,67.6,62.5999,63.5999,63,63.2,65.4001,65.2001


