

========================================================
Test10 (ADC Calibration) results 2014-03-06 15:19:06
Board ID510 30 channels
Host: ufcmshv1
Linux calibration software

Voltmeter channel: A=1.07827, B=-1.04554

A:
1.0755,1.06476,1.07293,1.07258,1.11938,1.07222,1.0772,1.07355,1.06765,1.07178
1.06773,1.06607,1.07187,1.0902,1.07729,1.06537,1.32813,1.07453,1.06756,1.07488
1.07293,1.07479,1.078,1.08177,1.07143,1.06546,1.07187,1.08701,1.08956,1.07613


B:
-2.1438,-2.38571,-1.46954,-0.92596,-0.818572,-1.88362,-1.3462,-1.18818,-1.46292,-0.400358
-0.26359,-1.48213,-0.696931,-0.751207,0.0789534,-0.614769,942.812,1.34359,-1.38084,-0.705437
-1.68448,-0.837911,-0.150671,-0.821989,1.00017,-0.27014,0.160756,-0.658655,-1.25565,-0.785232


========================================================
Test10 (ADC Calibration) results 2014-03-06 15:39:29
Board ID510 30 channels
Host: ufcmshv1
Linux calibration software

Voltmeter channel: A=1.07827, B=-1.04554

A:
1.07568,1.0645,1.07284,1.07222,1.11948,1.07222,1.07657,1.07311,1.06765,1.07161
1.06765,1.06563,1.07169,1.0902,1.07755,1.06572,1.05244,1.07444,1.06747,1.07453
1.07267,1.0747,1.07791,1.08123,1.07169,1.06555,1.07196,1.08692,1.0891,1.07568


B:
-2.52408,-2.56582,-1.1732,0.0465706,-1.35247,-2.09788,-0.121877,-0.347151,-1.46292,-0.0213425
-0.181792,-0.43379,0.110901,-0.969587,-0.599402,-1.58108,-1.13412,-1.15318,-1.08542,-0.375755
-0.793795,-0.540935,-0.283308,0.108716,-0.103385,-0.138723,-0.135746,-0.57526,-0.402165,-0.372717


