========================================================

Test10 results 02-09-2006  13:51:36
Board ID423  30 channels
HV Tests Software Ver.1.6

+5V 2510 - O'k
-5V 1313 - O'k
Interlock - On

Voltmeter channel: A=1.078749, B=17.259789

A:
Limits 1.1 +/- 0.1
1.089918,1.085776,1.088139,1.077006,1.085776,1.079331,1.090513,1.086366,1.078167,1.081081
1.081666,1.081081,1.081081,1.084599,1.079914,1.080497,1.074691,1.084011,1.074691,1.082837
1.077586,1.086366,1.081081,1.088139,1.079914,1.077006,1.086957,1.076426,1.084011,1.075847


B:
Limits 0.0 +/- 35.0
15.258857,16.286648,16.322039,15.077866,11.943543,16.19001,13.086248,11.950203,15.094469,14.054233
16.225027,12.973151,15.135313,15.184522,18.358498,14.04647,13.970869,15.176154,15.04556,18.408403
16.163914,17.382034,16.216394,16.322039,14.038843,14.000859,14.13051,13.993531,14.092143,17.213413
========================================================
Test10 (ADC Calibration) results 2008-01-19 16:55:04
Board ID423 30 channels
Linux calibration software

Voltmeter channel: A=1.07378, B=-1392.28

A:
1.09022,1.08558,1.08815,1.07716,1.08522,1.07998,1.09047,1.08583,1.07772,1.08024
1.0824,1.08069,1.08119,1.08412,1.07903,1.08069,1.07393,1.08262,1.07534,1.08266
1.07766,1.08825,1.0821,1.08779,1.07913,1.07641,1.08569,1.0756,1.08306,1.07665


B:
11.1553,12.1659,11.6809,9.08622,8.65714,9.86564,10.4191,8.96665,12.1609,11.6901
11.1277,9.56069,10.9143,12.3644,15.2808,10.5607,11.5714,14.2468,8.93829,14.0283
11.4398,9.86323,10.0325,13.0739,11.5515,12.117,11.9512,11.0747,11.7942,10.7326


========================================================
Test10 (ADC Calibration) results 2008-06-17 15:59:19
Board ID423 30 channels
Linux calibration software

Voltmeter channel: A=1.07, B=0

A:
1.10755,1.10226,1.10476,1.09345,1.1017,1.07511,1.10041,1.10207,1.09454,1.091
1.08033,1.09848,1.0982,1.10161,1.10244,1.09719,1.09046,1.10078,1.09136,1.10087
1.09381,1.10179,1.08667,1.10411,1.09582,1.09354,1.10337,1.09254,1.10023,1.09509


B:
8.5575,12.0329,12.1936,10.6174,9.8916,28.7036,15.9087,9.7764,10.93,15.4808
25.8788,10.4072,9.9997,12.1794,13.1881,10.042,12.2693,10.9512,9.47467,11.0879
12.0345,13.1133,20.5229,13.8855,11.7338,11.1904,10.3631,9.2651,10.7943,11.9628


========================================================
Test10 (ADC Calibration) results 2008-07-16 21:23:30
Board ID423 30 channels
Linux calibration software

Voltmeter channel: A=1.07, B=0

A:
1.10829,1.10316,1.10095,1.09409,1.10229,1.07328,1.10018,1.10287,1.09504,1.0906
1.06856,1.09961,1.09865,1.10268,1.10403,1.0977,1.09116,1.10143,1.09182,1.10133
1.09447,1.09951,1.07574,1.09371,1.09637,1.09447,1.10383,1.09248,1.10076,1.09646


B:
8.11481,10.9934,14.76,9.59654,9.35357,26.0864,15.2344,8.82929,10.261,15.8502
30.2069,9.81685,10.0288,10.7681,11.5311,9.58153,11.188,10.5807,9.05412,10.2273
10.5626,14.3021,25.9725,21.0993,10.7988,9.90572,9.93952,9.75849,10.0905,11.1506


========================================================
Test10 (ADC Calibration) results 2008-07-19 11:34:37
Board ID423 30 channels
Linux calibration software

Voltmeter channel: A=1.07, B=0

A:
1.10829,1.10268,1.10057,1.09399,1.10201,1.07364,1.09865,1.10258,1.09485,1.09069
1.06245,1.09951,1.09827,1.10258,1.10383,1.0976,1.09069,1.10124,1.09154,1.10124
1.09428,1.09961,1.0701,1.09399,1.09618,1.09418,1.10383,1.09182,1.10076,1.09637


B:
7.45,11.2093,14.2269,9.68322,9.1752,25.1072,14.6431,8.87085,9.99678,13.5826
31.5684,9.46397,9.71776,10.4142,11.4852,9.66879,11.8378,9.87438,9.53245,10.315
10.5171,14.655,28.7936,21.498,10.7535,9.94735,9.05679,9.49112,9.65028,11.6756


========================================================
Test10 (ADC Calibration) results 2008-07-19 14:46:21
Board ID423 30 channels
Linux calibration software

Voltmeter channel: A=1.07, B=0

A:
1.10848,1.10268,1.09913,1.09343,1.1022,1.0721,1.09741,1.10268,1.09475,1.08947
1.05783,1.09951,1.09837,1.10258,1.10335,1.0976,1.09107,1.10085,1.09154,1.10114
1.09466,1.09951,1.06541,1.0889,1.09627,1.09418,1.10383,1.09182,1.10047,1.09637


B:
6.82989,10.9885,15.7484,10.4221,8.5595,26.7446,16.6467,8.56275,9.86466,15.7908
37.7392,9.46397,9.85084,10.4142,12.3632,9.66879,11.0562,10.6635,9.53245,10.1816
10.1703,14.5218,33.9553,24.5816,10.6667,10.1661,9.2775,9.70931,9.69165,11.0181


========================================================
Test10 (ADC Calibration) results 2008-07-20 08:08:59
Board ID423 30 channels
Linux calibration software

Voltmeter channel: A=1.07, B=0

A:
1.10799,1.10297,1.09961,1.09418,1.10181,1.07703,1.09875,1.1022,1.09494,1.08975
1.06103,1.0999,1.09827,1.10258,1.10412,1.0976,1.09069,1.10124,1.09201,1.10124
1.0939,1.10028,1.06757,1.09532,1.09656,1.09447,1.10364,1.09239,1.10066,1.09627


B:
8.1572,10.2857,15.9745,9.07195,9.79052,23.0731,15.6551,9.88209,10.348,15.7514
35.8563,8.89528,10.1573,10.4142,11.4437,9.44943,11.6197,10.0945,8.44422,10.315
11.739,13.3874,33.6811,19.6396,10.1864,9.90572,9.45272,9.40804,10.1778,11.7629


========================================================
Test10 (ADC Calibration) results 2008-07-20 17:40:55
Board ID423 30 channels
Linux calibration software

Voltmeter channel: A=1.07, B=0

A:
1.10809,1.10249,1.09894,1.09361,1.10229,1.07191,1.09846,1.10239,1.09513,1.09031
1.05827,1.09923,1.09837,1.10249,1.10354,1.0976,1.09078,1.10105,1.09182,1.10143
1.09428,1.0998,1.06712,1.09504,1.09637,1.09428,1.10364,1.09229,1.10057,1.09627


B:
7.18244,11.6046,16.3608,10.4673,8.47168,25.6255,16.1343,9.48704,9.29791,15.8901
37.9663,10.6051,10.0705,10.943,12.4092,9.44943,11.5336,10.2691,8.8358,9.91972
10.7359,13.8217,33.667,19.0213,10.36,10.2984,9.45272,9.0577,10.045,11.3243


