========================================================

Test11 results 02-09-2006  13:56:19
Board ID423  30 channels
HV Tests Software Ver.1.6

+5V 2510 - O'k
-5V 1312 - O'k
Interlock - On
Calibration DAC Range: [2500 - 2900]


A:
Limits 0.76 +/- 0.04
0.740741,0.742115,0.740741,0.750469,0.742115,0.747664,0.739372,0.743494,0.746269,0.746269
0.746269,0.749064,0.746269,0.744879,0.746269,0.747664,0.754717,0.743494,0.75188,0.742115
0.750469,0.742115,0.744879,0.743494,0.747664,0.749064,0.742115,0.749064,0.744879,0.750469


B:
Limits 60.0 +/- 40.0
50.127228,57.240177,56.329483,49.994923,58.782566,53.065105,56.945129,53.501362,59.026928,56.18779
53.766243,46.115879,53.766243,50.555241,54.34708,52.180542,41.641136,59.004963,48.600349,61.058014
47.732525,53.409843,59.72147,60.247448,53.065105,53.799999,55.023979,56.220371,53.714611,51.445477
========================================================
Test11 (DAC Calibration) results 2008-01-19 16:55:04
Board ID423 30 channels
Linux calibration software
Calibration DAC Range: [1100 - 2700]

A:
0.739713,0.742873,0.741496,0.749064,0.743494,0.747105,0.739919,0.74308,0.748293,0.746547
0.745434,0.746617,0.746269,0.744255,0.747384,0.746617,0.751315,0.744532,0.750328,0.744879
0.748713,0.741427,0.745643,0.745504,0.747314,0.749204,0.742804,0.749766,0.744602,0.749415


B:
56.2644,57.8976,57.7531,58.8015,58.3642,58.2369,57.8985,58.9448,57.0292,59.0147
58.9265,58.4694,57.4628,56.4054,54.7083,57.7228,58.5275,57.6547,58.094,55.6797
57.0426,58.2947,58.9337,56.2947,57.4965,57.8574,57.2515,57.8257,58.1535,57.5645


========================================================
Test11 (ADC Calibration) results 2008-06-17 18:39:44
Board ID423 30 channels
Linux calibration software

Calibration DAC Range: [1000 - 3500]

A:
0.7284,0.732,0.7304,0.738,0.7324,0.7504,0.7328,0.732,0.7372,0.7396
0.7468,0.734,0.7348,0.7324,0.7316,0.7352,0.7396,0.7332,0.7396,0.7328
0.7376,0.7324,0.7424,0.7344,0.736,0.7376,0.7312,0.7388,0.7336,0.7364


B:
57.6,58,57.5999,58.0001,57.6,44.6,55.2,59,56.7999,55.4
48.2,58.9999,58.2001,56.6,56.4,58.8,59.4,58.8,57.4,58.2
57.3999,55.6,51.6,56.6001,58,58.3999,57.8001,58.2,58.3999,57.6


========================================================
Test11 (ADC Calibration) results 2008-07-16 22:38:23
Board ID423 30 channels
Linux calibration software

Calibration DAC Range: [1000 - 3500]

A:
0.7276,0.7312,0.7328,0.7376,0.732,0.7516,0.7336,0.7316,0.7368,0.7396
0.7552,0.7336,0.734,0.7316,0.7308,0.7348,0.7392,0.732,0.7388,0.7324
0.7372,0.734,0.75,0.7416,0.736,0.7372,0.7304,0.7384,0.7332,0.7356


B:
58.4001,58.8001,56.2,59.3999,58,47.3999,54.3999,59.4,57.1999,56.4
45.7999,59.3999,59.9999,58.4,57.2001,59.2001,60.8,61,59.2,58.6
58.7999,54.9999,48,50.4001,58,58.7999,59.5999,58.6001,58.8,58.4


========================================================
Test11 (ADC Calibration) results 2008-07-20 18:58:34
Board ID423 30 channels
Linux calibration software

Calibration DAC Range: [1000 - 3500]

A:
0.7276,0.7316,0.734,0.7376,0.732,0.7528,0.7344,0.732,0.7364,0.7396
0.7624,0.734,0.7344,0.7316,0.7308,0.7348,0.7392,0.7332,0.7388,0.7324
0.7372,0.7336,0.7564,0.7404,0.7356,0.7372,0.7308,0.7384,0.7332,0.736


B:
59.4001,58.4,54.9999,58.3999,59,47.2,54.6001,59,59.6,56.4
39.6001,57.9999,59.6001,58.4,57.2001,59.2001,60.8,58.8,59.2,58.6
58.7999,55.3999,41.6,52.5999,58.4,58.7999,59.2001,59.6001,58.8,57


========================================================
Test11 (ADC Calibration) results 2008-07-24 15:42:31
Board ID423 30 channels
Linux calibration software

Calibration DAC Range: [1000 - 3500]

A:
0.728,0.732,0.7348,0.7376,0.7312,0.75,0.7336,0.732,0.7372,0.74
0.7588,0.7336,0.7348,0.7316,0.73,0.7352,0.74,0.7324,0.7388,0.7328
0.7372,0.7336,0.7532,0.7404,0.736,0.7368,0.7308,0.738,0.7328,0.736


B:
59.0001,58,54.2001,59.3999,60.8001,48,55.3999,59,57.7999,56
43.1999,59.3999,58.2001,58.4,58.9999,58.8,59,60.6,59.2,58.2
58.7999,55.3999,44.8,51.5999,58,60.1999,59.2001,61.0001,60.2,58


