========================================================

Test10 results 12-15-2004  14:59:04
Board ID275  30 channels
HV Tests Software Ver.1.4

+5V 2566 - O'k
-5V 1345 - O'k
Interlock - On

Voltmeter channel: A=1.076426, B=13.993531

A:
1.079914,1.068376,1.068947,1.075847,1.073537,1.068947,1.075269,1.083424,1.079914,1.079331
1.073537,1.072961,1.070091,1.076426,1.061008,1.071811,1.077586,1.071811,1.075847,1.078749
1.076426,1.068376,1.072961,1.079331,1.075269,1.072961,1.080497,1.079914,1.075847,1.070664


B:
7.559361,17.094032,2.137933,8.606635,13.95582,7.482668,8.601974,9.750828,5.399534,5.396702
9.661671,7.51089,18.191355,3.229268,9.549,7.502839,6.465639,11.790084,6.454941,8.629799
7.534973,19.230785,9.656813,8.634694,10.752512,8.583851,9.724482,5.399534,8.606635,5.353326
========================================================

Test10 results 02-14-2005  15:13:29
Board ID275  30 channels
HV Tests Software Ver.1.6

+5V 2567 - O'k
-5V 1348 - O'k
Interlock - On

Voltmeter channel: A=1.073537, B=18.249969

A:
Limits 1.1 +/- 0.1
1.075847,1.059322,1.067236,1.075269,1.074114,1.068376,1.075269,1.083424,1.080497,1.078167
1.073537,1.072386,1.070664,1.075847,1.059883,1.072386,1.077586,1.071811,1.075269,1.078167
1.076426,1.067806,1.072961,1.079331,1.074691,1.073537,1.079331,1.079914,1.075847,1.069519


B:
Limits 0.0 +/- 30.0
10.758329,6.356062,5.336298,9.677243,11.81529,8.547024,8.601974,8.667404,3.241499,7.547299
8.588134,8.57921,14.9893,4.303246,11.658931,5.362052,6.465639,11.790084,7.526706,9.703633
7.534973,11.745905,8.583851,8.634694,11.821486,6.441059,12.952018,4.31962,8.606635,7.486748
