========================================================

Test11 results 12-15-2004  15:00:26
Board ID275  30 channels
HV Tests Software Ver.1.4

+5V 2565 - O'k
-5V 1345 - O'k
Interlock - On
Calibration DAC Range: [2500 - 2900]


A:
0.746269,0.753296,0.754717,0.750469,0.753296,0.757576,0.750469,0.744879,0.746269,0.750469
0.753296,0.75188,0.75188,0.753296,0.759013,0.75188,0.749064,0.754717,0.750469,0.749064
0.750469,0.756144,0.753296,0.750469,0.750469,0.750469,0.749064,0.749064,0.750469,0.756144


B:
59.338482,60.747738,61.941292,52.976097,45.40596,46.140942,56.287247,56.870525,56.764801,52.751286
46.043941,57.055691,56.70343,40.799194,61.950336,60.102859,55.495266,46.150459,55.480347,52.266575
55.649643,48.212013,51.701752,60.12479,54.673264,62.477882,46.115879,51.858395,57.008766,50.293625
========================================================

Test11 results 02-14-2005  15:16:32
Board ID275  30 channels
HV Tests Software Ver.1.6

+5V 2569 - O'k
-5V 1348 - O'k
Interlock - On
Calibration DAC Range: [2500 - 2900]


A:
Limits 0.76 +/- 0.04
0.753296,0.763359,0.757576,0.753296,0.750469,0.757576,0.750469,0.746269,0.749064,0.749064
0.754717,0.75188,0.753296,0.75188,0.761905,0.754717,0.750469,0.754717,0.750469,0.747664
0.750469,0.756144,0.750469,0.750469,0.750469,0.75188,0.746269,0.749064,0.750469,0.756144


B:
Limits 70.0 +/- 30.0
40.633862,55.194817,51.709381,42.336498,55.142673,45.952656,55.395699,51.566246,45.383457,57.357868
40.830402,57.685318,50.629925,45.364841,52.648384,49.386196,50.967274,46.95953,54.757545,57.58942
54.841824,51.441685,61.672081,58.678085,53.142826,57.144169,55.153111,52.507057,55.564995,50.200031
