========================================================

Test11 results 03-13-2006  12:33:42
Board ID004  36 channels
HV Tests Software Ver.1.6

+5V 2544 - O'k
-5V 1317 - O'k
Interlock - On
Calibration DAC Range: [2500 - 2900]


A:
Limits 0.76 +/- 0.04
0.739372,0.744879,0.746269,0.747664,0.744879,0.750469,0.750469,0.750469,0.749064,0.743494,0.738007,0.750469
0.753296,0.744879,0.743494,0.744879,0.754717,0.75188,0.75188,0.750469,0.747664,0.747664,0.750469,0.744879
0.753296,0.754717,0.744879,0.744879,0.747664,0.744879,0.756144,0.750469,0.739372,0.747664,0.744879,0.750469


B:
Limits 60.0 +/- 40.0
73.133507,68.73494,63.132133,56.215477,56.357876,55.649643,72.483345,56.752995,60.085659,54.308205,68.757256,54.505249
58.607391,71.794113,63.76598,76.454514,55.577049,66.736694,59.565567,65.61058,60.331825,53.872459,54.034008,61.33107
75.241875,55.577049,71.151978,67.044235,72.003845,56.722858,49.112152,57.643806,64.737236,58.716938,56.212212,44.003448
========================================================
Test11 (DAC Calibration) results 2008-03-25 11:01:55
Board ID4 36 channels
Linux calibration software
Calibration DAC Range: [1100 - 2700]

A:
0.740604,0.745921,0.747314,0.747873,0.744048,0.749134,0.753935,0.753083,0.750821,0.743633,0.739713,0.751174
0.75365,0.747175,0.744394,0.748363,0.754006,0.752233,0.752162,0.752941,0.747524,0.748153,0.749766,0.747245
0.754717,0.755073,0.74613,0.746199,0.749204,0.745365,0.755786,0.751597,0.741771,0.746687,0.743702,0.748433


B:
75.0046,69.8836,63.475,58.2126,56.1012,63.1987,64.697,52.3112,58.6109,58.1707,66.3246,55.8685
60.716,68.8987,65.4414,68.7558,63.0914,70.6441,63.9716,60.9411,64.2309,56.177,62.3243,56.8467
74.3396,58.7542,71.8335,65.1711,69.545,58.1291,54.7473,56.633,60.7788,66.8843,64.9158,55.9361


========================================================
Test11 (ADC Calibration) results 2008-06-19 12:56:33
Board ID004 36 channels
Linux calibration software

Calibration DAC Range: [1000 - 3500]

A:
0.7288,0.7348,0.736,0.7348,0.7316,0.7368,0.7416,0.7416,0.738,0.732,0.7276,0.738
0.7388,0.7344,0.7304,0.7364,0.7424,0.7404,0.74,0.7404,0.7356,0.7688,0.7376,0.7348
0.742,0.7424,0.7344,0.7344,0.7368,0.7332,0.744,0.7396,0.73,0.734,0.7324,0.7352


B:
76.2,69.2001,65,60.2001,66.4,64.2,66.4001,52.4001,61.0001,57,66.4001,57.0001
63.2,70.6001,65.5999,69.6,62.6,70.5999,65,62.5999,64.4,46.1999,64.3999,56.2001
76.0001,59.6,72.6001,66.6001,69.2,57.8,55.9999,57.4,61.9999,67.9999,64.6,57.8


========================================================
Test11 (ADC Calibration) results 2008-07-17 10:58:43
Board ID004 36 channels
Linux calibration software

Calibration DAC Range: [1000 - 3500]

A:
0.7288,0.7344,0.7356,0.7352,0.7312,0.7364,0.7412,0.7408,0.7376,0.7316,0.7268,0.7372
0.7388,0.734,0.73,0.7356,0.742,0.74,0.7392,0.74,0.7352,0.7684,0.7372,0.734
0.7416,0.742,0.7344,0.734,0.7364,0.732,0.7432,0.7396,0.7288,0.7336,0.732,0.7348


B:
75.2,69.6001,65.4,58.8,66.8001,64.6,66.8001,53.1999,61.3999,57.4,67.1999,57.7999
62.2,70.9999,66.9999,71.4,63.0001,71,65.8,63,64.8,50.6,64.7999,56.9999
76.4001,59.0001,71.6001,66.9999,69.6,59,57.8,57.4,63.2,68.3999,65,58.2001


========================================================
Test11 (ADC Calibration) results 2008-07-20 18:37:46
Board ID004 36 channels
Linux calibration software

Calibration DAC Range: [1000 - 3500]

A:
0.7284,0.7344,0.7364,0.7352,0.7312,0.7364,0.7412,0.7404,0.738,0.7316,0.7272,0.7372
0.7384,0.7348,0.7308,0.736,0.742,0.7396,0.7396,0.74,0.7352,0.7696,0.7368,0.7344
0.7416,0.7424,0.7344,0.734,0.7364,0.7328,0.7436,0.7396,0.7292,0.734,0.732,0.7352


B:
76.6,69.6001,64.6,58.8,66.8001,64.6,66.8001,54.5999,61.0001,57.4,66.8001,58.7999
63.6001,69.2001,66.2001,70,63.0001,72.4,64.4,63,64.8,53.4001,65.2,56.6001
76.4001,58.6,71.6001,66.9999,69.6,58.2,56.4,57.4,61.8,66.9999,65,57.8


========================================================
Test11 (ADC Calibration) results 2008-07-24 23:03:59
Board ID004 36 channels
Linux calibration software

Calibration DAC Range: [1000 - 3500]

A:
0.7288,0.7344,0.7356,0.7344,0.7312,0.7368,0.7416,0.7408,0.738,0.7316,0.7272,0.7376
0.7384,0.7344,0.7304,0.736,0.742,0.74,0.7396,0.74,0.7352,0.7692,0.7368,0.7344
0.7416,0.7424,0.7344,0.7344,0.7364,0.7324,0.7432,0.7396,0.7292,0.7336,0.732,0.7352


B:
76.2,69.6001,65.4,60.6001,66.8001,64.2,66.4001,53.1999,61.0001,57.4,66.8001,57.3999
63.6001,69.6001,66.5999,70,63.0001,71,64.4,63,64.8,55.7999,65.2,56.6001
76.4001,58.6,71.6001,66.6001,69.6,58.6,56.8,57.4,61.8,68.3999,65,57.8


========================================================
Test11 (ADC Calibration) results 2008-08-12 23:20:39
Board ID004 36 channels
Linux calibration software

Calibration DAC Range: [1000 - 3500]

A:
0.7288,0.7344,0.7352,0.7344,0.7312,0.7364,0.7408,0.7404,0.738,0.7308,0.7276,0.7368
0.7384,0.7344,0.7304,0.7356,0.742,0.74,0.7388,0.74,0.7348,0.768,0.7368,0.734
0.7412,0.742,0.7344,0.734,0.7364,0.7324,0.7436,0.7396,0.7292,0.734,0.732,0.7352


B:
75.2,69.6001,65.8,60.6001,66.8001,64.6,68.1999,54.5999,61.0001,59.2001,66.4001,58.1999
62.6001,69.6001,65.5999,70.4,63.0001,71,66.2,63,66.2001,49,65.2,56.9999
76.8001,60.0001,71.6001,66.9999,69.6,58.6,56.4,57.4,61.8,66.9999,65,56.8


========================================================
Test11 (ADC Calibration) results 2008-08-13 01:14:42
Board ID004 36 channels
Linux calibration software

Calibration DAC Range: [1000 - 3500]

A:
0.7288,0.7344,0.7348,0.7344,0.7312,0.7364,0.7412,0.7408,0.738,0.7308,0.7272,0.7368
0.7384,0.7344,0.73,0.7356,0.742,0.74,0.7388,0.74,0.7348,0.7676,0.7368,0.734
0.7412,0.7416,0.7344,0.7344,0.7364,0.732,0.7436,0.7396,0.7296,0.7336,0.732,0.7352


B:
75.2,69.6001,66.2001,60.6001,66.8001,64.6,66.8001,54.1999,61.0001,59.2001,66.8001,58.1999
62.6001,69.6001,66.9999,71.4,63.0001,71,66.2,63,66.2001,50.4,65.2,56.9999
76.8001,60.4001,71.6001,66.6001,69.6,59,56.4,57.4,61.4,68.3999,65,56.8


