========================================================

Test10 results 01-18-2006  14:21:01
Board ID148  36 channels
HV Tests Software Ver.1.6

+5V 2481 - O'k
-5V 1278 - O'k
Interlock - On

Voltmeter channel: A=1.048768, B=16.780329

A:
Limits 1.1 +/- 0.1
1.077006,1.078749,1.079331,1.078749,1.084011,1.082837,1.072386,1.079914,1.082837,1.086957,1.054852,1.091107
1.074691,1.085187,1.076426,1.078749,1.084599,1.077006,1.077586,1.082251,1.080497,1.073537,1.082251,1.077006
1.070664,1.079914,1.079331,1.079331,1.079914,1.082251,1.067806,1.087548,1.078749,1.081081,1.088139,1.078749


B:
Limits 0.0 +/- 35.0
5.384811,7.55105,5.396702,7.55105,6.504067,7.580034,6.434438,4.31962,7.580034,5.434859,6.32894,12.002132
5.373341,5.425929,7.534973,6.472301,8.676929,5.384811,9.698398,5.411294,7.563487,4.293984,7.575796,6.461817
7.494653,6.479447,7.555364,7.555364,6.479447,5.411294,7.474683,6.525431,6.472301,8.648827,5.440646,4.314804
========================================================
Test10 (ADC Calibration) results 2007-10-25 16:17:32
Board ID148 36 channels
Linux calibration software

Voltmeter channel: A=1.04917, B=15.1077

A:
1.07695,1.07874,1.07959,1.07949,1.08392,1.08315,1.07218,1.07949,1.08325,1.0867,1.05479,1.09188
1.07401,1.08548,1.07716,1.07953,1.08548,1.07624,1.07813,1.08223,1.08122,1.0731,1.08274,1.07708
1.07076,1.0802,1.0798,1.08,1.0802,1.08258,1.06819,1.08696,1.07807,1.08168,1.08816,1.07766


B:
0.960545,3.66402,0.711762,2.23939,2.94879,3.23431,2.84964,1.43934,3.27309,2.24423,2.0684,6.32537
2.74732,1.20679,1.78167,1.78849,3.7779,3.00924,6.63045,3.18569,0.746294,0.898646,2.74611,2.98885
3.85316,2.10453,3.33578,3.27996,1.94413,0.431471,2.81879,5.20322,3.70841,4.15916,0.531505,0.297472


