========================================================

Test11 results 08-19-2005  15:41:17
Board ID047  36 channels
HV Tests Software Ver.1.6

+5V 2518 - O'k
-5V 1307 - O'k
Interlock - On
Calibration DAC Range: [2500 - 2900]


A:
Limits 0.76 +/- 0.04
0.747664,0.744879,0.747664,0.747664,0.75188,0.747664,0.754717,0.746269,0.747664,0.75188,0.75188,0.749064
0.753296,0.75188,0.75188,0.75188,0.750469,0.746269,0.754717,0.749064,0.754717,0.749064,0.746269,0.750469
0.747664,0.749064,0.747664,0.756144,0.743494,0.759013,0.750469,0.749064,0.736648,0.754717,0.754717,0.744879


B:
Limits 60.0 +/- 40.0
53.358074,73.361519,64.393051,65.192184,44.456932,65.991508,54.188122,65.856308,74.166153,54.141422,40.207787,65.143669
58.22118,58.9431,60.275776,61.604233,58.223881,64.977402,63.415348,53.158649,55.420433,63.545506,56.500618,67.108955
54.958176,49.396507,68.049774,63.862305,67.146553,51.999592,64.273438,71.089363,72.734444,49.381039,61.266911,54.682262
========================================================
Test11 (DAC Calibration) results 2008-02-21 06:44:41
Board ID47 36 channels
Linux calibration software
Calibration DAC Range: [1100 - 2700]

A:
0.747384,0.746408,0.746965,0.748083,0.752233,0.746826,0.7528,0.74308,0.749977,0.751244,0.745504,0.748083
0.751103,0.753367,0.751527,0.752941,0.749204,0.747105,0.75429,0.749134,0.753296,0.772574,0.744879,0.749906
0.747105,0.743633,0.749064,0.756072,0.745365,0.757074,0.749836,0.751597,0.740056,0.753012,0.753012,0.745851


B:
57.2497,69.9572,66.1998,66.8974,44.6168,67.1395,62.1905,67.2673,66.8322,58.9257,54.2073,65.2517
68.8854,68.4905,62.1419,60.1882,64.6002,65.708,69.0363,53.9093,61.2053,33.2302,62.3836,64.8295
58.8346,54.4525,65.5431,65.8444,62.7506,59.3261,65.9762,65.0508,61.7021,56.3254,69.8796,55.8083


========================================================
Test11 (DAC Calibration) results 2008-03-07 10:19:30
Board ID47 36 channels
Linux calibration software
Calibration DAC Range: [1100 - 2700]

A:
0.747314,0.746826,0.747035,0.747873,0.752304,0.746965,0.752941,0.743356,0.749766,0.751385,0.745643,0.748013
0.751174,0.75365,0.751668,0.753296,0.749695,0.747314,0.754361,0.749064,0.753438,0.754646,0.744879,0.750328
0.747175,0.74384,0.748643,0.755929,0.745365,0.757146,0.750117,0.751738,0.740124,0.752941,0.7528,0.74606


B:
57.4965,69.6786,66.2526,68.6828,44.6681,66.9467,61.6941,67.4781,67.5726,58.8804,54.4598,64.6004
69.3896,57.7014,61.1952,59.6987,64.0707,65.2685,68.9391,54.3071,61.1601,58.7396,62.3836,64.5469
58.4383,54.1608,67.6212,66.6446,62.8996,59.0762,65.5885,65.1568,61.6062,55.9716,65.804,56.1131


========================================================
Test11 (ADC Calibration) results 2008-06-19 12:56:33
Board ID047 36 channels
Linux calibration software

Calibration DAC Range: [1000 - 3500]

A:
0.7348,0.7344,0.7352,0.736,0.7396,0.734,0.7408,0.7252,0.7364,0.7396,0.7256,0.7384
0.7392,0.7416,0.7392,0.7408,0.7368,0.7344,0.742,0.736,0.7416,0.7424,0.732,0.7376
0.7348,0.7236,0.7368,0.744,0.7336,0.7436,0.7364,0.7396,0.7276,0.7512,0.738,0.734


B:
58.2001,70.6001,65.8,68,46.4,67.9999,64.1999,67.8,68.6,58.4,55.4,62.6001
69.8,58.4001,61.8,61.1999,65.2,67.6001,71.0001,57,61.4001,62.6,63,63.3999
61.2001,54.4001,66.2,65.9999,63.3999,59.4,65.6,65.4,63.4001,49.7999,66.0001,55.9999


========================================================
Test11 (ADC Calibration) results 2008-06-20 00:11:09
Board ID047 36 channels
Linux calibration software

Calibration DAC Range: [1000 - 3500]

A:
0.7352,0.7344,0.7352,0.736,0.7392,0.7344,0.7412,0.7256,0.7368,0.7396,0.7264,0.7564
0.7392,0.7412,0.7396,0.7412,0.7372,0.7348,0.742,0.7364,0.7416,0.742,0.732,0.7368
0.7356,0.7236,0.7368,0.7444,0.7336,0.7436,0.7364,0.7396,0.728,0.7516,0.738,0.734


B:
57.8,70.6001,65.8,68,46.8,67.6001,62.8001,67.4,67.2,58.4,54.5999,43.6
69.8,59.8001,60.4,60.8001,64.7999,66.2001,71.0001,55.6,61.4001,63.0001,64,65.2
58.4,54.4001,66.2,65.5999,63.3999,59.4,66.6,65.4,62.0001,51.3999,66.0001,55.9999


========================================================
Test11 (ADC Calibration) results 2008-07-17 10:58:43
Board ID047 36 channels
Linux calibration software

Calibration DAC Range: [1000 - 3500]

A:
0.7348,0.7344,0.7344,0.7352,0.7392,0.734,0.7404,0.7244,0.7364,0.7392,0.7236,0.762
0.7396,0.7408,0.7384,0.7404,0.7364,0.7348,0.774,0.736,0.7412,0.742,0.7316,0.7364
0.7348,0.7216,0.7364,0.7436,0.7336,0.7432,0.7364,0.7392,0.7276,0.754,0.738,0.7332


B:
58.2001,69.6001,67.6001,68.8,45.8,67.9999,63.5999,67.6001,67.6,58.8,54.4001,38.9999
68.4,60.1999,62.6001,61.5999,65.6,66.2001,49,55,60.8001,62.0001,64.4,65.6
60.2001,54.4,66.6,66.4,63.3999,59.8,65.6,65.8,62.4001,50,66.0001,56.8


========================================================
Test11 (ADC Calibration) results 2008-07-20 18:37:46
Board ID047 36 channels
Linux calibration software

Calibration DAC Range: [1000 - 3500]

A:
0.7348,0.734,0.7352,0.7356,0.7392,0.734,0.7408,0.7248,0.7368,0.7392,0.7264,0.7592
0.7392,0.7408,0.7384,0.7408,0.7368,0.7344,0.766,0.7368,0.7412,0.742,0.732,0.7364
0.7348,0.7224,0.7364,0.7436,0.7332,0.7432,0.7368,0.7392,0.7276,0.7556,0.7384,0.734


B:
58.2001,70.9999,65.8,68.4,46.8,67.9999,63.1999,68.2,67.2,58.8,53.5999,41.8001
69.8,60.1999,62.6001,60.1999,65.2,66.6001,58.0001,54.1999,61.8001,62.0001,64,65.6
61.2001,54.6,66.6,66.4,63.8,59.8,65.2,65.8,61.4001,50.4001,65.6001,54.9999


========================================================
Test11 (ADC Calibration) results 2008-07-21 12:01:24
Board ID047 36 channels
Linux calibration software

Calibration DAC Range: [1000 - 3500]

A:
0.7356,0.7344,0.7348,0.736,0.7396,0.7344,0.74,0.7248,0.7368,0.7392,0.7268,0.762
0.7392,0.7408,0.7388,0.74,0.7368,0.7348,0.744,0.7408,0.7412,0.7416,0.732,0.7364
0.7352,0.7236,0.7368,0.744,0.7336,0.7432,0.7368,0.7396,0.7276,0.7556,0.7384,0.7336


B:
55.4,70.6001,67.2001,67,45.4,67.6001,65,68.2,67.2,58.8,52.1999,37.9999
69.8,60.1999,62.2,62,65.2,66.2001,62.9999,50.1999,60.8001,63.4001,65,65.6
60.8,53.4001,66.2,65.9999,63.3999,59.8,65.2,64.4,62.4001,50.4001,65.6001,56.3999


========================================================
Test11 (ADC Calibration) results 2008-07-24 23:03:59
Board ID047 36 channels
Linux calibration software

Calibration DAC Range: [1000 - 3500]

A:
0.7348,0.7344,0.7352,0.736,0.7392,0.734,0.7408,0.7244,0.7364,0.7392,0.7264,0.7644
0.7396,0.7412,0.7388,0.74,0.7368,0.7344,0.7436,0.7364,0.7412,0.7424,0.732,0.7368
0.7348,0.7228,0.7364,0.744,0.734,0.7436,0.7364,0.7396,0.7272,0.7544,0.7384,0.734


B:
58.2001,70.6001,66.8,68,46.8,68.9999,63.1999,68.6001,68.6,59.8,53.5999,36.6
69.4,59.8001,62.2,62,65.2,66.6001,64.4,55.6,60.8001,61.6,64,65.2
61.2001,54.1999,67.6,65.9999,61.9999,59.4,66.6,65.4,62.8001,52.5999,65.6001,55.9999


========================================================
Test11 (ADC Calibration) results 2008-08-12 23:20:39
Board ID047 36 channels
Linux calibration software

Calibration DAC Range: [1000 - 3500]

A:
0.7344,0.7336,0.7344,0.7352,0.7392,0.7336,0.7408,0.7232,0.7364,0.7384,0.7284,0.7772
0.7388,0.7408,0.7384,0.74,0.7364,0.734,0.7436,0.7356,0.7408,0.7412,0.7328,0.7364
0.7344,0.7228,0.736,0.7664,0.7328,0.7424,0.736,0.7392,0.7276,0.7548,0.7376,0.7332


B:
58.6001,71.3999,67.6001,68.8,45.8,68.3999,63.1999,67.7999,67.6,59.6001,53.6,23.8001
70.2,60.1999,62.6001,62,65.6,66.9999,64.4,56.4,62.1999,63.8001,64.2,65.6
61.6001,54.1999,67,56.6001,64.2,60.6,67,65.8,62.4001,51.1999,67.3999,57.8


========================================================
Test11 (ADC Calibration) results 2008-08-13 01:14:42
Board ID047 36 channels
Linux calibration software

Calibration DAC Range: [1000 - 3500]

A:
0.7344,0.734,0.734,0.7356,0.7392,0.7336,0.7404,0.7228,0.736,0.7384,0.7284,0.7772
0.7388,0.7408,0.738,0.74,0.7364,0.734,0.7436,0.7356,0.7408,0.7416,0.7328,0.736
0.7344,0.7228,0.736,0.7668,0.7332,0.7424,0.736,0.7392,0.7272,0.7548,0.738,0.7336


B:
58.6001,70.9999,67.9999,68.4,45.8,68.3999,63.5999,69.1999,69,59.6001,53.6,23.8001
70.2,60.1999,63.0001,62,65.6,66.9999,64.4,56.4,62.1999,62.4001,64.2,66
61.6001,54.1999,67,55.2,63.8,60.6,67,65.8,62.8001,51.1999,66.0001,56.3999


