========================================================

Test10 results 10-10-2005  13:56:54
Board ID373  30 channels
HV Tests Software Ver.1.6.1

+5V 3045 - O'k
-5V 1357 - O'k
Interlock - On

Voltmeter channel: A=1.076426, B=11.840678

A:
Limits 1.1 +/- 0.1
1.080497,1.079331,1.076426,1.075847,1.072961,1.078749,1.077586,1.077586,1.074114,1.085776
1.069519,1.082251,1.082251,1.074114,1.072386,1.079914,1.079331,1.077586,1.075269,1.083424
1.071811,1.075269,1.084599,1.087548,1.080497,1.082251,1.070664,1.076426,1.071811,1.079331


B:
Limits 0.0 +/- 30.0
1.080505,8.634694,5.382121,8.606635,9.656813,16.18104,12.931156,8.620811,11.81529,9.771991
9.625785,8.658047,5.411294,9.667063,13.94114,9.719189,12.952018,11.85357,15.053588,5.417133
7.502839,8.601974,7.592331,8.700525,7.563487,11.9048,5.353326,9.687826,7.502839,11.872686
========================================================
Test10 (ADC Calibration) results 2008-06-03 09:21:04
Board ID373 30 channels
Linux calibration software

Voltmeter channel: A=1.07135, B=-1214.46

A:
1.07762,1.07772,1.07457,1.07407,1.07171,1.07804,1.07802,1.07631,1.07445,1.08468
1.0686,1.08042,1.08016,1.07287,1.07011,1.0787,1.07808,1.07708,1.07345,1.08038
1.07087,1.07357,1.08418,1.08642,1.07818,1.08008,1.0689,1.07461,1.07011,1.07914


B:
1.95233,6.14528,4.2462,7.34098,6.04061,12.0319,7.59223,7.38335,5.81197,5.21096
5.70801,6.61794,4.75331,7.2127,12.424,7.04521,9.66982,6.95611,14.4329,4.95026
4.07275,6.67863,2.65495,6.04182,6.79383,10.857,3.18337,7.8999,6.17444,5.6221


========================================================
Test10 (ADC Calibration) results 2008-06-16 13:15:45
Board ID373 30 channels
Linux calibration software

Voltmeter channel: A=1.07, B=0

A:
1.08045,1.08081,1.07776,1.07732,1.07491,1.08108,1.08081,1.0792,1.07687,1.08741
1.07102,1.08388,1.08261,1.07616,1.07367,1.08126,1.0809,1.07964,1.07625,1.08415
1.07403,1.07616,1.08741,1.0896,1.0818,1.08424,1.07225,1.07803,1.0734,1.08162


B:
2.3102,6.73438,3.49863,7.35884,5.92031,11.6759,7.59908,7.13922,6.47777,6.1061
6.73947,6.73627,5.72962,6.49032,12.4379,7.61843,10.7592,8.02255,14.8022,3.88606
3.09016,7.78165,1.53903,4.97869,5.39219,8.57393,2.37522,7.13166,4.95433,7.07233


========================================================
Test10 (ADC Calibration) results 2008-06-17 07:08:50
Board ID373 30 channels
Linux calibration software

Voltmeter channel: A=1.07, B=0

A:
1.09265,1.09356,1.09029,1.08957,1.08732,1.09383,1.09346,1.09138,1.08957,1.09996
1.08346,1.09647,1.09529,1.08885,1.08588,1.09346,1.09337,1.09219,1.08849,1.09638
1.08633,1.08858,1.09959,1.10217,1.09447,1.09638,1.08445,1.09047,1.08561,1.09419


B:
1.48722,5.02287,1.91726,6.28986,4.88468,9.5846,5.9814,6.8063,5.20029,5.07809
5.41267,4.97323,4.52791,4.77715,11.6425,7.07486,9.56341,6.49344,14.2529,3.30241
1.88783,6.33265,1.23583,3.71807,3.74874,7.68794,1.89866,5.45728,3.85627,5.96949


