========================================================

Test15 results 04-10-2006  16:34:28
Board ID051  8 channels
HV Tests Software Ver.1.6


A:
Limits 1.45 +/- 2.0
1.426534,1.43472,1.43472,1.419446,1.43472,1.43575,1.432665,1.431639


B:
Limits 0.0 +/- 160.0
-8.55936,-7.173736,-1.434855,-1.419594,-7.173736,1.435897,8.596001,-8.589745
========================================================
Test15 (Master ADC Calibration) results 2007-07-17 18:47:52
Board ID51 7 channels
Linux calibration software


A:
1.42755,1.43369,1.43781,1.42349,1.43678,1.43575,1.43472,1.43472

B:
1.2848,-5.01788,-4.4571,-7.82918,-8.90814,3.87666,6.59959,-13.4865

========================================================
Test15 (Master ADC Calibration) results 2007-07-18 08:27:17
Board ID51 7 channels
Linux calibration software


A:
1.42755,1.43575,1.43781,1.42248,1.42349,1.43472,1.43885,1.43472

B:
1.2848,-9.04509,-5.89491,-6.54337,-7.82918,6.59959,4.31641,-12.0518

========================================================
Test15 (Master ADC Calibration) results 2007-07-18 10:04:11
Board ID51 7 channels
Linux calibration software


A:
1.42755,1.43472,1.43781,1.43885,1.42248,1.43472,1.43885,1.43472

B:
1.2848,-7.74762,-4.4571,-12.9498,-6.54337,6.59959,4.31641,-10.6171

========================================================
Test15 (Master ADC Calibration) results 2008-07-07 09:50:04
Board ID51 7 channels
Linux calibration software


A:
1.41972,1.42783,1.43229,1.40665,1.39029,1.4413,1.43304,1.51265

B:
10.4542,-5.19222,3.1251,1.27884,5.9403,11.2683,11.2039,980.335

========================================================
Test15 (Master ADC Calibration) results 2008-07-07 10:22:20
Board ID51 7 channels
Linux calibration software


A:
1.42561,1.43304,1.43828,1.43453,1.38889,1.44737,1.43828,1.42783

B:
4.92486,-8.85866,-2.4843,-7.04224,6.94459,7.10536,7.58369,-9.47571

========================================================
Test15 (Master ADC Calibration) results 2008-07-18 08:37:54
Board ID51 7 channels
Linux calibration software


A:
1.43006,1.42045,4.0551e-34,1.42266,1.42413,1.42487,1.42119,1.42192

B:
6.11033,0.000114441,0,-1.55189,-2.58936,18.2642,17.9588,0.387683

========================================================
Test15 (Master ADC Calibration) results 2008-07-18 08:59:59
Board ID51 7 channels
Linux calibration software


A:
1.41098,1.41098,1.42119,1.41243,1.41899,36.6667,1.41534,1.41461

B:
17.9579,3.84814,3.74687,2.82498,1.03184,1000,20.5868,5.52978

========================================================
Test15 (Master ADC Calibration) results 2008-07-18 09:13:28
Board ID51 7 channels
Linux calibration software


A:
1.41607,1.41607,1.42709,1.41899,1.42487,1.41972,1.41972,1.41972

B:
15.8341,0.257414,-0.389202,-3.22512,-4.53374,16.1331,18.9726,1.93591

========================================================
Test15 (Master ADC Calibration) results 2008-07-18 09:30:34
Board ID51 7 channels
Linux calibration software


A:
1.40881,1.50933,1.42045,1.42119,1.42266,1.41826,1.42413,1.42119

B:
16.6497,977.36,7.10239,-0.516697,-1.55189,17.1479,18.7726,0.904492

========================================================
Test15 (Master ADC Calibration) results 2008-07-18 09:53:00
Board ID51 7 channels
Linux calibration software


A:
1.41026,1.41534,1.4168,1.41899,1.42045,1.42857,1.41972,1.42119

B:
15.6411,0.77206,8.2431,-1.80614,-2.84079,7.14277,21.812,0.904492

========================================================
Test15 (Master ADC Calibration) results 2008-07-18 10:01:01
Board ID51 7 channels
Linux calibration software


A:
1.40665,1.41098,1.4117,1.41461,1.41534,1.4234,1.41388,1.4168

B:
16.752,3.84814,11.807,1.28595,0.77206,12.1637,25.8354,3.99272

========================================================
Test15 (Master ADC Calibration) results 2008-07-21 09:44:04
Board ID51 7 channels
Linux calibration software


A:
1.41026,1.42561,1.4234,1.42561,1.34804,1.42413,1.36884,1.391

B:
15.6411,-7.90562,3.62332,-6.48001,50.9802,10.2278,29.4923,4.04654

========================================================
Test15 (Master ADC Calibration) results 2008-07-23 03:50:43
Board ID51 7 channels
Linux calibration software


A:
1.40449,1.41243,1.4117,4.0551e-34,4.0551e-34,4.0551e-34,4.0551e-34,4.0551e-34

B:
18.2584,1.41255,10.3953,0,0,0,0,0

========================================================
Test15 (Master ADC Calibration) results 2008-07-31 10:47:06
Board ID51 7 channels
Linux calibration software


A:
1.41461,1.42119,1.41972,1.42192,1.42045,1.42119,1.42561,1.42413

B:
16.8467,-1.93789,9.03452,-2.45616,-2.84079,16.5376,19.181,1.68303

========================================================
Test15 (Master ADC Calibration) results 2008-08-08 04:53:40
Board ID51 7 channels
Linux calibration software


A:
1.41026,1.41607,1.41607,1.41753,1.41607,1.42857,1.39878,1.42266

B:
19.8719,3.08955,11.5859,2.06187,0.257414,11.4285,25.0508,-5.81986

========================================================
Test15 (Master ADC Calibration) results 2008-08-08 05:26:35
Board ID51 7 channels
Linux calibration software


A:
1.41534,1.42119,1.41899,1.42266,1.44054,1.43304,1.3917,1.42635

B:
16.3408,-0.516697,10.9648,-2.97455,-11.2626,9.77083,25.8098,-8.42847

========================================================
Test15 (Master ADC Calibration) results 2008-08-08 09:30:57
Board ID51 7 channels
Linux calibration software


A:
1.40881,1.4168,1.41461,1.41753,1.41753,1.41607,1.42119,1.41972

B:
18.0585,1.15913,14.0174,2.06187,3.47939,21.4984,22.2223,4.77535

========================================================
Test15 (Master ADC Calibration) results 2008-08-11 10:24:32
Board ID51 7 channels
Linux calibration software


A:
4.05698e-34,1.41461,1.41607,4.05698e-34,1.41972,4.05698e-34,1.41534,1.41607

B:
0,4.11517,10.1699,0,1.93591,0,22.0021,4.50561

========================================================
Test15 (Master ADC Calibration) results 2008-08-11 10:51:40
Board ID51 7 channels
Linux calibration software


A:
1.42783,1.41461,1.41534,1.39311,1.41972,1.41899,1.41534,1.41534

B:
9.08607,4.11517,12.0948,6.71237,1.93591,10.9648,22.0021,5.01807

========================================================
Test15 (Master ADC Calibration) results 2008-08-12 09:51:05
Board ID51 7 channels
Linux calibration software


A:
1.42857,4.05698e-34,4.05698e-34,1.39382,4.05698e-34,1.41826,4.05698e-34,2750

B:
7.14277,0,0,6.20896,0,12.8931,0,-18250

========================================================
Test15 (Master ADC Calibration) results 2008-08-12 10:54:55
Board ID51 7 channels
Linux calibration software


A:
1.42783,1.41243,1.40953,1.3833,1.41899,1.41899,1.42119,1.41826

B:
9.08607,1.41255,13.3264,9.55727,2.45083,10.9648,19.3799,5.80184

========================================================
Test15 (Master ADC Calibration) results 2008-08-28 04:37:56
Board ID51 7 channels
Linux calibration software


A:
1.41534,1.42119,1.42192,1.42413,1.42119,1.42045,1.43678,1.42783

B:
17.7561,-1.93789,0.387683,-9.71003,-11.8862,8.52284,8.6206,-8.04788

========================================================
Test15 (Master ADC Calibration) results 2008-08-28 05:15:19
Board ID51 7 channels
Linux calibration software


A:
1.4168,1.41753,1.41826,1.4234,1.4234,1.42192,1.41899,1.42192

B:
13.9103,-0.773183,-1.28944,-9.18724,-10.6106,8.91922,8.12679,0.387683

========================================================
Test15 (Master ADC Calibration) results 2008-08-28 05:31:44
Board ID51 7 channels
Linux calibration software


A:
1.40449,1.41607,1.42635,1.42045,1.41753,1.41972,1.42266,1.41826

B:
19.6629,1.67348,2.98231,-7.10216,-7.86081,10.4542,11.252,7.2201

========================================================
Test15 (Master ADC Calibration) results 2008-08-28 05:46:17
Board ID51 7 channels
Linux calibration software


A:
1.4168,1.41607,1.42561,1.42119,1.41607,1.44889,1.42119,2750

B:
11.0767,1.67348,3.49925,-6.20145,-8.23898,11.8546,12.274,-18250

========================================================
Test15 (Master ADC Calibration) results 2008-08-28 06:05:10
Board ID51 7 channels
Linux calibration software


A:
1.41899,1.45119,1.4413,1.45811,1.42709,1.42119,1.43904,1.46199

B:
-8.90108,-24.5384,-13.2338,-23.5948,-26.0768,-6.20145,-5.8871,-21.9299

========================================================
Test15 (Master ADC Calibration) results 2008-08-29 05:19:49
Board ID51 7 channels
Linux calibration software


A:
1.42783,-392.857,1.44281,1.41607,2750,1.41243,1.42413,1.42783

B:
6.23042,17107.1,0.131081,-9.65505,-23750,19.7741,15.9244,-8.04788

========================================================
Test15 (Master ADC Calibration) results 2008-08-29 06:15:01
Board ID51 7 channels
Linux calibration software


A:
1.41972,1.26147,1.41607,1.44357,1.4168,1.41026,1.53975,1.42931

B:
6.19508,986.124,0.257414,-10.4987,-0.257668,10.0001,958.427,0.909645

========================================================
Test15 (Master ADC Calibration) results 2008-08-29 06:42:09
Board ID51 7 channels
Linux calibration software


A:
7.70308,1.41826,1.41607,4.05698e-34,4.05698e-34,4.05698e-34,4.05698e-34,4.05698e-34

B:
-193.978,0.128812,8.75381,0,0,0,0,0

========================================================
Test15 (ADC Calibration) results 2008-11-27 09:18:19
Board ID051 8 channels
Host: ufcmshv3
Linux calibration software

A:
1.41643,1.41674,1.42092,1.42139,1.4245,1.42263,1.41798,1.44863


B:
4.53242,-10.4184,-1.74873,-11.743,-11.6808,8.71068,7.41702,-8.82544


========================================================
Test15 (ADC Calibration) results 2008-11-27 15:03:17
Board ID051 8 channels
Host: ufcmshv3
Linux calibration software

A:
2.96871,2.97211,2.97619,2.98028,2.98507,2.98097,2.97211,3.03667


B:
-3937.57,-3974.12,-3947.02,-3975.29,-3971.34,-3927.54,-3933.1,-3966.18


========================================================
Test15 (ADC Calibration) results 2008-11-27 15:08:53
Board ID051 8 channels
Host: ufcmshv3
Linux calibration software

A:
1.41658,1.4172,1.42092,1.42061,1.4245,1.42341,1.41782,1.44928


B:
3.85756,-11.5996,-2.31726,-11.7583,-11.9659,6.46003,7.24176,-10.7248


