========================================================

Test16 results 04-10-2006  16:35:51
Board ID051  8 channels
HV Tests Software Ver.1.6
Calibration DAC Range: [1000 - 2300]


A:
Limits 0.57 +/- 0.1
0.566943,0.564236,0.563991,0.573192,0.564236,0.565463,0.564726,0.564726


B:
Limits 50.0 +/- 60.0
48.403828,43.05558,45.653076,38.962048,57.626953,55.171661,59.702984,59.689747
========================================================
Test16 (Master DAC Calibration) results 2007-07-17 18:47:52
Board ID51 7 channels
Linux calibration software
Calibration DAC Range: [1000 - 2300]

A:
0.56527,0.564602,0.562842,0.572499,0.562617,0.564565,0.563635,0.563705

B:
54.494,44.1033,50.1679,42.1954,62.9526,60.7868,64.22,64.7506

========================================================
Test16 (Master DAC Calibration) results 2007-07-18 08:27:17
Board ID51 7 channels
Linux calibration software
Calibration DAC Range: [1000 - 2300]

A:
0.56541,0.563792,0.562772,0.57226,0.568083,0.564759,0.562578,0.564408

B:
53.9364,46.2081,50.7721,42.7053,46.0252,59.4368,49.5271,50.4672

========================================================
Test16 (Master DAC Calibration) results 2007-07-18 10:04:11
Board ID51 7 channels
Linux calibration software
Calibration DAC Range: [1000 - 2300]

A:
0.56506,0.564126,0.562492,0.56335,0.568416,0.565112,0.562298,0.564408

B:
55.0073,45.4365,50.7586,49.8441,45.7395,58.8501,50.1619,49.6574

========================================================
Test16 (Master DAC Calibration) results 2008-07-07 09:50:04
Board ID51 7 channels
Linux calibration software
Calibration DAC Range: [1000 - 2200]

A:
0.567883,0.565493,0.563732,0.573545,0.580761,0.560963,0.563438,0.968395

B:
47.7047,44.6801,45.7959,60.3395,38.2941,56.4467,46.4124,-1678.45

========================================================
Test16 (Master DAC Calibration) results 2008-07-07 10:22:20
Board ID51 7 channels
Linux calibration software
Calibration DAC Range: [1000 - 2200]

A:
0.565385,0.563438,0.561383,0.56323,0.58127,0.558837,0.561232,0.566027

B:
51.1114,46.897,48.7905,44.4189,37.6749,57.6094,48.7236,52.0232
========================================================
Test16 (Master DAC Calibration) results 2008-07-18 08:37:54
Board ID51 7 channels
Linux calibration software
Calibration DAC Range: [1000 - 2200]

A:
0.565526,0.568583,-7.39809e+36,0.568314,0.566733,0.568581,0.5699,0.567613

B:
53.7221,55.2162,9400,46.0241,47.6336,41.7354,44.0851,46.4306

========================================================
Test16 (Master DAC Calibration) results 2008-07-18 08:59:59
Board ID51 7 channels
Linux calibration software
Calibration DAC Range: [1000 - 2200]

A:
0.571401,0.572478,0.571211,0.573357,0.573337,0.109456,0.570562,0.570471

B:
52.249,41.4161,44.4841,39.0607,38.7575,249.207,46.5046,51.6942

========================================================
Test16 (Master DAC Calibration) results 2008-07-18 09:13:28
Board ID51 7 channels
Linux calibration software
Calibration DAC Range: [1000 - 2200]

A:
0.569578,0.570575,0.568388,0.570783,0.570893,0.569336,0.569106,0.568112

B:
52.4678,42.891,48.1052,42.0676,41.4169,52.5419,46.4607,54.4184

========================================================
Test16 (Master DAC Calibration) results 2008-07-18 09:30:34
Board ID51 7 channels
Linux calibration software
Calibration DAC Range: [1000 - 2200]

A:
0.573668,0.954906,0.571351,0.568902,0.56885,0.56931,0.566352,0.568595

B:
48.9077,-1634.85,45.2589,53.8446,54.673,57.6576,62.308,49.3442

========================================================
Test16 (Master DAC Calibration) results 2008-07-18 09:53:00
Board ID51 7 channels
Linux calibration software
Calibration DAC Range: [1000 - 2200]

A:
1.10164,0.570331,0.571667,0.570014,0.568889,0.568105,0.569643,0.568212

B:
-1950.43,54.1543,41.67,50.4769,52.2827,48.9923,43.9437,59.0284

========================================================
Test16 (Master DAC Calibration) results 2008-07-18 10:01:01
Board ID51 7 channels
Linux calibration software
Calibration DAC Range: [1000 - 2200]

A:
0.573391,0.571862,0.573496,0.571625,0.570869,0.56994,0.571996,0.570205

B:
44.2998,52.7754,40.1587,48.645,50.3537,46.1773,41.4294,56.7243

========================================================
Test16 (Master DAC Calibration) results 2008-07-21 09:44:04
Board ID51 7 channels
Linux calibration software
Calibration DAC Range: [1000 - 2200]

A:
0.572463,0.567826,0.56894,0.566756,0.599126,0.566885,0.592735,0.580546

B:
48.5808,50.4146,44.6116,51.7201,16.4345,51.0912,31.1195,40.0733

========================================================
Test16 (Master DAC Calibration) results 2008-07-23 03:50:43
Board ID51 7 channels
Linux calibration software
Calibration DAC Range: [1000 - 2200]

A:
0.574116,0.571813,0.57311,1.47962e+37,-1.47962e+37,-1.99721,-1.99721,-1.47962e+37

B:
33.0332,39.063,45.0133,-54200.1,59800.1,5.60519e-45,5.60519e-45,51400

========================================================
Test16 (Master DAC Calibration) results 2008-07-31 10:47:06
Board ID51 7 channels
Linux calibration software
Calibration DAC Range: [1000 - 2200]

A:
0.568941,0.567525,0.568876,0.568991,0.568583,0.569208,0.566527,0.566504

B:
42.9704,39.8416,38.1233,32.1418,40.3556,33.9197,38.2114,37.2074

========================================================
Test16 (Master DAC Calibration) results 2008-08-08 04:53:40
Board ID51 7 channels
Linux calibration software
Calibration DAC Range: [1000 - 2200]

A:
0.570544,0.569425,0.570498,0.570987,0.569884,0.565352,0.577316,0.56839

B:
41.7935,37.7244,36.8804,29.3368,40.0147,46.009,37.8123,49.4536

========================================================
Test16 (Master DAC Calibration) results 2008-08-08 05:26:35
Board ID51 7 channels
Linux calibration software
Calibration DAC Range: [1000 - 2200]

A:
0.568572,0.567296,0.569247,0.568773,0.560125,0.563514,0.580486,0.566614

B:
43.5523,40.0671,37.0538,32.4675,50.6335,47.0915,36.263,51.7586

========================================================
Test16 (Master DAC Calibration) results 2008-08-08 09:30:57
Board ID51 7 channels
Linux calibration software
Calibration DAC Range: [1000 - 2200]

A:
0.572434,0.569361,0.571009,0.57145,0.56838,0.571422,0.568212,0.568264

B:
38.2112,38.2751,35.4532,27.5784,44.4035,30.9519,36.9018,36.0923

========================================================
Test16 (Master DAC Calibration) results 2008-08-11 10:24:32
Board ID51 7 channels
Linux calibration software
Calibration DAC Range: [1000 - 2200]

A:
-1.9968,0.571856,0.571113,7.39466e+36,0.57885,-1.9968,0.570869,0.572348

B:
5.60519e-45,40.6559,46.3551,-26000,14.521,5.60519e-45,41.7893,45.1047

========================================================
Test16 (Master DAC Calibration) results 2008-08-11 10:51:40
Board ID51 7 channels
Linux calibration software
Calibration DAC Range: [1000 - 2200]

A:
0.564278,0.571779,0.571408,0.579977,0.57877,0.569477,0.570869,0.572875

B:
45.4434,40.7852,45.4141,35.4284,14.3276,51.6952,41.6277,44.2606

========================================================
Test16 (Master DAC Calibration) results 2008-08-12 09:51:05
Board ID51 7 channels
Linux calibration software
Calibration DAC Range: [1000 - 2200]

A:
0.564213,-2.46489e+36,7.39466e+36,0.579371,-1.99768,0.569694,-1.99768,0.727272

B:
45.3519,11400,-5600,36.2411,5.60519e-45,50.5596,5.60519e-45,-1727.27

========================================================
Test16 (Master DAC Calibration) results 2008-08-12 10:54:55
Board ID51 7 channels
Linux calibration software
Calibration DAC Range: [1000 - 2200]

A:
0.564506,0.573821,0.573374,0.584169,0.579307,0.569553,0.568595,0.570078

B:
44.8977,46.5486,40.7965,33.4472,13.2944,51.5674,48.5363,40.8646

========================================================
Test16 (Master DAC Calibration) results 2008-08-28 04:37:56
Board ID51 7 channels
Linux calibration software
Calibration DAC Range: [1000 - 2200]

A:
0.568648,0.569285,0.568301,0.568185,0.570825,0.5682,0.56197,0.565722

B:
42.6192,32.6565,48.3451,46.1644,56.1629,52.9457,54.017,46.8792

========================================================
Test16 (Master DAC Calibration) results 2008-08-28 05:15:19
Board ID51 7 channels
Linux calibration software
Calibration DAC Range: [1000 - 2200]

A:
0.569898,0.570756,0.569617,0.567561,0.569785,0.568837,0.569093,0.569221

B:
32.6863,46.3959,53.5958,51.2892,45.2998,50.1975,52.8179,32.8833

========================================================
Test16 (Master DAC Calibration) results 2008-08-28 05:31:44
Board ID51 7 channels
Linux calibration software
Calibration DAC Range: [1000 - 2200]

A:
0.574271,0.571422,0.566081,0.568736,0.569374,0.569413,0.567854,0.568011

B:
32.612,30.1426,51.5213,45.4287,52.2563,48.372,48.4104,42.0856

========================================================
Test16 (Master DAC Calibration) results 2008-08-28 05:46:17
Board ID51 7 channels
Linux calibration software
Calibration DAC Range: [1000 - 2200]

A:
0.571744,0.57119,0.568593,0.568672,0.57289,0.557648,0.56783,-1.99762

B:
43.6469,31.1823,53.1847,47.4382,54.5849,51.9404,47.0722,5.60519e-45

========================================================
Test16 (Master DAC Calibration) results 2008-08-28 06:05:10
Board ID51 7 channels
Linux calibration software
Calibration DAC Range: [1000 - 2200]

A:
0.568864,0.556916,0.561569,0.554122,0.565559,0.568136,0.561014,0.553697

B:
61.4337,54.3447,63.1987,61.7682,57.5245,57.2172,61.3223,54.3446

========================================================
Test16 (Master DAC Calibration) results 2008-08-29 05:19:49
Board ID51 7 channels
Linux calibration software
Calibration DAC Range: [1000 - 2200]

A:
0.564885,-0.160766,0.560829,0.570575,-0.727273,0.574909,0.568875,0.566714

B:
52.3213,2512.34,49.4747,49.5166,4127.28,37.921,42.2507,50.2249

========================================================
Test16 (Master DAC Calibration) results 2008-08-29 06:15:01
Board ID51 7 channels
Linux calibration software
Calibration DAC Range: [1000 - 2200]

A:
0.570412,0.838274,0.570729,0.562279,0.569514,0.57254,0.940784,0.564906

B:
44.5969,-1195.41,50.8768,46.0005,46.5692,52.9744,-1580.86,46.7207

========================================================
Test16 (Master DAC Calibration) results 2008-08-29 06:42:09
Board ID51 7 channels
Linux calibration software
Calibration DAC Range: [1000 - 2200]

A:
-28.8484,0.569464,0.571807,-1.47893e+37,-3.69733e+36,-1.99787,-1.99787,-2.95786e+36

B:
120826,43.674,42.2821,58599.8,16300,5.60519e-45,5.60519e-45,12040

========================================================
Test16 (ADC Calibration) results 2008-11-27 10:10:24
Board ID051 8 channels
Host: ufcmshv3
Linux calibration software

A:
0.5688,0.5696,0.5684,0.5676,0.5672,0.568,0.5696,0.558


B:
49.2001,55.4,55.5999,56.4,51.8,53.9999,54.4,46.9999


========================================================
Test16 (ADC Calibration) results 2008-11-27 15:17:56
Board ID051 8 channels
Host: ufcmshv3
Linux calibration software

A:
0.5692,0.5692,0.5684,0.5684,0.5668,0.5676,0.5692,0.5576


B:
48.8001,56.8001,55.5999,55.5999,53.2,55.4,54.8001,48.3999


