========================================================

Test10 results 04-04-2006  12:49:30
Board ID163  36 channels
HV Tests Software Ver.1.6

+5V 2478 - O'k
-5V 1342 - O'k
Interlock - On

Voltmeter channel: A=1.005025, B=24.120514

A:
Limits 1.1 +/- 0.1
1.077006,1.081666,1.083424,1.088139,1.077006,1.077586,1.075269,1.079914,1.077586,1.089325,1.077006,1.078749
1.074691,1.086366,1.088139,1.079331,1.075847,1.084599,1.076426,1.079914,1.078749,1.070091,1.078167,1.081081
1.086366,1.078749,1.084599,1.081666,1.079914,1.080497,1.083424,1.077006,1.083424,1.084011,1.085776,1.074691


B:
Limits 0.0 +/- 35.0
5.384811,10.816698,11.917675,7.616924,7.538823,6.465639,7.526706,7.559361,10.775984,7.625365,5.384811,5.393553
7.522722,4.345641,7.616924,6.476033,8.606635,7.592331,8.6114,9.719189,6.472301,7.490445,10.781801,7.567746
7.604739,6.472301,7.592331,7.571701,6.479447,7.563487,6.500557,5.384811,7.583981,6.504067,10.857767,6.448031
========================================================
Test10 (ADC Calibration) results 2008-07-28 12:22:42
Board ID163 36 channels
Linux calibration software

Voltmeter channel: A=1.07, B=0

A:
1.09283,1.09922,1.10005,1.10393,1.0931,1.09346,1.09156,1.09638,1.09501,1.10569,1.09274,1.09465
1.09129,1.10189,1.10393,1.0951,1.09228,1.10097,1.09292,1.09638,1.09483,1.08624,1.09501,1.0973
1.10273,1.09437,1.10005,1.09849,1.09684,1.09638,1.09941,1.09346,1.09968,1.09987,1.10263,1.09011


B:
1.10115,4.43108,5.87402,4.32098,3.03591,2.26386,3.14667,2.42526,4.77888,4.04087,3.5891,2.92442
2.96096,2.86895,4.32098,3.38103,4.22547,3.27152,3.64038,4.17918,2.53759,3.49188,3.46492,3.55987
2.54993,3.17578,4.9938,3.56513,1.78599,4.61802,3.16336,3.79447,3.79069,3.62258,6.16337,4.70051


========================================================
Test10 (ADC Calibration) results 2009-01-15 16:30:15
Board ID163 36 channels
Host: ufcmshv3
Linux calibration software

Voltmeter channel: A=1.05425, B=3.94104

A:
1.0675,1.0472,1.04864,1.05238,1.04839,1.03594,1.06331,1.06514,1.06549,1.04661,1.06724,1.04527
1.03553,1.07199,1.0451,1.04923,1.07066,1.04704,1.04653,1.04527,1.07367,1.03528,1.05494,1.07243
1.05717,1.03967,1.06925,1.05314,1.05084,1.04418,1.05734,1.04932,1.06741,1.06313,1.05357,1.05357


B:
1.88883,3.68915,4.83982,4.24193,4.03242,3.21945,3.46793,4.09659,4.83574,3.41353,4.2691,3.4412
3.61642,3.69385,4.43733,2.59895,4.49685,3.22181,4.54058,4.06847,4.49295,4.6825,2.8729,4.78452
3.93599,2.54302,4.95171,4.5689,3.79902,4.69085,3.77394,3.56733,4.10555,3.84379,3.74416,3.95482


========================================================
Test10 (ADC Calibration) results 2009-10-15 12:09:15
Board ID163 36 channels
Host: ufcmshv3
Linux calibration software

Voltmeter channel: A=1.05425, B=4.99554

A:
1.06759,1.04695,1.04889,1.05246,1.04813,1.03619,1.06313,1.06514,1.06566,1.04636,1.0675,1.0451
1.03561,1.07208,1.0451,1.04923,1.07084,1.0467,1.04653,1.04493,1.07376,1.03544,1.05519,1.0727
1.05725,1.0395,1.06925,1.05263,1.05084,1.04418,1.05708,1.04906,1.06741,1.06296,1.0534,1.0534


B:
2.66075,4.76766,5.01856,4.79275,4.90204,4.22445,4.48152,5.16182,5.52504,4.90985,4.66415,4.64668
4.98686,4.68415,5.06472,4.0678,5.40362,4.79871,4.95894,5.64263,4.84018,5.35245,3.68507,4.96741
4.48926,3.9501,5.59303,5.68421,5.06022,5.5261,5.074,5.06779,4.95936,5.0695,4.7484,4.7484


========================================================
Test10 (ADC Calibration) results 2009-10-15 16:23:49
Board ID163 36 channels
Host: ufcmshv3
Linux calibration software

Voltmeter channel: A=1.05451, B=4.5425

A:
1.06794,1.04737,1.04889,1.0528,1.06088,1.03602,1.06313,1.06566,1.06557,1.0467,1.06741,1.04544
1.03553,1.07216,1.04535,1.0494,1.07102,1.04687,1.04704,1.04518,1.07403,1.03594,1.05528,1.07287
1.05734,1.03975,1.06908,1.05297,1.05093,1.04451,1.05725,1.04949,1.06776,1.06348,1.05366,1.05357


B:
2.33303,4.36674,5.64789,4.47036,7.44247,4.59037,4.69414,4.24625,5.81967,4.38003,4.95936,3.90832
4.85901,4.1732,4.8247,3.48725,5.02554,4.8478,4.47809,5.19376,4.37872,4.25532,4.0263,4.80317
4.4083,3.50316,5.97039,4.51968,4.7696,5.20649,4.70072,4.24639,4.63244,4.15576,4.5064,4.37637


