========================================================

Test11 results 04-04-2006  13:09:35
Board ID163  36 channels
HV Tests Software Ver.1.6

+5V 2477 - O'k
-5V 1343 - O'k
Interlock - On
Calibration DAC Range: [2500 - 2900]


A:
Limits 0.76 +/- 0.04
0.75188,0.749064,0.747664,0.743494,0.753296,0.749064,0.756144,0.750469,0.75188,0.742115,0.753296,0.754717
0.754717,0.746269,0.743494,0.749064,0.754717,0.746269,0.753296,0.750469,0.75188,0.757576,0.753296,0.75188
0.746269,0.750469,0.746269,0.750469,0.750469,0.75188,0.749064,0.753296,0.747664,0.747664,0.750469,0.754717


B:
Limits 60.0 +/- 40.0
63.344608,58.500481,62.442661,66.715996,58.721233,72.53701,51.140224,61.921627,57.854195,67.35186,59.532093,50.475155
59.571377,61.586395,64.365532,68.676849,53.082577,63.045956,57.283054,60.299767,59.655697,59.496544,51.778625,52.524773
60.044483,63.186581,64.583679,56.416416,61.921627,52.524773,57.128906,60.156281,63.25275,60.904621,57.919556,59.571377
========================================================
Test11 (ADC Calibration) results 2008-07-28 12:43:15
Board ID163 36 channels
Linux calibration software

Calibration DAC Range: [1000 - 3500]

A:
0.7396,0.7356,0.7352,0.7324,0.74,0.7392,0.7408,0.7376,0.7384,0.7316,0.7396,0.7384
0.7412,0.7336,0.732,0.738,0.7404,0.7344,0.74,0.7376,0.7384,0.744,0.738,0.7368
0.7336,0.7388,0.7352,0.736,0.7372,0.7376,0.736,0.7392,0.7356,0.7352,0.7376,0.7416


B:
71.4,70.4,71.8,70.6,72,71.8,70.1999,72.3999,69.6001,68.4,72.4,71.6001
70.8001,71.3999,70,72.0001,69.5999,69.6001,69,70.3999,71.6001,71.9999,70.0001,70.2
70.3999,70.2,68.8,71,72.7999,68.3999,69,70.8,69.4,69.8,69.3999,71.4001


========================================================
Test11 (ADC Calibration) results 2009-01-15 16:45:30
Board ID163 36 channels
Host: ufcmshv3
Linux calibration software

Calibration DAC Range: [1000 - 3500]

A:
0.7568,0.772,0.7708,0.768,0.7708,0.7804,0.76,0.7588,0.7584,0.7724,0.7572,0.7732
0.7808,0.754,0.7732,0.7704,0.7552,0.772,0.7728,0.7736,0.7528,0.7808,0.7664,0.7536
0.7652,0.7776,0.756,0.7676,0.7692,0.7744,0.764,0.7708,0.7572,0.7608,0.7716,0.7672


B:
71.2,69.9999,73.2,70,72.2,70.6001,70,71.1999,69.5999,70.5999,70.8,70.8001
71.2001,70,69.8001,71.6,68.7999,69.9999,68.1999,70.4001,69.2,70.2001,68.6001,69.4
68.7999,70.4,69.0001,69.4,70.7999,67.6,70,69.2,69.8,68.2,70.4,70.8


