========================================================

Test11 results 11-15-2004  13:05:44
Board ID019  36 channels
HV Tests Software Ver.1.4

+5V 2563 - O'k
-5V 1346 - O'k
Interlock - On
Calibration DAC Range: [2500 - 2900]


A:
0.75188,0.753296,0.750469,0.743494,0.746269,0.747664,0.749064,0.756144,0.746269,0.750469,0.754717,0.75188
0.750469,0.750469,0.749064,0.75188,0.75188,0.753296,0.750469,0.750469,0.743494,0.766284,0.744879,0.747664
0.750469,0.747664,0.749064,0.746269,0.749064,0.749064,0.750469,0.754717,0.746269,0.749064,0.749064,0.749064


B:
70.811638,66.804817,69.269485,76.725037,65.224091,69.072151,62.247448,54.671173,66.749786,65.61058,61.459091,60.192806
63.018017,59.255226,61.44297,64.477196,65.991974,60.840794,61.409161,67.039696,60.983864,45.865746,72.827591,74.601868
51.527924,62.980774,63.395,67.799957,59.833836,63.770809,63.822353,58.144489,63.857269,60.722618,71.729431,73.329422
========================================================

Test11 results 11-22-2004  12:36:30
Board ID019  36 channels
HV Tests Software Ver.1.4

+5V 2566 - O'k
-5V 1347 - O'k
Interlock - On
Calibration DAC Range: [2500 - 2900]


A:
0.753296,0.756144,0.75188,0.746269,0.747664,0.749064,0.75188,0.75188,0.747664,0.749064,0.754717,0.749064
0.749064,0.750469,0.749064,0.75188,0.75188,0.75188,0.749064,0.750469,0.744879,0.763359,0.747664,0.746269
0.747664,0.747664,0.749064,0.743494,0.749064,0.749064,0.75188,0.754717,0.746269,0.749064,0.750469,0.75188


B:
66.096947,58.415154,65.465874,67.882309,62.340988,64.574921,53.915455,70.008362,62.340988,71.097954,62.264107,71.722115
69.0448,59.973999,62.247448,65.991974,65.899269,67.879562,68.418808,66.949188,56.428619,56.759365,62.980774,79.87326
62.0942,65.226135,63.567085,78.328377,61.527641,65.292343,59.297012,58.239014,66.913399,61.527641,68.666687,64.224251
