========================================================

Test15 results 08-17-2005  15:41:58
Board ID035  8 channels
HV Tests Software Ver.1.6


A:
Limits 1.45 +/- 2.0
1.438849,1.429593,1.422475,1.423488,1.427552,1.436782,1.426534,1.41844


B:
Limits 0.0 +/- 160.0
-11.510935,-17.155231,2.84497,-4.270462,-14.275511,11.494154,9.985578,7.092115
========================================================
Test15 (ADC Calibration) results 2009-04-07 10:00:43
Board ID035 8 channels
Host: ufcmshv3
Linux calibration software

A:
1.40056,1.43885,1.3935,1.41504,1.44316,1.40162,1.42732,1.3977


B:
0.840176,-18.4175,0.857432,-8.92582,-13.3881,6.53353,7.15856,5.67681


========================================================
Test15 (ADC Calibration) results 2009-04-08 14:41:11
Board ID035 8 channels
Host: ufcmshv3
Linux calibration software

A:
1.39981,1.42045,1.39395,1.4152,1.40693,1.40162,1.45936,1.398


B:
2.21802,-7.95444,0.814981,-9.31863,-12.987,7.65489,7.3419,5.46277


========================================================
Test15 (ADC Calibration) results 2009-12-09 17:14:54
Board ID035 8 channels
Host: localhost.localdomain
Linux calibration software

A:
1.39996,1.41983,1.39321,1.41504,1.40601,1.3761,1.45936,1.39725


B:
3.51066,-6.6623,3.02218,-7.51061,-10.08,12.2367,8.5092,7.67412


