========================================================

Test16 results 08-17-2005  16:01:12
Board ID035  8 channels
HV Tests Software Ver.1.6
Calibration DAC Range: [1000 - 2300]


A:
Limits 0.57 +/- 0.1
0.567934,0.565709,0.564726,0.563502,0.567686,0.56843,0.566202,0.560345


B:
Limits 50.0 +/- 60.0
29.082067,36.355286,41.896732,46.793259,28.448326,26.27902,34.383335,58.620739
========================================================
Test16 (ADC Calibration) results 2009-04-07 10:44:57
Board ID035 8 channels
Host: ufcmshv3
Linux calibration software

A:
0.566,0.5516,0.5692,0.5608,0.55,0.566,0.5564,0.5676


B:
59.0001,64.4001,52.8001,53.1999,62,60.0001,61.6,61.4


========================================================
Test16 (ADC Calibration) results 2009-04-08 14:50:05
Board ID035 8 channels
Host: ufcmshv3
Linux calibration software

A:
0.5668,0.5592,0.5688,0.5612,0.564,0.5664,0.5436,0.5676


B:
58.2,50.8,53.2001,52.7999,57,58.6,52.3999,61.4


