========================================================

Test15 results 04-10-2006  13:04:06
Board ID048  8 channels
HV Tests Software Ver.1.6


A:
Limits 1.45 +/- 2.0
1.43575,1.432665,1.433692,1.431639,1.430615,1.440922,1.423488,1.441961


B:
Limits 0.0 +/- 160.0
-11.485854,-11.461306,4.529953e-005,10.021564,12.875475,7.204747,8.540926,-10.09368
========================================================
Test15 (Master ADC Calibration) results 2008-01-22 21:29:10
Board ID48 7 channels
Linux calibration software


A:
1.43885,1.43369,1.43678,1.43472,1.43575,1.443,1.42653,1.44404

B:
-14.3886,-9.31895,-1.72423,8.03431,6.74817,7.79235,6.84721,-9.38617

========================================================
Test15 (Master ADC Calibration) results 2008-01-23 21:43:03
Board ID48 7 channels
Linux calibration software


A:
1.43885,1.43575,1.43678,1.43369,1.43472,1.443,1.42552,1.44509

B:
-12.9498,-11.9166,-1.72423,10.7527,9.46903,7.79235,9.55103,-10.6937

========================================================
Test15 (ADC Calibration) results 2009-03-31 09:45:10
Board ID048 8 channels
Host: ufcmshv3
Linux calibration software

A:
1.38815,1.42232,1.38578,1.43377,1.43314,1.44012,1.42951,1.42357


B:
1.08934,-10.1314,-0.533158,6.68345,16.8669,8.61861,8.48904,-9.30785


