========================================================

Test16 results 04-10-2006  13:11:34
Board ID048  8 channels
HV Tests Software Ver.1.6
Calibration DAC Range: [1000 - 2300]


A:
Limits 0.57 +/- 0.1
0.563747,0.564481,0.563258,0.565217,0.564972,0.566449,0.567686,0.565956


B:
Limits 50.0 +/- 60.0
44.203026,50.162571,47.77401,45.594757,40.921307,33.389114,43.80328,36.177681
========================================================
Test16 (Master DAC Calibration) results 2008-01-22 21:29:10
Board ID48 7 channels
Linux calibration software
Calibration DAC Range: [1000 - 2300]

A:
0.564476,0.563689,0.563037,0.562865,0.564073,0.566746,0.566588,0.56698

B:
42.2594,51.467,47.5296,50.3167,42.8172,31.8695,44.3173,31.5088

========================================================
Test16 (Master DAC Calibration) results 2008-01-23 21:43:03
Board ID48 7 channels
Linux calibration software
Calibration DAC Range: [1000 - 2300]

A:
0.564476,0.562951,0.563177,0.563269,0.564548,0.566818,0.566851,0.566427

B:
41.6095,53.127,47.4541,48.944,41.4829,32.4021,43.5044,33.4718

