========================================================

Test10 results 09-01-2005  16:52:00
Board ID401  30 channels
HV Tests Software Ver.1.6

+5V 2511 - O'k
-5V 1318 - O'k
Interlock - On

Voltmeter channel: A=1.081666, B=8.653366

A:
Limits 1.1 +/- 0.1
1.071237,1.072961,1.076426,1.077586,1.073537,1.078749,1.073537,1.074114,1.067236,1.077006
1.072386,1.079331,1.075847,1.080497,1.075847,1.081666,1.077586,1.080497,1.072961,1.071811
1.076426,1.075269,1.064963,1.079331,1.080497,1.071237,1.074114,1.071237,1.070664,1.071237


B:
Limits 0.0 +/- 35.0
9.640962,4.292006,6.458547,9.698398,13.95582,7.55105,8.588134,8.592949,11.739713,8.615829
9.651596,11.872686,1.075704,9.724482,7.530788,7.571701,4.310467,7.563487,6.437928,9.646461
4.305695,7.526706,11.714521,8.634694,6.48299,12.854673,8.592949,11.783437,11.777308,7.498487
========================================================
Test10 (ADC Calibration) results 2008-06-03 06:13:53
Board ID401 30 channels
Linux calibration software

Voltmeter channel: A=1.00125, B=-1367.3

A:
1.06942,1.07307,1.0751,1.07731,1.07598,1.07831,1.07439,1.07301,1.06675,1.0753
1.07138,1.08,1.07405,1.0788,1.07625,1.07992,1.07607,1.07889,1.07289,1.07204
1.07564,1.07613,1.06529,1.07981,1.0809,1.07185,1.07212,1.07054,1.07151,1.07101


B:
8.65311,0.934128,3.52321,7.22223,6.44642,2.88856,4.75635,4.99639,7.82254,5.9181
7.43132,7.19988,0.142126,7.2944,4.99574,5.26248,1.62891,6.25971,2.91481,3.44917
0.371395,2.02451,5.49693,2.51701,0.364709,7.86516,6.90215,7.84725,5.32078,2.32057


========================================================
Test10 (ADC Calibration) results 2008-06-03 06:23:36
Board ID401 30 channels
Linux calibration software

Voltmeter channel: A=1.01522, B=-1394.02

A:
1.07068,1.07198,1.07565,1.0782,1.07591,1.07728,1.07525,1.07325,1.06717,1.07471
1.03297,1.07942,1.07415,1.07932,1.07621,1.08066,1.07621,1.07898,1.07255,1.07151
1.07465,1.07571,1.0656,1.07889,1.08012,1.07154,1.07311,1.07061,1.07114,1.07131


B:
5.96845,2.34575,3.01508,5.20613,6.52657,5.48544,2.37829,3.8248,7.09316,7.06975
56.8038,7.74349,0.0160297,5.75475,5.24569,3.43095,1.04535,6.14377,4.55966,4.3275
2.85159,2.96252,5.09974,4.09741,1.36597,7.86324,5.63908,7.76576,5.79549,1.94097


========================================================
Test10 (ADC Calibration) results 2008-06-04 04:10:26
Board ID401 30 channels
Linux calibration software

Voltmeter channel: A=1.01903, B=-1405.04

A:
1.06964,1.07168,1.07515,1.0785,1.07571,1.07762,1.07411,1.07325,1.0675,1.07501
1.0662,1.07962,1.07415,1.07912,1.07715,1.08066,1.07645,1.07858,1.07161,1.07131
1.07599,1.07508,1.0659,1.07909,1.08016,1.07157,1.07321,1.07084,1.07084,1.07141


B:
8.3741,3.60539,2.65748,4.89662,7.85962,4.65088,4.91519,4.49775,6.66577,5.88378
16.797,7.0872,0.0160297,6.69052,3.24258,3.91151,0.540069,7.53374,5.62875,5.25584
-0.475435,4.0542,3.51551,3.91883,1.31444,7.81776,4.71114,7.46427,5.78101,0.812928


========================================================
Test10 (ADC Calibration) results 2008-06-16 13:15:45
Board ID401 30 channels
Linux calibration software

Voltmeter channel: A=1.07, B=0

A:
1.07296,1.07474,1.0783,1.08072,1.07955,1.08036,1.07759,1.07536,1.06969,1.07794
1.06961,1.08261,1.07723,1.08225,1.07973,1.08351,1.07938,1.08216,1.07482,1.075
1.07848,1.07785,1.06802,1.08153,1.08261,1.07456,1.07616,1.07261,1.07394,1.07403


B:
7.72507,3.2904,4.51222,6.81672,5.51425,4.98624,4.09494,6.79957,7.75152,6.99857
14.0366,7.89484,0.331392,6.49365,4.70099,3.60086,1.36167,6.14349,4.71261,4.11806
1.32747,4.92495,4.81432,4.99159,2.91472,8.18306,5.41416,9.98344,5.74979,2.87501


========================================================
Test10 (ADC Calibration) results 2008-06-17 07:08:50
Board ID401 30 channels
Linux calibration software

Voltmeter channel: A=1.07, B=0

A:
1.08489,1.08732,1.09065,1.09319,1.09192,1.09292,1.08984,1.08795,1.08195,1.09029
1.08195,1.09483,1.08975,1.09529,1.09192,1.09602,1.09183,1.09483,1.08723,1.08741
1.0912,1.09029,1.08053,1.09419,1.09529,1.08687,1.08876,1.08489,1.08651,1.08642


B:
7.55776,1.84054,3.54541,5.57581,4.55922,3.85891,3.42484,5.39055,7.03401,6.06002
13.0926,7.13582,-1.06923,4.30891,4.34102,2.54228,0.275752,4.72725,3.6633,2.84463
-0.229261,3.44343,3.16596,3.34327,1.02305,7.03954,3.77158,8.85958,3.67685,1.80444


========================================================
Test10 (ADC Calibration) results 2008-08-26 09:05:41
Board ID401 30 channels
Linux calibration (server mode)

Voltmeter channel: A=1.08623, B=0

A:
1.07575,1.07624,1.07998,1.08316,1.08165,1.08247,1.07938,1.07792,1.0724,1.08043
1.07448,1.08544,1.0777,1.08468,1.0816,1.08495,1.08016,1.08458,1.07681,1.07664
1.07931,1.07971,1.06996,1.08364,1.08376,1.07749,1.07827,1.07606,1.07573,1.07535


B:
0,0,0,0,0,0,0,0,0,0
0,0,0,0,0,0,0,0,0,0
0,0,0,0,0,0,0,0,0,0


========================================================
Test10 (ADC Calibration) results 2008-08-26 13:28:00
Board ID401 30 channels
Linux calibration (server mode)

Voltmeter channel: A=1.08626, B=0

A:
1.07565,1.07623,1.07996,1.08307,1.08163,1.08242,1.0794,1.07787,1.07242,1.08048
1.07444,1.08547,1.07765,1.08477,1.08153,1.08504,1.08011,1.08455,1.07676,1.07661
1.07928,1.07965,1.06989,1.08347,1.08386,1.07747,1.0782,1.07608,1.07591,1.07533


B:
0,0,0,0,0,0,0,0,0,0
0,0,0,0,0,0,0,0,0,0
0,0,0,0,0,0,0,0,0,0


========================================================
Test10 (ADC Calibration) results 2008-08-26 13:40:30
Board ID401 30 channels
Linux calibration (server mode)

Voltmeter channel: A=1.08618, B=0

A:
1.07565,1.07616,1.07998,1.08311,1.08165,1.08237,1.07936,1.07788,1.07239,1.08045
1.07443,1.08547,1.0776,1.08465,1.08157,1.085,1.08016,1.08453,1.07679,1.07658
1.07928,1.0797,1.06993,1.08357,1.08376,1.07744,1.0782,1.07611,1.07581,1.07529


B:
0,0,0,0,0,0,0,0,0,0
0,0,0,0,0,0,0,0,0,0
0,0,0,0,0,0,0,0,0,0


========================================================
Test10 (ADC Calibration) results 2008-08-26 14:00:50
Board ID401 30 channels
Linux calibration (server mode)

Voltmeter channel: A=1.08615, B=0

A:
1.07567,1.07631,1.0801,1.08317,1.08167,1.08238,1.07938,1.07795,1.07235,1.08053
1.07454,1.08551,1.07777,1.0846,1.08165,1.085,1.08015,1.08451,1.07676,1.07669
1.0793,1.07978,1.06998,1.08364,1.08381,1.07744,1.0782,1.07618,1.07575,1.0753


B:
0,0,0,0,0,0,0,0,0,0
0,0,0,0,0,0,0,0,0,0
0,0,0,0,0,0,0,0,0,0


========================================================
Test10 (ADC Calibration) results 2008-08-26 14:19:27
Board ID401 30 channels
Linux calibration (server mode)

Voltmeter channel: A=1.08623, B=0

A:
1.07567,1.07626,1.08001,1.08317,1.08158,1.08242,1.07938,1.07788,1.07245,1.08043
1.07449,1.08554,1.07772,1.0847,1.08165,1.08509,1.08018,1.08455,1.07674,1.07666
1.07931,1.07971,1.06999,1.08359,1.08374,1.07754,1.07818,1.07606,1.07567,1.07533


B:
0,0,0,0,0,0,0,0,0,0
0,0,0,0,0,0,0,0,0,0
0,0,0,0,0,0,0,0,0,0


========================================================
Test10 (ADC Calibration) results 2008-08-26 14:33:24
Board ID401 30 channels
Linux calibration (server mode)

Voltmeter channel: A=1.08626, B=0

A:
1.07563,1.07629,1.07998,1.08317,1.08158,1.0824,1.07943,1.07793,1.07244,1.08046
1.07451,1.08549,1.07775,1.08473,1.08162,1.08502,1.08008,1.08457,1.07674,1.07666
1.07928,1.07971,1.06994,1.08371,1.08373,1.07745,1.0782,1.07614,1.07553,1.07529


B:
0,0,0,0,0,0,0,0,0,0
0,0,0,0,0,0,0,0,0,0
0,0,0,0,0,0,0,0,0,0


========================================================
Test10 (ADC Calibration) results 2008-08-26 16:51:25
Board ID401 30 channels
Linux calibration (server mode)

Voltmeter channel: A=1.09858, B=0

A:
1.08788,1.08854,1.09236,1.09553,1.09408,1.09477,1.0916,1.09025,1.08463,1.09274
1.08671,1.0979,1.09004,1.09705,1.09386,1.0974,1.09246,1.09689,1.08896,1.08895
1.09162,1.09204,1.08212,1.09598,1.09609,1.08975,1.09037,1.08831,1.08811,1.08754


B:
0,0,0,0,0,0,0,0,0,0
0,0,0,0,0,0,0,0,0,0
0,0,0,0,0,0,0,0,0,0


========================================================
Test10 (ADC Calibration) results 2008-08-27 11:54:30
Board ID401 30 channels
Linux calibration (server mode)

Voltmeter channel: A=1.09863, B=0

A:
1.08791,1.08856,1.09239,1.09553,1.09406,1.09479,1.0918,1.09017,1.08466,1.0928
1.08669,1.09807,1.08997,1.0971,1.09399,1.0974,1.09247,1.09694,1.0891,1.08896
1.09158,1.09207,1.08214,1.09594,1.09616,1.08982,1.09054,1.08836,1.08824,1.08764


B:
0,0,0,0,0,0,0,0,0,0
0,0,0,0,0,0,0,0,0,0
0,0,0,0,0,0,0,0,0,0


========================================================
Test10 (ADC Calibration) results 2008-08-27 12:04:52
Board ID401 30 channels
Linux calibration (server mode)

Voltmeter channel: A=1.09861, B=0

A:
1.08796,1.08861,1.09247,1.09555,1.09401,1.09479,1.09177,1.09019,1.08481,1.0929
1.08677,1.09798,1.09,1.09705,1.09401,1.0974,1.09249,1.09696,1.08905,1.08891
1.09163,1.09209,1.08219,1.09598,1.09621,1.08977,1.09051,1.08841,1.08824,1.08764


B:
0,0,0,0,0,0,0,0,0,0
0,0,0,0,0,0,0,0,0,0
0,0,0,0,0,0,0,0,0,0


========================================================
Test10 (ADC Calibration) results 2008-08-27 12:16:04
Board ID401 30 channels
Linux calibration (server mode)

Voltmeter channel: A=1.09861, B=0

A:
1.08793,1.08853,1.09236,1.09548,1.09398,1.09481,1.09165,1.0902,1.08474,1.09283
1.08676,1.09798,1.09004,1.09713,1.09394,1.09747,1.09251,1.09693,1.0891,1.08893
1.09168,1.09205,1.08224,1.09596,1.0962,1.0899,1.09054,1.08831,1.08819,1.08764


B:
0,0,0,0,0,0,0,0,0,0
0,0,0,0,0,0,0,0,0,0
0,0,0,0,0,0,0,0,0,0


========================================================
Test10 (ADC Calibration) results 2008-08-27 12:34:19
Board ID401 30 channels
Linux calibration (server mode)

Voltmeter channel: A=1.09859, B=0

A:
1.08791,1.08856,1.09239,1.09547,1.09406,1.09482,1.09175,1.09029,1.08469,1.09288
1.08671,1.09788,1.09005,1.09711,1.09401,1.09737,1.09251,1.09696,1.08903,1.08891
1.0916,1.09205,1.08219,1.09603,1.09616,1.0898,1.09049,1.08846,1.08798,1.08761


B:
0,0,0,0,0,0,0,0,0,0
0,0,0,0,0,0,0,0,0,0
0,0,0,0,0,0,0,0,0,0


========================================================
Test10 (ADC Calibration) results 2008-08-27 14:12:33
Board ID401 30 channels
Linux calibration software

Voltmeter channel: A=1.07, B=0

A:
1.08584,1.08798,1.09127,1.09353,1.09278,1.09344,1.09061,1.08864,1.08249,1.09118
1.08286,1.0959,1.09024,1.09562,1.09287,1.09676,1.09231,1.09543,1.0878,1.08798
1.09155,1.09127,1.0812,1.09457,1.0959,1.08761,1.08948,1.08593,1.08677,1.08696


B:
6.90388,1.6555,3.6312,6.13583,4.20712,4.25444,3.14782,5.18484,6.96336,5.02718
12.2501,6.59217,-0.866044,4.66168,3.4642,2.07989,0.490527,4.6162,3.78699,2.96103
0.0960288,2.75801,2.97372,3.8669,0.893143,7.44038,3.53463,8.33776,4.73817,1.95659


========================================================
Test10 (ADC Calibration) results 2008-08-27 14:50:45
Board ID401 30 channels
Linux calibration (server mode)

Voltmeter channel: A=1.0987, B=0

A:
1.08801,1.08859,1.09239,1.0955,1.09396,1.09479,1.09172,1.0902,1.08476,1.09283
1.08674,1.09786,1.08995,1.0971,1.09394,1.09739,1.09256,1.09694,1.0891,1.08896
1.09173,1.09212,1.08222,1.09601,1.09614,1.08978,1.09047,1.08844,1.08786,1.08767


B:
0,0,0,0,0,0,0,0,0,0
0,0,0,0,0,0,0,0,0,0
0,0,0,0,0,0,0,0,0,0


========================================================
Test10 (ADC Calibration) results 2008-08-27 16:01:37
Board ID401 30 channels
Linux calibration (server mode)

Voltmeter channel: A=1.09873, B=0

A:
1.08804,1.08863,1.09241,1.09557,1.09382,1.09487,1.09175,1.09027,1.08486,1.09278
1.08674,1.09793,1.09017,1.09722,1.09406,1.09742,1.09263,1.09703,1.08913,1.08898
1.09173,1.09209,1.08219,1.09614,1.09603,1.08988,1.09061,1.08851,1.08779,1.08772


B:
0,0,0,0,0,0,0,0,0,0
0,0,0,0,0,0,0,0,0,0
0,0,0,0,0,0,0,0,0,0


========================================================
Test10 (ADC Calibration) results 2008-08-27 16:14:58
Board ID401 30 channels
Linux calibration (server mode)

Voltmeter channel: A=1.09876, B=0

A:
1.08801,1.08869,1.09241,1.09553,1.09401,1.09496,1.09177,1.09025,1.08477,1.09288
1.08674,1.09793,1.09015,1.09713,1.09399,1.09747,1.09263,1.09701,1.08911,1.08895
1.09167,1.09209,1.0822,1.09616,1.09603,1.08985,1.09066,1.08861,1.08777,1.08769


B:
0,0,0,0,0,0,0,0,0,0
0,0,0,0,0,0,0,0,0,0
0,0,0,0,0,0,0,0,0,0


========================================================
Test10 (ADC Calibration) results 2008-08-27 16:29:00
Board ID401 30 channels
Linux calibration (server mode)

Voltmeter channel: A=1.09875, B=0

A:
1.08803,1.08868,1.09244,1.09555,1.09401,1.09484,1.09187,1.09034,1.08482,1.09286
1.08681,1.0979,1.09015,1.09716,1.09418,1.09742,1.09263,1.09696,1.08916,1.08903
1.09175,1.09217,1.08224,1.09604,1.09614,1.08977,1.09061,1.08851,1.08786,1.08774


B:
0,0,0,0,0,0,0,0,0,0
0,0,0,0,0,0,0,0,0,0
0,0,0,0,0,0,0,0,0,0


========================================================
Test10 (ADC Calibration) results 2008-08-27 16:39:26
Board ID401 30 channels
Linux calibration (server mode)

Voltmeter channel: A=1.09873, B=0

A:
1.08809,1.08864,1.09246,1.09555,1.09393,1.09486,1.09177,1.09024,1.08477,1.09278
1.08674,1.0979,1.09015,1.09716,1.09399,1.09744,1.09261,1.09703,1.08911,1.08895
1.09173,1.09205,1.08222,1.09608,1.09614,1.08985,1.09059,1.08856,1.08771,1.08761


B:
0,0,0,0,0,0,0,0,0,0
0,0,0,0,0,0,0,0,0,0
0,0,0,0,0,0,0,0,0,0


========================================================
Test10 (ADC Calibration) results 2008-08-27 17:00:59
Board ID401 30 channels
Linux calibration (server mode)

Voltmeter channel: A=1.09875, B=0

A:
1.08806,1.08863,1.09242,1.09552,1.09399,1.09486,1.09182,1.09025,1.08482,1.09281
1.08674,1.09795,1.09017,1.0972,1.09399,1.09742,1.09264,1.09703,1.08911,1.08888
1.09165,1.09212,1.0822,1.09611,1.09603,1.08983,1.09062,1.08851,1.08759,1.08764


B:
0,0,0,0,0,0,0,0,0,0
0,0,0,0,0,0,0,0,0,0
0,0,0,0,0,0,0,0,0,0


========================================================
Test10 (ADC Calibration) results 2008-08-28 14:19:37
Board ID401 30 channels
Linux calibration (server mode)

Voltmeter channel: A=1.09866, B=0

A:
1.08806,1.08864,1.09241,1.09555,1.09394,1.09477,1.09177,1.09032,1.08477,1.09286
1.08681,1.09781,1.09012,1.09718,1.09398,1.09737,1.09261,1.09693,1.08916,1.0889
1.09165,1.09215,1.08227,1.09603,1.09609,1.08992,1.09057,1.08843,1.08796,1.08762


B:
0,0,0,0,0,0,0,0,0,0
0,0,0,0,0,0,0,0,0,0
0,0,0,0,0,0,0,0,0,0


========================================================
Test10 (ADC Calibration) results 2008-09-01 16:33:34
Board ID401 30 channels
Linux calibration (server mode)

Voltmeter channel: A=1.09887, B=0

A:
1.08821,1.08886,1.09271,1.09584,1.09438,1.09506,1.09199,1.09056,1.08492,1.09315
1.08692,1.09824,1.0903,1.09733,1.09428,1.09767,1.09276,1.09718,1.08935,1.08921
1.09187,1.09232,1.08244,1.09618,1.09648,1.09004,1.09076,1.08869,1.08821,1.08784


B:
0,0,0,0,0,0,0,0,0,0
0,0,0,0,0,0,0,0,0,0
0,0,0,0,0,0,0,0,0,0


========================================================
Test10 (ADC Calibration) results 2008-12-01 10:17:11
Board ID401 30 channels
Host: ufcmshv3
Linux calibration software

Voltmeter channel: A=1.04704, B=4.26884

A:
1.03668,1.03668,1.039,1.04678,1.04092,1.05323,1.03967,1.04217,1.04873,1.06444
1.06689,1.03619,1.04957,1.06036,1.04183,1.04535,1.04468,1.04325,1.0366,1.04167
1.03561,1.04393,1.03429,1.06531,1.039,1.03693,500,1.04628,1.04292,1.03892


B:
7.27266,3.33347,4.0118,6.39365,3.84347,4.90954,3.99887,6.3971,7.90593,6.45213
13.5577,7.33313,0.597508,6.23173,5.04874,3.57032,1.28588,5.15238,4.44957,2.91685
1.2587,3.88654,3.77134,4.57271,1.31071,6.41293,-82900.1,8.12885,4.21957,2.63741


========================================================
Test10 (ADC Calibration) results 2008-12-01 10:54:57
Board ID401 30 channels
Host: ufcmshv3
Linux calibration software

Voltmeter channel: A=1.04695, B=4.34894

A:
1.03643,1.0366,1.03884,1.04712,1.04092,1.05323,1.03933,1.04208,1.04856,1.06435
1.06689,1.0361,1.04966,1.06053,1.04175,1.04552,1.04476,1.04309,1.03677,1.04158
1.03561,1.04401,1.03429,1.06505,1.03875,1.03693,1.03917,1.04092,1.0425,1.03884


B:
7.7175,3.41297,4.1711,5.86386,4.0516,4.6991,5.14883,6.0599,7.64643,6.5331
13.5577,6.99738,0.0967031,5.85754,4.9205,2.57368,0.996777,5.52054,4.70553,2.78823
1.2587,3.38869,3.77134,4.8175,1.75784,6.41293,4.26846,9.25618,5.03605,2.50927


========================================================
Test10 (ADC Calibration) results 2008-12-01 11:19:04
Board ID401 30 channels
Host: ufcmshv3
Linux calibration software

Voltmeter channel: A=1.04704, B=4.26884

A:
1.03627,1.03668,1.03875,1.04695,1.041,1.05306,1.03992,1.04225,1.04881,1.06427
1.06697,1.03619,1.0494,1.06036,1.04183,1.04552,1.04451,1.04309,1.03652,1.04158
1.03561,1.04418,1.03462,1.06505,1.03884,1.03677,1.039,1.04075,1.04267,1.03892


B:
8.08296,3.54075,4.6664,6.44284,3.76374,5.28142,3.75952,6.31776,7.40631,7.25331
13.6897,7.12594,0.75893,6.01971,5.25731,2.78273,1.86449,5.52054,5.15047,3.20501
1.46577,3.22885,3.24739,4.8175,1.26231,6.98636,4.63531,10.0394,4.66819,2.84499


========================================================
Test10 (ADC Calibration) results 2008-12-01 13:37:16
Board ID401 30 channels
Host: ufcmshv3
Linux calibration software

Voltmeter channel: A=1.04704, B=4.26884

A:
1.03635,1.03668,1.03875,1.04678,1.04108,1.05323,1.03958,1.04225,1.04881,1.06435
1.06671,1.0361,1.04949,1.06053,1.04208,1.04535,1.0446,1.04325,1.0366,1.04167
1.03561,1.04434,1.03454,1.06488,1.03892,1.03701,1.04451,1.04075,1.04284,1.03892


B:
7.7962,3.12593,4.4587,5.97463,3.68389,4.6991,4.07839,5.90055,6.98663,6.74632
13.9327,6.99738,0.258381,5.22112,3.97573,2.73399,0.948371,4.94337,4.44957,2.70857
0.844144,2.65109,2.91251,4.76744,0.975296,6.12663,4.37106,10.0394,3.88255,2.42968


========================================================
Test10 (ADC Calibration) results 2008-12-05 18:03:14
Board ID401 30 channels
Host: ufcmshv3
Linux calibration software

Voltmeter channel: A=1.04678, B=4.50939

A:
1.03619,1.0366,1.03892,1.04678,1.04117,1.05323,1.03967,1.04217,1.04889,1.06453
1.06689,1.0361,1.0494,1.06053,1.04175,1.04535,1.04426,1.043,1.03635,1.0415
1.03553,1.04401,1.03429,1.06496,1.03884,1.0366,1.04401,1.0405,1.0425,1.03892


B:
7.9551,3.2057,3.88391,6.39365,3.1876,4.6991,3.79099,6.18872,6.69668,6.15754
13.131,7.41198,0.549101,5.43303,4.71179,2.94301,1.8955,5.3914,4.89478,2.86776
1.33789,3.38869,3.56411,4.68577,1.05459,7.14442,5.26795,10.0684,4.61889,2.22195


