========================================================

Test11 results 09-01-2005  16:54:08
Board ID401  30 channels
HV Tests Software Ver.1.6

+5V 2512 - O'k
-5V 1318 - O'k
Interlock - On
Calibration DAC Range: [2500 - 2900]


A:
Limits 0.76 +/- 0.04
0.749064,0.750469,0.746269,0.743494,0.746269,0.742115,0.747664,0.749064,0.750469,0.744879
0.750469,0.746269,0.746269,0.740741,0.744879,0.742115,0.746269,0.743494,0.747664,0.746269
0.746269,0.746269,0.753296,0.747664,0.743494,0.749064,0.747664,0.749064,0.75188,0.747664


B:
Limits 60.0 +/- 40.0
56.92646,51.75695,61.77187,62.149387,60.890961,68.434952,61.045536,54.201778,65.607101,60.876068
54.974293,50.098671,68.993881,67.4972,66.334633,61.580536,61.930016,62.443264,64.891914,70.264687
57.913357,64.98159,61.797127,58.555943,60.911076,62.625454,61.930103,63.342331,52.764141,69.702629
========================================================
Test11 (DAC Calibration) results 2008-06-03 06:13:53
Board ID401 30 channels
Linux calibration software
Calibration DAC Range: [1100 - 2700]

A:
0.981716,0.981595,0.980392,0.988142,0.984131,0.981354,0.980392,0.979072,0.973947,0.982801
0.977995,0.984373,0.976205,0.985464,0.980633,0.9851,0.980152,0.981475,0.974065,0.977398
0.981836,0.977517,0.970874,0.980633,0.981595,0.975015,0.976682,0.976205,0.977876,0.973236


B:
-259.676,-259.706,-254.706,-278.261,-265.974,-258.39,-256.078,-251.707,-236.45,-262.752
-248.46,-267.885,-243.258,-271.175,-255.823,-270.078,-251.63,-258.361,-237.392,-246.659
-260.629,-247.41,-228.155,-256.803,-259.509,-239.086,-243.914,-243.258,-248.49,-233.333


========================================================
Test11 (DAC Calibration) results 2008-06-03 06:23:36
Board ID401 30 channels
Linux calibration software
Calibration DAC Range: [1100 - 2700]

A:
0.749064,0.748153,0.745226,0.74384,0.744671,0.743356,0.745504,0.746896,0.750399,0.745504
0.776021,0.742253,0.746269,0.742322,0.744463,0.741771,0.744463,0.742184,0.747384,0.747733
0.745921,0.74481,0.75188,0.747105,0.741771,0.746965,0.746617,0.748363,0.748363,0.747873


B:
62.5468,63.6585,70.0978,62.343,66.3967,70.8974,68.9683,68.6863,70.4529,65.9863
29.8671,68.7141,73.1344,66.985,70.5564,68.1966,73.6835,72.8175,72.9448,69.6234
65.408,73.0564,71.4286,66.0067,72.6472,74.4164,72.6551,70.2526,68.0075,75.4137


========================================================
Test11 (DAC Calibration) results 2008-06-04 04:10:26
Board ID401 30 channels
Linux calibration software
Calibration DAC Range: [1100 - 2700]

A:
0.749415,0.748363,0.745573,0.743633,0.74481,0.743494,0.745921,0.746896,0.750539,0.745295
0.751456,0.742115,0.746269,0.742459,0.744186,0.741771,0.744671,0.742459,0.747664,0.747873
0.745365,0.744879,0.751668,0.746965,0.742115,0.747314,0.746547,0.748573,0.748573,0.747803


B:
62.0609,63.5173,70.3635,63.3761,66.2042,71.0036,68.3917,68.9852,70.2599,66.8718
63.4417,69.2023,73.1344,67.0905,71.5349,68.6417,73.5456,72.5846,73.4579,69.7298
67.3718,73.5568,72.6205,66.9467,72.1707,73.9374,73.3483,69.9635,68.0171,76.2574


========================================================
Test11 (ADC Calibration) results 2008-06-17 04:20:31
Board ID401 30 channels
Linux calibration software

Calibration DAC Range: [1000 - 3500]

A:
0.7472,0.746,0.7432,0.7416,0.742,0.7412,0.7436,0.7452,0.7488,0.7436
0.7492,0.7396,0.744,0.74,0.7424,0.7396,0.742,0.7396,0.7452,0.7456
0.7436,0.7428,0.7504,0.7452,0.7404,0.7452,0.744,0.7468,0.7464,0.746


B:
61.8,64,69.8,62.4001,68.0001,71.8001,68.4,67.8001,69.2001,65.4
64.8,69.4,72.9999,68,70.6,68.4,74.0001,74.4,74.8001,69.4001
66.4,73.2,70.6,66.8001,71.5999,73.8001,73.9999,69.2,67.6,75


========================================================
Test11 (ADC Calibration) results 2008-06-17 07:43:31
Board ID401 30 channels
Linux calibration software

Calibration DAC Range: [1000 - 3500]

A:
0.7388,0.7376,0.7344,0.7332,0.7336,0.7328,0.7352,0.7364,0.74,0.7348
0.7404,0.732,0.7352,0.7312,0.734,0.7312,0.734,0.7316,0.7368,0.7372
0.7348,0.7344,0.742,0.7368,0.7316,0.7364,0.736,0.7384,0.738,0.7376


B:
62.2,64.3999,70.6001,62.8,68.3999,71.2,68.8,68.6,70,66.2001
65.5999,68,74.8,68.8001,69.9999,68.8001,72.9999,73.4,73.2,69.7999
66.2001,73.6001,71.0001,66.2,72.4,74.6,73,69.6001,69.0001,74.3999


========================================================
Test11 (DAC Calibration) results 2008-08-26 09:06:48
Board ID401 30 channels
Linux calibration (server mode)

Calibration DAC Range: [3100 - 3500]

A:
0.764286,0.763429,0.762571,0.758857,0.760857,0.760571,0.762857,0.763714,0.768,0.761714
0.766857,0.758571,0.764571,0.758857,0.761429,0.758571,0.762571,0.76,0.765429,0.765143
0.761714,0.763143,0.769714,0.763143,0.759714,0.765429,0.764286,0.766,0.765714,0.766571


B:
0.0,0.0,0.0,0.0,0.0,0.0,0.0,0.0,0.0,0.0
0.0,0.0,0.0,0.0,0.0,0.0,0.0,0.0,0.0,0.0
0.0,0.0,0.0,0.0,0.0,0.0,0.0,0.0,0.0,0.0


========================================================
Test11 (DAC Calibration) results 2008-08-26 13:28:42
Board ID401 30 channels
Linux calibration (server mode)

Calibration DAC Range: [3100 - 3500]

A:
0.764286,0.764,0.762857,0.759429,0.761143,0.760857,0.762571,0.764286,0.768,0.761429
0.767429,0.759143,0.764857,0.758571,0.761429,0.758857,0.762857,0.760571,0.765429,0.765143
0.762,0.763143,0.77,0.763143,0.76,0.765429,0.764286,0.766,0.765429,0.766857


B:
0.0,0.0,0.0,0.0,0.0,0.0,0.0,0.0,0.0,0.0
0.0,0.0,0.0,0.0,0.0,0.0,0.0,0.0,0.0,0.0
0.0,0.0,0.0,0.0,0.0,0.0,0.0,0.0,0.0,0.0


========================================================
Test11 (DAC Calibration) results 2008-08-26 13:41:09
Board ID401 30 channels
Linux calibration (server mode)

Calibration DAC Range: [3100 - 3500]

A:
0.764286,0.764,0.762571,0.759429,0.761143,0.761143,0.762857,0.764286,0.768,0.761429
0.767429,0.759143,0.764571,0.759143,0.761429,0.758571,0.762571,0.760286,0.765429,0.765143
0.762,0.763143,0.77,0.763143,0.76,0.765429,0.764286,0.766,0.765429,0.766571


B:
0.0,0.0,0.0,0.0,0.0,0.0,0.0,0.0,0.0,0.0
0.0,0.0,0.0,0.0,0.0,0.0,0.0,0.0,0.0,0.0
0.0,0.0,0.0,0.0,0.0,0.0,0.0,0.0,0.0,0.0


========================================================
Test11 (DAC Calibration) results 2008-08-26 14:01:29
Board ID401 30 channels
Linux calibration (server mode)

Calibration DAC Range: [3100 - 3500]

A:
0.764286,0.764,0.762286,0.759429,0.761143,0.761143,0.762571,0.764286,0.768,0.761429
0.767429,0.759143,0.764286,0.759143,0.761429,0.758857,0.762286,0.760286,0.765429,0.765143
0.762,0.763143,0.77,0.763143,0.76,0.765429,0.764286,0.766,0.766,0.766286


B:
0.0,0.0,0.0,0.0,0.0,0.0,0.0,0.0,0.0,0.0
0.0,0.0,0.0,0.0,0.0,0.0,0.0,0.0,0.0,0.0
0.0,0.0,0.0,0.0,0.0,0.0,0.0,0.0,0.0,0.0


========================================================
Test11 (DAC Calibration) results 2008-08-26 14:20:07
Board ID401 30 channels
Linux calibration (server mode)

Calibration DAC Range: [3100 - 3500]

A:
0.764286,0.764,0.762857,0.759429,0.761143,0.761143,0.762857,0.764286,0.768,0.761429
0.767429,0.759143,0.764857,0.759143,0.761429,0.758571,0.762857,0.760286,0.765429,0.765143
0.762,0.763143,0.77,0.763143,0.76,0.765429,0.764286,0.766,0.766,0.766286


B:
0.0,0.0,0.0,0.0,0.0,0.0,0.0,0.0,0.0,0.0
0.0,0.0,0.0,0.0,0.0,0.0,0.0,0.0,0.0,0.0
0.0,0.0,0.0,0.0,0.0,0.0,0.0,0.0,0.0,0.0


========================================================
Test11 (DAC Calibration) results 2008-08-26 14:34:04
Board ID401 30 channels
Linux calibration (server mode)

Calibration DAC Range: [3100 - 3500]

A:
0.764286,0.764,0.762571,0.759429,0.761143,0.761143,0.762571,0.764286,0.768,0.761429
0.767429,0.759143,0.764571,0.759143,0.761429,0.758857,0.762571,0.760286,0.765429,0.765143
0.762,0.763143,0.77,0.763143,0.76,0.765429,0.764286,0.766,0.766,0.766286


B:
0.0,0.0,0.0,0.0,0.0,0.0,0.0,0.0,0.0,0.0
0.0,0.0,0.0,0.0,0.0,0.0,0.0,0.0,0.0,0.0
0.0,0.0,0.0,0.0,0.0,0.0,0.0,0.0,0.0,0.0


========================================================
Test11 (DAC Calibration) results 2008-08-26 16:52:07
Board ID401 30 channels
Linux calibration (server mode)

Calibration DAC Range: [3100 - 3500]

A:
0.756,0.755429,0.754286,0.750857,0.752286,0.752571,0.754571,0.755429,0.76,0.753143
0.758571,0.750571,0.756,0.750286,0.753143,0.750286,0.754286,0.751714,0.757143,0.756286
0.753429,0.754571,0.761714,0.754571,0.751714,0.757429,0.756,0.757714,0.757429,0.758


B:
0.0,0.0,0.0,0.0,0.0,0.0,0.0,0.0,0.0,0.0
0.0,0.0,0.0,0.0,0.0,0.0,0.0,0.0,0.0,0.0
0.0,0.0,0.0,0.0,0.0,0.0,0.0,0.0,0.0,0.0


========================================================
Test11 (DAC Calibration) results 2008-08-27 11:55:11
Board ID401 30 channels
Linux calibration (server mode)

Calibration DAC Range: [3100 - 3500]

A:
0.756,0.755429,0.754286,0.750571,0.752286,0.752857,0.754286,0.756,0.76,0.753143
0.759143,0.750286,0.756,0.750286,0.753143,0.750286,0.754286,0.752,0.757143,0.756286
0.753429,0.754857,0.761429,0.755429,0.752,0.757429,0.756,0.758,0.757429,0.758


B:
0.0,0.0,0.0,0.0,0.0,0.0,0.0,0.0,0.0,0.0
0.0,0.0,0.0,0.0,0.0,0.0,0.0,0.0,0.0,0.0
0.0,0.0,0.0,0.0,0.0,0.0,0.0,0.0,0.0,0.0


========================================================
Test11 (DAC Calibration) results 2008-08-27 12:05:14
Board ID401 30 channels
Linux calibration (server mode)

Calibration DAC Range: [3100 - 3500]

A:
0.756,0.755429,0.754286,0.750857,0.752286,0.752571,0.754286,0.756,0.76,0.753143
0.759143,0.750286,0.756,0.750286,0.753143,0.750286,0.754286,0.752,0.757143,0.756286
0.753429,0.754571,0.761429,0.755429,0.752,0.757429,0.756,0.758,0.757429,0.758


B:
0.0,0.0,0.0,0.0,0.0,0.0,0.0,0.0,0.0,0.0
0.0,0.0,0.0,0.0,0.0,0.0,0.0,0.0,0.0,0.0
0.0,0.0,0.0,0.0,0.0,0.0,0.0,0.0,0.0,0.0


========================================================
Test11 (DAC Calibration) results 2008-08-27 12:16:28
Board ID401 30 channels
Linux calibration (server mode)

Calibration DAC Range: [3100 - 3500]

A:
0.756,0.755429,0.754286,0.750571,0.752286,0.752857,0.754286,0.756,0.76,0.753143
0.759143,0.750857,0.756,0.750286,0.753143,0.750286,0.754286,0.752,0.757143,0.756286
0.753429,0.754857,0.761429,0.755429,0.752,0.757429,0.756,0.758,0.757429,0.758


B:
0.0,0.0,0.0,0.0,0.0,0.0,0.0,0.0,0.0,0.0
0.0,0.0,0.0,0.0,0.0,0.0,0.0,0.0,0.0,0.0
0.0,0.0,0.0,0.0,0.0,0.0,0.0,0.0,0.0,0.0


========================================================
Test11 (DAC Calibration) results 2008-08-27 12:34:54
Board ID401 30 channels
Linux calibration (server mode)

Calibration DAC Range: [3100 - 3500]

A:
0.756,0.755429,0.754286,0.750857,0.752286,0.752571,0.754286,0.755429,0.76,0.753143
0.759143,0.750571,0.756,0.750286,0.753143,0.750286,0.754286,0.752,0.757143,0.756286
0.753429,0.755143,0.761429,0.754857,0.752,0.757429,0.756,0.758,0.757429,0.758


B:
0.0,0.0,0.0,0.0,0.0,0.0,0.0,0.0,0.0,0.0
0.0,0.0,0.0,0.0,0.0,0.0,0.0,0.0,0.0,0.0
0.0,0.0,0.0,0.0,0.0,0.0,0.0,0.0,0.0,0.0


========================================================
Test11 (DAC Calibration) results 2008-08-27 14:51:07
Board ID401 30 channels
Linux calibration (server mode)

Calibration DAC Range: [3100 - 3500]

A:
0.756,0.755429,0.754286,0.750571,0.752286,0.752286,0.754286,0.755429,0.76,0.753143
0.759143,0.750286,0.756,0.750286,0.753143,0.750286,0.754286,0.752,0.757143,0.756286
0.753429,0.755143,0.761429,0.754571,0.752,0.757429,0.756,0.758,0.757429,0.758


B:
0.0,0.0,0.0,0.0,0.0,0.0,0.0,0.0,0.0,0.0
0.0,0.0,0.0,0.0,0.0,0.0,0.0,0.0,0.0,0.0
0.0,0.0,0.0,0.0,0.0,0.0,0.0,0.0,0.0,0.0


========================================================
Test11 (DAC Calibration) results 2008-08-27 16:02:02
Board ID401 30 channels
Linux calibration (server mode)

Calibration DAC Range: [3100 - 3500]

A:
0.756,0.755429,0.754286,0.750857,0.752857,0.752286,0.754286,0.755429,0.76,0.753143
0.759143,0.750286,0.756,0.750286,0.753143,0.750286,0.754286,0.752,0.757143,0.756286
0.753429,0.755143,0.761429,0.754857,0.752,0.757429,0.756,0.757429,0.757429,0.758


B:
0.0,0.0,0.0,0.0,0.0,0.0,0.0,0.0,0.0,0.0
0.0,0.0,0.0,0.0,0.0,0.0,0.0,0.0,0.0,0.0
0.0,0.0,0.0,0.0,0.0,0.0,0.0,0.0,0.0,0.0


========================================================
Test11 (DAC Calibration) results 2008-08-27 16:15:20
Board ID401 30 channels
Linux calibration (server mode)

Calibration DAC Range: [3100 - 3500]

A:
0.756,0.755429,0.754286,0.750571,0.752571,0.752286,0.754286,0.755429,0.76,0.753143
0.759143,0.750286,0.756,0.750286,0.753143,0.750286,0.754286,0.752,0.757143,0.756286
0.753429,0.755143,0.761429,0.754571,0.752,0.757429,0.756,0.757429,0.757429,0.758


B:
0.0,0.0,0.0,0.0,0.0,0.0,0.0,0.0,0.0,0.0
0.0,0.0,0.0,0.0,0.0,0.0,0.0,0.0,0.0,0.0
0.0,0.0,0.0,0.0,0.0,0.0,0.0,0.0,0.0,0.0


========================================================
Test11 (DAC Calibration) results 2008-08-27 16:29:29
Board ID401 30 channels
Linux calibration (server mode)

Calibration DAC Range: [3100 - 3500]

A:
0.7375,0.74,0.735,0.7325,0.73,0.7325,0.735,0.735,0.7425,0.7325
0.7375,0.7275,0.735,0.73,0.7325,0.73,0.735,0.73,0.74,0.735
0.7375,0.74,0.74,0.735,0.735,0.735,0.735,0.735,0.735,0.7375


B:
64.7,54.0,67.5,64.2,78.0,69.2,67.5,71.5,61.2,72.2
73.7,79.7,73.5,71.0,72.2,71.0,67.5,77.0,60.0,74.5
55.7,53.0,75.0,69.5,59.5,78.5,73.5,78.5,78.5,71.7


========================================================
Test11 (DAC Calibration) results 2008-08-27 16:39:54
Board ID401 30 channels
Linux calibration (server mode)

Calibration DAC Range: [3100 - 3500]

A:
0.7375,0.74,0.735,0.7325,0.73,0.7325,0.735,0.735,0.7375,0.7325
0.7375,0.7275,0.735,0.73,0.7325,0.73,0.735,0.73,0.74,0.735
0.7325,0.735,0.74,0.735,0.735,0.735,0.735,0.735,0.735,0.7375


B:
63.7,54.0,67.5,63.2,78.0,68.2,67.5,71.5,77.7,71.2
74.7,80.7,73.5,71.0,71.2,71.0,67.5,77.0,60.0,74.5
72.2,70.5,75.0,69.5,59.5,78.5,73.5,78.5,78.5,70.7


========================================================
Test11 (DAC Calibration) results 2008-08-27 17:01:28
Board ID401 30 channels
Linux calibration (server mode)

Calibration DAC Range: [3100 - 3500]

A:
0.7375,0.74,0.735,0.7325,0.73,0.7325,0.735,0.735,0.7375,0.7325
0.7375,0.7275,0.74,0.73,0.7275,0.73,0.735,0.73,0.74,0.735
0.7375,0.735,0.74,0.735,0.735,0.735,0.735,0.735,0.735,0.7375


B:
64.7,54.0,67.5,64.2,78.0,69.2,67.5,71.5,76.7,72.2
73.7,79.7,58.0,71.0,87.7,71.0,67.5,77.0,60.0,74.5
55.7,70.5,75.0,69.5,59.5,78.5,73.5,78.5,78.5,72.7


========================================================
Test11 (DAC Calibration) results 2008-08-28 14:20:07
Board ID401 30 channels
Linux calibration (server mode)

Calibration DAC Range: [3100 - 3500]

A:
0.7375,0.74,0.735,0.7375,0.73,0.7325,0.735,0.735,0.7375,0.7325
0.7375,0.7275,0.74,0.73,0.7325,0.73,0.735,0.73,0.74,0.735
0.7325,0.735,0.74,0.735,0.735,0.735,0.735,0.735,0.735,0.7375


B:
63.7,54.0,67.5,47.7,78.0,70.2,67.5,71.5,77.7,71.2
72.7,80.7,58.0,71.0,71.2,71.0,67.5,77.0,60.0,74.5
72.2,70.5,75.0,69.5,59.5,78.5,73.5,78.5,78.5,71.7


========================================================
Test11 (DAC Calibration) results 2008-09-01 16:34:02
Board ID401 30 channels
Linux calibration (server mode)

Calibration DAC Range: [3100 - 3500]

A:
0.7325,0.74,0.735,0.7325,0.73,0.7325,0.735,0.735,0.7375,0.7375
0.7375,0.7275,0.74,0.73,0.7275,0.73,0.735,0.73,0.74,0.735
0.7375,0.735,0.74,0.735,0.735,0.735,0.735,0.735,0.735,0.7325


B:
80.2,54.0,67.5,64.2,78.0,69.2,67.5,71.5,76.7,54.7
73.7,79.7,58.0,71.0,87.7,71.0,67.5,77.0,60.0,74.5
55.7,70.5,75.0,69.5,59.5,78.5,73.5,78.5,78.5,88.2


========================================================
Test11 (ADC Calibration) results 2008-12-01 11:08:02
Board ID401 30 channels
Host: ufcmshv3
Linux calibration software

Calibration DAC Range: [1000 - 3500]

A:
0.774,0.7744,0.772,0.766,0.7704,0.7608,0.7712,0.7692,0.764,0.7528
0.7516,0.7736,0.764,0.7556,0.7692,0.7664,0.7672,0.768,0.7728,0.7696
0.7744,0.7676,0.7748,0.7568,0.7716,0.7724,0.7708,0.77,0.7692,0.7712


B:
60,61.6,67.9999,62.0001,66.6,68.2,67.8,65.7999,69,65.2
63.3999,67.4001,73,66.4001,68.7999,69.6001,72.8,72,70.1999,69.4001
65.6,71.4,71.2,64.2,71.4,73.5999,72.2,68.0001,67.7999,72.8


========================================================
Test11 (ADC Calibration) results 2008-12-01 11:30:58
Board ID401 30 channels
Host: ufcmshv3
Linux calibration software

Calibration DAC Range: [1000 - 3500]

A:
0.7736,0.7736,0.7716,0.7656,0.7696,0.7612,0.7704,0.7692,0.764,0.7528
0.7512,0.7732,0.7636,0.7556,0.7692,0.7664,0.7672,0.768,0.7732,0.7696
0.774,0.7672,0.7744,0.7568,0.7716,0.7724,0.7708,0.7692,0.7688,0.7716


B:
60.4001,62.4001,68.4,62.3999,68.4001,66.8,69.6,65.7999,68,64.2
63.7999,67.8001,73.4,66.4001,67.7999,68.6001,71.8,72,68.8001,69.4001
66,71.8,71.6,64.2,70.4,72.5999,72.2,69.7999,68.1999,71.4


========================================================
Test11 (ADC Calibration) results 2008-12-01 13:48:22
Board ID401 30 channels
Host: ufcmshv3
Linux calibration software

Calibration DAC Range: [1000 - 3500]

A:
0.7736,0.774,0.772,0.766,0.77,0.7608,0.7704,0.7692,0.764,0.7528
0.7516,0.7736,0.764,0.7556,0.7688,0.7664,0.7672,0.768,0.7732,0.7692
0.7744,0.7668,0.7748,0.7568,0.7716,0.7724,0.7668,0.77,0.7684,0.7712


B:
60.4001,62,68.9999,62.0001,68.0001,68.2,69.6,65.7999,68,65.2
63.3999,67.4001,73,66.4001,69.1999,69.6001,72.8,72,69.8001,70.7999
65.6,73.2001,71.2,64.2,71.4,73.5999,72.2001,68.0001,69.6,72.8


