========================================================

Test10 results 11-09-2005  13:04:45
Board ID100  36 channels
HV Tests Software Ver.1.6

+5V 3088 - O'k
-5V 1354 - O'k
Interlock - On

Voltmeter channel: A=1.074114, B=3.814697e-005

A:
Limits 1.1 +/- 0.1
1.067236,1.074114,1.067806,1.073537,1.068376,1.076426,1.069519,1.068376,1.070664,1.068947,1.072386,1.074691
1.072961,1.074691,1.069519,1.075269,1.071237,1.067806,1.071811,1.06553,1.074114,1.070664,1.070091,1.068947
1.068947,1.06553,1.074114,1.059883,1.066098,1.078749,1.079331,1.075847,1.067806,1.056524,1.071237,1.070664


B:
Limits 0.0 +/- 35.0
3.201826,3.22238,10.6781,6.441059,13.888905,6.458547,10.695304,6.410272,7.494653,11.758456,5.362052,5.373341
2.146083,6.448031,1.069636,7.526706,6.42725,2.135654,5.359216,8.524389,5.370607,5.353326,5.350263,4.275827
7.482668,10.655449,7.518835,5.299631,10.660933,2.157307,10.793356,3.227399,4.315376e-005,10.565231,14.997149,9.635981
========================================================
Test10 (ADC Calibration) results 2008-06-16 13:15:45
Board ID100 36 channels
Linux calibration software

Voltmeter channel: A=1.07, B=0

A:
1.07146,1.07589,1.07084,1.07678,1.07367,1.07991,1.07181,1.07296,1.0742,1.07163,1.07955,1.07759
1.07625,1.08144,1.07634,1.07812,1.07411,1.06978,1.07482,1.06846,1.07768,1.07367,1.07181,1.07146
1.0734,1.0689,1.07776,1.06383,1.07075,1.08117,1.08288,1.07902,1.07332,1.05984,1.07482,1.07287


B:
1.18688,2.00292,7.331,1.39181,9.86131,4.53571,9.00306,5.57914,4.64371,8.52374,4.00258,4.09494
0.810926,1.18163,0.0828333,6.18657,4.94096,4.67374,2.77787,5.04659,1.85712,3.41928,5.57346,2.47257
2.80752,6.56114,3.06763,3.19151,9.76846,0.349259,7.43002,-0.0331527,-0.544685,7.98964,11.1616,11.0257


========================================================
Test10 (ADC Calibration) results 2008-06-17 07:08:50
Board ID100 36 channels
Linux calibration software

Voltmeter channel: A=1.07, B=0

A:
1.08391,1.08831,1.08311,1.08957,1.05963,1.09201,1.08427,1.08525,1.08678,1.08418,1.09192,1.08984
1.08894,1.09374,1.08912,1.09074,1.08687,1.08177,1.08678,1.08061,1.08984,1.08516,1.08427,1.08382
1.0857,1.08115,1.09029,1.07637,1.08302,1.09392,1.09583,1.09129,1.08606,1.07207,1.08759,1.08507


B:
0.0123289,0.705301,6.60997,-0.683667,33.0218,4.47592,7.91989,4.62224,3.64465,7.1348,2.81243,2.77069
-0.968811,0.0432434,-1.78965,4.55297,2.90926,4.17002,2.55787,4.16372,1.24516,3.18604,4.66708,0.962709
1.6017,5.18153,1.91726,1.44218,8.42508,-1.43735,6.21677,-0.96751,-2.42384,6.32887,9.63858,10.6478


========================================================
Test10 (ADC Calibration) results 2008-07-28 12:22:42
Board ID100 36 channels
Linux calibration software

Voltmeter channel: A=1.07, B=0

A:
1.08382,1.08849,1.08337,1.08948,1.08615,1.09219,1.08454,1.08516,1.0866,1.08445,1.09183,1.08975
1.08939,1.09401,1.08885,1.09083,1.08669,1.08186,1.08714,1.08088,1.09002,1.08588,1.08454,1.08409
1.08552,1.08124,1.0902,1.07646,1.08346,1.09401,1.09592,1.09165,1.08615,1.07224,1.08759,1.08507


B:
0.745998,0.973406,6.79517,0.0539489,9.00556,4.74609,7.88868,5.35636,4.46262,7.53773,3.55124,3.72555
-1.16959,0.666242,-0.449497,4.68762,3.945,4.30336,2.0073,3.91592,1.29549,2.95549,4.20137,1.14662
2.63664,5.74719,2.65462,2.22084,8.66306,-1.08401,6.13311,-1.08496,-1.85592,6.37972,10.7262,10.8648


