========================================================
Test10 (ADC Calibration) results 2014-01-19 19:51:39
Board IDXXX 30 channels
Host: ufcmshv1
Linux calibration software

Voltmeter channel: A=1.09534, B=7.90604

A:
1.12054,1.07961,1.08556,1.08258,1.07639,1.07657,1.10016,1.0842,1.08756,1.11459
1.1251,1.08538,1.10408,1.09249,1.12822,1.07408,1.07711,1.10035,1.09728,1.09396
1.0902,1.08366,1.08628,1.04913,1.06103,1.09194,1.08393,1.10147,1.09249,1.10203


B:
5.54525,11.3146,7.18706,7.74098,7.57821,7.41413,7.9556,8.20819,7.75899,7.69296
8.26453,6.91808,8.40327,8.29683,8.00142,6.26575,7.35338,7.78801,6.37254,7.40361
7.9704,6.75153,6.74259,9.14066,7.48648,7.92103,6.07069,7.00313,7.64111,6.94073


========================================================
Test10 (ADC Calibration) results 2014-03-14 17:56:50
Board ID253 30 channels
Host: ufcmshv1
Linux calibration software

Voltmeter channel: A=1.09258, B=1.6582

A:
1.0806,1.07997,1.07055,1.06852,1.08447,1.07311,1.07845,1.07943,1.08132,1.07524
1.07143,1.06931,1.0806,1.07791,1.07205,1.07435,1.07702,1.06993,1.08267,1.07684
1.07267,1.07293,1.0997,1.08006,1.0694,1.07099,1.0724,1.08411,1.07809,1.07408


B:
0.0400108,2.56352,1.82022,1.77752,1.88749,2.2286,1.59296,1.11591,1.75565,2.40496
1.85696,2.96552,2.84967,2.95043,2.56953,1.50783,1.83483,0.895082,2.02877,2.4303
1.99484,1.53432,1.55574,2.91295,1.38651,2.69549,2.02686,1.78554,2.13848,0.465405


