========================================================
Test11 (ADC Calibration) results 2014-01-19 20:02:00
Board IDXXX 30 channels
Host: ufcmshv1
Linux calibration software

Calibration DAC Range: [1000 - 3500]

A:
0.7212,0.7496,0.7452,0.7468,0.7508,0.7516,0.7348,0.7456,0.744,0.7256
0.7188,0.7452,0.7328,0.7404,0.7164,0.7528,0.7504,0.7344,0.7364,0.7388
0.7412,0.746,0.744,0.7724,0.7616,0.74,0.746,0.7336,0.7396,0.7336


B:
65.8,61.4,63.8001,65.2,65.2,65.3999,66.2001,64.4001,64.9999,67.4
64.2,66.8001,66.2,63.5999,65.5999,66.2,65.6,64.6001,66.6,65.2
65.8001,65,65.9999,64.5999,66.3999,66,66,67.3999,66.4,65.3999


========================================================
Test11 (ADC Calibration) results 2014-03-14 18:10:36
Board ID253 30 channels
Host: ufcmshv1
Linux calibration software

Calibration DAC Range: [1000 - 3500]

A:
0.746,0.7468,0.754,0.7544,0.7436,0.752,0.7476,0.7472,0.746,0.7504
0.7528,0.7548,0.7464,0.7484,0.7528,0.7516,0.7488,0.754,0.7448,0.7492
0.7524,0.752,0.7336,0.7484,0.754,0.7532,0.7524,0.7436,0.748,0.7516


B:
58,57.2,56,57.5999,57.4,58.0001,58.3999,58.8,57,58.6
57.2,56.1999,57.6,56.6001,56.2,57.3999,57.2001,57,58.2001,56.8
56.6001,58.0001,58.3999,57.6001,59,57.8,57.6001,59.4,57.9999,58.3999


