========================================================

Test10 results 02-01-2005  15:19:26
Board ID299  30 channels
HV Tests Software Ver.1.6

+5V 2565 - O'k
-5V 1301 - O'k
Interlock - On

Voltmeter channel: A=1.075847, B=9.682483

A:
Limits 1.1 +/- 0.1
1.056524,1.058201,1.06553,1.054296,1.058201,1.072961,1.058761,1.059883,1.064963,1.057082
1.057642,1.067236,1.054296,1.064396,1.058761,1.060445,1.06383,1.058761,1.061571,1.057642
1.058201,1.064963,1.055409,1.074114,1.066667,1.078167,1.071237,1.057082,1.059322,1.067236


B:
Limits 0.0 +/- 30.0
13.734803,12.698351,12.786509,12.651564,10.581949,15.021619,5.293845,13.778698,8.519632,4.228473
5.288031,12.806949,10.542971,11.708546,20.116503,12.725191,10.638327,5.293845,9.554155,10.576239
9.523747,6.389708,14.775787,7.518835,6.399792,7.547299,11.783437,12.685132,10.593349,9.605241
========================================================
Test10 (ADC Calibration) results 2007-07-18 13:26:48
Board ID299 30 channels
Linux calibration software

Voltmeter channel: A=1.0452, B=-1426.32

A:
1.0545,1.05796,1.06472,1.0519,1.05867,1.07194,1.05724,1.058,1.04073,1.05534
1.05583,1.067,1.05217,1.06268,1.05879,1.0608,1.06251,1.05672,1.05981,1.05603
1.05716,1.06426,1.05583,1.07303,1.04289,1.07642,1.07016,1.05517,1.05783,1.06393


B:
12.5499,7.24306,7.53589,11.1107,6.85058,11.1223,3.29935,12.7051,34.4047,1.18636
3.19775,6.83807,6.46937,10.4037,13.3907,8.53337,7.70909,4.23776,7.88523,8.39605
5.01,2.00384,8.19775,4.35913,25.2773,4.34656,7.51376,11.5884,6.52557,9.63162


========================================================
Test10 (ADC Calibration) results 2008-06-02 04:19:54
Board ID299 30 channels
Linux calibration software

Voltmeter channel: A=1.03514, B=-1394.93

A:
1.05529,1.05672,1.06522,1.05208,1.05903,1.07266,1.05731,1.05827,1.06107,1.05534
1.05583,1.06696,1.05294,1.06298,1.05879,1.06077,1.06228,1.05642,1.06018,1.05603
1.05735,1.06403,1.05623,1.07339,1.05294,1.05168,1.07108,1.05638,1.05781,1.06472


B:
10.4573,9.26795,5.82614,11.0857,8.37547,9.10028,3.20752,11.8971,14.1852,0.731125
4.19775,7.2812,5.47423,9.35368,12.3319,8.57263,8.40825,4.36795,6.74769,7.73993
5.3542,2.90244,6.62603,4.09131,20.9157,19.8095,5.23718,9.14252,7.16268,8.53589


========================================================
Test10 (ADC Calibration) results 2008-06-02 04:35:16
Board ID299 30 channels
Linux calibration software

Voltmeter channel: A=-0.000137741, B=5.85331

A:
0,0,0,0.00019802,0,0,0,0,-0.000197922,0
0,0,0,0,0,0,0,0,-9.89608e-05,0
0,0,0,-0.00049776,0,0,-0.00118694,9.90098e-05,0.000197922,0


B:
0,4,0,5.14119,0,0,0,0,3.65849,0
7,4,4.8,0,3.2,0,0,0,7.32914,0
0,0,0,2.6451,5,0,3.94659,3.8704,4.14191,0


========================================================
Test10 (ADC Calibration) results 2008-06-16 13:15:45
Board ID299 30 channels
Linux calibration software

Voltmeter channel: A=1.07, B=0

A:
1.05812,1.06019,1.0682,1.05545,1.06253,1.07482,1.06027,1.06131,1.06435,1.05855
1.05837,1.06934,1.05562,1.06584,1.06174,1.06374,1.06557,1.05993,1.06313,1.05906
1.06027,1.06592,1.05837,1.07527,1.05708,1.05545,1.07367,1.05889,1.06148,1.06732


B:
10.6623,7.87775,7.21465,10.6192,6.96363,11.1616,3.34383,12.1315,12.7064,0.944591
5.34051,8.93289,6.02524,9.62531,12.5778,7.31532,7.73762,3.66895,6.82061,8.50535
4.6161,5.28026,8.51563,6.45145,17.5477,16.7409,6.85498,9.93707,5.38914,9.52393


========================================================
Test10 (ADC Calibration) results 2008-06-17 07:08:50
Board ID299 30 channels
Linux calibration software

Voltmeter channel: A=1.07, B=0

A:
1.07015,1.07207,1.0807,1.0678,1.07479,1.08732,1.07286,1.07338,1.07655,1.07093
1.07085,1.08186,1.0678,1.07787,1.07364,1.0761,1.07787,1.07198,1.07549,1.0712
1.07268,1.07831,1.07059,1.08831,1.06902,1.06754,1.08624,1.07085,1.07329,1.07964


B:
10.0524,7.40094,5.81023,9.89511,5.93542,10.1039,1.30044,11.1112,12.0425,-0.3194
3.40388,7.54894,4.98337,9.09099,12.5841,5.77906,6.71973,2.98014,5.49364,8.00368
3.18099,3.72062,6.86138,4.18783,17.0951,15.4767,5.22957,8.97223,5.18229,8.09535


