========================================================

Test10 results 12-08-2005  16:12:49
Board ID134  36 channels
HV Tests Software Ver.1.6

+5V 2501 - O'k
-5V 1336 - O'k
Interlock - On

Voltmeter channel: A=1.077586, B=9.698398

A:
Limits 1.1 +/- 0.1
1.085187,1.078749,1.085187,1.077586,1.068947,1.069519,1.073537,1.068947,1.077006,1.081666,1.077006,1.071237
1.071237,1.084599,1.083424,1.075847,1.079914,1.077586,1.068376,1.075269,1.071811,1.074114,1.085776,1.089918
1.075847,1.080497,1.078749,1.075269,1.083424,1.084599,1.075269,1.074691,1.074691,1.078167,1.077586,1.075847


B:
Limits 0.0 +/- 35.0
13.02224,15.102291,10.851865,19.396673,13.896351,13.90386,13.95582,17.103191,14.000859,16.225027,12.923853,14.997149
20.353334,9.761528,17.334793,17.213413,17.278584,12.931156,16.025656,13.978319,15.005518,18.259974,13.02932,17.438694
13.985871,16.207464,16.18104,12.903049,14.084522,9.761528,16.128857,11.821486,13.970869,19.407137,14.008742,13.985871
========================================================
Test10 (ADC Calibration) results 2008-03-31 15:39:13
Board ID134 36 channels
Linux calibration software

Voltmeter channel: A=1.07636, B=14.8818

A:
1.08587,1.07931,1.08522,1.07861,1.06862,1.07027,1.07397,1.06798,1.07705,1.08285,1.07758,1.07074
1.06838,1.08335,1.08422,1.07578,1.08174,1.0773,1.06808,1.07497,1.07191,1.07528,1.08491,1.08829
1.07518,1.08214,1.08113,1.07524,1.08396,1.08416,1.07659,1.07619,1.07524,1.07986,1.0784,1.07612


B:
9.312,10.7507,9.02073,14.09,11.7184,9.54932,10.7896,16.7363,9.58634,9.73758,8.45799,13.54
26.4872,10.2784,10.6247,13.3778,10.1141,11.2023,15.0167,12.6322,12.0005,13.1719,12.4894,15.1775
12.3754,10.7189,11.7214,11.4457,9.64081,6.31992,12.7017,6.93935,10.2458,10.8993,10.1406,10.0189


========================================================
Test10 (ADC Calibration) results 2008-03-31 17:02:14
Board ID134 36 channels
Linux calibration software

Voltmeter channel: A=1.07677, B=14.134

A:
1.08642,1.07931,1.08522,1.07816,1.06862,1.06963,1.07461,1.06768,1.0777,1.08335,1.07778,1.07118
1.06872,1.0837,1.08476,1.07673,1.08174,1.07665,1.06764,1.07562,1.07191,1.07538,1.08545,1.0887
1.07518,1.08119,1.08048,1.07554,1.08396,1.08511,1.0665,1.07608,1.0751,1.07901,1.07805,1.07548


B:
7.72671,11.151,9.02073,14.6532,11.7184,11.4348,8.89766,17.1201,8.76656,9.29487,8.60011,13.1792
25.3902,10.2374,8.84276,11.0938,10.1141,13.4991,15.3692,11.8134,12.0005,13.0435,10.5039,14.2646
12.3754,13.8074,13.6242,11.0616,9.64081,4.91192,20.3474,7.06816,9.62206,12.5767,13.5743,10.8392


========================================================
Test10 (ADC Calibration) results 2008-06-09 20:18:55
Board ID134 36 channels
Linux calibration software

Voltmeter channel: A=1.07677, B=14.134

A:
1.08829,1.08022,1.08633,1.07992,1.07118,1.0709,1.07373,1.06862,1.07845,1.08602,1.07808,1.07104
1.06576,1.0838,1.07296,1.07663,1.08224,1.07941,1.06804,1.07474,1.07417,1.07612,1.08652,1.08079
1.07625,1.0822,1.09062,1.07619,1.08481,1.08476,1.06646,1.07615,1.07619,1.07887,1.07907,1.07598


B:
9.33611,12.1982,8.21458,15.0228,8.39274,11.0117,10.0197,14.8556,6.73933,7.21419,7.13447,13.5535
27.4203,9.82496,28.3071,11.2228,9.47294,10.5051,15.0601,13.1366,8.65899,12.2189,10.3386,22.1201
12.8126,11.4431,12.0461,10.1679,7.87294,5.95143,20.7902,6.98857,9.16791,13.8348,10.2958,10.1966


========================================================
Test10 (ADC Calibration) results 2008-06-09 20:49:38
Board ID134 36 channels
Linux calibration software

Voltmeter channel: A=1.0775, B=12.7906

A:
1.08829,1.08063,1.08558,1.07982,1.0702,1.071,1.07363,1.06808,1.0777,1.08547,1.07808,1.07084
1.0665,1.0838,1.07719,1.07619,1.08109,1.07867,1.06794,1.07514,1.07397,1.07528,1.08682,1.08018
1.07655,1.08244,1.09037,1.0751,1.08426,1.08432,1.0667,1.07615,1.07564,1.07941,1.07897,1.07608


B:
9.33611,10.886,9.564,15.5508,11.1097,10.8834,11.4216,16.6083,8.08877,9.1979,7.13447,14.2114
25.4139,9.82496,17.4993,12.8632,13.2166,12.9333,14.3193,13.0237,9.31533,15.1719,9.95085,23.0891
12.6274,11.734,12.561,12.6221,9.65492,6.71806,20.024,6.98857,9.85786,12.0638,9.34497,10.2681


========================================================
Test10 (ADC Calibration) results 2008-06-17 15:59:18
Board ID134 36 channels
Linux calibration software

Voltmeter channel: A=1.07, B=0

A:
1.10587,1.09746,1.10271,1.09709,1.08782,1.08791,1.09089,1.08647,1.09426,1.1041,1.09471,1.08827
1.08387,1.10105,1.09398,1.09326,1.0981,1.09682,1.08521,1.09189,1.0899,1.09226,1.10373,1.09572
1.09408,1.09911,1.10736,1.09216,1.10096,1.10179,1.08396,1.09344,1.09289,1.09544,1.09599,1.09326


B:
9.63933,12.2146,9.63407,15.1824,10.552,11.3394,9.90513,11.1431,9.87863,8.59042,8.366,13.4016
22.6433,10.2662,17.3496,12.3271,12.7274,10.8249,13.8204,12.4823,11.9094,14.1159,11.7979,23.2235
11.5774,12.467,12.9376,12.6696,10.5706,6.28827,18.443,6.91213,10.4739,14.9264,10.9199,11.8896


========================================================
Test10 (ADC Calibration) results 2008-07-16 21:23:30
Board ID134 36 channels
Linux calibration software

Voltmeter channel: A=1.07, B=0

A:
1.10683,1.09912,1.10441,1.09864,1.08889,1.08889,1.09143,1.08692,1.09521,1.10663,1.0955,1.08879
1.08496,1.10152,1.09483,1.09398,1.09903,1.09797,1.08589,1.09294,1.08964,1.09322,1.10518,1.09493
1.0955,1.10008,1.10625,1.09303,1.10219,1.10209,1.08477,1.09483,1.0937,1.09673,1.09778,1.07535


B:
8.32939,10.7006,7.65225,14.6517,9.57036,11.0951,10.0693,11.8172,9.00339,7.84166,7.86593,12.9232
21.2162,10.0599,16.5773,11.8835,12.546,9.98865,13.1974,11.0866,12.3657,13.2321,10.7066,20.8707
10.7144,12.0286,12.3967,11.656,8.78642,6.00816,17.6984,4.97193,9.51841,13.5327,9.06484,28.2686


