========================================================

Test11 results 12-08-2005  16:23:30
Board ID134  36 channels
HV Tests Software Ver.1.6

+5V 2501 - O'k
-5V 1337 - O'k
Interlock - On
Calibration DAC Range: [2500 - 2900]


A:
Limits 0.76 +/- 0.04
0.742115,0.749064,0.743494,0.75188,0.754717,0.754717,0.750469,0.756144,0.750469,0.746269,0.750469,0.756144
0.753296,0.743494,0.746269,0.753296,0.747664,0.749064,0.756144,0.754717,0.753296,0.750469,0.744879,0.742115
0.747664,0.747664,0.750469,0.750469,0.746269,0.744879,0.750469,0.750469,0.749064,0.749064,0.75188,0.750469


B:
Limits 60.0 +/- 40.0
65.15287,58.807533,67.217529,47.14909,60.941696,60.326828,63.461044,55.574818,55.819489,57.879467,51.858822,46.245781
55.562023,60.616837,49.213387,44.936436,57.022465,60.254089,61.130516,44.971767,58.791668,57.987164,52.242493,52.866665
68.611435,55.487347,50.24044,61.847973,54.800381,63.48151,56.372261,61.847973,67.162811,56.384781,65.867332,56.372261
========================================================
Test11 (DAC Calibration) results 2008-03-31 15:39:13
Board ID134 36 channels
Linux calibration software
Calibration DAC Range: [1100 - 2700]

A:
0.743425,0.747943,0.743494,0.748433,0.75543,0.754646,0.751668,0.755501,0.749134,0.745504,0.749906,0.753935
0.755216,0.745157,0.744186,0.750399,0.746269,0.749344,0.75543,0.750962,0.752729,0.750751,0.744463,0.741771
0.750821,0.74599,0.746687,0.750399,0.74474,0.744602,0.749836,0.750117,0.750399,0.747943,0.752375,0.750539


B:
63.8136,67.5394,71.0036,63.4204,64.306,64.6259,65.8554,63.4527,66.4948,65.0917,60.93,59.721
54.4796,60.6556,63.3488,60.6977,66.418,63.9568,69.594,63.6722,65.45,62.4624,58.4961,62.7075
63.8667,65.1623,63.599,66.7009,64.3641,70.0671,62.8269,66.3386,67.6014,65.2955,69.2467,63.5051


========================================================
Test11 (DAC Calibration) results 2008-03-31 17:02:14
Board ID134 36 channels
Linux calibration software
Calibration DAC Range: [1100 - 2700]

A:
0.743425,0.747943,0.743494,0.748363,0.75543,0.754717,0.751597,0.755715,0.749064,0.745156,0.749766,0.754006
0.755358,0.745295,0.744186,0.750117,0.746269,0.749415,0.755358,0.750892,0.752729,0.75068,0.744463,0.741496
0.750821,0.746269,0.746756,0.750188,0.74474,0.744325,0.756931,0.750188,0.750117,0.748153,0.752233,0.75061


B:
63.665,67.2401,71.0036,63.5173,64.306,64.5283,65.9527,63.1588,66.5917,65.4249,60.8248,59.4721
53.9797,60.1641,63.3488,61.0877,66.418,63.5598,69.8423,63.7694,65.45,62.5598,58.645,63.3886
63.8667,64.1792,63.5023,66.9918,64.3641,70.5992,56.9495,66.2416,68.5889,64.5563,67.1838,63.4079


