========================================================

Test10 results 09-25-2006  17:24:21
Board ID032  36 channels
HV Tests Software Ver.1.6.8

+5V 2554 - O'k
-5V 1313 - O'k
Interlock - On
Number of Samples: 400

Voltmeter channel: A=1.072961, B=13.948658

A:
Limits 1.1 +/- 0.1
1.070091,1.075847,1.066098,1.079331,1.075269,1.076426,1.074114,1.072961,1.073537,1.074691,1.070664,1.071237
1.081081,1.067236,1.079914,1.068947,1.071811,1.078167,1.071237,1.071237,1.082251,1.072386,1.079331,1.076426
1.075847,1.071811,1.073537,1.069519,1.070664,1.090513,1.080497,1.077586,1.068376,1.070664,1.078749,1.078167


B:
Limits 0.0 +/- 30.0
9.630627,5.379094,4.264344,3.23804,4.300899,3.229268,4.296494,12.875696,9.661671,9.672105,5.353326,6.42725
6.486665,8.538006,10.799102,6.413721,15.005518,9.703633,11.783437,3.213538,4.329042,6.434438,3.23804,9.687826
2.151552,9.646461,4.293984,9.625785,9.635981,7.633686,8.643984,5.388053,9.6154,13.918636,10.787296,12.938135
========================================================
Test10 (ADC Calibration) results 2007-11-01 15:09:35
Board ID32 36 channels
Linux calibration software

Voltmeter channel: A=1.0695, B=16.38

A:
1.06909,1.07373,1.06381,1.07723,1.07211,1.0744,1.07147,1.07191,1.07128,1.07231,1.06811,1.06835
1.08034,1.06549,1.07784,1.06707,1.07057,1.07665,1.0702,1.06858,1.07964,1.0704,1.07705,1.07409
1.07332,1.07097,1.071,1.06744,1.06963,1.09082,1.07853,1.07833,1.06583,1.06868,1.07755,1.07665


B:
1.87738,0.0400658,-1.2459,-3.55411,-0.737129,-5.04905,-0.841299,4.04989,2.76731,2.67582,-0.129312,1.37926
0.000806093,0.653157,3.43129,0.351388,7.75233,4.82591,4.08847,-1.52918,-1.57243,2.00826,-2.66156,4.08718
-2.6937,0.503058,-1.31058,3.47265,1.45105,1.02732,2.69133,-0.0230845,3.87849,6.54153,-2.87212,3.73261


========================================================
Test10 (ADC Calibration) results 2008-06-17 15:59:19
Board ID032 36 channels
Linux calibration software

Voltmeter channel: A=1.07, B=0

A:
1.08557,1.09126,1.08039,1.09398,1.08972,1.09117,1.08863,1.08954,1.08764,1.08954,1.08494,1.08575
1.09654,1.08173,1.09499,1.08342,1.08791,1.09398,1.08746,1.0853,1.09709,1.08539,1.09444,1.09117
1.08999,1.08503,1.08782,1.08423,1.08548,1.10774,1.09535,1.0938,1.08315,1.08638,1.09344,1.09298


B:
1.67408,-1.63066,-1.08584,-2.84152,-2.16744,-4.16529,-1.38034,2.14017,4.54238,2.79413,0.30318,0.63918
0.715867,2.64317,4.5531,1.28382,5.59846,3.50377,2.09891,-1.54907,-2.20252,4.01152,-3.70086,3.69105
-2.41908,4.56003,-0.845006,3.13749,2.62583,2.61875,2.46556,-1.79816,2.61592,5.4876,4.88037,6.39098


========================================================
Test10 (ADC Calibration) results 2008-07-15 19:51:42
Board ID032 36 channels
Linux calibration software

Voltmeter channel: A=1.07, B=0

A:
1.08548,1.09126,1.08057,1.09453,1.08999,1.09126,1.08881,1.08999,1.08737,1.08972,1.08999,1.08575
1.09645,1.08199,1.09526,1.08378,1.08818,1.09408,1.08764,1.08548,1.09718,1.08728,1.09471,1.09098
1.09053,1.0853,1.088,1.08414,1.08584,1.10839,1.0959,1.09344,1.08351,1.08656,1.09353,1.09335


B:
1.75739,-0.976193,-1.46794,-4.44168,-2.20114,-4.24996,-1.76573,2.15881,5.00935,2.62707,9.57079,1.29087
0.580872,2.17824,4.08296,0.95137,5.56693,3.63853,2.14962,-1.93301,-2.50635,0.525932,-3.95406,4.73058
-3.35895,4.09445,-1.01218,3.65447,2.51048,2.46768,2.4008,-2.33643,2.2842,5.32169,4.79634,6.05698


========================================================
Test10 (ADC Calibration) results 2008-07-16 21:23:30
Board ID032 36 channels
Linux calibration software

Voltmeter channel: A=1.07, B=0

A:
1.08645,1.09218,1.08124,1.09493,1.09058,1.09171,1.08917,1.09039,1.08851,1.09039,1.09049,1.08664
1.09712,1.08254,1.09578,1.08421,1.08898,1.09464,1.08832,1.08617,1.0974,1.08776,1.09521,1.09199
1.09086,1.08589,1.08842,1.08533,1.08626,1.10896,1.09645,1.09426,1.08403,1.08692,1.09398,1.09389


B:
0.641998,-2.48738,-1.88093,-4.37106,-2.96703,-4.45262,-1.87706,2.0054,3.30371,2.0054,9.5514,-0.400718
-0.0303687,1.67031,3.60514,0.765786,5.04873,3.77403,1.08284,-2.79083,-2.04898,-0.13757,-4.19617,3.14733
-3.22896,2.89957,-1.18091,2.11487,2.11896,1.50325,1.89771,-2.44409,1.80597,4.99111,4.3828,5.34512


