========================================================

Test10 results 03-31-2005  13:33:28
Board ID041  36 channels
HV Tests Software Ver.1.6

+5V 2501 - O'k
-5V 1311 - O'k
Interlock - On

Voltmeter channel: A=1.073537, B=10.735209

A:
Limits 1.1 +/- 0.1
1.068947,1.071811,1.067806,1.068376,1.070091,1.072961,1.059883,1.069519,1.068376,1.075847,1.074114,1.073537
1.070091,1.071237,1.071237,1.066667,1.067236,1.078167,1.066098,1.077586,1.071811,1.067806,1.063264,1.070091
1.06383,1.075847,1.064396,1.081081,1.070664,1.070091,1.077006,1.075847,1.068947,1.072386,1.077586,1.075269


B:
Limits 0.0 +/- 30.0
2.137933,10.718273,12.813711,1.068391,4.280172,8.583851,16.958347,20.320972,-2.136737,9.682483,-1.074076,7.514596
13.910991,3.213538,4.284775,7.466458,8.538006,4.312799,5.330442,9.698398,8.57465,8.542488,10.632531,4.280172
-1.063801,-0.000143,6.386566,15.135313,8.565317,8.560535,16.154871,18.289261,9.620563,4.289666,12.931156,5.376168
========================================================
Test10 (ADC Calibration) results 2007-09-20 11:08:08
Board ID41 36 channels
Linux calibration software

Voltmeter channel: A=1.0686, B=17.4988

A:
1.0672,1.07219,1.06834,1.06784,1.06918,1.07299,1.06051,1.06964,1.06683,1.07597,1.07329,1.07225
1.07078,1.07152,1.07068,1.06606,1.06757,1.07631,1.06596,1.07681,1.07496,1.06837,1.06318,1.06908
1.06349,1.0758,1.06399,1.08177,1.06954,1.07018,1.07687,1.07637,1.06844,1.07202,1.07824,1.07423


B:
0.376017,5.32637,7.66272,-1.30888,3.44639,5.0243,11.8474,15.1257,-3.88315,3.99147,-4.03526,4.73312
8.6807,-0.833858,-0.144345,4.64099,3.44241,4.10024,1.6321,9.37941,6.47273,3.35047,7.60807,3.51337
-2.579,-4.17955,3.81008,9.8462,8.26246,5.16856,13.8999,13.3554,7.07635,0.963353,6.39645,3.68328


========================================================
Test10 (ADC Calibration) results 2008-06-17 15:59:19
Board ID041 36 channels
Linux calibration software

Voltmeter channel: A=1.07, B=0

A:
1.08434,1.08901,1.08568,1.08344,1.08523,1.09,1.07723,1.08793,1.0838,1.09336,1.09,1.08955
1.08775,1.08775,1.08793,1.083,1.08487,1.09391,1.08255,1.09418,1.09127,1.08443,1.08157,1.08577
1.08033,1.09245,1.08015,1.09811,1.0864,1.0864,1.09445,1.09363,1.08514,1.08946,1.09491,1.09227


B:
1.39747,5.10117,6.00794,1.14728,2.51647,3.52802,10.6113,13.0642,-3.73786,3.48482,-3.012,5.03573
8.22596,1.04698,-0.208474,4.37999,3.71756,2.98073,1.9802,7.10524,6.72071,4.56743,3.75996,3.10187
-3.72185,-3.32361,4.65385,11.6204,7.08068,6.21151,12.3268,11.7633,6.94054,-0.327962,7.96847,2.08776


========================================================
Test10 (ADC Calibration) results 2008-07-16 21:23:30
Board ID041 36 channels
Linux calibration software

Voltmeter channel: A=1.07, B=0

A:
1.08479,1.08937,1.08647,1.08386,1.08572,1.09031,1.07822,1.08881,1.08451,1.0938,1.09031,1.0905
1.08806,1.08919,1.08881,1.08396,1.08554,1.09466,1.08312,1.09513,1.09144,1.08544,1.08303,1.08656
1.08108,1.09286,1.0809,1.09865,1.08694,1.08684,1.09551,1.09466,1.08582,1.08966,1.09561,1.09258


B:
0.322479,4.54745,4.84151,0.322822,1.62511,3.67829,9.03764,12.0365,-5.49007,3.07527,-3.5175,3.06816
7.93768,-1.16054,-1.24698,2.6212,3.10121,2.06953,1.66629,5.79355,6.34461,2.53654,2.1866,1.7125
-4.8651,-3.70248,3.52396,10.6881,6.58259,5.58225,10.4843,10.6079,5.23035,-0.289618,6.89135,2.02345


========================================================
Test10 (ADC Calibration) results 2008-07-19 11:34:37
Board ID041 36 channels
Linux calibration software

Voltmeter channel: A=1.07, B=0

A:
1.08526,1.08937,1.08582,1.08368,1.08507,1.09022,1.07776,1.08834,1.0847,1.09409,1.09069,1.09003
1.08778,1.08881,1.08834,1.08405,1.08563,1.09485,1.0833,1.09504,1.09144,1.08489,1.08238,1.08656
1.08108,1.09305,1.08071,1.09913,1.08694,1.08666,1.09504,1.09456,1.0861,1.08947,1.09551,1.09258


B:
-0.762491,4.32975,5.66457,0.713469,1.58124,3.76548,10.112,12.6849,-5.66465,2.37533,-4.30445,3.93935
8.19701,-0.593467,0.0600259,2.53451,2.36345,1.23801,1.27656,5.88082,5.68952,3.49065,2.79172,1.7125
-4.8651,-4.31554,3.91241,9.37341,5.9302,6.18973,11.5753,10.4759,4.97065,-0.115284,7.19774,2.02345


========================================================
Test10 (ADC Calibration) results 2008-07-19 14:46:21
Board ID041 36 channels
Linux calibration software

Voltmeter channel: A=1.07, B=0

A:
1.08535,1.08919,1.08572,1.08377,1.08507,1.08994,1.07785,1.08853,1.08423,1.0938,1.09041,1.09022
1.08759,1.08872,1.0889,1.08377,1.08544,1.09447,1.08293,1.09485,1.0906,1.08516,1.08266,1.08656
1.0808,1.09286,1.0808,1.09875,1.08703,1.08722,1.09513,1.09437,1.08572,1.08966,1.09542,1.09286


B:
-0.849743,4.93874,5.75091,0.410175,1.7982,4.02614,9.16413,12.0772,-4.14415,2.41877,-3.82357,3.54749
8.36936,-0.288778,-1.76972,3.01111,3.18791,1.80689,1.83957,6.27414,6.90715,3.23098,2.53253,1.2781
-4.38772,-3.70248,3.61012,10.1614,5.84407,4.80131,11.0502,10.6494,5.968,-0.725373,7.50413,1.32439


========================================================
Test10 (ADC Calibration) results 2008-07-20 08:08:59
Board ID041 36 channels
Linux calibration software

Voltmeter channel: A=1.07, B=0

A:
1.08461,1.08947,1.086,1.08395,1.08498,1.09031,1.07795,1.08844,1.08442,1.0939,1.09078,1.09031
1.08769,1.08834,1.0889,1.08349,1.08554,1.09475,1.08293,1.09494,1.09144,1.08535,1.08238,1.08656
1.08127,1.09286,1.08108,1.09884,1.08675,1.08712,1.09504,1.09428,1.0861,1.08956,1.0957,1.09305


B:
0.712808,4.24259,5.27445,0.236674,2.10179,3.24239,9.07898,12.5989,-4.96926,2.33137,-3.95552,3.89668
8.50123,-0.157589,-1.55211,3.48704,2.66722,1.76323,1.62304,5.96826,5.90775,2.84035,2.79172,1.7125
-5.47136,-3.70248,2.91863,10.0742,6.75525,5.1052,11.5753,11.1739,4.75348,-0.202276,6.80482,1.14969


========================================================
Test10 (ADC Calibration) results 2008-07-20 17:40:55
Board ID041 36 channels
Linux calibration software

Voltmeter channel: A=1.07, B=0

A:
1.08507,1.08947,1.08638,1.08405,1.08489,1.09022,1.07776,1.08862,1.08423,1.09409,1.09097,1.0905
1.08778,1.0889,1.08872,1.08377,1.08544,1.09447,1.0833,1.09494,1.09097,1.08526,1.08266,1.08638
1.08108,1.09286,1.08053,1.09846,1.08694,1.08722,1.09523,1.09475,1.08572,1.08975,1.09542,1.09286


B:
-0.37194,4.24259,4.05923,-0.284118,2.18846,3.3295,9.68071,12.2088,-4.57774,2.37533,-4.78561,3.06816
8.19701,-1.11627,-1.37749,2.79441,2.75357,2.02573,1.05995,6.18707,6.77853,3.14416,2.31579,2.1037
-4.64893,-3.48408,4.0845,10.8617,6.36526,5.01858,10.9638,10.0834,5.75091,-0.813103,7.72316,1.32439


========================================================
Test10 (ADC Calibration) results 2008-07-24 12:08:22
Board ID041 36 channels
Linux calibration software

Voltmeter channel: A=1.07, B=0

A:
1.0847,1.08928,1.08535,1.08386,1.08516,1.09013,1.07749,1.08844,1.08405,1.09352,1.09022,1.09003
1.08731,1.08862,1.08825,1.08368,1.08544,1.09418,1.08312,1.09494,1.09163,1.08526,1.0821,1.08619
1.08099,1.09295,1.08071,1.09837,1.08703,1.08675,1.09466,1.09418,1.08544,1.08937,1.0958,1.09248


B:
0.409774,4.19864,5.44547,0.322822,1.49461,3.41626,9.93717,12.1636,-4.18653,2.68092,-3.64819,3.72139
8.19366,-0.201761,-0.723846,2.66375,2.53654,2.28807,1.23315,5.74932,5.51576,2.92716,2.83447,2.0597
-4.99406,-4.22755,3.69633,10.7296,5.84407,5.6685,11.4837,10.8227,6.22694,-0.027745,6.27896,1.67397


========================================================
Test10 (ADC Calibration) results 2009-01-15 16:30:15
Board ID041 36 channels
Host: ufcmshv3
Linux calibration software

Voltmeter channel: A=1.03834, B=5.68679

A:
1.03536,1.04426,1.04687,1.02848,1.0446,1.0395,1.03216,1.04485,1.04033,1.05323,1.06062,1.04409
1.0446,1.04108,1.03404,1.03677,1.05161,1.04033,1.04401,1.03281,1.064,1.04678,1.06209,1.03429
1.03792,1.06549,1.06105,1.03718,1.03306,1.03372,1.05717,1.04067,1.02629,1.04259,1.04611,1.03462


B:
1.70423,4.40188,4.2199,1.13931,-1.34994,4.15795,6.24047,9.69306,-3.50478,2.17145,-2.92111,5.18817
7.84255,-0.27228,-1.57493,3.46146,3.0741,2.94523,1.50942,7.26174,3.87942,4.30009,-1.33981,3.56411
-3.88025,-2.62267,5.37052,9.90873,6.6114,6.59993,10.913,9.91003,5.93639,0.785592,7.6606,2.62651


