========================================================

Test11 results 03-31-2005  13:34:48
Board ID041  36 channels
HV Tests Software Ver.1.6

+5V 2500 - O'k
-5V 1311 - O'k
Interlock - On
Calibration DAC Range: [2500 - 2900]


A:
Limits 0.76 +/- 0.04
0.750469,0.749064,0.754717,0.754717,0.753296,0.75188,0.759013,0.75188,0.754717,0.747664,0.747664,0.750469
0.75188,0.749064,0.750469,0.753296,0.754717,0.746269,0.75188,0.744879,0.749064,0.754717,0.759013,0.753296
0.757576,0.746269,0.754717,0.742115,0.749064,0.75188,0.744879,0.747664,0.753296,0.749064,0.747664,0.747664


B:
Limits 60.0 +/- 30.0
65.786102,62.795895,52.786846,53.592785,54.485046,50.686741,56.11227,52.506966,55.204483,59.92532,69.157761,58.535542
58.31329,67.352455,63.73349,59.573105,55.204483,60.48011,71.328369,60.149014,66.009041,55.297531,47.143089,57.526737
58.285088,69.159676,67.501801,56.696636,69.758385,59.02919,56.135651,54.937,60.933853,66.812233,65.814812,60.567661
========================================================
Test11 (DAC Calibration) results 2007-09-20 11:08:08
Board ID41 36 channels
Linux calibration software
Calibration DAC Range: [1100 - 2700]

A:
0.753012,0.749134,0.751456,0.752941,0.751244,0.748573,0.757002,0.750539,0.75365,0.74613,0.748363,0.748713
0.750117,0.749977,0.750188,0.753438,0.752375,0.746269,0.753509,0.745921,0.746826,0.751809,0.755858,0.751315
0.755644,0.746617,0.754148,0.742873,0.75061,0.750539,0.745504,0.745851,0.751385,0.748503,0.749064,0.748083


B:
63.8555,67.0942,68.251,66.2117,66.8889,66.52,67.449,61.8539,64.9365,71.8335,72.4977,71.2682
68.5889,68.7823,71.1925,63.5715,68.4944,66.418,71.4608,61.6784,69.9777,70.1719,61.6024,68.4448
69.302,73.4017,74.0575,59.2348,69.4128,68.0083,58.8298,65.6535,72.706,73.8024,67.0412,65.4013


========================================================
Test11 (ADC Calibration) results 2008-06-17 18:39:44
Board ID041 36 channels
Linux calibration software

Calibration DAC Range: [1000 - 3500]

A:
0.7408,0.7368,0.74,0.7412,0.7396,0.7364,0.7452,0.7376,0.7416,0.734,0.7364,0.7364
0.7384,0.738,0.738,0.7416,0.74,0.7344,0.7416,0.734,0.7356,0.7404,0.7432,0.7396
0.7436,0.7352,0.7432,0.7316,0.7384,0.7388,0.7332,0.734,0.7396,0.7368,0.7372,0.736


B:
64.1999,69.2,68,66.8001,68.4,68.6,68.8001,64.3999,65.4001,72.9999,72.6,72.6
68.6001,69.0001,72.0001,63.4001,69,66.6001,72.4001,62.9999,69.4,70.5999,63.8,68.4
70.4,72.8,72.8,58.4,71.6001,68.2,59.8,66.9999,73.4,74.2,66.7999,66


