========================================================

Test10 results 03-23-2006  17:40:58
Board ID418  30 channels
HV Tests Software Ver.1.6

+5V 2493 - O'k
-5V 1302 - O'k
Interlock - On

Voltmeter channel: A=1.084011, B=7.588078

A:
Limits 1.1 +/- 0.1
1.085776,1.077006,1.074114,1.090513,1.087548,1.081666,1.082837,1.083424,1.088139,1.081081
1.083424,1.077006,1.078749,1.078749,1.080497,1.082837,1.086957,1.080497,1.081666,1.085776
1.082251,1.081081,1.089325,1.091703,1.074691,1.083424,1.081081,1.086366,1.075847,1.086957


B:
Limits 0.0 +/- 35.0
9.771991,10.769841,7.518835,6.543173,8.700525,7.571701,4.331523,4.33371,5.440646,6.486665
7.583981,14.000859,7.55105,5.393553,7.563487,10.828545,10.869641,10.804978,10.816698,7.600438
11.9048,7.567746,7.625365,7.64192,10.746796,11.917675,7.567746,6.518373,9.682483,7.608772
========================================================
Test10 (ADC Calibration) results 2008-06-02 10:43:56
Board ID418 30 channels
Linux calibration software

Voltmeter channel: A=1.07929, B=-1413.5

A:
1.08783,1.07716,1.07457,1.09102,1.08834,1.08174,1.0824,1.08295,1.0893,1.08028
1.0843,1.0781,1.07917,1.08016,1.08059,1.08319,1.08698,1.08232,1.08319,1.08466
1.08224,1.08224,1.09076,1.09345,1.07518,1.08577,1.08123,1.08607,1.07716,1.08884


B:
5.04476,8.93191,3.54901,4.31339,4.97238,6.05149,3.19805,4.26289,1.69123,6.39927
4.15754,9.22819,5.57943,2.19231,5.93177,8.80127,8.34894,8.13245,6.35003,7.37875
10.5683,6.05044,4.75199,2.57304,6.54841,6.95469,6.94286,6.91047,8.08622,3.19067


