========================================================

Test11 results 03-23-2006  17:42:46
Board ID418  30 channels
HV Tests Software Ver.1.6

+5V 2491 - O'k
-5V 1302 - O'k
Interlock - On
Calibration DAC Range: [2500 - 2900]


A:
Limits 0.76 +/- 0.04
0.742115,0.749064,0.750469,0.742115,0.743494,0.746269,0.746269,0.744879,0.743494,0.744879
0.743494,0.747664,0.749064,0.747664,0.747664,0.744879,0.740741,0.749064,0.746269,0.744879
0.743494,0.746269,0.740741,0.742115,0.749064,0.746269,0.744879,0.743494,0.750469,0.742115


B:
Limits 60.0 +/- 40.0
59.796814,55.495266,64.089119,52.866665,52.970062,57.724968,56.494061,62.519676,57.749954,70.184326
63.840763,62.340988,57.192364,61.864208,58.716938,53.5704,65.861641,47.733788,56.18779,53.786808
65.150955,61.758934,60.49398,62.858944,63.942715,52.300308,66.160233,60.101509,57.094147,62.145638
========================================================
Test11 (DAC Calibration) results 2008-06-02 10:43:56
Board ID418 30 channels
Linux calibration software
Calibration DAC Range: [1100 - 2700]

A:
0.742459,0.749064,0.751244,0.739919,0.742115,0.746269,0.745434,0.745434,0.741084,0.746896
0.744879,0.748783,0.747664,0.747733,0.746687,0.745643,0.742666,0.746617,0.745643,0.744255
0.745921,0.745921,0.740466,0.743149,0.750821,0.743494,0.746617,0.743287,0.749064,0.741771


B:
57.5869,57.3034,64.0341,61.8941,59.258,58.9553,61.6102,61.9083,65.4469,64.0556
59.8511,59.7903,62.243,60.501,63.599,50.7316,61.307,54.7363,59.8284,58.787
57.2029,61.3801,60.237,59.5912,59.3617,59.1077,60.7093,62.3712,59.5506,63.0042


