========================================================

Test10 results 03-31-2005  15:23:33
Board ID025  36 channels
HV Tests Software Ver.1.6

+5V 2540 - O'k
-5V 1329 - O'k
Interlock - On

Voltmeter channel: A=1.072961, B=5.364967

A:
Limits 1.1 +/- 0.1
1.066667,1.06553,1.072386,1.077586,1.074114,1.067806,1.076426,1.073537,1.06553,1.075269,1.075269,1.066667
1.066667,1.064396,1.068947,1.06553,1.071811,1.062699,1.070664,1.075847,1.077006,1.073537,1.075269,1.071811
1.06553,1.071237,1.067236,1.064396,1.06383,1.070664,1.067806,1.070091,1.067806,1.073537,1.074691,1.066667


B:
Limits 0.0 +/- 30.0
2.133125,7.458858,6.434438,9.698398,6.444721,9.610294,7.534973,7.514596,5.327799,7.526706,6.451437,10.666458
7.466458,5.32217,8.551615,8.524389,8.57465,5.313712,3.211998,9.682483,8.615829,8.588134,8.601974,11.790084
6.393329,7.498487,7.470769,7.450962,7.446837,8.565317,3.20346,7.490445,6.406877,6.441059,10.746796,8.533125
========================================================
Test10 (ADC Calibration) results 2007-09-21 10:56:41
Board ID25 36 channels
Linux calibration software

Voltmeter channel: A=1.07162, B=9.57151

A:
1.0652,1.06443,1.07269,1.07731,1.07296,1.06864,1.07556,1.074,1.0655,1.07513,1.07482,1.0662
1.0656,1.06406,1.06904,1.06543,1.07322,1.06128,1.06914,1.07523,1.07717,1.07356,1.07587,1.07161
1.06453,1.07185,1.0672,1.06453,1.06269,1.07185,1.06734,1.06981,1.06737,1.07285,1.07568,1.06663


B:
1.22376,5.14879,3.37408,6.9618,5.30648,4.79737,5.82409,3.71523,2.03335,4.51338,2.85057,8.06723
6.77368,2.13875,5.28131,6.39297,3.83953,5.11162,2.9452,8.45962,3.60484,4.33151,5.31287,9.11815
5.61971,2.47081,3.84751,3.75553,7.44568,2.19862,1.53912,5.15519,4.09554,5.21695,3.12828,3.84332


