========================================================

Test11 results 03-31-2005  15:25:01
Board ID025  36 channels
HV Tests Software Ver.1.6

+5V 2537 - O'k
-5V 1330 - O'k
Interlock - On
Calibration DAC Range: [2500 - 2900]


A:
Limits 0.76 +/- 0.04
0.753296,0.754717,0.749064,0.746269,0.749064,0.750469,0.749064,0.747664,0.754717,0.743494,0.749064,0.754717
0.753296,0.753296,0.75188,0.754717,0.747664,0.757576,0.753296,0.747664,0.750469,0.746269,0.749064,0.750469
0.754717,0.750469,0.753296,0.754717,0.754717,0.749064,0.753296,0.75188,0.75188,0.749064,0.750469,0.753296


B:
Limits 60.0 +/- 30.0
64.205063,57.246052,58.696342,47.684772,56.533459,64.983971,49.687828,62.815762,60.462811,70.07933,55.169014,53.316952
59.573105,69.628937,57.331772,54.121605,64.891914,56.37524,51.978352,53.250927,41.916573,66.261139,52.026825,54.890377
57.340023,58.996155,60.469296,59.278961,60.883839,63.342331,58.148903,54.115173,61.975399,54.925056,60.409332,57.162594
========================================================
Test11 (DAC Calibration) results 2007-09-21 10:56:41
Board ID25 36 channels
Linux calibration software
Calibration DAC Range: [1100 - 2700]

A:
0.753296,0.754219,0.748783,0.745573,0.748223,0.751244,0.746408,0.747873,0.753083,0.746338,0.746547,0.752587
0.753012,0.753721,0.750962,0.753509,0.747664,0.756072,0.750892,0.746269,0.745295,0.747803,0.746199,0.748783
0.754148,0.748994,0.75188,0.754148,0.755073,0.748993,0.752162,0.750047,0.752516,0.748293,0.750469,0.752658


B:
67.985,63.7032,62.9352,55.452,62.8133,64.7854,63.2395,65.093,69.7827,63.9333,66.7787,64.4403
64.6086,71.0195,64.4232,61.9665,65.2336,65.8444,63.7694,61.7912,63.2943,63.5447,64.4249,63.684
63.3486,66.5386,68.4211,63.9515,63.2846,65.9398,65.6263,63.4351,63.183,60.4714,64.3528,63.8911


