

========================================================
Test10 (ADC Calibration) results 2014-03-06 15:19:06
Board ID497 30 channels
Host: ufcmshv1
Linux calibration software

Voltmeter channel: A=1.10766, B=4.09652

A:
1.1166,1.07746,1.07099,1.07729,1.09802,1.08819,1.07979,1.07125,1.07881,1.07134
1.07037,1.07568,1.07178,1.07622,1.07284,1.07302,1.0815,1.07586,1.06984,1.08883
1.09979,1.06808,1.0924,1.07364,1.07222,1.07863,1.08411,1.07497,1.06923,1.08087


B:
1.44242,2.93078,2.90963,2.01812,1.97058,2.82654,2.08063,3.73498,3.42025,2.79609
3.9105,3.06941,3.6726,2.36081,3.76198,2.73994,1.59053,2.475,3.33054,3.55015
3.23105,3.25397,2.48078,3.02397,3.4775,4.66374,3.30359,3.9418,3.90254,3.24993


========================================================
Test10 (ADC Calibration) results 2014-03-06 15:39:29
Board ID497 30 channels
Host: ufcmshv1
Linux calibration software

Voltmeter channel: A=1.10775, B=4.01195

A:
1.1164,1.07755,1.07116,1.07693,1.09793,1.08838,1.07934,1.07116,1.07872,1.07125
1.07019,1.07586,1.07143,1.07604,1.07267,1.07284,1.08105,1.07568,1.06984,1.08874
1.10016,1.06791,1.09212,1.07346,1.07214,1.07872,1.08429,1.07515,1.06914,1.08132


B:
1.83662,2.84858,2.31739,2.99416,2.0544,2.65986,2.9256,4.24514,3.50247,2.87793
4.28773,2.90524,4.42869,3.17099,3.49687,3.11817,2.65245,2.85433,3.11663,3.63351
2.4548,3.20356,3.38636,3.40301,3.55939,4.79687,2.70396,3.56251,3.77045,2.62075


