========================================================

Test11 results 09-25-2006  21:28:12
Board ID340  30 channels
HV Tests Software Ver.1.6.8

+5V 2499 - O'k
-5V 1352 - O'k
Interlock - On
Calibration DAC Range: [2500 - 2900]
Number of Samples: 400

A:
Limits 0.76 +/- 0.04
0.75188,0.749064,0.75188,0.75188,0.753296,0.756144,0.750469,0.756144,0.750469,0.75188
0.750469,0.756144,0.75188,0.750469,0.750469,0.750469,0.750469,0.747664,0.743494,0.749064
0.750469,0.746269,0.75188,0.749064,0.754717,0.747664,0.750469,0.750469,0.754717,0.747664


B:
Limits 60.0 +/- 30.0
59.565567,66.076157,58.307232,61.987148,69.898918,56.770134,65.880463,65.771866,63.638767,55.071728
68.300064,66.680305,67.63726,60.846859,67.767075,53.47702,62.112362,66.706131,61.569801,61.952648
58.073093,65.955963,66.116249,65.332031,61.13406,65.899147,59.688725,67.767075,50.195087,61.139179
========================================================
Test11 (DAC Calibration) results 2007-12-11 15:54:46
Board ID340 30 channels
Linux calibration software
Calibration DAC Range: [1100 - 2700]

A:
0.751738,0.748153,0.751244,0.752233,0.754006,0.754788,0.750258,0.756501,0.750188,0.750469
0.750469,0.756215,0.752233,0.749415,0.749555,0.749415,0.750047,0.748783,0.744255,0.750258
0.748994,0.746199,0.764234,0.747733,0.755644,0.748013,0.750469,0.748713,0.755287,0.747873


B:
70.8701,78.7712,73.3495,73.0512,77.5683,73.4881,74.2475,75.6973,74.3437,71.107
79.3622,78.2021,76.9628,77.0492,81.8046,69.1054,76.1859,74.9157,70.397,69.596
71.7815,78.0061,60.3364,77.6989,70.0577,75.2221,71.107,81.7502,59.9697,72.8708


========================================================
Test11 (DAC Calibration) results 2008-01-19 15:04:13
Board ID340 30 channels
Linux calibration software
Calibration DAC Range: [1100 - 2700]

A:
0.75188,0.748153,0.751174,0.75188,0.753367,0.754361,0.750188,0.756072,0.750117,0.75068
0.750399,0.756215,0.752092,0.748994,0.749766,0.749274,0.750117,0.748783,0.744186,0.750117
0.748783,0.745851,0.754931,0.747314,0.755144,0.747733,0.750117,0.748433,0.755287,0.747594


B:
69.173,78.023,73.1454,72.9324,77.9828,74.0688,73.7435,75.6733,73.8397,69.6161
78.8574,77.597,76.7039,77.0245,80.3187,68.9987,75.34,74.6161,70.0465,68.5889
71.7709,78.1838,69.0666,77.674,70.5871,75.6052,71.5894,81.9816,59.5165,72.8063


