========================================================

Test15 results 12-29-2004  16:43:15
Board ID004  8 channels
HV Tests Software Ver.1.6


A:
Limits 1.45 +/- 2.0
1.436782,1.433692,1.433692,1.427552,1.436782,1.420455,1.438849,1.438849


B:
Limits 0.0 +/- 160.0
4.310246,-7.168413,1.433737,17.130627,4.310246,-1.420332,10.0718,8.632951
========================================================

Test15 results 12-29-2004  16:45:16
Board ID004  8 channels
HV Tests Software Ver.1.6


A:
Limits 1.45 +/- 2.0
1.43575,1.43472,1.433692,1.426534,1.436782,1.419446,1.438849,1.437814


B:
Limits 0.0 +/- 160.0
7.178897,-10.043177,1.433737,19.971312,4.310246,-0.000148,11.510649,11.502649
