========================================================

Test16 results 12-29-2004  16:47:54
Board ID004  8 channels
HV Tests Software Ver.1.6
Calibration DAC Range: [1000 - 2300]


A:
Limits 0.57 +/- 0.1
0.563991,0.563258,0.566943,0.566943,0.563502,0.569177,0.562041,0.563014


B:
Limits 50.0 +/- 60.0
49.703045,57.480175,47.672173,43.543152,54.086872,41.914135,52.646797,50.37326
========================================================

Test16 results 12-29-2004  16:49:18
Board ID004  8 channels
HV Tests Software Ver.1.6
Calibration DAC Range: [1000 - 2300]


A:
Limits 0.57 +/- 0.1
0.563502,0.563991,0.566943,0.567686,0.563502,0.569925,0.56107,0.563747


B:
Limits 50.0 +/- 60.0
50.844807,55.363197,48.473312,41.396297,54.086872,40.536945,56.527164,49.062862
========================================================
Test16 (Master DAC Calibration) results 2007-04-18 15:45:22
Board ID4 7 channels
Linux calibration software
Calibration DAC Range: [1000 - 2300]

A:
0.563532,0.578325,0.563301,0.566432,0.57082,0.562687,0.563371,0.562983

B:
51.5218,31.4977,55.7732,41.6409,50.0869,52.4879,56.3027,50.7409

