========================================================

Test11 results 08-13-2005  13:29:40
Board ID307  30 channels
HV Tests Software Ver.1.6.1

+5V 2501 - O'k
-5V 1331 - O'k
Interlock - On
Calibration DAC Range: [2500 - 2900]


A:
Limits 0.76 +/- 0.04
0.749064,0.754717,0.749064,0.747664,0.743494,0.749064,0.749064,0.75188,0.754717,0.75188
0.757576,0.753296,0.75188,0.75188,0.75188,0.747664,0.750469,0.743494,0.747664,0.747664
0.747664,0.750469,0.753296,0.749064,0.750469,0.750469,0.750469,0.747664,0.749064,0.747664


B:
Limits 60.0 +/- 30.0
75.212868,49.476482,64.721222,71.460442,64.290382,66.076157,64.80809,56.144661,55.515877,62.351891
62.122902,63.206615,65.680649,69.536781,57.587292,63.728256,69.913132,67.217529,67.683975,73.969017
70.82814,70.005478,61.213764,72.274582,62.288982,60.671516,48.947456,72.355042,69.21743,69.040939
========================================================
Test11 (DAC Calibration) results 2008-04-28 10:20:58
Board ID307 30 channels
Linux calibration software
Calibration DAC Range: [1100 - 2700]

A:
0.759878,0.751738,0.747594,0.746896,0.742942,0.748713,0.747245,0.750328,0.75188,0.744948
0.756001,0.752233,0.750047,0.751809,0.750258,0.749274,0.752445,0.743287,0.749064,0.742459
0.743149,0.74613,0.754006,0.750399,0.749766,0.749415,0.745921,0.748713,0.749766,0.748363


B:
61.7022,62.1499,72.8063,70.927,70.2823,69.022,72.5388,64.5469,69.173,69.5875
71.3852,71.6972,75.5859,73.7806,66.2945,65.5519,67.9458,70.5473,68.5393,75.406
72.2248,71.0873,63.2422,66.7009,66.8229,68.8057,63.1703,71.2682,70.5717,69.8035


========================================================
Test11 (ADC Calibration) results 2008-06-19 12:56:33
Board ID307 30 channels
Linux calibration software

Calibration DAC Range: [1000 - 3500]

A:
0.7596,0.7404,0.7356,0.7344,0.7316,0.7368,0.7352,0.7376,0.7416,0.7304
0.7432,0.7404,0.738,0.7392,0.738,0.7428,0.74,0.7316,0.7396,0.7284
0.73,0.7332,0.7424,0.738,0.7376,0.7376,0.7332,0.7368,0.7376,0.7372


B:
56.4001,63.5999,73.4,70.6001,70.4,69.2,73.8,66.3999,68.4001,70.5999
75.8,72.5999,77.0001,76.8,68.0001,62.2,70,71.4,68.4,76.6
72.9999,70.7999,63.6,68.0001,67.3999,69.3999,65.7999,72.2,72.3999,69.7999


========================================================
Test11 (ADC Calibration) results 2008-07-17 10:58:43
Board ID307 30 channels
Linux calibration software

Calibration DAC Range: [1000 - 3500]

A:
0.7632,0.7396,0.7352,0.734,0.7308,0.7364,0.7344,0.7372,0.742,0.7304
0.7436,0.7404,0.738,0.7388,0.7372,0.744,0.7404,0.7308,0.7396,0.7276
0.7292,0.7324,0.742,0.7376,0.7368,0.7372,0.7332,0.7364,0.7376,0.736


B:
55.8001,64.4,73.8,70.9999,72.2001,69.6,74.6001,66.7999,69.0001,70.5999
73.4,71.5999,76.0001,77.2,68.7999,60.9999,68.5999,73.2001,68.4,77.4001
73.8,71.6,64.0001,68.3999,69.2,69.7999,65.7999,72.6,71.3999,71


========================================================
Test11 (ADC Calibration) results 2008-07-20 18:37:46
Board ID307 30 channels
Linux calibration software

Calibration DAC Range: [1000 - 3500]

A:
0.7652,0.7396,0.7352,0.734,0.7312,0.7364,0.7344,0.7376,0.7436,0.7304
0.7436,0.74,0.7372,0.7388,0.7376,0.7468,0.74,0.7308,0.7404,0.7284
0.7296,0.7332,0.742,0.7376,0.7372,0.7372,0.7336,0.7364,0.7376,0.7364


B:
55.7999,65.4,73.8,70.9999,71.8001,69.6,75.6001,65.3999,66.4,70.5999
74.4,73,78.7999,77.2,68.3999,59.2,69,73.2001,67.5999,76.6
73.4,70.7999,64.0001,68.3999,67.7999,69.7999,65.3999,72.6,72.3999,70.6


