========================================================

Test10 results 08-24-2005  15:16:23
Board ID397  30 channels
HV Tests Software Ver.1.6

+5V 2492 - O'k
-5V 1336 - O'k
Interlock - On

Voltmeter channel: A=1.076426, B=13.993531

A:
Limits 1.1 +/- 0.1
1.079914,1.077006,1.078749,1.073537,1.081081,1.076426,1.080497,1.081081,1.079331,1.080497
1.078167,1.082837,1.086957,1.078167,1.077586,1.078749,1.080497,1.072386,1.076426,1.078167
1.082251,1.078167,1.078749,1.088732,1.084011,1.077586,1.071811,1.084599,1.074114,1.077586


B:
Limits 0.0 +/- 30.0
4.31962,12.923853,9.708548,6.441059,14.054233,3.229268,10.804978,7.567746,12.952018,19.448956
12.938135,10.828545,20.65225,9.703633,9.698398,7.55105,10.804978,8.57921,15.069958,12.938135
12.987051,11.859968,17.259789,14.153442,10.840111,9.698398,16.07733,15.184522,18.259974,22.629433
========================================================
Test10 (ADC Calibration) results 2008-01-25 05:15:48
Board ID397 30 channels
Linux calibration software

Voltmeter channel: A=1.05913, B=-1555.82

A:
1.08083,1.07686,1.07676,1.0719,1.08078,1.07565,1.08012,1.08123,1.07891,1.08189
1.07992,1.0827,1.08642,1.07757,1.07646,1.07982,1.08238,1.07197,1.07575,1.07709
1.08239,1.07793,1.0806,1.08797,1.08304,1.07797,1.07157,1.08294,1.07774,1.07811


B:
0.624184,9.7561,8.28362,4.23557,9.52239,1.24395,8.8459,0.953367,9.2281,15.9159
8.86217,6.81068,17.5895,8.1819,8.66782,4.63213,7.96962,5.24091,12.613,10.487
9.39438,11.1863,10.9873,10.769,8.45646,4.82509,11.7692,16.3355,11.6764,18.4563


========================================================
Test10 (ADC Calibration) results 2008-06-19 12:08:44
Board ID397 30 channels
Linux calibration software

Voltmeter channel: A=1.07, B=0

A:
1.09785,1.09392,1.09437,1.08894,1.09757,1.09029,1.09702,1.09766,1.09447,1.09977
1.09693,1.09941,1.1043,1.09456,1.09328,1.09656,1.09904,1.08966,1.09237,1.09465
1.09977,1.09492,1.09748,1.10551,1.0995,1.09437,1.08858,1.10005,1.0972,1.09574


B:
-1.43362,7.87614,6.14571,5.04001,8.69819,7.27842,7.66374,2.46728,10.8776,14.6045
8.84456,5.92252,14.7011,8.16754,7.1481,3.47659,9.99543,1.75849,12.3517,9.17878
9.32555,9.80452,12.7325,9.18997,9.13736,5.05133,11.0337,14.1345,11.2271,16.2855


