========================================================

Test11 results 08-24-2005  15:20:30
Board ID397  30 channels
HV Tests Software Ver.1.6

+5V 2492 - O'k
-5V 1337 - O'k
Interlock - On
Calibration DAC Range: [2500 - 2900]


A:
Limits 0.76 +/- 0.04
0.744879,0.747664,0.747664,0.75188,0.743494,0.749064,0.742115,0.746269,0.747664,0.744879
0.744879,0.744879,0.740741,0.747664,0.749064,0.746269,0.744879,0.75188,0.749064,0.747664
0.744879,0.747664,0.746269,0.744879,0.742115,0.746269,0.75188,0.744879,0.749064,0.747664


B:
Limits 60.0 +/- 40.0
66.238976,62.340988,60.893669,57.773796,67.563683,66.532616,73.467964,59.494804,53.794514,59.872047
72.352768,59.366852,55.458897,60.812077,57.91674,62.326653,63.668274,60.3727,54.525654,64.034729
60.753681,62.340988,57.493763,55.105804,67.493721,67.882309,57.685318,52.02845,60.001534,51.220406
========================================================
Test11 (DAC Calibration) results 2008-01-25 05:15:48
Board ID397 30 channels
Linux calibration software
Calibration DAC Range: [1100 - 2700]

A:
0.745018,0.747384,0.747454,0.751597,0.744671,0.748223,0.745504,0.74474,0.746338,0.743909
0.745643,0.743356,0.740809,0.746896,0.747664,0.745712,0.744325,0.751174,0.748153,0.746478
0.743564,0.746269,0.745921,0.743494,0.743494,0.746617,0.751456,0.743564,0.747524,0.746896


B:
69.6406,68.1612,69.2611,66.4037,69.9712,76.1315,66.7318,71.8115,64.8289,65.2222
72.3553,71.1949,62.4224,68.537,68.9719,65.8462,66.8776,69.3896,64.4067,75.0862
69.2722,71.6419,61.6784,65.5018,70.2601,72.6551,66.8983,61.9853,64.0815,57.9311


========================================================
Test11 (ADC Calibration) results 2008-06-19 12:56:33
Board ID397 30 channels
Linux calibration software

Calibration DAC Range: [1000 - 3500]

A:
0.7336,0.7356,0.7356,0.7396,0.7328,0.738,0.734,0.7332,0.736,0.732
0.7336,0.7316,0.7288,0.7352,0.736,0.7344,0.7324,0.7388,0.7368,0.7344
0.732,0.7348,0.7344,0.7316,0.732,0.7352,0.7392,0.7316,0.7336,0.7348


B:
70.3999,70.4,70.4,66.4,72.2,72.0001,67.9999,71.7999,63,66
73.3999,72.4,64.2,68.8,70,66.6001,66.6,72.2,64.2,76.6001
69,72.2001,60.6001,67.4,71,72.8,68.8,64.4,66.3999,59.2001


========================================================
Test11 (ADC Calibration) results 2008-07-17 10:58:43
Board ID397 30 channels
Linux calibration software

Calibration DAC Range: [1000 - 3500]

A:
0.7328,0.7356,0.7356,0.7392,0.7328,0.7364,0.7336,0.7336,0.7348,0.7312
0.7336,0.7316,0.7288,0.7348,0.7352,0.7336,0.732,0.7384,0.736,0.7344
0.7312,0.7344,0.7336,0.7316,0.7316,0.7344,0.7392,0.7308,0.7332,0.734


B:
71.2,68.4,69.4,66.8,71.2,76.6,67.3999,70.3999,65.2001,66.8001
72.3999,72.4,63.2,69.2001,70.8,68.3999,67,72.6001,66,76.6001
70.8001,71.6001,61.3999,66.4,70.4,73.6001,67.8,65.2001,65.7999,59.9999


========================================================
Test11 (ADC Calibration) results 2008-07-20 18:37:46
Board ID397 30 channels
Linux calibration software

Calibration DAC Range: [1000 - 3500]

A:
0.7332,0.736,0.7352,0.7396,0.7332,0.7368,0.7336,0.7332,0.7352,0.732
0.7332,0.732,0.7288,0.7348,0.7356,0.734,0.7324,0.7388,0.7364,0.7348
0.7312,0.7344,0.734,0.732,0.732,0.7348,0.7396,0.7316,0.7336,0.7348


B:
70.7999,68,70.8,65.4,69.7999,75.2,67.3999,70.7999,63.8,65
73.7999,71,64.2,69.2001,70.4,66.9999,65.6,71.2,64.6,75.2001
70.8001,71.6001,60.9999,66,69,73.2001,67.4,63.4,65.3999,58.2001


========================================================
Test11 (ADC Calibration) results 2008-07-24 23:03:59
Board ID397 30 channels
Linux calibration software

Calibration DAC Range: [1000 - 3500]

A:
0.7332,0.7356,0.7352,0.7396,0.7344,0.7368,0.734,0.7332,0.7352,0.7316
0.7332,0.7316,0.7288,0.7348,0.736,0.7336,0.732,0.7384,0.7368,0.7344
0.7312,0.734,0.7332,0.732,0.7324,0.7348,0.7396,0.7308,0.7336,0.7344


B:
70.7999,68.4,69.8,65.4,68.6001,75.2,66.9999,71.7999,63.8,65.4
72.7999,72.4,64.2,69.2001,70,68.3999,67,72.6001,64.2,76.6001
70.8001,71.9999,62.8,66,68.6,73.2001,67.4,65.2001,65.3999,59.6001


========================================================
Test11 (ADC Calibration) results 2008-08-13 01:14:42
Board ID397 30 channels
Linux calibration software

Calibration DAC Range: [1000 - 3500]

A:
0.7332,0.7352,0.7348,0.7396,0.7432,0.7364,0.7332,0.7332,0.7348,0.7304
0.7324,0.7316,0.7284,0.734,0.7356,0.734,0.7316,0.7384,0.7364,0.7344
0.7312,0.7344,0.7336,0.7312,0.7316,0.7344,0.7392,0.7312,0.732,0.7344


B:
70.7999,69.8,71.2001,65.4,61.8,76.6,68.7999,71.7999,65.2001,66.5999
74.6,72.4,64.6,69.9999,70.4,66.9999,66.4,72.6001,64.6,75.6001
69.8001,70.6001,61.3999,66.8001,70.4,73.6001,67.8,63.8001,66,58.6001


========================================================
Test11 (DAC Calibration) results 2008-08-27 10:32:12
Board ID397 30 channels
Linux calibration (server mode)

Calibration DAC Range: [3100 - 3500]

A:
0.752571,0.753429,0.753429,0.756571,0.761429,0.756571,0.750857,0.752,0.751429,0.748
0.751714,0.750571,0.745429,0.752,0.754286,0.751143,0.748571,0.757429,0.752857,0.754571
0.749143,0.752571,0.748857,0.748857,0.75,0.753429,0.756857,0.747429,0.748857,0.749429


B:
0.0,0.0,0.0,0.0,0.0,0.0,0.0,0.0,0.0,0.0
0.0,0.0,0.0,0.0,0.0,0.0,0.0,0.0,0.0,0.0
0.0,0.0,0.0,0.0,0.0,0.0,0.0,0.0,0.0,0.0


========================================================
Test11 (ADC Calibration) results 2008-08-27 13:08:29
Board ID397 30 channels
Linux calibration software

Calibration DAC Range: [1000 - 3500]

A:
0.7336,0.7336,0.7336,0.7372,0.7504,0.7348,0.732,0.7316,0.7336,0.7296
0.7316,0.73,0.7272,0.7324,0.734,0.7324,0.73,0.7368,0.7352,0.7332
0.7292,0.7328,0.7312,0.73,0.73,0.7332,0.7376,0.7292,0.7304,0.7324


B:
68.3999,68.3999,69.3999,66.7999,56.6,75.2001,67,71.4,63.3999,64.4
71.4,70.9999,62.8001,68.6,69.9999,66.6,64.9999,71.2,63.8,73.7999
69.8,69.2,60.8001,65.9999,68.9999,71.7999,67.3999,63.8,64.5999,58.6


========================================================
Test11 (DAC Calibration) results 2008-08-28 18:58:19
Board ID397 30 channels
Linux calibration (server mode)

Calibration DAC Range: [3100 - 3500]

A:
0.7475,0.74,0.74,0.745,0.7575,0.74,0.7375,0.74,0.74,0.7325
0.7375,0.735,0.7325,0.74,0.74,0.74,0.735,0.7475,0.74,0.74
0.7325,0.7375,0.7375,0.7325,0.7375,0.745,0.7425,0.735,0.735,0.7375


B:
61.7,77.0,76.0,70.5,66.8,87.0,76.7,72.0,71.0,83.2
80.7,83.5,74.2,72.0,78.0,69.0,77.5,64.7,75.0,80.0
87.2,82.7,69.7,86.2,72.7,61.5,79.2,72.5,78.5,70.7


========================================================
Test11 (DAC Calibration) results 2008-08-30 18:22:55
Board ID397 30 channels
Linux calibration (server mode)

Calibration DAC Range: [3100 - 3500]

A:
0.745,0.7425,0.745,0.75,0.7575,0.75,0.7425,0.7425,0.745,0.735
0.745,0.74,0.735,0.745,0.7475,0.745,0.7375,0.7475,0.7425,0.7425
0.74,0.745,0.7425,0.745,0.7425,0.74,0.7475,0.7375,0.74,0.74


B:
63.5,77.2,69.5,63.0,73.8,63.0,70.2,72.2,63.5,83.5
64.5,77.0,74.5,64.5,63.7,61.5,77.7,73.7,78.2,80.2
71.0,66.5,62.2,53.5,67.2,87.0,72.7,74.7,70.0,72.0


========================================================
Test11 (DAC Calibration) results 2008-08-30 21:24:16
Board ID397 30 channels
Linux calibration (server mode)

Calibration DAC Range: [3100 - 3500]

A:
0.7225,0.72,0.725,0.7275,0.7375,0.72,0.72,0.72,0.7225,0.7175
0.72,0.715,0.7175,0.7175,0.7275,0.7275,0.715,0.725,0.7225,0.7175
0.7175,0.72,0.72,0.72,0.7175,0.7175,0.725,0.715,0.7175,0.7175


B:
71.2,83.0,66.5,68.7,75.7,93.0,75.0,77.0,68.2,73.8
79.0,90.5,64.8,86.8,60.7,51.7,83.5,79.5,74.2,94.8
77.8,81.0,69.0,68.0,79.8,92.8,78.5,80.5,76.8,77.8


========================================================
Test11 (DAC Calibration) results 2008-08-30 21:52:00
Board ID397 30 channels
Linux calibration (server mode)

Calibration DAC Range: [3100 - 3500]

A:
0.7425,0.7425,0.745,0.75,0.7575,0.7475,0.74,0.7425,0.745,0.74
0.74,0.7375,0.735,0.7425,0.7475,0.7425,0.7375,0.7475,0.7425,0.74
0.7375,0.7425,0.74,0.74,0.74,0.7425,0.745,0.7425,0.7375,0.7425


B:
73.2,77.2,69.5,63.0,78.8,71.7,78.0,72.2,62.5,68.0
81.0,84.7,74.5,73.2,63.7,71.2,77.7,73.7,77.2,89.0
80.7,76.2,70.0,70.0,74.0,79.2,80.5,58.2,78.7,64.2


========================================================
Test11 (DAC Calibration) results 2008-08-31 12:06:18
Board ID397 30 channels
Linux calibration (server mode)

Calibration DAC Range: [3100 - 3500]

A:
0.7475,0.7475,0.745,0.75,0.7575,0.7475,0.74,0.7475,0.74,0.74
0.745,0.7425,0.735,0.7425,0.7425,0.7475,0.7425,0.7525,0.7425,0.74
0.7375,0.7425,0.74,0.74,0.74,0.7475,0.745,0.7375,0.74,0.7375


B:
60.7,60.7,69.5,63.0,80.8,70.7,78.0,55.7,80.0,68.0
65.5,68.2,74.5,74.2,80.2,54.7,61.2,57.3,78.2,89.0
79.7,75.2,70.0,70.0,74.0,62.7,80.5,74.7,72.0,80.7


========================================================
Test11 (DAC Calibration) results 2008-08-31 16:15:23
Board ID397 30 channels
Linux calibration (server mode)

Calibration DAC Range: [3100 - 3500]

A:
0.7475,0.7425,0.745,0.75,0.7575,0.7475,0.74,0.7425,0.745,0.74
0.74,0.7425,0.735,0.7425,0.7475,0.7475,0.7375,0.7425,0.7425,0.745
0.7375,0.7425,0.74,0.74,0.74,0.7425,0.745,0.7375,0.74,0.7425


B:
61.7,77.2,69.5,63.0,80.8,71.7,78.0,72.2,64.5,68.0
81.0,67.2,74.5,73.2,63.7,53.7,77.7,90.2,77.2,73.5
80.7,74.2,70.0,70.0,74.0,79.2,80.5,73.7,72.0,64.2


========================================================
Test11 (DAC Calibration) results 2008-08-31 18:30:20
Board ID397 30 channels
Linux calibration (server mode)

Calibration DAC Range: [3100 - 3500]

A:
0.7475,0.7475,0.745,0.75,0.7625,0.7475,0.74,0.7425,0.745,0.74
0.74,0.7425,0.735,0.7425,0.7425,0.7425,0.7425,0.7475,0.7475,0.745
0.7375,0.7425,0.74,0.74,0.74,0.7425,0.745,0.7325,0.74,0.7425


B:
60.7,60.7,69.5,63.0,65.3,70.7,78.0,73.2,64.5,68.0
81.0,68.2,74.5,74.2,80.2,70.2,61.2,73.7,60.7,73.5
79.7,75.2,70.0,70.0,74.0,78.2,80.5,90.2,72.0,63.2


========================================================
Test11 (DAC Calibration) results 2008-09-01 15:18:44
Board ID397 30 channels
Linux calibration (server mode)

Calibration DAC Range: [3100 - 3500]

A:
0.7475,0.7475,0.745,0.75,0.76,0.7475,0.74,0.7425,0.74,0.74
0.74,0.7425,0.735,0.7425,0.7425,0.7375,0.7425,0.7475,0.7475,0.745
0.7425,0.7425,0.74,0.74,0.74,0.7425,0.745,0.74,0.735,0.7375


B:
56.7,59.7,69.5,63.0,69.0,71.7,78.0,72.2,80.0,68.0
81.0,67.2,74.5,73.2,79.2,86.7,60.2,72.7,59.7,73.5
63.2,74.2,70.0,70.0,74.0,77.2,80.5,66.0,87.5,79.7


