========================================================

Test10 results 01-19-2005  15:24:31
Board ID288  30 channels
HV Tests Software Ver.1.6

+5V 2502 - O'k
-5V 1314 - O'k
Interlock - On

Voltmeter channel: A=1.049318, B=25.183582

A:
Limits 1.1 +/- 0.1
1.078749,1.080497,1.053186,1.062135,1.074691,1.072386,1.064396,1.067806,1.072961,1.073537
1.068947,1.068376,1.085187,1.070091,1.078749,1.068947,1.070091,1.070664,1.084599,1.075269
1.081081,1.06553,1.072386,1.074691,1.069519,1.066667,1.06553,1.066667,1.06553,1.067806


B:
Limits 0.0 +/- 30.0
3.236055,5.402493,6.318916,3.186514,7.522722,4.289666,10.64415,4.271266,7.51089,5.367522
8.551615,1.068391,8.68149,5.350263,9.708548,4.275827,7.490445,4.282662,5.423133,8.601974
0.000179,6.393329,13.94114,1.074576,6.417229,12.799792,8.524389,5.333125,4.262269,6.406877
========================================================

Test10 results 01-31-2005  14:41:25
Board ID288  30 channels
HV Tests Software Ver.1.6

+5V 2504 - O'k
-5V 1313 - O'k
Interlock - On

Voltmeter channel: A=1.070091, B=5.350263

A:
Limits 1.1 +/- 0.1
1.078167,1.079914,1.051525,1.060445,1.079914,1.071811,1.064396,1.067806,1.073537,1.073537
1.067806,1.067236,1.084011,1.068376,1.078167,1.067806,1.070091,1.071237,1.084599,1.075269
1.079914,1.066098,1.072386,1.073537,1.067806,1.061008,1.06383,1.066098,1.06553,1.067806


B:
Limits 0.0 +/- 30.0
2.156464,5.399534,9.463542,5.302073,7.559361,4.287405,8.515358,3.20346,5.367522,4.293984
9.610294,2.13459,9.7561,8.547024,9.703633,6.406877,6.420354,2.142301,4.338535,7.526706
2.159793,2.132148,11.796368,2.14691,9.610294,20.159081,11.702156,5.330442,2.131208,5.339071
========================================================
Test10 (ADC Calibration) results 2007-07-18 09:35:23
Board ID288 30 channels
Linux calibration software

Voltmeter channel: A=1.03259, B=-1424.05

A:
1.07732,1.07923,1.05214,1.06132,1.08014,1.07134,1.06445,1.06788,1.07349,1.07308
1.06838,1.06606,1.08353,1.06804,1.07816,1.06704,1.06946,1.0705,1.08412,1.0751
1.07933,1.06559,1.07345,1.07447,1.06841,1.06267,1.06391,1.067,1.06394,1.06764


B:
2.80534,4.37289,3.77802,-0.816635,4.461,2.161,6.52035,-0.20396,2.89096,2.25543
5.08732,3.29704,9.1719,6.92405,7.73141,5.99805,4.93036,0.595275,2.05803,5.84737
1.04511,2.43811,8.4314,-0.606547,4.93095,12.6716,7.83262,2.10987,4.45601,3.16333


========================================================
Test10 (ADC Calibration) results 2007-09-12 16:43:01
Board ID288 30 channels
Linux calibration software

Voltmeter channel: A=1.02963, B=-1416.14

A:
1.07786,1.07998,1.05194,1.06102,1.08059,1.07167,1.06445,1.06828,1.07319,1.07208
1.06862,1.0665,1.08442,1.06858,1.07752,1.06808,1.06956,1.06989,1.08422,1.07524
1.07998,1.06579,1.07315,1.07461,1.06801,1.06411,1.06401,1.0669,1.06361,1.06694


B:
1.31532,1.54547,4.28615,0.628189,3.09874,1.13315,6.9847,-1.24761,3.07412,4.60703
4.787,1.94554,6.15854,5.84248,9.2273,3.67635,3.80234,2.43423,2.61408,5.67145
-0.374555,0.180878,8.41332,-2.38133,5.23924,10.6407,7.7688,1.6368,5.14391,5.12568


========================================================
Test10 (ADC Calibration) results 2008-06-17 15:59:19
Board ID288 30 channels
Linux calibration software

Voltmeter channel: A=1.07, B=0

A:
1.094,1.09619,1.06847,1.0774,1.09701,1.08775,1.0805,1.08148,1.08874,1.0891
1.08434,1.08273,1.10096,1.08478,1.09555,1.07696,1.08631,1.08748,1.10059,1.09318
1.096,1.08157,1.08955,1.09046,1.08434,1.07749,1.08121,1.08353,1.08041,1.083


B:
1.14643,2.84957,3.79511,1.82768,3.62759,1.91697,6.26765,2.11262,4.69797,3.05717
5.73482,1.59723,6.82014,5.10282,7.60162,9.34939,3.90472,-1.52987,2.53472,5.18304
-0.708151,1.38016,6.77885,-1.03421,5.9515,11.6576,5.38947,-0.236134,3.54111,5.02949


========================================================
Test10 (ADC Calibration) results 2008-07-16 21:23:30
Board ID288 30 channels
Linux calibration software

Voltmeter channel: A=1.07, B=0

A:
1.09485,1.09646,1.06928,1.07795,1.0977,1.08844,1.08145,1.08099,1.08928,1.08975
1.08516,1.08368,1.1021,1.08544,1.09618,1.07593,1.08675,1.08769,1.10114,1.09418
1.09684,1.08238,1.09013,1.09107,1.08498,1.07684,1.08182,1.08395,1.08136,1.08386


B:
-0.513852,2.59854,2.38262,1.31782,2.33661,0.843697,4.95273,2.1407,3.54496,2.02047
4.53313,-0.153525,5.11993,3.83902,7.46495,8.59004,3.06053,-1.7233,2.03328,3.60103
-1.92037,-0.022571,6.46866,-1.60025,5.13978,10.9658,4.60792,-1.06402,1.79482,3.57441


========================================================
Test10 (ADC Calibration) results 2008-07-19 11:34:37
Board ID288 30 channels
Linux calibration software

Voltmeter channel: A=1.07, B=0

A:
1.09494,1.09665,1.06919,1.07795,1.09798,1.08881,1.08154,1.08071,1.08956,1.08956
1.08535,1.08368,1.10181,1.08563,1.09608,1.0752,1.08694,1.08759,1.10133,1.09409
1.09675,1.08238,1.09022,1.09097,1.08526,1.07666,1.08164,1.08423,1.08108,1.08414


B:
-0.163638,2.20362,2.68157,0.886352,2.07346,0.277635,4.4337,2.18356,2.84855,2.41295
3.9257,0.279715,5.38326,3.88349,7.55158,7.98222,2.66939,-0.984046,1.41662,4.1261
-2.27095,-0.022571,6.38178,-1.73083,4.44641,11.1358,4.78038,-1.54222,2.27014,3.31484


========================================================
Test10 (ADC Calibration) results 2008-07-19 14:46:21
Board ID288 30 channels
Linux calibration software

Voltmeter channel: A=1.07, B=0

A:
1.09485,1.09684,1.06892,1.07776,1.09808,1.08844,1.08127,1.08016,1.08956,1.09003
1.0847,1.08349,1.10172,1.08572,1.09589,1.07501,1.08647,1.08787,1.10114,1.09409
1.09656,1.08238,1.09013,1.09097,1.08516,1.0762,1.08164,1.08377,1.08108,1.08386


B:
-0.513852,1.80917,3.36521,0.843109,1.54661,0.843697,4.9089,2.91726,3.06641,1.32338
5.39923,0.236566,5.91217,3.57946,7.28759,8.79828,3.5378,-1.89807,1.81272,4.56351
-1.21767,0.193726,6.46866,-1.73083,4.31615,11.5619,4.99666,-0.240192,2.48631,3.79152


========================================================
Test10 (ADC Calibration) results 2008-07-20 08:08:59
Board ID288 30 channels
Linux calibration software

Voltmeter channel: A=1.07, B=0

A:
1.09523,1.09684,1.06901,1.07785,1.09779,1.08834,1.08127,1.08016,1.08928,1.08947
1.08516,1.08368,1.10201,1.08572,1.09618,1.0751,1.08684,1.08778,1.10105,1.09418
1.09665,1.08228,1.08994,1.09107,1.08498,1.0762,1.08154,1.08414,1.08127,1.08396


B:
-0.864662,1.80917,3.27986,0.972594,2.02965,1.14837,4.9089,2.91726,3.54496,2.71717
4.75011,-0.153525,5.42849,3.79656,7.24576,10.0029,2.75635,-1.59301,2.12145,4.25765
-1.74404,0.28037,6.64189,-1.60025,5.35673,12.2078,5.08273,-0.804558,2.0975,3.92189


========================================================
Test10 (ADC Calibration) results 2008-07-20 17:40:55
Board ID288 30 channels
Linux calibration software

Voltmeter channel: A=1.07, B=0

A:
1.09494,1.09703,1.06919,1.07795,1.0976,1.08853,1.08164,1.08062,1.08975,1.08984
1.08489,1.08349,1.10181,1.08572,1.09618,1.07483,1.08712,1.08759,1.10114,1.09399
1.09694,1.0821,1.09031,1.09135,1.08507,1.07648,1.08145,1.08433,1.08127,1.08377


B:
-0.601389,1.4144,2.89536,0.455407,2.86381,0.756558,4.13129,2.70194,3.11022,1.93329
5.22619,0.670246,5.82426,3.57946,7.0262,10.0436,2.27845,-1.20151,1.81272,4.43199
-1.78851,0.670276,5.64102,-2.51771,4.40215,11.3063,5.16896,-1.41231,2.0975,3.87818


========================================================
Test10 (ADC Calibration) results 2008-07-24 12:08:22
Board ID288 30 channels
Linux calibration software

Voltmeter channel: A=1.07, B=0

A:
1.09475,1.09675,1.06892,1.0774,1.0976,1.08825,1.08145,1.08136,1.08909,1.09003
1.08479,1.0833,1.10181,1.08563,1.09637,1.07501,1.08684,1.08759,1.10085,1.09409
1.09665,1.08201,1.08994,1.09097,1.08507,1.07694,1.08136,1.08377,1.08099,1.08386


B:
-0.426277,2.11603,3.36521,1.18801,2.4245,1.23505,4.73649,2.22726,4.15453,1.32338
4.87855,1.05995,5.38326,3.66603,6.6326,9.4434,2.97393,-0.984046,2.07677,3.90733
-1.96332,0.972846,6.86021,-1.73083,4.61911,11.311,5.25511,-0.456893,2.7894,3.79152


========================================================
Test10 (ADC Calibration) results 2009-01-29 10:21:48
Board ID288 30 channels
Host: ufcmshv3
Linux calibration software

Voltmeter channel: A=1.05837, B=0.260675

A:
1.05314,1.05187,1.03478,1.04822,1.04737,1.05682,1.05101,1.04957,1.05846,1.04476
1.04645,1.03801,1.04881,1.05186,1.05511,1.04974,1.0528,1.05622,1.0546,1.05605
1.04275,1.0385,1.05579,1.0588,1.04133,1.05717,1.06357,1.04847,1.04292,1.04754


B:
1.19889,3.25258,3.08847,1.04838,3.31929,1.30064,4.47884,0.177934,4.41301,2.6685
5.03881,2.89016,5.09872,4.09427,7.98654,3.37529,3.62807,-0.877145,3.19618,4.56536
-0.208633,0.543468,5.65257,-1.84043,5.31903,5.20439,3.86193,-2.33908,2.34227,2.94908


========================================================
Test10 (ADC Calibration) results 2009-01-29 13:57:58
Board ID288 30 channels
Host: ufcmshv3
Linux calibration software

Voltmeter channel: A=1.05855, B=0.309765

A:
1.05323,1.05204,1.03503,1.04839,1.04729,1.05657,1.05076,1.04983,1.05837,1.04493
1.04661,1.03792,1.04856,1.05195,1.05537,1.04974,1.0528,1.05614,1.05442,1.05597
1.04267,1.03842,1.05605,1.05898,1.04083,1.05717,1.06348,1.0483,1.04292,1.0472


B:
1.32882,2.88085,2.64339,0.677629,3.81852,1.96659,5.14065,-0.484668,4.70579,2.50803
4.25103,3.17768,5.96864,3.8033,7.11155,3.79509,3.62807,-1.00755,3.35795,4.64644
-0.128185,0.830627,5.1991,-2.42723,6.0049,5.41577,4.36841,-1.9675,2.34227,3.68915


