========================================================

Test11 results 01-19-2005  15:25:49
Board ID288  30 channels
HV Tests Software Ver.1.6

+5V 2503 - O'k
-5V 1313 - O'k
Interlock - On
Calibration DAC Range: [2500 - 2900]


A:
Limits 0.76 +/- 0.04
0.747664,0.746269,0.769231,0.761905,0.75188,0.753296,0.754717,0.757576,0.753296,0.75188
0.756144,0.754717,0.743494,0.756144,0.75188,0.757576,0.756144,0.75188,0.746269,0.75188
0.749064,0.757576,0.750469,0.756144,0.756144,0.757576,0.759013,0.757576,0.760456,0.756144


B:
Limits 70.0 +/- 30.0
73.073685,72.246964,59.389786,66.717209,67.73143,71.809006,86.781357,64.756477,66.250511,70.154114
63.753941,78.575279,71.251747,67.089394,53.88792,62.328388,62.437153,76.927269,63.774734,65.587395
63.998859,67.465881,74.562706,72.786133,70.115997,62.622467,62.79385,71.932915,61.340973,69.10141
========================================================

Test11 results 01-31-2005  14:42:51
Board ID288  30 channels
HV Tests Software Ver.1.6

+5V 2504 - O'k
-5V 1313 - O'k
Interlock - On
Calibration DAC Range: [2500 - 2900]


A:
Limits 0.76 +/- 0.04
0.750469,0.749064,0.766284,0.763359,0.744879,0.753296,0.760456,0.757576,0.753296,0.753296
0.757576,0.756144,0.746269,0.757576,0.749064,0.757576,0.756144,0.756144,0.746269,0.750469
0.749064,0.759013,0.753296,0.756144,0.754717,0.760456,0.759013,0.756144,0.760456,0.756144


B:
Limits 70.0 +/- 30.0
67.141197,65.442856,73.498161,65.130035,80.647186,75.040306,68.625832,68.590965,68.06147,68.772835
61.416561,76.364151,63.774734,64.965111,66.076157,65.461342,64.764656,64.866005,65.474243,72.332741
67.236328,65.218765,67.769791,76.142624,77.172905,60.101704,66.027069,79.70108,64.578667,70.715225
