========================================================

Test10 results 03-17-2005  16:37:11
Board ID303  30 channels
HV Tests Software Ver.1.6

+5V 2487 - O'k
-5V 1311 - O'k
Interlock - On

Voltmeter channel: A=1.086957, B=10.869641

A:
Limits 1.1 +/- 0.1
1.079331,1.088139,1.078167,1.072961,1.081081,1.079914,1.078749,1.082251,1.070664,1.079914
1.079914,1.075269,1.079331,1.083424,1.074114,1.077006,1.074114,1.077006,1.071811,1.075269
1.083424,1.072386,1.071811,1.080497,1.079914,1.074691,1.072961,1.084599,1.080497,1.076426


B:
Limits 0.0 +/- 30.0
7.555364,9.793203,8.625466,10.729774,14.054233,8.639275,15.102291,5.411294,9.635981,11.879015
3.239707,11.827781,14.031348,4.33371,9.667063,11.846848,8.592949,8.615829,13.933707,8.601974
11.917675,10.723982,16.07733,9.724482,7.559361,8.597414,11.802734,10.846127,4.321996,9.687826
========================================================
Test10 (ADC Calibration) results 2007-07-18 13:01:10
Board ID303 30 channels
Linux calibration software

Voltmeter channel: A=1.07997, B=-1585.15

A:
1.07823,1.08867,1.07776,1.07242,1.08115,1.07944,1.07514,1.0819,1.07208,1.07964
1.07292,1.07538,1.07863,1.0819,1.07409,1.07352,1.07356,1.07625,1.07131,1.07427
1.08286,1.07316,1.07157,1.0816,1.07833,1.07504,1.07157,1.08367,1.07903,1.07581


B:
5.87116,3.30673,3.91021,6.85276,10.4535,6.23994,13.648,2.81887,4.10249,9.62213
6.13546,7.44051,10.5908,5.49129,5.30946,12.7411,6.42008,6.47881,10.3995,6.63955
10.1013,5.03061,13.6735,4.12114,8.05524,3.50195,11.5304,9.1544,4.7177,6.44383


========================================================
Test10 (ADC Calibration) results 2007-09-05 11:44:29
Board ID303 30 channels
Linux calibration software

Voltmeter channel: A=1.08126, B=-1581.7

A:
1.07867,1.08976,1.07871,1.07231,1.08034,1.07998,1.07554,1.0822,1.07208,1.08018
1.07514,1.07528,1.07829,1.08214,1.07423,1.07578,1.07306,1.07665,1.071,1.07363
1.08266,1.07346,1.07201,1.08225,1.07877,1.07514,1.07171,1.08377,1.07873,1.07625


B:
5.30399,0.821676,3.09575,6.98207,12.5632,5.34552,13.7328,2.23206,4.10249,8.92871
5.17269,8.44497,12.9056,4.97962,5.13296,11.7231,8.34026,5.56267,12.2575,8.53813
11.4416,5.04321,13.3123,3.09372,7.28999,4.04788,11.3552,9.02547,6.18317,5.87857


========================================================
Test10 (ADC Calibration) results 2008-02-18 16:13:36
Board ID303 30 channels
Linux calibration software

Voltmeter channel: A=1.08454, B=-1100.31

A:
1.07907,1.08931,1.07857,1.06505,1.08169,1.08008,1.07369,1.0823,1.07208,1.07954
1.07433,1.07504,1.07863,1.08244,1.07453,1.07154,1.0738,1.07665,1.07215,1.07413
1.08331,1.07302,1.07147,1.08205,1.07823,1.0744,1.07211,1.08397,1.07968,1.07554


B:
4.78773,1.99178,3.27598,19.8622,9.75807,5.81689,16.7724,2.70372,4.10249,9.95021
7.00403,8.75164,12.5908,4.79204,4.74604,13.6809,5.91306,5.96257,9.72082,7.89123
9.53224,6.87951,14.8019,3.55216,7.98411,5.39732,10.8398,9.96782,4.09289,7.98199


