========================================================

Test11 results 03-17-2005  16:40:44
Board ID303  30 channels
HV Tests Software Ver.1.6

+5V 2485 - O'k
-5V 1312 - O'k
Interlock - On
Calibration DAC Range: [2500 - 2900]


A:
Limits 0.76 +/- 0.04
0.744879,0.738007,0.746269,0.750469,0.746269,0.744879,0.747664,0.747664,0.753296,0.746269
0.749064,0.747664,0.744879,0.744879,0.749064,0.750469,0.750469,0.746269,0.750469,0.750469
0.742115,0.754717,0.754717,0.750469,0.747664,0.747664,0.75188,0.744879,0.749064,0.750469


B:
Limits 60.0 +/- 30.0
70.103584,77.332809,65.467323,65.61058,58.531723,69.299057,58.63644,56.612858,63.63586,65.629837
58.974865,66.91787,66.806915,62.442753,67.250595,52.418373,60.147877,70.850258,65.431023,57.17971
67.567459,51.904438,50.195087,58.851776,61.139179,71.741547,59.38641,56.063454,54.286449,56.457458
========================================================
Test11 (DAC Calibration) results 2007-07-18 13:01:10
Board ID303 30 channels
Linux calibration software
Calibration DAC Range: [1100 - 2700]

A:
0.747943,0.740398,0.748643,0.752375,0.745921,0.747105,0.750469,0.745782,0.752233,0.746965
0.752021,0.75068,0.747664,0.745782,0.750821,0.751597,0.75195,0.749695,0.753154,0.751456
0.74474,0.752233,0.752587,0.749766,0.747873,0.75054,0.752587,0.744186,0.747384,0.749625


B:
63.3508,73.0679,62.6803,63.6792,63.1703,66.3057,59.3996,67.5396,68.6882,66.1998
63.4143,60.3078,62.243,62.3192,65.3683,56.0317,59.451,63.1711,60.1957,58.482
61.832,63.7234,60.6773,64.5736,64.9435,66.2067,60.6773,63.3488,65.0224,63.718


========================================================
Test11 (DAC Calibration) results 2007-09-05 11:44:29
Board ID303 30 channels
Linux calibration software
Calibration DAC Range: [1100 - 2700]

A:
0.748013,0.740398,0.748363,0.752445,0.746478,0.747105,0.750188,0.745573,0.752233,0.746965
0.750469,0.750751,0.747524,0.74599,0.751103,0.750399,0.752304,0.749415,0.753367,0.751527
0.744879,0.752021,0.752658,0.749695,0.747943,0.750469,0.75287,0.744117,0.747594,0.749695


B:
63.2539,73.0679,62.7689,63.5816,62.3961,66.4551,59.3399,67.9777,68.6882,66.1998
64.9532,60.3603,61.8389,62.1784,64.9797,57.0958,58.8114,63.8595,59.6007,58.3842
61.6388,63.7151,60.429,64.8204,64.9962,66.6042,60.2861,63.4452,64.7322,63.6212


