========================================================

Test10 results 01-11-2006  11:28:11
Board ID139  36 channels
HV Tests Software Ver.1.6

+5V 2500 - O'k
-5V 1342 - O'k
Interlock - On

Voltmeter channel: A=1.083424, B=7.583981

A:
Limits 1.1 +/- 0.1
1.074691,1.078167,1.085776,1.079914,1.080497,1.078167,1.077006,1.083424,1.071237,1.086366,1.079914,1.078749
1.077586,1.081081,1.082837,1.077006,1.074114,1.082251,1.081081,1.087548,1.078749,1.080497,1.084599,1.092896
1.075847,1.088139,1.079331,1.074114,1.085187,1.077586,1.076426,1.078749,1.070664,1.077006,1.081081,1.083424


B:
Limits 0.0 +/- 35.0
6.448031,6.469132,7.600438,16.198669,6.48299,7.547299,12.923853,3.250286,6.42725,7.604739,7.559361,9.708548
14.008742,8.648827,7.580034,5.384811,5.370607,11.9048,9.729908,4.350336,10.787296,9.724482,7.592331,7.650097
11.834177,8.705064,11.872686,11.81529,7.596303,11.85357,17.222809,17.259789,9.635981,12.923853,7.567746,5.417133
========================================================
Test10 (ADC Calibration) results 2008-06-16 13:15:45
Board ID139 36 channels
Linux calibration software

Voltmeter channel: A=1.07, B=0

A:
1.07696,1.0809,1.09024,1.08252,1.08406,1.08351,1.08018,1.08596,1.07296,1.08841,1.08234,1.08496
1.08063,1.0836,1.08741,1.08261,1.07803,1.08478,1.08914,1.09143,1.08234,1.08388,1.08162,1.09566
1.08144,1.09216,1.08523,1.07785,1.08796,1.08342,1.08216,1.08297,1.07394,1.08081,1.08424,1.09033


B:
4.45697,4.922,6.79324,13.6065,6.57066,6.63436,11.8488,3.09074,7.72507,6.71461,6.41082,5.74175
11.222,6.11815,6.32353,3.78086,5.62213,8.94526,9.31672,1.99821,9.22514,8.47071,10.1009,7.11344
7.88651,8.09909,10.0509,8.37403,6.69509,9.10048,14.5844,15.3617,7.25346,10.1928,4.23698,4.52924


========================================================
Test10 (ADC Calibration) results 2008-06-17 07:08:50
Board ID139 36 channels
Linux calibration software

Voltmeter channel: A=1.07, B=0

A:
1.08921,1.09337,1.10291,1.09492,1.09602,1.09592,1.09283,1.0983,1.08552,1.10097,1.09492,1.09757
1.09301,1.09611,1.09996,1.09501,1.09047,1.09739,1.10152,1.10374,1.09492,1.09638,1.09419,1.1083
1.09383,1.10476,1.09529,1.08984,1.10033,1.09592,1.09465,1.09547,1.08597,1.09337,1.09684,1.10319


B:
3.35464,3.65903,5.24877,12.3082,6.70719,5.91397,10.0623,1.97585,6.32717,5.47346,4.8627,3.96669
9.8962,4.86965,4.85815,3.02663,4.58485,7.86544,8.27382,0.957898,7.7096,7.46832,8.37666,5.65693
6.95952,6.43282,10.8806,8.00211,5.84224,7.66717,13.652,14.2194,6.99871,8.68865,2.66312,2.78943


