========================================================

Test11 results 01-11-2006  11:29:29
Board ID139  36 channels
HV Tests Software Ver.1.6

+5V 2501 - O'k
-5V 1343 - O'k
Interlock - On
Calibration DAC Range: [2500 - 2900]


A:
Limits 0.76 +/- 0.04
0.743494,0.742115,0.733945,0.738007,0.743494,0.740741,0.743494,0.738007,0.746269,0.736648,0.739372,0.740741
0.740741,0.739372,0.739372,0.742115,0.743494,0.738007,0.739372,0.736648,0.742115,0.739372,0.735294,0.732601
0.744879,0.733945,0.742115,0.744879,0.736648,0.740741,0.743494,0.744879,0.746269,0.743494,0.743494,0.740741


B:
Limits 60.0 +/- 40.0
61.856781,67.48774,73.395576,69.112206,48.801155,68.01442,57.4156,65.444336,67.453423,63.844124,70.129265,65.757294
64.021179,59.214691,58.603664,65.743698,73.683533,58.991093,67.87162,63.96426,58.691071,64.809982,75.195366,59.270485
54.314007,69.58268,54.825405,61.299065,65.26239,64.089722,57.274197,40.884907,66.654861,59.819069,65.955254,56.61504
========================================================
Test11 (ADC Calibration) results 2008-06-17 04:20:31
Board ID139 36 channels
Linux calibration software

Calibration DAC Range: [1000 - 3500]

A:
0.7416,0.7384,0.7324,0.7372,0.7372,0.7372,0.7388,0.7356,0.744,0.7336,0.7372,0.7356
0.7392,0.7376,0.7352,0.7372,0.7408,0.7372,0.7332,0.732,0.7376,0.7372,0.7376,0.7288
0.7388,0.7312,0.7356,0.7408,0.7336,0.7372,0.7372,0.7376,0.744,0.738,0.7404,0.7324


B:
64.4001,76.6001,68.6,66.7999,62.7999,67.7999,68.2,68.4,68.9999,70.3999,71.7999,71.4
64.8,61.3999,63.8,69.7999,73.1999,58.7999,69.7999,73,66.3999,66.7999,70.3999,66.2
66.2,69.8001,63.4,69.1999,69.3999,66.7999,67.7999,56.3999,67.9999,72.0001,71.5999,70.6


========================================================
Test11 (ADC Calibration) results 2008-06-17 07:43:31
Board ID139 36 channels
Linux calibration software

Calibration DAC Range: [1000 - 3500]

A:
0.7336,0.73,0.7236,0.7288,0.7288,0.7284,0.73,0.7276,0.736,0.7248,0.7288,0.7276
0.7308,0.7288,0.7264,0.7292,0.7324,0.7284,0.7244,0.7236,0.7288,0.7284,0.7288,0.7204
0.73,0.7224,0.7292,0.7328,0.7252,0.7284,0.7288,0.7296,0.7356,0.7296,0.7316,0.724


B:
64.3999,76.9999,70.4001,68.2,64.2,69.6,68.9999,68.4001,69,72.2,72.2,71.4001
65.2001,63.2,65.5999,68.8,73.6,60.6,71.6001,74.4001,68.2,68.6,72.2,66.6001
67.9999,71.6,61.8,69.2,69.8,68.6,68.2,56.4,68.4,73.4,73.4,72.0001


========================================================
Test11 (ADC Calibration) results 2008-07-28 12:43:15
Board ID139 36 channels
Linux calibration software

Calibration DAC Range: [1000 - 3500]

A:
0.7328,0.7304,0.724,0.7288,0.7284,0.7284,0.7308,0.7272,0.7356,0.7248,0.7288,0.728
0.7304,0.7292,0.7264,0.7288,0.7324,0.7284,0.7244,0.7228,0.7288,0.7284,0.7292,0.7204
0.73,0.7224,0.7276,0.7328,0.7252,0.7288,0.7288,0.7292,0.7356,0.7296,0.7316,0.724


B:
67.2,77.5999,71.0001,69.2,66.6,71.6,69.2001,70.8001,71.4,74.2,74.2,72.0001
67.5999,63.8,67.5999,72.2,75.6,62.6,71.6001,76.1999,68.2,68.6,70.8,66.6001
67.9999,71.6,63.4001,69.2,69.8,67.2,68.2,57.8,68.4,73.4,73.4,72.0001


========================================================
Test11 (DAC Calibration) results 2008-09-01 16:34:03
Board ID139 36 channels
Linux calibration (server mode)

Calibration DAC Range: [3100 - 3500]

A:
0.735,0.7325,0.725,0.73,0.73,0.73,0.7325,0.7275,0.7375,0.725,0.73,0.725
0.7325,0.73,0.7275,0.73,0.7325,0.725,0.725,0.725,0.73,0.73,0.73,0.7225
0.73,0.7225,0.725,0.73,0.7275,0.73,0.73,0.725,0.7375,0.73,0.7325,0.72


B:
59.5,70.2,67.5,65.0,61.0,66.0,63.2,69.7,64.7,73.5,70.0,80.5
60.2,61.0,63.7,68.0,75.2,72.5,69.5,68.5,64.0,63.0,68.0,59.2
68.0,71.2,72.5,77.0,61.7,63.0,64.0,70.5,61.7,72.0,70.2,84.0


========================================================
Test11 (ADC Calibration) results 2008-11-25 09:33:14
Board ID139 36 channels
Host: ufcmshv3
Linux calibration software

Calibration DAC Range: [1000 - 3500]

A:
0.7652,0.756,0.7684,0.7632,0.7736,0.7484,0.7564,0.7692,0.764,0.7676,0.7628,0.7624
0.764,0.7616,0.7716,0.766,0.762,0.772,0.7628,0.7852,0.7632,0.7664,0.7568,0.7508
0.766,0.766,0.7684,0.7524,0.7624,0.7664,0.7732,0.7636,0.7664,0.754,0.748,0.7652


B:
66.7999,78.0001,70.6,68.8,65.4001,64.6001,70.6,70.7999,72,72.4,75.2001,71.6001
70,65.3999,68.4,73.0001,75.9999,60.9999,70.2001,68.8,68.8,68.6001,77.2,68.2
67.0001,72.0001,63.6,69.6001,69.6001,68.6001,67.8001,58.4,67.6001,75,67.9999,71.7999


========================================================
Test11 (ADC Calibration) results 2008-11-26 11:17:25
Board ID139 36 channels
Host: ufcmshv3
Linux calibration software

Calibration DAC Range: [1000 - 3500]

A:
0.7652,0.756,0.768,0.7632,0.7736,0.7484,0.7564,0.7692,0.764,0.7676,0.7632,0.7624
0.7644,0.762,0.772,0.766,0.762,0.7716,0.7632,0.7852,0.7636,0.7664,0.7572,0.7508
0.766,0.7664,0.7684,0.7524,0.7624,0.7664,0.7736,0.7636,0.7664,0.754,0.748,0.7652


B:
66.7999,78.0001,72,68.8,65.4001,64.6001,70.6,70.7999,71,72.4,73.8,71.6001
68.6,63.9999,67.9999,73.0001,75.9999,62.4,68.8,68.8,67.4,68.6001,76.8,68.2
67.0001,71.6001,63.6,69.6001,69.6001,68.6001,66.4001,58.4,67.6001,75,67.9999,71.7999


========================================================
Test11 (ADC Calibration) results 2008-11-26 11:28:28
Board ID139 36 channels
Host: ufcmshv3
Linux calibration software

Calibration DAC Range: [1000 - 3500]

A:
0.7656,0.756,0.768,0.7632,0.7732,0.7636,0.7568,0.7692,0.764,0.7676,0.7628,0.7624
0.7644,0.7624,0.772,0.7664,0.7624,0.772,0.7628,0.7852,0.7636,0.7668,0.7692,0.7652
0.766,0.766,0.7684,0.7528,0.7632,0.7668,0.7732,0.7644,0.7664,0.7544,0.7496,0.7652


B:
65.3999,78.0001,72,68.8,65.8001,69.4,70.2,70.7999,71,72.4,75.2001,71.6001
68.6,63.6001,67.9999,71.6001,74.6001,60.9999,70.2001,69.8,67.4,67.2001,74.7999,65.7999
67.0001,72.0001,62.6,69.2,67.8,67.2001,66.8001,56.6,67.6001,74.5999,66.4,71.7999


========================================================
Test11 (ADC Calibration) results 2008-11-27 17:12:11
Board ID139 36 channels
Host: ufcmshv3
Linux calibration software

Calibration DAC Range: [1000 - 3500]

A:
0.7656,0.7564,0.768,0.7636,0.7736,0.764,0.7564,0.7692,0.764,0.7676,0.7628,0.762
0.7648,0.762,0.7716,0.7664,0.7616,0.772,0.7632,0.7848,0.7636,0.7668,0.7688,0.7652
0.766,0.766,0.7684,0.7528,0.7628,0.7668,0.7724,0.7636,0.7664,0.754,0.7496,0.7656


B:
65.3999,76.6,72,67.4,65.4001,69,70.6,70.7999,71,72.4,75.2001,72.9999
67.2,63.9999,68.4,71.6001,76.3999,60.9999,68.8,71.2,67.4,67.2001,75.1999,65.7999
66.0001,72.0001,63.6,69.2,68.2001,67.2001,68.5999,58.4,67.6001,75,66.4,70.3999


