========================================================

Test10 results 12-16-2005  17:36:44
Board ID137  36 channels
HV Tests Software Ver.1.6

+5V 2521 - O'k
-5V 1296 - O'k
Interlock - On

Voltmeter channel: A=1.077006, B=10.769841

A:
Limits 1.1 +/- 0.1
1.079331,1.086366,1.067236,1.066667,1.06553,1.070664,1.068947,1.068376,1.068947,1.086957,1.068947,1.077006
1.080497,1.075269,1.079914,1.080497,1.081666,1.080497,1.079914,1.068376,1.075847,1.082837,1.072961,1.077586
1.074114,1.087548,1.077586,1.081081,1.075847,1.085776,1.072961,1.075847,1.066098,1.080497,1.081666,1.072386


B:
Limits 0.0 +/- 35.0
8.634694,7.604739,18.143127,10.666458,19.179689,5.353326,12.827404,13.888905,6.413721,8.695728,7.482668,7.538823
10.804978,12.903049,11.879015,7.563487,9.735032,6.48299,5.399534,10.683776,4.303246,10.828545,6.437928,9.698398
4.296494,6.525431,8.620811,9.729908,8.606635,9.771991,7.51089,11.834177,5.330442,9.724482,11.898364,7.506824
========================================================
Test10 (ADC Calibration) results 2007-10-25 11:41:14
Board ID137 36 channels
Linux calibration software

Voltmeter channel: A=1.0768, B=10.6151

A:
1.07984,1.08579,1.06954,1.0664,1.06653,1.07005,1.06964,1.06897,1.06856,1.08741,1.06914,1.07618
1.08,1.0751,1.0803,1.08069,1.08223,1.07898,1.07937,1.06846,1.07618,1.08213,1.07208,1.07716
1.0735,1.08786,1.07848,1.08274,1.07659,1.08614,1.07378,1.07681,1.06602,1.08041,1.085,1.07202


B:
1.32669,5.5938,7.88891,7.01091,11.3724,3.10573,7.4905,6.5404,2.39373,3.27514,2.00327,5.09798
8.51991,9.62102,5.17397,3.60296,3.5633,6.9681,2.76215,5.71741,-0.444939,9.17485,5.45689,6.31872
1.65182,2.41532,2.04758,3.13246,2.11743,4.2082,1.75111,7.30774,1.21639,6.80596,1.43993,2.66739


========================================================
Test10 (ADC Calibration) results 2008-06-17 15:59:19
Board ID137 36 channels
Linux calibration software

Voltmeter channel: A=1.07, B=0

A:
1.08825,1.07552,1.08529,1.08287,1.08314,1.08744,1.08645,1.08618,1.08484,1.10425,1.08591,1.07614
1.09752,1.09178,1.09725,1.09706,1.09945,1.09651,1.09633,1.08538,1.09296,1.09954,1.0897,1.09414
1.0906,1.10434,1.09469,1.0989,1.09241,1.10314,1.09024,1.06792,1.08171,1.09789,1.09341,1.08933


B:
9.6314,23.7371,7.58973,6.36074,10.8779,1.24405,5.85758,5.89025,4.31597,3.93564,3.09894,18.6505
6.35437,9.65644,6.82581,5.01895,3.2673,5.74314,2.62188,5.33619,-0.171852,8.24017,3.94186,6.17221
1.14142,4.07198,3.91738,4.8723,4.04804,4.95175,2.56725,22.613,3.11078,6.45736,10.5596,3.62241


========================================================
Test10 (ADC Calibration) results 2008-06-20 22:47:11
Board ID137 36 channels
Linux calibration software

Voltmeter channel: A=1.07, B=0

A:
1.08753,1.07578,1.08529,1.08305,1.08305,1.08735,1.086,1.08618,1.08502,1.10444,1.08609,1.06351
1.09706,1.09178,1.09743,1.09734,1.09954,1.0967,1.09624,1.08529,1.09305,1.09936,1.08979,1.09414
1.09069,1.10407,1.0946,1.0989,1.0925,1.10295,1.09024,1.05795,1.08171,1.0977,1.09187,1.08906


B:
7.46751,16.3937,6.50444,5.11165,10.5269,0.892462,6.05655,5.67267,3.06485,3.1033,2.49813,17.1279
6.99372,9.00127,5.99975,3.8886,2.74247,5.13632,2.48701,5.20215,-0.692985,8.1886,3.42188,5.29684
0.621408,3.66371,3.78286,4.21312,3.74553,4.23904,2.34925,17.0483,2.46205,6.62524,10.8835,3.65573


