

========================================================
Test10 (ADC Calibration) results 2014-03-06 15:19:06
Board ID502 30 channels
Host: ufcmshv1
Linux calibration software

Voltmeter channel: A=1.11325, B=-2.03181

A:
1.07943,1.07702,1.07302,1.08087,1.07399,1.08015,1.07169,1.10936,1.0673,1.11977
1.07399,1.07205,1.06896,1.07196,1.07302,1.12141,1.09185,1.08078,1.07055,1.09997
1.07302,1.06563,1.10025,1.07488,1.07684,1.09121,1.07648,1.06738,1.0755,1.0673


B:
-5.36068,-1.82693,-3.26881,-0.857027,-2.24477,-1.70643,-2.24677,-2.75294,-2.41592,-3.40208
-1.60013,-1.93341,-0.769506,-1.85112,-0.479115,-2.84985,-2.25915,-1.20606,-1.60587,-2.87706
-1.33732,-2.35198,-4.23101,-0.92076,-1.87706,-2.1086,-1.76158,-1.6441,-2.1438,-1.77569


========================================================
Test10 (ADC Calibration) results 2014-03-06 15:39:29
Board ID502 30 channels
Host: ufcmshv1
Linux calibration software

Voltmeter channel: A=1.11316, B=-1.94599

A:
1.07952,1.07684,1.07302,1.08078,1.07373,1.08024,1.07152,1.10926,1.0673,1.11967
1.07426,1.07205,1.06887,1.07258,1.07329,1.1217,1.09176,1.08105,1.0709,1.09988
1.07293,1.06563,1.10007,1.07497,1.07675,1.09121,1.07648,1.06721,1.0755,1.06721


B:
-5.65994,-1.01554,-3.05426,-0.55775,-1.56752,-2.00519,-1.65367,-2.6679,-2.62958,-2.86803
-2.06244,-1.71865,-0.901573,-3.28584,-1.58483,-3.33296,-2.39373,-1.67174,-2.36287,-2.13256
-1.46954,-2.35198,-3.62176,-1.00318,-1.36367,-2.32718,-2.19207,-0.839744,-1.92875,-1.47977


