========================================================

Test10 results 06-27-2005  15:38:25
Board ID348  30 channels
HV Tests Software Ver.1.6

+5V 2531 - O'k
-5V 1322 - O'k
Interlock - On

Voltmeter channel: A=1.082837, B=9.745708

A:
Limits 1.1 +/- 0.1
1.079914,1.06383,1.071811,1.074691,1.079914,1.079914,1.074114,1.076426,1.072961,1.073537
1.071237,1.068376,1.074114,1.080497,1.055409,1.076426,1.072961,1.072961,1.077006,1.075269
1.068376,1.077586,1.073537,1.079914,1.077586,1.079331,1.072386,1.076426,1.077586,1.079914


B:
Limits 0.0 +/- 30.0
3.239707,20.212795,8.57465,2.149267,8.639275,3.239707,12.889404,10.764252,8.583851,8.588134
13.925911,4.27352,12.889404,12.965973,6.332516,-1.049042e-005,10.729774,6.437928,11.846848,1.075092
17.094032,3.232881,3.220447,4.31962,10.775984,2.15871,5.362052,5.382121,1.077708,11.879015
========================================================
Test10 (ADC Calibration) results 2007-11-26 10:29:16
Board ID348 30 channels
Linux calibration software

Voltmeter channel: A=1.07711, B=-1217.35

A:
1.07815,1.06852,1.071,1.07444,1.08217,1.07992,1.0774,1.07746,1.07752,1.07706
1.07219,1.06819,1.07829,1.07887,1.05561,1.07593,1.07207,1.07299,1.08151,1.07674
1.07233,1.0799,1.07309,1.08042,1.08576,1.07851,1.07286,1.0826,1.07809,1.0863


B:
3.54838,9.74594,5.40622,0.221295,3.52407,-0.896748,11.6934,6.15693,2.95612,7.77715
7.7579,1.49298,7.00434,12.732,4.00643,-2.6465,8.52825,4.91698,7.28043,0.0688303
15.0607,-0.272943,1.38865,0.580551,6.83072,0.513012,3.8612,3.59213,-0.782803,7.96444


