========================================================

Test11 results 06-27-2005  15:40:13
Board ID348  30 channels
HV Tests Software Ver.1.6

+5V 2530 - O'k
-5V 1322 - O'k
Interlock - On
Calibration DAC Range: [2500 - 2900]


A:
Limits 0.76 +/- 0.04
0.735294,0.747664,0.743494,0.740741,0.736648,0.738007,0.742115,0.740741,0.742115,0.740741
0.742115,0.744879,0.739372,0.733945,0.753296,0.738007,0.740741,0.740741,0.738007,0.740741
0.744879,0.736648,0.740741,0.739372,0.736648,0.738007,0.740741,0.740741,0.736648,0.736648


B:
Limits 60.0 +/- 30.0
70.785217,57.287689,59.898937,65.930717,64.77932,57.157425,52.766651,57.372597,63.719189,68.176811
64.230659,63.577347,64.94735,72.071571,65.794785,76.595886,60.162853,68.971626,60.103149,62.086861
52.588745,80.483818,69.766441,70.336128,69.302086,69.046806,68.900917,58.104477,77.24012,63.188229
========================================================
Test11 (DAC Calibration) results 2007-11-26 10:29:16
Board ID348 30 channels
Linux calibration software
Calibration DAC Range: [1100 - 2700]

A:
0.736852,0.743494,0.741771,0.73903,0.734484,0.736377,0.737735,0.737327,0.73692,0.737599
0.740947,0.744463,0.737123,0.735632,0.752587,0.738007,0.741771,0.740398,0.735294,0.738552
0.741221,0.735294,0.740329,0.739713,0.731328,0.736241,0.741221,0.734551,0.737259,0.731328


B:
70.1759,69.5166,71.1636,73.9309,71.2815,66.8631,61.2689,71.4285,75.092,73.4095
72.6034,69.0675,69.5015,71.5862,71.364,80.8119,62.2624,72.3275,63.2353,68.5376
58.7325,83.8236,74.94,71.7984,73.0689,79.275,69.7026,69.1307,76.8315,70.1436


