========================================================

Test10 results 01-18-2006  16:49:50
Board ID157  36 channels
HV Tests Software Ver.1.6

+5V 2484 - O'k
-5V 1374 - O'k
Interlock - On

Voltmeter channel: A=1.082251, B=14.069302

A:
Limits 1.1 +/- 0.1
1.073537,1.077586,1.084599,1.071811,1.085187,1.078749,1.075269,1.071811,1.081081,1.076426,1.072386,1.085187
1.078167,1.077006,1.079331,1.079331,1.074691,1.082837,1.079914,1.072961,1.082837,1.084011,1.086957,1.077006
1.083424,1.081666,1.075269,1.089325,1.084599,1.06553,1.078167,1.084599,1.089325,1.071237,1.094092,1.084011


B:
Limits 0.0 +/- 35.0
7.514596,11.85357,9.761528,6.431027,8.68149,9.708548,11.827781,12.861896,12.973151,11.840678,11.796368,10.851865
9.703633,7.538823,8.634694,12.952018,12.896177,12.994219,9.719189,16.09458,16.242729,11.924122,7.608772,14.000859
13.001099,10.816698,12.903049,11.982663,11.930725,12.786509,11.859968,10.846127,8.714689,11.783437,12.035053,5.420056
========================================================
Test10 (ADC Calibration) results 2007-10-26 10:55:30
Board ID157 36 channels
Linux calibration software

Voltmeter channel: A=1.08147, B=18.2332

A:
1.07244,1.07908,1.08619,1.07164,1.08546,1.079,1.0758,1.072,1.08264,1.07694,1.07254,1.085
1.07834,1.077,1.08068,1.08034,1.07427,1.08246,1.08004,1.0744,1.0851,1.08519,1.08709,1.07804
1.0834,1.0826,1.0766,1.0904,1.0856,1.06673,1.07944,1.08659,1.089,1.0714,1.09653,1.0841


B:
6.26435,7.30446,4.68168,4.09112,5.87089,8.03801,8.17585,10.0559,6.93672,7.4726,7.35365,9.36987
6.1257,6.28593,2.72892,8.48393,11.1579,10.9476,7.46887,10.9678,10.1573,7.13674,4.26744,10.0319
10.9647,5.27196,8.1053,8.57846,8.23194,7.71428,6.31708,4.99597,9.43604,8.22239,0.212688,2.52012


