========================================================

Test10 results 04-18-2005  12:26:46
Board ID293  30 channels
HV Tests Software Ver.1.6

+5V 2514 - O'k
-5V 1371 - O'k
Interlock - On

Voltmeter channel: A=1.079331, B=7.555364

A:
Limits 1.1 +/- 0.1
1.070664,1.071811,1.087548,1.074114,1.091107,1.077586,1.072386,1.075269,1.084599,1.081081
1.085187,1.089918,1.079914,1.077586,1.072961,1.075269,1.080497,1.085187,1.069519,1.084599
1.072961,1.075269,1.082251,1.091703,1.075847,1.076426,1.071811,1.067806,1.077006,1.085776


B:
Limits 0.0 +/- 30.0
5.353326,9.646461,9.788074,6.444721,4.36438,1.077708,4.289666,11.827781,5.423133,4.324503
6.511116,9.809265,2.159793,7.543225,2.146083,8.601974,6.48299,5.425929,9.625785,11.930725
12.875696,6.451437,4.329042,3.275107,7.530788,6.458547,8.57465,11.745905,7.538823,1.08578
========================================================
Test10 (ADC Calibration) results 2008-04-16 09:47:47
Board ID293 30 channels
Linux calibration software

Voltmeter channel: A=1.07527, B=-1457.75

A:
1.06946,1.07186,1.08714,1.07621,1.05566,1.07778,1.07086,1.07591,1.08385,1.0801
1.08459,1.08868,1.07854,1.07681,1.07325,1.07421,1.0793,1.08369,1.06836,1.08767
1.07282,1.07431,1.08219,1.09037,1.07551,1.07481,1.07106,1.06773,1.07575,1.08453


B:
3.36962,3.8181,4.85247,1.6896,44.2306,-1.11834,5.16781,6.24783,1.15128,2.83139
3.51192,7.45009,1.36565,6.6873,-0.590084,6.74391,3.46294,4.15525,8.60103,7.60616
8.21058,4.83733,0.640173,-0.688426,3.74146,7.2667,4.18003,7.28885,5.98129,-0.0362711


========================================================
Test10 (ADC Calibration) results 2008-04-16 16:20:11
Board ID293 30 channels
Linux calibration software

Voltmeter channel: A=1.07468, B=-1455.78

A:
1.06926,1.07112,1.0865,1.07557,1.07439,1.07758,1.07032,1.07645,1.08375,1.0801
1.08503,1.08932,1.07854,1.07681,1.07272,1.07475,1.0794,1.08329,1.06826,1.08747
1.07262,1.07421,1.082,1.08917,1.07591,1.07501,1.07002,1.06783,1.07575,1.08473


B:
4.02915,6.23874,6.76447,3.58599,11.7415,-0.658766,5.85987,5.15377,1.48064,2.83139
1.85657,5.32878,1.36565,6.6873,0.102451,6.04851,3.13388,6.55362,8.93069,7.66558
8.46743,4.96655,0.898363,0.0632261,3.22763,6.60895,6.98803,7.15954,5.98129,-0.6954


========================================================
Test10 (ADC Calibration) results 2008-06-19 12:08:44
Board ID293 30 channels
Linux calibration software

Voltmeter channel: A=1.07, B=0

A:
1.08692,1.08854,1.10453,1.09461,1.09197,1.09479,1.08845,1.09252,1.10093,1.09726
1.10167,1.10649,1.09588,1.09443,1.09089,1.09197,1.0968,1.10093,1.0854,1.10686
1.08908,1.0908,1.09891,1.10863,1.09234,1.09225,1.08791,1.08549,1.09215,1.10176


B:
1.29434,3.48867,5.00208,2.89543,8.82127,-0.775945,2.04805,7.2289,0.805735,1.76872
2.11099,5.87729,-0.255207,3.72057,-0.433584,3.3614,1.75175,3.44825,7.05486,5.75966
9.3034,4.88646,-0.190971,-0.73073,3.02669,5.51277,3.63742,3.71546,4.50484,-1.05883


========================================================
Test10 (ADC Calibration) results 2008-07-17 09:50:45
Board ID293 30 channels
Linux calibration software

Voltmeter channel: A=1.07, B=0

A:
1.08748,1.08907,1.10476,1.09529,1.09246,1.09577,1.08898,1.09368,1.10158,1.09776
1.10245,1.10746,1.09653,1.0951,1.09189,1.09217,1.09748,1.10168,1.08589,1.10756
1.08982,1.09151,1.09957,1.10902,1.09349,1.09359,1.08813,1.08608,1.09048,1.10226


B:
0.774049,3.21385,5.46081,2.70282,8.37826,-1.67912,1.7764,5.93702,0.203641,1.52245
1.61418,4.76397,-0.627829,3.53462,-1.14688,3.83293,1.3463,3.19997,7.02809,5.11889
7.96713,4.22399,-0.807386,-0.420283,1.51847,3.837,4.08197,3.59729,4.74352,-1.2959


========================================================
Test10 (ADC Calibration) results 2008-07-19 11:33:18
Board ID293 30 channels
Linux calibration software

Voltmeter channel: A=1.07, B=0

A:
1.08739,1.08916,1.10485,1.09529,1.09246,1.09548,1.08879,1.09321,1.10139,1.09767
1.10235,1.10698,1.09653,1.09472,1.09189,1.09236,1.09748,1.10158,1.08589,1.10737
1.08991,1.0917,1.09919,1.10911,1.09321,1.09312,1.08767,1.08608,1.08739,1.10245


B:
1.07856,2.90883,4.93061,2.48382,7.94151,-1.41588,2.16788,6.80968,0.820303,1.60956
1.48181,5.20487,-0.627829,3.66509,-1.36521,3.22163,1.3463,2.62707,6.59397,5.73823
8.09846,4.04974,0.204533,-1.17433,2.21825,4.4914,4.08047,3.38012,7.16776,-1.69316


========================================================
Test10 (ADC Calibration) results 2008-07-19 17:28:33
Board ID293 30 channels
Linux calibration software

Voltmeter channel: A=1.07, B=0

A:
1.08748,1.08916,1.10514,1.09529,1.09246,1.09548,1.08879,1.09359,1.10111,1.09776
1.10235,1.10708,1.09643,1.09463,1.09198,1.09274,1.09748,1.10139,1.08571,1.10756
1.08982,1.09123,1.09929,1.10921,1.09321,1.09312,1.08767,1.0858,1.08599,1.10206


B:
0.556606,2.69105,4.22484,2.92221,7.94151,-1.19684,2.16788,6.02417,1.30458,1.30295
1.48181,5.33842,-0.759551,4.19045,-1.89011,2.65453,1.12686,3.24331,7.20132,4.89743
7.96713,4.48499,-0.323505,-1.04168,1.99927,4.27283,3.6455,3.85762,8.46265,-1.33955


