========================================================

Test11 results 04-18-2005  12:28:05
Board ID293  30 channels
HV Tests Software Ver.1.6

+5V 2513 - O'k
-5V 1372 - O'k
Interlock - On
Calibration DAC Range: [2500 - 2900]


A:
Limits 0.76 +/- 0.04
0.744879,0.746269,0.733945,0.743494,0.735294,0.742115,0.746269,0.743494,0.736648,0.739372
0.736648,0.735294,0.738007,0.743494,0.746269,0.743494,0.740741,0.736648,0.747664,0.738007
0.747664,0.742115,0.738007,0.736648,0.743494,0.740741,0.746269,0.747664,0.742115,0.738007


B:
Limits 60.0 +/- 30.0
62.441841,54.250336,64.793404,64.903549,50.284046,57.09161,54.100937,54.003983,62.865585,63.276543
59.727276,49.333694,69.112206,53.341084,58.977371,54.003983,54.818523,62.066528,53.281044,48.134312
48.203285,61.609524,62.186001,57.205479,59.531364,64.68235,54.825886,56.479607,57.891342,53.743603
========================================================
Test11 (DAC Calibration) results 2008-04-16 09:47:47
Board ID293 30 channels
Linux calibration software
Calibration DAC Range: [1100 - 2700]

A:
0.746547,0.744879,0.733676,0.741496,0.755929,0.741152,0.745573,0.741702,0.735903,0.738825
0.735768,0.733003,0.740261,0.741084,0.743909,0.742873,0.739372,0.736377,0.747314,0.734417
0.74384,0.742804,0.737395,0.735903,0.741977,0.742459,0.745434,0.747384,0.742184,0.736174


B:
60.3585,64.0223,69.9193,69.3206,34.7445,62.3866,61.4166,63.5455,69.4418,70.0775
66.3937,61.9206,65.8555,63.2236,67.3052,59.9776,65.6192,66.7158,58.8417,57.5693
66.0622,63.7882,66.9095,66.2035,69.3934,62.7842,62.952,61.1361,62.4269,64.498


========================================================
Test11 (DAC Calibration) results 2008-04-16 16:20:11
Board ID293 30 channels
Linux calibration software
Calibration DAC Range: [1100 - 2700]

A:
0.746687,0.745018,0.733743,0.741565,0.743494,0.74129,0.745573,0.741702,0.735971,0.738825
0.735835,0.732936,0.740261,0.741084,0.743909,0.742873,0.739303,0.736648,0.747384,0.734551
0.743978,0.742873,0.737531,0.736716,0.741702,0.742322,0.745782,0.747314,0.742184,0.736038


B:
59.8656,63.5315,69.8249,69.225,57.6207,62.0461,61.4166,63.8421,69.1996,70.0775
66.2987,62.1622,65.8555,63.2236,67.3052,59.9776,65.8626,65.7458,58.5946,57.5245
65.8701,63.692,66.7189,65.6506,69.7757,63.2734,62.1701,61.2331,62.4269,64.983


========================================================
Test11 (ADC Calibration) results 2008-06-19 12:56:33
Board ID293 30 channels
Linux calibration software

Calibration DAC Range: [1000 - 3500]

A:
0.7344,0.7332,0.7224,0.7284,0.7312,0.7296,0.7336,0.7308,0.7248,0.7272
0.7244,0.7212,0.7284,0.7288,0.7312,0.7308,0.7272,0.7248,0.7356,0.7212
0.7324,0.7316,0.726,0.724,0.7304,0.7304,0.7336,0.7352,0.7308,0.7244


B:
62.6001,64.7999,69.6,70.6,60.8001,62.4,63.3999,62.2001,69.2,70.8001
66.6001,62.8,67.6,66.2,68.8001,63.2001,67.8001,68.2,60.4,59.8
66.6,64.4,68,66.0001,70.5999,64.5999,64.3999,63.8,64.2001,66.6001


========================================================
Test11 (ADC Calibration) results 2008-07-17 10:58:43
Board ID293 30 channels
Linux calibration software

Calibration DAC Range: [1000 - 3500]

A:
0.734,0.7328,0.7216,0.7284,0.7304,0.7288,0.7332,0.7296,0.7244,0.7268
0.724,0.7208,0.728,0.7284,0.7312,0.7308,0.7264,0.7244,0.7352,0.7208
0.732,0.7312,0.726,0.7236,0.7292,0.73,0.7332,0.7352,0.7324,0.7244


B:
62.9999,65.2,70.4,69.6,61.5999,63.2,63.8,64.4,69.6001,71.1999
67.0001,63.2001,68.0001,66.6,67.8001,62.2001,68.5999,67.6001,60.8,60.2001
67,63.8001,67,66.4001,72.8,63.9999,64.7999,63.8,62.6,65.6001


========================================================
Test11 (ADC Calibration) results 2008-07-20 18:37:46
Board ID293 30 channels
Linux calibration software

Calibration DAC Range: [1000 - 3500]

A:
0.734,0.7328,0.7216,0.7284,0.7308,0.7284,0.7332,0.73,0.7244,0.7268
0.7236,0.7212,0.728,0.7292,0.7312,0.7304,0.7272,0.7244,0.7348,0.7208
0.732,0.7312,0.7256,0.7236,0.73,0.73,0.7336,0.7348,0.7344,0.7244


B:
61.9999,65.2,70.4,69.6,61.2001,64.6,63.8,63.9999,69.6001,71.1999
68.4001,62.8,68.0001,64.8,67.8001,62.5999,66.8001,68.6001,61.2001,60.2001
67,63.8001,68.4,66.4001,69.9999,64.9999,65.3999,64.2001,60.6001,65.6001


========================================================
Test11 (ADC Calibration) results 2008-07-24 23:03:59
Board ID293 30 channels
Linux calibration software

Calibration DAC Range: [1000 - 3500]

A:
0.734,0.7332,0.722,0.728,0.7308,0.7288,0.7332,0.7296,0.7248,0.7264
0.724,0.7208,0.728,0.7288,0.7308,0.73,0.7272,0.724,0.7352,0.7212
0.732,0.7312,0.7256,0.7236,0.7296,0.7304,0.7336,0.7344,0.7356,0.7244


B:
62.9999,64.7999,70,71.0001,61.2001,64.2,63.8,64.4,69.2,72.5999
68.0001,63.2001,68.0001,65.2,69.2001,63.9999,67.8001,69.0001,60.8,59.8
67,64.8001,68.4,66.4001,71.4,63.5999,64.3999,65.6001,60.4,65.6001


========================================================
Test11 (ADC Calibration) results 2008-08-12 23:20:39
Board ID293 30 channels
Linux calibration software

Calibration DAC Range: [1000 - 3500]

A:
0.734,0.7328,0.7216,0.7272,0.7308,0.7284,0.7332,0.7292,0.724,0.7268
0.7236,0.7208,0.7276,0.7288,0.7304,0.7304,0.7264,0.7236,0.7352,0.7196
0.732,0.7308,0.726,0.7232,0.7292,0.73,0.7336,0.7344,0.7356,0.7244


B:
62.9999,65.2,70.4,69.8001,61.2001,63.6,63.8,64.8,71.0001,71.1999
68.4001,63.2001,68.4001,65.2,69.5999,62.5999,68.5999,69.4001,60.8,61.3999
67,65.2001,67,66.7999,72.8,64.9999,64.3999,64.6001,60.4,65.6001


========================================================
Test11 (ADC Calibration) results 2008-08-13 01:14:42
Board ID293 30 channels
Linux calibration software

Calibration DAC Range: [1000 - 3500]

A:
0.734,0.7324,0.7208,0.7272,0.7308,0.7284,0.7328,0.7292,0.7248,0.7264
0.7236,0.7208,0.728,0.7288,0.7304,0.7308,0.7268,0.7236,0.7352,0.72
0.732,0.7308,0.7256,0.7232,0.7292,0.73,0.7336,0.7348,0.7356,0.7244


B:
62.9999,66.6,72.2001,69.8001,61.2001,63.6,64.2,64.8,69.2,72.5999
68.4001,63.2001,68.0001,65.2,69.5999,62.2001,67.1999,69.4001,60.8,59.9999
67,65.2001,68.4,66.7999,71.8,64.9999,64.3999,64.2001,60.4,65.6001


========================================================
Test11 (DAC Calibration) results 2008-08-27 10:33:42
Board ID293 30 channels
Linux calibration (server mode)

Calibration DAC Range: [3100 - 3500]

A:
0.752,0.751429,0.741429,0.746571,0.748286,0.746571,0.751143,0.747714,0.744,0.747143
0.743143,0.738857,0.746857,0.747429,0.750286,0.748,0.746,0.743429,0.752,0.737143
0.751143,0.749429,0.745143,0.742286,0.749714,0.748571,0.751429,0.753143,0.752857,0.742571


B:
0.0,0.0,0.0,0.0,0.0,0.0,0.0,0.0,0.0,0.0
0.0,0.0,0.0,0.0,0.0,0.0,0.0,0.0,0.0,0.0
0.0,0.0,0.0,0.0,0.0,0.0,0.0,0.0,0.0,0.0


========================================================
Test11 (ADC Calibration) results 2008-08-27 13:08:29
Board ID293 30 channels
Linux calibration software

Calibration DAC Range: [1000 - 3500]

A:
0.734,0.7332,0.7216,0.7264,0.7304,0.728,0.7328,0.7292,0.724,0.7268
0.7236,0.7208,0.728,0.7288,0.7304,0.73,0.7268,0.724,0.7348,0.7196
0.732,0.7308,0.7256,0.724,0.7296,0.73,0.7336,0.7344,0.7376,0.724


B:
61.9999,63.8,70.4,70.5999,61.5999,65.0001,64.2,64.8,70.0001,71.1999
67.4001,63.2001,68.0001,65.2,68.5999,62.9999,68.1999,69.0001,61.2001,60.3999
67,65.2001,68.4,65.0001,71.4,63.9999,64.3999,64.6001,59.3999,66.0001


========================================================
Test11 (DAC Calibration) results 2008-08-28 18:58:25
Board ID293 30 channels
Linux calibration (server mode)

Calibration DAC Range: [3100 - 3500]

A:
0.7475,0.74,0.7325,0.74,0.735,0.7425,0.74,0.7325,0.735,0.7325
0.73,0.73,0.7375,0.74,0.7375,0.7375,0.735,0.73,0.745,0.7275
0.7375,0.74,0.7375,0.7375,0.7375,0.7375,0.7425,0.745,0.7475,0.735


B:
47.7,71.0,64.2,57.0,76.5,47.2,71.0,85.2,64.5,82.2
76.0,63.0,65.7,58.0,74.7,69.7,71.5,78.0,58.5,63.7
78.7,64.0,58.7,49.7,74.7,69.7,65.2,60.5,64.7,60.5


========================================================
Test11 (DAC Calibration) results 2008-08-30 18:23:02
Board ID293 30 channels
Linux calibration (server mode)

Calibration DAC Range: [3100 - 3500]

A:
0.7475,0.7375,0.73,0.74,0.7425,0.74,0.7425,0.735,0.7325,0.735
0.7325,0.73,0.7375,0.7375,0.7425,0.7375,0.735,0.735,0.745,0.725
0.7375,0.74,0.7325,0.735,0.74,0.735,0.7425,0.745,0.7425,0.735


B:
50.7,82.7,74.0,59.0,55.2,58.0,65.2,78.5,75.2,75.5
71.2,65.0,67.7,68.7,61.2,71.7,73.5,65.5,60.5,74.5
80.7,67.0,78.2,60.5,69.0,81.5,67.2,62.5,81.2,62.5


========================================================
Test11 (DAC Calibration) results 2008-08-30 21:24:24
Board ID293 30 channels
Linux calibration (server mode)

Calibration DAC Range: [3100 - 3500]

A:
0.7225,0.72,0.71,0.7175,0.7175,0.715,0.7225,0.715,0.71,0.715
0.71,0.7125,0.7125,0.715,0.72,0.72,0.715,0.715,0.7225,0.705
0.715,0.7125,0.7175,0.71,0.715,0.7175,0.72,0.725,0.7275,0.71


B:
65.2,72.0,74.0,65.8,70.8,72.5,63.2,77.5,81.0,75.5
78.0,56.3,83.3,75.5,68.0,62.0,71.5,64.5,67.2,74.5
87.5,90.3,58.8,75.0,83.5,70.8,74.0,61.5,66.7,77.0


========================================================
Test11 (DAC Calibration) results 2008-08-30 21:52:06
Board ID293 30 channels
Linux calibration (server mode)

Calibration DAC Range: [3100 - 3500]

A:
0.7475,0.7425,0.7325,0.7375,0.7375,0.74,0.7425,0.7375,0.7325,0.7375
0.735,0.7325,0.7375,0.7375,0.74,0.7375,0.7375,0.7375,0.745,0.73
0.745,0.74,0.735,0.7325,0.7375,0.7425,0.745,0.745,0.75,0.7325


B:
51.7,65.2,67.2,67.7,72.7,58.0,65.2,71.7,75.2,68.7
63.5,57.2,68.7,69.7,70.0,72.7,64.7,56.7,60.5,59.0
57.5,68.0,69.5,68.2,77.7,56.2,60.5,63.5,61.0,70.2


========================================================
Test11 (DAC Calibration) results 2008-08-31 12:06:25
Board ID293 30 channels
Linux calibration (server mode)

Calibration DAC Range: [3100 - 3500]

A:
0.7475,0.7425,0.7325,0.7325,0.7425,0.74,0.7475,0.7375,0.7375,0.7325
0.735,0.7275,0.735,0.7425,0.745,0.7425,0.7375,0.7325,0.745,0.73
0.745,0.74,0.735,0.7325,0.7425,0.7425,0.74,0.745,0.7525,0.7375


B:
50.7,66.2,66.2,84.2,56.2,58.0,48.7,70.7,58.7,85.2
63.5,73.7,78.5,53.2,54.5,56.2,65.7,73.2,60.5,59.0
57.5,68.0,69.5,69.2,61.2,57.2,78.0,63.5,58.3,53.7


========================================================
Test11 (DAC Calibration) results 2008-08-31 16:15:30
Board ID293 30 channels
Linux calibration (server mode)

Calibration DAC Range: [3100 - 3500]

A:
0.7475,0.7425,0.7325,0.7375,0.7375,0.74,0.74,0.7375,0.7325,0.7375
0.735,0.7325,0.7425,0.7375,0.74,0.7375,0.7375,0.7375,0.745,0.73
0.745,0.74,0.735,0.7325,0.7375,0.7375,0.7475,0.745,0.755,0.7325


B:
51.7,65.2,67.2,67.7,72.7,58.0,74.0,71.7,75.2,68.7
63.5,57.2,52.2,69.7,70.0,72.7,64.7,56.7,60.5,59.0
57.5,68.0,69.5,68.2,77.7,73.7,51.7,63.5,45.5,70.2


========================================================
Test11 (DAC Calibration) results 2008-08-31 18:30:26
Board ID293 30 channels
Linux calibration (server mode)

Calibration DAC Range: [3100 - 3500]

A:
0.7425,0.7425,0.7275,0.7325,0.7375,0.74,0.74,0.7375,0.7375,0.7375
0.735,0.7275,0.735,0.7375,0.74,0.7425,0.7325,0.7325,0.745,0.73
0.74,0.74,0.735,0.735,0.7375,0.7375,0.7425,0.745,0.75,0.7375


B:
68.2,66.2,83.7,84.2,71.7,58.0,74.0,70.7,58.7,67.7
63.5,73.7,77.5,68.7,70.0,56.2,81.2,73.2,60.5,59.0
73.0,68.0,69.5,61.5,76.7,72.7,68.2,63.5,63.0,53.7


========================================================
Test11 (DAC Calibration) results 2008-09-01 15:18:51
Board ID293 30 channels
Linux calibration (server mode)

Calibration DAC Range: [3100 - 3500]

A:
0.7425,0.7425,0.7275,0.7325,0.7425,0.74,0.74,0.7375,0.7375,0.7325
0.735,0.7275,0.7375,0.7425,0.74,0.7375,0.7375,0.7325,0.745,0.73
0.74,0.74,0.735,0.73,0.745,0.7375,0.7475,0.745,0.75,0.7325


B:
67.2,65.2,82.7,83.2,55.2,58.0,74.0,69.7,57.7,84.2
63.5,72.7,68.7,52.2,70.0,72.7,64.7,72.2,60.5,59.0
73.0,68.0,69.5,77.0,52.5,71.7,51.7,63.5,63.0,70.2


