========================================================

Test10 results 01-31-2006  15:54:47
Board ID437  30 channels
HV Tests Software Ver.1.6

+5V 2499 - O'k
-5V 1325 - O'k
Interlock - On

Voltmeter channel: A=1.078167, B=6.469132

A:
Limits 1.1 +/- 0.1
1.083424,1.077006,1.086366,1.081666,1.089325,1.076426,1.082837,1.091107,1.076426,1.084011
1.078167,1.080497,1.080497,1.076426,1.075847,1.077006,1.083424,1.084011,1.086957,1.073537
1.078749,1.082251,1.080497,1.089918,1.076426,1.076426,1.076426,1.080497,1.081666,1.084599


B:
Limits 0.0 +/- 35.0
3.250286,4.307805,4.345641,8.653366,7.625365,12.917105,5.41436,6.546595,7.534973,7.588078
8.625466,5.402493,7.563487,7.534973,5.379094,8.615829,8.667404,8.672089,6.521815,4.293984
5.393553,9.740297,9.724482,7.629429,8.6114,8.6114,10.764252,6.48299,7.571701,8.676929
========================================================
Test10 (ADC Calibration) results 2008-02-04 05:28:57
Board ID437 30 channels
Linux calibration software

Voltmeter channel: A=1.06762, B=-1602.89

A:
1.08268,1.07699,1.08532,1.08177,1.08924,1.07872,1.08244,1.09243,1.07635,1.0838
1.07807,1.0798,1.07884,1.07655,1.07527,1.07793,1.0837,1.08492,1.08731,1.07198
1.07813,1.0838,1.08197,1.09066,1.0757,1.07635,1.0773,1.0802,1.08228,1.08614


B:
1.86378,1.06428,3.66973,3.90996,3.68832,4.94651,3.65862,0.333066,4.28928,3.24021
4.97151,3.49837,7.31139,5.43077,2.18564,2.48169,3.33709,3.98644,3.02959,3.64161
4.61472,3.40781,3.65169,3.71685,6.66427,4.68918,5.39974,3.90149,3.34585,0.43608


========================================================
Test10 (ADC Calibration) results 2008-02-04 10:50:57
Board ID437 30 channels
Linux calibration software

Voltmeter channel: A=1.07105, B=-1612.24

A:
1.08268,1.0772,1.08457,1.08238,1.08934,1.07827,1.08223,1.09223,1.07675,1.0838
1.07817,1.0797,1.07959,1.07675,1.07472,1.06822,1.08325,1.08457,1.08656,1.07188
1.07858,1.0838,1.08142,1.09035,1.07614,1.07675,1.07706,1.08075,1.08207,1.08569


B:
1.86378,0.805826,5.02849,3.13424,3.35943,6.59177,4.99893,0.991621,2.37246,3.24021
5.04262,3.62731,6.75664,5.17251,4.15526,16.8881,5.19085,5.5132,4.38829,3.97089
3.16924,3.40781,4.35077,4.70458,5.22354,3.77222,6.3854,3.20313,4.0042,2.09414


