========================================================

Test10 results 10-25-2005  16:54:43
Board ID116  36 channels
HV Tests Software Ver.1.6

+5V 2474 - O'k
-5V 1308 - O'k
Interlock - On

Voltmeter channel: A=1.070091, B=9.630627

A:
Limits 1.1 +/- 0.1
1.072386,1.078167,1.074114,1.074691,1.074691,1.071237,1.068376,1.073537,1.071237,1.067236,1.070091,1.072386
1.066667,1.078167,1.072386,1.075847,1.074114,1.068947,1.070091,1.077006,1.071237,1.071237,1.074691,1.077586
1.072961,1.067806,1.075269,1.070091,1.086366,1.075269,1.072961,1.079331,1.066098,1.068947,1.077586,1.066098


B:
Limits 0.0 +/- 35.0
7.506824,11.859968,7.518835,8.597414,9.672105,8.569725,12.820528,9.661671,6.42725,13.874185,8.560535,15.013526
9.599792,7.547299,10.723982,15.061719,9.667063,11.758456,10.700718,3.230799,7.498487,16.068386,6.448031,11.85357
16.09458,6.406877,9.677243,8.560535,5.432007,9.677243,16.09458,2.15871,11.727031,18.172138,10.775984,11.727031
========================================================
Test10 (ADC Calibration) results 2007-10-26 15:09:02
Board ID116 36 channels
Linux calibration software

Voltmeter channel: A=1.06797, B=16.1919

A:
1.07254,1.05023,1.07348,1.07482,1.07418,1.07126,1.06885,1.07338,1.07146,1.06807,1.07006,1.07149
1.0664,1.07757,1.07221,1.07495,1.07428,1.06895,1.07039,1.07606,1.0712,1.0713,1.07311,1.07793
1.07217,1.06784,1.07617,1.07056,1.08626,1.07499,1.0725,1.07914,1.0669,1.07022,1.07794,1.06532


B:
1.30835,22.9599,5.40174,4.07574,5.97263,4.92538,8.6686,5.91041,2.18247,7.87341,3.91895,12.7893
7.07649,4.59412,7.28856,13.6389,4.28933,7.95324,6.32681,2.02804,3.32381,12.3091,6.90512,8.10842
13.1515,2.2994,3.84375,3.41467,1.24123,5.86615,12.7093,-1.21809,6.0304,11.4676,-1.05566,8.64965


========================================================
Test10 (ADC Calibration) results 2007-10-30 15:30:14
Board ID116 36 channels
Linux calibration software

Voltmeter channel: A=1.06824, B=15.2933

A:
1.07231,1.06834,1.07294,1.07503,1.07354,1.07072,1.06895,1.07402,1.07106,1.06744,1.07049,1.07203
1.06734,1.07757,1.07248,1.07495,1.0734,1.06841,1.07049,1.07616,1.0713,1.0715,1.07311,1.07847
1.07227,1.0674,1.07647,1.07076,1.08691,1.07603,1.0727,1.07934,1.0669,1.06978,1.07688,1.06522


B:
1.21431,17.5827,6.49402,3.81764,7.3932,7.08494,8.93945,5.68678,2.8277,8.88507,2.48639,11.0309
4.80762,4.79408,6.31581,13.364,6.48367,9.70808,7.26934,1.42403,3.19418,12.0502,6.90512,6.34205
13.2226,2.85726,3.65492,4.35638,0.809337,3.45047,12.653,-1.07464,6.43069,12.2257,7.28028,8.57835


========================================================
Test10 (ADC Calibration) results 2008-06-09 21:20:44
Board ID116 36 channels
Linux calibration software

Voltmeter channel: A=1.06941, B=14.5971

A:
1.07197,1.06808,1.07398,1.07499,1.07489,1.07113,1.06935,1.07583,1.07251,1.06888,1.07046,1.0722
1.067,1.07787,1.07348,1.07515,1.07394,1.07136,1.07089,1.0768,1.0714,1.07264,1.07321,1.07974
1.07398,1.06908,1.0772,1.07096,1.08721,1.07603,1.073,1.06848,1.06747,1.07384,1.07743,1.06623


B:
3.52123,16.726,4.9564,4.94114,5.47028,6.17123,9.02281,6.9574,0.97298,7.24819,3.60255,13.4931
7.10467,4.40768,7.38946,13.7828,5.79593,9.13951,7.35708,0.403971,3.06572,11.5787,7.37586,6.81168
13.3043,0.711174,5.79586,4.09868,0.221839,3.45047,12.269,9.56099,9.16304,10.2502,8.58747,8.29117


========================================================
Test10 (ADC Calibration) results 2008-06-17 15:59:19
Board ID116 36 channels
Linux calibration software

Voltmeter channel: A=1.07, B=0

A:
1.08879,1.08529,1.09033,1.09132,1.09141,1.08708,1.08618,1.09232,1.08888,1.08475,1.08708,1.0897
1.08412,1.09414,1.09123,1.09259,1.09042,1.08861,1.08762,1.09332,1.0878,1.08888,1.08997,1.09606
1.09096,1.08475,1.09405,1.08735,1.10342,1.09178,1.08933,1.08529,1.08484,1.09024,1.09423,1.08323


B:
3.25326,14.1015,4.88268,4.83462,5.62409,7.23163,8.27967,6.0977,2.51623,9.60625,4.62234,12.6594
5.41546,5.51562,7.10084,11.9653,6.97933,8.64583,6.29737,-0.0711449,4.38994,12.0986,6.74287,9.01273
12.3696,2.44706,6.2561,4.58922,1.167,5.28933,13.4264,6.72184,7.57048,12.3794,8.27682,9.2785


========================================================
Test10 (ADC Calibration) results 2008-07-16 21:23:30
Board ID116 36 channels
Linux calibration software

Voltmeter channel: A=1.07, B=0

A:
1.08971,1.08625,1.09093,1.09206,1.09235,1.08318,1.08737,1.07052,1.09009,1.08587,1.08802,1.09084
1.08569,1.09471,1.08476,1.09254,1.09093,1.04246,1.08868,1.09386,1.0884,1.08999,1.09093,1.09737
1.09272,1.08569,1.09613,1.08812,1.1034,1.09206,1.09037,1.08578,1.08643,1.09235,1.09471,1.08457


B:
1.53067,12.7836,4.32407,3.49652,4.76423,10.6284,6.96737,26.8356,1.83588,8.34978,3.5326,11.8283
3.96185,4.77158,13.9396,11.3637,6.06929,50.8124,5.53693,-0.350038,3.40287,11.297,5.41501,8.68678
11.4093,1.57339,5.21487,3.6634,2.06226,5.46229,11.824,5.8304,5.87609,11.0999,7.83683,7.82071


========================================================
Test10 (ADC Calibration) results 2008-07-17 10:47:19
Board ID116 36 channels
Linux calibration software

Voltmeter channel: A=1.07, B=0

A:
1.09097,1.08811,1.09209,1.09312,1.09332,1.08538,1.08842,1.09538,1.09128,1.0871,1.08934,1.0923
1.08608,1.09579,1.09128,1.09363,1.0922,1.04337,1.09005,1.09507,1.08974,1.09128,1.0922,1.09858
1.09363,1.08649,1.09776,1.08944,1.10473,1.09343,1.09128,1.08781,1.08771,1.09363,1.09631,1.08507


B:
0.580926,10.6293,3.25008,2.73922,3.86156,8.1589,5.99442,4.15355,0.95133,7.2166,2.31425,9.6142
4.46164,4.43142,7.49898,10.7952,4.90266,50.5999,3.61428,-1.256,2.15408,10.1178,4.02885,7.35553
11.2325,0.608652,3.50333,2.43734,0.17982,4.20408,10.9909,4.38312,4.47726,10.1389,6.14927,7.78838


========================================================
Test10 (ADC Calibration) results 2008-07-19 11:34:37
Board ID116 36 channels
Linux calibration software

Voltmeter channel: A=1.07, B=0

A:
1.0899,1.08606,1.09074,1.09197,1.09225,1.08253,1.08671,1.09424,1.0899,1.08597,1.08802,1.09131
1.08531,1.09452,1.08877,1.09225,1.09093,1.04833,1.08858,1.09339,1.08812,1.08933,1.09046,1.0967
1.09263,1.0855,1.09613,1.08784,1.10398,1.09225,1.09009,1.08606,1.08569,1.09225,1.09481,1.08438


B:
0.702341,12.5212,3.84334,3.80244,4.85156,10.7964,8.00714,4.55183,1.57431,8.04603,3.09762,10.3049
4.30871,5.16518,7.84551,10.968,5.63314,45.8073,4.97038,0.30665,4.09842,11.9014,6.28544,8.63821
11.2774,0.661789,4.99569,3.70637,0.207387,5.06996,11.8649,5.353,6.3507,10.968,7.53087,8.42708


========================================================
Test10 (ADC Calibration) results 2008-07-19 14:46:21
Board ID116 36 channels
Linux calibration software

Voltmeter channel: A=1.07, B=0

A:
1.08943,1.08587,1.09093,1.09187,1.09235,1.08068,1.08699,1.09433,1.0899,1.08578,1.08802,1.0717
1.08513,1.0949,1.07553,1.09197,1.09093,1.03648,1.0884,1.09357,1.08849,1.08915,1.09065,1.09718
1.09244,1.08541,1.09585,1.08793,1.1034,1.09206,1.09018,1.08578,1.08531,1.09206,1.09471,1.08429


B:
2.01022,12.9104,4.10555,4.10798,4.32752,12.2931,7.53081,4.46388,1.35651,8.21906,3.5326,28.3212
4.48211,4.37806,20.5011,12.1012,5.85115,56.9552,5.36165,-0.305772,3.09785,11.638,5.67512,7.32478
11.6688,1.39997,5.47643,3.83733,1.62073,5.24405,11.7783,5.3958,7.13025,11.141,7.61806,7.86247


========================================================
Test10 (ADC Calibration) results 2008-07-20 08:08:59
Board ID116 36 channels
Linux calibration software

Voltmeter channel: A=1.07, B=0

A:
1.0898,1.08587,1.09093,1.09206,1.09235,1.08216,1.08662,1.09433,1.08999,1.08597,1.08793,1.09103
1.08522,1.09433,1.0717,1.09216,1.09074,1.0091,1.08858,1.09357,1.08793,1.0898,1.09056,1.09737
1.09263,1.08531,1.09613,1.08765,1.1034,1.09197,1.0898,1.08587,1.0855,1.09197,1.0949,1.08429


B:
1.22586,12.9104,4.10555,3.71527,4.1091,11.3556,8.09341,4.68296,1.48711,7.61188,3.40199,11.001
4.82944,5.3394,25.3203,11.7099,6.24292,82.007,4.97038,-0.305772,4.48992,11.252,5.98048,7.15057
11.4962,1.92107,4.99569,3.87978,1.62073,5.33109,12.9958,5.52641,6.95787,11.6646,7.66276,7.86247


========================================================
Test10 (ADC Calibration) results 2008-07-20 17:40:55
Board ID116 36 channels
Linux calibration software

Voltmeter channel: A=1.07, B=0

A:
1.08952,1.08587,1.09093,1.09206,1.09225,1.08169,1.08709,1.09414,1.0899,1.08587,1.08821,1.07425
1.08531,1.09452,1.0758,1.09206,1.09056,1.0492,1.08849,1.09348,1.08858,1.08933,1.09074,1.09708
1.09254,1.08522,1.09632,1.08821,1.1036,1.09225,1.09018,1.08578,1.08606,1.09216,1.09481,1.0842


B:
1.92283,13.1275,3.66929,3.49652,4.85156,11.7841,7.44416,4.85743,1.79224,8.34978,2.48809,26.6233
4.30871,4.94645,17.8812,11.7964,6.41659,45.4247,4.83966,-0.21859,2.79321,12.1191,5.58864,8.2896
11.8005,1.79077,4.38215,3.14112,1.22317,4.63329,11.9966,5.61291,5.78771,11.2732,7.96868,8.38233


========================================================
Test10 (ADC Calibration) results 2008-07-24 12:08:22
Board ID116 36 channels
Linux calibration software

Voltmeter channel: A=1.07, B=0

A:
1.08962,1.08597,1.09112,1.09187,1.09197,1.07975,1.08662,1.09386,1.0899,1.08559,1.08784,1.09093
1.08522,1.09452,1.06953,1.09197,1.09093,1.05984,1.08802,1.09348,1.08821,1.08962,1.09065,1.09632
1.09272,1.08522,1.09604,1.08793,1.10321,1.0915,1.0898,1.08587,1.08559,1.09178,1.09414,1.08383


B:
1.18199,12.6074,3.49512,3.88965,5.11275,13.7957,7.44133,4.90027,1.35651,8.60841,3.27134,11.0878
4.3952,4.7276,27.7531,12.1012,5.19649,35.1881,5.27366,-0.21859,3.14112,11.4246,5.45717,8.76745
10.9723,1.57378,4.86319,3.18446,1.35573,5.76583,12.3418,5.30928,6.22015,11.8373,8.57768,8.72664


========================================================
Test10 (ADC Calibration) results 2009-01-14 17:47:55
Board ID116 36 channels
Host: ufcmshv3
Linux calibration software

Voltmeter channel: A=1.04217, B=7.85645

A:
1.05725,1.06917,1.05212,0.98912,1.04142,1.0446,0.943328,1.0528,1.04839,1.04183,1.03207,1.05331
1.03528,1.0546,1.039,1.03371,1.0385,1.04217,1.03421,1.05076,1.04822,1.05837,1.04805,1.05034
1.03396,1.06566,1.04359,1.04695,1.05786,1.03983,1.02913,1.06864,1.04813,1.06296,1.05357,1.05932


B:
3.00902,13.8004,5.53581,18.2,5.44744,6.79796,18.5619,5.31266,3.82279,11.2997,3.84237,11.7809
3.44022,6.35997,6.29756,12.389,6.77449,8.06483,4.47092,0.307052,4.61222,11.056,6.24007,7.22301
11.1191,2.32822,4.62396,3.72067,1.3835,5.29502,13.0622,7.23394,5.53069,11.8724,7.53726,8.6862


========================================================
Test10 (ADC Calibration) results 2009-01-15 08:46:35
Board ID116 36 channels
Host: ufcmshv3
Linux calibration software

Voltmeter channel: A=1.04225, B=7.36001

A:
1.05717,1.06899,1.05204,0.988969,1.04108,1.0446,0.942644,1.05263,1.04839,1.04175,1.03191,1.05357
1.03495,1.05485,1.03892,1.03372,1.03859,1.04175,1.0338,1.05067,1.04788,1.05786,1.04754,1.05008
1.03372,1.06557,1.04342,1.04653,1.0576,1.03975,1.02905,1.06838,1.04822,1.06296,1.0534,1.05915


B:
2.66703,13.7491,5.40563,17.7558,6.18238,6.38022,17.5767,5.4735,2.98403,10.9623,3.38119,10.9086
3.7577,6.32931,6.16989,12.5955,6.27934,9.0875,5.2802,-0.0324272,5.14299,11.7505,6.9298,7.67366
11.5618,1.98336,4.78347,4.54058,1.62706,5.58267,13.3459,7.26492,4.82181,11.6599,7.90871,8.84799


