========================================================

Test11 results 10-25-2005  16:56:00
Board ID116  36 channels
HV Tests Software Ver.1.6

+5V 2475 - O'k
-5V 1308 - O'k
Interlock - On
Calibration DAC Range: [2500 - 2900]


A:
Limits 0.76 +/- 0.04
0.75188,0.746269,0.749064,0.749064,0.75188,0.75188,0.753296,0.750469,0.750469,0.753296,0.753296,0.750469
0.756144,0.744879,0.749064,0.750469,0.750469,0.754717,0.75188,0.746269,0.750469,0.750469,0.749064,0.749064
0.750469,0.754717,0.749064,0.754717,0.742115,0.747664,0.750469,0.744879,0.756144,0.75188,0.75188,0.754717


B:
Limits 60.0 +/- 40.0
54.722588,57.570831,62.162407,59.27972,50.13348,63.143421,56.540058,55.226952,65.341431,63.779495,56.903465,60.866463
56.802994,69.700592,66.899651,52.335377,62.389572,56.290863,66.177559,73.176155,64.626686,54.974293,58.945786,59.531178
54.421333,61.651638,55.974403,52.346657,58.114735,62.0942,59.168747,71.712273,50.353992,61.352566,59.205963,61.362907
========================================================
Test11 (DAC Calibration) results 2007-10-26 15:09:02
Board ID116 36 channels
Linux calibration software
Calibration DAC Range: [1100 - 2700]

A:
0.751527,0.766724,0.750117,0.749555,0.749625,0.751668,0.753367,0.750188,0.751527,0.753154,0.752516,0.750751
0.754717,0.746896,0.752516,0.748713,0.749555,0.753296,0.751527,0.747943,0.752092,0.752021,0.750751,0.746269
0.751033,0.754077,0.748994,0.752162,0.74129,0.749064,0.750047,0.745434,0.755501,0.752021,0.751174,0.755858


B:
62.4424,49.281,63.6381,64.1151,64.018,67.2085,60.3541,60.8403,66.0498,69.2336,63.9355,66.3663
65.283,67.1926,69.8052,63.6313,70.1115,65.7251,70.4087,72.3261,64.6705,54.6908,57.9579,73.1344
58.618,69.1771,60.5466,65.9271,65.1594,63.2959,66.4353,76.0715,57.2576,65.2191,71.6431,63.5677


========================================================
Test11 (DAC Calibration) results 2007-10-30 15:30:14
Board ID116 36 channels
Linux calibration software
Calibration DAC Range: [1100 - 2700]

A:
0.751315,0.753721,0.750117,0.749415,0.749695,0.751668,0.753296,0.750117,0.751809,0.753225,0.752587,0.750751
0.754432,0.746896,0.75195,0.748713,0.749415,0.753296,0.751456,0.747873,0.752021,0.75188,0.750751,0.746269
0.750962,0.754006,0.748783,0.752021,0.741221,0.748713,0.749906,0.745295,0.755501,0.75195,0.751527,0.755929


B:
63.0354,54.4376,63.3381,64.3092,63.4713,66.9079,60.1508,60.4876,64.7589,68.9858,63.6877,66.3663
65.6734,67.0432,66.2185,63.0323,70.3045,65.7251,70.5053,71.9734,64.768,54.8872,57.9579,73.1344
58.5656,69.2742,60.6888,65.2191,64.9589,63.781,66.4792,75.9643,56.9553,65.1659,65.8995,63.6209


========================================================
Test11 (DAC Calibration) results 2008-06-09 21:20:44
Board ID116 36 channels
Linux calibration software
Calibration DAC Range: [1100 - 2700]

A:
0.751174,0.75429,0.749766,0.749064,0.749134,0.751385,0.753012,0.748853,0.751174,0.752587,0.752233,0.750258
0.75429,0.746687,0.750117,0.748573,0.749415,0.751597,0.751174,0.747803,0.75195,0.751456,0.75068,0.745018
0.749766,0.753579,0.747524,0.75188,0.741015,0.748713,0.749695,0.75287,0.754717,0.749485,0.751527,0.755216


B:
62.629,54.554,63.9737,64.794,64.3972,67.5965,60.0905,59.5434,65.6337,69.7084,64.1748,65.8447
65.2649,67.3324,68.5889,63.5257,70.3045,65.6521,70.4412,72.2193,64.8649,54.7248,57.6052,74.1107
59.3252,69.8569,60.9419,65.4136,65.3946,63.781,66.7697,67.9654,56.2264,66.1606,64.3964,63.8442


========================================================
Test11 (ADC Calibration) results 2008-06-17 18:39:44
Board ID116 36 channels
Linux calibration software

Calibration DAC Range: [1000 - 3500]

A:
0.7396,0.742,0.7384,0.738,0.7376,0.74,0.7412,0.7372,0.7396,0.7412,0.7404,0.738
0.7424,0.7356,0.7384,0.736,0.738,0.7396,0.7396,0.7364,0.7404,0.7392,0.7388,0.734
0.7376,0.742,0.736,0.7408,0.7296,0.7376,0.7388,0.7408,0.7432,0.7376,0.7396,0.7432


B:
62.4,57.0001,63.6001,63.0001,64.3999,68,60.8001,60.7999,65.4,68.8001,63.5999,67.0001
66.6,66.4,64.6001,66,69.0001,66.4,71.4,72.6,64.5999,56.8,59.2,71.9999
61.3999,70.0001,61,64.1999,65.4,63.3999,65.2,71.1999,55.8,65.3999,65.4,63.8


========================================================
Test11 (ADC Calibration) results 2008-07-16 22:38:23
Board ID116 36 channels
Linux calibration software

Calibration DAC Range: [1000 - 3500]

A:
0.7388,0.7412,0.7384,0.7376,0.7368,0.7432,0.74,0.7524,0.7384,0.7404,0.74,0.7376
0.7412,0.7352,0.7428,0.7368,0.7376,0.7724,0.7392,0.7356,0.74,0.7388,0.7384,0.7328
0.7364,0.7412,0.7348,0.74,0.7296,0.7372,0.738,0.7408,0.7416,0.736,0.7388,0.742


B:
64.2,58.8001,63.6001,64.3999,65.2,63.8,63,44.6001,66.6001,69.5999,64,66.3999
67.8001,66.8,60.2,64.2,70.3999,33.5999,70.8,74.4,65,56.2,59.6001,73.2
61.6,70.8001,61.2001,66,65.4,63.7999,67.0001,71.1999,58.4001,67,67.2,65.0001


========================================================
Test11 (ADC Calibration) results 2008-07-17 11:22:28
Board ID116 36 channels
Linux calibration software

Calibration DAC Range: [1000 - 3500]

A:
0.7384,0.74,0.7372,0.7368,0.736,0.742,0.74,0.7352,0.738,0.7396,0.7392,0.7364
0.7412,0.7344,0.738,0.736,0.7368,0.7716,0.738,0.7352,0.7392,0.738,0.7372,0.732
0.736,0.7408,0.734,0.7392,0.7288,0.736,0.7368,0.7396,0.7408,0.7352,0.7384,0.742


B:
63.6001,60,64.7999,65.2,66,65.0001,62,61.8,66.0001,70.4,64.8,68.6
66.8001,67.6001,66.0001,65,71.2,33.4,73.0001,73.8,65.8,57.0001,60.7999,74
61,71.1999,60.9999,66.8,66.2,65,69.2,71.4,59.1999,67.8,66.6001,65.0001


========================================================
Test11 (ADC Calibration) results 2008-07-20 18:58:34
Board ID116 36 channels
Linux calibration software

Calibration DAC Range: [1000 - 3500]

A:
0.7388,0.7416,0.7376,0.7372,0.7368,0.744,0.7404,0.7356,0.7388,0.7404,0.74,0.7488
0.7412,0.7352,0.7484,0.7368,0.738,0.7672,0.7388,0.736,0.7392,0.7396,0.738,0.7328
0.7368,0.7416,0.7348,0.74,0.7296,0.7372,0.7376,0.7408,0.7412,0.7364,0.7392,0.7424


B:
64.2,57.4001,65.3999,64.7999,65.2,62.9999,61.5999,62.4,65.2,69.5999,65,56.2001
67.8001,66.8,57.6001,64.2,69.0001,37.8,72.2,73,66.8,54.4,60.0001,73.2
60.1999,70.4001,61.2001,66,65.4,63.7999,67.3999,71.1999,59.8001,66.6,65.8,64.6


========================================================
Test11 (ADC Calibration) results 2008-07-24 15:42:31
Board ID116 36 channels
Linux calibration software

Calibration DAC Range: [1000 - 3500]

A:
0.7388,0.7412,0.7376,0.7376,0.7368,0.7452,0.7408,0.7364,0.7384,0.7404,0.7396,0.7368
0.7416,0.7352,0.7528,0.7368,0.7376,0.7596,0.7388,0.736,0.74,0.7388,0.7384,0.7332
0.7364,0.7416,0.7344,0.74,0.7296,0.738,0.738,0.7408,0.742,0.7364,0.7396,0.7428


B:
64.2,58.8001,65.3999,63.3999,65.2,61.8001,61.1999,60.6,66.6001,69.5999,65.4,68.2
67.4001,66.8,50.2,64.2,70.3999,45.4001,72.2,73,65,56.2,59.6001,72.7999
61.6,70.4001,61.6001,66,65.4,62.0001,67.0001,70.1999,58.0001,65.6,65.4,63.2


========================================================
Test11 (ADC Calibration) results 2009-01-15 08:10:37
Board ID116 36 channels
Host: ufcmshv3
Linux calibration software

Calibration DAC Range: [1000 - 3500]

A:
0.7616,0.7524,0.7648,0.8144,0.772,0.7704,0.8536,0.764,0.7676,0.7712,0.7796,0.7632
0.7772,0.762,0.7748,0.778,0.774,0.7716,0.7768,0.7652,0.768,0.7604,0.768,0.7652
0.778,0.7548,0.7716,0.7684,0.7608,0.7736,0.7812,0.752,0.768,0.756,0.7676,0.7592


B:
61.3999,57.6001,63.2,51.5999,64.9999,65.6,50.3999,61,64.4,66.8,64.3999,66.8
67.8001,66.9999,63.2,63,71,67.4,73.2001,73.7999,64,56.6,59,73.7999
61,70.1999,60.4,65.6,65.2,63.4001,65.8,70.0001,59,65.0001,66.4,63.8001


========================================================
Test11 (ADC Calibration) results 2009-01-15 08:59:30
Board ID116 36 channels
Host: ufcmshv3
Linux calibration software

Calibration DAC Range: [1000 - 3500]

A:
0.7612,0.7528,0.7648,0.8144,0.772,0.7696,0.8544,0.764,0.7676,0.7712,0.78,0.7632
0.7772,0.762,0.7748,0.7776,0.7744,0.7724,0.7772,0.7656,0.768,0.7608,0.7684,0.7656
0.778,0.7548,0.7716,0.7684,0.7608,0.7736,0.7812,0.752,0.7684,0.7564,0.7676,0.7596


B:
62.8,57.2,63.2,52.5999,63.9999,68.4001,50.6001,61,64.4,67.8,64.0001,66.8
67.8001,65.9999,62.2,64.4,69.6,65.5999,72.8001,72.3999,64,56.2,58.6,72.3999
61,70.1999,60.4,65.6,65.2,63.4001,65.8,70.0001,58.6,64.6,66.4,63.4001


