========================================================

Test15 results 04-10-2006  14:04:54
Board ID047  8 channels
HV Tests Software Ver.1.6


A:
Limits 1.45 +/- 2.0
1.439885,1.430615,1.430615,1.433692,1.43575,1.43575,1.440922,1.450326


B:
Limits 0.0 +/- 160.0
-8.639233,-4.291907,7.153014,-1.433646,-11.485854,-11.485854,-8.645396,14.503263
========================================================
Test15 (ADC Calibration) results 2009-04-07 10:00:43
Board ID047 8 channels
Host: ufcmshv3
Linux calibration software

A:
1.42497,1.4574,1.42513,1.40086,1.4333,1.40177,1.42638,1.43219


B:
3.94609,-7.06285,-2.14851,-6.9398,-12.4808,-12.6376,-10.7307,13.5064


========================================================
Test15 (ADC Calibration) results 2009-04-08 14:41:11
Board ID047 8 channels
Host: ufcmshv3
Linux calibration software

A:
1.42544,1.45756,1.4245,1.40147,1.43282,1.40222,1.42372,1.43188


B:
3.6183,-7.75879,-1.42442,-7.0936,-11.2865,-12.6847,-11.1269,14.0103


