========================================================

Test16 results 04-10-2006  14:06:19
Board ID047  8 channels
HV Tests Software Ver.1.6
Calibration DAC Range: [1000 - 2300]


A:
Limits 0.57 +/- 0.1
0.565463,0.566449,0.564481,0.563258,0.563502,0.564236,0.562527,0.561798


B:
Limits 50.0 +/- 60.0
38.960701,45.541904,47.740513,58.288898,60.553391,53.586933,50.702312,52.809048
========================================================
Test16 (ADC Calibration) results 2009-04-07 10:44:57
Board ID047 8 channels
Host: ufcmshv3
Linux calibration software

A:
0.5664,0.5548,0.5668,0.5764,0.5636,0.5756,0.5664,0.5632


B:
54.6,60.2001,53.2,51.6001,64.4,60.3999,66.6,56.8


========================================================
Test16 (ADC Calibration) results 2009-04-08 14:50:05
Board ID047 8 channels
Host: ufcmshv3
Linux calibration software

A:
0.566,0.554,0.5676,0.576,0.564,0.5756,0.5672,0.564


B:
56.0001,62.9999,52.4,53.0001,64,60.3999,57.8,55


