========================================================

Test10 results 03-28-2005  15:50:32
Board ID030  36 channels
HV Tests Software Ver.1.6

+5V 2524 - O'k
-5V 1306 - O'k
Interlock - On

Voltmeter channel: A=1.072961, B=4.292006

A:
Limits 1.1 +/- 0.1
1.076426,1.074114,1.06553,1.079331,1.070664,1.074114,1.06553,1.074691,1.068376,1.070664,1.077586,1.071237
1.068376,1.069519,1.074114,1.075269,1.071237,1.071811,1.080497,1.074691,1.066098,1.072961,1.078749,1.073537
1.078749,1.078167,1.072386,1.075269,1.081081,1.069519,1.064396,1.070091,1.079331,1.086957,1.072961,1.077586


B:
Limits 0.0 +/- 30.0
8.6114,7.518835,15.983099,8.634694,7.494653,9.667063,7.458858,10.746796,8.547024,10.706645,10.775984,10.712199
8.547024,10.695304,10.741177,7.526706,12.854673,6.431027,8.643984,8.597414,9.594834,9.656813,6.472301,12.882283
11.866045,8.625466,8.57921,11.827781,6.486665,12.834341,18.094921,11.770809,8.634694,13.043554,9.656813,7.543225
========================================================
Test10 (ADC Calibration) results 2007-09-21 11:27:58
Board ID30 36 channels
Linux calibration software

Voltmeter channel: A=1.07221, B=19.2039

A:
1.0765,1.0731,1.0668,1.0787,1.07003,1.07376,1.0656,1.0741,1.068,1.0696,1.07784,1.07064
1.06733,1.06977,1.07354,1.0741,1.07016,1.0703,1.07906,1.0732,1.066,1.0727,1.07774,1.07464
1.0789,1.07914,1.0722,1.07614,1.0804,1.06963,1.065,1.07104,1.08014,1.08819,1.07192,1.07754


B:
2.77381,6.43205,8.89601,6.30648,5.14519,6.98316,3.76667,8.15189,4.82413,8.3725,6.36596,7.37484
7.47623,6.83997,7.65237,6.02604,10.6591,6.08606,8.68177,9.08434,6.52005,6.27166,6.69392,5.38963
10.0081,3.42214,5.7285,7.31497,5.20763,8.79782,11.7348,5.07458,4.02021,5.30186,7.5132,3.82805


========================================================
Test10 (ADC Calibration) results 2008-05-20 11:12:14
Board ID30 36 channels
Linux calibration software

Voltmeter channel: A=1.07208, B=19.8527

A:
1.0763,1.07276,1.066,1.0787,1.0695,1.0745,1.0658,1.0744,1.0681,1.0701,1.0771,1.07064
1.06817,1.0704,1.07404,1.0741,1.07026,1.07114,1.0798,1.0734,1.06663,1.0728,1.0771,1.0744
1.07954,1.0707,1.07304,1.0758,1.0805,1.06953,1.06553,1.07026,1.0796,1.08839,1.07236,1.07734


B:
4.23077,6.86246,9.52005,6.70678,5.8316,5.16571,3.10997,8.76783,4.49588,7.53167,7.31222,6.3042
6.40387,4.95845,7.01032,6.02604,10.531,3.74663,7.05602,8.82778,4.64258,6.14307,8.31222,5.69343
8.10954,13.0335,3.58618,7.7485,4.87948,8.92593,9.98687,7.33106,5.51408,4.64396,7.88336,4.48376


========================================================
Test10 (ADC Calibration) results 2008-06-17 15:59:19
Board ID030 36 channels
Linux calibration software

Voltmeter channel: A=1.07, B=0

A:
1.09345,1.09046,1.08255,1.09555,1.08703,1.09191,1.08228,1.09082,1.08487,1.08721,1.094,1.08847
1.08461,1.08685,1.091,1.09136,1.08703,1.08784,1.09784,1.09136,1.08309,1.09019,1.095,1.09073
1.09729,1.08721,1.08955,1.09281,1.09701,1.08631,1.08273,1.08784,1.09774,1.10476,1.08955,1.09473


B:
4.05671,5.50853,9.55805,6.725,5.62901,4.82557,3.74506,8.66513,5.23655,7.41938,8.58567,5.16584
6.78739,6.23044,8.28047,5.32771,11.4993,4.87906,5.94287,6.63729,5.8129,5.97727,7.2278,7.87561
8.42219,12.2034,5.6893,8.14058,6.91862,10.2054,9.60932,5.31395,5.80746,7.11147,7.43269,6.16515


========================================================
Test10 (ADC Calibration) results 2008-07-16 21:23:30
Board ID030 36 channels
Linux calibration software

Voltmeter channel: A=1.07, B=0

A:
1.09409,1.09107,1.08303,1.09627,1.08759,1.09248,1.08303,1.09201,1.08498,1.0875,1.09504,1.08919
1.08526,1.08712,1.09163,1.09173,1.08778,1.08834,1.09865,1.09191,1.08368,1.09041,1.09589,1.09154
1.09837,1.08797,1.08966,1.0938,1.09732,1.08675,1.08395,1.08853,1.09923,1.10567,1.09013,1.09532


B:
2.81325,4.72799,8.46821,5.62371,4.67177,3.85893,2.1866,6.6969,5.13978,6.93351,6.31912,4.28539
5.96593,5.97457,7.26209,4.55558,10.8078,4.41339,5.19484,5.69214,4.8311,5.9901,6.1917,6.25784
6.99498,10.6353,5.59441,6.57527,5.97929,9.36374,7.82436,4.6751,3.78996,5.3995,6.68663,6.05778


========================================================
Test10 (ADC Calibration) results 2008-07-19 11:34:37
Board ID030 36 channels
Linux calibration software

Voltmeter channel: A=1.07, B=0

A:
1.0938,1.09088,1.08312,1.09618,1.08769,1.09239,1.08284,1.09229,1.08498,1.08731,1.09437,1.089
1.08479,1.0875,1.09173,1.09154,1.08759,1.08825,1.09818,1.09182,1.08368,1.0906,1.09599,1.09163
1.09808,1.08787,1.09013,1.0939,1.09741,1.08684,1.08349,1.08815,1.09894,1.10557,1.09013,1.09551


B:
3.29386,4.68327,7.5153,5.27259,4.36797,3.94611,2.57601,5.56204,4.92284,7.10634,7.80395,4.45912
6.83123,4.97596,6.73903,4.94778,10.9795,4.2822,5.41215,5.77866,4.61442,5.38042,5.88533,5.73403
7.03701,10.9389,4.07017,6.05052,5.67253,8.84279,8.68785,5.23963,3.83268,5.48789,6.46866,5.22577


========================================================
Test10 (ADC Calibration) results 2008-07-19 14:46:21
Board ID030 36 channels
Linux calibration software

Voltmeter channel: A=1.07, B=0

A:
1.09418,1.09097,1.08275,1.09627,1.08778,1.0922,1.08321,1.09173,1.08526,1.08759,1.09466,1.0889
1.08526,1.08731,1.09135,1.09154,1.08759,1.08825,1.09856,1.09173,1.0833,1.0905,1.09551,1.09135
1.09827,1.08769,1.08975,1.09361,1.09741,1.08675,1.0834,1.08815,1.09903,1.10528,1.09003,1.09561


B:
2.72563,4.37845,7.85935,5.40451,4.06339,4.55734,1.79637,6.73903,4.22941,6.41164,6.88629,4.54598
5.96593,5.36654,7.95934,4.51127,10.762,4.2822,5.28214,5.6473,5.82626,5.46721,6.97869,6.43129
6.64255,11.1114,5.07182,6.96787,5.4531,8.92875,8.34036,5.23963,3.52581,6.41475,6.77353,5.35761


========================================================
Test10 (ADC Calibration) results 2008-07-20 08:08:59
Board ID030 36 channels
Linux calibration software

Voltmeter channel: A=1.07, B=0

A:
1.09371,1.09088,1.08293,1.09627,1.0875,1.09239,1.08275,1.09173,1.08526,1.08722,1.09456,1.08881
1.08498,1.08741,1.09173,1.09163,1.0875,1.08844,1.09837,1.09163,1.0833,1.09041,1.0957,1.09125
1.09827,1.08769,1.08994,1.0938,1.09741,1.08675,1.0834,1.08815,1.09913,1.10519,1.09013,1.09532


B:
3.8186,4.68327,7.90423,5.40451,4.54107,3.94611,2.87899,6.73903,4.6638,7.4104,6.97332,4.85058
6.65865,5.06272,7.176,4.6424,10.6308,3.89137,5.23775,6.17046,5.60978,5.77207,6.36626,6.7366
6.64255,11.5464,4.46201,6.35669,5.67253,8.92875,8.55738,5.23963,4.09753,6.50247,6.03245,5.61949


========================================================
Test10 (ADC Calibration) results 2008-07-20 17:40:55
Board ID030 36 channels
Linux calibration software

Voltmeter channel: A=1.07, B=0

A:
1.0938,1.09097,1.08256,1.09646,1.08778,1.0922,1.08284,1.09173,1.08526,1.08741,1.09475,1.0889
1.08498,1.08722,1.09154,1.09163,1.08759,1.08844,1.09846,1.09173,1.08349,1.0906,1.09589,1.09135
1.09808,1.08797,1.08984,1.0939,1.09732,1.08647,1.0833,1.08825,1.09875,1.10509,1.09013,1.09551


B:
3.51257,4.37845,8.89776,5.0107,3.84589,4.55734,2.57601,6.95771,4.44641,6.36755,7.23698,4.54598
6.44171,5.45336,7.13086,4.6424,10.762,3.89137,4.93008,6.08427,5.43737,5.38042,5.75345,6.43129
7.25657,10.6353,4.76711,5.83179,5.75988,9.40463,8.85969,5.15285,4.66766,7.03292,6.9046,5.4447


========================================================
Test10 (ADC Calibration) results 2008-07-24 12:08:22
Board ID030 36 channels
Linux calibration software

Voltmeter channel: A=1.07, B=0

A:
1.0939,1.09107,1.08238,1.09627,1.08778,1.09229,1.08284,1.09191,1.08498,1.08675,1.09447,1.08881
1.08461,1.08684,1.09144,1.09154,1.08741,1.08834,1.09827,1.09163,1.08321,1.09041,1.0957,1.09078
1.09808,1.08787,1.08919,1.0938,1.09732,1.08591,1.08303,1.08825,1.09884,1.10499,1.08984,1.09532


B:
3.20654,4.2914,8.63645,5.18531,3.62839,4.25134,2.35949,6.56534,4.48869,6.97255,7.06038,3.54407
6.56996,5.58225,6.78096,4.51127,10.4997,3.76016,5.32468,5.51576,5.2626,5.55404,5.92809,6.51573
6.81756,10.9389,4.72095,5.70018,5.32068,9.27013,8.25127,4.0646,3.92099,6.89935,6.9468,4.96246


========================================================
Test10 (ADC Calibration) results 2009-01-16 09:48:13
Board ID030 36 channels
Host: ufcmshv3
Linux calibration software

Voltmeter channel: A=1.0333, B=1.41506

A:
1.06105,1.05,1.02775,1.04267,1.03528,1.06374,1.05118,1.03933,1.04267,1.03917,1.06062,1.03817
1.04067,1.05118,1.0758,1.06461,1.06383,1.05408,1.04881,1.04083,1.04586,1.06227,1.03454,1.04763
1.05434,1.07102,1.04434,1.03892,1.04351,1.03685,1.05042,1.04645,1.07216,1.06671,1.05017,1.07358


B:
4.09732,5.44373,7.8107,6.12783,4.6825,4.33679,3.0563,7.2275,4.4593,5.93098,7.89715,4.18486
6.16378,6.42045,7.03414,12.6772,12.1276,3.892,5.30869,4.96407,5.8083,6.35737,9.53386,5.17332
6.39088,10.5948,4.73978,7.41655,5.95618,9.60287,5.67264,5.24846,4.17333,5.82584,7.59369,4.5753


