========================================================

Test10 results 09-23-2006  18:13:38
Board ID271  30 channels
HV Tests Software Ver.1.6.1

+5V 2516 - O'k
-5V 1308 - O'k
Interlock - On

Voltmeter channel: A=1.077586, B=8.620811

A:
Limits 1.1 +/- 0.1
1.070091,1.071811,1.073537,1.075847,1.070091,1.072961,1.068947,1.070664,1.074691,1.066098
1.071237,1.072386,1.067806,1.072386,1.072961,1.072386,1.073537,1.077006,1.076426,1.067806
1.068947,1.067806,1.070091,1.079914,1.068947,1.066098,1.067806,1.071811,1.072386,1.074691


B:
Limits 0.0 +/- 30.0
14.981082,16.07733,16.102896,15.061719,12.8409,13.948658,17.103191,12.847973,9.672105,13.859226
12.854673,13.94114,17.084934,11.796368,13.948658,16.085913,10.735209,11.846848,9.687826,13.881516
11.758456,12.813711,10.700718,10.799102,12.827404,26.652403,18.152739,11.790084,15.013526,9.672105
========================================================
Test10 (ADC Calibration) results 2008-04-11 15:56:54
Board ID271 30 channels
Linux calibration software

Voltmeter channel: A=1.07091, B=-1585.4

A:
1.06771,1.06983,1.07155,1.07283,1.0668,1.07071,1.06778,1.06855,1.0728,1.06424
1.0702,1.07047,1.06502,1.07,1.07064,1.06966,1.07084,1.07394,1.07424,1.06566
1.06721,1.06687,1.06798,1.07821,1.06566,1.06758,1.06515,1.06973,1.07081,1.07273


B:
9.99131,8.75296,8.77209,10.8711,8.29369,6.97769,8.38003,5.66556,2.81514,5.56228
6.28191,5.94,11.3077,5.60993,7.23733,10.1117,5.33254,6.25356,2.16949,8.02533
7.11114,4.20877,5.3898,3.7487,7.15664,15.8408,11.7362,6.02172,6.57812,2.34529


