========================================================

Test11 results 09-23-2006  18:15:02
Board ID271  30 channels
HV Tests Software Ver.1.6.1

+5V 2514 - O'k
-5V 1307 - O'k
Interlock - On
Calibration DAC Range: [2500 - 2900]


A:
Limits 0.76 +/- 0.04
0.757576,0.757576,0.75188,0.753296,0.756144,0.75188,0.757576,0.753296,0.754717,0.757576
0.756144,0.753296,0.757576,0.753296,0.756144,0.756144,0.754717,0.75188,0.753296,0.757576
0.757576,0.756144,0.756144,0.753296,0.756144,0.760456,0.757576,0.757576,0.756144,0.754717


B:
Limits 60.0 +/- 30.0
44.178753,44.990337,61.987148,51.069836,51.103119,62.794281,50.284302,66.058144,51.460381,59.697403
52.101833,58.976131,51.709381,61.213764,45.618309,48.142235,55.141834,56.056549,50.612453,54.945171
54.136177,61.229832,57.482342,58.464676,59.712563,39.873306,52.518188,48.141045,48.953205,54.704777
========================================================
Test11 (DAC Calibration) results 2008-04-11 15:56:54
Board ID271 30 channels
Linux calibration software
Calibration DAC Range: [1100 - 2700]

A:
0.757217,0.755715,0.754503,0.753225,0.757863,0.754717,0.756787,0.755858,0.754006,0.759301
0.755073,0.754503,0.758366,0.755216,0.755144,0.755073,0.755002,0.752445,0.752233,0.758294
0.757576,0.757432,0.756644,0.75365,0.758294,0.756931,0.758653,0.755786,0.754646,0.753296


B:
53.5258,60.1359,62.5577,60.7003,56.4228,63.6226,60.9307,66.7423,62.4882,63.8575
62.5296,63.3122,59.2186,63.8442,58.0517,61.7745,63.5334,64.1836,64.0244,60.379
61.3637,64.8929,64.0027,65.9915,62.6539,57.7065,58.3689,63.8168,63.1166,68.7383


========================================================
Test11 (ADC Calibration) results 2008-06-19 12:56:33
Board ID271 30 channels
Linux calibration software

Calibration DAC Range: [1000 - 3500]

A:
0.7456,0.744,0.7428,0.7412,0.746,0.7428,0.7452,0.7444,0.7424,0.7476
0.7436,0.7428,0.7464,0.7436,0.7432,0.7428,0.7428,0.74,0.7408,0.7464
0.7468,0.746,0.746,0.742,0.7464,0.748,0.746,0.7436,0.7428,0.7416


B:
55.4001,61.9999,63.2,62.8001,56,65.2,61.8001,67.5999,63.6,64.3999
62.4,65.2,60.6,64.4,59.8,64.2,65.2,67,64.1999,61.6
62.2,66,63,67.0001,63.6,58.9999,61,66.4,63.2,69.4001


========================================================
Test11 (ADC Calibration) results 2008-07-17 10:58:43
Board ID271 30 channels
Linux calibration software

Calibration DAC Range: [1000 - 3500]

A:
0.7448,0.7436,0.7428,0.7412,0.7456,0.7424,0.744,0.7444,0.7424,0.7472
0.7428,0.7424,0.746,0.7432,0.7432,0.7424,0.7428,0.74,0.74,0.746
0.7472,0.7452,0.7452,0.7416,0.746,0.748,0.746,0.7436,0.7424,0.7416


B:
56.2001,61.4,63.2,61.8001,56.4001,64.6,63.9999,66.5999,63.6,65.8
63.2,65.6,61,64.8,58.8,64.6,65.2,67,66,62
61.8,66.8001,63.8001,67.4001,64,58.9999,61,65.4,63.6,69.4001


========================================================
Test11 (ADC Calibration) results 2008-07-20 18:37:46
Board ID271 30 channels
Linux calibration software

Calibration DAC Range: [1000 - 3500]

A:
0.7448,0.7436,0.7424,0.7412,0.7456,0.742,0.7444,0.7436,0.742,0.7472
0.7424,0.7424,0.746,0.7432,0.7432,0.7428,0.7428,0.7396,0.74,0.746
0.7476,0.7456,0.7452,0.7416,0.746,0.7488,0.746,0.7436,0.742,0.7412


B:
56.2001,61.4,63.6,61.8001,56.4001,66.0001,63.5999,68.4,64.0001,64.8
64.6,64.6,61,64.8,58.8,64.2,65.2,67.4,66,62
61.3999,66.4001,64.8001,67.4001,64,60.2001,61,65.4,65.0001,69.8001


========================================================
Test11 (ADC Calibration) results 2008-07-24 23:03:59
Board ID271 30 channels
Linux calibration software

Calibration DAC Range: [1000 - 3500]

A:
0.744,0.744,0.7424,0.7412,0.746,0.742,0.7448,0.7444,0.7424,0.7472
0.7428,0.7424,0.746,0.7432,0.7428,0.7428,0.7432,0.7396,0.7404,0.7456
0.7476,0.7456,0.7452,0.7416,0.746,0.7484,0.746,0.7432,0.7424,0.7412


B:
57.9999,60.9999,63.6,61.8001,56,66.0001,62.2001,66.5999,62.6,64.8
63.2,64.6,61,64.8,59.2,64.2,63.8,67.4,64.5999,63.4001
61.3999,66.4001,64.8001,67.4001,64,60.6001,61,66.8,63.6,69.8001


