========================================================
Test10 (ADC Calibration) results 2014-01-19 19:51:39
Board IDXXX 30 channels
Host: ufcmshv1
Linux calibration software

Voltmeter channel: A=1.09534, B=7.90604

A:
1.12054,1.07961,1.08556,1.08258,1.07639,1.07657,1.10016,1.0842,1.08756,1.11459
1.1251,1.08538,1.10408,1.09249,1.12822,1.07408,1.07711,1.10035,1.09728,1.09396
1.0902,1.08366,1.08628,1.04913,1.06103,1.09194,1.08393,1.10147,1.09249,1.10203


B:
5.54525,11.3146,7.18706,7.74098,7.57821,7.41413,7.9556,8.20819,7.75899,7.69296
8.26453,6.91808,8.40327,8.29683,8.00142,6.26575,7.35338,7.78801,6.37254,7.40361
7.9704,6.75153,6.74259,9.14066,7.48648,7.92103,6.07069,7.00313,7.64111,6.94073


========================================================
Test10 (ADC Calibration) results 2014-03-14 18:53:42
Board ID243 30 channels
Host: ufcmshv1
Linux calibration software

Voltmeter channel: A=1.08993, B=1.2434

A:
1.068,1.07364,1.08069,1.09166,1.07666,1.07577,1.07435,1.06975,1.07258,1.07988
1.0806,1.07559,1.10063,1.07863,1.10851,1.07214,1.05835,1.08159,1.07028,1.0732
1.08006,1.07311,1.08993,1.06224,1.06914,1.07943,1.06993,1.06415,1.08258,1.06686


B:
-1.15022,1.52111,0.173167,0.747019,1.73343,-0.455105,1.0782,0.84508,1.21919,0.0545745
0.256341,0.355303,2.25372,1.21192,0.674178,0.771996,-0.177054,1.29084,0.781055,0.858618
0.104958,0.940927,0.371404,2.3188,0.990444,2.19534,1.10902,1.16664,0.162944,1.40818


