========================================================
Test11 (ADC Calibration) results 2014-01-19 20:02:00
Board IDXXX 30 channels
Host: ufcmshv1
Linux calibration software

Calibration DAC Range: [1000 - 3500]

A:
0.7212,0.7496,0.7452,0.7468,0.7508,0.7516,0.7348,0.7456,0.744,0.7256
0.7188,0.7452,0.7328,0.7404,0.7164,0.7528,0.7504,0.7344,0.7364,0.7388
0.7412,0.746,0.744,0.7724,0.7616,0.74,0.746,0.7336,0.7396,0.7336


B:
65.8,61.4,63.8001,65.2,65.2,65.3999,66.2001,64.4001,64.9999,67.4
64.2,66.8001,66.2,63.5999,65.5999,66.2,65.6,64.6001,66.6,65.2
65.8001,65,65.9999,64.5999,66.3999,66,66,67.3999,66.4,65.3999


========================================================
Test11 (ADC Calibration) results 2014-03-14 19:03:52
Board ID243 30 channels
Host: ufcmshv1
Linux calibration software

Calibration DAC Range: [1000 - 3500]

A:
0.7564,0.752,0.7476,0.74,0.75,0.7512,0.752,0.7548,0.7528,0.7484
0.7476,0.7504,0.7336,0.7488,0.7288,0.7532,0.7632,0.7464,0.7548,0.7524
0.748,0.7528,0.7412,0.7616,0.7552,0.7484,0.7552,0.7588,0.746,0.7572


B:
63.6,65.0001,66.3999,65,65,66.7999,64.0001,65.1999,64.2,66.6001
65.3999,66.6,64.3999,65.2001,66.2,63.8,66.8,64.6,64.1999,64.6001
64.9999,63.2,64.8001,65.3999,64.7999,62.6001,64.7999,65.1999,66,63.8


