========================================================

Test15 results 08-17-2005  13:55:54
Board ID019  8 channels
HV Tests Software Ver.1.6


A:
Limits 1.45 +/- 2.0
0.0,0.0,0.0,0.0,0.0,0.0,0.0,0.0


B:
Limits 0.0 +/- 160.0
0.0,0.0,0.0,0.0,0.0,0.0,0.0,0.0
========================================================

Test15 results 08-17-2005  14:28:25
Board ID019  8 channels
HV Tests Software Ver.1.6


A:
Limits 1.45 +/- 2.0
1.431639,1.454545,1.430615,1.432665,1.43472,1.428571,1.443001,1.43472


B:
Limits 0.0 +/- 160.0
14.316483,-13.091028,1.430553,-18.62463,-7.173736,15.71419,10.101158,-12.912617
========================================================
Test15 (Master ADC Calibration) results 2008-06-15 16:45:36
Board ID19 7 channels
Linux calibration software


A:
1.42783,1.44889,1.43229,1.43155,1.4413,1.39736,1.39665,1.43379

B:
9.08607,-8.42986,-1.17177,-19.2609,-11.7925,30.2338,39.1061,-15.1199

