========================================================

Test10 results 03-13-2006  17:03:08
Board ID008  36 channels
HV Tests Software Ver.1.6

+5V 2513 - O'k
-5V 1346 - O'k
Interlock - On

Voltmeter channel: A=1.036269, B=33.160637

A:
Limits 1.1 +/- 0.1
1.081081,1.082251,1.080497,1.084599,1.085187,1.075269,1.082251,1.079331,1.082837,1.078167,1.082837,1.081666
1.081081,1.075269,1.079331,1.086366,1.076426,1.075269,1.080497,1.079914,1.080497,1.069519,1.077006,1.078749
1.084599,1.081081,1.088732,1.068376,1.078167,1.074691,1.085187,1.077586,1.084011,1.086366,1.094092,1.085776


B:
Limits 0.0 +/- 35.0
11.89207,18.398306,10.804978,13.015324,13.02224,8.601974,11.9048,15.11068,9.745708,17.250803,18.408403,19.470024
18.378557,17.204124,16.19001,8.691105,7.534973,7.526706,12.965973,15.118756,8.643984,20.320972,12.923853,18.338537
11.930725,12.973151,7.621052,17.094032,15.094469,10.746796,8.68149,21.551846,10.840111,11.950203,12.035053,14.115096
========================================================
Test10 (ADC Calibration) results 2008-06-16 13:15:45
Board ID008 36 channels
Linux calibration software

Voltmeter channel: A=1.07, B=0

A:
1.08714,1.0865,1.0856,1.0896,1.09097,1.07902,1.08714,1.08388,1.08832,1.08306,1.08878,1.0855
1.08587,1.07929,1.08415,1.09207,1.07982,1.07929,1.08406,1.08378,1.06802,1.0734,1.08198,1.08369
1.06619,1.08768,1.0929,1.07349,1.08288,1.07714,1.0885,1.08768,1.08878,1.09124,1.09797,1.09198


B:
5.9208,15.8461,8.63463,10.4267,8.3081,6.00958,7.8777,13.8901,6.36258,13.7634,13.1325,16.9674
14.0328,14.612,13.2098,7.09015,6.77805,5.97769,10.9069,11.8048,19.1258,15.2589,10.4203,14.0546
23.8007,10.2073,5.46432,11.7422,11.7615,9.24687,7.28452,14.5581,8.12407,6.74901,9.84787,7.82843


========================================================
Test10 (ADC Calibration) results 2008-06-17 07:08:50
Board ID008 36 channels
Linux calibration software

Voltmeter channel: A=1.07, B=0

A:
1.09941,1.09904,1.09812,1.10245,1.10328,1.09156,1.09959,1.09666,1.10097,1.09547,1.10134,1.09775
1.0984,1.09174,1.09666,1.10458,1.09283,1.09165,1.09675,1.09656,1.07452,1.08588,1.09447,1.09611
1.0685,1.10033,1.10579,1.0857,1.09583,1.0893,1.10097,1.10023,1.10097,1.10384,1.11102,1.10449


B:
5.14235,14.9304,7.41558,8.53633,7.55924,4.67501,7.17351,12.2625,5.03331,12.9049,11.9656,16.3129
12.8758,13.4604,12.2625,5.93871,4.81653,5.02851,9.76651,10.1525,20.5801,14.2485,9.43991,12.9807
29.7601,8.7032,3.51412,11.1559,9.50427,7.84641,5.91414,13.6278,7.89594,5.72987,7.41836,6.90664


