========================================================

Test11 results 03-13-2006  17:05:44
Board ID008  36 channels
HV Tests Software Ver.1.6

+5V 2513 - O'k
-5V 1346 - O'k
Interlock - On
Calibration DAC Range: [2500 - 2900]


A:
Limits 0.76 +/- 0.04
0.75188,0.750469,0.753296,0.749064,0.749064,0.756144,0.750469,0.756144,0.750469,0.756144,0.753296,0.750469
0.753296,0.756144,0.75188,0.749064,0.754717,0.757576,0.753296,0.753296,0.75188,0.759013,0.754717,0.757576
0.749064,0.750469,0.749064,0.764818,0.756144,0.754717,0.75188,0.754717,0.750469,0.749064,0.747664,0.75188


B:
Limits 60.0 +/- 40.0
64.990448,68.685013,63.440918,69.571663,71.28833,72.786133,69.682823,52.525318,73.558113,63.747852,53.219379,71.02803
61.907658,63.443806,71.017227,67.221695,78.438377,67.537834,64.063454,63.34565,68.772789,70.138634,69.811279,49.585545
72.639977,75.898567,64.317245,49.090416,58.955311,77.520782,61.287216,58.42548,66.613159,60.071579,63.216244,57.299099
========================================================
Test11 (ADC Calibration) results 2008-06-17 04:20:31
Board ID008 36 channels
Linux calibration software

Calibration DAC Range: [1000 - 3500]

A:
0.748,0.7476,0.7496,0.7456,0.7448,0.7532,0.7484,0.7504,0.7464,0.75,0.7468,0.7488
0.7484,0.7532,0.7496,0.744,0.7524,0.7532,0.7504,0.7504,0.7616,0.7568,0.752,0.7504
0.7628,0.7464,0.744,0.7576,0.7504,0.7552,0.7468,0.7476,0.7468,0.746,0.7448,0.7444


B:
69.9999,71.3999,66.4,71.4001,76.2001,76.8,71.6001,62.6,78.6,76,65.2,70.2001
71.6001,66.8,70.4,72.9999,79.6001,73.8,66.6,69.6,59.3999,73.2,70.0001,66.6
60.2001,77.6,73.9999,65.4,71.6,70.7999,73.2,65.3999,73.2,64,66.2001,73.5999


========================================================
Test11 (ADC Calibration) results 2008-06-17 07:43:31
Board ID008 36 channels
Linux calibration software

Calibration DAC Range: [1000 - 3500]

A:
0.74,0.7388,0.7408,0.7372,0.7364,0.7448,0.7392,0.742,0.738,0.7412,0.7384,0.7404
0.74,0.7448,0.7416,0.7364,0.7432,0.7448,0.742,0.7412,0.7568,0.7484,0.7432,0.742
0.7608,0.7384,0.7352,0.7492,0.7416,0.7464,0.738,0.7388,0.7384,0.7368,0.736,0.7356


B:
69,73.2,67.1999,71.7999,76.6,77.2001,72.8,62.0001,78.0001,77.8001,65.6001,71.5999
72,66.2001,69.4001,71.6,81.8,74.2001,67.0001,70.8001,58.2,72.6001,70.8,68.0001
57.2,76.6001,75.8,65.8,73.4001,72.6,75.0001,66.2,72.6001,66.2,68,74.4


========================================================
Test11 (ADC Calibration) results 2008-07-28 12:43:15
Board ID008 36 channels
Linux calibration software

Calibration DAC Range: [1000 - 3500]

A:
0.7396,0.7388,0.7412,0.7376,0.7364,0.7448,0.7388,0.7416,0.7376,0.7416,0.738,0.74
0.7396,0.7444,0.7416,0.7356,0.7436,0.7448,0.742,0.7412,0.7528,0.748,0.7428,0.742
0.758,0.738,0.7356,0.7492,0.7412,0.7468,0.738,0.7388,0.7376,0.7368,0.7356,0.736


B:
69.4,73.2,65.8001,70.3999,75.6,77.2001,74.2,63.4001,79.3999,76.4001,66.0001,71
72.4,67.5999,69.4001,73.4,80.4,74.2001,67.0001,70.8001,59.2,72.9999,72.2,67.0001
52.9999,78.0001,73.4,64.8,73.8001,71.2,74.0001,66.2,75.3999,65.2,69.4,73


========================================================
Test11 (ADC Calibration) results 2009-01-23 11:27:29
Board ID008 36 channels
Host: ufcmshv3
Linux calibration software

Calibration DAC Range: [1000 - 3500]

A:
0.7776,0.766,0.78,0.7692,0.758,0.7724,0.7628,0.7776,0.7704,0.7764,0.7592,0.7676
0.7744,0.7668,0.7648,0.7752,0.77,0.7724,0.7696,0.7728,0.7784,0.778,0.7756,0.7728
0.7748,0.7624,0.7636,0.7724,0.7696,0.774,0.7664,0.774,0.7652,0.7732,0.7732,0.7732


B:
69.4,70.0001,66.0001,69.7999,76.9999,75.5999,70.2001,61.4,76.6,76.5999,64.8001,69.4
70.6,64.2001,69.2,71.8,79.0001,72.5999,66.4001,68.1999,67.6,74,69.3999,66.1999
72.2,74.6001,73.4,64.5999,71.4001,71,71.6001,60,71.7999,65.8001,63.8001,71.8001


