========================================================

Test10 results 04-04-2005  12:09:13
Board ID035  36 channels
HV Tests Software Ver.1.6

+5V 2525 - O'k
-5V 1304 - O'k
Interlock - On

Voltmeter channel: A=1.066098, B=8.528736

A:
Limits 1.1 +/- 0.1
1.077006,1.077586,1.085187,1.071237,1.067236,1.077586,1.077586,1.071811,1.071237,1.078749,1.075847,1.075269
1.070091,1.072386,1.074114,1.075847,1.071811,1.071237,1.072386,1.079331,1.070091,1.064963,1.075269,1.070091
1.071811,1.078749,1.074114,1.06553,1.070091,1.075847,1.069519,1.074114,1.075847,1.077006,1.075269,1.072386


B:
Limits 0.0 +/- 30.0
9.692835,6.465639,8.68149,10.712199,3.201826,10.775984,8.620811,15.005518,8.569725,8.629799,13.985871,8.601974
12.8409,19.30307,16.111746,15.061719,6.431027,13.925911,9.651596,7.555364,5.350263,6.389708,7.526706,10.700718
19.292763,3.236055,11.81529,20.24522,7.490445,13.985871,4.278192,5.370607,10.758329,4.307805,10.752512,10.723982
========================================================
Test10 (ADC Calibration) results 2007-11-01 15:59:10
Board ID35 36 channels
Linux calibration software

Voltmeter channel: A=1.06743, B=10.9884

A:
1.07426,1.07564,1.08516,1.0743,1.06747,1.07968,1.08064,1.07169,1.07078,1.07811,1.08163,1.07446
1.06921,1.07352,1.07583,1.07707,1.07823,1.07262,1.07352,1.0781,1.07025,1.06339,1.06593,1.07604
1.07563,1.07229,1.07659,1.0668,1.07138,1.07882,1.07339,1.07346,1.07513,1.07821,1.07494,1.07225


B:
7.7989,6.25059,4.48643,6.6767,-1.56381,3.97195,5.77819,9.2976,5.26392,5.98167,12.1099,9.36522
10.4833,11.5139,12.7408,13.1196,2.93792,9.9398,4.69365,7.42836,1.01505,6.4607,9.07904,5.73375
16.5489,-1.10828,6.51639,12.9609,3.42097,8.03778,1.74234,2.30182,7.03926,-3.22532,2.4804,7.22735


========================================================
Test10 (ADC Calibration) results 2008-01-17 16:10:30
Board ID35 36 channels
Linux calibration software

Voltmeter channel: A=1.03273, B=-1407.15

A:
1.07416,1.08012,1.06951,1.06496,1.06563,1.07476,1.07613,1.07179,1.07653,1.06586,1.07259,1.07673
1.07225,1.07356,1.07573,1.07687,1.06871,1.07172,1.07416,1.07328,1.0862,1.07386,1.06777,1.08008
1.08074,1.07279,1.07182,1.07861,1.08056,1.07556,1.07108,1.07446,1.07653,1.07801,1.08422,1.0739


B:
1.12724,-8.71533,4.0291,-0.00813961,12.7971,13.0809,12.4797,6.96897,2.81253,20.4974,-15.4783,13.8623
11.5164,4.99353,5.06907,0.300202,9.12475,16.4199,11.0014,22.2907,0.775349,10.1873,-4.15359,-0.863239
7.81139,1.2448,7.34819,-0.255375,30.9678,5.60182,-0.485585,7.2163,12.2421,10.4327,3.87731,-0.881948


========================================================
Test10 (ADC Calibration) results 2008-01-17 16:21:54
Board ID35 36 channels
Linux calibration software

Voltmeter channel: A=1.06734, B=11.421

A:
1.07386,1.0753,1.08526,1.0743,1.0663,1.07998,1.08074,1.07239,1.07088,1.07821,1.08213,1.07412
1.07005,1.07352,1.07633,1.07687,1.07844,1.07282,1.07376,1.07894,1.07005,1.06422,1.06717,1.0754
1.07539,1.07303,1.07787,1.0671,1.07104,1.07817,1.07383,1.07326,1.07519,1.07781,1.07514,1.07215


B:
9.91307,7.08746,3.8727,5.60241,1.80499,3.98586,4.56916,9.19678,4.66456,5.85289,11.8648,10.1973
8.74195,11.9142,12.0989,14.1771,3.48121,8.81102,4.5159,5.27652,2.0722,4.72788,6.62101,6.95829
17.2537,-2.06076,3.92292,13.1726,2.97663,9.05951,0.704024,3.15863,7.75956,-1.90963,7.42357,7.35593


