========================================================

Test11 results 04-04-2005  12:11:34
Board ID035  36 channels
HV Tests Software Ver.1.6

+5V 2526 - O'k
-5V 1305 - O'k
Interlock - On
Calibration DAC Range: [2500 - 2900]


A:
Limits 0.76 +/- 0.04
0.746269,0.747664,0.739372,0.749064,0.756144,0.743494,0.744879,0.750469,0.749064,0.746269,0.747664,0.749064
0.75188,0.749064,0.749064,0.747664,0.747664,0.75188,0.750469,0.743494,0.753296,0.753296,0.750469,0.75188
0.750469,0.750469,0.746269,0.757576,0.750469,0.747664,0.75188,0.749064,0.746269,0.746269,0.750469,0.75188


B:
Limits 60.0 +/- 30.0
58.871696,52.755344,66.946686,61.907661,53.673565,65.577881,64.085083,54.421333,63.427917,55.730846,53.250927,57.337566
56.615505,56.451347,53.316837,52.523888,72.020638,52.935955,56.752995,68.862984,56.812428,67.31958,48.21769,54.115173
51.75695,41.417297,65.703079,35.984322,72.203751,54.288639,58.851135,62.162407,62.733311,62.812931,64.178169,48.904514
========================================================
Test11 (DAC Calibration) results 2007-11-01 15:59:10
Board ID35 36 channels
Linux calibration software
Calibration DAC Range: [1100 - 2700]

A:
0.747314,0.747105,0.73944,0.747664,0.752445,0.743564,0.742528,0.749485,0.748994,0.745018,0.742597,0.747175
0.750469,0.747454,0.745851,0.745365,0.744186,0.748083,0.747454,0.743909,0.750117,0.754575,0.753154,0.746826
0.74599,0.749064,0.744948,0.753296,0.748573,0.744532,0.748293,0.747873,0.746338,0.744948,0.75061,0.748713


B:
64.9697,61.076,70.4036,64.486,70.6547,67.0415,68.6281,63.3128,67.8868,65.0215,58.8786,66.2088
65.8537,66.7198,63.4159,60.2162,71.5349,68.6925,69.4103,71.9174,70.8393,68.0436,61.5514,61.4636
62.1784,66.2921,70.1832,55.1789,79.6949,65.1,64.9612,69.8793,67.665,71.0774,71.8144,63.781


========================================================
Test11 (DAC Calibration) results 2008-01-17 16:10:30
Board ID35 36 channels
Linux calibration software
Calibration DAC Range: [1100 - 2700]

A:
0.747384,0.743633,0.750258,0.754219,0.753367,0.746965,0.745643,0.749415,0.745365,0.753579,0.748853,0.745226
0.748713,0.747803,0.745921,0.745504,0.750821,0.748713,0.747384,0.747245,0.739098,0.747594,0.752233,0.743287
0.742459,0.748713,0.748643,0.744671,0.74184,0.746408,0.749906,0.747175,0.745365,0.745087,0.744186,0.747943


B:
69.9552,72.746,69.896,68.6809,60.3541,60.224,62.811,65.0586,68.4152,54.0317,79.4625,63.3907
63.781,70.2749,69.1376,68.9683,66.8699,63.0323,63.3782,59.9851,71.0273,63.9846,70.1927,67.4256
68.7238,64.5298,68.2201,65.6521,59.7923,67.4195,66.6292,66.2088,63.794,60.9015,70.7907,69.3343


========================================================
Test11 (DAC Calibration) results 2008-01-17 16:21:54
Board ID35 36 channels
Linux calibration software
Calibration DAC Range: [1100 - 2700]

A:
0.747594,0.746965,0.739372,0.747664,0.752516,0.743356,0.742459,0.748994,0.748923,0.744948,0.742253,0.747035
0.750258,0.747454,0.745504,0.745504,0.744048,0.747943,0.747664,0.743702,0.750258,0.754361,0.752658,0.746896
0.745782,0.748923,0.74481,0.753083,0.748433,0.744602,0.748363,0.748013,0.745921,0.745226,0.750469,0.748783


B:
63.3867,60.971,70.0554,64.486,69.9556,67.032,68.7238,63.3929,67.534,65.1178,59.0649,66.1032
65.8447,66.4205,63.8988,59.4258,71.1309,68.736,68.2243,72.2041,70.0458,68.0339,62.0848,61.068
62.1701,66.4855,69.4815,55.0224,79.7363,64.8549,64.4153,69.238,67.6458,70.0978,68.1051,63.684


