========================================================

Test10 results 10-05-2005  17:45:31
Board ID083  36 channels
HV Tests Software Ver.1.6

+5V 2486 - O'k
-5V 1309 - O'k
Interlock - On

Voltmeter channel: A=1.075847, B=5.379094

A:
Limits 1.1 +/- 0.1
1.071237,1.074691,1.075269,1.071811,1.074114,1.078749,1.070664,1.070664,1.072961,1.066667,1.071237,1.077586
1.072961,1.078167,1.066667,1.072961,1.078167,1.081666,1.068947,1.064963,1.075847,1.072961,1.075269,1.071811
1.077006,1.074114,1.081081,1.074114,1.071811,1.077586,1.070091,1.067236,1.075269,1.077586,1.077006,1.071811


B:
Limits 0.0 +/- 35.0
9.640962,6.448031,6.451437,11.790084,5.370607,7.55105,12.847973,9.635981,8.583851,4.266459,9.640962,11.85357
11.802734,7.547299,4.266459,8.583851,14.016302,7.571701,8.551615,9.584596,6.454941,6.437928,11.827781,8.57465
14.000859,6.444721,10.810989,13.963518,11.790084,12.931156,13.910991,-1.067117,9.677243,12.931156,12.923853,2.143782
========================================================
Test10 (ADC Calibration) results 2007-10-15 16:44:32
Board ID83 36 channels
Linux calibration software

Voltmeter channel: A=1.07458, B=9.55597

A:
1.07122,1.07263,1.07384,1.07131,1.07361,1.08059,1.07226,1.07115,1.07482,1.06623,1.07253,1.07685
1.07385,1.0816,1.06532,1.07937,1.07778,1.08247,1.06781,1.06013,1.07697,1.07313,1.0758,1.07297
1.07737,1.07596,1.08146,1.07802,1.07185,1.07681,1.07323,1.06785,1.07727,1.07782,1.08244,1.07216


B:
5.2668,6.81949,5.92042,8.71749,3.18922,6.77439,7.24827,3.71432,2.97482,1.22028,7.25562,10.6823
7.84201,2.0527,3.45371,7.03736,10.6112,7.02089,7.08231,11.8735,5.67934,4.68886,8.51804,5.15204
9.59929,4.7592,5.31453,8.14977,8.54482,11.1792,11.2147,-2.43262,6.17258,8.25012,6.54238,0.432095


========================================================
Test10 (ADC Calibration) results 2007-10-16 16:24:35
Board ID83 36 channels
Linux calibration software

Voltmeter channel: A=1.07444, B=9.80575

A:
1.07024,1.07317,1.07414,1.07131,1.07287,1.08059,1.07185,1.07169,1.07428,1.06687,1.07297,1.07671
1.07412,1.08105,1.06586,1.06353,1.07842,1.08202,1.06781,1.0601,1.07731,1.07273,1.076,1.07327
1.07737,1.07681,1.08135,1.07808,1.07185,1.07755,1.07333,1.06721,1.07673,1.07772,1.08325,1.07185


B:
7.58759,6.53022,5.93717,8.71749,4.5344,7.17468,8.56005,3.22695,4.73887,-1.05568,5.82472,11.028
7.5031,2.74638,1.70037,20.1889,8.71608,7.58831,6.88236,11.7121,4.96873,5.99984,7.18671,4.76773
9.99958,2.40958,5.84272,9.14952,8.74477,10.0302,11.0868,-1.41842,6.86113,8.57845,5.52283,1.61667


========================================================
Test10 (ADC Calibration) results 2007-10-18 10:49:56
Board ID83 36 channels
Linux calibration software

Voltmeter channel: A=1.07512, B=7.35638

A:
1.07058,1.07276,1.07513,1.07165,1.07232,1.07984,1.07185,1.07139,1.07408,1.06677,1.07317,1.07671
1.07425,1.08115,1.06542,1.06218,1.07842,1.08236,1.06801,1.06785,1.07721,1.07273,1.07539,1.07307
1.07717,1.07616,1.0821,1.07836,1.07175,1.07745,1.07377,1.067,1.07836,1.07826,1.08233,1.0725


B:
5.6854,7.44411,3.61509,7.21632,6.09424,9.20554,8.56005,3.412,4.99526,-0.527979,5.36899,10.121
6.65235,2.41765,3.12477,21.9021,8.71608,7.14968,6.22609,16.3065,5.09663,5.99984,9.15376,4.82352
10.2552,4.1035,4.89313,7.71535,7.80151,10.1583,10.5277,-0.0946239,3.71535,7.88686,6.46964,0.000948906


