========================================================

Test10 results 03-27-2006  16:10:18
Board ID385  30 channels
HV Tests Software Ver.1.6

+5V 2501 - O'k
-5V 1317 - O'k
Interlock - On

Voltmeter channel: A=1.087548, B=32.626572

A:
Limits 1.1 +/- 0.1
1.086957,1.084599,1.079914,1.077586,1.070664,1.081666,1.075847,1.092299,1.089325,1.077586
1.084011,1.080497,1.081081,1.078749,1.086957,1.077006,1.085776,1.070664,1.071237,1.082251
1.072386,1.079331,1.077586,1.085776,1.077586,1.081081,1.073537,1.089325,1.082837,1.075269


B:
Limits 0.0 +/- 35.0
10.869641,15.184522,15.118756,17.241501,13.918636,14.061695,15.061719,17.476599,18.51861,16.163914
16.260164,12.965973,12.973151,14.023542,16.304424,15.077866,13.02932,16.059963,12.854673,14.069302
10.723982,15.11068,15.086329,14.115096,14.008742,12.973151,17.176434,15.250637,16.242729,16.128857
========================================================
Test10 (ADC Calibration) results 2008-06-04 09:19:19
Board ID385 30 channels
Linux calibration software

Voltmeter channel: A=1.06776, B=-1326.58

A:
1.08643,1.08522,1.07978,1.07722,1.0711,1.08135,1.07645,1.0939,1.09097,1.07766
1.08492,1.08119,1.08119,1.07907,1.08825,1.07756,1.08623,1.0711,1.0711,1.08169
1.07201,1.08018,1.07952,1.08586,1.07897,1.0822,1.07403,1.09012,1.08391,1.07564


B:
10.779,10.9582,11.4393,15.9374,9.62172,12.7419,11.226,10.37,10.5556,11.7036
11.5379,10.3439,11.144,11.7273,9.98123,12.5081,9.17738,11.6217,11.6217,12.392
9.48057,10.2116,8.36915,12.8479,9.81216,10.7583,13.219,12.0079,12.605,11.9925


