========================================================

Test11 results 03-27-2006  16:16:31
Board ID385  30 channels
HV Tests Software Ver.1.6

+5V 2501 - O'k
-5V 1317 - O'k
Interlock - On
Calibration DAC Range: [2500 - 2900]


A:
Limits 0.76 +/- 0.04
0.744879,0.744879,0.749064,0.750469,0.754717,0.747664,0.75188,0.740741,0.742115,0.750469
0.746269,0.749064,0.747664,0.750469,0.742115,0.75188,0.744879,0.753296,0.756144,0.747664
0.754717,0.747664,0.750469,0.750469,0.750469,0.749064,0.753296,0.740741,0.744879,0.750469


B:
Limits 60.0 +/- 40.0
66.951485,73.093468,67.956863,68.574898,72.536995,69.386108,68.10865,66.565483,68.234749,68.132965
69.353714,68.045555,72.707703,65.794716,74.393982,65.150146,72.368408,74.838745,65.675499,68.75016
70.316513,74.865265,69.474869,65.07576,69.659744,67.324654,68.06147,74.21125,76.154633,74.942337
========================================================
Test11 (DAC Calibration) results 2008-06-04 09:19:19
Board ID385 30 channels
Linux calibration software
Calibration DAC Range: [1100 - 2700]

A:
0.742666,0.743494,0.747245,0.748643,0.753296,0.745782,0.749555,0.737599,0.739577,0.748713
0.743702,0.746269,0.746269,0.747733,0.741427,0.748783,0.742804,0.753296,0.753296,0.745921
0.752658,0.746965,0.747803,0.746826,0.747803,0.745573,0.751244,0.739782,0.744394,0.750117


B:
76.1604,78.4386,76.4244,74.359,78.5311,76.7875,76.5577,78.1303,77.1655,76.2098
78.0052,78.0599,77.4628,76.2035,77.5718,76.4133,80.5757,77.0245,77.0245,77.3428
78.6433,78.1512,78.2017,78.3419,79.2486,78.5648,76.6551,78.2135,77.2029,77.5903


========================================================
Test11 (ADC Calibration) results 2008-06-17 04:20:31
Board ID385 30 channels
Linux calibration software

Calibration DAC Range: [1000 - 3500]

A:
0.7404,0.7412,0.7444,0.746,0.7512,0.7428,0.7468,0.7356,0.7376,0.746
0.742,0.7436,0.744,0.7452,0.7396,0.7464,0.7408,0.7512,0.7516,0.7432
0.7512,0.7448,0.7456,0.7444,0.746,0.7432,0.7488,0.7376,0.742,0.7476


B:
76.5999,79.8001,77.5999,76,78.7999,79.2,78.2,77.4,77.3999,78
78.0001,79.4,77.9999,77.8001,76.4,78.6,80.1999,76.7999,77.3999,78.8
76.7999,78.2001,78.4001,79.5999,78,78.8,78.2001,78.3999,79.0001,78.3999


========================================================
Test11 (ADC Calibration) results 2008-06-17 07:43:31
Board ID385 30 channels
Linux calibration software

Calibration DAC Range: [1000 - 3500]

A:
0.732,0.7332,0.7364,0.7376,0.7428,0.7352,0.7388,0.7268,0.7292,0.738
0.7332,0.7356,0.7356,0.7368,0.7312,0.738,0.7324,0.7428,0.7428,0.7348
0.742,0.736,0.7376,0.736,0.7376,0.7348,0.7396,0.7296,0.7336,0.7396


B:
77,78.7999,77.6,76.3999,80.2,77.8,78.2,79.1999,77.8,78.0001
79.7999,79.4,79.4,78.2,76.8001,79.0001,80.6,77.2,78.2,80.2001
80.0001,80,78.3999,80,78.3999,80.2001,80.4,78.4,79.3999,78.4


========================================================
Test11 (ADC Calibration) results 2009-01-15 08:10:37
Board ID385 30 channels
Host: ufcmshv3
Linux calibration software

Calibration DAC Range: [1000 - 3500]

A:
0.772,0.8188,0.7664,0.7732,0.7624,0.7592,0.776,0.7596,0.7712,0.774
0.7756,0.7692,0.7756,0.7616,0.7684,0.7776,0.7764,0.7724,0.7656,0.7712
0.8628,0.7752,0.7516,0.7616,0.7628,0.768,0.758,0.7624,0.7628,0.7732


B:
74.9999,69.2001,78.6001,78.8001,80.6001,78.8001,78.9999,79.4001,76.8,76
79.3999,79.7999,80.3999,78.3999,77.6,78.4,82.5999,78.5999,79.3999,79.8
63.2,77.8,78.3999,80.3999,79.2001,80,79.9999,80.6001,81.2001,79.8001


========================================================
Test11 (ADC Calibration) results 2009-01-15 08:59:30
Board ID385 30 channels
Host: ufcmshv3
Linux calibration software

Calibration DAC Range: [1000 - 3500]

A:
0.7716,0.8188,0.7668,0.7732,0.7624,0.7588,0.7764,0.7596,0.7708,0.7736
0.7756,0.7696,0.776,0.7616,0.768,0.7776,0.7768,0.7716,0.7652,0.7716
0.8628,0.7748,0.7516,0.762,0.7628,0.7676,0.758,0.7624,0.7636,0.7728


B:
75.4,69.2001,77.2001,78.8001,80.6001,79.1999,77.5999,79.4001,78.2,76.4001
79.3999,78.4001,78.9999,78.3999,78,78.4,81.2001,80.4,79.7999,78.4
64.2,78.2,78.3999,78.9999,78.2001,80.4,79.9999,80.6001,79.4,80.1999


