========================================================

Test10 results 06-22-2005  14:44:38
Board ID356  30 channels
HV Tests Software Ver.1.6

+5V 2506 - O'k
-5V 1323 - O'k
Interlock - On

Voltmeter channel: A=1.077006, B=14.000859

A:
Limits 1.1 +/- 0.1
1.071237,1.076426,1.081666,1.068376,1.080497,1.075269,1.082251,1.071811,1.082837,1.075847
1.075847,1.075269,1.078167,1.071237,1.072386,1.070664,1.088139,1.076426,1.077586,1.074691
1.070664,1.072386,1.077586,1.075847,1.075847,1.080497,1.073537,1.075269,1.083424,1.072961


B:
Limits 0.0 +/- 30.0
12.854673,2.152842,15.143361,7.478648,11.885475,8.601974,8.658047,6.431027,11.911382,3.227399
9.682483,5.376168,-1.078037,16.068386,7.506824,7.494653,3.264367,7.534973,11.85357,17.194942
13.918636,8.57921,10.775984,4.303246,7.530788,5.402493,3.220447,6.451437,11.917675,8.583851
========================================================
Test10 (ADC Calibration) results 2007-11-05 10:14:23
Board ID356 30 channels
Linux calibration software

Voltmeter channel: A=1.07087, B=-1306.45

A:
1.07172,1.07683,1.08291,1.06717,1.07886,1.07475,1.0812,1.07128,1.08255,1.07549
1.07673,1.07419,1.07669,1.07078,1.07098,1.06917,1.08713,1.07575,1.07803,1.07561
1.06987,1.07218,1.07846,1.07452,1.07509,1.08024,1.07114,1.07382,1.08216,1.07325


B:
7.91785,2.07277,8.04464,6.15643,12.0566,6.54494,6.97902,3.56385,9.0914,0.249943
5.55536,2.96833,-2.08878,14.4055,7.07797,8.38932,1.25698,7.26554,6.36008,15.1931
13.2809,5.92021,7.12417,4.43199,5.03773,2.3721,4.22234,6.01337,11.4049,5.41077


========================================================
Test10 (ADC Calibration) results 2008-06-17 15:59:19
Board ID356 30 channels
Linux calibration software

Voltmeter channel: A=1.07, B=0

A:
1.08791,1.09316,1.0992,1.08423,1.09535,1.09062,1.09829,1.08782,1.09764,1.09162
1.09271,1.09008,1.09271,1.08773,1.08737,1.08602,1.10373,1.09253,1.09371,1.09326
1.07747,1.08755,1.05947,1.09135,1.09153,1.09654,1.08477,1.09017,1.09884,1.0899


B:
8.20974,1.85132,9.92224,5.52274,12.1049,7.46316,5.70491,3.2885,12.4383,0.653394
7.73361,4.69165,-1.66393,12.2911,6.74899,6.4709,1.17546,6.37018,7.91099,12.0441
19.5328,6.5833,36.6787,3.30602,5.97661,2.90895,4.80906,6.57035,11.3552,4.85762


