========================================================

Test11 results 06-22-2005  14:46:26
Board ID356  30 channels
HV Tests Software Ver.1.6

+5V 2504 - O'k
-5V 1324 - O'k
Interlock - On
Calibration DAC Range: [2500 - 2900]


A:
Limits 0.76 +/- 0.04
0.749064,0.746269,0.742115,0.756144,0.739372,0.746269,0.743494,0.749064,0.742115,0.747664
0.746269,0.746269,0.746269,0.750469,0.750469,0.75188,0.739372,0.744879,0.746269,0.746269
0.749064,0.750469,0.744879,0.750469,0.746269,0.746269,0.747664,0.749064,0.742115,0.747664


B:
Limits 60.0 +/- 30.0
56.369602,61.850941,59.905704,43.457134,75.928352,64.179207,55.640541,63.599091,55.359707,60.73048
59.442333,66.505104,65.304985,52.47847,56.498135,55.093388,67.149574,67.373032,54.19677,61.77187
57.728374,52.004299,65.767792,66.686996,65.143196,53.541233,71.306198,52.752663,60.114243,67.466759
========================================================
Test11 (DAC Calibration) results 2007-11-05 10:14:23
Board ID356 30 channels
Linux calibration software
Calibration DAC Range: [1100 - 2700]

A:
0.748713,0.745157,0.740604,0.751527,0.743011,0.745851,0.741771,0.748643,0.741221,0.745712
0.745226,0.746617,0.744879,0.748994,0.748853,0.750117,0.736988,0.745157,0.744325,0.744879
0.749625,0.748013,0.743287,0.749766,0.74599,0.742804,0.748363,0.747245,0.740741,0.746896


B:
63.781,67.362,69.0798,65.599,68.9978,71.4712,67.4548,70.7654,63.7729,74.0491
66.3716,70.4153,75.7915,62.6439,67.3314,66.3386,80.7461,70.9388,66.5799,67.1508
60.2699,65.7971,74.2638,74.3205,71.2794,71.9591,73.9944,65.2158,71.1112,73.9146


========================================================
Test11 (ADC Calibration) results 2008-06-17 18:39:44
Board ID356 30 channels
Linux calibration software

Calibration DAC Range: [1000 - 3500]

A:
0.7376,0.734,0.7292,0.7396,0.7316,0.7352,0.73,0.7372,0.7304,0.7348
0.734,0.7352,0.7332,0.7372,0.7368,0.7384,0.7256,0.7332,0.7332,0.7332
0.7448,0.7376,0.7564,0.738,0.7348,0.7308,0.7388,0.7356,0.7292,0.7348


B:
63.3999,66.9999,68.8,66.4,69.4,70.8,68.9999,70.7999,62.5999,73.2001
65.9999,70.8,76.7999,64.7999,69.2,67.6001,81.4,72.7999,65.7999,68.7999
55.2001,65.3999,52.6,76.0001,71.2001,74.2001,74.2,65.4,70.8,76.2001


========================================================
Test11 (ADC Calibration) results 2008-07-16 16:13:30
Board ID356 30 channels
Linux calibration software

Calibration DAC Range: [1000 - 3500]

A:
0.7348,0.732,0.7268,0.7388,0.7296,0.74,0.7288,0.736,0.7288,0.7328
0.732,0.7336,0.7316,0.7352,0.736,0.7372,0.7244,0.732,0.732,0.7312
0.7432,0.736,0.768,0.7364,0.7332,0.7296,0.738,0.7344,0.7272,0.7336


B:
67.2001,70,72.1999,67.2,72.4,69,69.2,72,65.2,76.2
68,72.3999,78.4,66.8,69,68.7999,82.6001,74,67,70.8001
56.8,67,44,77.6,72.7999,74.4,74.0001,67.6001,74.8001,76.3999


========================================================
Test11 (ADC Calibration) results 2008-07-16 22:38:23
Board ID356 30 channels
Linux calibration software

Calibration DAC Range: [1000 - 3500]

A:
0.7364,0.7332,0.728,0.7412,0.7316,0.7424,0.7296,0.7372,0.7296,0.734
0.7336,0.7344,0.7324,0.7364,0.7372,0.7376,0.7252,0.7332,0.7328,0.7324
0.7448,0.7376,0.7792,0.7376,0.734,0.7304,0.7388,0.7356,0.728,0.742


B:
66.6,68.7999,71.0001,64.8001,69.4,65.6,68.4,70.7999,64.4,74.9999
66.3999,71.6001,78.6,65.6,67.7999,69.3999,81.8,72.7999,67.2,69.6
57.2001,64.3999,35.7999,75.3999,72.9999,73.5999,74.2,65.4,74.0001,68.0001


========================================================
Test11 (ADC Calibration) results 2008-07-20 18:58:34
Board ID356 30 channels
Linux calibration software

Calibration DAC Range: [1000 - 3500]

A:
0.7368,0.734,0.7284,0.7416,0.7308,0.7424,0.73,0.7372,0.73,0.7332
0.7332,0.7348,0.7328,0.7368,0.7372,0.7376,0.7252,0.7332,0.7332,0.7324
0.7456,0.7372,0.7924,0.7376,0.7332,0.7304,0.7392,0.7356,0.728,0.738


B:
65.2,66.9999,69.6,64.4001,70.2001,65.6,67.9999,70.7999,63.9999,76.7999
66.7999,71.2001,77.2,64.2,66.7999,69.3999,81.8,71.7999,65.7999,69.6
56.4001,65.7999,23.6,76.3999,73.7999,73.5999,73.8,65.4,74.0001,72.0001


========================================================
Test11 (ADC Calibration) results 2008-07-24 15:42:31
Board ID356 30 channels
Linux calibration software

Calibration DAC Range: [1000 - 3500]

A:
0.7372,0.7332,0.7284,0.7416,0.7308,0.7416,0.7296,0.7368,0.73,0.7336
0.7336,0.7344,0.7328,0.7364,0.7372,0.7376,0.7252,0.7328,0.7328,0.7324
0.7448,0.7372,0.788,0.7372,0.7336,0.7304,0.7388,0.7352,0.7284,0.7348


B:
64.7999,68.7999,69.6,64.4001,70.2001,67.4001,68.4,71.2,62.9999,75.3999
65.3999,71.6001,77.2,65.6,66.7999,69.3999,81.8,73.2,66.2,69.6
57.2001,64.7999,27,76.7999,73.3999,73.5999,74.2,65.8,72.6,75.2001


