========================================================

Test10 results 10-25-2005  15:13:08
Board ID112  36 channels
HV Tests Software Ver.1.6

+5V 2735 - O'k
-5V 1360 - O'k
Interlock - On

Voltmeter channel: A=1.072961, B=8.583851

A:
Limits 1.1 +/- 0.1
1.068376,1.067236,1.070091,1.070664,1.072961,1.071811,1.06553,1.072386,1.071811,1.067236,1.071237,1.075269
1.064396,1.06553,1.072961,1.069519,1.071237,1.076426,1.077006,1.064963,1.071237,1.071237,1.071237,1.068376
1.070091,1.074114,1.071237,1.069519,1.066667,1.074691,1.066667,1.067236,1.074691,1.069519,1.070664,1.062699


B:
Limits 0.0 +/- 35.0
8.547024,13.874185,7.490445,3.211998,9.656813,7.502839,-1.065382,8.57921,1.071971,11.739713,13.925911,17.204124
9.579754,4.262269,9.656813,11.764822,10.712199,4.305695,-0.000219,9.584596,7.498487,13.925911,4.284775,16.025656
9.630627,6.444721,6.42725,4.278192,4.266459,7.522722,9.599792,12.806949,4.298649,7.486748,10.706645,14.878005
========================================================
Test10 (ADC Calibration) results 2007-10-26 15:39:22
Board ID112 36 channels
Linux calibration software

Voltmeter channel: A=1.07171, B=9.26782

A:
1.0687,1.06703,1.07024,1.07024,1.07257,1.07141,1.06403,1.07247,1.07111,1.0667,1.07158,1.07511
1.06476,1.06523,1.07247,1.06883,1.07071,1.07485,1.07758,1.0655,1.07147,1.07137,1.07121,1.06857
1.0692,1.07481,1.07074,1.07064,1.0673,1.07508,1.06717,1.06807,1.07501,1.06907,1.07183,1.06176


B:
2.49795,9.52591,4.33021,2.01107,6.59905,5.17026,-0.280952,5.0904,-2.22989,8.02381,7.59152,12.3299
4.84203,-0.016974,5.0904,8.68552,7.86,3.21955,-5.60965,4.03134,3.14481,10.359,1.04138,11.5522
8.46539,0.44196,3.31727,-1.7034,0.383695,2.52868,5.62299,8.00914,-1.19124,4.38452,-2.03099,12.545


