========================================================

Test10 results 03-24-2005  12:44:50
Board ID315  30 channels
HV Tests Software Ver.1.6

+5V 2507 - O'k
-5V 1321 - O'k
Interlock - On

Voltmeter channel: A=1.085187, B=6.511116

A:
Limits 1.1 +/- 0.1
1.074114,1.077006,1.083424,1.073537,1.075847,1.070664,1.076426,1.078749,1.075269,1.075847
1.079914,1.085776,1.073537,1.077586,1.082251,1.075847,1.075847,1.071237,1.082837,1.076426
1.075269,1.074691,1.077006,1.082837,1.077006,1.077006,1.078749,1.077006,1.068376,1.076426


B:
Limits 0.0 +/- 30.0
8.592949,6.461817,9.750828,7.514596,9.682483,8.565317,15.069958,-1.078939,3.22563,6.454941
4.31962,7.600438,10.735209,7.543225,4.329042,7.530788,3.227399,14.997149,11.911382,8.6114
4.300899,5.373341,7.538823,14.077056,4.307805,2.153793,9.708548,12.923853,16.025656,9.687826
========================================================
Test10 (ADC Calibration) results 2007-09-10 11:14:18
Board ID315 30 channels
Linux calibration software

Voltmeter channel: A=1.02906, B=-1437.95

A:
1.0736,1.07963,1.08254,1.07178,1.07525,1.0712,1.07695,1.08158,1.07543,1.07618
1.07888,1.0827,1.07296,1.0773,1.08061,1.07519,1.07428,1.0711,1.08294,1.07563
1.07509,1.07466,1.07907,1.08418,1.0756,1.07631,1.07803,1.07742,1.06904,1.0759


B:
6.47955,-1.10023,5.732,5.8485,8.28349,2.63958,9.73009,-1.8157,1.25819,2.01215
2.75954,6.29515,9.25706,4.7911,5.99659,6.3865,4.07965,11.0019,7.67099,6.00317
2.28935,3.37984,1.37801,10.0229,3.87829,0.0173178,6.67092,8.31205,11.2223,5.42066


========================================================
Test10 (ADC Calibration) results 2008-06-17 15:59:19
Board ID315 30 channels
Linux calibration software

Voltmeter channel: A=1.07, B=0

A:
1.09091,1.09637,1.10023,1.08946,1.09291,1.08721,1.09391,1.09894,1.09291,1.093
1.09527,1.09784,1.09,1.09372,1.09747,1.09263,1.09209,1.08892,1.09931,1.09254
1.09218,1.08973,1.09537,1.10235,1.09272,1.09309,1.09664,1.09537,1.08649,1.09291


B:
4.21802,0.927227,4.41277,5.33719,7.40176,4.37514,9.10671,-1.00089,2.81161,1.19697
3.47181,7.69965,7.45188,5.33602,5.18197,4.5927,1.81859,9.10447,8.1144,7.29847
0.205944,5.74083,3.82608,8.20074,3.19774,0.457558,3.30591,6.89316,8.08385,5.43448


========================================================
Test10 (ADC Calibration) results 2008-07-16 21:23:30
Board ID315 30 channels
Linux calibration software

Voltmeter channel: A=1.07, B=0

A:
1.09154,1.09713,1.10085,1.08984,1.0939,1.08834,1.09456,1.0997,1.09399,1.09352
1.09618,1.09818,1.09069,1.09447,1.09837,1.09286,1.09276,1.09041,1.09999,1.09352
1.09286,1.0906,1.09599,1.10345,1.09371,1.09371,1.0977,1.09684,1.08703,1.09361


B:
3.41974,0.0104259,3.83824,4.98503,6.48824,2.4542,8.50548,-1.70728,1.15001,0.712529
2.42231,6.94975,6.82041,4.43338,3.48026,3.94753,1.19349,7.51694,7.26815,5.52379
-1.07984,4.50789,2.8164,7.19991,1.41249,-0.556239,2.33661,4.88038,7.80039,4.78064


