========================================================

Test11 results 03-24-2005  12:46:13
Board ID315  30 channels
HV Tests Software Ver.1.6

+5V 2506 - O'k
-5V 1321 - O'k
Interlock - On
Calibration DAC Range: [2500 - 2900]


A:
Limits 0.76 +/- 0.04
0.756144,0.754717,0.749064,0.757576,0.756144,0.760456,0.754717,0.754717,0.756144,0.754717
0.753296,0.750469,0.756144,0.754717,0.75188,0.753296,0.754717,0.759013,0.747664,0.756144
0.754717,0.754717,0.754717,0.754717,0.756144,0.754717,0.754717,0.754717,0.759013,0.757576


B:
Limits 60.0 +/- 30.0
70.349525,70.726669,74.263916,69.765244,73.811432,68.236694,71.233009,79.570457,74.517357,71.233009
73.921028,65.981232,74.303589,71.942764,73.647339,82.131332,79.955368,68.7342,80.263374,66.699509
83.310135,80.552361,68.896812,67.461632,70.060066,79.463768,65.844406,68.084053,70.950462,63.675602
========================================================
Test11 (DAC Calibration) results 2007-09-10 11:14:18
Board ID315 30 channels
Linux calibration software
Calibration DAC Range: [1100 - 2700]

A:
0.756501,0.752658,0.750258,0.757791,0.754575,0.758581,0.754148,0.750539,0.755216,0.755073
0.7528,0.749766,0.756573,0.75429,0.751597,0.755002,0.755644,0.757504,0.749977,0.755073
0.755073,0.756144,0.753438,0.752941,0.754717,0.754219,0.753012,0.753438,0.759734,0.754503


B:
74.1843,79.3959,75.598,75.4664,81.1735,78.1908,76.6215,88.2729,78.9485,74.6107
80.2577,77.3196,76.6596,76.5792,77.828,78.0296,81.3923,78.2785,76.5819,75.3658
85.1817,78.4498,74.5715,74.4941,79.9244,85.2738,76.2046,75.7771,70.5603,77.9497


========================================================
Test11 (ADC Calibration) results 2008-06-17 18:39:44
Board ID315 30 channels
Linux calibration software

Calibration DAC Range: [1000 - 3500]

A:
0.7448,0.7408,0.738,0.7452,0.7424,0.7472,0.7424,0.7388,0.7432,0.7436
0.7412,0.7392,0.7452,0.7424,0.7396,0.7428,0.7436,0.7448,0.738,0.7432
0.7432,0.7452,0.7416,0.7404,0.7428,0.7428,0.7404,0.7412,0.7476,0.7428


B:
75.2001,79.1999,77.0001,76.8001,82.6,77.8,77.6,87.2,77.8,74.4
80.8001,76.8,77.8001,77.6,79.4,80.2,82.4,81.2001,78.0001,75.8
86.8,77.8001,74.4001,76.5999,81.2,85.2,78.5999,76.8001,73.3999,78.2


========================================================
Test11 (ADC Calibration) results 2008-07-16 22:38:23
Board ID315 30 channels
Linux calibration software

Calibration DAC Range: [1000 - 3500]

A:
0.744,0.74,0.7376,0.7448,0.7412,0.7464,0.7416,0.7384,0.7424,0.7436
0.7404,0.7388,0.744,0.7416,0.7392,0.7432,0.7428,0.7444,0.738,0.7424
0.7424,0.7444,0.7412,0.7396,0.7424,0.7424,0.7396,0.7404,0.7472,0.7424


B:
76.9999,81,77.3999,77.2001,83.8001,79.6,78.4001,87.6001,79.6,74.4
81.5999,78.2,78.9999,78.4001,80.8,79.8,83.2,80.5999,78.0001,76.6
88.6,79.5999,74.8001,77.4,81.6,85.6,79.4,78.5999,73.8,78.6


========================================================
Test11 (ADC Calibration) results 2008-07-20 18:58:34
Board ID315 30 channels
Linux calibration software

Calibration DAC Range: [1000 - 3500]

A:
0.744,0.74,0.7376,0.7452,0.7416,0.7464,0.7412,0.7384,0.7424,0.7428
0.7408,0.74,0.7444,0.742,0.7396,0.7432,0.7432,0.7448,0.7376,0.7428
0.7432,0.7448,0.7416,0.7396,0.7424,0.7424,0.74,0.7408,0.7472,0.7424


B:
75.9999,81,77.3999,76.8001,83.4001,79.6,79.8001,87.6001,78.6,76.2
81.1999,76,78.5999,78.0001,79.4,78.8,82.8,80.2001,78.3999,76.2
86.8,78.2001,74.4001,78.4,81.6,85.6,79,77.1999,73.8,78.6


========================================================
Test11 (ADC Calibration) results 2008-07-24 15:42:31
Board ID315 30 channels
Linux calibration software

Calibration DAC Range: [1000 - 3500]

A:
0.7444,0.7404,0.738,0.746,0.7412,0.7464,0.742,0.738,0.7428,0.7432
0.7408,0.7392,0.7448,0.742,0.7396,0.7428,0.7432,0.7444,0.738,0.7428
0.7428,0.7448,0.742,0.7396,0.7428,0.7428,0.74,0.7408,0.7476,0.7428


B:
75.5999,79.5999,77.0001,75,83.8001,79.6,78.0001,88.0001,78.2,75.8
81.1999,77.8,77.2001,78.0001,79.4,79.2,82.8,81.5999,78.0001,76.2
88.2,78.2001,73.0001,77.4,81.2,85.2,79,77.1999,73.3999,78.2


========================================================
Test11 (ADC Calibration) results 2009-01-22 09:33:41
Board ID315 30 channels
Host: ufcmshv3
Linux calibration software

Calibration DAC Range: [1000 - 3500]

A:
0.772,0.768,0.7644,0.7672,0.774,0.7696,0.7576,0.7696,0.7644,0.7652
0.7684,0.7644,0.7712,0.77,0.764,0.7648,0.7716,0.7672,0.7796,0.7704
0.7708,0.7676,0.7644,0.774,0.7696,0.7756,0.7756,0.7584,0.7744,0.7736


B:
76.9999,80,77.6,77.8,81,79.4001,80.4,87.4001,78.6,75.7999
80.6,78.6,77.8,78.0001,78,79.2,83.4,81.8,75.3999,75.6
87.2,77.4,74.6,78,78.4001,83.3999,79.3999,78.5999,74.6,79.4001


