

========================================================
Test10 (ADC Calibration) results 2014-03-06 15:19:06
Board ID492 30 channels
Host: ufcmshv1
Linux calibration software

Voltmeter channel: A=1.09923, B=2.41577

A:
1.08411,1.08656,1.07746,1.07559,1.0747,1.07515,1.06103,1.07453,1.07187,1.11775
1.078,1.07046,1.09534,1.07382,1.07462,1.07346,1.07161,1.07506,1.07916,1.07293
1.07055,1.08006,1.07284,1.05646,1.08204,1.08006,1.07152,1.07196,1.08366,1.07267


B:
-0.816087,1.06171,1.63787,1.86089,1.82336,2.48737,0.908168,1.7733,1.44681,1.08648
1.78978,1.0453,4.18198,2.21584,2.76555,1.68563,2.9792,0.849207,1.36406,1.31978
0.321301,2.04912,2.26024,2.23905,2.39193,2.26508,3.70391,2.22237,1.98353,1.35154


========================================================
Test10 (ADC Calibration) results 2014-03-06 15:39:29
Board ID492 30 channels
Host: ufcmshv1
Linux calibration software

Voltmeter channel: A=1.09886, B=3.41148

A:
1.08402,1.08683,1.0772,1.0755,1.07488,1.0755,1.06085,1.07435,1.07187,1.11765
1.07791,1.07037,1.09516,1.07382,1.07453,1.07364,1.07214,1.07453,1.07916,1.07302
1.07063,1.08015,1.07293,1.05654,1.0824,1.0797,1.07196,1.07178,1.08321,1.07284


B:
-0.516125,0.812314,2.10118,1.51281,1.01408,1.72786,0.858772,1.93773,1.44681,1.17182
1.87251,1.55574,4.56808,1.78602,3.06268,1.30644,1.41512,1.98815,1.14788,0.808718
0.239182,1.96623,1.96378,1.94692,1.62767,2.81134,2.86539,1.95751,2.61459,1.40178


