========================================================

Test15 results 12-07-2004  15:17:54
Board ID003  8 channels
HV Tests Software Ver.1.4


A:
1.364257,1.417434,1.430615,1.420455,1.416431,1.419446,1.419446,1.424501


B:
42.291889,-1.417464,-6.198883e-005,-4.261241,-14.164299,7.097085,14.194317,4.27352
========================================================
Test15 (ADC Calibration) results 2008-12-11 16:07:29
Board ID003 8 channels
Host: ufcmshv3
Linux calibration software

A:
1.43551,1.41397,1.40738,1.4371,1.40891,1.41612,1.42325,1.42294


B:
6.9124,-5.32951,0.757723,-6.25694,-14.4143,10.9803,16.5316,8.20916


========================================================
Test15 (ADC Calibration) results 2008-12-12 09:29:35
Board ID003 8 channels
Host: ufcmshv3
Linux calibration software

A:
1.43488,1.41473,1.40784,1.38904,1.40906,1.41581,1.42325,1.42248


B:
7.35092,-7.00839,-0.411437,-6.21875,-14.5243,11.4791,15.6778,8.5348


========================================================
Test15 (ADC Calibration) results 2009-03-18 09:59:12
Board ID003 8 channels
Host: ufcmshv3
Linux calibration software

A:
1.43551,1.44669,1.40769,1.38859,1.4083,1.41566,1.42325,1.4231


B:
6.33834,-6.32099,-0.303022,-5.61844,-13.693,11.3034,15.6778,7.53133


========================================================
Test15 (ADC Calibration) results 2009-03-19 09:42:43
Board ID003 8 channels
Host: ufcmshv3
Linux calibration software

A:
1.4352,1.44702,1.40738,1.38874,1.40876,1.41566,1.4231,1.4231


B:
6.55787,-6.8343,0.194868,-6.00351,-13.7409,11.3034,16.3548,6.67763


========================================================
Test15 (ADC Calibration) results 2009-03-19 10:42:20
Board ID003 8 channels
Host: ufcmshv3
Linux calibration software

A:
1.43551,1.44669,1.40708,1.38889,1.4083,1.41551,1.42325,1.4231


B:
5.76422,-6.32099,1.25557,-6.11115,-13.4111,11.128,15.3929,7.53133


========================================================
Test15 (ADC Calibration) results 2009-03-19 15:09:15
Board ID003 8 channels
Host: ufcmshv3
Linux calibration software

A:
1.43535,1.44702,1.40677,1.38859,1.4086,1.41566,1.42325,1.42325


B:
6.73495,-6.54492,1.75328,-6.17375,-13.9128,10.7372,15.9624,6.5688


