========================================================

Test16 results 12-07-2004  15:22:22
Board ID003  8 channels
HV Tests Software Ver.1.5
Calibration DAC Range: [1800 - 2200]


A:
0.588235,0.564175,0.560224,0.564175,0.564175,0.564175,0.564175,0.56338


B:
38.054684,62.537342,56.742558,50.03624,66.364113,54.534901,52.134129,55.623688
Channels:
   1
Out of range 100.0 +/- 60.0
________________________________________________
========================================================
Test16 (ADC Calibration) results 2008-12-11 16:18:42
Board ID003 8 channels
Host: ufcmshv3
Linux calibration software

A:
0.556,0.5652,0.5676,0.5564,0.5668,0.5652,0.5616,0.5624


B:
63,55.8001,60.4,63.6,68.2,51.8001,58.3999,57.6001


========================================================
Test16 (ADC Calibration) results 2008-12-12 09:41:30
Board ID003 8 channels
Host: ufcmshv3
Linux calibration software

A:
0.5556,0.5656,0.5676,0.576,0.5668,0.5652,0.5624,0.5628


B:
64.4,56.4001,61.4,52.0001,68.2,52.8001,57.6001,57.2


========================================================
Test16 (ADC Calibration) results 2009-03-18 10:11:16
Board ID003 8 channels
Host: ufcmshv3
Linux calibration software

A:
0.556,0.5532,0.5672,0.5764,0.5672,0.5652,0.562,0.562


B:
63,55.8,61.8,51.6001,67.8,51.8001,58.0001,59.0001


