========================================================
Test10 (ADC Calibration) results 2014-01-19 19:51:39
Board IDXXX 30 channels
Host: ufcmshv1
Linux calibration software

Voltmeter channel: A=1.09534, B=7.90604

A:
1.12054,1.07961,1.08556,1.08258,1.07639,1.07657,1.10016,1.0842,1.08756,1.11459
1.1251,1.08538,1.10408,1.09249,1.12822,1.07408,1.07711,1.10035,1.09728,1.09396
1.0902,1.08366,1.08628,1.04913,1.06103,1.09194,1.08393,1.10147,1.09249,1.10203


B:
5.54525,11.3146,7.18706,7.74098,7.57821,7.41413,7.9556,8.20819,7.75899,7.69296
8.26453,6.91808,8.40327,8.29683,8.00142,6.26575,7.35338,7.78801,6.37254,7.40361
7.9704,6.75153,6.74259,9.14066,7.48648,7.92103,6.07069,7.00313,7.64111,6.94073


========================================================
Test10 (ADC Calibration) results 2014-03-12 17:37:42
Board ID442 30 channels
Host: ufcmshv1
Linux calibration software

Voltmeter channel: A=1.11573, B=0.872108

A:
1.08006,1.0772,1.07854,1.08838,1.07019,1.0797,1.07293,1.07293,1.08114,1.10521
1.09756,1.0842,1.07898,1.07827,1.08132,1.08493,1.08883,1.08737,1.08947,1.07479
1.07515,1.1251,1.07586,1.07693,1.07072,1.07231,1.07791,1.07604,1.06879,1.07125


B:
-2.05516,0.592942,0.863493,0.700731,1.71937,1.08397,0.461386,1.74925,1.0566,0.763776
1.2926,-0.248633,0.449936,0.248329,0.890935,0.604262,-0.369358,0.747507,0.13507,0.236883
0.552045,1.06401,1.61426,1.27137,0.156837,0.822069,0.579074,0.803761,2.6006,0.735423


