========================================================
Test11 (ADC Calibration) results 2014-01-19 20:02:00
Board IDXXX 30 channels
Host: ufcmshv1
Linux calibration software

Calibration DAC Range: [1000 - 3500]

A:
0.7212,0.7496,0.7452,0.7468,0.7508,0.7516,0.7348,0.7456,0.744,0.7256
0.7188,0.7452,0.7328,0.7404,0.7164,0.7528,0.7504,0.7344,0.7364,0.7388
0.7412,0.746,0.744,0.7724,0.7616,0.74,0.746,0.7336,0.7396,0.7336


B:
65.8,61.4,63.8001,65.2,65.2,65.3999,66.2001,64.4001,64.9999,67.4
64.2,66.8001,66.2,63.5999,65.5999,66.2,65.6,64.6001,66.6,65.2
65.8001,65,65.9999,64.5999,66.3999,66,66,67.3999,66.4,65.3999


========================================================
Test11 (ADC Calibration) results 2014-03-12 17:55:14
Board ID442 30 channels
Host: ufcmshv1
Linux calibration software

Calibration DAC Range: [1000 - 3500]

A:
0.7504,0.7524,0.7512,0.7448,0.7576,0.7508,0.7552,0.7552,0.7496,0.7332
0.738,0.748,0.7512,0.7516,0.7492,0.7468,0.7444,0.7452,0.744,0.7536
0.7536,0.7204,0.7532,0.7544,0.7572,0.7556,0.7516,0.7528,0.7584,0.7564


B:
69.6,68.6001,69.7999,69.2001,68.4,69.2,70.7999,69.7999,70.4,69.7999
71.0001,69.9999,70.7999,70.3999,70.8,70.2,69.5999,69.8001,69.9999,71.4
70.4,69.6001,68.8,69.5999,69.8,70.4001,70.3999,70.2,66.5999,70.6


