========================================================

Test10 results 09-29-2006  12:13:56
Board ID033  36 channels
HV Tests Software Ver.1.6.8

+5V 2510 - O'k
-5V 1314 - O'k
Interlock - On
Number of Samples: 400

Voltmeter channel: A=1.071811, B=9.646461

A:
Limits 1.1 +/- 0.1
1.082837,1.075269,1.056524,1.072961,1.074691,1.080497,1.079914,1.074691,1.075847,1.078749,1.079914,1.072961
1.082837,1.082251,1.076426,1.074114,1.073537,1.071237,1.081666,1.073537,1.075847,1.077006,1.073537,1.081666
1.075847,1.077586,1.074691,1.071237,1.069519,1.084011,1.070091,1.078167,1.085187,1.077006,1.085776,1.069519


B:
Limits 0.0 +/- 30.0
4.331523,2.150361,32.752235,9.656813,7.522722,6.48299,7.559361,6.448031,7.530788,7.55105,8.639275,15.021619
20.574078,3.246791,7.534973,11.81529,9.661671,13.925911,8.653366,13.95582,15.061719,15.077866,8.588134,5.408369
8.606635,9.698398,9.672105,18.210861,13.90386,4.336046,16.051172,9.703633,5.425929,7.538823,6.514662,9.625785
Channels:
   3
Out of range 0.0 +/- 30.0
========================================================

Test10 results 09-29-2006  13:03:37
Board ID033  36 channels
HV Tests Software Ver.1.6.8

+5V 2507 - O'k
-5V 1315 - O'k
Interlock - On
Number of Samples: 400

Voltmeter channel: A=1.071811, B=9.646461

A:
Limits 1.1 +/- 0.1
1.082251,1.075269,1.055966,1.072961,1.074114,1.079914,1.079914,1.074114,1.075847,1.078749,1.079914,1.072386
1.082837,1.082251,1.076426,1.074114,1.073537,1.071237,1.081666,1.073537,1.075847,1.077006,1.073537,1.082251
1.075847,1.077006,1.074691,1.071237,1.068947,1.084011,1.070091,1.077586,1.085187,1.077006,1.085776,1.069519


B:
Limits 0.0 +/- 30.0
5.411294,2.150361,29.56687,9.656813,8.592949,7.559361,7.559361,7.518835,7.530788,7.55105,8.639275,16.085913
19.491241,3.246791,7.534973,10.741177,9.661671,13.925911,8.653366,13.95582,15.061719,15.077866,8.588134,3.246791
8.606635,10.769841,9.672105,18.210861,14.965298,4.336046,16.051172,10.775984,5.425929,7.538823,6.514662,9.625785
