========================================================

Test11 results 09-29-2006  12:16:45
Board ID033  30 channels
HV Tests Software Ver.1.6.8

+5V 2507 - O'k
-5V 1314 - O'k
Interlock - On
Calibration DAC Range: [2500 - 2900]
Number of Samples: 400

A:
Limits 0.76 +/- 0.04
0.742115,0.747664,0.760456,0.750469,0.749064,0.744879,0.746269,0.750469,0.747664,0.744879
0.746269,0.749064,0.742115,0.743494,0.749064,0.744879,0.749064,0.749064,0.746269,0.749064
0.743494,0.747664,0.746269,0.754717,0.75188,0.753296,0.743494,0.753296,0.747664,0.740741


B:
Limits 60.0 +/- 30.0
72.168175,70.93766,50.298576,57.558243,58.307549,65.277145,54.34708,57.729557,65.39389,69.138664
59.988552,63.68486,60.114243,70.0541,58.557175,56.649208,64.574921,55.250393,61.205429,71.812271
66.759377,67.002571,63.696754,40.916267,52.764141,54.395485,59.810902,51.260735,51.220406,68.867279
========================================================

Test11 results 09-29-2006  13:06:22
Board ID033  36 channels
HV Tests Software Ver.1.6.8

+5V 2510 - O'k
-5V 1316 - O'k
Interlock - On
Calibration DAC Range: [2500 - 2900]
Number of Samples: 400

A:
Limits 0.76 +/- 0.04
0.743494,0.747664,0.761905,0.749064,0.749064,0.746269,0.746269,0.750469,0.747664,0.744879,0.744879,0.749064
0.742115,0.743494,0.746269,0.749064,0.750469,0.750469,0.743494,0.749064,0.749064,0.746269,0.749064,0.743494
0.747664,0.746269,0.747664,0.75188,0.753296,0.743494,0.753296,0.747664,0.740741,0.746269,0.744879,0.753296


B:
Limits 60.0 +/- 30.0
67.640099,70.93766,47.988785,62.07737,58.224705,59.988552,54.34708,57.729557,65.39389,69.138664,64.472618,64.402466
60.114243,70.0541,68.356377,63.052105,56.838188,62.929703,61.129803,64.66124,55.250393,61.205429,71.812271,66.835617
67.002571,64.42025,67.636696,53.483345,55.111076,60.543865,51.260735,51.949635,69.599159,68.439095,65.254417,58.423664
