========================================================

Test10 results 07-17-2006  19:53:52
Board ID092  36 channels
HV Tests Software Ver.1.6.1

+5V 2514 - O'k
-5V 1342 - O'k
Interlock - On

Voltmeter channel: A=1.064963, B=20.234222

A:
Limits 1.1 +/- 0.1
1.068947,1.066667,1.074691,1.067236,1.068947,1.073537,1.069519,1.070091,1.075269,1.075269,1.075847,1.067806
1.078167,1.072961,1.072961,1.074114,1.072386,1.069519,1.073537,1.072961,1.081666,1.073537,1.074114,1.074691
1.070664,1.068376,1.069519,1.071811,1.072961,1.05042,1.075847,1.070664,1.073537,1.067806,1.075269,1.069519


B:
Limits 0.0 +/- 30.0
7.482668,9.599792,12.896177,12.806949,3.862381e-005,5.367522,10.695304,13.910991,8.601974,5.376168,15.061719,10.6781
7.547299,11.802734,13.948658,11.81529,9.651596,9.625785,9.661671,11.802734,8.653366,13.95582,11.81529,11.821486
10.706645,9.6154,12.834341,16.07733,11.802734,16.806734,18.289261,11.777308,10.735209,11.745905,9.677243,10.695304
========================================================
Test10 (ADC Calibration) results 2007-10-23 11:21:00
Board ID92 36 channels
Linux calibration software

Voltmeter channel: A=1.06291, B=20.4263

A:
1.06613,1.06385,1.07432,1.06546,1.06311,1.07046,1.0667,1.06798,1.07402,1.07143,1.07301,1.06455
1.07545,1.07167,1.07059,1.07197,1.07167,1.06694,1.06995,1.07049,1.07897,1.07059,1.07187,1.07301
1.06898,1.06553,1.06888,1.07146,1.07174,1.05184,1.0764,1.07029,1.072,1.06586,1.07274,1.06798


B:
3.88936,4.27592,5.61844,7.48257,7.20854,4.0253,6.89058,8.19471,3.25682,5.78583,8.19997,7.50278
6.72243,6.08295,6.16844,7.16894,4.01128,4.39009,7.66769,7.48639,6.46615,10.5687,7.35389,5.47293
4.03996,4.25455,4.96846,6.59682,5.03184,7.7523,11.889,3.8477,2.90668,6.63182,-5.44811,3.12276


