========================================================

Test11 results 07-17-2006  19:55:19
Board ID092  36 channels
HV Tests Software Ver.1.6.1

+5V 2516 - O'k
-5V 1342 - O'k
Interlock - On
Calibration DAC Range: [2500 - 2900]


A:
Limits 0.76 +/- 0.04
0.753296,0.756144,0.749064,0.756144,0.753296,0.75188,0.75188,0.75188,0.749064,0.749064,0.749064,0.754717
0.746269,0.750469,0.75188,0.753296,0.75188,0.754717,0.747664,0.749064,0.742115,0.750469,0.750469,0.747664
0.753296,0.757576,0.753296,0.750469,0.749064,0.767754,0.750469,0.753296,0.749064,0.754717,0.753296,0.753296


B:
Limits 60.0 +/- 30.0
60.035084,58.51281,62.332668,52.867023,68.99482,60.192806,66.36351,61.533379,61.782391,65.639809,52.913044,60.654072
66.354065,61.58432,53.915455,50.085365,59.475986,55.390583,71.567039,62.07737,73.544601,56.923386,57.729557,64.506035
59.414021,50.99712,58.515621,59.973999,62.332668,53.297642,48.298489,61.120338,65.552765,56.197262,60.063225,59.229374
========================================================
Test11 (DAC Calibration) results 2007-10-23 11:21:00
Board ID92 36 channels
Linux calibration software
Calibration DAC Range: [1100 - 2700]

A:
0.755287,0.757289,0.749906,0.756144,0.757432,0.752233,0.754503,0.754361,0.750117,0.751174,0.750821,0.756787
0.748363,0.751385,0.752516,0.751174,0.751385,0.754717,0.752587,0.752587,0.745921,0.752516,0.751244,0.750821
0.75365,0.755715,0.753721,0.751527,0.752092,0.76555,0.748083,0.752729,0.751527,0.755858,0.754432,0.754361


B:
63.1419,65.5434,66.1793,61.5123,66.2563,68.6882,67.8393,65.0165,66.3386,67.8872,61.0135,64.7147
68.0075,67.1456,63.3339,67.1361,67.897,66.7924,65.9454,59.9247,70.6295,60.0225,65.3864,63.8667
67.3482,70.1113,66.6479,65.148,62.8655,64.976,61.2117,70.7191,67.4025,62.963,75.481,65.62


========================================================
Test11 (DAC Calibration) results 2008-03-26 10:41:54
Board ID92 36 channels
Linux calibration software
Calibration DAC Range: [1100 - 2700]

A:
0.755073,0.757146,0.749766,0.756287,0.757289,0.752233,0.754361,0.75429,0.750117,0.750962,0.75061,0.756931
0.748363,0.751315,0.752375,0.751244,0.751456,0.754859,0.752587,0.752516,0.745573,0.752516,0.751174,0.750821
0.759301,0.755786,0.75365,0.751456,0.752092,0.767092,0.748223,0.752587,0.751527,0.756144,0.754788,0.754432


B:
63.2846,65.1334,66.673,60.4085,66.3007,68.6882,68.0339,64.6616,66.3386,68.178,61.7566,64.5188
68.0075,67.3931,63.8297,66.8889,67.6498,66.5975,65.9454,60.0225,71.109,60.0225,65.6337,63.8667
61.2755,69.8631,66.7452,65.2451,62.8655,64.4261,61.7657,71.2135,67.4025,62.5708,63.6759,65.6734


========================================================
Test11 (ADC Calibration) results 2008-06-17 18:39:44
Board ID092 36 channels
Linux calibration software

Calibration DAC Range: [1000 - 3500]

A:
0.7424,0.7448,0.7364,0.7432,0.744,0.7388,0.7424,0.742,0.7364,0.7388,0.7392,0.7444
0.7352,0.7388,0.74,0.7392,0.7356,0.7428,0.74,0.7404,0.734,0.7408,0.7384,0.7384
0.7468,0.7436,0.7412,0.7384,0.74,0.752,0.7316,0.7636,0.74,0.7432,0.7428,0.7404


B:
62.6,65.2001,65.6,60.8,67.9999,69.2,67.6,65.0001,66.6,67.2,59.8,64.5999
68.8,67.2,64,66.8,67.4,66.2,67,59.5999,69.9999,58.1999,66.6001,63.6001
64.2,70.4,65.8001,63.6001,63,63.0001,62.4,47.4,66,62.8,65.2,64.5999


