========================================================

Test15 results 04-12-2005  15:06:47
Board ID008  8 channels
HV Tests Software Ver.1.6


A:
Limits 1.45 +/- 2.0
1.444043,1.439885,1.43472,1.436782,1.452433,1.446132,1.439885,1.446132


B:
Limits 0.0 +/- 160.0
8.664377,-4.319578,5.738747,10.057372,10.166903,10.122952,-11.519002,10.122952
========================================================
Test15 (Master ADC Calibration) results 2008-02-19 10:36:13
Board ID8 7 channels
Linux calibration software


A:
1.44509,1.44613,1.43885,1.44196,1.45773,1.4556,1.44823,1.45138

B:
3.75719,-3.32607,2.87756,7.64244,5.53922,6.69578,-13.179,6.09576

========================================================
Test15 (Master ADC Calibration) results 2008-07-19 16:20:58
Board ID8 7 channels
Linux calibration software


A:
1.43904,1.45272,1.43379,1.44054,1.44813,1.46432,1.45734,1.44357

B:
7.06423,-0.92439,4.95306,11.7861,13.823,13.0458,-7.0216,11.1549

