========================================================

Test16 results 04-12-2005  15:08:09
Board ID008  8 channels
HV Tests Software Ver.1.6
Calibration DAC Range: [1000 - 2300]


A:
Limits 0.57 +/- 0.1
0.570426,0.56843,0.567934,0.568182,0.571177,0.570676,0.567934,0.569426


B:
Limits 50.0 +/- 60.0
18.297482,26.27902,28.265524,27.272749,14.459938,17.295885,29.083315,23.1187
========================================================
Test16 (Master DAC Calibration) results 2008-02-19 10:36:13
Board ID8 7 channels
Linux calibration software
Calibration DAC Range: [1000 - 2300]

A:
0.57103,0.570183,0.568668,0.568084,0.571227,0.572207,0.568637,0.569204

B:
16.2117,19.0221,25.4909,26.5972,13.9253,10.5072,24.8766,22.5218

========================================================
Test16 (Master DAC Calibration) results 2008-07-19 16:20:58
Board ID8 7 channels
Linux calibration software
Calibration DAC Range: [1000 - 2200]

A:
0.555335,0.552237,0.559231,0.555494,0.552657,0.547935,0.549605,0.553518

B:
46.8495,46.4792,47.8781,49.2012,50.224,45.593,50.7153,53.6737

<<<<<<< T16_M008.log
========================================================
Test16 (Master DAC Calibration) results 2008-08-22 05:13:47
Board ID8 7 channels
Linux calibration software
Calibration DAC Range: [1000 - 2200]

A:
0.554965,0.551138,0.558879,0.554907,0.551774,0.545819,0.548073,0.559895

B:
44.7685,44.5874,45.1334,47.1196,49.5044,45.3709,49.6874,36.6997

========================================================
Test16 (Master DAC Calibration) results 2008-08-22 05:31:21
Board ID8 7 channels
Linux calibration software
Calibration DAC Range: [1000 - 2200]

A:
0.552933,0.549171,0.55706,0.55265,0.549816,0.543561,0.545964,0.55816

B:
46.4819,46.5002,34.2697,49.8554,51.8367,47.8939,51.7954,37.4211

========================================================
Test16 (Master DAC Calibration) results 2008-08-28 03:56:36
Board ID8 7 channels
Linux calibration software
Calibration DAC Range: [1000 - 2200]

A:
0.552491,0.548804,0.557344,0.551918,0.549303,0.543926,0.545673,0.557863

B:
42.774,42.1704,31.3326,45.7922,47.1284,41.287,46.5417,37.4545

=======
========================================================
Test16 (Master DAC Calibration) results 2008-09-04 18:46:47
Board ID8 7 channels
Linux calibration software
Calibration DAC Range: [1000 - 2200]

A:
0.554444,0.558829,0.559158,0.561714,0.551848,0.557937,0.563406,0.560044

B:
46.8319,47.7807,30.5803,41.1202,46.1814,46.1079,50.2916,34.6871

========================================================
Test16 (Master DAC Calibration) results 2008-09-04 18:52:13
Board ID8 7 channels
Linux calibration software
Calibration DAC Range: [1000 - 2200]

A:
0.554297,0.559485,0.559664,0.561855,0.551991,0.558153,0.549157,0.56011

B:
47.7229,46.9122,30.2886,41.0847,46.3043,46.583,51.2153,36.2184

>>>>>>> 1.4
