========================================================

Test10 results 01-31-2006  14:35:29
Board ID410  30 channels
HV Tests Software Ver.1.6

+5V 2520 - O'k
-5V 3520 - O'k
Interlock - On

Voltmeter channel: A=1.077586, B=7.543225

A:
Limits 1.1 +/- 0.1
1.078749,1.078749,1.077586,1.073537,1.069519,1.072386,1.071237,1.086366,1.079331,1.085187
1.075847,1.074691,1.079331,1.078749,1.079914,1.087548,1.075269,1.068376,1.077006,1.080497
1.072961,1.079331,1.082251,1.081081,1.076426,1.079331,1.071811,1.082251,1.075269,1.076426


B:
Limits 0.0 +/- 35.0
14.023542,9.708548,15.086329,10.735209,12.834341,11.796368,13.925911,13.03657,9.714025,6.511116
8.606635,12.896177,11.872686,7.55105,10.799102,6.525431,10.752512,7.478648,9.692835,19.448956
10.729774,11.872686,10.822549,4.324503,17.222809,15.11068,22.508198,11.9048,3.22563,16.146383
========================================================
Test10 (ADC Calibration) results 2008-02-01 10:50:12
Board ID410 30 channels
Linux calibration software

Voltmeter channel: A=1.07172, B=-1514.61

A:
1.07918,1.07783,1.07659,1.07251,1.06976,1.07265,1.07165,1.08617,1.07859,1.08391
1.07524,1.07441,1.07839,1.07769,1.07952,1.08704,1.07437,1.06633,1.07646,1.0794
1.07225,1.07918,1.08263,1.08036,1.07723,1.08026,1.07168,1.08136,1.07421,1.0757


B:
8.37864,8.16901,12.4708,6.86201,7.60554,7.34156,8.62931,9.58627,7.9032,4.92867
5.7942,9.06207,10.9599,5.9361,6.69857,2.5106,9.89211,8.56284,7.1541,17.4464
8.58441,8.09129,5.57505,3.65625,12.0646,8.14463,18.7511,9.59991,1.66969,13.4264


========================================================
Test10 (ADC Calibration) results 2008-06-19 12:08:44
Board ID410 30 channels
Linux calibration software

Voltmeter channel: A=1.07, B=0

A:
1.09702,1.09474,1.09365,1.08912,1.08651,1.08498,1.08984,1.11224,1.09501,1.10125
1.09346,1.09074,1.09647,1.09437,1.09638,1.10393,1.09092,1.08337,1.09319,1.09693
1.08903,1.09565,1.09931,1.0984,1.09977,1.0962,1.0893,1.10051,1.09292,1.0754


B:
8.10283,6.46784,11.8447,7.05194,6.63261,9.99422,7.69435,9.54043,7.09284,3.57856
3.91964,10.3525,8.60466,4.83264,6.49518,2.22993,8.65886,7.36193,6.79427,14.7679
7.57066,6.72632,4.24759,2.89182,12.6249,9.95121,16.4715,8.87493,1.14309,23.352


