========================================================

Test11 results 01-31-2006  14:37:02
Board ID410  30 channels
HV Tests Software Ver.1.6

+5V 2520 - O'k
-5V 3520 - O'k
Interlock - On
Calibration DAC Range: [2500 - 2900]


A:
Limits 0.76 +/- 0.04
0.740741,0.740741,0.740741,0.743494,0.744879,0.743494,0.742115,0.732601,0.740741,0.733945
0.740741,0.740741,0.738007,0.738007,0.739372,0.732601,0.742115,0.749064,0.740741,0.736648
0.746269,0.736648,0.736648,0.743494,0.738007,0.739372,0.740741,0.738007,0.742115,0.740741


B:
Limits 60.0 +/- 40.0
48.108276,53.76474,55.17244,59.24493,58.38047,59.102074,65.168274,65.153648,55.236279,69.296883
61.357334,56.511414,62.612484,68.055824,53.559292,62.06889,59.875629,50.118687,63.018936,62.392769
47.702084,69.552429,62.628548,56.163857,62.427261,52.700966,63.340298,50.14996,59.944477,58.234684
========================================================
Test11 (DAC Calibration) results 2008-02-01 10:50:12
Board ID410 30 channels
Linux calibration software
Calibration DAC Range: [1100 - 2700]

A:
0.738348,0.739645,0.740124,0.742942,0.745226,0.743218,0.743909,0.732869,0.738757,0.735497
0.741427,0.742735,0.738894,0.739372,0.738484,0.733743,0.74129,0.747244,0.73985,0.737463
0.743494,0.738348,0.735632,0.741977,0.740056,0.738348,0.743149,0.737599,0.742873,0.740741


B:
61.1444,63.1656,63.6786,67.0134,63.5398,64.5485,63.5857,69.293,67.07,69.5688
65.709,55.8629,64.8101,69.3161,63.4637,63.6616,67.6797,62.5258,71.3124,65.0443
62.8252,68.5279,70.115,66.4255,59.482,61.8828,61.0775,57.6249,62.9491,62.9631


========================================================
Test11 (ADC Calibration) results 2008-06-19 12:56:33
Board ID410 30 channels
Linux calibration software

Calibration DAC Range: [1000 - 3500]

A:
0.7264,0.7288,0.7284,0.7316,0.7336,0.7344,0.7312,0.7156,0.7272,0.724
0.7288,0.7312,0.7268,0.728,0.7268,0.7228,0.73,0.7352,0.7288,0.726
0.7316,0.7272,0.7248,0.7296,0.7248,0.7272,0.732,0.7248,0.73,0.7404


B:
61.5999,63.2,64.6,67.4,66.3999,63.6001,65.8001,70.3999,68.8001,72.0001
69.2,56.8001,67.1999,71.0001,65.1999,64.1999,68.9999,64.8,72.2,67
65.4,69.8001,71.2,67.4,59.2,61.8001,62,59.2,63.9999,56.5999


========================================================
Test11 (ADC Calibration) results 2008-07-17 10:58:43
Board ID410 30 channels
Linux calibration software

Calibration DAC Range: [1000 - 3500]

A:
0.7256,0.7276,0.728,0.7312,0.7332,0.7664,0.7308,0.7148,0.7272,0.7236
0.7284,0.7312,0.726,0.7272,0.726,0.722,0.7292,0.7352,0.728,0.7256
0.7316,0.7272,0.7236,0.7292,0.724,0.7268,0.7308,0.724,0.7296,0.7444


B:
62.4,64.4001,65.0001,67.8001,64.7999,31.6001,65.2001,69.2,67.8001,71.4001
68.6,55.8001,68,71.8001,66,65,69.8,63.8,73.0001,66.4
64.4,68.8001,72.4001,67.8,60.0001,62.1999,63.2001,60.0001,63.4,57.5999


========================================================
Test11 (ADC Calibration) results 2008-07-20 18:37:46
Board ID410 30 channels
Linux calibration software

Calibration DAC Range: [1000 - 3500]

A:
0.7264,0.7272,0.7284,0.7312,0.7336,0.7672,0.7308,0.7156,0.7272,0.7236
0.7284,0.7312,0.7264,0.7276,0.7268,0.7224,0.73,0.7356,0.7276,0.7252
0.7316,0.7272,0.7244,0.7288,0.7244,0.7268,0.7312,0.7236,0.73,0.7472


B:
61.5999,65.8001,64.6,67.8001,64.3999,38.8,65.2001,68.3999,67.8001,71.4001
67.6,55.8001,66.5999,70.4001,64.1999,64.6,67.9999,63.4,73.4001,66.8
64.4,68.8001,70.6001,68.2,59.6001,62.1999,62.8001,60.4001,62.9999,54.8


========================================================
Test11 (ADC Calibration) results 2008-07-24 23:03:59
Board ID410 30 channels
Linux calibration software

Calibration DAC Range: [1000 - 3500]

A:
0.726,0.7276,0.7288,0.7316,0.7328,0.7636,0.7308,0.7156,0.7272,0.7236
0.7284,0.7312,0.7268,0.7276,0.7268,0.7224,0.7296,0.7356,0.7284,0.7252
0.732,0.7272,0.7244,0.7292,0.724,0.7268,0.7312,0.7244,0.7296,0.7464


B:
62,65.4001,64.2,66.4,65.2,49.4,65.2001,68.3999,67.8001,71.4001
67.6,55.8001,66.1999,70.4001,64.1999,64.6,68.4,63.4,71.6,66.8
63,68.8001,70.6001,67.8,60.0001,62.1999,61.8001,58.6001,64.4,59.6


========================================================
Test11 (ADC Calibration) results 2008-08-13 01:14:42
Board ID410 30 channels
Linux calibration software

Calibration DAC Range: [1000 - 3500]

A:
0.7244,0.728,0.7284,0.7312,0.7336,0.752,0.7304,0.7144,0.7268,0.7232
0.7284,0.7304,0.7264,0.7272,0.7264,0.722,0.7292,0.7348,0.728,0.7256
0.7316,0.7268,0.724,0.7284,0.722,0.7268,0.7312,0.7236,0.7292,0.7448


B:
62.6001,64.0001,63.6,67.8001,63.3999,46.0001,64.5999,68.6,68.1999,71.7999
67.6,57.5999,66.5999,70.8001,64.5999,66,69.8,65.2001,73.0001,66.4
64.4,70.1999,72.0001,68.6,61,62.1999,61.8001,59.4001,63.8,60.2001


========================================================
Test11 (DAC Calibration) results 2008-08-27 10:32:33
Board ID410 30 channels
Linux calibration (server mode)

Calibration DAC Range: [3100 - 3500]

A:
0.74,0.744571,0.745143,0.748857,0.749714,0.77,0.746857,0.731429,0.744857,0.742286
0.746,0.745714,0.743714,0.745714,0.743143,0.739143,0.747429,0.751714,0.747143,0.742857
0.748286,0.745143,0.743143,0.746286,0.736571,0.743143,0.747143,0.738857,0.746,0.762


B:
0.0,0.0,0.0,0.0,0.0,0.0,0.0,0.0,0.0,0.0
0.0,0.0,0.0,0.0,0.0,0.0,0.0,0.0,0.0,0.0
0.0,0.0,0.0,0.0,0.0,0.0,0.0,0.0,0.0,0.0


========================================================
Test11 (ADC Calibration) results 2008-08-27 13:08:29
Board ID410 30 channels
Linux calibration software

Calibration DAC Range: [1000 - 3500]

A:
0.7232,0.7268,0.7268,0.7296,0.7324,0.7652,0.7288,0.7124,0.7256,0.722
0.7272,0.7296,0.7244,0.726,0.7252,0.7208,0.728,0.734,0.7268,0.724
0.73,0.7252,0.7228,0.7276,0.7204,0.7256,0.7296,0.722,0.7276,0.7456


B:
60.7999,62.1999,63.1999,67.4,62.6,39.7999,64.2,67.5999,67.4,70
65.8001,55.4,67.6001,70,63.8,64.2001,68.0001,62.9999,71.1999,66.0001
63.9999,69.8,70.1999,65.4001,58.6001,61.4,61.4,58,63.4001,58.4001


========================================================
Test11 (DAC Calibration) results 2008-08-28 18:58:20
Board ID410 30 channels
Linux calibration (server mode)

Calibration DAC Range: [3100 - 3500]

A:
0.73,0.7325,0.7325,0.7375,0.74,0.7625,0.7325,0.715,0.7325,0.73
0.7325,0.735,0.7325,0.7375,0.7325,0.7275,0.735,0.74,0.735,0.73
0.7375,0.73,0.73,0.7375,0.7275,0.73,0.7325,0.7275,0.7375,0.75


B:
67.0,70.2,72.2,68.7,65.0,84.3,80.2,89.5,72.2,73.0
76.2,64.5,68.2,59.7,67.2,68.7,73.5,70.0,71.5,74.0
66.7,82.0,74.0,59.7,63.7,75.0,80.2,67.7,59.7,74.0


========================================================
Test11 (DAC Calibration) results 2008-08-30 18:22:57
Board ID410 30 channels
Linux calibration (server mode)

Calibration DAC Range: [3100 - 3500]

A:
0.735,0.7375,0.74,0.74,0.74,0.7675,0.745,0.725,0.7375,0.73
0.7375,0.7375,0.735,0.7375,0.735,0.7375,0.7375,0.74,0.74,0.73
0.745,0.735,0.73,0.7425,0.7325,0.735,0.7325,0.7325,0.74,0.755


B:
58.5,64.7,57.0,70.0,74.0,77.8,48.5,61.5,64.7,80.0
68.7,66.7,69.5,68.7,67.5,45.7,72.7,81.0,65.0,83.0
52.5,74.5,84.0,52.2,55.2,66.5,89.2,60.2,60.0,66.5


========================================================
Test11 (DAC Calibration) results 2008-08-30 21:24:18
Board ID410 30 channels
Linux calibration (server mode)

Calibration DAC Range: [3100 - 3500]

A:
0.715,0.715,0.715,0.72,0.7225,0.75,0.72,0.705,0.715,0.715
0.715,0.7175,0.715,0.7175,0.7175,0.7125,0.7175,0.7175,0.7125,0.7125
0.72,0.715,0.7125,0.72,0.7125,0.715,0.7175,0.715,0.7175,0.73


B:
57.5,70.5,71.5,68.0,63.2,68.0,63.0,63.5,72.5,63.5
75.5,63.8,68.5,67.8,58.8,61.3,71.8,85.8,87.3,73.3
66.0,72.5,74.3,59.0,55.3,65.5,70.8,51.5,66.8,81.0


========================================================
Test11 (DAC Calibration) results 2008-08-30 21:52:02
Board ID410 30 channels
Linux calibration (server mode)

Calibration DAC Range: [3100 - 3500]

A:
0.735,0.7375,0.735,0.74,0.7425,0.7725,0.7375,0.7175,0.735,0.7325
0.7375,0.7375,0.735,0.7375,0.735,0.7325,0.735,0.7425,0.735,0.7325
0.7425,0.7325,0.735,0.7375,0.7325,0.735,0.7375,0.7375,0.7375,0.755


B:
58.5,63.7,73.5,70.0,65.2,64.3,72.7,88.8,73.5,73.2
68.7,66.7,69.5,68.7,68.5,62.2,81.5,72.2,81.5,75.2
60.2,83.2,67.5,69.7,56.2,67.5,72.7,43.7,68.7,68.5


========================================================
Test11 (DAC Calibration) results 2008-08-31 12:06:20
Board ID410 30 channels
Linux calibration (server mode)

Calibration DAC Range: [3100 - 3500]

A:
0.735,0.7375,0.735,0.74,0.7375,0.7725,0.7375,0.7225,0.735,0.7325
0.7325,0.7375,0.735,0.7375,0.735,0.7325,0.74,0.7425,0.735,0.7325
0.7425,0.7375,0.735,0.7425,0.73,0.735,0.7425,0.7325,0.7375,0.76


B:
60.5,62.7,73.5,70.0,81.7,64.3,73.7,73.2,73.5,72.2
85.2,65.7,69.5,67.7,68.5,61.2,66.0,71.2,81.5,74.2
59.2,66.7,67.5,53.2,66.0,67.5,56.2,62.2,67.7,53.0


