========================================================

Test10 results 09-19-2006  12:44:56
Board ID054  36 channels
HV Tests Software Ver.1.6.1

+5V 2553 - O'k
-5V 1318 - O'k
Interlock - On

Voltmeter channel: A=1.067236, B=10.672477

A:
Limits 1.1 +/- 0.1
1.067236,1.06553,1.064396,1.080497,1.063264,1.062699,1.068947,1.06553,1.068947,1.044386,1.077006,1.067806
1.044932,1.061008,1.067236,1.062135,1.056524,1.067236,1.068376,1.074114,1.073537,1.064963,1.062699,1.048768
1.070091,1.061571,1.056524,1.06553,1.070664,1.075847,1.060445,1.063264,1.067236,1.081081,1.071811,1.055966


B:
Limits 0.0 +/- 30.0
13.874185,12.786509,13.837337,20.529451,15.948853,12.752606,24.585821,20.24522,14.965298,30.287344,17.231876,17.084934
33.437645,14.85404,12.806949,13.807863,6.339135,9.605241,14.95728,11.81529,10.735209,9.584596,8.50181,27.268005
12.8409,14.862011,8.452183,14.917569,13.918636,13.985871,12.725191,13.822324,12.806949,20.540718,18.220953,26.398972
Channels:
  10  13
Out of range 0.0 +/- 30.0
========================================================
Test10 (ADC Calibration) results 2008-02-06 06:35:05
Board ID54 36 channels
Linux calibration software

Voltmeter channel: A=1.06519, B=10.4793

A:
1.0656,1.06351,1.06175,1.0802,1.06181,1.06125,1.06849,1.06384,1.06793,1.05872,1.07607,1.06623
1.06039,1.05932,1.0657,1.06055,1.05489,1.06501,1.06667,1.07239,1.07302,1.06288,1.06059,1.06418
1.0682,1.06125,1.05543,1.06368,1.06879,1.07498,1.05898,1.06165,1.066,1.0801,1.07094,1.06251


B:
6.97815,6.94569,10.7237,13.2626,9.77423,6.40987,17.2423,16.5821,7.09854,9.07021,9.39103,10.6237
12.9593,7.43735,5.44319,7.85006,-0.357469,4.2784,8.40011,7.10841,4.69673,3.93642,4.30194,10.7347
8.22351,7.22437,2.29075,10.0563,9.18732,8.0323,6.66415,8.6299,7.25976,12.1906,11.5233,10.359


