========================================================

Test11 results 09-19-2006  12:46:18
Board ID054  36 channels
HV Tests Software Ver.1.6.1

+5V 2553 - O'k
-5V 1319 - O'k
Interlock - On
Calibration DAC Range: [2500 - 2900]


A:
Limits 0.76 +/- 0.04
0.749064,0.749064,0.749064,0.740741,0.75188,0.75188,0.746269,0.750469,0.744879,0.766284,0.742115,0.746269
0.764818,0.750469,0.749064,0.750469,0.756144,0.747664,0.747664,0.743494,0.746269,0.747664,0.750469,0.761905
0.744879,0.753296,0.756144,0.749064,0.744879,0.742115,0.753296,0.749064,0.749064,0.739372,0.747664,0.756144


B:
Limits 60.0 +/- 30.0
49.962509,56.990101,62.239399,45.887138,48.37328,58.854622,51.408829,48.377457,59.900051,35.63541,51.493858,60.033188
38.923897,59.849228,55.474602,57.713249,55.877754,62.548897,52.328392,54.458504,44.711361,71.604645,63.298893,47.454189
59.974613,48.352013,59.967503,56.990101,59.25174,58.417671,49.864857,60.646542,52.359478,45.681992,59.279327,45.677383
========================================================
Test11 (DAC Calibration) results 2008-02-06 06:35:05
Board ID54 36 channels
Linux calibration software
Calibration DAC Range: [1100 - 2700]

A:
0.748503,0.749977,0.750469,0.738757,0.752304,0.750821,0.746478,0.750117,0.747245,0.753367,0.741221,0.748433
0.751809,0.752941,0.748433,0.752445,0.756859,0.748923,0.748503,0.744879,0.743702,0.750047,0.751668,0.749134
0.746687,0.75195,0.755715,0.749485,0.746269,0.741977,0.753935,0.751668,0.748223,0.738825,0.748503,0.75068


B:
61.0779,64.2824,66.4541,59.9779,55.8022,72.8765,58.2158,57.3372,62.0774,61.8608,63.3282,63.4204
62.6538,62.2965,67.0129,61.4749,62.3462,67.085,58.982,58.6593,61.4947,71.8356,69.1629,67.5437
62.5535,60.3532,69.3556,64.0622,63.4329,66.7222,56.2532,60.8946,63.2621,56.7787,64.521,63.3105


========================================================
Test11 (ADC Calibration) results 2008-06-19 12:56:33
Board ID054 36 channels
Linux calibration software

Calibration DAC Range: [1000 - 3500]

A:
0.7352,0.738,0.7384,0.7208,0.7496,0.7384,0.7288,0.7368,0.7356,0.76,0.7264,0.7364
0.7556,0.7416,0.7364,0.7408,0.7448,0.7376,0.7368,0.7336,0.7284,0.738,0.7392,0.76
0.7348,0.7572,0.7444,0.7584,0.7468,0.7252,0.7424,0.7384,0.7368,0.7264,0.7368,0.7496


B:
60.8,64.0001,67.6001,61.2001,46.4,73.6001,58.2,60.1999,62.4,48,63.5999,64.6
51.4001,62.4001,67.6,61.1999,64.2001,67.3999,60.1999,58.3999,61.6,72.0001,71.8,48
64.2001,42.8,68.5999,42.5999,50.2,66.8,55.6,60.6001,63.1999,56.5999,67.2,53.4


========================================================
Test11 (ADC Calibration) results 2008-06-19 21:50:54
Board ID054 36 channels
Linux calibration software

Calibration DAC Range: [1000 - 3500]

A:
0.7352,0.7384,0.7384,0.722,0.7428,0.738,0.7292,0.7372,0.7364,0.7596,0.7264,0.736
0.7568,0.7416,0.7364,0.7408,0.7452,0.7376,0.7368,0.7336,0.7288,0.738,0.74,0.7664
0.7352,0.7596,0.7448,0.7588,0.7432,0.7256,0.742,0.738,0.7364,0.7264,0.7368,0.7496


B:
60.8,63.6001,66.6001,59,54.2,75.0001,58.8,58.7999,60.6,50.4001,63.5999,66
52.2,62.4001,67.6,61.1999,62.8001,66.3999,60.1999,58.3999,61.2,73.0001,70,47.6001
62.8,50.4001,68.2001,43.1999,55.8,66.4,57.0001,62.0001,63.6,56.5999,67.2,56.4


