========================================================

Test11 results 01-18-2006  16:40:47
Board ID157  36 channels
HV Tests Software Ver.1.6

+5V 2483 - O'k
-5V 1373 - O'k
Interlock - On
Calibration DAC Range: [2500 - 2900]


A:
Limits 0.76 +/- 0.04
0.744879,0.743494,0.736648,0.749064,0.736648,0.740741,0.746269,0.747664,0.740741,0.742115,0.744879,0.738007
0.742115,0.742115,0.743494,0.742115,0.744879,0.738007,0.740741,0.744879,0.740741,0.738007,0.736648,0.743494
0.738007,0.740741,0.744879,0.735294,0.740741,0.750469,0.740741,0.738007,0.732601,0.746269,0.733945,0.739372


B:
Limits 60.0 +/- 40.0
66.742538,58.216816,70.855232,57.090683,70.182968,71.209038,57.68288,61.603001,59.625923,70.536644,69.859352,63.359318
67.560944,68.21373,60.035801,59.767101,60.423977,70.971825,66.556808,62.975769,55.748066,62.309784,64.704865,60.547859
65.444336,61.295666,61.526382,62.836826,53.467976,65.960342,70.410431,64.097504,76.476227,67.780464,70.961159,66.677002
========================================================
Test11 (DAC Calibration) results 2007-10-26 10:55:30
Board ID157 36 channels
Linux calibration software
Calibration DAC Range: [1100 - 2700]

A:
0.746338,0.742115,0.737259,0.746896,0.736648,0.741427,0.743633,0.746269,0.739303,0.743218,0.746269,0.737327
0.742253,0.742804,0.741015,0.740878,0.745434,0.738689,0.741084,0.744602,0.737259,0.737939,0.736648,0.742459
0.738416,0.738962,0.74308,0.733676,0.73692,0.750328,0.741496,0.736988,0.734619,0.746687,0.733608,0.737939


B:
68.4113,64.7496,71.5233,70.0308,74.5856,71.6404,69.9201,70.8956,69.5591,71.5347,70.0001,70.6911
70.9409,69.7306,72.953,68.4016,62.6537,73.2225,69.1523,67.8333,69.3115,65.7045,69.4291,67.2389
67.1036,72.1042,71.5772,70.5062,69.9336,68.8989,70.8036,69.6913,72.2682,72.2604,76.6163,75.7403


