========================================================

Test10 results 10-10-2005  13:56:54
Board ID373  30 channels
HV Tests Software Ver.1.6.1

+5V 3045 - O'k
-5V 1357 - O'k
Interlock - On

Voltmeter channel: A=1.076426, B=11.840678

A:
Limits 1.1 +/- 0.1
1.080497,1.079331,1.076426,1.075847,1.072961,1.078749,1.077586,1.077586,1.074114,1.085776
1.069519,1.082251,1.082251,1.074114,1.072386,1.079914,1.079331,1.077586,1.075269,1.083424
1.071811,1.075269,1.084599,1.087548,1.080497,1.082251,1.070664,1.076426,1.071811,1.079331


B:
Limits 0.0 +/- 30.0
1.080505,8.634694,5.382121,8.606635,9.656813,16.18104,12.931156,8.620811,11.81529,9.771991
9.625785,8.658047,5.411294,9.667063,13.94114,9.719189,12.952018,11.85357,15.053588,5.417133
7.502839,8.601974,7.592331,8.700525,7.563487,11.9048,5.353326,9.687826,7.502839,11.872686
========================================================
Test10 (ADC Calibration) results 2008-06-03 09:21:04
Board ID373 30 channels
Linux calibration software

Voltmeter channel: A=1.07135, B=-1214.46

A:
1.07762,1.07772,1.07457,1.07407,1.07171,1.07804,1.07802,1.07631,1.07445,1.08468
1.0686,1.08042,1.08016,1.07287,1.07011,1.0787,1.07808,1.07708,1.07345,1.08038
1.07087,1.07357,1.08418,1.08642,1.07818,1.08008,1.0689,1.07461,1.07011,1.07914


B:
1.95233,6.14528,4.2462,7.34098,6.04061,12.0319,7.59223,7.38335,5.81197,5.21096
5.70801,6.61794,4.75331,7.2127,12.424,7.04521,9.66982,6.95611,14.4329,4.95026
4.07275,6.67863,2.65495,6.04182,6.79383,10.857,3.18337,7.8999,6.17444,5.6221


