========================================================

Test10 results 09-06-2005  15:40:10
Board ID062  36 channels
HV Tests Software Ver.1.6

+5V 2921 - O'k
-5V 1338 - O'k
Interlock - On

Voltmeter channel: A=1.071811, B=9.646461

A:
Limits 1.1 +/- 0.1
1.072961,1.069519,1.073537,1.068947,1.074114,1.068947,1.074114,1.073537,1.075269,1.074114,1.072961,1.074114
1.076426,1.057642,1.073537,1.081081,1.085187,1.077586,1.070664,1.074114,1.075269,1.067806,1.079914,1.069519
1.074691,1.076426,1.074691,1.073537,1.077586,1.068947,1.073537,1.074691,1.075269,1.074114,1.075847,1.077006


B:
Limits 0.0 +/- 35.0
7.51089,1.069636,10.735209,16.034245,6.444721,5.344774,5.370607,10.735209,9.677243,15.037632,9.656813,10.741177
9.687826,15.864447,1.073372,7.567746,6.511116,8.620811,11.777308,6.444721,2.150361,2.135654,8.639275,10.695304
10.746796,3.229268,12.896177,10.735209,5.388053,9.620563,3.220447,8.597414,16.128857,10.741177,10.758329,7.538823
========================================================
Test10 (ADC Calibration) results 2008-02-06 05:46:07
Board ID62 36 channels
Linux calibration software

Voltmeter channel: A=1.0708, B=9.87383

A:
1.07374,1.07143,1.07509,1.06938,1.07827,1.06932,1.07435,1.07353,1.07525,1.07582,1.07404,1.07414
1.07531,1.05833,1.07401,1.08044,1.08497,1.07759,1.07455,1.07455,1.07668,1.06851,1.07926,1.06958
1.07475,1.07692,1.07696,1.07495,1.07952,1.06982,1.08135,1.07847,1.07682,1.07387,1.07752,1.07592


B:
0.977086,1.00011,7.63619,12.7753,2.18849,3.78245,4.2936,7.13376,5.92542,12.6994,5.1868,7.42726
8.96915,11.5085,-3.66907,5.30972,3.96182,5.05499,8.68484,1.90848,-2.2317,0.172343,7.27595,7.37739
6.82487,-0.846334,7.48848,4.3897,0.502676,4.86363,0.143057,2.45875,11.899,7.67798,7.81925,5.1421


========================================================
Test10 (ADC Calibration) results 2008-02-06 06:00:56
Board ID62 36 channels
Linux calibration software

Voltmeter channel: A=0.000140845, B=4.94084

A:
-0.000103199,0,0,-0.000102617,0,0,0,0,0,-0.000517866,0,0
0,0,0,0,0,0,-0.000207254,0,-0.000411311,0.000101678,-0.00010395,0
0,0,-0.000103896,0,0,0.000512558,0,0,0,0,0,0


B:
5.33323,0,0,7.33176,0,0,0,7,3.2,5.66442,0,0
0,4,0,0,0,0,5.26736,0,4.52607,3.86995,4.53337,0
0,0,3.13403,0,0,-0.660174,0,0,3.8,0,0,0


========================================================
Test10 (ADC Calibration) results 2008-02-06 06:11:59
Board ID62 36 channels
Linux calibration software

Voltmeter channel: A=1.07179, B=8.03621

A:
1.0729,1.0719,1.07485,1.06894,1.07773,1.06985,1.07381,1.07387,1.07525,1.07528,1.07425,1.07381
1.07491,1.05823,1.07391,1.08074,1.08602,1.07749,1.07495,1.07441,1.07624,1.06881,1.07956,1.07012
1.07435,1.07638,1.07716,1.07435,1.07928,1.06948,1.08135,1.07793,1.07692,1.07387,1.07762,1.07686


B:
3.66598,0.398512,8.14521,13.9368,2.8869,2.61862,5.39065,6.22563,6.32532,13.5949,4.92613,8.26451
10.2884,10.5784,-3.33955,4.92078,1.12537,4.50598,7.0899,2.08649,-1.66758,-0.213914,6.68829,6.68451
8.94495,-0.150794,7.22816,6.36794,1.21344,5.2987,0.343008,3.1602,10.6921,7.87794,7.48987,2.84922


========================================================
Test10 (ADC Calibration) results 2008-06-19 12:08:44
Board ID062 36 channels
Linux calibration software

Voltmeter channel: A=1.07, B=0

A:
1.0902,1.0921,1.09392,1.08588,1.10097,1.08768,1.0921,1.09074,1.09274,1.09419,1.09201,1.09056
1.09265,1.07531,1.09129,1.09757,1.10236,1.09456,1.09383,1.09156,1.09356,1.08633,1.09766,1.08714
1.09219,1.09301,1.0951,1.09074,1.09611,1.08651,1.11045,1.09922,1.0951,1.09083,1.09739,1.09419


B:
3.56441,1.36889,7.78222,13.208,1.52845,3.28945,4.20807,6.33487,5.80759,13.6592,6.47592,7.15611
8.73198,8.94829,-2.02316,5.08858,3.78529,4.78931,7.20928,0.780441,-1.50691,-0.457484,4.34546,7.48608
6.96448,0.966106,8.44737,7.8622,3.80049,5.67685,1.48666,3.13341,11.2944,7.56035,5.69531,3.37354


