========================================================

Test11 results 09-06-2005  15:41:36
Board ID062  36 channels
HV Tests Software Ver.1.6

+5V 2921 - O'k
-5V 1338 - O'k
Interlock - On
Calibration DAC Range: [2500 - 2900]


A:
Limits 0.76 +/- 0.04
0.750469,0.754717,0.75188,0.750469,0.747664,0.754717,0.749064,0.750469,0.749064,0.749064,0.753296,0.75188
0.749064,0.760456,0.749064,0.742115,0.743494,0.746269,0.750469,0.750469,0.750469,0.753296,0.744879,0.75188
0.749064,0.747664,0.747664,0.750469,0.746269,0.75188,0.749064,0.749064,0.749064,0.749064,0.750469,0.746269


B:
Limits 60.0 +/- 40.0
48.862625,54.398544,41.807915,57.84938,61.290318,48.846878,56.533459,53.615532,49.609192,51.629066,37.88036,42.695633
47.191559,55.92569,59.75008,62.383347,48.66048,59.753883,54.086411,50.474777,57.094147,64.489021,55.624271,56.352455
50.257488,62.176342,51.719639,48.862625,58.794266,55.636372,60.470066,48.647442,44.773926,56.615387,53.950092,59.597927
========================================================
Test11 (DAC Calibration) results 2008-02-06 05:46:07
Board ID62 36 channels
Linux calibration software
Calibration DAC Range: [1100 - 2700]

A:
0.749555,0.751174,0.748994,0.752233,0.746408,0.752658,0.749134,0.748573,0.748503,0.747733,0.749344,0.749274
0.748083,0.758941,0.748994,0.744532,0.741427,0.74613,0.748994,0.748994,0.746756,0.752092,0.744602,0.752092
0.748853,0.746965,0.747314,0.748713,0.745921,0.752304,0.743909,0.746269,0.747035,0.748713,0.748433,0.747664


B:
57.8189,62.629,52.3077,55.9003,61.7467,58.9237,58.5541,64.4239,57.3353,56.0146,54.6646,57.0103
54.7785,65.563,65.0406,59.1438,60.9639,64.6706,53.6559,61.1459,71.7166,69.6343,61.1319,58.353
55.0503,66.9467,53.7599,59.2888,61.6784,57.3068,62.9905,56.7165,53.4036,61.0856,60.277,59.2523


========================================================
Test11 (DAC Calibration) results 2008-02-06 06:00:56
Board ID62 36 channels
Linux calibration software
Calibration DAC Range: [1100 - 2700]

A:
-8000.01,inf,inf,-8000.01,inf,inf,inf,inf,inf,-1600,inf,inf
inf,inf,inf,inf,inf,inf,-4000,inf,-2000,8000.01,-7999.99,inf
inf,inf,-8000,inf,inf,1600,inf,inf,inf,inf,inf,inf


B:
42700,nan,nan,58700.1,nan,nan,nan,-inf,-inf,9100,nan,nan
nan,-inf,nan,nan,nan,nan,21100,nan,9100,-30900,36300,nan
nan,nan,25100,nan,nan,1100,nan,nan,-inf,nan,nan,nan


========================================================
Test11 (DAC Calibration) results 2008-02-06 06:11:59
Board ID62 36 channels
Linux calibration software
Calibration DAC Range: [1100 - 2700]

A:
0.749766,0.750469,0.748783,0.752162,0.746408,0.752658,0.749134,0.748713,0.748503,0.747733,0.749204,0.749134
0.748363,0.759013,0.749064,0.744325,0.741084,0.746199,0.748713,0.748713,0.746687,0.75188,0.744394,0.752092
0.749134,0.746965,0.747175,0.749134,0.745712,0.752162,0.743909,0.746269,0.746965,0.748713,0.748363,0.747384


B:
56.3262,63.6023,52.4522,55.5474,61.7467,58.472,58.2543,63.781,57.036,55.8649,54.8606,56.9059
53.7886,65.4649,64.794,59.4343,61.7415,64.2757,54.0478,61.5349,71.8125,69.9248,61.5706,58.353
53.46,66.9467,53.9552,57.805,61.6706,57.5029,62.8417,56.7165,53.5013,60.9359,60.5238,59.6413


========================================================
Test11 (ADC Calibration) results 2008-06-19 12:56:33
Board ID062 36 channels
Linux calibration software

Calibration DAC Range: [1000 - 3500]

A:
0.738,0.7368,0.736,0.7408,0.7304,0.7396,0.7368,0.7368,0.7364,0.7352,0.7372,0.7376
0.736,0.7468,0.7368,0.7332,0.7296,0.734,0.736,0.7368,0.7352,0.7396,0.7324,0.7396
0.7368,0.7352,0.7348,0.7376,0.734,0.7404,0.7244,0.732,0.7348,0.7368,0.7348,0.7352


B:
57.0001,63.1999,53,56.1999,63.5999,60.4,59.1999,65.2,58.6,55.8,53.7999,58.3999
57,68.2,65.2,58.8,61.4,66.9999,55,63.1999,71.8,71.4,63.6,60.4
56.1999,68.8,54.2001,58.3999,60.9999,58.5999,62.6001,57,54.2001,63.1999,63.2001,60.8


========================================================
Test11 (ADC Calibration) results 2008-07-17 10:58:43
Board ID062 36 channels
Linux calibration software

Calibration DAC Range: [1000 - 3500]

A:
0.7372,0.7368,0.7356,0.7396,0.7312,0.7396,0.7368,0.7364,0.7364,0.7348,0.7368,0.7364
0.7356,0.7464,0.7364,0.7328,0.7292,0.734,0.7352,0.7368,0.7348,0.7392,0.732,0.7392
0.736,0.7356,0.734,0.7372,0.7336,0.7396,0.7256,0.7316,0.7344,0.7364,0.7348,0.7348


B:
57.7999,63.1999,54.4,58.4,62.8001,59.4,59.1999,65.6,57.6,56.2001,54.1999,60.6
57.4,68.6,65.6,59.2,61.8,65.9999,55.8,63.1999,72.2001,71.8,63,59.8
57,67.4,54.9999,58.7999,61.3999,59.4,61.4,57.4,54.6001,63.6,62.2001,61.2001


========================================================
Test11 (ADC Calibration) results 2008-07-20 18:37:46
Board ID062 36 channels
Linux calibration software

Calibration DAC Range: [1000 - 3500]

A:
0.738,0.7372,0.7356,0.7404,0.7316,0.74,0.7364,0.7364,0.7364,0.7352,0.7368,0.7372
0.7356,0.7468,0.7372,0.7328,0.7292,0.734,0.7356,0.7364,0.7348,0.7396,0.7324,0.7388
0.736,0.7352,0.734,0.7368,0.734,0.7404,0.7288,0.732,0.7344,0.7368,0.7352,0.7348


B:
57.0001,62.7999,54.4,56.5999,63.4,59,60.6,65.6,57.6,55.8,55.1999,58.7999
57.4,68.2,63.7999,59.2,61.8,65.9999,55.4,63.6,72.2001,70.4,62.6,61.2
57,67.8,54.9999,59.1999,60.9999,57.5999,60.2,57,54.6001,62.1999,61.8,61.2001


========================================================
Test11 (ADC Calibration) results 2008-07-24 23:03:59
Board ID062 36 channels
Linux calibration software

Calibration DAC Range: [1000 - 3500]

A:
0.7376,0.7368,0.7356,0.74,0.7316,0.74,0.7364,0.7364,0.736,0.7348,0.7368,0.7376
0.7364,0.7464,0.7368,0.7328,0.7292,0.734,0.7352,0.7368,0.7352,0.7392,0.732,0.74
0.7364,0.7352,0.734,0.7368,0.7336,0.7404,0.7292,0.732,0.734,0.7368,0.7348,0.7348


B:
57.3999,63.1999,54.4,57,63.4,59,59.6,65.6,58,56.2001,54.1999,57.3999
55.6,69.6,64.2,59.2,61.8,65.9999,55.8,63.1999,70.8,71.8,63,58
56.6,67.8,54.9999,59.1999,61.3999,57.5999,62.8,57,54.9999,62.1999,62.2001,61.2001


========================================================
Test11 (ADC Calibration) results 2008-08-12 23:20:39
Board ID062 36 channels
Linux calibration software

Calibration DAC Range: [1000 - 3500]

A:
0.7372,0.7364,0.7356,0.74,0.7316,0.7392,0.7356,0.736,0.736,0.7348,0.7368,0.7368
0.7356,0.7464,0.7368,0.7324,0.7292,0.7336,0.7348,0.7368,0.7344,0.7388,0.732,0.7392
0.7364,0.7348,0.734,0.7368,0.7336,0.7396,0.7316,0.7316,0.734,0.7364,0.7344,0.7344


B:
57.7999,63.6,53.4,57,64.4,60.8,62.4,67,58,56.2001,54.1999,60.1999
57.4,69.6,64.2,60.6,61.8,67.3999,56.2001,63.1999,72.6001,72.2,63,59.8
56.6,69.2001,53.9999,59.1999,61.3999,59.4,63.4,58.4,54.9999,62.6,62.6001,61.6001


========================================================
Test11 (ADC Calibration) results 2008-08-13 01:14:42
Board ID062 36 channels
Linux calibration software

Calibration DAC Range: [1000 - 3500]

A:
0.7372,0.7364,0.7356,0.74,0.732,0.7392,0.7356,0.736,0.736,0.7344,0.7368,0.7368
0.7356,0.7468,0.7368,0.7328,0.7292,0.7336,0.7348,0.7368,0.7344,0.7388,0.7324,0.7396
0.736,0.7348,0.7336,0.7368,0.7336,0.7396,0.7316,0.7316,0.734,0.7364,0.7348,0.7344


B:
57.7999,63.6,53.4,57,63,60.8,62.4,67,58,56.6001,54.1999,60.1999
57.4,68.2,64.2,59.2,61.8,67.3999,56.2001,63.1999,72.6001,72.2,62.6,59.4
58,69.2001,55.3999,59.1999,61.3999,59.4,63.4,58.4,54.9999,62.6,62.2001,61.6001


========================================================
Test11 (DAC Calibration) results 2008-08-27 10:31:59
Board ID062 36 channels
Linux calibration (server mode)

Calibration DAC Range: [3100 - 3500]

A:
0.753714,0.754571,0.750857,0.756286,0.75,0.756571,0.753429,0.755143,0.752571,0.754571,0.752286,0.754
0.752,0.766286,0.755143,0.749714,0.746857,0.752857,0.750857,0.754857,0.755143,0.759429,0.749714,0.756571
0.752571,0.754571,0.748857,0.753714,0.751143,0.756571,0.750571,0.748286,0.749714,0.754286,0.752571,0.752


B:
0.0,0.0,0.0,0.0,0.0,0.0,0.0,0.0,0.0,0.0,0.0,0.0
0.0,0.0,0.0,0.0,0.0,0.0,0.0,0.0,0.0,0.0,0.0,0.0
0.0,0.0,0.0,0.0,0.0,0.0,0.0,0.0,0.0,0.0,0.0,0.0


========================================================
Test11 (ADC Calibration) results 2008-08-27 13:08:29
Board ID062 36 channels
Linux calibration software

Calibration DAC Range: [1000 - 3500]

A:
0.7372,0.7368,0.736,0.74,0.7324,0.7392,0.736,0.736,0.7356,0.742,0.7364,0.7368
0.7356,0.746,0.7364,0.7324,0.7292,0.734,0.7348,0.7368,0.7344,0.7392,0.732,0.7392
0.7364,0.7348,0.7332,0.7368,0.7328,0.74,0.7352,0.7328,0.734,0.736,0.7344,0.7348


B:
57.7999,64.2,53,57,64.6,60.8,61,66,58.4,49.0001,55.6,60.1999
57.4,70,65.6,60.6,61.8,65.9999,56.2001,63.1999,72.6001,70.8,63,59.8
55.6,69.2001,55.8,59.1999,63.2,58,61.8,57.2,54.9999,64,62.6001,61.2001


========================================================
Test11 (DAC Calibration) results 2008-08-28 18:58:18
Board ID062 36 channels
Linux calibration (server mode)

Calibration DAC Range: [3100 - 3500]

A:
0.74,0.74,0.7425,0.745,0.735,0.745,0.7425,0.74,0.745,0.7525,0.7425,0.7475
0.745,0.755,0.7475,0.7375,0.7375,0.74,0.7375,0.7475,0.74,0.7425,0.7375,0.7425
0.7425,0.745,0.74,0.7425,0.7425,0.75,0.75,0.745,0.7425,0.7425,0.7425,0.74


B:
78.0,83.0,61.2,70.5,86.5,70.5,69.2,83.0,56.5,58.3,65.2,53.7
55.5,70.5,58.7,72.7,62.7,74.0,77.7,56.7,83.0,89.2,73.7,78.2
63.2,63.5,63.0,69.2,60.2,54.0,53.0,47.5,57.2,72.2,65.2,72.0


========================================================
Test11 (DAC Calibration) results 2008-08-30 18:22:54
Board ID062 36 channels
Linux calibration (server mode)

Calibration DAC Range: [3100 - 3500]

A:
0.7475,0.7475,0.7425,0.7475,0.74,0.7475,0.7475,0.7425,0.7475,0.7575,0.7425,0.745
0.74,0.7575,0.75,0.7425,0.74,0.7425,0.745,0.7475,0.7475,0.745,0.74,0.7475
0.7475,0.745,0.74,0.745,0.74,0.75,0.75,0.7425,0.74,0.7475,0.7425,0.745


B:
57.7,62.7,66.2,66.7,73.0,66.7,57.7,80.2,54.7,60.8,70.2,67.5
77.0,66.8,54.0,60.2,60.0,72.2,56.5,62.7,62.7,85.5,71.0,66.7
53.7,69.5,68.0,67.5,73.0,59.0,50.0,59.2,69.0,60.7,71.2,60.5


========================================================
Test11 (DAC Calibration) results 2008-08-30 21:24:15
Board ID062 36 channels
Linux calibration (server mode)

Calibration DAC Range: [3100 - 3500]

A:
0.7225,0.725,0.7225,0.7275,0.72,0.7275,0.7375,0.7225,0.725,0.7325,0.725,0.72
0.7225,0.735,0.725,0.72,0.72,0.7175,0.7225,0.7225,0.72,0.7275,0.715,0.73
0.72,0.725,0.7175,0.7225,0.7225,0.725,0.7275,0.72,0.72,0.725,0.72,0.7175


B:
72.2,69.5,63.2,64.7,71.0,64.7,67.7,77.2,60.5,77.2,59.5,82.0
66.2,72.5,68.5,67.0,59.0,85.8,63.2,75.2,85.0,74.7,85.5,56.0
75.0,66.5,74.8,72.2,63.2,72.5,65.7,66.0,67.0,67.5,77.0,83.8


========================================================
Test11 (DAC Calibration) results 2008-08-30 21:51:59
Board ID062 36 channels
Linux calibration (server mode)

Calibration DAC Range: [3100 - 3500]

A:
0.745,0.7475,0.7425,0.745,0.745,0.7525,0.7625,0.7425,0.745,0.755,0.7425,0.7425
0.7425,0.7575,0.745,0.74,0.74,0.745,0.745,0.7475,0.7475,0.7525,0.7425,0.7525
0.745,0.745,0.7425,0.745,0.7475,0.745,0.75,0.7425,0.7425,0.745,0.745,0.7425


B:
67.5,63.7,66.2,75.5,57.5,51.3,51.3,80.2,62.5,69.5,71.2,77.2
69.2,67.8,71.5,70.0,61.0,64.5,57.5,61.7,62.7,61.3,62.2,51.3
62.5,69.5,59.2,66.5,48.7,76.5,61.0,60.2,61.2,69.5,63.5,70.2


========================================================
Test11 (DAC Calibration) results 2008-08-31 12:06:18
Board ID062 36 channels
Linux calibration (server mode)

Calibration DAC Range: [3100 - 3500]

A:
0.745,0.7475,0.7475,0.745,0.7475,0.7475,0.745,0.7475,0.745,0.755,0.7475,0.7475
0.7475,0.7625,0.745,0.74,0.74,0.745,0.745,0.7475,0.745,0.7525,0.7425,0.7475
0.745,0.745,0.7425,0.745,0.7425,0.7475,0.75,0.7425,0.7425,0.745,0.745,0.7475


B:
67.5,64.7,49.7,75.5,51.7,68.7,66.5,63.7,62.5,83.5,54.7,60.7
52.7,52.3,71.5,70.0,61.0,64.5,57.5,62.7,72.5,61.3,63.2,68.7
62.5,69.5,60.2,66.5,65.2,67.7,66.0,61.2,62.2,69.5,63.5,53.7


