========================================================

Test10 results 04-25-2005  11:54:55
Board ID335  30 channels
HV Tests Software Ver.1.6

+5V 2541 - O'k
-5V 1335 - O'k
Interlock - On

Voltmeter channel: A=1.059322, B=13.771316

A:
Limits 1.1 +/- 0.1
1.071237,1.052632,1.058201,1.060445,1.058201,1.046025,1.053186,1.059883,1.051525,1.054296
1.052632,1.069519,1.056524,1.059883,1.054852,1.057642,1.052078,1.067806,1.059322,1.059322
1.042753,1.060445,1.059322,1.063264,1.063264,1.053741,1.060445,1.057082,1.064396,1.053186


B:
Limits 0.0 +/- 30.0
8.569725,9.473541,13.756552,14.846082,16.931156,27.196453,13.691217,16.958347,17.87574,11.597267
22.105122,16.042896,16.904375,18.01823,15.822612,11.633881,18.937267,12.813711,20.127247,13.771316
23.983337,19.087864,10.593349,13.822324,20.20191,13.698781,19.087864,9.513885,19.159317,17.903961
========================================================
Test10 (ADC Calibration) results 2008-02-19 10:44:50
Board ID335 30 channels
Linux calibration software

Voltmeter channel: A=1.03427, B=-1455.78

A:
1.06825,1.05112,1.05618,1.05764,1.05591,1.04623,1.05079,1.05823,1.05104,1.05126
1.0005,1.06706,1.05459,1.05687,1.05409,1.05499,1.05062,1.06491,1.05714,1.05707
1.04272,1.0591,1.05717,1.06195,1.06111,1.05109,1.05794,1.05489,1.06227,1.05214


B:
8.55706,7.26415,11.8665,13.934,15.6221,19.5482,12.9332,13.8275,13.3082,11.8795
61.565,14.8247,13.9603,18.6903,11.3806,13.0658,14.9023,13.3971,17.9142,12.6627
17.8027,15.1551,9.36339,11.372,19.3164,12.5008,18.4674,8.15891,18.2311,14.6935


========================================================
Test10 (ADC Calibration) results 2008-02-19 11:25:32
Board ID335 30 channels
Linux calibration software

Voltmeter channel: A=1.03555, B=-1458.32

A:
1.06898,1.05112,1.05628,1.05764,1.05601,1.04685,1.05079,1.05833,1.05052,1.05198
1.04385,1.06696,1.05437,1.0576,1.05419,1.05479,1.0499,1.06501,1.05754,1.05677
1.04201,1.06012,1.0577,1.06228,1.06121,1.05129,1.05784,1.05519,1.06227,1.05223


B:
7.21945,7.26415,11.7392,13.734,15.2939,18.9527,12.9332,13.4998,14.63,10.9564
25.073,15.1518,14.2494,17.7578,11.0531,13.322,17.2772,13.0688,17.4067,13.0452
19.1281,13.2476,8.68742,10.9497,19.1897,12.2465,18.5948,7.57537,18.2311,14.5656


========================================================
Test10 (ADC Calibration) results 2008-06-17 15:59:19
Board ID335 30 channels
Linux calibration software

Voltmeter channel: A=1.07, B=0

A:
1.08575,1.06661,1.0721,1.07438,1.07262,1.0623,1.06757,1.07473,1.06609,1.06861
1.06015,1.08342,1.07088,1.07359,1.07026,1.0714,1.06653,1.08244,1.07394,1.07377
1.05836,1.07544,1.07271,1.078,1.07747,1.06791,1.0742,1.07088,1.07897,1.06757


B:
5.63388,7.51756,12.4485,12.4797,14.7494,17.0887,10.6797,13.2281,14.6144,9.49154
21.2093,14.5015,13.1569,17.0768,10.5138,11.17,15.7044,10.2065,15.2491,11.1168
16.106,14.2971,10.3774,11.0685,19.1015,10.5686,18.443,8.23121,16.6412,15.8036


========================================================
Test10 (ADC Calibration) results 2008-07-16 21:23:30
Board ID335 30 channels
Linux calibration software

Voltmeter channel: A=1.07, B=0

A:
1.08626,1.06708,1.07307,1.07553,1.07334,1.06421,1.06808,1.0759,1.0669,1.06952
1.06143,1.08421,1.07134,1.07416,1.07161,1.07225,1.06799,1.08338,1.0748,1.07453
1.05965,1.07645,1.07371,1.07875,1.07857,1.06898,1.07508,1.0717,1.07976,1.06871


B:
5.59496,8.14282,11.3354,11.41,13.8719,15.3082,10.4168,12.3612,13.8596,8.85148
19.5931,13.9931,13.3697,16.5482,9.68789,10.5959,14.1328,9.77732,14.8828,10.6235
14.8934,13.7902,8.80959,10.804,18.0926,9.57262,17.4245,7.45964,16.1285,14.7424


========================================================
Test10 (ADC Calibration) results 2008-07-19 11:34:37
Board ID335 30 channels
Linux calibration software

Voltmeter channel: A=1.07, B=0

A:
1.08626,1.06744,1.07288,1.07563,1.07343,1.06358,1.06799,1.07563,1.06663,1.06952
1.06117,1.08393,1.07143,1.04045,1.07125,1.07197,1.06781,1.08328,1.07453,1.07444
1.05939,1.07608,1.07361,1.07866,1.07838,1.0688,1.07499,1.07179,1.07995,1.06844


B:
5.59496,6.95091,11.7192,10.6797,13.5728,16.1061,10.5014,12.4004,14.3252,8.42338
20.0541,14.4657,12.6429,47.4585,9.59782,10.8496,13.6599,9.42933,14.7064,10.7081
14.9315,13.9132,9.109,10.8889,18.2617,9.52786,17.0789,7.37451,15.5273,14.353


========================================================
Test10 (ADC Calibration) results 2008-07-19 14:46:21
Board ID335 30 channels
Linux calibration software

Voltmeter channel: A=1.07, B=0

A:
1.08626,1.06726,1.0727,1.07544,1.07352,1.06358,1.06799,1.07535,1.0669,1.06961
1.0609,1.08421,1.07161,1.04692,1.07143,1.07207,1.06753,1.0831,1.0748,1.07444
1.05912,1.07636,1.07361,1.07866,1.07847,1.0688,1.07508,1.07161,1.07995,1.06844


B:
5.37776,7.1198,11.8882,11.2795,13.2733,15.6808,10.9289,13.085,13.4331,7.911
20.3032,13.7763,12.4738,42.3242,9.21434,10.5507,14.3389,10.034,14.2382,10.4933
15.3934,13.2288,9.32406,10.6732,17.746,9.31376,17.2095,7.33001,15.3113,14.353


========================================================
Test10 (ADC Calibration) results 2008-07-20 08:08:59
Board ID335 30 channels
Linux calibration software

Voltmeter channel: A=1.07, B=0

A:
1.08608,1.06744,1.0727,1.07535,1.07352,1.0634,1.06799,1.07572,1.06636,1.06934
1.06126,1.08431,1.07152,1.07425,1.0717,1.07197,1.06753,1.08319,1.07434,1.07453
1.05956,1.07663,1.0738,1.07866,1.07857,1.06889,1.07517,1.07188,1.07958,1.06871


B:
5.54997,6.73747,11.8882,11.5794,13.2733,16.0605,10.7149,11.8856,14.5761,8.807
19.3349,13.2576,12.7727,16.6787,9.17446,11.0638,14.3389,9.73147,15.5201,10.4083
14.765,12.5437,8.50978,10.4577,17.8769,9.6572,17.125,7.07523,15.8664,14.3146


========================================================
Test10 (ADC Calibration) results 2008-07-20 17:40:55
Board ID335 30 channels
Linux calibration software

Voltmeter channel: A=1.07, B=0

A:
1.08598,1.06726,1.07298,1.07544,1.07343,1.06367,1.06817,1.07544,1.06654,1.06925
1.0609,1.08393,1.07188,1.06054,1.07152,1.07188,1.0679,1.08338,1.07462,1.07462
1.05921,1.07599,1.07352,1.07884,1.07857,1.0688,1.07526,1.07197,1.07995,1.06853


B:
5.63646,7.33307,11.4198,11.4944,13.3582,15.3846,9.90515,13.0003,14.1953,8.67729
20.5154,14.249,12.0061,29.3313,8.91512,11.1486,13.7893,9.34369,14.6222,9.89359
15.3101,14.2135,9.4088,10.5027,17.4456,9.95514,16.6106,6.56173,15.5273,14.6963


========================================================
Test10 (ADC Calibration) results 2008-07-24 12:08:22
Board ID335 30 channels
Linux calibration software

Voltmeter channel: A=1.07, B=0

A:
1.08598,1.0669,1.07243,1.07499,1.07307,1.06277,1.06781,1.07526,1.06663,1.06934
1.06117,1.08384,1.07134,1.04113,1.07125,1.07197,1.06717,1.08282,1.07398,1.07425
1.05885,1.07618,1.07352,1.07838,1.0781,1.06853,1.07508,1.07161,1.07967,1.06799


B:
5.20217,7.45816,11.7133,11.489,13.0524,15.7944,10.4564,12.0945,13.0449,8.16516
19.6294,13.6845,12.513,47.0329,8.52658,9.99187,14.0347,9.6411,14.7835,10.2331
14.5842,12.7524,8.54993,10.4974,17.8685,9.35364,16.3494,6.90147,15.9973,14.5598


========================================================
Test10 (ADC Calibration) results 2009-02-05 15:37:01
Board ID335 30 channels
Host: ufcmshv3
Linux calibration software

Voltmeter channel: A=1.05417, B=9.9254

A:
1.04603,1.02962,1.03437,1.03126,1.02596,1.02678,1.0324,1.02775,1.01857,1.0333
1.03125,1.03421,1.03289,1.02225,1.03372,1.04367,1.0271,1.02653,1.04192,1.0405
1.01857,1.02499,1.03561,1.0315,1.05889,1.02411,1.02499,1.05417,1.01873,1.04317


B:
5.64882,7.85694,11.5535,10.8202,13.2269,9.16209,9.92691,11.5109,11.5806,8.23455
9.58288,14.6062,12.9669,16.5918,7.42696,11.4323,14.1899,8.16476,14.5546,10.9009
9.54346,12.316,9.54357,10.3788,16.9256,8.46059,16.2106,8.23848,13.6666,14.2031


