========================================================

Test10 results 06-28-2005  12:16:28
Board ID360  30 channels
HV Tests Software Ver.1.6

+5V 2505 - O'k
-5V 1328 - O'k
Interlock - On

Voltmeter channel: A=1.078749, B=5.393553

A:
Limits 1.1 +/- 0.1
1.074691,1.084599,1.074114,1.076426,1.081666,1.079331,1.072386,1.080497,1.079331,1.081081
1.075269,1.078167,1.071811,1.076426,1.081081,1.072961,1.082251,1.080497,1.074691,1.074114
1.079914,1.077586,1.071811,1.083424,1.081081,1.083424,1.075269,1.073537,1.085776,1.084011


B:
Limits 0.0 +/- 30.0
5.373341,8.676929,8.592949,12.917105,7.571701,12.952018,9.651596,11.885475,12.952018,4.324503
9.677243,15.094469,12.861896,5.382121,11.89207,18.240503,8.658047,10.804978,9.672105,16.111746
14.038843,14.008742,13.933707,15.167946,12.973151,15.167946,16.128857,16.102896,14.115096,7.588078
========================================================
Test10 (ADC Calibration) results 2007-11-06 10:18:56
Board ID360 30 channels
Linux calibration software

Voltmeter channel: A=1.07373, B=-1308.48

A:
1.07363,1.08346,1.07329,1.07493,1.08492,1.07966,1.07169,1.07942,1.08096,1.082
1.07546,1.07692,1.07156,1.0754,1.0842,1.07343,1.08386,1.07992,1.07646,1.07346
1.07942,1.07706,1.07153,1.08338,1.08078,1.08242,1.07383,1.07323,1.08546,1.08118


B:
4.5165,8.08835,6.96875,11.4965,5.79934,9.95705,8.63363,11.8652,11.805,4.05594
6.72929,15.5536,9.69692,3.96027,7.87701,17.3203,3.99065,10.2229,7.36424,13.4526
11.6269,11.3909,11.0145,11.5298,10.8031,13.8461,16.9119,13.3232,13.0163,7.21049


========================================================
Test10 (ADC Calibration) results 2008-06-17 15:59:19
Board ID360 30 channels
Linux calibration software

Voltmeter channel: A=1.07, B=0

A:
1.08981,1.09967,1.09017,1.09171,1.10049,1.09645,1.08809,1.09581,1.09718,1.09829
1.0918,1.09408,1.088,1.09235,1.09985,1.09044,1.10003,1.097,1.09262,1.09008
1.09618,1.09298,1.08782,1.09948,1.09746,1.09985,1.09171,1.08963,1.10225,1.09289


B:
4.2874,8.62422,5.04435,11.2686,5.89006,7.81755,7.17349,11.4699,11.318,4.60663
7.25523,14.3605,9.86783,2.16773,9.11687,15.0448,3.88938,7.97393,7.8166,12.9761
10.2604,12.7303,10.4682,12.31,9.97069,11.7563,13.452,12.7352,11.7866,10.1901


========================================================
Test10 (ADC Calibration) results 2008-07-16 21:23:30
Board ID360 30 channels
Linux calibration software

Voltmeter channel: A=1.07, B=0

A:
1.09096,1.10075,1.09124,1.09256,1.10161,1.0974,1.08889,1.09673,1.09817,1.09922
1.09284,1.09455,1.08842,1.09284,1.10056,1.09143,1.10065,1.09807,1.09351,1.09114
1.09683,1.09407,1.08851,1.10037,1.09845,1.10056,1.09256,1.09049,1.10344,1.09266


B:
2.79288,7.63882,3.84191,10.4923,4.87043,7.3889,6.65925,10.6294,9.98725,3.31596
5.86174,14.5871,9.9209,1.92739,8.69368,14.1457,4.20375,7.21902,7.00439,11.785
10.1037,11.079,9.83478,11.7288,9.068,11.1149,12.8959,12.1688,10.2674,9.75008


========================================================
Test10 (ADC Calibration) results 2008-07-19 11:34:37
Board ID360 30 channels
Linux calibration software

Voltmeter channel: A=1.07, B=0

A:
1.09067,1.10046,1.09077,1.09266,1.10104,1.0974,1.0887,1.09635,1.09797,1.09912
1.09266,1.09464,1.08851,1.09275,1.10056,1.09143,1.10085,1.09797,1.09332,1.09067
1.09674,1.0937,1.08832,1.10008,1.09807,1.10046,1.09237,1.09011,1.10277,1.09275


B:
3.0535,7.68019,4.71179,10.1874,5.39572,6.51081,6.61452,11.4142,10.1606,3.18351
6.03528,14.0636,9.18184,2.01481,8.03362,13.9275,3.14801,6.64727,7.39609,12.8696
9.97115,11.6429,10.007,11.7691,9.6351,11.6417,12.4124,12.5128,11.0978,8.7898


========================================================
Test10 (ADC Calibration) results 2008-07-19 14:46:21
Board ID360 30 channels
Linux calibration software

Voltmeter channel: A=1.07, B=0

A:
1.09049,1.10056,1.09077,1.09218,1.10094,1.09731,1.08851,1.09635,1.09759,1.09903
1.09275,1.09445,1.08814,1.09294,1.10065,1.09124,1.10046,1.09788,1.09313,1.09105
1.09683,1.09417,1.08842,1.10008,1.09826,1.10065,1.09237,1.0903,1.10277,1.09256


B:
3.44496,7.37306,4.27559,10.8372,5.48275,6.81736,7.22246,11.4142,11.3857,3.49063
5.94855,13.7981,9.96124,1.40333,7.72579,14.3175,3.93845,6.95403,7.56957,12.089
9.6651,10.5551,9.9209,11.7691,9.24164,11.0277,12.6312,12.3407,11.0978,9.39973


========================================================
Test10 (ADC Calibration) results 2008-07-20 08:08:59
Board ID360 30 channels
Linux calibration software

Voltmeter channel: A=1.07, B=0

A:
1.09049,1.10037,1.09086,1.09256,1.10113,1.09721,1.08889,1.09645,1.09817,1.09903
1.09256,1.09445,1.08842,1.09284,1.10037,1.09133,1.10065,1.09807,1.09351,1.09096
1.09654,1.09389,1.08851,1.10027,1.09807,1.10065,1.09266,1.09049,1.10286,1.09228


B:
3.66288,8.20771,4.62508,10.2738,4.86762,6.46547,6.22392,10.8885,9.98725,3.49063
6.12205,14.4546,9.48525,1.70888,8.64775,14.232,3.54325,6.99946,7.00439,12.3934
10.3636,11.2519,9.83478,11.8152,9.6351,11.2478,12.1539,11.7324,11.0109,10.0958


========================================================
Test10 (ADC Calibration) results 2008-07-20 17:40:55
Board ID360 30 channels
Linux calibration software

Voltmeter channel: A=1.07, B=0

A:
1.09049,1.10027,1.09086,1.09266,1.10085,1.09731,1.08861,1.09635,1.09788,1.09922
1.09275,1.09436,1.08851,1.09275,1.10027,1.09096,1.10104,1.09778,1.09341,1.09086
1.09645,1.09379,1.08842,1.10017,1.09817,1.10065,1.09228,1.09039,1.10277,1.09256


B:
3.66288,7.85455,4.18896,9.96856,6.01043,6.59768,6.91849,11.4142,10.6866,3.09617
5.94855,14.5406,9.39948,1.79593,8.51443,15.0119,2.75296,7.26041,7.30968,12.2611
10.4502,11.3381,9.9209,11.9025,9.76767,10.8077,12.7172,11.8189,11.3182,8.96281


