========================================================

Test11 results 06-28-2005  12:17:44
Board ID360  30 channels
HV Tests Software Ver.1.6

+5V 2508 - O'k
-5V 1329 - O'k
Interlock - On
Calibration DAC Range: [2500 - 2900]


A:
Limits 0.76 +/- 0.04
0.744879,0.739372,0.744879,0.743494,0.740741,0.742115,0.746269,0.740741,0.742115,0.742115
0.744879,0.743494,0.743494,0.742115,0.742115,0.744879,0.740741,0.742115,0.746269,0.744879
0.742115,0.743494,0.747664,0.742115,0.739372,0.738007,0.744879,0.743494,0.736648,0.739372


B:
Limits 60.0 +/- 30.0
62.975769,51.457066,62.975769,56.403641,57.957993,56.629055,63.699306,58.561832,55.626041,54.289837
55.916695,52.676731,68.664764,68.140175,45.526138,58.824562,55.683868,54.09108,52.06892,56.498631
50.951588,51.807262,52.7882,59.379917,64.809982,56.771667,51.768578,64.978149,58.185459,60.268513
========================================================
Test11 (DAC Calibration) results 2007-11-06 10:18:56
Board ID360 30 channels
Linux calibration software
Calibration DAC Range: [1100 - 2700]

A:
0.744394,0.738007,0.744255,0.743494,0.736648,0.740604,0.745365,0.740398,0.739713,0.739372
0.743494,0.742115,0.746199,0.743909,0.737871,0.744532,0.737735,0.740056,0.742804,0.744879
0.740398,0.742391,0.745851,0.741771,0.739098,0.738348,0.744255,0.744671,0.736648,0.738825


B:
68.8659,60.1476,69.9508,62.0817,67.9558,64.3398,71.0986,63.4428,62.1821,63.4011
64.3122,61.4843,63.6787,67.4539,57.3878,60.9306,67.1708,64.6624,63.0454,60.8939
61.2216,60.0593,64.0127,65.2295,69.5491,60.4061,58.0427,65.5032,61.3259,71.4074


========================================================
Test11 (ADC Calibration) results 2008-06-17 18:39:44
Board ID360 30 channels
Linux calibration software

Calibration DAC Range: [1000 - 3500]

A:
0.7332,0.7268,0.7324,0.732,0.7256,0.7292,0.734,0.7296,0.7284,0.728
0.7324,0.7304,0.7348,0.7324,0.7276,0.7328,0.7264,0.728,0.7316,0.7332
0.7288,0.7312,0.7344,0.7304,0.7276,0.7268,0.732,0.7332,0.7252,0.7308


B:
68.7999,60.1999,71.6,62,68.4,64.8,71.9999,62.4,62.6,64.0001
63.6,61.5999,63.2001,67.6,55.4001,62.2,67.5999,67.0001,62.4,61.8
62.2,59.8001,64.6001,65.5999,70.4001,61.1999,60,65.7999,61.8,69.2001


========================================================
Test11 (ADC Calibration) results 2008-07-16 22:38:23
Board ID360 30 channels
Linux calibration software

Calibration DAC Range: [1000 - 3500]

A:
0.732,0.726,0.732,0.7312,0.7248,0.7284,0.7336,0.7284,0.728,0.7272
0.7316,0.7304,0.7344,0.732,0.7268,0.7324,0.726,0.7272,0.7312,0.7324
0.7284,0.7308,0.7344,0.73,0.7276,0.7264,0.7316,0.7328,0.724,0.7312


B:
71,61,72,62.8001,70.2,65.6,72.3999,64.6,63.0001,64.8001
64.4,61.5999,63.6001,68,56.1999,62.6,67,67.8001,62.8001,62.6
62.6,60.2001,64.6001,65.9999,69.4001,61.5999,60.4,66.2,64.0001,68.8001


========================================================
Test11 (ADC Calibration) results 2008-07-20 18:58:34
Board ID360 30 channels
Linux calibration software

Calibration DAC Range: [1000 - 3500]

A:
0.7328,0.7264,0.7324,0.7312,0.7252,0.7284,0.7332,0.7288,0.728,0.7276
0.7316,0.73,0.734,0.732,0.7272,0.7328,0.7256,0.7276,0.7312,0.7328
0.7284,0.7308,0.734,0.73,0.7276,0.7264,0.732,0.7328,0.7248,0.7312


B:
69.2,60.5999,70.6,62.8001,68.8,66.6,72.7999,63.2,63.0001,64.4001
64.4,62.9999,64.9999,68,55.8001,61.2,68.4,67.4001,62.8001,62.2
62.6,60.2001,64.9999,65.9999,69.4001,61.5999,60,66.2,62.2,69.8001


========================================================
Test11 (ADC Calibration) results 2008-07-24 15:42:31
Board ID360 30 channels
Linux calibration software

Calibration DAC Range: [1000 - 3500]

A:
0.7328,0.7264,0.7324,0.7316,0.7252,0.7288,0.734,0.7288,0.7284,0.7276
0.732,0.7304,0.7344,0.732,0.7268,0.7324,0.7264,0.728,0.7312,0.7328
0.7288,0.7308,0.7344,0.7304,0.7272,0.7264,0.7324,0.7332,0.7244,0.7312


B:
69.2,60.5999,71.6,62.4,69.8,66.2,71.9999,64.2,62.6,64.4001
64,61.5999,63.6001,68,57.1999,63.6,66.5999,67.0001,62.8001,62.2
62.2,60.2001,64.6001,65.5999,70.8001,61.5999,59.6,65.7999,63.6001,68.8001


