========================================================

Test10 results 07-12-2005  14:37:47
Board ID002  36 channels
HV Tests Software Ver.1.6

+5V 2531 - O'k
-5V 1317 - O'k
Interlock - On

Voltmeter channel: A=1.073537, B=7.514596

A:
Limits 1.1 +/- 0.1
1.069519,1.070091,1.064963,1.070664,1.071237,1.078167,1.073537,1.082251,1.071811,1.064963,1.072386,1.068947
1.070091,1.074691,1.069519,1.070091,1.079331,1.064963,1.070091,1.078167,1.079914,1.071237,1.072961,1.078167
1.070091,1.074114,1.073537,1.067236,1.070091,1.068376,1.062135,1.068947,1.077006,1.080497,1.076426,1.073537


B:
Limits 0.0 +/- 30.0
1.069636,5.350263,6.389708,7.494653,1.071063,7.547299,8.588134,7.575796,5.359216,10.649558,2.144894,9.620563
9.630627,6.448031,8.556267,5.350263,5.396702,15.974372,5.350263,8.625466,3.239707,5.356012,5.364967,2.156464
5.350263,11.81529,13.95582,8.538006,7.490445,7.478648,13.807863,10.689509,3.230799,6.48299,9.687826,7.514596
========================================================
Test10 (ADC Calibration) results 2008-04-09 14:50:29
Board ID2 36 channels
Linux calibration software

Voltmeter channel: A=1.07157, B=10.5895

A:
1.06935,1.07146,1.06412,1.07052,1.06935,1.07638,1.0735,1.0803,1.07039,1.06452,1.07739,1.06935
1.06881,1.07457,1.06824,1.06931,1.07859,1.06479,1.06884,1.07735,1.07799,1.06925,1.07249,1.07769
1.07032,1.07431,1.07387,1.06704,1.07035,1.07085,1.06151,1.06864,1.07588,1.07936,1.07762,1.07367


B:
-1.80122,6.24926,2.90256,3.65453,-0.278561,5.91855,4.72324,6.73683,3.3972,5.59211,-0.204152,5.99883
8.72635,1.39091,5.6018,4.52853,1.02294,9.97389,3.56791,4.9225,1.95276,3.72662,1.64522,-0.741956
2.76843,8.53054,8.18593,3.66675,2.72374,4.15667,9.48567,5.96051,2.78474,4.25446,-1.6279,3.98848


========================================================
Test10 (ADC Calibration) results 2008-06-19 12:08:44
Board ID002 36 channels
Linux calibration software

Voltmeter channel: A=1.07, B=0

A:
1.0871,1.09016,1.08191,1.08836,1.08755,1.09443,1.09107,1.09881,1.08809,1.082,1.09588,1.088
1.08701,1.09188,1.08611,1.08737,1.09634,1.08289,1.08629,1.09561,1.09689,1.07766,1.09034,1.09497
1.088,1.09197,1.09071,1.08405,1.08773,1.08908,1.07195,1.08584,1.09315,1.09726,1.09543,1.09234


B:
-2.78626,3.94457,2.05891,2.13158,-2.33624,4.59616,4.19904,4.50868,3.25305,5.43826,-0.474201,4.42465
6.42816,1.91674,5.30436,3.70333,1.07684,9.1572,3.61741,3.28473,-0.745659,8.83585,0.94284,0.15049
1.3782,8.38458,9.33265,4.61279,2.93413,2.98668,13.0827,5.98823,2.70815,3.96323,3.45314,2.80788


