========================================================

Test11 results 07-12-2005  14:39:42
Board ID002  36 channels
HV Tests Software Ver.1.6

+5V 2531 - O'k
-5V 1317 - O'k
Interlock - On
Calibration DAC Range: [2500 - 2900]


A:
Limits 0.76 +/- 0.04
0.75188,0.75188,0.756144,0.753296,0.75188,0.746269,0.750469,0.744879,0.753296,0.756144,0.750469,0.750469
0.753296,0.749064,0.753296,0.753296,0.746269,0.756144,0.753296,0.747664,0.746269,0.75188,0.750469,0.747664
0.75188,0.750469,0.749064,0.754717,0.753296,0.753296,0.757576,0.75188,0.749064,0.746269,0.75188,0.749064


B:
Limits 60.0 +/- 30.0
77.5345,72.610756,68.894836,66.672768,71.193451,71.653915,68.923012,65.590485,62.640171,66.273071,75.08342,77.81926
60.840794,72.888687,67.28611,72.925713,71.992249,64.763367,67.38266,66.621254,70.381287,70.579247,76.078484,68.148705
73.511688,60.953861,67.075027,69.609886,67.38266,71.724594,66.135315,73.318207,68.144493,68.047562,69.013077,73.420494
========================================================
Test11 (DAC Calibration) results 2008-04-09 14:50:29
Board ID2 36 channels
Linux calibration software
Calibration DAC Range: [1100 - 2700]

A:
0.75188,0.750399,0.755572,0.75068,0.75188,0.746965,0.749344,0.744255,0.751527,0.755287,0.746269,0.75188
0.753012,0.748223,0.752658,0.751527,0.745434,0.754717,0.752233,0.745921,0.745851,0.75195,0.748923,0.74606
0.750821,0.748783,0.748713,0.753509,0.751174,0.750821,0.757432,0.752375,0.747314,0.744532,0.750258,0.748853


B:
81.0527,74.2049,75.8973,79.0748,76.6918,73.6694,75.6463,73.0766,73.4148,73.8669,79.8508,75.188
65.6625,81.0699,75.4821,82.4331,80.5441,75.0943,76.2106,77.3428,77.438,76.8961,84.3102,78.6441
78.1323,68.7757,72.7656,78.5437,77.6525,77.3814,71.7098,76.0181,78.4213,78.6505,80.0996,77.5159


========================================================
Test11 (ADC Calibration) results 2008-06-19 12:56:33
Board ID002 36 channels
Linux calibration software

Calibration DAC Range: [1000 - 3500]

A:
0.7396,0.7376,0.7432,0.7388,0.7392,0.7348,0.7372,0.7316,0.7392,0.7428,0.734,0.7384
0.7408,0.736,0.7404,0.7388,0.7336,0.7424,0.7404,0.7336,0.7332,0.7464,0.7364,0.7344
0.7392,0.7364,0.7372,0.7416,0.7392,0.7376,0.7504,0.7408,0.7352,0.7328,0.738,0.736


B:
82.4,76.3999,77.8,79.2,78.8,74.2001,76.7999,75.4,74.8,75.2,79.9999,78.6001
67.1999,83,75.5999,84.2,80.3999,75.6,76.5999,78.3999,78.7999,72.6,86.6,78.6001
78.8,70.6,72.7999,79.4001,77.8,80.3999,68.6,76.1999,79.8,78.2,77.0001,79


========================================================
Test11 (ADC Calibration) results 2008-07-17 10:58:43
Board ID002 36 channels
Linux calibration software

Calibration DAC Range: [1000 - 3500]

A:
0.7392,0.7372,0.7476,0.7388,0.7392,0.7344,0.7368,0.732,0.7384,0.7428,0.7328,0.7388
0.74,0.736,0.74,0.7384,0.7328,0.7424,0.7396,0.7336,0.7324,0.7468,0.7364,0.734
0.7388,0.736,0.7364,0.7412,0.7388,0.7376,0.7504,0.74,0.7348,0.732,0.7376,0.7352


B:
82.8,76.7999,73.3999,79.2,78.8,75.6001,77.2,74,76.6001,75.2,82.2,77.2
68,82,77,84.6001,82.2,75.6,78.4,78.3999,79.6,72.2,86.6,78.9999
79.2,71,73.6,79.8001,79.2,79.3999,69.6,78,80.2001,79,77.3999,80.8


========================================================
Test11 (ADC Calibration) results 2008-07-20 18:37:46
Board ID002 36 channels
Linux calibration software

Calibration DAC Range: [1000 - 3500]

A:
0.7392,0.7372,0.752,0.7384,0.7396,0.7348,0.7368,0.7316,0.7388,0.7428,0.7332,0.7388
0.7404,0.736,0.7396,0.7388,0.7336,0.7432,0.7396,0.7332,0.7324,0.7484,0.7368,0.734
0.7388,0.736,0.7364,0.7412,0.7392,0.7376,0.7528,0.74,0.7348,0.732,0.738,0.736


B:
82.8,76.7999,70.0001,79.6001,77.4,74.2001,78.2,75.4,75.2,75.2,81.7999,77.2
67.5999,82,77.4,84.2,80.3999,75.8,78.4,79.7999,80.6,72.6001,85.2,78.9999
79.2,71,73.6,79.8001,77.8,79.3999,68.2,78,80.2001,80,77.0001,79


========================================================
Test11 (ADC Calibration) results 2008-07-24 23:03:59
Board ID002 36 channels
Linux calibration software

Calibration DAC Range: [1000 - 3500]

A:
0.7392,0.7372,0.7516,0.7384,0.7392,0.7344,0.7368,0.7316,0.7388,0.7428,0.7332,0.7384
0.7404,0.736,0.74,0.7388,0.7332,0.742,0.74,0.7336,0.7324,0.7472,0.7368,0.734
0.7388,0.7364,0.7364,0.7412,0.7392,0.738,0.7516,0.74,0.7348,0.732,0.738,0.7356


B:
82.8,76.7999,72.3999,80.6001,78.8,75.6001,78.2,75.4,76.2,75.2,81.7999,78.6001
67.5999,83,77,84.2,81.7999,78.0001,77,79.3999,80.6,74.8,85.2,78.9999
79.2,70.6,74.6,79.8001,77.8,79.0001,70.3999,78,80.2001,80,78.0001,79.4


