========================================================

Test15 results 08-17-2005  13:55:54
Board ID019  8 channels
HV Tests Software Ver.1.6


A:
Limits 1.45 +/- 2.0
0.0,0.0,0.0,0.0,0.0,0.0,0.0,0.0


B:
Limits 0.0 +/- 160.0
0.0,0.0,0.0,0.0,0.0,0.0,0.0,0.0
========================================================

Test15 results 08-17-2005  14:28:25
Board ID019  8 channels
HV Tests Software Ver.1.6


A:
Limits 1.45 +/- 2.0
1.431639,1.454545,1.430615,1.432665,1.43472,1.428571,1.443001,1.43472


B:
Limits 0.0 +/- 160.0
14.316483,-13.091028,1.430553,-18.62463,-7.173736,15.71419,10.101158,-12.912617
