========================================================

Test15 results 04-04-2006  17:54:12
Board ID012  8 channels
HV Tests Software Ver.1.6


A:
Limits 1.45 +/- 2.0
1.428571,1.445087,1.437814,1.401542,1.43472,1.423488,1.43472,1.428571


B:
Limits 0.0 +/- 160.0
27.142763,10.115573,11.502649,35.038502,24.39011,11.387901,8.608187,18.571333
========================================================
Test15 (ADC Calibration) results 2009-04-07 10:00:43
Board ID012 8 channels
Host: ufcmshv3
Linux calibration software

A:
1.44847,1.40754,1.41782,1.37493,1.3953,1.39875,1.40998,1.41643


B:
4.61288,7.96866,10.3609,25.172,21.8955,9.68367,8.22119,23.2295


========================================================
Test15 (ADC Calibration) results 2009-04-08 14:41:11
Board ID012 8 channels
Host: ufcmshv3
Linux calibration software

A:
1.3938,1.40769,1.41829,1.37537,1.3953,1.39875,1.41013,1.41628


B:
4.26726,8.14311,10.037,25.1374,22.1745,10.2431,8.11353,23.0526


========================================================
Test15 (ADC Calibration) results 2009-04-29 10:16:43
Board ID012 8 channels
Host: ufcmshv3
Linux calibration software

A:
3.05308,3.05308,3.08276,3.05954,2.99195,3.00926,2.99885,3.09524


B:
-4105.97,-4094.36,-4091.49,-4064.16,-4066.56,-4089.26,-4092.04,-4076.81


========================================================
Test15 (ADC Calibration) results 2009-04-29 10:21:15
Board ID012 8 channels
Host: ufcmshv3
Linux calibration software

A:
1.42435,1.42481,1.43917,1.42794,1.39695,1.40465,1.40041,1.44541


B:
5.23708,9.75455,10.1404,23.8576,21.857,11.1291,9.07044,16.2553


