========================================================

Test16 results 04-04-2006  17:55:35
Board ID012  8 channels
HV Tests Software Ver.1.6
Calibration DAC Range: [1000 - 2300]


A:
Limits 0.57 +/- 0.1
0.56719,0.570927,0.567686,0.570676,0.570426,0.565217,0.561555,0.560828


B:
Limits 50.0 +/- 60.0
32.049294,15.468864,28.441397,49.26656,17.47847,38.326553,53.779648,56.686687
========================================================
Test16 (ADC Calibration) results 2009-04-07 10:44:57
Board ID012 8 channels
Host: ufcmshv3
Linux calibration software

A:
0.5496,0.5664,0.562,0.5788,0.5716,0.5692,0.5652,0.5628


B:
71.4,52.6,56.0001,63.1999,44.3999,54.8001,65.8001,50.2


