========================================================

Test15 results 10-12-2005  18:13:12
Board ID006  8 channels
HV Tests Software Ver.1.6.1


A:
Limits 2.0 +/- 2.0
1.438849,1.43575,1.439885,1.437814,1.437814,1.427552,1.437814,1.433692


B:
Limits 0.0 +/- 160.0
7.194102,-5.742854,1.439961,4.313577,-4.313311,-8.565304,8.62702,7.168504
========================================================
Test15 (Master ADC Calibration) results 2008-02-19 11:31:12
Board ID6 7 channels
Linux calibration software


A:
1.44404,1.43885,1.44196,1.44092,1.443,1.43164,1.43988,1.36519

B:
0.722134,-8.63323,-1.00933,0.288314,-10.9667,-12.4552,5.9036,26.621

========================================================
Test15 (Master ADC Calibration) results 2008-07-19 16:04:16
Board ID6 7 channels
Linux calibration software


A:
1.43528,1.42045,1.42857,1.43229,1.43453,1.38959,1.43453,1.36071

B:
5.34959,2.84102,11.4285,5.98969,-5.60771,16.1697,7.30309,20.287

