========================================================

Test10 results 03-28-2006  14:41:06
Board ID439  30 channels
HV Tests Software Ver.1.6

+5V 2503 - O'k
-5V 1328 - O'k
Interlock - On

Voltmeter channel: A=1.085776, B=9.771991

A:
Limits 1.1 +/- 0.1
1.077586,1.079914,1.079914,1.070664,1.080497,1.080497,1.068947,1.086957,1.077006,1.076426
1.079914,1.075847,1.082837,1.083424,1.083424,1.075847,1.081081,1.078167,1.074114,1.079914
1.077006,1.077006,1.076426,1.082251,1.080497,1.076426,1.084599,1.075269,1.075269,1.078749


B:
Limits 0.0 +/- 35.0
8.620811,9.719189,7.559361,10.706645,8.643984,7.563487,11.758456,8.695728,11.846848,13.993531
11.879015,19.365108,10.828545,10.834251,11.917675,7.530788,12.973151,14.016302,9.667063,9.719189
7.538823,9.692835,10.764252,9.740297,6.48299,9.687826,8.676929,10.752512,7.526706,7.55105
========================================================
Test10 (ADC Calibration) results 2008-05-13 10:23:23
Board ID439 30 channels
Linux calibration software

Voltmeter channel: A=1.08306, B=-1100.43

A:
1.07758,1.08111,1.0796,1.07157,1.08016,1.07976,1.06972,1.08725,1.07849,1.07698
1.0801,1.07748,1.08347,1.08413,1.08318,1.07516,1.08202,1.07909,1.07385,1.0796
1.07718,1.03696,1.07708,1.08278,1.08014,1.07637,1.08377,1.07641,1.07456,1.07873


B:
6.20543,5.74906,6.67299,4.74508,7.59467,8.06774,6.7731,4.83785,4.8054,9.85382
8.95158,11.4889,6.69489,6.81706,10.792,7.39171,6.59467,9.2352,6.91001,6.99329
5.87408,57.5147,6.80246,6.03988,3.98015,6.25359,7.47673,5.65187,6.76075,4.61931


========================================================
Test10 (ADC Calibration) results 2008-05-13 10:54:13
Board ID439 30 channels
Linux calibration software

Voltmeter channel: A=1.08333, B=-1101.33

A:
1.07823,1.08056,1.07905,1.07167,1.08006,1.07996,1.06972,1.08661,1.07819,1.07752
1.08,1.07728,1.08347,1.08413,1.08353,1.07537,1.08137,1.07929,1.07406,1.0794
1.07657,1.06599,1.07708,1.08298,1.08014,1.07603,1.08282,1.07607,1.07466,1.07809


B:
4.30579,6.44224,7.36496,4.81631,7.92277,6.33121,7.84282,6.75019,5.3905,8.28437
8.87996,12.1459,6.69489,6.81706,9.27098,7.1353,8.49782,8.97853,6.65334,7.65025
7.44427,15.9224,6.80246,5.98297,3.98015,6.28683,10.1688,6.08609,6.63222,6.51883


========================================================
Test10 (ADC Calibration) results 2008-06-19 12:08:44
Board ID439 30 channels
Linux calibration software

Voltmeter channel: A=1.07, B=0

A:
1.09519,1.09766,1.09666,1.0884,1.0984,1.09794,1.09129,1.1043,1.09629,1.10162
1.04473,1.09702,1.10106,1.10217,1.10402,1.09183,1.09913,1.0983,1.09501,1.09702
1.0962,1.08159,1.09419,1.10226,1.0962,1.09401,1.10116,1.09419,1.09319,1.09547


B:
3.64022,4.6626,5.36659,5.32226,5.74789,7.48507,5.92533,5.8667,5.70199,8.52868
21.0149,10.9548,5.9491,6.04062,7.88622,6.95308,6.39438,7.58907,5.99783,5.90879
6.44356,14.6372,6.31287,5.95633,4.6894,6.04228,6.52598,6.09408,5.04545,6.0172


========================================================
Test10 (ADC Calibration) results 2008-07-17 09:50:45
Board ID439 30 channels
Linux calibration software

Voltmeter channel: A=1.07, B=0

A:
1.09581,1.09828,1.09714,1.08873,1.09847,1.09742,1.09249,1.10519,1.0777,1.1024
1.03876,1.0978,1.10153,1.10317,1.10403,1.09306,1.09981,1.09933,1.09657,1.09771
1.09676,1.08277,1.09486,1.10326,1.09685,1.09533,1.10172,1.09533,1.09372,1.09638


B:
2.63818,4.75508,5.36321,6.09868,5.45907,8.17453,5.03069,5.27761,22.537,8.4808
15.2463,10.2418,5.74107,5.57475,7.87672,5.38334,6.65468,7.53067,4.79019,5.05925
5.71188,13.1196,5.70066,5.04584,4.52848,4.82711,6.4475,5.70355,4.77466,4.74491


========================================================
Test10 (ADC Calibration) results 2008-07-19 11:33:18
Board ID439 30 channels
Linux calibration software

Voltmeter channel: A=1.07, B=0

A:
1.09562,1.09799,1.09695,1.08864,1.09876,1.09666,1.09165,1.10509,1.09666,1.10182
1.03919,1.09771,1.10144,1.10288,1.10374,1.0924,1.09962,1.09885,1.09638,1.09723
1.09647,1.08277,1.09467,1.10211,1.09647,1.09476,1.10144,1.09543,1.09325,1.09619


B:
3.25099,4.79744,5.53766,5.96717,5.1972,7.99268,6.24885,4.48105,5.14152,8.56358
11.5116,9.23059,5.6087,5.61731,7.69734,5.99143,5.94967,7.74666,5.18374,5.49531
5.31582,12.6864,5.43691,6.97923,4.65771,5.56888,6.71014,5.39728,5.86581,4.4808


========================================================
Test10 (ADC Calibration) results 2008-07-19 17:28:33
Board ID439 30 channels
Linux calibration software

Voltmeter channel: A=1.07, B=0

A:
1.09543,1.09771,1.09685,1.08911,1.09838,1.09657,1.09165,1.10519,1.06895,1.10144
1.03927,1.09714,1.10105,1.10278,1.10374,1.09221,1.09962,1.09885,1.09657,1.09752
1.09619,1.08258,1.09448,1.10268,1.09647,1.09476,1.10163,1.09562,1.09344,1.09562


B:
3.42534,5.49861,5.40563,4.66326,5.32639,8.29915,6.03057,4.61477,30.7692,9.13324
11.6373,10.6295,6.17879,5.7052,7.91803,6.38332,5.94967,7.74666,4.57054,5.01464
6.01535,13.29,6.26755,5.79235,4.87695,5.78778,6.09466,5.22315,5.03581,6.0997


========================================================
Test10 (ADC Calibration) results 2008-07-20 15:54:11
Board ID439 30 channels
Linux calibration software

Voltmeter channel: A=1.07, B=0

A:
1.09533,1.09799,1.09704,1.08902,1.09838,1.09562,1.09193,1.10519,1.07322,1.10124
1.03825,1.09714,1.10134,1.10317,1.10365,1.09249,1.09952,1.09914,1.09647,1.09695
1.09638,1.08268,1.09457,1.10249,1.09666,1.09495,1.10163,1.09514,1.09334,1.09581


B:
3.07486,4.5779,5.23106,5.18602,5.32639,9.38655,5.76992,5.27761,26.6461,9.08733
13.2447,10.6295,5.2557,5.13359,8.00568,6.12319,6.47649,7.70506,4.87695,6.19594
5.62219,12.9882,5.96147,6.40882,4.48342,5.39464,5.87439,5.87737,5.56012,5.70611


========================================================
Test10 (ADC Calibration) results 2008-07-24 14:52:16
Board ID439 30 channels
Linux calibration software

Voltmeter channel: A=1.07, B=0

A:
1.09524,1.09752,1.09685,1.08892,1.09857,1.09609,1.09165,1.1049,1.09278,1.10172
1.03816,1.09723,1.10134,1.10317,1.10403,1.09259,1.09933,1.09885,1.09657,1.09723
1.0959,1.08277,1.09495,1.1024,1.09647,1.09486,1.10153,1.09543,1.09344,1.09581


B:
3.59996,4.57536,5.62533,4.61905,4.93207,8.95252,5.81191,5.09868,8.70383,7.76951
14.7801,10.104,5.47591,5.13359,7.65559,5.8177,6.21152,7.30696,4.13202,5.71509
5.61949,12.9028,4.95638,5.61446,4.65771,5.04364,6.40221,5.39728,5.03581,5.70611


========================================================
Test10 (ADC Calibration) results 2008-07-24 21:41:51
Board ID439 30 channels
Linux calibration software

Voltmeter channel: A=1.07, B=0

A:
1.09562,1.0978,1.09704,1.08911,1.09809,1.09723,1.09193,1.10519,1.0724,1.10038
1.03944,1.09809,1.10096,1.10288,1.10403,1.09249,1.09952,1.09952,1.09666,1.09723
1.09657,1.08258,1.09476,1.10297,1.09628,1.09505,1.10144,1.09552,1.09372,1.09581


B:
2.59389,5.41134,5.0117,4.66326,6.02779,7.25111,5.98852,4.83575,27.1827,9.43153
10.226,8.88266,6.48649,5.61731,7.87672,5.68629,6.47649,6.91646,4.26414,5.49531
5.66711,12.8571,5.13081,5.7499,5.27056,4.86929,6.26967,5.0914,4.55597,5.70611


========================================================
Test10 (ADC Calibration) results 2008-08-12 21:57:53
Board ID439 30 channels
Linux calibration software

Voltmeter channel: A=1.07, B=0

A:
1.0959,1.09828,1.09733,1.08948,1.09885,1.08398,1.0942,1.10587,1.07094,1.10394
1.04399,1.09847,1.10172,1.10394,1.105,1.09231,1.0999,1.1023,1.09904,1.09752
1.09809,1.08305,1.09514,1.05461,1.09638,1.0959,1.1022,1.09685,1.09467,1.09638


B:
3.42768,4.75508,5.628,5.18842,5.10925,15.4765,5.65246,4.66218,30.4426,8.62643
23.3874,9.63331,6.00703,5.75598,7.22138,6.95206,6.56725,7.90641,4.27537,5.01464
5.36883,12.8628,5.22056,16.9282,5.18374,4.52359,5.78958,5.40563,4.99876,5.62219


