========================================================

Test10 results 04-05-2005  14:22:54
Board ID026  36 channels
HV Tests Software Ver.1.6

+5V 2507 - O'k
-5V 1316 - O'k
Interlock - On

Voltmeter channel: A=1.066098, B=11.727031

A:
Limits 1.1 +/- 0.1
1.074114,1.074691,1.075847,1.084011,1.075269,1.082837,1.080497,1.077006,1.075269,1.070091,1.067806,1.079914
1.077006,1.072961,1.077586,1.075847,1.069519,1.074114,1.071237,1.072961,1.075269,1.068947,1.072386,1.081666
1.079331,1.070091,1.080497,1.071237,1.075847,1.073537,1.070091,1.077006,1.072961,1.072961,1.086366,1.073537


B:
Limits 0.0 +/- 30.0
9.667063,17.194942,11.834177,8.672089,7.526706,7.580034,18.368458,15.077866,18.279394,12.8409,11.745905,10.799102
7.538823,11.802734,8.620811,9.682483,17.112415,9.667063,9.640962,11.802734,8.601974,10.689509,15.013526,9.735032
6.476033,8.560535,10.804978,10.712199,15.061719,9.661671,9.630627,14.000859,5.364967,18.240503,13.03657,13.95582
========================================================
Test10 (ADC Calibration) results 2007-11-01 11:17:30
Board ID26 36 channels
Linux calibration software

Voltmeter channel: A=1.06403, B=17.2863

A:
1.07639,1.07788,1.07742,1.08373,1.07335,1.08194,1.08108,1.07998,1.07619,1.07066,1.06993,1.08078
1.07645,1.07535,1.07982,1.07524,1.07196,1.07365,1.07329,1.07411,1.07535,1.06923,1.07362,1.08224
1.07884,1.07671,1.08074,1.07173,1.08094,1.07285,1.06946,1.07086,1.07373,1.07289,1.09348,1.07379


B:
5.99765,11.3876,7.89896,6.24084,8.2545,6.44947,13.2575,8.54558,11.6344,6.6983,7.50553,8.56074
7.22403,6.08024,3.75048,7.44941,15.0561,7.19804,5.7688,7.82934,4.62815,7.85894,12.3922,8.30319
5.23963,5.19716,7.29718,5.97247,8.31829,7.89225,7.29806,8.9725,1.66166,14.027,3.0671,8.25443


========================================================
Test10 (ADC Calibration) results 2008-06-17 15:59:19
Board ID026 36 channels
Linux calibration software

Voltmeter channel: A=1.07, B=0

A:
1.08945,1.08692,1.09344,1.10049,1.09126,1.09874,1.09755,1.09636,1.09289,1.08665,1.08683,1.09783
1.09335,1.09089,1.09608,1.0928,1.08908,1.09071,1.09008,1.09117,1.0918,1.08602,1.09008,1.09865
1.09526,1.09289,1.09709,1.08719,1.09691,1.08981,1.08611,1.08782,1.0908,1.07809,1.10802,1.09126


B:
9.19589,17.8155,9.25412,5.66962,6.00814,6.60419,14.0582,9.87475,11.9384,9.15084,7.24623,9.41716
7.36934,8.30505,6.39753,5.68344,14.7552,8.03452,5.99969,7.40091,5.94472,7.55692,12.5402,9.98403
5.83522,5.38105,8.76841,9.08906,10.6905,7.55682,7.69151,7.85756,2.06134,21.9831,9.45534,7.97206


