========================================================

Test11 results 04-05-2005  14:24:12
Board ID026  36 channels
HV Tests Software Ver.1.6

+5V 2509 - O'k
-5V 1317 - O'k
Interlock - On
Calibration DAC Range: [2500 - 2900]


A:
Limits 0.76 +/- 0.04
0.743494,0.743494,0.743494,0.735294,0.744879,0.738007,0.739372,0.742115,0.743494,0.746269,0.750469,0.739372
0.743494,0.743494,0.742115,0.742115,0.744879,0.743494,0.747664,0.744879,0.744879,0.749064,0.743494,0.739372
0.740741,0.746269,0.739372,0.744879,0.740741,0.743494,0.747664,0.742115,0.747664,0.744879,0.739372,0.747664


B:
Limits 60.0 +/- 30.0
68.172668,63.454857,63.676674,78.448364,66.099678,72.569092,61.48407,61.819695,61.929752,68.333969,60.712193,68.670197
66.002274,75.997513,67.414543,75.407143,73.525192,68.971169,59.839165,68.341042,62.975769,62.370522,71.852203,67.939308
69.754868,73.841888,69.537193,70.417099,70.92041,72.165504,66.874794,64.289001,59.118698,61.148125,68.689156,49.808681
========================================================
Test11 (DAC Calibration) results 2007-11-01 11:17:30
Board ID26 36 channels
Linux calibration software
Calibration DAC Range: [1100 - 2700]

A:
0.742115,0.741084,0.741771,0.736716,0.74384,0.737939,0.738893,0.739645,0.742253,0.745712,0.745851,0.739098
0.741702,0.742459,0.740124,0.741427,0.74481,0.743633,0.744255,0.742942,0.742459,0.746338,0.743287,0.737735
0.740056,0.741152,0.738757,0.745712,0.738621,0.744186,0.746547,0.745573,0.744325,0.744532,0.73381,0.743909


B:
70.6865,69.8934,71.1636,77.438,73.5006,76.4782,66.1403,70.4141,70.4955,74.6459,75.3496,68.81
73.4842,79.1183,73.4482,82.0204,70.822,73.4896,70.8438,75.9287,75.406,73.4861,71.7366,73.5151
75.7632,78.6919,75.0482,70.1716,71.1015,73.7674,74.9907,72.1528,71.7902,66.2914,80.297,68.1979


========================================================
Test11 (ADC Calibration) results 2008-06-17 18:39:44
Board ID026 36 channels
Linux calibration software

Calibration DAC Range: [1000 - 3500]

A:
0.7328,0.734,0.73,0.7252,0.7316,0.7264,0.7272,0.728,0.7304,0.7348,0.7344,0.7272
0.73,0.7312,0.7284,0.7296,0.7332,0.732,0.7328,0.7312,0.7316,0.7348,0.732,0.726
0.7288,0.7296,0.7276,0.7344,0.728,0.7324,0.7348,0.734,0.7328,0.7408,0.7244,0.7316


B:
69.2,66.9999,71.9999,77.8,75.4,76.5999,66.8001,71.0001,70.5999,72.2001,74.6001,69.8001
73.9999,78.8001,72.6,82.4,70.7999,73,71.2,75.8001,73.4,73.2001,71,74
75.2,79.4,73.4001,69.6001,69.0001,74.6,75.2001,72.9999,71.2,61.1999,74.6001,69.4


========================================================
Test11 (ADC Calibration) results 2008-07-16 22:38:23
Board ID026 36 channels
Linux calibration software

Calibration DAC Range: [1000 - 3500]

A:
0.7328,0.7364,0.73,0.7244,0.7312,0.726,0.7268,0.7276,0.7296,0.7336,0.7336,0.7268
0.7292,0.7308,0.728,0.7292,0.7324,0.7316,0.732,0.7312,0.7304,0.734,0.7316,0.726
0.728,0.7296,0.7268,0.7336,0.7268,0.7316,0.7344,0.7336,0.732,0.7416,0.724,0.7312


B:
70.2,65.6,70.9999,78.6001,75.8001,77,67.1999,70.4001,72.4,74.3999,75.3999,70.1999
74.8,79.2001,73.0001,82.8,71.6,73.4,72,75.8001,75.5999,74.9999,72.4,73
77.0001,79.4,75.1999,70.3999,71.1999,75.4,75.6001,72.3999,72,62.4001,76.0001,69.8001


========================================================
Test11 (ADC Calibration) results 2008-07-20 18:58:34
Board ID026 36 channels
Linux calibration software

Calibration DAC Range: [1000 - 3500]

A:
0.7332,0.738,0.7292,0.7244,0.7312,0.726,0.7272,0.728,0.7304,0.734,0.734,0.7268
0.7292,0.7312,0.728,0.7292,0.7328,0.7316,0.732,0.7308,0.7304,0.7344,0.732,0.7256
0.7284,0.7296,0.7272,0.734,0.7272,0.732,0.734,0.734,0.7324,0.742,0.724,0.7312


B:
68.7999,63.0001,72.8,79.6001,75.8001,77,66.8001,70.0001,70.5999,73.9999,74.9999,70.1999
74.8,78.8001,73.0001,82.8,71.2,73.4,72,76.2001,75.5999,73.6001,71,73.4
75.6,78.4,73.8001,69.9999,69.8001,74,75.9999,71.9999,71.6,62.0001,76.0001,69.8001


