========================================================

Test10 results 12-12-2006  19:56:54
Board ID291  30 channels
HV Tests Software Ver.1.6.8

+5V 2528 - O'k
-5V 1341 - O'k
Interlock - On
Number of Samples: 400

Voltmeter channel: A=1.081666, B=8.653366

A:
Limits 1.1 +/- 0.1
1.074114,1.067806,1.077586,1.075269,1.073537,1.06553,1.068947,1.082251,1.068376,1.075269
1.078749,1.077586,1.073537,1.074114,1.074691,1.077586,1.079331,1.076426,1.075847,1.075269
1.078749,1.070664,1.072386,1.084011,1.071811,1.083424,1.071811,1.086957,1.069519,1.078749


B:
Limits 0.0 +/- 30.0
10.741177,7.474683,7.543225,6.451437,7.514596,20.24522,10.689509,11.9048,8.547024,9.677243
11.866045,12.931156,7.514596,12.889404,6.448031,6.465639,10.793356,9.687826,6.454941,6.451437
17.259789,7.494653,7.506824,7.588078,13.933707,6.500557,7.502839,10.869641,12.834341,9.708548
========================================================
Test10 (ADC Calibration) results 2008-04-25 10:19:08
Board ID291 30 channels
Linux calibration software

Voltmeter channel: A=1.07527, B=-1465.68

A:
1.07245,1.06566,1.07569,1.07425,1.07175,1.06677,1.0681,1.0811,1.0672,1.07426
1.08064,1.07615,1.07161,1.07268,1.07211,1.07523,1.07777,1.07465,1.07409,1.07352
1.0781,1.06864,1.07091,1.08236,1.07081,1.08128,1.06897,1.08517,1.0667,1.07994


B:
5.1728,2.42452,2.43668,-1.71241,1.08232,8.26949,3.61364,5.57754,1.3099,1.90778
5.72984,7.06807,2.76007,6.45877,2.41316,1.95877,4.36258,4.15018,1.80048,0.53754
9.56931,2.80118,1.45162,3.4983,8.16862,1.73649,3.76334,5.30045,9.82347,0.23813


========================================================
Test10 (ADC Calibration) results 2008-06-16 13:15:45
Board ID291 30 channels
Linux calibration software

Voltmeter channel: A=1.07, B=0

A:
1.07527,1.06899,1.07893,1.0766,1.07456,1.0689,1.07066,1.08397,1.06943,1.0766
1.08036,1.07973,1.07456,1.07589,1.07598,1.07866,1.08072,1.07821,1.07785,1.07741
1.08036,1.07163,1.07358,1.08541,1.07652,1.08415,1.07252,1.0885,1.07031,1.08243


B:
5.37619,2.63132,2.85526,0.910806,2.38055,9.55412,4.49685,6.4371,4.36012,4.35589
6.0666,7.5084,2.59541,6.95186,1.92026,2.24029,5.30341,3.08509,0.829055,0.597041
11.4684,2.3082,2.21307,3.15605,7.23749,3.01909,3.84438,4.88987,9.10596,1.78187


========================================================
Test10 (ADC Calibration) results 2008-06-17 07:08:50
Board ID291 30 channels
Linux calibration software

Voltmeter channel: A=1.07, B=0

A:
1.08741,1.0815,1.09147,1.08939,1.08696,1.08106,1.0832,1.09647,1.08204,1.08912
1.09301,1.0921,1.08714,1.08831,1.08804,1.09111,1.09328,1.09074,1.08984,1.08984
1.09319,1.08391,1.0857,1.09794,1.08912,1.09702,1.08472,1.10106,1.08266,1.09437


B:
4.80201,0.957336,0.829513,-1.16959,1.08697,8.93945,2.84427,5.19247,2.40685,2.56682
4.21261,6.13974,1.13753,5.92922,1.39066,0.50971,4.18014,1.71733,0.373232,-0.28091
9.72999,1.5297,1.81878,1.87352,5.39824,0.959278,3.60111,3.628,7.67224,0.987031


========================================================
Test10 (ADC Calibration) results 2008-07-28 12:22:42
Board ID291 30 channels
Linux calibration software

Voltmeter channel: A=1.07, B=0

A:
1.08804,1.08141,1.09165,1.08885,1.08705,1.08079,1.08311,1.0962,1.08204,1.08903
1.0931,1.09237,1.08714,1.08849,1.08831,1.09101,1.09337,1.09065,1.08975,1.08984
1.09328,1.08409,1.08588,1.09803,1.08912,1.09693,1.0848,1.10171,1.08257,1.09547


B:
3.78428,1.68929,0.880192,0.63935,1.22104,9.83474,3.57708,5.8818,3.05618,3.52134
7.62688,6.32655,1.79006,6.41584,1.14052,1.68438,4.53378,2.23668,0.892367,0.155318
10.3026,1.58041,1.65223,2.22868,6.05194,1.48231,3.30138,3.03788,8.62105,0.197373


========================================================
Test10 (ADC Calibration) results 2008-12-16 10:57:12
Board ID291 30 channels
Host: ufcmshv3
Linux calibration software

Voltmeter channel: A=1.03652, B=1.62657

A:
1.04712,1.05051,1.05425,1.04133,1.04133,1.05025,1.03487,1.04025,1.03413,1.05554
1.04384,1.03207,1.04737,1.07075,1.0446,1.04359,1.04678,1.05034,1.039,1.05451
1.03983,1.03693,1.06557,0.985296,1.05204,1.03792,1.06943,1.05768,1.03339,1.0451


B:
3.979,0.549626,1.83254,-0.304475,1.98641,5.41284,3.21599,5.52127,3.5164,3.5724
-0.000140233,8.3834,0.805693,6.34211,1.78384,2.1196,3.67192,2.39162,0.894796,-0.72994
10.2863,2.05787,1.55724,13.7184,4.14324,1.72444,3.29069,3.87256,8.77581,-0.160851


========================================================
Test10 (ADC Calibration) results 2008-12-16 11:29:10
Board ID291 30 channels
Host: ufcmshv3
Linux calibration software

Voltmeter channel: A=1.03635, B=1.99294

A:
1.0472,1.05,1.05425,1.04125,1.04158,1.05,1.03487,1.04042,1.03421,1.05545
1.04334,1.03183,1.04737,1.07084,1.0446,1.04342,1.04678,1.05008,1.03867,1.05442
1.04017,1.0366,1.06557,0.984998,1.05204,1.03751,1.06961,1.05794,1.03322,1.04502


B:
3.68915,1.4537,1.62174,-0.22442,1.33011,5.86363,3.21599,5.15427,3.02313,4.07548
1.10774,8.4133,0.596423,6.26016,1.57498,2.69662,3.88107,2.63323,1.42236,-0.2274
8.92929,2.79075,1.55724,12.4415,3.93288,2.12305,3.12667,3.62953,9.14009,-0.0802934


========================================================
Test10 (ADC Calibration) results 2008-12-16 12:06:17
Board ID291 30 channels
Host: ufcmshv3
Linux calibration software

Voltmeter channel: A=1.03627, B=2.48696

A:
1.04704,1.05017,1.054,1.0415,1.0415,1.05017,1.03487,1.04033,1.03421,1.05545
1.04351,1.0315,1.04729,1.07084,1.04468,1.04376,1.04645,1.05025,1.03867,1.05408
1.03992,1.03668,1.06584,0.91472,1.05169,1.03743,1.06952,1.05786,1.03347,1.04502


B:
4.26884,1.50268,2.49695,-0.464992,1.82626,5.49336,3.42316,5.02589,3.43671,4.07548
1.15595,9.55357,1.09532,6.26016,1.28588,2.1677,4.82973,2.47194,1.62988,1.15154
10.4153,2.91864,1.52471,19.9688,3.83466,2.6178,3.20866,3.49922,8.48996,0.128659


========================================================
Test10 (ADC Calibration) results 2009-01-15 10:43:39
Board ID291 30 channels
Host: ufcmshv3
Linux calibration software

Voltmeter channel: A=1.03643, B=2.12044

A:
1.04704,1.04991,1.05391,1.04108,1.04125,1.05008,1.03478,1.04025,1.03429,1.05537
1.04325,1.03199,1.0472,1.07075,1.04451,1.04351,1.04645,1.05017,1.03892,1.05434
1.03992,1.0366,1.06549,0.915558,1.05152,1.03751,1.06943,1.0576,1.03347,1.04493


B:
4.05949,1.74418,2.36697,-0.480446,2.27473,5.78347,3.08847,5.31343,2.94385,3.73458
1.18796,7.63641,1.17611,6.12801,1.23752,2.19946,3.99237,2.34286,0.76715,-0.146227
9.79109,2.58348,1.85232,15.2262,4.20624,1.9156,3.50453,3.53094,8.48996,-0.000112915


