========================================================

Test11 results 12-12-2006  19:59:47
Board ID291  30 channels
HV Tests Software Ver.1.6.8

+5V 2529 - O'k
-5V 1342 - O'k
Interlock - On
Calibration DAC Range: [2500 - 2900]
Number of Samples: 400

A:
Limits 0.76 +/- 0.04
0.749064,0.753296,0.744879,0.744879,0.749064,0.754717,0.75188,0.740741,0.750469,0.747664
0.744879,0.744879,0.749064,0.749064,0.746269,0.746269,0.744879,0.744879,0.746269,0.746269
0.743494,0.749064,0.747664,0.746269,0.750469,0.742115,0.749064,0.739372,0.75188,0.743494


B:
Limits 60.0 +/- 30.0
46.079483,53.322735,57.741066,69.459999,50.178852,37.141762,52.421425,57.287239,60.084114,49.23114
49.853642,55.332939,54.120945,48.569717,64.099037,54.046642,48.31551,62.404015,60.245079,56.957199
55.151173,62.540417,60.081203,52.449162,43.713226,51.339676,57.893513,52.615944,47.681976,55.953297
========================================================
Test11 (DAC Calibration) results 2008-04-25 10:19:08
Board ID291 30 channels
Linux calibration software
Calibration DAC Range: [1100 - 2700]

A:
0.748573,0.752587,0.745573,0.746199,0.749064,0.752941,0.751244,0.74184,0.75188,0.747314
0.742528,0.744879,0.748783,0.747664,0.747314,0.746269,0.744879,0.745921,0.746687,0.747454
0.743909,0.750117,0.749274,0.745087,0.749344,0.742459,0.750258,0.738689,0.752233,0.743011


B:
56.4892,65.1928,64.3989,74.4243,59.5506,50.3999,62.9823,61.276,63.9098,59.7385
58.2327,63.8734,64.4327,62.9906,69.4535,63.4329,57.9144,67.6458,68.0791,62.0856
61.5027,67.8388,63.0045,64.329,55.5638,59.0719,64.1942,63.6196,55.9003,62.3107


========================================================
Test11 (ADC Calibration) results 2008-06-17 04:20:31
Board ID291 30 channels
Linux calibration software

Calibration DAC Range: [1000 - 3500]

A:
0.746,0.7496,0.7432,0.7436,0.7468,0.7508,0.7488,0.74,0.7496,0.7452
0.7424,0.7424,0.7464,0.7448,0.7452,0.7436,0.742,0.7432,0.7436,0.7448
0.742,0.748,0.7472,0.7428,0.7452,0.74,0.7476,0.7364,0.7496,0.7408


B:
57,66.4,63.8,74.4,59.2,50.2,63.2001,60,62.4,58.8001
58.6,62.6,64.6,63.2001,67.8001,63.4,58.0001,68.8,69.4,61.2001
61.0001,66.9999,62.8,64.2,55.8001,59,64.3999,63.6,56.4,61.1999


========================================================
Test11 (ADC Calibration) results 2008-06-17 07:43:31
Board ID291 30 channels
Linux calibration software

Calibration DAC Range: [1000 - 3500]

A:
0.738,0.7416,0.7344,0.7352,0.7384,0.7424,0.74,0.7312,0.7412,0.7364
0.734,0.734,0.738,0.7368,0.7364,0.7348,0.7336,0.7344,0.7356,0.7364
0.7332,0.7396,0.7384,0.7344,0.7364,0.7312,0.7392,0.7276,0.7412,0.7332


B:
57.0001,65.4001,65.6001,74.8,59.6001,50.6,65,60.8001,63.8001,60.6
58.9999,63.9999,65.0001,63.1999,69.6,66.2001,58.3999,70.6001,69.4,61.6
61.8,67.4,63.6001,64.6001,57.6,60.8001,63.8,65.4001,56.8001,60.8


