========================================================

Test11 results 08-24-2005  12:36:55
Board ID394  30 channels
HV Tests Software Ver.1.6

+5V 2492 - O'k
-5V 1310 - O'k
Interlock - On
Calibration DAC Range: [2500 - 2900]


A:
Limits 0.76 +/- 0.04
0.747664,0.753296,0.746269,0.743494,0.754717,0.736648,0.744879,0.746269,0.743494,0.747664
0.747664,0.744879,0.749064,0.746269,0.743494,0.743494,0.747664,0.746269,0.750469,0.740741
0.742115,0.746269,0.753296,0.747664,0.740741,0.742115,0.740741,0.743494,0.750469,0.744879


B:
Limits 60.0 +/- 40.0
63.39513,56.824936,64.340813,69.638062,60.711006,78.999367,75.013313,69.019928,72.865433,60.49501
68.405899,69.540558,66.25135,59.494804,71.094376,74.157478,71.460442,68.213173,71.34005,67.756172
60.673546,68.296074,56.015362,57.494682,74.718338,72.626381,73.33017,64.365532,59.1409,66.55468
========================================================
Test11 (DAC Calibration) results 2008-01-29 06:15:39
Board ID394 30 channels
Linux calibration software
Calibration DAC Range: [1100 - 2700]

A:
0.749625,0.752445,0.747733,0.746408,0.754717,0.740535,0.747664,0.747803,0.745018,0.748013
0.747594,0.747733,0.749625,0.747244,0.745851,0.746756,0.749415,0.747035,0.752941,0.742873
0.743978,0.746965,0.752233,0.746408,0.743564,0.744255,0.741702,0.742597,0.751527,0.746965


B:
57.2714,63.4311,64.2397,63.2395,64.2264,68.1385,66.729,64.8908,69.6406,61.309
72.0587,63.492,67.3163,60.2841,66.5487,66.4893,69.7049,66.2526,64.7058,65.7721
57.6863,69.9346,62.6704,64.2846,69.1233,68.4623,72.0008,70.6117,60.6388,64.7058


========================================================
Test11 (ADC Calibration) results 2008-06-19 12:56:33
Board ID394 30 channels
Linux calibration software

Calibration DAC Range: [1000 - 3500]

A:
0.7376,0.7412,0.736,0.734,0.7428,0.7288,0.7352,0.7336,0.7332,0.736
0.736,0.7352,0.7372,0.7356,0.7324,0.7348,0.7376,0.734,0.7392,0.7316
0.7332,0.7356,0.7412,0.732,0.732,0.7316,0.734,0.7312,0.7412,0.7344


B:
58.3999,63.8001,65,65.9999,65.2,71.2,69.8,67.3999,69.7999,63
73,65.8,69.7999,61.4,67.6,68.2001,70.3999,67.9999,66.8,65.4
57.8,69.4,62.8001,66,70,70.4,70.9999,70.8001,61.8001,66.6001


