========================================================

Test11 results 06-22-2005  16:30:05
Board ID346  30 channels
HV Tests Software Ver.1.6

+5V 2504 - O'k
-5V 1323 - O'k
Interlock - On
Calibration DAC Range: [2500 - 2900]


A:
Limits 0.76 +/- 0.04
0.769231,0.763359,0.767754,0.764818,0.757576,0.766284,0.764818,0.760456,0.764818,0.761905
0.763359,0.763359,0.766284,0.757576,0.767754,0.773694,0.766284,0.766284,0.769231,0.764818
0.753296,0.761905,0.759013,0.763359,0.764818,0.761905,0.766284,0.767754,0.757576,0.757576


B:
Limits 60.0 +/- 30.0
58.875401,66.076782,66.797256,69.226837,58.062771,54.15736,65.939011,59.701981,58.8932,64.295891
59.020741,59.135357,60.025902,59.193954,68.058731,68.188034,59.807205,54.981827,61.534279,74.729012
73.292976,68.779892,72.255203,66.438705,61.244419,65.368813,60.752712,48.695049,69.749527,74.66877
========================================================
Test11 (DAC Calibration) results 2007-11-27 15:57:46
Board ID346 30 channels
Linux calibration software
Calibration DAC Range: [1100 - 2700]

A:
0.769231,0.764088,0.76621,0.766063,0.767681,0.763942,0.788644,0.76089,0.764088,0.760167
0.764307,0.762268,0.764818,0.757648,0.768935,0.775119,0.76599,0.765184,0.769897,0.767239
0.754361,0.763359,0.76118,0.765477,0.764453,0.762195,0.764745,0.765331,0.760167,0.767165


B:
62.3076,64.661,72.8188,70.1046,60.5604,63.025,64.1956,62.6021,60.8405,73.6222
59.7783,65.6026,57.5525,62.629,68.0892,65.0615,65.9135,61.6452,62.7947,70.3654
74.0688,63.5114,67.9924,66.453,67.2241,65.7013,69.2764,60.0689,63.74,68.9298


