========================================================

Test10 results 11-09-2005  12:29:23
Board ID126  36 channels
HV Tests Software Ver.1.6

+5V 2491 - O'k
-5V 1338 - O'k
Interlock - On

Voltmeter channel: A=1.069519, B=17.112415

A:
Limits 1.1 +/- 0.1
1.079331,1.072386,1.074114,1.076426,1.066098,1.072961,1.061571,1.073537,1.071237,1.073537,1.071811,1.067236
1.072961,1.067806,1.074114,1.077006,1.078167,1.067806,1.072961,1.072961,1.075847,1.075847,1.074691,1.075847
1.075847,1.072961,1.070091,1.085187,1.077586,1.074691,1.070091,1.075269,1.074114,1.071811,1.078749,1.078167


B:
Limits 0.0 +/- 35.0
14.031348,16.085913,18.259974,18.299236,23.454109,12.875696,20.169867,15.029358,14.997149,16.102896,15.005518,21.344835
18.240503,17.084934,22.556429,17.231876,10.781801,17.084934,17.167542,16.09458,16.137566,19.365108,18.269632,13.985871
17.213413,16.09458,12.8409,17.362988,16.163914,15.04556,17.121264,18.279394,19.334087,16.07733,15.102291,18.32897
========================================================
Test10 (ADC Calibration) results 2008-06-16 13:15:45
Board ID126 36 channels
Linux calibration software

Voltmeter channel: A=1.07, B=0

A:
1.08297,1.07482,1.07732,1.07964,1.06952,1.07554,1.06522,1.07669,1.07411,1.07607,1.07411,1.07199
1.07643,1.07119,1.03134,1.08036,1.08036,1.07429,1.07598,1.07678,1.07902,1.07938,1.07732,1.08054
1.07893,1.0758,1.07208,1.0896,1.08614,1.07687,1.07323,1.0792,1.039,1.07527,1.08514,1.08225


B:
11.6793,13.0963,14.6847,15.5801,18.8237,12.0127,14.4542,11.8106,11.8152,13.0289,13.7486,16.9867
14.2089,13.0027,61.6897,12.5488,9.30769,15.0898,13.7561,10.4367,12.2679,13.8821,14.9001,11.088
14.076,13.2739,11.5454,15.4391,14.4369,13.1543,13.4898,14.6936,33.1039,10.7525,12.0869,16.0172


========================================================
Test10 (ADC Calibration) results 2008-06-17 07:08:50
Board ID126 36 channels
Linux calibration software

Voltmeter channel: A=1.07, B=0

A:
1.0951,1.08714,1.08984,1.09219,1.08106,1.08822,1.07778,1.08867,1.08624,1.08831,1.08669,1.08472
1.08885,1.08311,1.03073,1.09256,1.09283,1.08678,1.08849,1.08912,1.09156,1.09183,1.08966,1.0931
1.09138,1.08804,1.08472,1.10208,1.0984,1.0893,1.08543,1.09174,1.04956,1.08768,1.09748,1.09447


B:
11.0468,12.2263,13.2334,14.3572,18.669,10.1472,12.8377,11.6932,11.0955,12.2411,12.2039,15.3162
13.0521,11.8089,72.2457,11.8416,8.31393,13.4256,12.7291,9.53693,10.7876,12.5041,13.8344,9.81308
12.6996,12.7065,9.89265,14.3823,13.7546,12.2036,12.4885,13.2421,34.7444,9.99086,11.2936,15.5688


========================================================
Test10 (ADC Calibration) results 2008-07-28 12:22:42
Board ID126 36 channels
Linux calibration software

Voltmeter channel: A=1.07, B=0

A:
1.09529,1.08732,1.09002,1.09219,1.08186,1.0884,1.07769,1.08912,1.08669,1.08813,1.08651,1.08445
1.08894,1.08337,1.05631,1.09274,1.09283,1.08696,1.08858,1.08921,1.09156,1.09183,1.08993,1.0931
1.09165,1.0884,1.08463,1.10189,1.09876,1.08966,1.08597,1.09147,1.04697,1.08777,1.09766,1.09492


B:
10.6613,12.4959,13.2857,14.7942,17.7186,9.76424,13.1345,11.062,10.6828,13.0591,13.2382,15.7792
13.405,11.9954,49.1805,11.8936,8.53244,13.6958,12.6464,9.6721,11.0062,13.1594,13.8043,10.0316
12.4514,12.1587,10.1923,14.9898,12.9822,11.873,12.2116,13.9271,44.8988,9.90798,11.1268,15.1548


========================================================
Test10 (ADC Calibration) results 2008-11-24 15:51:02
Board ID126 36 channels
Host: ufcmshv3
Linux calibration software

Voltmeter channel: A=1.07, B=0

A:
1.04217,1.03718,1.0675,1.03355,1.05084,1.0601,1.03175,1.04242,1.03363,1.04259,1.06348,1.04991
1.04485,1.0425,1.04856,1.05118,1.05786,1.03446,1.06453,1.05562,1.03668,1.06811,1.03404,260
1.06785,1.04847,1.03726,1.04351,1.36226,1.04704,1.06079,1.00799,1.04376,1.03553,1.04158,1.0425


B:
11.1913,13.6428,15.126,16.4733,15.3583,11.9872,12.6191,12.8296,11.6404,13.714,13.0889,13.5031
14.2903,11.0824,14.9863,12.7276,10.0579,13.9572,3.39006,9.40344,11.6269,13.2774,13.3156,1000
12.666,12.1299,11.0748,14.5129,930.525,16.8333,13.8882,31.325,16.5716,10.2437,12.371,14.627


========================================================
Test10 (ADC Calibration) results 2008-11-24 17:18:05
Board ID126 36 channels
Host: ufcmshv3
Linux calibration software

Voltmeter channel: A=1.03992, B=13.1188

A:
1.04183,1.03734,1.06767,1.03347,1.05067,1.06001,1.03158,1.0425,1.03347,1.04292,1.06339,1.05
1.04476,1.04233,1.0483,1.05152,1.05768,1.03462,1.06045,1.05545,1.03677,1.06802,1.03413,250
1.06802,1.04822,1.03693,1.04367,1.06785,1.04603,1.0607,1.00853,1.04359,1.03553,1.04192,1.04225


B:
11.2997,13.2781,14.5367,16.3446,15.9382,12.0678,12.9819,12.3336,12.0041,12.9803,13.1698,13.2136
14.3698,11.4493,15.8536,11.777,10.4306,13.8005,13.786,9.56378,11.3406,13.3585,13.2369,1000
12.504,12.998,11.8052,14.3548,19.5006,12.7614,13.9691,28.7821,16.7299,10.2437,11.4288,15.0726


========================================================
Test10 (ADC Calibration) results 2008-11-25 09:18:58
Board ID126 36 channels
Host: ufcmshv3
Linux calibration software

Voltmeter channel: A=1.03992, B=12.9108

A:
1.04225,1.03776,1.0675,1.03371,1.05093,1.06036,1.03191,1.0425,1.0338,1.04309,1.06348,1.04991
1.04485,1.04259,1.0483,1.05161,1.05794,1.03462,1.06045,1.05554,1.03685,1.0682,1.03388,1.07208
1.06218,1.04822,1.03701,1.04367,1.06838,1.04628,1.06122,1.00877,1.04376,1.03561,1.04167,1.04233


B:
10.4868,12.054,14.6988,15.4901,14.6483,10.8972,11.8432,11.9164,10.8626,11.7791,12.6632,12.8735
13.6635,10.1689,15.2246,11.6972,9.13118,13.1796,13.786,9.06115,11.0542,12.3418,13.4724,16.2628
12.8112,12.5788,11.1043,14.1461,18.1623,11.8956,12.4245,27.7488,15.9452,9.95772,11.6668,14.3679


========================================================
Test10 (ADC Calibration) results 2008-11-26 10:27:41
Board ID126 36 channels
Host: ufcmshv3
Linux calibration software

Voltmeter channel: A=1.04, B=12.6242

A:
1.04225,1.03768,1.0675,1.03363,1.05093,1.06036,1.03207,1.04275,1.03355,1.04275,1.06339,1.05025
1.04502,1.04242,1.04839,1.05161,1.05794,1.03437,1.06053,1.05579,1.03685,1.06829,1.03413,1.0719
1.06244,1.04856,1.03718,1.04351,1.06802,1.04619,1.06114,1.00932,1.04401,1.03569,1.04242,1.0425


B:
10.4868,12.1327,14.4854,15.3612,15.0688,11.3215,11.4796,11.8874,11.5122,12.9302,12.9572,12.1346
13.7139,11.162,15.1454,11.487,9.76579,14.2427,13.2813,9.03147,11.0542,12.4742,13.0303,17.0681
12.3573,12.0503,11.1533,14.5129,18.4851,12.1842,12.5053,23.5869,15.4993,9.87867,10.328,14.627


========================================================
Test10 (ADC Calibration) results 2008-11-26 10:48:42
Board ID126 36 channels
Host: ufcmshv3
Linux calibration software

Voltmeter channel: A=1.04, B=12.6242

A:
1.04208,1.03776,1.06785,1.03355,1.05101,1.06027,1.03166,1.0425,1.03388,1.04275,1.06366,1.05008
1.04468,1.04259,1.04847,1.05127,1.05803,1.03478,1.0607,1.05562,1.03693,1.0682,1.03421,1.07208
1.0627,1.04847,1.03701,1.04393,1.06802,1.04603,1.06105,1.00947,1.04409,1.03553,1.04183,1.0425


B:
10.8536,11.6387,13.9474,15.6465,14.7788,11.1901,12.4912,12.3336,10.7842,12.7217,12.0765,12.7141
14.2397,10.5862,14.856,12.4375,9.47371,12.8153,12.6959,8.98104,10.7682,12.5556,12.9516,16.4772
11.9021,12.1299,11.1043,13.4906,18.4851,12.3433,12.7979,23.4356,15.4203,9.82958,11.2997,14.8355


========================================================
Test10 (ADC Calibration) results 2008-11-26 11:05:32
Board ID126 36 channels
Host: ufcmshv3
Linux calibration software

Voltmeter channel: A=1.03975, B=13.2767

A:
1.04225,1.03751,1.0675,1.03347,1.05067,1.06036,1.03191,1.04267,1.03347,1.04275,1.06357,1.05017
1.04485,1.0425,1.04856,1.05144,1.05777,1.03454,1.06062,1.05562,1.03685,1.06829,1.03413,1.07163
1.06227,1.04839,1.0371,1.04367,1.06759,1.04603,1.06088,1.00916,1.04401,1.03511,1.04183,1.0425


B:
10.6952,12.2907,14.6988,15.9313,15.3077,11.3215,11.8432,11.5497,11.3837,12.7217,12.1574,12.6345
13.6635,10.8739,14.7767,11.6467,9.71545,13.2579,13.2002,9.40344,10.847,12.0471,13.2369,17.74
12.731,12.4195,11.2326,14.1461,19.1017,12.1341,12.9588,24.142,15.4993,11.0518,11.2997,14.4186


========================================================
Test10 (ADC Calibration) results 2008-11-27 16:31:50
Board ID126 36 channels
Host: ufcmshv3
Linux calibration software

Voltmeter channel: A=1.03942, B=13.5923

A:
1.04208,1.03751,1.06759,1.03347,1.05093,1.06027,1.03175,1.04242,1.03355,1.04259,1.06366,1.04966
1.04485,1.04233,1.04805,1.05127,1.05768,1.03437,1.06019,1.05554,1.03643,1.0682,1.03396,1.0719
1.062,1.04822,1.03701,1.04334,1.06776,1.04586,1.0607,1.0094,1.04393,1.03553,1.04167,1.04233


B:
10.6452,12.0833,14.1907,15.5176,15.0688,11.1901,12.6191,12.2044,10.892,13.0882,12.0765,13.3225
13.2454,10.8241,15.253,12.0167,9.7957,13.415,13.815,9.06115,11.4484,12.5556,13.187,17.0681
13.3974,12.5788,11.3117,14.6711,18.727,12.5019,13.3324,22.9055,15.5784,9.82958,11.4585,14.5763


========================================================
Test10 (ADC Calibration) results 2008-11-27 17:01:09
Board ID126 36 channels
Host: ufcmshv3
Linux calibration software

Voltmeter channel: A=1.03983, B=12.7818

A:
1.04208,1.03759,1.06741,1.03355,1.05084,1.06019,1.03158,1.04225,1.03363,1.04275,1.06366,1.04974
1.04476,1.04233,1.04847,1.05127,1.05786,1.0347,1.06045,1.05545,1.03685,1.0682,1.03413,1.07163
1.06235,1.0483,1.03726,1.04376,1.06794,1.04628,1.06114,1.00932,1.04384,1.03544,1.04175,1.04225


B:
10.6452,12.0042,14.7797,15.2327,15.3583,11.2703,12.3628,12.3629,11.02,12.7217,11.8639,13.4527
13.5339,10.6158,14.6461,12.0167,9.42291,12.894,13.574,9.56378,10.847,12.5556,12.8235,17.3111
12.4375,12.0797,10.8674,13.8577,18.5655,11.6861,12.5053,23.1831,15.8662,9.90854,11.5876,14.6558


