========================================================

Test11 results 11-09-2005  12:31:38
Board ID126  36 channels
HV Tests Software Ver.1.6

+5V 2488 - O'k
-5V 1339 - O'k
Interlock - On
Calibration DAC Range: [2500 - 2900]


A:
Limits 0.76 +/- 0.04
0.740741,0.746269,0.744879,0.744879,0.750469,0.746269,0.75188,0.744879,0.744879,0.744879,0.746269,0.750469
0.746269,0.750469,0.744879,0.743494,0.742115,0.75188,0.744879,0.746269,0.744879,0.743494,0.744879,0.746269
0.743494,0.746269,0.749064,0.736648,0.743494,0.743494,0.747664,0.746269,0.743494,0.744879,0.746269,0.742115


B:
Limits 60.0 +/- 40.0
67.285973,62.899471,62.975769,54.386021,59.024372,65.379684,65.776833,63.699371,64.911797,65.221863,65.218445,57.508408
59.933163,58.394825,60.499084,60.692894,69.961403,53.856346,66.099678,61.535381,60.649658,62.802849,59.698921,53.822178
63.676674,56.728546,62.370522,62.865585,60.620285,67.373993,62.876728,57.68288,66.575317,67.463043,63.052151,62.760201
========================================================
Test11 (ADC Calibration) results 2008-06-17 04:20:31
Board ID126 36 channels
Linux calibration software

Calibration DAC Range: [1000 - 3500]

A:
0.7388,0.744,0.7424,0.7408,0.7476,0.7436,0.7512,0.7424,0.7448,0.7428,0.7448,0.746
0.7436,0.7468,0.7752,0.7404,0.7404,0.7444,0.7428,0.7428,0.7408,0.7408,0.7424,0.7404
0.7412,0.7444,0.7456,0.7336,0.736,0.7428,0.7452,0.7408,0.7696,0.7436,0.7412,0.7388


B:
67.2,66.9999,66.6,62.1999,63.3999,69.4,63.7999,66.6,60.2001,67.2,66.2001,64
63.4,66.2,30.8,66.5999,71.5999,64.5999,69.2,68.2,70.1999,66.1999,64.6,64.5999
66.8001,58.5999,69.4001,64.3999,68,65.2,65.8001,68.1999,51.4001,67.4,66.8001,66.2


========================================================
Test11 (ADC Calibration) results 2008-06-17 07:43:31
Board ID126 36 channels
Linux calibration software

Calibration DAC Range: [1000 - 3500]

A:
0.7304,0.736,0.7336,0.7324,0.74,0.7344,0.7424,0.7344,0.7364,0.7344,0.7356,0.7372
0.7348,0.7388,0.7752,0.732,0.7316,0.736,0.734,0.734,0.7328,0.7324,0.7336,0.7324
0.7328,0.736,0.7372,0.7252,0.7288,0.7344,0.7368,0.732,0.762,0.7348,0.7324,0.7304


B:
68.5999,66,67.3999,62.6,63,71.6001,64.6,66.6001,60.6,67.6001,68.4,65.7999
65.2001,66.2,23.8,67,73.4,66,69.9999,69.9999,70.2,67.6,66.3999,64.6
68.2,59,69.7999,64.8,66.2,65.6001,67.2,70,49.9999,68.2001,68.6,66.5999


========================================================
Test11 (ADC Calibration) results 2008-07-28 12:43:15
Board ID126 36 channels
Linux calibration software

Calibration DAC Range: [1000 - 3500]

A:
0.73,0.7352,0.7336,0.7324,0.7392,0.7344,0.7424,0.7336,0.7364,0.7348,0.736,0.7372
0.7344,0.738,0.7568,0.732,0.7316,0.7356,0.7344,0.734,0.732,0.7324,0.7336,0.732
0.7324,0.7356,0.7368,0.7252,0.7272,0.734,0.7364,0.7328,0.7636,0.7352,0.7324,0.73


B:
68.9999,67.8,67.3999,62.6,63.8,71.6001,64.6,68.3999,60.6,67.2001,67,65.7999
65.6001,68.0001,42.2,67,73.4,66.4,69.6001,69.9999,72,67.6,65.3999,65
68.6,59.4,70.2,64.8,69.8001,66.9999,66.6,68.2,43.4,67.8,68.6,66.9999


========================================================
Test11 (ADC Calibration) results 2008-11-25 09:33:14
Board ID126 36 channels
Host: ufcmshv3
Linux calibration software

Calibration DAC Range: [1000 - 3500]

A:
0.7668,0.7704,0.7484,0.7736,0.7608,0.7536,0.7748,0.7668,0.7744,0.7664,0.7516,0.7612
0.7652,0.7668,0.7624,0.7604,0.7556,0.7736,0.7532,0.7576,0.7708,0.7488,0.7736,0.7464
0.7528,0.7636,0.7708,0.7664,0.748,0.7644,0.7536,0.7928,0.7656,0.7724,0.7716,0.7672


B:
70.2001,67.6,67.6001,62.4001,66.2,71.4,67.2,66.2001,59.6,67.6001,68.3999,68.8
65.7999,69.2001,67.6001,67.6,72.4001,65.4001,69.8,70.4,71.2,67.2001,65.4001,60.6
68.2,60.4,70.2,63.6001,65.9999,66.6,66.4,57.2,65.3999,67.5999,67.4,66.8


========================================================
Test11 (ADC Calibration) results 2008-11-26 11:17:25
Board ID126 36 channels
Host: ufcmshv3
Linux calibration software

Calibration DAC Range: [1000 - 3500]

A:
0.7668,0.7704,0.7484,0.7736,0.7608,0.7536,0.7748,0.7668,0.7744,0.7668,0.7516,0.7616
0.7652,0.7668,0.762,0.7608,0.7556,0.7732,0.7536,0.758,0.7712,0.7488,0.7732,0.7464
0.7528,0.7636,0.7708,0.7664,0.7484,0.764,0.7536,0.7932,0.7656,0.772,0.7716,0.7672


B:
70.2001,67.6,67.6001,62.4001,66.2,71.4,67.2,66.2001,59.6,67.2001,68.3999,68.3999
65.7999,69.2001,68.9999,66.2,72.4001,65.8001,68.4,69.9999,69.8,67.2001,66.8001,60.6
68.2,60.4,70.2,63.6001,64.6001,67,66.4,55.7999,65.3999,67.9999,67.4,66.8


========================================================
Test11 (ADC Calibration) results 2008-11-26 11:28:28
Board ID126 36 channels
Host: ufcmshv3
Linux calibration software

Calibration DAC Range: [1000 - 3500]

A:
0.7664,0.7704,0.7488,0.7744,0.7608,0.7536,0.7752,0.7664,0.7744,0.7672,0.7516,0.7612
0.7656,0.7672,0.762,0.7604,0.7556,0.7732,0.7536,0.7572,0.7708,0.7488,0.7732,0.7464
0.7528,0.7632,0.7712,0.7664,0.7488,0.7648,0.7536,0.7928,0.7652,0.7728,0.7716,0.7668


B:
70.6001,67.6,67.2001,60.6,66.2,71.4,66.8,67.6001,59.6,65.8,68.3999,68.8
65.3999,67.8,67.9999,67.6,72.4001,65.8001,68.4,70.8,71.2,67.2001,65.8001,59.6
67.2,60.8001,68.8,63.6001,64.2001,66.2,66.4,59.2,66.7999,66.1999,68.4,67.2001


========================================================
Test11 (ADC Calibration) results 2008-11-27 17:12:11
Board ID126 36 channels
Host: ufcmshv3
Linux calibration software

Calibration DAC Range: [1000 - 3500]

A:
0.7668,0.7704,0.7492,0.774,0.7608,0.7532,0.7752,0.7672,0.7748,0.7668,0.7516,0.7616
0.7656,0.7668,0.7624,0.7608,0.7556,0.7728,0.7536,0.7572,0.7712,0.7484,0.7736,0.746
0.7524,0.7636,0.7708,0.7664,0.7488,0.7644,0.7536,0.7924,0.7656,0.772,0.7716,0.7668


B:
70.2001,67.6,65.8,62,66.2,71.8,65.8,65.8,58.2,66.2001,68.3999,67.3999
65.3999,69.2001,67.6001,66.2,72.4001,67.1999,68.4,70.8,69.8,67.6001,65.4001,61
68.6001,60.4,69.2,63.6001,64.2001,66.6,66.4,59.6,65.3999,67.9999,67.4,67.2001


