========================================================

Test10 results 04-04-2005  12:37:33
Board ID034  36 channels
HV Tests Software Ver.1.6

+5V 2517 - O'k
-5V 1288 - O'k
Interlock - On

Voltmeter channel: A=1.069519, B=9.625785

A:
Limits 1.1 +/- 0.1
1.073537,1.074691,1.072386,1.067806,1.06383,1.084011,1.074691,1.070091,1.075847,1.074691,1.073537,1.074114
1.074114,1.070091,1.068947,1.074691,1.071811,1.077586,1.06553,1.075847,1.068947,1.066098,1.067236,1.068376
1.073537,1.072386,1.069519,1.073537,1.067806,1.066667,1.067806,1.072386,1.073537,1.074691,1.085187,1.068376


B:
Limits 0.0 +/- 30.0
2.14691,11.821486,10.723982,11.745905,7.446837,10.840111,2.149267,6.420354,11.834177,12.896177,17.176434,15.037632
10.741177,6.420354,18.172138,5.373341,12.861896,11.85357,11.720979,8.606635,12.827404,13.859226,13.874185,2.136767
4.293984,9.651596,10.695304,8.588134,10.6781,6.399792,7.474683,10.723982,4.293984,-1.074806,8.68149,3.205143
========================================================

Test10 results 04-04-2005  16:20:38
Board ID034  36 channels
HV Tests Software Ver.1.6

+5V 2517 - O'k
-5V 1291 - O'k
Interlock - On

Voltmeter channel: A=1.068947, B=10.689509

A:
Limits 1.1 +/- 0.1
1.072386,1.073537,1.072961,1.068376,1.06383,1.084011,1.074691,1.069519,1.075269,1.074691,1.073537,1.074114
1.074114,1.069519,1.068376,1.075269,1.070664,1.077586,1.064963,1.075269,1.068376,1.066098,1.067236,1.075269
1.072961,1.072961,1.069519,1.073537,1.067236,1.066667,1.067806,1.071811,1.072961,1.073537,1.085187,1.067806


B:
Limits 0.0 +/- 30.0
5.362052,13.95582,8.583851,9.6154,7.446837,9.7561,1.074576,8.556267,12.903049,13.970869,16.102896,15.037632
9.667063,7.486748,19.230785,3.22563,16.059963,11.85357,12.779484,9.677243,13.888905,13.859226,13.874185,6.451437
5.364967,7.51089,10.695304,7.514596,11.739713,5.333125,7.474683,11.790084,5.364967,1.073372,8.68149,4.271266
========================================================
Test10 (ADC Calibration) results 2007-07-17 15:54:28
Board ID34 36 channels
Linux calibration software

Voltmeter channel: A=1.06846, B=10.937

A:
1.07204,1.07365,1.07375,1.06774,1.06333,1.08387,1.07327,1.06864,1.07575,1.07278,1.07469,1.07411
1.07425,1.06998,1.06917,1.07362,1.07172,1.07753,1.06563,1.06583,1.07415,1.0665,1.07315,1.06175
1.07298,1.07295,1.07449,1.07331,1.0684,1.0662,1.06723,1.07164,1.07261,1.07385,1.08514,1.06713


B:
0.85551,9.09981,2.77188,8.03098,5.66872,5.98489,1.3967,5.07573,7.03829,7.85756,9.02481,10.5822
7.18483,1.43191,12.9427,3.39707,9.13299,6.92551,7.38575,8.06454,11.9869,9.94784,4.59202,13.5542
1.50926,3.2479,6.50864,3.3833,5.72363,2.93483,4.87458,8.22512,1.49613,-3.40797,5.4483,1.26956


