========================================================

Test11 results 04-04-2005  12:38:53
Board ID034  36 channels
HV Tests Software Ver.1.6

+5V 2515 - O'k
-5V 1288 - O'k
Interlock - On
Calibration DAC Range: [2500 - 2900]


A:
Limits 0.76 +/- 0.04
0.746269,0.746269,0.749064,0.753296,0.753296,0.740741,0.747664,0.747664,0.746269,0.744879,0.749064,0.743494
0.746269,0.750469,0.749064,0.749064,0.750469,0.744879,0.753296,0.743494,0.750469,0.753296,0.75188,0.750469
0.747664,0.747664,0.753296,0.746269,0.75188,0.754717,0.75188,0.749064,0.747664,0.744879,0.743494,0.75188


B:
Limits 60.0 +/- 30.0
73.552567,68.91098,64.574921,55.735821,70.332947,66.315376,73.173164,73.359718,61.850941,71.700272,55.810913,77.755692
68.91098,66.055435,68.603333,56.697681,56.498135,60.149014,65.810417,78.08242,65.786102,56.359093,63.490723,73.714401
68.18412,69.702629,51.172829,72.751457,67.505096,55.917004,66.702187,60.302002,72.282578,83.701447,63.257912,68.307823
========================================================

Test11 results 04-04-2005  16:21:55
Board ID034  36 channels
HV Tests Software Ver.1.6

+5V 2517 - O'k
-5V 1291 - O'k
Interlock - On
Calibration DAC Range: [2500 - 2900]


A:
Limits 0.76 +/- 0.04
0.746269,0.747664,0.747664,0.75188,0.753296,0.740741,0.747664,0.750469,0.744879,0.746269,0.744879,0.747664
0.747664,0.75188,0.750469,0.746269,0.749064,0.744879,0.753296,0.744879,0.75188,0.753296,0.75188,0.746269
0.747664,0.747664,0.75188,0.744879,0.750469,0.753296,0.749064,0.747664,0.747664,0.746269,0.744879,0.753296


B:
Limits 60.0 +/- 30.0
75.06897,63.536411,69.702629,60.279266,71.232452,65.512428,72.370193,63.556316,67.13607,66.505104,71.700272,62.733257
64.339386,60.638317,64.092972,66.505104,60.936401,61.602219,67.415764,72.745575,61.262436,55.555588,63.399494,67.553085
68.18412,69.616653,56.52776,77.216667,72.110855,61.983795,76.421684,66.495483,72.195145,79.87326,58.634159,63.779495
========================================================
Test11 (DAC Calibration) results 2007-07-17 15:54:28
Board ID34 36 channels
Linux calibration software
Calibration DAC Range: [1100 - 2700]

A:
0.747733,0.746617,0.746547,0.750751,0.753864,0.739577,0.74613,0.750117,0.745157,0.747594,0.746269,0.745921
0.746199,0.749555,0.750117,0.747384,0.748713,0.744671,0.752233,0.752092,0.746269,0.752375,0.746965,0.755358
0.747454,0.747105,0.746408,0.746478,0.749906,0.752587,0.751103,0.748013,0.746965,0.746478,0.742804,0.751174


B:
74.1098,71.1619,75.8865,67.117,71.2777,72.728,80.3393,69.339,68.7033,69.9654,69.1046,71.3754
70.9915,72.3602,69.339,66.3678,65.2785,65.3543,73.2016,71.8906,68.209,61.4221,72.9224,63.1953
71.5034,73.9261,66.9715,74.3398,75.778,66.698,71.8898,66.994,78.1512,82.103,68.245,75.399


