========================================================

Test11 results 10-05-2005  15:52:35
Board ID079  36 channels
HV Tests Software Ver.1.6

+5V 3075 - O'k
-5V 1367 - O'k
Interlock - On
Calibration DAC Range: [2500 - 2900]


A:
Limits 0.76 +/- 0.04
0.749064,0.750469,0.750469,0.742115,0.747664,0.746269,0.736648,0.750469,0.742115,0.746269,0.747664,0.743494
0.743494,0.740741,0.75188,0.75188,0.744879,0.747664,0.747664,0.747664,0.739372,0.749064,0.743494,0.749064
0.746269,0.746269,0.742115,0.746269,0.75188,0.750469,0.740741,0.749064,0.744879,0.749064,0.750469,0.744879


B:
Limits 60.0 +/- 40.0
58.696342,69.339653,67.73941,68.508873,74.424812,68.663193,64.704865,63.467823,77.083961,51.486992,57.111725,70.957512
67.105713,63.632,56.717014,54.745899,55.55135,60.73048,62.650932,67.29718,64.538307,60.302002,50.742664,63.086487
60.245079,63.29702,67.634315,73.382576,67.039024,68.011124,65.512428,54.925056,57.159313,60.302002,62.213497,56.355331
========================================================
Test11 (DAC Calibration) results 2007-10-10 15:02:05
Board ID79 36 channels
Linux calibration software
Calibration DAC Range: [1100 - 2700]

A:
0.747314,0.7528,0.75068,0.743771,0.748363,0.747664,0.737803,0.744463,0.741221,0.740741,0.744948,0.745157
0.744117,0.741633,0.755572,0.752304,0.742459,0.745573,0.748013,0.747873,0.737735,0.749204,0.741771,0.751456
0.745712,0.745712,0.740056,0.751103,0.750892,0.749204,0.740056,0.746965,0.743494,0.748853,0.748713,0.742528


B:
66.4643,67.4601,66.6134,68.3896,77.7362,68.9719,65.3049,69.6631,77.4114,59.2593,64.6707,70.9388
67.4636,66.9046,54.2879,59.4133,65.0115,74.5387,69.238,71.076,72.1874,66.5482,62.2624,61.6381
67.6363,69.8734,73.543,70.2374,67.5239,70.5938,69.8428,66.9467,67.2861,65.8337,71.8672,66.9946


