========================================================

Test10 results 12-21-2006  17:06:53
Board ID093  36 channels
HV Tests Software Ver.1.6.8

+5V 3053 - O'k
-5V 1389 - O'k
Interlock - On
Number of Samples: 400

Voltmeter channel: A=1.082837, B=11.911382

A:
Limits 1.1 +/- 0.1
1.080497,1.078749,1.070091,1.076426,1.084011,1.072386,1.084599,1.082837,1.084599,1.084599,1.078167,1.082251
1.079331,1.080497,1.087548,1.079331,1.084599,1.080497,1.094691,1.084011,1.084011,1.048768,1.082837,1.086957
1.083424,1.089918,1.086957,1.084011,1.071811,1.081666,1.076426,1.084011,1.084599,1.078167,1.092299,1.079914


B:
Limits 0.0 +/- 30.0
16.207464,10.787296,13.910991,9.687826,18.428186,18.230684,15.184522,17.325567,13.015324,15.184522,11.859968,12.987051
15.11068,8.643984,13.050716,17.269341,15.184522,11.885475,18.609562,13.008133,7.588078,38.804451,15.159893,15.217467
8.667404,9.809265,10.869641,18.428186,11.790084,18.388359,8.6114,16.260164,13.015324,18.32897,17.476599,12.958929
Channels:
  22
Out of range 0.0 +/- 30.0
========================================================
Test10 (ADC Calibration) results 2008-04-03 15:27:07
Board ID93 36 channels
Linux calibration software

Voltmeter channel: A=1.0794, B=9.13873

A:
1.07927,1.07543,1.06822,1.07395,1.08095,1.07081,1.08247,1.08,1.082,1.08131,1.07594,1.07931
1.07685,1.07867,1.08504,1.0764,1.08285,1.07812,1.09282,1.0814,1.08154,1.05316,1.07996,1.08493
1.08075,1.08766,1.08498,1.08257,1.07037,1.07962,1.07409,1.08253,1.08226,1.07634,1.09043,1.0764


B:
8.72085,7.65694,7.89453,5.63063,14.5985,11.4198,9.81053,13.0002,8.10332,12.3828,5.742,10.1531
10.7907,2.56695,8.51543,14.5805,10.1083,7.33392,12.8597,8.23471,2.80245,27.127,12.1316,9.72815
4.85405,4.66643,6.04881,12.2136,5.91744,14.1662,4.72921,10.5008,8.54746,12.7356,11.5482,9.30411


========================================================
Test10 (ADC Calibration) results 2008-04-03 15:36:18
Board ID93 36 channels
Linux calibration software

Voltmeter channel: A=1.0794, B=9.13873

A:
1.07818,1.07513,1.06704,1.07348,1.08085,1.07081,1.08226,1.0801,1.08235,1.08152,1.07604,1.07931
1.07685,1.07867,1.08524,1.07685,1.0821,1.07812,1.09247,1.08055,1.08148,1.05346,1.07996,1.08524
1.08075,1.08811,1.08488,1.08192,1.07037,1.07972,1.07419,1.08273,1.08247,1.0758,1.08978,1.07695


B:
11.1781,8.64013,10.6626,6.75152,14.7261,11.4198,10.2652,13.0728,7.66627,12.128,5.41417,10.353
10.7907,2.56695,7.17449,13.1444,11.0573,7.33392,13.3015,10.9904,2.19728,25.9457,12.1316,9.34496
4.85405,3.00793,6.17728,13.0275,5.91744,14.2379,4.4006,9.84628,8.09294,13.4213,13.6604,9.01669


