========================================================

Test11 results 08-13-2005  12:37:58
Board ID332  30 channels
HV Tests Software Ver.1.6.1

+5V 2521 - O'k
-5V 1328 - O'k
Interlock - On
Calibration DAC Range: [2500 - 2900]


A:
Limits 0.76 +/- 0.04
0.754717,0.750469,0.749064,0.743494,0.749064,0.75188,0.749064,0.750469,0.75188,0.747664
0.75188,0.744879,0.754717,0.750469,0.75188,0.754717,0.747664,0.743494,0.756144,0.750469
0.757576,0.753296,0.75188,0.750469,0.75188,0.743494,0.750469,0.750469,0.747664,0.749064


B:
Limits 60.0 +/- 30.0
57.854099,62.732376,81.038414,70.028687,67.059853,67.919762,67.147995,59.401802,67.299316,74.865265
68.823082,70.915749,67.991188,75.558876,67.111351,64.339394,61.715076,67.678764,67.29467,63.454079
75.757599,69.189941,71.153801,68.148911,65.867332,62.160641,61.833134,61.568378,70.194374,72.719162
========================================================
Test11 (DAC Calibration) results 2007-11-05 16:27:19
Board ID332 30 channels
Linux calibration software
Calibration DAC Range: [1100 - 2700]

A:
0.752162,0.748433,0.749836,0.741771,0.748293,0.751033,0.748643,0.748713,0.750469,0.749064
0.750188,0.744879,0.752445,0.752233,0.75061,0.752233,0.745573,0.742391,0.755144,0.748293
0.758078,0.753721,0.751174,0.749134,0.750328,0.740947,0.747943,0.747733,0.747664,0.748013


B:
72.095,75.9941,77.8236,79.3231,74.9882,76.3424,72.4126,71.2682,77.8612,76.03
77.6444,76.5363,74.7178,76.8124,72.8656,78.4673,75.5825,76.9859,76.7793,77.3831
77.8074,72.6776,77.9529,78.0316,76.5522,76.0118,74.5699,72.4648,74.2056,79.7102


