========================================================

Test16 results 08-29-2005  17:06:18
Board ID039  8 channels
HV Tests Software Ver.1.6
Calibration DAC Range: [1000 - 2300]


A:
Limits 0.57 +/- 0.1
0.566696,0.570676,0.564726,0.566449,0.569177,0.565463,0.568182,0.567934


B:
Limits 50.0 +/- 60.0
33.217003,17.295885,44.337769,35.01807,23.292351,39.767204,27.272749,27.446623
========================================================
Test16 (ADC Calibration) results 2009-04-02 09:07:07
Board ID039 8 channels
Host: ufcmshv3
Linux calibration software

A:
0.5684,0.5732,0.56,0.5756,0.5764,0.574,0.5696,0.5612


B:
44.5999,40.8,45,47.3999,42.6001,45,45.4,31.7999


