========================================================

Test10 results 06-22-2005  16:28:25
Board ID346  30 channels
HV Tests Software Ver.1.6

+5V 2504 - O'k
-5V 1323 - O'k
Interlock - On

Voltmeter channel: A=1.081081, B=25.946123

A:
Limits 1.1 +/- 0.1
1.070664,1.076426,1.072386,1.075269,1.086366,1.076426,1.075847,1.081666,1.076426,1.081666
1.078167,1.078749,1.071811,1.088139,1.070664,1.061571,1.075269,1.077006,1.068947,1.072961
1.090513,1.075269,1.080497,1.082251,1.077586,1.078749,1.076426,1.074114,1.083424,1.083424


B:
Limits 0.0 +/- 30.0
9.635981,9.687826,15.013526,6.451437,13.03657,17.222809,15.061719,16.225027,12.917105,11.898364
15.094469,17.259789,18.220953,11.969481,10.706645,9.554155,6.451437,10.769841,14.965298,8.583851
13.086248,17.204124,14.04647,11.9048,7.543225,9.708548,8.6114,22.556429,11.917675,5.417133
========================================================
Test10 (ADC Calibration) results 2007-11-27 15:57:46
Board ID346 30 channels
Linux calibration software

Voltmeter channel: A=1.07589, B=-1471.04

A:
1.06941,1.07661,1.07197,1.07328,1.07102,1.07681,1.04201,1.08113,1.07661,1.08105
1.07685,1.07918,1.07558,1.08576,1.06927,1.06129,1.07393,1.07506,1.06848,1.07108
1.08937,1.07763,1.07961,1.08021,1.07554,1.07928,1.07458,1.07375,1.0816,1.07229


B:
7.96133,6.01199,13.4995,4.94832,10.9439,13.5385,18.1776,11.9865,11.012,7.53865
11.7046,12.345,15.3001,12.0021,7.55048,7.53184,4.36154,9.94436,11.596,7.42976
10.2728,8.60118,11.6861,8.58305,8.72655,6.82063,8.87801,18.7545,12.2775,3.6402


========================================================
Test10 (ADC Calibration) results 2008-06-17 15:59:19
Board ID346 30 channels
Linux calibration software

Voltmeter channel: A=1.07, B=0

A:
1.08584,1.09244,1.08908,1.08945,1.08773,1.09207,1.01618,1.09636,1.09235,1.09682
1.09362,1.09453,1.09216,1.10243,1.08521,1.07809,1.09044,1.09162,1.08441,1.08827
1.10578,1.09344,1.09572,1.09535,1.09198,1.09535,1.0918,1.09035,1.09847,1.08782


B:
7.50519,7.98307,12.577,6.14539,10.5505,15.5236,82.4674,14.4793,12.4359,8.79927
11.7125,14.3842,14.7856,12.0606,9.82035,5.5964,4.14038,9.60502,12.0807,5.91923
10.8101,9.90989,11.9916,8.38036,8.8357,7.72344,7.47353,18.8341,11.6888,6.11694


========================================================
Test10 (ADC Calibration) results 2008-06-19 10:11:15
Board ID346 30 channels
Linux calibration software

Voltmeter channel: A=1.07, B=0

A:
1.08584,1.09244,1.08926,1.0899,1.08755,1.09262,1.09035,1.097,1.09271,1.09691
1.09353,1.0949,1.09226,1.10271,1.08548,1.07817,1.09017,1.09189,1.08468,1.08809
1.10596,1.09344,1.09572,1.09535,1.09198,1.09563,1.09216,1.09044,1.09838,1.08809


B:
7.7227,7.54633,12.4117,5.51166,11.1514,14.8095,19.4881,13.898,11.6671,8.716
11.7951,13.3956,14.4849,11.3681,9.35577,5.2983,4.82636,9.13727,11.6166,6.30296
10.4206,10.1289,11.7725,8.59938,8.8357,7.03468,6.48528,18.3161,11.3323,5.43244


========================================================
Test10 (ADC Calibration) results 2008-07-16 21:23:30
Board ID346 30 channels
Linux calibration software

Voltmeter channel: A=1.07, B=0

A:
1.08701,1.09351,1.0903,1.09039,1.0887,1.09341,1.09077,1.09797,1.09351,1.09807
1.09436,1.09559,1.09313,1.10325,1.08608,1.07884,1.09124,1.09294,1.08561,1.08879
1.10683,1.09426,1.09635,1.0955,1.09284,1.09645,1.09247,1.09105,1.0995,1.08889


B:
6.42622,6.78547,11.4685,5.05816,9.88062,13.8701,18.4556,13.0156,11.1595,7.43896
11.2575,13.4201,14.3469,11.3246,9.24241,5.54028,4.2783,8.83536,11.192,6.09246
9.86353,9.37402,11.6334,8.6864,8.26594,6.72236,6.64574,18.4171,10.0901,5.13503


========================================================
Test10 (ADC Calibration) results 2008-07-17 10:47:19
Board ID346 30 channels
Linux calibration software

Voltmeter channel: A=1.07, B=0

A:
1.08783,1.09428,1.0914,1.09151,1.08967,1.09428,1.09243,1.09883,1.09428,1.09883
1.0951,1.09665,1.09397,1.10425,1.08712,1.07965,1.09222,1.09356,1.08671,1.08977
1.10762,1.09552,1.09758,1.09696,1.09407,1.09707,1.09366,1.09202,1.1007,1.08987


B:
5.45532,6.07824,10.2385,4.03234,9.21294,13.3003,17.3851,12.0216,10.893,7.18692
11.0177,12.2396,13.3619,10.6381,8.06756,4.35632,3.37224,8.26834,9.31085,4.97759
9.14909,8.0128,10.5156,6.6921,7.14151,6.59796,5.33088,17.5391,8.78416,3.79429


========================================================
Test10 (ADC Calibration) results 2008-07-19 11:34:37
Board ID346 30 channels
Linux calibration software

Voltmeter channel: A=1.07, B=0

A:
1.08636,1.09332,1.09011,1.0902,1.0887,1.09322,1.09058,1.09769,1.09341,1.09778
1.09436,1.09597,1.09294,1.10344,1.08664,1.07847,1.09077,1.09247,1.08542,1.0887
1.10644,1.09389,1.09616,1.09531,1.09266,1.09588,1.09237,1.09096,1.09903,1.0887


B:
7.24688,6.73988,11.6407,5.66774,9.44525,14.0421,18.8446,13.4945,11.2462,7.69968
11.2575,12.6368,14.0816,10.7087,7.85784,5.88284,4.71179,9.04911,11.1464,6.17915
9.99218,10.158,12.2447,7.98356,8.65743,7.46305,6.51374,18.5028,10.5243,5.09045


========================================================
Test10 (ADC Calibration) results 2008-07-19 14:46:21
Board ID346 30 channels
Linux calibration software

Voltmeter channel: A=1.07, B=0

A:
1.08664,1.09313,1.09011,1.0902,1.08861,1.09313,1.09096,1.09769,1.09275,1.09759
1.09426,1.09559,1.09294,1.10354,1.08608,1.07875,1.09096,1.09247,1.08542,1.08889
1.10654,1.09426,1.09645,1.09483,1.09275,1.09578,1.09228,1.09096,1.09883,1.08879


B:
6.55393,7.35061,11.4227,5.2315,9.74897,13.9094,18.7209,13.0556,12.0681,8.31236
11.5626,12.9821,14.0816,10.1805,8.80821,4.97848,4.53852,8.83067,10.7119,5.57036
9.90475,9.15522,11.3274,8.85507,8.13405,7.33058,6.819,18.0663,11.1377,4.56799


========================================================
Test10 (ADC Calibration) results 2008-07-20 08:08:59
Board ID346 30 channels
Linux calibration software

Voltmeter channel: A=1.07, B=0

A:
1.08692,1.09313,1.08983,1.0903,1.08851,1.09284,1.09049,1.09769,1.09294,1.09769
1.09464,1.09521,1.09303,1.10344,1.08608,1.07884,1.09105,1.09247,1.0857,1.0887
1.10644,1.09426,1.09616,1.09512,1.09247,1.09616,1.09247,1.09114,1.09922,1.08851


B:
6.29536,7.13204,12.3341,5.36256,9.83478,14.823,19.3658,13.275,11.6772,7.78654
10.5608,13.7651,13.9956,10.4881,8.80821,4.67702,4.23346,8.83067,10.0205,5.7439
10.2134,9.15522,11.8063,8.59527,9.04911,6.76385,6.64574,17.8955,10.7907,5.48074


========================================================
Test10 (ADC Calibration) results 2008-07-20 17:40:55
Board ID346 30 channels
Linux calibration software

Voltmeter channel: A=1.07, B=0

A:
1.08655,1.09332,1.08983,1.09039,1.0887,1.09294,1.09096,1.09797,1.09294,1.09778
1.09445,1.09559,1.09284,1.10335,1.08608,1.07857,1.09124,1.09266,1.08552,1.08879
1.10634,1.09398,1.09626,1.09521,1.09266,1.09607,1.09256,1.09124,1.09922,1.08889


B:
7.07457,6.73988,12.1163,5.05816,9.44525,14.3001,18.5028,12.5765,11.6772,7.69968
10.7336,13.2012,13.9487,11.0166,9.02537,5.36547,4.06011,8.22059,10.8431,5.43908
10.0796,10.0714,11.5006,8.50802,8.43907,6.85079,6.12205,17.5912,10.3508,4.91731


========================================================
Test10 (ADC Calibration) results 2008-07-24 12:08:22
Board ID346 30 channels
Linux calibration software

Voltmeter channel: A=1.07, B=0

A:
1.08636,1.09313,1.08964,1.0902,1.08842,1.09275,1.09086,1.09731,1.09322,1.09769
1.09426,1.09512,1.09303,1.10306,1.08608,1.0781,1.09058,1.09199,1.08496,1.08842
1.10644,1.0936,1.09626,1.09483,1.09218,1.09569,1.09199,1.09077,1.09903,1.08851


B:
6.81256,6.47644,11.4167,5.01351,9.26762,14.472,18.5883,13.1815,10.9811,7.34769
10.9063,13.4137,13.3397,11.0572,8.37349,5.36242,4.23102,8.82564,10.9234,5.56722
9.32821,9.97951,11.2814,9.29278,9.08948,6.75976,6.86,18.019,9.86515,4.60975


