========================================================

Test11 results 06-22-2005  16:30:05
Board ID346  30 channels
HV Tests Software Ver.1.6

+5V 2504 - O'k
-5V 1323 - O'k
Interlock - On
Calibration DAC Range: [2500 - 2900]


A:
Limits 0.76 +/- 0.04
0.769231,0.763359,0.767754,0.764818,0.757576,0.766284,0.764818,0.760456,0.764818,0.761905
0.763359,0.763359,0.766284,0.757576,0.767754,0.773694,0.766284,0.766284,0.769231,0.764818
0.753296,0.761905,0.759013,0.763359,0.764818,0.761905,0.766284,0.767754,0.757576,0.757576


B:
Limits 60.0 +/- 30.0
58.875401,66.076782,66.797256,69.226837,58.062771,54.15736,65.939011,59.701981,58.8932,64.295891
59.020741,59.135357,60.025902,59.193954,68.058731,68.188034,59.807205,54.981827,61.534279,74.729012
73.292976,68.779892,72.255203,66.438705,61.244419,65.368813,60.752712,48.695049,69.749527,74.66877
========================================================
Test11 (DAC Calibration) results 2007-11-27 15:57:46
Board ID346 30 channels
Linux calibration software
Calibration DAC Range: [1100 - 2700]

A:
0.769231,0.764088,0.76621,0.766063,0.767681,0.763942,0.788644,0.76089,0.764088,0.760167
0.764307,0.762268,0.764818,0.757648,0.768935,0.775119,0.76599,0.765184,0.769897,0.767239
0.754361,0.763359,0.76118,0.765477,0.764453,0.762195,0.764745,0.765331,0.760167,0.767165


B:
62.3076,64.661,72.8188,70.1046,60.5604,63.025,64.1956,62.6021,60.8405,73.6222
59.7783,65.6026,57.5525,62.629,68.0892,65.0615,65.9135,61.6452,62.7947,70.3654
74.0688,63.5114,67.9924,66.453,67.2241,65.7013,69.2764,60.0689,63.74,68.9298


========================================================
Test11 (ADC Calibration) results 2008-06-17 18:39:44
Board ID346 30 channels
Linux calibration software

Calibration DAC Range: [1000 - 3500]

A:
0.7576,0.7524,0.7544,0.7544,0.756,0.7528,0.8092,0.7496,0.7528,0.7492
0.7528,0.7512,0.7528,0.746,0.7572,0.7632,0.754,0.7532,0.758,0.7552
0.7428,0.752,0.7504,0.7548,0.7528,0.7512,0.7524,0.7536,0.7484,0.756


B:
62.4,64.6001,72.5999,69.5999,60.0001,62.2,10.8,61.4,60.2,72.8
59.2,63.7999,59.2,63,67.8,65.8,66,62.8,63.9999,70.7999
74.2,63.0001,66.6,66.1999,67.2,63.7999,71.6001,59.4,63.6001,67.0001


========================================================
Test11 (ADC Calibration) results 2008-06-19 10:25:19
Board ID346 30 channels
Linux calibration software

Calibration DAC Range: [1000 - 3500]

A:
0,0,0,0,0,0,0,0,0,0
0,0,0,0,0,0,0,0,0,0
0,0,0,0,0,0,0,0,0,0


B:
0,0,0,0,0,0,0,0,0,0
0,0,0,0,0,0,0,0,0,0
0,0,0,0,0,0,0,0,0,0


========================================================
Test11 (ADC Calibration) results 2008-06-19 11:14:53
Board ID346 30 channels
Linux calibration software

Calibration DAC Range: [1000 - 3500]

A:
0.758,0.7528,0.7544,0.7544,0.7564,0.7528,0.754,0.75,0.7528,0.7488
0.752,0.7508,0.7532,0.746,0.7572,0.7628,0.7548,0.7532,0.7584,0.7552
0.7428,0.752,0.7504,0.7548,0.7528,0.7508,0.7528,0.7536,0.7488,0.7556


B:
60.9999,64.2,72.5999,68.5999,58.6,62.2,63,60,60.2,73.2001
61.0001,65.2,57.8,63,66.8,66.2001,64.1999,62.8,62.5999,70.7999
74.2,63.0001,66.6,66.1999,67.2,65.2,70.2,60.4,64.2001,67.4001


========================================================
Test11 (ADC Calibration) results 2008-07-16 22:38:23
Board ID346 30 channels
Linux calibration software

Calibration DAC Range: [1000 - 3500]

A:
0.756,0.7516,0.7532,0.7532,0.7548,0.752,0.7524,0.7484,0.7516,0.748
0.752,0.75,0.7524,0.7452,0.7564,0.7624,0.7536,0.7524,0.7568,0.7548
0.742,0.7512,0.7492,0.754,0.7516,0.7504,0.752,0.7528,0.748,0.7548


B:
64.0001,65.3999,73.8,70.8,61.1999,63.0001,65.6001,62.6001,61.3999,73.9999
60.0001,66,57.6001,63.8001,67.6,65.6001,65.4,62.6001,64.2,70.1999
75.0001,63.7999,67.8,67,68.3999,64.6,71.0001,60.2,63.9999,68.1999


========================================================
Test11 (ADC Calibration) results 2008-07-17 11:22:28
Board ID346 30 channels
Linux calibration software

Calibration DAC Range: [1000 - 3500]

A:
0.7556,0.7512,0.7528,0.7528,0.7548,0.7516,0.752,0.7484,0.7516,0.7472
0.7512,0.7496,0.7524,0.7444,0.7564,0.7616,0.7532,0.7524,0.7568,0.7536
0.7416,0.7504,0.7492,0.7536,0.7512,0.75,0.7516,0.7524,0.7472,0.7536


B:
65.4001,65.7999,74.2,71.2,60.1999,63.3999,66.0001,62.6001,61.3999,74.8
60.7999,66.4,57.6001,64.5999,67.6,67.3999,65.8,62.6001,64.2,72.4
75.4001,64.6,67.8,67.4,68.7999,65,70.3999,60.6001,64.8,71.4


========================================================
Test11 (ADC Calibration) results 2008-07-20 18:58:34
Board ID346 30 channels
Linux calibration software

Calibration DAC Range: [1000 - 3500]

A:
0.7568,0.752,0.754,0.7536,0.7552,0.7524,0.7528,0.7488,0.752,0.748
0.752,0.7504,0.7524,0.7452,0.7568,0.7624,0.754,0.7524,0.7572,0.7544
0.7424,0.7516,0.7496,0.7544,0.752,0.7504,0.7524,0.7528,0.7476,0.7548


B:
63.2,65.0001,73,70.4,61.7999,62.6001,65.2,62.2001,62.0001,74.9999
60.0001,65.6,59.6001,63.8001,67.2,66.6001,65,63.6001,64.8,71.5999
74.6,62.3999,67.4,67.5999,68.0001,65.6,70.6001,61.2,65.3999,68.1999


========================================================
Test11 (ADC Calibration) results 2008-07-24 15:42:31
Board ID346 30 channels
Linux calibration software

Calibration DAC Range: [1000 - 3500]

A:
0.7572,0.7524,0.754,0.7536,0.7556,0.7528,0.7536,0.7496,0.7528,0.7484
0.7524,0.7512,0.7524,0.7456,0.7572,0.7628,0.7544,0.7536,0.758,0.7556
0.7424,0.752,0.7504,0.7552,0.7528,0.7504,0.7528,0.7532,0.7484,0.7552


B:
63.8,64.6001,74,71.4,61.4001,62.2,64.4,62.4,61.2,74.6001
60.6001,64.7999,60.6001,64.4001,67.8,67.2001,65.5999,62.4,63.9999,70.4001
75.6,64.0001,66.6,66.7999,67.2,66.6,71.2,61.8,65.6001,69.7999


========================================================
Test11 (ADC Calibration) results 2009-02-09 11:16:14
Board ID346 30 channels
Host: ufcmshv3
Linux calibration software

Calibration DAC Range: [1000 - 3500]

A:
0.7776,0.7832,0.7752,0.7728,0.7784,0.7808,0.784,0.7808,0.7764,0.77
0.7808,0.7756,0.7752,0.7776,0.7832,0.784,0.7816,0.78,0.7872,0.772
0.7816,0.778,0.7708,0.7772,0.7752,0.7644,0.7768,0.782,0.8272,0.7796


B:
63.4,64.7999,73.8,70.1999,60.6,64.2001,68.0001,61.2001,60.5999,73.0001
60.2001,65.3999,59.8,62.4,66.7999,67.0001,66.4,63.0001,64.8001,68.9999
74.4,63,66.2,69.8001,66.8,66.6,69.2001,60,57.8,66.3999


