========================================================
Test10 (ADC Calibration) results 2014-01-19 19:51:39
Board IDXXX 30 channels
Host: ufcmshv1
Linux calibration software

Voltmeter channel: A=1.09534, B=7.90604

A:
1.12054,1.07961,1.08556,1.08258,1.07639,1.07657,1.10016,1.0842,1.08756,1.11459
1.1251,1.08538,1.10408,1.09249,1.12822,1.07408,1.07711,1.10035,1.09728,1.09396
1.0902,1.08366,1.08628,1.04913,1.06103,1.09194,1.08393,1.10147,1.09249,1.10203


B:
5.54525,11.3146,7.18706,7.74098,7.57821,7.41413,7.9556,8.20819,7.75899,7.69296
8.26453,6.91808,8.40327,8.29683,8.00142,6.26575,7.35338,7.78801,6.37254,7.40361
7.9704,6.75153,6.74259,9.14066,7.48648,7.92103,6.07069,7.00313,7.64111,6.94073


========================================================
Test10 (ADC Calibration) results 2014-03-12 17:37:42
Board ID245 30 channels
Host: ufcmshv1
Linux calibration software

Voltmeter channel: A=1.11078, B=-0.257536

A:
1.09451,1.10841,1.09038,1.08465,1.10728,1.07818,1.07373,1.08756,1.09185,1.09286
1.10851,1.09451,1.08947,1.10851,1.08783,1.07648,1.11335,1.10333,1.07559,1.07542
1.09654,1.08312,1.06993,1.08619,1.09812,1.08529,1.11249,1.09029,1.10653,1.10203


B:
-3.16564,-1.23587,-1.57287,-1.53239,-0.216086,-0.9631,-0.708352,-1.15931,-1.1673,-0.778504
-0.212682,-0.757761,-2.04387,-0.655976,-0.757007,-1.97683,-2.33944,-0.634508,-1.15082,-1.41565
-1.51201,-1.20178,-1.24478,-0.77764,-0.0902495,-0.162307,-0.235421,-1.05303,-0.200969,-0.112508


========================================================
Test10 (ADC Calibration) results 2014-03-14 17:56:50
Board ID245 30 channels
Host: ufcmshv1
Linux calibration software

Voltmeter channel: A=1.11087, B=-0.120684

A:
1.09442,1.1086,1.09038,1.08483,1.10785,1.07818,1.07382,1.08737,1.09166,1.09286
1.10907,1.09414,1.08938,1.10841,1.08783,1.07595,1.11344,1.10352,1.07568,1.0755
1.09608,1.08294,1.06975,1.08601,1.09793,1.08529,1.11249,1.09047,1.10681,1.10184


B:
-2.42479,-1.18442,-1.13683,-1.69883,-0.947532,-0.531535,-0.576326,-0.774976,-0.781471,-0.997022
-0.944732,0.23462,-1.08827,-0.349471,-0.321982,-0.620171,-2.20269,-1.24572,-1.4484,-1.92875
-0.21443,-0.3855,-0.652872,0.040645,0.297603,-0.379181,-0.458136,-1.00228,-1.12007,0.497397


