========================================================
Test11 (ADC Calibration) results 2014-01-19 20:02:00
Board IDXXX 30 channels
Host: ufcmshv1
Linux calibration software

Calibration DAC Range: [1000 - 3500]

A:
0.7212,0.7496,0.7452,0.7468,0.7508,0.7516,0.7348,0.7456,0.744,0.7256
0.7188,0.7452,0.7328,0.7404,0.7164,0.7528,0.7504,0.7344,0.7364,0.7388
0.7412,0.746,0.744,0.7724,0.7616,0.74,0.746,0.7336,0.7396,0.7336


B:
65.8,61.4,63.8001,65.2,65.2,65.3999,66.2001,64.4001,64.9999,67.4
64.2,66.8001,66.2,63.5999,65.5999,66.2,65.6,64.6001,66.6,65.2
65.8001,65,65.9999,64.5999,66.3999,66,66,67.3999,66.4,65.3999


========================================================
Test11 (ADC Calibration) results 2014-03-14 18:10:36
Board ID245 30 channels
Host: ufcmshv1
Linux calibration software

Calibration DAC Range: [1000 - 3500]

A:
0.7408,0.7304,0.7432,0.7468,0.7312,0.752,0.7552,0.7448,0.7428,0.7416
0.7304,0.7408,0.7436,0.7308,0.7448,0.7528,0.7284,0.7344,0.7536,0.754
0.7396,0.7488,0.7576,0.7476,0.7384,0.7464,0.7276,0.7428,0.7324,0.7356


B:
78.1999,79.5999,80.8,78.2,78.8001,79.0001,78.7999,80.2001,79.2,79.4001
81.5999,78.1999,80.4,81.2001,81.2001,78.2,79.6,79.6001,77.4,79
79.4,79.2001,80.4,77.3999,77.6001,77.6,79.4001,81.2,79.6,79.4


