========================================================

Test10 results 07-17-2006  22:26:47
Board ID130  36 channels
HV Tests Software Ver.1.6.1

+5V 3066 - O'k
-5V 1367 - O'k
Interlock - On

Voltmeter channel: A=1.080497, B=6.48299

A:
Limits 1.1 +/- 0.1
1.086957,1.082837,1.084011,1.084011,1.081666,1.087548,1.088139,1.080497,1.077006,1.075847,1.092299,1.084011
1.075269,1.092299,1.080497,1.086957,1.086957,1.071237,1.092299,1.078167,1.086366,1.082251,1.086957,1.088732
1.081666,1.087548,1.071237,1.086366,1.085776,1.081081,1.101322,1.079331,1.085776,1.085776,1.086957,1.081081


B:
Limits 0.0 +/- 30.0
11.956598,12.994219,8.672089,8.672089,5.408369,13.050716,10.881342,5.402493,14.000859,6.454941,9.830503,14.092143
3.22563,15.292,7.563487,10.869641,8.695728,12.854673,13.107401,10.781801,1.086543,8.658047,8.695728,8.709784
4.326704,8.700525,5.356012,9.777472,-6.514654,-1.080902,8.810601,17.269341,15.200872,4.343109,4.347902,7.567746
========================================================
Test10 (ADC Calibration) results 2008-06-16 13:15:45
Board ID130 36 channels
Linux calibration software

Voltmeter channel: A=1.07, B=0

A:
1.08896,1.08351,1.08641,1.08523,1.08189,1.08942,1.09152,1.08225,1.07902,1.07794,1.09807,1.08541
1.07562,1.09547,1.08198,1.09033,1.08951,1.07314,1.09751,1.0783,1.08623,1.08243,1.08787,1.09161
1.08108,1.09088,1.07456,1.08614,1.08505,1.08144,1.10563,1.0865,1.0907,1.08424,1.08759,1.08234


B:
4.90857,8.15157,3.54356,2.67127,2.92974,4.27375,3.22429,-1.51517,8.38337,-0.547038,-1.87556,10.1029
-0.330958,8.59539,0.0334537,5.18355,2.665,4.55656,4.33942,4.51222,-3.67649,4.81273,4.38513,0.957263
-0.432166,0.318723,-1.05798,8.35483,2.62103,-5.09078,3.38509,4.98109,7.24902,1.41786,0.937037,0.782699


========================================================
Test10 (ADC Calibration) results 2008-06-17 07:08:50
Board ID130 36 channels
Linux calibration software

Voltmeter channel: A=1.07, B=0

A:
1.10152,1.09565,1.09886,1.09766,1.09465,1.1018,1.10421,1.09456,1.09165,1.09056,1.11083,1.09821
1.08768,1.1083,1.09456,1.10273,1.1018,1.08561,1.1083,1.09047,1.09849,1.09492,1.10033,1.10384
1.09346,1.10328,1.08687,1.09867,1.09757,1.09383,1.1181,1.09886,1.10337,1.09656,1.10005,1.09501


B:
3.64747,7.26052,2.34966,1.68675,1.17314,3.83509,2.07977,-1.80817,6.77486,-1.82378,-3.29856,8.43013
-0.8859,6.98683,-0.932471,3.87342,1.85179,3.42186,4.99184,4.14837,-4.34381,3.76778,2.98156,0.210692
-1.45421,-0.16372,-1.65539,7.35208,1.33223,-6.16642,2.36643,3.88795,5.70979,0.502716,-0.286499,-1.13447


========================================================
Test10 (ADC Calibration) results 2008-07-28 12:22:42
Board ID130 36 channels
Linux calibration software

Voltmeter channel: A=1.07, B=0

A:
1.1018,1.09638,1.09913,1.09785,1.09474,1.10208,1.10439,1.09492,1.09183,1.09011,1.11177,1.09812
1.08777,1.1084,1.09465,1.10319,1.10199,1.0857,1.11027,1.09074,1.09895,1.09492,1.10051,1.10393
1.09365,1.10319,1.08705,1.09886,1.09785,1.09383,1.1182,1.09904,1.10337,1.09675,1.10033,1.0951


B:
3.39421,6.59156,2.53641,1.95777,1.30778,3.80251,1.91058,-2.36389,7.04491,-0.314236,-4.37748,8.95284
-0.534277,6.90249,-1.45417,3.2306,2.1237,3.55601,3.65383,3.89881,-4.98723,3.98671,3.47289,1.0092
-1.40399,0.141889,-1.60539,7.18452,1.07944,-5.51029,2.95128,4.15977,6.37192,0.992528,-0.319422,-0.780418


========================================================
Test10 (ADC Calibration) results 2008-11-23 09:47:33
Board ID130 36 channels
Linux calibration software

Voltmeter channel: A=1.07, B=0

A:
0,0,0,0,0,0,0,0,0,0,0,0
0,0,0,0,0,0,0,0,0,0,0,0
0,0,0,0,0,0,0,0,0,0,0,0


B:
0,0,0,0,0,0,0,0,0,0,0,0
0,0,0,0,0,0,0,0,0,0,0,0
0,0,0,0,0,0,0,0,0,0,0,0


========================================================
Test10 (ADC Calibration) results 2008-11-23 10:05:09
Board ID130 36 channels
Linux calibration software

Voltmeter channel: A=1.07, B=0

A:
0,0,0,0,0,0,0,0,0,0,0,0
0,0,0,0,0,0,0,0,0,0,0,0
0,0,0,0,0,0,0,0,0,0,0,0


B:
0,0,0,0,0,0,0,0,0,0,0,0
0,0,0,0,0,0,0,0,0,0,0,0
0,0,0,0,0,0,0,0,0,0,0,0


========================================================
Test10 (ADC Calibration) results 2008-11-23 10:35:51
Board ID130 36 channels
Linux calibration software

Voltmeter channel: A=1.07, B=0

A:
1.09914,1.09353,1.09628,1.09524,1.09212,1.09952,1.10172,1.09221,1.08948,1.0878,1.10877,1.09571
1.08509,1.10635,1.09184,1.10067,1.09962,1.08333,1.10732,1.08798,1.09647,1.09259,1.09809,1.10182
1.09136,1.10067,1.08463,1.09647,1.09514,1.09108,1.11591,1.09666,1.10124,1.09391,1.09761,1.09287


B:
2.52816,6.13583,1.85879,0.847744,0.22827,2.17792,1.26089,-3.35438,5.27791,-2.0874,-5.19333,7.86133
-1.73934,4.99185,-2.13112,2.44668,0.331328,2.50667,2.34064,3.17857,-6.21054,2.41406,1.73352,-1.4713
-2.78585,-0.855326,-3.04121,5.41229,-0.160012,-6.45198,1.43712,2.82558,4.12274,0.537823,-1.34148,-2.4372


========================================================
Test10 (ADC Calibration) results 2008-11-24 15:10:30
Board ID130 36 channels
Host: ufcmshv3
Linux calibration software

Voltmeter channel: A=1.07, B=0

A:
1.08632,1.08054,1.08369,1.08216,1.07929,1.08659,1.08878,1.07947,1.0766,1.075,1.09584,1.08279
1.07252,1.09299,1.07875,1.0875,1.08696,1.07058,1.09391,1.07527,1.0836,1.07938,1.08505,1.08832
1.07857,1.08787,1.07172,1.08333,1.08234,1.07839,1.10291,1.08351,1.08841,1.08126,1.0846,1.07982


B:
4.06108,7.41441,3.00101,2.897,1.87635,4.02873,2.68018,-2.17521,6.5091,-1.042,-3.35468,9.02897
-0.660149,6.91092,-0.215816,4.28309,1.30436,3.93658,4.32534,4.30092,-4.28469,4.59979,3.70608,1.3562
-1.55972,0.468701,-1.20352,7.23331,1.43234,-5.27579,2.52797,4.46733,5.6262,1.56366,0.21665,-0.564943


========================================================
Test10 (ADC Calibration) results 2008-11-27 16:31:50
Board ID130 36 channels
Host: ufcmshv3
Linux calibration software

Voltmeter channel: A=1.05272, B=2.86652

A:
1.03933,1.04351,1.04092,1.06392,1.062,1.03677,1.03917,1.0668,1.03363,1.0456,1.04334,1.04527
541.667,1.0467,1.04712,1.0395,1.04167,1.03413,1.04611,1.04259,1.05152,1.04175,1.054,1.06829
1.04518,1.04527,1.06105,1.03561,1.03273,0,1.0682,1.05042,1.0366,1.04544,1.03668,0


B:
3.90168,7.83414,1.76164,3.11002,2.14048,4.29051,1.7743,-1.50995,7.50589,0.611284,-3.27449,9.0858
-841.667,6.89187,1.25638,4.3658,2.08347,3.30921,2.63922,3.91335,-4.41621,4.29534,3.7621,1.15064
-0.44995,0.096395,-0.359048,7.0578,1.35066,3600,3.36902,2.94129,5.69328,1.81742,1.05256,3600


========================================================
Test10 (ADC Calibration) results 2008-11-27 17:01:09
Board ID130 36 channels
Host: ufcmshv3
Linux calibration software

Voltmeter channel: A=1.05084, B=2.11797

A:
1.03917,1.04342,1.04042,1.06366,1.06183,1.03677,1.03884,1.0668,1.0333,1.0456,1.04342,1.04518
1.0366,1.04476,1.04729,1.0395,1.04142,1.03421,1.04577,1.04233,1.05127,1.04133,1.05391,1.06829
1.04518,1.04535,1.06096,1.03544,1.03257,1.04923,1.06584,1.04991,1.03652,1.04502,1.03668,1.05025


B:
4.06068,7.91374,2.65712,3.3546,2.51577,4.70553,2.50927,-1.08294,7.82133,0.193299,-3.14639,9.37452
1.13251,6.84756,0.46725,4.3658,2.53127,3.22992,3.16957,4.57005,-3.75236,5.11041,3.8426,0.723023
-0.658936,-0.193048,-0.913799,7.00925,1.71578,-3.90624,3.44327,4.26386,5.35772,2.00974,1.46739,-0.888662


========================================================
Test10 (ADC Calibration) results 2008-11-28 16:48:00
Board ID130 36 channels
Host: ufcmshv3
Linux calibration software

Voltmeter channel: A=1.05127, B=0.87353

A:
1.03933,1.04351,1.04042,1.06366,1.06183,1.03701,1.03867,1.06671,1.0333,1.04569,1.04317,1.04518
1.0371,1.04476,1.04737,1.03909,1.04158,1.03429,1.04619,1.04233,1.05144,1.04183,1.05383,1.06794
1.04527,1.04493,1.06105,1.0352,1.03265,1.0494,1.06619,1.05,1.03635,1.04527,1.03668,1.05008


B:
3.90168,7.62564,2.65712,3.14207,2.9404,3.84525,3.08392,-1.42784,7.82133,0.112634,-2.90504,8.95671
-0.175449,6.84756,0.38659,5.17968,1.74664,2.52982,2.35022,4.15296,-4.12486,3.79859,3.92353,1.26499
-0.739871,0.418169,-0.995782,7.66059,1.2235,-4.06858,2.26344,3.97399,5.7235,1.35067,1.05256,-0.517017


========================================================
Test10 (ADC Calibration) results 2008-11-28 17:10:12
Board ID130 36 channels
Host: ufcmshv3
Linux calibration software

Voltmeter channel: A=1.05101, B=1.7461

A:
1.03909,1.04367,1.0405,1.06418,1.06209,1.03701,1.03909,1.06662,1.03355,1.04569,1.04325,1.04535
1.0371,1.04502,1.0472,1.03942,1.04158,1.03446,1.04611,1.04242,1.05161,1.04158,1.05391,1.06838
1.04518,1.04535,1.06088,1.03553,1.03257,1.0494,1.0661,1.05008,1.0366,1.04518,1.03685,1.05025


B:
3.93283,7.25757,2.16096,2.227,2.05883,3.63749,1.64648,-1.13203,7.37804,0.321565,-3.19366,8.58822
0.239288,6.1898,0.547533,4.02986,1.74664,2.57815,2.22088,3.86509,-4.28717,4.2466,3.8426,0.854662
-0.44995,-0.193048,-1.04471,7.344,1.71578,-4.27825,2.77146,3.68331,4.86395,1.8494,1.30809,-1.09866


