========================================================

Test10 results 12-16-2006  21:47:50
Board ID427  30 channels
HV Tests Software Ver.1.6.8

+5V 2510 - O'k
-5V 1336 - O'k
Interlock - On
Number of Samples: 400

Voltmeter channel: A=1.081081, B=7.567746

A:
Limits 1.1 +/- 0.1
1.075847,1.085776,1.073537,1.087548,1.075269,1.078167,1.075269,1.078167,1.091107,1.071237
1.071811,1.076426,1.071237,1.066098,1.082251,1.074114,1.082837,1.070091,1.073537,1.081081
1.070091,1.072386,1.067806,1.079914,1.069519,1.089325,1.078167,1.072961,1.077006,1.083424


B:
Limits 0.0 +/- 30.0
8.606635,9.771991,18.249969,7.612978,10.752512,9.703633,7.526706,9.703633,9.819918,8.569725
7.502839,9.687826,9.640962,7.462638,9.740297,10.741177,7.580034,11.770809,11.808746,9.729908
12.8409,11.796368,7.474683,7.559361,8.556267,7.625365,-10.781541,-11.802414,8.615829,14.084522
========================================================
Test10 (ADC Calibration) results 2008-02-18 15:12:09
Board ID427 30 channels
Linux calibration software

Voltmeter channel: A=1.07286, B=-1512.78

A:
1.07392,1.08489,1.0774,1.08546,1.07291,1.0762,1.07241,1.07609,1.08928,1.06898
1.06844,1.07408,1.06888,1.06291,1.08117,1.07241,1.08056,1.06744,1.07146,1.07946
1.06888,1.0719,1.06636,1.07685,1.06694,1.08741,1.07553,1.0714,1.07549,1.08244


B:
3.999,2.75395,3.93008,1.84223,6.34956,5.3082,4.58833,4.58803,4.48207,4.52984
6.21202,5.06454,4.65728,5.23157,3.07871,5.31558,3.92562,8.55556,7.78283,3.17008
7.45733,6.02651,2.64993,6.09811,4.05944,3.56174,4.954,-7.17752,7.3267,7.27142


========================================================
Test10 (ADC Calibration) results 2008-05-19 11:41:29
Board ID427 30 channels
Linux calibration software

Voltmeter channel: A=1.07359, B=-1516.18

A:
1.07382,1.08455,1.06392,1.08546,1.07321,1.07589,1.07197,1.07609,1.08958,1.06939
1.06945,1.07499,1.06949,1.06321,1.08042,1.07146,1.08107,1.06744,1.07187,1.07901
1.06821,1.0719,1.06657,1.07794,1.06767,1.08751,1.07569,1.07022,1.07633,1.08264


B:
4.32649,2.79123,14.019,3.04257,6.1668,6.29176,5.74468,5.38808,4.49912,4.01876
4.93553,4.91598,3.89132,5.24831,4.22392,8.38293,3.28761,7.48812,7.47285,6.41088
9.57886,12.6266,2.59422,3.84571,3.32187,4.92157,4.87126,-3.80244,4.30266,7.01633


