========================================================

Test11 results 12-16-2006  21:51:24
Board ID427  30 channels
HV Tests Software Ver.1.6.8

+5V 2509 - O'k
-5V 1335 - O'k
Interlock - On
Calibration DAC Range: [2500 - 2900]
Number of Samples: 400

A:
Limits 0.76 +/- 0.04
0.749064,0.743494,0.750469,0.742115,0.750469,0.749064,0.750469,0.747664,0.738007,0.753296
0.753296,0.750469,0.753296,0.756144,0.746269,0.750469,0.746269,0.753296,0.750469,0.744879
0.754717,0.75188,0.756144,0.750469,0.754717,0.740741,0.747664,0.750469,0.749064,0.744879


B:
Limits 60.0 +/- 30.0
68.950249,64.065117,61.129017,65.588974,64.356804,62.038052,66.777687,68.148705,71.17308,65.962143
65.155144,62.112362,65.962143,68.894836,62.725475,66.596489,63.533146,66.576584,67.311775,69.540558
59.615231,65.123161,65.167648,68.316559,64.362793,67.756172,76.209816,80.104561,64.374306,61.712605
========================================================
Test11 (DAC Calibration) results 2008-02-18 15:12:09
Board ID427 30 channels
Linux calibration software
Calibration DAC Range: [1100 - 2700]

A:
0.750188,0.742597,0.747384,0.74184,0.750892,0.748223,0.751244,0.748293,0.739235,0.75365
0.75365,0.749695,0.753721,0.757576,0.745157,0.751244,0.745573,0.754361,0.751527,0.746338
0.753721,0.751597,0.755501,0.751174,0.754717,0.740878,0.749064,0.75195,0.748713,0.743909


B:
74.6437,76.404,76.8311,77.5964,73.6812,74.1863,75.0022,76.3352,76.4553,75.0354
74.2817,75.1662,74.9388,75,76.1549,73.6501,76.328,73.3145,73.1142,75.2776
72.8284,73.9197,76.4473,75.399,75.0943,75.8104,73.9325,76.5955,71.8672,73.554


