========================================================

Test10 results 02-01-2005  15:51:37
Board ID300  30 channels
HV Tests Software Ver.1.6

+5V 2505 - O'k
-5V 1328 - O'k
Interlock - On

Voltmeter channel: A=1.073537, B=8.588134

A:
Limits 1.1 +/- 0.1
1.068376,1.079331,1.067236,1.070091,1.080497,1.066098,1.078167,1.072386,1.072961,1.073537
1.086366,1.083424,1.070091,1.088139,1.074691,1.075847,1.068947,1.071237,1.078167,1.073537
1.070091,1.069519,1.072961,1.071811,1.068376,1.075269,1.071237,1.071811,1.064963,1.072386


B:
Limits 0.0 +/- 30.0
9.6154,9.714025,9.605241,7.490445,5.402493,13.859226,9.703633,17.158298,7.51089,9.661671
5.432007,10.834251,10.700718,8.705064,7.522722,8.606635,9.620563,9.640962,5.390965,5.367522
3.210081,4.278192,10.729774,18.220953,11.752151,8.601974,8.569725,9.646461,11.714521,9.651596
========================================================

Test10 results 03-17-2005  13:37:16
Board ID300  30 channels
HV Tests Software Ver.1.6

+5V 2510 - O'k
-5V 1329 - O'k
Interlock - On

Voltmeter channel: A=1.072961, B=9.656813

A:
Limits 1.1 +/- 0.1
1.071237,1.068947,1.066667,1.085776,1.071811,1.070664,1.072961,1.082251,1.084011,1.069519
1.075847,1.074114,1.071237,1.075847,1.071237,1.078749,1.072961,1.078167,1.074114,1.066098
1.075269,1.075847,1.079914,1.073537,1.071811,1.075269,1.077006,1.078749,1.075847,1.074691


B:
Limits 0.0 +/- 30.0
4.284775,8.551615,11.733126,9.771991,5.359216,13.918636,9.656813,8.658047,8.672089,8.556267
7.530788,9.667063,11.783437,5.379094,9.640962,9.708548,5.364967,8.625466,5.370607,6.39654
2.150361,3.227399,9.719189,11.808746,10.718273,3.22563,7.538823,7.55105,7.530788,8.597414
========================================================
Test10 (ADC Calibration) results 2007-09-04 15:21:03
Board ID300 30 channels
Linux calibration software

Voltmeter channel: A=1.0682, B=-1250.37

A:
1.07094,1.06832,1.06741,1.0853,1.07128,1.07121,1.07226,1.0814,1.08509,1.06852
1.07594,1.07424,1.07216,1.07529,1.07179,1.07828,1.07266,1.07802,1.07583,1.06539
1.07479,1.07545,1.08085,1.07364,1.07428,1.07587,1.07634,1.07873,1.07549,1.07529


B:
2.57095,6.77346,6.06197,6.75969,3.68285,9.93019,9.57592,7.46499,4.21236,8.51727
3.59013,8.08318,8.57641,4.75742,5.82692,8.89392,4.88149,5.22779,-0.38517,6.35137
2.09756,1.92741,5.72606,9.41181,8.88743,-1.50988,5.97224,6.37457,6.02645,6.28223


========================================================
Test10 (ADC Calibration) results 2008-06-17 15:59:19
Board ID300 30 channels
Linux calibration software

Voltmeter channel: A=1.07, B=0

A:
1.08775,1.08425,1.08389,1.10207,1.08228,1.08766,1.08901,1.0982,1.10078,1.08541
1.09281,1.09145,1.08946,1.092,1.08865,1.09582,1.08937,1.09491,1.09191,1.08264
1.09291,1.09163,1.0971,1.09028,1.09272,1.09191,1.09363,1.09537,1.09245,1.09281


B:
1.26448,6.90233,5.93329,7.3519,7.42498,9.832,8.15006,7.36385,5.88774,7.55961
3.98783,6.5539,8.17003,4.96064,5.43464,7.13143,5.20274,4.68374,1.54985,3.41247
1.06286,2.23845,7.05363,8.94649,9.97257,0.457944,4.98279,5.79779,5.416,4.86214


========================================================
Test10 (ADC Calibration) results 2008-07-16 21:23:30
Board ID300 30 channels
Linux calibration software

Voltmeter channel: A=1.07, B=0

A:
1.08797,1.08442,1.08433,1.10268,1.08154,1.08806,1.08975,1.09818,1.10153,1.08554
1.09324,1.09182,1.0797,1.09276,1.08909,1.09665,1.09013,1.0958,1.09229,1.08358
1.0938,1.09258,1.09751,1.09069,1.08666,1.09229,1.09437,1.09608,1.09371,1.0939


B:
1.06115,6.95936,5.31046,6.57777,6.16427,9.46086,6.81514,8.04793,4.54503,7.6608
3.5983,6.65216,16.9521,3.59752,5.46126,6.37095,4.50638,2.99158,1.41166,2.31701
0.231157,0.712414,6.90207,8.56574,12.2751,-0.117827,3.86437,5.14025,3.59991,3.64399


========================================================
Test10 (ADC Calibration) results 2008-07-19 11:34:37
Board ID300 30 channels
Linux calibration software

Voltmeter channel: A=1.07, B=0

A:
1.08844,1.08451,1.08433,1.10258,1.08062,1.08844,1.08947,1.09875,1.10114,1.08572
1.09305,1.09201,1.072,1.09239,1.08956,1.09656,1.09003,1.09551,1.09229,1.08284
1.09399,1.0922,1.09751,1.09125,1.08182,1.0922,1.09418,1.09637,1.09324,1.09352


B:
-0.0272259,6.65642,4.87684,6.66569,6.59201,8.02748,7.72883,6.64546,5.77705,7.4883
3.99172,6.47855,23.8266,4.82007,4.15597,6.45822,4.37564,3.47311,0.974464,3.65885
-0.162724,1.28075,7.12151,7.39146,13.6951,-0.248605,4.25765,4.43987,4.25435,4.43027


========================================================
Test10 (ADC Calibration) results 2008-07-19 14:46:21
Board ID300 30 channels
Linux calibration software

Voltmeter channel: A=1.07, B=0

A:
1.08806,1.0847,1.08433,1.10239,1.07988,1.08815,1.08956,1.09827,1.10124,1.08554
1.09333,1.09201,1.06937,1.09239,1.08928,1.09665,1.09013,1.09561,1.0922,1.0833
1.09371,1.0921,1.0977,1.09078,1.08127,1.09229,1.09418,1.09637,1.09314,1.09352


B:
0.538811,6.05016,5.52766,7.06184,7.71135,8.93925,7.20679,7.74082,5.46943,7.44336
3.51151,6.47855,26.251,4.38334,5.28792,6.15168,4.07017,3.60454,1.06237,2.79334
0.53747,1.58627,6.28844,8.91578,14.8565,-0.117827,4.03898,4.65909,4.77905,4.43027


========================================================
Test10 (ADC Calibration) results 2008-07-20 08:08:59
Board ID300 30 channels
Linux calibration software

Voltmeter channel: A=1.07, B=0

A:
1.08834,1.08442,1.08414,1.10239,1.08016,1.08815,1.08947,1.09846,1.10133,1.08572
1.09352,1.09144,1.09013,1.09295,1.08937,1.09637,1.09003,1.09551,1.0922,1.0833
1.09352,1.09239,1.09732,1.09097,1.08247,1.0922,1.09437,1.09627,1.09314,1.09371


B:
0.277519,6.74253,5.91706,7.28226,7.45374,8.72167,7.51099,7.34664,4.94083,7.27082
3.1181,7.43605,7.55878,3.64166,4.32975,6.85182,4.59347,3.69216,1.28075,2.79334
0.493878,0.88776,7.2959,7.65136,14.6122,-0.0298322,3.86437,4.74664,4.56048,4.03729


========================================================
Test10 (ADC Calibration) results 2008-07-20 17:40:55
Board ID300 30 channels
Linux calibration software

Voltmeter channel: A=1.07, B=0

A:
1.08815,1.08442,1.08451,1.10239,1.08006,1.08825,1.08956,1.09818,1.10133,1.086
1.09333,1.09154,1.09078,1.09276,1.08956,1.09675,1.08994,1.0957,1.09258,1.08321
1.0939,1.09239,1.09741,1.09107,1.08219,1.09201,1.09437,1.09627,1.09314,1.0938


B:
0.451976,7.17658,4.9211,7.06184,7.53966,8.63519,7.42465,7.6085,5.16142,6.79463
3.0739,7.34938,5.86154,3.81602,4.37383,6.28372,4.46201,3.29863,0.712414,2.87958
0.14357,0.88776,6.98926,7.78303,14.8685,0.144846,3.64555,4.96584,4.56048,3.73128


========================================================
Test10 (ADC Calibration) results 2008-07-24 12:08:22
Board ID300 30 channels
Linux calibration software

Voltmeter channel: A=1.07, B=0

A:
1.08806,1.08461,1.08451,1.10249,1.08034,1.08731,1.08937,1.09837,1.10124,1.08582
1.09324,1.09182,1.09041,1.09267,1.08947,1.09618,1.08975,1.09561,1.09239,1.08284
1.0938,1.09239,1.0976,1.09097,1.08053,1.0921,1.09428,1.09608,1.09305,1.09361


B:
0.538811,6.13584,4.70425,6.53309,8.36221,9.28097,8.03378,7.43449,5.24924,6.9675
3.16112,6.21566,6.64445,4.12193,4.02487,6.58783,4.19997,3.1664,0.66895,3.22582
-0.64394,0.450526,5.93716,7.65136,14.6738,-0.379573,3.73272,4.92109,4.42884,3.90557


========================================================
Test10 (ADC Calibration) results 2009-01-10 17:29:15
Board ID300 30 channels
Host: ufcmshv3
Linux calibration software

Voltmeter channel: A=1.0446, B=7.00682

A:
1.04242,1.05614,1.04175,1.0534,1.04017,1.03792,1.06566,1.04569,1.04796,1.04847
1.04,1.04847,1.03693,1.05127,1.03958,1.04259,1.04067,1.06864,1.04687,1.05195
0.981947,1.03751,1.05221,1.04577,1.0494,1.04025,0,1.04661,1.04409,1.04359


B:
2.61383,5.54031,5.33709,8.32997,3.52063,7.95198,8.72219,8.05956,5.69106,8.14564
4.72013,7.93599,6.82786,5.28866,4.91011,6.41586,5.53928,4.45538,2.54466,4.64491
11.1792,2.74566,7.77021,8.81665,8.52425,0.944019,3600,6.55337,5.18817,4.83262


========================================================
Test10 (ADC Calibration) results 2009-01-10 18:10:29
Board ID300 30 channels
Host: ufcmshv3
Linux calibration software

Voltmeter channel: A=1.04434, B=7.03713

A:
1.04292,1.05622,1.04158,1.05306,1.04042,1.03776,1.06584,1.04544,1.0478,1.04856
1.04017,1.04889,1.03718,1.05135,1.0395,1.04267,1.04058,1.06873,1.04704,1.05263
0.982244,1.03751,1.05246,1.04577,1.04932,1.04025,1.06566,1.04067,1.04418,1.04393


B:
1.71667,5.2486,5.70471,8.65141,2.8654,8.52544,8.13284,8.50836,6.27042,7.64643
4.35281,6.69668,5.9674,4.99802,5.19745,6.33631,5.8275,4.15977,1.7558,3.36824
10.2907,2.33051,6.89764,8.81665,8.81392,0.73602,4.24606,6.16378,4.69085,3.88654


========================================================
Test10 (ADC Calibration) results 2009-01-11 12:30:10
Board ID300 30 channels
Host: ufcmshv3
Linux calibration software

Voltmeter channel: A=1.04451, B=6.66893

A:
1.04292,1.05622,1.04167,1.05366,1.04058,1.03809,1.06584,1.04552,1.04805,1.04856
1.04042,1.04864,1.03718,1.05135,1.03958,1.0425,1.04092,1.0689,1.04712,1.05255
0.982244,1.03759,1.05272,1.04586,1.04966,1.04033,1.06557,1.04108,1.04418,1.04376


B:
1.09081,5.2486,5.62504,7.45649,2.49769,7.37852,7.70661,7.80128,5.40158,7.64643
3.4895,7.14678,5.76002,4.78755,4.49412,6.287,4.25958,3.78215,1.46575,3.23855
10.0943,2.04321,6.23516,8.31851,7.65444,0.240104,4.32783,5.1413,4.69085,4.04651


