========================================================

Test11 results 02-01-2005  15:52:56
Board ID300  30 channels
HV Tests Software Ver.1.6

+5V 2506 - O'k
-5V 1328 - O'k
Interlock - On
Calibration DAC Range: [2500 - 2900]


A:
Limits 0.76 +/- 0.04
0.759013,0.75188,0.759013,0.759013,0.749064,0.757576,0.749064,0.756144,0.756144,0.754717
0.743494,0.747664,0.757576,0.743494,0.756144,0.75188,0.756144,0.756144,0.753296,0.754717
0.756144,0.756144,0.75188,0.761905,0.759013,0.750469,0.754717,0.756144,0.760456,0.757576


B:
Limits 70.0 +/- 30.0
58.565536,57.310112,63.324566,57.754639,69.485161,71.717262,71.548561,47.331448,65.069069,60.382477
75.36692,63.25275,59.496544,69.297714,55.826988,68.014114,71.028503,65.069069,57.283054,69.811279
70.428535,77.494675,75.610748,50.712929,59.376434,70.375946,66.472725,60.917297,63.287415,55.026733
========================================================

Test11 results 03-17-2005  13:41:32
Board ID300  30 channels
HV Tests Software Ver.1.6

+5V 2507 - O'k
-5V 1329 - O'k
Interlock - On
Calibration DAC Range: [2500 - 2900]


A:
Limits 0.76 +/- 0.04
0.756144,0.759013,0.756144,0.746269,0.757576,0.756144,0.754717,0.749064,0.746269,0.757576
0.754717,0.754717,0.753296,0.750469,0.754717,0.749064,0.754717,0.750469,0.754717,0.760456
0.749064,0.750469,0.749064,0.757576,0.756144,0.753296,0.750469,0.750469,0.753296,0.753296


B:
Limits 60.0 +/- 30.0
66.689903,59.27211,72.53968,61.586395,60.511944,63.448051,63.235329,59.226685,71.779266,63.241142
58.951351,61.907387,71.709877,76.461235,67.082619,69.485161,68.900681,68.224762,61.907387,65.019051
81.844353,82.109901,67.956863,65.698822,61.0168,65.016289,67.858322,65.794716,64.301796,65.826416
