========================================================

Test10 results 06-21-2005  11:55:03
Board ID364  30 channels
HV Tests Software Ver.1.6

+5V 2518 - O'k
-5V 1333 - O'k
Interlock - On

Voltmeter channel: A=1.074691, B=9.672105

A:
Limits 1.1 +/- 0.1
1.071811,1.067806,1.068947,1.074691,1.071811,1.087548,1.088139,1.074691,1.069519,1.077586
1.083424,1.071811,1.068947,1.077586,1.090513,1.067236,1.077006,1.071237,1.075847,1.079914
1.077586,1.086366,1.081081,1.086957,1.077586,1.075847,1.072961,1.067236,1.075269,1.075269


B:
Limits 0.0 +/- 30.0
12.861896,11.745905,14.965298,11.821486,16.07733,14.138264,4.352507,21.493706,18.181934,10.775984
4.33371,9.646461,9.620563,9.698398,7.633686,7.470769,8.615829,13.925911,13.985871,10.799102
2.155294,1.086543,11.89207,9.782684,5.388053,8.606635,3.219044,14.941421,16.128857,19.354664
========================================================
Test10 (ADC Calibration) results 2007-11-06 15:52:16
Board ID364 30 channels
Linux calibration software

Voltmeter channel: A=1.06838, B=-1314.7

A:
1.07068,1.06794,1.0688,1.0772,1.0737,1.08791,1.07658,1.07617,1.07205,1.07749
1.08358,1.07168,1.06845,1.07726,1.0913,1.06979,1.07669,1.07308,1.07895,1.08142
1.07617,1.08651,1.08056,1.08722,1.07671,1.0757,1.07277,1.06855,1.07319,1.07767


B:
10.6513,7.01183,10.6493,6.26824,11.5797,10.0064,3.27158,14.6339,6.93301,8.44534
-0.411745,5.25838,5.63112,7.57532,3.19869,4.62408,5.21973,9.20811,9.07555,7.46147
1.86242,-2.30895,9.7861,6.05976,3.06654,4.00258,1.50527,9.24481,16.2981,9.8288


========================================================
Test10 (ADC Calibration) results 2008-03-27 11:01:59
Board ID364 30 channels
Linux calibration software

Voltmeter channel: A=1.06924, B=-1315.68

A:
1.07095,1.0677,1.06952,1.07741,1.0736,1.08704,1.0773,1.0773,1.0715,1.07779
1.08261,1.07144,1.06872,1.07757,1.09089,1.06944,1.07623,1.07308,1.07901,1.08097
1.07562,1.08585,1.08121,1.08687,1.07681,1.07566,1.07277,1.06481,1.07305,1.07733


B:
10.3112,7.71288,10.3404,5.53286,11.635,11.2039,1.29362,12.139,7.62233,6.97849
3.4856,5.76221,5.28849,6.31264,4.11436,5.05564,5.78294,9.20811,9.59733,8.62915
2.55392,-0.280087,7.68157,6.70351,3.13833,4.05155,1.03235,18.976,16.4743,11.0647


========================================================
Test10 (ADC Calibration) results 2008-06-17 15:59:19
Board ID364 30 channels
Linux calibration software

Voltmeter channel: A=1.07, B=0

A:
1.08791,1.08432,1.08548,1.09335,1.09053,1.10429,1.09371,1.09307,1.08791,1.06826
1.09976,1.08746,1.08485,1.09435,1.10783,1.0862,1.09271,1.09008,1.09618,1.09893
1.09216,1.10096,1.09673,1.10336,1.09344,1.09235,1.08972,1.08164,1.09053,1.0949


B:
8.20974,6.95814,10.4413,7.36934,10.1635,9.94334,0.255015,13.0847,7.99221,26.4813
0.842419,7.10094,5.59399,5.57626,2.97691,3.26379,5.76655,7.08977,6.97192,5.5572
2.55338,1.06585,10.199,7.03056,3.13076,3.04166,-0.424187,15.7055,14.7437,8.35926


========================================================
Test10 (ADC Calibration) results 2008-07-16 21:23:30
Board ID364 30 channels
Linux calibration software

Voltmeter channel: A=1.07, B=0

A:
1.08898,1.08505,1.08655,1.09474,1.09152,1.10528,1.09445,1.09407,1.0887,1.05629
1.10046,1.08823,1.0857,1.09474,1.10858,1.08683,1.09389,1.09105,1.09673,1.09998
1.09275,1.10037,1.09759,1.10441,1.09426,1.09313,1.09058,1.08245,1.09152,1.0954


B:
7.44432,6.71441,9.68218,5.6571,9.25728,8.60856,0.00787234,12.6106,7.26785,29.0351
-0.0230475,6.1755,4.80902,5.6571,2.52228,3.12129,4.68857,6.41556,7.11992,4.81587
2.01481,0.945188,9.40996,5.86106,2.37084,2.3225,-0.785867,14.5294,13.4051,8.77311


========================================================
Test10 (ADC Calibration) results 2008-07-19 11:34:37
Board ID364 30 channels
Linux calibration software

Voltmeter channel: A=1.07, B=0

A:
1.08889,1.08487,1.08626,1.09398,1.09114,1.10479,1.09436,1.09389,1.08879,1.05426
1.10046,1.08823,1.08561,1.09493,1.10858,1.08711,1.09332,1.09096,1.09635,1.0996
1.09284,1.10046,1.0974,1.10412,1.09398,1.09294,1.0902,1.08236,1.09105,1.09512


B:
7.09508,6.66935,9.50574,6.7895,9.82086,8.82431,-0.123748,12.5645,6.31017,23.5345
0.41703,6.39309,4.89537,5.04543,2.30061,2.4266,5.42795,5.62948,7.24799,5.1654
1.92739,0.637068,9.80302,5.68197,2.85106,2.7148,-0.437505,14.831,13.8348,9.03321


========================================================
Test10 (ADC Calibration) results 2008-07-19 14:46:21
Board ID364 30 channels
Linux calibration software

Voltmeter channel: A=1.07, B=0

A:
1.08851,1.08514,1.08617,1.09407,1.09105,1.10518,1.09445,1.09398,1.0887,1.0518
1.10037,1.08814,1.0857,1.09455,1.10858,1.08673,1.09341,1.09039,1.09645,1.0995
1.09247,1.09998,1.09693,1.10402,1.09407,1.09303,1.0902,1.08254,1.09096,1.09483


B:
7.87529,6.19439,9.59141,6.48355,9.90687,8.03261,-0.210965,12.0407,6.83259,27.3031
0.284747,6.47887,4.37485,5.83067,2.74383,3.20725,5.12285,7.23894,6.9416,5.47222
2.71263,1.2961,10.8946,6.21155,2.54516,1.97226,-0.437505,14.4443,13.921,9.29278


========================================================
Test10 (ADC Calibration) results 2008-07-20 08:08:59
Board ID364 30 channels
Linux calibration software

Voltmeter channel: A=1.07, B=0

A:
1.0887,1.08496,1.08626,1.09417,1.09105,1.10518,1.09426,1.0937,1.08861,1.05347
1.10046,1.08804,1.0857,1.09474,1.10838,1.08664,1.0937,1.09049,1.09664,1.09941
1.09284,1.10142,1.0974,1.10421,1.09417,1.09303,1.09039,1.08236,1.09133,1.09483


B:
7.70322,6.36664,9.72282,6.17838,9.68871,8.25398,0.182307,13.393,7.13616,30.1734
-0.0230475,6.34789,4.80902,5.43821,2.92003,3.07635,4.42471,7.37043,6.10992,5.55959
1.70888,0.419676,9.80302,6.03642,2.45804,2.19081,-1.26578,15.0474,13.1407,9.51169


========================================================
Test10 (ADC Calibration) results 2008-07-20 17:40:55
Board ID364 30 channels
Linux calibration software

Voltmeter channel: A=1.07, B=0

A:
1.0887,1.08514,1.08626,1.09426,1.09114,1.10489,1.09426,1.09389,1.08842,1.05443
1.10008,1.08832,1.08561,1.09502,1.10828,1.08701,1.09398,1.09077,1.09635,1.0995
1.09275,1.10027,1.09712,1.10402,1.09426,1.09294,1.0903,1.08226,1.09077,1.09493


B:
7.48553,6.19439,9.50574,6.09123,9.60268,8.95833,0.401106,12.3458,7.52643,26.9555
0.76832,6.08897,5.11244,4.7396,3.00833,2.51325,3.94504,6.45712,7.24799,5.47222
2.01481,1.69281,9.84368,5.76978,2.37084,2.7148,-0.742821,14.9163,14.5287,9.20622


========================================================
Test10 (ADC Calibration) results 2008-07-24 12:08:22
Board ID364 30 channels
Linux calibration software

Voltmeter channel: A=1.07, B=0

A:
1.08823,1.08468,1.0857,1.09398,1.09086,1.10479,1.09407,1.09351,1.08814,1.05373
1.10027,1.08795,1.0858,1.09455,1.10819,1.08626,1.09351,1.09058,1.09635,1.0995
1.09275,1.09989,1.0975,1.10412,1.09426,1.09322,1.09011,1.08254,1.09049,1.09464


B:
7.26373,6.40737,9.36881,5.91426,9.42515,8.1616,0.13825,11.8157,7.13186,28.8746
-0.507729,6.65168,4.0714,5.61193,2.6536,3.20523,4.81737,6.19412,6.59034,5.25237
1.79593,0.943755,9.27742,5.4612,1.71417,1.14207,-1.22268,14.6608,13.9133,9.24725


