========================================================

Test11 results 06-21-2005  12:00:43
Board ID364  30 channels
HV Tests Software Ver.1.6

+5V 2517 - O'k
-5V 1333 - O'k
Interlock - On
Calibration DAC Range: [2500 - 2900]


A:
Limits 0.76 +/- 0.04
0.770713,0.772201,0.773694,0.766284,0.772201,0.757576,0.757576,0.766284,0.772201,0.764818
0.764818,0.772201,0.772201,0.764818,0.756144,0.773694,0.764818,0.769231,0.767754,0.761905
0.764818,0.760456,0.763359,0.764818,0.764818,0.766284,0.767754,0.769231,0.770713,0.764818


B:
Limits 60.0 +/- 30.0
51.623455,56.091293,37.744404,58.039291,39.629242,58.36998,63.629734,50.627705,46.95195,54.068459
47.165298,47.905891,54.572155,62.424881,57.857277,56.105667,61.600872,52.402481,49.402451,61.482834
67.126015,58.816578,55.241035,46.894924,63.249081,56.630569,67.748138,67.02932,39.835461,57.246674
========================================================
Test11 (DAC Calibration) results 2007-11-06 15:52:16
Board ID364 30 channels
Linux calibration software
Calibration DAC Range: [1100 - 2700]

A:
0.768713,0.771084,0.770861,0.764453,0.766945,0.756931,0.764891,0.765184,0.768123,0.765038
0.759951,0.768787,0.770713,0.764015,0.754575,0.769749,0.764818,0.767386,0.763213,0.76147
0.765184,0.758294,0.761687,0.761325,0.764015,0.765917,0.767607,0.770639,0.767313,0.763723


B:
63.0056,64.4338,52.862,63.4018,58.4891,63.9132,68.1615,57.8193,65.3384,55.7233
67.6829,64.4435,63.8536,67.0519,65.7799,65.4577,67.4952,58.6571,61.2669,63.3355
70.0622,70.2369,64.5626,61.5532,71.0247,62.9488,70.3318,65.1863,55.6876,62.864


========================================================
Test11 (DAC Calibration) results 2008-03-27 11:01:59
Board ID364 30 channels
Linux calibration software
Calibration DAC Range: [1100 - 2700]

A:
0.768123,0.770861,0.770342,0.764307,0.767018,0.757146,0.76438,0.76438,0.768123,0.764818
0.760239,0.768566,0.770119,0.763796,0.754859,0.769601,0.764745,0.767386,0.762776,0.761397
0.765184,0.758366,0.761615,0.76118,0.763942,0.76555,0.767607,0.772947,0.767018,0.763577


B:
63.8022,64.4249,53.1055,63.1412,57.6223,62.7105,68.8515,58.9145,65.3384,56.0229
66.0744,64.5884,64.6517,67.1951,65.0877,65.6566,67.594,58.6571,61.4036,62.9771
70.0622,69.2294,64.8134,61.5986,70.9701,63.4449,69.8713,58.9952,56.0883,62.451


========================================================
Test11 (ADC Calibration) results 2008-06-17 18:39:44
Board ID364 30 channels
Linux calibration software

Calibration DAC Range: [1000 - 3500]

A:
0.7564,0.7596,0.7584,0.7528,0.7552,0.7452,0.7524,0.7528,0.7568,0.7716
0.7484,0.7572,0.7584,0.752,0.7432,0.758,0.7532,0.7556,0.7512,0.7488
0.754,0.748,0.7504,0.7496,0.7524,0.754,0.7556,0.7612,0.7552,0.7516


B:
64.6,63.4001,53.5999,62.2,57.7999,63.8001,70.6001,59.2,64.2,40.4
66.6001,63.8,64.5999,68.0001,65.8,65.9999,66.8,59.4001,61.7999,65.2001
69,67.9999,63.6,61.4,70.6001,63,70.4001,60.8,56.7999,63.3999


