========================================================

Test10 results 03-24-2005  17:48:09
Board ID037  36 channels
HV Tests Software Ver.1.6

+5V 2519 - O'k
-5V 1321 - O'k
Interlock - On

Voltmeter channel: A=1.064963, B=9.584596

A:
Limits 1.1 +/- 0.1
1.067236,1.072386,1.074114,1.069519,1.081081,1.067806,1.073537,1.072961,1.068376,1.071237,1.064963,1.075269
1.067236,1.074114,1.074114,1.071237,1.070091,1.070664,1.080497,1.073537,1.079914,1.068947,1.074114,1.067806
1.068947,1.072961,1.071811,1.072386,1.075847,1.072961,1.075269,1.071237,1.075847,1.074114,1.079331,1.073537


B:
Limits 0.0 +/- 30.0
7.470769,7.506824,5.370607,11.764822,7.567746,17.084934,9.661671,7.51089,8.547024,8.569725,9.584596,11.827781
7.470769,5.370607,7.518835,11.783437,10.700718,5.353326,14.04647,2.14691,14.038843,10.689509,9.667063,11.745905
8.551615,1.073122,12.861896,7.506824,10.758329,3.219044,12.903049,7.498487,1.075704,11.81529,-1.079283,10.735209
========================================================
Test10 (ADC Calibration) results 2007-10-31 16:27:59
Board ID37 36 channels
Linux calibration software

Voltmeter channel: A=1.06287, B=15.1785

A:
1.06724,1.07195,1.07777,1.07594,1.08484,1.06918,1.08028,1.07416,1.06917,1.07172,1.06406,1.07504
1.0682,1.07918,1.07476,1.07105,1.07085,1.07218,1.07386,1.07151,1.08128,1.0662,1.07813,1.06824
1.07279,1.07362,1.07289,1.07302,1.07864,1.07359,1.07661,1.07781,1.07727,1.07627,1.07891,1.07319


B:
2.00593,3.88578,1.60694,3.91128,5.15115,10.4464,6.95999,3.92729,6.01188,7.84613,7.59533,7.95171
7.83441,-1.22596,8.23043,8.58639,4.38533,1.96973,12.8304,3.53279,8.03704,7.53062,9.3005,9.44951
4.46318,-1.86672,9.06136,2.75447,7.70323,-2.27454,8.6073,2.49028,-1.51963,6.37849,-4.45251,8.02032


========================================================
Test10 (ADC Calibration) results 2008-06-17 15:59:19
Board ID037 36 channels
Linux calibration software

Voltmeter channel: A=1.07, B=0

A:
1.08405,1.0889,1.09426,1.09244,1.10243,1.08539,1.097,1.09089,1.08512,1.09035,1.0811,1.09244
1.08539,1.09554,1.09235,1.08755,1.08719,1.08972,1.09071,1.08917,1.09737,1.08378,1.09471,1.08494
1.08881,1.09026,1.08936,1.08981,1.0938,1.08945,1.09289,1.09453,1.09408,1.09198,1.09535,1.09108


B:
2.65305,4.24863,2.59585,4.48732,2.57953,11.6093,6.65771,4.15946,8.60066,7.27619,7.97945,7.76463
6.39933,0.325768,7.19262,9.84596,6.91468,0.883818,11.7432,1.38483,10.0544,5.28649,9.4018,9.85075
6.29178,-1.7988,9.27872,3.41537,9.57727,0.262487,10.4086,2.78246,-1.61309,9.92769,-1.91585,6.17462


========================================================
Test10 (ADC Calibration) results 2008-07-15 19:51:42
Board ID037 36 channels
Linux calibration software

Voltmeter channel: A=1.07, B=0

A:
1.08414,1.08899,1.09408,1.0928,1.10253,1.08575,1.09728,1.09126,1.08575,1.08854,1.08128,1.09244
1.08539,1.09581,1.09262,1.08737,1.08728,1.09008,1.09026,1.08917,1.09783,1.08369,1.09499,1.0853
1.08917,1.09017,1.08963,1.08981,1.09344,1.08972,1.09344,1.09462,1.09408,1.09235,1.09544,1.09108


B:
3.00375,4.60066,2.76321,4.37214,2.93565,10.8455,6.18742,3.60703,7.37119,13.0721,7.59871,8.2019
6.83338,-0.364529,6.94284,10.4462,6.17974,0.549295,12.8108,1.38483,9.63694,5.58584,9.37081,9.52097
5.95931,-1.06084,9.03034,3.85158,10.5662,0.0119909,9.47275,3.35527,-1.61309,9.1589,-1.99993,6.17462


========================================================
Test10 (ADC Calibration) results 2008-07-16 21:23:30
Board ID037 36 channels
Linux calibration software

Voltmeter channel: A=1.07, B=0

A:
1.08514,1.08936,1.09483,1.09341,1.10354,1.08617,1.09759,1.0918,1.08617,1.08945,1.08189,1.09313
1.08608,1.09654,1.09341,1.08804,1.08786,1.09096,1.09105,1.08954,1.09845,1.08449,1.09559,1.08598
1.08973,1.09105,1.09001,1.09049,1.09436,1.09049,1.09379,1.09502,1.09455,1.09294,1.09645,1.09143


B:
1.63645,4.2666,1.84785,3.5923,1.79349,10.8948,6.33664,3.10269,7.63625,11.5888,7.46663,7.35061
5.76714,-1.04023,5.99775,9.82958,6.08514,-0.698124,11.6527,1.47876,8.84837,4.6275,8.81878,8.89441
4.79213,-2.31285,8.67452,3.22653,9.50678,-1.13541,9.36911,2.76851,-2.26877,8.39841,-3.58454,5.85115


========================================================
Test10 (ADC Calibration) results 2008-07-19 11:34:37
Board ID037 36 channels
Linux calibration software

Voltmeter channel: A=1.07, B=0

A:
1.08449,1.08917,1.09455,1.09322,1.10267,1.08561,1.0974,1.09162,1.0858,1.08926,1.08152,1.09266
1.0857,1.09683,1.09332,1.08767,1.08795,1.09049,1.09077,1.08973,1.09826,1.08421,1.0954,1.08589
1.08936,1.09114,1.09011,1.09039,1.09398,1.09058,1.0936,1.09483,1.09436,1.09284,1.09626,1.09133


B:
2.45852,4.4403,1.89057,3.76596,2.58413,11.6261,5.63284,3.4947,7.5459,11.9784,7.59319,8.43907
6.32917,-1.7421,5.86517,10.1733,5.56373,-0.044925,11.911,0.869252,8.80218,5.31943,9.21116,8.76315
5.35596,-2.61809,8.15236,2.44145,9.8527,-1.43993,9.32363,2.50498,-2.09365,8.26594,-3.18901,6.15596


========================================================
Test10 (ADC Calibration) results 2008-07-19 14:46:21
Board ID037 36 channels
Linux calibration software

Voltmeter channel: A=1.07, B=0

A:
1.08412,1.08936,1.09426,1.09332,1.10277,1.08589,1.09683,1.09152,1.08561,1.08907,1.08189,1.09275
1.0858,1.09654,1.09294,1.08786,1.08767,1.0903,1.09096,1.08964,1.09826,1.08421,1.09531,1.08552
1.08945,1.09067,1.09011,1.09011,1.09417,1.09039,1.09332,1.09464,1.09426,1.09275,1.09597,1.09096


B:
3.02066,4.04878,2.80843,3.45992,2.49604,11.1521,6.81323,3.36329,7.93513,11.4964,7.03398,7.91555
6.02588,-0.820971,6.64949,10.0015,6.04054,0.565482,11.3024,1.39169,9.02177,4.88585,9.07887,9.10638
5.05206,-1.52754,8.80665,2.91978,9.46088,-0.829726,10.0198,3.11714,-1.78742,9.0083,-2.70684,6.93857


========================================================
Test10 (ADC Calibration) results 2008-07-20 08:08:59
Board ID037 36 channels
Linux calibration software

Voltmeter channel: A=1.07, B=0

A:
1.08449,1.08917,1.09455,1.09322,1.10296,1.08645,1.0975,1.09152,1.08617,1.08917,1.08161,1.09284
1.0857,1.09654,1.09313,1.08823,1.08776,1.0902,1.09105,1.09011,1.09826,1.08421,1.09559,1.0857
1.08964,1.09096,1.09011,1.09039,1.09445,1.09049,1.09351,1.09474,1.09445,1.09275,1.09626,1.09096


B:
2.89221,4.4403,2.10942,3.76596,2.32058,10.4201,5.76548,3.14504,6.98471,11.8467,7.72398,8.26594
6.54626,-0.820971,6.47644,9.22221,5.954,0.434711,11.2165,0.0857802,8.80218,4.88585,9.03773,8.50058
4.6606,-2.22536,8.58829,2.44145,8.54467,-0.91698,9.41005,3.46762,-2.18104,8.57131,-2.96992,6.93857


========================================================
Test10 (ADC Calibration) results 2008-07-20 17:40:55
Board ID037 36 channels
Linux calibration software

Voltmeter channel: A=1.07, B=0

A:
1.08487,1.08936,1.09455,1.0936,1.10306,1.08636,1.09683,1.09162,1.08589,1.08926,1.08171,1.09284
1.08598,1.09635,1.09322,1.08804,1.08757,1.09039,1.09067,1.08983,1.09807,1.08421,1.09569,1.08552
1.08954,1.09105,1.08992,1.0903,1.09426,1.09039,1.09379,1.09521,1.09436,1.09266,1.09607,1.09162


B:
2.1131,4.04878,2.32828,3.19936,2.45328,10.0716,7.03254,3.0579,7.46026,11.5425,7.422,8.26594
5.85361,-0.645705,6.171,9.82958,6.56142,0.260665,11.997,1.00013,9.1956,4.88585,8.73205,9.54048
5.61909,-2.31285,8.9791,2.52807,9.37402,-0.829726,9.15053,1.93674,-1.65563,9.31325,-3.23298,5.67794


