========================================================

Test10 results 03-23-2006  14:48:21
Board ID436  30 channels
HV Tests Software Ver.1.6

+5V 2529 - O'k
-5V 1315 - O'k
Interlock - On

Voltmeter channel: A=1.086366, B=7.604739

A:
Limits 1.1 +/- 0.1
1.084011,1.073537,1.089325,1.076426,1.070091,1.072961,1.079914,1.082251,1.080497,1.081081
1.071237,1.079331,1.079331,1.086366,1.071237,1.081081,1.079914,1.074114,1.084011,1.077006
1.078749,1.081081,1.078749,1.082837,1.085187,1.074114,1.070664,1.088139,1.067806,1.079914


B:
Limits 0.0 +/- 35.0
5.420056,7.514596,8.714689,7.534973,4.280172,8.583851,6.479447,6.493545,3.241499,7.567746
7.498487,7.555364,9.714025,6.518373,8.569725,6.486665,5.399534,8.592949,8.672089,6.461817
7.55105,6.486665,6.472301,7.580034,4.340742,8.592949,6.423989,7.616924,8.542488,10.799102
========================================================
Test10 (ADC Calibration) results 2008-06-02 11:14:39
Board ID436 30 channels
Linux calibration software

Voltmeter channel: A=1.07727, B=-1490.36

A:
1.08426,1.03554,1.08935,1.07709,1.07064,1.07366,1.08077,1.08329,1.08113,1.08159
1.07164,1.07925,1.07992,1.08678,1.07235,1.08073,1.08026,1.07471,1.08501,1.07659
1.07976,1.08127,1.07986,1.08442,1.08486,1.07481,1.06973,1.08819,1.06896,1.08228


B:
3.73918,9.36065,4.34838,5.93669,4.29278,5.37427,4.18329,3.05343,3.0025,4.41311
4.86788,5.11087,6.34276,5.52776,4.16924,5.23523,3.90595,5.76916,4.18549,6.57832
3.54823,4.5405,2.33987,5.20339,3.56805,5.56623,7.10658,6.01746,3.22032,2.17304


========================================================
Test10 (ADC Calibration) results 2008-06-16 13:15:45
Board ID436 30 channels
Linux calibration software

Voltmeter channel: A=1.07, B=0

A:
1.08814,1.03627,1.0929,1.08045,1.07376,1.0766,1.08333,1.08532,1.0836,1.08487
1.07465,1.08198,1.08306,1.08987,1.07518,1.08406,1.08315,1.07776,1.08732,1.08009
1.08234,1.08388,1.0818,1.08687,1.08787,1.07732,1.07332,1.09152,1.0711,1.08378


B:
2.17634,12.8497,4.58995,5.76799,3.55145,5.00196,4.41653,5.40991,3.51721,4.30586
4.8774,6.74168,6.18197,5.81848,5.02866,4.40255,5.01556,5.43866,5.5372,5.66677
5.11206,5.21908,4.74327,5.51793,4.60265,6.92802,5.89521,5.84383,5.37201,6.16915


========================================================
Test10 (ADC Calibration) results 2008-06-17 07:08:50
Board ID436 30 channels
Linux calibration software

Voltmeter channel: A=1.07, B=0

A:
1.10051,1.04856,1.10532,1.09274,1.08606,1.08885,1.09583,1.09812,1.09583,1.0972
1.08669,1.09428,1.09565,1.10273,1.0875,1.09656,1.09556,1.09002,1.09996,1.09292
1.09456,1.09629,1.09456,1.09987,1.10042,1.08984,1.08597,1.10411,1.08329,1.09656


B:
1.93241,10.3025,3.49492,5.1187,2.35458,4.77715,3.80599,4.12121,3.14839,3.64389
4.37997,5.88581,4.63067,4.09391,4.28368,3.57315,3.61943,5.00184,4.41827,3.64038
4.32158,4.26358,3.22703,3.18287,3.11703,5.3862,3.95795,4.37279,4.49483,3.79241


========================================================
Test10 (ADC Calibration) results 2008-08-26 09:05:40
Board ID436 30 channels
Linux calibration (server mode)

Voltmeter channel: A=1.09155, B=0

A:
1.08924,1.03966,1.09443,1.08255,1.07512,1.07857,1.08517,1.08748,1.08495,1.08648
1.07643,1.08438,1.08536,1.09204,1.0772,1.08568,1.08485,1.07985,1.08939,1.08215
1.08425,1.08586,1.08364,1.0891,1.0896,1.07983,1.07547,1.09351,1.07303,1.08606


B:
0,0,0,0,0,0,0,0,0,0
0,0,0,0,0,0,0,0,0,0
0,0,0,0,0,0,0,0,0,0


========================================================
Test10 (ADC Calibration) results 2008-08-26 13:28:00
Board ID436 30 channels
Linux calibration (server mode)

Voltmeter channel: A=1.09143, B=0

A:
1.08914,1.04078,1.09442,1.08255,1.07505,1.07858,1.08519,1.0875,1.0849,1.0865
1.07634,1.08431,1.08527,1.09204,1.07716,1.08568,1.08477,1.07975,1.08936,1.08212
1.08421,1.08573,1.08359,1.08892,1.08961,1.07981,1.07547,1.09358,1.07314,1.08606


B:
0,0,0,0,0,0,0,0,0,0
0,0,0,0,0,0,0,0,0,0
0,0,0,0,0,0,0,0,0,0


========================================================
Test10 (ADC Calibration) results 2008-08-26 13:40:30
Board ID436 30 channels
Linux calibration (server mode)

Voltmeter channel: A=1.0914, B=0

A:
1.08926,1.04026,1.0944,1.08247,1.07509,1.07855,1.08512,1.0875,1.08483,1.08642
1.07629,1.08431,1.08539,1.09201,1.07714,1.08557,1.08482,1.0797,1.08929,1.08215
1.08418,1.08573,1.08362,1.08895,1.0896,1.07983,1.07545,1.09346,1.07308,1.086


B:
0,0,0,0,0,0,0,0,0,0
0,0,0,0,0,0,0,0,0,0
0,0,0,0,0,0,0,0,0,0


========================================================
Test10 (ADC Calibration) results 2008-08-26 14:00:49
Board ID436 30 channels
Linux calibration (server mode)

Voltmeter channel: A=1.09148, B=0

A:
1.08917,1.04024,1.09435,1.08255,1.07519,1.07867,1.0852,1.0874,1.0849,1.08653
1.07631,1.08438,1.08536,1.09201,1.0772,1.08571,1.0849,1.0797,1.08938,1.0822
1.08416,1.08579,1.08378,1.08902,1.08968,1.07986,1.07552,1.09354,1.07311,1.08611


B:
0,0,0,0,0,0,0,0,0,0
0,0,0,0,0,0,0,0,0,0
0,0,0,0,0,0,0,0,0,0


========================================================
Test10 (ADC Calibration) results 2008-08-26 14:19:26
Board ID436 30 channels
Linux calibration (server mode)

Voltmeter channel: A=1.09152, B=0

A:
1.08926,1.0402,1.09443,1.08257,1.07517,1.07858,1.08517,1.08755,1.08495,1.08648
1.07633,1.08441,1.08539,1.09204,1.07719,1.08569,1.0849,1.07976,1.08943,1.08227
1.08431,1.08576,1.08368,1.08907,1.08963,1.0799,1.07545,1.09351,1.07303,1.08606


B:
0,0,0,0,0,0,0,0,0,0
0,0,0,0,0,0,0,0,0,0
0,0,0,0,0,0,0,0,0,0


========================================================
Test10 (ADC Calibration) results 2008-08-26 14:33:23
Board ID436 30 channels
Linux calibration (server mode)

Voltmeter channel: A=1.09157, B=0

A:
1.08926,1.04043,1.09443,1.08257,1.07507,1.07858,1.0852,1.08745,1.08495,1.0865
1.07631,1.08431,1.08536,1.09206,1.07711,1.08568,1.08485,1.07973,1.08938,1.08215
1.0842,1.08584,1.08368,1.08904,1.08958,1.07983,1.07547,1.09344,1.07294,1.08606


B:
0,0,0,0,0,0,0,0,0,0
0,0,0,0,0,0,0,0,0,0
0,0,0,0,0,0,0,0,0,0


========================================================
Test10 (ADC Calibration) results 2008-08-26 16:51:24
Board ID436 30 channels
Linux calibration (server mode)

Voltmeter channel: A=1.1039, B=0

A:
1.10155,1.05219,1.10692,1.09486,1.08727,1.09086,1.09752,1.09986,1.09725,1.09875
1.08858,1.09662,1.09767,1.10444,1.08943,1.09796,1.09711,1.092,1.10174,1.09455
1.09647,1.09813,1.09596,1.10143,1.10195,1.09217,1.08769,1.10592,1.08529,1.09846


B:
0,0,0,0,0,0,0,0,0,0
0,0,0,0,0,0,0,0,0,0
0,0,0,0,0,0,0,0,0,0


========================================================
Test10 (ADC Calibration) results 2008-08-27 11:54:29
Board ID436 30 channels
Linux calibration (server mode)

Voltmeter channel: A=1.10394, B=0

A:
1.10159,1.0516,1.10694,1.09494,1.08731,1.09084,1.09756,1.09989,1.09737,1.09887
1.08863,1.09671,1.09774,1.10458,1.08947,1.09803,1.0973,1.09207,1.10179,1.09462
1.09667,1.09817,1.09601,1.1015,1.10208,1.09217,1.08769,1.10596,1.08534,1.09846


B:
0,0,0,0,0,0,0,0,0,0
0,0,0,0,0,0,0,0,0,0
0,0,0,0,0,0,0,0,0,0


========================================================
Test10 (ADC Calibration) results 2008-08-27 12:04:52
Board ID436 30 channels
Linux calibration (server mode)

Voltmeter channel: A=1.10402, B=0

A:
1.1016,1.05204,1.10689,1.09494,1.08739,1.09088,1.09757,1.09993,1.09728,1.0988
1.08848,1.09676,1.09776,1.10461,1.0895,1.09812,1.0973,1.09205,1.10181,1.09454
1.09662,1.0982,1.09606,1.10145,1.10205,1.09222,1.08781,1.10599,1.08531,1.09849


B:
0,0,0,0,0,0,0,0,0,0
0,0,0,0,0,0,0,0,0,0
0,0,0,0,0,0,0,0,0,0


========================================================
Test10 (ADC Calibration) results 2008-08-27 12:16:04
Board ID436 30 channels
Linux calibration (server mode)

Voltmeter channel: A=1.10396, B=0

A:
1.10165,1.05213,1.10689,1.09491,1.08739,1.09089,1.09754,1.09991,1.09735,1.09888
1.08863,1.09676,1.09778,1.10452,1.08943,1.0981,1.09728,1.09194,1.10181,1.09448
1.09657,1.09819,1.09601,1.10143,1.10201,1.0921,1.08776,1.10599,1.08539,1.09853


B:
0,0,0,0,0,0,0,0,0,0
0,0,0,0,0,0,0,0,0,0
0,0,0,0,0,0,0,0,0,0


========================================================
Test10 (ADC Calibration) results 2008-08-27 12:34:19
Board ID436 30 channels
Linux calibration (server mode)

Voltmeter channel: A=1.1039, B=0

A:
1.10159,1.05143,1.10689,1.09489,1.08739,1.09088,1.09764,1.09982,1.0973,1.09887
1.08859,1.09677,1.09771,1.10447,1.0895,1.0981,1.09725,1.09205,1.10181,1.09452
1.0965,1.0982,1.09594,1.1014,1.10207,1.09214,1.08777,1.10606,1.08527,1.09844


B:
0,0,0,0,0,0,0,0,0,0
0,0,0,0,0,0,0,0,0,0
0,0,0,0,0,0,0,0,0,0


========================================================
Test10 (ADC Calibration) results 2008-08-27 14:12:33
Board ID436 30 channels
Linux calibration software

Voltmeter channel: A=1.07, B=0

A:
1.10144,1.0491,1.10558,1.09353,1.08686,1.08939,1.09638,1.09857,1.09666,1.0978
1.08724,1.09514,1.09638,1.10317,1.08827,1.09695,1.09628,1.09061,1.10057,1.09334
1.09533,1.09695,1.09486,1.10038,1.10096,1.09042,1.08621,1.10451,1.08425,1.09733


B:
0.863922,9.792,4.36783,4.16729,2.04271,4.71072,3.74491,4.15173,2.38675,3.53293
4.30605,4.87737,4.40296,3.91301,4.00689,3.66005,3.39387,4.4565,4.29542,4.12289
3.82711,3.66005,3.6058,3.59007,3.50471,5.28435,4.60437,4.45068,3.37783,3.96938


========================================================
Test10 (ADC Calibration) results 2008-08-27 14:50:45
Board ID436 30 channels
Linux calibration (server mode)

Voltmeter channel: A=1.10402, B=0

A:
1.10165,1.05216,1.10696,1.09489,1.08734,1.09093,1.09757,1.09989,1.09732,1.09892
1.08859,1.09674,1.09776,1.10452,1.0895,1.0981,1.0973,1.09209,1.10191,1.09457
1.09662,1.09825,1.09611,1.1015,1.1021,1.09209,1.08777,1.10599,1.08534,1.09846


B:
0,0,0,0,0,0,0,0,0,0
0,0,0,0,0,0,0,0,0,0
0,0,0,0,0,0,0,0,0,0


========================================================
Test10 (ADC Calibration) results 2008-08-27 16:01:37
Board ID436 30 channels
Linux calibration (server mode)

Voltmeter channel: A=1.10404, B=0

A:
1.10171,1.05374,1.10698,1.09489,1.08751,1.09091,1.09761,1.10008,1.0973,1.09895
1.08873,1.09677,1.09781,1.10456,1.08947,1.0982,1.09723,1.09207,1.10193,1.09464
1.09665,1.09836,1.09608,1.10164,1.10207,1.09226,1.08784,1.10599,1.08504,1.09851


B:
0,0,0,0,0,0,0,0,0,0
0,0,0,0,0,0,0,0,0,0
0,0,0,0,0,0,0,0,0,0


========================================================
Test10 (ADC Calibration) results 2008-08-27 16:14:58
Board ID436 30 channels
Linux calibration (server mode)

Voltmeter channel: A=1.10408, B=0

A:
1.10171,1.05337,1.10696,1.09498,1.08749,1.09101,1.09769,1.09994,1.09733,1.09894
1.08873,1.09686,1.09786,1.10461,1.08963,1.09817,1.09739,1.0922,1.10191,1.09459
1.09662,1.09832,1.0962,1.10157,1.10219,1.09224,1.08788,1.10604,1.08509,1.09854


B:
0,0,0,0,0,0,0,0,0,0
0,0,0,0,0,0,0,0,0,0
0,0,0,0,0,0,0,0,0,0


========================================================
Test10 (ADC Calibration) results 2008-08-27 16:29:00
Board ID436 30 channels
Linux calibration (server mode)

Voltmeter channel: A=1.10408, B=0

A:
1.10165,1.05232,1.10703,1.09501,1.08746,1.09106,1.09762,1.09993,1.09735,1.09895
1.08869,1.09676,1.09784,1.10458,1.0896,1.09824,1.09732,1.09214,1.10189,1.09467
1.09672,1.09834,1.09616,1.10164,1.10215,1.09234,1.08781,1.10608,1.08512,1.09853


B:
0,0,0,0,0,0,0,0,0,0
0,0,0,0,0,0,0,0,0,0
0,0,0,0,0,0,0,0,0,0


========================================================
Test10 (ADC Calibration) results 2008-08-27 16:39:26
Board ID436 30 channels
Linux calibration (server mode)

Voltmeter channel: A=1.10406, B=0

A:
1.10177,1.05197,1.10691,1.09499,1.08752,1.09099,1.09767,1.09998,1.0973,1.09892
1.08866,1.09672,1.09788,1.10458,1.0895,1.09827,1.09739,1.0921,1.10198,1.09464
1.09672,1.0983,1.09616,1.10157,1.10205,1.09227,1.08786,1.10604,1.08501,1.09858


B:
0,0,0,0,0,0,0,0,0,0
0,0,0,0,0,0,0,0,0,0
0,0,0,0,0,0,0,0,0,0


========================================================
Test10 (ADC Calibration) results 2008-08-27 17:00:59
Board ID436 30 channels
Linux calibration (server mode)

Voltmeter channel: A=1.10404, B=0

A:
1.10176,1.05205,1.10696,1.09499,1.08751,1.09099,1.09761,1.09994,1.09728,1.09907
1.0888,1.09684,1.09786,1.10463,1.08955,1.09819,1.09732,1.09215,1.10193,1.09462
1.09664,1.09834,1.09614,1.10164,1.10208,1.09229,1.08789,1.10604,1.08499,1.09854


B:
0,0,0,0,0,0,0,0,0,0
0,0,0,0,0,0,0,0,0,0
0,0,0,0,0,0,0,0,0,0


========================================================
Test10 (ADC Calibration) results 2008-08-28 14:19:37
Board ID436 30 channels
Linux calibration (server mode)

Voltmeter channel: A=1.10397, B=0

A:
1.10169,1.05219,1.10698,1.09492,1.08746,1.09086,1.09764,1.09993,1.09732,1.0989
1.08856,1.09674,1.09786,1.10456,1.08947,1.09815,1.09735,1.09209,1.10183,1.09464
1.09659,1.09832,1.09611,1.10152,1.1021,1.09222,1.08777,1.10594,1.08476,1.09856


B:
0,0,0,0,0,0,0,0,0,0
0,0,0,0,0,0,0,0,0,0
0,0,0,0,0,0,0,0,0,0


========================================================
Test10 (ADC Calibration) results 2008-09-01 16:33:34
Board ID436 30 channels
Linux calibration (server mode)

Voltmeter channel: A=1.10411, B=0

A:
1.10177,1.05176,1.1071,1.09504,1.08747,1.09096,1.09766,1.10008,1.09756,1.09897
1.08873,1.09688,1.09788,1.10475,1.08955,1.09824,1.09737,1.09217,1.10193,1.09465
1.09665,1.09832,1.09614,1.1016,1.10217,1.09231,1.08788,1.10608,1.08517,1.09868


B:
0,0,0,0,0,0,0,0,0,0
0,0,0,0,0,0,0,0,0,0
0,0,0,0,0,0,0,0,0,0


========================================================
Test10 (ADC Calibration) results 2008-11-29 10:32:25
Board ID436 30 channels
Host: ufcmshv3
Linux calibration software

Voltmeter channel: A=1.05025, B=4.36259

A:
1.04544,1.0467,1.05468,1.05127,1.06461,1.05768,1.05186,1.04687,1.04729,1.06882
1.06418,1.06348,1.04117,1.04805,1.054,1.05812,1.04695,1.05597,1.06235,1.05898
1.05829,1.04376,1.04695,1.04695,1.04983,1.11915,1.06662,1.04426,1.0483,1.0483


B:
2.02645,4.58918,4.80314,5.70906,3.30837,5.14214,4.72549,4.6384,3.39971,4.93298
4.56814,5.21885,5.06175,4.35353,3.7621,4.52521,3.93001,4.85758,4.78861,5.40895
4.78656,5.09027,5.39589,4.97696,4.34464,10.4513,5.05404,4.81948,4.11271,4.74154


========================================================
Test10 (ADC Calibration) results 2008-11-29 11:03:20
Board ID436 30 channels
Host: ufcmshv3
Linux calibration software

Voltmeter channel: A=1.05, B=4.60368

A:
1.04518,1.04645,1.05468,1.05127,1.06444,1.05734,1.05161,1.04687,1.04712,1.06908
1.06392,1.06287,1.041,1.04796,1.05366,1.05794,1.0467,1.05588,1.06192,1.05898
1.05837,1.04342,1.04695,1.04695,1.05,1.04117,1.0661,1.04393,1.04805,1.04796


B:
2.05823,5.24846,5.01403,5.28866,3.68448,5.88862,5.38759,4.84813,3.35062,4.26006
5.02512,6.42637,5.84574,4.64309,4.29553,4.89941,4.58918,5.14939,5.4075,5.40895
4.49417,5.82689,5.18671,4.97696,3.34374,6.72772,5.11723,5.34819,4.56309,4.64309


