========================================================

Test11 results 03-23-2006  14:50:05
Board ID436  30 channels
HV Tests Software Ver.1.6

+5V 2530 - O'k
-5V 1316 - O'k
Interlock - On
Calibration DAC Range: [2500 - 2900]


A:
Limits 0.76 +/- 0.04
0.746269,0.753296,0.740741,0.749064,0.754717,0.75188,0.747664,0.746269,0.749064,0.746269
0.757576,0.750469,0.749064,0.744879,0.754717,0.749064,0.749064,0.753296,0.744879,0.75188
0.749064,0.747664,0.750469,0.749064,0.744879,0.750469,0.756144,0.742115,0.759013,0.747664


B:
Limits 60.0 +/- 40.0
62.156849,62.303249,69.297874,70.562126,69.205811,69.156807,67.427872,66.763634,63.10331,67.48877
53.818794,57.608631,60.761387,60.401791,61.519894,58.416908,62.294445,60.063225,65.09729,59.925171
63.825855,65.344788,60.037395,69.302101,63.48151,69.106598,59.19899,67.863152,55.321941,61.467743
========================================================
Test11 (DAC Calibration) results 2008-06-02 11:14:39
Board ID436 30 channels
Linux calibration software
Calibration DAC Range: [1100 - 2700]

A:
0.744532,0.779955,0.741427,0.749485,0.754006,0.75188,0.747314,0.745573,0.746687,0.74599
0.753296,0.748363,0.747524,0.742804,0.752799,0.746965,0.747664,0.751527,0.744394,0.749836
0.748013,0.746965,0.747943,0.748573,0.744117,0.751456,0.754646,0.74184,0.755572,0.746269


B:
69.5672,64.5313,69.4161,68.709,71.5362,69.9248,68.7062,70.3635,70.9166,70.3843
69.4916,68.0075,68.4171,68.245,70.02,68.4407,69.7196,68.3043,68.7167,68.2257
69.986,68.4407,70.0823,69.2149,69.696,67.6498,67.7954,68.6944,69.3993,69.4031


========================================================
Test11 (ADC Calibration) results 2008-06-17 04:20:31
Board ID436 30 channels
Linux calibration software

Calibration DAC Range: [1000 - 3500]

A:
0.742,0.7792,0.7388,0.7476,0.752,0.75,0.7452,0.7436,0.7452,0.7444
0.7512,0.7464,0.7452,0.7408,0.7512,0.7444,0.7456,0.7492,0.7424,0.7476
0.746,0.7452,0.7464,0.7468,0.7424,0.7496,0.752,0.74,0.754,0.7448


B:
71.0001,62.7999,70.2,68.3999,72.0001,70,69.8001,70.4,69.8001,69.5999
69.7999,67.6,68.8001,68.1999,68.7999,69.5999,69.4001,68.8,68.6,68.3999
70,67.8001,69.6,69.2,68.6,66.4,69.0001,68,68,68.2001


========================================================
Test11 (ADC Calibration) results 2008-06-17 07:43:31
Board ID436 30 channels
Linux calibration software

Calibration DAC Range: [1000 - 3500]

A:
0.7336,0.7708,0.7304,0.7392,0.7436,0.7416,0.7368,0.7356,0.7364,0.736
0.7428,0.738,0.7368,0.732,0.7428,0.7368,0.7372,0.7408,0.734,0.7388
0.7376,0.7364,0.7376,0.738,0.7336,0.7412,0.7436,0.7312,0.7452,0.7364


B:
71.3999,63.2,70.5999,68.8,71.4,70.4001,70.2,69.4,71.6,70
70.2,68.0001,70.2,70,69.2,68.2,69.7999,69.1999,68.9999,70.2
70.3999,69.6,70.3999,71.0001,70.3999,66.8001,69.4,69.8001,69.8001,68.6


