========================================================

Test10 results 09-05-2005  16:35:08
Board ID375  30 channels
HV Tests Software Ver.1.6

+5V 2517 - O'k
-5V 1305 - O'k
Interlock - On

Voltmeter channel: A=1.067806, B=10.6781

A:
Limits 1.1 +/- 0.1
1.071237,1.067236,1.064396,1.066667,1.067236,1.071811,1.062699,1.066667,1.066667,1.063264
1.063264,1.069519,1.067236,1.071237,1.068376,1.073537,1.063264,1.063264,1.066098,1.070664
1.06383,1.068376,1.068947,1.071237,1.06383,1.06383,1.064396,1.064963,1.066098,1.071237


B:
Limits 0.0 +/- 35.0
5.356012,8.538006,11.708546,7.466458,14.941421,6.431027,9.564508,8.533125,8.533125,9.569267
10.632531,7.486748,11.739713,8.569725,9.6154,10.735209,7.442739,8.506002,8.528736,12.847973
12.765985,7.478648,12.827404,10.712199,7.446837,8.510667,8.515358,9.584596,6.39654,11.783437
========================================================
Test10 (ADC Calibration) results 2008-01-18 14:53:53
Board ID375 30 channels
Linux calibration software

Voltmeter channel: A=1.0629, B=-1369.47

A:
1.07107,1.06696,1.0664,1.06521,1.06706,1.07266,1.06746,1.06849,1.07136,1.0663
1.066,1.07295,1.07288,1.07494,1.06253,1.07732,1.06276,1.06342,1.06511,1.07216
1.06491,1.06382,1.07017,1.07275,1.06442,1.07861,1.06319,1.06303,1.06399,1.07414


B:
5.91044,5.54916,4.47513,4.61298,10.4224,3.12955,8.04371,4.65267,5.13947,4.40312
5.51961,4.96373,9.49433,5.33011,3.27253,7.5801,3.31353,6.11915,7.94088,8.3708
7.52694,4.07016,6.07618,5.58325,4.90224,7.07122,7.47924,9.50582,5.45538,7.20607


