========================================================

Test11 results 09-05-2005  16:36:33
Board ID375  30 channels
HV Tests Software Ver.1.6

+5V 2518 - O'k
-5V 1305 - O'k
Interlock - On
Calibration DAC Range: [2500 - 2900]


A:
Limits 0.76 +/- 0.04
0.744879,0.746269,0.747664,0.746269,0.743494,0.740741,0.747664,0.746269,0.747664,0.747664
0.746269,0.743494,0.743494,0.742115,0.744879,0.743494,0.750469,0.747664,0.747664,0.743494
0.744879,0.743494,0.744879,0.743494,0.746269,0.747664,0.747664,0.746269,0.747664,0.739372


B:
Limits 60.0 +/- 40.0
54.323463,58.209057,57.603107,61.315109,65.749962,68.036301,64.993225,61.393089,56.805977,62.692184
68.148674,66.618881,71.307289,64.372887,59.751114,51.267429,54.438374,63.65086,56.727489,54.979458
70.332176,66.618881,56.640659,71.055344,68.94268,63.568718,59.834053,61.875721,58.320835,70.169342
========================================================
Test11 (DAC Calibration) results 2008-01-18 14:53:53
Board ID375 30 channels
Linux calibration software
Calibration DAC Range: [1100 - 2700]

A:
0.741359,0.74384,0.744602,0.745434,0.743771,0.740261,0.743494,0.743149,0.741152,0.744671
0.744879,0.740056,0.739372,0.738689,0.747314,0.737056,0.747524,0.746687,0.745504,0.740604
0.745643,0.746408,0.741977,0.744255,0.74599,0.736174,0.746478,0.746965,0.745921,0.739235


B:
68.9184,71.2691,71.5563,71.4499,70.0259,71.7776,71.0036,72.2248,71.8734,71.6094
72.365,72.803,75.231,71.7452,72.4428,69.3014,71.1081,70.3192,68.9683,67.8947
70.864,72.6443,71.1741,70.695,72.0254,71.2707,70.6074,66.1998,72.1213,68.7673


========================================================
Test11 (ADC Calibration) results 2008-06-17 18:39:44
Board ID375 30 channels
Linux calibration software

Calibration DAC Range: [1000 - 3500]

A:
0.73,0.7336,0.734,0.734,0.7332,0.7296,0.7328,0.7328,0.732,0.734
0.7348,0.7292,0.7284,0.7284,0.7364,0.7272,0.736,0.7356,0.7344,0.7296
0.7348,0.736,0.7316,0.7336,0.7352,0.728,0.7348,0.7356,0.7348,0.7292


B:
69.9999,69.3999,70.9999,71.9999,69.7999,70.4,72.2,72.2,71,70.9999
72.2001,72.8,76.6,71.6,71.6,69.8001,72,70.4,69.6001,68.4
71.2001,72,70.4,70.3999,70.8,71.0001,72.2001,67.4,72.2001,67.8


