========================================================

Test10 results 01-27-2005  11:54:31
Board ID296  30 channels
HV Tests Software Ver.1.6

+5V 2509 - O'k
-5V 1304 - O'k
Interlock - On

Voltmeter channel: A=1.075847, B=6.454941

A:
Limits 1.1 +/- 0.1
1.068947,1.083424,1.066098,1.077006,1.077006,1.070664,1.082837,1.071811,1.084599,1.079331
1.082251,1.072961,1.078167,1.082837,1.084011,1.077586,1.089325,1.070664,1.093494,1.078749
1.088139,1.075269,1.077586,1.092299,1.079914,1.078167,1.068947,1.091107,1.077586,1.074691


B:
Limits 0.0 +/- 30.0
3.20688,6.500557,17.057522,3.230799,3.230799,13.918636,2.165849,6.431027,4.338535,9.714025
8.658047,11.802734,6.469132,-1.082662,9.7561,8.620811,6.53604,6.423989,5.467514,7.55105
8.705064,13.978319,7.543225,14.1997,6.479447,4.312799,11.758456,5.455488,3.232881,8.597414
========================================================
Test10 (ADC Calibration) results 2007-09-14 10:37:22
Board ID296 30 channels
Linux calibration software

Voltmeter channel: A=1.07109, B=-1426.12

A:
1.06761,1.08248,1.06657,1.07572,1.07608,1.07115,1.0801,1.07226,1.0843,1.07935
1.08241,1.07245,1.07691,1.08162,1.0838,1.07723,1.08925,1.06956,1.09238,1.0782
1.08716,1.07766,1.07838,1.09193,1.07848,1.0764,1.06747,1.09086,1.07643,1.0739


B:
2.34006,5.01101,11.9289,1.21497,1.47688,7.42973,3.2718,2.15919,2.10645,6.37942
4.93159,8.49314,5.43531,-1.41576,4.74672,5.86785,1.94458,4.98834,4.95774,5.30688
8.73429,11.3037,1.60936,10.0564,5.28141,4.26335,11.1719,2.69451,2.47386,6.29227


========================================================
Test10 (ADC Calibration) results 2008-06-17 15:59:19
Board ID296 30 channels
Linux calibration software

Voltmeter channel: A=1.07, B=0

A:
1.08496,1.09903,1.0689,1.09136,1.09318,1.08721,1.08712,1.08775,1.09995,1.09573
1.09784,1.08937,1.09336,1.09857,1.1005,1.09372,1.10615,1.08667,1.10895,1.09527
1.10318,1.09564,1.09381,1.10793,1.09537,1.09345,1.0847,1.1069,1.09354,1.09009


B:
0.379536,5.72867,24.3356,2.05362,-0.282853,7.85456,6.41561,3.65747,3.12597,6.55752
7.69965,7.59917,5.01541,-2.63921,5.48037,6.21105,1.63882,4.00563,4.84777,3.25281
9.64915,11.6814,2.84652,9.99211,5.79779,4.05671,8.87378,3.39367,0.911343,6.06065


========================================================
Test10 (ADC Calibration) results 2008-07-16 21:23:30
Board ID296 30 channels
Linux calibration software

Voltmeter channel: A=1.07, B=0

A:
1.08572,1.09961,1.06766,1.09125,1.09352,1.08815,1.08638,1.08825,1.10124,1.09713
1.09827,1.08994,1.09361,1.09951,1.10124,1.09485,1.10654,1.08712,1.10936,1.09589
1.10374,1.05527,1.0939,1.10819,1.0957,1.09409,1.08516,1.1078,1.09409,1.09022


B:
-0.329248,4.97841,25.2708,1.49853,-0.16246,5.89275,4.05923,2.75876,1.06448,4.17956
7.08214,6.64189,4.78064,-4.8297,4.36819,3.86553,1.06585,3.1482,4.03903,2.90403
8.48223,12.8722,2.98781,9.53261,4.83239,3.46942,8.65681,1.6864,0.406305,5.29156


