========================================================

Test11 results 04-18-2005  12:28:05
Board ID293  30 channels
HV Tests Software Ver.1.6

+5V 2513 - O'k
-5V 1372 - O'k
Interlock - On
Calibration DAC Range: [2500 - 2900]


A:
Limits 0.76 +/- 0.04
0.744879,0.746269,0.733945,0.743494,0.735294,0.742115,0.746269,0.743494,0.736648,0.739372
0.736648,0.735294,0.738007,0.743494,0.746269,0.743494,0.740741,0.736648,0.747664,0.738007
0.747664,0.742115,0.738007,0.736648,0.743494,0.740741,0.746269,0.747664,0.742115,0.738007


B:
Limits 60.0 +/- 30.0
62.441841,54.250336,64.793404,64.903549,50.284046,57.09161,54.100937,54.003983,62.865585,63.276543
59.727276,49.333694,69.112206,53.341084,58.977371,54.003983,54.818523,62.066528,53.281044,48.134312
48.203285,61.609524,62.186001,57.205479,59.531364,64.68235,54.825886,56.479607,57.891342,53.743603
========================================================
Test11 (DAC Calibration) results 2008-04-16 09:47:47
Board ID293 30 channels
Linux calibration software
Calibration DAC Range: [1100 - 2700]

A:
0.746547,0.744879,0.733676,0.741496,0.755929,0.741152,0.745573,0.741702,0.735903,0.738825
0.735768,0.733003,0.740261,0.741084,0.743909,0.742873,0.739372,0.736377,0.747314,0.734417
0.74384,0.742804,0.737395,0.735903,0.741977,0.742459,0.745434,0.747384,0.742184,0.736174


B:
60.3585,64.0223,69.9193,69.3206,34.7445,62.3866,61.4166,63.5455,69.4418,70.0775
66.3937,61.9206,65.8555,63.2236,67.3052,59.9776,65.6192,66.7158,58.8417,57.5693
66.0622,63.7882,66.9095,66.2035,69.3934,62.7842,62.952,61.1361,62.4269,64.498


========================================================
Test11 (DAC Calibration) results 2008-04-16 16:20:11
Board ID293 30 channels
Linux calibration software
Calibration DAC Range: [1100 - 2700]

A:
0.746687,0.745018,0.733743,0.741565,0.743494,0.74129,0.745573,0.741702,0.735971,0.738825
0.735835,0.732936,0.740261,0.741084,0.743909,0.742873,0.739303,0.736648,0.747384,0.734551
0.743978,0.742873,0.737531,0.736716,0.741702,0.742322,0.745782,0.747314,0.742184,0.736038


B:
59.8656,63.5315,69.8249,69.225,57.6207,62.0461,61.4166,63.8421,69.1996,70.0775
66.2987,62.1622,65.8555,63.2236,67.3052,59.9776,65.8626,65.7458,58.5946,57.5245
65.8701,63.692,66.7189,65.6506,69.7757,63.2734,62.1701,61.2331,62.4269,64.983


