========================================================

Test10 results 08-22-2005  14:45:39
Board ID046  36 channels
HV Tests Software Ver.1.6

+5V 3054 - O'k
-5V 1384 - O'k
Interlock - On

Voltmeter channel: A=1.068376, B=17.094032

A:
Limits 1.1 +/- 0.1
1.079914,1.079331,1.082837,1.081081,1.081081,1.075847,1.073537,1.066098,1.078749,1.079914,1.077006,1.080497
1.073537,1.075847,1.075847,1.074114,1.077006,1.078167,1.090513,1.081081,1.081666,1.076426,1.083424,1.084011
1.074691,1.073537,1.088139,1.081666,1.081081,1.079914,1.080497,1.078749,1.072386,1.081081,1.077586,1.071811


B:
Limits 0.0 +/- 30.0
8.639275,10.793356,6.497197,14.054233,17.297476,9.682483,9.661671,15.991423,4.314804,12.958929,14.000859,14.04647
13.95582,16.137566,9.682483,13.963518,10.769841,9.703633,10.905224,12.973151,7.571701,7.534973,9.750828,8.672089
16.120251,7.514596,9.793203,7.571701,15.135313,17.278584,10.804978,-1.078939,17.158298,11.89207,11.85357,10.718273
========================================================
Test10 (ADC Calibration) results 2008-02-06 11:41:58
Board ID46 36 channels
Linux calibration software

Voltmeter channel: A=1.06699, B=14.6098

A:
1.08055,1.08185,1.08306,1.08398,1.08359,1.07558,1.07362,1.06501,1.07801,1.07943,1.07809,1.08403
1.07295,1.0769,1.07491,1.07437,1.07649,1.07801,1.09098,1.08085,1.08608,1.07694,1.08284,1.0845
1.07872,1.07386,1.08956,1.08166,1.09139,1.07943,1.08055,1.07767,1.074,1.08312,1.08028,1.07068


B:
1.94687,5.36492,3.52897,7.26699,12.5466,6.18827,4.79683,13.0192,0.468244,8.51784,7.21202,11.3285
9.79329,11.9524,5.36212,7.97718,9.15796,9.39023,7.99781,9.32331,0.974837,4.33376,8.53035,4.02483
9.0577,4.56696,5.48057,3.18806,9.35986,12.5589,7.3496,-2.02052,8.39147,4.18302,6.19905,7.40924


========================================================
Test10 (ADC Calibration) results 2008-02-14 11:22:54
Board ID46 36 channels
Linux calibration software

Voltmeter channel: A=1.06734, B=12.8867

A:
1.08055,1.08109,1.08347,1.08428,1.08369,1.07514,1.07396,1.06501,1.07791,1.07913,1.077,1.08444
1.07349,1.07741,1.07511,1.07501,1.07649,1.07801,1.09154,1.0802,1.08563,1.07694,1.08349,1.0845
1.07872,1.07396,1.08956,1.08122,1.09119,1.07964,1.08075,1.07753,1.07237,1.08257,1.07978,1.07068


B:
1.94687,6.52318,3.01061,6.6803,12.2185,6.74906,4.76465,13.0192,0.996193,8.22297,9.67084,11.099
8.03236,9.63619,4.70572,5.88389,9.15796,8.31222,6.20716,10.344,1.33737,4.33376,6.42393,2.94033
9.25765,3.36475,5.88033,3.75013,10.0151,12.1021,6.69381,-1.84343,11.5264,4.87501,7.76377,7.40924


========================================================
Test10 (ADC Calibration) results 2008-06-19 12:08:44
Board ID046 36 channels
Linux calibration software

Voltmeter channel: A=1.07, B=0

A:
1.09812,1.10171,1.10189,1.103,1.10653,1.09256,1.09092,1.07946,1.0951,1.09647,1.09465,1.11214
1.09065,1.09629,1.09219,1.08876,1.09392,1.09702,1.10896,1.09803,1.107,1.09556,1.10254,1.10245
1.10774,1.09219,1.10765,1.09867,1.1145,1.09666,1.09803,1.09556,1.09029,1.10162,1.09803,1.08822


B:
3.26599,6.13959,2.66516,8.26733,11.6973,6.41214,5.51317,13.9296,1.65778,8.94654,9.9599,10.4024
8.81737,11.9642,6.30905,9.25555,9.97006,7.34737,7.72952,9.93877,2.42026,3.86643,6.26276,4.80366
8.16458,4.99848,5.14783,2.97973,12.7379,13.6048,6.64469,-1.17338,10.677,6.22382,8.18169,7.35913


========================================================
Test10 (ADC Calibration) results 2008-06-19 21:33:17
Board ID046 36 channels
Linux calibration software

Voltmeter channel: A=1.07, B=0

A:
1.09821,1.10162,1.10189,1.1031,1.10634,1.09256,1.09083,1.07928,1.09483,1.09629,1.09456,1.11158
1.09056,1.09638,1.09237,1.08786,1.09374,1.09675,1.10905,1.09803,1.10653,1.09547,1.06555,1.10217
1.10718,1.09201,1.10728,1.09849,1.11384,1.09666,1.09785,1.09565,1.09056,1.10152,1.09803,1.08813


B:
2.52305,5.56275,2.44484,7.52157,11.6441,6.19368,4.72434,12.7985,1.91023,9.33298,10.0428,10.4658
8.46473,11.0035,5.70509,9.86735,9.9181,7.59881,6.97945,9.49928,2.62378,3.95023,40.8543,5.05705
7.78583,5.16557,5.48669,3.14863,11.9939,13.3855,7.03179,-2.13453,9.99128,5.64747,8.18169,7.44217


========================================================
Test10 (ADC Calibration) results 2008-06-20 09:41:00
Board ID046 36 channels
Linux calibration software

Voltmeter channel: A=1.07, B=0

A:
1.09821,1.10189,1.1018,1.10291,1.10681,1.09265,1.09129,1.07955,1.09519,1.09656,1.09456,1.11186
1.0902,1.09629,1.09219,1.08831,1.09401,1.09693,1.10924,1.09794,1.10653,1.09547,1.10217,1.10263
1.10737,1.0921,1.10728,1.0983,1.11384,1.09656,1.09803,1.09592,1.09065,1.10143,1.0984,1.08831


B:
2.52305,5.53019,2.30938,7.6901,11.0018,6.32821,4.74276,13.2002,1.35463,8.64358,10.2621,10.2115
8.79756,11.5256,5.6539,9.23514,9.2303,7.43097,7.03167,10.0221,2.84503,3.73079,7.04062,4.41413
8.05952,4.86344,5.92988,3.53677,11.7712,13.2491,6.20519,-2.60701,9.25352,6.17229,6.96739,6.84092


