========================================================

Test11 results 08-22-2005  14:46:55
Board ID046  36 channels
HV Tests Software Ver.1.6

+5V 3056 - O'k
-5V 1383 - O'k
Interlock - On
Calibration DAC Range: [2500 - 2900]


A:
Limits 0.76 +/- 0.04
0.750469,0.75188,0.750469,0.75188,0.75188,0.757576,0.757576,0.761905,0.753296,0.753296,0.75188,0.75188
0.756144,0.754717,0.753296,0.754717,0.754717,0.75188,0.742115,0.75188,0.747664,0.756144,0.747664,0.750469
0.754717,0.754717,0.743494,0.749064,0.749064,0.75188,0.75188,0.754717,0.754717,0.747664,0.754717,0.756144


B:
Limits 60.0 +/- 40.0
65.975922,54.961956,54.149986,51.884682,53.424053,50.634979,56.752735,58.69619,65.496666,52.949581,65.773895,55.862705
59.890152,59.763187,66.733093,60.478844,56.60981,66.677399,69.118546,55.049885,80.887642,53.580708,67.302841,56.67366
58.855721,69.001472,72.535622,72.456917,67.41317,55.686302,62.993816,64.315811,64.142792,74.414406,56.893566,68.310745
========================================================
Test11 (DAC Calibration) results 2008-02-06 11:41:58
Board ID46 36 channels
Linux calibration software
Calibration DAC Range: [1100 - 2700]

A:
0.750117,0.749977,0.749134,0.748503,0.748013,0.753579,0.754575,0.760673,0.75188,0.750892,0.752587,0.748083
0.75543,0.752658,0.754432,0.754432,0.752941,0.75188,0.742942,0.749906,0.745921,0.753012,0.748153,0.747384
0.751385,0.754788,0.743909,0.749344,0.742666,0.750892,0.750117,0.751738,0.755073,0.748713,0.752587,0.756644


B:
71.5894,60.6825,61.2509,63.3234,66.0964,70.0076,70.7601,68.5271,75.9399,68.2748,68.2032,64.0547
68.0832,68.1061,69.2947,67.0314,66.9647,68.4211,69.5394,67.6791,82.5642,65.211,67.9978,70.8521
66.244,71.2238,72.2149,77.1449,70.9617,63.6193,71.5894,79.1392,67.8151,74.263,64.4403,74.4445


========================================================
Test11 (DAC Calibration) results 2008-02-14 11:22:54
Board ID46 36 channels
Linux calibration software
Calibration DAC Range: [1100 - 2700]

A:
0.750117,0.750117,0.748853,0.748293,0.747943,0.753509,0.754717,0.760673,0.75195,0.751103,0.752587,0.747803
0.75543,0.752304,0.75429,0.754361,0.752941,0.75188,0.742942,0.749977,0.745851,0.753012,0.748083,0.747384
0.751385,0.754717,0.743909,0.749274,0.742804,0.750751,0.749977,0.751456,0.755073,0.748713,0.752941,0.756644


B:
71.5894,60.3376,61.6402,63.7638,66.3426,70.1044,70.2642,68.5271,75.5426,67.684,68.2032,65.0403
68.0832,69.0424,69.7906,67.2796,66.9647,68.4211,69.5394,67.4323,82.8081,65.211,68.244,70.8521
66.0937,71.3207,71.9174,77.2407,70.4734,63.9639,72.0821,79.5228,67.8151,74.263,62.447,74.4445


