========================================================

Test10 results 06-29-2005  11:27:29
Board ID369  30 channels
HV Tests Software Ver.1.6

+5V 2505 - O'k
-5V 1332 - O'k
Interlock - On

Voltmeter channel: A=1.085776, B=-1.085773

A:
Limits 1.1 +/- 0.1
1.072961,1.074114,1.076426,1.082251,1.061571,1.066098,1.072386,1.066098,1.076426,1.083424
1.071237,1.084599,1.068947,1.072961,1.073537,1.088139,1.073537,1.079331,1.074114,1.071237
1.076426,1.074691,1.076426,1.080497,1.078749,1.075847,1.091703,1.073537,1.072961,1.092896


B:
Limits 0.0 +/- 30.0
4.292006,4.296494,2.152842,11.9048,9.554155,19.189716,16.085913,4.264344,8.6114,5.417133
14.997149,-1.084458,10.689509,4.292006,5.367522,5.440646,10.735209,5.396702,6.444721,4.284775
5.382121,15.04556,-1.049042e-005,7.563487,6.472301,5.379094,2.183404,16.102896,7.51089,1.09272
========================================================
Test10 (ADC Calibration) results 2007-11-07 11:31:51
Board ID369 30 channels
Linux calibration software

Voltmeter channel: A=0.986494, B=-993.389

A:
1.07209,1.07359,1.07426,1.08399,1.06071,1.06677,1.07001,1.06526,1.07871,1.08239
1.07081,1.08299,1.06978,1.07121,1.07202,1.08716,1.07265,1.07783,1.07336,1.06881
1.07432,1.0755,1.07607,1.07986,1.07817,1.0761,1.09072,1.07466,1.07426,1.09073


B:
1.87116,2.0085,1.61576,7.2958,6.01668,12.0054,13.5073,0.988075,1.15345,3.2846
11.0806,-2.48079,6.24083,3.98608,3.6115,1.82775,6.87416,2.69613,2.83688,4.75344
4.6329,11.6107,-3.45196,7.45935,2.47606,2.42325,-0.648509,13.3053,7.69002,2.32119


