========================================================

Test11 results 06-29-2005  11:28:50
Board ID369  30 channels
HV Tests Software Ver.1.6

+5V 2505 - O'k
-5V 1332 - O'k
Interlock - On
Calibration DAC Range: [2500 - 2900]


A:
Limits 0.76 +/- 0.04
0.749064,0.749064,0.746269,0.743494,0.754717,0.754717,0.749064,0.753296,0.746269,0.740741
0.750469,0.742115,0.750469,0.749064,0.749064,0.739372,0.749064,0.744879,0.749064,0.749064
0.744879,0.747664,0.744879,0.747664,0.744879,0.750469,0.735294,0.749064,0.749064,0.735294


B:
Limits 60.0 +/- 30.0
66.183136,71.00798,73.091064,64.496582,77.526863,55.730721,68.507141,73.034218,69.242752,74.270744
64.626686,71.592026,71.494324,74.936905,70.828758,72.044662,66.987251,75.734367,67.967834,76.266602
80.043793,62.0942,83.251167,65.983658,71.630806,60.322117,79.231941,61.358299,68.418808,79.231941
========================================================
Test11 (DAC Calibration) results 2007-11-07 11:31:51
Board ID369 30 channels
Linux calibration software
Calibration DAC Range: [1100 - 2700]

A:
0.749204,0.748153,0.747314,0.740604,0.756859,0.752941,0.749906,0.754006,0.744602,0.741702
0.749344,0.74129,0.750821,0.749064,0.748503,0.738075,0.748433,0.744463,0.747943,0.750751
0.746896,0.746826,0.74606,0.747943,0.744602,0.746408,0.736038,0.747035,0.747314,0.735294


B:
72.0923,79.2201,78.4213,76.6339,77.4833,68.4705,75.628,77.5683,78.2577,77.1927
75.0467,81.4678,73.6273,82.7715,79.0419,84.4082,76.8922,84.5523,78.3097,78.9789
79.8898,68.0357,84.6126,69.4839,80.1934,78.9141,84.12,69.689,74.6847,84.5589


========================================================
Test11 (DAC Calibration) results 2008-03-27 10:37:36
Board ID369 30 channels
Linux calibration software
Calibration DAC Range: [1100 - 2700]

A:
0.749415,0.748713,0.746965,0.740535,0.756644,0.752941,0.751174,0.753509,0.74481,0.741496
0.749274,0.775946,0.750751,0.749064,0.748853,0.738007,0.748363,0.744602,0.747664,0.750962
0.746617,0.746965,0.74613,0.747733,0.74474,0.746338,0.735971,0.747175,0.747245,0.735091


B:
72.5527,78.7553,79.7945,77.173,78.379,68.4705,75.399,79.7494,78.1212,78.0703
75.5926,937.983,74.4744,83.3708,79.0136,85.0923,77.1375,84.5123,79.2897,79.1421
80.8679,68.4407,84.8161,70.3711,84.7701,79.6064,84.3606,69.6459,74.9299,85.2799


========================================================
Test11 (DAC Calibration) results 2008-03-27 10:49:26
Board ID369 30 channels
Linux calibration software
Calibration DAC Range: [1100 - 2700]

A:
0.749485,0.748573,0.747035,0.740604,0.756501,0.752941,0.751315,0.753367,0.744671,0.741633
0.749134,0.795387,0.750469,0.748923,0.748994,0.738144,0.748363,0.744463,0.747594,0.750892
0.746617,0.747035,0.74613,0.747664,0.744948,0.746547,0.736038,0.746826,0.747384,0.735091


B:
72.0067,78.9463,79.4005,76.782,78.7234,68.4705,75.5073,79.9416,78.3115,77.4357
75.7842,884.927,74.8593,83.5613,78.5225,84.7574,76.9878,84.7012,79.2357,79.0875
80.8679,68.195,84.8161,70.4673,84.0394,78.8727,84.2672,70.4255,74.589,85.2799


========================================================
Test11 (DAC Calibration) results 2008-03-27 11:35:32
Board ID369 30 channels
Linux calibration software
Calibration DAC Range: [1100 - 2700]

A:
0.749415,0.748433,0.747314,0.740604,0.756644,0.752729,0.751315,0.753721,0.74474,0.741633
0.749064,0.749344,0.75068,0.749274,0.748923,0.737939,0.748503,0.744463,0.747733,0.750751
0.746687,0.747035,0.74599,0.747664,0.744602,0.746478,0.735971,0.747035,0.747314,0.735159


B:
72.5527,79.1375,78.7202,76.782,78.379,69.3641,75.2067,78.8581,78.2163,77.584
76.03,74.2974,74.1202,82.4856,78.7678,85.0384,76.9461,84.7012,78.7457,79.5796
80.7728,68.195,85.3041,70.4673,80.6404,79.1171,84.3606,69.8384,74.8342,85.0393


========================================================
Test11 (ADC Calibration) results 2008-06-17 18:39:44
Board ID369 30 channels
Linux calibration software

Calibration DAC Range: [1000 - 3500]

A:
0.738,0.7372,0.7356,0.7292,0.7452,0.7412,0.7408,0.7424,0.7336,0.7304
0.738,0.738,0.7396,0.7372,0.7372,0.7268,0.7368,0.7332,0.7364,0.7388
0.7356,0.7364,0.7356,0.7364,0.7332,0.7352,0.7244,0.7352,0.736,0.724


B:
72.0001,77.7999,78.4,75.8,77.8001,69.8001,75.1999,77.6,77.3999,76.5999
74.0001,75.0001,73.4,83.7999,77.7999,84.1999,77.2,83.7999,78.6,79.2
79.4,65.6,82.4,69.6,79.7999,77.8,83.6001,70.8,75,84.0001


========================================================
Test11 (ADC Calibration) results 2008-07-16 22:38:23
Board ID369 30 channels
Linux calibration software

Calibration DAC Range: [1000 - 3500]

A:
0.7372,0.7364,0.7348,0.7288,0.7444,0.7404,0.7404,0.742,0.7328,0.7296
0.7372,0.7372,0.7388,0.7372,0.7368,0.7264,0.736,0.7324,0.736,0.7384
0.7348,0.7356,0.7348,0.7356,0.7332,0.7348,0.724,0.7348,0.736,0.7236


B:
72.7999,79.6,79.2001,76.2,78.5999,70.5999,75.5999,78.0001,78.2,78.4
75.7999,75.7999,74.2,82.7999,78.2,84.5999,77,84.6,79,79.6001
81.2001,67.4,83.2001,70.4,78.7999,77.2001,84.0001,70.2001,75,84.4001


========================================================
Test11 (ADC Calibration) results 2008-07-20 18:58:34
Board ID369 30 channels
Linux calibration software

Calibration DAC Range: [1000 - 3500]

A:
0.7372,0.7368,0.7352,0.7284,0.7444,0.7408,0.7416,0.7424,0.7328,0.7296
0.7376,0.7376,0.7388,0.7372,0.7372,0.7264,0.7364,0.7324,0.7356,0.7384
0.7348,0.7352,0.7348,0.736,0.7332,0.7344,0.7236,0.7344,0.7356,0.7236


B:
72.7999,78.2,78.8,77.6,78.5999,70.1999,73.4001,76.6,78.2,78.4
74.3999,74.3999,74.2,82.7999,76.7999,84.5999,76.6,84.6,79.4,79.6001
80.2001,67.8,83.2001,69,78.7999,78.6001,84.4001,71.6001,75.4,84.4001


========================================================
Test11 (ADC Calibration) results 2008-07-24 15:42:31
Board ID369 30 channels
Linux calibration software

Calibration DAC Range: [1000 - 3500]

A:
0.7372,0.7364,0.7348,0.7284,0.7448,0.7412,0.7404,0.742,0.7332,0.73
0.7376,0.7368,0.7392,0.7368,0.7368,0.7264,0.7368,0.7324,0.736,0.7388
0.7348,0.7356,0.7348,0.7356,0.7328,0.7348,0.7244,0.7348,0.7356,0.724


B:
72.7999,78.6,78.2001,76.6,77.2001,68.8001,74.5999,77.0001,76.7999,76.9999
73.3999,75.2,72.8,82.2,77.2,83.5999,76.2,83.6,78,78.2
79.2001,66.4,82.2001,69.4,79.2,76.2001,82.6001,70.2001,75.4,83.0001


========================================================
Test11 (ADC Calibration) results 2009-02-09 11:16:14
Board ID369 30 channels
Host: ufcmshv3
Linux calibration software

Calibration DAC Range: [1000 - 3500]

A:
0.77,0.7696,0.7516,0.7528,0.7704,0.7688,0.7728,0.7728,0.7636,0.7624
0.7644,0.7484,0.7708,0.7664,0.762,0.7696,0.7684,0.7688,0.7704,0.7592
0.7748,0.772,0.762,0.7584,0.77,0.7712,0.766,0.7616,0.7756,0.7616


B:
72.0001,78.4001,78.3999,76.2,78.6,73.1999,79.1999,77.1999,79.4,76.6001
73.6,74.6001,74.2,82.6001,75.9999,83.4001,75.6,84.1999,79.6,79.8001
79.2,67.9999,81.9999,68.5999,79.0001,76.8,85.0001,72.3999,75.3999,82.3999


