========================================================

Test10 results 01-10-2006  16:20:00
Board ID095  36 channels
HV Tests Software Ver.1.6

+5V 2499 - O'k
-5V 1342 - O'k
Interlock - On

Voltmeter channel: A=1.035733, B=20.71479

A:
Limits 1.1 +/- 0.1
1.076426,1.075847,1.074114,1.081666,1.074691,1.073537,1.077586,1.075847,1.079331,1.079331,1.082837,1.084011
1.079331,1.071237,1.071237,1.079914,1.078167,1.071237,1.078167,1.077006,1.078167,1.084599,1.073537,1.076426
1.078167,1.076426,1.077586,1.078167,1.076426,1.075269,1.077586,1.088139,1.076426,1.070664,1.077006,1.078167


B:
Limits 0.0 +/- 35.0
6.458547,7.530788,9.667063,8.653366,12.896177,12.882283,10.775984,11.834177,11.872686,11.872686,11.911382,14.092143
6.476033,13.925911,9.640962,12.958929,10.781801,10.712199,10.781801,8.615829,8.625466,9.761528,8.588134,8.6114
10.781801,11.840678,8.620811,7.547299,8.6114,9.677243,10.775984,10.881342,11.840678,13.918636,11.846848,10.781801
========================================================
Test10 (ADC Calibration) results 2007-06-13 13:12:08
Board ID95 36 channels
Linux calibration software

Voltmeter channel: A=1.01086, B=14.3924

A:
1.08723,1.08723,1.08552,1.08908,1.08898,1.08883,1.08993,1.08818,1.0941,1.09134,1.09726,1.081
1.09074,1.08507,1.08562,1.09385,1.08984,1.08391,1.09159,1.08898,1.08988,1.09771,1.08477,1.08848
1.09084,1.07569,1.08918,1.09064,1.07579,1.08918,1.09159,1.10072,1.08898,1.08512,1.09077,1.09184


B:
-9.29107,-5.24761,-5.343,-2.13798,-5.68195,-3.20505,-6.20419,-5.4521,-5.35739,-4.22352,-4.72096,7.59849
-7.32954,-3.4663,-7.27389,-5.23615,-4.9886,-6.76773,-5.93395,-5.89025,-7.33399,-7.39069,-5.16737,-5.05657
-5.27111,9.78746,-5.94758,-6.71409,6.13339,-4.54907,-6.43426,-4.68688,-4.29257,-3.13844,-8.38202,-4.96374


========================================================
Test10 (ADC Calibration) results 2007-06-13 14:04:10
Board ID95 36 channels
Linux calibration software

Voltmeter channel: A=1.00815, B=14.7769

A:
1.08678,1.08728,1.08557,1.08868,1.08823,1.08948,1.08998,1.08788,1.0941,1.09129,1.09666,1.08362
1.09074,1.08432,1.08522,1.0936,1.08979,1.08396,1.09154,1.08898,1.08928,1.09666,1.08482,1.08853
1.09084,1.07389,1.08859,1.09089,1.0778,1.08888,1.09189,1.09906,1.08898,1.08547,1.09052,1.09249


B:
-8.81736,-5.41122,-5.5071,-2.12357,-3.83471,-4.0351,-6.36785,-5.36993,-5.45661,-4.06025,-2.85339,7.52936
-7.4293,-2.61076,-7.35886,-4.91526,-3.93466,-7.03076,-5.86985,-5.89025,-5.37901,-5.24218,-5.23138,-6.40847
-5.66921,11.0982,-5.18249,-8.32168,6.05331,-4.66183,-7.11542,-1.96143,-4.59091,-5.36324,-8.26003,-6.9869


========================================================
Test10 (ADC Calibration) results 2007-07-12 13:21:51
Board ID95 36 channels
Linux calibration software

Voltmeter channel: A=0.99811, B=35.7013

A:
1.07574,1.0752,1.07433,1.07816,1.075,1.07903,1.07712,1.0754,1.08321,1.08038,1.08468,1.0706
1.07847,1.07322,1.07141,1.08065,1.07841,1.071,1.08028,1.07716,1.07736,1.08502,1.07312,1.07591
1.07867,1.07211,1.07827,1.07782,1.06505,1.07766,1.07877,1.08926,1.07655,1.07231,1.07907,1.07988


B:
3.97221,8.49194,7.05517,10.0279,12.0749,11.1176,8.36734,8.55902,6.81144,7.38977,10.6975,21.7023
5.96214,8.87497,6.1419,8.77406,7.31928,8.58674,8.23871,9.39484,7.05964,7.57097,8.33127,7.79052
8.30399,13.7677,5.09885,6.54269,19.602,6.59515,7.25363,8.57044,9.61528,9.4373,7.347,7.83484


