========================================================

Test11 results 04-03-2006  17:51:55
Board ID162  36 channels
HV Tests Software Ver.1.6

+5V 2516 - O'k
-5V 1317 - O'k
Interlock - On
Calibration DAC Range: [2500 - 2900]


A:
Limits 0.76 +/- 0.04
0.743494,0.743494,0.742115,0.744879,0.740741,0.749064,0.743494,0.750469,0.743494,0.754717,0.744879,0.739372
0.753296,0.746269,0.75188,0.747664,0.740741,0.746269,0.747664,0.750469,0.749064,0.740741,0.742115,0.747664
0.747664,0.744879,0.739372,0.747664,0.749064,0.747664,0.754717,0.756144,0.746269,0.747664,0.744879,0.743494


B:
Limits 60.0 +/- 40.0
70.957512,58.645561,65.594223,61.179039,66.245392,67.352455,70.312218,64.092972,70.156837,56.535374,65.120934,65.341042
62.7873,59.52013,62.066082,56.466644,65.37336,68.109138,62.0942,61.234371,57.420044,59.287563,66.32402,63.37085
58.154549,67.293922,65.341042,59.763229,52.913044,58.154549,54.491222,64.661644,68.19149,68.09906,70.265251,64.122658
========================================================
Test11 (DAC Calibration) results 2008-04-30 10:11:11
Board ID162 36 channels
Linux calibration software
Calibration DAC Range: [1100 - 2700]

A:
0.745157,0.74184,0.742046,0.743494,0.740878,0.749134,0.745018,0.751174,0.744948,0.752445,0.74481,0.740192
0.752729,0.745643,0.750962,0.745921,0.740947,0.747803,0.746408,0.749625,0.746756,0.739167,0.742597,0.748153
0.745018,0.745782,0.73828,0.745851,0.745504,0.745851,0.751103,0.756358,0.747175,0.748923,0.746965,0.744048


B:
68.5543,69.2876,69.2977,69.5166,69.5869,70.5403,69.0443,64.2816,69.1404,68.5478,70.2263,67.8758
68.1594,66.3901,70.7314,66.6016,68.3059,67.882,69.5094,67.7661,69.1777,69.454,68.3839,65.903
70.6838,69.4788,72.4621,69.8303,69.2668,69.3828,70.0872,68.0249,69.7953,68.2829,65.901,67.8572


========================================================
Test11 (ADC Calibration) results 2008-06-19 12:56:33
Board ID162 36 channels
Linux calibration software

Calibration DAC Range: [1000 - 3500]

A:
0.7332,0.7304,0.7464,0.7308,0.7288,0.7372,0.7328,0.7388,0.7332,0.7404,0.7328,0.7276
0.7404,0.7336,0.7388,0.7332,0.728,0.7348,0.734,0.738,0.7344,0.7276,0.73,0.7356
0.734,0.7332,0.7272,0.7344,0.7336,0.734,0.7384,0.7444,0.7352,0.7372,0.7348,0.7312


B:
68.7999,67.5999,53.6,72.2001,70.2,70.7999,70.2,66.2,69.7999,68.5999,70.2,70.4001
69.5999,66.3999,70.2,67.7999,70.0001,70.2001,70.9999,68.0001,70.6001,70.4001,69.9999,68.4
67.9999,70.7999,70.8001,69.6001,69.3999,68.9999,71.6001,68.5999,69.8,67.7999,68.2001,68.8001


========================================================
Test11 (ADC Calibration) results 2008-07-17 10:58:43
Board ID162 36 channels
Linux calibration software

Calibration DAC Range: [1000 - 3500]

A:
0.7324,0.73,0.7476,0.7308,0.7284,0.7368,0.7324,0.7384,0.7324,0.74,0.7324,0.7276
0.74,0.7328,0.7384,0.7324,0.7276,0.7348,0.7344,0.7372,0.7344,0.7272,0.7292,0.7352
0.7332,0.7328,0.7268,0.734,0.7332,0.7332,0.738,0.7436,0.7344,0.7368,0.7336,0.7308


B:
70.6,67.9999,57.3999,71.2001,70.6,71.2,70.6,66.6001,70.6,69,70.6,69.4001
70,68.2,70.6001,68.6,69.4001,70.2001,69.6001,68.7999,69.6001,69.8001,71.8,68.8
68.7999,71.2,71.1999,69.9999,69.7999,69.7999,72.0001,69.4,70.6001,68.2,69.3999,69.2001


========================================================
Test11 (ADC Calibration) results 2008-07-20 18:37:46
Board ID162 36 channels
Linux calibration software

Calibration DAC Range: [1000 - 3500]

A:
0.7328,0.7296,0.7472,0.7312,0.7288,0.7368,0.7324,0.7388,0.7328,0.7404,0.732,0.7276
0.74,0.7332,0.7384,0.7324,0.7276,0.7348,0.734,0.7376,0.7344,0.7276,0.7296,0.7356
0.7336,0.7328,0.7268,0.734,0.7328,0.7332,0.738,0.7436,0.7344,0.7364,0.7344,0.7308


B:
70.2,69.4,59.8,70.8001,70.2,71.2,70.6,66.2,70.2,68.5999,71,70.4001
70,67.7999,70.6001,68.6,70.4001,70.2001,70.9999,68.3999,69.6001,70.4001,70.4,68.4
68.3999,71.2,71.1999,69.9999,71.2,70.7999,72.0001,70.4,71.6001,69.6,68.6001,69.2001


========================================================
Test11 (ADC Calibration) results 2008-07-24 23:03:59
Board ID162 36 channels
Linux calibration software

Calibration DAC Range: [1000 - 3500]

A:
0.7328,0.73,0.7456,0.7308,0.7288,0.7372,0.7324,0.738,0.7328,0.7404,0.7324,0.7272
0.74,0.7328,0.7384,0.7324,0.7276,0.7344,0.734,0.7372,0.7348,0.7276,0.7296,0.7356
0.7332,0.7328,0.7272,0.734,0.7336,0.7328,0.7384,0.744,0.7348,0.7372,0.7344,0.7308


B:
70.2,68.9999,62.4001,71.2001,70.2,70.7999,71.6,68.0001,70.2,68.5999,70.6,70.8001
70,69.2,71.6001,68.6,69.4001,71.6001,71.9999,69.7999,69.2001,70.4001,70.4,68.4
69.7999,72.2,70.8001,69.9999,69.3999,71.2,71.6001,68.9999,70.2001,67.7999,68.6001,69.2001


========================================================
Test11 (ADC Calibration) results 2008-08-12 23:20:39
Board ID162 36 channels
Linux calibration software

Calibration DAC Range: [1000 - 3500]

A:
0.7324,0.7296,0.7472,0.7308,0.7284,0.7368,0.7324,0.738,0.7324,0.74,0.7324,0.7272
0.74,0.7332,0.738,0.732,0.7272,0.7348,0.734,0.7376,0.7344,0.7272,0.7292,0.7352
0.7332,0.7332,0.7268,0.734,0.7324,0.7328,0.738,0.7432,0.7348,0.7368,0.7332,0.73


B:
70.6,69.4,61.8,71.2001,70.6,71.2,70.6,67.0001,70.6,69,70.6,70.8001
70,67.7999,72.0001,68,69.8001,70.2001,70.9999,68.3999,69.6001,70.8001,70.8,68.8
69.7999,70.7999,71.1999,69.9999,71.6,71.2,72.0001,70.8,70.2001,69.2,70.7999,69.9999


========================================================
Test11 (ADC Calibration) results 2008-08-13 01:14:42
Board ID162 36 channels
Linux calibration software

Calibration DAC Range: [1000 - 3500]

A:
0.7324,0.7296,0.7472,0.7308,0.7284,0.7368,0.7324,0.7384,0.7328,0.74,0.7324,0.7272
0.7392,0.7332,0.738,0.7316,0.7268,0.7348,0.734,0.7376,0.734,0.7272,0.7292,0.7356
0.7332,0.7332,0.7268,0.734,0.7328,0.7328,0.738,0.7436,0.7348,0.7364,0.7336,0.73


B:
70.6,69.4,61.8,71.2001,70.6,71.2,70.6,66.6001,69.2,69,70.6,70.8001
71.8,67.7999,71.0001,69.4,70.1999,70.2001,70.9999,68.3999,70.9999,70.8001,70.8,67.4
69.7999,70.7999,71.1999,69.9999,71.2,71.2,72.0001,69.4,70.2001,69.6,69.3999,69.9999


