========================================================

Test10 results 08-12-2005  21:54:51
Board ID358  30 channels
HV Tests Software Ver.1.6.1

+5V 2480 - O'k
-5V 1321 - O'k
Interlock - On

Voltmeter channel: A=1.075269, B=16.128857

A:
Limits 1.1 +/- 0.1
1.070664,1.077006,1.075847,1.081666,1.067236,1.088732,1.075269,1.088732,1.080497,1.066098
1.075847,1.070664,1.083424,1.081666,1.071811,1.068947,1.077006,1.070091,1.077006,1.067806
1.077006,1.082251,1.082837,1.078749,1.071237,1.067236,1.074114,1.079331,1.070091,1.073537


B:
Limits 0.0 +/- 30.0
17.130627,16.154871,9.682483,12.98003,12.806949,8.709784,12.903049,14.153442,12.965973,12.793129
12.910025,8.565317,7.583981,11.898364,9.646461,6.413721,8.615829,12.8409,8.615829,14.949322
4.307805,10.822549,3.248686,10.787296,12.854673,7.470769,8.592949,9.714025,9.630627,7.514596
========================================================

Test10 results 08-13-2005  00:25:58
Board ID358  30 channels
HV Tests Software Ver.1.6.1

+5V 2480 - O'k
-5V 1317 - O'k
Interlock - On

Voltmeter channel: A=1.074691, B=17.194942

A:
Limits 1.1 +/- 0.1
1.071237,1.077006,1.076426,1.082251,1.068376,1.088139,1.075269,1.089918,1.080497,1.066098
1.075269,1.070091,1.082837,1.081666,1.071811,1.068947,1.076426,1.069519,1.077006,1.068376
1.077006,1.081666,1.082837,1.078749,1.072386,1.067236,1.073537,1.079331,1.070664,1.073537


B:
Limits 0.0 +/- 30.0
16.068386,17.231876,7.534973,12.987051,9.6154,10.881342,12.903049,11.989102,12.965973,13.859226
13.978319,9.630627,9.745708,10.816698,10.718273,6.413721,9.687826,16.042896,8.615829,14.95728
4.307805,12.98003,5.41436,10.787296,9.651596,7.470769,10.735209,9.714025,8.565317,7.514596
