========================================================

Test11 results 08-12-2005  22:05:09
Board ID358  30 channels
HV Tests Software Ver.1.6.1

+5V 2481 - O'k
-5V 1322 - O'k
Interlock - On
Calibration DAC Range: [2500 - 2900]


A:
Limits 0.76 +/- 0.01
0.749064,0.740741,0.744879,0.739372,0.75188,0.735294,0.743494,0.736648,0.742115,0.750469
0.746269,0.746269,0.738007,0.739372,0.746269,0.747664,0.744879,0.749064,0.744879,0.750469
0.743494,0.739372,0.738007,0.747664,0.749064,0.75188,0.746269,0.743494,0.747664,0.746269
Channels:
   1   2   3   4   6   7
   8   9  11  12  13  14
  15  16  17  18  19  21
  22  23  24  25  27  28
Out of range 0.76 +/- 0.01


B:
Limits 70.0 +/- 30.0
51.312508,63.154572,60.724949,68.874718,50.64489,66.896202,64.32814,53.658558,55.827152,62.226505
53.019245,69.849098,67.841774,63.276543,64.499138,69.987564,55.98962,58.28231,57.372265,59.110302
68.632095,63.944973,72.569092,55.250961,54.682014,59.298298,62.25742,57.557365,65.275604,64.579308
========================================================

Test11 results 08-12-2005  22:08:39
Board ID358  30 channels
HV Tests Software Ver.1.6.1

+5V 2480 - O'k
-5V 1322 - O'k
Interlock - On
Calibration DAC Range: [2500 - 2900]


A:
Limits 0.76 +/- 0.04
0.744879,0.743494,0.744879,0.740741,0.75188,0.738007,0.746269,0.733945,0.742115,0.750469
0.742115,0.747664,0.739372,0.739372,0.747664,0.747664,0.744879,0.749064,0.744879,0.750469
0.742115,0.740741,0.738007,0.744879,0.747664,0.753296,0.747664,0.742115,0.747664,0.747664


B:
Limits 60.0 +/- 30.0
66.429382,54.873268,60.724949,64.433327,50.64489,57.186073,54.625111,63.358665,55.092102,63.65086
69.589256,64.558975,62.606667,64.207977,59.919662,70.159515,55.332939,58.19965,58.32082,59.196232
73.808586,58.8246,72.569092,65.198952,59.199013,53.056435,56.387608,62.100887,65.359024,59.440323
========================================================

Test11 results 08-13-2005  00:28:01
Board ID358  30 channels
HV Tests Software Ver.1.6.1

+5V 2480 - O'k
-5V 1317 - O'k
Interlock - On
Calibration DAC Range: [2500 - 2900]


A:
Limits 0.76 +/- 0.04
0.749064,0.743494,0.744879,0.740741,0.750469,0.733945,0.746269,0.735294,0.742115,0.75188
0.743494,0.749064,0.739372,0.738007,0.749064,0.747664,0.744879,0.746269,0.742115,0.746269
0.742115,0.742115,0.738007,0.747664,0.747664,0.750469,0.744879,0.740741,0.744879,0.746269


B:
Limits 60.0 +/- 30.0
52.193974,53.341084,62.975769,65.165207,56.792202,72.893501,55.277,59.69136,55.894371,57.694313
64.402557,59.883579,63.40723,69.374367,55.322449,70.959564,56.135651,68.251984,67.341347,73.587364
74.607956,55.092102,72.569092,56.294697,60.081203,64.539108,66.899658,67.356323,75.999695,65.460396
