========================================================

Test10 results 12-12-2005  11:59:40
Board ID145  36 channels
HV Tests Software Ver.1.6

+5V 2496 - O'k
-5V 1299 - O'k
Interlock - On

Voltmeter channel: A=1.066667, B=12.799792

A:
Limits 1.1 +/- 0.1
1.078749,1.072386,1.075847,1.084011,1.084599,1.088732,1.081081,1.072961,1.074114,1.075847,1.076426,1.072386
1.078167,1.072961,1.084599,1.084011,1.079331,1.084011,1.075847,1.080497,1.082837,1.078167,1.091107,1.078167
1.073537,1.076426,1.077006,1.076426,1.074691,1.079914,1.078749,1.079331,1.079914,1.071237,1.086957,1.084599


B:
Limits 0.0 +/- 35.0
15.102291,7.506824,16.137566,13.008133,16.269119,10.887247,15.135313,16.09458,4.296494,8.606635,18.299236,10.723982
11.859968,7.51089,4.338535,10.840111,14.031348,6.504067,12.910025,9.724482,14.077056,17.250803,8.72881,5.390965
9.661671,12.917105,14.000859,17.222809,5.373341,9.719189,9.708548,1.079379,9.719189,12.854673,11.956598,5.423133
========================================================
Test10 (ADC Calibration) results 2008-06-05 09:40:37
Board ID145 36 channels
Linux calibration software

Voltmeter channel: A=1.06604, B=15.3617

A:
1.07852,1.072,1.07708,1.0828,1.08458,1.08984,1.08204,1.07234,1.0735,1.07494,1.07614,1.07127
1.07768,1.0741,1.0835,1.08494,1.0797,1.08464,1.0751,1.0784,1.08284,1.07764,1.09005,1.07766
1.07254,1.07658,1.07646,1.0765,1.07554,1.08174,1.07786,1.07896,1.07992,1.07174,1.08633,1.08404


B:
9.96355,3.76791,7.72488,11.0646,11.7397,4.65941,8.65931,13.048,0.287378,6.55555,15.2865,8.13153
7.79598,2.1221,0.702409,5.18878,9.98392,1.97299,10.0721,11.6563,7.87993,13.112,6.90964,1.30444
6.71848,8.21617,11.7406,11.8034,-0.0661378,5.08994,7.04961,-1.59576,4.74343,7.27597,11.5313,0.257961


========================================================
Test10 (ADC Calibration) results 2009-01-20 15:22:48
Board ID145 36 channels
Host: ufcmshv3
Linux calibration software

Voltmeter channel: A=1.07163, B=8.95229

A:
1.06392,1.05034,1.05127,1.07005,1.05631,1.07491,1.0719,1.06053,1.05803,1.06253,1.04527,1.04334
1.05751,1.03834,1.07058,1.04117,1.06996,1.07491,1.04544,1.04687,1.04839,1.04175,0.992291,1.06952
1.06036,1.03635,1.0668,1.05374,1.04603,1.04949,1.04569,1.04518,1.07794,1.06096,1.06001,1.05067


B:
9.28079,-0.549367,6.33993,8.49428,10.6604,5.06019,13.8524,13.4933,2.91358,6.53872,11.5943,6.95028
7.41892,3.81798,3.08006,6.9359,19.0618,10.22,10.3899,8.82586,9.6936,12.421,16.2431,2.78096
6.44375,10.2838,14.0654,12.6447,3.1382,3.197,7.85047,-0.44995,5.05822,8.63488,8.46341,2.27941


