========================================================

Test11 results 12-12-2005  12:04:41
Board ID145  36 channels
HV Tests Software Ver.1.6

+5V 2496 - O'k
-5V 1299 - O'k
Interlock - On
Calibration DAC Range: [2500 - 2900]


A:
Limits 0.76 +/- 0.04
0.740741,0.747664,0.743494,0.740741,0.736648,0.736648,0.740741,0.746269,0.744879,0.746269,0.744879,0.747664
0.742115,0.747664,0.738007,0.736648,0.744879,0.739372,0.744879,0.744879,0.742115,0.744879,0.736648,0.740741
0.747664,0.746269,0.742115,0.742115,0.743494,0.742115,0.743494,0.739372,0.740741,0.749064,0.743494,0.739372


B:
Limits 60.0 +/- 40.0
70.482407,64.090042,58.874817,59.022625,62.865585,55.373569,59.559734,58.253876,76.500702,54.625111,51.178822,55.427109
60.429317,65.058937,68.036728,72.453163,52.406525,65.074966,61.526382,49.188961,52.881882,50.516869,57.953098,78.473038
55.5056,48.273808,72.21003,66.542526,71.445061,62.171368,63.82497,84.639252,61.094204,52.996437,57.678436,64.472061
========================================================
Test11 (DAC Calibration) results 2008-06-05 09:40:37
Board ID145 36 channels
Linux calibration software
Calibration DAC Range: [1100 - 2700]

A:
0.741015,0.746269,0.743494,0.738825,0.738348,0.734417,0.739713,0.746408,0.745226,0.744602,0.743771,0.747524
0.74308,0.74481,0.738348,0.737735,0.740947,0.737939,0.744117,0.74184,0.739167,0.742735,0.733541,0.741977
0.746269,0.74384,0.742804,0.743149,0.744186,0.739919,0.74184,0.741084,0.741909,0.746826,0.740124,0.738348


B:
74.435,72.3882,62.8252,70.2252,60.7014,67.2635,65.8807,61.7467,79.7857,65.0038,59.3157,61.6894
61.1741,78.4192,71.4813,70.8594,68.6023,73.2314,68.5053,63.3529,68.8626,62.5475,73.0423,78.7422
65.6717,60.8553,74.1875,66.4282,71.5349,70.9211,74.4805,82.4918,61.328,64.4509,71.9679,73.6964


========================================================
Test11 (ADC Calibration) results 2009-01-20 15:34:24
Board ID145 36 channels
Host: ufcmshv3
Linux calibration software

Calibration DAC Range: [1000 - 3500]

A:
0.7512,0.7612,0.7612,0.7476,0.7576,0.744,0.746,0.7548,0.7556,0.7528,0.766,0.7672
0.7564,0.7704,0.7468,0.768,0.7476,0.744,0.7648,0.7644,0.7636,0.768,0.806,0.7468
0.7548,0.7728,0.7488,0.7588,0.7648,0.7624,0.7644,0.7644,0.7424,0.7536,0.7584,0.7616


B:
74.7999,76.8,64.8,72.3999,62.4,67.9999,64,61.1999,79.4001,65.2,61.0001,62.8
63.6,77.6,70.2,71,62.3999,67.9999,69.2,64.6,66.4,64,65,78.2
66.1999,58.1999,73.2001,66.1999,70.2,71.6001,73.6,83.6,62.6,65.4,73.5999,72.3999


