========================================================

Test10 results 07-17-2006  17:35:39
Board ID141  36 channels
HV Tests Software Ver.1.6.1

+5V 3038 - O'k
-5V 1380 - O'k
Interlock - On

Voltmeter channel: A=1.031992, B=35.087811

A:
Limits 1.1 +/- 0.1
1.082251,1.082251,1.084599,1.083424,1.084011,1.078749,1.082251,1.080497,1.094092,1.088139,1.06383,1.084011
1.079331,1.079331,1.090513,1.084599,1.085187,1.088732,1.081666,1.097695,1.043297,1.084011,1.100716,1.072961
1.066098,1.088732,1.078749,1.074691,1.085776,1.082251,1.086957,1.076426,1.084599,1.088732,1.085776,1.082251


B:
Limits 0.0 +/- 30.0
14.069302,17.316055,16.269119,17.334793,24.932251,16.18104,30.303068,17.28796,18.599604,9.793203,31.914923,10.840111
18.348671,22.665995,14.176761,22.776712,19.533363,18.508369,20.551689,19.758389,70.944199,20.596209,14.30911,30.043077
21.321913,16.330906,16.18104,11.821486,10.857767,36.796574,14.13051,25.834221,14.099923,22.863295,16.286648,20.562809
Channels:
   7  11  21  24  30  37
Out of range 0.0 +/- 30.0
========================================================

Test10 results 07-17-2006  17:38:26
Board ID141  36 channels
HV Tests Software Ver.1.6.1

+5V 3038 - O'k
-5V 1380 - O'k
Interlock - On

Voltmeter channel: A=1.031992, B=38.183784

A:
Limits 1.1 +/- 0.1
1.082251,1.081666,1.084599,1.083424,1.085776,1.078749,1.089325,1.079331,1.09529,1.087548,1.064396,1.082837
1.079331,1.079331,1.090513,1.083424,1.086366,1.088139,1.082251,1.096491,1.041124,1.085187,1.100716,1.074114
1.067236,1.089325,1.079914,1.075269,1.086366,1.082251,1.085776,1.077586,1.084599,1.088732,1.086366,1.082837


B:
Limits 0.0 +/- 30.0
14.069302,18.388359,16.269119,17.334793,20.629753,15.102291,18.51861,20.507334,16.429167,11.963168,34.06086,14.077056
18.348671,22.665995,14.176761,24.918758,16.295668,20.674597,18.398306,23.026354,79.125275,18.448175,15.409824,29.001112
21.344835,15.250637,12.958929,9.677243,9.777472,40.043327,16.286648,25.86219,14.099923,23.952026,15.209301,19.491241
Channels:
  11  21  30  37
Out of range 0.0 +/- 30.0
========================================================

Test10 results 09-20-2006  17:23:05
Board ID141  36 channels
HV Tests Software Ver.1.6.1

+5V 3040 - O'k
-5V 1381 - O'k
Interlock - On

Voltmeter channel: A=1.032524, B=36.138573

A:
Limits 1.1 +/- 0.1
1.082251,1.082837,1.085187,1.082251,1.087548,1.078167,1.075847,1.079331,1.09589,1.086957,1.070664,1.083424
1.080497,1.080497,1.090513,1.085776,1.085187,1.088732,1.082251,1.097695,1.088139,1.085187,1.097093,1.071237
1.043297,1.089325,1.078749,1.073537,1.082837,1.086366,1.086957,1.078167,1.084011,1.089325,1.085776,1.083424


B:
Limits 0.0 +/- 30.0
12.987051,17.325567,17.362988,20.562809,19.576,17.250803,26.896038,20.507334,17.534277,14.13051,26.766602,13.001099
18.368458,20.529451,14.176761,23.887083,22.788923,20.685831,19.480556,23.051472,16.322039,19.533363,18.650419,31.065708
29.212326,18.51861,17.259789,16.102896,20.574078,31.504793,14.13051,24.797974,16.260164,23.965233,16.286648,19.50164
Channels:
  24  30  37
Out of range 0.0 +/- 30.0
