========================================================

Test11 results 07-17-2006  17:36:59
Board ID141  36 channels
HV Tests Software Ver.1.6.1

+5V 3038 - O'k
-5V 1381 - O'k
Interlock - On
Calibration DAC Range: [2500 - 2900]


A:
Limits 0.76 +/- 0.04
0.0,0.0,0.0,0.0,0.0,0.0,0.0,0.0,0.0,0.0,0.0,0.0
0.0,0.0,0.0,0.0,0.0,0.0,0.0,0.0,0.0,0.0,0.0,0.0
0.0,0.0,0.0,0.0,0.0,0.0,0.0,0.0,0.0,0.0,0.0,0.0
Channels:
   1   2   3   4   5   6   7
   8   9  10  11  12  13  14
  15  16  17  18  19  20  21
  22  23  24  25  26  27  28
  29  30  31  32  33  34  35
Out of range 0.76 +/- 0.04


B:
Limits 60.0 +/- 30.0
0.0,0.0,0.0,0.0,0.0,0.0,0.0,0.0,0.0,0.0,0.0,0.0
0.0,0.0,0.0,0.0,0.0,0.0,0.0,0.0,0.0,0.0,0.0,0.0
0.0,0.0,0.0,0.0,0.0,0.0,0.0,0.0,0.0,0.0,0.0,0.0
Channels:
   1   2   3   4   5   6   7
   8   9  10  11  12  13  14
  15  16  17  18  19  20  21
  22  23  24  25  26  27  28
  29  30  31  32  33  34  35
Out of range 60.0 +/- 30.0
========================================================

Test11 results 07-17-2006  17:39:59
Board ID141  36 channels
HV Tests Software Ver.1.6.1

+5V 3039 - O'k
-5V 1380 - O'k
Interlock - On
Calibration DAC Range: [2500 - 2900]


A:
Limits 0.76 +/- 0.04
0.749064,0.750469,0.744879,0.749064,0.743494,0.750469,0.743494,0.750469,0.739372,0.744879,0.760456,0.744879
0.750469,0.750469,0.742115,0.744879,0.747664,0.744879,0.749064,0.739372,0.776699,0.746269,0.735294,0.754717
0.760456,0.742115,0.75188,0.753296,0.744879,0.746269,0.743494,0.75188,0.744879,0.744879,0.746269,0.746269


B:
Limits 60.0 +/- 30.0
56.880009,46.755779,67.600891,52.098877,64.065117,58.331799,58.77462,54.623611,66.281685,63.94833,46.161922,73.093468
56.970474,55.989513,64.118149,61.134121,47.201351,55.105804,52.990219,50.39801,19.285391,56.494061,60.745472,45.236176
47.984901,67.35186,50.728962,60.685944,69.217583,51.492275,66.563156,48.126385,63.559162,50.239902,60.696922,67.571304
Channels:
  21
Out of range 60.0 +/- 30.0
========================================================

Test11 results 09-20-2006  17:24:37
Board ID141  36 channels
HV Tests Software Ver.1.6.1

+5V 3041 - O'k
-5V 1381 - O'k
Interlock - On
Calibration DAC Range: [2500 - 2900]


A:
Limits 0.76 +/- 0.04
0.747664,0.750469,0.747664,0.746269,0.747664,0.749064,0.753296,0.750469,0.736648,0.744879,0.756144,0.744879
0.747664,0.750469,0.742115,0.744879,0.744879,0.743494,0.750469,0.736648,0.746269,0.744879,0.736648,0.754717
0.776699,0.744879,0.750469,0.756144,0.747664,0.743494,0.744879,0.75188,0.746269,0.744879,0.746269,0.743494


B:
Limits 60.0 +/- 30.0
63.003044,45.943565,58.473255,62.805458,45.875599,64.634354,50.612453,56.245472,74.433441,66.300629,52.817364,74.62487
64.536522,57.608631,64.999229,58.709084,56.357876,58.702374,49.110703,58.584717,55.256413,61.942467,64.187271,53.338512
48.457115,57.538662,55.989513,50.85704,60.822479,57.606918,62.828102,51.836037,59.808361,49.429012,61.506779,77.377769
========================================================
Test11 (DAC Calibration) results 2007-09-20 15:48:46
Board ID141 36 channels
Linux calibration software
Calibration DAC Range: [1100 - 2700]

A:
0.748783,0.748573,0.756573,0.748363,0.744879,0.751385,0.751668,0.750892,0.73903,0.74474,0.751385,0.747314
0.749415,0.750469,0.74308,0.74613,0.745712,0.744463,0.748573,0.738212,0.744532,0.745921,0.738689,0.752162
0.774443,0.743149,0.750892,0.754931,0.747035,0.739372,0.745434,0.746199,0.747314,0.743425,0.748013,0.747105


B:
69.5245,63.2263,63.4953,65.014,66.8529,67.897,67.2085,66.773,77.1825,77.7694,65.6428,76.9267
69.5551,68.8556,73.2119,63.9244,63.4602,68.323,65.7714,63.5508,71.0563,67.6458,67.313,62.768
60.6969,74.4542,64.9707,65.745,72.8266,70.0554,70.8535,68.7529,66.4643,65.1518,67.742,75.4203


========================================================
Test11 (DAC Calibration) results 2007-09-21 09:53:38
Board ID141 36 channels
Linux calibration software
Calibration DAC Range: [1100 - 2700]

A:
0.749134,0.748713,0.753296,0.748083,0.745018,0.751385,0.751738,0.750539,0.73944,0.744879,0.757648,0.747594
0.749836,0.750539,0.743494,0.746269,0.746269,0.744532,0.748433,0.738144,0.74481,0.74606,0.738552,0.752304
0.758078,0.742942,0.751527,0.755073,0.747314,0.739303,0.745573,0.746338,0.747594,0.744186,0.748083,0.747245


B:
69.1918,63.0323,63.4652,65.2517,66.3626,67.897,66.51,65.7567,74.9885,76.5363,61.8714,75.9461
68.0758,68.6088,70.2601,63.4329,61.1941,68.0782,65.6657,64.0893,69.9283,67.1548,67.5037,61.9711
60.3716,74.74,62.1419,65.5499,70.9482,70.1506,69.6179,67.8142,65.3303,59.6279,67.6455,74.9299


