========================================================

Test10 results 10-05-2005  15:50:22
Board ID079  36 channels
HV Tests Software Ver.1.6

+5V 3076 - O'k
-5V 1368 - O'k
Interlock - On

Voltmeter channel: A=1.06553, B=17.04863

A:
Limits 1.1 +/- 0.1
1.072961,1.066667,1.066098,1.078167,1.071811,1.072386,1.087548,1.069519,1.078167,1.076426,1.072961,1.075847
1.077586,1.081081,1.064396,1.067806,1.078749,1.075847,1.073537,1.071811,1.085187,1.071237,1.081666,1.068947
1.074691,1.075269,1.079914,1.072386,1.06383,1.066667,1.082837,1.074114,1.079914,1.071237,1.071237,1.078749


B:
Limits 0.0 +/- 35.0
5.364967,6.399792,13.859226,9.703633,2.143782,7.506824,11.963168,5.34771,4.312799,16.146383,15.021619,8.606635
5.388053,11.89207,18.094921,11.745905,9.708548,2.151552,6.441059,9.646461,5.425929,10.712199,12.98003,9.620563
8.597414,7.526706,9.719189,7.506824,11.702156,12.799792,7.580034,10.741177,9.719189,8.569725,9.640962,9.708548
========================================================
Test10 (ADC Calibration) results 2007-10-10 15:02:05
Board ID79 36 channels
Linux calibration software

Voltmeter channel: A=1.0263, B=31.8283

A:
1.07372,1.0659,1.06784,1.0783,1.07114,1.07268,1.08756,1.07729,1.08092,1.08271,1.07659,1.07629
1.07834,1.0814,1.06252,1.06713,1.08074,1.07569,1.07218,1.07238,1.08712,1.07101,1.0812,1.06834
1.07549,1.07549,1.08262,1.06723,1.06861,1.06994,1.08425,1.07368,1.0787,1.07151,1.07333,1.08064


B:
5.41572,4.05323,10.8385,5.70321,-0.777658,3.82218,8.14466,2.91027,1.42509,13.7217,9.60978,2.27153
3.01777,6.64065,14.4133,9.79728,6.32694,-2.55791,4.53665,4.22488,1.68923,6.36111,10.7354,6.84772
1.32123,3.69867,6.65441,9.209,5.04712,6.61663,4.15661,9.75788,8.26822,4.1037,2.55775,4.73622


========================================================
Test10 (ADC Calibration) results 2008-06-17 15:59:18
Board ID079 36 channels
Linux calibration software

Voltmeter channel: A=1.07, B=0

A:
1.07986,1.08137,1.08494,1.09508,1.08836,1.08173,1.10466,1.10169,1.09874,1.10708,1.09526,1.09326
1.07906,1.09884,1.07026,1.08441,1.08494,1.09271,1.08917,1.08926,1.10438,1.07596,1.09985,1.08512
1.09235,1.0918,1.09976,1.0443,1.08539,1.06187,1.10096,1.09026,1.09618,1.08845,1.09044,1.09829


B:
13.1308,5.8928,11.4641,6.2795,-0.394493,11.4027,8.96778,3.72907,2.91298,13.4116,11.1494,2.7064
15.5961,8.3224,19.0087,8.92352,19.4924,-1.16054,5.8204,5.51906,2.15272,16.7323,7.61763,8.0432
2.01676,6.23271,8.14169,28.8948,7.5772,20.2151,6.16681,10.4873,7.4642,5.18176,6.17753,5.53164


========================================================
Test10 (ADC Calibration) results 2008-07-06 16:58:46
Board ID079 36 channels
Linux calibration software

Voltmeter channel: A=1.07, B=0

A:
1.0735,1.0803,1.0853,1.09554,1.08881,1.08101,1.10475,1.10225,1.0629,1.10615,1.09508,1.09344
1.05768,1.0992,1.06402,1.08485,1.08155,1.09207,1.08963,1.08981,1.10513,1.06983,1.10003,1.0853
1.09271,1.09244,1.09994,1.03672,1.08548,1.06367,1.10114,1.09053,1.09682,1.08836,1.0908,1.09893


B:
13.214,6.23828,10.9163,5.85968,-0.596355,10.1157,8.8836,4.10261,35.6204,12.7044,11.0977,2.75701
11.2263,7.32701,23.1005,8.50914,20.6525,-0.570343,4.74934,4.58216,0.809678,17.9158,7.66943,7.66044
1.68074,5.42844,7.97354,24.6323,7.4944,15.3367,5.77784,10.2375,6.87669,5.26494,5.62473,4.72202


========================================================
Test10 (ADC Calibration) results 2008-07-16 21:23:30
Board ID079 36 channels
Linux calibration software

Voltmeter channel: A=1.07, B=0

A:
1.06799,1.0805,1.0857,1.09578,1.08889,1.08152,1.10499,1.10421,1.05646,1.10721,1.09588,1.09417
1.06762,1.09989,1.06251,1.08524,1.07453,1.09266,1.08992,1.09001,1.10518,1.07398,1.10056,1.08598
1.09332,1.09332,1.10017,1.02934,1.08589,1.06152,1.10181,1.09124,1.09712,1.08898,1.09114,1.0996


B:
18.5598,6.91624,10.5463,6.28987,-0.664949,11.1607,8.89277,3.41114,15.7567,13.2921,10.3672,1.86258
16.3331,7.14353,25.3577,8.15484,29.0221,-1.10975,4.91353,4.60864,0.759941,15.1321,7.41095,7.03021
1.11863,4.17997,8.6412,35.3621,7.55082,24.1467,4.94939,9.36954,6.38323,5.12856,6.18284,4.10752


