========================================================

Test11 results 10-05-2005  15:52:35
Board ID079  36 channels
HV Tests Software Ver.1.6

+5V 3075 - O'k
-5V 1367 - O'k
Interlock - On
Calibration DAC Range: [2500 - 2900]


A:
Limits 0.76 +/- 0.04
0.749064,0.750469,0.750469,0.742115,0.747664,0.746269,0.736648,0.750469,0.742115,0.746269,0.747664,0.743494
0.743494,0.740741,0.75188,0.75188,0.744879,0.747664,0.747664,0.747664,0.739372,0.749064,0.743494,0.749064
0.746269,0.746269,0.742115,0.746269,0.75188,0.750469,0.740741,0.749064,0.744879,0.749064,0.750469,0.744879


B:
Limits 60.0 +/- 40.0
58.696342,69.339653,67.73941,68.508873,74.424812,68.663193,64.704865,63.467823,77.083961,51.486992,57.111725,70.957512
67.105713,63.632,56.717014,54.745899,55.55135,60.73048,62.650932,67.29718,64.538307,60.302002,50.742664,63.086487
60.245079,63.29702,67.634315,73.382576,67.039024,68.011124,65.512428,54.925056,57.159313,60.302002,62.213497,56.355331
========================================================
Test11 (DAC Calibration) results 2007-10-10 15:02:05
Board ID79 36 channels
Linux calibration software
Calibration DAC Range: [1100 - 2700]

A:
0.747314,0.7528,0.75068,0.743771,0.748363,0.747664,0.737803,0.744463,0.741221,0.740741,0.744948,0.745157
0.744117,0.741633,0.755572,0.752304,0.742459,0.745573,0.748013,0.747873,0.737735,0.749204,0.741771,0.751456
0.745712,0.745712,0.740056,0.751103,0.750892,0.749204,0.740056,0.746965,0.743494,0.748853,0.748713,0.742528


B:
66.4643,67.4601,66.6134,68.3896,77.7362,68.9719,65.3049,69.6631,77.4114,59.2593,64.6707,70.9388
67.4636,66.9046,54.2879,59.4133,65.0115,74.5387,69.238,71.076,72.1874,66.5482,62.2624,61.6381
67.6363,69.8734,73.543,70.2374,67.5239,70.5938,69.8428,66.9467,67.2861,65.8337,71.8672,66.9946


========================================================
Test11 (ADC Calibration) results 2008-06-17 18:39:44
Board ID079 36 channels
Linux calibration software

Calibration DAC Range: [1000 - 3500]

A:
0.7424,0.7416,0.7388,0.7324,0.7368,0.7416,0.726,0.728,0.7292,0.7244,0.732,0.7332
0.7436,0.73,0.75,0.7396,0.7392,0.7336,0.7364,0.736,0.726,0.7452,0.7296,0.7396
0.7344,0.7344,0.7284,0.7676,0.7384,0.7548,0.7284,0.7352,0.7312,0.7368,0.7368,0.7308


B:
61.6,67.4001,66.2,67.6,77.2,62.4001,65,69.0001,75.8,59.6001,64,71.7999
58.4,65.9999,51,62.4,55.8,74.3999,68.6,71,72,59.8001,63.4,61.4
66.6001,68.6001,72.6,54.4,67.6001,60.1999,69.6,66.8,68.8001,66.2,69.2,65.2001


========================================================
Test11 (ADC Calibration) results 2008-07-06 17:26:25
Board ID079 36 channels
Linux calibration software

Calibration DAC Range: [1000 - 3500]

A:
0.7472,0.7424,0.7388,0.732,0.7356,0.7424,0.7256,0.7272,0.754,0.7252,0.732,0.7336
0.7588,0.7292,0.7548,0.74,0.742,0.734,0.736,0.7356,0.7252,0.7492,0.7292,0.7392
0.7344,0.7336,0.728,0.7732,0.7388,0.754,0.7284,0.7352,0.7308,0.7372,0.7364,0.73


B:
60.8,66.6,66.2,68,79.4,62.6,66.4,69.8001,51,59.8,65,70.3999
60.1999,67.8,47.1999,61,54.0001,73.9999,69,71.4,73.8,59.8,63.8,61.8
66.6001,69.3999,73.0001,57.8001,66.2,63,69.6,66.8,69.2001,65.7999,69.6,66.9999


========================================================
Test11 (ADC Calibration) results 2008-07-16 22:38:23
Board ID079 36 channels
Linux calibration software

Calibration DAC Range: [1000 - 3500]

A:
0.7508,0.7416,0.7384,0.7316,0.736,0.7412,0.7256,0.726,0.758,0.724,0.7316,0.7328
0.7512,0.7288,0.7556,0.7396,0.7468,0.7336,0.7352,0.7356,0.7256,0.7464,0.7288,0.7388
0.734,0.7336,0.7284,0.7784,0.738,0.7548,0.7276,0.7344,0.7308,0.7368,0.7364,0.7296


B:
57.2,67.4001,66.6001,68.4,78,63.8001,66.4,70,66.9999,60.0001,64.4,71.2
57.7999,67.2,46.4001,61.4,48.2,74.3999,70.8,71.4,72.4,61.6,64.2,62.2
66.9999,69.3999,71.6,50.6,68.0001,58.1999,71.4001,67.6001,69.2001,65.2,68.6,67.4


========================================================
Test11 (ADC Calibration) results 2008-07-20 18:58:34
Board ID079 36 channels
Linux calibration software

Calibration DAC Range: [1000 - 3500]

A:
0.7528,0.7428,0.7384,0.7316,0.7364,0.7428,0.726,0.726,0.7572,0.7256,0.7316,0.7328
0.7604,0.7292,0.7596,0.7396,0.746,0.734,0.7356,0.7352,0.7256,0.7584,0.7288,0.7396
0.734,0.7332,0.728,0.7884,0.738,0.7592,0.728,0.7344,0.7312,0.7364,0.7364,0.7292


B:
55.2,66.2,66.6001,68.4,76.6,63.2,65,70,73.8,58.4,64.4,71.2
54.6,66.8,43.4001,61.4,49,73.9999,69.4,72.8,72.4,49.5999,64.2,60.4
66.9999,69.7999,72.0001,38.6,67.0001,52.8001,70.0001,67.6001,67.8001,66.6,68.6,68.8


