========================================================

Test10 results 06-29-2005  11:53:39
Board ID372  30 channels
HV Tests Software Ver.1.6

+5V 2524 - O'k
-5V 1331 - O'k
Interlock - On

Voltmeter channel: A=1.086957, B=15.217467

A:
Limits 1.1 +/- 0.1
1.073537,1.075847,1.080497,1.080497,1.071237,1.077586,1.068947,1.072961,1.074691,1.073537
1.077006,1.077006,1.070664,1.084011,1.086366,1.079331,1.079331,1.077006,1.086957,1.078749
1.075269,1.073537,1.079331,1.087548,1.080497,1.077006,1.075269,1.075847,1.078749,1.073537


B:
Limits 0.0 +/- 30.0
11.808746,5.379094,11.885475,6.48299,16.068386,11.85357,12.827404,17.167542,2.149267,15.029358
15.077866,7.538823,5.353326,13.008133,9.777472,15.11068,12.952018,12.923853,15.217467,9.708548
21.505201,20.397045,21.586664,19.576,14.04647,8.615829,15.053588,11.834177,11.866045,9.661671
========================================================
Test10 (ADC Calibration) results 2007-11-09 16:23:14
Board ID372 30 channels
Linux calibration software

Voltmeter channel: A=1.08066, B=-1376.87

A:
1.07504,1.07467,1.07988,1.08228,1.07074,1.07683,1.06926,1.07168,1.07528,1.07417
1.07619,1.07598,1.06902,1.08299,1.08486,1.07841,1.08283,1.07663,1.08586,1.07615
1.07423,1.0735,1.07941,1.0868,1.07863,1.07631,1.07383,1.07521,1.07669,1.0735


B:
11.3773,2.39034,10.9932,2.50216,13.3766,8.0723,10.0501,14.8933,0.774078,12.0814
11.5488,6.65248,4.47396,10.2878,8.27757,13.8169,7.64242,8.75915,11.702,10.6739
17.3949,14.9837,16.5403,16.2823,11.8488,8.77267,12.6082,8.40243,11.7569,7.13069


