========================================================

Test11 results 06-29-2005  11:54:56
Board ID372  30 channels
HV Tests Software Ver.1.6

+5V 2523 - O'k
-5V 1330 - O'k
Interlock - On
Calibration DAC Range: [2500 - 2900]


A:
Limits 0.76 +/- 0.04
0.75188,0.753296,0.747664,0.749064,0.753296,0.750469,0.757576,0.753296,0.750469,0.753296
0.749064,0.75188,0.75188,0.746269,0.743494,0.749064,0.747664,0.750469,0.742115,0.750469
0.75188,0.753296,0.749064,0.749064,0.749064,0.747664,0.75188,0.75188,0.750469,0.753296


B:
Limits 60.0 +/- 30.0
68.444572,60.249523,62.754066,61.48558,65.059692,58.331799,58.281574,55.743176,77.171761,56.733715
65.901329,60.015301,74.413536,58.034332,64.872322,59.867668,61.057404,60.584122,62.287685,60.037395
57.587292,50.98156,55.905277,47.044525,60.761387,77.640526,58.396629,57.409603,58.331799,61.494595
========================================================
Test11 (DAC Calibration) results 2007-11-09 16:23:14
Board ID372 30 channels
Linux calibration software
Calibration DAC Range: [1100 - 2700]

A:
0.750539,0.751174,0.747175,0.746269,0.753935,0.750047,0.755358,0.75365,0.750751,0.751527
0.750117,0.750258,0.755144,0.745782,0.744117,0.748573,0.746269,0.750188,0.744186,0.749766
0.751103,0.752375,0.747873,0.747314,0.747664,0.749274,0.751385,0.751174,0.749766,0.752375


B:
74.0126,75.399,69.4967,72.3882,67.1096,66.5853,69.0869,62.2233,78.2282,66.5008
69.339,71.3965,70.5871,67.3905,71.0352,68.4663,66.418,68.4922,62.6047,71.3215
69.4863,62.1745,66.4392,61.2331,74.2056,76.4914,69.8507,67.1361,67.5726,69.6982


