========================================================

Test15 results 07-07-2005  15:58:35
Board ID022  8 channels
HV Tests Software Ver.1.6


A:
Limits 1.45 +/- 2.0
1.427552,1.41844,1.41844,1.424501,1.437814,1.417434,1.430615,1.426534


B:
Limits 0.0 +/- 160.0
21.413282,-2.836963,-1.418523,17.094032,1.437948,-1.417464,14.306089,2.852909
========================================================
Test15 (Master ADC Calibration) results 2007-04-18 17:01:22
Board ID22 7 channels
Linux calibration software


A:
1.42349,1.41945,1.41743,1.4245,1.43988,1.41743,1.43164,1.42857

B:
16.3701,-9.79432,-2.97664,13.6752,-7.05536,-4.39407,10.4511,-7.14295

========================================================
Test15 (ADC Calibration) results 2009-04-02 08:57:43
Board ID022 8 channels
Host: ufcmshv3
Linux calibration software

A:
1.38844,1.39966,1.3989,1.40723,1.42357,1.3977,1.41059,1.42341


B:
11.4279,-10.2715,-4.69151,12.6869,-7.31499,-6.62297,9.48361,-7.77406


