========================================================

Test10 results 10-25-2005  15:13:08
Board ID112  36 channels
HV Tests Software Ver.1.6

+5V 2735 - O'k
-5V 1360 - O'k
Interlock - On

Voltmeter channel: A=1.072961, B=8.583851

A:
Limits 1.1 +/- 0.1
1.068376,1.067236,1.070091,1.070664,1.072961,1.071811,1.06553,1.072386,1.071811,1.067236,1.071237,1.075269
1.064396,1.06553,1.072961,1.069519,1.071237,1.076426,1.077006,1.064963,1.071237,1.071237,1.071237,1.068376
1.070091,1.074114,1.071237,1.069519,1.066667,1.074691,1.066667,1.067236,1.074691,1.069519,1.070664,1.062699


B:
Limits 0.0 +/- 35.0
8.547024,13.874185,7.490445,3.211998,9.656813,7.502839,-1.065382,8.57921,1.071971,11.739713,13.925911,17.204124
9.579754,4.262269,9.656813,11.764822,10.712199,4.305695,-0.000219,9.584596,7.498487,13.925911,4.284775,16.025656
9.630627,6.444721,6.42725,4.278192,4.266459,7.522722,9.599792,12.806949,4.298649,7.486748,10.706645,14.878005
========================================================
Test10 (ADC Calibration) results 2007-10-26 15:39:22
Board ID112 36 channels
Linux calibration software

Voltmeter channel: A=1.07171, B=9.26782

A:
1.0687,1.06703,1.07024,1.07024,1.07257,1.07141,1.06403,1.07247,1.07111,1.0667,1.07158,1.07511
1.06476,1.06523,1.07247,1.06883,1.07071,1.07485,1.07758,1.0655,1.07147,1.07137,1.07121,1.06857
1.0692,1.07481,1.07074,1.07064,1.0673,1.07508,1.06717,1.06807,1.07501,1.06907,1.07183,1.06176


B:
2.49795,9.52591,4.33021,2.01107,6.59905,5.17026,-0.280952,5.0904,-2.22989,8.02381,7.59152,12.3299
4.84203,-0.016974,5.0904,8.68552,7.86,3.21955,-5.60965,4.03134,3.14481,10.359,1.04138,11.5522
8.46539,0.44196,3.31727,-1.7034,0.383695,2.52868,5.62299,8.00914,-1.19124,4.38452,-2.03099,12.545


========================================================
Test10 (ADC Calibration) results 2008-06-17 15:59:19
Board ID112 36 channels
Linux calibration software

Voltmeter channel: A=1.07, B=0

A:
1.08591,1.08377,1.08663,1.0869,1.09051,1.08753,1.08118,1.09006,1.08807,1.08547,1.08798,1.09223
1.08189,1.08109,1.08997,1.08609,1.08771,1.0925,1.09487,1.08216,1.08888,1.08825,1.08762,1.08154
1.08708,1.09151,1.08807,1.08672,1.08341,1.09214,1.08609,1.08574,1.0925,1.08699,1.0878,1.08012


B:
4.61911,10.0827,5.03906,1.7454,4.93305,5.72775,-2.0129,4.47894,-2.17129,8.07518,9.66299,12.2979
4.67584,1.96283,4.78088,8.36294,7.73655,1.56053,-3.47638,4.42669,2.51623,9.849,2.16435,15.6068
7.44886,0.956206,2.39856,-0.260413,1.52969,1.89632,6.62535,9.12882,-0.62448,5.57539,7.87085,12.5974


========================================================
Test10 (ADC Calibration) results 2008-06-20 22:47:11
Board ID112 36 channels
Linux calibration software

Voltmeter channel: A=1.07, B=0

A:
1.08618,1.08359,1.08654,1.0869,1.09033,1.08789,1.08127,1.09024,1.08825,1.08556,1.08825,1.09223
1.08171,1.08091,1.0897,1.08591,1.08798,1.0925,1.09514,1.08207,1.08897,1.08852,1.08771,1.06601
1.08717,1.09151,1.08807,1.08663,1.0835,1.09205,1.08627,1.08574,1.09232,1.08672,1.08798,1.08047


B:
3.93493,10.4649,4.47061,1.52808,4.44626,4.74141,-2.5287,3.43949,-3.21003,7.55801,8.54315,12.0795
4.62548,1.48037,5.03155,8.31138,6.834,1.12336,-4.38771,3.86072,1.77926,8.72937,1.42777,29.9233
6.49593,0.51971,2.61652,-0.611378,0.579064,1.76197,5.58976,8.47767,-0.893048,5.60805,7.05154,11.188


========================================================
Test10 (ADC Calibration) results 2008-07-16 21:23:30
Board ID112 36 channels
Linux calibration software

Voltmeter channel: A=1.07, B=0

A:
1.08737,1.08448,1.08737,1.08812,1.09131,1.08849,1.08206,1.09131,1.08915,1.08727,1.08849,1.09291
1.08299,1.0804,1.09037,1.08671,1.08821,1.0931,1.09708,1.08299,1.09009,1.08877,1.08877,1.05182
1.08849,1.09235,1.08915,1.08737,1.0842,1.09272,1.08877,1.08746,1.0932,1.08802,1.08877,1.08123


B:
3.48746,9.20818,3.92269,0.616622,3.97522,4.40398,-3.70708,3.5388,-4.04593,6.8364,8.97559,11.0177
3.86917,2.39361,4.62731,7.1381,7.05879,0.787883,-5.31414,3.65262,1.61792,9.36969,0.224106,43.641
5.71012,-0.0418669,2.0534,-0.426784,0.792941,1.35625,5.66797,7.75099,-1.26732,4.83817,6.97444,11.3476


========================================================
Test10 (ADC Calibration) results 2008-07-19 11:34:37
Board ID112 36 channels
Linux calibration software

Voltmeter channel: A=1.07, B=0

A:
1.08709,1.0842,1.08709,1.08765,1.09131,1.08821,1.08197,1.09122,1.08877,1.08727,1.08887,1.09254
1.08262,1.07985,1.09027,1.08653,1.0883,1.09272,1.09728,1.08299,1.08971,1.08905,1.08849,1.05896
1.0883,1.09225,1.08877,1.08746,1.08401,1.09244,1.08858,1.08746,1.09339,1.08868,1.08887,1.08105


B:
3.7479,10.1169,4.1829,1.48701,3.97522,4.66451,-3.18762,3.62609,-3.478,6.18393,7.75909,11.3637
4.64783,2.26395,4.49656,7.74534,6.53693,1.35625,-5.71069,3.65262,2.4021,8.45726,1.35615,36.854
5.88372,0.0454955,2.18356,-1.16614,0.532693,2.05557,6.05897,7.31573,-1.88012,3.57726,6.67022,11.735


========================================================
Test10 (ADC Calibration) results 2008-07-19 14:46:21
Board ID112 36 channels
Linux calibration software

Voltmeter channel: A=1.07, B=0

A:
1.08718,1.08438,1.0869,1.08793,1.09093,1.0883,1.08206,1.0914,1.08905,1.08671,1.08849,1.09291
1.08262,1.07929,1.09027,1.08653,1.08849,1.09282,1.09718,1.08327,1.08999,1.08896,1.08868,1.0578
1.08821,1.09206,1.08887,1.08755,1.08373,1.09263,1.08877,1.08699,1.09329,1.08821,1.08896,1.08095


B:
3.66148,9.51147,4.13896,0.791071,4.32407,4.57781,-3.70708,2.79711,-3.74009,7.35539,8.97559,11.0177
3.99815,2.78162,4.27856,7.52809,6.58097,1.70624,-5.18297,3.17678,1.70506,8.32579,0.528907,37.4922
6.40575,0.43908,1.87932,-1.25397,1.22694,1.00687,5.23218,8.40046,-2.22941,5.09995,6.36561,11.6044


========================================================
Test10 (ADC Calibration) results 2008-07-20 08:08:59
Board ID112 36 channels
Linux calibration software

Voltmeter channel: A=1.07, B=0

A:
1.08699,1.0842,1.08681,1.08765,1.09131,1.08812,1.08169,1.0915,1.08896,1.08699,1.08858,1.09254
1.08271,1.07948,1.09046,1.08615,1.0883,1.0931,1.09699,1.08327,1.08999,1.08896,1.08821,1.05869
1.08821,1.09235,1.08858,1.08765,1.0841,1.09263,1.08905,1.08709,1.0932,1.08821,1.08915,1.08095


B:
3.83514,9.68331,4.44317,1.26953,3.97522,5.40411,-2.71048,3.14634,-3.65276,7.09612,8.88952,12.0194
4.12843,3.4726,4.32256,8.09084,6.75442,0.569316,-4.78721,2.96018,1.70506,8.32579,1.39988,36.6756
6.40575,-0.260283,2.57555,-1.55846,0.446074,1.22534,5.1901,7.87889,-1.70437,4.66451,5.97417,11.8205


========================================================
Test10 (ADC Calibration) results 2008-07-20 17:40:55
Board ID112 36 channels
Linux calibration software

Voltmeter channel: A=1.07, B=0

A:
1.08727,1.08457,1.08709,1.08793,1.0914,1.0884,1.08197,1.0915,1.08868,1.08709,1.08858,1.09301
1.08262,1.07929,1.09009,1.08681,1.08812,1.09291,1.09708,1.08299,1.08999,1.08877,1.08896,1.05727
1.0883,1.09225,1.08858,1.08709,1.08438,1.09216,1.08849,1.08709,1.09348,1.0883,1.08896,1.08142


B:
3.35691,8.90528,3.96565,0.573538,3.88852,4.70889,-3.6203,2.70958,-3.39044,6.7918,8.67185,10.7123
4.21462,2.99743,4.88817,7.0514,7.36277,0.962936,-4.87542,3.86917,1.48711,8.93428,0.049981,38.616
5.88372,0.264279,2.57555,-0.600449,-0.464809,2.09922,6.14567,8.09625,-1.96788,4.36032,6.36561,10.9601


========================================================
Test10 (ADC Calibration) results 2008-07-24 12:08:22
Board ID112 36 channels
Linux calibration software

Voltmeter channel: A=1.07, B=0

A:
1.08699,1.08438,1.08681,1.08737,1.09122,1.08802,1.0816,1.09103,1.08858,1.08653,1.0884,1.09263
1.08234,1.08003,1.09018,1.08625,1.0884,1.09263,1.0968,1.0829,1.0898,1.08887,1.08858,1.05692
1.0884,1.09178,1.08887,1.08709,1.08392,1.09225,1.08858,1.08709,1.09291,1.08821,1.08849,1.08068


B:
3.61779,9.51147,4.22587,0.878004,3.84416,5.05572,-2.6236,3.80014,-2.86737,7.74534,8.62684,11.2774
4.90703,2.52351,4.36539,7.35237,6.45005,1.44369,-4.61056,3.30579,2.09775,8.41251,0.833708,38.7303
6.01491,0.701296,1.44361,-0.817813,0.403007,2.0116,6.05897,8.09625,-1.00436,4.44692,7.23417,12.5092


========================================================
Test10 (ADC Calibration) results 2009-01-13 10:19:27
Board ID112 36 channels
Host: ufcmshv3
Linux calibration software

Voltmeter channel: A=1.04317, B=3.77141

A:
1.04729,1.03668,1.05374,1.03759,1.04586,1.04117,1.04704,1.05246,1.05855,1.03503,1.0483,1.03553
1.03536,1.05297,1.0451,1.0366,1.04957,1.06566,1.05725,1.03125,1.03314,1.03093,0.950779,1.05289
1.04376,1.06105,1.0564,1.0511,1.02962,1.06253,1.03437,1.041,1.05915,1.05768,1.04518,1.03792


B:
3.60912,9.76085,4.63619,1.00562,3.71659,4.85357,-2.6417,2.47736,-3.07753,6.78352,9.14461,10.0366
4.189,0.939399,5.48243,7.14442,7.7348,1.04907,-5.02581,4.22041,1.367,9.89721,16.7044,10.4962
6.13403,1.5509,2.55157,-0.0159204,0.64959,1.01364,4.72653,7.92774,-1.7435,5.77645,5.40318,11.2733


