========================================================

Test11 results 10-25-2005  15:22:51
Board ID112  36 channels
HV Tests Software Ver.1.6

+5V 2735 - O'k
-5V 1360 - O'k
Interlock - On
Calibration DAC Range: [2500 - 2900]


A:
Limits 0.76 +/- 0.04
0.750469,0.750469,0.75188,0.750469,0.747664,0.749064,0.753296,0.747664,0.749064,0.754717,0.749064,0.746269
0.753296,0.753296,0.747664,0.747664,0.749064,0.747664,0.744879,0.756144,0.750469,0.749064,0.749064,0.749064
0.750469,0.746269,0.747664,0.750469,0.753296,0.747664,0.75188,0.750469,0.744879,0.750469,0.75188,0.754717


B:
Limits 60.0 +/- 40.0
52.066227,54.304806,46.960567,55.5256,54.6245,56.124363,61.703884,60.081203,61.18932,40.443279,48.259193,49.807888
58.403618,57.071743,59.521004,63.676231,52.193974,46.893414,64.162376,47.038109,49.343761,51.39151,60.134487,55.961418
52.230942,59.286919,65.442627,60.344105,54.752083,54.05481,54.48634,61.600262,66.256256,57.84938,55.180397,55.081585
========================================================
Test11 (DAC Calibration) results 2007-10-26 15:39:22
Board ID112 36 channels
Linux calibration software
Calibration DAC Range: [1100 - 2700]

A:
0.749695,0.751244,0.748994,0.748994,0.746617,0.747803,0.752233,0.746687,0.748013,0.751103,0.748433,0.745226
0.752092,0.752516,0.746687,0.748853,0.748293,0.745782,0.743149,0.75195,0.747384,0.747454,0.747943,0.749415
0.749344,0.745434,0.747524,0.748713,0.75068,0.744879,0.750399,0.749766,0.745295,0.749064,0.750892,0.754219


B:
61.3721,58.7754,64.2916,69.235,64.4423,65.7881,71.6972,69.5725,73.7261,61.2242,58.9298,59.6646
68.1301,67.5476,69.5725,66.5825,61.3693,61.126,75.9405,69.8279,66.2183,64.0289,71.2791,60.712
61.7088,67.7227,71.4072,72.0169,68.5653,69.0876,65.9505,70.5717,71.3435,69.2884,68.1246,65.5133


========================================================
Test11 (ADC Calibration) results 2008-06-17 18:39:44
Board ID112 36 channels
Linux calibration software

Calibration DAC Range: [1000 - 3500]

A:
0.7376,0.7396,0.7376,0.7372,0.7348,0.7368,0.7404,0.7344,0.736,0.738,0.7368,0.7332
0.74,0.7412,0.7344,0.7368,0.736,0.7336,0.7312,0.74,0.7356,0.736,0.7364,0.7404
0.7368,0.734,0.736,0.7376,0.7392,0.7336,0.7376,0.7372,0.7332,0.7364,0.74,0.7408


B:
59.3999,58.4,62.3999,66.7999,64.2001,65.2,71.5999,68.6001,72,60.0001,57.1999,60.8
68,65.8001,69.6001,66.2,62,61.3999,73.8001,69,64.4,62,68.6,57.5999
62.1999,65.9999,71,70.3999,67.8,67.3999,63.3999,69.7999,70.7999,68.6,60,64.1999


========================================================
Test11 (ADC Calibration) results 2008-06-20 23:07:15
Board ID112 36 channels
Linux calibration software

Calibration DAC Range: [1000 - 3500]

A:
0.7372,0.7396,0.7376,0.7368,0.7348,0.7364,0.7408,0.7348,0.736,0.738,0.7368,0.7332
0.7404,0.7412,0.7352,0.7372,0.7368,0.7332,0.7308,0.74,0.7356,0.736,0.736,0.7516
0.7372,0.7344,0.7364,0.7376,0.7392,0.7336,0.7368,0.7372,0.7336,0.7368,0.7396,0.7412


B:
60.7999,58.4,62.3999,68.2,64.2001,65.6,71.1999,68.2001,72,60.0001,57.1999,60.8
67.5999,65.8001,68.8,65.7999,60.1999,62.8,75.2001,69,64.4,63,70,45.3999
61.7999,65.6001,69.6,70.3999,67.8,68.3999,65.2,69.7999,70.3999,68.2,60.4,63.8001


========================================================
Test11 (ADC Calibration) results 2008-07-16 22:38:23
Board ID112 36 channels
Linux calibration software

Calibration DAC Range: [1000 - 3500]

A:
0.7368,0.7392,0.7372,0.7364,0.734,0.7364,0.7396,0.7336,0.7352,0.7364,0.7364,0.7324
0.7396,0.7416,0.7344,0.7368,0.736,0.7332,0.7292,0.7396,0.7352,0.7356,0.7356,0.7616
0.7364,0.7336,0.7348,0.7372,0.7388,0.7332,0.7356,0.736,0.7328,0.736,0.7392,0.7396


B:
60.1999,58.8,62.7999,68.6,64.9999,65.6,74.4,69.3999,73.8,61.6,57.6,62.6
68.4,66.4001,69.6001,66.2,62,62.8,76.8,69.4,63.8,63.4,70.4,35.3999
62.6,67.3999,72.2001,70.7999,68.2,67.7999,64.4,71,71.2,69,60.8,66.4


========================================================
Test11 (ADC Calibration) results 2008-07-20 18:58:34
Board ID112 36 channels
Linux calibration software

Calibration DAC Range: [1000 - 3500]

A:
0.7368,0.7384,0.7368,0.736,0.734,0.736,0.74,0.7336,0.7356,0.7368,0.7364,0.7328
0.7392,0.7428,0.7344,0.7364,0.7356,0.7332,0.7296,0.7392,0.7344,0.7356,0.7352,0.7572
0.736,0.7336,0.7352,0.7372,0.7388,0.7336,0.7356,0.736,0.7328,0.7356,0.7392,0.74


B:
60.1999,60.6001,64.2,69,64.9999,66,73,69.3999,72.4,60.1999,57.6,61.2
68.8,64.2,69.6001,66.6,62.4,61.8,75.4,68.8,65.6001,63.4,70.8,39.8
63,66.3999,71.8,70.7999,68.2,67.3999,64.4,71,71.2,69.4,60.8,65


