========================================================

Test10 results 04-03-2006  17:50:37
Board ID162  36 channels
HV Tests Software Ver.1.6

+5V 2516 - O'k
-5V 1317 - O'k
Interlock - On

Voltmeter channel: A=1.081666, B=9.735032

A:
Limits 1.1 +/- 0.1
1.077006,1.081081,1.081666,1.078749,1.082837,1.070664,1.077586,1.067806,1.077006,1.066667,1.078167,1.085187
1.066098,1.075847,1.068947,1.074691,1.082837,1.074691,1.075269,1.070664,1.074691,1.085776,1.081666,1.072961
1.075847,1.077006,1.086366,1.075269,1.076426,1.075847,1.067806,1.060445,1.074691,1.072386,1.081081,1.079331


B:
Limits 0.0 +/- 35.0
7.538823,10.810989,7.571701,10.787296,10.828545,9.635981,8.620811,14.949322,9.692835,10.666458,7.547299,8.68149
9.594834,13.985871,9.620563,15.04556,11.911382,7.522722,7.526706,10.706645,9.672105,10.857767,8.653366,13.948658
9.682483,8.615829,8.691105,9.677243,8.6114,11.834177,9.610294,11.664745,7.522722,8.57921,8.648827,9.714025
========================================================
Test10 (ADC Calibration) results 2008-04-30 10:11:11
Board ID162 36 channels
Linux calibration software

Voltmeter channel: A=1.07992, B=15.0694

A:
1.07737,1.08164,1.08189,1.07978,1.08359,1.07111,1.07757,1.06874,1.07767,1.06693,1.07787,1.0846
1.06653,1.07721,1.06904,1.07573,1.08241,1.07356,1.07556,1.07095,1.07506,1.0861,1.08054,1.07306
1.07703,1.07647,1.08741,1.07637,1.07633,1.07637,1.06884,1.06141,1.07392,1.07141,1.08018,1.07844


B:
5.1654,5.97622,5.26723,6.04202,5.96872,6.38824,5.58631,10.812,5.45769,6.19116,4.00079,7.20137
7.77095,7.37256,5.4335,10.6204,11.2503,7.11992,6.02846,7.25725,4.31961,6.16233,9.34805,10.8347
4.07704,4.99786,3.18264,5.6026,7.05119,6.2027,6.29029,6.85031,5.25429,7.26122,11.489,8.9594


========================================================
Test10 (ADC Calibration) results 2008-06-19 12:08:44
Board ID162 36 channels
Linux calibration software

Voltmeter channel: A=1.07, B=0

A:
1.09424,1.09872,1.07528,1.09716,1.10065,1.08836,1.09506,1.08647,1.09461,1.08388,1.09497,1.10305
1.08405,1.09424,1.0862,1.09452,1.10185,1.09206,1.0927,1.08782,1.09225,1.10287,1.09955,1.09089
1.09361,1.09415,1.10342,1.09279,1.09379,1.09352,1.08647,1.07819,1.09161,1.08908,1.09845,1.09735


B:
5.20149,7.66923,26.321,4.92548,6.12277,5.61427,4.44623,8.23089,4.86591,6.72962,4.53038,3.92794
5.69684,7.82757,6.09023,7.57645,7.23013,4.15141,4.65763,6.54964,4.85772,5.86187,5.3735,6.9845
6.00662,4.40981,6.23736,5.88554,5.18276,6.96502,5.18911,6.40183,4.57003,5.81853,6.60283,6.73267


========================================================
Test10 (ADC Calibration) results 2008-07-17 09:50:45
Board ID162 36 channels
Linux calibration software

Voltmeter channel: A=1.07, B=0

A:
1.0951,1.09957,1.073,1.09767,1.10139,1.08879,1.09567,1.08692,1.0951,1.0844,1.09586,1.10322
1.08468,1.09472,1.08701,1.09539,1.10293,1.09255,1.09293,1.08841,1.09274,1.10341,1.10005,1.09123
1.09434,1.09472,1.10456,1.09312,1.09434,1.09444,1.08701,1.07895,1.09236,1.08963,1.09967,1.09824


B:
4.19178,6.44953,22.8327,4.68308,5.22587,5.43425,3.8872,8.25188,4.62972,6.67262,3.71225,4.21857
5.11255,7.6062,4.90455,7.65431,6.46756,3.48455,5.10283,6.21629,4.40263,5.80804,5.35229,7.10372
5.10871,4.10287,4.75318,5.80309,5.10871,6.1159,5.1219,6.12436,3.87689,5.30703,5.26292,6.35507


========================================================
Test10 (ADC Calibration) results 2008-07-19 11:33:18
Board ID162 36 channels
Linux calibration software

Voltmeter channel: A=1.07, B=0

A:
1.09482,1.09929,1.074,1.09748,1.1012,1.08907,1.09539,1.08655,1.09491,1.08431,1.09548,1.10302
1.08468,1.09463,1.08683,1.0952,1.10283,1.09208,1.09293,1.08813,1.09293,1.10302,1.10015,1.09123
1.09378,1.09444,1.10379,1.09302,1.09406,1.09425,1.08701,1.07886,1.09217,1.08991,1.09948,1.09824


B:
4.67271,6.49203,15.8939,4.41929,5.18094,4.30292,4.14925,8.3795,5.02378,5.89123,4.06152,4.61499
4.46151,7.03621,5.29504,7.60939,6.11431,4.79366,4.66538,6.25824,4.0099,5.49746,4.82477,6.88553
5.63121,4.80263,6.11921,5.67197,5.36992,5.85266,4.90455,5.34687,3.61467,4.39298,4.99784,5.69602


========================================================
Test10 (ADC Calibration) results 2008-07-19 17:28:33
Board ID162 36 channels
Linux calibration software

Voltmeter channel: A=1.07, B=0

A:
1.09472,1.09919,1.07282,1.09719,1.10101,1.08898,1.09539,1.08636,1.09472,1.08422,1.09567,1.10293
1.08478,1.09453,1.0872,1.09529,1.10264,1.09217,1.09293,1.08823,1.09274,1.10302,1.10015,1.09114
1.09378,1.09482,1.10379,1.09302,1.09434,1.09387,1.08701,1.07867,1.09198,1.08954,1.09948,1.09805


B:
4.54092,7.01947,18.7093,4.90106,5.57642,4.38972,4.14925,8.76935,5.41676,6.19425,3.8872,4.48223
4.59228,7.34205,4.73141,7.30338,6.06908,4.26969,4.88391,6.17198,4.18414,5.49746,4.38444,6.75417
5.63121,4.0156,5.89851,6.32762,4.8899,6.63837,4.90455,6.16588,4.22522,4.95815,5.21768,6.30976


========================================================
Test10 (ADC Calibration) results 2008-07-20 15:54:11
Board ID162 36 channels
Linux calibration software

Voltmeter channel: A=1.07, B=0

A:
1.09491,1.09948,1.0741,1.09757,1.10149,1.08898,1.0951,1.08636,1.09491,1.08413,1.09567,1.10283
1.08468,1.09434,1.08711,1.0951,1.10264,1.09208,1.09312,1.08832,1.09274,1.10302,1.10005,1.09095
1.09359,1.09472,1.10399,1.09312,1.09444,1.09406,1.0872,1.07895,1.09217,1.08935,1.09919,1.09795


B:
3.92886,6.09732,18.3871,3.89263,4.6973,5.04333,4.84907,8.55213,4.80446,6.49765,4.10628,4.57045
4.89528,7.51622,4.81802,7.69606,6.28944,5.01202,4.4914,5.86775,4.18414,5.71801,4.912,7.36399
6.24284,3.88398,5.7225,5.58452,4.80263,6.0262,4.73141,5.26115,3.83293,5.56724,5.70049,6.17756


========================================================
Test10 (ADC Calibration) results 2008-07-24 14:52:16
Board ID162 36 channels
Linux calibration software

Voltmeter channel: A=1.07, B=0

A:
1.09444,1.09957,1.07583,1.09748,1.1012,1.0887,1.0951,1.08711,1.09463,1.08422,1.09548,1.10302
1.0844,1.09472,1.08673,1.0951,1.10245,1.09217,1.09293,1.08813,1.09293,1.10293,1.10024,1.09132
1.09406,1.09482,1.1036,1.09312,1.09406,1.09387,1.08692,1.07867,1.09227,1.08926,1.09919,1.09805


B:
4.58379,6.00992,19.3627,4.41929,4.74018,4.65007,4.62972,7.64422,5.28508,6.41104,3.8426,4.39443
4.93747,6.73037,5.59896,7.25824,6.46523,4.05131,4.44696,6.04067,3.57245,5.80608,4.51682,6.14435
5.15128,3.35899,5.85297,5.58452,5.15128,6.20055,5.20845,5.08721,3.74568,5.4365,5.04087,5.87065


========================================================
Test10 (ADC Calibration) results 2008-07-24 21:41:51
Board ID162 36 channels
Linux calibration software

Voltmeter channel: A=1.07, B=0

A:
1.0951,1.09938,1.07647,1.09767,1.1013,1.0887,1.09548,1.08711,1.09482,1.08422,1.09558,1.10302
1.08459,1.09463,1.08683,1.0951,1.10274,1.09246,1.09293,1.08804,1.09255,1.10322,1.10015,1.09123
1.09368,1.09453,1.10389,1.09302,1.09416,1.09416,1.08683,1.07877,1.09217,1.08926,1.09957,1.09814


B:
3.75397,6.62478,14.6806,4.02476,4.87332,5.08544,3.40413,7.42685,4.89162,5.97746,3.97434,4.39443
4.54768,7.03621,5.29504,7.91503,6.64342,3.35325,4.22843,6.56249,4.5771,5.76286,4.82477,6.44887
5.93702,3.62086,6.03121,5.89052,5.06417,6.3771,5.07734,5.86443,4.05131,5.87236,5.13009,6.00289


