========================================================

Test10 results 01-19-2005  16:04:18
Board ID287  30 channels
HV Tests Software Ver.1.6

+5V 2526 - O'k
-5V 1323 - O'k
Interlock - On

Voltmeter channel: A=1.068376, B=7.478648

A:
Limits 1.1 +/- 0.1
1.056524,1.054852,1.069519,1.06383,1.057642,1.066098,1.059322,1.060445,1.059883,1.072961
1.066098,1.056524,1.055966,1.052078,1.06553,1.059322,1.058201,1.070091,1.057082,1.057082
1.058201,1.054296,1.062699,1.061571,1.057082,1.059883,1.059322,1.052078,1.061008,1.062699


B:
Limits 0.0 +/- 30.0
6.339135,8.438645,7.486748,5.319178,8.460956,8.528736,9.534028,10.6043,7.419397,5.364967
4.264344,8.452183,11.615443,14.728954,12.786509,8.474706,10.581949,10.700718,15.85638,8.456802
8.465547,9.488674,3.188313,10.615726,9.513885,6.359514,9.534028,8.416488,8.487992,9.564508
========================================================

Test10 results 02-01-2005  13:42:11
Board ID287  30 channels
HV Tests Software Ver.1.6

+5V 2529 - O'k
-5V 1318 - O'k
Interlock - On

Voltmeter channel: A=1.067806, B=7.474683

A:
Limits 1.1 +/- 0.1
1.057082,1.054296,1.069519,1.063264,1.057642,1.066098,1.058201,1.060445,1.061008,1.071811
1.064963,1.056524,1.054296,1.052078,1.066667,1.059322,1.057642,1.063264,1.055966,1.054852
1.057642,1.053741,1.061571,1.062699,1.057082,1.060445,1.059322,1.052078,1.061571,1.061008


B:
Limits 0.0 +/- 30.0
4.228473,8.434378,7.486748,6.379474,8.460956,9.594834,8.465547,9.543855,4.24396,8.57465
7.45467,7.395659,13.705859,12.624799,9.599792,8.474706,11.633881,17.012117,15.839309,10.54835
9.518597,9.483818,5.307871,6.376411,8.456802,4.241628,8.474706,7.364409,6.369442,12.732024
