========================================================

Test10 results 02-21-2006  13:54:29
Board ID426  30 channels
HV Tests Software Ver.1.6

+5V 2512 - O'k
-5V 1317 - O'k
Interlock - On

Voltmeter channel: A=1.077006, B=11.846848

A:
Limits 1.1 +/- 0.1
1.080497,1.081081,1.075269,1.061571,1.073537,1.081666,1.078167,1.081081,1.082251,1.068947
1.078167,1.072961,1.071811,1.077586,1.076426,1.073537,1.079914,1.079914,1.064963,1.073537
1.076426,1.075269,1.069519,1.079914,1.077006,1.083424,1.067806,1.070091,1.075847,1.081666


B:
Limits 0.0 +/- 35.0
7.563487,11.89207,7.526706,7.431013,9.661671,1.081706,7.547299,12.973151,7.575796,3.20688
4.312799,16.09458,10.718273,3.232881,12.917105,2.14691,8.639275,10.799102,9.584596,9.661671
13.993531,16.128857,5.34771,6.479447,9.692835,7.583981,11.745905,7.490445,6.454941,2.163372
========================================================
Test10 (ADC Calibration) results 2008-01-30 10:45:50
Board ID426 30 channels
Linux calibration software

Voltmeter channel: A=1.07091, B=-1464.96

A:
1.07958,1.08145,1.07445,1.06097,1.0727,1.08141,1.07682,1.08113,1.08348,1.06781
1.07702,1.07233,1.07133,1.07628,1.07771,1.07284,1.08024,1.07934,1.066,1.07193
1.07692,1.07568,1.06995,1.07994,1.07646,1.0831,1.06697,1.06992,1.07411,1.08149


B:
7.34508,9.01359,4.33602,4.45901,8.87141,-1.20112,8.55989,8.18358,1.86787,2.20929
3.59358,13.7127,6.38701,3.58862,6.59375,1.18605,4.97025,8.45295,2.79497,10.3521
8.76905,12.0558,3.33428,3.43709,7.52093,4.76921,9.74571,5.73407,8.37195,-1.95786


========================================================
Test10 (ADC Calibration) results 2008-05-09 10:22:16
Board ID426 30 channels
Linux calibration software

Voltmeter channel: A=1.07214, B=-1467.09

A:
1.08012,1.08274,1.07499,1.06137,1.07354,1.08141,1.07682,1.08157,1.08457,1.06928
1.07757,1.07367,1.07133,1.07702,1.07686,1.07297,1.08004,1.07998,1.06526,1.07233
1.07746,1.07514,1.07015,1.07994,1.07646,1.0831,1.0672,1.07016,1.07421,1.08129


B:
6.44413,6.26812,3.64119,3.14179,6.99384,-0.119712,8.35994,7.61032,0.472308,-1.5492
2.09599,9.79943,7.05805,2.04055,8.55696,2.08206,5.22832,7.2258,4.20741,10.106
8.2323,13.823,3.74701,4.31707,7.52093,5.85231,9.2436,5.22865,8.04255,-0.617256


