========================================================

Test10 results 08-13-2005  14:04:41
Board ID038  36 channels
HV Tests Software Ver.1.6.1

+5V 2526 - O'k
-5V 1317 - O'k
Interlock - On

Voltmeter channel: A=1.069519, B=7.486748

A:
Limits 1.1 +/- 0.1
1.066098,1.064396,1.072961,1.071237,1.06383,1.073537,1.075269,1.068947,1.067236,1.067806,1.071811,1.060445
1.063264,1.070091,1.084011,1.072961,1.066098,1.071237,1.081081,1.075269,1.071237,1.077006,1.067236,1.066667
1.072386,1.078749,1.077006,1.075847,1.067236,1.060445,1.073537,1.06553,1.072386,1.059322,1.074691,1.067806


B:
Limits 0.0 +/- 30.0
10.660933,11.708546,8.583851,13.925911,8.510667,10.735209,8.601974,17.103191,17.075891,8.542488,9.646461,14.846082
19.138645,8.560535,8.672089,16.09458,8.528736,7.498487,9.729908,12.903049,5.356012,3.230799,7.470769,17.06646
15.013526,14.023542,8.615829,5.379094,7.470769,21.208755,9.661671,7.458858,13.94114,18.008604,16.120251,11.745905
========================================================
Test10 (ADC Calibration) results 2008-03-12 10:37:09
Board ID38 36 channels
Linux calibration software

Voltmeter channel: A=1.06864, B=9.60315

A:
1.06583,1.06573,1.07493,1.07446,1.064,1.07296,1.07636,1.06973,1.06943,1.0685,1.07146,1.06
1.06537,1.0704,1.08318,1.0735,1.06747,1.0709,1.081,1.07413,1.07206,1.07676,1.0683,1.06927
1.07143,1.0812,1.08146,1.07542,1.0694,1.0622,1.0743,1.06523,1.0745,1.06041,1.07592,1.06757


B:
4.46898,7.32862,3.87116,8.28774,6.31197,6.24202,4.39875,14.6756,10.8511,0.908862,6.03982,10.8402
11.0722,2.18405,4.45241,13.8379,1.37334,3.95143,5.6721,10.9709,-0.0182424,0.330743,2.02967,9.13264
11.643,7.25799,3.9175,1.3812,2.88196,12.9487,4.15293,3.43431,7.41662,9.73626,8.74944,7.04518


========================================================
Test10 (ADC Calibration) results 2008-06-19 12:08:44
Board ID038 36 channels
Linux calibration software

Voltmeter channel: A=1.07, B=0

A:
1.08337,1.08516,1.06815,1.0941,1.08382,1.08957,1.09392,1.0875,1.08849,1.08597,1.08912,1.07831
1.08427,1.08759,1.10042,1.09274,1.08552,1.08903,1.09886,1.09147,1.08957,1.09419,1.08678,1.08912
1.08894,1.10402,1.11045,1.09192,1.08525,1.07558,1.09174,1.08248,1.09383,1.07796,1.09219,1.0866


B:
4.67816,7.57374,29.5153,9.80361,5.34693,7.41815,4.50047,13.2436,12.117,3.13472,5.87371,7.66163
9.48629,3.59055,6.21745,11.927,3.33407,4.43231,5.66824,10.9063,0.444625,-0.127691,3.03649,11.3193
10.3958,8.66508,5.92848,2.62859,7.92489,15.1555,5.19811,3.55922,8.95951,9.49993,10.8962,6.89742


========================================================
Test10 (ADC Calibration) results 2008-06-19 21:33:17
Board ID038 36 channels
Linux calibration software

Voltmeter channel: A=1.07, B=0

A:
1.08337,1.08525,1.08097,1.0941,1.08382,1.08966,1.09319,1.08768,1.08849,1.08579,1.08912,1.07822
1.08418,1.08741,1.10023,1.09283,1.08516,1.08903,1.09895,1.09138,1.08975,1.0941,1.0866,1.08903
1.08912,1.10328,1.11027,1.09183,1.0832,1.07549,1.09192,1.08266,1.09374,1.07813,1.09219,1.08642


B:
4.02843,7.0565,17.2913,9.14691,4.48022,7.55275,5.60789,12.4258,11.4637,3.51838,5.65594,7.95935
9.56863,3.32236,5.94573,11.4068,3.45007,4.43231,5.36448,10.9891,-0.158983,-0.26207,2.7683,11.1842
9.57647,9.33876,4.98795,2.71225,8.74388,13.7317,4.37538,2.52697,9.04305,8.90379,10.6778,7.06369


