========================================================

Test11 results 08-13-2005  14:06:22
Board ID038  36 channels
HV Tests Software Ver.1.6.1

+5V 2526 - O'k
-5V 1317 - O'k
Interlock - On
Calibration DAC Range: [2500 - 2900]


A:
Limits 0.76 +/- 0.04
0.750469,0.75188,0.746269,0.746269,0.754717,0.747664,0.744879,0.750469,0.75188,0.749064,0.746269,0.756144
0.754717,0.749064,0.739372,0.747664,0.75188,0.747664,0.742115,0.746269,0.747664,0.742115,0.750469,0.749064
0.749064,0.739372,0.743494,0.744879,0.75188,0.757576,0.747664,0.750469,0.747664,0.757576,0.750469,0.749064


B:
Limits 60.0 +/- 30.0
63.026993,62.234776,63.058163,65.856308,49.739048,54.546558,60.574371,52.867996,48.95573,63.801716,64.418976,51.832127
47.15374,55.160236,61.870724,47.25264,60.100288,61.439995,54.223522,54.474979,60.720627,67.341347,59.997635,62.032017
53.076355,68.534096,58.074505,63.853401,55.37516,43.132462,51.413895,68.448837,56.874065,51.964806,49.02459,63.630909
========================================================
Test11 (DAC Calibration) results 2008-03-12 10:37:09
Board ID38 36 channels
Linux calibration software
Calibration DAC Range: [1100 - 2700]

A:
0.749836,0.749906,0.743494,0.744186,0.75188,0.745226,0.742873,0.747105,0.747314,0.748713,0.746269,0.754717
0.750539,0.747384,0.737463,0.745226,0.749064,0.747035,0.740056,0.744048,0.745851,0.742597,0.748853,0.747803
0.745921,0.739919,0.739372,0.743149,0.748083,0.753154,0.744671,0.750258,0.744532,0.753296,0.747664,0.748994


B:
70.4752,69.9289,71.7471,70.3441,61.6542,67.8621,68.4463,65.2596,65.717,70.5195,68.806,63.0188
62.6045,66.3678,73.4513,56.0875,72.2846,67.4479,65.4024,67.2619,70.1286,69.8691,68.0802,67.2837
69.1376,66.6295,65.6192,75.1974,68.244,60.6477,64.9074,73.6473,68.0782,70.9981,62.9906,68.0366


