========================================================

Test10 results 03-28-2006  14:41:06
Board ID439  30 channels
HV Tests Software Ver.1.6

+5V 2503 - O'k
-5V 1328 - O'k
Interlock - On

Voltmeter channel: A=1.085776, B=9.771991

A:
Limits 1.1 +/- 0.1
1.077586,1.079914,1.079914,1.070664,1.080497,1.080497,1.068947,1.086957,1.077006,1.076426
1.079914,1.075847,1.082837,1.083424,1.083424,1.075847,1.081081,1.078167,1.074114,1.079914
1.077006,1.077006,1.076426,1.082251,1.080497,1.076426,1.084599,1.075269,1.075269,1.078749


B:
Limits 0.0 +/- 35.0
8.620811,9.719189,7.559361,10.706645,8.643984,7.563487,11.758456,8.695728,11.846848,13.993531
11.879015,19.365108,10.828545,10.834251,11.917675,7.530788,12.973151,14.016302,9.667063,9.719189
7.538823,9.692835,10.764252,9.740297,6.48299,9.687826,8.676929,10.752512,7.526706,7.55105
========================================================
Test10 (ADC Calibration) results 2008-05-13 10:23:23
Board ID439 30 channels
Linux calibration software

Voltmeter channel: A=1.08306, B=-1100.43

A:
1.07758,1.08111,1.0796,1.07157,1.08016,1.07976,1.06972,1.08725,1.07849,1.07698
1.0801,1.07748,1.08347,1.08413,1.08318,1.07516,1.08202,1.07909,1.07385,1.0796
1.07718,1.03696,1.07708,1.08278,1.08014,1.07637,1.08377,1.07641,1.07456,1.07873


B:
6.20543,5.74906,6.67299,4.74508,7.59467,8.06774,6.7731,4.83785,4.8054,9.85382
8.95158,11.4889,6.69489,6.81706,10.792,7.39171,6.59467,9.2352,6.91001,6.99329
5.87408,57.5147,6.80246,6.03988,3.98015,6.25359,7.47673,5.65187,6.76075,4.61931


========================================================
Test10 (ADC Calibration) results 2008-05-13 10:54:13
Board ID439 30 channels
Linux calibration software

Voltmeter channel: A=1.08333, B=-1101.33

A:
1.07823,1.08056,1.07905,1.07167,1.08006,1.07996,1.06972,1.08661,1.07819,1.07752
1.08,1.07728,1.08347,1.08413,1.08353,1.07537,1.08137,1.07929,1.07406,1.0794
1.07657,1.06599,1.07708,1.08298,1.08014,1.07603,1.08282,1.07607,1.07466,1.07809


B:
4.30579,6.44224,7.36496,4.81631,7.92277,6.33121,7.84282,6.75019,5.3905,8.28437
8.87996,12.1459,6.69489,6.81706,9.27098,7.1353,8.49782,8.97853,6.65334,7.65025
7.44427,15.9224,6.80246,5.98297,3.98015,6.28683,10.1688,6.08609,6.63222,6.51883


========================================================
Test10 (ADC Calibration) results 2008-06-19 12:08:44
Board ID439 30 channels
Linux calibration software

Voltmeter channel: A=1.07, B=0

A:
1.09519,1.09766,1.09666,1.0884,1.0984,1.09794,1.09129,1.1043,1.09629,1.10162
1.04473,1.09702,1.10106,1.10217,1.10402,1.09183,1.09913,1.0983,1.09501,1.09702
1.0962,1.08159,1.09419,1.10226,1.0962,1.09401,1.10116,1.09419,1.09319,1.09547


B:
3.64022,4.6626,5.36659,5.32226,5.74789,7.48507,5.92533,5.8667,5.70199,8.52868
21.0149,10.9548,5.9491,6.04062,7.88622,6.95308,6.39438,7.58907,5.99783,5.90879
6.44356,14.6372,6.31287,5.95633,4.6894,6.04228,6.52598,6.09408,5.04545,6.0172


