========================================================

Test11 results 03-28-2006  14:51:36
Board ID439  30 channels
HV Tests Software Ver.1.6

+5V 2504 - O'k
-5V 1328 - O'k
Interlock - On
Calibration DAC Range: [2500 - 2900]


A:
Limits 0.76 +/- 0.04
0.750469,0.747664,0.744879,0.75188,0.747664,0.746269,0.753296,0.742115,0.749064,0.749064
0.747664,0.750469,0.746269,0.744879,0.744879,0.750469,0.747664,0.749064,0.75188,0.747664
0.749064,0.75188,0.750469,0.747664,0.744879,0.75188,0.746269,0.749064,0.749064,0.747664


B:
Limits 60.0 +/- 40.0
56.542839,60.413418,70.907928,67.262054,57.989902,66.354065,66.4804,64.636688,61.952648,59.36348
60.169003,53.950092,57.0718,61.789165,61.712605,65.073929,56.533272,56.384781,60.643639,61.139179
64.201302,54.175751,58.880909,68.75016,72.598816,56.68948,57.225937,66.445206,70.293297,64.840439
========================================================
Test11 (DAC Calibration) results 2008-05-13 10:23:23
Board ID439 30 channels
Linux calibration software
Calibration DAC Range: [1100 - 2700]

A:
0.748013,0.745573,0.746617,0.752587,0.745851,0.74613,0.753509,0.741359,0.747384,0.748433
0.746269,0.748083,0.744325,0.743494,0.743771,0.749695,0.744948,0.746965,0.75061,0.746617
0.748293,0.776925,0.748363,0.748573,0.746617,0.748853,0.744117,0.749204,0.750117,0.747594


B:
66.8444,69.6179,68.922,68.2032,67.1452,68.4012,67.9946,69.5115,69.5067,64.9173
66.418,64.5036,65.9844,68.0296,67.2,69.1687,68.9915,66.1998,67.9116,67.8769
68.7026,28.9307,68.0075,67.7178,70.4153,70.0273,67.017,68.3462,69.639,68.3207


========================================================
Test11 (DAC Calibration) results 2008-05-13 10:54:13
Board ID439 30 channels
Linux calibration software
Calibration DAC Range: [1100 - 2700]

A:
0.747943,0.745573,0.746617,0.752516,0.745921,0.74599,0.753509,0.741427,0.747594,0.748433
0.746338,0.748223,0.744325,0.743494,0.743909,0.749555,0.745018,0.746826,0.750469,0.746756
0.748713,0.756144,0.748363,0.748433,0.746617,0.748713,0.744394,0.749064,0.750047,0.747664


B:
66.941,69.6179,68.922,68.1497,66.8999,68.8923,67.9946,69.4161,69.0683,64.7676
66.4708,64.0103,65.9844,68.0296,67.0075,69.3619,68.8956,66.3927,68.1051,67.3854
67.5246,61.0585,68.0075,67.7614,70.4153,70.5195,66.3346,68.5393,69.7359,68.2243


========================================================
Test11 (ADC Calibration) results 2008-06-19 12:56:33
Board ID439 30 channels
Linux calibration software

Calibration DAC Range: [1000 - 3500]

A:
0.736,0.7348,0.7348,0.7408,0.7336,0.734,0.7384,0.73,0.7356,0.7312
0.772,0.7344,0.7324,0.7312,0.7304,0.7384,0.7328,0.7336,0.736,0.7344
0.7356,0.7456,0.7368,0.7352,0.7352,0.7368,0.732,0.7368,0.7372,0.7356


B:
69,69.2001,70.2001,68.1999,68.3999,67.9999,70.6001,68.9999,68.4,66.8001
55.9999,65.6001,66.6,68.8001,67.5999,69.6001,71.2,68.3999,69,69.6001
68.4,61.4001,68.2,67.8,71.8,70.2,69,68.2,71.7999,68.4


========================================================
Test11 (ADC Calibration) results 2008-07-17 10:58:43
Board ID439 30 channels
Linux calibration software

Calibration DAC Range: [1000 - 3500]

A:
0.7356,0.734,0.7352,0.7408,0.734,0.7344,0.738,0.7292,0.7476,0.7312
0.7764,0.734,0.7316,0.7308,0.7304,0.7372,0.7328,0.7332,0.7352,0.7344
0.7352,0.7444,0.736,0.7348,0.7348,0.7356,0.732,0.736,0.7368,0.7356


B:
69.4,69.9999,68.8,67.1999,66.9999,67.6001,70.0001,69.8,57.3999,65.8001
61.5999,65.9999,68.4,69.2001,67.5999,71.7999,70.2,67.7999,69.8,69.6001
68.8,63.5999,70,68.2001,71.2001,72.4,68,69,72.2,68.4


========================================================
Test11 (ADC Calibration) results 2008-07-20 18:37:46
Board ID439 30 channels
Linux calibration software

Calibration DAC Range: [1000 - 3500]

A:
0.736,0.734,0.7352,0.7404,0.7336,0.7356,0.738,0.7292,0.7512,0.732
0.7768,0.7344,0.7316,0.7308,0.7308,0.738,0.7332,0.7336,0.7352,0.7344
0.7356,0.7444,0.7364,0.7348,0.7352,0.736,0.7316,0.7364,0.7372,0.7356


B:
69,70.9999,68.8,68.5999,68.3999,67.4,71.0001,69.8,53.7999,65
63.2001,65.6001,69.4,69.2001,67.2001,70.0001,69.7999,67.3999,69.8,69.6001
68.4,63.5999,68.6,69.2001,70.8,71,69.4,68.6,70.7999,68.4


========================================================
Test11 (ADC Calibration) results 2008-07-24 23:03:59
Board ID439 30 channels
Linux calibration software

Calibration DAC Range: [1000 - 3500]

A:
0.7356,0.7344,0.7344,0.7404,0.734,0.7344,0.738,0.7292,0.7516,0.7324
0.776,0.734,0.732,0.7308,0.73,0.7376,0.7332,0.7328,0.7348,0.7344
0.7352,0.7448,0.7368,0.7348,0.7352,0.7356,0.732,0.7364,0.7372,0.7352


B:
69.4,69.6001,70.6001,68.5999,67.9999,68.6001,70.0001,69.8,53.3999,65.6
64.9999,65.9999,68,69.2001,68.9999,71.3999,69.7999,69.2,71.2001,69.6001
68.8,63.2001,68.2,68.2001,70.8,72.4,69,68.6,70.7999,69.8


========================================================
Test11 (ADC Calibration) results 2008-08-13 01:14:42
Board ID439 30 channels
Linux calibration software

Calibration DAC Range: [1000 - 3500]

A:
0.736,0.7336,0.7344,0.74,0.7336,0.7436,0.7364,0.7284,0.7528,0.73
0.7724,0.7336,0.7316,0.7304,0.7292,0.738,0.7328,0.7308,0.7336,0.7344
0.734,0.7444,0.736,0.7684,0.7348,0.7356,0.7316,0.7352,0.736,0.7352


B:
68,71.3999,70.6001,69,68.3999,62.4,70.6,71.6,50.2,65.9999
55.5999,66.3999,68.4,68.5999,69.8,70.0001,70.2,69.2001,69.3999,70.6001
69.9999,63.5999,70,60.6,71.2001,71.4,69.4,68.8,72,68.8


========================================================
Test11 (DAC Calibration) results 2008-08-27 10:32:25
Board ID439 30 channels
Linux calibration (server mode)

Calibration DAC Range: [3100 - 3500]

A:
0.754,0.752571,0.753143,0.758,0.751429,0.764286,0.754286,0.747143,0.752,0.746571
0.789143,0.750286,0.749429,0.748571,0.747429,0.756286,0.751143,0.747429,0.751429,0.752857
0.752286,0.760857,0.754286,0.780286,0.753714,0.754286,0.749714,0.753143,0.755429,0.753429


B:
0.0,0.0,0.0,0.0,0.0,0.0,0.0,0.0,0.0,0.0
0.0,0.0,0.0,0.0,0.0,0.0,0.0,0.0,0.0,0.0
0.0,0.0,0.0,0.0,0.0,0.0,0.0,0.0,0.0,0.0


========================================================
Test11 (ADC Calibration) results 2008-08-27 13:08:29
Board ID439 30 channels
Linux calibration software

Calibration DAC Range: [1000 - 3500]

A:
0.7344,0.7324,0.7332,0.7384,0.732,0.7488,0.7352,0.7272,0.7604,0.7292
0.7708,0.732,0.7304,0.7288,0.7284,0.7364,0.7316,0.7288,0.7312,0.7336
0.7328,0.7432,0.7348,0.7688,0.7332,0.734,0.7296,0.7336,0.7348,0.7336


B:
68.6001,69.6,68.7999,68.6001,68,63.2001,68.8,69.8001,40.6,64.8
61.2,66,67.5999,68.2,67.6,69.6,68.4,67.2,69.8001,68.3999
69.2,62.8,68.2001,47.1999,71.7999,70.9999,69.4,68.3999,71.2001,69.3999


========================================================
Test11 (DAC Calibration) results 2008-08-28 18:58:20
Board ID439 30 channels
Linux calibration (server mode)

Calibration DAC Range: [3100 - 3500]

A:
0.745,0.74,0.7375,0.745,0.7375,0.7575,0.74,0.7325,0.7625,0.735
0.78,0.7375,0.735,0.7375,0.735,0.74,0.7375,0.735,0.74,0.74
0.745,0.745,0.7425,0.77,0.7375,0.7425,0.7325,0.7425,0.7425,0.7375


B:
61.5,74.0,82.7,75.5,79.7,75.8,82.0,81.2,68.3,77.5
73.0,77.7,81.5,68.7,75.5,87.0,76.7,76.5,69.0,75.0
58.5,85.5,71.2,74.0,85.7,72.2,89.2,67.2,74.2,84.7


========================================================
Test11 (DAC Calibration) results 2008-08-30 18:22:56
Board ID439 30 channels
Linux calibration (server mode)

Calibration DAC Range: [3100 - 3500]

A:
0.74,0.7425,0.7425,0.75,0.7425,0.7625,0.745,0.7375,0.74,0.74
0.7825,0.74,0.7375,0.7375,0.735,0.7475,0.74,0.74,0.745,0.745
0.74,0.75,0.74,0.7775,0.745,0.74,0.7375,0.7425,0.745,0.745


B:
87.0,74.2,75.2,68.0,71.2,64.3,72.5,72.7,82.0,66.0
76.2,77.0,81.7,77.7,83.5,70.7,77.0,67.0,61.5,67.5
82.0,79.0,89.0,73.8,71.5,89.0,81.7,76.2,74.5,68.5


========================================================
Test11 (DAC Calibration) results 2008-08-30 21:24:17
Board ID439 30 channels
Linux calibration (server mode)

Calibration DAC Range: [3100 - 3500]

A:
0.7275,0.7225,0.7225,0.7275,0.725,0.7375,0.725,0.715,0.74,0.715
0.765,0.7225,0.7225,0.7175,0.7175,0.7225,0.7225,0.7175,0.7225,0.7225
0.7225,0.7325,0.725,0.7575,0.7225,0.72,0.7175,0.72,0.7225,0.72


B:
59.7,72.2,72.2,73.7,61.5,79.7,71.5,80.5,82.0,83.5
63.5,67.2,63.2,75.8,74.8,84.2,68.2,74.8,68.2,73.2
72.2,67.2,69.5,69.8,76.2,86.0,79.8,82.0,81.2,83.0


========================================================
Test11 (DAC Calibration) results 2008-08-30 21:52:01
Board ID439 30 channels
Linux calibration (server mode)

Calibration DAC Range: [3100 - 3500]

A:
0.745,0.7425,0.7425,0.7475,0.7425,0.76,0.7425,0.7375,0.765,0.74
0.785,0.7425,0.74,0.7375,0.7375,0.75,0.74,0.7425,0.74,0.7425
0.7425,0.7525,0.74,0.78,0.745,0.7425,0.74,0.745,0.745,0.7425


B:
71.5,74.2,75.2,76.7,72.2,76.0,82.2,73.7,71.5,70.0
69.5,70.2,75.0,77.7,76.7,63.0,78.0,60.2,78.0,76.2
75.2,70.3,89.0,67.0,70.5,80.2,73.0,68.5,76.5,77.2


========================================================
Test11 (DAC Calibration) results 2008-08-31 12:06:19
Board ID439 30 channels
Linux calibration (server mode)

Calibration DAC Range: [3100 - 3500]

A:
0.745,0.7425,0.7425,0.7525,0.7425,0.76,0.745,0.7375,0.765,0.74
0.785,0.7425,0.7425,0.7375,0.7375,0.745,0.74,0.7375,0.745,0.7425
0.7475,0.7525,0.745,0.78,0.745,0.745,0.74,0.745,0.745,0.7425


B:
71.5,75.2,76.2,60.3,73.2,76.0,75.5,74.7,67.5,72.0
71.5,71.2,70.2,78.7,77.7,80.5,78.0,78.7,62.5,77.2
58.7,70.3,73.5,67.0,70.5,73.5,73.0,68.5,76.5,78.2


========================================================
Test11 (DAC Calibration) results 2008-08-31 16:15:24
Board ID439 30 channels
Linux calibration (server mode)

Calibration DAC Range: [3100 - 3500]

A:
0.745,0.7425,0.7425,0.7525,0.7425,0.76,0.745,0.7375,0.76,0.7375
0.785,0.7425,0.7425,0.7375,0.7375,0.745,0.74,0.7375,0.745,0.7475
0.74,0.7525,0.745,0.78,0.745,0.745,0.74,0.745,0.745,0.7425


B:
71.5,74.2,75.2,60.3,72.2,78.0,75.5,73.7,70.0,78.7
71.5,70.2,69.2,77.7,76.7,80.5,78.0,77.7,62.5,60.7
84.0,70.3,73.5,67.0,70.5,73.5,73.0,68.5,76.5,77.2


========================================================
Test11 (DAC Calibration) results 2008-08-31 18:30:21
Board ID439 30 channels
Linux calibration (server mode)

Calibration DAC Range: [3100 - 3500]

A:
0.745,0.7375,0.7425,0.7525,0.7375,0.76,0.745,0.7375,0.76,0.7425
0.785,0.7425,0.7425,0.7425,0.7425,0.7475,0.74,0.7375,0.745,0.7475
0.74,0.7525,0.745,0.7775,0.745,0.745,0.74,0.745,0.745,0.7475


B:
71.5,90.7,76.2,60.3,88.7,78.0,75.5,72.7,74.0,62.2
71.5,69.2,68.2,61.2,60.2,71.7,78.0,76.7,62.5,59.7
84.0,70.3,73.5,73.8,70.5,73.5,73.0,68.5,76.5,60.7


========================================================
Test11 (DAC Calibration) results 2008-09-01 15:18:45
Board ID439 30 channels
Linux calibration (server mode)

Calibration DAC Range: [3100 - 3500]

A:
0.745,0.7425,0.7425,0.7475,0.7425,0.76,0.74,0.7325,0.74,0.7375
0.7825,0.7375,0.7375,0.7375,0.7425,0.7475,0.74,0.7375,0.745,0.7425
0.7425,0.7525,0.745,0.78,0.745,0.745,0.74,0.745,0.7475,0.7425


B:
71.5,74.2,75.2,75.7,72.2,75.0,91.0,89.2,83.0,76.7
76.2,85.7,81.7,77.7,59.2,70.7,78.0,75.7,62.5,76.2
75.2,70.3,73.5,68.0,70.5,73.5,73.0,68.5,67.7,77.2


========================================================
Test11 (ADC Calibration) results 2009-03-17 10:47:16
Board ID439 30 channels
Host: ufcmshv3
Linux calibration software

Calibration DAC Range: [1000 - 3500]

A:
0.7648,0.7576,0.7688,0.764,0.7612,0.7608,0.7704,0.7672,0.764,0.766
0.7608,0.7648,0.7604,0.7524,0.77,0.7704,0.762,0.758,0.7684,0.7664
0.7548,0.756,0.7604,0.7572,0.762,0.758,0.7652,0.7624,0.7668,0.7608


B:
67.2,69.4,68.1999,68,67.8,68.2,68.6,68.8,69,66.0001
68.2,68.2,68.6,64.6001,69.0001,70.6,69.9999,67.9999,69.6,69.6001
68.1999,62.0001,69.6,68.8,69.9999,70.9999,68.7999,67.6001,70.2001,69.2


