========================================================

Test10 results 04-25-2005  18:07:08
Board ID324  30 channels
HV Tests Software Ver.1.6

+5V 2510 - O'k
-5V 1313 - O'k
Interlock - On

Voltmeter channel: A=1.077586, B=14.008742

A:
Limits 1.1 +/- 0.1
1.06553,1.067236,1.071237,1.077586,1.068947,1.075847,1.075269,1.073537,1.082837,1.075847
1.069519,1.071237,1.071237,1.075847,1.082251,1.074114,1.072386,1.068947,1.082837,1.067806
1.073537,1.064396,1.073537,1.087548,1.070091,1.068947,1.071811,1.077586,1.078749,1.072961


B:
Limits 0.0 +/- 30.0
9.589919,12.806949,14.997149,9.698398,5.344774,6.454941,7.526706,6.441059,11.911382,9.682483
14.973378,8.569725,11.783437,8.606635,7.575796,9.667063,7.506824,7.482668,11.911382,6.406877
6.441059,7.450962,5.367522,4.350336,8.560535,6.413721,9.646461,5.388053,5.393553,1.073122
========================================================
Test10 (ADC Calibration) results 2007-12-07 15:28:21
Board ID324 30 channels
Linux calibration software

Voltmeter channel: A=1.07459, B=-1226.93

A:
1.06465,1.06788,1.07566,1.07933,1.06771,1.0761,1.07468,1.07347,1.0854,1.07583
1.07084,1.07105,1.07074,1.07513,1.08176,1.07606,1.07179,1.06977,1.08631,1.06822
1.07226,1.06384,1.07529,1.08805,1.07398,1.06791,1.07094,1.07735,1.07893,1.07175


B:
8.44641,6.65447,10.6623,4.69192,4.46529,3.34538,5.42814,3.17694,7.46322,5.23566
6.19085,5.80315,8.59055,7.06363,4.87609,9.77465,4.96544,1.90687,6.70071,5.81943
5.65338,5.14229,4.77864,1.88481,6.20566,6.27499,8.07433,4.22297,2.00812,0.729753


========================================================
Test10 (ADC Calibration) results 2008-06-17 15:59:19
Board ID324 30 channels
Linux calibration software

Voltmeter channel: A=1.07, B=0

A:
1.0811,1.08477,1.09344,1.09581,1.08414,1.09226,1.09153,1.08917,1.10206,1.09244
1.088,1.08773,1.08746,1.09135,1.09801,1.09289,1.08836,1.08611,1.1029,1.08548
1.08954,1.07995,1.07385,1.10318,1.08459,1.08512,1.08836,1.09353,1.09517,1.08746


B:
7.97945,6.54479,8.37932,6.64842,5.3888,4.43585,5.10333,5.3057,7.32534,5.36145
5.73337,6.63499,8.40624,8.32593,7.05439,8.4412,5.836,1.60905,7.23071,4.57988
4.31924,5.80877,16.619,5.43356,9.53037,5.34529,6.70675,5.45257,2.41463,2.7511


========================================================
Test10 (ADC Calibration) results 2008-06-20 22:47:11
Board ID324 30 channels
Linux calibration software

Voltmeter channel: A=1.07, B=0

A:
1.08146,1.08459,1.09344,1.09618,1.08432,1.09216,1.09162,1.08917,1.10206,1.09216
1.08809,1.08782,1.08764,1.09135,1.09838,1.0315,1.08827,1.08629,1.10299,1.08548
1.08954,1.08012,1.07079,1.10336,1.08137,1.08512,1.08809,1.09371,1.09526,1.08791


B:
7.0014,7.14394,8.37932,5.87574,4.78951,4.0827,5.23854,5.08792,7.10498,6.04825
6.0854,5.89943,7.8053,8.10771,5.84039,64.3812,5.48403,1.44265,6.70492,5.01384
4.31924,5.21203,12.8098,5.04446,9.02995,4.91135,6.73849,4.62986,2.11144,1.8998


