========================================================

Test11 results 04-25-2005  18:08:34
Board ID324  30 channels
HV Tests Software Ver.1.6

+5V 2512 - O'k
-5V 1313 - O'k
Interlock - On
Calibration DAC Range: [2500 - 2900]


A:
Limits 0.76 +/- 0.04
0.760456,0.756144,0.757576,0.749064,0.757576,0.750469,0.753296,0.754717,0.746269,0.75188
0.757576,0.753296,0.754717,0.749064,0.749064,0.753296,0.754717,0.757576,0.746269,0.757576
0.753296,0.760456,0.75188,0.750469,0.757576,0.756144,0.753296,0.749064,0.75188,0.756144


B:
Limits 60.0 +/- 30.0
52.040607,62.037666,45.707592,62.038052,58.180958,62.920177,55.386944,56.854691,57.0718,58.396629
48.952072,64.25325,56.666378,69.577881,54.449394,60.592701,53.430824,56.152187,58.687134,59.596046
60.592701,57.293808,65.123161,53.027946,52.196552,62.037666,62.115108,67.426704,53.88792,60.305328
========================================================
Test11 (DAC Calibration) results 2007-12-07 15:28:21
Board ID324 30 channels
Linux calibration software
Calibration DAC Range: [1100 - 2700]

A:
0.759013,0.756716,0.751244,0.749064,0.757217,0.751315,0.752304,0.753154,0.744879,0.75188
0.755002,0.754859,0.755073,0.752375,0.747384,0.750962,0.754717,0.756144,0.744255,0.756859
0.754006,0.75959,0.75188,0.747594,0.7528,0.757074,0.754931,0.750821,0.749344,0.754361


B:
61.6698,64.6616,60.879,64.0449,63.3696,64.2376,63.4757,65.1666,61.1918,63.9098
61.2683,62.3704,60.2643,61.723,64.7236,63.9727,59.2452,65.5954,61.764,62.3462
62.4882,64.9828,63.1579,64.7322,63.6961,62.8087,62.2722,63.8667,66.0546,71.0514


