========================================================

Test10 results 10-06-2005  12:58:50
Board ID089  36 channels
HV Tests Software Ver.1.6

+5V 2541 - O'k
-5V 1307 - O'k
Interlock - On

Voltmeter channel: A=1.053741, B=12.645041

A:
Limits 1.1 +/- 0.1
1.050972,1.064396,1.059322,1.055409,1.061008,1.057642,1.067806,1.060445,1.06383,1.066667,1.061571,1.066667
1.058761,1.067806,1.062135,1.052632,1.062699,1.062699,1.054852,1.058761,1.061571,1.063264,1.054296,1.058761
1.057642,1.062135,1.070091,1.064963,1.06383,1.064396,1.05042,1.064963,1.060445,1.056524,1.064396,1.064396


B:
Limits 0.0 +/- 35.0
6.306005,8.515358,9.534028,7.387925,8.487992,8.460956,4.271266,6.362518,5.319178,2.133125,13.80044,8.533125
5.293845,6.406877,3.186514,12.631436,11.689907,6.376411,9.493498,8.470129,7.431013,5.31621,6.325786,12.705173
5.288031,7.435054,2.13999,8.519632,1.063858,11.708546,15.756314,9.584596,7.422964,7.395659,7.450962,9.579754
========================================================
Test10 (ADC Calibration) results 2007-10-09 15:48:57
Board ID89 36 channels
Linux calibration software

Voltmeter channel: A=1.05316, B=15.3323

A:
1.05128,1.06381,1.05961,1.05572,1.06154,1.05819,1.0666,1.06082,1.06479,1.06709,1.06265,1.06637
1.05966,1.06854,1.06089,1.06102,1.06387,1.06624,1.05431,1.05757,1.06516,1.07101,1.05562,1.06361
1.05651,1.06295,1.07117,1.07229,1.06407,1.06506,1.05262,1.0712,1.06,1.0571,1.06802,1.06601


B:
0.0769333,5.19628,5.63138,4.36398,1.87698,5.82428,3.28569,4.59744,2.91577,1.4421,7.17376,5.38089
2.2568,2.82883,0.908138,6.88024,6.83618,4.22259,6.39375,7.42258,2.9678,1.95012,0.581232,7.11682
3.22567,2.18681,-4.23391,3.59178,-3.20725,5.68653,11.3888,7.22233,3.67979,2.19743,1.97986,6.05508


========================================================
Test10 (ADC Calibration) results 2008-06-17 15:59:18
Board ID089 36 channels
Linux calibration software

Voltmeter channel: A=1.07, B=0

A:
1.06817,1.08093,1.07676,1.07236,1.07791,1.07517,1.08387,1.07977,1.08244,1.08396,1.08012,1.08333
1.07747,1.08647,1.07897,1.0654,1.06965,1.08692,1.05751,1.06653,1.08289,1.09271,1.07254,1.08164
1.07166,1.0795,1.08701,1.09581,1.07977,1.08057,1.07018,1.0949,1.07694,1.07385,1.08593,1.08485


B:
2.36164,6.7395,5.66096,5.91009,4.3712,6.06916,3.78411,4.57486,4.03162,3.91781,9.21203,6.88315
2.62968,2.8858,1.21974,17.3415,16.1524,5.51169,19.8476,14.1585,4.91554,3.42878,2.09895,9.97075
5.49536,3.9594,-0.0068039,5.38848,-0.39219,9.23154,13.9529,7.97967,4.41872,4.51123,4.47267,6.12251


========================================================
Test10 (ADC Calibration) results 2008-07-06 16:58:46
Board ID089 36 channels
Linux calibration software

Voltmeter channel: A=1.07, B=0

A:
1.06835,1.08084,1.07711,1.07298,1.07826,1.07579,1.08396,1.08012,1.08271,1.0845,1.08013,1.08405
1.07782,1.08638,1.0795,1.05649,1.06748,1.08719,1.04264,1.0605,1.08333,1.09262,1.07271,1.08164
1.07122,1.07968,1.08719,1.09544,1.08004,1.08137,1.07026,1.09417,1.07729,1.0742,1.0862,1.08521


B:
2.62439,7.25477,5.33049,4.69076,4.25595,5.49205,3.91781,3.81141,3.99897,3.20143,9.64384,5.78576
2.08271,3.62125,0.93714,14.6779,13.4794,5.04409,22.7403,14.0732,3.84976,3.29451,2.36311,9.53833
5.04869,4.00991,-0.174612,5.28641,-0.209925,7.83932,14.2998,8.64927,4.30385,3.75198,4.00519,5.3555


========================================================
Test10 (ADC Calibration) results 2008-07-16 21:23:30
Board ID089 36 channels
Linux calibration software

Voltmeter channel: A=1.07, B=0

A:
1.06889,1.08124,1.07755,1.07371,1.07875,1.07645,1.08468,1.08078,1.08328,1.08514,1.08087,1.0844
1.07847,1.08711,1.07995,1.05805,1.06835,1.08804,1.04596,1.05841,1.08403,1.0937,1.07352,1.08226
1.07152,1.08013,1.08786,1.09664,1.08087,1.08198,1.07134,1.0955,1.07737,1.07444,1.08655,1.08598


B:
1.89942,7.09302,4.91906,4.64932,3.58473,4.87276,3.24877,3.84813,3.24658,2.59838,9.38225,6.11095
1.68634,3.16528,0.736252,13.6194,15.4456,4.90768,21.0551,14.3433,3.42129,3.17492,1.8147,9.39256
5.41448,3.58781,-1.01094,4.84599,-1.85873,7.05299,13.0844,7.86593,4.65982,4.17859,3.90327,4.64083


========================================================
Test10 (ADC Calibration) results 2008-07-19 11:34:37
Board ID089 36 channels
Linux calibration software

Voltmeter channel: A=1.07, B=0

A:
1.06907,1.08124,1.07765,1.0738,1.07875,1.07618,1.08431,1.08087,1.0831,1.08524,1.08087,1.08449
1.07857,1.08729,1.07976,1.05584,1.06862,1.08786,1.04277,1.05743,1.08347,1.09322,1.07343,1.08226
1.07188,1.08023,1.08776,1.0954,1.08087,1.08208,1.07088,1.09464,1.07765,1.07453,1.08655,1.08561


B:
1.51453,6.66024,4.18636,4.34882,3.80082,5.77542,3.59527,3.97788,3.63604,2.07767,8.73388,5.80772
1.59985,2.55711,0.692718,12.3271,12.8419,3.99304,27.0017,15.6851,4.1573,2.95562,1.68583,8.7431
4.00108,3.71709,-1.14099,5.10529,-1.6426,6.75072,14.3646,7.9929,3.53967,3.87826,3.68601,5.20401


========================================================
Test10 (ADC Calibration) results 2008-07-19 14:46:21
Board ID089 36 channels
Linux calibration software

Voltmeter channel: A=1.07, B=0

A:
1.06898,1.08124,1.07755,1.07352,1.07838,1.07608,1.08449,1.08078,1.08319,1.08459,1.08078,1.08403
1.07829,1.0872,1.07967,1.0525,1.0669,1.08739,1.03678,1.05531,1.08356,1.09275,1.07325,1.08208
1.07116,1.08013,1.08739,1.09521,1.0806,1.08171,1.07116,1.09445,1.07755,1.07425,1.08626,1.08561


B:
1.81384,6.66024,4.70321,4.60596,4.36049,5.86114,2.98832,3.84813,3.54959,3.76904,9.68424,6.45662
2.07466,3.07865,0.995378,16.5454,14.6589,5.07975,31.2103,16.8386,3.63736,3.61043,1.85763,9.13123
5.32743,3.80378,-0.792035,5.27989,-1.16631,7.31146,13.4683,8.38569,3.62566,4.13539,4.16364,4.98694


========================================================
Test10 (ADC Calibration) results 2008-07-20 08:08:59
Board ID089 36 channels
Linux calibration software

Voltmeter channel: A=1.07, B=0

A:
1.06916,1.08124,1.07746,1.07325,1.07893,1.07581,1.08449,1.08087,1.0831,1.08524,1.08078,1.08412
1.07829,1.0872,1.07976,1.05364,1.06781,1.08729,1.03968,1.05443,1.08375,1.09322,1.07325,1.0818
1.07143,1.08013,1.08757,1.09521,1.08069,1.08189,1.07125,1.09426,1.07755,1.07434,1.08636,1.08589


B:
1.429,6.87682,5.00459,5.50644,2.9809,6.54848,3.42189,4.19427,3.63604,2.29466,9.25204,6.15331
2.29026,2.86139,0.692718,19.6806,15.7378,6.25367,27.6334,19.9891,3.68074,3.39307,1.64303,10.0382
5.28588,3.80378,-0.966588,5.93674,-1.46928,7.13906,13.5978,8.99696,4.05696,4.2645,3.85959,4.72778


========================================================
Test10 (ADC Calibration) results 2008-07-20 17:40:55
Board ID089 36 channels
Linux calibration software

Voltmeter channel: A=1.07, B=0

A:
1.06898,1.08143,1.07746,1.07361,1.07857,1.07654,1.0844,1.0806,1.0831,1.08487,1.08115,1.08421
1.07866,1.08729,1.07986,1.05417,1.06772,1.08748,1.03831,1.05417,1.08384,1.09351,1.07352,1.08198
1.07143,1.08004,1.08786,1.09502,1.08097,1.08198,1.07116,1.09445,1.07774,1.07444,1.08673,1.0857


B:
1.81384,6.48806,5.00459,4.73514,4.18856,5.43238,3.5085,4.45274,4.06956,3.50914,8.90849,6.06679
1.94501,2.9918,0.822675,19.3945,16.4623,5.64536,28.7208,17.4969,3.81132,3.13093,1.8147,9.86638
4.85715,4.10568,-0.793418,5.89243,-1.94554,7.26972,13.8967,9.04247,3.88458,3.96376,3.51246,5.11773


========================================================
Test10 (ADC Calibration) results 2008-07-24 12:08:22
Board ID089 36 channels
Linux calibration software

Voltmeter channel: A=1.07, B=0

A:
1.06835,1.08078,1.07682,1.07316,1.07829,1.07581,1.08384,1.08013,1.08282,1.08431,1.08032,1.08403
1.07801,1.08673,1.0793,1.05487,1.06744,1.08626,1.03882,1.05399,1.0831,1.09266,1.07225,1.08161
1.07097,1.07986,1.08701,1.09436,1.07995,1.08134,1.07061,1.09417,1.07709,1.07407,1.08589,1.08524


B:
1.34348,6.0097,4.74408,4.51899,3.58416,5.47267,4.02804,4.23573,2.81291,3.37847,8.8168,5.15545
1.902,2.42573,0.693149,15.9884,16.0747,5.2499,26.5733,18.9278,3.85261,3.91619,3.01555,9.12833
4.85601,3.4141,-0.661258,6.28379,-0.343696,7.65527,13.3337,8.20882,4.27126,3.66209,4.07602,4.89913


