========================================================

Test10 results 08-22-2005  12:52:32
Board ID058  36 channels
HV Tests Software Ver.1.6

+5V 3064 - O'k
-5V 1431 - O'k
Interlock - On

Voltmeter channel: A=1.074691, B=5.373341

A:
Limits 1.1 +/- 0.1
1.076426,1.077586,1.075847,1.077006,1.077586,1.071237,1.074691,1.078167,1.075269,1.075269,1.081666,1.077586
1.076426,1.072961,1.074114,1.070091,1.078167,1.078167,1.072386,1.089325,1.078167,1.074691,1.085187,1.082837
1.076426,1.075269,1.079914,1.073537,1.075847,1.081666,1.077586,1.082251,1.077586,1.06383,1.080497,1.079914


B:
Limits 0.0 +/- 30.0
8.6114,9.698398,6.454941,4.307805,9.698398,9.640962,15.04556,12.938135,10.752512,9.677243,9.735032,-1.077464
6.458547,3.219044,8.592949,16.051172,15.094469,12.938135,6.434438,5.446715,8.625466,9.672105,8.68149,4.331523
5.382121,10.752512,8.639275,7.514596,9.682483,9.735032,15.086329,5.411294,8.620811,7.446837,6.48299,15.118756
========================================================
Test10 (ADC Calibration) results 2008-01-24 06:04:59
Board ID58 36 channels
Linux calibration software

Voltmeter channel: A=1.0722, B=4.06959

A:
1.07898,1.07648,1.0744,1.07608,1.07668,1.07021,1.07498,1.07862,1.07451,1.07477,1.08166,1.07511
1.07698,1.07287,1.07407,1.07064,1.07946,1.0776,1.0713,1.08858,1.08182,1.07357,1.08644,1.08162
1.07608,1.07568,1.08152,1.07561,1.07508,1.08152,1.0759,1.08212,1.07722,1.0635,1.08008,1.08044


B:
3.4227,6.587,4.56298,1.39454,6.88411,7.06688,8.38186,7.69033,6.35053,6.11272,3.38914,-0.44477
0.731306,-1.91283,2.33348,9.50853,7.81582,11.4927,3.7063,3.08984,3.03087,6.84654,6.58472,1.87836
0.698847,3.86499,3.76243,3.13934,7.0542,5.9328,14.6068,0.80028,2.85494,2.18981,-2.42255,8.04072


