========================================================

Test11 results 08-22-2005  12:55:30
Board ID058  36 channels
HV Tests Software Ver.1.6

+5V 3063 - O'k
-5V 1431 - O'k
Interlock - On
Calibration DAC Range: [2500 - 2900]


A:
Limits 0.76 +/- 0.04
0.744879,0.744879,0.744879,0.746269,0.743494,0.749064,0.747664,0.743494,0.744879,0.744879,0.740741,0.746269
0.743494,0.746269,0.749064,0.747664,0.746269,0.746269,0.747664,0.738007,0.747664,0.744879,0.739372,0.740741
0.743494,0.744879,0.743494,0.749064,0.747664,0.740741,0.744879,0.740741,0.743494,0.754717,0.742115,0.742115


B:
Limits 60.0 +/- 40.0
68.818596,62.556957,73.547012,60.48011,69.356163,61.82299,55.662762,60.838287,66.413193,69.540199,66.836937,62.009087
75.923454,75.06897,57.420044,64.642029,48.489529,58.067493,72.195145,57.186073,53.483475,71.862854,67.61367,66.175407
73.359886,71.223991,56.967251,58.141678,57.191128,67.63826,63.282742,67.708969,65.427406,63.388077,71.864159,68.656715
========================================================
Test11 (DAC Calibration) results 2008-01-24 06:04:59
Board ID58 36 channels
Linux calibration software
Calibration DAC Range: [1100 - 2700]

A:
0.742184,0.743909,0.744602,0.744186,0.743771,0.748643,0.744948,0.742804,0.745643,0.745087,0.741084,0.745226
0.743564,0.746408,0.745573,0.748713,0.742597,0.742391,0.746756,0.736377,0.740604,0.745921,0.736716,0.740741
0.744186,0.744463,0.740809,0.744879,0.744879,0.740809,0.743564,0.740398,0.743771,0.753367,0.743287,0.740809


B:
75.6379,70.8758,79.0023,71.5349,72.2572,68.3698,70.3324,67.948,68.9252,72.8229,70.6345,71.5882
79.2359,80.4069,74.8369,66.0272,63.3342,73.8679,79.6323,66.8631,73.8195,72.2705,74.6385,70.6667
75.2558,77.7033,66.8672,71.3222,71.3222,70.8677,73.1387,73.0679,69.1334,73.6132,75.007,77.535


