========================================================

Test11 results 01-11-2006  11:29:29
Board ID139  36 channels
HV Tests Software Ver.1.6

+5V 2501 - O'k
-5V 1343 - O'k
Interlock - On
Calibration DAC Range: [2500 - 2900]


A:
Limits 0.76 +/- 0.04
0.743494,0.742115,0.733945,0.738007,0.743494,0.740741,0.743494,0.738007,0.746269,0.736648,0.739372,0.740741
0.740741,0.739372,0.739372,0.742115,0.743494,0.738007,0.739372,0.736648,0.742115,0.739372,0.735294,0.732601
0.744879,0.733945,0.742115,0.744879,0.736648,0.740741,0.743494,0.744879,0.746269,0.743494,0.743494,0.740741


B:
Limits 60.0 +/- 40.0
61.856781,67.48774,73.395576,69.112206,48.801155,68.01442,57.4156,65.444336,67.453423,63.844124,70.129265,65.757294
64.021179,59.214691,58.603664,65.743698,73.683533,58.991093,67.87162,63.96426,58.691071,64.809982,75.195366,59.270485
54.314007,69.58268,54.825405,61.299065,65.26239,64.089722,57.274197,40.884907,66.654861,59.819069,65.955254,56.61504
========================================================
Test11 (ADC Calibration) results 2008-06-17 04:20:31
Board ID139 36 channels
Linux calibration software

Calibration DAC Range: [1000 - 3500]

A:
0.7416,0.7384,0.7324,0.7372,0.7372,0.7372,0.7388,0.7356,0.744,0.7336,0.7372,0.7356
0.7392,0.7376,0.7352,0.7372,0.7408,0.7372,0.7332,0.732,0.7376,0.7372,0.7376,0.7288
0.7388,0.7312,0.7356,0.7408,0.7336,0.7372,0.7372,0.7376,0.744,0.738,0.7404,0.7324


B:
64.4001,76.6001,68.6,66.7999,62.7999,67.7999,68.2,68.4,68.9999,70.3999,71.7999,71.4
64.8,61.3999,63.8,69.7999,73.1999,58.7999,69.7999,73,66.3999,66.7999,70.3999,66.2
66.2,69.8001,63.4,69.1999,69.3999,66.7999,67.7999,56.3999,67.9999,72.0001,71.5999,70.6


========================================================
Test11 (ADC Calibration) results 2008-06-17 07:43:31
Board ID139 36 channels
Linux calibration software

Calibration DAC Range: [1000 - 3500]

A:
0.7336,0.73,0.7236,0.7288,0.7288,0.7284,0.73,0.7276,0.736,0.7248,0.7288,0.7276
0.7308,0.7288,0.7264,0.7292,0.7324,0.7284,0.7244,0.7236,0.7288,0.7284,0.7288,0.7204
0.73,0.7224,0.7292,0.7328,0.7252,0.7284,0.7288,0.7296,0.7356,0.7296,0.7316,0.724


B:
64.3999,76.9999,70.4001,68.2,64.2,69.6,68.9999,68.4001,69,72.2,72.2,71.4001
65.2001,63.2,65.5999,68.8,73.6,60.6,71.6001,74.4001,68.2,68.6,72.2,66.6001
67.9999,71.6,61.8,69.2,69.8,68.6,68.2,56.4,68.4,73.4,73.4,72.0001


========================================================
Test11 (ADC Calibration) results 2008-07-28 12:43:15
Board ID139 36 channels
Linux calibration software

Calibration DAC Range: [1000 - 3500]

A:
0.7328,0.7304,0.724,0.7288,0.7284,0.7284,0.7308,0.7272,0.7356,0.7248,0.7288,0.728
0.7304,0.7292,0.7264,0.7288,0.7324,0.7284,0.7244,0.7228,0.7288,0.7284,0.7292,0.7204
0.73,0.7224,0.7276,0.7328,0.7252,0.7288,0.7288,0.7292,0.7356,0.7296,0.7316,0.724


B:
67.2,77.5999,71.0001,69.2,66.6,71.6,69.2001,70.8001,71.4,74.2,74.2,72.0001
67.5999,63.8,67.5999,72.2,75.6,62.6,71.6001,76.1999,68.2,68.6,70.8,66.6001
67.9999,71.6,63.4001,69.2,69.8,67.2,68.2,57.8,68.4,73.4,73.4,72.0001


