========================================================

Test11 results 01-24-2005  12:26:42
Board ID284  30 channels
HV Tests Software Ver.1.6

+5V 2506 - O'k
-5V 1304 - O'k
Interlock - On
Calibration DAC Range: [2500 - 2900]


A:
Limits 0.76 +/- 0.04
0.756144,0.750469,0.753296,0.754717,0.746269,0.754717,0.754717,0.754717,0.746269,0.75188
0.754717,0.756144,0.754717,0.753296,0.750469,0.753296,0.747664,0.753296,0.753296,0.75188
0.749064,0.756144,0.750469,0.753296,0.753296,0.75188,0.753296,0.750469,0.756144,0.754717


B:
Limits 70.0 +/- 30.0
58.806332,63.461044,53.947292,65.170029,58.60952,62.038025,66.784302,61.230427,59.573147,75.120811
72.02623,58.09597,60.326828,62.923027,69.636658,64.773895,56.453686,58.883808,64.348145,64.500877
67.967834,48.489105,66.686996,56.115593,63.163395,69.251709,56.369389,75.368324,56.286102,61.651638
========================================================
Test11 (DAC Calibration) results 2007-09-05 16:38:16
Board ID284 30 channels
Linux calibration software
Calibration DAC Range: [1100 - 2700]

A:
0.754717,0.751033,0.751668,0.754361,0.745921,0.757935,0.755073,0.754931,0.75188,0.753721
0.755358,0.754219,0.752304,0.753225,0.75195,0.754432,0.747035,0.753154,0.753438,0.750821
0.750821,0.752304,0.75061,0.750469,0.754361,0.751103,0.752587,0.750469,0.755287,0.754646


B:
67.5471,66.579,63.6004,71.8057,64.6621,67.693,64.7948,69.8215,69.173,73.4314
74.3744,68.9827,60.1656,68.3836,69.6776,64.7681,65.6549,65.1666,69.1468,74.3782
65.3683,63.9271,69.4128,69.6061,64.2621,77.1475,64.4403,79.062,64.8035,67.0407


