========================================================

Test10 results 03-27-2006  14:58:24
Board ID429  30 channels
HV Tests Software Ver.1.6

+5V 2496 - O'k
-5V 1322 - O'k
Interlock - On

Voltmeter channel: A=1.090513, B=11.995736

A:
Limits 1.1 +/- 0.1
1.087548,1.084011,1.086366,1.084011,1.078167,1.081081,1.080497,1.077006,1.086957,1.078167
1.082837,1.082251,1.087548,1.089918,1.081081,1.081666,1.084011,1.077006,1.075847,1.081081
1.075847,1.089325,1.084599,1.091107,1.083424,1.077006,1.088139,1.080497,1.080497,1.076426


B:
Limits 0.0 +/- 35.0
11.963168,9.7561,11.950203,13.008133,10.781801,11.89207,14.04647,9.692835,9.782684,15.094469
12.994219,17.316055,11.963168,13.079021,9.729908,11.898364,10.840111,14.000859,10.758329,10.810989
15.061719,8.714689,14.099923,9.819918,11.917675,11.846848,11.969481,10.804978,11.885475,15.069958
========================================================
Test10 (ADC Calibration) results 2007-11-07 10:03:49
Board ID429 30 channels
Linux calibration software

Voltmeter channel: A=1.06356, B=-1478.82

A:
1.08838,1.0843,1.08657,1.0838,1.0777,1.08158,1.08107,1.07568,1.08788,1.07899
1.08293,1.08374,1.08804,1.09172,1.08087,1.08168,1.0845,1.07673,1.07521,1.08107
1.07622,1.08975,1.08592,1.09107,1.08364,1.07768,1.08879,1.0803,1.08131,1.07643


B:
5.92944,5.35936,6.40792,9.99811,7.63266,6.72596,10.0461,7.18782,4.321,10.0778
9.89457,10.9885,8.83389,6.88593,6.33994,8.59844,6.81969,11.9379,8.7785,6.52735
10.5766,5.46287,8.11614,7.43923,7.28361,6.73892,9.3723,7.33623,6.05757,10.2446


========================================================
Test10 (ADC Calibration) results 2008-06-17 15:59:19
Board ID429 30 channels
Linux calibration software

Voltmeter channel: A=1.07, B=0

A:
1.10503,1.10013,1.10308,1.10049,1.09435,1.09801,1.04322,1.09216,1.10345,1.09535
1.0993,1.09957,1.10475,1.10755,1.09755,1.09856,1.10031,1.0938,1.09244,1.09773
1.09326,1.10513,1.10169,1.10792,1.10031,1.09353,1.10531,1.09654,1.09764,1.09316


B:
6.17692,7.54585,8.16535,9.19154,7.32733,6.39548,58.6673,7.14042,6.94672,9.47572
8.73933,11.5672,8.41875,8.54742,7.47287,6.99152,8.69866,9.35857,7.10946,6.64678
9.85756,7.19815,8.32234,7.98867,7.81836,8.07693,8.79807,7.95328,7.38904,9.50347


