========================================================

Test11 results 03-27-2006  15:00:05
Board ID429  30 channels
HV Tests Software Ver.1.6

+5V 2496 - O'k
-5V 1323 - O'k
Interlock - On
Calibration DAC Range: [2500 - 2900]


A:
Limits 0.76 +/- 0.04
0.742115,0.744879,0.744879,0.744879,0.747664,0.747664,0.747664,0.750469,0.742115,0.750469
0.746269,0.743494,0.740741,0.742115,0.746269,0.746269,0.744879,0.747664,0.750469,0.746269
0.75188,0.742115,0.746269,0.744879,0.744879,0.746269,0.742115,0.749064,0.747664,0.750469


B:
Limits 60.0 +/- 40.0
67.130272,68.328857,62.019211,67.361755,72.267059,64.536522,64.36895,66.868385,73.509819,59.949997
65.229736,71.821167,72.597565,61.025581,69.826691,68.296074,66.633972,72.091461,66.959259,72.246964
61.270512,66.396492,59.808361,65.885818,69.863716,79.691246,68.011536,61.570801,66.961319,62.920177
========================================================
Test11 (DAC Calibration) results 2007-11-07 10:03:49
Board ID429 30 channels
Linux calibration software
Calibration DAC Range: [1100 - 2700]

A:
0.742459,0.744879,0.743702,0.745226,0.749064,0.746756,0.747105,0.750469,0.742804,0.748923
0.746199,0.745643,0.742322,0.740192,0.747245,0.746687,0.74474,0.750117,0.751174,0.747105
0.750469,0.741152,0.743771,0.744394,0.745712,0.749836,0.742184,0.748013,0.747314,0.750328


B:
70.9512,74.3017,72.2041,70.843,72.2846,72.4634,70.7883,72.6079,75.376,70.2302
70.3945,68.7761,71.7362,71.8727,71.941,71.0659,72.4073,69.339,70.8919,74.2249
70.3565,74.245,72.2572,72.7365,73.1545,72.7247,71.6299,71.482,72.4428,69.7992


========================================================
Test11 (ADC Calibration) results 2008-06-17 18:39:44
Board ID429 30 channels
Linux calibration software

Calibration DAC Range: [1000 - 3500]

A:
0.7308,0.7336,0.7316,0.7336,0.738,0.7352,0.7744,0.7388,0.7316,0.7372
0.7348,0.7344,0.7312,0.7292,0.7356,0.7348,0.7332,0.7384,0.7392,0.7356
0.7388,0.7304,0.7332,0.7328,0.734,0.7388,0.7308,0.7364,0.7356,0.7388


B:
72.2001,74.3999,73.4,72.3999,72.0001,73.8,32.6,73.2,75.4,71.7999
71.2001,69.6001,71.8001,71.8,72.4,73.2001,72.7999,71.6001,72.8,74.4
71.2,73.5999,71.7999,73.2,73.9999,72.2,72.2001,72.6,73.4,71.2


========================================================
Test11 (ADC Calibration) results 2008-07-16 22:38:23
Board ID429 30 channels
Linux calibration software

Calibration DAC Range: [1000 - 3500]

A:
0.73,0.7336,0.7316,0.7332,0.738,0.7348,0.7684,0.7392,0.7312,0.7368
0.734,0.734,0.7304,0.7284,0.7352,0.7344,0.7332,0.738,0.7392,0.7352
0.7376,0.7304,0.732,0.732,0.7332,0.738,0.7296,0.7364,0.7352,0.7388


B:
72.9999,74.3999,73.4,72.7999,72.0001,73.2001,56.6,71.8,75.8001,73.2
72.9999,69.9999,72.5999,73.6,72.8,73.6001,71.7999,72.0001,71.8,74.8
72.3999,73.5999,74,74,75.7999,74.0001,74.4,72.6,73.8,70.2


