========================================================

Test10 results 10-10-2005  14:16:38
Board ID099  36 channels
HV Tests Software Ver.1.6

+5V 3072 - O'k
-5V 1355 - O'k
Interlock - On

Voltmeter channel: A=1.085187, B=5.425929

A:
Limits 1.1 +/- 0.1
1.075847,1.075269,1.077586,1.072961,1.072961,1.078167,1.081081,1.070664,1.071237,1.075269,1.073537,1.074691
1.080497,1.075269,1.072386,1.079914,1.076426,1.080497,1.068376,1.074691,1.075847,1.078167,1.078167,1.074114
1.076426,1.078749,1.080497,1.071811,1.081666,1.074114,1.077586,1.080497,1.082251,1.079331,1.081666,1.078749


B:
Limits 0.0 +/- 35.0
4.303246,5.376168,1.077708,10.729774,3.219044,1.078297,2.162341,5.353326,2.142301,6.451437,2.14691,5.373341
8.643984,-1.075445,7.506824,5.399534,11.840678,12.965973,2.136767,3.223958,10.758329,10.781801,5.390965,8.592949
7.534973,6.472301,6.48299,3.215594,4.326704,4.296494,7.543225,-2.160986,7.575796,3.23804,5.408369,1.078558
========================================================
Test10 (ADC Calibration) results 2008-08-29 19:58:25
Board ID099 36 channels
Linux calibration (server mode)

Voltmeter channel: A=1.10343, B=0

A:
1.09324,1.09394,1.0938,1.09277,1.09022,1.09448,1.09828,1.08821,1.0879,1.09351,1.09027,1.09237
1.09944,1.09062,1.09109,1.09782,1.09615,1.10084,1.08572,1.09223,1.09559,1.09809,1.09622,1.09299
1.09498,1.09683,1.09872,1.08936,1.09918,1.09181,1.09597,1.09624,1.10106,1.09659,1.09954,1.0951


B:
0,0,0,0,0,0,0,0,0,0,0,0
0,0,0,0,0,0,0,0,0,0,0,0
0,0,0,0,0,0,0,0,0,0,0,0


