========================================================

Test11 results 10-10-2005  14:19:28
Board ID099  36 channels
HV Tests Software Ver.1.6

+5V 3072 - O'k
-5V 1356 - O'k
Interlock - On
Calibration DAC Range: [2500 - 2900]


A:
Limits 0.76 +/- 0.04
0.749064,0.750469,0.750469,0.75188,0.75188,0.747664,0.744879,0.756144,0.756144,0.750469,0.75188,0.749064
0.747664,0.750469,0.75188,0.747664,0.75188,0.747664,0.753296,0.75188,0.750469,0.747664,0.749064,0.749064
0.750469,0.746269,0.747664,0.753296,0.744879,0.753296,0.749064,0.747664,0.743494,0.746269,0.746269,0.747664


B:
Limits 60.0 +/- 40.0
60.976086,54.673264,54.202023,51.408516,57.055691,65.730301,66.964943,48.67445,50.200031,55.649643,58.847645,69.48864
54.107014,65.073929,60.192806,54.758484,45.364841,47.637241,67.189552,55.617279,49.105759,54.523193,61.230469,62.503292
55.734474,59.832047,53.872459,55.471725,61.407269,50.98156,57.109703,58.63644,65.377129,65.548576,65.874344,62.588505
========================================================
Test11 (DAC Calibration) results 2008-08-29 19:58:51
Board ID099 36 channels
Linux calibration (server mode)

Calibration DAC Range: [3100 - 3500]

A:
0.7325,0.735,0.74,0.74,0.7425,0.7375,0.735,0.7425,0.74,0.74,0.7375,0.7375
0.7325,0.74,0.7375,0.7375,0.7375,0.7375,0.745,0.735,0.7375,0.7325,0.735,0.74
0.7325,0.7375,0.7375,0.74,0.735,0.74,0.7375,0.735,0.7325,0.735,0.7375,0.735


B:
79.2,67.5,53.0,55.0,51.2,62.7,61.5,58.2,67.0,55.0,69.7,70.7
69.2,62.0,71.7,52.7,56.7,45.7,57.5,74.5,57.7,68.2,71.5,55.0
78.2,52.7,50.7,63.0,56.5,58.0,59.7,63.5,65.2,65.5,58.7,67.5


