========================================================

Test11 results 08-13-2005  13:29:40
Board ID307  30 channels
HV Tests Software Ver.1.6.1

+5V 2501 - O'k
-5V 1331 - O'k
Interlock - On
Calibration DAC Range: [2500 - 2900]


A:
Limits 0.76 +/- 0.04
0.749064,0.754717,0.749064,0.747664,0.743494,0.749064,0.749064,0.75188,0.754717,0.75188
0.757576,0.753296,0.75188,0.75188,0.75188,0.747664,0.750469,0.743494,0.747664,0.747664
0.747664,0.750469,0.753296,0.749064,0.750469,0.750469,0.750469,0.747664,0.749064,0.747664


B:
Limits 60.0 +/- 30.0
75.212868,49.476482,64.721222,71.460442,64.290382,66.076157,64.80809,56.144661,55.515877,62.351891
62.122902,63.206615,65.680649,69.536781,57.587292,63.728256,69.913132,67.217529,67.683975,73.969017
70.82814,70.005478,61.213764,72.274582,62.288982,60.671516,48.947456,72.355042,69.21743,69.040939
========================================================
Test11 (DAC Calibration) results 2008-04-28 10:20:58
Board ID307 30 channels
Linux calibration software
Calibration DAC Range: [1100 - 2700]

A:
0.759878,0.751738,0.747594,0.746896,0.742942,0.748713,0.747245,0.750328,0.75188,0.744948
0.756001,0.752233,0.750047,0.751809,0.750258,0.749274,0.752445,0.743287,0.749064,0.742459
0.743149,0.74613,0.754006,0.750399,0.749766,0.749415,0.745921,0.748713,0.749766,0.748363


B:
61.7022,62.1499,72.8063,70.927,70.2823,69.022,72.5388,64.5469,69.173,69.5875
71.3852,71.6972,75.5859,73.7806,66.2945,65.5519,67.9458,70.5473,68.5393,75.406
72.2248,71.0873,63.2422,66.7009,66.8229,68.8057,63.1703,71.2682,70.5717,69.8035


