========================================================

Test11 results 08-13-2005  13:15:21
Board ID309  30 channels
HV Tests Software Ver.1.6.1

+5V 2541 - O'k
-5V 1316 - O'k
Interlock - On
Calibration DAC Range: [2500 - 2900]


A:
Limits 0.76 +/- 0.04
0.738007,0.75188,0.744879,0.740741,0.747664,0.743494,0.743494,0.736648,0.740741,0.747664
0.739372,0.754717,0.739372,0.744879,0.742115,0.744879,0.743494,0.750469,0.744879,0.743494
0.743494,0.740741,0.735294,0.742115,0.738007,0.740741,0.742115,0.747664,0.744879,0.742115


B:
Limits 60.0 +/- 30.0
64.834976,42.776768,52.051361,58.561832,54.158127,52.010925,57.274197,59.727276,61.692619,43.171886
60.621773,40.104248,61.741478,54.314007,63.418251,67.541786,54.942608,60.279427,52.711315,50.271988
58.58947,47.2234,52.639645,60.114243,61.510155,65.096123,54.892078,50.535534,55.043064,61.020325
========================================================
Test11 (DAC Calibration) results 2008-04-23 10:24:27
Board ID309 30 channels
Linux calibration software
Calibration DAC Range: [1100 - 2700]

A:
0.737735,0.748433,0.742459,0.740329,0.748153,0.740947,0.742666,0.735632,0.740741,0.745087
0.740261,0.750258,0.740056,0.743978,0.742115,0.74613,0.742046,0.750258,0.741633,0.742253
0.742804,0.736309,0.731596,0.741496,0.738825,0.738212,0.740261,0.744532,0.743425,0.741909


B:
69.2365,56.9836,62.7842,62.9465,58.2719,65.0458,63.6835,62.7586,63.4076,52.4076
58.0086,57.8919,64.6624,61.4062,67.1243,67.3567,63.5097,64.3442,62.7514,57.5804
60.0742,66.2219,65.5235,64.8716,65.0534,72.4094,65.1152,62.8664,61.5834,64.7408


