========================================================

Test10 results 12-16-2005  16:26:42
Board ID125  36 channels
HV Tests Software Ver.1.6

+5V 2482 - O'k
-5V 1438 - O'k
Interlock - On

Voltmeter channel: A=1.072386, B=13.94114

A:
Limits 1.1 +/- 0.1
1.075847,1.078167,1.077006,1.079331,1.109878,1.079331,1.079331,1.076426,1.076426,1.071811,1.072386,1.086957
1.079914,1.079331,1.075269,1.082251,1.077586,1.073537,1.069519,1.078167,1.078749,1.078749,1.080497,1.073537
1.079331,1.075269,1.078167,1.076426,1.078749,1.078749,1.077006,1.077006,1.077006,1.084011,1.084011,1.081081


B:
Limits 0.0 +/- 35.0
10.758329,4.312799,15.077866,8.634694,6.659158,8.634694,10.793356,9.687826,12.917105,16.07733,12.868753,14.13051
6.479447,7.555364,8.601974,11.9048,10.775984,9.661671,13.90386,8.625466,9.708548,9.708548,9.724482,11.808746
14.031348,10.752512,10.781801,16.146383,8.629799,5.393553,7.538823,11.846848,7.538823,9.7561,9.7561,14.054233
========================================================
Test10 (ADC Calibration) results 2007-10-24 15:56:45
Board ID125 36 channels
Linux calibration software

Voltmeter channel: A=1.06982, B=18.326

A:
1.07577,1.0772,1.07695,1.07896,1.10751,1.0788,1.08394,1.07876,1.0774,1.07236,1.07222,1.08837
1.07862,1.08278,1.0749,1.08272,1.08085,1.075,1.06826,1.07774,1.07831,1.08177,1.08071,1.07395
1.07872,1.0777,1.07923,1.07669,1.08349,1.07876,1.07683,1.07679,1.07598,1.0837,1.08482,1.08095


B:
7.53027,3.34976,11.8226,6.57993,5.93165,6.3057,6.53562,3.47109,9.09575,13.1531,9.72579,12.7797
6.56272,5.43841,5.37697,8.31277,5.73347,6.4499,12.6094,7.97566,8.06442,6.19945,6.22139,6.41074
9.8358,6.94715,6.68575,11.2926,4.71599,3.23481,4.76365,9.08904,6.42784,6.12729,-7.60558,9.88739


