========================================================

Test10 results 03-28-2005  15:04:54
Board ID028  36 channels
HV Tests Software Ver.1.6

+5V 2534 - O'k
-5V 1312 - O'k
Interlock - On

Voltmeter channel: A=1.071237, B=8.569725

A:
Limits 1.1 +/- 0.1
1.077006,1.084599,1.068947,1.072961,1.086957,1.072961,1.060445,1.084011,1.073537,1.062699,1.06553,1.074114
1.068376,1.070091,1.061008,1.082837,1.069519,1.074691,1.073537,1.073537,1.074691,1.071811,1.074114,1.076426
1.071811,1.078749,1.071811,1.074114,1.073537,1.074691,1.081666,1.075847,1.074114,1.072386,1.079331,1.075847


B:
Limits 0.0 +/- 30.0
9.692835,8.676929,5.344774,7.51089,13.043554,1.073122,7.422964,7.588078,5.367522,10.627208,18.114159,11.81529
7.478648,8.560535,9.549,7.580034,17.112415,10.746796,5.367522,6.441059,4.298649,7.502839,17.18586,8.6114
8.57465,7.55105,12.861896,5.370607,13.95582,10.746796,6.490035,8.606635,7.518835,11.796368,4.317371,8.606635
========================================================
Test10 (ADC Calibration) results 2007-09-20 11:38:10
Board ID28 36 channels
Linux calibration software

Voltmeter channel: A=1.07162, B=9.57151

A:
1.07734,1.08354,1.06858,1.072,1.0857,1.07174,1.05888,1.08244,1.07233,1.0618,1.06613,1.07354
1.06704,1.07026,1.05999,1.08409,1.07016,1.07492,1.07355,1.07197,1.06955,1.07204,1.07301,1.07929
1.07243,1.07754,1.07291,1.07338,1.07287,1.07452,1.08109,1.07398,1.07372,1.07297,1.07794,1.07489


B:
3.11252,6.8167,3.23455,6.41071,11.2467,-0.665944,6.04235,6.17671,4.28038,7.64976,11.6152,8.74992
7.59777,5.63348,6.55281,6.12355,11.9019,6.77105,4.14805,5.38484,3.53848,5.00448,16.057,2.25764
6.22517,6.9779,6.20374,7.33798,5.10467,5.80853,5.10117,6.97014,5.83352,6.17668,2.48989,7.46913


========================================================
Test10 (ADC Calibration) results 2008-06-17 15:59:19
Board ID028 36 channels
Linux calibration software

Voltmeter channel: A=1.07, B=0

A:
1.09473,1.10106,1.08496,1.08928,1.10253,1.08892,1.07467,1.10032,1.08973,1.07873,1.08407,1.09145
1.08478,1.08739,1.07705,1.10355,1.08856,1.09227,1.09191,1.08982,1.08631,1.08964,1.09091,1.09674
1.09028,1.09473,1.09,1.091,1.08937,1.08184,1.09894,1.08973,1.09118,1.09145,1.09491,1.09254


B:
3.75694,5.415,3.41749,5.72191,13.5454,-0.913408,6.75253,5.20899,3.99715,8.78198,9.67003,6.99038
5.7538,5.94838,7.32862,5.7807,9.43678,6.45684,4.17072,3.47734,3.68751,4.29865,13.8181,4.31834
5.67567,6.60333,7.45188,7.18947,6.29211,13.8969,4.4938,7.04845,5.93117,6.33527,4.90267,7.08001


========================================================
Test10 (ADC Calibration) results 2008-07-16 21:23:30
Board ID028 36 channels
Linux calibration software

Voltmeter channel: A=1.07, B=0

A:
1.09542,1.10172,1.08544,1.08975,1.10374,1.08919,1.07465,1.10057,1.08975,1.07896,1.08526,1.0921
1.08507,1.08797,1.07795,1.10499,1.08928,1.09295,1.09352,1.0905,1.06005,1.09041,1.09173,1.0977
1.09125,1.09551,1.07822,1.09182,1.09022,1.08489,1.09951,1.08591,1.09182,1.09229,1.09551,1.09352


B:
2.24608,4.59016,2.75357,5.07182,11.3517,-0.507191,6.56005,4.9823,3.98207,8.5684,8.13645,6.39141
5.92153,5.84798,5.19814,5.13163,8.99136,5.82757,2.24323,2.41376,27.4285,3.15532,12.8529,4.09304
4.33589,5.22577,17.879,5.99697,4.8557,6.528,4.18663,10.5732,4.68683,5.56204,4.13026,5.74283


========================================================
Test10 (ADC Calibration) results 2008-07-19 11:34:37
Board ID028 36 channels
Linux calibration software

Voltmeter channel: A=1.07, B=0

A:
1.09504,1.10143,1.08526,1.09022,1.10297,1.08937,1.07446,1.10076,1.08984,1.07933,1.08479,1.09182
1.08535,1.08703,1.07804,1.10519,1.089,1.09258,1.09333,1.09003,1.06245,1.09022,1.09125,1.09808
1.09135,1.09532,1.08396,1.09191,1.09031,1.07877,1.09951,1.0847,1.09154,1.09191,1.09551,1.09333


B:
3.03401,5.07354,2.92716,3.76548,12.7122,-1.77058,5.87122,4.36659,3.89518,7.36238,8.35022,6.65216
5.44547,5.84407,5.32786,4.51308,8.59698,6.17529,2.63667,2.84931,25.1937,3.3295,13.2841,2.42524
4.03038,5.18147,12.5935,5.47342,4.7686,13.702,3.74655,10.8227,4.94778,5.69214,3.69216,5.91666


========================================================
Test10 (ADC Calibration) results 2008-07-19 14:46:21
Board ID028 36 channels
Linux calibration software

Voltmeter channel: A=1.07, B=0

A:
1.09494,1.10191,1.08507,1.08994,1.10316,1.08919,1.07446,1.10047,1.08984,1.07914,1.0847,1.0921
1.08526,1.08526,1.07767,1.10509,1.08881,1.09295,1.09324,1.09003,1.06005,1.09013,1.09154,1.09751
1.09107,1.0957,1.0821,1.09144,1.09013,1.07914,1.09923,1.08405,1.09144,1.09191,1.09542,1.09352


B:
3.12119,4.19421,3.10024,4.46201,11.655,-1.37833,6.08646,4.84968,3.67727,8.39714,8.87009,6.17304
5.09767,7.91957,5.88644,4.38043,9.20583,5.17195,2.50507,3.06765,28.0646,3.63423,12.8071,3.39009
4.72799,4.83239,14.0881,6.56272,4.94232,15.7354,4.00976,11.6404,5.25317,5.91047,3.99885,5.74283


========================================================
Test10 (ADC Calibration) results 2008-07-20 08:08:59
Board ID028 36 channels
Linux calibration software

Voltmeter channel: A=1.07, B=0

A:
1.09513,1.10172,1.08526,1.09003,1.10335,1.08937,1.07428,1.10047,1.08994,1.07905,1.08516,1.0922
1.08535,1.08806,1.07785,1.10519,1.08862,1.09286,1.09343,1.09013,1.05987,1.09003,1.09154,1.0977
1.09125,1.09561,1.08228,1.09182,1.08994,1.08182,1.09961,1.08349,1.09154,1.09229,1.0957,1.09361


B:
2.9461,4.59016,3.14416,4.15769,11.9221,-1.77058,6.25751,4.62976,4.02614,8.05104,7.78862,6.08631
5.01105,5.10861,5.49953,4.73407,9.59585,5.47731,2.76808,3.19828,27.8059,3.93935,13.0253,3.6538
4.33589,4.9196,14.1337,5.56034,5.33401,11.3152,3.65893,12.372,4.94778,4.90682,3.51772,5.43691


========================================================
Test10 (ADC Calibration) results 2008-07-20 17:40:55
Board ID028 36 channels
Linux calibration software

Voltmeter channel: A=1.07, B=0

A:
1.09494,1.10191,1.08526,1.09003,1.10335,1.08928,1.07419,1.10066,1.08994,1.07905,1.08526,1.09191
1.08535,1.08797,1.07767,1.1049,1.08909,1.09286,1.09343,1.09013,1.05942,1.09041,1.09154,1.09798
1.09135,1.09561,1.08451,1.09144,1.09022,1.08182,1.09961,1.08405,1.09144,1.0922,1.09542,1.09333


B:
3.34051,4.19421,3.14416,4.15769,11.7015,-1.24776,6.98706,4.67444,3.80821,8.26719,7.48519,6.56534
4.79403,5.41302,5.88644,5.44053,8.51089,5.47731,2.76808,2.98005,28.4298,3.15532,12.8071,2.9519
4.4672,4.70014,11.8621,6.56272,4.8557,13.9113,3.8788,11.6404,5.03493,5.64954,4.21788,6.13528


========================================================
Test10 (ADC Calibration) results 2008-07-24 12:08:22
Board ID028 36 channels
Linux calibration software

Voltmeter channel: A=1.07, B=0

A:
1.09475,1.10181,1.08507,1.08975,1.10277,1.08919,1.07446,1.10047,1.08975,1.07905,1.08461,1.0921
1.08535,1.08806,1.07785,1.10509,1.08872,1.09257,1.09314,1.08947,1.05492,1.09003,1.09116,1.09741
1.09135,1.09523,1.08966,1.09182,1.09022,1.07684,1.09913,1.08684,1.09163,1.09173,1.09494,1.09305


B:
3.07726,4.28145,3.31707,4.41775,11.7838,-1.37833,6.08646,4.62976,3.76418,7.83528,8.08818,5.95468
4.79403,5.32656,4.85271,4.38043,8.63865,5.95695,2.81134,3.15312,32.1941,3.50344,13.5885,3.47771
4.03038,4.39248,6.90221,5.56034,4.41972,15.2732,4.09753,9.495,4.6424,5.6473,4.43545,6.17782


