========================================================

Test10 results 04-25-2005  12:30:19
Board ID330  30 channels
HV Tests Software Ver.1.6

+5V 2491 - O'k
-5V 1287 - O'k
Interlock - On

Voltmeter channel: A=1.076426, B=5.382121

A:
Limits 1.1 +/- 0.1
1.081081,1.066098,1.071811,1.070664,1.085776,1.088732,1.071811,1.069519,1.077586,1.073537
1.077006,1.071237,1.074691,1.076426,1.079331,1.074691,1.073537,1.076426,1.074114,1.068376
1.091107,1.076426,1.079914,1.078749,1.079914,1.072961,1.072386,1.069519,1.071237,1.069519


B:
Limits 0.0 +/- 30.0
2.162341,15.991423,12.861896,6.423989,5.428885,3.266126,7.502839,10.695304,9.698398,8.588134
14.000859,11.783437,6.448031,9.687826,1.079379,7.522722,19.323507,5.382121,7.518835,4.27352
3.273273,10.764252,6.479447,6.472301,5.399534,15.021619,7.506824,13.90386,10.712199,11.764822
========================================================
Test10 (ADC Calibration) results 2008-01-29 11:25:14
Board ID330 30 channels
Linux calibration software

Voltmeter channel: A=1.06978, B=-1375.44

A:
1.08008,1.06566,1.07193,1.06992,1.08356,1.08662,1.07029,1.06928,1.07702,1.07321
1.07877,1.07089,1.07317,1.07521,1.07837,1.07307,1.07499,1.07552,1.0731,1.067
1.08928,1.07767,1.08034,1.07885,1.07928,1.07294,1.07139,1.06998,1.06992,1.06972


B:
0.496847,11.5505,7.14332,3.84297,7.26175,3.92671,6.3142,5.99754,6.64079,5.24912
4.88602,6.40253,3.27924,8.70253,-1.43539,6.91483,10.2411,3.51816,5.46818,2.70557
3.45349,4.26542,1.88534,1.90749,1.6477,9.78577,4.58845,7.90917,8.78286,4.83021


========================================================
Test10 (ADC Calibration) results 2008-06-19 12:08:44
Board ID330 30 channels
Linux calibration software

Voltmeter channel: A=1.07, B=0

A:
1.09693,1.08275,1.08867,1.0866,1.1006,1.10513,1.08768,1.08588,1.09383,1.05733
1.0951,1.08831,1.08813,1.09274,1.0951,1.0902,1.09165,1.09265,1.09047,1.08454
1.107,1.09501,1.09629,1.09501,1.09629,1.08984,1.08876,1.08732,1.08705,1.08669


B:
-0.808481,9.88922,6.81414,3.28943,6.36999,1.79096,4.4648,5.25849,4.89674,32.7596
4.6,5.18783,4.70107,6.1187,-1.31346,4.9628,9.95815,1.83153,3.83985,0.429248
2.30591,3.36991,3.29021,2.71279,1.31683,9.00211,2.15867,6.53731,7.00394,4.29328


