========================================================

Test11 results 04-25-2005  12:31:38
Board ID330  30 channels
HV Tests Software Ver.1.6

+5V 2491 - O'k
-5V 1287 - O'k
Interlock - On
Calibration DAC Range: [2500 - 2900]


A:
Limits 0.76 +/- 0.04
0.746269,0.756144,0.753296,0.753296,0.742115,0.739372,0.75188,0.75188,0.747664,0.75188
0.747664,0.753296,0.749064,0.747664,0.746269,0.750469,0.750469,0.746269,0.747664,0.754717
0.740741,0.746269,0.743494,0.75188,0.746269,0.749064,0.749064,0.754717,0.753296,0.754717


B:
Limits 60.0 +/- 30.0
60.145237,54.289223,53.050732,59.506527,64.419998,66.480423,62.520401,65.558395,61.535828,50.686741
59.281517,53.947292,70.382721,64.75666,66.435684,61.041439,54.589165,72.457756,73.976318,64.167114
53.358383,66.749786,76.247467,58.934105,60.145237,61.992516,74.133163,55.483818,57.085537,53.869358
========================================================
Test11 (DAC Calibration) results 2008-01-29 11:25:14
Board ID330 30 channels
Linux calibration software
Calibration DAC Range: [1100 - 2700]

A:
0.745157,0.754859,0.750821,0.752233,0.742391,0.740672,0.751597,0.752304,0.746896,0.75068
0.74606,0.751174,0.749204,0.748153,0.746338,0.749274,0.749064,0.747943,0.749625,0.75429
0.739235,0.746826,0.744602,0.750539,0.745712,0.750117,0.750821,0.751809,0.752233,0.752375


B:
69.4485,64.031,66.8699,68.5378,68.968,66.9104,68.8088,69.0424,67.7901,60.0074
69.393,67.1361,76.4377,67.8483,71.6952,70.4972,64.0449,71.7277,71.0644,70.9976
64.3319,67.4382,76.1728,68.6088,67.7854,64.0882,73.3271,70.0216,66.4315,66.9896


========================================================
Test11 (ADC Calibration) results 2008-06-19 12:56:33
Board ID330 30 channels
Linux calibration software

Calibration DAC Range: [1000 - 3500]

A:
0.7336,0.7436,0.7388,0.7404,0.7312,0.7288,0.74,0.7412,0.736,0.7624
0.734,0.7396,0.7392,0.7364,0.7348,0.738,0.7372,0.7364,0.738,0.742
0.728,0.7348,0.7336,0.7392,0.7344,0.7388,0.7392,0.7396,0.7408,0.7404


B:
71.3999,64.4,69.2,69.5999,68.8001,67.2,70,69.8001,68,38.6001
71.9999,67.4,75.8,69.6,73.2001,71.0001,65.7999,72.6,72.0001,73.0001
64.0001,69.2001,76.3999,68.8,67.6001,64.2,74.8,72.4,67.1999,68.5999


