========================================================

Test11 results 06-24-2005  16:25:16
Board ID355  30 channels
HV Tests Software Ver.1.6

+5V 2497 - O'k
-5V 1319 - O'k
Interlock - On
Calibration DAC Range: [2500 - 2900]


A:
Limits 0.76 +/- 0.04
0.754717,0.756144,0.759013,0.759013,0.761905,0.757576,0.753296,0.759013,0.756144,0.759013
0.749064,0.750469,0.760456,0.759013,0.75188,0.75188,0.757576,0.750469,0.75188,0.753296
0.754717,0.754717,0.759013,0.747664,0.756144,0.753296,0.757576,0.756144,0.757576,0.754717


B:
Limits 60.0 +/- 30.0
57.802509,62.428474,54.108189,65.699631,50.606716,53.080082,55.210758,55.226322,55.498203,50.027565
66.867462,46.666916,46.758259,58.69099,66.617928,40.900005,57.970295,59.750839,76.697815,66.308807
56.079887,51.56522,52.071304,61.496033,57.942749,58.464676,65.383842,60.188107,56.953781,64.217049
========================================================
Test11 (DAC Calibration) results 2008-02-04 05:49:46
Board ID355 30 channels
Linux calibration software
Calibration DAC Range: [1100 - 2700]

A:
0.754717,0.757361,0.757935,0.760384,0.761977,0.757074,0.754575,0.759301,0.755216,0.756931
0.751315,0.748643,0.758294,0.758869,0.752587,0.751809,0.757576,0.752941,0.754717,0.755501
0.754717,0.754432,0.759518,0.748153,0.755786,0.7528,0.76089,0.757002,0.758078,0.755786


B:
60,59.3865,61.1747,64.8135,54.5671,57.9633,53.2543,56.1122,60.5213,59.6743
62.4343,56.5412,57.3459,61.108,67.4506,44.0091,61.3637,54.1647,69.8113,61.1862
57.7358,54.3569,52.3214,60.6659,62.3052,62.6423,57.7325,60.1818,58.0974,63.8168


