========================================================

Test10 results 01-19-2005  15:24:31
Board ID288  30 channels
HV Tests Software Ver.1.6

+5V 2502 - O'k
-5V 1314 - O'k
Interlock - On

Voltmeter channel: A=1.049318, B=25.183582

A:
Limits 1.1 +/- 0.1
1.078749,1.080497,1.053186,1.062135,1.074691,1.072386,1.064396,1.067806,1.072961,1.073537
1.068947,1.068376,1.085187,1.070091,1.078749,1.068947,1.070091,1.070664,1.084599,1.075269
1.081081,1.06553,1.072386,1.074691,1.069519,1.066667,1.06553,1.066667,1.06553,1.067806


B:
Limits 0.0 +/- 30.0
3.236055,5.402493,6.318916,3.186514,7.522722,4.289666,10.64415,4.271266,7.51089,5.367522
8.551615,1.068391,8.68149,5.350263,9.708548,4.275827,7.490445,4.282662,5.423133,8.601974
0.000179,6.393329,13.94114,1.074576,6.417229,12.799792,8.524389,5.333125,4.262269,6.406877
========================================================

Test10 results 01-31-2005  14:41:25
Board ID288  30 channels
HV Tests Software Ver.1.6

+5V 2504 - O'k
-5V 1313 - O'k
Interlock - On

Voltmeter channel: A=1.070091, B=5.350263

A:
Limits 1.1 +/- 0.1
1.078167,1.079914,1.051525,1.060445,1.079914,1.071811,1.064396,1.067806,1.073537,1.073537
1.067806,1.067236,1.084011,1.068376,1.078167,1.067806,1.070091,1.071237,1.084599,1.075269
1.079914,1.066098,1.072386,1.073537,1.067806,1.061008,1.06383,1.066098,1.06553,1.067806


B:
Limits 0.0 +/- 30.0
2.156464,5.399534,9.463542,5.302073,7.559361,4.287405,8.515358,3.20346,5.367522,4.293984
9.610294,2.13459,9.7561,8.547024,9.703633,6.406877,6.420354,2.142301,4.338535,7.526706
2.159793,2.132148,11.796368,2.14691,9.610294,20.159081,11.702156,5.330442,2.131208,5.339071
========================================================
Test10 (ADC Calibration) results 2007-07-18 09:35:23
Board ID288 30 channels
Linux calibration software

Voltmeter channel: A=1.03259, B=-1424.05

A:
1.07732,1.07923,1.05214,1.06132,1.08014,1.07134,1.06445,1.06788,1.07349,1.07308
1.06838,1.06606,1.08353,1.06804,1.07816,1.06704,1.06946,1.0705,1.08412,1.0751
1.07933,1.06559,1.07345,1.07447,1.06841,1.06267,1.06391,1.067,1.06394,1.06764


B:
2.80534,4.37289,3.77802,-0.816635,4.461,2.161,6.52035,-0.20396,2.89096,2.25543
5.08732,3.29704,9.1719,6.92405,7.73141,5.99805,4.93036,0.595275,2.05803,5.84737
1.04511,2.43811,8.4314,-0.606547,4.93095,12.6716,7.83262,2.10987,4.45601,3.16333


========================================================
Test10 (ADC Calibration) results 2007-09-12 16:43:01
Board ID288 30 channels
Linux calibration software

Voltmeter channel: A=1.02963, B=-1416.14

A:
1.07786,1.07998,1.05194,1.06102,1.08059,1.07167,1.06445,1.06828,1.07319,1.07208
1.06862,1.0665,1.08442,1.06858,1.07752,1.06808,1.06956,1.06989,1.08422,1.07524
1.07998,1.06579,1.07315,1.07461,1.06801,1.06411,1.06401,1.0669,1.06361,1.06694


B:
1.31532,1.54547,4.28615,0.628189,3.09874,1.13315,6.9847,-1.24761,3.07412,4.60703
4.787,1.94554,6.15854,5.84248,9.2273,3.67635,3.80234,2.43423,2.61408,5.67145
-0.374555,0.180878,8.41332,-2.38133,5.23924,10.6407,7.7688,1.6368,5.14391,5.12568


