========================================================

Test10 results 03-31-2005  14:33:57
Board ID044  36 channels
HV Tests Software Ver.1.6

+5V 2476 - O'k
-5V 1314 - O'k
Interlock - On

Voltmeter channel: A=1.075269, B=6.451437

A:
Limits 1.1 +/- 0.1
1.071811,1.073537,1.067236,1.070091,1.06553,1.068947,1.081666,1.073537,1.071237,1.071811,1.069519,1.079914
1.070664,1.073537,1.075847,1.071237,1.069519,1.073537,1.074114,1.06383,1.076426,1.074114,1.076426,1.072961
1.063264,1.071237,1.070091,1.072386,1.068947,1.077006,1.073537,1.070664,1.068376,1.070091,1.086957,1.071237


B:
Limits 0.0 +/- 30.0
7.502839,7.514596,6.403534,6.420354,9.589919,8.551615,3.245038,4.293984,8.569725,9.646461,7.486748,11.879015
10.706645,4.293984,8.606635,4.284775,3.208673,3.220447,18.259974,3.191518,11.840678,7.518835,5.382121,5.364967
14.885588,9.640962,3.210081,4.289666,5.344774,6.461817,3.220447,2.141334,2.136767,13.910991,6.521815,5.356012
========================================================
Test10 (ADC Calibration) results 2007-09-21 10:25:50
Board ID44 36 channels
Linux calibration software

Voltmeter channel: A=1.07366, B=11.1656

A:
1.07194,1.07372,1.06677,1.06943,1.06646,1.0692,1.08166,1.07345,1.07041,1.07228,1.06947,1.07945
1.07095,1.07345,1.07599,1.0695,1.06866,1.07392,1.07497,1.06332,1.07714,1.07353,1.07639,1.07194
1.06383,1.07234,1.07038,1.07156,1.07015,1.07797,1.07139,1.07143,1.06765,1.06997,1.08697,1.07072


B:
3.45819,3.84736,4.67152,4.51408,4.18814,5.65463,1.17149,0.932809,7.29517,4.46517,3.64458,9.41186
7.61431,1.85935,4.6475,5.58288,2.22225,-1.58789,11.7822,0.989475,6.79895,6.17663,3.58098,4.64229
11,3.19984,0.899282,2.87826,1.37325,5.36205,2.47439,0.357253,1.55745,9.0022,2.31048,2.97433


========================================================
Test10 (ADC Calibration) results 2008-06-17 15:59:19
Board ID044 36 channels
Linux calibration software

Voltmeter channel: A=1.07, B=0

A:
1.08874,1.09109,1.083,1.08658,1.08273,1.08613,1.09857,1.08964,1.0873,1.08892,1.08685,1.09756
1.08811,1.09009,1.09272,1.08748,1.08577,1.09118,1.09172,1.07979,1.06526,1.08955,1.09363,1.08838
1.08113,1.08874,1.08685,1.08811,1.08676,1.09774,1.08874,1.09,1.08496,1.08658,1.10309,1.08829


B:
4.47987,2.52343,5.46299,3.65473,5.4953,4.07143,0.656496,2.77325,7.33647,6.27317,3.62185,7.95119
6.58762,1.9181,5.38318,3.03735,1.1473,-1.27073,11.7617,1.31398,31.7464,7.65054,2.13951,6.33768
9.58058,5.13336,1.44815,3.54086,2.61852,5.36847,2.30239,-1.04994,0.162596,10.1742,6.42374,2.50288


========================================================
Test10 (ADC Calibration) results 2008-07-16 21:23:30
Board ID044 36 channels
Linux calibration software

Voltmeter channel: A=1.07, B=0

A:
1.08909,1.09144,1.08349,1.08722,1.08321,1.08666,1.09903,1.08984,1.08797,1.09013,1.08694,1.09798
1.0889,1.09078,1.09333,1.08797,1.08619,1.09163,1.09248,1.08043,1.06005,1.09031,1.0939,1.089
1.0821,1.08928,1.08722,1.08853,1.08769,1.09961,1.08937,1.0905,1.08572,1.08712,1.10383,1.08853


B:
3.93676,2.19695,4.57053,2.84414,4.39636,3.79914,-0.211184,2.80534,6.28345,3.8522,3.75633,7.12441
4.98131,1.06181,3.94861,1.93158,0.539266,-1.90739,10.6323,0.281126,18.5242,5.85891,2.11264,4.67674
8.46134,4.41644,0.887093,2.49805,1.53976,3.65893,0.843807,-0.857749,-0.54634,9.01857,4.86216,2.28039


