========================================================

Test11 results 03-31-2005  14:35:59
Board ID044  36 channels
HV Tests Software Ver.1.6

+5V 2476 - O'k
-5V 1315 - O'k
Interlock - On
Calibration DAC Range: [2500 - 2900]


A:
Limits 0.76 +/- 0.04
0.756144,0.756144,0.761905,0.757576,0.760456,0.760456,0.749064,0.754717,0.756144,0.756144,0.760456,0.75188
0.757576,0.754717,0.754717,0.757576,0.756144,0.756144,0.756144,0.761905,0.75188,0.759013,0.753296,0.756144
0.763359,0.756144,0.759013,0.757576,0.760456,0.753296,0.759013,0.759013,0.760456,0.757576,0.749064,0.757576


B:
Limits 60.0 +/- 30.0
65.879486,59.890152,59.618996,71.555054,72.091331,57.226044,69.033638,69.811279,74.367828,63.347443,55.104153,58.301174
67.713539,70.621086,59.667191,58.887856,79.220184,66.186119,51.669304,64.741577,63.344608,44.741898,63.586388,63.448051
54.458294,64.967354,64.45623,63.759754,57.226044,65.208107,53.700142,62.339108,60.475803,60.307571,71.28833,60.409664
========================================================
Test11 (DAC Calibration) results 2007-09-21 10:25:50
Board ID44 36 channels
Linux calibration software
Calibration DAC Range: [1100 - 2700]

A:
0.756144,0.754503,0.759806,0.757146,0.760023,0.758078,0.749344,0.755073,0.756072,0.756287,0.757504,0.750117
0.756072,0.755073,0.753296,0.757863,0.758078,0.754361,0.754006,0.762268,0.75287,0.755786,0.753012,0.756144
0.761905,0.755858,0.756859,0.755644,0.757791,0.751527,0.756144,0.756501,0.758797,0.757146,0.749485,0.757002


B:
70.4346,69.0465,70.3107,76.3392,77.1613,67.9524,70.5507,72.3455,77.1855,65.0974,69.1884,67.8388
76.4294,70.8354,68.7383,62.3342,76.7458,75.5776,61.7342,67.432,62.5447,60.0378,67.9215,67.1077
63.0476,69.0098,73.6991,73.5335,67.4337,71.1602,70.8884,71.1583,70.7674,65.1334,72.6063,65.935


========================================================
Test11 (ADC Calibration) results 2008-06-17 18:39:44
Board ID044 36 channels
Linux calibration software

Calibration DAC Range: [1000 - 3500]

A:
0.7436,0.742,0.7476,0.7448,0.7476,0.7456,0.7376,0.7432,0.7444,0.7444,0.7452,0.7376
0.7436,0.7432,0.7412,0.7456,0.7456,0.7424,0.742,0.7504,0.7608,0.7444,0.7404,0.7448
0.7492,0.7444,0.7452,0.744,0.7456,0.738,0.744,0.7436,0.7468,0.7452,0.7384,0.7448


B:
71.4,71.0001,71.3999,78.2001,78.3999,70.4001,71.3999,72.8,77.5999,64.5999,69.8001,69.3999
78.4,71.8,69.8001,63.4001,78.4001,75.6,63.0001,67.6,45.2,59.5999,70.5999,66.2001
64.8,67.5999,73.8001,73.9999,68.4001,71.0001,70.9999,72.4,71.2,65.8001,70.6001,66.2001


========================================================
Test11 (ADC Calibration) results 2008-07-16 22:38:23
Board ID044 36 channels
Linux calibration software

Calibration DAC Range: [1000 - 3500]

A:
0.744,0.7424,0.748,0.7444,0.7472,0.7456,0.7368,0.7428,0.744,0.7436,0.7452,0.7376
0.7436,0.7428,0.7404,0.7452,0.7452,0.742,0.7416,0.75,0.7648,0.7436,0.74,0.744
0.7488,0.7432,0.7448,0.744,0.7452,0.7364,0.7436,0.7436,0.7464,0.7452,0.7376,0.7448


B:
70.9999,69.6,69.9999,78.5999,78.8,69.4001,73.2,73.2,77.9999,66.4,69.8001,69.3999
78.4,72.2,71.5999,64.8001,78.8001,76.0001,63.4001,69,54.2,61.4,71,67.9999
65.2001,70.8,75.2001,73.9999,67.8001,72.6,72.4,71.4,71.6,65.8001,72.3999,66.2001


