========================================================

Test10 results 12-09-2004  16:28:08
Board ID267  30 channels
HV Tests Software Ver.1.4

+5V 2496 - O'k
-5V 1273 - O'k
Interlock - On

Voltmeter channel: A=1.082837, B=10.828545

A:
1.075269,1.081666,1.071237,1.084599,1.076426,1.071811,1.067806,1.068376,1.073537,1.074114
1.079331,1.086366,1.081666,1.072386,1.074691,1.075269,1.077006,1.082251,1.081081,1.072386
1.082251,1.086366,1.010611,1.079331,1.079331,1.077586,1.079331,1.076426,1.079331,1.080497


B:
7.526706,10.816698,9.640962,6.507732,7.534973,16.07733,7.474683,6.410272,8.588134,5.370607
6.476033,9.777472,7.571701,11.796368,4.298649,7.526706,6.461817,5.411294,7.567746,8.57921
7.575796,8.691105,44.466923,5.396702,5.396702,8.620811,6.476033,7.534973,10.793356,6.48299
========================================================

Test10 results 01-12-2005  15:19:10
Board ID267  30 channels
HV Tests Software Ver.1.6

+5V 2498 - O'k
-5V 1276 - O'k
Interlock - On

Voltmeter channel: A=1.082251, B=11.9048

A:
Limits 1.1 +/- 0.1
1.075847,1.082251,1.070091,1.083424,1.075847,1.074114,1.067806,1.067236,1.074114,1.073537
1.078749,1.086366,1.081666,1.071237,1.074114,1.074691,1.075847,1.081081,1.080497,1.071811
1.082251,1.086366,1.081666,1.078167,1.079331,1.077006,1.078167,1.075269,1.071811,1.080497


B:
Limits 0.0 +/- 30.0
5.379094,7.575796,11.770809,9.750828,7.530788,6.444721,6.406877,8.538006,6.444721,6.441059
7.55105,9.777472,7.571701,14.997149,5.370607,7.522722,9.682483,6.486665,8.643984,9.646461
6.493545,7.604739,9.735032,7.547299,5.396702,9.692835,9.703633,9.677243,7.502839,5.402493
========================================================
Test10 (ADC Calibration) results 2008-04-11 15:10:01
Board ID267 30 channels
Linux calibration software

Voltmeter channel: A=1.07766, B=-1515.66

A:
1.07457,1.08174,1.07077,1.08375,1.07572,1.07366,1.0672,1.06795,1.0737,1.07417
1.07881,1.08573,1.08119,1.07229,1.07457,1.07417,1.07592,1.08107,1.07968,1.07269
1.08093,1.08648,1.0827,1.0788,1.08,1.07659,1.07782,1.07487,1.07211,1.0823


B:
5.22015,5.27753,5.99006,4.96758,3.91209,4.66893,4.64983,3.10924,4.12703,3.88149
4.22747,7.72482,5.5381,8.48495,1.51844,6.95566,4.35239,4.00326,6.96934,5.75553
7.38284,7.45897,4.38067,6.50807,1.76025,6.39098,6.65493,8.83541,7.17715,1.97357


========================================================
Test10 (ADC Calibration) results 2008-06-19 12:08:44
Board ID267 30 channels
Linux calibration software

Voltmeter channel: A=1.07, B=0

A:
1.09206,1.09854,1.08764,1.10074,1.09243,1.09062,1.08414,1.08405,1.09052,1.09116
1.09543,1.10342,1.09854,1.08908,1.09152,1.09107,1.09279,1.0979,1.09744,1.0871
1.09863,1.10389,1.09918,1.09588,1.09698,1.09379,1.09534,1.09234,1.08953,1.05383


B:
1.96728,5.42038,4.97547,4.49775,3.81634,3.09048,3.87881,3.52873,3.39214,2.36969
4.11063,6.01673,3.66261,7.343,1.37927,4.4172,4.35548,3.81322,4.0145,6.34514
4.67713,5.15263,3.73213,5.44334,0.705407,5.83914,4.19425,6.08489,5.1837,43.6842


