========================================================

Test11 results 12-09-2004  16:29:32
Board ID267  30 channels
HV Tests Software Ver.1.4

+5V 2496 - O'k
-5V 1273 - O'k
Interlock - On
Calibration DAC Range: [2500 - 2900]


A:
0.753296,0.747664,0.756144,0.744879,0.75188,0.753296,0.757576,0.757576,0.753296,0.753296
0.749064,0.744879,0.747664,0.756144,0.753296,0.754717,0.750469,0.746269,0.747664,0.753296
0.749064,0.744879,0.798403,0.754717,0.749064,0.750469,0.749064,0.756144,0.749064,0.747664


B:
57.910374,62.27692,60.107433,69.944641,64.77861,64.443413,63.034546,63.739967,63.112083,64.111084
68.676849,65.254417,69.559334,56.251026,64.920654,57.138077,63.008854,71.524925,66.153053,66.962059
59.394932,62.828102,43.024269,61.873299,64.721222,67.323502,74.959946,46.075577,66.339134,72.443024
========================================================

Test11 results 01-12-2005  15:22:47
Board ID267  30 channels
HV Tests Software Ver.1.6

+5V 2498 - O'k
-5V 1276 - O'k
Interlock - On
Calibration DAC Range: [2500 - 2900]


A:
Limits 0.76 +/- 0.03
0.749064,0.747664,0.756144,0.746269,0.75188,0.754717,0.756144,0.756144,0.75188,0.753296
0.75188,0.743494,0.747664,0.754717,0.754717,0.754717,0.75188,0.747664,0.749064,0.753296
0.747664,0.743494,0.746269,0.753296,0.749064,0.749064,0.747664,0.749064,0.756144,0.744879


B:
Limits 70.0 +/- 30.0
74.499649,63.003044,60.008484,65.474243,63.969643,61.000107,69.10141,69.204788,68.538925,64.824837
59.47562,70.523323,70.281448,61.713364,61.09684,57.138077,59.205963,66.961319,60.846245,67.769791
63.811672,67.370911,69.994308,67.933105,64.634354,73.161903,79.525932,70.472336,62.437153,82.344437
