========================================================

Test10 results 09-26-2006  23:21:16
Board ID366  30 channels
HV Tests Software Ver.1.6.8

+5V 2500 - O'k
-5V 1316 - O'k
Interlock - On
Number of Samples: 400

Voltmeter channel: A=1.082837, B=22.739752

A:
Limits 1.1 +/- 0.1
1.069519,1.066098,1.068376,1.077006,1.075847,1.074691,1.055409,1.070091,1.072961,1.071237
1.073537,1.067806,1.06553,1.072961,1.070664,1.066667,1.064396,1.071237,1.074114,1.064963
1.086957,1.068376,1.073537,1.079914,1.059883,1.072386,1.075847,1.081666,1.072386,1.059883


B:
Limits 0.0 +/- 30.0
20.320972,14.925324,11.752151,12.923853,13.985871,7.522722,13.720379,14.981082,19.313465,14.997149
20.397045,18.152739,12.786509,11.802734,12.847973,22.399792,19.159317,16.068386,11.81529,13.844446
15.217467,12.820528,13.95582,12.958929,36.036247,18.230684,18.289261,19.470024,8.57921,29.676949
Channels:
  25
Out of range 0.0 +/- 30.0
========================================================

Test10 results 09-28-2006  12:47:39
Board ID366  30 channels
HV Tests Software Ver.1.6.8

+5V 2501 - O'k
-5V 1316 - O'k
Interlock - On
Number of Samples: 400

Voltmeter channel: A=1.083424, B=20.585064

A:
Limits 1.1 +/- 0.1
1.070091,1.066098,1.068376,1.077006,1.075847,1.075269,1.052632,1.069519,1.072961,1.071237
1.073537,1.068376,1.066098,1.072961,1.070091,1.066667,1.064963,1.071237,1.074114,1.06553
1.086957,1.068947,1.073537,1.079914,1.059883,1.072386,1.075847,1.081666,1.072386,1.059322


B:
Limits 0.0 +/- 30.0
19.261446,14.925324,11.752151,12.923853,13.985871,5.376168,11.578805,16.042896,19.313465,14.997149
20.397045,16.025656,10.660933,11.802734,13.910991,21.333126,17.039335,16.068386,11.81529,11.720979
15.217467,10.689509,13.95582,12.958929,32.856598,18.230684,18.289261,19.470024,8.57921,29.661146
Channels:
  25
Out of range 0.0 +/- 30.0
========================================================
Test10 (ADC Calibration) results 2007-11-26 15:18:28
Board ID366 30 channels
Linux calibration software

Voltmeter channel: A=1.07698, B=-1236.36

A:
1.07069,1.06432,1.06667,1.07491,1.07393,1.0724,1.05038,1.06794,1.07159,1.07019
1.07293,1.06533,1.06288,1.07186,1.06781,1.06781,1.06285,1.06925,1.07166,1.06315
1.08497,1.0671,1.07246,1.07846,1.07136,1.07133,1.07461,1.07976,1.06991,1.06271


B:
13.0941,7.93252,4.59992,4.96262,8.58806,1.18553,6.56788,8.03733,11.802,8.35135
15.379,11.643,7.4358,5.09214,7.54831,13.3449,10.4945,9.36467,6.20556,6.17155
7.98675,3.84035,5.39309,7.60268,15.5206,11.258,10.6985,13.6266,4.2395,15.8519


========================================================
Test10 (ADC Calibration) results 2008-06-03 03:42:27
Board ID366 30 channels
Linux calibration software

Voltmeter channel: A=1.07682, B=-1234.58

A:
1.072,1.06429,1.0661,1.07568,1.07484,1.07236,1.05013,1.06804,1.0719,1.06965
1.07353,1.0658,1.06305,1.07223,1.06797,1.06677,1.06281,1.06935,1.07223,1.06268
1.08458,1.06623,1.07233,1.07933,1.07263,1.072,1.07437,1.07952,1.07082,1.06145


B:
13.2132,8.57393,6.92894,5.38005,7.35873,1.15974,7.08929,8.44073,10.5423,10.6413
13.7336,12.044,8.41909,5.62399,8.93605,15.4716,11.3351,10.236,6.67949,7.76673
9.48321,6.95932,6.56804,6.69192,14.2924,11.3971,10.8042,13.8529,3.41047,17.8726


========================================================
Test10 (ADC Calibration) results 2008-06-16 13:15:44
Board ID366 30 channels
Linux calibration software

Voltmeter channel: A=1.07, B=0

A:
1.07474,1.06706,1.06969,1.0783,1.07768,1.07536,1.05331,1.0711,1.07429,1.07314
1.07634,1.06908,1.06636,1.07536,1.07137,1.06987,1.0661,1.07243,1.07509,1.06601
1.08787,1.06934,1.07491,1.08207,1.07447,1.07482,1.07741,1.08288,1.07411,1.06435


B:
12.3179,8.70078,6.46754,6.88443,8.10769,2.06784,7.35666,8.79949,12.0817,9.70781
14.2903,11.7436,7.85841,5.29391,7.48295,14.0073,11.727,9.50311,6.61593,7.75705
9.60694,6.7942,6.99522,7.95718,14.7119,12.2364,10.9399,13.2777,3.0075,17.3898


========================================================
Test10 (ADC Calibration) results 2008-06-17 07:08:50
Board ID366 30 channels
Linux calibration software

Voltmeter channel: A=1.07, B=0

A:
1.08696,1.07955,1.08195,1.0902,1.09029,1.08804,1.06547,1.08311,1.08624,1.08561
1.08867,1.08133,1.07866,1.08786,1.08373,1.08106,1.07831,1.08463,1.08714,1.07875
1.10051,1.08186,1.08714,1.09447,1.08489,1.0875,1.08957,1.0951,1.08642,1.0761


B:
11.9565,7.31376,5.51899,6.57918,6.7143,0.0850676,6.11652,8.55962,12.1818,8.41578
12.9996,10.423,6.19484,3.73344,6.46447,13.4798,10.8373,8.67388,6.1386,5.46506
8.31542,5.38522,6.57322,6.15651,15.152,10.8087,10.212,13.018,1.58721,15.6792


