========================================================

Test11 results 09-26-2006  23:24:10
Board ID366  30 channels
HV Tests Software Ver.1.6.8

+5V 2502 - O'k
-5V 1317 - O'k
Interlock - On
Calibration DAC Range: [2500 - 2900]
Number of Samples: 400

A:
Limits 0.76 +/- 0.04
0.753296,0.756144,0.754717,0.747664,0.747664,0.749064,0.763359,0.75188,0.750469,0.75188
0.750469,0.754717,0.754717,0.749064,0.750469,0.754717,0.756144,0.75188,0.749064,0.756144
0.739372,0.754717,0.749064,0.749064,0.759013,0.75188,0.749064,0.743494,0.75188,0.760456


B:
Limits 60.0 +/- 30.0
45.448257,52.77232,52.786846,55.0938,59.763229,59.917595,54.533772,56.615505,48.70084,52.764141
47.895588,53.592785,60.462811,62.881115,65.251831,50.993656,53.294018,53.569618,58.224705,55.804649
58.241558,50.459496,60.554188,56.54937,38.608452,43.260277,50.415131,60.325684,54.548569,41.135784
========================================================

Test11 results 09-28-2006  12:50:42
Board ID366  30 channels
HV Tests Software Ver.1.6.8

+5V 2501 - O'k
-5V 1315 - O'k
Interlock - On
Calibration DAC Range: [2500 - 2900]
Number of Samples: 400

A:
Limits 0.76 +/- 0.04
0.753296,0.756144,0.754717,0.747664,0.747664,0.749064,0.764818,0.753296,0.750469,0.75188
0.750469,0.754717,0.756144,0.749064,0.750469,0.754717,0.756144,0.75188,0.750469,0.756144
0.740741,0.754717,0.749064,0.750469,0.760456,0.75188,0.749064,0.744879,0.75188,0.760456


B:
Limits 60.0 +/- 30.0
44.811928,52.77232,52.878605,55.0938,59.763229,60.001534,58.901043,52.066814,48.781643,52.764141
47.976025,53.684914,55.900646,62.881115,65.251831,51.084309,53.388718,53.569618,53.699081,55.900646
53.784271,50.459496,60.554188,52.107815,36.299755,43.260277,50.415131,55.843407,54.548569,43.455582
