========================================================

Test10 results 10-21-2005  17:16:49
Board ID101  36 channels
HV Tests Software Ver.1.6

+5V 2712 - O'k
-5V 1331 - O'k
Interlock - On

Voltmeter channel: A=1.072961, B=11.802734

A:
Limits 1.1 +/- 0.1
1.072961,1.076426,1.078167,1.074691,1.067806,1.071237,1.071237,1.085776,1.075269,1.082837,1.077006,1.073537
1.069519,1.080497,1.074114,1.085776,1.087548,1.073537,1.081666,1.072386,1.070664,1.071811,1.079914,1.080497
1.061008,1.077006,1.072386,1.073537,1.080497,1.076426,1.085776,1.066098,1.077006,1.077586,1.075269,1.075269


B:
Limits 0.0 +/- 35.0
8.583851,7.534973,9.703633,5.373341,19.220545,6.42725,4.284775,1.08578,3.22563,0.000175,3.230799,12.882283
12.834341,5.402493,15.037632,13.02932,2.175241,7.514596,3.245038,4.289666,8.565317,15.005518,9.719189,5.402493
25.464119,10.769841,9.651596,13.95582,15.126966,8.6114,11.943543,12.793129,17.231876,11.85357,5.376168,2.150361
========================================================
Test10 (ADC Calibration) results 2008-03-27 10:40:16
Board ID101 36 channels
Linux calibration software

Voltmeter channel: A=1.07166, B=13.3725

A:
1.07218,1.07558,1.07684,1.0746,1.07056,1.07043,1.0701,1.08522,1.07453,1.08034,1.07671,1.07234
1.06858,1.08133,1.07355,1.08502,1.0874,1.07265,1.08101,1.07103,1.07121,1.07205,1.07823,1.08065
1.06552,1.07702,1.07282,1.0744,1.08119,1.0756,1.08638,1.06559,1.07716,1.07837,1.0747,1.07463


B:
4.69555,5.4398,8.8147,2.93351,11.0182,4.08958,3.52887,0.0207324,1.84039,1.76834,0.464007,12.1758
12.0366,-1.0849,11.472,10.3614,-0.297658,3.87486,2.04933,4.78282,3.36929,11.6985,10.1136,0.467605
17.7842,7.12901,5.33866,8.66204,10.5381,7.43562,8.53264,10.0284,13.0121,6.14517,3.48005,-1.26337


========================================================
Test10 (ADC Calibration) results 2008-06-15 16:02:40
Board ID101 36 channels
Linux calibration software

Voltmeter channel: A=1.0728, B=10.9004

A:
1.07262,1.07625,1.07863,1.0753,1.06845,1.07053,1.07158,1.08775,1.07578,1.08044,1.07867,1.07466
1.07033,1.08159,1.07732,1.08547,1.09117,1.07255,1.08216,1.07134,1.07121,1.07286,1.07833,1.08105
1.06243,1.07792,1.07463,1.0747,1.08105,1.07923,1.06815,1.06559,1.07901,1.0829,1.07399,1.07413


B:
5.28427,6.34633,7.32061,2.71914,15.0929,5.70294,1.4512,2.00169,1.93565,2.20178,-0.122638,12.0031
10.888,0.947504,9.73317,9.48175,-1.6804,5.34773,1.48187,4.94568,4.18262,11.6917,10.4651,1.12228
20.0377,5.73861,4.662,10.0303,12.1601,7.28595,20.9298,11.1596,11.8137,6.37416,5.51517,0.522091


========================================================
Test10 (ADC Calibration) results 2008-06-19 12:08:44
Board ID101 36 channels
Linux calibration software

Voltmeter channel: A=1.07, B=0

A:
1.08999,1.09371,1.09535,1.09262,1.08182,1.08764,1.08827,1.10513,1.09262,1.0981,1.09563,1.09244
1.08782,1.09856,1.09462,1.10318,1.10802,1.09026,1.09976,1.08863,1.08782,1.08963,1.09608,1.09773
1.07853,1.09426,1.09135,1.09126,1.09856,1.09618,1.08656,1.08217,1.09554,1.10022,1.09098,1.09244


B:
3.5951,3.87981,6.97064,0.731324,15.6768,4.45474,1.69547,0.240901,1.82394,0.0640846,-0.730343,10.0755
9.07507,0.960446,9.60951,7.0957,-0.624829,3.56224,-0.357096,3.32091,4.2885,10.4663,8.49361,1.93874
17.8326,7.0973,4.96054,9.62692,10.6278,5.99874,15.6662,10.5879,12.0621,5.38141,4.6396,-1.72247


========================================================
Test10 (ADC Calibration) results 2008-07-17 09:50:45
Board ID101 36 channels
Linux calibration software

Voltmeter channel: A=1.07, B=0

A:
1.0903,1.09426,1.09626,1.0936,1.07958,1.08795,1.08879,1.10547,1.09303,1.09874,1.09588,1.04813
1.08804,1.09836,1.09483,1.10354,1.10858,1.0903,1.10046,1.08889,1.08795,1.08954,1.09635,1.09817
1.07627,1.09502,1.09228,1.09143,1.09797,1.09635,1.08701,1.08263,1.09645,1.09989,1.09133,1.09275


B:
3.52807,3.58964,5.70389,-1.0501,16.4342,4.38784,1.43079,-0.2944,1.00474,-0.740658,-0.742227,48.2814
8.65349,0.928449,8.54093,7.20765,-1.79905,3.74608,-0.783894,2.86837,4.38784,11.1951,8.02877,0.884186
19.2642,6.39634,3.8867,9.90681,10.0626,5.17815,14.818,9.51317,10.3537,5.68326,4.53687,-2.44894


========================================================
Test10 (ADC Calibration) results 2008-07-19 11:33:18
Board ID101 36 channels
Linux calibration software

Voltmeter channel: A=1.07, B=0

A:
1.09039,1.09436,1.09578,1.09322,1.07654,1.08786,1.0887,1.10499,1.09256,1.09826,1.09559,1.0609
1.08767,1.09845,1.09445,1.10364,1.10848,1.09049,1.0997,1.08851,1.08795,1.08936,1.09674,1.09807
1.07444,1.09502,1.09181,1.09143,1.09788,1.09588,1.08701,1.08254,1.09607,1.09931,1.09171,1.09247


B:
3.0054,3.28379,5.92003,-0.919129,16.858,4.47439,1.08233,-0.516213,2.09616,-0.301771,-0.479686,39.1264
8.99801,0.181938,8.66905,6.67867,-1.93188,3.13605,-0.520086,3.65077,3.9525,10.7134,7.46165,0.532532
18.7992,5.52027,4.75749,8.81539,10.1498,5.17541,15.253,10.0316,10.4813,6.2075,3.31631,-1.7497


========================================================
Test10 (ADC Calibration) results 2008-07-19 17:28:33
Board ID101 36 channels
Linux calibration software

Voltmeter channel: A=1.07, B=0

A:
1.09011,1.09407,1.09559,1.09275,1.07499,1.08804,1.0887,1.10508,1.09266,1.09817,1.09559,1.05057
1.08729,1.09826,1.09436,1.10335,1.10848,1.09049,1.09979,1.08879,1.08804,1.08926,1.09654,1.09778
1.07316,1.09474,1.09228,1.09143,1.09778,1.09559,1.08673,1.08235,1.09616,1.0995,1.09162,1.09228


B:
3.70181,3.3264,6.09387,-0.0449419,19.5836,3.86582,1.51809,-0.825546,2.00884,0.225563,-0.479686,47.7249
9.77744,0.79649,8.53677,7.16202,-2.37554,3.5724,-0.607938,2.95499,3.86582,11.2355,7.85484,1.2347
20.6213,6.21931,3.6683,8.59715,10.017,5.87481,15.5095,10.2029,10.1757,5.59256,3.40309,-1.57469


========================================================
Test10 (ADC Calibration) results 2008-07-20 15:54:11
Board ID101 36 channels
Linux calibration software

Voltmeter channel: A=1.07, B=0

A:
1.0902,1.09417,1.09597,1.09303,1.07581,1.08786,1.08851,1.1047,1.09256,1.09817,1.09559,1.06421
1.08786,1.09807,1.09417,1.10315,1.10799,1.09067,1.09979,1.08898,1.08814,1.08954,1.09645,1.09778
1.07279,1.09502,1.09199,1.09133,1.09769,1.09588,1.08701,1.08254,1.09578,1.0995,1.09171,1.09256


B:
3.61512,3.45804,5.30728,-0.744217,18.6098,4.69191,1.69139,0.190902,1.87771,-0.213979,-0.479686,34.8257
8.60803,0.752476,8.92889,7.55751,-1.04573,2.96283,-0.607938,2.12856,3.56173,10.7595,7.9416,1.0152
21.1715,5.95855,4.58402,8.68399,10.5431,5.17541,14.6007,10.0316,10.7413,5.37271,3.31631,-2.05535


========================================================
Test10 (ADC Calibration) results 2008-07-24 14:52:16
Board ID101 36 channels
Linux calibration software

Voltmeter channel: A=1.07, B=0

A:
1.0903,1.09379,1.09559,1.09303,1.07783,1.08748,1.08879,1.10508,1.09256,1.09817,1.09626,1.05523
1.08748,1.09826,1.09417,1.10344,1.10809,1.09039,1.0996,1.0887,1.08776,1.08926,1.09635,1.09788
1.0748,1.09474,1.0919,1.09124,1.09807,1.09597,1.08673,1.08245,1.0955,1.0995,1.09133,1.09237


B:
3.52807,4.24378,5.43641,-0.96277,16.751,4.82032,1.21282,-0.604695,2.09616,-0.213979,-1.96992,43.4683
9.17024,0.576891,9.36671,6.85366,-1.13385,3.44145,-0.652063,2.17103,4.3436,10.5818,7.80956,0.927715
19.7523,6.6571,4.88926,9.20687,9.97604,5.30728,15.0746,10.1172,11.8774,6.03264,4.10006,-1.66196


========================================================
Test10 (ADC Calibration) results 2008-07-24 21:41:51
Board ID101 36 channels
Linux calibration software

Voltmeter channel: A=1.07, B=0

A:
1.0903,1.09455,1.09578,1.09351,1.07719,1.08767,1.08861,1.10557,1.09266,1.09845,1.09607,1.05646
1.08776,1.09855,1.09464,1.10364,1.10819,1.0903,1.09998,1.08898,1.08804,1.08983,1.09664,1.09778
1.07425,1.09502,1.09218,1.09143,1.09807,1.09626,1.08664,1.08263,1.09635,1.09941,1.09152,1.09237


B:
3.52807,2.67133,6.13901,-1.18123,14.9731,4.86521,1.82258,-0.60396,2.00884,-0.037699,-1.5755,42.5489
9.12952,0.533514,8.93373,6.45762,-1.22269,3.74608,-0.124196,2.12856,3.86582,10.2825,7.32919,1.2347
18.5381,5.95855,4.4103,9.034,10.1956,4.82683,15.1604,9.94612,10.2215,6.33988,3.70815,-1.66196


