========================================================

Test11 results 10-21-2005  17:18:07
Board ID101  36 channels
HV Tests Software Ver.1.6

+5V 2714 - O'k
-5V 1331 - O'k
Interlock - On
Calibration DAC Range: [2500 - 2900]


A:
Limits 0.76 +/- 0.04
0.75188,0.75188,0.747664,0.75188,0.753296,0.754717,0.756144,0.744879,0.75188,0.747664,0.750469,0.75188
0.754717,0.747664,0.753296,0.744879,0.742115,0.753296,0.744879,0.75188,0.753296,0.753296,0.747664,0.744879
0.763359,0.750469,0.753296,0.753296,0.749064,0.750469,0.743494,0.759013,0.750469,0.75188,0.753296,0.75188


B:
Limits 60.0 +/- 40.0
70.865974,63.877495,77.821968,72.576981,73.432014,65.465759,63.24683,69.056282,69.346611,73.42762,72.70797,67.73143
64.362793,70.194374,61.776344,60.477806,76.736282,64.633942,80.101074,81.759972,68.38295,61.120338,71.548058,83.237717
43.978325,65.433586,64.633942,63.825657,59.951977,68.574898,67.370911,59.664585,56.542839,57.854195,78.786186,70.536659
========================================================
Test11 (DAC Calibration) results 2008-03-27 10:40:16
Board ID101 36 channels
Linux calibration software
Calibration DAC Range: [1100 - 2700]

A:
0.752162,0.750539,0.748153,0.750469,0.753296,0.754148,0.754006,0.743494,0.750892,0.746478,0.748994,0.751668
0.755073,0.746547,0.750821,0.743633,0.741633,0.752587,0.745643,0.752587,0.753225,0.753012,0.747943,0.746269
0.756859,0.748783,0.752092,0.75061,0.746269,0.749766,0.74308,0.757576,0.749064,0.748223,0.753438,0.750821


B:
76.307,73.112,80.7164,80.8631,74.7646,73.3033,76.6635,77.6951,77.1353,82.551,82.7169,74.4246
67.8151,79.6192,77.3814,70.8125,82.4789,73.4713,82.0486,84.0075,72.7519,65.964,77.1131,84.3285
62.3462,76.1136,73.6956,77.3693,73.8807,75.0703,72.4688,71.2121,65.5431,75.5331,83.6128,81.8864


========================================================
Test11 (DAC Calibration) results 2008-06-15 16:02:40
Board ID101 36 channels
Linux calibration software
Calibration DAC Range: [1100 - 2700]

A:
0.752233,0.749695,0.747664,0.749977,0.754788,0.754077,0.753721,0.741771,0.750399,0.746408,0.748013,0.750047
0.754219,0.74599,0.748573,0.743702,0.73944,0.752658,0.745226,0.752375,0.753225,0.752445,0.747873,0.74599
0.759446,0.748153,0.750821,0.750399,0.74599,0.747245,0.756144,0.757576,0.748153,0.745087,0.753935,0.751174


B:
76.9628,74.5664,82.4299,81.8318,74.092,73.7016,77.2,77.8396,77.3566,83.8404,83.4502,76.1859
68.9827,80.2313,78.1978,71.7578,84.6013,73.9768,82.7666,85.4981,74.56,68.3973,77.6573,85.4532
61.686,78.7712,76.6306,77.9569,75.6062,77.6201,64.0831,71.9697,67.5489,76.9955,83.6961,82.1595


========================================================
Test11 (ADC Calibration) results 2008-06-19 12:56:33
Board ID101 36 channels
Linux calibration software

Calibration DAC Range: [1000 - 3500]

A:
0.7396,0.738,0.736,0.738,0.7452,0.742,0.7412,0.73,0.7388,0.7344,0.7356,0.738
0.7416,0.7344,0.7364,0.7316,0.7276,0.7404,0.7332,0.7408,0.7412,0.7404,0.7356,0.7344
0.7476,0.7368,0.7396,0.7388,0.734,0.7356,0.7428,0.7456,0.7368,0.7332,0.7416,0.7384


B:
79.4,75.0001,83,83.0001,73.8001,74.0001,78.8001,78.9999,77.2,84.6001,85.4,77.0001
71.4001,79.6001,78.6,73.4,85.4001,74.5999,83.7999,85.1999,74.8001,70.5999,79.4,84.6001
63.3999,77.2,75.4,78.2,76.9999,78.4,69.2,72.4001,67.2,77.7999,84.4001,83.6001


========================================================
Test11 (ADC Calibration) results 2008-07-17 10:58:43
Board ID101 36 channels
Linux calibration software

Calibration DAC Range: [1000 - 3500]

A:
0.7392,0.7372,0.7352,0.7372,0.7464,0.7416,0.7408,0.73,0.738,0.7336,0.7356,0.7692
0.7412,0.7344,0.7364,0.7308,0.7276,0.7404,0.7328,0.7404,0.7416,0.7404,0.7352,0.734
0.7492,0.7364,0.7388,0.7384,0.7348,0.7356,0.7428,0.7452,0.736,0.7336,0.7416,0.7384


B:
79.8,75.7999,83.8,84.7999,73.6,74.4001,79.1999,78.9999,80.0001,85.3999,85.4,47.7999
71.8001,79.6001,79.6,74.2001,84.4001,74.5999,84.2,85.5999,73.4001,69.5999,79.8,85.9999
62.8,77.6,76.2,78.6001,76.2001,78.4,69.2,73.8001,68,77.3999,84.4001,83.6001


========================================================
Test11 (ADC Calibration) results 2008-07-20 18:37:46
Board ID101 36 channels
Linux calibration software

Calibration DAC Range: [1000 - 3500]

A:
0.7392,0.7376,0.7352,0.7376,0.7492,0.7416,0.7412,0.73,0.7384,0.734,0.736,0.7576
0.7412,0.7344,0.7368,0.7312,0.7276,0.74,0.7336,0.74,0.7416,0.7404,0.7352,0.734
0.7516,0.736,0.7392,0.7388,0.7348,0.736,0.7428,0.7452,0.7364,0.7336,0.7416,0.7388


B:
79.8,74.3999,83.8,84.3999,71.8,74.4001,77.8001,78.9999,77.6001,84.9999,84,57.4
71.8001,80.6001,78.2,72.8001,84.4001,75,82.3999,87,73.4001,69.5999,78.8,85.9999
60.3999,78,74.8,78.2,75.2001,78,69.2,72.8001,67.6,77.3999,84.4001,82.2


========================================================
Test11 (ADC Calibration) results 2008-07-24 23:03:59
Board ID101 36 channels
Linux calibration software

Calibration DAC Range: [1000 - 3500]

A:
0.7396,0.7368,0.7356,0.7372,0.7488,0.7416,0.7408,0.7292,0.7384,0.734,0.736,0.7632
0.7416,0.7344,0.7364,0.7312,0.728,0.7404,0.7332,0.7396,0.7412,0.7404,0.7352,0.734
0.7508,0.7364,0.7388,0.7384,0.7344,0.7356,0.7432,0.7452,0.7364,0.734,0.7416,0.7384


B:
78.4,77.2,82.4,84.7999,73.2001,75.4001,79.1999,80.8,77.6001,84.9999,84,51.8001
71.4001,79.6001,79.6,73.8001,83.0001,74.5999,83.7999,88.4,73.8001,69.5999,79.8,85.9999
62.2,77.6,75.2,79.6001,76.6001,78.4,68.8,72.8001,67.6,75.9999,84.4001,83.6001


========================================================
Test11 (ADC Calibration) results 2008-08-12 23:20:39
Board ID101 36 channels
Linux calibration software

Calibration DAC Range: [1000 - 3500]

A:
0.7396,0.7372,0.7356,0.738,0.748,0.7416,0.7408,0.7296,0.7468,0.7336,0.7352,0.764
0.7412,0.734,0.7368,0.7312,0.7272,0.74,0.7324,0.7396,0.7416,0.7408,0.7348,0.734
0.7496,0.736,0.738,0.7384,0.7348,0.7356,0.7432,0.7448,0.7364,0.734,0.7416,0.7384


B:
78.4,75.7999,82.4,83.0001,72.9999,74.4001,79.1999,80.4,69.2,86.3999,85.8,73
71.8001,80.9999,79.2,72.8001,84.8001,75,84.6,87.4,73.4001,68.1999,80.2001,85.9999
63.4,79,77.0001,78.6001,76.2001,79.4,67.8,74.2001,67.6,76.9999,84.4001,83.6001


========================================================
Test11 (ADC Calibration) results 2008-08-13 01:14:42
Board ID101 36 channels
Linux calibration software

Calibration DAC Range: [1000 - 3500]

A:
0.7396,0.7372,0.736,0.7376,0.748,0.7416,0.7408,0.7292,0.7464,0.734,0.7356,0.7644
0.7416,0.7344,0.7368,0.7308,0.7272,0.74,0.7324,0.7396,0.7412,0.7404,0.7348,0.734
0.7496,0.736,0.7388,0.7384,0.7348,0.7356,0.7432,0.7448,0.736,0.734,0.7416,0.738


B:
78.4,75.7999,82,84.3999,72.9999,74.4001,79.1999,80.8,70.6,84.9999,84.4,72.6
71.4001,79.6001,79.2,74.2001,84.8001,75,84.6,87.4,74.8001,69.5999,80.2001,85.9999
63.4,79,75.2,78.6001,76.2001,79.4,67.8,74.2001,69,77.9999,84.4001,84.0001


========================================================
Test11 (DAC Calibration) results 2008-08-27 10:33:59
Board ID101 36 channels
Linux calibration (server mode)

Calibration DAC Range: [3100 - 3500]

A:
0.761429,0.758286,0.758857,0.761143,0.770857,0.762286,0.762857,0.752286,0.76,0.758286,0.759714,0.790286
0.761429,0.757143,0.759429,0.752,0.750857,0.761429,0.756571,0.764571,0.762,0.759714,0.757714,0.758571
0.766857,0.758,0.759714,0.760857,0.756571,0.758286,0.762,0.766,0.755714,0.756286,0.765714,0.762


B:
0.0,0.0,0.0,0.0,0.0,0.0,0.0,0.0,0.0,0.0,0.0,0.0
0.0,0.0,0.0,0.0,0.0,0.0,0.0,0.0,0.0,0.0,0.0,0.0
0.0,0.0,0.0,0.0,0.0,0.0,0.0,0.0,0.0,0.0,0.0,0.0


========================================================
Test11 (ADC Calibration) results 2008-08-27 13:08:29
Board ID101 36 channels
Linux calibration software

Calibration DAC Range: [1000 - 3500]

A:
0.7396,0.7368,0.7352,0.7372,0.7524,0.7408,0.7408,0.7296,0.7596,0.734,0.7356,0.772
0.7416,0.7348,0.7372,0.7312,0.7272,0.7396,0.7328,0.74,0.7408,0.7404,0.7348,0.734
0.75,0.736,0.738,0.7388,0.7352,0.7364,0.7424,0.7448,0.7364,0.7344,0.7412,0.7384


B:
77.4,75.2,82.8,83.7999,70.6001,75.1999,78.1999,79.4,56.4001,83.9999,84.4,70.9999
70.4001,78.2001,78.7999,72.8001,83.8001,75.4,83.2,86,74.1999,68.5999,79.2001,84.9999
63,78,76.0001,77.2,74.8,77.6,69.6,73.2001,67.6,77.6001,84.8001,82.6001


========================================================
Test11 (DAC Calibration) results 2008-08-28 18:58:26
Board ID101 36 channels
Linux calibration (server mode)

Calibration DAC Range: [3100 - 3500]

A:
0.745,0.7375,0.7425,0.74,0.7575,0.745,0.7475,0.7375,0.7525,0.74,0.745,0.7725
0.7475,0.7375,0.745,0.7375,0.7325,0.7475,0.74,0.7475,0.745,0.745,0.74,0.735
0.7575,0.7375,0.745,0.7425,0.7425,0.74,0.745,0.755,0.74,0.7425,0.75,0.7475


B:
82.5,97.7,82.2,99.0,85.8,85.5,79.7,78.7,89.3,88.0,77.5,85.3
74.7,92.7,78.5,74.7,90.2,73.7,83.0,84.7,85.5,77.5,86.0,106.5
67.8,96.7,76.5,89.2,74.2,91.0,85.5,64.5,80.0,76.2,80.0,74.7


========================================================
Test11 (DAC Calibration) results 2008-08-30 18:23:02
Board ID101 36 channels
Linux calibration (server mode)

Calibration DAC Range: [3100 - 3500]

A:
0.7475,0.745,0.745,0.75,0.76,0.7475,0.7575,0.7425,0.7625,0.745,0.745,0.775
0.7475,0.7475,0.7425,0.7425,0.7375,0.7525,0.7425,0.75,0.7475,0.7475,0.745,0.745
0.7525,0.745,0.7475,0.7475,0.7425,0.745,0.75,0.755,0.7475,0.745,0.7525,0.75


B:
85.7,82.5,83.5,75.0,81.0,87.7,57.8,69.2,69.3,80.5,85.5,83.5
83.7,68.7,95.2,68.2,81.7,66.3,84.2,86.0,85.7,78.7,79.5,82.5
92.3,80.5,78.7,81.7,84.2,82.5,78.0,73.5,64.7,75.5,81.3,77.0


========================================================
Test11 (DAC Calibration) results 2008-08-30 21:24:28
Board ID101 36 channels
Linux calibration (server mode)

Calibration DAC Range: [3100 - 3500]

A:
0.7275,0.725,0.725,0.725,0.7375,0.7275,0.725,0.72,0.74,0.725,0.7275,0.7575
0.73,0.7225,0.7225,0.7175,0.7125,0.73,0.725,0.73,0.73,0.73,0.725,0.7275
0.7375,0.7275,0.7225,0.72,0.72,0.7275,0.7275,0.73,0.7275,0.72,0.725,0.725


B:
80.7,79.5,81.5,88.5,92.7,84.7,94.5,76.0,73.0,77.5,75.7,76.8
73.0,83.2,92.2,83.8,96.3,72.0,72.5,84.0,73.0,68.0,77.5,71.7
75.7,70.7,91.2,104.0,90.0,72.7,83.7,87.0,62.7,90.0,102.5,90.5


========================================================
Test11 (DAC Calibration) results 2008-08-30 21:52:07
Board ID101 36 channels
Linux calibration (server mode)

Calibration DAC Range: [3100 - 3500]

A:
0.75,0.745,0.7425,0.75,0.76,0.75,0.7525,0.74,0.7625,0.7425,0.745,0.775
0.75,0.745,0.745,0.7425,0.735,0.7525,0.74,0.7525,0.75,0.745,0.7425,0.745
0.76,0.7475,0.75,0.745,0.7425,0.745,0.7475,0.755,0.7425,0.745,0.7525,0.75


B:
76.0,82.5,93.2,74.0,87.0,79.0,72.3,79.0,84.3,88.2,86.5,81.5
76.0,77.5,87.5,68.2,90.5,66.3,93.0,78.3,77.0,87.5,88.2,82.5
71.0,72.7,69.0,90.5,84.2,83.5,86.7,73.5,81.2,75.5,81.3,77.0


========================================================
Test11 (DAC Calibration) results 2008-08-31 12:06:26
Board ID101 36 channels
Linux calibration (server mode)

Calibration DAC Range: [3100 - 3500]

A:
0.7475,0.745,0.7425,0.7525,0.765,0.7525,0.7525,0.7375,0.76,0.7425,0.7425,0.7775
0.7525,0.7425,0.75,0.745,0.7425,0.75,0.7425,0.75,0.75,0.745,0.74,0.745
0.76,0.7425,0.75,0.745,0.745,0.745,0.7525,0.75,0.7475,0.7475,0.75,0.7475


B:
84.7,82.5,92.2,67.3,76.5,70.3,72.3,87.7,89.0,89.2,95.2,84.8
67.3,86.2,72.0,60.5,66.2,75.0,84.2,87.0,77.0,87.5,96.0,82.5
73.0,89.2,69.0,90.5,76.5,83.5,71.3,91.0,64.7,69.7,90.0,85.7


