========================================================

Test10 results 09-01-2005  12:13:27
Board ID402  30 channels
HV Tests Software Ver.1.6

+5V 2511 - O'k
-5V 1305 - O'k
Interlock - On

Voltmeter channel: A=1.075269, B=16.128857

A:
Limits 1.1 +/- 0.1
1.072961,1.077006,1.068947,1.072961,1.081666,1.079331,1.072386,1.082837,1.078749,1.072961
1.070664,1.068947,1.072961,1.070091,1.074691,1.075847,1.079331,1.076426,1.077006,1.072386
1.074114,1.070664,1.067236,1.085776,1.082251,1.073537,1.071811,1.069519,1.084011,1.078167


B:
Limits 0.0 +/- 35.0
6.437928,17.231876,5.344774,9.656813,17.306692,5.396702,6.434438,5.41436,5.393553,16.09458
11.777308,8.551615,9.656813,8.560535,7.522722,5.379094,10.793356,10.764252,7.538823,9.651596
13.963518,4.282662,18.143127,2.171556,18.398306,5.367522,20.364574,5.34771,9.7561,10.781801
========================================================
Test10 (ADC Calibration) results 2007-11-07 10:36:25
Board ID402 30 channels
Linux calibration software

Voltmeter channel: A=1.07337, B=-1395.63

A:
1.0728,1.08034,1.06677,1.07368,1.09095,1.07933,1.0703,1.08287,1.0814,1.07125
1.0758,1.06825,1.07361,1.0698,1.07415,1.07509,1.07921,1.07492,1.07545,1.07125
1.0742,1.06943,1.07007,1.08476,1.0953,1.07226,1.07355,1.06933,1.08307,1.07671


B:
4.39754,12.4457,3.80586,4.59998,12.4256,3.96125,6.6886,0.252182,0.790572,13.9426
8.04234,4.66274,4.66298,4.35989,1.97417,5.23827,6.72268,8.07121,6.55014,7.4413
10.8729,2.77258,13.1501,-0.423295,14.0694,2.88178,15.1168,2.37744,7.36589,9.0908


========================================================
Test10 (ADC Calibration) results 2007-11-09 11:07:00
Board ID402 30 channels
Linux calibration software

Voltmeter channel: A=1.07451, B=-1398.32

A:
1.07334,1.08024,1.06697,1.07379,1.0917,1.07943,1.0702,1.08332,1.08204,1.07213
1.0758,1.06795,1.07371,1.06896,1.07405,1.07499,1.07867,1.07503,1.0764,1.07175
1.0742,1.06923,1.07136,1.0838,1.0956,1.0726,1.06478,1.06913,1.08297,1.0763


B:
2.63396,12.5736,2.48416,4.87125,10.1735,4.03362,7.01565,-1.19562,-0.913391,11.9562
8.04234,5.64662,4.53479,6.2296,2.10279,4.2911,8.01629,7.74317,4.95097,6.7343
10.1986,3.62801,10.4488,1.581,13.6843,1.98056,25.6679,3.4324,7.69435,10.4026


