========================================================

Test11 results 09-01-2005  12:14:48
Board ID402  30 channels
HV Tests Software Ver.1.6

+5V 2510 - O'k
-5V 1305 - O'k
Interlock - On
Calibration DAC Range: [2500 - 2900]


A:
Limits 0.76 +/- 0.04
0.756144,0.753296,0.757576,0.753296,0.750469,0.753296,0.754717,0.747664,0.750469,0.754717
0.757576,0.757576,0.753296,0.757576,0.754717,0.750469,0.749064,0.75188,0.754717,0.754717
0.754717,0.756144,0.760456,0.749064,0.749064,0.754717,0.757576,0.756144,0.749064,0.75188


B:
Limits 60.0 +/- 40.0
56.445229,54.035938,70.52948,65.53804,47.567993,59.904694,72.844704,68.11293,66.604729,61.000107
57.063091,66.480446,67.866898,61.016319,60.382477,76.55706,64.634354,64.77861,54.265877,70.519379
63.62669,68.913849,50.623478,72.823219,52.909569,69.203232,45.990757,74.367828,49.170834,59.38549
========================================================
Test11 (DAC Calibration) results 2007-11-07 10:36:25
Board ID402 30 channels
Linux calibration software
Calibration DAC Range: [1100 - 2700]

A:
0.754006,0.748363,0.757504,0.754148,0.74184,0.749064,0.755002,0.746617,0.748013,0.754717
0.751527,0.757217,0.753438,0.756501,0.753438,0.752021,0.749906,0.752516,0.751385,0.754717
0.75188,0.756001,0.755929,0.749485,0.738894,0.754006,0.743702,0.756072,0.746477,0.750892


B:
67.7662,68.7558,78.127,65.7618,60.5341,77.5281,77.5765,77.8814,73.7261,67.5471
70.4087,73.2134,70.8044,71.3096,72.3112,75.7474,66.3293,69.0527,72.8562,78.1132
78.1955,75.1652,64.3769,77.553,62.5934,78.3223,58.8174,78.6976,64.4865,69.6264


========================================================
Test11 (DAC Calibration) results 2007-11-09 11:07:00
Board ID402 30 channels
Linux calibration software
Calibration DAC Range: [1100 - 2700]

A:
0.754006,0.748433,0.757361,0.754077,0.741702,0.748994,0.755073,0.746687,0.747943,0.754859
0.751527,0.757432,0.753367,0.756716,0.753509,0.752092,0.749906,0.752445,0.751103,0.754361
0.75188,0.756144,0.755786,0.749766,0.738689,0.754148,0.760456,0.756215,0.746547,0.751174


B:
67.7662,68.6595,78.3205,65.5575,60.8753,77.474,77.3291,77.6367,73.6724,67.2014
70.4087,72.4672,70.9012,70.4123,72.2143,75.6511,65.8793,69.3002,73.5426,77.8406
77.8948,74.5179,64.5725,76.5698,62.8809,77.6774,51.3308,77.8994,64.2405,68.6384


========================================================
Test11 (DAC Calibration) results 2008-02-15 09:59:03
Board ID402 30 channels
Linux calibration software
Calibration DAC Range: [1100 - 2700]

A:
0.754148,0.748363,0.757217,0.754006,0.741771,0.748363,0.754931,0.746338,0.747873,0.754788
0.751527,0.757217,0.753579,0.756501,0.753509,0.752021,0.749695,0.752587,0.751174,0.754361
0.751738,0.756001,0.756001,0.749415,0.738416,0.753864,0.754361,0.756072,0.746477,0.751033


B:
67.2701,69.2049,78.514,65.655,60.7788,78.4846,77.6729,78.263,73.918,67.4498
70.4087,73.2134,70.6105,71.1583,72.2143,75.7474,66.62,68.9558,73.5962,77.8406
78.3875,75.014,64.1279,77.6488,64.7407,78.5149,53.0975,78.3952,64.4865,69.1324


========================================================
Test11 (DAC Calibration) results 2008-02-15 10:23:00
Board ID402 30 channels
Linux calibration software
Calibration DAC Range: [1100 - 2700]

A:
0.763577,0.748643,0.757217,0.754006,0.741771,0.748503,0.755073,0.746338,0.747314,0.754788
0.751456,0.757217,0.753367,0.756716,0.75365,0.75195,0.749766,0.752587,0.751033,0.75429
0.751527,0.756072,0.755929,0.749555,0.738484,0.753864,0.759229,0.756501,0.746408,0.75061


B:
56.9533,68.5195,78.514,65.5042,60.7788,78.2934,77.3291,78.263,74.6847,67.4498
70.5053,73.2134,70.9012,70.261,72.0208,76.1442,66.0731,68.9558,73.4884,77.937
78.6754,74.7661,64.0746,77.1574,64.6452,78.3642,51.8078,77.2104,64.4338,70.6138


