========================================================

Test10 results 11-09-2005  13:36:02
Board ID123  36 channels
HV Tests Software Ver.1.6

+5V 2523 - O'k
-5V 1295 - O'k
Interlock - On

Voltmeter channel: A=1.068947, B=11.758456

A:
Limits 1.1 +/- 0.1
1.067236,1.066098,1.066667,1.070664,1.068376,1.064396,1.068376,1.064963,1.066667,1.067236,1.06553,1.062699
1.068947,1.068947,1.068376,1.067806,1.073537,1.067236,1.070664,1.062699,1.073537,1.066667,1.06383,1.068376
1.069519,1.070664,1.067806,1.064963,1.06383,1.070091,1.069519,1.067236,1.067806,1.071237,1.075269,1.077006


B:
Limits 0.0 +/- 35.0
4.269062,7.462638,9.599792,11.777308,9.6154,18.094921,10.683776,14.90941,9.599792,10.672477,13.852039,12.752606
11.758456,11.758456,16.025656,8.542488,9.661671,12.806949,11.777308,6.376411,10.735209,10.666458,8.510667,16.025656
17.112415,9.635981,16.017128,11.714521,10.638327,16.051172,12.834341,9.605241,11.745905,13.925911,11.827781,15.077866
========================================================
Test10 (ADC Calibration) results 2008-04-04 10:23:46
Board ID123 36 channels
Linux calibration software

Voltmeter channel: A=1.06864, B=17.1523

A:
1.06511,1.06813,1.06942,1.07529,1.0671,1.06315,1.06796,1.06421,1.0664,1.06647,1.06869,1.06182
1.06826,1.07455,1.06763,1.06763,1.0727,1.07111,1.07356,1.06106,1.0732,1.0661,1.0611,1.06978
1.06865,1.07127,1.07091,1.06448,1.06402,1.072,1.06793,1.06624,1.07459,1.07001,1.07782,1.08171


B:
3.07396,2.98634,4.0505,6.73054,7.71269,15.0068,6.52725,11.1557,4.74042,6.58992,13.805,11.4316
7.2731,6.12534,14.3703,4.557,5.94413,9.34051,9.18277,4.96636,7.15591,4.99119,8.36054,9.47051
13.98,5.94371,8.99668,7.10121,5.01161,14.971,13.3071,9.09114,9.55553,10.4706,1.77667,11.5578


========================================================
Test10 (ADC Calibration) results 2008-06-19 12:08:44
Board ID123 36 channels
Linux calibration software

Voltmeter channel: A=1.07, B=0

A:
1.08281,1.08566,1.08683,1.09152,1.08575,1.08049,1.08504,1.08183,1.08334,1.08414,1.08683,1.04132
1.08558,1.09116,1.08647,1.08513,1.0908,1.08917,1.09152,1.07925,1.09125,1.08388,1.07978,1.08728
1.0871,1.08836,1.08728,1.08165,1.08085,1.08935,1.08575,1.08343,1.09206,1.08764,1.09515,1.07819


B:
2.09284,2.46295,3.11704,7.49162,4.55127,15.0566,6.9528,10.3641,5.71009,7.13124,12.029,12.4992
6.67195,5.42511,13.2289,4.04851,4.88646,7.04246,7.49162,1.52529,6.86911,3.9117,5.99409,9.87532
11.346,6.2674,10.9626,6.4186,5.43347,13.6297,11.9345,8.66091,6.99088,9.76125,6.33383,28.1812


