========================================================

Test11 results 11-09-2005  13:37:44
Board ID123  36 channels
HV Tests Software Ver.1.6

+5V 2521 - O'k
-5V 1296 - O'k
Interlock - On
Calibration DAC Range: [2500 - 2900]


A:
Limits 0.76 +/- 0.04
0.743494,0.747664,0.746269,0.743494,0.743494,0.750469,0.743494,0.747664,0.746269,0.746269,0.747664,0.75188
0.744879,0.743494,0.746269,0.744879,0.740741,0.747664,0.742115,0.75188,0.742115,0.744879,0.749064,0.744879
0.743494,0.743494,0.744879,0.747664,0.749064,0.743494,0.744879,0.747664,0.744879,0.743494,0.743494,0.738007


B:
Limits 60.0 +/- 40.0
79.082947,64.776917,64.657104,62.216728,73.767937,48.935913,69.001839,63.018925,69.353348,63.064175,65.407578,46.528824
60.771683,70.822639,62.267803,66.117683,66.72644,56.165462,70.587196,57.966721,60.603432,73.748146,66.221725,64.679932
65.253334,68.435875,63.653725,60.71077,64.714272,61.130711,59.825493,56.884651,62.934307,58.234425,71.601532,65.733521
========================================================
Test11 (DAC Calibration) results 2008-04-04 10:23:46
Board ID123 36 channels
Linux calibration software
Calibration DAC Range: [1100 - 2700]

A:
0.746617,0.744879,0.743978,0.739919,0.745226,0.748363,0.745365,0.747245,0.745712,0.746408,0.744117,0.750047
0.745156,0.740056,0.744117,0.745226,0.741702,0.742804,0.740741,0.749836,0.741359,0.745921,0.749064,0.743356
0.743771,0.742322,0.742942,0.747803,0.747384,0.742184,0.745018,0.746199,0.740398,0.743564,0.741496,0.735159


B:
72.6551,72.216,70.6316,67.0735,71.5882,60.8231,65.8811,68.2047,75.3916,67.4195,68.6541,56.0846
64.5308,72.803,71.6305,67.8621,68.4406,67.5022,68.1482,69.1255,65.953,73.6132,70.7865,72.6816
68.2409,72.9236,67.7564,63.8439,72.7949,60.9426,62.9355,63.6787,64.1832,63.4724,79.7015,67.2485


========================================================
Test11 (ADC Calibration) results 2008-06-19 12:56:33
Board ID123 36 channels
Linux calibration software

Calibration DAC Range: [1000 - 3500]

A:
0.7348,0.7332,0.7324,0.7284,0.7328,0.7364,0.7336,0.7352,0.734,0.7344,0.7316,0.7656
0.7332,0.7292,0.7316,0.7336,0.7304,0.7308,0.7292,0.7376,0.7292,0.734,0.7364,0.7312
0.7312,0.7308,0.732,0.7364,0.736,0.7308,0.7332,0.734,0.7288,0.732,0.73,0.7384


B:
73.2001,71.7999,70.6,68.6,74.2,61.6,66.3999,69.8,74.9999,67.6001,71.4,53.3999
65.7999,72.8,72.4,68.3999,67.5999,69.2001,68.8,71.3999,66.8,74.9999,72.6,73.8001
70.8001,73.2001,67,63.6,73,62.2001,63.8,65.9999,66.2,63,76.9999,53.6001


========================================================
Test11 (ADC Calibration) results 2008-07-06 13:37:55
Board ID123 36 channels
Linux calibration software

Calibration DAC Range: [1000 - 3500]

A:
0.7344,0.7332,0.7324,0.7288,0.7324,0.7364,0.7332,0.7356,0.734,0.734,0.7324,0.7372
0.7328,0.7292,0.732,0.7332,0.73,0.7308,0.7288,0.738,0.7296,0.734,0.7368,0.7316
0.732,0.7304,0.7316,0.736,0.7364,0.7408,0.7332,0.734,0.7296,0.7316,0.7304,0.7528


B:
73.6001,72.7999,70.6,67.2,74.6,61.6,66.7999,68.4,74.9999,67.9999,68.6,58.7999
66.2,72.8,71,68.7999,68.9999,68.2001,70.2,70.0001,65.4,73.9999,71.2,72.4
69,73.5999,67.4,64,71.6,51.1999,63.8,64.9999,64.4,63.4,75.5999,39.2


========================================================
Test11 (ADC Calibration) results 2008-07-17 10:58:43
Board ID123 36 channels
Linux calibration software

Calibration DAC Range: [1000 - 3500]

A:
0.734,0.7328,0.732,0.7284,0.7324,0.736,0.7332,0.7348,0.7336,0.7336,0.7316,0.7372
0.7328,0.7288,0.7312,0.7332,0.7296,0.7304,0.7288,0.7376,0.7288,0.7332,0.7364,0.7312
0.7312,0.7304,0.7308,0.7356,0.7356,0.7384,0.7328,0.734,0.728,0.7308,0.7304,0.7588


B:
73.9999,72.2,71,67.6,74.6,62,65.7999,70.2001,76.3999,68.3999,70.4,57.7999
65.2,74.2,72.8001,68.7999,68.4,69.5999,69.2,70.3999,66.2,75.7999,71.6,72.8001
69.8001,73.5999,68.2001,64.4,73.4,54.6001,64.2,64.9999,68.0001,65.2001,75.5999,33.1999


========================================================
Test11 (ADC Calibration) results 2008-07-20 18:37:46
Board ID123 36 channels
Linux calibration software

Calibration DAC Range: [1000 - 3500]

A:
0.7344,0.7328,0.732,0.7288,0.7324,0.736,0.7332,0.7352,0.734,0.734,0.732,0.7372
0.7328,0.7292,0.7516,0.7328,0.7292,0.7308,0.7288,0.7372,0.7292,0.734,0.7364,0.7316
0.7316,0.7308,0.7308,0.7364,0.7356,0.7468,0.7328,0.7336,0.7288,0.7316,0.73,0.744


B:
73.6001,73.2,71,68.2,74.6,62,66.7999,69.8,74.9999,67.9999,70,58.7999
66.2,73.8,51.3999,70.2,69.8,69.2001,69.2,71.7999,66.8,73.9999,72.6,73.4
69.4,73.2001,69.2001,63.6,73.4,45.2,64.2,66.3999,66.2,63.4,76.9999,47.9999


========================================================
Test11 (ADC Calibration) results 2008-07-24 23:03:59
Board ID123 36 channels
Linux calibration software

Calibration DAC Range: [1000 - 3500]

A:
0.7344,0.7328,0.7316,0.7288,0.7324,0.736,0.7332,0.7352,0.734,0.734,0.7316,0.7372
0.7328,0.7284,0.7496,0.7328,0.7296,0.7308,0.7284,0.7376,0.7288,0.7336,0.7364,0.7312
0.7312,0.7308,0.7316,0.7356,0.7356,0.7428,0.7324,0.734,0.7288,0.7312,0.73,0.7428


B:
73.6001,73.2,72.4,67.2,74.6,62,66.7999,69.8,75.9999,67.9999,71.4,59.7999
66.2,74.6,53.4,70.2,69.4,69.2001,70.6,71.3999,67.2,75.3999,72.6,73.8001
70.8001,73.2001,67.4,65.4,73.4,49.2,65.6,64.9999,66.2,64.8001,76.9999,49.2


========================================================
Test11 (ADC Calibration) results 2008-08-12 23:20:39
Board ID123 36 channels
Linux calibration software

Calibration DAC Range: [1000 - 3500]

A:
0.7344,0.7324,0.7316,0.7288,0.7328,0.736,0.7328,0.7348,0.734,0.7336,0.7312,0.7372
0.7324,0.7292,0.7516,0.7332,0.7292,0.7304,0.7292,0.7372,0.7292,0.7336,0.736,0.7308
0.7312,0.7304,0.7312,0.7356,0.7356,0.744,0.7324,0.734,0.7288,0.7316,0.73,0.7232


B:
73.6001,73.6,72.4,67.2,74.2,62,67.2,70.2001,74.9999,68.3999,71.8001,58.7999
66.6,73.8,52.3999,68.7999,69.8,69.5999,68.8,71.7999,65.8,75.3999,73,74.2001
70.8001,73.5999,68.8001,65.4,73.4,48.9999,64.6,64.9999,66.2,63.4,76.9999,69.7999


========================================================
Test11 (ADC Calibration) results 2008-08-13 01:14:42
Board ID123 36 channels
Linux calibration software

Calibration DAC Range: [1000 - 3500]

A:
0.7344,0.7324,0.7316,0.7284,0.7324,0.7352,0.7328,0.7352,0.734,0.7332,0.7316,0.7372
0.7324,0.7292,0.752,0.7332,0.7296,0.7308,0.7292,0.7372,0.7288,0.7336,0.736,0.7308
0.7312,0.7304,0.7312,0.7356,0.7356,0.7436,0.7324,0.7336,0.7288,0.7316,0.73,0.7236


B:
73.6001,73.6,72.4,68.6,75.6,63.8,67.2,68.8,74.9999,69.7999,71.4,58.7999
66.6,73.8,51.0001,68.7999,69.4,69.2001,68.8,71.7999,67.2,75.3999,73,74.2001
70.8001,73.5999,68.8001,65.4,73.4,49.4,65.6,65.3999,66.2,63.4,76.9999,68.4001


========================================================
Test11 (DAC Calibration) results 2008-08-27 10:33:31
Board ID123 36 channels
Linux calibration (server mode)

Calibration DAC Range: [3100 - 3500]

A:
0.755429,0.753429,0.752286,0.748,0.754,0.753429,0.752,0.754857,0.755429,0.753143,0.752,0.754
0.751429,0.750857,0.752,0.752857,0.749429,0.750571,0.748857,0.757714,0.748,0.755143,0.756857,0.752
0.751429,0.751429,0.750286,0.754286,0.756571,0.753143,0.751143,0.752286,0.747714,0.749714,0.752,0.758


B:
0.0,0.0,0.0,0.0,0.0,0.0,0.0,0.0,0.0,0.0,0.0,0.0
0.0,0.0,0.0,0.0,0.0,0.0,0.0,0.0,0.0,0.0,0.0,0.0
0.0,0.0,0.0,0.0,0.0,0.0,0.0,0.0,0.0,0.0,0.0,0.0


========================================================
Test11 (ADC Calibration) results 2008-08-27 13:08:29
Board ID123 36 channels
Linux calibration software

Calibration DAC Range: [1000 - 3500]

A:
0.7344,0.7328,0.732,0.7292,0.7324,0.7356,0.7332,0.7348,0.734,0.734,0.7316,0.7368
0.7328,0.7296,0.7316,0.7332,0.7292,0.7308,0.73,0.7376,0.7288,0.734,0.736,0.7312
0.7308,0.7304,0.7312,0.7356,0.7356,0.7456,0.7328,0.7336,0.7292,0.7316,0.73,0.7364


B:
73.6001,73.2,71,67.8,74.6,62.4,65.7999,70.2001,74.9999,67.9999,71.4,59.1999
66.2,73.4,71.4,68.7999,69.8,69.2001,67.9999,70.3999,67.2,73.9999,73,72.8001
71.2001,73.5999,67.8001,65.4,73.4,46.4001,64.2,65.3999,66.8,63.4,76.9999,56.6


========================================================
Test11 (DAC Calibration) results 2008-08-28 18:58:24
Board ID123 36 channels
Linux calibration (server mode)

Calibration DAC Range: [3100 - 3500]

A:
0.7425,0.7375,0.735,0.735,0.74,0.74,0.7375,0.74,0.74,0.74,0.74,0.7425
0.7375,0.7375,0.755,0.74,0.74,0.7375,0.74,0.74,0.7375,0.7425,0.7425,0.735
0.7375,0.7325,0.74,0.745,0.7425,0.7425,0.74,0.74,0.7325,0.7375,0.7375,0.745


B:
76.2,88.7,91.5,79.5,79.0,79.0,82.7,84.0,85.0,78.0,74.0,71.2
80.7,78.7,71.5,76.0,64.0,76.7,70.0,93.0,68.7,75.2,82.2,90.5
80.7,97.2,70.0,63.5,80.2,74.2,70.0,75.0,87.2,73.7,82.7,82.5


========================================================
Test11 (DAC Calibration) results 2008-08-30 18:23:01
Board ID123 36 channels
Linux calibration (server mode)

Calibration DAC Range: [3100 - 3500]

A:
0.7425,0.7425,0.74,0.7375,0.74,0.7425,0.74,0.74,0.7425,0.74,0.7375,0.7425
0.735,0.7375,0.75,0.74,0.735,0.7375,0.74,0.7475,0.7375,0.745,0.7425,0.735
0.735,0.74,0.74,0.7425,0.7425,0.7475,0.7375,0.74,0.7375,0.735,0.735,0.745


B:
79.2,73.2,77.0,72.7,82.0,73.2,76.0,87.0,79.2,81.0,84.7,75.2
91.5,80.7,87.0,79.0,83.5,79.7,70.0,69.7,70.7,69.5,84.2,93.5
91.5,75.0,72.0,75.2,83.2,80.7,81.7,78.0,70.7,84.5,93.5,69.5


========================================================
Test11 (DAC Calibration) results 2008-08-30 21:24:23
Board ID123 36 channels
Linux calibration (server mode)

Calibration DAC Range: [3100 - 3500]

A:
0.715,0.72,0.715,0.7225,0.72,0.7225,0.72,0.72,0.7175,0.72,0.7175,0.72
0.72,0.7175,0.7325,0.7175,0.7175,0.72,0.715,0.72,0.715,0.715,0.7275,0.7125
0.7175,0.7175,0.715,0.7225,0.7225,0.73,0.72,0.7225,0.715,0.72,0.715,0.725


B:
102.5,81.0,92.5,54.2,80.0,71.2,76.0,84.0,93.8,79.0,82.8,81.0
73.0,78.8,84.2,84.8,73.8,70.0,90.5,93.0,78.5,101.5,65.7,100.3
82.8,82.8,87.5,73.2,82.2,65.0,71.0,68.2,78.5,67.0,91.5,76.5


========================================================
Test11 (DAC Calibration) results 2008-08-30 21:52:06
Board ID123 36 channels
Linux calibration (server mode)

Calibration DAC Range: [3100 - 3500]

A:
0.745,0.745,0.74,0.7375,0.745,0.745,0.74,0.7425,0.7375,0.7425,0.7375,0.745
0.74,0.7375,0.7525,0.74,0.7425,0.7375,0.7375,0.7475,0.735,0.7425,0.7475,0.74
0.7375,0.735,0.7375,0.7425,0.745,0.7475,0.74,0.7425,0.7375,0.7375,0.7425,0.745


B:
71.5,65.5,78.0,72.7,65.5,65.5,77.0,78.2,96.7,72.2,84.7,66.5
75.0,81.7,88.3,79.0,59.2,79.7,82.7,70.7,79.5,78.2,67.7,78.0
82.7,92.5,80.7,75.2,75.5,73.7,75.0,69.2,72.7,76.7,68.2,83.5


========================================================
Test11 (DAC Calibration) results 2008-08-31 12:06:24
Board ID123 36 channels
Linux calibration (server mode)

Calibration DAC Range: [3100 - 3500]

A:
0.745,0.7425,0.74,0.74,0.7375,0.745,0.7375,0.745,0.74,0.745,0.74,0.7425
0.74,0.7375,0.755,0.7425,0.735,0.74,0.74,0.75,0.7425,0.745,0.7475,0.7375
0.735,0.7425,0.7425,0.7475,0.745,0.75,0.7425,0.7425,0.7375,0.7375,0.735,0.7475


B:
71.5,74.2,78.0,65.0,91.7,65.5,85.7,70.5,87.0,64.5,77.0,75.2
75.0,82.7,77.5,70.2,84.5,72.0,80.0,63.0,55.2,70.5,68.7,86.7
92.5,68.2,64.2,58.7,75.5,79.0,66.2,70.2,71.7,75.7,93.5,67.7

========================================================
Test11 (ADC Calibration) results 2009-02-13 10:42:50
Board ID123 36 channels
Host: ufcmshv3
Linux calibration software

Calibration DAC Range: [1000 - 3500]

A:
0.7572,0.7548,0.7576,0.7556,0.7512,0.758,0.76,0.7604,0.7456,0.7604,0.7556,0.7492
0.7564,0.844,0.762,0.764,0.7596,0.7468,0.7488,0.7644,0.7592,0.7608,0.766,0.7536
0.7624,0.7528,0.762,0.7636,0.7628,0.7576,0.7576,0.7588,0.758,0.762,0.7552,0.7612


B:
72.8,72.1999,71.4,67.4001,74.7999,60.9999,64,69.6,75.4001,67.6,68.4001,57.8
65.6,61.0001,70.9999,67,66.4001,67.2,69.2001,70.6,65.8001,75.2,71.0001,73.4
69.6001,71.2,67.9999,63.4,73.2001,61.4,63.4,64.1999,66.9999,63.9999,75.7999,68.8


========================================================
Test11 (ADC Calibration) results 2009-02-13 11:07:50
Board ID123 36 channels
Host: ufcmshv3
Linux calibration software

Calibration DAC Range: [1000 - 3500]

A:
0.7572,0.7548,0.758,0.7556,0.7512,0.758,0.76,0.7604,0.7456,0.7604,0.7556,0.7492
0.7564,0.8436,0.7624,0.764,0.7592,0.7468,0.7492,0.7644,0.7592,0.7608,0.7664,0.7536
0.7624,0.7528,0.762,0.7636,0.7632,0.7576,0.7576,0.7588,0.7584,0.7624,0.7552,0.7612


B:
72.8,72.1999,69.9999,67.4001,74.7999,60.9999,64,68.6,75.4001,67.6,68.4001,57.8
65.6,62.4001,70.6001,67,66.8001,67.2,67.8,70.6,65.8001,75.2,70.6001,72.4
69.6001,71.2,67.9999,63.4,71.8,61.4,63.4,64.1999,65.5999,62.6001,75.7999,68.8


========================================================
Test11 (ADC Calibration) results 2009-02-13 14:39:20
Board ID123 36 channels
Host: ufcmshv3
Linux calibration software

Calibration DAC Range: [1000 - 3500]

A:
0.7568,0.7552,0.7576,0.7552,0.7512,0.7576,0.7596,0.7604,0.7456,0.7604,0.7552,0.7492
0.7568,0.7428,0.7624,0.7636,0.7588,0.7472,0.7492,0.7644,0.7592,0.7612,0.7664,0.7536
0.7628,0.7524,0.7616,0.7632,0.7628,0.758,0.7576,0.7592,0.7584,0.7628,0.7552,0.7612


B:
74.2,71.7999,71.4,68.7999,74.7999,62.4,65.4001,68.6,75.4001,68.6,69.7999,58.8
65.2,68.2,69.6001,68.4,68.1999,66.8,67.8,70.6,65.8001,74.8,70.6001,73.4
69.2001,72.6001,69.3999,64.8,72.2001,59.9999,64.4,63.8001,66.5999,62.2001,75.7999,69.8



