

========================================================
Test10 (ADC Calibration) results 2014-03-06 15:19:06
Board ID485 30 channels
Host: ufcmshv1
Linux calibration software

Voltmeter channel: A=1.12073, B=6.71901

A:
1.08938,1.07028,1.07773,1.07108,1.07791,1.0732,1.07577,1.08294,1.07099,1.07881
1.07515,1.07559,1.07702,1.09451,1.07881,1.08213,1.07533,1.07916,1.07746,1.07275
1.08105,1.0824,1.07657,1.08929,1.07997,1.07355,1.07178,1.0815,1.07666,1.08123


B:
3.26924,6.13247,6.9947,6.0409,6.83075,6.43919,6.21462,6.54506,6.33674,6.87238
7.43329,7.23886,8.29694,6.90383,7.51977,6.42136,6.83931,6.11214,6.59432,6.84772
6.32817,5.74084,5.90677,6.62023,7.09935,7.8298,6.67364,6.99802,7.97812,6.59608


========================================================
Test10 (ADC Calibration) results 2014-03-06 15:39:29
Board ID485 30 channels
Host: ufcmshv1
Linux calibration software

Voltmeter channel: A=1.12064, B=7.47695

A:
1.08938,1.07028,1.07773,1.07055,1.07755,1.07311,1.07568,1.08276,1.07063,1.07907
1.07533,1.07559,1.07675,1.09442,1.07881,1.08177,1.07524,1.07907,1.07755,1.07284
1.08087,1.08213,1.07657,1.0891,1.08033,1.07382,1.07178,1.08168,1.07648,1.08105


B:
3.26924,5.70446,7.2102,6.53052,7.80557,6.73561,6.51154,7.14322,6.87707,6.84164
6.83931,7.02393,7.89649,7.425,7.51977,7.61585,6.70591,6.41012,6.2967,6.98051
7.14116,6.20499,5.90677,7.0038,6.12228,6.72568,7.10212,7.04957,8.14241,6.97664


