========================================================

Test10 results 01-17-2005  12:21:58
Board ID282  30 channels
HV Tests Software Ver.1.6

+5V 2577 - O'k
-5V 1314 - O'k
Interlock - On

Voltmeter channel: A=1.074114, B=7.518835

A:
Limits 1.1 +/- 0.1
1.074114,1.072386,1.077586,1.081666,1.078167,1.078749,1.072961,1.072386,1.068376,1.068376
1.076426,1.066667,1.072961,1.070091,1.070664,1.072961,1.068376,1.074114,1.075269,1.077006
1.072386,1.068947,1.077586,1.079914,1.070664,1.072386,1.074114,1.071811,1.077006,1.069519


B:
Limits 0.0 +/- 30.0
2.148266,5.362052,8.620811,9.735032,7.547299,10.787296,6.437928,7.506824,10.683776,9.6154
5.382121,7.466458,4.292006,7.490445,10.706645,13.948658,9.6154,4.296494,13.978319,7.538823
7.506824,8.551615,8.620811,11.879015,11.777308,15.013526,11.81529,10.718273,7.538823,8.556267
========================================================
Test10 (ADC Calibration) results 2007-09-05 16:08:29
Board ID282 30 channels
Linux calibration software

Voltmeter channel: A=1.06766, B=-1510.44

A:
1.07214,1.07252,1.07661,1.0801,1.07673,1.07864,1.07202,1.07088,1.06857,1.06734
1.07573,1.06466,1.07098,1.06894,1.06987,1.07272,1.06673,1.07121,1.07577,1.07472
1.07018,1.06827,1.07827,1.07883,1.07078,1.07192,1.07158,1.07121,1.07597,1.06867


B:
2.37681,-1.13266,5.79038,6.23223,6.44588,6.01778,4.65132,6.44421,8.04565,6.21247
-0.249388,6.75048,4.57482,5.84883,8.32906,11.1754,8.11519,6.20273,10.3238,6.80132
8.73694,5.62766,2.35708,10.1216,7.32557,11.5231,12.0947,7.13152,6.11531,5.71822


========================================================
Test10 (ADC Calibration) results 2008-06-17 15:59:19
Board ID282 30 channels
Linux calibration software

Voltmeter channel: A=1.07, B=0

A:
1.08955,1.08237,1.09318,1.09765,1.09381,1.09309,1.08838,1.08739,1.08478,1.08398
1.09145,1.08157,1.08784,1.08649,1.08676,1.08892,1.0838,1.08901,1.09263,1.08856
1.08757,1.08425,1.09381,1.096,1.08757,1.08865,1.08937,1.08757,1.09263,1.08505


B:
-0.412036,5.82663,6.05763,5.45252,5.47157,7.67164,4.16092,5.94838,8.14027,6.28362
2.62457,5.49018,3.13828,3.73789,6.74826,11.2823,6.88304,3.57627,10.0559,8.34822
5.99944,5.81808,3.94033,8.49805,8.39204,11.5312,9.56023,7.08701,5.9038,5.93826


========================================================
Test10 (ADC Calibration) results 2008-07-16 21:23:30
Board ID282 30 channels
Linux calibration software

Voltmeter channel: A=1.07, B=0

A:
1.09022,1.08284,1.0938,1.09818,1.09437,1.09343,1.08881,1.08825,1.08544,1.08489
1.09239,1.08164,1.08834,1.0875,1.08759,1.09003,1.08433,1.08956,1.09295,1.08797
1.08675,1.08526,1.09456,1.09694,1.08628,1.08919,1.09022,1.08834,1.09333,1.08591


B:
-1.03138,3.22582,5.26288,4.97298,4.30201,6.70452,3.76177,4.93526,7.74672,5.00926
1.10618,4.99666,2.4542,2.58351,5.75936,9.17155,6.17798,2.84855,9.98084,8.45938
6.53796,4.44641,3.25192,7.64525,9.57725,10.6027,8.34422,5.71923,5.04195,4.49196


========================================================
Test10 (ADC Calibration) results 2008-07-19 11:34:37
Board ID282 30 channels
Linux calibration software

Voltmeter channel: A=1.07, B=0

A:
1.09022,1.08182,1.09352,1.09789,1.09418,1.09314,1.08872,1.08797,1.08563,1.08451
1.0921,1.08145,1.08844,1.08722,1.08731,1.09003,1.08442,1.08956,1.09333,1.08684
1.08619,1.0847,1.09437,1.09675,1.08228,1.08919,1.09031,1.08815,1.09333,1.08563


B:
-1.46775,3.74241,5.74283,5.4549,4.914,6.30934,3.41302,5.19548,7.14039,4.70425
1.36751,5.16896,1.93213,2.62687,6.01903,8.9536,6.09216,2.84855,9.41527,8.84279
6.62165,4.96546,3.20764,7.38047,13.0514,10.6027,8.03954,6.32778,4.82333,4.96913


========================================================
Test10 (ADC Calibration) results 2008-07-19 14:46:21
Board ID282 30 channels
Linux calibration software

Voltmeter channel: A=1.07, B=0

A:
1.08984,1.08191,1.0938,1.09808,1.09447,1.09295,1.08872,1.08778,1.08535,1.08442
1.0922,1.08145,1.08825,1.08722,1.08741,1.08966,1.08423,1.08937,1.09295,1.08712
1.08582,1.08507,1.09456,1.09684,1.08071,1.08937,1.09022,1.08834,1.09314,1.08544


B:
-0.682104,3.44002,5.26288,4.6214,4.21466,6.26491,3.8484,5.58644,7.61617,5.00774
1.06237,4.73649,2.10571,2.84414,5.9327,9.73516,6.4814,3.02255,9.7623,8.14882
7.40198,4.40215,2.81393,7.29337,14.2873,10.4303,8.12635,5.50173,4.99763,5.1415


========================================================
Test10 (ADC Calibration) results 2008-07-20 08:08:59
Board ID282 30 channels
Linux calibration software

Voltmeter channel: A=1.07, B=0

A:
1.09003,1.08108,1.09352,1.09789,1.09399,1.09286,1.08872,1.08815,1.08563,1.08423
1.0921,1.08127,1.08844,1.08722,1.08741,1.08937,1.08451,1.08928,1.09305,1.08656
1.08619,1.08498,1.09418,1.09656,1.08201,1.08909,1.09013,1.08834,1.09343,1.08591


B:
-0.856684,5.72955,5.96148,5.01596,5.52599,7.00759,3.63071,4.80459,7.35746,5.61396
1.36751,5.1251,2.36767,2.62687,5.9327,10.6482,5.78876,3.10936,9.45696,9.31845
7.05641,4.27175,3.60103,7.99329,13.5242,10.9067,8.43067,5.71923,4.51767,4.49196


========================================================
Test10 (ADC Calibration) results 2008-07-20 17:40:55
Board ID282 30 channels
Linux calibration software

Voltmeter channel: A=1.07, B=0

A:
1.08966,1.08182,1.0939,1.09808,1.09428,1.09286,1.08872,1.08797,1.08563,1.08461
1.09182,1.08127,1.08862,1.08712,1.08731,1.08966,1.08442,1.08966,1.09305,1.08684
1.08582,1.08489,1.09466,1.09694,1.08293,1.08919,1.09013,1.08825,1.09343,1.08544


B:
-0.289618,5.68974,5.17561,5.06041,4.827,6.78868,3.63071,5.41302,7.35746,5.05123
2.06657,5.1251,1.54014,3.1482,5.80162,9.95303,6.09216,2.32545,9.45696,8.84279
7.61909,4.79246,2.50767,7.20632,12.019,10.6027,8.64891,6.0235,4.29877,5.1415


