========================================================

Test11 results 01-17-2005  12:23:42
Board ID282  30 channels
HV Tests Software Ver.1.6

+5V 2577 - O'k
-5V 1315 - O'k
Interlock - On
Calibration DAC Range: [2500 - 2900]


A:
Limits 0.76 +/- 0.04
0.749064,0.749064,0.749064,0.743494,0.746269,0.744879,0.749064,0.750469,0.75188,0.75188
0.749064,0.750469,0.747664,0.750469,0.749064,0.749064,0.75188,0.746269,0.749064,0.747664
0.747664,0.750469,0.746269,0.747664,0.75188,0.749064,0.749064,0.746269,0.749064,0.753296


B:
Limits 70.0 +/- 30.0
71.00798,68.507141,51.379807,64.346832,64.500778,66.00293,68.418808,65.431023,68.401802,66.084671
64.201302,79.837425,74.513336,71.587029,74.661858,66.009041,70.811638,77.471024,55.169014,62.176342
73.711464,74.421997,66.109192,65.983658,65.465874,64.488602,63.856579,75.869713,54.525654,62.358238
========================================================
Test11 (DAC Calibration) results 2007-09-05 16:08:29
Board ID282 30 channels
Linux calibration software
Calibration DAC Range: [1100 - 2700]

A:
0.747664,0.748153,0.74606,0.742528,0.745226,0.743909,0.748503,0.748923,0.750539,0.752162
0.745921,0.753296,0.748853,0.749906,0.749625,0.748013,0.751456,0.749064,0.746269,0.746617
0.749415,0.750751,0.744532,0.747524,0.748994,0.748573,0.748433,0.749064,0.746129,0.750469


B:
80.1869,76.9757,65.9611,74.4199,72.9297,73.2565,74.2516,75.0232,74.6131,70.1393
80.3264,74.7646,74.8199,77.5779,76.012,71.7812,76.6672,72.2846,67.9105,72.6551
73.3022,76.4267,76.268,70.6597,78.3727,70.712,72.4016,70.7865,69.4461,76.3603


========================================================
Test11 (ADC Calibration) results 2008-06-17 18:39:44
Board ID282 30 channels
Linux calibration software

Calibration DAC Range: [1000 - 3500]

A:
0.736,0.7412,0.7352,0.7308,0.7332,0.734,0.7368,0.7376,0.7396,0.7404
0.7352,0.742,0.7372,0.7384,0.738,0.7364,0.74,0.7368,0.7344,0.7368
0.7372,0.74,0.7336,0.736,0.7376,0.7368,0.7364,0.738,0.7348,0.7392


B:
81,72.8001,64.8,75.2001,74.7999,71.9999,76.2,75.3999,74.4,70.5999
78.8,74.0001,75.7999,78.6001,77.0001,73.6,77,75.2,68.6001,73.2
75.7999,76,76.3999,72,77.3999,72.2,74.6,71.0001,69.2001,76.8


========================================================
Test11 (ADC Calibration) results 2008-07-16 22:38:23
Board ID282 30 channels
Linux calibration software

Calibration DAC Range: [1000 - 3500]

A:
0.7352,0.7408,0.7344,0.7304,0.7332,0.7336,0.7368,0.7368,0.7392,0.7404
0.7344,0.742,0.7368,0.7372,0.7376,0.736,0.74,0.7364,0.7348,0.7372
0.738,0.7392,0.7328,0.7352,0.7384,0.7364,0.736,0.7376,0.7336,0.7388


B:
82.8,75.1999,65.6001,75.5999,74.7999,73.3999,76.2,76.2,74.8,70.5999
80.6001,75.0001,76.2,80.7999,77.3999,74,77,75.6,67.2001,72.7999
75.0001,76.8,77.2,72.8,76.6001,72.6,75,71.3999,72.3999,77.2


========================================================
Test11 (ADC Calibration) results 2008-07-20 18:58:34
Board ID282 30 channels
Linux calibration software

Calibration DAC Range: [1000 - 3500]

A:
0.736,0.7416,0.7344,0.73,0.7332,0.7344,0.7364,0.7368,0.7388,0.74
0.7348,0.742,0.7364,0.7376,0.7376,0.7356,0.7396,0.736,0.7344,0.738
0.7384,0.7392,0.7328,0.7352,0.7404,0.7368,0.7356,0.7368,0.7336,0.7388


B:
81,72.4001,65.6001,75.9999,73.7999,72.6001,76.6,76.2,75.2,72
79.2001,75.0001,77.6,79.3999,77.3999,74.4,77.4,76,68.6001,72.0001
74.6001,76.8,77.2,72.8,75.5999,71.2,75.4,73.2,72.3999,77.2


