========================================================

Test15 results 08-18-2005  14:45:31
Board ID040  8 channels
HV Tests Software Ver.1.6


A:
Limits 1.45 +/- 2.0
1.428571,1.436782,1.43575,1.428571,1.413428,1.424501,1.419446,1.428571


B:
Limits 0.0 +/- 160.0
-8.571524,1.436682,10.050398,14.28562,5.653627,11.396027,-5.677934,9.999905
========================================================

Test15 results 08-25-2005  18:06:23
Board ID040  8 channels
HV Tests Software Ver.1.6


A:
Limits 1.45 +/- 2.0
1.429593,1.436782,1.437814,1.427552,1.414427,1.424501,1.420455,1.431639


B:
Limits 0.0 +/- 160.0
-8.577677,2.873464,8.62702,18.55818,4.243269,12.820528,-5.681696,5.726647
========================================================
Test15 (Master ADC Calibration) results 2008-04-03 17:12:02
Board ID40 7 channels
Linux calibration software


A:
1.43062,1.43678,1.43988,1.43369,1.41945,1.42857,1.4245,1.43472

B:
4.57791,-0.287451,8.78337,10.7527,-1.27764,9.99991,-9.11679,5.16487

========================================================
Test15 (ADC Calibration) results 2009-02-06 15:15:33
Board ID040 8 channels
Host: ufcmshv3
Linux calibration software

A:
1.41535,1.42669,1.4314,1.43631,1.41458,1.43425,1.41968,1.44493


B:
5.29107,0.175605,8.32416,12.6838,0.739785,12.0917,-9.67547,7.62469


