========================================================

Test16 results 08-18-2005  14:47:43
Board ID040  8 channels
HV Tests Software Ver.1.6
Calibration DAC Range: [1000 - 2300]


A:
Limits 0.57 +/- 0.1
0.564236,0.570175,0.564481,0.564972,0.569925,0.566449,0.56719,0.563747


B:
Limits 50.0 +/- 60.0
51.915852,19.298363,42.075443,40.920063,56.573338,39.857086,40.107658,54.69799
========================================================

Test16 results 08-25-2005  18:08:03
Board ID040  8 channels
HV Tests Software Ver.1.6
Calibration DAC Range: [1000 - 2300]


A:
Limits 0.57 +/- 0.1
0.563258,0.570676,0.564972,0.565217,0.568928,0.566943,0.566696,0.563502


B:
Limits 50.0 +/- 60.0
52.599659,17.295885,40.113022,39.130497,58.110558,37.074245,38.859745,53.25111
