========================================================

Test10 results 09-20-2006  15:59:17
Board ID121  36 channels
HV Tests Software Ver.1.6.1

+5V 2525 - O'k
-5V 1356 - O'k
Interlock - On

Voltmeter channel: A=1.072386, B=12.868753

A:
Limits 1.1 +/- 0.1
1.077006,1.075847,1.075847,1.071811,1.06383,1.073537,1.081666,1.081666,1.077586,1.068947,1.081081,1.070664
1.071811,1.073537,1.079914,1.082251,1.075269,1.073537,1.072386,1.072961,1.078167,1.078167,1.078749,1.082837
1.075269,1.072386,1.071811,1.081666,1.072961,1.074114,1.079331,1.071811,1.074114,1.076426,1.075847,1.080497


B:
Limits 0.0 +/- 30.0
12.923853,11.834177,17.213413,17.149141,34.04258,11.808746,16.225027,8.653366,14.008742,10.689509,9.729908,11.777308
27.867254,16.102896,10.799102,17.316055,18.279394,13.95582,19.30307,8.583851,15.094469,6.469132,8.629799,20.574078
12.903049,15.013526,13.933707,16.225027,12.875696,7.518835,16.19001,13.933707,21.482315,12.917105,18.289261,18.368458
Channels:
   5
Out of range 0.0 +/- 30.0
========================================================
Test10 (ADC Calibration) results 2008-06-16 13:15:45
Board ID121 36 channels
Linux calibration software

Voltmeter channel: A=1.07, B=0

A:
1.0783,1.07821,1.07776,1.07438,1.07314,1.07527,1.08378,1.08198,1.07902,1.0704,1.08207,1.07155
1.07474,1.07482,1.08117,1.0836,1.07723,1.07536,1.07447,1.07438,1.07947,1.07938,1.08027,1.08587
1.07669,1.07465,1.07323,1.0836,1.0742,1.07607,1.08153,1.07474,1.07571,1.07794,1.07812,1.08333


B:
8.60995,5.4571,10.612,9.42151,19.3661,7.09672,9.4205,8.04001,8.81513,5.38518,6.00966,8.39101
17.9065,11.8066,6.40405,12.6198,12.612,8.08995,12.9925,4.04961,10.3463,2.44104,3.77266,11.4265
8.58054,7.67132,9.62594,9.1519,8.51094,2.26823,9.75022,9.30862,16.7975,7.86097,11.5772,10.4833


========================================================
Test10 (ADC Calibration) results 2008-06-17 07:08:50
Board ID121 36 channels
Linux calibration software

Voltmeter channel: A=1.07, B=0

A:
1.09092,1.09083,1.09011,1.08705,1.08373,1.08759,1.09647,1.09501,1.09147,1.08284,1.09428,1.084
1.08696,1.08705,1.09328,1.09629,1.08966,1.08759,1.08687,1.08642,1.09165,1.09246,1.09237,1.09812
1.08894,1.08696,1.08543,1.09611,1.08669,1.08867,1.0941,1.08633,1.0884,1.09065,1.09065,1.09583


B:
7.00407,3.59679,10.1511,7.74332,19.2526,5.94089,7.60466,5.65494,7.8148,4.25883,5.22953,6.64997
16.7389,11.0045,6.1481,11.0605,11.4372,7.46341,11.8215,3.97727,10.2681,-0.530006,3.04943,10.9295
8.17802,6.73909,8.36378,8.37714,7.20506,0.588891,8.24101,9.27491,14.9883,6.38134,9.87125,9.28516


========================================================
Test10 (ADC Calibration) results 2008-07-28 12:22:42
Board ID121 36 channels
Linux calibration software

Voltmeter channel: A=1.07, B=0

A:
1.09111,1.09065,1.09011,1.08705,1.08588,1.08732,1.09693,1.09474,1.09156,1.08302,1.09465,1.08409
1.08741,1.08741,1.09346,1.0962,1.08993,1.08795,1.08723,1.08642,1.09201,1.09192,1.09246,1.09858
1.08921,1.08723,1.08579,1.09656,1.08678,1.08876,1.09428,1.08741,1.08849,1.09065,1.09065,1.09602


B:
7.27438,4.20004,9.93309,8.83036,18.5921,7.05931,6.74763,6.78147,7.94969,4.52611,4.89484,7.00086
16.7635,10.6739,6.41868,11.8016,12.0603,7.34891,11.4915,3.97727,9.71763,1.28345,3.62154,10.5121
7.92926,6.27281,8.46773,8.17867,7.12228,0.940574,7.85557,8.49908,15.1237,6.59929,10.3074,9.33752


