========================================================
Test10 (ADC Calibration) results 2014-01-19 19:51:39
Board IDXXX 30 channels
Host: ufcmshv1
Linux calibration software

Voltmeter channel: A=1.09534, B=7.90604

A:
1.12054,1.07961,1.08556,1.08258,1.07639,1.07657,1.10016,1.0842,1.08756,1.11459
1.1251,1.08538,1.10408,1.09249,1.12822,1.07408,1.07711,1.10035,1.09728,1.09396
1.0902,1.08366,1.08628,1.04913,1.06103,1.09194,1.08393,1.10147,1.09249,1.10203


B:
5.54525,11.3146,7.18706,7.74098,7.57821,7.41413,7.9556,8.20819,7.75899,7.69296
8.26453,6.91808,8.40327,8.29683,8.00142,6.26575,7.35338,7.78801,6.37254,7.40361
7.9704,6.75153,6.74259,9.14066,7.48648,7.92103,6.07069,7.00313,7.64111,6.94073


========================================================
Test10 (ADC Calibration) results 2014-03-14 18:53:42
Board ID246 30 channels
Host: ufcmshv1
Linux calibration software

Voltmeter channel: A=1.09534, B=2.86763

A:
1.07002,1.07426,1.07542,1.10671,1.08231,1.078,1.07863,1.0709,1.07907,1.09231
1.06817,1.0709,1.08493,1.07462,1.10362,1.07639,1.07755,1.0732,1.07542,1.07863
1.07613,1.10156,1.07568,1.07435,1.08141,1.08465,1.07925,1.07231,1.08033,1.08737


B:
0.813257,1.80514,2.67098,1.84244,3.2257,3.29888,2.72216,2.13485,3.38866,2.56462
2.53152,2.7771,3.42517,2.98029,2.64285,1.98061,2.4178,2.79043,2.88601,4.01646
3.73445,2.95375,3.2845,3.87161,3.18707,3.45713,2.36034,3.82459,2.8813,2.0523


