========================================================

Test11 results 10-14-2005  21:30:46
Board ID290  30 channels
HV Tests Software Ver.1.6.1

+5V 2509 - O'k
-5V 1341 - O'k
Interlock - On
Calibration DAC Range: [2500 - 2900]


A:
Limits 0.76 +/- 0.04
0.747664,0.747664,0.742115,0.747664,0.738007,0.747664,0.742115,0.738007,0.746269,0.759013
0.743494,0.746269,0.732601,0.742115,0.744879,0.739372,0.747664,0.744879,0.738007,0.750469
0.746269,0.742115,0.743494,0.744879,0.740741,0.746269,0.739372,0.747664,0.740741,0.744879


B:
Limits 60.0 +/- 30.0
60.80167,57.032322,67.48774,66.075294,74.759514,53.821896,61.299889,66.307564,61.378147,70.551498
58.73196,54.549862,73.285767,57.891342,68.341042,68.738251,60.558716,62.899391,60.832867,59.196232
61.863331,59.767101,65.927124,68.335045,65.165207,62.178528,58.540844,62.240593,68.884277,66.821098
========================================================
Test11 (DAC Calibration) results 2008-04-24 15:52:26
Board ID290 30 channels
Linux calibration software
Calibration DAC Range: [1100 - 2700]

A:
0.74481,0.743633,0.742115,0.747105,0.739987,0.744186,0.740672,0.73828,0.744255,0.760456
0.741977,0.743011,0.734686,0.741427,0.744255,0.739782,0.747035,0.74481,0.735767,0.749064
0.745295,0.73944,0.742459,0.74474,0.739372,0.745018,0.738484,0.746408,0.741427,0.744602


B:
72.7586,75.2743,74.3971,73.4778,73.4899,71.5349,72.0951,70.9856,72.779,70.3422
66.4255,71.6728,72.1737,64.9676,75.1606,70.9636,69.8384,69.1835,70.6612,70.0375
69.1076,72.7702,73.921,73.3009,75.9704,73.0678,65.3837,71.8979,71.6404,73.7901


========================================================
Test11 (ADC Calibration) results 2008-06-19 12:56:33
Board ID290 30 channels
Linux calibration software

Calibration DAC Range: [1000 - 3500]

A:
0.7328,0.7408,0.73,0.7356,0.7276,0.7324,0.7292,0.7356,0.7352,0.7484
0.7348,0.7312,0.7232,0.7296,0.7324,0.7288,0.7356,0.7328,0.7236,0.7388
0.734,0.7284,0.7316,0.7332,0.728,0.7332,0.7324,0.7344,0.7288,0.7328


B:
73.2,66.1999,74.9999,73.4,75.4001,72.6,72.8,62.4,71.8,71.6001
61.2001,72.8001,71.7999,66.4,76.6,71.2,69.4,71.2,72.4001,70.2
68.9999,72.6,73.4,73.7999,76.0001,73.7999,60.6,73.6001,75.2,74.2


========================================================
Test11 (ADC Calibration) results 2008-07-17 10:58:43
Board ID290 30 channels
Linux calibration software

Calibration DAC Range: [1000 - 3500]

A:
0.732,0.7512,0.7296,0.7352,0.728,0.7316,0.7288,0.734,0.7348,0.748
0.7344,0.7308,0.7228,0.7292,0.7324,0.728,0.7352,0.732,0.7228,0.738
0.7332,0.7276,0.7316,0.7324,0.7272,0.7332,0.734,0.7344,0.7288,0.7324


B:
74,55.7999,75.4,73.8,75.0001,74.4,73.2,66.9999,73.2001,71.9999
63.6001,73.2001,73.1999,66.8,75.6,73.0001,69.8,72,73.1999,71.0001
70.7999,73.4001,73.4,75.6,77.8001,73.7999,60.9999,72.6001,74.2,74.6


========================================================
Test11 (ADC Calibration) results 2008-07-20 18:37:46
Board ID290 30 channels
Linux calibration software

Calibration DAC Range: [1000 - 3500]

A:
0.732,0.7512,0.73,0.7352,0.7276,0.7324,0.7288,0.734,0.736,0.7484
0.736,0.7308,0.7228,0.7292,0.7328,0.7288,0.7348,0.7324,0.7228,0.738
0.7336,0.728,0.7308,0.7328,0.7272,0.7332,0.7392,0.7344,0.7284,0.7328


B:
75,55.7999,74.9999,73.8,75.4001,72.6,73.2,66.9999,70,71.6001
62,73.2001,73.1999,66.8,75.2,71.2,71.2001,71.6,73.1999,72.0001
70.3999,73.0001,75.2001,75.2,77.8001,73.7999,56.8,72.6001,75.6,74.2


========================================================
Test11 (ADC Calibration) results 2008-07-24 23:03:59
Board ID290 30 channels
Linux calibration software

Calibration DAC Range: [1000 - 3500]

A:
0.732,0.7536,0.73,0.7348,0.7276,0.732,0.7288,0.734,0.736,0.7484
0.7352,0.7308,0.7232,0.7292,0.7324,0.7284,0.7356,0.7324,0.7232,0.7376
0.7332,0.728,0.7312,0.7332,0.7272,0.7332,0.7364,0.7344,0.7292,0.7328


B:
75,58.4,74.9999,75.2001,75.4001,74,73.2,68.9999,71,71.6001
62.8,73.2001,72.7999,66.8,76.6,72.6,69.4,71.6,72.7999,73.3999
70.7999,73.0001,74.8001,73.7999,77.8001,73.7999,59.6,73.6001,73.8,74.2


========================================================
Test11 (ADC Calibration) results 2008-08-12 23:20:39
Board ID290 30 channels
Linux calibration software

Calibration DAC Range: [1000 - 3500]

A:
0.732,0.7648,0.73,0.7356,0.7276,0.732,0.7288,0.734,0.7364,0.748
0.7352,0.7308,0.7228,0.7292,0.7324,0.7288,0.7344,0.7324,0.7228,0.738
0.7332,0.7276,0.7316,0.7324,0.7272,0.7328,0.74,0.7344,0.7288,0.7324


B:
74,42.2,74.9999,73.4,75.4001,73,73.2,68.9999,70.6,71.9999
63.8,73.2001,73.1999,66.8,75.6,71.2,71.6001,71.6,72.1999,72.0001
70.7999,73.4001,73.4,75.6,77.8001,74.2,57,72.6001,74.2,74.6


========================================================
Test11 (ADC Calibration) results 2008-08-13 01:14:42
Board ID290 30 channels
Linux calibration software

Calibration DAC Range: [1000 - 3500]

A:
0.732,0.7648,0.73,0.7352,0.7276,0.7316,0.7288,0.7344,0.7364,0.748
0.7352,0.7308,0.7228,0.7292,0.7324,0.7284,0.7348,0.7324,0.7228,0.738
0.7328,0.7276,0.7316,0.7324,0.7276,0.7328,0.7396,0.7344,0.7288,0.7324


B:
74,42.2,73.9999,73.8,75.4001,74.4,73.2,68.6001,70.6,71.9999
63.8,73.2001,73.1999,66.8,75.6,72.6,70.2001,71.6,72.1999,72.0001
71.2,73.4001,73.4,75.6,76.4001,74.2,57.4,72.6001,74.2,74.6


========================================================
Test11 (DAC Calibration) results 2008-08-27 10:33:11
Board ID290 30 channels
Linux calibration (server mode)

Calibration DAC Range: [3100 - 3500]

A:
0.752571,0.771429,0.751143,0.756286,0.749143,0.752857,0.749714,0.752857,0.756,0.768571
0.752571,0.751714,0.743714,0.748286,0.754,0.749143,0.754857,0.752857,0.743429,0.758571
0.753143,0.748571,0.752571,0.754,0.749429,0.754,0.754857,0.755143,0.75,0.753714


B:
0.0,0.0,0.0,0.0,0.0,0.0,0.0,0.0,0.0,0.0
0.0,0.0,0.0,0.0,0.0,0.0,0.0,0.0,0.0,0.0
0.0,0.0,0.0,0.0,0.0,0.0,0.0,0.0,0.0,0.0


========================================================
Test11 (ADC Calibration) results 2008-08-27 13:08:29
Board ID290 30 channels
Linux calibration software

Calibration DAC Range: [1000 - 3500]

A:
0.7312,0.7656,0.7296,0.7348,0.7276,0.732,0.7284,0.734,0.7364,0.748
0.7352,0.7308,0.7224,0.7292,0.7324,0.7284,0.7348,0.732,0.7224,0.738
0.7328,0.7276,0.7324,0.7328,0.7272,0.7328,0.7412,0.7344,0.7288,0.7324


B:
74.8001,40.3999,75.4,74.2001,75.4001,73,73.6,67.9999,70.6,71.9999
62.8,73.2001,73.6,66.8,75.6,72.6,70.2001,72,72.6,72.0001
71.2,73.4001,71.6,74.2,77.8001,74.2,55.8001,72.6001,74.2,74.6


========================================================
Test11 (DAC Calibration) results 2008-08-28 18:58:23
Board ID290 30 channels
Linux calibration (server mode)

Calibration DAC Range: [3100 - 3500]

A:
0.745,0.765,0.7375,0.7425,0.7375,0.7425,0.7375,0.745,0.7475,0.7625
0.745,0.74,0.7275,0.735,0.74,0.7375,0.7425,0.74,0.73,0.7475
0.74,0.735,0.7425,0.74,0.735,0.745,0.75,0.7425,0.7375,0.74


B:
60.5,76.5,78.7,79.2,71.7,68.2,72.7,66.5,67.7,55.3
63.5,72.0,86.7,77.5,79.0,71.7,75.2,76.0,77.0,71.7
78.0,79.5,69.2,81.0,81.5,64.5,69.0,75.2,75.7,80.0


========================================================
Test11 (DAC Calibration) results 2008-08-30 18:22:59
Board ID290 30 channels
Linux calibration (server mode)

Calibration DAC Range: [3100 - 3500]

A:
0.7425,0.765,0.735,0.745,0.74,0.745,0.7375,0.745,0.7425,0.7575
0.745,0.74,0.73,0.7375,0.74,0.7375,0.7425,0.7425,0.7325,0.745
0.74,0.735,0.7425,0.7425,0.7375,0.7425,0.7475,0.745,0.7375,0.7425


B:
71.2,81.5,90.5,73.5,67.0,62.5,75.7,66.5,84.2,74.8
63.5,75.0,81.0,71.7,83.0,75.7,79.2,70.2,71.2,81.5
81.0,81.5,71.2,75.2,75.7,75.2,69.7,69.5,77.7,74.2


========================================================
Test11 (DAC Calibration) results 2008-08-30 21:24:21
Board ID290 30 channels
Linux calibration (server mode)

Calibration DAC Range: [3100 - 3500]

A:
0.7225,0.745,0.7175,0.725,0.72,0.7225,0.72,0.725,0.7275,0.735
0.7225,0.7175,0.71,0.7175,0.7225,0.715,0.725,0.72,0.71,0.7225
0.7225,0.7175,0.72,0.725,0.72,0.7225,0.7275,0.7225,0.72,0.7225


B:
69.2,77.5,79.8,72.5,65.0,69.2,67.0,67.5,66.7,79.5
72.2,81.8,80.0,69.8,72.2,81.5,67.5,76.0,79.0,88.2
70.2,70.8,78.0,64.5,66.0,73.2,75.7,76.2,68.0,72.2


========================================================
Test11 (DAC Calibration) results 2008-08-30 21:52:04
Board ID290 30 channels
Linux calibration (server mode)

Calibration DAC Range: [3100 - 3500]

A:
0.74,0.765,0.7375,0.745,0.735,0.745,0.74,0.7475,0.7425,0.76
0.745,0.7375,0.73,0.7375,0.74,0.74,0.7425,0.74,0.7325,0.75
0.7425,0.74,0.745,0.7425,0.7375,0.745,0.755,0.7425,0.7375,0.7425


B:
79.0,82.5,81.7,74.5,83.5,63.5,69.0,61.7,86.2,66.0
66.5,83.7,81.0,71.7,84.0,68.0,78.2,79.0,72.2,66.0
72.2,65.0,64.5,75.2,75.7,66.5,54.5,78.2,78.7,74.2


========================================================
Test11 (DAC Calibration) results 2008-08-31 12:06:23
Board ID290 30 channels
Linux calibration (server mode)

Calibration DAC Range: [3100 - 3500]

A:
0.745,0.765,0.7425,0.745,0.735,0.745,0.74,0.745,0.745,0.76
0.745,0.7425,0.73,0.7375,0.74,0.74,0.7475,0.74,0.7375,0.745
0.7425,0.74,0.745,0.7425,0.7375,0.745,0.7525,0.7425,0.7425,0.7425


B:
63.5,87.5,65.2,74.5,83.5,63.5,69.0,71.5,80.5,66.0
68.5,67.2,81.0,72.7,84.0,68.0,61.7,79.0,55.7,83.5
73.2,65.0,64.5,76.2,76.7,66.5,70.3,79.2,62.2,75.2


