========================================================

Test10 results 12-15-2004  15:43:45
Board ID274  30 channels
HV Tests Software Ver.1.4

+5V 2534 - O'k
-5V 1289 - O'k
Interlock - On

Voltmeter channel: A=1.052632, B=19.999857

A:
1.052078,1.061571,1.059322,1.069519,1.06553,1.078167,1.079331,1.074114,1.072386,1.073537
1.077006,1.081666,1.073537,1.074691,1.072386,1.068376,1.070664,1.072961,1.058201,1.077006
1.068947,1.066667,1.072386,1.076426,1.069519,1.077586,1.077006,1.075269,1.082837,1.074114


B:
19.989344,23.35458,27.542501,9.625785,6.393329,8.625466,7.555364,11.81529,10.723982,9.661671
8.615829,11.898364,13.95582,8.597414,6.434438,6.410272,11.777308,4.292006,21.16396,8.615829
7.482668,24.533127,6.434438,8.6114,7.486748,9.698398,8.615829,8.601974,7.580034,10.741177
========================================================

Test10 results 02-14-2005  16:58:34
Board ID274  30 channels
HV Tests Software Ver.1.6

+5V 2535 - O'k
-5V 1292 - O'k
Interlock - On

Voltmeter channel: A=1.052632, B=16.841963

A:
Limits 1.1 +/- 0.1
1.061008,1.069519,1.073537,1.068947,1.064963,1.078167,1.079331,1.075269,1.073537,1.074691
1.077006,1.081081,1.068947,1.074691,1.071811,1.068376,1.070091,1.074114,1.062135,1.076426
1.068376,1.072386,1.071237,1.077006,1.068947,1.077006,1.067236,1.075847,1.082251,1.073537


B:
Limits 0.0 +/- 30.0
20.159081,8.556267,11.808746,11.758456,7.45467,8.625466,6.476033,7.526706,7.514596,6.448031
7.538823,11.89207,13.896351,7.522722,8.57465,6.410272,12.8409,1.074152,11.683594,9.687826
9.6154,9.651596,9.640962,7.538823,8.551615,9.692835,8.538006,6.454941,8.658047,12.882283
========================================================
Test10 (ADC Calibration) results 2008-04-15 11:00:31
Board ID274 30 channels
Linux calibration software

Voltmeter channel: A=1.04699, B=-1422.82

A:
1.06316,1.07047,1.07411,1.0681,1.06396,1.07728,1.07848,1.07504,1.07397,1.07304
1.07898,1.08098,1.0693,1.07391,1.07117,1.0671,1.06957,1.07277,1.06296,1.07511
1.06867,1.07237,1.07144,1.07555,1.0691,1.07668,1.06587,1.07558,1.08158,1.07397


B:
12.8985,3.78645,6.9893,9.14833,6.00616,7.06717,4.91248,9.72699,5.09131,6.14796
7.35398,9.33967,9.47539,7.12861,6.54502,7.30868,9.60304,1.63254,7.09249,8.32989
5.62964,8.00139,5.6195,7.01627,3.99468,6.22371,8.36243,4.88534,8.08605,6.74341


========================================================
Test10 (ADC Calibration) results 2008-06-19 12:08:44
Board ID274 30 channels
Linux calibration software

Voltmeter channel: A=1.07, B=0

A:
1.07925,1.08441,1.08746,1.0854,1.08111,1.09497,1.09616,1.09333,1.09134,1.09034
1.09817,1.09845,1.08647,1.09125,1.08827,1.08432,1.0871,1.08971,1.07996,1.09297
1.08584,1.08971,1.088,1.09343,1.08531,1.09424,1.0837,1.09279,1.10019,1.09098


B:
10.5909,6.66579,10.3619,7.27188,4.32012,4.31144,2.78023,7.35105,3.07451,4.21387
4.87814,6.82246,7.36206,5.34146,5.26249,5.01385,7.43224,0.439967,6.47681,5.93673
3.38205,6.75995,4.64219,5.08029,4.75021,4.98283,5.16149,4.35548,4.34346,6.24655


