========================================================

Test11 results 12-15-2004  15:47:21
Board ID274  30 channels
HV Tests Software Ver.1.4

+5V 2533 - O'k
-5V 1289 - O'k
Interlock - On
Calibration DAC Range: [2500 - 2900]


A:
0.763359,0.754717,0.756144,0.747664,0.753296,0.746269,0.743494,0.744879,0.747664,0.749064
0.744879,0.740741,0.747664,0.746269,0.747664,0.750469,0.747664,0.747664,0.757576,0.744879
0.75188,0.75188,0.747664,0.749064,0.749064,0.743494,0.744879,0.746269,0.740741,0.747664


B:
49.645557,53.478363,51.645123,63.758923,60.00713,49.953094,62.369568,66.099678,60.242931,52.592644
57.667053,61.161297,53.096317,58.484898,62.322552,62.401665,63.758923,64.975334,51.868259,59.271561
55.636372,48.23634,65.526222,56.944565,62.370522,64.700974,58.543594,59.364532,61.362942,54.702446
========================================================

Test11 results 02-14-2005  16:59:52
Board ID274  30 channels
HV Tests Software Ver.1.6

+5V 2538 - O'k
-5V 1291 - O'k
Interlock - On
Calibration DAC Range: [2500 - 2900]


A:
Limits 0.76 +/- 0.04
0.756144,0.750469,0.744879,0.75188,0.753296,0.744879,0.742115,0.747664,0.746269,0.744879
0.743494,0.742115,0.750469,0.749064,0.749064,0.753296,0.747664,0.746269,0.754717,0.744879
0.749064,0.747664,0.749064,0.746269,0.750469,0.743494,0.750469,0.744879,0.740741,0.744879


B:
Limits 70.0 +/- 30.0
50.413986,58.652069,67.699821,47.681976,59.297237,54.530231,66.105881,55.5056,64.739998,66.899658
62.076054,55.894371,54.555084,47.687702,57.008572,52.518314,62.240593,67.86245,57.67408,57.667053
64.687935,59.279327,59.415779,66.831596,56.159542,63.899395,62.314087,63.853401,60.49398,63.776295
