========================================================

Test11 results 02-21-2006  16:17:37
Board ID381  30 channels
HV Tests Software Ver.1.6

+5V 2553 - O'k
-5V 1301 - O'k
Interlock - On
Calibration DAC Range: [2500 - 2900]


A:
Limits 0.76 +/- 0.04
0.749064,0.753296,0.746269,0.75188,0.749064,0.743494,0.749064,0.75188,0.756144,0.744879
0.756144,0.747664,0.743494,0.749064,0.75188,0.753296,0.746269,0.75188,0.75188,0.743494
0.749064,0.747664,0.746269,0.749064,0.746269,0.749064,0.744879,0.747664,0.743494,0.75188


B:
Limits 60.0 +/- 40.0
69.850739,65.093346,68.475349,60.895859,66.844604,62.866562,62.408012,69.487953,59.675457,63.883408
59.772743,64.694046,66.844513,57.706249,66.818565,72.95385,69.90139,61.604233,63.724953,76.864624
66.221725,70.809334,64.577301,70.64753,53.729076,60.897083,57.656685,63.897465,56.851624,69.908867
========================================================
Test11 (DAC Calibration) results 2008-01-25 06:49:15
Board ID381 30 channels
Linux calibration software
Calibration DAC Range: [1100 - 2700]

A:
0.749415,0.751527,0.745573,0.749485,0.748363,0.743011,0.747664,0.748783,0.753935,0.742528
0.752304,0.74606,0.74239,0.746547,0.751033,0.753367,0.745643,0.748713,0.75061,0.744048
0.747943,0.746896,0.744463,0.748643,0.743633,0.746338,0.743356,0.745504,0.741084,0.750821


B:
71.0539,74.1663,74.0913,73.2059,73.246,68.1063,70.4673,83.0026,70.276,73.0833
75.964,73.8694,73.7195,70.3621,73.3383,76.6267,76.2326,75.0117,71.5145,76.488
73.0741,76.1553,71.152,74.5086,66.0533,73.6357,67.3295,74.1868,67.6701,76.3304


========================================================
Test11 (ADC Calibration) results 2008-06-19 12:56:33
Board ID381 30 channels
Linux calibration software

Calibration DAC Range: [1000 - 3500]

A:
0.738,0.7404,0.7336,0.7376,0.736,0.7316,0.7356,0.7356,0.742,0.7384
0.74,0.7332,0.7308,0.7348,0.7384,0.742,0.7392,0.7364,0.7388,0.732
0.7364,0.7352,0.7332,0.7356,0.732,0.7348,0.7312,0.7336,0.7312,0.7416


B:
73.0001,74.5999,73.3999,74.3999,77,68.4,72.4,83.4,71.0001,67.6001
79,73.7999,75.2001,72.2001,74.6001,78.0001,71.8,77.6,74.2,79
73.6,77.8,72.7999,76.4,67,75.2001,69.8001,75.3999,66.8001,74.4001


========================================================
Test11 (ADC Calibration) results 2008-07-17 10:58:43
Board ID381 30 channels
Linux calibration software

Calibration DAC Range: [1000 - 3500]

A:
0.7372,0.7396,0.7328,0.7372,0.7368,0.7312,0.7356,0.7348,0.7412,0.742
0.74,0.7324,0.7304,0.7344,0.7376,0.7412,0.7428,0.7364,0.7388,0.7312
0.7356,0.7344,0.7332,0.7348,0.7316,0.7348,0.7308,0.7336,0.7368,0.7424


B:
73.7999,75.4,74.2,74.7999,74.2,68.8001,72.4,84.2001,71.8001,68.0001
77,74.6,75.5999,72.6001,75.3999,78.8001,68.2,77.6,73.2,79.8001
75.4,79.6001,71.7999,76.2001,67.4,74.2001,70.2001,75.3999,61.1999,73.6


========================================================
Test11 (ADC Calibration) results 2008-07-20 18:37:46
Board ID381 30 channels
Linux calibration software

Calibration DAC Range: [1000 - 3500]

A:
0.7376,0.74,0.7324,0.7372,0.7364,0.7316,0.736,0.7352,0.7408,0.7436
0.74,0.7332,0.7304,0.7344,0.7376,0.7412,0.7508,0.7368,0.7384,0.7316
0.736,0.7352,0.7336,0.7348,0.732,0.7344,0.7316,0.7336,0.7448,0.7436


B:
73.3999,75,75.6,74.7999,74.6,68.4,72,83.8,73.1999,67.4
78,72.7999,75.5999,72.6001,75.3999,78.8001,61.2,76.2,74.6001,79.4
75,77.8,71.3999,77.2001,67,75.6001,68.4,75.3999,53.2001,72.4


========================================================
Test11 (ADC Calibration) results 2008-07-24 23:03:59
Board ID381 30 channels
Linux calibration software

Calibration DAC Range: [1000 - 3500]

A:
0.7368,0.7396,0.7324,0.7372,0.7364,0.7316,0.7364,0.7352,0.7408,0.7428
0.74,0.7328,0.7308,0.7344,0.7376,0.7416,0.7528,0.7364,0.7384,0.7316
0.736,0.7348,0.7332,0.7352,0.7324,0.7344,0.7304,0.734,0.7448,0.7428


B:
75.2,75.4,75.6,75.7999,75.6,68.4,71.6,83.8,73.1999,69.2
78,74.2,75.2001,72.6001,75.3999,78.4001,68.2,77.6,75.6001,79.4
75,79.2001,72.7999,75.8,66.6,75.6001,71.5999,74.9999,57.2001,74.2


========================================================
Test11 (ADC Calibration) results 2008-08-13 01:14:42
Board ID381 30 channels
Linux calibration software

Calibration DAC Range: [1000 - 3500]

A:
0.7368,0.7396,0.732,0.7368,0.7356,0.7308,0.7356,0.734,0.7404,0.7424
0.7396,0.7316,0.7304,0.7344,0.7368,0.7412,0.7504,0.736,0.7384,0.7308
0.7356,0.7348,0.7332,0.7336,0.732,0.7344,0.7312,0.7332,0.7452,0.7428


B:
75.2,75.4,75,76.2,76.4,69.2001,71.4,84.9999,72.5999,69.6
78.4,74.4,75.5999,72.6001,76.2,78.8001,68.6,78,74.6001,80.2001
75.4,79.2001,71.7999,77.3999,67,75.6001,68.8001,76.7999,53.8001,73.2


