========================================================

Test10 results 09-01-2005  17:55:07
Board ID409  30 channels
HV Tests Software Ver.1.6

+5V 2479 - O'k
-5V 1327 - O'k
Interlock - On

Voltmeter channel: A=1.080497, B=5.402493

A:
Limits 1.1 +/- 0.1
1.075847,1.073537,1.079914,1.077006,1.078167,1.072961,1.077006,1.078167,1.074691,1.067806
1.071237,1.072961,1.076426,1.061571,1.080497,1.073537,1.077586,1.091107,1.078167,1.074114
1.075847,1.073537,1.080497,1.080497,1.074114,1.072961,1.074114,1.078749,1.075847,1.06553


B:
Limits 0.0 +/- 35.0
6.454941,4.293984,8.639275,9.692835,7.547299,13.948658,11.846848,14.016302,5.373341,11.745905
12.854673,13.948658,11.840678,15.923582,10.804978,8.588134,7.543225,3.273273,4.312799,3.22238
6.454941,8.588134,10.804978,8.643984,13.963518,6.437928,12.889404,11.866045,7.530788,18.114159
========================================================
Test10 (ADC Calibration) results 2008-06-03 08:56:25
Board ID409 30 channels
Linux calibration software

Voltmeter channel: A=1.07558, B=-1163.11

A:
1.07495,1.07341,1.08014,1.0765,1.07649,1.07246,1.07624,1.07929,1.07357,1.06663
1.07027,1.07232,1.0758,1.06215,1.08018,1.07297,1.07873,1.0907,1.07772,1.07216
1.07436,1.07414,1.08095,1.08014,1.07432,1.07408,1.07118,1.07863,1.07431,1.06872


B:
3.91386,-1.0071,3.3805,5.62342,6.10079,9.8648,8.68188,7.77385,4.38356,9.17626
11.3925,10.5112,7.89075,15.0661,5.76857,5.62491,5.17462,1.50474,0.578455,1.17665
5.56891,3.13712,7.15567,4.10083,9.39395,0.0693362,15.1757,7.46016,5.40279,11.0673


========================================================
Test10 (ADC Calibration) results 2008-06-16 13:15:45
Board ID409 30 channels
Linux calibration software

Voltmeter channel: A=1.07, B=0

A:
1.07803,1.07571,1.08333,1.0792,1.08018,1.07536,1.07955,1.0818,1.07634,1.06978
1.07394,1.07554,1.07875,1.06488,1.08306,1.07554,1.0818,1.09345,1.08054,1.07589
1.07723,1.07669,1.08333,1.08297,1.07759,1.07669,1.07607,1.08135,1.07768,1.07102


B:
4.11312,0.2316,3.3332,6.70778,5.15167,10.4557,8.10494,9.07047,5.46452,9.38094
8.54213,11.1522,8.62987,14.7772,6.18197,5.98995,5.82507,1.46367,0.498648,-0.794505
5.50214,4.27377,8.53325,4.96509,9.48287,1.90509,10.8768,7.10371,5.09014,12.0946


========================================================
Test10 (ADC Calibration) results 2008-06-17 07:08:50
Board ID409 30 channels
Linux calibration software

Voltmeter channel: A=1.07, B=0

A:
1.09056,1.08822,1.09602,1.09156,1.09256,1.08768,1.09183,1.09392,1.08894,1.0823
1.08615,1.08777,1.09111,1.07628,1.09583,1.08813,1.09401,1.10569,1.09292,1.08858
1.08948,1.08894,1.09565,1.09529,1.09029,1.08894,1.0884,1.0941,1.09011,1.08222


B:
2.53847,-1.38815,1.66541,6.20309,3.53791,8.90318,7.26323,8.84525,3.60454,7.78617
7.91941,10.1259,7.49255,14.4403,4.68271,4.57162,5.04228,1.38744,-0.294235,-2.1583
4.84755,3.1692,7.91762,4.08964,7.58672,1.20906,10.1995,5.17747,4.04621,11.5485


========================================================
Test10 (ADC Calibration) results 2008-08-26 09:05:42
Board ID409 30 channels
Linux calibration (server mode)

Voltmeter channel: A=1.08356, B=0

A:
1.07945,1.07601,1.08463,1.08162,1.08177,1.07858,1.08227,1.0848,1.07835,1.07299
1.07686,1.07911,1.08168,1.06862,1.08534,1.07759,1.08359,1.0943,1.08113,1.07588
1.07928,1.07813,1.08611,1.0847,1.08083,1.07735,1.07966,1.08398,1.07946,1.07373


B:
0,0,0,0,0,0,0,0,0,0
0,0,0,0,0,0,0,0,0,0
0,0,0,0,0,0,0,0,0,0


========================================================
Test10 (ADC Calibration) results 2008-08-26 13:28:01
Board ID409 30 channels
Linux calibration (server mode)

Voltmeter channel: A=1.08359, B=0

A:
1.07946,1.07605,1.08462,1.08167,1.08183,1.07858,1.08223,1.0848,1.07827,1.07294
1.07681,1.07916,1.08163,1.06905,1.08532,1.07752,1.08359,1.09433,1.08103,1.07603
1.07915,1.07815,1.08615,1.08467,1.08083,1.0774,1.07975,1.08389,1.07945,1.07431


B:
0,0,0,0,0,0,0,0,0,0
0,0,0,0,0,0,0,0,0,0
0,0,0,0,0,0,0,0,0,0


========================================================
Test10 (ADC Calibration) results 2008-08-26 13:40:31
Board ID409 30 channels
Linux calibration (server mode)

Voltmeter channel: A=1.08351, B=0

A:
1.07943,1.07606,1.0846,1.08162,1.08183,1.07855,1.08223,1.08478,1.07835,1.07294
1.07689,1.07908,1.08162,1.0687,1.08529,1.07754,1.08356,1.0943,1.08103,1.07603
1.07913,1.07812,1.08623,1.0846,1.08073,1.0774,1.07968,1.08388,1.07943,1.07385


B:
0,0,0,0,0,0,0,0,0,0
0,0,0,0,0,0,0,0,0,0
0,0,0,0,0,0,0,0,0,0


========================================================
Test10 (ADC Calibration) results 2008-08-26 14:00:51
Board ID409 30 channels
Linux calibration (server mode)

Voltmeter channel: A=1.08359, B=0

A:
1.07943,1.07603,1.08465,1.08162,1.08183,1.07857,1.08225,1.08475,1.07832,1.07298
1.07696,1.07916,1.0817,1.06865,1.08524,1.07764,1.08359,1.09443,1.08111,1.0761
1.07923,1.07813,1.08621,1.08467,1.08078,1.07737,1.07971,1.08393,1.07948,1.07377


B:
0,0,0,0,0,0,0,0,0,0
0,0,0,0,0,0,0,0,0,0
0,0,0,0,0,0,0,0,0,0


========================================================
Test10 (ADC Calibration) results 2008-08-26 14:19:27
Board ID409 30 channels
Linux calibration (server mode)

Voltmeter channel: A=1.08357, B=0

A:
1.0795,1.07606,1.08458,1.08162,1.08185,1.07858,1.08232,1.08473,1.0784,1.07301
1.07697,1.07916,1.08167,1.0686,1.08537,1.07762,1.08352,1.09435,1.0811,1.076
1.07923,1.07818,1.08621,1.0847,1.08075,1.07739,1.07968,1.08389,1.07951,1.07345


B:
0,0,0,0,0,0,0,0,0,0
0,0,0,0,0,0,0,0,0,0
0,0,0,0,0,0,0,0,0,0


========================================================
Test10 (ADC Calibration) results 2008-08-26 14:33:24
Board ID409 30 channels
Linux calibration (server mode)

Voltmeter channel: A=1.08364, B=0

A:
1.07946,1.07608,1.08467,1.08152,1.08178,1.07862,1.08227,1.08473,1.07828,1.07291
1.07689,1.07915,1.08168,1.06803,1.0853,1.07747,1.08357,1.09435,1.08106,1.07608
1.07925,1.07818,1.08626,1.08468,1.08071,1.07742,1.07966,1.08391,1.0795,1.07322


B:
0,0,0,0,0,0,0,0,0,0
0,0,0,0,0,0,0,0,0,0
0,0,0,0,0,0,0,0,0,0


========================================================
Test10 (ADC Calibration) results 2008-08-26 16:51:26
Board ID409 30 channels
Linux calibration (server mode)

Voltmeter channel: A=1.09587, B=0

A:
1.09168,1.08841,1.09703,1.09391,1.09413,1.09091,1.09454,1.09716,1.09061,1.08516
1.08918,1.0914,1.09401,1.08106,1.09766,1.08987,1.09596,1.10686,1.09334,1.08828
1.0915,1.09046,1.09842,1.09694,1.09313,1.08963,1.09199,1.09633,1.09173,1.08616


B:
0,0,0,0,0,0,0,0,0,0
0,0,0,0,0,0,0,0,0,0
0,0,0,0,0,0,0,0,0,0


========================================================
Test10 (ADC Calibration) results 2008-08-27 11:54:31
Board ID409 30 channels
Linux calibration (server mode)

Voltmeter channel: A=1.09599, B=0

A:
1.09175,1.08846,1.09706,1.09389,1.09425,1.09089,1.09452,1.0972,1.09057,1.08521
1.08923,1.09145,1.09403,1.08189,1.09771,1.08987,1.09604,1.10682,1.09328,1.08828
1.09153,1.09056,1.09866,1.09705,1.09322,1.08975,1.09204,1.0963,1.0918,1.08689


B:
0,0,0,0,0,0,0,0,0,0
0,0,0,0,0,0,0,0,0,0
0,0,0,0,0,0,0,0,0,0


========================================================
Test10 (ADC Calibration) results 2008-08-27 12:04:52
Board ID409 30 channels
Linux calibration (server mode)

Voltmeter channel: A=1.09594, B=0

A:
1.0918,1.08841,1.09699,1.09394,1.09425,1.09093,1.09465,1.0972,1.09069,1.08517
1.08926,1.09148,1.09404,1.08166,1.09773,1.08985,1.09601,1.10684,1.09339,1.08836
1.09151,1.09049,1.09865,1.09711,1.09322,1.0897,1.09202,1.09635,1.09182,1.08677


B:
0,0,0,0,0,0,0,0,0,0
0,0,0,0,0,0,0,0,0,0
0,0,0,0,0,0,0,0,0,0


========================================================
Test10 (ADC Calibration) results 2008-08-27 12:16:04
Board ID409 30 channels
Linux calibration (server mode)

Voltmeter channel: A=1.09592, B=0

A:
1.0918,1.08834,1.09703,1.09396,1.09415,1.09096,1.09465,1.09711,1.09066,1.08531
1.08915,1.09143,1.09404,1.08151,1.09773,1.08994,1.09598,1.1068,1.09344,1.08838
1.09151,1.09051,1.09861,1.09699,1.0932,1.08975,1.09202,1.0963,1.09173,1.08656


B:
0,0,0,0,0,0,0,0,0,0
0,0,0,0,0,0,0,0,0,0
0,0,0,0,0,0,0,0,0,0


========================================================
Test10 (ADC Calibration) results 2008-08-27 12:34:19
Board ID409 30 channels
Linux calibration (server mode)

Voltmeter channel: A=1.09598, B=0

A:
1.09178,1.08838,1.09705,1.09396,1.0942,1.09096,1.09464,1.09715,1.09066,1.08517
1.08911,1.09148,1.09401,1.08105,1.09771,1.08985,1.09591,1.10684,1.0933,1.08829
1.09157,1.09049,1.09865,1.09705,1.09313,1.08967,1.09205,1.0963,1.09173,1.08597


B:
0,0,0,0,0,0,0,0,0,0
0,0,0,0,0,0,0,0,0,0
0,0,0,0,0,0,0,0,0,0


========================================================
Test10 (ADC Calibration) results 2008-08-27 14:12:33
Board ID409 30 channels
Linux calibration software

Voltmeter channel: A=1.07, B=0

A:
1.09099,1.08864,1.09676,1.09249,1.09306,1.08817,1.0924,1.09457,1.08958,1.08296
1.08649,1.08845,1.09193,1.07715,1.09619,1.08845,1.09457,1.10683,1.09382,1.0893
1.09033,1.08948,1.09638,1.09609,1.09108,1.08939,1.08883,1.09467,1.09071,1.08221


B:
2.58242,-0.911651,1.20243,5.12319,3.5091,9.31677,7.17623,8.02595,3.44796,7.61693
8.25655,10.1471,6.51712,12.9938,5.01535,4.48723,4.52337,0.124908,-1.34394,-3.04577
3.8441,3.09894,7.03405,3.12994,7.07772,0.788812,10.4563,4.87455,3.49693,11.9824


========================================================
Test10 (ADC Calibration) results 2008-08-27 14:50:45
Board ID409 30 channels
Linux calibration (server mode)

Voltmeter channel: A=1.09592, B=0

A:
1.09177,1.08844,1.09703,1.09396,1.09413,1.09099,1.09469,1.09723,1.09062,1.08522
1.08921,1.09151,1.09399,1.08072,1.09774,1.08987,1.09599,1.10689,1.09345,1.08828
1.0916,1.09046,1.09861,1.09706,1.09313,1.08975,1.09209,1.09633,1.09185,1.08569


B:
0,0,0,0,0,0,0,0,0,0
0,0,0,0,0,0,0,0,0,0
0,0,0,0,0,0,0,0,0,0


========================================================
Test10 (ADC Calibration) results 2008-08-27 16:01:37
Board ID409 30 channels
Linux calibration (server mode)

Voltmeter channel: A=1.09604, B=0

A:
1.09182,1.08853,1.09708,1.09399,1.09418,1.09108,1.09464,1.09716,1.09076,1.08532
1.08921,1.09155,1.09398,1.08009,1.09773,1.08994,1.09589,1.10696,1.09339,1.08826
1.09163,1.09054,1.0987,1.09716,1.09323,1.08975,1.09212,1.09625,1.09185,1.08489


B:
0,0,0,0,0,0,0,0,0,0
0,0,0,0,0,0,0,0,0,0
0,0,0,0,0,0,0,0,0,0


========================================================
Test10 (ADC Calibration) results 2008-08-27 16:14:58
Board ID409 30 channels
Linux calibration (server mode)

Voltmeter channel: A=1.09603, B=0

A:
1.09187,1.08851,1.09703,1.09404,1.09433,1.09099,1.09465,1.09716,1.09069,1.08526
1.08923,1.09153,1.09401,1.08003,1.09769,1.08992,1.09582,1.10696,1.09342,1.08838
1.09168,1.09052,1.09865,1.09711,1.0931,1.08973,1.09205,1.09633,1.09197,1.08502


B:
0,0,0,0,0,0,0,0,0,0
0,0,0,0,0,0,0,0,0,0
0,0,0,0,0,0,0,0,0,0


========================================================
Test10 (ADC Calibration) results 2008-08-27 16:29:00
Board ID409 30 channels
Linux calibration (server mode)

Voltmeter channel: A=1.09592, B=0

A:
1.09188,1.08853,1.09708,1.09398,1.09433,1.09101,1.09476,1.0973,1.09074,1.08536
1.08923,1.0915,1.09411,1.08027,1.09774,1.08987,1.09587,1.10696,1.09354,1.08834
1.0917,1.09054,1.0988,1.09722,1.09325,1.0898,1.09209,1.09637,1.0919,1.08497


B:
0,0,0,0,0,0,0,0,0,0
0,0,0,0,0,0,0,0,0,0
0,0,0,0,0,0,0,0,0,0


========================================================
Test10 (ADC Calibration) results 2008-08-27 16:39:26
Board ID409 30 channels
Linux calibration (server mode)

Voltmeter channel: A=1.09606, B=0

A:
1.09185,1.08839,1.09703,1.09391,1.0943,1.09096,1.09465,1.09718,1.09062,1.08527
1.08916,1.09155,1.09399,1.08011,1.09773,1.08999,1.09587,1.10701,1.09342,1.08838
1.09155,1.09051,1.09859,1.09715,1.09315,1.0897,1.09202,1.09626,1.09188,1.08489


B:
0,0,0,0,0,0,0,0,0,0
0,0,0,0,0,0,0,0,0,0
0,0,0,0,0,0,0,0,0,0


========================================================
Test10 (ADC Calibration) results 2008-08-27 17:00:59
Board ID409 30 channels
Linux calibration (server mode)

Voltmeter channel: A=1.09601, B=0

A:
1.09175,1.08851,1.09698,1.09391,1.09425,1.09108,1.09469,1.0972,1.09077,1.08529
1.08923,1.09146,1.09406,1.08011,1.09769,1.08994,1.09579,1.10705,1.09345,1.08826
1.09158,1.09054,1.0987,1.09706,1.0932,1.08977,1.09205,1.09635,1.09192,1.08476


B:
0,0,0,0,0,0,0,0,0,0
0,0,0,0,0,0,0,0,0,0
0,0,0,0,0,0,0,0,0,0


========================================================
Test10 (ADC Calibration) results 2008-08-28 14:19:37
Board ID409 30 channels
Linux calibration (server mode)

Voltmeter channel: A=1.09598, B=0

A:
1.0918,1.08841,1.09706,1.09389,1.09415,1.09098,1.09465,1.09711,1.09067,1.08519
1.08921,1.09146,1.09399,1.08105,1.09771,1.08985,1.09569,1.10701,1.09344,1.08833
1.09163,1.09041,1.09868,1.09715,1.09308,1.08958,1.0921,1.0963,1.09194,1.08456


B:
0,0,0,0,0,0,0,0,0,0
0,0,0,0,0,0,0,0,0,0
0,0,0,0,0,0,0,0,0,0


========================================================
Test10 (ADC Calibration) results 2008-09-01 16:33:34
Board ID409 30 channels
Linux calibration (server mode)

Voltmeter channel: A=1.09604, B=0

A:
1.09188,1.08851,1.0972,1.09396,1.09432,1.09108,1.09479,1.09723,1.09086,1.08534
1.08943,1.09155,1.09415,1.08171,1.09791,1.09005,1.09603,1.10718,1.09355,1.08843
1.09175,1.09064,1.09875,1.09716,1.09327,1.08987,1.09217,1.0964,1.09194,1.08592


B:
0,0,0,0,0,0,0,0,0,0
0,0,0,0,0,0,0,0,0,0
0,0,0,0,0,0,0,0,0,0


========================================================
Test10 (ADC Calibration) results 2008-12-04 11:10:13
Board ID409 30 channels
Host: ufcmshv3
Linux calibration software

Voltmeter channel: A=1.04133, B=1.57013

A:
1.03759,1.043,1.04067,1.03635,1.03693,1.03052,1.0352,1.03801,1.04208,1.02694
1.03942,1.03842,1.03967,1.05949,1.0425,1.04569,1.054,1.04485,0,1.0511
1.04594,1.03751,1.04712,1.06305,1.03586,0,1.041,1.05101,1.03942,1.0425


B:
2.87334,-1.28356,1.16853,5.102,3.09481,8.43437,7.03938,8.70326,3.14201,8.18377
6.73204,9.76116,6.28609,9.1605,5.2445,4.50432,11.5616,1.12536,3600,-1.48777
4.89166,3.36802,7.12036,2.86214,6.61344,3600,10.4263,4.47884,4.44537,6.91235


========================================================
Test10 (ADC Calibration) results 2008-12-04 14:10:55
Board ID409 30 channels
Host: ufcmshv3
Linux calibration software

Voltmeter channel: A=1.04142, B=1.28178

A:
1.03751,1.04317,1.04067,1.03619,1.03685,1.03044,1.03495,1.03834,1.04167,1.02726
1.03909,1.0385,1.0395,1.05975,1.0425,1.04569,1.05391,1.04468,1.04594,1.04493
1.04594,1.03801,1.04678,1.06279,1.03594,1.03454,1.03528,1.05093,1.03925,1.04233


B:
2.95311,-1.65287,1.16853,5.46794,3.5891,8.925,7.48362,7.76347,3.75024,7.25408
7.25785,9.2668,6.86091,8.49405,5.45295,4.50432,11.6414,1.07699,-0.54718,-2.08998
5.10121,2.26767,7.85905,3.31892,6.74155,1.25756,9.8589,4.55948,4.39697,7.90547


========================================================
Test10 (ADC Calibration) results 2008-12-04 14:28:16
Board ID409 30 channels
Host: ufcmshv3
Linux calibration software

Voltmeter channel: A=1.0415, B=0.993418

A:
1.03759,1.04275,1.04042,1.0361,1.03677,1.03036,1.03511,1.03826,1.04175,1.02726
1.03942,1.03834,1.03958,1.05915,1.0425,1.04586,1.05374,1.04476,1.04619,1.04502
1.04594,1.03792,1.04704,1.06261,1.03577,1.03429,1.03544,1.05084,1.03942,1.04225


B:
2.87334,-0.834132,1.82499,5.75411,3.46146,9.20958,6.70436,8.05051,3.67004,7.25408
7.14811,9.84014,6.57329,9.69536,5.45295,4.34421,12.0124,0.996777,-1.20715,-1.96137
4.89166,2.55483,7.20059,3.48192,7.52117,1.70275,9.08013,4.63974,4.02986,7.77681


========================================================
Test10 (ADC Calibration) results 2008-12-04 15:01:17
Board ID409 30 channels
Host: ufcmshv3
Linux calibration software

Voltmeter channel: A=1.04108, B=2.43479

A:
1.03759,1.04259,1.04033,1.03586,1.03685,1.03036,1.03495,1.03784,1.04142,1.02702
1.03909,1.03817,1.03942,1.05932,1.04233,1.04577,1.05408,1.04434,1.04586,1.04485
1.04586,1.03743,1.04704,1.06244,1.03528,1.03446,1.03528,1.05101,1.0395,1.042


B:
2.87334,-0.048116,2.11275,6.40632,3.38178,9.20958,7.69056,9.27696,4.40602,8.3112
7.88099,10.2059,7.14811,9.53371,5.8208,4.84307,11.0598,2.23346,-0.466837,-1.17351
5.39006,4.06994,7.61931,4.28248,8.61661,1.54369,10.0663,4.47884,3.74241,8.22375


