========================================================

Test11 results 09-01-2005  17:56:24
Board ID409  30 channels
HV Tests Software Ver.1.6

+5V 2481 - O'k
-5V 1327 - O'k
Interlock - On
Calibration DAC Range: [2500 - 2900]


A:
Limits 0.76 +/- 0.04
0.754717,0.754717,0.750469,0.75188,0.749064,0.754717,0.754717,0.749064,0.753296,0.760456
0.753296,0.753296,0.75188,0.766284,0.750469,0.75188,0.75188,0.743494,0.750469,0.754717
0.754717,0.753296,0.750469,0.75188,0.754717,0.754717,0.754717,0.750469,0.75188,0.761905


B:
Limits 60.0 +/- 40.0
58.951351,64.854027,60.299767,63.160675,75.674812,60.807186,53.452934,68.676849,63.301514,47.274574
73.324608,65.442223,62.351891,43.704586,57.056221,73.190453,62.534721,61.350349,68.041359,65.96067
54.704777,66.443245,56.245472,69.681068,52.271481,64.241005,59.379749,63.995678,68.10865,50.362484
========================================================
Test11 (DAC Calibration) results 2008-06-03 08:56:25
Board ID409 30 channels
Linux calibration software
Calibration DAC Range: [1100 - 2700]

A:
0.751738,0.753579,0.748503,0.751033,0.749906,0.753864,0.751597,0.748713,0.753083,0.758366
0.754646,0.753579,0.751527,0.76118,0.748853,0.753509,0.749485,0.741633,0.750188,0.754077
0.753296,0.752304,0.747943,0.752304,0.752941,0.752729,0.754006,0.749555,0.751809,0.756501


B:
74.0274,75.8855,72.3054,73.0378,79.0777,69.0161,69.4101,72.7656,72.3433,60.8874
72.927,69.8569,68.9056,61.7508,68.3799,72.2143,70.9575,72.3926,73.5935,74.7572
67.985,74.6098,69.4839,73.8575,63.1999,74.7837,69.2742,70.861,74.2318,68.8888


========================================================
Test11 (ADC Calibration) results 2008-06-17 04:20:31
Board ID409 30 channels
Linux calibration software

Calibration DAC Range: [1000 - 3500]

A:
0.7492,0.752,0.746,0.7492,0.7476,0.7516,0.7492,0.7468,0.7508,0.7564
0.7524,0.7512,0.7492,0.7592,0.7464,0.7512,0.7472,0.7396,0.748,0.7512
0.7508,0.7508,0.746,0.7504,0.7512,0.7512,0.7512,0.7476,0.7496,0.7544


B:
74.8,75.0001,73,71.8,79.3999,68.3999,69.8,72.2,73.2,59.6
73.6001,69.7999,68.8,61.8001,68.6,72.7999,70.8,72.4,73.9999,76.7999
69.2,72.2,69,72.6,61.7999,72.7999,70.7999,71.3999,74.4,68.5999


========================================================
Test11 (ADC Calibration) results 2008-06-17 07:43:31
Board ID409 30 channels
Linux calibration software

Calibration DAC Range: [1000 - 3500]

A:
0.7412,0.7428,0.7372,0.7408,0.7396,0.7432,0.7408,0.7384,0.7428,0.7476
0.7436,0.7428,0.7412,0.7512,0.738,0.7428,0.7388,0.7312,0.7392,0.7432
0.7428,0.7424,0.738,0.742,0.742,0.7428,0.7428,0.7388,0.7416,0.7472


B:
73.8001,76.2,73.7999,71.1999,78.4,68.8,70.1999,72.6001,71.2,60.3999
74.4,70.2,67.8001,61.7999,69.0001,73.2,71.2,71.8001,74.8,75.8
67.2,72.6,68.0001,73.0001,64.0001,73.2,70.2,72.2,73.4001,67.8


