========================================================

Test10 results 08-30-2005  14:04:18
Board ID398  30 channels
HV Tests Software Ver.1.6

+5V 2496 - O'k
-5V 1312 - O'k
Interlock - On

Voltmeter channel: A=1.082251, B=12.987051

A:
Limits 1.1 +/- 0.1
1.071237,1.077006,1.080497,1.079331,1.071237,1.074114,1.070664,1.077006,1.078749,1.077586
1.073537,1.073537,1.075847,1.082251,1.074691,1.072386,1.077006,1.078749,1.071237,1.074114
1.074114,1.076426,1.073537,1.082837,1.077586,1.075847,1.076426,1.077586,1.069519,1.071811


B:
Limits 0.0 +/- 35.0
12.854673,10.769841,12.965973,10.793356,12.854673,13.963518,10.706645,9.692835,11.866045,6.465639
8.588134,8.588134,2.151552,14.069302,11.821486,7.506824,5.384811,12.944794,16.068386,7.518835
7.518835,10.764252,11.808746,12.994219,14.008742,1.075704,8.6114,14.008742,7.486748,13.933707
========================================================
Test10 (ADC Calibration) results 2008-04-15 11:25:08
Board ID398 30 channels
Linux calibration software

Voltmeter channel: A=1.07619, B=-1429.81

A:
1.07081,1.07589,1.08126,1.08225,1.07071,1.07435,1.06997,1.07663,1.07729,1.07653
1.07272,1.07192,1.07419,1.08116,1.07275,1.07258,1.07661,1.07669,1.07138,1.07252
1.07234,1.07525,1.07422,1.07847,1.07629,1.07719,1.07509,1.0784,1.06824,1.07175


B:
7.65182,8.48166,10.5778,6.73708,6.70848,9.1363,8.37206,5.654,9.78762,3.81253
5.33905,6.02864,1.67159,9.86871,10.5222,6.07775,0.454083,12.6045,10.9504,6.77957
5.54348,9.45354,6.37236,17.6559,10.9953,-1.91597,6.53742,7.69614,5.31609,7.36933


========================================================
Test10 (ADC Calibration) results 2008-06-19 12:08:44
Board ID398 30 channels
Linux calibration software

Voltmeter channel: A=1.07, B=0

A:
1.088,1.09315,1.09946,1.10028,1.0871,1.09215,1.08665,1.09361,1.0937,1.09315
1.08935,1.0889,1.09107,1.09909,1.09052,1.09007,1.09288,1.09452,1.08836,1.08953
1.08962,1.09225,1.09034,1.08746,1.09333,1.09543,1.09234,1.09488,1.08549,1.08863


B:
5.73019,6.64321,8.75619,5.1393,5.91054,6.90753,7.41297,5.78795,10.5165,4.01988
4.91494,5.11443,1.144,6.6737,7.97269,3.59254,1.64826,9.32792,8.87935,5.61928
4.01056,8.35285,5.95826,19.279,10.6311,-1.80497,5.42978,7.46097,3.06393,7.32384


========================================================
Test10 (ADC Calibration) results 2008-07-17 09:50:45
Board ID398 30 channels
Linux calibration software

Voltmeter channel: A=1.07, B=0

A:
1.08841,1.0934,1.10034,1.10091,1.08767,1.09293,1.08729,1.09378,1.09434,1.09387
1.09001,1.08935,1.09189,1.09977,1.09114,1.09095,1.09359,1.09501,1.08907,1.09067
1.08982,1.09264,1.09132,1.0844,1.09387,1.09577,1.09302,1.09558,1.08655,1.08926


B:
5.78077,7.51023,7.50989,4.5634,6.03832,6.85123,7.03694,6.28758,9.9236,3.13804
4.74202,4.6957,0.600246,6.49483,8.06348,3.0002,1.21261,9.97316,8.87697,3.6976
4.69766,8.64182,5.05302,19.6855,11.0139,-1.46002,5.45304,7.26107,2.29512,6.96162


========================================================
Test10 (ADC Calibration) results 2008-07-19 11:33:18
Board ID398 30 channels
Linux calibration software

Voltmeter channel: A=1.07, B=0

A:
1.08804,1.09359,1.09996,1.10091,1.08767,1.09264,1.0872,1.09387,1.09406,1.09387
1.08982,1.08954,1.09151,1.09957,1.09076,1.09085,1.09349,1.09434,1.08898,1.09029
1.09001,1.09246,1.09104,1.04647,1.09349,1.09577,1.0934,1.09529,1.08636,1.08907


B:
6.1275,6.4615,8.07969,4.34327,5.60336,6.89336,6.90581,5.76322,10.1837,3.13804
4.47975,4.52217,1.38595,6.66977,8.62799,2.65075,1.08118,10.7993,8.52801,4.48126
4.08791,8.5967,5.31319,51.0819,11.3599,-1.67912,4.23003,7.52238,2.03398,6.91659


========================================================
Test10 (ADC Calibration) results 2008-07-19 17:28:33
Board ID398 30 channels
Linux calibration software

Voltmeter channel: A=1.07, B=0

A:
1.08841,1.0934,1.10005,1.10063,1.08757,1.09302,1.0872,1.09406,1.09425,1.09397
1.08982,1.08963,1.0918,1.09957,1.09076,1.09076,1.09359,1.09491,1.0887,1.09029
1.0902,1.09236,1.09085,1.08227,1.09397,1.09586,1.09293,1.09529,1.08617,1.08935


B:
5.78077,7.72885,7.5524,4.82657,6.34271,5.89052,6.90581,5.15128,9.7918,2.83165
4.91584,4.43515,0.25068,6.44953,8.62799,2.73811,0.774898,9.84129,9.00485,4.48126
3.69602,9.12028,5.70531,19.9077,10.2707,-1.98617,5.32136,6.86498,2.20762,6.65659


========================================================
Test10 (ADC Calibration) results 2008-07-20 15:54:11
Board ID398 30 channels
Linux calibration software

Voltmeter channel: A=1.07, B=0

A:
1.08841,1.09378,1.09957,1.10063,1.08757,1.09264,1.0872,1.09397,1.09425,1.09397
1.08963,1.08926,1.0918,1.09986,1.09095,1.09104,1.0934,1.09472,1.0887,1.09057
1.09001,1.09246,1.09076,1.08273,1.09378,1.09596,1.09283,1.09539,1.08599,1.08898


B:
5.12788,6.50628,8.86892,4.82657,6.12486,6.67488,6.47077,5.89481,9.7918,3.26913
5.08915,5.0009,0.468986,5.96738,8.23681,2.47676,0.949832,10.0145,9.00485,4.00252
4.08791,8.5967,5.57381,20.1327,10.4437,-1.85506,5.40854,7.21638,2.81557,6.78542


========================================================
Test10 (ADC Calibration) results 2008-07-24 14:52:16
Board ID398 30 channels
Linux calibration software

Voltmeter channel: A=1.07, B=0

A:
1.08851,1.09359,1.10005,1.1011,1.08767,1.09283,1.08711,1.09378,1.09434,1.09397
1.08991,1.08935,1.09208,1.09967,1.09076,1.09067,1.0934,1.09444,1.08926,1.09067
1.08982,1.09274,1.09095,1.08394,1.0934,1.09567,1.09312,1.09472,1.08617,1.08935


B:
5.25891,6.68055,7.77235,3.94751,5.82084,6.06435,6.77487,5.63121,9.48609,3.05039
4.17505,4.91352,-0.230126,6.14271,8.62799,3.26105,0.949832,10.2748,8.26868,3.6976
4.26184,7.89934,5.40023,18.1598,11.2281,-1.59116,4.92893,8.04398,1.77287,6.43877


========================================================
Test10 (ADC Calibration) results 2008-07-24 21:41:51
Board ID398 30 channels
Linux calibration software

Voltmeter channel: A=1.07, B=0

A:
1.08841,1.0933,1.09986,1.1013,1.08776,1.09274,1.08739,1.09406,1.09406,1.09387
1.08991,1.08945,1.09142,1.09967,1.09076,1.09038,1.09378,1.09463,1.08898,1.09038
1.08963,1.09255,1.09104,1.0844,1.09359,1.09577,1.09293,1.09548,1.08655,1.08916


B:
5.12788,6.94129,7.94719,3.33123,5.73431,6.36962,6.08038,5.15128,9.96493,3.13804
3.95673,4.6095,1.03653,5.92245,7.75533,3.52197,-0.0563781,10.3201,8.31026,4.39433
4.43515,8.51039,5.09515,15.9986,11.0549,-2.11771,4.88391,7.34797,2.07748,6.39449


========================================================
Test10 (ADC Calibration) results 2008-08-12 21:57:53
Board ID398 30 channels
Linux calibration software

Voltmeter channel: A=1.07, B=0

A:
1.0886,1.09349,1.10024,1.10245,1.08739,1.09283,1.08739,1.09434,1.09434,1.09416
1.08982,1.08991,1.09198,1.09996,1.09114,1.09123,1.09368,1.09491,1.08935,1.09067
1.09001,1.09312,1.09114,1.08264,1.09378,1.09634,1.09321,1.09567,1.08673,1.08963


B:
6.0429,7.4235,8.47781,4.92153,6.51549,6.50137,6.73291,5.32753,10.3616,3.09463
4.91584,4.17505,0.512585,6.09998,7.84531,2.7388,0.906363,10.279,8.18157,3.91568
4.08791,7.98932,5.66304,23.2491,11.1001,-0.891197,4.84173,7.61237,1.90417,5.96091


