========================================================

Test10 results 03-29-2005  12:16:32
Board ID027  36 channels
HV Tests Software Ver.1.6

+5V 2506 - O'k
-5V 1327 - O'k
Interlock - On

Voltmeter channel: A=1.076426, B=12.917105

A:
Limits 1.1 +/- 0.1
1.070091,1.067806,1.081081,1.075269,1.082251,1.075847,1.077586,1.058761,1.080497,1.074114,1.068376,1.079331
1.073537,1.077006,1.071811,1.075269,1.084011,1.077586,1.068376,1.077586,1.073537,1.085776,1.081666,1.074691
1.075847,1.082837,1.079914,1.079914,1.078749,1.082251,1.072961,1.075847,1.086957,1.069519,1.081666,1.075847


B:
Limits 0.0 +/- 30.0
6.420354,10.6781,10.810989,10.752512,12.987051,6.454941,7.543225,29.645353,12.965973,7.518835,9.6154,10.793356
9.661671,9.692835,8.57465,11.827781,11.924122,9.698398,12.820528,6.465639,6.441059,10.857767,7.571701,10.746796
10.758329,5.41436,8.639275,7.559361,6.472301,6.493545,8.583851,9.682483,9.782684,6.417229,8.653366,10.758329
========================================================
Test10 (ADC Calibration) results 2008-04-04 10:58:25
Board ID27 36 channels
Linux calibration software

Voltmeter channel: A=1.07766, B=18.3185

A:
1.06933,1.0663,1.08166,1.07531,1.08184,1.07441,1.07721,1.06032,1.08204,1.07322,1.06816,1.0789
1.07282,1.07711,1.07099,1.07521,1.08569,1.07934,1.03012,1.07631,1.07461,1.08768,1.0794,1.07481
1.07428,1.0817,1.0796,1.07946,1.08004,1.081,1.07322,1.07555,1.08579,1.06849,1.08134,1.07535


B:
3.98468,8.93566,7.51828,5.45018,8.9221,4.2527,6.15775,18.5503,4.98398,4.18917,3.5413,7.6889
5.42904,5.64014,3.14968,7.35256,6.80792,4.96715,36.35,5.14267,4.67058,6.61779,8.04844,3.91553
9.77669,3.82093,3.79225,3.97132,3.14881,5.59933,6.11596,5.31976,7.76568,2.12169,0.242307,5.77615


========================================================
Test10 (ADC Calibration) results 2008-06-19 12:08:44
Board ID027 36 channels
Linux calibration software

Voltmeter channel: A=1.07, B=0

A:
1.08746,1.08549,1.1001,1.09288,1.10038,1.09234,1.09671,1.08032,1.09973,1.09125,1.08566,1.09735
1.09152,1.0957,1.08908,1.09388,1.10453,1.09808,1.03771,1.09452,1.09225,1.10556,1.09845,1.09243
1.09297,1.09946,1.0968,1.09762,1.09716,1.09927,1.09116,1.09297,1.10379,1.08674,1.09918,1.09352


B:
1.87968,5.2349,5.30821,4.27133,6.37575,3.90022,3.37138,12.1958,6.08483,4.46841,4.4172,5.4159
3.78056,4.07739,2.55129,4.224,4.56037,2.7662,12.0285,3.85533,3.98387,5.83936,4.18642,4.47203
6.59222,3.91842,5.48063,2.52902,4.26735,3.64754,5.64316,5.28071,7.22426,1.02697,3.95191,4.99663


========================================================
Test10 (ADC Calibration) results 2008-07-17 09:50:45
Board ID027 36 channels
Linux calibration software

Voltmeter channel: A=1.07, B=0

A:
1.08804,1.08571,1.10043,1.09368,1.1012,1.09302,1.0971,1.08107,1.10053,1.09198,1.08617,1.09776
1.09198,1.09596,1.08973,1.09434,1.10543,1.09852,1.04036,1.09501,1.09217,1.10669,1.09891,1.09293
1.09349,1.09986,1.09776,1.09805,1.09795,1.09967,1.09189,1.09387,1.10466,1.08739,1.09977,1.09434


B:
1.99277,5.68105,5.66212,3.74966,5.84139,3.26699,3.6717,11.7133,5.134,3.35146,3.94521,5.03523
4.00688,4.50165,1.95132,3.79555,3.73944,2.5772,17.1627,3.40312,4.26969,4.14148,4.2043,4.22843
6.54865,3.54774,3.49847,2.13712,3.32316,3.50334,4.9678,3.79408,5.76971,0.426022,3.41531,3.79555


========================================================
Test10 (ADC Calibration) results 2008-07-19 11:33:18
Board ID027 36 channels
Linux calibration software

Voltmeter channel: A=1.07, B=0

A:
1.08804,1.08543,1.10024,1.09368,1.10091,1.09255,1.09691,1.08061,1.10034,1.0918,1.08627,1.09767
1.09217,1.09586,1.08935,1.09425,1.10514,1.09833,1.04045,1.09472,1.09208,1.1065,1.09891,1.09283
1.0933,1.09986,1.09757,1.09805,1.09786,1.09996,1.09217,1.0933,1.10418,1.08711,1.09948,1.09397


B:
1.55778,6.15725,6.05744,3.53098,6.10457,4.35865,3.18837,11.9249,5.30922,3.52607,3.64177,5.34191
2.74075,4.80811,2.29918,3.88296,3.78289,1.87376,9.17332,3.4462,3.48322,4.31785,3.98457,4.31571
6.2852,3.32782,4.33155,1.69801,3.62993,2.80011,3.83293,4.75468,7.09266,0.686844,3.67852,4.5821


========================================================
Test10 (ADC Calibration) results 2008-07-19 17:28:33
Board ID027 36 channels
Linux calibration software

Voltmeter channel: A=1.07, B=0

A:
1.08785,1.08561,1.10063,1.09349,1.10072,1.09274,1.09691,1.08088,1.09996,1.0918,1.08617,1.09757
1.09208,1.09605,1.08973,1.09416,1.10534,1.09833,1.03934,1.09434,1.09198,1.10601,1.09872,1.09283
1.0933,1.09977,1.09748,1.09843,1.09767,1.09977,1.09151,1.0934,1.10408,1.08711,1.09977,1.09368


B:
1.5138,5.55033,5.26698,3.48682,6.05955,3.74727,3.62741,11.2358,6.09998,3.52607,3.94521,5.20966
3.26486,3.97604,1.29777,4.18879,2.94335,2.31338,11.7005,4.23318,3.78854,5.20127,4.37943,4.31571
6.2852,3.63521,4.41929,1.12732,3.58542,3.19553,5.31551,4.88629,7.18043,0.904212,3.19553,5.06241


========================================================
Test10 (ADC Calibration) results 2008-07-20 15:54:11
Board ID027 36 channels
Linux calibration software

Voltmeter channel: A=1.07, B=0

A:
1.08795,1.08599,1.10015,1.09368,1.1011,1.09283,1.09681,1.08052,1.10005,1.0917,1.08608,1.09805
1.09217,1.09605,1.08945,1.09434,1.10495,1.09862,1.03951,1.09453,1.09198,1.1064,1.09891,1.09274
1.09321,1.09986,1.09738,1.09795,1.09738,1.09977,1.09161,1.0934,1.10428,1.08692,1.09948,1.09349


B:
1.42661,4.55326,5.92492,3.31229,5.92955,3.22287,3.27653,12.0101,6.01205,3.61278,4.24904,4.33322
2.95914,3.7565,2.21238,3.79555,4.17994,1.61036,11.3277,4.05845,3.35146,4.40628,3.98457,4.40263
6.59109,3.1079,4.28737,2.2252,4.06756,3.19553,4.79192,4.66767,6.78412,0.860776,3.67852,5.23651


========================================================
Test10 (ADC Calibration) results 2008-07-24 14:52:16
Board ID027 36 channels
Linux calibration software

Voltmeter channel: A=1.07, B=0

A:
1.08776,1.08543,1.10005,1.09302,1.10091,1.09236,1.09634,1.08015,1.09996,1.09132,1.08589,1.09776
1.09123,1.09605,1.08926,1.09397,1.10456,1.09843,1.04045,1.09463,1.0917,1.10592,1.09862,1.09246
1.09293,1.09948,1.09748,1.09805,1.09748,1.09929,1.09189,1.0934,1.10437,1.08711,1.09957,1.09368


B:
1.38327,4.42085,5.13234,3.48593,5.22406,3.87689,2.83662,12.1364,5.00002,3.9617,3.55329,4.59623
3.61183,3.7565,2.3864,4.14435,4.09034,1.78661,14.1677,3.75232,4.70449,4.62532,3.36838,4.88258
6.19575,3.45867,3.76108,1.91757,3.98052,3.63415,3.87591,4.01152,6.254,-0.182894,3.1508,4.84334


========================================================
Test10 (ADC Calibration) results 2008-07-24 21:41:51
Board ID027 36 channels
Linux calibration software

Voltmeter channel: A=1.07, B=0

A:
1.08776,1.08599,1.10043,1.09387,1.10111,1.09293,1.097,1.08079,1.10034,1.0917,1.08617,1.09814
1.09208,1.09586,1.08954,1.09368,1.10534,1.09824,1.04174,1.09472,1.09264,1.1063,1.09862,1.09283
1.09359,1.09986,1.09757,1.09786,1.09748,1.09996,1.0918,1.09368,1.10418,1.08701,1.09967,1.09368


B:
1.81815,4.55326,5.44181,2.91893,5.709,3.57245,3.53999,12.1861,5.0892,3.61278,3.94521,4.02618
3.70158,4.15076,1.90738,5.06241,3.38526,2.4013,10.8509,3.66509,2.52278,5.15798,4.467,4.09719
6.02417,3.32782,4.11209,2.31255,3.54125,2.80011,4.61786,3.74966,6.65121,0.773853,3.28346,4.84334


========================================================
Test10 (ADC Calibration) results 2008-08-12 21:57:53
Board ID027 36 channels
Linux calibration software

Voltmeter channel: A=1.07, B=0

A:
1.08804,1.08617,1.10082,1.09368,1.1011,1.09302,1.09805,1.08107,1.10034,1.0918,1.08627,1.09824
1.09274,1.09605,1.08991,1.09416,1.10543,1.09872,1.04105,1.09482,1.09264,1.1065,1.09919,1.09321
1.09368,1.10005,1.09748,1.09805,1.09805,1.09996,1.09208,1.09416,1.10418,1.08757,1.09986,1.09397


B:
1.99277,4.8142,5.31176,3.74966,6.14972,3.70448,2.79606,12.1457,5.96953,3.74437,4.07617,4.59778
2.65453,4.63339,1.55897,4.84551,4.40281,2.40196,24.8356,4.0156,4.05238,4.76072,3.72189,3.9671
6.15609,3.59199,4.63873,2.35695,3.67455,3.02005,4.79366,3.31341,7.31344,-0.182725,3.76766,4.5821


========================================================
Test10 (ADC Calibration) results 2008-08-27 10:30:17
Board ID027 36 channels
Linux calibration (server mode)

Voltmeter channel: A=1.1003, B=0

A:
1.08867,1.08775,1.10247,1.09486,1.10304,1.0942,1.09886,1.08489,1.10233,1.09315,1.0875,1.09951
1.09352,1.09759,1.09041,1.09575,1.10672,1.09955,1.05037,1.09611,1.09378,1.10823,1.10047,1.09435
1.09565,1.1011,1.09907,1.09881,1.09922,1.101,1.09361,1.09516,1.10651,1.0877,1.10089,1.09557


B:
0,0,0,0,0,0,0,0,0,0,0,0
0,0,0,0,0,0,0,0,0,0,0,0
0,0,0,0,0,0,0,0,0,0,0,0


========================================================
Test10 (ADC Calibration) results 2008-08-27 11:18:31
Board ID027 36 channels
Linux calibration software

Voltmeter channel: A=1.07, B=0

A:
1.08823,1.08608,1.10072,1.09397,1.10139,1.09302,1.09767,1.08088,1.10024,1.09208,1.08627,1.09795
1.09217,1.09643,1.08963,1.09453,1.10553,1.09872,1.04259,1.09501,1.09246,1.10679,1.09891,1.0933
1.09387,1.09986,1.09795,1.09814,1.09824,1.09977,1.09217,1.09397,1.10456,1.0872,1.09977,1.09416


B:
1.60109,5.11796,5.399,3.05039,5.4461,3.92303,3.14658,11.6684,5.61707,3.26486,3.85897,4.86007
3.61467,4.06502,2.25588,3.62086,3.4302,2.40196,18.783,3.40312,3.35325,4.49604,4.2043,3.66137
5.5445,3.76766,3.54269,2.04935,3.49954,3.41531,4.48807,3.92561,6.29947,0.817382,3.63521,3.97001


========================================================
Test10 (ADC Calibration) results 2008-08-28 18:57:16
Board ID027 36 channels
Linux calibration (server mode)

Voltmeter channel: A=1.0862, B=0

A:
1.07484,1.0739,1.08858,1.08116,1.08924,1.0804,1.08473,1.07107,1.08838,1.07933,1.07388,1.08584
1.07956,1.08386,1.07666,1.08193,1.09276,1.08566,1.03199,1.08237,1.07935,1.09423,1.08645,1.08065
1.0817,1.08748,1.08524,1.08519,1.08547,1.08723,1.07985,1.08138,1.09273,1.0739,1.08718,1.0817


B:
0,0,0,0,0,0,0,0,0,0,0,0
0,0,0,0,0,0,0,0,0,0,0,0
0,0,0,0,0,0,0,0,0,0,0,0


========================================================
Test10 (ADC Calibration) results 2008-08-30 18:22:00
Board ID027 36 channels
Linux calibration (server mode)

Voltmeter channel: A=1.08534, B=0

A:
1.07389,1.07299,1.0875,1.08013,1.08811,1.07935,1.08391,1.07014,1.08737,1.07826,1.07275,1.08472
1.07871,1.08267,1.07563,1.08091,1.09182,1.0846,1.03198,1.08116,1.0787,1.09334,1.08543,1.07951
1.08075,1.08614,1.08418,1.08398,1.08438,1.086,1.07873,1.0804,1.09148,1.07282,1.086,1.08063


B:
0,0,0,0,0,0,0,0,0,0,0,0
0,0,0,0,0,0,0,0,0,0,0,0
0,0,0,0,0,0,0,0,0,0,0,0


========================================================
Test10 (ADC Calibration) results 2008-08-30 21:23:31
Board ID027 36 channels
Linux calibration (server mode)

Voltmeter channel: A=1.11611, B=0

A:
1.10451,1.10363,1.11852,1.11092,1.11915,1.11012,1.11485,1.10064,1.11839,1.10909,1.10339,1.11557
1.10948,1.11367,1.10624,1.11171,1.12291,1.11549,1.05956,1.11206,1.10931,1.1244,1.11641,1.11027
1.11151,1.1172,1.11511,1.1149,1.11535,1.11708,1.10955,1.11121,1.12271,1.10349,1.11719,1.11151


B:
0,0,0,0,0,0,0,0,0,0,0,0
0,0,0,0,0,0,0,0,0,0,0,0
0,0,0,0,0,0,0,0,0,0,0,0


========================================================
Test10 (ADC Calibration) results 2008-08-30 21:50:46
Board ID027 36 channels
Linux calibration (server mode)

Voltmeter channel: A=1.08511, B=0

A:
1.07378,1.07295,1.0875,1.08008,1.0881,1.07921,1.08378,1.07006,1.08725,1.07823,1.07274,1.08455
1.07861,1.0827,1.07549,1.08078,1.09163,1.0846,1.02983,1.08115,1.07845,1.09311,1.08536,1.07941
1.0806,1.0861,1.08412,1.084,1.0843,1.08602,1.07861,1.0803,1.09151,1.07282,1.08607,1.0806


B:
0,0,0,0,0,0,0,0,0,0,0,0
0,0,0,0,0,0,0,0,0,0,0,0
0,0,0,0,0,0,0,0,0,0,0,0


========================================================
Test10 (ADC Calibration) results 2008-08-31 12:04:51
Board ID027 36 channels
Linux calibration (server mode)

Voltmeter channel: A=1.08489, B=0

A:
1.07374,1.0728,1.0874,1.07995,1.0881,1.07916,1.08371,1.06985,1.08723,1.07816,1.07275,1.0846
1.07851,1.08267,1.07544,1.08071,1.09153,1.0844,1.02946,1.08108,1.07838,1.09303,1.08533,1.07938
1.08063,1.08609,1.08413,1.08388,1.0843,1.08597,1.07858,1.08023,1.09144,1.07277,1.08605,1.0805


B:
0,0,0,0,0,0,0,0,0,0,0,0
0,0,0,0,0,0,0,0,0,0,0,0
0,0,0,0,0,0,0,0,0,0,0,0


========================================================
Test10 (ADC Calibration) results 2008-08-31 16:13:50
Board ID027 36 channels
Linux calibration (server mode)

Voltmeter channel: A=1.08516, B=0

A:
1.07379,1.07292,1.0875,1.08,1.08805,1.07933,1.08381,1.07,1.08732,1.07835,1.07277,1.08454
1.07866,1.0826,1.07544,1.08081,1.09168,1.08455,1.03162,1.0812,1.07848,1.09315,1.08538,1.07948
1.0807,1.08612,1.0841,1.08396,1.08437,1.08603,1.07868,1.0803,1.09153,1.07277,1.08605,1.08056


B:
0,0,0,0,0,0,0,0,0,0,0,0
0,0,0,0,0,0,0,0,0,0,0,0
0,0,0,0,0,0,0,0,0,0,0,0


========================================================
Test10 (ADC Calibration) results 2008-08-31 18:29:23
Board ID027 36 channels
Linux calibration (server mode)

Voltmeter channel: A=1.08514, B=0

A:
1.07371,1.07294,1.08747,1.08,1.08805,1.07925,1.08381,1.07003,1.08735,1.07828,1.07274,1.08459
1.07863,1.08276,1.07548,1.08088,1.09166,1.08455,1.03052,1.0812,1.07846,1.09325,1.08543,1.07943
1.08065,1.08617,1.0841,1.084,1.0843,1.08595,1.07868,1.08031,1.09153,1.07277,1.08607,1.08061


B:
0,0,0,0,0,0,0,0,0,0,0,0
0,0,0,0,0,0,0,0,0,0,0,0
0,0,0,0,0,0,0,0,0,0,0,0


========================================================
Test10 (ADC Calibration) results 2008-09-01 15:17:55
Board ID027 36 channels
Linux calibration (server mode)

Voltmeter channel: A=1.08541, B=0

A:
1.07383,1.07312,1.08757,1.08008,1.08816,1.07945,1.08403,1.07016,1.08737,1.07843,1.07285,1.08482
1.0787,1.08272,1.07559,1.0809,1.0918,1.08472,1.03296,1.08128,1.07875,1.0933,1.08551,1.07956
1.0808,1.0863,1.08418,1.08403,1.08445,1.08607,1.07876,1.0805,1.09153,1.07284,1.08612,1.08065


B:
0,0,0,0,0,0,0,0,0,0,0,0
0,0,0,0,0,0,0,0,0,0,0,0
0,0,0,0,0,0,0,0,0,0,0,0


