========================================================

Test11 results 03-29-2005  12:17:55
Board ID027  36 channels
HV Tests Software Ver.1.6

+5V 2503 - O'k
-5V 1327 - O'k
Interlock - On
Calibration DAC Range: [2500 - 2900]


A:
Limits 0.76 +/- 0.04
0.746269,0.749064,0.742115,0.744879,0.739372,0.743494,0.743494,0.750469,0.740741,0.746269,0.749064,0.740741
0.743494,0.744879,0.747664,0.743494,0.739372,0.740741,0.747664,0.744879,0.746269,0.739372,0.740741,0.744879
0.743494,0.739372,0.740741,0.739372,0.739372,0.740741,0.746269,0.744879,0.736648,0.747664,0.740741,0.744879


B:
Limits 60.0 +/- 30.0
69.133072,61.316605,55.158779,59.122257,60.141071,65.202507,57.344807,64.452629,58.758774,59.855366,60.600456,63.358746
68.172668,53.727703,64.007172,61.202957,53.860203,67.285973,64.475922,56.062542,62.178528,53.178959,60.360516,58.32082
62.655819,64.076202,63.495281,68.670197,72.521935,59.625923,59.933163,58.172791,59.842735,67.589966,73.320587,56.718132
========================================================
Test11 (DAC Calibration) results 2008-04-04 10:58:25
Board ID27 36 channels
Linux calibration software
Calibration DAC Range: [1100 - 2700]

A:
0.746269,0.748013,0.737395,0.742115,0.738007,0.742735,0.740809,0.752233,0.737871,0.743564,0.747454,0.739645
0.74384,0.740878,0.74474,0.742184,0.735024,0.739713,0.774668,0.741427,0.742597,0.733676,0.739303,0.742459
0.742459,0.737735,0.739167,0.738894,0.739235,0.738212,0.743564,0.742322,0.734956,0.746478,0.742046,0.742459


B:
72.3882,69.986,71.9238,72.9128,68.2657,72.203,67.608,61.9181,70.3743,72.2465,70.6065,69.6745
70.5253,69.5869,79.1099,69.1066,68.7616,69.5793,48.0003,70.7507,72.691,70.5062,69.4113,70.0603
70.2087,71.7447,72.5585,72.9379,71.7242,71.2282,70.0158,70.1028,68.8561,75.0862,74.3437,69.7632


========================================================
Test11 (ADC Calibration) results 2008-06-19 12:56:33
Board ID027 36 channels
Linux calibration software

Calibration DAC Range: [1000 - 3500]

A:
0.734,0.7352,0.7252,0.7304,0.7252,0.7304,0.7276,0.7388,0.7256,0.7312,0.7348,0.7268
0.7312,0.728,0.7324,0.7292,0.7224,0.7272,0.7692,0.7284,0.7304,0.7216,0.7264,0.7304
0.73,0.726,0.7276,0.7268,0.7276,0.726,0.7316,0.7296,0.7228,0.734,0.7296,0.73


B:
73.9999,71.8,72.8,73.5999,70.8,73.5999,70.4001,66.2,71.4,72.8001,72.2001,72.1999
71.8001,72.0001,79.6,71.8,70.6,70.8001,66.7999,73.6,73.5999,71.4,72.5999,70.5999
71.9999,72,71.4001,73.1999,71.4001,73,70.4,72.4,70.1999,75.9999,72.4,69.9999


========================================================
Test11 (ADC Calibration) results 2008-07-17 10:58:43
Board ID027 36 channels
Linux calibration software

Calibration DAC Range: [1000 - 3500]

A:
0.7332,0.7348,0.7248,0.7292,0.7244,0.73,0.7276,0.738,0.7252,0.7304,0.7344,0.7264
0.7308,0.728,0.732,0.7288,0.7212,0.7264,0.7672,0.7284,0.7304,0.7212,0.7264,0.7304
0.7292,0.7256,0.7268,0.7268,0.7264,0.7256,0.7304,0.7296,0.722,0.7336,0.7296,0.7292


B:
74.7999,72.2001,73.2,74.8,71.6001,73.9999,69.4001,67.0001,71.8,74.5999,72.6001,72.5999
72.2001,72.0001,80,72.2,72.8,72.5999,62.8,73.6,73.5999,71.8,72.5999,69.5999
72.8,72.4,73.1999,73.1999,73.5999,73.4,72.5999,72.4,71,76.3999,72.4,71.8


========================================================
Test11 (ADC Calibration) results 2008-07-20 18:37:46
Board ID027 36 channels
Linux calibration software

Calibration DAC Range: [1000 - 3500]

A:
0.7336,0.7348,0.7256,0.7296,0.7248,0.7304,0.7276,0.7384,0.726,0.7308,0.7348,0.7268
0.7308,0.728,0.732,0.7288,0.722,0.7264,0.7676,0.7284,0.7304,0.7212,0.7264,0.7304
0.7296,0.7256,0.7272,0.7268,0.7268,0.7256,0.7312,0.7296,0.7224,0.734,0.7292,0.73


B:
74.3999,72.2001,72.4,74.4,71.2,73.5999,70.4001,67.6001,70,74.2001,71.2001,72.1999
73.2001,72.0001,80,72.2,71,72.5999,68.4,73.6,74.5999,71.8,72.5999,70.5999
72.4,73.4,72.8001,73.1999,73.1999,73.4,70.8001,72.4,70.6,75.9999,73.8,69.9999


