========================================================

Test10 results 08-23-2005  12:28:59
Board ID395  30 channels
HV Tests Software Ver.1.6

+5V 2531 - O'k
-5V 1305 - O'k
Interlock - On

Voltmeter channel: A=1.068947, B=8.551615

A:
Limits 1.1 +/- 0.1
1.071811,1.077586,1.075269,1.072386,1.075847,1.069519,1.072386,1.062699,1.078167,1.072386
1.079331,1.074691,1.068376,1.072386,1.064963,1.073537,1.071237,1.068947,1.076426,1.081081
1.070091,1.06383,1.068376,1.081081,1.073537,1.071811,1.070664,1.066098,1.072386,1.076426


B:
Limits 0.0 +/- 30.0
5.359216,6.465639,3.22563,15.013526,6.454941,14.973378,6.434438,7.43911,14.016302,15.013526
11.872686,6.448031,7.478648,12.868753,9.584596,10.735209,8.569725,6.413721,13.993531,6.486665
8.560535,7.446837,11.752151,11.89207,9.661671,13.933707,12.847973,5.330442,11.796368,11.840678
========================================================
Test10 (ADC Calibration) results 2008-01-28 11:45:43
Board ID395 30 channels
Linux calibration software

Voltmeter channel: A=1.05931, B=-1326.56

A:
1.06934,1.07685,1.07384,1.06977,1.07404,1.07069,1.07205,1.06155,1.07863,1.07188
1.07902,1.07416,1.06684,1.07273,1.06458,1.0736,1.07056,1.06689,1.07714,1.08025
1.06792,1.06396,1.06867,1.07949,1.07279,1.07008,1.06895,1.06526,1.07009,1.07734


B:
6.18103,3.47485,1.89986,12.3868,6.65114,8.03637,2.82841,4.69505,9.11351,12.2763
8.75632,2.0274,7.11252,10.4365,5.87531,6.50716,5.65325,7.45601,9.33996,3.53295
9.49995,2.87083,7.1615,11.1971,6.85007,13.2587,11.8161,3.75414,11.6104,5.16952


