========================================================

Test11 results 08-23-2005  12:30:15
Board ID395  30 channels
HV Tests Software Ver.1.6

+5V 2534 - O'k
-5V 1305 - O'k
Interlock - On
Calibration DAC Range: [2500 - 2900]


A:
Limits 0.76 +/- 0.04
0.756144,0.750469,0.753296,0.756144,0.75188,0.756144,0.754717,0.763359,0.750469,0.753296
0.749064,0.750469,0.757576,0.756144,0.759013,0.754717,0.754717,0.754717,0.750469,0.747664
0.757576,0.760456,0.757576,0.753296,0.753296,0.757576,0.756144,0.757576,0.756144,0.750469


B:
Limits 60.0 +/- 40.0
74.687569,84.932411,78.786186,68.310745,79.338936,75.28347,73.756775,67.910629,71.277939,76.554253
72.810417,87.758575,80.13475,63.548847,77.457298,70.115486,77.698219,86.853951,76.749252,80.702187
70.7444,72.558815,74.578514,75.649971,75.949562,63.655811,73.877518,87.995148,63.448051,78.462914
========================================================
Test11 (DAC Calibration) results 2008-01-28 11:45:43
Board ID395 30 channels
Linux calibration software
Calibration DAC Range: [1100 - 2700]

A:
1.0015,0.999875,1.002,1.00921,1.00452,1.00226,1.00503,0.997506,1.01253,1.00654
1.01356,1.00238,0.996512,1.01189,0.998627,1.00629,1.00439,0.999126,1.01048,1.00895
1.00351,0.999875,1.00012,1.00351,1.00705,1.00756,1.00389,0.992063,1.01163,1.00756


B:
-247.02,-241.832,-246.894,-262.029,-255.299,-249.436,-257.186,-234.663,-279.876,-262.053
-282.491,-249.004,-231.739,-277.182,-237.96,-261.308,-251.914,-238.829,-273.248,-268.142
-252.333,-242.232,-243.168,-252.333,-262.739,-263.224,-253.244,-219.444,-276.834,-264.232


========================================================
Test11 (DAC Calibration) results 2008-03-20 05:58:19
Board ID395 30 channels
Linux calibration software
Calibration DAC Range: [1100 - 2700]

A:
0.754859,0.749204,0.752162,0.755073,0.752233,0.755358,0.75429,0.761615,0.749836,0.754219
0.749766,0.752587,0.757432,0.754006,0.759229,0.753225,0.755786,0.757146,0.750469,0.748923
0.756644,0.760529,0.756501,0.75188,0.75429,0.754788,0.755715,0.757648,0.755501,0.750892


B:
83.6574,92.3208,87.7398,79.8962,83.7329,81.928,78.6913,79.2841,76.3239,78.0334
75.6702,86.4158,86.707,72.2902,81.8733,80.2842,81.1999,84.5164,78.6117,82.5124
79.2869,77.3932,82.5059,84.9624,77.1827,78.0169,80.6914,91.4196,70.8566,80.8898


========================================================
Test11 (DAC Calibration) results 2008-06-10 16:42:40
Board ID395 30 channels
Linux calibration software
Calibration DAC Range: [1100 - 2700]

A:
0.755002,0.749555,0.751385,0.754859,0.75188,0.754077,0.754432,0.761615,0.749625,0.754006
0.749555,0.752304,0.757217,0.752162,0.759085,0.753438,0.755144,0.756573,0.748713,0.747664
0.756287,0.760456,0.756358,0.751456,0.754077,0.753721,0.755501,0.755858,0.755216,0.749836


B:
83.9184,93.7975,88.6353,80.6379,84.9624,82.7505,80.762,79.7409,77.0614,79.0763
76.1079,87.2486,87.6006,72.5461,82.0666,80.1471,83.5756,85.4359,78.7553,85.4205
80.5256,77.9468,83.4547,86.7369,79.2816,78.8581,81.4336,85.034,72.1516,83.9722


========================================================
Test11 (ADC Calibration) results 2008-06-19 12:56:33
Board ID395 30 channels
Linux calibration software

Calibration DAC Range: [1000 - 3500]

A:
0.7432,0.7384,0.74,0.7424,0.7404,0.7424,0.7436,0.75,0.7388,0.7424
0.738,0.7412,0.7456,0.7396,0.7476,0.7416,0.7436,0.7444,0.7364,0.736
0.7448,0.7492,0.7456,0.7404,0.7424,0.7424,0.7436,0.7444,0.7436,0.7392


B:
85.8,94.6001,89,81.6,85.5999,83.6,81.4,81,77.2,80.6
78.0001,86.8001,88.4001,75.4,82.3999,82.4001,83.4,87.5999,80.6,87
81.2001,77.8,82.4001,86.5999,80.6,79.6,83.4,87.5999,73.4,82.8


========================================================
Test11 (ADC Calibration) results 2008-07-17 10:58:43
Board ID395 30 channels
Linux calibration software

Calibration DAC Range: [1000 - 3500]

A:
0.7432,0.738,0.7392,0.7424,0.7396,0.7428,0.7436,0.7496,0.738,0.7424
0.7372,0.74,0.7448,0.7392,0.7476,0.7416,0.7432,0.744,0.736,0.7356
0.7444,0.7488,0.7448,0.74,0.7424,0.7452,0.7436,0.744,0.7432,0.738


B:
84.8,94.0001,89.8,81.6,87.4,82.2,80.4,81.4,78.0001,79.6
78.7999,88,90.2001,74.8,81.3999,81.4001,83.8,87.9999,80,86.4
81.5999,79.2001,84.2001,87,79.6,76.8001,82.4,86.9999,73.8,84.0001


========================================================
Test11 (ADC Calibration) results 2008-07-20 18:37:46
Board ID395 30 channels
Linux calibration software

Calibration DAC Range: [1000 - 3500]

A:
0.7432,0.7384,0.7392,0.7424,0.74,0.7548,0.7436,0.75,0.7388,0.7424
0.7372,0.7404,0.7456,0.7396,0.7476,0.7416,0.7436,0.7444,0.7356,0.736
0.7444,0.7484,0.7452,0.74,0.7428,0.7464,0.7436,0.7444,0.7432,0.738


B:
84.8,92.6001,89.8,81.6,86,71.1999,80.4,80,76.2,79.6
78.7999,87.5999,88.4001,74.4,81.3999,81.4001,82.4,86.5999,81.4,85
81.5999,79.6001,82.8001,87,78.2,75.6,82.4,86.5999,72.8,84.0001


========================================================
Test11 (ADC Calibration) results 2008-07-24 23:03:59
Board ID395 30 channels
Linux calibration software

Calibration DAC Range: [1000 - 3500]

A:
0.7432,0.738,0.7396,0.7424,0.7404,0.7592,0.7436,0.7504,0.7384,0.7424
0.7376,0.7404,0.7456,0.74,0.7472,0.7412,0.7436,0.7444,0.736,0.7364
0.7444,0.7488,0.7448,0.7396,0.7424,0.7488,0.7436,0.744,0.7436,0.7384


B:
85.8,94.0001,89.4,81.6,85.5999,67.8001,81.4,79.6,77.6001,80.6
78.3999,88.5999,89.4001,74,83.8,82.8001,83.4,87.5999,81,85.6
82.5999,79.2001,84.2001,88.4,79.6,74.2001,83.4,88.9999,73.4,83.6001


========================================================
Test11 (ADC Calibration) results 2008-08-13 01:14:42
Board ID395 30 channels
Linux calibration software

Calibration DAC Range: [1000 - 3500]

A:
0.7432,0.7384,0.7392,0.7428,0.74,0.7432,0.7436,0.75,0.738,0.7428
0.7372,0.7404,0.7456,0.738,0.7476,0.7408,0.7436,0.744,0.7332,0.7352
0.7444,0.7488,0.7444,0.7396,0.7424,0.7512,0.7432,0.744,0.7428,0.7376


B:
84.8,92.6001,89.8,80.2,86,81.8,80.4,80,78.0001,79.2
78.7999,87.5999,88.4001,74.0001,82.3999,83.1999,82.4,87.9999,80.7999,86.8
81.5999,78.2001,84.5999,87.4,79.6,72.7999,83.8,87.9999,74.2,84.3999


