========================================================

Test16 results 04-12-2005  16:59:03
Board ID009  8 channels
HV Tests Software Ver.1.6
Calibration DAC Range: [1000 - 2300]


A:
Limits 0.57 +/- 0.1
0.565956,0.563502,0.566943,0.56719,0.567934,0.565956,0.564481,0.564236


B:
Limits 50.0 +/- 60.0
36.987373,51.605453,32.228516,31.23908,28.265524,36.990276,42.883579,44.660816
========================================================
Test16 (Master DAC Calibration) results 2007-04-18 11:50:37
Board ID9 7 channels
Linux calibration software
Calibration DAC Range: [1000 - 2300]

A:
0.564884,0.562084,0.565376,0.566704,0.567079,0.564811,0.563215,0.562531

B:
39.7378,54.8656,37.6,32.8577,31.1151,40.0238,46.656,49.2345

