========================================================
Test10 (ADC Calibration) results 2014-01-19 19:51:39
Board IDXXX 30 channels
Host: ufcmshv1
Linux calibration software

Voltmeter channel: A=1.09534, B=7.90604

A:
1.12054,1.07961,1.08556,1.08258,1.07639,1.07657,1.10016,1.0842,1.08756,1.11459
1.1251,1.08538,1.10408,1.09249,1.12822,1.07408,1.07711,1.10035,1.09728,1.09396
1.0902,1.08366,1.08628,1.04913,1.06103,1.09194,1.08393,1.10147,1.09249,1.10203


B:
5.54525,11.3146,7.18706,7.74098,7.57821,7.41413,7.9556,8.20819,7.75899,7.69296
8.26453,6.91808,8.40327,8.29683,8.00142,6.26575,7.35338,7.78801,6.37254,7.40361
7.9704,6.75153,6.74259,9.14066,7.48648,7.92103,6.07069,7.00313,7.64111,6.94073


========================================================
Test10 (ADC Calibration) results 2014-03-14 19:36:10
Board ID462 30 channels
Host: ufcmshv1
Linux calibration software

Voltmeter channel: A=1.07755, B=4.1416

A:
1.07738,1.06896,1.07542,1.07249,1.07604,1.08656,1.08006,1.07524,1.07836,1.07072
1.07231,1.08078,1.07577,1.06765,1.07275,1.06241,1.07187,1.07711,1.08321,1.0871
1.08006,1.07907,1.07055,1.07622,1.07417,1.07533,1.07002,1.0755,1.06765,1.07943


B:
2.36701,4.36157,3.96143,4.51897,4.89276,4.97355,5.07307,4.77043,6.42016,4.22564
5.11132,4.63004,4.70825,5.36992,4.70221,4.70607,5.73429,4.55266,4.56442,4.25876
4.64116,4.89926,5.03186,4.94362,6.18355,5.33396,5.09333,5.16982,5.5838,5.00171


