========================================================

Test10 results 09-23-2006  23:18:07
Board ID272  30 channels
HV Tests Software Ver.1.6.1

+5V 2529 - O'k
-5V 1378 - O'k
Interlock - On

Voltmeter channel: A=1.078167, B=9.703633

A:
Limits 1.1 +/- 0.1
1.080497,1.070664,1.072386,1.075269,1.073537,1.073537,1.075269,1.074114,1.075269,1.071811
1.074691,1.079914,1.075847,1.074691,1.075847,1.074114,1.071811,1.074691,1.073537,1.070091
1.075269,1.072386,1.084599,1.081666,1.075269,1.087548,1.073537,1.064963,1.078749,1.071811


B:
Limits 0.0 +/- 30.0
5.402493,7.494653,10.723982,8.601974,10.735209,11.808746,10.752512,9.667063,7.526706,11.790084
10.746796,12.958929,11.834177,17.194942,8.606635,13.963518,9.646461,11.821486,9.661671,13.910991
10.752512,11.796368,8.676929,14.061695,8.601974,11.963168,16.102896,24.494074,15.102291,7.502839
========================================================
Test10 (ADC Calibration) results 2008-04-11 14:55:19
Board ID272 30 channels
Linux calibration software

Voltmeter channel: A=1.04208, B=-1345.34

A:
1.07726,1.06747,1.0705,1.07216,1.07196,1.0735,1.07396,1.07336,1.07346,1.0708
1.0743,1.07746,1.07293,1.0745,1.0739,1.07286,1.0709,1.072,1.07277,1.06817
1.07446,1.0713,1.08296,1.07986,1.0735,1.0865,1.07174,1.04725,1.07646,1.06937


B:
2.79624,3.23841,3.00754,4.19742,3.52621,3.15248,2.25328,0.801595,1.12616,3.17608
0.798682,7.30743,7.18037,7.34212,2.94295,7.44319,2.16413,7.26391,1.39571,6.07502
3.31533,2.8507,1.48107,9.01956,1.60533,2.93384,9.20423,29.3639,8.20532,2.06535


========================================================
Test10 (ADC Calibration) results 2008-04-14 16:15:33
Board ID272 30 channels
Linux calibration software

Voltmeter channel: A=1.04225, B=-1346.29

A:
1.07716,1.06697,1.06977,1.0725,1.07176,1.0729,1.07323,1.07296,1.0735,1.0709
1.07346,1.07824,1.07283,1.07396,1.07504,1.07276,1.0705,1.07214,1.0715,1.0686
1.07446,1.0711,1.08306,1.08074,1.0729,1.0865,1.0712,1.06334,1.07646,1.06937


B:
2.52509,3.881,5.02124,3.76503,3.78323,3.52331,4.26971,1.51493,-0.594622,2.44773
1.67299,5.22804,7.10858,8.03139,-0.79827,7.17126,2.6779,7.08877,3.90819,5.31751
3.31533,3.10732,2.23596,6.40882,2.37751,2.93384,10.3659,19.1922,8.20532,1.8654


========================================================
Test10 (ADC Calibration) results 2008-06-19 12:08:44
Board ID272 30 channels
Linux calibration software

Voltmeter channel: A=1.07, B=0

A:
1.09497,1.08441,1.08728,1.08998,1.0889,1.09007,1.09043,1.09007,1.09034,1.08764
1.09062,1.09598,1.09062,1.09143,1.09107,1.09043,1.0871,1.08962,1.08836,1.08575
1.09161,1.08728,1.09964,1.09762,1.09043,1.10398,1.08917,1.08058,1.09379,1.08647


B:
0.15049,2.54498,2.91696,2.36804,2.50077,2.2845,2.38546,0.758506,-0.801817,2.14777
0.472843,4.04458,4.61723,5.82871,1.58059,4.13026,2.2141,4.44657,3.00232,3.68301
2.60547,4.00424,1.33081,5.82189,0.858961,1.97685,7.26025,15.6232,7.80802,1.27771


========================================================
Test10 (ADC Calibration) results 2008-07-17 09:50:45
Board ID272 30 channels
Linux calibration software

Voltmeter channel: A=1.07, B=0

A:
1.09548,1.08515,1.08795,1.09057,1.08982,1.09095,1.09095,1.09029,1.09114,1.08851
1.0917,1.09643,1.09123,1.09198,1.0918,1.09114,1.08813,1.0902,1.08935,1.08636
1.09246,1.08795,1.09996,1.09833,1.09104,1.10437,1.09001,1.08135,1.09453,1.08701


B:
-0.320401,1.64188,2.0796,2.03943,1.64638,1.47298,2.34579,1.6464,-1.75675,1.34056
-0.972308,4.06502,4.26641,5.75377,0.905864,3.69894,1.68813,4.35037,1.86367,3.33756
1.60521,3.38497,1.47995,5.60838,0.512829,2.49936,6.48614,14.4846,6.90446,0.991468


========================================================
Test10 (ADC Calibration) results 2008-07-19 11:33:18
Board ID272 30 channels
Linux calibration software

Voltmeter channel: A=1.07, B=0

A:
1.09548,1.08506,1.08785,1.09048,1.08935,1.09067,1.09104,1.09029,1.09085,1.08823
1.09142,1.09643,1.09095,1.09217,1.0917,1.09085,1.08767,1.0902,1.08879,1.08608
1.09208,1.08776,1.10024,1.09833,1.09114,1.10418,1.08973,1.08116,1.09482,1.08655


B:
-0.320401,1.72858,2.38426,2.12648,2.517,1.95242,2.04006,1.4284,-1.05793,1.60109
-0.928078,3.8454,4.52769,4.9251,0.774641,3.7416,1.68765,4.35037,2.60329,4.03188
2.39114,3.55879,1.21609,5.38838,0.207354,2.23449,6.7464,14.8715,6.86235,1.20858


========================================================
Test10 (ADC Calibration) results 2008-07-19 17:28:33
Board ID272 30 channels
Linux calibration software

Voltmeter channel: A=1.07, B=0

A:
1.09539,1.08506,1.08776,1.09085,1.08954,1.09057,1.09104,1.09038,1.09104,1.08832
1.09142,1.09624,1.09085,1.09189,1.0917,1.09114,1.08767,1.09057,1.08898,1.08636
1.09198,1.08804,1.09996,1.09833,1.09114,1.10437,1.08963,1.08107,1.09472,1.08701


B:
-0.232297,1.72858,2.47103,1.55989,1.90738,2.03943,2.04006,0.905154,-1.4511,1.29685
-0.709847,4.23974,4.61446,5.18613,0.774641,3.26259,1.90513,3.34807,2.21177,3.12034
2.25948,3.08081,1.26001,5.38838,-0.228994,1.83651,6.83229,15.3889,6.94926,0.339154


========================================================
Test10 (ADC Calibration) results 2008-07-20 15:54:11
Board ID272 30 channels
Linux calibration software

Voltmeter channel: A=1.07, B=0

A:
1.09548,1.08496,1.08757,1.09038,1.08954,1.09057,1.09104,1.09038,1.09095,1.08823
1.09142,1.09624,1.09114,1.0918,1.0918,1.09085,1.08739,1.0901,1.08879,1.08617
1.09217,1.08785,1.09996,1.09891,1.09114,1.10408,1.08973,1.08088,1.09482,1.08673


B:
-0.320401,1.8152,2.64468,2.21356,2.12524,2.03943,2.04006,0.905154,-1.14546,1.60109
-0.709847,4.02016,3.91699,5.49135,0.687558,3.95972,2.38337,4.4374,2.60329,3.72803
2.08534,3.03708,1.47995,4.42403,-0.228994,2.54345,6.7464,15.3433,6.20523,1.46932


========================================================
Test10 (ADC Calibration) results 2008-07-24 14:52:16
Board ID272 30 channels
Linux calibration software

Voltmeter channel: A=1.07, B=0

A:
1.0952,1.08478,1.08748,1.09038,1.08945,1.09029,1.09095,1.09029,1.09067,1.08823
1.09123,1.09605,1.09095,1.09132,1.09104,1.09104,1.08683,1.0901,1.08879,1.08589
1.09189,1.08757,1.10015,1.09814,1.09104,1.10399,1.08963,1.08125,1.09453,1.08673


B:
-0.0569844,2.42273,2.73156,2.21356,1.12294,2.51869,1.90925,0.992509,-1.31957,1.38349
-0.534895,4.1952,4.30929,5.70754,1.82203,3.34926,1.81686,4.4374,2.60329,3.98793
1.91046,3.07999,0.644156,5.12432,-0.360058,1.30655,7.05055,15.0023,6.68522,0.382589


========================================================
Test10 (ADC Calibration) results 2008-07-24 21:41:51
Board ID272 30 channels
Linux calibration software

Voltmeter channel: A=1.07, B=0

A:
1.09529,1.08487,1.08776,1.09048,1.08945,1.09057,1.09095,1.09048,1.09114,1.08823
1.09132,1.09643,1.09104,1.09198,1.09151,1.09085,1.08776,1.09001,1.08879,1.08627
1.09227,1.08767,1.09986,1.09833,1.09095,1.10408,1.08935,1.08098,1.09453,1.08683


B:
-0.14466,1.68493,2.47103,1.69039,1.99455,2.03943,1.90925,0.599915,-1.97492,1.60109
-0.622196,3.40694,3.78596,5.09886,0.949454,3.7416,1.60077,3.86996,2.38558,3.20711
1.77955,3.6455,1.34802,4.94915,0.163895,1.88078,7.31043,14.8256,6.90446,0.947737


