========================================================

Test11 results 09-23-2006  23:19:44
Board ID272  30 channels
HV Tests Software Ver.1.6.1

+5V 2530 - O'k
-5V 1378 - O'k
Interlock - On
Calibration DAC Range: [2500 - 2900]


A:
Limits 0.76 +/- 0.04
0.743494,0.747664,0.747664,0.744879,0.747664,0.746269,0.743494,0.744879,0.743494,0.746269
0.746269,0.742115,0.746269,0.747664,0.742115,0.743494,0.747664,0.747664,0.747664,0.750469
0.746269,0.746269,0.738007,0.744879,0.744879,0.735294,0.743494,0.749064,0.742115,0.746269


B:
Limits 60.0 +/- 30.0
55.953297,62.95887,56.953102,60.649658,53.019108,57.68288,66.726524,62.899391,65.202507,63.85891
55.352428,54.892078,55.277,46.088982,65.743698,64.32814,58.477634,47.623371,52.942078,50.066746
53.822178,62.820217,63.971741,55.110531,58.32082,63.636925,62.582485,62.661846,61.96011,65.218445
========================================================
Test11 (DAC Calibration) results 2008-04-11 14:55:19
Board ID272 30 channels
Linux calibration software
Calibration DAC Range: [1100 - 2700]

A:
0.742253,0.749064,0.747314,0.745782,0.745921,0.745226,0.744532,0.744948,0.744879,0.747105
0.744671,0.742115,0.744879,0.744532,0.744948,0.745295,0.747035,0.746269,0.746477,0.748573
0.744186,0.746756,0.738348,0.744186,0.745226,0.736309,0.746826,0.76314,0.742804,0.747733


B:
71.2377,69.2884,69.7524,68.5839,69.8836,69.6506,74.0344,72.7162,70.8752,73.6271
72.2052,65.4917,70.8752,67.3336,66.6077,67.7661,71.1831,64.1792,66.726,68.7657
70.0465,70.6712,72.2197,67.0698,69.2035,70.6397,62.2104,55.4134,71.2163,70.9693


========================================================
Test11 (DAC Calibration) results 2008-04-14 16:15:33
Board ID272 30 channels
Linux calibration software
Calibration DAC Range: [1100 - 2700]

A:
0.742322,0.749415,0.747454,0.745921,0.74606,0.745643,0.744671,0.745226,0.745226,0.747035
0.744879,0.742322,0.744948,0.744532,0.744532,0.745365,0.747314,0.746547,0.746617,0.748643
0.744186,0.746896,0.73828,0.744325,0.745643,0.736309,0.746826,0.751597,0.742804,0.747733


B:
71.439,68.8057,69.5602,68.3917,69.6914,69.3727,73.8434,72.1844,70.843,74.1712
72.0671,65.2035,70.9282,67.3336,68.0782,67.9681,70.7987,63.7925,66.6822,68.8191
70.0465,70.479,72.4621,67.1754,68.627,70.6397,62.6586,63.3974,71.2163,71.1188


========================================================
Test11 (ADC Calibration) results 2008-06-19 12:56:33
Board ID272 30 channels
Linux calibration software

Calibration DAC Range: [1000 - 3500]

A:
0.7304,0.7372,0.7352,0.7336,0.734,0.7336,0.7328,0.7336,0.734,0.7348
0.7332,0.73,0.7328,0.7332,0.7336,0.7332,0.7356,0.7344,0.7348,0.7368
0.7324,0.7352,0.7272,0.7328,0.734,0.724,0.7344,0.7392,0.7304,0.736


B:
72.5999,70.7999,71.8,70.3999,70.9999,70.3999,75.2,72.3999,69.9999,76.2001
72.7999,65.9999,73.2,67.7999,66.3999,70.7999,71.4,65.6001,67.2001,70.2
70.6,71.8,71.8001,67.2,68.9999,73.0001,64.6001,67.8,72.5999,72


========================================================
Test11 (ADC Calibration) results 2008-07-17 10:58:43
Board ID272 30 channels
Linux calibration software

Calibration DAC Range: [1000 - 3500]

A:
0.7296,0.7368,0.7348,0.7336,0.7336,0.7328,0.7324,0.7336,0.7328,0.7344
0.7324,0.7296,0.7324,0.7324,0.7328,0.7332,0.7348,0.734,0.7344,0.736
0.7324,0.7348,0.7268,0.7324,0.7336,0.724,0.734,0.7392,0.7304,0.736


B:
74.4,71.2,72.2001,69.3999,71.3999,72.2,75.6,71.3999,73.2,76.6001
74.6,66.4,73.6,68.6,67.2,69.7999,72.2001,65.9999,68.6001,71
70.6,72.2001,72.1999,67.6,69.3999,72.0001,64.9999,67.8,72.5999,71


