========================================================

Test11 results 12-17-2006  20:43:33
Board ID140  36 channels
HV Tests Software Ver.1.6.8

+5V 2504 - O'k
-5V 1358 - O'k
Interlock - On
Calibration DAC Range: [2500 - 2900]
Number of Samples: 400

A:
Limits 0.76 +/- 0.04
0.740741,0.744879,0.749064,0.746269,0.738007,0.743494,0.739372,0.743494,0.736648,0.747664,0.744879,0.749064
0.747664,0.746269,0.744879,0.747664,0.739372,0.749064,0.740741,0.743494,0.749064,0.750469,0.744879,0.750469
0.750469,0.744879,0.742115,0.740741,0.736648,0.746269,0.735294,0.747664,0.747664,0.746269,0.744879,0.739372


B:
Limits 60.0 +/- 30.0
40.60321,55.916695,39.424778,53.691181,47.069824,46.239948,52.289581,54.835514,54.262482,49.68401,40.860538,53.880829
51.373554,35.330532,44.832619,48.877388,54.588745,55.495266,50.00407,43.076103,50.652138,55.947926,46.515873,41.916573
52.809914,57.30698,54.756012,42.049427,54.902554,46.50124,45.233746,46.605736,41.832809,41.589458,48.617935,45.080891
========================================================
Test11 (DAC Calibration) results 2008-03-25 06:44:24
Board ID140 36 channels
Linux calibration software
Calibration DAC Range: [1100 - 2700]

A:
inf,inf,inf,-8000.01,inf,inf,inf,inf,-1000,1600,inf,-1333.33
inf,inf,inf,inf,inf,inf,inf,inf,-2000,inf,7999.99,inf
inf,inf,inf,inf,inf,inf,inf,inf,inf,inf,inf,inf


B:
-inf,nan,nan,58700.1,nan,nan,nan,-inf,5100,-2100,nan,2700
nan,-inf,nan,nan,nan,nan,-inf,nan,7500,-inf,-32500,nan
nan,nan,-inf,nan,nan,nan,nan,nan,-inf,nan,nan,nan


========================================================
Test11 (DAC Calibration) results 2008-03-25 10:01:36
Board ID140 36 channels
Linux calibration software
Calibration DAC Range: [1100 - 2700]

A:
0.739713,0.745782,0.749415,0.746408,0.740398,0.74384,0.739713,0.746269,0.737667,0.749415,0.745018,0.750188
0.748083,0.745643,0.74599,0.748503,0.739919,0.750821,0.741221,0.74384,0.749064,0.751174,0.74474,0.749766
0.752729,0.747175,0.743494,0.738825,0.737803,0.746687,0.7357,0.748013,0.747873,0.747105,0.745643,0.739372


B:
55.5247,63.6616,48.5715,63.2395,49.5232,54.1608,62.1821,55.5224,62.1023,55.3162,51.9089,61.7405
60.7632,47.0034,53.8229,55.539,63.0779,61.6142,58.2879,52.6731,62.5468,62.629,57.3636,54.9765
56.1158,60.9786,59.1077,56.0398,60.8781,55.2361,55.0118,56.5218,51.4818,49.2717,56.1002,56.7467


