========================================================

Test10 results 02-09-2006  14:24:13
Board ID420  30 channels
HV Tests Software Ver.1.6

+5V 2538 - O'k
-5V 1300 - O'k
Interlock - On

Voltmeter channel: A=1.055966, B=20.063173

A:
Limits 1.1 +/- 0.1
1.067236,1.061571,1.068947,1.061008,1.066098,1.070664,1.072386,1.074691,1.062135,1.06553
1.059322,1.067236,1.068376,1.059322,1.064963,1.067236,1.059883,1.064396,1.073537,1.068947
1.064396,1.071237,1.067236,1.064963,1.06553,1.059322,1.076426,1.064396,1.06383,1.061571


B:
Limits 0.0 +/- 35.0
4.269062,6.369442,8.551615,9.549,9.594834,6.423989,9.651596,4.298649,8.497189,6.393329
9.534028,7.470769,9.6154,11.652672,8.519632,8.538006,9.539165,9.579754,4.293984,10.689509
6.386566,8.569725,7.470769,5.324745,10.655449,7.415384,7.534973,10.64415,11.702156,9.554155
========================================================
Test10 (ADC Calibration) results 2008-01-25 06:21:55
Board ID420 30 channels
Linux calibration software

Voltmeter channel: A=1.05509, B=-1153.44

A:
1.06557,1.06121,1.06876,1.06088,1.0668,1.06956,1.07236,1.07355,1.06148,1.06457
1.05908,1.06707,1.06753,1.05991,1.06457,1.0676,1.05998,1.06437,1.07255,1.06856
1.06437,1.07156,1.06737,1.06369,1.0654,1.05941,1.07599,1.06387,1.06427,1.06231


B:
5.75408,3.05766,4.08995,5.28432,4.69445,5.85771,5.97242,4.49626,7.63302,4.7744
5.66631,4.55071,8.61309,6.53605,6.5746,4.45978,5.84553,5.83243,3.85929,7.48526
3.83243,5.34872,4.96401,6.15715,7.5007,4.3004,5.75,8.4133,8.28271,3.70001


