========================================================

Test11 results 02-09-2006  14:25:54
Board ID420  30 channels
HV Tests Software Ver.1.6

+5V 2537 - O'k
-5V 1300 - O'k
Interlock - On
Calibration DAC Range: [2500 - 2900]


A:
Limits 0.76 +/- 0.04
0.750469,0.753296,0.746269,0.754717,0.750469,0.747664,0.746269,0.743494,0.753296,0.749064
0.754717,0.749064,0.750469,0.753296,0.75188,0.749064,0.753296,0.75188,0.744879,0.747664
0.753296,0.747664,0.750469,0.754717,0.750469,0.756144,0.744879,0.75188,0.75188,0.75188


B:
Limits 60.0 +/- 40.0
56.453979,59.731083,63.460449,53.295578,55.105663,55.758228,52.648846,61.856781,56.438908,65.597198
57.818905,58.034878,48.778709,60.869854,53.426807,55.717644,60.163269,55.028221,61.072655,57.35833
51.099998,52.634689,53.503769,59.468559,56.369698,54.142834,50.30719,52.625916,56.542263,61.783943
========================================================
Test11 (DAC Calibration) results 2008-01-25 06:21:55
Board ID420 30 channels
Linux calibration software
Calibration DAC Range: [1100 - 2700]

A:
0.749274,0.752729,0.747035,0.752587,0.748783,0.746478,0.744532,0.743702,0.752162,0.749977
0.753864,0.748223,0.748643,0.75365,0.749977,0.748223,0.753225,0.750117,0.744394,0.747175
0.750117,0.745087,0.748013,0.754361,0.749766,0.754006,0.742391,0.750469,0.750188,0.75195


B:
62.5548,64.8477,64.6092,63.6877,64.4327,63.2918,62.4196,64.3208,63.5202,64.8824
64.1915,65.058,59.3861,62.2233,63.5324,62.2147,63.2616,64.0882,65.5902,63.6685
65.5885,64.478,64.7499,64.2621,62.3243,65.5042,62.8805,61.3509,66.2416,65.1659


========================================================
Test11 (ADC Calibration) results 2008-06-19 12:56:33
Board ID420 30 channels
Linux calibration software

Calibration DAC Range: [1000 - 3500]

A:
0.7432,0.7412,0.7352,0.7412,0.7372,0.734,0.7332,0.7324,0.7464,0.7388
0.742,0.7364,0.7368,0.7408,0.7356,0.7372,0.744,0.7384,0.7384,0.7372
0.7396,0.734,0.7364,0.7416,0.738,0.7424,0.7304,0.7384,0.7388,0.7408


B:
58.8,65.8001,65.8,63.8001,64.7999,63.9999,63.8,64.6,58.6,64.2
66.0001,65.6,61.1999,63.1999,64.4,61.7999,61.9999,64.6001,60.6001,63.7999
64.4,63.9999,64.6,66.4001,64.0001,65.6,64.5999,63.6001,67.2,64.1999


========================================================
Test11 (ADC Calibration) results 2008-07-17 10:58:43
Board ID420 30 channels
Linux calibration software

Calibration DAC Range: [1000 - 3500]

A:
0.744,0.7416,0.7348,0.7408,0.7368,0.7332,0.7356,0.732,0.748,0.7384
0.7416,0.736,0.736,0.7436,0.7344,0.7364,0.7452,0.7376,0.7404,0.7388
0.7384,0.7336,0.738,0.742,0.7372,0.7416,0.7304,0.738,0.7384,0.74


B:
57.9999,64.4001,66.2001,63.1999,65.2,64.7999,60.4,65,55.9999,64.6001
65.4001,66,62,60.4,65.6001,63.6,59.8001,65.3999,59.5999,61.2
66.6001,64.3999,61.0001,65.0001,64.7999,66.4001,63.5999,64.0001,67.6001,66


