========================================================

Test10 results 11-26-2004  15:53:28
Board ID263  30 channels
HV Tests Software Ver.1.4

+5V 2516 - O'k
-5V 1307 - O'k
Interlock - On

Voltmeter channel: A=1.087548, B=5.437883

A:
1.075269,1.070664,1.068947,1.074114,1.074691,1.073537,1.074691,1.077586,1.078749,1.070664
1.075269,1.077006,1.067236,1.070091,1.074114,1.068376,1.067236,1.071811,1.079331,1.085187
1.078749,1.071237,1.070091,1.094691,1.086366,1.061008,1.066098,1.064396,1.054852,1.070664


B:
10.752512,5.353326,12.827404,2.148266,12.896177,12.882283,9.672105,9.698398,14.023542,13.918636
7.526706,7.538823,9.605241,10.700718,9.667063,13.888905,8.538006,6.431027,8.634694,4.340742
6.472301,12.854673,11.770809,7.662653,9.777472,13.793032,11.727031,10.64415,22.151726,7.494653
========================================================

Test10 results 01-13-2005  17:05:18
Board ID263  30 channels
HV Tests Software Ver.1.6

+5V 2519 - O'k
-5V 1315 - O'k
Interlock - On

Voltmeter channel: A=1.086366, B=8.691105

A:
Limits 1.1 +/- 0.1
1.074691,1.070664,1.069519,1.074114,1.075269,1.074114,1.075269,1.077586,1.077586,1.071811
1.074114,1.070664,1.066667,1.070091,1.073537,1.068947,1.066667,1.070664,1.078749,1.084599
1.067236,1.072386,1.069519,1.081081,1.086366,1.070091,1.066667,1.069519,1.071811,1.071237


B:
Limits 0.0 +/- 30.0
12.896177,6.423989,11.764822,3.22238,11.827781,10.741177,7.526706,9.698398,17.241501,10.718273
10.741177,10.706645,11.733126,10.700718,11.808746,12.827404,10.666458,9.635981,10.787296,5.423133
9.605241,8.57921,13.90386,9.729908,9.777472,-1.070283,10.666458,5.34771,9.646461,6.42725
========================================================
Test10 (ADC Calibration) results 2007-09-14 14:52:38
Board ID263 30 channels
Linux calibration software

Voltmeter channel: A=1.08178, B=-1424.66

A:
1.07567,1.07128,1.06835,1.07341,1.07537,1.07674,1.07472,1.07697,1.07883,1.07075
1.07428,1.06963,1.06724,1.06957,1.08509,1.06902,1.06582,1.06963,1.07798,1.08322
1.06636,1.07233,1.06933,1.0814,1.08595,1.07196,1.06518,1.06946,1.07078,1.07142


B:
6.46109,2.27107,10.3729,-0.201889,7.07834,9.43019,7.33178,6.40196,11.9427,10.8752
5.07035,7.73303,5.93325,8.078,6.02511,10.2481,7.74773,8.6634,8.78584,5.38469
7.19176,4.83672,10.3215,5.84914,7.47432,-0.761035,11.3031,3.07732,7.84945,2.2381


========================================================
Test10 (ADC Calibration) results 2008-06-17 15:59:19
Board ID263 30 channels
Linux calibration software

Voltmeter channel: A=1.07, B=0

A:
1.092,1.0873,1.08505,1.09018,1.09209,1.093,1.09254,1.09327,1.09518,1.08748
1.09073,1.08631,1.08291,1.08631,1.10235,1.10,1.08505,1.08694,1.09491,1.10087
1.08326,1.08856,1.08568,1.09774,1.1017,1.09018,1.08264,1.08541,1.08775,1.08676


B:
6.27098,4.07457,10.0615,-0.781689,7.4974,10.1595,5.33184,7.28575,11.8792,10.4324
5.47606,6.94644,7.06167,6.94644,5.77562,6.0,3.98511,6.36459,8.1874,3.60189
5.8639,4.86488,9.48207,6.24672,8.56961,-0.345455,8.60919,2.56647,7.35571,4.79204


========================================================
Test10 (ADC Calibration) results 2008-07-15 19:51:42
Board ID263 30 channels
Linux calibration software

Voltmeter channel: A=1.07, B=0

A:
1.09227,1.08793,1.08496,1.09009,1.09172,1.09291,1.09263,1.09336,1.09527,1.08757
1.09118,1.08667,1.08318,1.08658,1.10226,1.08838,1.08291,1.08685,1.09518,1.10096
1.08318,1.08847,1.08559,1.09811,1.09931,1.09118,1.08246,1.0855,1.0882,1.08703


B:
5.14617,2.40245,10.1442,-0.47992,8.26833,10.0245,5.03004,6.98351,11.3577,9.69707
4.83999,6.17897,6.16345,5.82789,5.6398,9.82031,5.97877,6.66507,7.71749,3.29711
6.16345,4.94833,9.78184,5.69083,9.21371,-1.27073,8.55819,1.83169,6.0691,3.89005


========================================================
Test10 (ADC Calibration) results 2008-07-16 21:23:30
Board ID263 30 channels
Linux calibration software

Voltmeter channel: A=1.07, B=0

A:
1.09258,1.08825,1.08554,1.09116,1.09276,1.09371,1.09305,1.09409,1.09561,1.08844
1.09163,1.08722,1.08395,1.08694,1.10306,1.08909,1.08321,1.08759,1.0958,1.10181
1.08377,1.089,1.086,1.09856,1.06496,1.09125,1.0833,1.08619,1.08853,1.08759


B:
5.08271,2.75876,9.61444,-2.34268,6.87581,9.28715,5.30333,5.87675,11.2738,8.46274
4.42413,5.67113,5.43971,5.71299,5.12386,8.9463,6.12922,5.32404,7.15565,2.07782
5.39523,4.24098,9.61847,5.50168,40.9701,-1.12038,7.55978,1.1907,5.76363,3.58418


