========================================================

Test11 results 11-26-2004  15:59:05
Board ID263  30 channels
HV Tests Software Ver.1.4

+5V 2515 - O'k
-5V 1308 - O'k
Interlock - On
Calibration DAC Range: [2500 - 2900]


A:
0.75188,0.756144,0.757576,0.754717,0.750469,0.753296,0.75188,0.75188,0.750469,0.756144
0.753296,0.75188,0.759013,0.757576,0.756144,0.757576,0.760456,0.756144,0.750469,0.746269
0.750469,0.756144,0.757576,0.746269,0.746269,0.763359,0.760456,0.759013,0.766284,0.756144


B:
51.112427,56.576302,50.380848,53.082577,57.901234,50.260632,57.409603,51.197968,50.322521,48.049747
56.1064,54.436962,53.497604,48.045422,44.268845,51.806484,47.274574,51.197269,54.454681,53.333168
50.322521,45.70969,49.57056,43.930294,47.956062,44.892456,45.551292,57.135532,45.61412,55.247326
========================================================

Test11 results 01-13-2005  17:06:38
Board ID263  30 channels
HV Tests Software Ver.1.6

+5V 2519 - O'k
-5V 1314 - O'k
Interlock - On
Calibration DAC Range: [2500 - 2900]


A:
Limits 0.76 +/- 0.04
0.75188,0.757576,0.756144,0.75188,0.753296,0.753296,0.753296,0.750469,0.749064,0.754717
0.750469,0.756144,0.757576,0.756144,0.754717,0.756144,0.757576,0.757576,0.75188,0.744879
0.759013,0.753296,0.756144,0.75188,0.744879,0.756144,0.759013,0.754717,0.754717,0.756144


B:
Limits 70.0 +/- 30.0
48.684422,48.141045,53.246387,62.078197,47.196507,50.172909,52.056332,55.095219,54.688049,50.104614
65.880463,51.103119,57.171844,51.818279,48.126247,55.767544,55.555523,45.707592,48.852749,57.751797
46.207294,56.369389,51.818279,53.511246,50.696541,58.904175,48.637398,61.941292,52.713879,54.341469
