========================================================

Test10 results 12-21-2006  15:41:41
Board ID350  30 channels
HV Tests Software Ver.1.6.8

+5V 2516 - O'k
-5V 1356 - O'k
Interlock - On
Number of Samples: 400

Voltmeter channel: A=1.085187, B=10.851865

A:
Limits 1.1 +/- 0.1
1.075847,1.082251,1.072386,1.082837,1.077006,1.074691,1.086366,1.072961,1.066667,1.075269
1.088139,1.083424,1.071811,1.077586,1.058761,1.077006,1.080497,1.090513,1.076426,1.076426
1.088139,1.081081,1.072386,1.078167,1.068947,1.076426,1.070091,1.075847,1.077006,1.066667


B:
Limits 0.0 +/- 30.0
3.227399,7.575796,12.868753,19.491241,16.154871,17.194942,10.863837,11.802734,22.399792,15.053588
13.057621,7.583981,11.790084,21.551846,9.52889,9.692835,17.28796,10.905224,9.687826,16.146383
11.969481,12.973151,11.796368,7.547299,13.896351,9.687826,11.770809,9.682483,11.846848,14.933125
========================================================
Test10 (ADC Calibration) results 2008-04-10 11:20:08
Board ID350 30 channels
Linux calibration software

Voltmeter channel: A=1.03093, B=-1449.47

A:
1.0729,1.07996,1.06988,1.08191,1.07541,1.07276,1.08307,1.07085,1.06516,1.0734
1.08571,1.08056,1.06955,1.07545,1.05678,1.07491,1.07795,1.08863,1.07427,1.07801
1.08638,1.07889,1.07139,1.07573,1.0674,1.07387,1.06754,1.07397,1.07441,1.06553


B:
0.561409,2.97089,7.38645,10.3845,9.29866,11.8084,8.16104,6.15667,16.0492,8.9241
8.60016,2.65243,7.09184,16.9488,4.16836,4.78665,12.0601,4.23776,5.04651,8.69685
5.30354,8.24058,4.61691,2.89478,6.87182,5.40754,7.75273,3.57606,7.72349,7.11092


========================================================
Test10 (ADC Calibration) results 2008-06-19 12:08:44
Board ID350 30 channels
Linux calibration software

Voltmeter channel: A=1.07, B=0

A:
1.09043,1.09652,1.08692,1.09845,1.09225,1.09025,1.10084,1.08764,1.08174,1.09007
1.10333,1.09799,1.08638,1.09225,1.07309,1.09179,1.09561,1.10574,1.09179,1.09116
1.10277,1.0957,1.08728,1.09315,1.0845,1.09098,1.08495,1.09089,1.09206,1.08191


B:
-3.06671,2.4434,7.16401,10.7771,8.13445,8.22267,5.29391,5.19295,15.2064,8.17066
6.32212,2.19213,5.70658,15.5618,3.43774,3.5289,10.0775,4.34313,1.78233,11.3171
6.16664,7.58398,5.09152,1.17745,5.06456,3.84619,5.29993,2.83907,5.89881,6.38657


