========================================================

Test11 results 12-21-2006  15:44:30
Board ID350  30 channels
HV Tests Software Ver.1.6.8

+5V 2518 - O'k
-5V 1357 - O'k
Interlock - On
Calibration DAC Range: [2500 - 2900]
Number of Samples: 400

A:
Limits 0.76 +/- 0.04
0.749064,0.744879,0.75188,0.743494,0.747664,0.747664,0.739372,0.750469,0.754717,0.749064
0.740741,0.742115,0.75188,0.747664,0.759013,0.747664,0.744879,0.739372,0.749064,0.750469
0.740741,0.744879,0.75188,0.75188,0.753296,0.749064,0.754717,0.749064,0.747664,0.754717


B:
Limits 60.0 +/- 30.0
72.979759,73.651939,65.030647,66.106644,65.562004,70.850769,80.669098,68.831406,60.654072,66.445206
61.971664,82.696571,69.773399,56.78371,77.708015,68.782837,72.598816,65.876801,69.039307,54.841824
65.19577,68.654747,66.643257,63.528721,72.826218,67.426704,55.577049,72.17382,70.393341,67.094223
========================================================
Test11 (DAC Calibration) results 2008-04-10 11:20:08
Board ID350 30 channels
Linux calibration software
Calibration DAC Range: [1100 - 2700]

A:
0.749766,0.744117,0.75188,0.743149,0.748013,0.749485,0.741977,0.750821,0.755216,0.749415
0.74129,0.743702,0.751738,0.748363,0.760818,0.748363,0.745504,0.739303,0.748433,0.746965
0.740466,0.745226,0.750821,0.75195,0.75287,0.748713,0.75429,0.748643,0.748713,0.754575


B:
79.5689,84.4293,74.4361,75.1974,72.23,72.4564,79.7811,75.8798,66.2606,73.3022
68.2728,87.0781,78.3875,62.7689,79.7432,73.9944,79.2563,74.7342,79.1375,68.4407
74.4539,75.1654,78.1323,71.3318,82.2699,77.2579,65.8683,81.8454,75.0117,75.1369


========================================================
Test11 (ADC Calibration) results 2008-06-19 12:56:33
Board ID350 30 channels
Linux calibration software

Calibration DAC Range: [1000 - 3500]

A:
0.7376,0.7328,0.74,0.7316,0.7364,0.7372,0.73,0.7396,0.7436,0.738
0.7296,0.7316,0.74,0.7368,0.7496,0.7372,0.7336,0.7276,0.7364,0.7372
0.7292,0.7336,0.7396,0.7404,0.7408,0.7372,0.7424,0.7364,0.7364,0.7432


B:
81.3999,84.2,75,75.4,73.6,74.7999,81.9999,75.4,66.4,73.0001
69.4,87.4,79,63.1999,79.4,73.7999,80.3999,75.4001,81.6,67.7999
73.8,75.3999,78.4,71.5999,84.1999,76.7999,66.6,83.6,76.6,75.8


========================================================
Test11 (ADC Calibration) results 2008-07-17 10:58:43
Board ID350 30 channels
Linux calibration software

Calibration DAC Range: [1000 - 3500]

A:
0.7372,0.7324,0.7396,0.7308,0.736,0.7368,0.7296,0.7392,0.7436,0.7376
0.7288,0.7312,0.7392,0.7364,0.7484,0.7364,0.7332,0.7272,0.736,0.7392
0.7292,0.7332,0.7392,0.74,0.7404,0.7364,0.742,0.7368,0.736,0.7428


B:
81.7999,84.6,75.4,76.2001,73,75.2,82.4,75.8,65.4,73.3999
70.2,88.8001,80.8,63.6,80.6001,75.6,80.7999,75.8001,81,67.8
73.8,75.7999,77.8,72,84.5999,78.6,67.0001,82.2,78,76.2


========================================================
Test11 (ADC Calibration) results 2008-07-20 18:37:46
Board ID350 30 channels
Linux calibration software

Calibration DAC Range: [1000 - 3500]

A:
0.7376,0.732,0.7396,0.7312,0.736,0.7372,0.73,0.7388,0.7436,0.7372
0.7292,0.7312,0.7396,0.7364,0.7488,0.7364,0.7332,0.7272,0.736,0.7424
0.7288,0.7332,0.7396,0.74,0.74,0.7368,0.742,0.7368,0.7364,0.7432


B:
81.3999,86,75.4,75.8001,73,74.7999,80.9999,76.2,66.4,74.7999
69.8,88.8001,79.4,63.6,80.2001,74.6,80.7999,75.8001,81,66.6
74.2,76.7999,77.4,72,85,77.2,67.0001,82.2,76.6,75.8


========================================================
Test11 (ADC Calibration) results 2008-07-24 23:03:59
Board ID350 30 channels
Linux calibration software

Calibration DAC Range: [1000 - 3500]

A:
0.7372,0.7324,0.74,0.7312,0.7364,0.7372,0.73,0.7388,0.7436,0.7372
0.7296,0.7316,0.7396,0.736,0.7488,0.7372,0.7336,0.7272,0.736,0.7436
0.7288,0.7332,0.7392,0.74,0.7408,0.7368,0.742,0.7364,0.7368,0.7436


B:
82.7999,85.6,75,76.8001,72.6,74.7999,81.9999,77.2,66.4,75.7999
69.4,88.4,80.4,65,80.2001,73.7999,80.3999,75.8001,82,69.4
75.2,76.7999,78.8,73,84.1999,78.2,67.0001,83.6,76.2,75.4


========================================================
Test11 (ADC Calibration) results 2008-08-12 23:20:39
Board ID350 30 channels
Linux calibration software

Calibration DAC Range: [1000 - 3500]

A:
0.7372,0.7324,0.74,0.7312,0.736,0.7368,0.73,0.7388,0.7432,0.7372
0.7288,0.732,0.7396,0.7364,0.7488,0.7364,0.7332,0.7268,0.7364,0.7404
0.7288,0.7332,0.7392,0.74,0.7408,0.7364,0.7416,0.7368,0.736,0.7432


B:
82.7999,84.6,74,75.8001,73,75.2,80.9999,76.2,67.8,74.7999
71.2,87,80.4,63.6,80.2001,74.6,80.7999,76.1999,80.6,70.5999
74.2,75.7999,78.8,72,83.1999,78.6,67.4001,82.2,77,75.8


========================================================
Test11 (ADC Calibration) results 2008-08-13 01:14:42
Board ID350 30 channels
Linux calibration software

Calibration DAC Range: [1000 - 3500]

A:
0.7372,0.7324,0.7396,0.7312,0.7364,0.7368,0.73,0.7396,0.7436,0.7368
0.7292,0.732,0.7392,0.7364,0.7492,0.7364,0.7328,0.7268,0.7364,0.7404
0.7288,0.7332,0.7392,0.74,0.7404,0.7364,0.7416,0.7364,0.736,0.7432


B:
82.7999,84.6,75.4,75.8001,72.6,75.2,80.9999,74.4,66.4,75.2
69.8,87,80.8,63.6,78.8,74.6,81.2,76.1999,80.6,70.5999
74.2,75.7999,77.8,72,84.5999,78.6,67.4001,83.6,77,75.8


========================================================
Test11 (DAC Calibration) results 2008-08-27 10:33:19
Board ID350 30 channels
Linux calibration (server mode)

Calibration DAC Range: [3100 - 3500]

A:
0.760857,0.756571,0.761143,0.752857,0.756571,0.758286,0.753143,0.760286,0.762571,0.758286
0.749143,0.756286,0.762286,0.754571,0.771714,0.757714,0.756,0.748571,0.758857,0.762286
0.75,0.754857,0.761429,0.760571,0.764571,0.758857,0.760857,0.760286,0.758,0.764286


B:
0.0,0.0,0.0,0.0,0.0,0.0,0.0,0.0,0.0,0.0
0.0,0.0,0.0,0.0,0.0,0.0,0.0,0.0,0.0,0.0
0.0,0.0,0.0,0.0,0.0,0.0,0.0,0.0,0.0,0.0


========================================================
Test11 (ADC Calibration) results 2008-08-27 13:08:29
Board ID350 30 channels
Linux calibration software

Calibration DAC Range: [1000 - 3500]

A:
0.7376,0.7328,0.7396,0.7312,0.736,0.7372,0.73,0.7388,0.7436,0.7368
0.7284,0.7312,0.7396,0.736,0.7488,0.7368,0.7328,0.7272,0.7364,0.7468
0.7284,0.7332,0.7392,0.7396,0.7404,0.7368,0.742,0.7364,0.736,0.7432


B:
80.3999,83.2,74.4,74.8001,73,73.7999,80.9999,76.2,66.4,75.2
70.6,87.8001,79.4,64,79.2001,73.2,81.2,74.8001,79.6,68.2
74.6,75.7999,77.8,72.4,83.5999,77.2,66.0001,82.6,76,75.8


========================================================
Test11 (DAC Calibration) results 2008-08-28 18:58:23
Board ID350 30 channels
Linux calibration (server mode)

Calibration DAC Range: [3100 - 3500]

A:
0.7475,0.745,0.7475,0.7375,0.74,0.7475,0.74,0.7475,0.75,0.7425
0.7325,0.7425,0.7475,0.745,0.7575,0.745,0.74,0.73,0.745,0.75
0.735,0.74,0.7475,0.7475,0.75,0.745,0.7475,0.7425,0.7425,0.7475


B:
77.7,72.5,78.7,83.7,90.0,69.7,77.0,78.7,75.0,87.2
88.2,81.2,82.7,65.5,81.8,75.5,89.0,96.0,80.5,73.0
83.5,83.0,80.7,75.7,83.0,79.5,77.7,92.2,85.2,91.7


========================================================
Test11 (DAC Calibration) results 2008-08-30 18:23:00
Board ID350 30 channels
Linux calibration (server mode)

Calibration DAC Range: [3100 - 3500]

A:
0.75,0.74,0.7475,0.7375,0.745,0.7425,0.74,0.7475,0.75,0.7425
0.735,0.74,0.75,0.745,0.7575,0.745,0.7425,0.735,0.7425,0.755
0.7375,0.7425,0.7475,0.75,0.7525,0.7475,0.75,0.7475,0.745,0.7525


B:
73.0,92.0,81.7,86.7,76.5,90.2,81.0,80.7,78.0,90.2
82.5,92.0,78.0,68.5,84.8,79.5,83.2,82.5,93.2,64.5
78.7,78.2,83.7,71.0,77.3,74.7,73.0,79.7,80.5,77.3


========================================================
Test11 (DAC Calibration) results 2008-08-30 21:24:22
Board ID350 30 channels
Linux calibration (server mode)

Calibration DAC Range: [3100 - 3500]

A:
0.73,0.72,0.7275,0.7175,0.7225,0.725,0.7175,0.73,0.7275,0.7225
0.715,0.725,0.73,0.7225,0.74,0.725,0.7175,0.715,0.7275,0.7275
0.7175,0.7225,0.725,0.7275,0.7275,0.725,0.73,0.725,0.725,0.735


B:
70.0,90.0,78.7,84.8,82.2,79.5,86.8,70.0,83.7,87.2
81.5,73.5,76.0,75.2,73.0,77.5,96.8,80.5,72.7,93.7
76.8,77.2,89.5,76.7,91.7,80.5,70.0,85.5,78.5,67.5


========================================================
Test11 (DAC Calibration) results 2008-08-30 21:52:05
Board ID350 30 channels
Linux calibration (server mode)

Calibration DAC Range: [3100 - 3500]

A:
0.7475,0.7425,0.7475,0.74,0.7425,0.745,0.7425,0.7475,0.7525,0.7475
0.7375,0.74,0.75,0.745,0.76,0.7475,0.7425,0.74,0.745,0.755
0.7375,0.74,0.75,0.7525,0.7475,0.7475,0.75,0.745,0.745,0.755


B:
80.7,84.2,82.7,80.0,84.2,81.5,72.2,81.7,70.3,73.7
74.7,92.0,78.0,68.5,76.0,70.7,82.2,66.0,84.5,72.5
78.7,86.0,76.0,63.3,93.7,74.7,73.0,88.5,80.5,70.5


========================================================
Test11 (DAC Calibration) results 2008-08-31 12:06:23
Board ID350 30 channels
Linux calibration (server mode)

Calibration DAC Range: [3100 - 3500]

A:
0.7475,0.7475,0.7475,0.74,0.7425,0.745,0.7425,0.7475,0.7525,0.7425
0.7425,0.74,0.75,0.745,0.76,0.7475,0.7425,0.74,0.745,0.755
0.7425,0.745,0.75,0.7525,0.7475,0.7475,0.755,0.745,0.745,0.75


B:
81.7,67.7,83.7,80.0,85.2,81.5,73.2,80.7,70.3,90.2
58.2,92.0,78.0,68.5,76.0,71.7,83.2,66.0,84.5,72.5
62.2,70.5,76.0,63.3,94.7,75.7,57.5,88.5,80.5,88.0


========================================================
Test11 (DAC Calibration) results 2008-08-31 16:15:28
Board ID350 30 channels
Linux calibration (server mode)

Calibration DAC Range: [3100 - 3500]

A:
0.7475,0.7425,0.7475,0.74,0.7475,0.745,0.7425,0.7475,0.7525,0.7475
0.7375,0.74,0.75,0.745,0.76,0.7475,0.7425,0.74,0.745,0.755
0.7425,0.745,0.75,0.7525,0.755,0.7475,0.75,0.745,0.745,0.75


B:
80.7,84.2,82.7,80.0,68.7,81.5,72.2,81.7,70.3,73.7
74.7,92.0,78.0,68.5,76.0,70.7,82.2,66.0,84.5,72.5
61.2,70.5,76.0,63.3,69.5,74.7,73.0,88.5,80.5,88.0


========================================================
Test11 (DAC Calibration) results 2008-08-31 18:30:25
Board ID350 30 channels
Linux calibration (server mode)

Calibration DAC Range: [3100 - 3500]

A:
0.7425,0.7425,0.7475,0.74,0.7425,0.745,0.7375,0.7475,0.7525,0.7425
0.7325,0.74,0.75,0.745,0.76,0.7425,0.7425,0.735,0.745,0.755
0.7375,0.745,0.75,0.7525,0.75,0.7475,0.75,0.745,0.745,0.75


B:
97.2,83.2,81.7,80.0,85.2,81.5,88.7,80.7,70.3,90.2
91.2,92.0,78.0,68.5,76.0,87.2,83.2,83.5,84.5,72.5
77.7,70.5,76.0,63.3,87.0,75.7,75.0,88.5,80.5,88.0


========================================================
Test11 (DAC Calibration) results 2008-09-01 15:18:49
Board ID350 30 channels
Linux calibration (server mode)

Calibration DAC Range: [3100 - 3500]

A:
0.7475,0.7425,0.7475,0.74,0.7425,0.745,0.7375,0.7475,0.7525,0.7425
0.7375,0.74,0.75,0.745,0.76,0.7475,0.7425,0.7375,0.745,0.7575
0.7325,0.745,0.75,0.7525,0.7475,0.7475,0.75,0.745,0.745,0.7575


B:
80.7,84.2,82.7,80.0,84.2,81.5,87.7,79.7,70.3,89.2
74.7,92.0,78.0,68.5,76.0,70.7,82.2,72.7,84.5,59.8
94.2,70.5,76.0,63.3,93.7,74.7,73.0,88.5,80.5,61.8


