========================================================

Test10 results 02-09-2006  15:02:03
Board ID380  30 channels
HV Tests Software Ver.1.6

+5V 2483 - O'k
-5V 1306 - O'k
Interlock - On

Voltmeter channel: A=1.071237, B=20.353334

A:
Limits 1.1 +/- 0.1
1.072961,1.085776,1.078749,1.084011,1.081081,1.073537,1.078167,1.077586,1.085187,1.088732
1.075269,1.077586,1.076426,1.077006,1.086366,1.086957,1.079914,1.081666,1.081666,1.079331
1.082251,1.076426,1.071237,1.082837,1.079914,1.081081,1.082837,1.082837,1.079914,1.070664


B:
Limits 0.0 +/- 35.0
9.656813,6.514662,14.023542,4.336046,9.729908,6.441059,5.390965,10.775984,9.766678,9.798515
8.601974,7.543225,16.146383,7.538823,4.345641,14.13051,9.719189,10.816698,7.571701,9.714025
7.575796,8.6114,11.783437,12.994219,6.479447,8.648827,10.828545,12.994219,8.639275,14.9893
========================================================

Test10 results 02-09-2006  15:21:36
Board ID380  30 channels
HV Tests Software Ver.1.6

+5V 2482 - O'k
-5V 1307 - O'k
Interlock - On

Voltmeter channel: A=1.071811, B=20.364574

A:
Limits 1.1 +/- 0.1
1.079914,1.086366,1.079914,1.083424,1.079914,1.072961,1.078167,1.076426,1.085776,1.089918
1.075847,1.077586,1.077006,1.077006,1.085187,1.087548,1.079914,1.082251,1.081081,1.078749
1.081081,1.075847,1.071811,1.082251,1.079331,1.081081,1.083424,1.083424,1.079331,1.072386


B:
Limits 0.0 +/- 35.0
11.879015,4.345641,10.799102,5.417133,12.958929,9.656813,5.390965,13.993531,8.686214,6.539511
6.454941,7.543225,14.000859,8.615829,8.68149,11.963168,9.719189,8.658047,9.729908,10.787296
11.89207,9.682483,9.646461,14.069302,7.555364,8.648827,9.750828,11.917675,9.714025,12.868753
========================================================
Test10 (ADC Calibration) results 2008-01-30 10:15:12
Board ID380 30 channels
Linux calibration software

Voltmeter channel: A=1.06321, B=-1453.67

A:
1.07948,1.08635,1.07818,1.08249,1.07907,1.07269,1.07654,1.07748,1.08531,1.08865
1.07486,1.07742,1.07794,1.07641,1.08561,1.0868,1.07946,1.08064,1.08096,1.07887
1.08185,1.07712,1.07262,1.08481,1.07894,1.08091,1.08257,1.08446,1.07899,1.07425


B:
9.42145,0.955459,10.0415,2.74171,10.4267,5.5149,5.24277,7.29219,5.54842,5.87837
5.62441,4.22077,7.62494,6.50607,4.27857,11.4177,6.29482,7.62121,6.81254,6.68322
5.92806,3.7488,4.12295,6.08522,5.18823,5.08438,7.83914,6.431,6.72643,4.17717


