========================================================

Test11 results 02-09-2006  15:03:20
Board ID380  30 channels
HV Tests Software Ver.1.6

+5V 2482 - O'k
-5V 1306 - O'k
Interlock - On
Calibration DAC Range: [2500 - 2900]


A:
Limits 0.76 +/- 0.04
0.754717,0.743494,0.749064,0.747664,0.749064,0.753296,0.750469,0.749064,0.746269,0.743494
0.753296,0.75188,0.750469,0.750469,0.746269,0.744879,0.750469,0.747664,0.749064,0.749064
0.747664,0.75188,0.754717,0.753296,0.750469,0.749064,0.750469,0.749064,0.75188,0.756144


B:
Limits 60.0 +/- 40.0
52.990265,63.40712,58.166367,57.6628,57.523918,62.209087,64.804962,64.287804,55.837795,56.417255
56.1064,52.093578,58.245502,62.112362,55.914318,54.813198,50.569317,58.150715,54.449394,58.974865
60.49501,58.48584,57.380928,46.780502,55.989513,59.394932,46.023632,49.013378,49.19051,49.763992
========================================================

Test11 results 02-09-2006  15:27:50
Board ID380  30 channels
HV Tests Software Ver.1.6

+5V 2482 - O'k
-5V 1307 - O'k
Interlock - On
Calibration DAC Range: [2500 - 2900]


A:
Limits 0.76 +/- 0.04
0.749064,0.743494,0.750469,0.747664,0.749064,0.753296,0.750469,0.75188,0.746269,0.742115
0.75188,0.75188,0.750469,0.754717,0.746269,0.743494,0.749064,0.749064,0.749064,0.750469
0.746269,0.750469,0.754717,0.749064,0.750469,0.746269,0.744879,0.746269,0.749064,0.757576


B:
Limits 60.0 +/- 40.0
54.286449,62.598824,52.024635,56.772392,58.249756,61.494595,64.804962,54.524338,55.837795,61.69305
61.542923,52.093578,58.159206,47.583794,55.837795,58.630314,55.905277,53.720264,55.177608,53.644665
64.259918,63.817039,56.666378,61.998184,55.264698,68.296074,64.940712,58.764931,57.523918,45.178436
========================================================
Test11 (DAC Calibration) results 2008-01-30 10:15:12
Board ID380 30 channels
Linux calibration software
Calibration DAC Range: [1100 - 2700]

A:
0.913242,0.913659,0.912097,0.911265,0.910229,0.90508,0.905695,0.908781,0.913972,0.916275
0.906002,0.911058,0.909504,0.908575,0.914286,0.916695,0.91439,0.912825,0.911993,0.910954
0.910125,0.90631,0.905694,0.910436,0.910332,0.908678,0.91345,0.913555,0.910851,0.906516


B:
-168.493,-170.352,-163.984,-161.191,-158.846,-142.855,-144.968,-154.118,-170.787,-178.204
-145.753,-161.269,-156.935,-153.833,-171.406,-179.707,-169.174,-166.636,-165.116,-161.125
-159.795,-147.083,-146.236,-159.861,-158.989,-153.976,-168.965,-170.024,-161.164,-147.365


========================================================
Test11 (DAC Calibration) results 2008-03-20 06:43:14
Board ID380 30 channels
Linux calibration software
Calibration DAC Range: [1100 - 2700]

A:
0.748433,0.74384,0.749064,0.745921,0.748153,0.753012,0.750539,0.749485,0.74384,0.741771
0.751244,0.750469,0.749766,0.751174,0.74474,0.743494,0.748713,0.747314,0.747524,0.749134
0.746896,0.749766,0.75365,0.749766,0.749064,0.747314,0.746896,0.745782,0.748713,0.753012


B:
60.4267,65.3184,61.7978,66.8999,65.1548,66.1146,68.6088,65.5612,66.0622,65.2295
66.8889,60.6004,63.8238,63.23,64.3641,62.0817,60.7862,62.7277,62.7359,62.2998
65.6988,68.3224,62.6756,62.3243,63.8952,68.7062,61.9643,62.6176,63.4816,63.705


========================================================
Test11 (ADC Calibration) results 2008-06-19 12:56:33
Board ID380 30 channels
Linux calibration software

Calibration DAC Range: [1000 - 3500]

A:
0.7372,0.7324,0.738,0.7344,0.7352,0.742,0.7388,0.738,0.7324,0.7304
0.74,0.7392,0.7376,0.7396,0.7288,0.7288,0.7376,0.7352,0.7364,0.7328
0.7328,0.7396,0.7424,0.756,0.7376,0.7356,0.7352,0.7452,0.736,0.7452


B:
61.7999,67.6,62.0001,67.6001,66.8,66.0001,70.2,66.0001,66.6,66.5999
68,60.8,65.3999,64.4,64.2,65.2,61.3999,65.8,63.6,65.2
66.2,66.4,63.6,42.0001,65.3999,69.4,62.8,54.8001,64,60.8001


========================================================
Test11 (ADC Calibration) results 2008-07-17 10:58:43
Board ID380 30 channels
Linux calibration software

Calibration DAC Range: [1000 - 3500]

A:
0.7368,0.7324,0.7376,0.734,0.7344,0.7416,0.7384,0.7372,0.7328,0.7304
0.7396,0.7388,0.7368,0.7384,0.7276,0.7288,0.7372,0.7352,0.736,0.7324
0.7324,0.7384,0.742,0.7564,0.7368,0.7348,0.7348,0.7584,0.7352,0.7492


B:
62.1999,66.6,62.3999,66.9999,66.6001,66.4001,70.6001,65.7999,65.2,65.5999
68.4,61.2,66.2,66.6001,64.4001,63.2,61.7999,64.8,64,65.6
66.6,68.6001,64.0001,50.6,67.2,70.2001,64.2001,42.5999,64.8,56.8


