========================================================

Test11 results 10-27-2005  15:28:00
Board ID076  36 channels
HV Tests Software Ver.1.6

+5V 2912 - O'k
-5V 1392 - O'k
Interlock - On
Calibration DAC Range: [2500 - 2900]


A:
Limits 0.76 +/- 0.04
0.744879,0.744879,0.744879,0.753296,0.749064,0.747664,0.747664,0.744879,0.747664,0.740741,0.750469,0.750469
0.746269,0.75188,0.747664,0.747664,0.747664,0.764818,0.746269,0.747664,0.753296,0.750469,0.750469,0.75188
0.743494,0.744879,0.749064,0.749064,0.749064,0.744879,0.749064,0.738007,0.744879,0.746269,0.749064,0.746269


B:
Limits 60.0 +/- 40.0
58.186066,76.118629,63.513878,63.163395,67.615616,69.243736,59.119976,69.620392,73.976318,68.063423,57.643806,59.515034
69.076775,61.442879,65.39389,58.555943,68.525826,55.567657,62.167778,65.14254,60.933853,61.672081,58.449608,57.685318
64.571548,59.141354,65.119164,67.703392,74.041908,58.111687,68.418808,60.704941,65.120934,63.77692,56.63203,68.687424
========================================================
Test11 (DAC Calibration) results 2007-10-18 15:06:21
Board ID76 36 channels
Linux calibration software
Calibration DAC Range: [1100 - 2700]

A:
0.744463,0.745782,0.745365,0.75188,0.749766,0.74599,0.743564,0.746687,0.748853,0.740604,0.748643,0.748223
0.747454,0.749204,0.748433,0.744948,0.748013,0.767386,0.74474,0.748083,0.749766,0.748363,0.745573,0.75061
0.741427,0.742184,0.747733,0.746965,0.746965,0.744532,0.749977,0.736716,0.744671,0.745782,0.746269,0.741427


B:
67.4297,78.279,68.7135,75.9399,71.6213,77.0982,70.1645,70.3192,79.313,75.3008,69.8671,74.7849
72.6994,73.5907,72.252,72.7162,75.2221,74.0048,73.7479,65.4013,80.3187,74.7427,71.8546,69.1126
79.0547,77.2706,70.2216,73.6694,81.1391,66.5891,71.7822,70.8076,72.0563,72.4619,74.627,82.0204


========================================================
Test11 (ADC Calibration) results 2008-06-17 18:39:44
Board ID076 36 channels
Linux calibration software

Calibration DAC Range: [1000 - 3500]

A:
0.7324,0.7344,0.734,0.7404,0.7372,0.734,0.73,0.7484,0.7428,0.7284,0.7368,0.736
0.7356,0.7372,0.736,0.7328,0.7492,0.8904,0.7332,0.7364,0.7376,0.7364,0.7332,0.7396
0.7296,0.7308,0.7348,0.734,0.752,0.7328,0.7384,0.7248,0.7328,0.7344,0.734,0.7292


B:
66.6,76.6001,66.9999,74.5999,72.7999,76.9999,69.9999,56.6001,72.2,74.6,69.2,75
72.4,70.7999,73,73.2,63.8,-8.39997,72.7999,64.6,80.3999,75.6,70.7999,68.4
78.4,76.2001,69.2001,72.9999,61.0001,65.2,70.6001,71.2,71.2,70.6001,70.9999,80.8


========================================================
Test11 (ADC Calibration) results 2008-07-15 22:11:52
Board ID076 36 channels
Linux calibration software

Calibration DAC Range: [1000 - 3500]

A:
0.732,0.734,0.7336,0.74,0.7368,0.7336,0.7296,0.7504,0.748,0.728,0.7372,0.736
0.7352,0.7368,0.7644,0.7328,0.7568,0.89,0.7324,0.736,0.7368,0.736,0.7324,0.7464
0.7296,0.73,0.7348,0.7644,0.7572,0.732,0.7376,0.7248,0.7324,0.7336,0.734,0.7284


B:
68,76.9999,67.3999,75,73.2,77.3999,70.4,61.6,69.9999,75.0001,68.7999,75
72.8,71.2,43.6,73.2,66.2,81.0001,74.6,66,81.2,76,72.6,63.6
78.4,76.9999,70.2001,72.6,57.8,67,72.3999,71.2,72.6,72.3999,70.9999,81.6


========================================================
Test11 (ADC Calibration) results 2008-07-16 16:13:30
Board ID076 36 channels
Linux calibration software

Calibration DAC Range: [1000 - 3500]

A:
0.7308,0.7328,0.732,0.7384,0.7352,0.732,0.728,0.75,0.7356,0.726,0.7356,0.7344
0.734,0.7352,0.7556,0.7308,0.7528,0.9596,0.7316,0.7348,0.7364,0.7348,0.7316,0.7432
0.728,0.7288,0.7336,0.7624,0.7484,0.7308,0.7364,0.7232,0.7312,0.7324,0.7328,0.7268


B:
68.2001,78.2,70,76.6001,74.8,79,72.0001,55,79.4,78,69.4,76.6001
73.9999,72.8,52.4001,75.2001,65.2,-43.5999,74.4,66.2001,80.6,76.2001,72.4,64.8
80.0001,78.2,70.3999,73.6001,65.6001,67.2001,73.6,72.7999,72.8001,73.6,71.2,83.1999


========================================================
Test11 (ADC Calibration) results 2008-07-16 22:38:23
Board ID076 36 channels
Linux calibration software

Calibration DAC Range: [1000 - 3500]

A:
0.732,0.734,0.7328,0.7396,0.7364,0.7332,0.7296,0.7504,0.7376,0.7276,0.7368,0.7356
0.7352,0.736,0.7636,0.732,0.7572,0.9308,0.7328,0.736,0.7372,0.7356,0.7388,0.7464
0.7296,0.7296,0.7344,0.7636,0.756,0.732,0.7376,0.7248,0.732,0.7344,0.7336,0.7296


B:
68,76.9999,69.2,75.4,73.6,78.7999,69.4,57.6,76.3999,75.4001,69.2,75.4
72.8,73,44.4,75,62.8,27.1999,73.2,65,79.7999,76.4,66.2,61.6
78.4,77.4,69.6001,72.4,57.0001,66,72.3999,71.2,73,70.6001,71.3999,80.4


========================================================
Test11 (ADC Calibration) results 2008-07-20 18:58:34
Board ID076 36 channels
Linux calibration software

Calibration DAC Range: [1000 - 3500]

A:
0.7324,0.7336,0.7336,0.7396,0.7364,0.7336,0.7296,0.7528,0.7508,0.7276,0.7372,0.7356
0.7352,0.7364,0.7616,0.7328,0.7584,0.9256,0.7328,0.736,0.7372,0.736,0.7348,0.7476
0.7288,0.7304,0.7344,0.7592,0.7604,0.732,0.7376,0.7244,0.7324,0.7368,0.7336,0.7288


B:
65.6,77.3999,67.3999,75.4,73.6,77.3999,69.4,55.2,63.2,75.4001,69.7999,75.4
72.8,71.6,46.3999,72.2,64.5999,45.4,73.2,65,79.7999,76,69.2001,62.3999
79.2,75.5999,69.6001,64.8001,52.6,66,72.3999,71.6001,71.6,68.2,71.3999,81.2


========================================================
Test11 (ADC Calibration) results 2008-07-24 15:42:31
Board ID076 36 channels
Linux calibration software

Calibration DAC Range: [1000 - 3500]

A:
0.7316,0.7332,0.7332,0.7392,0.7368,0.7336,0.7292,0.752,0.7576,0.728,0.738,0.7352
0.7352,0.7356,0.7616,0.732,0.7572,0.9212,0.732,0.7356,0.7368,0.736,0.732,0.7476
0.7292,0.7296,0.734,0.764,0.7568,0.732,0.7372,0.7248,0.732,0.7332,0.7336,0.7304


B:
66.4,77.7999,66.7999,74.8,72.2,76.3999,69.8,54.0001,55.4,75.0001,67.0001,74.8
70.8,72.4,46.3999,74,64.8,62.8001,74,65.4,80.2,75,72,59.3999
77.8,76.4,69.9999,64,55.2,65,71.7999,70.2,72,71.7999,70.3999,78.5999


========================================================
Test11 (ADC Calibration) results 2008-07-24 20:06:50
Board ID076 36 channels
Linux calibration software

Calibration DAC Range: [1000 - 3500]

A:
0.7328,0.734,0.7336,0.74,0.7376,0.734,0.7296,0.7536,0.7556,0.728,0.7396,0.736
0.7356,0.7364,0.7628,0.7332,0.758,0.7376,0.7332,0.7364,0.7368,0.7368,0.7332,0.7484
0.73,0.7304,0.7348,0.7628,0.7628,0.7328,0.7376,0.7248,0.7328,0.7364,0.734,0.7292


B:
65.2,77.9999,67.3999,74,71.3999,76.9999,69.4,54.4,66.4001,75.0001,66.4,75
72.4,72.6,45.2001,71.7999,64.9999,78.3999,72.7999,64.6,81.2,74.2,69.7999,61.6001
76.9999,75.5999,69.2001,68.2001,51.2001,65.2,72.3999,71.2,71.2,68.6,69.9999,79.8


