========================================================

Test10 results 01-24-2005  12:25:19
Board ID284  30 channels
HV Tests Software Ver.1.6

+5V 2506 - O'k
-5V 1304 - O'k
Interlock - On

Voltmeter channel: A=1.075847, B=8.606635

A:
Limits 1.1 +/- 0.1
1.068376,1.073537,1.072386,1.069519,1.082251,1.068376,1.069519,1.070091,1.082837,1.069519
1.066667,1.069519,1.070091,1.071811,1.073537,1.068947,1.081081,1.071811,1.070664,1.074114
1.074691,1.069519,1.074691,1.081081,1.069519,1.072961,1.072386,1.074114,1.067806,1.068947


B:
Limits 0.0 +/- 30.0
10.683776,12.882283,15.013526,6.417229,11.9048,11.752151,5.34771,11.770809,8.662871,10.695304
3.199791,7.486748,5.350263,4.287405,5.367522,12.827404,7.567746,8.57465,7.494653,7.518835
7.522722,20.320972,5.373341,7.567746,11.764822,8.583851,12.868753,2.148266,14.949322,11.758456
========================================================
Test10 (ADC Calibration) results 2007-09-05 16:38:16
Board ID284 30 channels
Linux calibration software

Voltmeter channel: A=0.999187, B=-1235.9

A:
1.06747,1.07325,1.07234,1.06851,1.08115,1.06348,1.06804,1.06825,1.07258,1.06942
1.06657,1.06872,1.07306,1.07013,1.07194,1.06895,1.08008,1.07023,1.07036,1.07355
1.07355,1.07198,1.07385,1.08004,1.06798,1.07315,1.07211,1.07406,1.06667,1.06757


B:
9.10765,9.75355,10.491,3.85032,10.6158,7.13144,9.24361,5.79139,4.53209,5.97453
-1.00513,5.45663,5.46716,3.04885,5.62082,8.21776,5.33705,7.32051,3.48727,3.66292
7.0745,10.4308,3.83616,6.74858,11.3307,4.26702,9.05611,-1.50242,13.8002,9.77975


