========================================================

Test10 results 03-17-2005  11:12:20
Board ID301  30 channels
HV Tests Software Ver.1.6

+5V 2540 - O'k
-5V 1317 - O'k
Interlock - On

Voltmeter channel: A=1.079914, B=6.479447

A:
Limits 1.1 +/- 0.1
1.074114,1.072386,1.068376,1.06383,1.075269,1.074114,1.074691,1.075847,1.085187,1.067806
1.071237,1.072961,1.072961,1.067806,1.072961,1.069519,1.068376,1.076426,1.069519,1.076426
1.06553,1.06383,1.068947,1.085187,1.070664,1.066098,1.074691,1.066667,1.077006,1.072961


B:
Limits 0.0 +/- 30.0
5.370607,6.434438,12.820528,8.510667,9.677243,7.518835,8.597414,11.834177,7.596303,9.610294
11.783437,4.292006,11.802734,10.6781,8.583851,9.625785,7.478648,7.534973,11.764822,9.687826
9.589919,11.702156,8.551615,8.68149,12.847973,11.727031,6.448031,18.133125,6.461817,7.51089
========================================================
Test10 (ADC Calibration) results 2007-07-17 16:54:07
Board ID301 30 channels
Linux calibration software

Voltmeter channel: A=1.07186, B=-1483.52

A:
1.07934,1.07048,1.06831,1.06316,1.07516,1.07446,1.07432,1.0662,1.08566,1.06479
1.07118,1.07409,1.07275,1.0652,1.07138,1.06901,1.0677,1.07563,1.06891,1.07569
1.06456,1.06687,1.06911,1.08448,1.07111,1.06586,1.07368,1.06744,1.07573,1.07202


B:
5.00285,6.29519,8.44761,4.72625,5.64241,3.73753,6.06094,6.79541,3.04429,12.317
7.80391,2.11171,8.16514,9.1365,7.80693,7.28505,6.01699,6.67843,9.55054,7.79908
7.34227,4.14396,4.22647,6.45341,7.88603,8.01807,4.42104,12.154,7.59916,5.52339


========================================================
Test10 (ADC Calibration) results 2007-07-17 17:24:45
Board ID301 30 channels
Linux calibration software

Voltmeter channel: A=1.07186, B=-1480.52

A:
1.07924,1.07111,1.0682,1.06369,1.07496,1.07382,1.07432,1.0663,1.08536,1.0679
1.07118,1.07412,1.07285,1.0651,1.07212,1.06857,1.0672,1.07563,1.06891,1.07623
1.0662,1.06409,1.06911,1.08458,1.07121,1.06596,1.07392,1.06764,1.07543,1.07245


B:
5.13044,5.68608,8.37539,4.04882,5.49782,5.42511,5.46123,6.66793,3.42726,7.95886
8.67514,1.86444,8.90987,10.329,5.3958,8.90851,6.65393,6.07833,10.4196,7.11317
17.663,7.67462,4.22647,6.12603,7.5588,7.69044,4.11954,11.8985,8.18224,4.76678


========================================================
Test10 (ADC Calibration) results 2007-09-05 15:12:18
Board ID301 30 channels
Linux calibration software

Voltmeter channel: A=1.07332, B=-1482.2

A:
1.07918,1.07101,1.06864,1.06359,1.07446,1.07356,1.07416,1.06663,1.0858,1.06774
1.07121,1.07486,1.07265,1.0656,1.07235,1.06934,1.06734,1.07577,1.06934,1.07633
1.06603,1.06339,1.06861,1.08452,1.07115,1.06623,1.07396,1.06894,1.07681,1.07195


B:
5.56581,6.35529,8.75833,5.30338,7.28635,5.43487,6.8172,7.37584,2.34776,9.9061
8.70123,9.63211e-05,8.83853,9.95758,5.43872,7.59598,5.55121,5.77837,8.93462,6.9385
17.4085,9.4945,6.00174,6.08423,7.98314,7.01795,3.74654,11.3757,5.3011,5.47745


