========================================================

Test10 results 11-25-2004  12:00:32
Board ID261  30 channels
HV Tests Software Ver.1.4

+5V 2552 - O'k
-5V 1317 - O'k
Interlock - On

Voltmeter channel: A=1.067236, B=1.067355

A:
1.055966,1.066098,1.06553,1.066667,1.070091,1.061008,1.068376,1.081666,1.063264,1.06553
1.062699,1.064963,1.066098,1.069519,1.069519,1.059322,1.074691,1.068947,1.078749,1.077006
1.068376,1.067806,1.06553,1.077006,1.072961,1.060445,1.068947,1.068376,1.069519,1.070091


B:
23.231071,7.462638,8.524389,8.533125,9.630627,6.365976,2.136767,6.490035,11.695795,6.393329
7.43911,7.45467,10.660933,8.556267,11.764822,9.534028,9.672105,9.620563,5.393553,11.846848
7.478648,11.745905,8.524389,12.923853,7.51089,11.664745,9.620563,5.341896,10.695304,7.490445
========================================================

Test10 results 01-13-2005  14:42:33
Board ID261  30 channels
HV Tests Software Ver.1.6

+5V 2541 - O'k
-5V 1321 - O'k
Interlock - On

Voltmeter channel: A=1.073537, B=1.073372

A:
Limits 1.1 +/- 0.1
1.077006,1.072961,1.071237,1.072386,1.077586,1.066667,1.074691,1.087548,1.068376,1.071237
1.069519,1.072386,1.073537,1.076426,1.071811,1.066667,1.081666,1.075847,1.086366,1.083424
1.074691,1.074114,1.077006,1.083424,1.079331,1.067806,1.074691,1.074114,1.075847,1.076426


B:
Limits 0.0 +/- 30.0
5.384811,7.51089,11.783437,9.651596,6.465639,7.466458,2.149267,9.788074,13.888905,8.569725
7.486748,5.362052,7.514596,7.534973,10.718273,6.399792,7.571701,8.606635,3.259275,11.917675
7.522722,11.81529,4.307805,13.001099,7.555364,8.542488,4.298649,6.444721,10.758329,7.534973
========================================================

Test10 results 01-31-2005  16:05:55
Board ID261  30 channels
HV Tests Software Ver.1.6

+5V 2541 - O'k
-5V 1329 - O'k
Interlock - On

Voltmeter channel: A=1.073537, B=-0.000165

A:
Limits 1.1 +/- 0.1
1.077006,1.072386,1.071811,1.072961,1.077006,1.066667,1.073537,1.086366,1.068376,1.070664
1.068947,1.072386,1.072386,1.075269,1.070664,1.064963,1.079914,1.074114,1.085187,1.084011
1.074691,1.073537,1.077006,1.083424,1.077586,1.067236,1.074114,1.074691,1.074691,1.076426


B:
Limits 0.0 +/- 30.0
3.230799,8.57921,9.646461,7.51089,7.538823,6.399792,4.293984,8.691105,12.820528,9.635981
7.482668,4.289666,10.723982,8.601974,10.706645,9.584596,9.719189,9.667063,5.425929,9.7561
6.448031,12.882283,3.230799,11.917675,8.620811,9.605241,4.296494,6.448031,10.746796,5.382121
