========================================================

Test10 results 06-28-2005  13:52:49
Board ID341  30 channels
HV Tests Software Ver.1.6

+5V 2509 - O'k
-5V 1303 - O'k
Interlock - On

Voltmeter channel: A=1.066667, B=15.999792

A:
Limits 1.1 +/- 0.1
1.073537,1.068947,1.076426,1.070091,1.075847,1.072961,1.071811,1.073537,1.070091,1.070664
1.068947,1.067806,1.073537,1.068376,1.080497,1.072386,1.070664,1.070091,1.068947,1.061571
1.070091,1.071237,1.071811,1.077586,1.070664,1.068947,1.067236,1.061008,1.079331,1.080497


B:
Limits 0.0 +/- 30.0
6.441059,10.689509,18.299236,10.700718,1.075704,10.729774,11.790084,9.661671,13.910991,5.353326
8.551615,5.339071,6.441059,10.683776,16.207464,5.362052,3.211998,9.630627,13.896351,12.738869
8.560535,8.569725,13.933707,14.008742,11.777308,12.827404,5.336298,9.549,6.476033,4.321996
========================================================
Test10 (ADC Calibration) results 2007-12-11 16:57:42
Board ID341 30 channels
Linux calibration software

Voltmeter channel: A=1.04258, B=-1359.65

A:
1.07465,1.06924,1.08401,1.07397,1.07605,1.08413,1.07365,1.07735,1.07619,1.07114
1.06924,1.08277,1.07756,1.06222,1.07922,1.07098,1.07004,1.06874,1.06844,1.06092
1.07025,1.07128,1.07184,1.0798,1.07301,1.06837,1.06405,1.07268,1.07832,1.07962


B:
1.70229,7.45188,13.4468,5.7875,0.197156,8.40246,8.28969,9.12197,6.7143,5.05311
1.48254,0.011959,4.58669,6.1529,14.204,2.72309,-1.65134,8.60345,9.45827,7.39367
4.96136,2.54996,10.7528,8.25692,7.69397,8.60697,6.43066,3.3496,3.67545,0.848343


========================================================
Test10 (ADC Calibration) results 2008-01-19 15:36:02
Board ID341 30 channels
Linux calibration software

Voltmeter channel: A=1.04177, B=-1354.35

A:
1.07689,1.07024,1.08407,1.07491,1.07615,1.08408,1.07395,1.0788,1.07605,1.07194
1.06967,1.08367,1.07806,1.06166,1.08056,1.07172,1.0691,1.06947,1.06947,1.06165
1.06991,1.07114,1.07164,1.08006,1.07351,1.06814,1.06236,1.07171,1.07902,1.08026


B:
1.53239,6.10285,13.9724,5.51197,1.06807,9.45662,9.90307,6.58825,7.89295,5.02408
1.65089,-0.345006,4.74183,8.33484,11.5983,1.7027,1.54751,7.38747,8.05665,8.65127
6.19707,3.72435,11.9386,8.92277,7.2538,9.70871,16.4879,2.38398,2.89803,-0.0545387


