========================================================

Test15 results 10-12-2005  18:13:12
Board ID006  8 channels
HV Tests Software Ver.1.6.1


A:
Limits 2.0 +/- 2.0
1.438849,1.43575,1.439885,1.437814,1.437814,1.427552,1.437814,1.433692


B:
Limits 0.0 +/- 160.0
7.194102,-5.742854,1.439961,4.313577,-4.313311,-8.565304,8.62702,7.168504
========================================================
Test15 (Master ADC Calibration) results 2008-02-19 11:31:12
Board ID6 7 channels
Linux calibration software


A:
1.44404,1.43885,1.44196,1.44092,1.443,1.43164,1.43988,1.36519

B:
0.722134,-8.63323,-1.00933,0.288314,-10.9667,-12.4552,5.9036,26.621

========================================================
Test15 (Master ADC Calibration) results 2008-07-19 16:04:16
Board ID6 7 channels
Linux calibration software


A:
1.43528,1.42045,1.42857,1.43229,1.43453,1.38959,1.43453,1.36071

B:
5.34959,2.84102,11.4285,5.98969,-5.60771,16.1697,7.30309,20.287

========================================================
Test15 (ADC Calibration) results 2009-03-31 09:45:10
Board ID006 8 channels
Host: ufcmshv3
Linux calibration software

A:
1.42653,1.43188,1.46578,1.42826,1.44092,1.42123,1.45122,1.38416


B:
1.14132,-8.89969,-2.88641,2.50503,-10.9509,-15.0431,6.49699,5.6218


========================================================
Test15 (ADC Calibration) results 2009-03-31 14:58:07
Board ID006 8 channels
Host: ufcmshv3
Linux calibration software

A:
1.427,1.43219,1.46512,1.42794,1.44092,1.42139,1.45105,1.42826


B:
0.241727,-9.40863,-2.14114,2.72398,-11.5274,-15.4385,6.31751,5.93275


