========================================================

Test16 results 10-12-2005  18:16:31
Board ID006  8 channels
HV Tests Software Ver.1.6.1
Calibration DAC Range: [1000 - 2300]


A:
Limits 0.6 +/- 0.1
0.568928,0.569177,0.567934,0.57168,0.569177,0.573951,0.570676,0.570676


B:
Limits 100.0 +/- 60.0
46.40712,43.722271,47.074028,37.922089,39.659801,45.132347,41.0741,45.952431
Channels:
   4   5
Out of range 100.0 +/- 60.0
________________________________________________
========================================================
Test16 (Master DAC Calibration) results 2008-02-19 11:31:12
Board ID6 7 channels
Linux calibration software
Calibration DAC Range: [1000 - 2300]

A:
0.566124,0.567882,0.566514,0.569427,0.566675,0.571676,0.569478,0.6017

B:
54.8797,45.6317,49.7106,42.6406,44.9111,48.8981,43.3266,33.4199

========================================================
Test16 (Master DAC Calibration) results 2008-07-19 16:04:16
Board ID6 7 channels
Linux calibration software
Calibration DAC Range: [1000 - 2200]

A:
0.570387,0.575712,0.574084,0.573691,0.570529,0.589302,0.572246,0.604532

B:
52.045,44.6777,35.3745,39.9494,43.3303,34.1724,43.8986,37.8043

