========================================================

Test10 results 09-24-2006  15:19:45
Board ID021  36 channels
HV Tests Software Ver.1.6.8

+5V 2520 - O'k
-5V 1378 - O'k
Interlock - On
Number of Samples: 400

Voltmeter channel: A=1.068947, B=16.034245

A:
Limits 1.1 +/- 0.1
1.078749,1.072961,1.072386,1.072961,1.079331,1.078167,1.077006,1.079331,1.076426,1.085776,1.081081,1.084599
1.077006,1.072961,1.075847,1.053741,1.077586,1.077586,1.081666,1.070664,1.058201,1.073537,1.078749,1.077006
1.071811,1.072961,1.075269,1.063264,1.079914,1.075847,1.078167,1.075269,1.074114,1.075269,1.075847,1.074691


B:
Limits 0.0 +/- 30.0
11.866045,10.729774,12.868753,11.802734,19.428001,16.172636,12.923853,10.793356,15.069958,15.200872,12.973151,9.761528
15.077866,13.948658,16.137566,34.773598,16.163914,19.396673,15.143361,18.201292,28.571367,15.029358,11.866045,14.000859
11.790084,13.948658,11.827781,13.822324,15.118756,17.213413,9.703633,16.128857,15.037632,8.601974,21.516802,16.120251
Channels:
  16
Out of range 0.0 +/- 30.0
========================================================
Test10 (ADC Calibration) results 2008-04-09 11:01:42
Board ID21 36 channels
Linux calibration software

Voltmeter channel: A=1.06523, B=15.4588

A:
1.07566,1.07017,1.0697,1.07108,1.07838,1.07612,1.07525,1.07636,1.07525,1.08289,1.07838,1.08174
1.07461,1.07077,1.07414,1.05535,1.0758,1.07487,1.07905,1.06869,1.06085,1.07158,1.07626,1.07552
1.0698,1.07078,1.0732,1.06172,1.07834,1.07289,1.07673,1.0737,1.07256,1.07269,1.07716,1.07198


B:
6.68935,4.60776,7.20589,4.86345,9.46043,9.17116,5.05301,5.58933,5.12826,9.20148,6.86072,3.441
9.29756,7.2359,6.46985,17.5686,8.13279,13.6601,9.08419,10.5617,12.5846,6.70833,5.76526,5.86643
4.40724,6.33252,5.82237,5.49577,7.34618,13.0809,2.70767,9.03218,6.12061,0.719289,5.24157,9.54833


