========================================================

Test11 results 09-24-2006  15:22:23
Board ID021  36 channels
HV Tests Software Ver.1.6.8

+5V 2530 - O'k
-5V 1379 - O'k
Interlock - On
Calibration DAC Range: [2500 - 2900]
Number of Samples: 400

A:
Limits 0.76 +/- 0.04
0.750469,0.753296,0.754717,0.753296,0.749064,0.750469,0.750469,0.749064,0.75188,0.746269,0.749064,0.746269
0.750469,0.753296,0.75188,0.767754,0.75188,0.750469,0.747664,0.757576,0.764818,0.754717,0.750469,0.75188
0.754717,0.756144,0.75188,0.760456,0.750469,0.75188,0.750469,0.75188,0.754717,0.75188,0.756144,0.754717


B:
Limits 60.0 +/- 30.0
56.799164,61.400986,55.951279,62.209087,53.315556,55.095219,58.967571,61.40036,54.34977,51.052639,53.558052,62.236649
58.967571,58.167847,54.26276,40.135414,48.042496,56.628036,60.49501,47.32983,48.724812,56.949028,55.18005,54.436962
57.475266,44.087929,59.835041,59.614906,52.107815,55.071728,62.37748,55.792767,46.504971,61.452057,49.606892,45.782867
========================================================
Test11 (DAC Calibration) results 2008-04-09 11:01:42
Board ID21 36 channels
Linux calibration software
Calibration DAC Range: [1100 - 2700]

A:
0.751244,0.754717,0.75543,0.754077,0.749344,0.750539,0.751527,0.750751,0.751527,0.745851,0.749344,0.746269
0.751597,0.75429,0.752304,0.765697,0.751527,0.751033,0.748503,0.756144,0.760963,0.753722,0.750821,0.750962
0.755358,0.75543,0.752587,0.761107,0.748994,0.7528,0.750117,0.752233,0.753792,0.752941,0.754006,0.753438


B:
66.2879,67.5471,65.0615,69.7804,62.608,65.7567,65.8995,67.117,66.651,64.1618,64.5559,74.627
65.6521,65.5667,64.8299,55.4365,60.6388,66.1283,68.2636,63.327,66.0039,71.6221,65.3683,67.4271
66.3678,59.018,67.4506,67.9383,67.1378,62.7928,73.8397,63.4226,60.5202,69.6753,67.0122,62.2152


========================================================
Test11 (ADC Calibration) results 2008-06-17 04:20:31
Board ID021 36 channels
Linux calibration software

Calibration DAC Range: [1000 - 3500]

A:
0.748,0.7516,0.752,0.7512,0.7464,0.7476,0.7488,0.7476,0.7488,0.7428,0.7464,0.7432
0.7476,0.7516,0.7492,0.764,0.7492,0.7476,0.7456,0.7536,0.7596,0.7508,0.748,0.7476
0.7528,0.7524,0.75,0.758,0.7468,0.7496,0.7472,0.7492,0.7504,0.7508,0.7516,0.75


B:
66.9999,68.3999,67.0001,69.7999,62.6,66.3999,65.2001,67.3999,65.2001,64.2,64.6,74.8
67.3999,65.3999,64.8,58,58.8,67.3999,68.4001,62.4,64.4001,72.2,64.9999,67.3999
66.2,57.6001,66,68.9999,66.2,63.4,72.8,63.8,61.6,67.2,63.3999,63


========================================================
Test11 (ADC Calibration) results 2008-06-17 07:43:31
Board ID021 36 channels
Linux calibration software

Calibration DAC Range: [1000 - 3500]

A:
0.7392,0.7432,0.7436,0.7432,0.7376,0.7392,0.7404,0.7388,0.7404,0.7344,0.738,0.7348
0.7392,0.7432,0.7408,0.7556,0.7404,0.7392,0.7368,0.7444,0.7516,0.742,0.7392,0.7392
0.744,0.744,0.7416,0.7496,0.738,0.7412,0.7388,0.7404,0.7424,0.7416,0.7436,0.7424


B:
67.8,68.8,67.4,69.8,64.3999,66.8,65.5999,69.2,66.5999,65.6001,65.0001,76.2001
67.8,65.8,66.1999,57.4001,60.5999,67.8,70.2,65.5999,65.3999,73.0001,66.8,68.8
67.9999,58.9999,66.4001,68.4,68.0001,64.8001,74.2,64.5999,61.6,70.4001,64.4,61.6


========================================================
Test11 (ADC Calibration) results 2008-07-28 12:43:15
Board ID021 36 channels
Linux calibration software

Calibration DAC Range: [1000 - 3500]

A:
0.7396,0.7432,0.744,0.7428,0.738,0.7392,0.7396,0.7392,0.7408,0.7344,0.738,0.7344
0.7396,0.7428,0.7408,0.7544,0.7408,0.7388,0.7372,0.7444,0.7508,0.742,0.7392,0.7388
0.7436,0.7444,0.7416,0.7496,0.7376,0.7412,0.7384,0.7408,0.7424,0.7416,0.7428,0.742


B:
67.4,68.8,65.9999,70.2,63.0001,66.8,67.4,67.8,65.1999,64.6001,65.0001,76.6001
66.4,66.2,65.1999,56.5999,59.1999,68.2,68.7999,65.5999,65.2,73.0001,65.8,69.2
68.4,57.5999,66.4001,67.4,68.3999,63.8001,74.6001,64.1999,61.6,70.4001,64.2,62.0001


========================================================
Test11 (ADC Calibration) results 2009-01-15 10:55:31
Board ID021 36 channels
Host: ufcmshv3
Linux calibration software

Calibration DAC Range: [1000 - 3500]

A:
0.7724,0.7576,0.7692,0.7676,0.77,0.7588,0.7628,0.7624,0.7648,0.7612,0.7668,0.7572
0.7612,0.7712,0.7628,0.7584,0.7688,0.7632,0.7664,0.7656,0.7704,0.766,0.7708,0.7728
0.7764,0.774,0.7736,0.772,0.7648,0.7564,0.762,0.768,0.7612,0.764,0.7544,0.7672


B:
66.5999,67.4,66.7999,69.4,65.0001,67.1999,66.2001,66.6001,65.2,64.8,64.2001,74.8
66.8,64.8,67.2001,65.5999,60.1999,67.8,68.6001,64.3999,70.6,74.0001,65.2,67.1999
66.5999,57,65.4001,67.9999,67.2,62.6,72.9999,64,61.8,70,66.5999,61.8


