========================================================

Test10 results 09-29-2006  10:00:23
Board ID327  30 channels
HV Tests Software Ver.1.6.8

+5V 2538 - O'k
-5V 1309 - O'k
Interlock - On
Number of Samples: 400

Voltmeter channel: A=1.096491, B=10.964951

A:
Limits 1.1 +/- 0.1
1.074691,1.075269,1.074691,1.075847,1.071237,1.069519,1.080497,1.076426,1.084011,1.076426
1.071811,1.076426,1.072386,1.072386,1.080497,1.078167,1.077586,1.079331,1.06553,1.086957
1.087548,1.072386,1.078167,1.06383,1.075269,1.072961,1.078167,1.081081,1.073537,1.076426


B:
Limits 0.0 +/- 30.0
8.597414,11.827781,12.896177,12.910025,11.783437,14.973378,18.368458,11.840678,18.428186,13.993531
15.005518,6.458547,11.796368,7.506824,11.885475,11.859968,15.086329,9.714025,8.524389,11.956598
13.050716,5.362052,11.859968,13.829816,11.827781,12.875696,14.016302,17.297476,9.661671,10.764252
========================================================
Test10 (ADC Calibration) results 2008-01-30 09:52:14
Board ID327 30 channels
Linux calibration software

Voltmeter channel: A=1.08811, B=-1384.56

A:
1.07265,1.07315,1.07184,1.07355,1.0686,1.06717,1.07866,1.07391,1.08216,1.07371
1.06924,1.07371,1.06984,1.0691,1.07812,1.07585,1.07621,1.07651,1.06303,1.08332
1.08557,1.06964,1.07598,1.0613,1.07251,1.06994,1.07541,1.08156,1.07034,1.07415


B:
3.23191,6.81146,8.78397,7.15386,6.46264,9.75808,12.7121,7.05911,13.3228,10.2401
10.5904,3.09271,7.02442,5.10034,6.55698,7.13736,7.62677,5.79647,3.7787,8.6942
6.98232,2.20977,6.48246,10.8412,8.62372,9.75651,10.0743,10.2071,7.11574,5.38677


========================================================
Test10 (ADC Calibration) results 2008-05-09 10:46:22
Board ID327 30 channels
Linux calibration software

Voltmeter channel: A=1.08906, B=-1385.02

A:
1.07214,1.07429,1.07202,1.07388,1.06927,1.0676,1.07856,1.07371,1.08271,1.07415
1.06944,1.07435,1.06984,1.0687,1.0789,1.07565,1.07621,1.08187,1.06356,1.08447
1.08557,1.07038,1.07661,1.06183,1.07275,1.06964,1.07645,1.08116,1.06994,1.07523


B:
4.94395,3.35985,8.76355,6.72335,6.40764,8.60059,12.6397,8.38755,12.6314,9.68336
11.0041,1.87979,7.02442,6.67837,5.56373,8.46899,7.6,9.34852,2.89877,6.03991
7.66814,0.470452,5.46903,10.1667,8.32235,10.1401,8.22815,11.518,8.2963,2.9367


========================================================
Test10 (ADC Calibration) results 2008-06-02 05:07:58
Board ID327 30 channels
Linux calibration software

Voltmeter channel: A=1.08935, B=-1388.34

A:
1.07335,1.07398,1.07248,1.07355,1.06874,1.06743,1.07866,1.07435,1.08267,1.07415
1.0698,1.07445,1.0699,1.07024,1.07866,1.07561,1.06964,1.07661,1.06366,1.08393
1.08557,1.07058,1.07712,1.0613,1.07271,1.07004,1.07571,1.07966,1.07031,1.07469


B:
3.33643,5.06911,7.49636,7.08031,7.22209,9.61591,12.6334,6.42839,12.6017,10.2093
10.2686,0.403058,7.94109,2.98352,5.79073,9.4418,17.2098,6.46903,2.70713,8.92991
8.18227,0.1445,4.75469,10.58,9.16859,9.55878,9.69247,13.3546,7.76056,3.55022


