========================================================

Test10 results 12-19-2006  19:17:42
Board ID337  30 channels
HV Tests Software Ver.1.6.8

+5V 2505 - O'k
-5V 1323 - O'k
Interlock - On
Number of Samples: 400

Voltmeter channel: A=1.082837, B=7.580034

A:
Limits 1.1 +/- 0.1
1.058201,1.075847,1.067806,1.077586,1.078167,1.074114,1.075847,1.078167,1.078167,1.081666
1.075269,1.072961,1.070091,1.074114,1.080497,1.072961,1.075847,1.073537,1.074691,1.068947
1.068376,1.075847,1.075847,1.085776,1.069519,1.086366,1.074691,1.072386,1.074691,1.060445


B:
Limits 0.0 +/- 30.0
19.047558,16.137566,21.356155,24.784603,14.016302,16.111746,8.606635,8.625466,9.703633,16.225027
20.429932,16.09458,13.910991,16.111746,18.368458,17.167542,12.910025,8.588134,12.896177,21.378981
16.025656,12.910025,15.061719,18.458202,16.042896,11.950203,19.344324,15.013526,6.448031,13.785637
========================================================
Test10 (ADC Calibration) results 2008-01-29 11:05:03
Board ID337 30 channels
Linux calibration software

Voltmeter channel: A=1.07495, B=-1248.28

A:
1.05734,1.07482,1.0661,1.07697,1.07489,1.07188,1.07356,1.0762,1.07816,1.07994
1.07268,1.07192,1.06774,1.07292,1.07866,1.07114,1.07429,1.07071,1.07326,1.06653
1.0666,1.07449,1.07409,1.08583,1.06861,1.08401,1.07372,1.07091,1.07192,1.05935


B:
12.0591,8.54851,14.3872,15.464,11.2423,12.1693,4.28776,3.01033,1.60107,10.3967
16.4944,8.41084,9.70289,9.9206,12.4986,11.9338,6.60561,5.25427,6.65161,16.1021
10.6181,7.10032,9.96354,8.39746,8.27616,7.17095,11.3741,9.0117,2.97934,7.287


========================================================
Test10 (ADC Calibration) results 2008-06-19 12:08:44
Board ID337 30 channels
Linux calibration software

Voltmeter channel: A=1.07, B=0

A:
1.07391,1.09111,1.08293,1.09256,1.09292,1.08921,1.0902,1.09292,1.09265,1.09656
1.09011,1.08804,1.08454,1.08966,1.09474,1.0884,1.09074,1.08867,1.09092,1.08624
1.08391,1.09029,1.0902,1.10273,1.08454,1.10152,1.09301,1.08777,1.08903,1.07487


B:
9.6885,8.27438,13.4063,17.867,7.26328,9.58289,3.65462,3.11013,3.79835,9.17867
14.2034,8.91887,8.67183,8.07857,13.2552,9.45796,6.64371,2.45948,4.7313,13.8332
8.81643,7.7143,10.4138,8.18159,8.45497,5.30822,8.71018,8.51495,1.47201,7.0682


========================================================
Test10 (ADC Calibration) results 2008-07-17 09:50:45
Board ID337 30 channels
Linux calibration software

Voltmeter channel: A=1.07, B=0

A:
1.07431,1.09155,1.08305,1.09353,1.09325,1.08948,1.0908,1.09334,1.09325,1.09704
1.09024,1.08836,1.08528,1.09014,1.09571,1.08883,1.09136,1.08911,1.08977,1.08649
1.08444,1.09052,1.09099,1.10345,1.08481,1.10201,1.0941,1.08836,1.08948,1.03936


B:
9.09852,7.64534,13.9458,16.1026,7.39613,9.32864,2.66507,2.28009,3.02313,8.96128
14.089,9.05666,7.76911,7.85206,11.4912,9.27866,5.8537,2.48504,6.23597,13.6025
8.977,7.50595,9.47364,8.18082,8.85004,4.64222,8.36525,8.18592,1.04833,39.4101


========================================================
Test10 (ADC Calibration) results 2008-07-19 11:33:18
Board ID337 30 channels
Linux calibration software

Voltmeter channel: A=1.07, B=0

A:
1.07449,1.09127,1.08314,1.09344,1.09372,1.08958,1.0908,1.09325,1.09268,1.09704
1.09052,1.08855,1.08491,1.08986,1.09552,1.08855,1.09099,1.08892,1.0864,1.0863
1.08444,1.09061,1.09089,1.10345,1.08463,1.10144,1.09372,1.08827,1.0893,1.05654


B:
9.1433,8.12309,13.4276,15.9702,6.52484,9.02413,2.88318,2.36746,3.10836,8.74193
13.1766,8.01333,8.11343,8.11139,12.3216,9.31941,6.41883,2.44121,8.69028,13.5566
8.76017,7.41965,9.34185,7.51853,9.0218,6.04944,8.93086,8.27169,1.4398,22.075


========================================================
Test10 (ADC Calibration) results 2008-07-19 17:28:33
Board ID337 30 channels
Linux calibration software

Voltmeter channel: A=1.07, B=0

A:
1.07395,1.09118,1.08296,1.09353,1.09306,1.08967,1.0908,1.09306,1.09278,1.09704
1.09024,1.08808,1.08509,1.09052,1.09562,1.08873,1.0908,1.08883,1.08138,1.08612
1.08425,1.09071,1.09099,1.10317,1.08472,1.10182,1.0942,1.08808,1.08967,1.06303


B:
9.65317,8.42759,13.5982,16.1026,7.56946,8.50213,2.66507,2.97865,2.58417,8.52219
14.089,9.09719,8.15836,7.06959,11.7969,8.92911,6.81017,2.96328,13.1009,14.162
8.93204,6.89682,9.03736,8.44308,8.71901,5.25812,8.06002,8.22706,0.874427,16.4334


========================================================
Test10 (ADC Calibration) results 2008-07-20 15:54:11
Board ID337 30 channels
Linux calibration software

Voltmeter channel: A=1.07, B=0

A:
1.07422,1.09108,1.08314,1.09344,1.09334,1.08948,1.09071,1.09306,1.09231,1.09704
1.09033,1.08845,1.08518,1.09005,1.09552,1.08883,1.0908,1.08911,1.07705,1.08621
1.08435,1.0908,1.09089,1.10326,1.08472,1.10182,1.0942,1.08808,1.08948,1.0624


B:
8.96875,8.29588,13.4276,15.9702,7.30958,9.54636,2.75209,2.97865,3.67514,8.74193
13.7847,8.31743,7.85485,7.50237,12.3216,8.84323,6.81017,2.26727,17.7409,14.0765
8.62913,7.24638,9.12385,8.13503,8.28497,4.81749,7.84085,8.22706,1.04833,16.8056


========================================================
Test10 (ADC Calibration) results 2008-07-24 14:52:16
Board ID337 30 channels
Linux calibration software

Voltmeter channel: A=1.07, B=0

A:
1.07404,1.09118,1.08323,1.09344,1.09334,1.08948,1.09071,1.09306,1.0924,1.09704
1.09033,1.08845,1.08509,1.08995,1.09562,1.08873,1.0908,1.08883,1.08073,1.0864
1.08453,1.09052,1.09089,1.10326,1.08491,1.1022,1.09382,1.08827,1.0893,1.0892


B:
9.35409,8.20953,13.1256,16.1888,6.87235,8.89256,2.75209,2.97865,3.15108,8.74193
14.0028,8.53495,7.94139,8.0247,12.0159,8.71142,6.81017,2.31027,13.914,13.4707
8.45691,7.94205,9.34185,8.13503,8.11343,4.24633,8.4066,8.05409,1.8758,7.84442


========================================================
Test10 (ADC Calibration) results 2008-07-24 21:41:51
Board ID337 30 channels
Linux calibration software

Voltmeter channel: A=1.07, B=0

A:
1.07431,1.09118,1.08277,1.09325,1.09344,1.08939,1.09061,1.09325,1.0925,1.09676
1.09005,1.08836,1.08509,1.08995,1.09552,1.08883,1.09089,1.08864,1.07954,1.08686
1.08425,1.09042,1.09099,1.10336,1.08463,1.10153,1.09391,1.08827,1.08883,1.08845


B:
8.02421,7.99134,13.7692,16.5797,6.78503,9.41454,2.83875,2.58605,3.28247,9.00215
14.2609,8.40354,7.50707,7.80688,11.6645,9.06095,6.50542,3.1366,14.8042,12.6072
8.93204,7.59268,9.03736,8.04759,8.58818,5.74107,8.31991,7.40141,2.09256,8.97023


