========================================================

Test11 results 12-19-2006  19:34:19
Board ID337  30 channels
HV Tests Software Ver.1.6.8

+5V 2503 - O'k
-5V 1322 - O'k
Interlock - On
Calibration DAC Range: [2500 - 2900]
Number of Samples: 400

A:
Limits 0.76 +/- 0.04
0.760456,0.747664,0.750469,0.743494,0.743494,0.747664,0.747664,0.746269,0.743494,0.743494
0.746269,0.747664,0.75188,0.747664,0.742115,0.747664,0.747664,0.747664,0.747664,0.750469
0.75188,0.746269,0.746269,0.743494,0.750469,0.739372,0.746269,0.749064,0.746269,0.756144


B:
Limits 60.0 +/- 30.0
55.330284,58.958981,68.903778,62.296051,79.931534,63.536411,64.589455,61.363026,82.336456,61.129803
64.179207,69.788605,60.638317,64.339386,70.260529,69.788605,64.589455,71.479973,62.815762,68.995018
65.188698,71.48539,65.062302,64.872322,69.086266,65.407829,66.505104,66.812233,73.723099,71.878242
========================================================
Test11 (DAC Calibration) results 2008-01-29 11:05:03
Board ID337 30 channels
Linux calibration software
Calibration DAC Range: [1100 - 2700]

A:
0.75851,0.746547,0.752658,0.745434,0.74613,0.748223,0.747803,0.746338,0.743494,0.743011
0.747664,0.748573,0.75188,0.747873,0.743149,0.748363,0.746547,0.749415,0.748013,0.751597
0.752304,0.746408,0.746687,0.74308,0.750892,0.73985,0.747314,0.749274,0.748573,0.757074


B:
70.7025,72.1538,71.7189,64.89,81.0854,70.7444,74.014,71.247,89.591,72.4158
69.1214,76.2514,69.9248,72.7213,76.6837,76.2395,78.1262,75.4006,69.8364,74.6713
72.9548,79.362,72.4099,74.6981,77.1353,72.94,72.4428,74.9929,75.5028,76.7388


========================================================
Test11 (ADC Calibration) results 2008-06-19 12:56:33
Board ID337 30 channels
Linux calibration software

Calibration DAC Range: [1000 - 3500]

A:
0.7468,0.7352,0.7408,0.7352,0.7344,0.7368,0.7368,0.7344,0.7332,0.7316
0.736,0.7372,0.7404,0.736,0.7324,0.7368,0.7348,0.7372,0.7364,0.7384
0.74,0.7356,0.736,0.7312,0.7396,0.7284,0.734,0.7372,0.7372,0.746


B:
72.2,72.8,73.1999,62.8,82.6001,71.2,73.2,72.6001,88.7999,73.4
71,76.7999,70.5999,75,75.6,77.2,79.2001,77.7999,70.6,76.6001
75,79.4,71,76.8001,77.4,73.6,74.9999,76.7999,75.7999,78


========================================================
Test11 (ADC Calibration) results 2008-07-17 10:58:43
Board ID337 30 channels
Linux calibration software

Calibration DAC Range: [1000 - 3500]

A:
0.7468,0.7352,0.7404,0.734,0.734,0.7368,0.7364,0.7344,0.7324,0.7316
0.736,0.7368,0.74,0.7356,0.7312,0.7368,0.734,0.7368,0.7372,0.738
0.7404,0.7352,0.7352,0.7312,0.7396,0.728,0.7332,0.7372,0.7364,0.772


B:
72.2,72.8,73.5999,64.9999,82.9999,72.2,74.6,72.6001,90.6,73.4
70,77.2,71,75.4,78.8001,77.2,80.9999,77.2,68.7999,77.0001
72.5999,79.8,72.8,75.8001,77.4,74.0001,75.7999,75.7999,77.6,51.9999


========================================================
Test11 (ADC Calibration) results 2008-07-20 18:37:46
Board ID337 30 channels
Linux calibration software

Calibration DAC Range: [1000 - 3500]

A:
0.7468,0.7352,0.7408,0.734,0.734,0.7364,0.7364,0.7344,0.7336,0.7316
0.736,0.7368,0.7396,0.736,0.732,0.7364,0.7352,0.7372,0.7456,0.7384
0.7396,0.7352,0.7352,0.7312,0.7396,0.7284,0.7328,0.7372,0.7368,0.7552


B:
72.2,72.8,72.1999,64.9999,82.9999,71.6,74.6,72.6001,88.3999,73.4
70,77.2,72.4,75,76,78.6,77.8,76.7999,61.4001,75.6001
75.4,79.8,72.8,75.8001,77.4,73.6,76.2,75.7999,76.2,68.7999


========================================================
Test11 (ADC Calibration) results 2008-07-24 23:03:59
Board ID337 30 channels
Linux calibration software

Calibration DAC Range: [1000 - 3500]

A:
0.7464,0.7352,0.7408,0.7344,0.734,0.7364,0.7364,0.7344,0.7332,0.7316
0.7356,0.7372,0.74,0.736,0.7316,0.736,0.7356,0.7376,0.7436,0.7376
0.7396,0.7352,0.7356,0.7312,0.7392,0.7284,0.7332,0.7368,0.7368,0.7368


B:
73.6,72.8,73.1999,64.6001,82.9999,72.6,74.6,72.6001,89.7999,74.4
71.4,76.7999,72,75,78.4,79,77.4,76.3999,64.4,78.3999
75.4,79.8,72.4,75.8001,78.8,73.6,75.7999,78.2,77.2,77.2


========================================================
Test11 (ADC Calibration) results 2008-08-13 01:14:42
Board ID337 30 channels
Linux calibration software

Calibration DAC Range: [1000 - 3500]

A:
0.7464,0.7348,0.7404,0.734,0.7336,0.7368,0.736,0.7348,0.7344,0.7316
0.7356,0.7368,0.74,0.7356,0.7312,0.736,0.7352,0.7368,0.7504,0.7376
0.74,0.7356,0.7356,0.7308,0.74,0.728,0.7328,0.7368,0.7364,0.7368


B:
72.6,73.2001,73.5999,64.9999,83.3999,71.2,75,71.2001,88.6001,73.4
71.4,77.2,71,75.4,77.8001,79,77.8,77.2,56.6,76.3999
74,78.4,71.4,76.2001,76,74.0001,75.2,76.2,76.6,76.2


========================================================
Test11 (DAC Calibration) results 2008-08-27 10:32:29
Board ID337 30 channels
Linux calibration (server mode)

Calibration DAC Range: [3100 - 3500]

A:
0.766,0.754,0.759714,0.750857,0.756286,0.755429,0.755429,0.753429,0.757429,0.750571
0.754286,0.757429,0.758571,0.755143,0.752,0.756857,0.755714,0.756857,0.754286,0.757714
0.759143,0.756,0.754,0.750857,0.759714,0.747714,0.752,0.756857,0.756857,0.756857


B:
0.0,0.0,0.0,0.0,0.0,0.0,0.0,0.0,0.0,0.0
0.0,0.0,0.0,0.0,0.0,0.0,0.0,0.0,0.0,0.0
0.0,0.0,0.0,0.0,0.0,0.0,0.0,0.0,0.0,0.0


========================================================
Test11 (ADC Calibration) results 2008-08-27 13:08:29
Board ID337 30 channels
Linux calibration software

Calibration DAC Range: [1000 - 3500]

A:
0.7448,0.7336,0.7388,0.7324,0.7328,0.7352,0.7344,0.7328,0.7352,0.73
0.734,0.7352,0.738,0.7344,0.7304,0.7352,0.7336,0.7356,0.7384,0.758
0.7376,0.7336,0.734,0.7292,0.7376,0.7272,0.7308,0.7352,0.7352,0.7352


B:
72.2001,71.3999,72.2,63.6,81.2,69.8,74.6001,71.2,84.8,72.9999
70.9999,76.8,71.0001,73.6001,75.5999,76.8,77.3999,74.4,65.6001,53.9999
74.3999,78.3999,70.9999,75.8,77.3999,71.8001,74.2001,74.8,74.8,74.8


========================================================
Test11 (DAC Calibration) results 2008-08-28 18:58:20
Board ID337 30 channels
Linux calibration (server mode)

Calibration DAC Range: [3100 - 3500]

A:
0.7525,0.7375,0.7425,0.7375,0.74,0.74,0.7425,0.7425,0.75,0.735
0.74,0.7425,0.7475,0.74,0.7375,0.7425,0.7425,0.76,0.755,0.76
0.745,0.74,0.7425,0.7325,0.745,0.7325,0.7375,0.74,0.7425,0.7425


B:
75.3,87.7,89.2,76.7,85.0,83.0,75.2,67.2,77.0,84.5
79.0,81.2,68.7,83.0,80.7,80.2,76.2,77.0,83.5,77.0
78.5,86.0,70.2,93.2,81.5,82.2,80.7,88.0,79.2,79.2


========================================================
Test11 (DAC Calibration) results 2008-08-30 18:22:57
Board ID337 30 channels
Linux calibration (server mode)

Calibration DAC Range: [3100 - 3500]

A:
0.755,0.7375,0.7475,0.7425,0.745,0.7425,0.7475,0.7425,0.7475,0.7425
0.745,0.745,0.75,0.7425,0.7375,0.745,0.7425,0.7625,0.7575,0.76
0.745,0.745,0.7425,0.74,0.75,0.735,0.7425,0.745,0.7425,0.7475


B:
77.5,96.7,81.7,69.2,78.5,84.2,69.7,77.2,91.7,68.2
72.5,81.5,70.0,83.2,89.7,81.5,85.2,79.3,66.8,85.0
88.5,78.5,81.2,77.0,75.0,82.5,73.2,81.5,89.2,73.7


========================================================
Test11 (DAC Calibration) results 2008-08-30 21:24:18
Board ID337 30 channels
Linux calibration (server mode)

Calibration DAC Range: [3100 - 3500]

A:
0.735,0.72,0.725,0.7225,0.72,0.7225,0.7225,0.7225,0.73,0.7175
0.725,0.7225,0.7275,0.7225,0.7175,0.72,0.7225,0.7475,0.74,0.755
0.7225,0.72,0.725,0.7225,0.725,0.715,0.72,0.7275,0.725,0.7275


B:
74.5,86.0,87.5,67.2,92.0,81.2,82.2,74.2,90.0,82.8
70.5,88.2,75.7,82.2,87.8,95.0,82.2,63.7,67.0,80.5
93.2,93.0,70.5,67.2,88.5,80.5,79.0,70.7,77.5,70.7


========================================================
Test11 (DAC Calibration) results 2008-08-30 21:52:01
Board ID337 30 channels
Linux calibration (server mode)

Calibration DAC Range: [3100 - 3500]

A:
0.7575,0.7475,0.7475,0.74,0.7425,0.745,0.745,0.7425,0.7475,0.74
0.7425,0.7425,0.7475,0.745,0.735,0.745,0.7425,0.765,0.7625,0.78
0.75,0.745,0.745,0.74,0.7475,0.7375,0.74,0.745,0.745,0.745


B:
68.8,63.7,82.7,78.0,86.2,76.5,77.5,77.2,94.7,77.0
81.2,90.2,77.7,76.5,98.5,81.5,85.2,72.5,72.3,80.0
72.0,79.5,72.5,77.0,82.7,74.7,82.0,80.5,80.5,81.5


========================================================
Test11 (DAC Calibration) results 2008-08-31 12:06:20
Board ID337 30 channels
Linux calibration (server mode)

Calibration DAC Range: [3100 - 3500]

A:
0.7525,0.7425,0.7475,0.74,0.7425,0.745,0.745,0.7475,0.75,0.74
0.7425,0.7475,0.7475,0.745,0.735,0.745,0.7475,0.7575,0.7525,0.7725
0.75,0.745,0.745,0.745,0.7475,0.7425,0.74,0.74,0.745,0.745


B:
86.3,80.2,83.7,78.0,87.2,76.5,77.5,60.7,91.0,77.0
80.2,73.7,78.7,76.5,98.5,81.5,68.7,95.8,79.3,80.3
72.0,79.5,72.5,61.5,83.7,58.2,82.0,98.0,80.5,81.5


========================================================
Test11 (DAC Calibration) results 2008-08-31 16:15:25
Board ID337 30 channels
Linux calibration (server mode)

Calibration DAC Range: [3100 - 3500]

A:
0.7525,0.7425,0.7475,0.74,0.7425,0.745,0.745,0.7425,0.755,0.74
0.745,0.7425,0.7475,0.745,0.735,0.745,0.7475,0.76,0.755,0.76
0.75,0.745,0.745,0.735,0.7475,0.7375,0.74,0.7425,0.745,0.745


B:
86.3,81.2,82.7,78.0,86.2,76.5,77.5,77.2,75.5,77.0
73.5,90.2,77.7,76.5,98.5,81.5,69.7,90.0,74.5,85.0
72.0,79.5,72.5,94.5,82.7,74.7,82.0,89.2,80.5,81.5


========================================================
Test11 (DAC Calibration) results 2008-08-31 18:30:21
Board ID337 30 channels
Linux calibration (server mode)

Calibration DAC Range: [3100 - 3500]

A:
0.7525,0.7425,0.7475,0.74,0.7425,0.745,0.745,0.7425,0.75,0.74
0.74,0.7475,0.75,0.745,0.735,0.745,0.7425,0.765,0.7625,0.7675
0.75,0.745,0.745,0.735,0.7425,0.7375,0.74,0.7475,0.745,0.745


B:
86.3,80.2,81.7,78.0,87.2,76.5,77.5,76.2,99.0,77.0
89.0,73.7,71.0,76.5,98.5,81.5,86.2,74.5,66.3,87.8
72.0,79.5,72.5,94.5,99.2,75.7,82.0,72.7,80.5,81.5


========================================================
Test11 (DAC Calibration) results 2008-09-01 15:18:45
Board ID337 30 channels
Linux calibration (server mode)

Calibration DAC Range: [3100 - 3500]

A:
0.7525,0.7425,0.7475,0.74,0.7425,0.745,0.745,0.7425,0.7475,0.74
0.74,0.7475,0.745,0.745,0.735,0.745,0.7425,0.7425,0.75,0.7575
0.745,0.745,0.745,0.7425,0.7475,0.7375,0.74,0.7425,0.745,0.745


B:
86.3,79.2,82.7,78.0,86.2,76.5,77.5,77.2,74.7,77.0
89.0,72.7,86.5,76.5,98.5,81.5,85.2,89.2,75.0,93.8
87.5,79.5,72.5,68.2,82.7,74.7,82.0,89.2,80.5,81.5


