========================================================

Test10 results 01-25-2006  11:58:24
Board ID160  36 channels
HV Tests Software Ver.1.6

+5V 2488 - O'k
-5V 1334 - O'k
Interlock - On

Voltmeter channel: A=1.077586, B=8.620811

A:
Limits 1.1 +/- 0.1
1.070664,1.089325,1.081081,1.081081,1.078749,1.083424,1.071811,1.077006,1.082251,1.082251,1.080497,1.094691
1.087548,1.089918,1.091703,1.088139,1.077586,1.085187,1.089325,1.081666,1.075847,1.081081,1.076426,1.084011
1.083424,1.075847,1.077586,1.084011,1.086957,1.078749,1.075847,1.083424,1.078749,1.070091,1.089325,1.078749


B:
Limits 0.0 +/- 35.0
14.9893,10.893338,5.405584,9.729908,4.314804,10.834251,7.502839,7.538823,6.493545,8.658047,10.804978,7.662653
8.700525,2.179838,9.825326,7.616924,9.698398,16.277802,14.161312,6.490035,9.682483,8.648827,8.6114,9.7561
7.583981,8.606635,9.698398,7.588078,11.956598,8.629799,6.454941,11.917675,14.023542,13.910991,9.804014,6.472301
========================================================
Test10 (ADC Calibration) results 2008-03-25 11:29:55
Board ID160 36 channels
Linux calibration software

Voltmeter channel: A=1.07675, B=12.5878

A:
1.07308,1.08846,1.08065,1.08014,1.07786,1.08422,1.07107,1.07712,1.08196,1.0823,1.08024,1.09325
1.0875,1.08986,1.09133,1.08805,1.07762,1.08377,1.09047,1.08105,1.07591,1.08155,1.0756,1.08518
1.08302,1.07574,1.07782,1.08407,1.0878,1.07853,1.07564,1.08417,1.08206,1.07087,1.08936,1.07772


B:
8.08996,8.38587,3.41922,7.50011,3.80407,5.70888,6.27205,3.98427,3.75243,4.35053,6.85202,7.28437
4.61229,-0.396507,7.42707,5.60222,5.26608,15.4443,8.25238,5.10651,4.76976,4.50267,6.98199,3.59353
5.71234,5.19944,6.08745,5.17557,7.02755,6.19048,4.78222,6.8471,6.54196,7.78647,4.8681,4.13805


