========================================================

Test15 results 04-12-2005  13:28:25
Board ID010  8 channels
HV Tests Software Ver.1.6


A:
Limits 1.45 +/- 2.0
1.428571,1.429593,1.433692,1.43472,1.408451,1.424501,1.426534,1.427552


B:
Limits 0.0 +/- 160.0
12.857048,-8.577677,4.301121,12.912348,9.859102,9.971525,-8.55936,7.137765
========================================================
Test15 (Master ADC Calibration) results 2008-06-19 12:39:50
Board ID10 7 channels
Linux calibration software


A:
1.4234,1.42931,1.43006,1.43453,1.41026,1.42783,1.42561,1.42857

B:
10.7403,-11.9542,4.68028,10.1722,5.7693,17.6531,-6.48001,4.28562

========================================================
Test15 (Master ADC Calibration) results 2008-06-20 18:42:23
Board ID10 7 channels
Linux calibration software


A:
1.42487,1.43006,1.43155,1.43528,1.40306,1.43006,1.42709,1.42931

B:
6.86522,-13.9105,2.21233,8.22016,-0.382777,4.68028,-10.3788,2.33896

========================================================
Test15 (Master ADC Calibration) results 2008-06-20 19:57:25
Board ID10 7 channels
Linux calibration software


A:
1.42192,1.42783,1.43006,1.43304,1.40092,1.42561,1.42487,1.42635

B:
10.3411,-10.9035,3.25022,11.2039,2.5472,7.77608,-7.38348,5.83501

========================================================
Test15 (Master ADC Calibration) results 2008-06-20 20:18:49
Board ID10 7 channels
Linux calibration software


A:
1.42413,1.42931,1.4308,1.43379,1.40306,1.42709,1.42561,1.42931

B:
7.37957,-13.3835,2.73147,10.6882,1.02028,6.74624,-7.90562,0.909645

========================================================
Test15 (ADC Calibration) results 2009-04-07 10:00:43
Board ID010 8 channels
Host: ufcmshv3
Linux calibration software

A:
1.43965,1.43062,1.40586,1.4371,1.41597,1.45025,1.40283,1.40815


B:
8.37197,-14.5922,1.55739,8.68876,-8.73543,6.58193,-10.3161,2.75155


