========================================================

Test16 results 04-12-2005  13:30:41
Board ID010  8 channels
HV Tests Software Ver.1.6
Calibration DAC Range: [1000 - 2300]


A:
Limits 0.57 +/- 0.1
0.568182,0.565956,0.565463,0.564236,0.575986,0.56843,0.569676,0.56843


B:
Limits 50.0 +/- 60.0
45.941601,50.74123,41.389874,43.865707,31.751556,48.141659,42.41119,45.768017
========================================================
Test16 (Master DAC Calibration) results 2008-06-19 12:39:50
Board ID10 7 channels
Linux calibration software
Calibration DAC Range: [1000 - 2200]

A:
0.568173,0.56582,0.567055,0.564218,0.573157,0.571259,0.569055,0.568105

B:
48.4873,52.4572,39.487,45.9807,41.6077,35.4295,43.8173,46.7198

========================================================
Test16 (Master DAC Calibration) results 2008-06-20 18:42:23
Board ID10 7 channels
Linux calibration software
Calibration DAC Range: [1000 - 2200]

A:
0.567584,0.565373,0.566618,0.564152,0.57664,0.567745,0.568311,0.56781

B:
50.8546,54.6238,40.3038,46.5365,43.5863,52.9317,46.6119,47.9888

========================================================
Test16 (Master DAC Calibration) results 2008-06-20 19:57:25
Board ID10 7 channels
Linux calibration software
Calibration DAC Range: [1000 - 2200]

A:
0.568914,0.566103,0.567131,0.565035,0.577834,0.565309,0.569427,0.568913

B:
48.1279,53.512,40.0059,44.6815,41.0539,67.0347,44.0421,45.9636

========================================================
Test16 (Master DAC Calibration) results 2008-06-20 20:18:49
Board ID10 7 channels
Linux calibration software
Calibration DAC Range: [1000 - 2200]

A:
0.567879,0.565744,0.56676,0.564741,0.576174,0.566626,0.568901,0.567503

B:
50.5604,53.8789,40.4306,45.1379,44.1979,50.7328,44.8866,49.3147

