========================================================

Test10 results 01-24-2006  16:44:31
Board ID050  36 channels
HV Tests Software Ver.1.6

+5V 3090 - O'k
-5V 1407 - O'k
Interlock - On

Voltmeter channel: A=1.060445, B=8.48341

A:
Limits 1.1 +/- 0.1
1.067806,1.066098,1.070091,1.063264,1.06383,1.06553,1.064963,1.064396,1.058761,1.072961,1.062699,1.058201
1.068376,1.067236,1.069519,1.066098,1.078749,1.066098,1.059883,1.068376,1.073537,1.054296,1.068376,1.066667
1.067236,1.070091,1.060445,1.064396,1.066098,1.072961,1.077586,1.068947,1.076426,1.072386,1.074114,1.064963


B:
Limits 0.0 +/- 35.0
7.474683,9.594834,10.700718,9.569267,12.765985,12.786509,13.844446,10.64415,13.763935,8.583851,17.003403,17.989357
9.6154,10.672477,9.625785,11.727031,11.866045,14.925324,22.257765,13.888905,9.661671,12.651564,10.683776,7.466458
7.470769,8.560535,14.846082,14.901733,5.330442,9.656813,16.163914,13.896351,9.687826,11.796368,8.592949,12.779484
========================================================
Test10 (ADC Calibration) results 2008-03-25 10:27:56
Board ID50 36 channels
Linux calibration software

Voltmeter channel: A=1.06021, B=5.49934

A:
1.06783,1.06607,1.07094,1.06356,1.06303,1.06533,1.06553,1.06413,1.05953,1.07327,1.06433,1.05803
1.069,1.06787,1.06967,1.06603,1.07988,1.0659,1.06106,1.06877,1.07404,1.05588,1.06833,1.06707
1.06683,1.07044,1.06383,1.06657,1.06607,1.07407,1.07854,1.07054,1.07698,1.07254,1.07419,1.06456


B:
4.36875,7.23737,6.06071,7.51144,12.1935,11.9085,9.98687,9.64673,10.4828,5.51742,9.81633,15.5486
5.58552,6.18977,6.68365,10.4778,7.35445,13.8481,17.4145,10.9072,7.08436,6.70086,9.53218,3.95308
6.78613,5.77231,6.559,8.79473,4.1713,5.18533,12.4698,8.78528,6.43842,8.08117,7.26507,10.0345


========================================================
Test10 (ADC Calibration) results 2008-06-10 20:54:04
Board ID50 36 channels
Linux calibration software

Voltmeter channel: A=1.06024, B=6.46981

A:
1.0003,1.0661,1.07084,1.0642,1.0653,1.06637,1.0683,1.06503,1.06066,1.07337,1.06667,1.06126
1.07044,1.06807,1.07057,1.06867,1.07954,1.06503,1.06059,1.0698,1.07538,1.05598,1.06883,1.06757
1.06813,1.07104,1.06006,1.06657,1.0676,1.07477,1.07934,1.07334,1.07758,1.06096,1.07669,1.0668


B:
88.6147,8.06088,7.93044,7.56476,8.75372,11.4508,7.9048,7.82352,9.29384,6.53508,8.06648,14.5245
5.27222,7.73687,5.66961,9.17294,8.95046,15.0885,18.0802,9.05015,6.51941,9.22845,9.49843,5.44588
8.72465,6.21665,11.2434,10.2612,5.40247,6.03794,12.7244,8.7489,7.62308,16.0308,10.218,8.42852


========================================================
Test10 (ADC Calibration) results 2008-06-19 12:08:44
Board ID050 36 channels
Linux calibration software

Voltmeter channel: A=1.07, B=0

A:
1.01886,1.08333,1.088,1.08075,1.08217,1.08351,1.08521,1.08191,1.07747,1.09098,1.08351,1.07552
1.08737,1.08494,1.08719,1.08584,1.09709,1.08048,1.07561,1.08647,1.09162,1.07289,1.08602,1.08494
1.08396,1.08737,1.07658,1.08289,1.08459,1.09117,1.09663,1.09017,1.09499,1.0772,1.09389,1.08405


B:
63.9087,6.26643,6.29828,6.28254,8.20675,10.0019,7.78157,6.29021,8.03397,4.85801,8.91841,15.4305
4.05203,6.7279,6.39285,8.07096,7.13562,14.0935,18.791,8.36033,7.54843,7.3523,7.25375,3.69001
7.42156,6.22677,9.93129,10.3621,3.80559,6.0004,11.5019,8.0067,4.67693,14.7436,5.89991,7.98925


========================================================
Test10 (ADC Calibration) results 2008-07-17 09:50:45
Board ID050 36 channels
Linux calibration software

Voltmeter channel: A=1.07, B=0

A:
1.01871,1.08384,1.08842,1.08115,1.08375,1.08403,1.08645,1.08273,1.07783,1.09152,1.08477,1.05992
1.08757,1.08533,1.08767,1.08645,1.09759,1.07499,1.06152,1.08692,1.09266,1.07389,1.08664,1.08598
1.08291,1.08673,1.07553,1.08356,1.07783,1.0919,1.0975,1.09096,1.09521,1.07838,1.09389,1.0844


B:
62.4123,6.23053,5.91395,6.77346,6.96653,10.1775,7.07426,5.31285,8.12838,4.14504,7.75568,28.9987
4.51654,6.37086,6.17024,8.37794,7.11718,19.5836,31.125,8.16495,6.37946,6.63288,6.90184,3.37851
9.03941,6.16342,10.689,9.95571,10.284,5.76283,10.058,7.72043,4.68919,12.7914,5.90729,8.31612


========================================================
Test10 (ADC Calibration) results 2008-07-19 11:33:18
Board ID050 36 channels
Linux calibration software

Voltmeter channel: A=1.07, B=0

A:
1.01299,1.08384,1.08804,1.08115,1.083,1.08393,1.08636,1.08226,1.077,1.09133,1.08412,1.04831
1.08757,1.08514,1.08739,1.08636,1.09712,1.06591,1.05391,1.08683,1.09218,1.07361,1.08636,1.08542
1.08143,1.08608,1.07526,1.08338,1.06979,1.09171,1.09693,1.09114,1.09483,1.07783,1.09171,1.08403


B:
67.3217,5.58,6.25985,6.34084,7.8702,10.046,6.5086,6.39256,8.46538,4.53687,8.79068,34.9135
3.64643,6.5432,6.4293,7.81256,7.33296,25.8018,34.3486,8.03359,6.59467,6.67348,7.37774,4.11396
9.11131,6.54997,9.43888,9.69394,17.7283,5.28106,11.2363,6.67445,4.81861,13.733,7.68316,8.44286


========================================================
Test10 (ADC Calibration) results 2008-07-19 17:28:33
Board ID050 36 channels
Linux calibration software

Voltmeter channel: A=1.07, B=0

A:
1.02061,1.08366,1.08814,1.08097,1.0831,1.08412,1.08589,1.08263,1.07691,1.09143,1.08375,1.04527
1.08757,1.08542,1.08786,1.08598,1.09721,1.06206,1.05224,1.08683,1.09209,1.07361,1.08664,1.0857
1.08134,1.08561,1.07508,1.08338,1.06799,1.0918,1.09702,1.09077,1.09493,1.07765,1.0903,1.08403


B:
43.5067,5.96863,6.17316,6.72894,7.78471,9.44126,7.37436,5.39911,8.33541,4.01321,9.35073,38.1528
3.86389,6.06778,5.12694,8.59129,7.68525,29.782,35.0496,8.2509,6.89968,6.88815,6.46729,3.20344
9.41331,7.41499,10.2538,9.69394,19.4048,5.1945,10.9303,7.67523,5.16944,14.3336,8.76116,8.00948


========================================================
Test10 (ADC Calibration) results 2008-07-20 15:54:11
Board ID050 36 channels
Linux calibration software

Voltmeter channel: A=1.07, B=0

A:
1.01105,1.08403,1.08851,1.08106,1.083,1.08412,1.08589,1.08254,1.07654,1.09133,1.08431,1.04666
1.08786,1.08514,1.08786,1.08636,1.0974,1.06376,1.05364,1.08692,1.09228,1.07343,1.08655,1.0857
1.08087,1.0857,1.07425,1.08319,1.0669,1.09171,1.09712,1.09086,1.09483,1.07801,1.09124,1.08412


B:
70.1415,5.19078,4.95693,6.42699,8.08713,9.44126,7.59137,5.70148,8.67651,4.31866,8.18542,37.0748
3.16875,6.32622,5.34446,7.81256,6.85265,28.2152,34.3818,8.16495,6.28966,6.84414,7.20528,3.63761
10.4896,7.11169,11.2331,10.0817,20.4078,5.28106,10.4051,7.5888,5.25643,13.3473,8.11563,8.14037


========================================================
Test10 (ADC Calibration) results 2008-07-24 14:52:16
Board ID050 36 channels
Linux calibration software

Voltmeter channel: A=1.07, B=0

A:
1.0147,1.08319,1.08804,1.08069,1.083,1.08366,1.0858,1.08226,1.07719,1.09105,1.08459,1.05241
1.08701,1.08524,1.08786,1.08608,1.09712,1.07325,1.05682,1.08655,1.09247,1.07371,1.08617,1.08552
1.08226,1.08552,1.07581,1.083,1.07526,1.09171,1.09693,1.09077,1.09455,1.07755,1.09218,1.08393


B:
66.5446,6.18213,5.82448,6.98624,7.65365,10.3033,7.02588,5.9595,8.29463,4.36056,7.92741,33.4139
4.38292,6.02308,5.12694,8.28742,7.1137,19.6784,32.7138,8.72622,5.4608,6.15883,7.3329,3.37622
8.55709,7.28393,10.2187,10.4696,12.8797,5.49974,11.2363,7.67523,5.29852,14.2029,7.46847,8.31201


========================================================
Test10 (ADC Calibration) results 2008-07-24 21:41:51
Board ID050 36 channels
Linux calibration software

Voltmeter channel: A=1.07, B=0

A:
1.02184,1.08393,1.08823,1.08106,1.08319,1.08403,1.08617,1.08198,1.07719,1.09124,1.0844,1.04423
1.08776,1.08533,1.08786,1.08664,1.0975,1.06681,1.05057,1.0872,1.09237,1.07389,1.08692,1.08589
1.0818,1.0858,1.07563,1.08328,1.07188,1.09209,1.09721,1.09114,1.09521,1.07792,1.09199,1.08431


B:
28.6425,5.92702,6.08727,6.85931,7.91534,9.96078,7.76714,6.86638,7.86387,4.62333,8.31612,37.2364
3.47334,6.15385,5.77976,7.7712,6.98493,24.5447,33.227,7.25401,6.42137,6.84748,6.20844,3.68205
8.76894,7.02588,9.09792,10.6458,14.9356,5.1525,10.0991,7.11107,4.68919,13.6475,6.768,7.7518


========================================================
Test10 (ADC Calibration) results 2008-08-12 21:57:53
Board ID050 36 channels
Linux calibration software

Voltmeter channel: A=1.07, B=0

A:
1.0197,1.08431,1.08851,1.08143,1.08384,1.08459,1.08673,1.08282,1.07371,1.09171,1.08505,1.04139
1.08795,1.08561,1.08776,1.08701,1.09788,1.05268,1.049,1.08701,1.09284,1.07462,1.08711,1.08626
1.08023,1.08589,1.07517,1.08328,1.02392,1.09228,1.0974,1.09152,1.09588,1.0805,1.08645,1.08477


B:
36.2065,5.14918,6.04544,6.29988,7.53109,9.66286,7.90242,5.87642,11.957,3.97106,8.58251,39.6725
3.9525,6.11244,6.08374,8.07865,6.63663,37.3807,34.8953,8.29588,6.42444,6.1655,6.68792,3.77056
10.8714,6.93973,10.8138,10.2127,59.4208,5.85285,11.2423,7.20097,4.95629,8.4543,11.2028,8.40665


========================================================
Test10 (ADC Calibration) results 2008-08-27 10:30:36
Board ID050 36 channels
Linux calibration (server mode)

Voltmeter channel: A=1.08015, B=0

A:
1.03435,1.08595,1.09038,1.08366,1.08652,1.08793,1.0896,1.08451,1.07408,1.09297,1.08803,1.04907
1.08935,1.08741,1.08972,1.08878,1.09993,1.06463,1.06053,1.08964,1.09507,1.07646,1.089,1.08781
1.08447,1.08809,1.0788,1.08614,1.04666,1.09404,1.10097,1.09392,1.09708,1.08215,1.08299,1.08761


B:
0,0,0,0,0,0,0,0,0,0,0,0
0,0,0,0,0,0,0,0,0,0,0,0
0,0,0,0,0,0,0,0,0,0,0,0


========================================================
Test10 (ADC Calibration) results 2008-08-27 11:18:31
Board ID050 36 channels
Linux calibration software

Voltmeter channel: A=1.07, B=0

A:
1.02094,1.08412,1.0887,1.08161,1.08356,1.08514,1.0872,1.08263,1.06699,1.09152,1.08524,1.02917
1.08795,1.08542,1.08786,1.08505,1.09769,1.03355,1.04839,1.08739,1.09294,1.07416,1.08701,1.08673
1.07903,1.08552,1.0748,1.08189,1.02516,1.09247,1.0975,1.09162,1.0954,1.07792,1.07079,1.08487


B:
35.0268,5.53832,5.6552,6.34448,8.43896,9.14732,7.25401,5.83206,13.4952,4.36329,8.41055,42.6072
3.9525,6.28481,5.56224,9.4506,6.59116,51.1043,34.6226,7.29926,6.55655,6.80659,6.77429,3.77266
11.1165,7.28393,9.86421,11.7123,40.2216,5.02354,10.936,6.89621,4.73415,13.432,20.2302,7.88627


========================================================
Test10 (ADC Calibration) results 2008-08-28 18:57:16
Board ID050 36 channels
Linux calibration (server mode)

Voltmeter channel: A=1.06936, B=0

A:
1.01812,1.07494,1.07945,1.07043,1.07535,1.07692,1.07853,1.07355,1.05703,1.08203,1.07687,1.02503
1.0783,1.07658,1.0788,1.07606,1.08887,1.03376,1.04538,1.07872,1.08389,1.06556,1.07805,1.07677
1.07104,1.07677,1.06613,1.07309,1.02599,1.083,1.08982,1.08292,1.08584,1.0712,1.05815,1.07646


B:
0,0,0,0,0,0,0,0,0,0,0,0
0,0,0,0,0,0,0,0,0,0,0,0
0,0,0,0,0,0,0,0,0,0,0,0


========================================================
Test10 (ADC Calibration) results 2008-08-30 18:22:00
Board ID050 36 channels
Linux calibration (server mode)

Voltmeter channel: A=1.06551, B=0

A:
1.01533,1.07103,1.07549,1.06827,1.07165,1.07304,1.07474,1.06957,1.05505,1.07805,1.07322,1.02477
1.07438,1.07263,1.07481,1.07334,1.08482,1.03455,1.04426,1.07468,1.08,1.06183,1.07415,1.07301
1.06827,1.07304,1.06342,1.07026,1.02497,1.07918,1.08584,1.07907,1.08184,1.06731,1.0602,1.07254


B:
0,0,0,0,0,0,0,0,0,0,0,0
0,0,0,0,0,0,0,0,0,0,0,0
0,0,0,0,0,0,0,0,0,0,0,0


========================================================
Test10 (ADC Calibration) results 2008-08-30 21:23:31
Board ID050 36 channels
Linux calibration (server mode)

Voltmeter channel: A=1.09609, B=0

A:
1.04382,1.10169,1.10631,1.09891,1.10228,1.10378,1.10541,1.10031,1.08306,1.10898,1.10393,1.04865
1.10522,1.10332,1.10556,1.103,1.11592,1.05237,1.07284,1.10556,1.11099,1.09215,1.105,1.10369
1.09798,1.10381,1.09315,1.09975,1.04836,1.10989,1.11694,1.10984,1.1128,1.0977,1.08269,1.10317


B:
0,0,0,0,0,0,0,0,0,0,0,0
0,0,0,0,0,0,0,0,0,0,0,0
0,0,0,0,0,0,0,0,0,0,0,0


========================================================
Test10 (ADC Calibration) results 2008-08-30 21:50:46
Board ID050 36 channels
Linux calibration (server mode)

Voltmeter channel: A=1.0655, B=0

A:
1.01452,1.07088,1.07547,1.06816,1.07162,1.07297,1.07463,1.06965,1.05301,1.07803,1.07307,1.02155
1.07438,1.07261,1.07486,1.07258,1.08486,1.02517,1.04286,1.07474,1.07992,1.06173,1.07415,1.07297
1.06765,1.07277,1.06269,1.0693,1.02131,1.07898,1.08584,1.07903,1.08176,1.06714,1.05238,1.07244


B:
0,0,0,0,0,0,0,0,0,0,0,0
0,0,0,0,0,0,0,0,0,0,0,0
0,0,0,0,0,0,0,0,0,0,0,0


========================================================
Test10 (ADC Calibration) results 2008-08-31 12:04:52
Board ID050 36 channels
Linux calibration (server mode)

Voltmeter channel: A=1.06546, B=0

A:
1.01514,1.07095,1.07545,1.06675,1.07141,1.07299,1.07461,1.0696,1.05292,1.07806,1.07296,1.0113
1.07434,1.07258,1.07481,1.07136,1.08487,1.01674,1.04021,1.07468,1.07993,1.0617,1.07416,1.07294
1.06744,1.07246,1.06215,1.06863,1.01905,1.07907,1.08579,1.07888,1.08186,1.06716,1.04729,1.07243


B:
0,0,0,0,0,0,0,0,0,0,0,0
0,0,0,0,0,0,0,0,0,0,0,0
0,0,0,0,0,0,0,0,0,0,0,0


========================================================
Test10 (ADC Calibration) results 2008-08-31 16:13:50
Board ID050 36 channels
Linux calibration (server mode)

Voltmeter channel: A=1.06548, B=0

A:
1.01803,1.07104,1.07549,1.06765,1.07147,1.07301,1.07476,1.06966,1.05475,1.07811,1.07309,1.01822
1.07441,1.07261,1.07484,1.07292,1.08479,1.02362,1.04202,1.07469,1.08002,1.06172,1.07416,1.07289
1.06672,1.07297,1.06267,1.06929,1.01934,1.07905,1.08582,1.079,1.08189,1.06716,1.05374,1.0724


B:
0,0,0,0,0,0,0,0,0,0,0,0
0,0,0,0,0,0,0,0,0,0,0,0
0,0,0,0,0,0,0,0,0,0,0,0


========================================================
Test10 (ADC Calibration) results 2008-08-31 18:29:23
Board ID050 36 channels
Linux calibration (server mode)

Voltmeter channel: A=1.06548, B=0

A:
1.01611,1.07106,1.07549,1.06711,1.07154,1.07299,1.07466,1.06968,1.05421,1.07808,1.07317,1.01712
1.07443,1.07258,1.07486,1.07273,1.08486,1.02153,1.04278,1.07466,1.08007,1.06165,1.07418,1.07296
1.06747,1.07292,1.06288,1.06939,1.02589,1.07898,1.08582,1.07892,1.08193,1.06723,1.05135,1.07243


B:
0,0,0,0,0,0,0,0,0,0,0,0
0,0,0,0,0,0,0,0,0,0,0,0
0,0,0,0,0,0,0,0,0,0,0,0


========================================================
Test10 (ADC Calibration) results 2008-09-01 15:17:55
Board ID050 36 channels
Linux calibration (server mode)

Voltmeter channel: A=1.06558, B=0

A:
1.02011,1.07111,1.07549,1.06804,1.07177,1.07312,1.07481,1.06963,1.05715,1.07813,1.07329,1.02798
1.07451,1.07266,1.07491,1.07312,1.08491,1.03547,1.04577,1.07473,1.0801,1.0619,1.07429,1.07306
1.06855,1.07352,1.06491,1.0698,1.02864,1.07918,1.08585,1.07907,1.08189,1.06734,1.05975,1.07259


B:
0,0,0,0,0,0,0,0,0,0,0,0
0,0,0,0,0,0,0,0,0,0,0,0
0,0,0,0,0,0,0,0,0,0,0,0


========================================================
Test10 (ADC Calibration) results 2009-04-14 16:06:45
Board ID050 36 channels
Host: ufcmshv3
Linux calibration software

Voltmeter channel: A=1.04384, B=3.96651

A:
1.06192,1.04275,1.06453,1.07066,1.03925,1.04704,1.04158,1.07447,1.04678,1.06715,1.0511,1.05042
1.04881,1.04636,1.06741,1.03635,1.04661,1.05622,1.03792,1.04678,1.04233,1.06392,1.0415,1.05408
1.0385,1.03677,1.05366,1.04535,1.0727,1.05,1.04325,1.04434,1.04225,1.06062,1.06531,1.04628


B:
3.70873,6.67364,7.00921,7.92292,7.09871,10.5511,7.78788,6.76052,5.13716,6.05781,7.13161,12.6051
4.88901,8.04915,7.7345,8.41827,7.39087,11.7975,15.8403,10.5808,7.90547,6.72709,7.45051,4.31378
7.813,7.4008,5.56012,11.3058,5.18172,6.28393,11.829,7.664,5.69231,15.3215,6.91634,8.75672


========================================================
Test10 (ADC Calibration) results 2009-04-14 17:55:52
Board ID050 36 channels
Host: ufcmshv3
Linux calibration software

Voltmeter channel: A=1.04418, B=2.81128

A:
1.06166,1.04292,1.0647,1.07075,1.03958,1.0472,1.04167,1.07447,1.0467,1.06689,1.05118,1.05042
1.04873,1.04645,1.06759,1.0361,1.04653,1.05631,1.03776,1.04712,1.0425,1.06418,1.04175,1.054
1.03859,1.03701,1.054,1.04544,1.07332,1.05008,1.04351,1.04451,1.0425,1.06045,1.0654,1.04628


B:
3.9528,5.88835,6.42097,7.19876,6.15756,9.76299,6.87524,6.11614,4.37989,5.66285,6.63048,12.3951
4.96944,7.75983,6.29064,8.24107,7.47051,11.2943,15.9977,9.2146,7.3295,5.63232,7.2123,3.7621
7.11026,6.54118,4.60494,10.5992,3.31896,5.78347,11.1737,6.66893,4.61889,15.6949,5.76966,7.91965


========================================================
Test10 (ADC Calibration) results 2009-04-27 08:07:40
Board ID050 36 channels
Host: ufcmshv3
Linux calibration software

Voltmeter channel: A=1.04393, B=2.84261

A:
1.06174,1.04317,1.06488,1.07084,1.0395,1.0472,1.04192,1.07429,1.04678,1.06715,1.05084,1.05076
1.04873,1.04645,1.06741,1.03635,1.04687,1.05622,1.03792,1.04704,1.04267,1.06392,1.04175,1.05425
1.03842,1.03668,1.05391,1.0456,1.07305,1.05,1.04351,1.0446,1.04233,1.06027,1.06794,1.0467


B:
3.44654,5.02316,5.61899,7.11688,6.0291,9.34436,6.21923,6.06583,3.88107,5.20444,6.95155,11.2351
4.75975,7.34135,6.24037,7.7962,6.52296,10.9525,15.425,8.66634,6.33631,6.30177,6.58699,3.51945
6.85352,7.27266,4.89651,10.0217,3.78066,5.65368,10.3389,6.58909,4.57005,15.6432,6.1776,6.89187


