========================================================

Test10 results 08-24-2005  13:44:48
Board ID392  30 channels
HV Tests Software Ver.1.6

+5V 2460 - O'k
-5V 1302 - O'k
Interlock - On

Voltmeter channel: A=1.082251, B=14.069302

A:
Limits 1.1 +/- 0.1
1.081081,1.077586,1.073537,1.074691,1.074691,1.068947,1.070091,1.072386,1.077586,1.079331
1.074691,1.075847,1.075269,1.073537,1.076426,1.074691,1.079914,1.071237,1.076426,1.078167
1.075847,1.080497,1.075847,1.081081,1.068376,1.072386,1.075269,1.076426,1.074691,1.081081


B:
Limits 0.0 +/- 30.0
9.729908,17.241501,16.102896,13.970869,13.970869,19.241085,17.121264,9.651596,10.775984,16.19001
11.821486,15.061719,10.752512,12.882283,11.840678,9.672105,11.879015,8.569725,11.840678,10.781801
12.910025,17.28796,18.289261,9.729908,6.410272,7.506824,11.827781,13.993531,20.419016,15.135313
========================================================
Test10 (ADC Calibration) results 2008-12-10 17:49:35
Board ID392 30 channels
Host: ufcmshv3
Linux calibration software

Voltmeter channel: A=0.870497, B=94.5093

A:
0.991383,1.07669,0.978105,1.04183,1.08054,1.05314,1.00987,1.06427,1.0582,1.06846
1.01745,1.08288,1.07741,1.08677,1.07243,1.08108,1.08406,1.07181,1.08777,1.08514
1.0792,0.982838,1.05178,1.01444,1.06969,1.01199,1.07714,1.07049,1.05434,1.02225


B:
59.3761,11.1644,66.8874,28.8026,12.3846,29.8443,45.2734,22.7917,24.127,27.4843
54.7858,11.3285,9.2163,12.9913,18.0826,9.94605,10.04,11.361,9.47225,9.48244
13.8302,72.5939,41.8283,51.9077,5.82602,52.5768,9.67749,11.7259,33.8037,36.8326


