========================================================

Test11 results 08-24-2005  13:52:26
Board ID392  30 channels
HV Tests Software Ver.1.6

+5V 2462 - O'k
-5V 1303 - O'k
Interlock - On
Calibration DAC Range: [2500 - 2900]


A:
Limits 0.76 +/- 0.04
0.747664,0.754717,0.756144,0.757576,0.756144,0.760456,0.759013,0.759013,0.754717,0.753296
0.756144,0.757576,0.757576,0.756144,0.756144,0.756144,0.753296,0.759013,0.756144,0.753296
0.754717,0.75188,0.754717,0.754717,0.760456,0.759013,0.757576,0.754717,0.754717,0.749064


B:
Limits 60.0 +/- 40.0
71.811089,46.404549,56.445229,49.626419,52.481384,53.476673,54.816982,54.514565,55.172421,55.029053
56.542332,45.023998,48.812244,57.256939,53.772514,58.264885,56.024189,55.731838,49.700672,54.938385
59.667191,50.17276,52.271481,61.643345,61.883095,61.526169,48.715885,59.142796,55.703449,68.944214
========================================================
Test11 (ADC Calibration) results 2008-12-10 17:58:00
Board ID392 30 channels
Host: ufcmshv3
Linux calibration software

Calibration DAC Range: [1000 - 3500]

A:
0.7508,0.7548,0.7568,0.7556,0.756,0.7604,0.7588,0.7572,0.754,0.7524
0.756,0.7556,0.7556,0.7568,0.7548,0.7556,0.752,0.7584,0.7552,0.7532
0.7552,0.752,0.7552,0.7552,0.7608,0.7568,0.756,0.7536,0.7556,0.7512


B:
61.2,47.1999,54.2,56.4001,51.0001,51.6,57.1999,61.8,58,58.6001
56.0001,51.4001,56.4001,54.2,57.1999,62.4001,62.0001,56.5999,54.7999,61.8
57.7999,51.0001,51.7999,59.7999,59.2,66.2,54.0001,64.4,52.4001,61.7999


========================================================
Test11 (ADC Calibration) results 2008-12-10 18:10:07
Board ID392 30 channels
Host: ufcmshv3
Linux calibration software

Calibration DAC Range: [1000 - 3500]

A:
0.8196,0.7552,0.8308,0.7796,0.752,0.7716,0.8044,0.7632,0.768,0.7596
0.7988,0.75,0.754,0.7472,0.7576,0.7516,0.7488,0.7584,0.7472,0.7484
0.7524,0.8276,0.772,0.8048,0.7592,0.8024,0.7544,0.758,0.7704,0.794


B:
17.4,51.7999,11.2,44.3999,52.0001,43.4,33.5999,50.8001,47,51.4001
22.2,56,58,55.8,52.4,61.3999,64.2001,53.5999,56.8,62.6001
58.6001,2.39999,33.9999,25.2001,60.8001,29.6,55.5999,65.9999,42.6,44.9999


========================================================
Test11 (ADC Calibration) results 2009-03-09 14:29:54
Board ID392 30 channels
Host: ufcmshv3
Linux calibration software

Calibration DAC Range: [1000 - 3500]

A:
0.7616,0.7744,0.7748,0.7696,0.7704,0.7672,0.7772,0.7592,0.7668,0.7724
0.7684,0.7736,0.7788,0.756,0.7592,0.7796,0.7636,0.766,0.7648,0.7784
0.7544,0.766,0.8364,0.7636,0.7612,0.7692,0.7704,0.7744,0.776,0.7736


B:
61.3999,50.6,56.2,59.4001,50.6,59.8,60.8001,55.8001,60.2,62.5999
58.6,55.4001,56.2,50.0001,46.8001,61.3999,64.4,58.0001,58.2,62.6
56.5999,54.0001,38.6001,61.4,53.8,65.7999,55.6,66.6,56.9999,62.4001


========================================================
Test11 (ADC Calibration) results 2009-03-10 09:04:43
Board ID392 30 channels
Host: ufcmshv3
Linux calibration software

Calibration DAC Range: [1000 - 3500]

A:
0.7616,0.7736,0.7748,0.7696,0.7704,0.7676,0.7764,0.7592,0.7672,0.7728
0.7684,0.7736,0.7784,0.7564,0.7592,0.7796,0.7636,0.766,0.7648,0.778
0.7544,0.7664,0.8356,0.7628,0.7612,0.7688,0.7704,0.7832,0.776,0.7732


B:
62.3999,52.4001,56.2,59.4001,50.6,59.4,62.5999,55.8001,59.8,62.1999
58.6,55.4001,57.6,49.6,47.8001,61.3999,64.4,58.0001,58.2,64
56.5999,54.6001,41.3999,63.2001,54.8,67.1999,55.6,66.7999,56.9999,63.8001


========================================================
Test11 (ADC Calibration) results 2009-03-13 09:55:12
Board ID392 30 channels
Host: ufcmshv3
Linux calibration software

Calibration DAC Range: [1000 - 3500]

A:
0.7616,0.774,0.7748,0.77,0.7712,0.7672,0.7772,0.7592,0.7672,0.7728
0.768,0.774,0.7784,0.756,0.7596,0.7792,0.7632,0.7664,0.7648,0.778
0.7548,0.766,0.7596,0.7636,0.7612,0.7692,0.77,0.7832,0.776,0.7732


B:
61.3999,52,56.2,58.0001,48.8,59.8,60.8001,55.8001,58.8,62.1999
59,54,56.6,51.0001,46.4001,61.7999,65.8,57.6001,58.2,63
56.1999,55.0001,48.4001,60.4,54.8,65.7999,56.0001,65.7999,56.9999,63.8001


