========================================================

Test10 results 08-22-2005  12:00:27
Board ID053  36 channels
HV Tests Software Ver.1.6

+5V 3077 - O'k
-5V 1351 - O'k
Interlock - On

Voltmeter channel: A=1.070664, B=9.635981

A:
Limits 1.1 +/- 0.1
1.072961,1.077586,1.070664,1.075847,1.073537,1.070664,1.062135,1.067806,1.069519,1.068376,1.082837,1.075847
1.06383,1.074114,1.072961,1.074114,1.06553,1.071237,1.073537,1.076426,1.074114,1.073537,1.052078,1.072961
1.075269,1.068947,1.079914,1.072386,1.078167,1.064396,1.077006,1.071237,1.071237,1.062135,1.079331,1.05042


B:
Limits 0.0 +/- 30.0
-1.072801,-1.077464,1.07067,3.227399,1.073372,2.141334,0.00011,-1.067762,-3.208439,2.136767,-2.165499,7.530788
5.319178,2.148266,-7.510569,1.074152,2.131208,8.569725,-2.14724,2.152842,1.074152,-0.000165,5.260254,6.437928
5.376168,-3.206803,1.079879,2.144894,-2.156204,3.193378,2.153793,3.213538,-2.142649,7.435054,2.15871,-2.100829
========================================================
Test10 (ADC Calibration) results 2007-11-01 10:44:49
Board ID53 36 channels
Linux calibration software

Voltmeter channel: A=1.06734, B=11.421

A:
1.0788,1.07596,1.0715,1.0759,1.07384,1.07296,1.0641,1.068,1.07453,1.07203,1.0839,1.08586
1.06403,1.07404,1.07261,1.07506,1.06597,1.0732,1.0719,1.0841,1.0738,1.0754,1.05447,1.07546
1.07604,1.0689,1.0807,1.0721,1.08566,1.0645,1.0782,1.07454,1.07144,1.062,1.07766,1.04848


B:
-4.11278,-3.13059,-3.09281,0.226143,-4.80012,-3.14429,-2.17109,-4.60386,-6.08312,-0.764169,-5.28942,1.15625
0.98233,-1.69253,-12.6629,-4.10645,-3.02082,3.96154,-3.57299,-1.91878,-4.05689,-6.54773,2.18527,2.44643
2.14242,-8.92116,-2.39404,-2.07395,-5.9541,-0.172415,-4.89464,0.505224,-8.23783,0.65588,-4.86264,-3.30928


========================================================
Test10 (ADC Calibration) results 2008-06-17 15:59:19
Board ID053 36 channels
Linux calibration software

Voltmeter channel: A=1.07, B=0

A:
1.09471,1.09316,1.08764,1.09153,1.09089,1.08899,1.08048,1.08432,1.09071,1.08863,1.10013,1.10142
1.08164,1.0908,1.08872,1.09244,1.08226,1.09071,1.08764,1.10003,1.0899,1.09171,1.07026,1.09189
1.09307,1.08521,1.09737,1.08818,1.10086,1.08119,1.09462,1.0908,1.08746,1.07844,1.09417,1.06549


B:
-1.54535,-3.39566,-3.07111,2.04687,-4.78568,-1.93331,-2.24922,-2.5839,-4.61746,-0.0740334,-3.45541,2.62597
-2.24941,-0.774985,-9.95609,-5.34461,-2.61605,2.14491,-3.07111,-1.17049,-1.8997,-4.88882,0.881378,3.67781
2.15392,-8.19444,-1.79724,-0.309011,-3.91388,0.328616,-3.21246,0.752033,-6.60077,1.60022,1.36677,-3.36048


