========================================================

Test11 results 08-22-2005  12:08:24
Board ID053  36 channels
HV Tests Software Ver.1.6

+5V 3077 - O'k
-5V 1352 - O'k
Interlock - On
Calibration DAC Range: [2500 - 2900]


A:
Limits 0.76 +/- 0.04
0.744879,0.743494,0.746269,0.743494,0.743494,0.744879,0.756144,0.744879,0.744879,0.746269,0.739372,0.740741
0.75188,0.744879,0.746269,0.746269,0.750469,0.746269,0.744879,0.742115,0.744879,0.740741,0.760456,0.747664
0.743494,0.747664,0.738007,0.746269,0.740741,0.750469,0.740741,0.747664,0.746269,0.750469,0.740741,0.759013


B:
Limits 60.0 +/- 40.0
57.951111,51.739555,58.023582,54.665432,57.790794,62.441841,43.100658,72.402962,71.769012,66.411636,55.279018,58.966564
49.339561,52.569103,55.051079,48.058819,54.938381,46.032089,57.951111,56.956631,53.298344,69.908943,54.086376,42.29937
51.5368,59.597851,63.595711,54.825886,63.154572,57.168903,62.423958,48.557583,58.023582,54.438374,60.893467,65.553429
========================================================
Test11 (DAC Calibration) results 2007-11-01 10:44:49
Board ID53 36 channels
Linux calibration software
Calibration DAC Range: [1100 - 2700]

A:
0.741565,0.743149,0.746617,0.743564,0.745365,0.745226,0.751809,0.749064,0.743771,0.745504,0.738075,0.736377
0.752233,0.745226,0.746965,0.743771,0.750117,0.745434,0.746338,0.737939,0.745018,0.743909,0.758294,0.743494
0.74384,0.748433,0.740261,0.746199,0.736513,0.751527,0.741977,0.744879,0.747035,0.753296,0.74384,0.762631


B:
58.2498,58.8481,60.7093,56.6316,54.2533,59.6646,53.6321,61.0487,65.5633,62.4078,59.9042,55.6702
51.5373,55.9385,58.2819,57.9768,59.5875,47.4469,57.0666,55.8159,57.4224,59.2709,58.8625,53.9032
51.4829,60.277,56.9723,59.9477,64.905,56.1297,61.2317,52.7002,59.2305,49.9059,58.3263,58.246


