========================================================

Test10 results 06-29-2005  11:53:39
Board ID372  30 channels
HV Tests Software Ver.1.6

+5V 2524 - O'k
-5V 1331 - O'k
Interlock - On

Voltmeter channel: A=1.086957, B=15.217467

A:
Limits 1.1 +/- 0.1
1.073537,1.075847,1.080497,1.080497,1.071237,1.077586,1.068947,1.072961,1.074691,1.073537
1.077006,1.077006,1.070664,1.084011,1.086366,1.079331,1.079331,1.077006,1.086957,1.078749
1.075269,1.073537,1.079331,1.087548,1.080497,1.077006,1.075269,1.075847,1.078749,1.073537


B:
Limits 0.0 +/- 30.0
11.808746,5.379094,11.885475,6.48299,16.068386,11.85357,12.827404,17.167542,2.149267,15.029358
15.077866,7.538823,5.353326,13.008133,9.777472,15.11068,12.952018,12.923853,15.217467,9.708548
21.505201,20.397045,21.586664,19.576,14.04647,8.615829,15.053588,11.834177,11.866045,9.661671
========================================================
Test10 (ADC Calibration) results 2007-11-09 16:23:14
Board ID372 30 channels
Linux calibration software

Voltmeter channel: A=1.08066, B=-1376.87

A:
1.07504,1.07467,1.07988,1.08228,1.07074,1.07683,1.06926,1.07168,1.07528,1.07417
1.07619,1.07598,1.06902,1.08299,1.08486,1.07841,1.08283,1.07663,1.08586,1.07615
1.07423,1.0735,1.07941,1.0868,1.07863,1.07631,1.07383,1.07521,1.07669,1.0735


B:
11.3773,2.39034,10.9932,2.50216,13.3766,8.0723,10.0501,14.8933,0.774078,12.0814
11.5488,6.65248,4.47396,10.2878,8.27757,13.8169,7.64242,8.75915,11.702,10.6739
17.3949,14.9837,16.5403,16.2823,11.8488,8.77267,12.6082,8.40243,11.7569,7.13069


========================================================
Test10 (ADC Calibration) results 2008-06-17 15:59:19
Board ID372 30 channels
Linux calibration software

Voltmeter channel: A=1.07, B=0

A:
1.09235,1.09108,1.097,1.09829,1.08683,1.09335,1.08557,1.08863,1.09089,1.09035
1.09271,1.09271,1.0853,1.09893,1.10133,1.09535,1.08647,1.09307,1.10216,1.09335
1.09035,1.08899,1.09517,1.10243,1.09608,1.09316,1.09144,1.09198,1.09362,1.08972


B:
9.59573,2.46468,10.3873,4.38702,14.4194,8.02506,10.3587,14.0782,2.1958,12.7279
11.886,6.20353,4.74574,11.0518,8.87801,12.7618,17.7906,8.71237,12.7521,9.11841
18.1797,17.4508,18.185,18.234,11.0009,8.19172,11.2989,7.30664,10.4002,8.51184


========================================================
Test10 (ADC Calibration) results 2008-07-16 21:23:30
Board ID372 30 channels
Linux calibration software

Voltmeter channel: A=1.07, B=0

A:
1.09341,1.09199,1.07599,1.09922,1.08814,1.09417,1.08655,1.08973,1.09228,1.09124
1.09341,1.09303,1.0504,1.09979,1.10229,1.09645,1.08496,1.09398,1.10296,1.09426
1.09124,1.08992,1.09597,1.10344,1.09702,1.09455,1.09247,1.09313,1.09464,1.06161


B:
8.62172,1.18168,29.2774,3.09617,12.5725,7.27254,9.46492,13.51,0.483743,11.917
11.6833,7.00005,36.3807,10.2699,7.78524,12.4238,18.5181,7.88348,12.0267,8.27976
17.5912,16.1724,17.459,17.3294,10.3694,7.14407,10.3599,6.91358,9.685,19.8512


