========================================================

Test11 results 06-29-2005  11:54:56
Board ID372  30 channels
HV Tests Software Ver.1.6

+5V 2523 - O'k
-5V 1330 - O'k
Interlock - On
Calibration DAC Range: [2500 - 2900]


A:
Limits 0.76 +/- 0.04
0.75188,0.753296,0.747664,0.749064,0.753296,0.750469,0.757576,0.753296,0.750469,0.753296
0.749064,0.75188,0.75188,0.746269,0.743494,0.749064,0.747664,0.750469,0.742115,0.750469
0.75188,0.753296,0.749064,0.749064,0.749064,0.747664,0.75188,0.75188,0.750469,0.753296


B:
Limits 60.0 +/- 30.0
68.444572,60.249523,62.754066,61.48558,65.059692,58.331799,58.281574,55.743176,77.171761,56.733715
65.901329,60.015301,74.413536,58.034332,64.872322,59.867668,61.057404,60.584122,62.287685,60.037395
57.587292,50.98156,55.905277,47.044525,60.761387,77.640526,58.396629,57.409603,58.331799,61.494595
========================================================
Test11 (DAC Calibration) results 2007-11-09 16:23:14
Board ID372 30 channels
Linux calibration software
Calibration DAC Range: [1100 - 2700]

A:
0.750539,0.751174,0.747175,0.746269,0.753935,0.750047,0.755358,0.75365,0.750751,0.751527
0.750117,0.750258,0.755144,0.745782,0.744117,0.748573,0.746269,0.750188,0.744186,0.749766
0.751103,0.752375,0.747873,0.747314,0.747664,0.749274,0.751385,0.751174,0.749766,0.752375


B:
74.0126,75.399,69.4967,72.3882,67.1096,66.5853,69.0869,62.2233,78.2282,66.5008
69.339,71.3965,70.5871,67.3905,71.0352,68.4663,66.418,68.4922,62.6047,71.3215
69.4863,62.1745,66.4392,61.2331,74.2056,76.4914,69.8507,67.1361,67.5726,69.6982


========================================================
Test11 (ADC Calibration) results 2008-06-17 18:39:44
Board ID372 30 channels
Linux calibration software

Calibration DAC Range: [1000 - 3500]

A:
0.7384,0.7396,0.7352,0.7352,0.7424,0.7384,0.7432,0.742,0.74,0.7404
0.7384,0.7388,0.7436,0.7336,0.7328,0.7368,0.7432,0.7388,0.7328,0.738
0.74,0.7412,0.7376,0.7364,0.7356,0.738,0.7396,0.7392,0.738,0.7408


B:
74.6001,75.4,69.8,70.8,66.6,66.6001,70.8,62.0001,77,65.5999
69.6001,71.2,70.4,69.3999,70.2,69.2,58.8,68.2,62.2,71.0001
68,60.8001,63.3999,59.6,75.4,76.0001,68.4,68.8,68.0001,69.1999


========================================================
Test11 (ADC Calibration) results 2008-07-16 22:38:23
Board ID372 30 channels
Linux calibration software

Calibration DAC Range: [1000 - 3500]

A:
0.7376,0.7392,0.75,0.7344,0.7416,0.7384,0.7432,0.7412,0.7388,0.74
0.738,0.7384,0.7688,0.7336,0.7324,0.736,0.744,0.738,0.7324,0.7372
0.7392,0.7408,0.7368,0.736,0.7352,0.7368,0.7388,0.7388,0.7376,0.7612


B:
75.3999,75.8,55,72.6001,68.4001,66.6001,70.8,62.8001,79.2,66
70.0001,71.6001,45.1999,68.3999,70.6,70,58.9999,69.0001,62.6,72.7999
68.8,62.1999,65.2,60,74.8,77.2,70.2,68.2,68.3999,59.8


========================================================
Test11 (ADC Calibration) results 2008-07-20 18:58:34
Board ID372 30 channels
Linux calibration software

Calibration DAC Range: [1000 - 3500]

A:
0.7384,0.7396,0.7536,0.7348,0.742,0.738,0.7432,0.7412,0.7388,0.7396
0.738,0.7384,0.764,0.7336,0.732,0.736,0.746,0.738,0.7324,0.7376
0.7392,0.7408,0.7368,0.736,0.7356,0.7372,0.7388,0.7392,0.7376,0.748


B:
73.6001,74.4,50.4,71.2001,68.0001,67.0001,69.8,62.8001,79.2,66.4
70.0001,71.6001,50,68.3999,71,70,58,69.0001,62.6,71.3999
68.8,61.1999,64.2,59,74.4,76.7999,70.2,67.8,68.3999,61.9999


========================================================
Test11 (ADC Calibration) results 2008-07-24 15:42:31
Board ID372 30 channels
Linux calibration software

Calibration DAC Range: [1000 - 3500]

A:
0.738,0.7396,0.7568,0.7348,0.742,0.738,0.7428,0.7416,0.7392,0.74
0.7376,0.738,0.7428,0.7336,0.7324,0.7364,0.7448,0.738,0.7324,0.7372
0.7392,0.7412,0.7368,0.736,0.7352,0.7372,0.7388,0.7392,0.7376,0.7472


B:
75.0001,74.4,47.2,71.2001,67.0001,67.0001,70.2,62.4001,77.8,65
70.3999,72.0001,71.2,68.3999,69.6,69.6,58.2001,69.0001,62.6,71.7999
67.8,59.8001,64.2,59,74.8,76.7999,69.2,67.8,68.3999,62.8


