========================================================
Test11 (DAC Calibration) results 2007-06-12 18:39:27
Board ID143 36 channels
Linux calibration software
Calibration DAC Range: [1100 - 2700]

A:
0.738107,0.740112,0.736417,0.73787,0.733628,0.729866,0.735407,0.733863,0.736991,0.737363,0.735911,0.74052
0.735945,0.73023,0.734567,0.736687,0.73106,0.737261,0.730927,0.735844,0.73635,0.740145,0.731726,0.73544
0.730065,0.726732,0.740316,0.73544,0.738446,0.732125,0.728939,0.739601,0.736215,0.739669,0.732492,0.736248


B:
84.0813,84.4891,80.4727,77.4331,92.5089,80.6101,67.2369,75.1006,77.2584,74.6882,81.3924,88.1282
76.0001,78.8658,79.0142,81.9314,80.5419,79.8174,78.4729,72.1137,72.2137,79.7295,70.3678,84.7521
87.5964,84.5526,68.3715,72.1656,79.7207,82.3347,89.5921,76.4327,80.9722,79.0619,76.067,79.7538


========================================================
Test11 (DAC Calibration) results 2007-06-12 19:38:46
Board ID143 36 channels
Linux calibration software
Calibration DAC Range: [1100 - 2700]

A:
0.738209,0.74018,0.736485,0.737938,0.733695,0.729932,0.735373,0.733729,0.737058,0.737295,0.735878,0.74052
0.735911,0.730429,0.734802,0.736754,0.73106,0.737329,0.730894,0.735979,0.736586,0.740384,0.731859,0.735945
0.729998,0.741135,0.740623,0.736215,0.73865,0.732826,0.72927,0.739737,0.736316,0.739771,0.732526,0.736282


B:
83.868,84.3959,80.2325,77.4127,92.3439,80.5177,67.2107,75.2877,77.0176,74.7822,81.4389,88.1282
76.0469,78.5874,78.3952,81.6916,80.6875,79.6505,78.5192,71.9986,71.8107,79.8428,70.1802,83.3959
87.5431,72.6873,67.8701,71.0101,79.4397,81.5797,87.3923,76.0239,80.5395,78.921,76.0203,79.6338


========================================================
Test11 (DAC Calibration) results 2007-06-12 21:21:57
Board ID143 36 channels
Linux calibration software
Calibration DAC Range: [1100 - 2700]

A:
0.738175,0.735777,0.736451,0.737938,0.733562,0.743912,0.735407,0.736619,0.736957,0.737295,0.735912,0.740486
0.735878,0.730429,0.734869,0.736754,0.73106,0.737261,0.730396,0.736012,0.736552,0.739771,0.738243,0.735945
0.742641,0.741956,0.740214,0.735777,0.738751,0.733127,0.729072,0.738989,0.736248,0.739601,0.732459,0.736248


B:
84.2084,86.0445,80.5726,77.5595,92.9656,71.9466,67.3832,71.9836,77.525,74.9291,81.5386,88.543
76.3136,78.8777,78.8136,81.9116,81.051,80.0378,78.8519,72.4645,72.2978,80.5403,71.7017,84.6409
81.7578,74.1336,68.5879,72.354,79.8136,82.4748,89.6262,77.9414,80.9991,79.3763,76.3325,79.9003


========================================================
Test11 (DAC Calibration) results 2007-07-12 16:05:13
Board ID143 36 channels
Linux calibration software
Calibration DAC Range: [1100 - 2700]

A:
0.746547,0.744532,0.744532,0.746199,0.742322,0.752587,0.74384,0.739098,0.745504,0.745921,0.744325,0.749415
0.744532,0.738348,0.74384,0.745434,0.739372,0.745921,0.737599,0.74481,0.745157,0.746269,0.746896,0.744532
0.751315,0.753296,0.746478,0.743287,0.747245,0.741771,0.737259,0.747664,0.744879,0.747803,0.740398,0.744948


B:
74.3934,74.7789,70.3118,67.2605,81.5346,60.6773,56.3923,68.2187,66.5827,63.9162,70.5992,77.0492
65.1,68.5279,68.2937,70.5554,70.7948,68.69,68.2463,61.7354,61.4007,69.4031,61.2174,74.7789
70.6988,61.9586,58.9622,62.8172,68.952,71.9054,79.6331,66.729,69.8324,69.5271,65.664,68.9915


========================================================
Test11 (DAC Calibration) results 2007-10-24 11:31:24
Board ID143 36 channels
Linux calibration software
Calibration DAC Range: [1100 - 2700]

A:
0.746826,0.74481,0.74481,0.746338,0.742459,0.752587,0.743978,0.740261,0.745295,0.746269,0.744394,0.749415
0.74481,0.738689,0.744117,0.745504,0.739987,0.745782,0.738007,0.744879,0.745434,0.746199,0.747035,0.74481
0.751597,0.753509,0.746617,0.743425,0.747314,0.741977,0.737599,0.747664,0.745226,0.748293,0.740672,0.744879


B:
73.8609,74.3971,69.9283,67.0679,82.0881,60.6773,56.4961,66.7438,67.7661,63.4329,70.801,77.0492
64.8635,68.0517,67.9099,71.2048,70.8259,70.0754,68.2657,62.3836,61.3119,69.4991,61.621,74.5461
70.1617,61.6652,59.216,63.3679,69.3041,71.6194,79.3103,66.729,69.3526,69.0019,74.9097,69.5346


