========================================================

Test10 results 09-06-2005  18:11:12
Board ID064  36 channels
HV Tests Software Ver.1.6

+5V 2507 - O'k
-5V 1327 - O'k
Interlock - On

Voltmeter channel: A=1.073537, B=10.735209

A:
Limits 1.1 +/- 0.1
1.074114,1.067806,1.070664,1.070664,1.080497,1.075847,1.076426,1.072386,1.063264,1.070091,1.071811,1.077006
1.068376,1.075847,1.075847,1.079914,1.082837,1.071237,1.072961,1.074691,1.072386,1.079331,1.079331,1.069519
1.082837,1.075847,1.064396,1.075269,1.075847,1.083424,1.069519,1.067806,1.081081,1.079331,1.089325,1.077006


B:
Limits 0.0 +/- 35.0
6.444721,5.339071,7.494653,10.706645,9.724482,9.682483,11.840678,7.506824,10.632531,13.910991,10.718273,8.615829
11.752151,8.606635,9.682483,4.31962,11.911382,17.139624,9.656813,9.672105,9.651596,9.714025,6.476033,2.139154
9.745708,7.530788,10.64415,10.752512,11.834177,7.583981,11.764822,12.813711,15.135313,4.317371,11.982663,12.923853
========================================================
Test10 (ADC Calibration) results 2008-03-13 10:55:16
Board ID64 36 channels
Linux calibration software

Voltmeter channel: A=1.07238, B=16.3248

A:
1.07662,1.07204,1.07114,1.07602,1.0829,1.08094,1.07565,1.07244,1.06451,1.07114,1.07075,1.07586
1.06892,1.07715,1.07662,1.07996,1.08362,1.07297,1.07719,1.07433,1.0719,1.07867,1.07807,1.07095
1.08304,1.07658,1.06604,1.07658,1.08483,1.08502,1.07118,1.06866,1.08095,1.07964,1.0885,1.07675


B:
1.39812,0.764241,1.51262,6.09822,10.2268,3.45967,10.9898,4.46852,4.81479,5.65491,8.95894,8.68048
9.74056,2.54692,2.70458,1.45154,6.03848,9.31772,7.18825,6.29889,4.88369,8.04725,5.35197,-3.15778
7.62521,2.98346,4.35025,6.52399,4.54044,2.33721,5.46622,7.15832,11.6778,-0.693273,11.6579,7.71211


========================================================
Test10 (ADC Calibration) results 2008-06-19 12:08:44
Board ID064 36 channels
Linux calibration software

Voltmeter channel: A=1.07, B=0

A:
1.09174,1.08948,1.08795,1.09583,1.10588,1.10337,1.09401,1.08894,1.08115,1.08768,1.08858,1.09401
1.08723,1.09374,1.09328,1.09785,1.10023,1.09029,1.09931,1.09138,1.08885,1.09602,1.09638,1.08768
1.10106,1.09392,1.0494,1.09419,1.10961,1.10217,1.08858,1.08498,1.09895,1.09602,1.10681,1.09401


B:
4.76125,2.48963,2.38616,7.34005,7.4201,6.3858,8.7928,6.04001,6.53274,7.20493,7.6794,6.82353
8.05541,5.32445,5.30533,1.54256,9.24643,10.459,7.44622,7.05999,4.59946,8.2685,2.67081,-1.279
6.28875,3.40655,38.1593,6.8753,9.35573,5.05705,7.46174,8.82425,10.6395,1.25423,13.2154,9.44932


========================================================
Test10 (ADC Calibration) results 2008-07-06 14:47:50
Board ID064 36 channels
Linux calibration software

Voltmeter channel: A=1.07, B=0

A:
1.09156,1.08903,1.08786,1.09547,1.10513,1.1031,1.09383,1.08912,1.08133,1.08786,1.08867,1.09401
1.0875,1.09374,1.09346,1.09785,1.10042,1.08993,1.09904,1.09138,1.08876,1.0962,1.09666,1.0875
1.10125,1.09356,1.06271,1.09419,1.10858,1.10226,1.08885,1.0848,1.09876,1.0962,1.107,1.0941


B:
4.71016,0.729457,3.12269,7.45567,8.31663,6.41848,9.39694,5.22,6.58356,7.03868,7.16124,7.04228
8.24123,5.32445,4.91964,1.32305,9.07864,9.91877,7.2588,6.84177,4.24743,7.8818,2.19925,-0.458738
6.34066,4.6171,25.8033,7.75031,8.51185,4.5314,6.99474,9.42383,11.4662,1.30461,13.2689,8.70951


========================================================
Test10 (ADC Calibration) results 2008-07-15 20:22:27
Board ID064 36 channels
Linux calibration software

Voltmeter channel: A=1.07, B=0

A:
1.09165,1.08678,1.08786,1.0951,1.10458,1.10236,1.0941,1.08921,1.08141,1.08759,1.0884,1.09401
1.08714,1.09392,1.09346,1.09794,1.10033,1.09083,1.09858,1.09111,1.08876,1.09656,1.09656,1.08786
1.10097,1.09346,1.03764,1.09428,1.10644,1.1018,1.08876,1.08498,1.09895,1.09629,1.10728,1.09383


B:
3.97184,1.08024,2.25236,6.6951,8.38044,5.54929,8.49074,4.91906,6.50081,7.07077,7.84591,6.82353
8.57322,4.93832,4.91964,0.799509,8.72256,7.99684,7.67848,7.5285,3.81177,7.10823,1.84507,-1.66416
6.59303,4.48249,15.8666,7.01033,8.46178,4.73329,7.5137,8.82425,10.4199,0.562658,12.1303,9.39694


========================================================
Test10 (ADC Calibration) results 2008-07-15 23:03:19
Board ID064 36 channels
Linux calibration software

Voltmeter channel: A=1.07, B=0

A:
1.09253,1.08764,1.08861,1.09558,1.10575,1.10314,1.09499,1.08998,1.08231,1.08871,1.0891,1.09479
1.08783,1.09499,1.0945,1.09885,1.10074,1.09184,1.09945,1.09233,1.08949,1.09726,1.09776,1.08871
1.10184,1.0945,1.03625,1.09548,1.10626,1.10284,1.08959,1.08589,1.09965,1.09726,1.10837,1.09519


B:
3.37865,-0.373203,1.98545,7.13246,6.65077,5.27293,8.11393,4.20494,5.6689,6.03215,7.63216,6.10524
8.36576,3.29608,3.75034,-0.0421507,9.00325,7.28846,6.66478,5.96296,3.56713,6.90655,0.963758,-2.45984
5.57832,3.75034,26.7359,5.25133,7.52045,3.78273,6.746,7.98781,10.6611,-0.335233,11.1378,7.71383


========================================================
Test10 (ADC Calibration) results 2008-07-16 00:30:07
Board ID064 36 channels
Linux calibration software

Voltmeter channel: A=1.07, B=0

A:
1.09359,1.08838,1.09001,1.09668,1.10678,1.10374,1.09534,1.09093,1.08302,1.0897,1.09031,1.09575
1.08899,1.09595,1.09554,1.09968,1.10218,1.09256,1.10041,1.09318,1.09052,1.09771,1.09843,1.0895
1.10249,1.09534,1.04018,1.09616,1.10678,1.10385,1.09052,1.08696,1.10061,1.09781,1.1091,1.09595


B:
2.18044,-0.845036,0.0372369,5.90873,5.71262,4.72449,7.57615,3.32965,4.79522,5.33354,5.85853,5.22586
6.86358,2.84457,2.78631,-0.584375,7.47699,6.40506,5.56849,5.18275,1.96252,6.71655,0.341325,-2.75826
5.42778,3.1948,12.1805,4.84717,7.0407,2.8631,5.67007,7.00012,9.56066,-0.403776,10.7032,7.22839


========================================================
Test10 (ADC Calibration) results 2008-07-16 10:29:19
Board ID064 36 channels
Linux calibration software

Voltmeter channel: A=1.07, B=0

A:
1.094,1.08983,1.09046,1.09755,1.10736,1.10505,1.09615,1.09132,1.08421,1.09046,1.09078,1.09669
1.08993,1.09636,1.09582,1.10047,1.10276,1.09335,1.10156,1.09367,1.09175,1.09863,1.09961,1.09036
1.10341,1.09615,1.03827,1.0969,1.11023,1.10451,1.09153,1.08759,1.10167,1.0982,1.10989,1.09669


B:
2.67982,-0.883478,0.048768,5.32811,5.63198,4.19032,7.49166,3.4035,3.46924,4.41063,6.29646,4.80431
5.99306,3.34702,2.96618,-1.53626,6.94503,5.02314,4.51237,4.94557,1.48001,5.8741,-0.736797,-3.55943
4.5828,2.66837,19.4124,4.60597,6.357,2.70121,4.73401,6.41165,8.37889,-0.0988402,10.4314,6.77839


========================================================
Test10 (ADC Calibration) results 2008-07-16 15:50:29
Board ID064 36 channels
Linux calibration software

Voltmeter channel: A=1.07, B=0

A:
1.09442,1.09004,1.09057,1.0982,1.10736,1.10527,1.09636,1.09175,1.08431,1.09036,1.09121,1.09658
1.08993,1.09647,1.09625,1.10069,1.10298,1.09346,1.10167,1.09367,1.09121,1.09885,1.09928,1.08993
1.10341,1.09615,1.03876,1.09701,1.10989,1.10451,1.09164,1.08749,1.10123,1.09874,1.10989,1.0969


B:
2.28363,-0.427323,-0.268074,4.29395,5.63198,3.76969,7.07489,2.79005,3.37128,4.50938,5.02979,4.68388
5.99306,2.58985,2.5691,-1.73626,7.18749,4.92441,4.63305,5.16425,2.19289,5.67578,-0.217379,-2.72639
4.5828,2.23011,18.3265,4.50691,7.10169,2.70121,4.6355,6.72765,9.21573,-1.25686,10.2094,6.36085


========================================================
Test10 (ADC Calibration) results 2008-07-17 09:50:45
Board ID064 36 channels
Linux calibration software

Voltmeter channel: A=1.07, B=0

A:
1.09221,1.08855,1.08836,1.09581,1.10538,1.10317,1.09467,1.08995,1.08194,1.08817,1.08911,1.09391
1.0878,1.0942,1.09429,1.09847,1.10105,1.09155,1.09971,1.09202,1.08902,1.09704,1.09714,1.08808
1.10115,1.09401,1.03774,1.09486,1.10712,1.10249,1.08948,1.08537,1.09924,1.09666,1.10771,1.09448


B:
4.32507,0.740144,2.00264,6.92561,7.87017,5.69254,8.1881,4.22913,6.01564,6.52892,7.18791,7.78865
8.39747,5.12069,4.15844,0.747068,8.27985,6.46224,6.20254,6.68287,4.44337,7.10875,1.75528,-0.783592
6.65103,4.63859,29.4717,6.26244,9.83141,4.32178,6.40627,8.89993,10.8163,0.438931,12.6277,8.79998


========================================================
Test10 (ADC Calibration) results 2008-07-19 11:33:18
Board ID064 36 channels
Linux calibration software

Voltmeter channel: A=1.07, B=0

A:
1.09221,1.08789,1.08845,1.09533,1.10509,1.1023,1.0941,1.08977,1.08194,1.08808,1.0892,1.09457
1.08789,1.09457,1.09401,1.09847,1.10067,1.09146,1.09895,1.09184,1.08873,1.09657,1.09704,1.08808
1.10115,1.09401,1.0385,1.09486,1.10529,1.10268,1.0893,1.08546,1.09962,1.09647,1.10771,1.09476


B:
3.45125,0.0437094,1.91578,6.92245,7.69123,6.26111,9.36525,4.40274,6.01564,7.05091,6.8838,6.52337
7.87647,4.11536,4.41997,0.0877619,9.28952,6.98512,6.90171,6.41989,4.05017,7.54442,1.62353,-1.21872
6.65103,4.20122,20.8535,6.48136,9.28455,3.70478,7.01518,8.59647,10.0287,1.05258,11.7415,8.32034


========================================================
Test10 (ADC Calibration) results 2008-07-19 17:28:33
Board ID064 36 channels
Linux calibration software

Voltmeter channel: A=1.07, B=0

A:
1.09202,1.08696,1.08855,1.09476,1.10519,1.1022,1.09448,1.08948,1.08175,1.08817,1.08892,1.09429
1.08752,1.09448,1.0941,1.09828,1.10057,1.09108,1.09914,1.09212,1.08845,1.09647,1.09714,1.08827
1.10134,1.09363,1.03748,1.09495,1.10413,1.1022,1.0892,1.08556,1.09914,1.09638,1.10751,1.09448


B:
4.28059,2.00001,1.61103,8.10144,7.3828,6.34854,8.36203,5.31678,6.40361,6.52892,7.57878,7.22251
8.43897,4.20283,4.33255,1.14236,8.93658,7.98664,6.50678,5.94136,4.52796,7.85065,1.97465,-1.82857
6.2557,5.42402,18.5089,5.95638,12.1012,4.80556,7.10146,8.51085,10.6836,1.3594,12.1382,8.79998


========================================================
Test10 (ADC Calibration) results 2008-07-20 15:54:11
Board ID064 36 channels
Linux calibration software

Voltmeter channel: A=1.07, B=0

A:
1.0925,1.08724,1.08855,1.09552,1.10519,1.1022,1.09439,1.08967,1.08194,1.08798,1.08911,1.09467
1.0877,1.09457,1.09391,1.09838,1.10048,1.09127,1.09876,1.09184,1.08911,1.09685,1.09704,1.08808
1.10134,1.0941,1.04167,1.09495,1.10374,1.10249,1.08958,1.08584,1.09914,1.09666,1.10761,1.09429


B:
3.18998,1.30465,1.82869,6.74843,7.3828,6.34854,8.66762,4.70729,6.01564,7.35454,7.18791,5.99876
8.48409,4.33422,4.50692,0.395265,9.02422,7.59515,7.29595,6.20157,3.48504,7.06396,1.62353,-1.43616
6.2557,3.89475,9.08337,6.39464,11.3466,4.32178,6.10181,7.81805,10.9033,0.658209,11.8293,9.41109


========================================================
Test10 (ADC Calibration) results 2008-07-24 14:52:16
Board ID064 36 channels
Linux calibration software

Voltmeter channel: A=1.07, B=0

A:
1.09193,1.08761,1.08798,1.09505,1.10519,1.10172,1.09429,1.08977,1.08175,1.08817,1.08855,1.0942
1.08761,1.09439,1.09353,1.09828,1.10038,1.09071,1.09847,1.09155,1.08902,1.09685,1.09666,1.08789
1.10124,1.0941,1.03663,1.09457,1.10471,1.10211,1.08911,1.08509,1.09895,1.09619,1.10722,1.09467


B:
3.93107,0.957348,2.34997,7.62159,7.16181,6.56606,8.97322,3.96668,5.97115,6.31134,8.14231,6.65246
7.91783,4.29008,5.2928,0.483281,9.11124,9.64179,6.89823,6.68049,3.5721,6.62533,2.19343,-1.26171
6.12274,3.67598,17.2498,6.74223,9.80994,5.33427,6.75237,8.94139,10.8577,1.31523,12.6222,7.96922


========================================================
Test10 (ADC Calibration) results 2008-07-24 21:41:51
Board ID064 36 channels
Linux calibration software

Voltmeter channel: A=1.07, B=0

A:
1.09212,1.0877,1.08817,1.09514,1.1048,1.10201,1.09429,1.08967,1.08194,1.08827,1.08873,1.0942
1.0878,1.0941,1.09391,1.09819,1.10057,1.09099,1.09933,1.09165,1.08873,1.09695,1.09704,1.08817
1.10124,1.09401,1.03791,1.09486,1.10384,1.10249,1.0893,1.08509,1.09904,1.09695,1.10761,1.09448


B:
3.75713,0.000209027,1.95865,7.53456,8.1756,6.5235,8.75441,4.27165,5.79931,6.22488,7.31638,6.65246
7.52718,4.77008,4.50692,0.571219,8.71652,8.07352,6.11219,6.37548,4.05017,6.53766,1.62353,-1.95888
6.12274,4.20122,16.4407,6.26244,9.05152,4.10134,6.79699,8.94139,10.5508,-0.701917,11.6078,8.36203


