========================================================

Test11 results 09-06-2005  18:13:16
Board ID064  36 channels
HV Tests Software Ver.1.6

+5V 2507 - O'k
-5V 1327 - O'k
Interlock - On
Calibration DAC Range: [2500 - 2900]


A:
Limits 0.76 +/- 0.04
0.742115,0.746269,0.740741,0.743494,0.736648,0.740741,0.739372,0.743494,0.746269,0.742115,0.742115,0.740741
0.743494,0.740741,0.738007,0.736648,0.735294,0.743494,0.743494,0.742115,0.738007,0.738007,0.736648,0.742115
0.735294,0.738007,0.749064,0.739372,0.736648,0.732601,0.743494,0.743494,0.736648,0.738007,0.733945,0.739372


B:
Limits 60.0 +/- 40.0
55.823349,60.674877,68.036301,56.571545,56.824024,51.794254,59.445202,51.200268,61.003555,61.121788,58.009651,50.200287
61.130711,54.185024,67.068092,67.10437,54.368019,48.011013,49.539566,51.969097,76.319672,58.572182,61.53886,70.438446
60.682465,71.037949,55.232288,60.113995,70.700027,65.636742,57.297249,66.618881,50.564854,58.691639,59.257641,50.811741
========================================================
Test11 (DAC Calibration) results 2008-03-13 10:55:16
Board ID64 36 channels
Linux calibration software
Calibration DAC Range: [1100 - 2700]

A:
0.739372,0.742528,0.743149,0.739782,0.734349,0.736784,0.739303,0.742253,0.748153,0.743149,0.743425,0.740261
0.744325,0.739372,0.739372,0.736716,0.734956,0.742253,0.739713,0.740947,0.742253,0.737599,0.738007,0.743287
0.734619,0.73903,0.746338,0.73903,0.733407,0.734012,0.743494,0.744879,0.736038,0.737667,0.734956,0.739645


B:
64.1405,66.9946,64.0501,59.8669,58.6928,58.9243,63.6447,57.8772,57.0747,62.5638,57.7176,55.0476
60.0298,61.183,66.3586,68.5974,57.8318,55.3536,54.0453,59.711,66.042,62.9356,60.1476,68.3175
65.6566,69.0532,64.8289,61.6629,66.3367,59.7577,60.5947,64.6183,56.2977,63.5776,57.8318,55.7691


========================================================
Test11 (ADC Calibration) results 2008-06-19 12:56:33
Board ID064 36 channels
Linux calibration software

Calibration DAC Range: [1000 - 3500]

A:
0.7292,0.7308,0.7316,0.7264,0.7196,0.7212,0.7268,0.7312,0.7364,0.7324,0.7312,0.7276
0.732,0.728,0.728,0.7248,0.7236,0.73,0.7244,0.7292,0.7308,0.726,0.7264,0.7316
0.7228,0.7268,0.7584,0.7276,0.7168,0.7228,0.7316,0.7332,0.7248,0.7268,0.7228,0.7276


B:
61.8,66.2001,64.4,59.5999,60.3999,58.8,66.1999,56.8001,56.6,60.6,58.8001,57.4001
61,60.0001,65.0001,68.2,57.4001,55.9999,55.6001,60.8,67.2001,63,60.5999,67.4
66.1999,71.1999,39.5999,60.4001,64.2001,58.1999,59.4,64.7999,56.2,62.1999,57.1999,55.4001


========================================================
Test11 (ADC Calibration) results 2008-07-06 15:42:17
Board ID064 36 channels
Linux calibration software

Calibration DAC Range: [1000 - 3500]

A:
0.7292,0.7312,0.732,0.7264,0.72,0.7216,0.7272,0.7312,0.736,0.732,0.7316,0.7276
0.7316,0.728,0.7276,0.7248,0.7236,0.7304,0.7244,0.7296,0.7316,0.7252,0.726,0.7316
0.7228,0.7276,0.7488,0.7272,0.7176,0.7228,0.7312,0.7332,0.7244,0.7264,0.7224,0.7276


B:
61.8,66.8001,63,59.5999,59.9999,58.4,64.8001,56.8001,57,61,58.4,57.4001
61.4,60.0001,66.4001,68.2,57.4001,55.5999,56.6001,59.4,65.4,64.8,62,67.4
66.1999,68.4001,49.2001,60.8001,64.4,58.1999,60.8001,64.7999,56.6001,62.5999,57.6,56.4001


========================================================
Test11 (ADC Calibration) results 2008-07-15 21:36:26
Board ID064 36 channels
Linux calibration software

Calibration DAC Range: [1000 - 3500]

A:
0.7292,0.732,0.732,0.7268,0.72,0.722,0.7268,0.7312,0.736,0.732,0.7316,0.7276
0.732,0.728,0.7276,0.7244,0.7236,0.73,0.7248,0.7296,0.7312,0.726,0.7256,0.7316
0.7228,0.7268,0.7668,0.7272,0.7188,0.7228,0.7312,0.7332,0.7244,0.7264,0.7228,0.728


B:
62.8,69,64,60.1999,59.9999,59,66.1999,56.8001,57,62,58.4,57.4001
61,60.0001,66.4001,69.6001,57.4001,56.9999,56.2,59.4,66.8001,63,63.4,67.4
66.1999,70.1999,56.2,60.8001,65.2,59.1999,59.8001,64.7999,57.6001,62.5999,57.1999,55.0001


========================================================
Test11 (ADC Calibration) results 2008-07-15 23:31:17
Board ID064 36 channels
Linux calibration software

Calibration DAC Range: [1000 - 3500]

A:
0.728,0.7316,0.7316,0.7264,0.7196,0.7216,0.7268,0.7308,0.7356,0.7312,0.7308,0.7272
0.7312,0.7268,0.7272,0.724,0.7232,0.7296,0.7248,0.7288,0.7308,0.7252,0.7252,0.7312
0.7224,0.7264,0.7676,0.726,0.7188,0.722,0.7304,0.7324,0.7236,0.7256,0.7216,0.7268


B:
64.0001,69.4,63.4,59.5999,61.3999,58.4,64.1999,57.2001,57.4,62.8001,59.2001,57.8001
61.8001,62.1999,65.8001,70.0001,57.7999,57.4,55.2,60.2,67.2001,63.8,62.8,67.8001
66.6,70.5999,49.4,63,66.2,60,61.5999,65.6,57.4001,63.4,59.4,57.1999


========================================================
Test11 (ADC Calibration) results 2008-07-16 00:51:19
Board ID064 36 channels
Linux calibration software

Calibration DAC Range: [1000 - 3500]

A:
0.7276,0.7312,0.7304,0.726,0.7184,0.7208,0.726,0.73,0.7352,0.7308,0.7304,0.7264
0.7312,0.7264,0.7264,0.7236,0.7224,0.7288,0.724,0.728,0.73,0.7248,0.7248,0.7308
0.7216,0.726,0.7648,0.7256,0.7184,0.7216,0.73,0.732,0.7232,0.7252,0.7216,0.7268


B:
65.4001,69.8001,65.5999,60,62.6,60.2001,67,57.9999,57.8,62.2001,58.5999,58.5999
60.8001,61.5999,67.5999,70.4001,57.6,58.2,56.0001,62.0001,67.9999,64.2,64.2,68.2001
67.4,70,60.2,63.4,65.6,59.4,61.9999,66,57.7999,63.8,58.4,56.1999


========================================================
Test11 (ADC Calibration) results 2008-07-16 11:13:20
Board ID064 36 channels
Linux calibration software

Calibration DAC Range: [1000 - 3500]

A:
0.7276,0.7304,0.73,0.7252,0.7184,0.7204,0.7256,0.7296,0.734,0.7296,0.7304,0.7256
0.73,0.726,0.7264,0.7228,0.722,0.728,0.7232,0.728,0.7296,0.7244,0.724,0.73
0.7212,0.726,0.7668,0.7252,0.7164,0.7212,0.7292,0.7316,0.7228,0.7248,0.7208,0.726


B:
63.4001,69.5999,65.9999,60.8,62.6,59.6001,66.4,59.4,59.9999,64.4,58.5999,59.4
62.9999,62,66.5999,71.1999,59,60.0001,56.7999,61.0001,67.4,64.6001,64.0001,68.9999
67.8,69,53.2,62.8,66.5999,60.8,62.8,66.4,58.1999,64.2,59.2001,57


========================================================
Test11 (ADC Calibration) results 2008-07-16 16:12:58
Board ID064 36 channels
Linux calibration software

Calibration DAC Range: [1000 - 3500]

A:
0.7268,0.7304,0.73,0.7248,0.7184,0.72,0.726,0.7296,0.734,0.7296,0.7296,0.726
0.73,0.726,0.726,0.7228,0.7216,0.7284,0.7228,0.728,0.7292,0.7244,0.7248,0.73
0.7212,0.7252,0.766,0.7248,0.7168,0.7208,0.7296,0.7316,0.7224,0.7248,0.7212,0.7256


B:
65.1999,68.5999,65.9999,61.2,62.6,60.9999,65,58.4,59.9999,64.4,60.4,59
62.9999,62,67,71.1999,59.4,58.6,57.1999,61.0001,68.8,64.6001,62.2,68.9999
67.8,71.8,55.0001,64.2,65.2001,61.2001,61.4,66.4,58.6,64.2,58.8,58.4


========================================================
Test11 (ADC Calibration) results 2008-07-17 10:58:43
Board ID064 36 channels
Linux calibration software

Calibration DAC Range: [1000 - 3500]

A:
0.7288,0.7308,0.7316,0.7264,0.7196,0.7212,0.7268,0.7304,0.736,0.7316,0.7312,0.728
0.7312,0.7276,0.7272,0.724,0.7232,0.7296,0.724,0.7288,0.7308,0.7256,0.7256,0.7316
0.7228,0.7272,0.7668,0.7268,0.7184,0.722,0.73,0.7328,0.724,0.7264,0.7224,0.7276


B:
62.2,69.2001,64.4,59.5999,61.3999,59.8,65.1999,58.5999,57,62.4,58.8001,56.0001
61.8001,60.4001,65.8001,70.0001,57.7999,57.4,57.0001,60.2,67.2001,63.4,62.4,66.4
66.1999,67.8001,46.2,61.1999,63.6,60,62.9999,65.2,57.0001,62.5999,57.6,55.4001


========================================================
Test11 (ADC Calibration) results 2008-07-20 18:37:46
Board ID064 36 channels
Linux calibration software

Calibration DAC Range: [1000 - 3500]

A:
0.728,0.732,0.732,0.7268,0.72,0.7224,0.7272,0.7308,0.736,0.7316,0.7308,0.7268
0.7316,0.7272,0.7272,0.7244,0.7236,0.73,0.7248,0.7292,0.7308,0.7256,0.726,0.7312
0.7224,0.7272,0.764,0.7264,0.7208,0.7224,0.73,0.7328,0.7244,0.726,0.7224,0.7276


B:
65.0001,68,63,59.1999,59.9999,57.6,64.8001,57.2001,57,62.4,59.2001,59.1999
61.4,60.8001,66.8001,69.6001,57.4001,55.9999,56.2,60.8,67.2001,63.4,62,67.8001
66.6,68.8001,62,61.5999,62.2001,59.6,62.9999,65.2,56.6001,63,58.6,55.4001


========================================================
Test11 (ADC Calibration) results 2008-07-24 23:03:59
Board ID064 36 channels
Linux calibration software

Calibration DAC Range: [1000 - 3500]

A:
0.7288,0.7312,0.7316,0.7264,0.72,0.7224,0.7276,0.7308,0.736,0.7316,0.7316,0.7276
0.7316,0.7276,0.7272,0.7248,0.7236,0.7296,0.7248,0.7292,0.7312,0.7252,0.7256,0.7316
0.7224,0.7264,0.7668,0.7268,0.7208,0.7224,0.7308,0.7328,0.7244,0.726,0.7228,0.7272


B:
62.2,69.8001,64.4,59.5999,59.9999,57.6,63.4001,57.2001,57,62.4,57.4,57.4001
61.4,60.4001,65.8001,68.2,56.4001,57.4,56.2,59.8,65.8001,63.8,62.4,67.4
66.6,70.5999,55.2,61.1999,63.2001,58.6,60.2001,65.2,56.6001,63,57.1999,56.8001


========================================================
Test11 (ADC Calibration) results 2008-08-12 23:20:39
Board ID064 36 channels
Linux calibration software

Calibration DAC Range: [1000 - 3500]

A:
0.7284,0.7316,0.7316,0.7264,0.7192,0.7224,0.7268,0.7304,0.7356,0.7308,0.7308,0.7272
0.7312,0.7272,0.7268,0.724,0.7228,0.7276,0.7248,0.7288,0.7308,0.7252,0.7252,0.7308
0.722,0.7264,0.7612,0.726,0.7216,0.7224,0.7304,0.7328,0.724,0.726,0.722,0.7268


B:
63.6,68.4,64.4,60.5999,61.7999,58.6,65.1999,58.5999,57.4,64.2001,59.2001,57.8001
61.8001,60.8001,67.1999,70.0001,58.1999,66.4001,56.2,60.2,67.2001,63.8,63.8,69.2001
67,69.5999,63.8,63,64.4,58.6,61.5999,65.2,57.0001,63,58,57.1999


========================================================
Test11 (ADC Calibration) results 2008-08-13 01:14:42
Board ID064 36 channels
Linux calibration software

Calibration DAC Range: [1000 - 3500]

A:
0.7284,0.7316,0.7312,0.7264,0.7192,0.7228,0.7268,0.7304,0.736,0.7308,0.7312,0.7272
0.7308,0.7268,0.7268,0.724,0.7228,0.7276,0.7248,0.7288,0.7308,0.7252,0.7256,0.7312
0.722,0.7268,0.7612,0.726,0.7216,0.722,0.7304,0.7328,0.7236,0.726,0.7224,0.7272


B:
63.6,68.4,64.8001,60.5999,61.7999,58.1999,65.1999,58.5999,57,64.2001,58.8001,57.8001
62.2001,62.1999,67.1999,70.0001,58.1999,66.4001,56.2,60.2,67.2001,63.8,62.4,67.8001
67,69.1999,63.8,63,64.4,60,61.5999,65.2,57.4001,64,56.6,55.8001


========================================================
Test11 (DAC Calibration) results 2008-08-27 10:31:27
Board ID064 36 channels
Linux calibration (server mode)

Calibration DAC Range: [3100 - 3500]

A:
0.746,0.750286,0.749714,0.744286,0.736857,0.74,0.745429,0.747143,0.751714,0.749143,0.748,0.743714
0.748571,0.744571,0.746,0.744,0.739429,0.745714,0.740857,0.746,0.75,0.743429,0.743429,0.750571
0.741143,0.746,0.784286,0.744,0.742,0.739143,0.747429,0.751429,0.74,0.744286,0.738571,0.743143


B:
0.0,0.0,0.0,0.0,0.0,0.0,0.0,0.0,0.0,0.0,0.0,0.0
0.0,0.0,0.0,0.0,0.0,0.0,0.0,0.0,0.0,0.0,0.0,0.0
0.0,0.0,0.0,0.0,0.0,0.0,0.0,0.0,0.0,0.0,0.0,0.0


========================================================
Test11 (ADC Calibration) results 2008-08-27 13:08:29
Board ID064 36 channels
Linux calibration software

Calibration DAC Range: [1000 - 3500]

A:
0.7288,0.7312,0.7316,0.7272,0.72,0.7232,0.7264,0.7308,0.7352,0.7312,0.7312,0.7272
0.7312,0.7276,0.7272,0.724,0.7232,0.7304,0.7248,0.7284,0.7308,0.7248,0.7252,0.7312
0.722,0.726,0.7668,0.726,0.7252,0.7224,0.73,0.7328,0.724,0.726,0.722,0.7272


B:
62.2,67.8001,64.4,59.8001,60.9999,58.7999,65.5999,57.2001,58.8,62.8001,58.8001,57.8001
61.8001,60.4001,65.8001,70.0001,57.7999,55.5999,56.2,61.6,68.2001,65.2,63.8,67.8001
68,70,63.2,63,62.8,59.6,61.9999,65.2,57.0001,64,58,56.8001


========================================================
Test11 (DAC Calibration) results 2008-08-28 18:58:16
Board ID064 36 channels
Linux calibration (server mode)

Calibration DAC Range: [3100 - 3500]

A:
0.73,0.74,0.7375,0.73,0.7275,0.7325,0.735,0.735,0.74,0.7325,0.7375,0.735
0.7325,0.735,0.7325,0.73,0.7275,0.74,0.7325,0.7325,0.74,0.735,0.7375,0.74
0.7325,0.7375,0.7725,0.7325,0.73,0.7275,0.7375,0.735,0.735,0.735,0.725,0.7325


B:
87.0,67.0,72.7,81.0,65.7,59.2,66.5,71.5,73.0,87.2,67.7,60.5
86.2,63.5,77.2,79.0,71.7,52.0,61.2,78.2,68.0,60.5,51.7,68.0
62.2,61.7,73.3,70.2,82.0,70.7,65.7,86.5,49.5,62.5,76.5,67.2


========================================================
Test11 (DAC Calibration) results 2008-08-30 18:22:53
Board ID064 36 channels
Linux calibration (server mode)

Calibration DAC Range: [3100 - 3500]

A:
0.7325,0.74,0.74,0.7325,0.7275,0.73,0.7375,0.7375,0.74,0.7425,0.74,0.74
0.74,0.735,0.7375,0.735,0.7325,0.7325,0.735,0.7375,0.74,0.735,0.735,0.74
0.735,0.735,0.775,0.7375,0.735,0.735,0.7375,0.7425,0.7325,0.7375,0.73,0.7375


B:
83.2,71.0,69.0,76.2,69.7,71.0,63.7,68.7,78.0,60.2,64.0,49.0
68.0,69.5,65.7,67.5,60.2,81.2,56.5,65.7,71.0,64.5,65.5,73.0
58.5,74.5,70.5,58.7,62.5,50.5,70.7,67.2,62.2,59.7,65.0,55.7


========================================================
Test11 (DAC Calibration) results 2008-08-30 21:24:14
Board ID064 36 channels
Linux calibration (server mode)

Calibration DAC Range: [3100 - 3500]

A:
0.72,0.72,0.7175,0.715,0.71,0.7125,0.715,0.72,0.72,0.715,0.72,0.72
0.7225,0.7175,0.7175,0.7125,0.715,0.715,0.72,0.72,0.7175,0.715,0.7125,0.72
0.7125,0.715,0.7525,0.715,0.715,0.71,0.7225,0.7175,0.715,0.7175,0.7075,0.7125


B:
58.0,72.0,76.8,68.5,62.0,64.3,70.5,58.0,75.0,83.5,62.0,48.0
57.2,59.8,64.8,74.3,51.5,71.5,40.0,57.0,78.8,64.5,73.3,71.0
66.3,74.5,73.3,66.5,68.5,67.0,54.2,82.8,54.5,58.8,72.8,71.3


========================================================
Test11 (DAC Calibration) results 2008-08-30 21:51:58
Board ID064 36 channels
Linux calibration (server mode)

Calibration DAC Range: [3100 - 3500]

A:
0.74,0.74,0.7425,0.74,0.73,0.735,0.7325,0.74,0.7425,0.7425,0.74,0.74
0.7425,0.7375,0.7325,0.7375,0.735,0.74,0.7325,0.74,0.74,0.735,0.7325,0.7425
0.7275,0.7375,0.78,0.735,0.7375,0.73,0.7425,0.74,0.73,0.7375,0.7275,0.735


B:
59.0,73.0,61.2,53.0,63.0,56.5,80.2,61.0,70.2,60.2,64.0,50.0
58.2,61.7,82.2,59.7,53.5,57.0,65.2,58.0,72.0,65.5,73.2,65.2
83.7,67.7,54.0,67.5,62.7,68.0,55.2,76.0,71.0,59.7,73.7,64.5


========================================================
Test11 (DAC Calibration) results 2008-08-31 12:06:16
Board ID064 36 channels
Linux calibration (server mode)

Calibration DAC Range: [3100 - 3500]

A:
0.735,0.74,0.7425,0.735,0.73,0.735,0.7375,0.74,0.7475,0.7375,0.74,0.74
0.7425,0.7375,0.7375,0.7375,0.735,0.74,0.7325,0.735,0.74,0.73,0.7375,0.7425
0.7325,0.7375,0.775,0.735,0.735,0.73,0.7375,0.74,0.73,0.7375,0.7275,0.735


B:
76.5,75.0,62.2,70.5,63.0,58.5,63.7,61.0,53.7,76.7,64.0,50.0
59.2,60.7,65.7,60.7,53.5,57.0,66.2,75.5,72.0,83.0,56.7,64.2
67.2,66.7,71.5,67.5,76.5,68.0,71.7,76.0,71.0,58.7,74.7,64.5


