========================================================

Test10 results 10-06-2005  14:10:59
Board ID084  36 channels
HV Tests Software Ver.1.6

+5V 2500 - O'k
-5V 1318 - O'k
Interlock - On

Voltmeter channel: A=1.078749, B=20.496035

A:
Limits 1.1 +/- 0.1
1.075269,1.074691,1.070091,1.073537,1.077006,1.076426,1.075847,1.071811,1.076426,1.075269,1.077006,1.077586
1.081081,1.070091,1.084599,1.079914,1.085776,1.076426,1.081081,1.076426,1.078749,1.075269,1.070091,1.076426
1.075847,1.079914,1.077586,1.079331,1.076426,1.077006,1.072961,1.071811,1.067236,1.081081,1.075269,1.078167


B:
Limits 0.0 +/- 35.0
15.053588,18.269632,13.910991,16.102896,9.692835,12.917105,21.516802,13.933707,13.993531,13.978319,14.000859,12.931156
12.973151,14.981082,8.676929,8.639275,14.115096,8.6114,15.135313,17.222809,7.55105,8.601974,8.560535,7.534973
11.834177,7.559361,9.698398,10.793356,11.840678,6.461817,13.948658,13.933707,17.075891,7.567746,13.978319,21.563471
========================================================
Test10 (ADC Calibration) results 2007-10-16 11:15:01
Board ID84 36 channels
Linux calibration software

Voltmeter channel: A=1.0775, B=25.7205

A:
1.07598,1.07538,1.07049,1.07399,1.0749,1.07692,1.07873,1.07272,1.07557,1.07621,1.07933,1.08065
1.08157,1.07331,1.08492,1.07909,1.08615,1.07768,1.08258,1.07917,1.0823,1.07611,1.07275,1.08232
1.07708,1.08115,1.07929,1.0806,1.07849,1.07748,1.0746,1.07254,1.06751,1.08115,1.07403,1.07859


B:
8.4925,13.3913,10.4028,13.6601,11.7537,7.40968,15.4981,7.21191,11.7279,7.98507,12.2069,11.1773
13.4496,11.0388,7.52461,7.3143,9.33595,7.89817,12.0432,11.296,3.78602,5.73305,5.80123,4.73905
11.6025,6.89694,5.21642,8.47097,4.51926,1.15416,9.33673,13.7964,13.0644,2.53469,9.15811,17.7984


========================================================
Test10 (ADC Calibration) results 2008-06-17 15:59:18
Board ID084 36 channels
Linux calibration software

Voltmeter channel: A=1.07, B=0

A:
1.0918,1.09289,1.08755,1.09126,1.09253,1.09371,1.09408,1.08936,1.08945,1.09344,1.0993,1.1054
1.09976,1.08999,1.10299,1.09645,1.10364,1.09884,1.10049,1.09654,1.10151,1.09353,1.09098,1.10559
1.09682,1.09939,1.09737,1.09967,1.0949,1.0949,1.0918,1.09071,1.08512,1.09755,1.09117,1.09728


B:
11.91,13.5341,9.71361,15.0276,11.2444,9.06724,17.0478,7.83194,15.1569,8.66173,14.0584,10.7242
12.3208,13.3528,9.38138,7.65099,9.67473,7.66339,10.9906,13.0498,6.98239,6.17198,6.54861,5.69085
9.50882,7.81845,6.59223,8.66559,6.44666,0.753248,10.8182,13.3437,12.6007,4.44838,13.5832,16.9905


========================================================
Test10 (ADC Calibration) results 2008-07-16 21:23:30
Board ID084 36 channels
Linux calibration software

Voltmeter channel: A=1.07, B=0

A:
1.09303,1.09341,1.08861,1.09237,1.09351,1.09455,1.09266,1.09011,1.08926,1.09474,1.10008,1.10412
1.10046,1.09124,1.10383,1.09769,1.10421,1.09998,1.10075,1.09731,1.10229,1.09483,1.09162,1.10615
1.08487,1.10027,1.09855,1.10075,1.09597,1.09512,1.09237,1.09171,1.0857,1.09855,1.09199,1.09817


B:
11,13.0594,8.74128,13.3541,10.3482,8.73612,17.2465,7.35611,14.8891,7.68652,14.0088,10.5653
12.5607,11.3338,8.62023,6.07873,9.37378,7.49606,10.9781,13.012,5.39192,4.75302,5.74801,5.40524
19.5652,7.01308,6.60962,7.89638,4.80022,0.986912,10.9506,12.4296,12.0661,3.09393,12.6073,16.8426


========================================================
Test10 (ADC Calibration) results 2008-07-19 11:34:37
Board ID084 36 channels
Linux calibration software

Voltmeter channel: A=1.07, B=0

A:
1.09303,1.09351,1.08861,1.09209,1.09322,1.09445,1.09152,1.09011,1.0887,1.09455,1.09998,1.10306
1.0937,1.09058,1.10402,1.09769,1.10431,1.0997,1.10075,1.09769,1.10209,1.09445,1.09133,1.10518
1.07746,1.10027,1.09874,1.10065,1.0955,1.09502,1.09228,1.09152,1.08552,1.09817,1.0919,1.09817


B:
10.7815,12.7538,8.74128,13.8313,10.6082,8.38569,17.4051,8.00989,14.7516,7.42283,13.2158,11.0863
17.6117,11.0663,8.22426,6.07873,8.84403,7.09858,11.1986,12.2255,5.34706,5.75911,5.79063,5.84388
20.9511,6.57319,5.55556,7.7636,5.67493,1.07444,11.0374,12.8209,12.0209,3.44514,12.9121,16.8426


========================================================
Test10 (ADC Calibration) results 2008-07-19 14:46:21
Board ID084 36 channels
Linux calibration software

Voltmeter channel: A=1.07, B=0

A:
1.09303,1.0937,1.08832,1.09181,1.09313,1.09436,1.09096,1.0903,1.08814,1.09455,1.09998,1.10209
1.09436,1.08964,1.10383,1.0975,1.1045,1.0995,1.10065,1.09731,1.10181,1.09464,1.09105,1.10489
1.05708,1.09998,1.09874,1.10056,1.09569,1.09502,1.09228,1.09096,1.0858,1.09807,1.0918,1.09826


B:
11,12.7995,9.00065,14.3083,10.695,8.47251,18.5753,7.18197,15.9195,7.64157,13.2158,12.4004
17.6654,13.0192,8.84094,6.25355,8.44771,7.49306,11.0656,13.012,5.83089,5.14661,6.05136,6.32899
36.7376,7.05579,5.99495,7.85144,5.5004,0.855102,10.819,13.9933,11.763,2.87385,12.9983,16.756


========================================================
Test10 (ADC Calibration) results 2008-07-20 08:08:59
Board ID084 36 channels
Linux calibration software

Voltmeter channel: A=1.07, B=0

A:
1.09332,1.09351,1.08832,1.09209,1.09332,1.09445,1.09096,1.0902,1.08851,1.09455,1.09998,1.10258
1.09989,1.0902,1.10421,1.09769,1.10441,1.09979,1.10094,1.09731,1.102,1.09464,1.09105,1.08945
1.08097,1.10008,1.09855,1.10094,1.09569,1.09493,1.09237,1.09124,1.0857,1.09797,1.0919,1.09817


B:
10.3028,13.1914,9.65375,14.268,10.5213,8.38569,19.4481,7.48733,15.7942,7.86043,13.6557,11.9642
13.0828,12.2841,8.49025,6.2981,8.97737,7.45083,10.5837,13.4508,5.87577,5.58474,6.48806,11.6666
20.5386,7.40829,6.38958,7.28087,5.28131,1.38094,10.9506,13.5163,12.0661,3.83988,13.1304,16.8426


========================================================
Test10 (ADC Calibration) results 2008-07-20 17:40:55
Board ID084 36 channels
Linux calibration software

Voltmeter channel: A=1.07, B=0

A:
1.09332,1.09379,1.08832,1.09228,1.09332,1.09445,1.09133,1.09001,1.08823,1.09455,1.09998,1.10238
1.10008,1.08983,1.10402,1.09778,1.1046,1.0996,1.10075,1.09769,1.102,1.09483,1.09152,1.08973
1.06197,1.10037,1.09845,1.10046,1.09559,1.09512,1.09228,1.09143,1.08589,1.0975,1.09199,1.09807


B:
10.5213,12.9314,9.43614,13.4404,10.5213,8.38569,18.4502,7.87868,15.8342,7.86043,13.8756,12.1386
12.4689,12.6289,9.10753,5.99126,8.58076,8.0658,11.1986,12.6649,6.09612,4.75302,5.83488,11.1898
37.7496,6.9259,6.69693,8.3788,5.36858,1.20588,11.2558,13.3435,11.6773,4.49744,13.044,17.3683


