========================================================

Test11 results 10-06-2005  14:14:51
Board ID084  36 channels
HV Tests Software Ver.1.6

+5V 2500 - O'k
-5V 1319 - O'k
Interlock - On
Calibration DAC Range: [2500 - 2900]


A:
Limits 0.76 +/- 0.04
0.75188,0.75188,0.753296,0.750469,0.749064,0.746269,0.749064,0.75188,0.749064,0.749064,0.750469,0.749064
0.744879,0.75188,0.742115,0.747664,0.742115,0.749064,0.743494,0.750469,0.746269,0.750469,0.753296,0.750469
0.750469,0.746269,0.747664,0.747664,0.749064,0.747664,0.749064,0.753296,0.75188,0.746269,0.756144,0.749064


B:
Limits 60.0 +/- 40.0
50.218285,49.324879,62.640171,59.341709,60.722618,70.766266,56.056332,60.99902,60.169781,64.114983,56.287247,57.91674
68.57473,69.394157,68.372444,60.413418,62.21666,68.055984,69.898354,49.994923,67.882309,59.601879,61.027096,63.638767
57.901234,66.435684,66.451859,61.057404,62.759869,73.702881,72.525673,58.699532,71.423828,63.372448,53.389271,48.464565
========================================================
Test11 (DAC Calibration) results 2007-10-16 11:15:01
Board ID84 36 channels
Linux calibration software
Calibration DAC Range: [1100 - 2700]

A:
0.750258,0.75068,0.752587,0.750892,0.750258,0.748853,0.747594,0.752162,0.749415,0.749344,0.747175,0.746269
0.744879,0.75061,0.743702,0.746965,0.742115,0.747943,0.744186,0.747664,0.745504,0.749415,0.752516,0.74474
0.748363,0.745921,0.746826,0.745921,0.747384,0.748083,0.750469,0.751527,0.755073,0.745921,0.75429,0.747314


B:
61.9434,57.4551,68.2032,61.5168,61.3431,67.0319,60.9942,65.0245,64.3092,67.4035,64.2665,63.4329
69.2365,70.1634,65.6595,68.4407,66.9759,72.027,67.0698,61.1963,67.6264,65.0586,61.5275,73.599
64.4153,68.2426,71.6205,68.3917,72.9448,77.071,69.6061,65.148,64.0397,69.8836,68.282,58.9911


========================================================
Test11 (ADC Calibration) results 2008-06-17 18:39:44
Board ID084 36 channels
Linux calibration software

Calibration DAC Range: [1000 - 3500]

A:
0.7388,0.7384,0.7412,0.7388,0.7384,0.7372,0.7368,0.7404,0.74,0.7372,0.7332,0.7292
0.7328,0.7392,0.7308,0.7352,0.73,0.734,0.7324,0.7356,0.7324,0.7372,0.74,0.7292
0.7348,0.7336,0.7344,0.7332,0.736,0.736,0.7384,0.7388,0.7428,0.7348,0.7424,0.7352


B:
61.2,58.6001,67.8001,61.2,61.6001,66.7999,61.1999,65.5999,62,67.7999,63.8,64.8
70.2,68.8,66.2001,68.8,67.9999,70.9999,67.6,61.4,65.6,65.7999,61,72.8
66.2001,67.3999,71.6001,67.7999,72,78,69.6001,66.2,65.2,68.2001,65.6,57.8


========================================================
Test11 (ADC Calibration) results 2008-07-16 22:38:23
Board ID084 36 channels
Linux calibration software

Calibration DAC Range: [1000 - 3500]

A:
0.7376,0.7376,0.7404,0.738,0.7376,0.7368,0.7376,0.7396,0.7404,0.7364,0.7328,0.73
0.732,0.7384,0.7304,0.7344,0.7304,0.7328,0.732,0.7348,0.7312,0.7364,0.7392,0.7288
0.7436,0.7328,0.7336,0.7324,0.7352,0.7356,0.7376,0.738,0.742,0.734,0.7416,0.7344


B:
62.3999,59.3999,68.5999,63.0001,62.3999,66.2,61.3999,66.4,61.5999,68.6,64.2,64.9999
70,70.6001,66.5999,69.6001,66.5999,72.2,68,61.2001,68.8001,66.6,62.8,73.2
57.4,68.2,71.3999,68.6,73.8,78.4,70.3999,67.0001,67.0001,69.9999,67.4001,58.6001


========================================================
Test11 (ADC Calibration) results 2008-07-20 18:58:34
Board ID084 36 channels
Linux calibration software

Calibration DAC Range: [1000 - 3500]

A:
0.7376,0.7376,0.7408,0.738,0.7376,0.7368,0.7388,0.7396,0.7408,0.7364,0.7328,0.7316
0.7324,0.7392,0.7304,0.734,0.7292,0.7332,0.732,0.7348,0.7316,0.7364,0.7392,0.7396
0.7596,0.7324,0.7336,0.7324,0.7356,0.7356,0.738,0.738,0.7424,0.7348,0.7424,0.734


B:
62.3999,59.3999,68.1999,63.0001,62.3999,67.2,59.2,66.4,61.1999,68.6,64.2,63.4
70.6,69.8,65.5999,69.9999,68.8,70.7999,68,61.2001,67.4,66.6,62.8,69.4
43.4001,68.6,71.3999,68.6,72.4,78.4,69.0001,67.0001,65.6,68.2001,64.6,58.9999


