========================================================

Test10 results 06-30-2005  14:52:38
Board ID347  30 channels
HV Tests Software Ver.1.6

+5V 2518 - O'k
-5V 1290 - O'k
Interlock - On

Voltmeter channel: A=1.081666, B=15.143361

A:
Limits 1.1 +/- 0.1
1.075269,1.082251,1.071237,1.084599,1.078749,1.075847,1.071237,1.062135,1.062699,1.082251
1.088732,1.072961,1.076426,1.080497,1.068376,1.088732,1.072386,1.080497,1.075269,1.076426
1.079331,1.068947,1.069519,1.077006,1.075269,1.088139,1.077586,1.077586,1.067236,1.079914


B:
Limits 0.0 +/- 30.0
15.053588,10.822549,10.712199,5.423133,5.393553,15.061719,14.997149,24.429213,15.940704,11.9048
11.975979,12.875696,10.764252,7.563487,24.572664,9.798515,7.506824,9.724482,6.451437,7.534973
9.714025,12.827404,8.556267,10.769841,11.827781,9.793203,11.85357,9.698398,10.672477,6.479447
========================================================
Test10 (ADC Calibration) results 2007-11-13 16:03:48
Board ID347 30 channels
Linux calibration software

Voltmeter channel: A=1.07524, B=-1338.69

A:
1.07584,1.08095,1.0704,1.08355,1.07722,1.07588,1.0705,1.0702,1.0621,1.0821
1.08886,1.07157,1.07669,1.08109,1.07719,1.0873,1.07181,1.07893,1.07574,1.07389
1.08254,1.07198,1.0701,1.07704,1.07665,1.08775,1.07695,1.07655,1.06616,1.07941


B:
10.9806,7.84407,6.34583,2.3903,4.31965,9.78044,11.5479,12.3417,12.3099,8.91055
8.6869,10.604,4.98693,7.42214,15.9625,8.54212,4.95989,8.82535,3.21139,9.02323
8.33568,7.31047,6.39901,6.6375,7.71244,6.08943,8.807,9.1633,7.23702,3.90214


