========================================================

Test10 results 07-26-2006  23:05:02
Board ID056  36 channels
HV Tests Software Ver.1.6.1

+5V 2519 - O'k
-5V 1317 - O'k
Interlock - On

Voltmeter channel: A=1.069519, B=26.738085

A:
Limits 1.1 +/- 0.1
1.081081,1.071237,1.080497,1.057082,1.076426,1.079331,1.080497,1.077006,1.071811,1.077586,1.072386,1.070664
1.078749,1.078167,1.075269,1.079331,1.078167,1.068947,1.077006,1.074114,1.075269,1.082837,1.072386,1.053186
1.067806,1.084011,1.077586,1.080497,1.072961,1.072386,1.071811,1.071237,1.078749,1.072961,1.078167,1.079914


B:
Limits 0.0 +/- 30.0
10.810989,18.210861,14.04647,12.685132,16.146383,8.634694,16.207464,20.462894,24.651819,17.241501,16.085913,14.9893
9.708548,17.250803,12.903049,15.11068,9.703633,20.310034,20.462894,15.037632,20.429932,21.656916,11.796368,17.903961
21.356155,11.924122,23.707018,16.207464,17.167542,17.158298,18.220953,9.640962,15.102291,16.09458,20.485304,15.118756
========================================================
Test10 (ADC Calibration) results 2008-03-12 11:40:30
Board ID56 36 channels
Linux calibration software

Voltmeter channel: A=1.06806, B=26.5081

A:
1.07802,1.06865,1.07669,1.05782,1.07383,1.0776,1.07833,1.0748,1.06939,1.07554,1.07016,1.06754
1.0756,1.07688,1.07272,1.07764,1.07608,1.06717,1.07675,1.07258,1.07369,1.08325,1.07046,1.05298
1.06599,1.08312,1.07681,1.07772,1.07157,1.07154,1.06952,1.07157,1.0756,1.07016,1.07694,1.07823


B:
6.82142,14.0901,11.7569,6.96793,11.3344,5.41704,10.8385,15.0305,19.0832,11.3638,11.2461,11.359
7.66244,13.751,7.79365,11.8139,4.64853,15.0958,14.6011,9.18532,15.5511,14.1903,7.06319,11.0372
15.9783,7.26442,17.5836,12.3267,12.604,9.55377,13.3334,4.60396,12.4356,11.9862,14.5804,12.8534


