========================================================

Test11 results 07-26-2006  23:06:49
Board ID056  36 channels
HV Tests Software Ver.1.6.1

+5V 2517 - O'k
-5V 1317 - O'k
Interlock - On
Calibration DAC Range: [2500 - 2900]


A:
Limits 0.76 +/- 0.04
0.747664,0.753296,0.744879,0.767754,0.747664,0.750469,0.747664,0.749064,0.753296,0.749064,0.753296,0.753296
0.749064,0.749064,0.75188,0.747664,0.749064,0.757576,0.747664,0.75188,0.75188,0.744879,0.753296,0.767754
0.757576,0.744879,0.749064,0.744879,0.754717,0.75188,0.756144,0.756144,0.746269,0.753296,0.75188,0.747664


B:
Limits 60.0 +/- 30.0
64.285172,62.02113,71.794113,48.804703,71.198685,55.095219,61.139179,61.060757,56.369389,62.038052,61.307377,64.25325
68.498909,61.060757,60.643639,65.176308,65.094475,52.615845,64.75666,61.633972,60.3727,57.529022,64.53849,58.50079
58.281574,68.328857,58.723957,70.265251,55.048603,63.509632,53.722855,60.008484,72.627563,62.209087,61.096863,60.169003
========================================================
Test11 (DAC Calibration) results 2008-03-12 11:40:30
Board ID56 36 channels
Linux calibration software
Calibration DAC Range: [1100 - 2700]

A:
0.748083,0.754646,0.749766,0.76314,0.751385,0.749134,0.747873,0.750328,0.754503,0.750188,0.753579,0.75543
0.749766,0.748503,0.752162,0.747594,0.750188,0.756072,0.749344,0.75188,0.751103,0.745226,0.753367,0.766651
0.756144,0.744186,0.748923,0.748293,0.752587,0.753367,0.75365,0.752587,0.749766,0.753579,0.753012,0.747943


B:
73.9291,68.3991,67.5726,69.4555,70.0009,68.2929,70.9265,66.948,63.3122,69.9926,71.364,68.8386
77.3196,70.0599,71.0418,74.4509,72.0931,68.7175,65.1554,72.9324,72.1906,63.3907,74.5174,71.1548
73.913,78.9768,68.2829,69.0019,71.9661,69.9972,73.5281,77.9868,71.3215,72.4192,66.4155,66.193


