========================================================

Test11 results 10-06-2005  14:14:51
Board ID084  36 channels
HV Tests Software Ver.1.6

+5V 2500 - O'k
-5V 1319 - O'k
Interlock - On
Calibration DAC Range: [2500 - 2900]


A:
Limits 0.76 +/- 0.04
0.75188,0.75188,0.753296,0.750469,0.749064,0.746269,0.749064,0.75188,0.749064,0.749064,0.750469,0.749064
0.744879,0.75188,0.742115,0.747664,0.742115,0.749064,0.743494,0.750469,0.746269,0.750469,0.753296,0.750469
0.750469,0.746269,0.747664,0.747664,0.749064,0.747664,0.749064,0.753296,0.75188,0.746269,0.756144,0.749064


B:
Limits 60.0 +/- 40.0
50.218285,49.324879,62.640171,59.341709,60.722618,70.766266,56.056332,60.99902,60.169781,64.114983,56.287247,57.91674
68.57473,69.394157,68.372444,60.413418,62.21666,68.055984,69.898354,49.994923,67.882309,59.601879,61.027096,63.638767
57.901234,66.435684,66.451859,61.057404,62.759869,73.702881,72.525673,58.699532,71.423828,63.372448,53.389271,48.464565
========================================================
Test11 (DAC Calibration) results 2007-10-16 11:15:01
Board ID84 36 channels
Linux calibration software
Calibration DAC Range: [1100 - 2700]

A:
0.750258,0.75068,0.752587,0.750892,0.750258,0.748853,0.747594,0.752162,0.749415,0.749344,0.747175,0.746269
0.744879,0.75061,0.743702,0.746965,0.742115,0.747943,0.744186,0.747664,0.745504,0.749415,0.752516,0.74474
0.748363,0.745921,0.746826,0.745921,0.747384,0.748083,0.750469,0.751527,0.755073,0.745921,0.75429,0.747314


B:
61.9434,57.4551,68.2032,61.5168,61.3431,67.0319,60.9942,65.0245,64.3092,67.4035,64.2665,63.4329
69.2365,70.1634,65.6595,68.4407,66.9759,72.027,67.0698,61.1963,67.6264,65.0586,61.5275,73.599
64.4153,68.2426,71.6205,68.3917,72.9448,77.071,69.6061,65.148,64.0397,69.8836,68.282,58.9911


