========================================================

Test10 results 7-10-2007  15:50:00
Board ID068  36 channels
Manually calibrated by AM as voltage calibrator

+5V 3069 - O'k
-5V 1353 - O'k
Interlock - On

Voltmeter channel: A=1.067806, B=10.6781

A:
Limits 1.1 +/- 0.1
1.74497,
1.73913,
1.74380,
1.73913,
1.74146,
1.73449,
1.72987,
1.69824,
1.71391,
1.70940,
1.71844,
1.70157,
1.72185,
1.71504,
1.71278,
1.71165,
1.71053,
1.71053,
1.69492,
1.70940,
1.71053,
1.70269,
1.69935,
1.68831,
1.68067,
1.70157,
1.71053,
1.71731,
1.70046,
1.71278,
1.70380,
1.70604,
1.70716,
1.70828,
1.70940,
1.71504

B:
Limits 0.0 +/- 35.0
8.85906,
6.95652,
0.80483,
8.69565,
5.62626,
9.60640,
10.51231,
11.62639,
9.36058,
11.96581,
10.17845,
7.98429,
4.76821,
1.84697,
1.44928,
8.95326,
9.60526,
11.31579,
8.47458,
6.83761,
4.47368,
7.33464,
12.67974,
20.77922,
15.12605,
9.68586,
14.73684,
9.11493,
10.33355,
8.30040,
10.09174,
17.32283,
14.97045,
12.61498,
8.54701,
15.56728
