========================================================

Test11 results 03-16-2005  16:58:34
Board ID304  30 channels
HV Tests Software Ver.1.6

+5V 2484 - O'k
-5V 1337 - O'k
Interlock - On
Calibration DAC Range: [2500 - 2900]


A:
Limits 0.76 +/- 0.04
0.750469,0.75188,0.749064,0.753296,0.746269,0.754717,0.757576,0.75188,0.750469,0.760456
0.749064,0.75188,0.749064,0.754717,0.75188,0.753296,0.75188,0.75188,0.753296,0.753296
0.749064,0.742115,0.749064,0.75188,0.753296,0.75188,0.753296,0.747664,0.753296,0.743494


B:
Limits 60.0 +/- 30.0
63.097717,61.542923,66.076157,57.726463,59.077213,54.611546,53.204002,64.685913,61.568378,61.825356
57.773548,53.540432,59.951977,57.569977,55.246849,69.189941,55.510078,58.57542,59.160961,56.1064
56.962852,64.118149,59.31081,55.578732,55.477795,50.087589,63.825657,62.919991,58.628727,57.965233
========================================================
Test11 (DAC Calibration) results 2007-09-11 10:20:34
Board ID304 30 channels
Linux calibration software
Calibration DAC Range: [1100 - 2700]

A:
0.749344,0.750117,0.749555,0.750821,0.744325,0.751597,0.753083,0.750892,0.748293,0.748013
0.745851,0.750117,0.747454,0.752375,0.748853,0.753438,0.748713,0.755002,0.752941,0.750117
0.747384,0.741359,0.747454,0.748363,0.750188,0.747664,0.752729,0.747454,0.750962,0.741496


B:
68.1528,68.5889,67.4132,68.3716,68.0686,65.8024,69.7827,68.2748,68.8522,69.238
70.1286,61.0877,66.7198,63.3781,64.336,68.544,68.2733,89.8075,66.2117,64.0882
66.3678,67.2875,67.7662,68.0075,66.9918,66.729,68.0092,64.7764,68.178,66.2063


========================================================
Test11 (ADC Calibration) results 2008-06-17 18:39:44
Board ID304 30 channels
Linux calibration software

Calibration DAC Range: [1000 - 3500]

A:
0.7376,0.7384,0.7416,0.7396,0.7332,0.7396,0.742,0.74,0.7364,0.7364
0.7344,0.7516,0.7352,0.7396,0.7368,0.742,0.7376,0.738,0.7456,0.7372
0.744,0.732,0.7388,0.7384,0.7388,0.7356,0.7408,0.7368,0.7396,0.73


B:
69.3999,69.6001,65.4001,67.4,67.7999,67.4,70.0001,67,69.6,70.6
70.6001,57.3999,67.8,64.4,64.2,70.0001,67.3999,69.0001,63.4001,65.7999
59.9999,66,65.2,66.6001,67.2,67.4,69.1999,64.2,68.4,65.9999


========================================================
Test11 (ADC Calibration) results 2008-07-16 22:38:23
Board ID304 30 channels
Linux calibration software

Calibration DAC Range: [1000 - 3500]

A:
0.7376,0.738,0.7412,0.7388,0.7328,0.7392,0.7416,0.7392,0.736,0.7356
0.7344,0.7716,0.7348,0.7388,0.736,0.7416,0.7368,0.7368,0.7468,0.7372
0.7604,0.7324,0.738,0.7732,0.7384,0.7356,0.7404,0.7356,0.7388,0.7296


B:
69.3999,70.0001,66.8001,69.2,68.2,67.8,70.4001,68.8,69,72.4
70.6001,37.4,68.2001,65.2,66,70.4001,69.2,71.2,63.2,64.7999
54.6,66.6,68.0001,33.8001,67.6001,67.4,69.5999,66.4,70.2,67.4


========================================================
Test11 (ADC Calibration) results 2008-07-20 18:58:34
Board ID304 30 channels
Linux calibration software

Calibration DAC Range: [1000 - 3500]

A:
0.7372,0.7384,0.742,0.7392,0.7328,0.7396,0.7412,0.7388,0.7356,0.736
0.7344,0.762,0.7348,0.7392,0.7364,0.742,0.7364,0.7376,0.7472,0.7372
0.7644,0.7328,0.7392,0.7736,0.738,0.7356,0.7408,0.736,0.7388,0.7296


B:
69.7999,69.6001,66.0001,67.8,68.2,67.4,71.8001,70.2,70.4,71
69.6001,46.9999,68.2001,63.8,64.6,69.0001,69.6,69.3999,62.8,64.7999
51.6,65.2,65.8,31.4001,69.0001,67.4,69.1999,66,69.2,66.4


========================================================
Test11 (ADC Calibration) results 2008-07-24 15:42:31
Board ID304 30 channels
Linux calibration software

Calibration DAC Range: [1000 - 3500]

A:
0.7368,0.738,0.7416,0.7392,0.7324,0.7388,0.7412,0.7392,0.736,0.736
0.734,0.7524,0.7348,0.7388,0.7364,0.7412,0.7364,0.7368,0.7468,0.7368
0.7636,0.7328,0.7392,0.7712,0.7384,0.7356,0.7404,0.7364,0.7388,0.7296


B:
71.2,71.0001,66.4001,67.8,68.6,69.2,71.8001,68.8,69,71
70.9999,56.6001,68.2001,64.2,64.6,70.8001,69.6,71.2,63.2,65.2
53.4,65.2,64.8,33.8,67.6001,67.4,69.5999,65.6,69.2,66.4


========================================================
Test11 (ADC Calibration) results 2009-01-22 09:33:41
Board ID304 30 channels
Host: ufcmshv3
Linux calibration software

Calibration DAC Range: [1000 - 3500]

A:
0.762,0.7656,0.7724,0.7524,0.7656,0.7712,0.7552,0.7644,0.7548,0.7648
0.7512,0.7604,0.7524,0.7656,0.7676,0.7568,0.76,0.7556,0.7688,0.7688
0.762,0.7596,0.762,0.7596,0.7612,0.7584,0.768,0.7608,0.7616,0.7596


B:
69.9999,70.3999,68.5999,68.6001,68.3999,65.8,70.7999,67.6,69.1999,71.2
70.7999,61.6,67.6001,64.3999,65.4,70.2,68,69.4001,69.1999,66.1999
69.9999,68.4001,68.9999,68.4001,66.8,67.5999,70,66.2,68.3999,65.4001


