========================================================

Test10 results 02-08-2006  16:17:31
Board ID378  30 channels
HV Tests Software Ver.1.6

+5V 2564 - O'k
-5V 1359 - O'k
Interlock - On

Voltmeter channel: A=1.079331, B=7.555364

A:
Limits 1.1 +/- 0.1
1.076426,1.075269,1.081081,1.075269,1.085187,1.074114,1.075269,1.091107,1.081081,1.079914
1.068947,1.078749,1.078167,1.075847,1.081666,1.069519,1.085187,1.070091,1.078749,1.081081
1.079914,1.079331,1.078167,1.081666,1.082837,1.079331,1.069519,1.084011,1.075269,1.081081


B:
Limits 0.0 +/- 35.0
7.534973,10.752512,8.648827,7.526706,9.766678,7.518835,11.827781,7.637702,9.729908,7.559361
6.413721,5.393553,8.625466,9.682483,7.571701,11.764822,5.425929,9.630627,7.55105,9.729908
7.559361,8.634694,8.625466,7.571701,6.497197,9.714025,13.90386,6.504067,11.827781,5.405584
========================================================

Test10 results 02-08-2006  16:48:53
Board ID378  30 channels
HV Tests Software Ver.1.6

+5V 2564 - O'k
-5V 1360 - O'k
Interlock - On

Voltmeter channel: A=1.079331, B=7.555364

A:
Limits 1.1 +/- 0.1
1.076426,1.074691,1.081666,1.074691,1.085776,1.074114,1.075269,1.091703,1.081666,1.079914
1.068376,1.077586,1.077586,1.075847,1.082251,1.068947,1.084011,1.070091,1.078167,1.079914
1.078749,1.079914,1.078167,1.081666,1.075269,1.079331,1.070664,1.083424,1.075847,1.080497


B:
Limits 0.0 +/- 35.0
7.534973,11.821486,7.571701,9.672105,8.686214,7.518835,11.827781,5.458513,6.490035,7.559361
8.547024,8.620811,10.775984,9.682483,6.493545,13.896351,9.7561,9.630627,9.703633,11.879015
9.708548,6.479447,9.703633,7.571701,9.677243,8.634694,10.706645,8.667404,9.682483,6.48299
