========================================================

Test11 results 02-08-2006  16:20:48
Board ID378  30 channels
HV Tests Software Ver.1.6

+5V 2564 - O'k
-5V 1359 - O'k
Interlock - On
Calibration DAC Range: [2500 - 2900]


A:
Limits 0.76 +/- 0.04
0.743494,0.747664,0.740741,0.746269,0.738007,0.747664,0.746269,0.733945,0.743494,0.742115
0.75188,0.742115,0.744879,0.747664,0.742115,0.750469,0.739372,0.749064,0.746269,0.742115
0.743494,0.742115,0.744879,0.746269,0.740741,0.743494,0.747664,0.740741,0.747664,0.740741


B:
Limits 60.0 +/- 40.0
61.348534,48.502094,61.161297,57.759766,60.955391,56.229713,51.486992,63.466892,52.215313,58.232685
53.856346,64.432137,52.924995,48.502094,55.158779,52.230942,57.250916,57.728374,46.880203,56.629055
53.684875,61.370007,52.264317,55.380669,58.956619,56.755241,59.118698,55.81245,47.623371,62.694862
========================================================

Test11 results 02-08-2006  16:53:34
Board ID378  30 channels
HV Tests Software Ver.1.6

+5V 2564 - O'k
-5V 1360 - O'k
Interlock - On
Calibration DAC Range: [2500 - 2900]


A:
Limits 0.76 +/- 0.04
0.742115,0.746269,0.739372,0.744879,0.738007,0.746269,0.744879,0.733945,0.742115,0.742115
0.749064,0.743494,0.743494,0.744879,0.739372,0.750469,0.738007,0.750469,0.744879,0.743494
0.743494,0.744879,0.744879,0.744879,0.746269,0.743494,0.749064,0.736648,0.744879,0.743494


B:
Limits 60.0 +/- 40.0
66.542526,53.019245,64.809982,62.175243,60.15414,60.890961,57.519566,62.66647,55.894371,58.232685
63.001446,59.891312,56.755241,58.39502,64.809982,51.510338,62.433746,53.752949,52.924995,51.276142
53.684875,50.06332,52.122288,60.52636,54.549862,56.023361,54.520531,69.99305,56.718132,54.557247
========================================================
Test11 (DAC Calibration) results 2008-01-25 05:39:40
Board ID378 30 channels
Linux calibration software
Calibration DAC Range: [1100 - 2700]

A:
0.745226,0.745782,0.742528,0.745921,0.739167,0.746687,0.745921,0.735091,0.741565,0.743287
0.751033,0.744532,0.744255,0.745782,0.741771,0.750117,0.739645,0.749906,0.743978,0.742528
0.743149,0.743011,0.743633,0.745921,0.746269,0.743564,0.749625,0.740398,0.746269,0.742184


B:
59.6646,58.8887,59.7178,62.5735,60.8796,62.703,57.9488,61.0219,61.3646,58.8031
60.12,60.6328,58.9358,59.1869,60.7788,57.3372,61.0949,58.9802,59.9182,58.8268
59.5912,60.8247,60.1042,60.1866,59.7016,60.3495,58.021,60.4812,55.9702,62.7237


========================================================
Test11 (DAC Calibration) results 2008-05-16 11:15:38
Board ID378 30 channels
Linux calibration software
Calibration DAC Range: [1100 - 2700]

A:
0.745365,0.745573,0.742322,0.746269,0.73903,0.746617,0.745712,0.735159,0.741633,0.743149
0.751103,0.744394,0.744255,0.751668,0.741909,0.750117,0.739645,0.749836,0.743909,0.74239
0.743149,0.74308,0.743494,0.745782,0.74599,0.743494,0.749485,0.740329,0.746199,0.742391


B:
59.1728,59.1799,59.8591,61.1941,60.9239,62.9491,58.2402,60.0439,60.9715,59.1453
59.722,60.8262,58.787,53.3779,60.5861,57.3372,61.3905,59.0777,59.5684,58.7232
59.5912,60.5796,60.5947,60.3803,59.9404,60.5947,58.2162,60.5775,56.0675,62.1381


