========================================================

Test10 results 03-21-2006  16:28:32
Board ID419  30 channels
HV Tests Software Ver.1.6

+5V 2510 - O'k
-5V 1324 - O'k
Interlock - On

Voltmeter channel: A=1.086366, B=2.172909

A:
Limits 1.1 +/- 0.1
1.080497,1.088139,1.086366,1.081666,1.085187,1.079914,1.082251,1.072961,1.074691,1.074114
1.082837,1.089918,1.093494,1.078749,1.074691,1.081666,1.084011,1.081081,1.079914,1.089325
1.073537,1.083424,1.085776,1.088732,1.075847,1.084011,1.084599,1.077006,1.073537,1.081081


B:
Limits 0.0 +/- 35.0
-4.32198,2.176228,-3.258922,5.408369,3.255554,2.159793,5.411294,-2.145762,6.448031,3.22238
-1.082662,-3.269753,-2.186942,4.314804,1.074576,3.245038,2.168024,3.243422,-3.433228e-005,-6.535855
8.588134,1.083439,10.857767,-6.937981e-005,10.758329,-4.336041,1.084739,5.384811,2.14691,4.324503
========================================================
Test10 (ADC Calibration) results 2008-06-04 05:44:01
Board ID419 30 channels
Linux calibration software

Voltmeter channel: A=1.08328, B=-1100.98

A:
1.08006,1.08852,1.06181,1.08154,1.08609,1.08225,1.08391,1.07146,1.0754,1.07436
1.08241,1.08923,1.09251,1.07933,1.07587,1.08295,1.08401,1.07994,1.08067,1.08842
1.07355,1.08336,1.08856,1.09094,1.07604,1.08451,1.08376,1.078,1.07294,1.08198


B:
-4.15807,0.231681,13.573,3.89814,-0.625527,-3.43905,0.095777,-3.1088,2.57684,-0.546419
-2.01002,-4.96601,-2.04549,1.25397,-2.42035,2.32133,-0.414423,4.31773,-2.41955,-6.48056
6.38813,0.884147,3.8427,-4.63586,7.04551,-6.76964,1.4155,-0.548457,1.4924,0.522829


========================================================
Test10 (ADC Calibration) results 2008-06-05 05:12:58
Board ID419 30 channels
Linux calibration software

Voltmeter channel: A=1.08259, B=-1099.72

A:
1.07941,1.08862,1.07436,1.08164,1.08599,1.08204,1.08326,1.072,1.07561,1.07436
1.08271,1.08933,1.09271,1.08032,1.07587,1.08401,1.08366,1.08028,1.08022,1.08862
1.07344,1.08376,1.08791,1.07536,1.07583,1.08451,1.08291,1.0779,1.07294,1.08223


B:
-2.44607,-0.298599,8.45358,3.76754,-0.495724,-3.17991,0.930693,-4.00809,2.31564,-0.546419
-3.19962,-5.09649,-2.70638,-0.894553,-2.42035,-0.518325,-0.171001,3.87698,-2.24649,-7.14145
6.71748,0.364014,4.88264,4.41636,7.70482,-6.76964,3.78951,-0.417977,1.4924,0.608376


========================================================
Test10 (ADC Calibration) results 2008-06-05 08:36:54
Board ID419 30 channels
Linux calibration software

Voltmeter channel: A=1.08361, B=-1107.59

A:
1.07962,1.08817,1.07765,1.08229,1.08619,1.08225,1.08336,1.0723,1.07486,1.07436
1.08291,1.08888,1.09271,1.07988,1.07577,1.08326,1.08376,1.07994,1.08087,1.08842
1.07365,1.08397,1.08836,1.07481,1.07644,1.08451,1.08346,1.0779,1.07314,1.08233


B:
-2.70568,1.56641,3.29196,1.84896,-0.755718,-3.43905,1.88415,-4.39941,4.35448,-0.546419
-3.45923,-4.71865,-2.70638,0.755235,-2.0907,0.847435,-0.300932,4.31773,-3.08042,-6.48056
6.25795,0.10402,4.5032,6.39541,5.72651,-6.76964,2.00472,-0.0180751,1.23287,0.677933


========================================================
Test10 (ADC Calibration) results 2008-06-16 13:15:44
Board ID419 30 channels
Linux calibration software

Voltmeter channel: A=1.07, B=0

A:
1.0827,1.0917,1.08153,1.08541,1.08951,1.08451,1.08641,1.07571,1.07803,1.07776
1.08587,1.09225,1.09557,1.08288,1.07875,1.08677,1.08723,1.08369,1.08342,1.09216
1.07696,1.0865,1.0907,1.07839,1.07964,1.08723,1.08714,1.08072,1.07616,1.08523


B:
-3.01511,-0.000108328,0.449213,2.50496,-0.821369,-1.65206,0.50155,-2.99554,3.03509,-1.45919
-3.12398,-4.43637,-2.22504,-0.366678,-1.29456,-1.13677,-0.903282,2.35109,-2.38352,-7.40955
5.53393,-0.0166598,4.84915,2.70419,5.86326,-5.46959,1.1371,0.116295,0.463722,0.93466


========================================================
Test10 (ADC Calibration) results 2008-06-17 07:08:50
Board ID419 30 channels
Linux calibration software

Voltmeter channel: A=1.07, B=0

A:
1.09492,1.10439,1.09392,1.09775,1.10199,1.09675,1.09922,1.08786,1.09083,1.08975
1.09812,1.10513,1.10821,1.09529,1.09147,1.09886,1.09931,1.09629,1.09629,1.10458
1.08948,1.09922,1.103,1.09047,1.09174,1.09959,1.10005,1.09319,1.08867,1.09748


B:
-3.89667,-1.4026,-1.00002,1.38329,-2.0639,-2.29771,-1.2847,-3.66416,0.54267,-1.72319
-4.00478,-6.28219,-3.12385,-1.6058,-3.09988,-1.16649,-1.36948,0.536034,-4.28754,-8.19994
3.75807,-1.50449,4.28188,1.96742,5.38159,-6.24144,-0.506455,-1.20192,-0.935534,-0.339773


========================================================
Test10 (ADC Calibration) results 2009-01-15 10:43:39
Board ID419 30 channels
Host: ufcmshv3
Linux calibration software

Voltmeter channel: A=1.06934, B=-0.691198

A:
1.05101,1.0675,1.0783,1.05674,1.06549,1.05051,1.04611,1.06253,1.05152,1.05051
1.05786,1.05306,1.05562,1.05212,1.05272,1.05708,1.04881,1.0534,1.0511,1.05588
1.05417,1.05648,1.05451,1.07562,1.05657,1.05051,1.06453,1.05863,1.06122,1.054


B:
-3.08841,-0.673061,-0.448076,0.959167,-0.278651,-2.81219,-1.33563,-2.17393,-1.68214,-1.55138
-2.42503,-4.61722,-3.47537,-1.82904,-2.39706,-2.11414,-2.03298,1.58832,-2.95905,-7.09866
4.23259,-0.0651778,3.27725,1.82029,5.55922,-5.54335,1.04776,-1.88906,-0.310209,0.178206


