========================================================

Test10 results 10-25-2005  11:25:00
Board ID109  36 channels
HV Tests Software Ver.1.6

+5V 3050 - O'k
-5V 1372 - O'k
Interlock - On

Voltmeter channel: A=1.071237, B=8.569725

A:
Limits 1.1 +/- 0.1
1.075847,1.082837,1.081666,1.068376,1.086366,1.069519,1.079331,1.075269,1.089918,1.079331,1.079914,1.070664
1.084011,1.078749,1.070091,1.075847,1.082837,1.079331,1.060445,1.077006,1.073537,1.074691,1.079331,1.074691
1.074114,1.071237,1.074114,1.074114,1.072961,1.078749,1.073537,1.075847,1.077586,1.078167,1.079914,1.082837


B:
Limits 0.0 +/- 35.0
13.985871,0.000175,3.245038,10.683776,10.863837,3.208673,8.634694,18.279394,11.989102,4.317371,6.479447,7.494653
9.7561,7.55105,6.420354,9.682483,3.248686,15.11068,13.785637,18.308884,5.367522,16.120251,4.317371,12.896177
3.22238,9.640962,2.148266,10.741177,18.240503,6.472301,-0.000165,9.682483,10.775984,3.234631,9.719189,10.828545
========================================================
Test10 (ADC Calibration) results 2008-06-05 10:12:40
Board ID109 36 channels
Linux calibration software

Voltmeter channel: A=1.06859, B=9.75733

A:
1.07549,1.08062,1.07998,1.06724,1.08521,1.06905,1.07793,1.07545,1.08823,1.07746,1.07917,1.06861
1.08173,1.07774,1.06975,1.07425,1.08159,1.07801,1.06039,1.07646,1.07257,1.07505,1.07791,1.07394
1.07291,1.06988,1.07287,1.07297,1.0721,1.07743,1.072,1.07528,1.07636,1.07712,1.07907,1.08054


B:
11.4473,-0.317933,3.18556,10.2135,8.32598,-0.0443066,8.3422,15.8733,11.7075,4.61962,3.28942,8.34719
9.79273,6.16543,1.46438,8.55953,1.13672,11.6968,11.9393,15.0501,3.39871,11.086,2.38139,9.86987
3.02036,7.10691,1.28595,8.95775,14.798,6.6692,-0.41889,8.00128,9.99591,1.28377,8.49938,11.1884


========================================================
Test10 (ADC Calibration) results 2008-06-27 16:41:40
Board ID109 36 channels
Linux calibration software

Voltmeter channel: A=1.07, B=0

A:
1.09265,1.09794,1.09693,1.08463,1.10402,1.08588,1.09574,1.09301,1.10569,1.09501,1.09675,1.08696
1.09996,1.09519,1.08678,1.09219,1.09812,1.09583,1.07822,1.09419,1.08966,1.09183,1.09574,1.0912
1.08957,1.08822,1.08957,1.09047,1.08876,1.0951,1.08885,1.09219,1.09392,1.09419,1.09638,1.09931


B:
11.3542,-0.518231,3.48231,8.93838,7.7822,0.177464,7.20473,15.6127,11.5693,3.49384,2.77323,6.1305
8.39825,7.04959,3.03649,6.52744,3.48583,12.381,10.547,13.2213,3.63027,12.9757,1.94512,10.2821
3.49547,6.48851,2.4059,8.76579,15.7881,6.25716,0.0259586,8.27505,9.314,2.06069,7.27556,9.86466


========================================================
Test10 (ADC Calibration) results 2008-06-28 15:42:12
Board ID109 36 channels
Linux calibration software

Voltmeter channel: A=1.07, B=0

A:
1.09246,1.09785,1.09693,1.08463,1.10402,1.0857,1.09556,1.09301,1.10579,1.09501,1.09656,1.08705
1.10033,1.0951,1.08678,1.09201,1.0983,1.09592,1.07805,1.0941,1.09002,1.09183,1.09556,1.09111
1.08939,1.08831,1.08939,1.09002,1.08903,1.09483,1.08903,1.09219,1.09356,1.0941,1.09647,1.09922


B:
11.7391,-0.2141,3.48231,8.93838,7.56106,0.344595,7.5911,15.3938,11.264,3.71279,3.38002,6.48218
7.84224,6.91394,2.60162,6.91262,2.87755,12.2977,10.2803,13.9612,2.85972,12.7574,2.55181,10.3655
3.88088,6.18783,2.79149,9.61765,15.5403,6.94616,-0.577322,8.05667,9.20998,2.1449,7.41171,9.94893


