========================================================

Test11 results 10-25-2005  11:26:19
Board ID109  36 channels
HV Tests Software Ver.1.6

+5V 3050 - O'k
-5V 1372 - O'k
Interlock - On
Calibration DAC Range: [2500 - 2900]


A:
Limits 0.76 +/- 0.04
0.747664,0.746269,0.747664,0.756144,0.740741,0.754717,0.747664,0.749064,0.742115,0.747664,0.743494,0.753296
0.744879,0.749064,0.756144,0.750469,0.744879,0.746269,0.761905,0.747664,0.750469,0.750469,0.746269,0.749064
0.753296,0.75188,0.75188,0.750469,0.750469,0.747664,0.75188,0.747664,0.747664,0.747664,0.749064,0.746269


B:
Limits 60.0 +/- 40.0
62.89827,61.110138,59.605518,59.51577,68.277,61.941292,66.53656,58.307549,52.123463,66.621254,77.132362,69.800896
56.944359,56.302486,52.722294,60.409332,68.73494,63.937614,53.455864,61.699924,66.596489,61.041439,71.1026,64.920921
55.924511,65.836861,63.509632,61.672081,64.000076,66.621254,72.383682,75.046341,63.146332,73.702881,59.951977,55.456646
========================================================
Test11 (DAC Calibration) results 2008-06-05 10:12:40
Board ID109 36 channels
Linux calibration software
Calibration DAC Range: [1100 - 2700]

A:
0.748713,0.745157,0.745226,0.753367,0.741633,0.753225,0.746269,0.748363,0.739577,0.746965,0.745782,0.752021
0.744394,0.747524,0.752729,0.749204,0.744117,0.746965,0.759374,0.747664,0.750751,0.748643,0.747035,0.749415
0.750892,0.75188,0.750539,0.750469,0.750328,0.746617,0.750399,0.747733,0.747733,0.746826,0.747733,0.744463


B:
61.5349,70.3426,73.0787,76.0242,69.2778,70.9443,75.3732,62.7689,65.1846,74.4164,73.8043,78.7555
66.037,64.9784,72.2245,69.8446,74.607,66.1998,63.455,68.2243,69.9699,69.5677,74.7687,68.0563
68.1246,71.4286,72.3615,66.6042,71.2999,73.4017,81.1086,79.3439,67.9784,79.8355,68.1279,66.8341


========================================================
Test11 (ADC Calibration) results 2008-06-27 16:53:42
Board ID109 36 channels
Linux calibration software

Calibration DAC Range: [1000 - 3500]

A:
0.7488,0.746,0.746,0.754,0.7424,0.7536,0.7464,0.7488,0.7404,0.7476,0.746,0.7528
0.7448,0.7472,0.7532,0.7496,0.7444,0.7468,0.7596,0.748,0.7516,0.7492,0.7472,0.7492
0.7508,0.7528,0.7512,0.7512,0.7504,0.7472,0.7508,0.7476,0.7484,0.7472,0.7484,0.7448


B:
61.2001,68,71,72,67.6,70.4,75.6,61.2001,63.5999,72.3999,74,77.2
64.2001,66.8,69.8,68.4,74.5999,67.2,64.4001,65.9999,69.3999,69.8,72.8,68.8
69.2,70.2,70.7999,63.7999,68.6,71.8,80.2,79.3999,65.6001,79.8,66.6001,66.2001


========================================================
Test11 (ADC Calibration) results 2008-06-28 15:56:11
Board ID109 36 channels
Linux calibration software

Calibration DAC Range: [1000 - 3500]

A:
0.7372,0.7344,0.734,0.7424,0.7292,0.742,0.7344,0.7368,0.7284,0.7356,0.734,0.74
0.7328,0.7356,0.7416,0.7372,0.7328,0.7352,0.7476,0.7356,0.7396,0.7368,0.7348,0.738
0.7396,0.74,0.7392,0.7388,0.7388,0.7352,0.7396,0.736,0.7364,0.7356,0.736,0.7324


B:
61.7999,68.6001,72.9999,73.6,69.8,70.0001,76.6001,62.1999,65.6,74.4,74.9999,80
65.2,65.4,69.4001,70.7999,74.2,65.8,64.3999,69.4,69.4,71.2,75.2001,68.0001
68.4,72,71.8,66.2,70.2,72.8,79.4,80,67.6,79.4,70,66.6


========================================================
Test11 (ADC Calibration) results 2008-07-17 10:58:43
Board ID109 36 channels
Linux calibration software

Calibration DAC Range: [1000 - 3500]

A:
0.736,0.734,0.7332,0.7416,0.7232,0.7416,0.7304,0.7296,0.7284,0.7332,0.7356,0.7392
0.7316,0.7344,0.7412,0.7372,0.7316,0.7352,0.7496,0.736,0.7384,0.7376,0.734,0.7376
0.7392,0.7396,0.7388,0.7384,0.7388,0.7348,0.7388,0.7356,0.7364,0.7436,0.7356,0.7676


B:
62,68.9999,73.7999,74.4001,70.7999,71.4001,76.5999,62.4,64.6,73.7999,71.4,80.8
65.4,65.6001,69.8001,70.7999,73.4,65.8,68.4,68,70.6001,65.3999,73.9999,68.3999
68.8,72.4,72.2,64.6001,69.2,72.2001,81.2,80.4,67.6,70.4,68.4,47.4


========================================================
Test11 (ADC Calibration) results 2008-07-20 18:37:46
Board ID109 36 channels
Linux calibration software

Calibration DAC Range: [1000 - 3500]

A:
0.736,0.734,0.7336,0.7416,0.724,0.7416,0.7308,0.7296,0.7284,0.744,0.7348,0.74
0.7316,0.7344,0.7412,0.7372,0.7316,0.7348,0.7492,0.736,0.7384,0.7408,0.7336,0.7376
0.7392,0.7396,0.7448,0.7384,0.7384,0.7348,0.7388,0.7364,0.7364,0.7464,0.7356,0.7672


B:
62,68.9999,72.3999,74.4001,69.0001,71.4001,76.2001,63.4,64.6,63.9999,72.2001,79
66.4,65.6001,69.8001,70.7999,73.4,67.2001,65.8,68,70.6001,62.1999,75.3999,68.3999
68.8,72.4,66.2001,65.6001,70.6001,72.2001,82.2,78.6,67.6,69.6,69.4,39.8


========================================================
Test11 (ADC Calibration) results 2008-07-24 23:03:59
Board ID109 36 channels
Linux calibration software

Calibration DAC Range: [1000 - 3500]

A:
0.736,0.7336,0.7336,0.7416,0.7232,0.7416,0.7304,0.7292,0.7284,0.7348,0.7344,0.74
0.7312,0.7344,0.7412,0.7372,0.7316,0.7344,0.7484,0.736,0.7384,0.7404,0.7336,0.7376
0.7392,0.74,0.7384,0.7388,0.7392,0.7344,0.7392,0.7356,0.7356,0.7464,0.7356,0.7656


B:
62,70.3999,72.3999,74.4001,69.7999,71.4001,75.5999,62.8,64.6,72.2001,74.6001,79
66.8001,65.6001,69.8001,70.7999,74.4,67.6001,67.6001,68,71.6001,64.5999,74.3999,68.3999
68.8,72,72.6001,64.2,68.8,73.6001,80.8,80.4,69.4,76.6,69.4,51.3999


========================================================
Test11 (ADC Calibration) results 2008-08-12 23:20:39
Board ID109 36 channels
Linux calibration software

Calibration DAC Range: [1000 - 3500]

A:
0.734,0.7336,0.7332,0.7408,0.7252,0.7416,0.7276,0.728,0.7272,0.7588,0.7316,0.738
0.73,0.7364,0.7404,0.7372,0.7292,0.7348,0.748,0.7352,0.7376,0.7392,0.7308,0.7356
0.7388,0.7396,0.7372,0.7372,0.7388,0.7336,0.7388,0.7356,0.736,0.7452,0.7336,0.7292


B:
62.9999,70.3999,72.7999,75.1999,66.8,71.4001,75.4001,62.0001,66.8001,66.1999,75.4,81.0001
67.9999,61.6,71.5999,70.7999,74.8,67.2001,65.9999,69.8,71.3999,63.8,75.2001,72.4
69.2,72.4,73.7999,66.7999,69.2,73.3999,81.2,79.4,68,72.8001,72.3999,68.8


========================================================
Test11 (ADC Calibration) results 2008-08-13 01:14:42
Board ID109 36 channels
Linux calibration software

Calibration DAC Range: [1000 - 3500]

A:
0.7344,0.7332,0.7332,0.7408,0.7248,0.7412,0.7272,0.728,0.7272,0.7588,0.7316,0.738
0.7304,0.7368,0.7408,0.7368,0.7288,0.7348,0.748,0.7356,0.7376,0.7396,0.7308,0.7364
0.7388,0.7396,0.7372,0.7372,0.7388,0.734,0.7388,0.7356,0.736,0.7452,0.7336,0.7292


B:
61.6001,70.7999,72.7999,75.1999,68.2,71.8001,75.8001,62.0001,66.8001,66.1999,75.4,81.0001
66.5999,61.1999,70.1999,71.2,75.2,67.2001,65.9999,68.4,71.3999,63.4,75.2001,70.6
69.2,72.4,73.7999,66.7999,69.2,71.9999,81.2,79.4,68,72.8001,72.3999,68.8


========================================================
Test11 (DAC Calibration) results 2008-08-27 10:31:46
Board ID109 36 channels
Linux calibration (server mode)

Calibration DAC Range: [3100 - 3500]

A:
0.751429,0.753429,0.753429,0.761714,0.743143,0.761714,0.747143,0.743714,0.746286,0.776286,0.752571,0.760286
0.748571,0.769429,0.760286,0.757143,0.750286,0.753429,0.768,0.755143,0.757143,0.763429,0.751143,0.756571
0.758,0.760286,0.783714,0.755714,0.758,0.754571,0.762,0.758286,0.755429,0.769429,0.753429,0.748857


B:
0.0,0.0,0.0,0.0,0.0,0.0,0.0,0.0,0.0,0.0,0.0,0.0
0.0,0.0,0.0,0.0,0.0,0.0,0.0,0.0,0.0,0.0,0.0,0.0
0.0,0.0,0.0,0.0,0.0,0.0,0.0,0.0,0.0,0.0,0.0,0.0


========================================================
Test11 (ADC Calibration) results 2008-08-27 13:08:29
Board ID109 36 channels
Linux calibration software

Calibration DAC Range: [1000 - 3500]

A:
0.734,0.7336,0.7328,0.7408,0.7428,0.7408,0.7268,0.728,0.7276,0.7568,0.7316,0.7376
0.73,0.76,0.7404,0.7368,0.7288,0.7348,0.75,0.7356,0.7368,0.7508,0.73,0.7372
0.7384,0.7392,0.766,0.7372,0.7388,0.7336,0.7388,0.7356,0.7364,0.752,0.7404,0.73


B:
61.9999,69.3999,72.2,74.1999,51.2,72.1999,75.1999,61.0001,65.4001,69.2,74.4,80.3999
65.9999,38,69.5999,71.2,74.2,66.2001,68,68.4,71.2,61.2,74.9999,67.7999
68.6001,72.8,59.0001,64.7999,68.2,72.3999,80.2,79.4,66.6,72.0001,63.5999,66.9999


========================================================
Test11 (DAC Calibration) results 2008-08-28 18:58:17
Board ID109 36 channels
Linux calibration (server mode)

Calibration DAC Range: [3100 - 3500]

A:
0.7425,0.7425,0.745,0.7475,0.745,0.75,0.7375,0.7325,0.735,0.7625,0.7425,0.745
0.7425,0.7525,0.7475,0.745,0.735,0.7425,0.7575,0.7375,0.7425,0.7625,0.74,0.7425
0.7475,0.745,0.77,0.745,0.745,0.7425,0.75,0.7425,0.745,0.7575,0.745,0.745


B:
63.2,68.2,60.5,80.7,75.5,71.0,71.7,82.2,70.5,81.3,67.2,85.5
54.2,84.3,74.7,72.5,83.5,70.2,73.8,90.7,82.2,69.3,72.0,79.2
67.7,82.5,76.0,68.5,76.5,72.2,72.0,85.2,67.5,89.8,83.5,56.5


========================================================
Test11 (DAC Calibration) results 2008-08-30 18:22:54
Board ID109 36 channels
Linux calibration (server mode)

Calibration DAC Range: [3100 - 3500]

A:
0.745,0.7475,0.7375,0.75,0.74,0.755,0.74,0.735,0.735,0.765,0.7425,0.7475
0.7375,0.745,0.745,0.7425,0.745,0.7425,0.7625,0.7425,0.75,0.7575,0.7425,0.7475
0.7475,0.75,0.7725,0.745,0.745,0.74,0.7475,0.745,0.745,0.76,0.745,0.74


B:
59.5,57.7,90.7,78.0,67.0,59.5,66.0,75.5,74.5,70.5,72.2,81.7
74.7,57.5,88.5,86.2,91.5,75.2,58.3,79.2,62.0,69.8,67.2,68.7
72.7,71.0,79.3,73.5,82.5,85.0,85.7,81.5,72.5,81.0,68.5,69.0


========================================================
Test11 (DAC Calibration) results 2008-08-30 21:24:15
Board ID109 36 channels
Linux calibration (server mode)

Calibration DAC Range: [3100 - 3500]

A:
0.725,0.725,0.725,0.7275,0.7325,0.7275,0.7175,0.715,0.7125,0.745,0.7225,0.7225
0.715,0.725,0.7325,0.725,0.7225,0.7225,0.74,0.7225,0.7275,0.735,0.7175,0.7275
0.7275,0.7275,0.7525,0.7275,0.7225,0.725,0.7325,0.72,0.72,0.7375,0.725,0.7275


B:
59.5,64.5,62.5,82.7,56.2,81.7,76.8,79.5,82.3,65.5,71.2,96.2
81.5,59.5,60.2,75.5,83.2,72.2,65.0,77.2,67.7,93.5,81.8,65.7
69.7,76.7,73.3,62.7,88.2,66.5,66.2,96.0,87.0,87.7,67.5,64.7


========================================================
Test11 (DAC Calibration) results 2008-08-30 21:51:59
Board ID109 36 channels
Linux calibration (server mode)

Calibration DAC Range: [3100 - 3500]

A:
0.7425,0.7425,0.7425,0.7475,0.75,0.7525,0.745,0.7375,0.7325,0.765,0.7425,0.7425
0.735,0.7425,0.7475,0.745,0.7425,0.7425,0.755,0.745,0.7475,0.7625,0.7425,0.7475
0.7475,0.7475,0.77,0.745,0.745,0.7425,0.7525,0.7425,0.745,0.76,0.7425,0.7425


B:
70.2,74.2,74.2,85.7,73.0,68.3,79.5,74.7,84.2,69.5,73.2,99.2
84.5,69.2,80.7,78.5,83.2,75.2,85.5,71.5,70.7,73.3,68.2,68.7
72.7,79.7,73.0,73.5,82.5,78.2,70.3,91.2,72.5,83.0,78.2,74.2


========================================================
Test11 (DAC Calibration) results 2008-08-31 12:06:17
Board ID109 36 channels
Linux calibration (server mode)

Calibration DAC Range: [3100 - 3500]

A:
0.7475,0.7475,0.7425,0.7475,0.7475,0.7525,0.7375,0.7375,0.7375,0.765,0.7425,0.7475
0.735,0.7425,0.7525,0.745,0.75,0.745,0.7625,0.745,0.7425,0.7625,0.7375,0.7425
0.7475,0.7475,0.775,0.745,0.745,0.7425,0.7525,0.7475,0.745,0.765,0.745,0.7375


B:
53.7,57.7,73.2,86.7,77.7,68.3,78.7,75.7,67.7,77.5,74.2,82.7
84.5,70.2,64.3,78.5,76.0,68.5,62.3,71.5,87.2,81.3,84.7,85.2
73.7,80.7,72.5,73.5,82.5,79.2,70.3,74.7,72.5,75.5,77.5,79.7


========================================================
Test11 (DAC Calibration) results 2008-08-31 16:15:22
Board ID109 36 channels
Linux calibration (server mode)

Calibration DAC Range: [3100 - 3500]

A:
0.7425,0.7475,0.7425,0.7525,0.7525,0.7525,0.7375,0.735,0.7325,0.765,0.7425,0.7475
0.735,0.745,0.7525,0.745,0.7475,0.745,0.7575,0.745,0.7475,0.76,0.7425,0.7475
0.7475,0.7475,0.775,0.745,0.745,0.7425,0.7475,0.7425,0.745,0.765,0.7425,0.7375


B:
70.2,58.7,74.2,70.3,67.3,68.3,77.7,81.5,84.2,77.5,73.2,81.7
84.5,65.5,64.3,78.5,65.7,68.5,77.8,71.5,70.7,77.0,68.2,68.7
72.7,79.7,79.5,73.5,82.5,78.2,85.7,91.2,72.5,70.5,79.2,78.7


========================================================
Test11 (DAC Calibration) results 2008-08-31 18:30:18
Board ID109 36 channels
Linux calibration (server mode)

Calibration DAC Range: [3100 - 3500]

A:
0.7425,0.7475,0.7375,0.7525,0.7625,0.7525,0.7375,0.735,0.7375,0.765,0.7425,0.7425
0.7425,0.7425,0.7525,0.745,0.75,0.745,0.765,0.745,0.7425,0.76,0.7375,0.7425
0.7425,0.7475,0.7775,0.745,0.745,0.7425,0.7525,0.7425,0.745,0.765,0.7425,0.7425


B:
71.2,57.7,90.7,70.3,59.3,68.3,76.7,84.5,67.7,71.5,74.2,98.2
58.2,70.2,64.3,78.5,76.0,68.5,51.5,71.5,87.2,81.0,84.7,85.2
89.2,80.7,68.8,73.5,82.5,77.2,69.3,90.2,72.5,70.5,85.2,62.2


========================================================
Test11 (DAC Calibration) results 2008-09-01 15:18:42
Board ID109 36 channels
Linux calibration (server mode)

Calibration DAC Range: [3100 - 3500]

A:
0.74,0.7425,0.7375,0.7525,0.7525,0.7525,0.7325,0.7375,0.7375,0.765,0.7425,0.7475
0.7375,0.745,0.7525,0.745,0.7425,0.745,0.755,0.745,0.7475,0.76,0.7375,0.7425
0.7475,0.7475,0.775,0.745,0.745,0.7425,0.7475,0.7425,0.745,0.765,0.745,0.7425


B:
77.0,74.2,89.7,70.3,63.3,68.3,91.2,66.7,66.7,71.5,73.2,81.7
74.7,58.5,64.3,78.5,70.2,68.5,82.5,71.5,70.7,68.0,83.7,84.2
72.7,79.7,71.5,73.5,82.5,76.2,86.7,89.2,72.5,64.5,71.5,61.2


========================================================
Test11 (ADC Calibration) results 2009-03-24 10:31:17
Board ID109 36 channels
Host: ufcmshv3
Linux calibration software

Calibration DAC Range: [1000 - 3500]

A:
0.764,0.7624,0.7688,0.7628,0.7508,0.77,0.7592,0.7632,0.7664,0.7636,0.7636,0.766
0.7524,0.7632,0.7684,0.7664,0.7464,0.756,0.7688,0.7644,0.7612,0.7656,0.7648,0.7596
0.7628,0.756,0.7636,0.7716,0.758,0.76,0.7548,0.7484,0.7556,0.7696,0.7604,0.7568


B:
62,66.6001,68.1999,73.2001,65.2,70.0001,73.8001,62.8001,64.6001,72.4,74.4,79.0001
64.6001,66.8,67.6,70.6001,68.6,68.0001,70.1999,66.6,69.8,70.3999,74.2,67.4001
68.2001,71.0001,70.4,63.4,66.9999,72,79.1999,79.6001,67.4001,78.4001,68.6,67.2


========================================================
Test11 (ADC Calibration) results 2009-03-24 11:19:25
Board ID109 36 channels
Host: ufcmshv3
Linux calibration software

Calibration DAC Range: [1000 - 3500]

A:
0.764,0.762,0.768,0.7632,0.7508,0.7696,0.7596,0.7632,0.7664,0.7632,0.764,0.766
0.7528,0.7636,0.7684,0.7672,0.7464,0.756,0.7688,0.7652,0.7608,0.7652,0.766,0.76
0.7628,0.7556,0.7632,0.7712,0.7576,0.7596,0.7548,0.7488,0.7556,0.7692,0.7604,0.7572


B:
62,67.9999,70,71.8,64.2,70.4001,73.4001,62.8001,64.6001,72.8,73,79.0001
63.2,65.4,67.6,67.8,67.6,67.0001,70.1999,64.7999,71.2,70.7999,72.0001,66
67.2001,72.4001,70.8,63.8,67.4,72.4001,79.1999,78.2001,67.4001,78.7999,68.6,66.8


