========================================================

Test10 results 03-28-2006  16:22:43
Board ID432  30 channels
HV Tests Software Ver.1.6

+5V 2543 - O'k
-5V 1318 - O'k
Interlock - On

Voltmeter channel: A=1.076426, B=10.764252

A:
Limits 1.1 +/- 0.1
1.077586,1.071237,1.075269,1.078167,1.074691,1.070664,1.076426,1.06553,1.081666,1.071811
1.071237,1.077586,1.071811,1.073537,1.074691,1.072386,1.084011,1.081081,1.057082,1.076426
1.075269,1.072961,1.068947,1.091107,1.079914,1.061008,1.066098,1.074114,1.072386,1.072961


B:
Limits 0.0 +/- 35.0
6.465639,7.498487,9.677243,10.781801,7.522722,8.565317,9.687826,8.524389,7.571701,12.861896
8.569725,10.775984,9.646461,7.514596,8.597414,6.434438,6.504067,9.729908,9.513885,9.687826
9.677243,8.583851,11.758456,10.911025,11.879015,9.549,9.594834,10.741177,9.651596,9.656813
========================================================
Test10 (ADC Calibration) results 2008-06-04 09:58:35
Board ID432 30 channels
Linux calibration software

Voltmeter channel: A=1.01082, B=-1362.97

A:
1.07743,1.07089,1.07572,1.07833,1.07441,1.07119,1.07757,1.0659,1.083,1.0719
1.07143,1.07803,1.07149,1.0725,1.07545,1.07169,1.08346,1.08173,1.05835,1.07787
1.07555,1.07371,1.07052,1.09176,1.08155,1.06094,1.06566,1.07421,1.0723,1.07414


B:
4.74662,6.98237,7.06719,7.91138,6.72349,5.60061,5.44734,4.44484,3.75839,9.90832
6.50011,6.93707,7.48975,8.0168,4.47696,6.23491,6.25743,4.84672,4.07047,5.54204
8.34952,7.16252,6.24683,7.77765,5.35945,6.71706,7.80726,7.37829,8.59871,4.73269


========================================================
Test10 (ADC Calibration) results 2008-06-16 13:15:44
Board ID432 30 channels
Linux calibration software

Voltmeter channel: A=1.07, B=0

A:
1.08126,1.07376,1.07902,1.08198,1.07741,1.07394,1.08018,1.0682,1.08505,1.07571
1.07411,1.08153,1.07509,1.07643,1.07794,1.07491,1.08641,1.08487,1.06036,1.08045
1.07875,1.07625,1.0727,1.09501,1.08487,1.06409,1.06934,1.07759,1.07607,1.07652


B:
3.50998,6.55816,7.0886,6.95803,7.06149,6.39426,5.79989,6.36003,5.65896,7.97669
7.08919,6.50563,6.18574,6.24356,6.13616,4.84539,6.58569,5.82496,6.44375,6.84844
7.11986,7.48401,6.68378,7.699,5.17394,6.5644,7.22183,6.68104,6.57251,6.37622


========================================================
Test10 (ADC Calibration) results 2008-06-17 07:08:50
Board ID432 30 channels
Linux calibration software

Voltmeter channel: A=1.07, B=0

A:
1.09374,1.08633,1.09129,1.09456,1.08993,1.0866,1.09256,1.08035,1.09757,1.08795
1.08642,1.09383,1.08759,1.08876,1.09056,1.08741,1.09904,1.0973,1.07251,1.0931
1.09111,1.08876,1.08507,1.10783,1.09739,1.07637,1.08159,1.08975,1.08822,1.08912


B:
2.23072,5.36402,6.45302,5.85373,5.95685,4.68029,5.28623,5.49206,4.40548,7.13137
6.15011,5.428,4.63597,4.86034,4.2836,3.27935,5.2588,4.65717,5.06167,5.65925
5.74667,5.5137,6.09054,5.85839,4.13443,5.74765,6.28233,5.68716,6.01177,4.74506


========================================================
Test10 (ADC Calibration) results 2009-01-14 17:47:55
Board ID432 30 channels
Host: ufcmshv3
Linux calibration software

Voltmeter channel: A=0.953918, B=19.5626

A:
1.04763,1.04351,1.03759,1.03776,1.03776,1.042,1.04158,1.03975,1.04042,1.04334
1.05034,1.03134,1.04485,1.05169,1.03314,1.03142,1.04192,1.03909,1.0254,0.980023
1.05915,1.04763,1.06062,1.04619,1.06846,1.02169,1.04468,1.04889,1.05958,1.03942


B:
3.07807,6.79063,9.51367,6.44992,5.20466,5.51486,6.1215,5.16646,6.40272,6.11556
6.38295,5.58509,6.3496,6.14834,5.70613,5.09343,6.0109,5.80282,6.18415,16.0573
6.51792,6.6403,6.41238,6.74418,5.47373,6.09851,7.13578,6.48695,5.90111,6.31637


========================================================
Test10 (ADC Calibration) results 2009-01-15 08:46:35
Board ID432 30 channels
Host: ufcmshv3
Linux calibration software

Voltmeter channel: A=0.953708, B=18.8247

A:
1.04754,1.04342,1.03776,1.03784,1.03751,1.04183,1.04167,1.0395,1.04033,1.04309
1.05025,1.03117,1.04476,1.05161,1.03306,1.03158,1.04192,1.03892,1.02516,0.980097
1.05898,1.04737,1.06053,1.0467,1.0682,1.02153,1.0446,1.04906,1.05949,1.03967


B:
3.15854,6.87031,9.5632,6.16344,5.65074,5.46563,5.62504,5.82141,6.27409,6.35506
6.46309,6.15511,6.2206,6.64947,5.78491,4.31686,5.80272,6.37763,6.41902,15.3949
6.89142,6.46141,6.49356,5.63588,6.36003,6.45951,6.79796,5.90701,5.98202,5.45414


