========================================================

Test11 results 03-28-2006  16:27:50
Board ID432  30 channels
HV Tests Software Ver.1.6

+5V 2543 - O'k
-5V 1317 - O'k
Interlock - On
Calibration DAC Range: [2500 - 2900]


A:
Limits 0.76 +/- 0.04
0.749064,0.753296,0.749064,0.749064,0.753296,0.754717,0.747664,0.757576,0.746269,0.75188
0.756144,0.747664,0.753296,0.749064,0.75188,0.754717,0.743494,0.746269,0.763359,0.747664
0.749064,0.753296,0.757576,0.744879,0.747664,0.760456,0.756144,0.75188,0.754717,0.753296


B:
Limits 60.0 +/- 40.0
65.268387,67.47921,71.992775,65.988556,59.160961,62.845623,72.809189,66.553688,65.955963,67.355675
56.867424,69.674515,65.346405,77.441223,65.308563,61.519894,71.74221,67.406235,66.857658,73.614357
71.992775,63.730759,55.952988,59.463234,63.728256,67.955978,68.998032,64.500877,57.569977,63.825657
========================================================
Test11 (DAC Calibration) results 2008-06-04 09:58:35
Board ID432 30 channels
Linux calibration software
Calibration DAC Range: [1100 - 2700]

A:
0.746617,0.751174,0.747803,0.74599,0.748713,0.750962,0.746896,0.755073,0.743149,0.750469
0.751174,0.746199,0.750751,0.750047,0.748363,0.75061,0.742459,0.744394,0.760456,0.746687
0.748293,0.749204,0.751809,0.740535,0.743771,0.758222,0.754859,0.748853,0.750188,0.749274


B:
75.6416,75.5492,75.5096,76.5014,75.7605,76.5887,75.4084,76.1209,76.6837,73.3584
75.399,75.6179,75.9759,75.5859,77.7362,76.9189,76.1484,76.1606,77.1863,76.1434
74.8386,77.0371,75.5851,75.5439,77.6127,77.3102,74.9009,75.2693,74.3437,77.5403


========================================================
Test11 (ADC Calibration) results 2008-06-17 04:20:31
Board ID432 30 channels
Linux calibration software

Calibration DAC Range: [1000 - 3500]

A:
0.7432,0.7492,0.7452,0.7436,0.746,0.7492,0.7444,0.7528,0.7412,0.748
0.7492,0.744,0.748,0.7468,0.7456,0.7488,0.7408,0.7412,0.7588,0.7444
0.7456,0.7476,0.75,0.7384,0.7416,0.7568,0.7528,0.7456,0.7472,0.7468


B:
78.8,76.8,76.8001,77.4,77,76.8,77.5999,77.2,76.8001,74.9999
74.8,75.9999,77.9999,78.2,78.4001,77.2001,75.1999,77.8001,77.1999,77.5999
76.4001,76.3999,77,76.6001,78.4001,76.2,75.2,77.4001,76.8,78.2


========================================================
Test11 (ADC Calibration) results 2008-06-17 07:43:31
Board ID432 30 channels
Linux calibration software

Calibration DAC Range: [1000 - 3500]

A:
0.7356,0.7408,0.7368,0.7352,0.738,0.7404,0.736,0.7444,0.7328,0.7396
0.7408,0.7352,0.74,0.7388,0.7376,0.74,0.732,0.734,0.75,0.7356
0.7372,0.7392,0.7412,0.7292,0.7332,0.7476,0.744,0.7384,0.7396,0.7388


B:
78.4,76.1999,77.2,78.8,77.0001,77.5999,78,77.5999,78.2,75.4
76.1999,77.8,78,79.2,79.3999,79,77,76.9999,78,78.4
77.7999,78.8,77.8001,78.8,78.7999,78.3999,75.9999,76.6001,75.4,78.2


========================================================
Test11 (ADC Calibration) results 2009-01-15 08:10:37
Board ID432 30 channels
Host: ufcmshv3
Linux calibration software

Calibration DAC Range: [1000 - 3500]

A:
0.768,0.7712,0.7752,0.7748,0.7748,0.7716,0.772,0.7728,0.7732,0.7712
0.7656,0.7792,0.7704,0.7644,0.7784,0.7792,0.772,0.7744,0.7844,0.8212
0.7592,0.7676,0.7588,0.7724,0.7536,0.7876,0.77,0.7664,0.7596,0.7736


B:
78,75.8,74.8,80.2,79.2,78.4,77.9999,79.1999,76.8001,76.8
78.3999,79.7999,76.6,79.6,79.6,79.7999,76.9999,77.6,77.6001,67.8
77.8001,79.4,76.1999,78.5999,76.4,78.4001,77.0001,78.6001,76.4001,79.4001


========================================================
Test11 (ADC Calibration) results 2009-01-15 08:59:30
Board ID432 30 channels
Host: ufcmshv3
Linux calibration software

Calibration DAC Range: [1000 - 3500]

A:
0.768,0.7712,0.7748,0.7748,0.7748,0.772,0.772,0.7728,0.7732,0.7712
0.7656,0.7796,0.77,0.7644,0.7784,0.7788,0.7724,0.774,0.784,0.8212
0.7596,0.768,0.7588,0.7716,0.7536,0.7876,0.7704,0.7668,0.7596,0.7736


B:
78,75.8,75.2,80.2,79.2,77.9999,77.9999,79.1999,76.8001,76.8
78.3999,78.3999,78.0001,78.6,79.6,81.2,75.5999,78,78.0001,67.8
76.4001,79,76.1999,80.4,76.4,78.4001,76.6,77.2001,76.4001,79.4001


