========================================================

Test10 results 09-22-2006  16:32:24
Board ID305  30 channels
HV Tests Software Ver.1.6.1

+5V 2501 - O'k
-5V 1320 - O'k
Interlock - On

Voltmeter channel: A=1.090513, B=9.814711

A:
Limits 1.1 +/- 0.1
1.072386,1.083424,1.082251,1.075847,1.078167,1.073537,1.072961,1.052078,1.077006,1.077006
1.071237,1.072386,1.053741,1.058761,1.072961,1.058201,1.079914,1.075847,1.068376,1.075847
1.082837,1.081081,1.075847,1.080497,1.075847,1.072961,1.048218,1.077006,1.081081,1.076426


B:
Limits 0.0 +/- 30.0
9.651596,9.750828,9.740297,6.454941,8.625466,13.95582,10.729774,8.416488,9.692835,8.615829
12.854673,9.651596,11.5913,8.470129,11.802734,19.047558,12.958929,6.454941,8.547024,4.303246
7.580034,9.729908,6.454941,7.563487,7.530788,7.51089,12.578683,12.923853,16.216394,8.6114
========================================================
Test10 (ADC Calibration) results 2008-04-15 16:30:00
Board ID305 30 channels
Linux calibration software

Voltmeter channel: A=1.08323, B=-1439.08

A:
1.07107,1.08117,1.0786,1.07367,1.07555,1.07184,1.07128,1.0507,1.07544,1.07503
1.0692,1.07003,1.05122,1.0564,1.07124,1.05858,1.07881,1.07211,1.06569,1.07336
1.0794,1.07888,1.07274,1.07849,1.07284,1.07069,1.04527,1.07694,1.07736,1.07367


B:
2.9204,3.69397,7.9577,2.39284,3.98952,6.62845,6.25869,2.61581,2.76936,3.69218
7.2172,4.5705,8.05875,3.81852,3.73284,10.1592,4.01076,4.5546,6.0273,0.511944
5.19867,6.01023,3.49722,2.72702,3.36622,2.53982,10.1468,5.65699,11.5319,3.31917


========================================================
Test10 (ADC Calibration) results 2008-06-19 12:08:44
Board ID305 30 channels
Linux calibration software

Voltmeter channel: A=1.07, B=0

A:
1.08827,1.09854,1.09388,1.09161,1.09252,1.08935,1.08962,1.067,1.09252,1.09188
1.0862,1.08764,1.0683,1.07309,1.08836,1.06596,1.09579,1.0898,1.08423,1.0917
1.09234,1.09561,1.08908,1.09543,1.08746,1.08737,1.06269,1.09497,1.03885,1.09052


B:
0.691807,1.90511,7.94309,-0.232954,4.1698,3.82559,3.13868,1.7008,1.98476,2.57197
5.00403,2.14777,5.81038,2.79364,2.56681,11.6385,3.33623,1.88163,1.41055,-1.84567
5.86661,4.81887,3.20484,2.13881,4.70732,2.39854,5.78536,4.74932,47.6976,2.52006


========================================================
Test10 (ADC Calibration) results 2008-07-17 09:50:45
Board ID305 30 channels
Linux calibration software

Voltmeter channel: A=1.07, B=0

A:
1.08926,1.09919,1.09416,1.09198,1.09368,1.08954,1.09048,1.06721,1.09312,1.09255
1.08673,1.08813,1.06883,1.07391,1.08916,1.06398,1.097,1.09048,1.08459,1.09236
1.09236,1.09691,1.0902,1.09615,1.08459,1.08403,1.06336,1.09624,1.02503,1.09132


B:
0.207886,1.08394,7.9092,0.512585,3.09373,4.95815,2.78087,2.3502,1.64958,2.17355
4.94681,2.34085,5.73063,2.01752,2.4734,12.4314,1.78468,1.69039,2.16176,-2.24017
6.28003,3.18837,2.16998,1.69606,7.15098,6.15014,5.57673,3.58189,45.9886,1.56045


========================================================
Test10 (ADC Calibration) results 2008-07-19 11:33:18
Board ID305 30 channels
Linux calibration software

Voltmeter channel: A=1.07, B=0

A:
1.08879,1.09919,1.09397,1.09189,1.0934,1.08954,1.0902,1.06712,1.09283,1.09227
1.08655,1.08795,1.06883,1.07382,1.08879,1.06371,1.09634,1.09029,1.08487,1.09227
1.09095,1.09662,1.09001,1.09586,1.08348,1.07492,1.06309,1.09586,1.02536,1.09132


B:
-0.227407,1.52351,7.20751,0.16333,3.35526,4.52217,2.60583,2.43551,2.13004,2.21673
4.9026,2.29702,5.08922,2.10358,2.16788,10.7694,3.05584,1.86441,0.816979,-2.15233
6.49118,3.23187,1.90789,2.17815,6.234,14.4018,6.04294,3.71225,37.6773,1.34224


========================================================
Test10 (ADC Calibration) results 2008-07-19 17:28:33
Board ID305 30 channels
Linux calibration software

Voltmeter channel: A=1.07, B=0

A:
1.08888,1.09929,1.09302,1.09189,1.09321,1.08963,1.0901,1.06712,1.09264,1.09208
1.08645,1.08813,1.06874,1.07373,1.08935,1.06327,1.09624,1.09048,1.08459,1.09208
1.09076,1.09672,1.08991,1.09605,1.08255,1.0762,1.06309,1.09558,1.01974,1.09095


B:
0.338745,1.21539,8.7321,-0.0549944,3.53005,3.78165,2.69313,2.22214,2.08595,3.04611
4.55466,1.9057,5.8158,2.40399,1.42765,11.8278,2.92392,1.47208,1.51116,-1.75881
6.66457,3.14439,2.43096,2.00309,8.39427,12.7824,6.04294,4.41285,43.6331,1.69112


========================================================
Test10 (ADC Calibration) results 2008-07-20 15:54:11
Board ID305 30 channels
Linux calibration software

Voltmeter channel: A=1.07, B=0

A:
1.08888,1.09929,1.09302,1.09198,1.0933,1.08935,1.09001,1.06694,1.09293,1.09217
1.08683,1.08804,1.06847,1.07382,1.08907,1.06282,1.09653,1.09029,1.08468,1.09236
1.09048,1.09672,1.08973,1.09615,1.08431,1.07923,1.06318,1.09586,1.01867,1.09114


B:
-0.0969674,0.775783,8.51367,-0.361056,3.22389,4.6957,2.9979,2.17931,1.82405,2.30373
4.20821,2.42788,6.28438,2.10358,1.90702,12.461,2.4425,1.6464,1.20746,-2.45886
7.36083,3.14439,2.82328,1.47689,6.54193,10.1836,5.32022,3.71225,42.6104,1.73472


