========================================================

Test11 results 09-22-2006  16:33:48
Board ID305  30 channels
HV Tests Software Ver.1.6.1

+5V 2499 - O'k
-5V 1319 - O'k
Interlock - On
Calibration DAC Range: [2500 - 2900]


A:
Limits 0.76 +/- 0.04
0.776699,0.767754,0.772201,0.773694,0.773694,0.776699,0.775194,0.792079,0.776699,0.772201
0.77821,0.775194,0.790514,0.788955,0.776699,0.787402,0.770713,0.773694,0.782779,0.773694
0.770713,0.770713,0.773694,0.775194,0.773694,0.776699,0.795229,0.773694,0.769231,0.773694


B:
Limits 60.0 +/- 30.0
46.412022,48.816887,37.186516,50.773674,46.298111,39.443916,49.716827,45.683006,35.215874,51.548016
42.255756,50.683929,41.988594,42.907955,47.381187,38.690971,47.11245,51.473515,33.156136,50.773674
44.85902,47.11245,50.64164,44.64003,49.809769,47.1087,41.847454,40.458946,44.994316,47.57444
========================================================
Test11 (DAC Calibration) results 2008-04-15 16:30:00
Board ID305 30 channels
Linux calibration software
Calibration DAC Range: [1100 - 2700]

A:
0.777227,0.769971,0.772201,0.775344,0.773994,0.777076,0.777076,0.792707,0.774069,0.774368
0.778589,0.777983,0.792315,0.788022,0.776699,0.786395,0.772052,0.776473,0.781555,0.77557
0.771233,0.771605,0.776021,0.776322,0.775946,0.777907,0.796416,0.773395,0.773096,0.775344


B:
49.6552,49.9133,44.4016,51.7349,52.167,47.0617,47.0617,50.1387,51.4464,50.7309
47.9708,50.0341,44.1617,52.2459,54.5632,45.6009,50.7817,50.0536,43.3373,52.3606
49.5807,50.6174,50.0436,49.6361,50.1456,51.0695,46.3415,46.1714,41.6313,50.1842


========================================================
Test11 (ADC Calibration) results 2008-06-19 12:56:33
Board ID305 30 channels
Linux calibration software

Calibration DAC Range: [1000 - 3500]

A:
0.7648,0.758,0.7616,0.7628,0.7616,0.7644,0.764,0.7808,0.762,0.7628
0.7664,0.7656,0.7796,0.7752,0.7648,0.7808,0.7596,0.764,0.7684,0.7628
0.762,0.7596,0.7644,0.764,0.766,0.7652,0.7836,0.76,0.8024,0.7636


B:
52.2,50.9999,45.3999,54.2001,54.3999,50.6,50,51.2001,52.9999,51.2001
50.6001,52.3999,46.3999,55.8,55.2,45.2001,53.4001,52,47.6,54.2001
49.9999,52.4001,50.6,52,49.0001,53.7999,50.4001,49,12.6,50.4


========================================================
Test11 (ADC Calibration) results 2008-07-17 10:58:43
Board ID305 30 channels
Linux calibration software

Calibration DAC Range: [1000 - 3500]

A:
0.7644,0.7576,0.7612,0.7628,0.7612,0.764,0.7636,0.7804,0.7616,0.762
0.766,0.7652,0.7796,0.7748,0.764,0.782,0.7588,0.7632,0.768,0.7624
0.7624,0.7584,0.764,0.7636,0.768,0.768,0.7832,0.7596,0.8128,0.7628


B:
51.6,51.4,45.8,53.2001,53.8,50,50.4,51.6001,53.3999,52.9999
51.0001,51.7999,46.3999,56.2,56,46,54.1999,53.8001,47,54.6001
48.6001,54.5999,51,51.4,47,49,50.7999,49.4001,14.2,51.2001


========================================================
Test11 (ADC Calibration) results 2008-07-20 18:37:46
Board ID305 30 channels
Linux calibration software

Calibration DAC Range: [1000 - 3500]

A:
0.7648,0.7576,0.7624,0.7624,0.7612,0.7644,0.7644,0.7804,0.7616,0.762
0.766,0.7656,0.7792,0.7748,0.764,0.7836,0.7592,0.7632,0.7684,0.7624
0.7636,0.7592,0.764,0.7632,0.768,0.7716,0.7832,0.76,0.818,0.7632


B:
52.2,52.4,44.6001,54.6001,54.8,49.6,48.6,52.6001,53.3999,52.9999
51.0001,51.3999,46.7999,56.2,57,44.4001,53.8001,53.8001,46.6,54.6001
48.4,53.8001,51,52.8001,48,46.4,50.7999,49,16.9999,50.8001


========================================================
Test11 (ADC Calibration) results 2008-07-24 23:03:59
Board ID305 30 channels
Linux calibration software

Calibration DAC Range: [1000 - 3500]

A:
0.7648,0.7576,0.762,0.7628,0.7608,0.7644,0.764,0.7804,0.7616,0.762
0.766,0.7652,0.7792,0.7748,0.7644,0.7832,0.7596,0.7636,0.7676,0.7624
0.7628,0.7588,0.764,0.764,0.7688,0.7772,0.7832,0.7596,0.8148,0.7632


B:
51.2,52.4,44.9999,53.2001,55.2,49.6,50,51.6001,53.3999,51.9999
51.0001,52.7999,46.7999,56.2,55.6,45.7999,52.4001,52.4,48.4,54.6001
49.2001,54.1999,51,51,47.1999,40.8001,49.7999,49.4001,25.1999,50.8001


========================================================
Test11 (ADC Calibration) results 2008-08-12 23:20:39
Board ID305 30 channels
Linux calibration software

Calibration DAC Range: [1000 - 3500]

A:
0.7644,0.7576,0.7616,0.7624,0.7608,0.7636,0.7628,0.78,0.7616,0.7616
0.766,0.7652,0.7792,0.7752,0.764,0.7852,0.7588,0.7632,0.768,0.762
0.7628,0.7584,0.764,0.7632,0.7684,0.77,0.7828,0.7596,0.82,0.7632


B:
52.6,51.4,45.3999,53.6001,55.2,51.4,51.2001,53.0001,53.3999,53.3999
51.0001,51.7999,47.7999,54.8,57,45.8,54.1999,53.8001,47,54.9999
49.2001,54.5999,51,52.8001,47.6,48.0001,51.1999,48.4001,21,50.8001


========================================================
Test11 (ADC Calibration) results 2008-08-13 01:14:42
Board ID305 30 channels
Linux calibration software

Calibration DAC Range: [1000 - 3500]

A:
0.764,0.7572,0.762,0.7624,0.7608,0.7644,0.7628,0.78,0.7616,0.7616
0.766,0.7652,0.7796,0.7752,0.764,0.7856,0.7588,0.7632,0.768,0.762
0.7628,0.7584,0.764,0.7636,0.768,0.77,0.7828,0.7588,0.82,0.7628


B:
53,52.8,44.9999,54.6001,55.2,49.6,51.2001,53.0001,53.3999,53.3999
51.0001,51.7999,46.3999,54.8,57,44.4,54.1999,53.8001,47,53.9999
49.2001,54.5999,51,51.4,49,48.0001,51.1999,50.1999,21,52.2001


========================================================
Test11 (DAC Calibration) results 2008-08-27 10:33:21
Board ID305 30 channels
Linux calibration (server mode)

Calibration DAC Range: [3100 - 3500]

A:
0.779143,0.772286,0.774286,0.778,0.776571,0.778571,0.777429,0.795143,0.776857,0.776857
0.780571,0.78,0.792857,0.790857,0.780286,0.799429,0.774286,0.778571,0.781429,0.777429
0.776857,0.774,0.778571,0.778286,0.782,0.780286,0.797429,0.773143,0.826571,0.777714


B:
0.0,0.0,0.0,0.0,0.0,0.0,0.0,0.0,0.0,0.0
0.0,0.0,0.0,0.0,0.0,0.0,0.0,0.0,0.0,0.0
0.0,0.0,0.0,0.0,0.0,0.0,0.0,0.0,0.0,0.0


========================================================
Test11 (ADC Calibration) results 2008-08-27 13:08:29
Board ID305 30 channels
Linux calibration software

Calibration DAC Range: [1000 - 3500]

A:
0.764,0.7572,0.7616,0.762,0.7608,0.7636,0.7624,0.78,0.7616,0.7624
0.766,0.7652,0.7792,0.7748,0.7636,0.7864,0.7588,0.7632,0.7676,0.7616
0.7636,0.7588,0.764,0.7632,0.768,0.7648,0.7828,0.7592,0.8228,0.7628


B:
54,52.8,46.3999,54.9999,55.2,51.4,52.6001,53.0001,53.3999,51.6001
51.0001,52.7999,47.7999,56.2,58.4,46.5999,55.1999,53.8001,48.4,55.3999
49.4,54.1999,51,52.8001,49,54.2,52.1999,49.8001,25.2001,52.2001


========================================================
Test11 (DAC Calibration) results 2008-08-28 18:58:24
Board ID305 30 channels
Linux calibration (server mode)

Calibration DAC Range: [3100 - 3500]

A:
0.775,0.7675,0.77,0.77,0.77,0.7775,0.7725,0.79,0.775,0.765
0.7725,0.775,0.7875,0.79,0.77,0.795,0.765,0.7775,0.775,0.775
0.7775,0.7675,0.775,0.77,0.7775,0.7725,0.79,0.7675,0.83,0.7725


B:
49.5,50.8,52.0,59.0,55.0,37.8,50.3,52.0,40.5,74.5
61.3,52.5,51.7,38.0,69.0,60.5,65.5,37.8,55.5,43.5
35.8,55.8,46.5,62.0,51.8,59.3,60.0,52.8,53.0,51.3


========================================================
Test11 (DAC Calibration) results 2008-08-30 18:23:00
Board ID305 30 channels
Linux calibration (server mode)

Calibration DAC Range: [3100 - 3500]

A:
0.775,0.7675,0.77,0.77,0.77,0.7775,0.7725,0.79,0.7725,0.77
0.775,0.775,0.7875,0.78,0.775,0.795,0.77,0.775,0.7775,0.775
0.7725,0.7675,0.775,0.775,0.7775,0.775,0.795,0.7675,0.83,0.775


B:
51.5,52.8,52.0,62.0,59.0,40.8,53.3,54.0,52.3,61.0
55.5,54.5,54.7,73.0,53.5,57.5,52.0,48.5,49.8,45.5
53.3,59.8,49.5,48.5,53.8,53.5,45.5,55.8,45.0,45.5


========================================================
Test11 (DAC Calibration) results 2008-08-30 21:24:22
Board ID305 30 channels
Linux calibration (server mode)

Calibration DAC Range: [3100 - 3500]

A:
0.755,0.7475,0.75,0.75,0.745,0.7525,0.7475,0.765,0.745,0.7525
0.7575,0.7525,0.765,0.7625,0.755,0.7775,0.7475,0.7575,0.755,0.755
0.7475,0.7475,0.7525,0.7525,0.755,0.7525,0.77,0.7475,0.8075,0.7475


B:
46.5,48.7,50.0,57.0,70.5,52.3,64.7,64.5,71.5,47.3
42.8,58.3,56.5,59.3,49.5,45.8,55.7,35.8,52.5,40.5
66.7,53.7,52.3,50.3,57.5,57.3,57.0,51.7,44.7,65.7


========================================================
Test11 (DAC Calibration) results 2008-08-30 21:52:05
Board ID305 30 channels
Linux calibration (server mode)

Calibration DAC Range: [3100 - 3500]

A:
0.775,0.7675,0.7675,0.7725,0.7725,0.7775,0.7725,0.7925,0.775,0.7725
0.7725,0.7725,0.7875,0.785,0.775,0.7975,0.775,0.7725,0.78,0.7725
0.775,0.77,0.775,0.7725,0.7775,0.7775,0.7925,0.765,0.83,0.7725


B:
51.5,52.8,62.8,54.3,50.3,39.8,53.3,46.2,43.5,52.3
65.3,62.3,54.7,56.5,54.5,52.7,35.5,57.3,41.0,53.3
47.5,50.0,48.5,56.3,53.8,45.8,55.2,64.5,45.0,54.3


========================================================
Test11 (DAC Calibration) results 2008-08-31 12:06:23
Board ID305 30 channels
Linux calibration (server mode)

Calibration DAC Range: [3100 - 3500]

A:
0.775,0.7675,0.775,0.7725,0.7675,0.7725,0.7775,0.7975,0.775,0.7725
0.7725,0.7775,0.7925,0.79,0.775,0.7975,0.775,0.7725,0.78,0.7775
0.775,0.765,0.775,0.7725,0.7725,0.7775,0.7975,0.765,0.8325,0.7725


B:
51.5,52.8,39.5,54.3,67.8,57.3,37.8,29.7,43.5,52.3
65.3,46.8,38.2,41.0,54.5,55.7,35.5,57.3,41.0,37.8
47.5,67.5,48.5,56.3,71.3,45.8,38.7,64.5,44.3,54.3


