========================================================

Test10 results 03-24-2005  13:35:03
Board ID313  30 channels
HV Tests Software Ver.1.6

+5V 2500 - O'k
-5V 1330 - O'k
Interlock - On

Voltmeter channel: A=1.083424, B=5.417133

A:
Limits 1.1 +/- 0.1
1.077586,1.074114,1.073537,1.070091,1.072961,1.074114,1.078749,1.076426,1.077586,1.078749
1.070664,1.075847,1.066667,1.070091,1.074114,1.084011,1.077006,1.072386,1.078749,1.060445
1.082837,1.055966,1.077586,1.091703,1.080497,1.072386,1.066098,1.071811,1.077006,1.068947


B:
Limits 0.0 +/- 30.0
10.775984,5.370607,5.367522,9.630627,6.437928,9.667063,9.708548,9.687826,5.388053,9.708548
4.282662,4.303246,6.399792,10.700718,1.074152,10.840111,7.538823,7.506824,7.55105,10.6043
5.41436,8.447544,6.465639,6.550217,3.241499,5.362052,8.528736,9.646461,6.461817,1.068986
========================================================
Test10 (ADC Calibration) results 2007-09-07 16:46:12
Board ID313 30 channels
Linux calibration software

Voltmeter channel: A=1.07698, B=-1366.56

A:
1.07839,1.07363,1.07276,1.07015,1.07246,1.07353,1.07839,1.07283,1.07688,1.07859
1.06981,1.07578,1.0657,1.07075,1.0736,1.08408,1.07715,1.07182,1.07819,1.06509
1.08265,1.05638,1.08553,1.09091,1.07769,1.07088,1.06479,1.07226,1.07082,1.06941


B:
3.87454,2.85715,3.4075,4.25596,3.596,9.40724,7.2665,11.198,4.04986,5.33666
3.21885,0.472393,4.85002,7.13976,-3.17112,7.47537,3.38843,4.63524,5.568,7.75559
3.54079,4.63628,4.52552,5.6909,6.01503,5.51439,8.61327,5.99966,6.85642,-0.125497


========================================================
Test10 (ADC Calibration) results 2008-06-17 15:59:19
Board ID313 30 channels
Linux calibration software

Voltmeter channel: A=1.07, B=0

A:
1.09555,1.08991,1.08946,1.08604,1.0891,1.09028,1.09518,1.08748,1.09191,1.09518
1.08685,1.08973,1.08219,1.0891,1.08982,1.1017,1.09427,1.08901,1.095,1.08175
1.09885,1.07239,1.10374,1.10681,1.09436,1.08838,1.08264,1.08865,1.08811,1.08613


B:
3.21943,3.39415,3.3761,6.544,4.14627,8.51022,7.27952,10.4324,4.82557,5.52712
2.9699,3.99715,4.04424,5.23537,-2.4076,6.14592,2.20697,2.92315,4.16201,6.83943
3.91872,6.31194,5.39093,7.02035,6.28164,4.37841,4.92846,5.65258,5.49951,-0.92461


========================================================
Test10 (ADC Calibration) results 2008-07-16 21:23:30
Board ID313 30 channels
Linux calibration software

Voltmeter channel: A=1.07, B=0

A:
1.09637,1.09031,1.08994,1.08675,1.08956,1.09144,1.09523,1.08769,1.09248,1.09589
1.08741,1.08937,1.08275,1.08984,1.09013,1.10191,1.09485,1.08975,1.09542,1.08238
1.09942,1.0731,1.10509,1.10751,1.09542,1.08956,1.08293,1.08909,1.08825,1.08731


B:
1.80831,2.58797,2.93621,5.23403,3.72037,6.99919,7.67815,9.58891,3.85893,4.21893
2.23524,4.11193,3.31186,5.20282,-2.47058,5.51645,1.23801,1.58468,3.56041,6.03885
2.73479,5.86483,4.15958,6.16055,4.21788,2.63081,4.43851,5.02585,5.15285,-2.89687


========================================================
Test10 (ADC Calibration) results 2008-07-19 11:34:37
Board ID313 30 channels
Linux calibration software

Voltmeter channel: A=1.07, B=0

A:
1.09589,1.09031,1.09013,1.08675,1.08966,1.09125,1.0957,1.08694,1.09248,1.0957
1.08778,1.0889,1.08293,1.08984,1.08994,1.1021,1.09437,1.08937,1.09542,1.08201
1.09923,1.07255,1.10519,1.1079,1.09523,1.0889,1.08275,1.08928,1.08815,1.08666


B:
2.24627,2.80637,2.32613,5.23403,3.19723,7.17288,6.58574,10.4953,3.64049,5.05148
1.45283,3.89241,2.70597,4.76711,-2.51348,4.45895,2.11326,2.3687,3.3415,6.16653
2.91053,7.02089,3.62888,5.36424,4.61147,3.23935,4.82799,4.85192,5.4572,-1.19959


========================================================
Test10 (ADC Calibration) results 2008-07-19 14:46:21
Board ID313 30 channels
Linux calibration software

Voltmeter channel: A=1.07, B=0

A:
1.09608,1.09041,1.08984,1.08666,1.08928,1.09116,1.09561,1.08694,1.09295,1.09599
1.08759,1.08815,1.08284,1.08975,1.09013,1.10162,1.09437,1.08966,1.09504,1.08228
1.09913,1.07273,1.10509,1.1079,1.09475,1.08928,1.08321,1.08928,1.08825,1.08694


B:
2.07117,2.50085,3.02313,5.32035,4.41644,7.2597,6.67229,10.278,2.76751,4.78935
1.8438,5.02217,3.00892,4.85393,-2.68855,5.33865,2.11326,1.67181,4.12904,6.12448
3.43794,6.20678,3.93862,5.58577,5.70444,2.67337,3.74633,4.63424,4.71739,-1.67836


========================================================
Test10 (ADC Calibration) results 2008-07-20 08:08:59
Board ID313 30 channels
Linux calibration software

Voltmeter channel: A=1.07, B=0

A:
1.0958,1.0905,1.08975,1.08647,1.08975,1.09125,1.09599,1.08694,1.09248,1.09599
1.08769,1.08862,1.08293,1.08984,1.08994,1.1021,1.09437,1.08956,1.09532,1.0821
1.09951,1.07301,1.1047,1.1078,1.09513,1.08909,1.08284,1.08956,1.08806,1.08684


B:
2.55337,2.41376,2.89233,5.92798,3.328,7.39146,5.88533,10.4953,4.07738,4.35106
1.75724,4.58846,2.70597,5.20282,-2.07761,4.67931,2.11326,2.19471,3.42885,6.51338
2.86689,5.95036,5.1745,5.45281,5.13636,2.84767,4.30866,4.15597,5.544,-1.80834


========================================================
Test10 (ADC Calibration) results 2008-07-20 17:40:55
Board ID313 30 channels
Linux calibration software

Voltmeter channel: A=1.07, B=0

A:
1.09599,1.09022,1.08994,1.08666,1.08947,1.09144,1.09542,1.08712,1.09239,1.0957
1.08778,1.08872,1.08275,1.08994,1.09031,1.1021,1.09428,1.08966,1.09504,1.08256
1.09913,1.07282,1.10499,1.10741,1.09494,1.0889,1.08321,1.08919,1.08834,1.08684


B:
2.15909,3.11112,2.93621,5.53802,4.24259,6.99919,7.2851,9.88832,4.16492,5.27056
1.67033,4.28378,2.66249,4.89815,-3.08148,4.45895,2.41964,1.88969,4.56695,5.65007
3.43794,6.33539,4.46853,6.4698,5.09213,3.6748,3.74633,4.93874,4.8485,-1.59102


========================================================
Test10 (ADC Calibration) results 2008-07-24 12:08:22
Board ID313 30 channels
Linux calibration software

Voltmeter channel: A=1.07, B=0

A:
1.09523,1.09013,1.08975,1.08647,1.08909,1.09144,1.09561,1.08712,1.09267,1.09542
1.08778,1.08909,1.08247,1.08975,1.09031,1.10172,1.09428,1.08947,1.09523,1.08228
1.09923,1.07301,1.10509,1.10731,1.09513,1.0889,1.08266,1.0889,1.08797,1.08675


B:
2.85938,2.98005,3.328,5.71074,4.37217,6.78096,6.89135,9.67095,3.46622,5.53233
1.45283,3.71861,3.57109,4.85393,-3.08148,4.81045,2.20045,1.84593,3.95461,5.69179
2.91053,5.95036,4.15958,6.3366,4.69842,3.02162,4.91432,4.98131,5.41302,-1.50377


========================================================
Test10 (ADC Calibration) results 2009-01-21 11:34:07
Board ID313 30 channels
Host: ufcmshv3
Linux calibration software

Voltmeter channel: A=1.05708, B=4.01699

A:
1.05803,1.05357,1.0601,1.04401,1.05837,1.064,1.05682,1.05511,1.06348,1.05837
1.06996,1.07058,1.04325,1.06715,1.04493,1.06287,1.06339,1.05348,1.06427,1.04518
1.04552,1.02832,1.0511,1.06131,1.07723,1.04847,1.0456,1.06759,1.05605,1.04932


B:
3.9716,4.79773,4.56649,7.14722,5.97579,7.92268,9.75523,8.40848,5.64454,7.24578
10.5021,2.866,5.36098,6.6982,-0.417828,5.15097,3.38661,4.66785,5.12478,6.23897
4.66472,7.46714,5.23958,7.88626,5.50214,4.58093,6.67599,6.5041,6.46631,-0.209907


