========================================================

Test11 results 03-24-2005  13:36:38
Board ID313  30 channels
HV Tests Software Ver.1.6

+5V 2498 - O'k
-5V 1330 - O'k
Interlock - On
Calibration DAC Range: [2500 - 2900]


A:
Limits 0.76 +/- 0.04
0.746269,0.747664,0.747664,0.75188,0.747664,0.750469,0.743494,0.747664,0.746269,0.742115
0.750469,0.747664,0.754717,0.753296,0.747664,0.742115,0.747664,0.749064,0.746269,0.756144
0.742115,0.761905,0.747664,0.740741,0.746269,0.749064,0.754717,0.75188,0.746269,0.75188


B:
Limits 60.0 +/- 30.0
52.661053,64.256149,61.045536,56.52776,62.486469,52.004299,63.171692,50.338398,58.067493,64.432137
61.950211,59.763229,54.926071,48.929123,62.012241,54.622482,54.288639,60.470066,54.926277,63.257168
59.379917,55.233578,52.755344,62.175838,54.046642,61.992516,53.500656,48.820625,58.716831,64.477196
========================================================
Test11 (DAC Calibration) results 2007-09-07 16:46:12
Board ID313 30 channels
Linux calibration software
Calibration DAC Range: [1100 - 2700]

A:
0.745573,0.748503,0.749485,0.751315,0.749695,0.748573,0.745573,0.749064,0.746617,0.745434
0.751174,0.747384,0.754077,0.750892,0.749274,0.74129,0.74606,0.749766,0.745712,0.754503
0.743011,0.761107,0.740672,0.740741,0.74606,0.750047,0.754717,0.749836,0.750469,0.751456


B:
59.9254,66.0181,61.0643,63.6365,60.922,63.5257,61.4166,56.5543,62.2025,58.0321
64.1314,64.873,62.0886,59.8648,62.2552,61.0081,64.0214,63.0741,61.074,61.5015
61.2706,61.6972,61.874,65.4815,60.7387,63.7355,59.2452,60.7273,60.6004,68.251


========================================================
Test11 (ADC Calibration) results 2008-06-17 18:39:44
Board ID313 30 channels
Linux calibration software

Calibration DAC Range: [1000 - 3500]

A:
0.7336,0.7368,0.7384,0.7404,0.738,0.7372,0.734,0.7392,0.7364,0.7344
0.7396,0.7372,0.7428,0.7376,0.738,0.7296,0.7348,0.738,0.7344,0.7432
0.7316,0.7496,0.728,0.73,0.7348,0.7384,0.7428,0.7384,0.7388,0.74


B:
61.3999,67.2,60.6001,61.5999,62.0001,63.7999,61.9999,56.8,61.6,57.6001
64.4,64.7999,62.2,63.3999,62.0001,62.4,64.2001,65.0001,61.6001,61.8
62.4,61.4,62.0001,64.9999,61.2001,63.6001,61.2,61.6001,61.2,69


========================================================
Test11 (ADC Calibration) results 2008-07-16 22:38:23
Board ID313 30 channels
Linux calibration software

Calibration DAC Range: [1000 - 3500]

A:
0.7332,0.7368,0.7376,0.7392,0.7376,0.7368,0.7336,0.7388,0.7364,0.734
0.7396,0.738,0.7424,0.738,0.7376,0.7292,0.734,0.7376,0.734,0.7424
0.7312,0.7492,0.7272,0.73,0.734,0.7376,0.742,0.7384,0.7384,0.7388


B:
62.8,67.2,61.3999,64.8,62.3999,64.2,62.3999,58.2,61.6,58.9999
64.4,63.0001,62.6,61.0001,62.3999,63.8,65.9999,66.3999,61.9999,63.6
62.8001,61.8,62.8001,64.9999,62.9999,65.3999,63.0001,61.6001,62.6001,71.2


