========================================================

Test15 results 04-11-2005  16:11:30
Board ID013  8 channels
HV Tests Software Ver.1.6


A:
Limits 1.45 +/- 2.0
1.445087,1.43472,1.439885,1.446132,1.436782,1.443001,1.446132,1.43575


B:
Limits 0.0 +/- 160.0
5.780313,-11.477897,1.439961,-10.12289,12.930936,-4.328856,-13.015154,12.921898
========================================================
Test15 (Master ADC Calibration) results 2007-04-18 13:37:52
Board ID13 7 channels
Linux calibration software


A:
1.44196,1.43472,1.44092,1.44509,1.43266,1.44613,1.44928,1.43781

B:
0.432633,-13.4865,-5.47537,-10.6937,13.4671,-7.66447,-15.9421,7.04542

========================================================
Test15 (Master ADC Calibration) results 2008-02-13 17:44:35
Board ID13 7 channels
Linux calibration software


A:
1.44613,1.44092,1.44823,1.45349,1.42248,1.45349,1.45666,1.45033

B:
-0.433811,-14.1209,-5.93786,-13.9534,20.4837,-5.2325,-15.0036,8.84699

========================================================
Test15 (Master ADC Calibration) results 2008-02-13 17:48:37
Board ID13 7 channels
Linux calibration software


A:
1.44613,1.44092,1.44718,1.45349,1.42349,1.45455,1.45773,1.45033

B:
1.01232,-14.1209,-4.63098,-13.9534,17.7936,-8.00011,-16.3267,8.84699

========================================================
Test15 (Master ADC Calibration) results 2008-06-15 14:52:01
Board ID13 7 channels
Linux calibration software


A:
1.44823,1.44092,1.45138,1.45879,1.36986,1.45985,1.45773,1.44718

B:
-0.144958,-14.1209,-6.96665,-14.7338,34.2465,-5.8394,-17.7844,8.39362

========================================================
Test15 (Master ADC Calibration) results 2008-06-15 16:43:16
Board ID13 7 channels
Linux calibration software


A:
1.44281,1.43528,1.44509,1.45272,1.36544,1.4558,1.45195,1.44357

B:
3.01671,-9.00322,-1.44512,-9.64071,29.1708,-5.95553,-12.0116,11.1549

========================================================
Test15 (ADC Calibration) results 2009-03-18 09:59:12
Board ID013 8 channels
Host: ufcmshv3
Linux calibration software

A:
1.40374,1.43062,1.40086,1.44204,1.40298,1.4217,1.39485,1.43282


B:
-0.863812,-12.3033,-4.13807,-14.0432,6.97165,-7.6991,-15.7295,9.05981


========================================================
Test15 (ADC Calibration) results 2009-03-19 09:42:43
Board ID013 8 channels
Host: ufcmshv3
Linux calibration software

A:
1.40328,1.4556,1.40071,1.44092,1.40328,1.42123,1.395,1.43266


B:
-0.259026,-12.8093,-4.30994,-12.3918,5.63473,-7.36853,-16.1176,8.59593


========================================================
Test15 (ADC Calibration) results 2009-03-19 10:42:20
Board ID013 8 channels
Host: ufcmshv3
Linux calibration software

A:
1.40358,1.45544,1.40041,1.44172,1.40313,1.42123,1.3941,1.43266


B:
-1.03648,-12.4049,-3.53325,-13.2419,6.30337,-7.08436,-14.6274,8.88239


========================================================
Test15 (ADC Calibration) results 2009-03-19 15:09:15
Board ID013 8 channels
Host: ufcmshv3
Linux calibration software

A:
1.40358,1.45479,1.40026,1.44108,1.40268,1.42061,1.3941,1.43219


B:
-1.31713,-11.9515,-3.42519,-13.0807,6.06396,-6.92836,-15.4639,9.7829


