========================================================

Test16 results 04-11-2005  16:14:52
Board ID013  8 channels
HV Tests Software Ver.1.6
Calibration DAC Range: [1000 - 2300]


A:
Limits 0.57 +/- 0.1
0.570927,0.575731,0.573698,0.571931,0.574205,0.573192,0.571931,0.574713


B:
Limits 50.0 +/- 60.0
63.286621,55.723984,58.151314,56.078545,53.541981,56.82225,58.591496,50.693592
========================================================
Test16 (Master DAC Calibration) results 2007-04-18 13:37:52
Board ID13 7 channels
Linux calibration software
Calibration DAC Range: [1000 - 2300]

A:
0.571107,0.57574,0.573481,0.571974,0.576347,0.571778,0.570611,0.573845

B:
64.0756,57.339,61.2763,58.3926,52.2486,62.5808,61.2217,55.033

========================================================
Test16 (Master DAC Calibration) results 2008-02-13 17:44:35
Board ID13 7 channels
Linux calibration software
Calibration DAC Range: [1000 - 2300]

A:
0.569821,0.573408,0.570952,0.569174,0.58077,0.569174,0.568005,0.569183

B:
67.273,60.5693,64.2348,62.5172,50.2796,63.841,63.3083,56.369

========================================================
Test16 (Master DAC Calibration) results 2008-02-13 17:48:37
Board ID13 7 channels
Linux calibration software
Calibration DAC Range: [1000 - 2300]

A:
0.57011,0.573189,0.571729,0.569174,0.580357,0.568616,0.567519,0.569328

B:
65.8105,61.4231,62.067,62.6829,52.0146,65.8163,63.8411,55.9643

========================================================
Test16 (Master DAC Calibration) results 2008-06-15 14:52:01
Board ID13 7 channels
Linux calibration software
Calibration DAC Range: [1000 - 2300]

A:
0.59518,0.573335,0.584661,0.57169,0.604459,0.56662,0.567519,0.570422

B:
-32.5353,60.854,9.72598,46.8502,42.1402,64.9529,64.6684,56.4519

========================================================
Test16 (Master DAC Calibration) results 2008-06-15 16:43:16
Board ID13 7 channels
Linux calibration software
Calibration DAC Range: [1000 - 2200]

A:
0.581859,0.575649,0.573718,0.570388,0.606178,0.568006,0.570217,0.572187

B:
28.2713,57.8405,59.8314,59.3865,45.1951,66.8338,60.6923,54.1349

========================================================
Test16 (ADC Calibration) results 2009-03-18 10:11:16
Board ID013 8 channels
Host: ufcmshv3
Linux calibration software

A:
0.5864,0.5768,0.5888,0.5724,0.588,0.58,0.5908,0.576


B:
69.6001,66.2,66.2,64.6001,61,66.0001,67.2,57.0001


