========================================================

Test15 results 07-07-2005  15:14:31
Board ID024  8 channels
HV Tests Software Ver.1.6


A:
Limits 1.45 +/- 2.0
1.429593,1.430615,1.428571,1.439885,1.425517,1.431639,1.43472,1.440922


B:
Limits 0.0 +/- 160.0
17.154991,8.58363,21.428476,5.759615,29.935923,25.769596,-4.304296,4.322903
========================================================
Test15 (Master ADC Calibration) results 2007-07-15 09:48:31
Board ID24 7 channels
Linux calibration software


A:
1.43266,1.43472,1.43472,1.43575,1.42755,1.43575,1.43781,1.44718

B:
13.4671,5.16487,16.6426,18.2342,29.8358,31.1559,-5.89491,1.15773

========================================================
Test15 (Master ADC Calibration) results 2008-02-21 05:59:55
Board ID24 7 channels
Linux calibration software


A:
1.42959,1.43266,1.43266,1.43266,1.42552,1.44092,1.43575,1.44509

B:
14.4388,4.87107,14.8997,17.7651,28.0827,23.3431,-6.17359,-0.578067

