========================================================

Test11 results 04-27-2005  14:18:50
Board ID336  30 channels
HV Tests Software Ver.1.6

+5V 2490 - O'k
-5V 1305 - O'k
Interlock - On
Calibration DAC Range: [2500 - 2900]


A:
Limits 0.76 +/- 0.04
0.739372,0.743494,0.744879,0.744879,0.743494,0.744879,0.739372,0.747664,0.742115,0.742115
0.749064,0.739372,0.739372,0.738007,0.739372,0.743494,0.746269,0.746269,0.740741,0.749064
0.743494,0.740741,0.744879,0.744879,0.743494,0.736648,0.744879,0.75188,0.743494,0.743494


B:
Limits 60.0 +/- 30.0
67.939308,67.449867,58.246807,63.776295,52.078995,60.348869,71.794113,60.63958,74.377129,56.426678
53.879185,62.411896,66.475548,74.16655,58.666481,67.449867,57.453133,62.25742,57.352345,66.741646
60.620285,72.587082,65.066559,66.08149,63.097633,69.131767,62.023212,54.572617,62.149387,62.655819
========================================================
Test11 (DAC Calibration) results 2007-12-10 15:16:31
Board ID336 30 channels
Linux calibration software
Calibration DAC Range: [1100 - 2700]

A:
0.741084,0.743218,0.743287,0.745643,0.741084,0.745782,0.73985,0.748363,0.743494,0.740672
0.747035,0.740329,0.742046,0.740466,0.738962,0.744879,0.746687,0.745921,0.739645,0.75068
0.743425,0.743633,0.745712,0.743218,0.743149,0.737259,0.744532,0.749766,0.742184,0.74481


B:
69.597,69.8997,66.5336,69.3727,68.4112,65.1532,71.4603,64.8644,73.2341,65.7255
68.3443,65.3158,67.2199,73.5654,66.1925,68.3427,63.599,66.8999,68.3431,67.8146
68.1255,69.3252,66.8906,70.1969,70.7385,72.5558,67.3336,68.3224,69.8488,64.1187


========================================================
Test11 (ADC Calibration) results 2008-06-17 18:39:44
Board ID336 30 channels
Linux calibration software

Calibration DAC Range: [1000 - 3500]

A:
0.7296,0.766,0.732,0.734,0.7304,0.7348,0.7288,0.7368,0.7324,0.7296
0.736,0.7292,0.7332,0.7288,0.728,0.7336,0.7352,0.7344,0.7284,0.7388
0.7328,0.7328,0.7356,0.732,0.732,0.7264,0.734,0.7384,0.744,0.7336


B:
70.4,35.0001,67,68.9999,67.5999,65.2001,72.2,66.2,73.6,65.4
68,65.8,66.7999,74.2,66.0001,69.3999,64.8,68.6001,68.6,69.2
67.2,69.2,65.4,70,70,72.5999,66.9999,69.6001,61.9999,64.3999


========================================================
Test11 (ADC Calibration) results 2008-07-16 22:38:23
Board ID336 30 channels
Linux calibration software

Calibration DAC Range: [1000 - 3500]

A:
0.7292,0.7448,0.7312,0.7332,0.73,0.7344,0.7284,0.736,0.732,0.7292
0.7348,0.7284,0.7332,0.7288,0.7276,0.7328,0.7352,0.734,0.7276,0.7384
0.7316,0.732,0.7348,0.7312,0.7312,0.726,0.7324,0.738,0.7488,0.7328


B:
70.8,57.2001,67.8001,69.7999,67.9999,65.6001,72.6,67,74,65.8
70.2001,66.6,66.7999,74.2,66.4001,70.2,64.8,68.9999,70.4001,70.6001
69.4,70,66.2001,71.8001,71.8001,74,68.6,70.0001,63.2001,65.2


