========================================================

Test11 results 08-22-2005  14:46:55
Board ID046  36 channels
HV Tests Software Ver.1.6

+5V 3056 - O'k
-5V 1383 - O'k
Interlock - On
Calibration DAC Range: [2500 - 2900]


A:
Limits 0.76 +/- 0.04
0.750469,0.75188,0.750469,0.75188,0.75188,0.757576,0.757576,0.761905,0.753296,0.753296,0.75188,0.75188
0.756144,0.754717,0.753296,0.754717,0.754717,0.75188,0.742115,0.75188,0.747664,0.756144,0.747664,0.750469
0.754717,0.754717,0.743494,0.749064,0.749064,0.75188,0.75188,0.754717,0.754717,0.747664,0.754717,0.756144


B:
Limits 60.0 +/- 40.0
65.975922,54.961956,54.149986,51.884682,53.424053,50.634979,56.752735,58.69619,65.496666,52.949581,65.773895,55.862705
59.890152,59.763187,66.733093,60.478844,56.60981,66.677399,69.118546,55.049885,80.887642,53.580708,67.302841,56.67366
58.855721,69.001472,72.535622,72.456917,67.41317,55.686302,62.993816,64.315811,64.142792,74.414406,56.893566,68.310745
========================================================
Test11 (DAC Calibration) results 2008-02-06 11:41:58
Board ID46 36 channels
Linux calibration software
Calibration DAC Range: [1100 - 2700]

A:
0.750117,0.749977,0.749134,0.748503,0.748013,0.753579,0.754575,0.760673,0.75188,0.750892,0.752587,0.748083
0.75543,0.752658,0.754432,0.754432,0.752941,0.75188,0.742942,0.749906,0.745921,0.753012,0.748153,0.747384
0.751385,0.754788,0.743909,0.749344,0.742666,0.750892,0.750117,0.751738,0.755073,0.748713,0.752587,0.756644


B:
71.5894,60.6825,61.2509,63.3234,66.0964,70.0076,70.7601,68.5271,75.9399,68.2748,68.2032,64.0547
68.0832,68.1061,69.2947,67.0314,66.9647,68.4211,69.5394,67.6791,82.5642,65.211,67.9978,70.8521
66.244,71.2238,72.2149,77.1449,70.9617,63.6193,71.5894,79.1392,67.8151,74.263,64.4403,74.4445


========================================================
Test11 (DAC Calibration) results 2008-02-14 11:22:54
Board ID46 36 channels
Linux calibration software
Calibration DAC Range: [1100 - 2700]

A:
0.750117,0.750117,0.748853,0.748293,0.747943,0.753509,0.754717,0.760673,0.75195,0.751103,0.752587,0.747803
0.75543,0.752304,0.75429,0.754361,0.752941,0.75188,0.742942,0.749977,0.745851,0.753012,0.748083,0.747384
0.751385,0.754717,0.743909,0.749274,0.742804,0.750751,0.749977,0.751456,0.755073,0.748713,0.752941,0.756644


B:
71.5894,60.3376,61.6402,63.7638,66.3426,70.1044,70.2642,68.5271,75.5426,67.684,68.2032,65.0403
68.0832,69.0424,69.7906,67.2796,66.9647,68.4211,69.5394,67.4323,82.8081,65.211,68.244,70.8521
66.0937,71.3207,71.9174,77.2407,70.4734,63.9639,72.0821,79.5228,67.8151,74.263,62.447,74.4445


========================================================
Test11 (ADC Calibration) results 2008-06-19 12:56:33
Board ID046 36 channels
Linux calibration software

Calibration DAC Range: [1000 - 3500]

A:
0.7384,0.7364,0.7372,0.736,0.7328,0.742,0.7432,0.7512,0.7404,0.7392,0.7408,0.7296
0.7436,0.7396,0.7428,0.7448,0.7412,0.7392,0.7308,0.7384,0.7316,0.7404,0.7348,0.7352
0.7324,0.7424,0.7316,0.738,0.7276,0.7396,0.7384,0.7392,0.7428,0.736,0.7404,0.7448


B:
71.6001,61.6,61.7999,63,67.2,71.0001,70.8,67.7999,76.5999,68.8,69.1999,65.4
69.4,69.4,69.2,67.2001,67.8001,69.8,71.2001,68.6001,83.4,67.5999,71.2001,71.8
67.6,71.6,74.4,79.0001,69.4001,63.4,73.6001,80.8,71.2,75,64.5999,75.2001


========================================================
Test11 (ADC Calibration) results 2008-06-19 21:50:54
Board ID046 36 channels
Linux calibration software

Calibration DAC Range: [1000 - 3500]

A:
0.738,0.7372,0.7368,0.736,0.7328,0.742,0.7432,0.7512,0.7404,0.7396,0.7408,0.73
0.7436,0.7392,0.7424,0.7452,0.7416,0.7396,0.7312,0.738,0.7324,0.7408,0.7604,0.7356
0.7328,0.7424,0.732,0.738,0.728,0.7396,0.7384,0.74,0.7432,0.7364,0.7404,0.7448


B:
73.0001,59.7999,62.1999,63,67.2,71.0001,71.8,68.7999,76.5999,68.4,69.1999,64.9999
69.4,70.8,70.6,66.8001,66.4001,69.4,70.8001,70.0001,81.6,66.1999,44.6,71.4
67.2,71.6,73,78.0001,70.0001,63.4,72.6001,79,69.8,74.6,63.5999,75.2001


========================================================
Test11 (ADC Calibration) results 2008-06-20 18:14:35
Board ID046 36 channels
Linux calibration software

Calibration DAC Range: [1000 - 3500]

A:
0.738,0.7368,0.7368,0.736,0.7332,0.742,0.7428,0.7508,0.7408,0.7396,0.7408,0.7296
0.744,0.7396,0.7424,0.7452,0.7416,0.7392,0.7308,0.7384,0.732,0.7408,0.7348,0.7356
0.7324,0.7424,0.7324,0.7376,0.728,0.7392,0.7376,0.74,0.7428,0.736,0.7396,0.7448


B:
73.0001,61.1999,63.1999,63,66.7999,71.0001,72.2,69.2,75.1999,68.4,69.1999,66.4
68.9999,69.4,70.6,66.8001,66.4001,69.8,71.2001,68.6001,83,66.1999,71.2001,71.4
67.6,71.6,72.6,79.3999,70.0001,64.8,75.3999,79,71.2,75,66.4,75.2001


========================================================
Test11 (ADC Calibration) results 2008-07-06 17:26:00
Board ID046 36 channels
Linux calibration software

Calibration DAC Range: [1000 - 3500]

A:
0.7384,0.7372,0.7368,0.736,0.7328,0.742,0.7432,0.7512,0.7404,0.7392,0.7412,0.73
0.7444,0.7396,0.7424,0.7448,0.7416,0.7396,0.7312,0.738,0.732,0.7404,0.7684,0.7356
0.734,0.7432,0.7316,0.7384,0.7292,0.7392,0.7376,0.7392,0.7428,0.736,0.7404,0.7448


B:
71.6001,60.7999,62.1999,63,67.2,71.0001,70.8,68.7999,75.5999,68.8,67.8001,65.9999
68.5999,69.4,71.6,67.2001,66.4001,69.4,69.8001,70.0001,83,67.5999,36.6,70.4
66.9999,69.8,74.4,77.6001,70.8,64.8,74.3999,80.8,70.2,75,63.5999,75.2001


========================================================
Test11 (ADC Calibration) results 2008-07-17 10:58:43
Board ID046 36 channels
Linux calibration software

Calibration DAC Range: [1000 - 3500]

A:
0.738,0.7368,0.736,0.7352,0.7328,0.7416,0.7428,0.7512,0.74,0.7392,0.7404,0.7304
0.7432,0.7388,0.7424,0.7444,0.7404,0.7388,0.7308,0.7376,0.7316,0.7396,0.7628,0.7348
0.7344,0.742,0.7316,0.738,0.73,0.7396,0.7376,0.7392,0.7424,0.7356,0.74,0.7444


B:
73.0001,60.1999,63,63.8,67.2,71.4001,71.2,67.7999,77,67.8,68.5999,64.5999
70.8,70.2,70.6,66.5999,68.5999,70.2,70.2001,70.3999,83.4,67.4,42.2001,71.2001
67.6001,72.0001,72.4,78.0001,69.9999,63.4,73.3999,78.8,70.6,74.4,64,75.5999


========================================================
Test11 (ADC Calibration) results 2008-07-20 18:37:46
Board ID046 36 channels
Linux calibration software

Calibration DAC Range: [1000 - 3500]

A:
0.7376,0.7368,0.7364,0.7352,0.7328,0.7416,0.7428,0.7524,0.74,0.7388,0.7404,0.732
0.7444,0.7396,0.7424,0.7444,0.7408,0.7392,0.7308,0.7376,0.7428,0.7396,0.7672,0.7352
0.736,0.742,0.7312,0.738,0.732,0.7392,0.7376,0.7392,0.7424,0.7356,0.74,0.7444


B:
73.3999,61.1999,62.6,63.8,68.2,72.4001,71.2,67.6001,77,69.2,68.5999,65
69.5999,68.4,70.6,66.5999,68.1999,69.8,70.2001,70.3999,71.2,68.4,36.8,70.8
67,72.0001,73.8001,78.0001,70,64.8,74.3999,79.8,70.6,75.4,64,75.5999


========================================================
Test11 (ADC Calibration) results 2008-07-24 23:03:59
Board ID046 36 channels
Linux calibration software

Calibration DAC Range: [1000 - 3500]

A:
0.738,0.7368,0.7364,0.7356,0.7328,0.7412,0.7424,0.7516,0.7396,0.7392,0.7404,0.7316
0.744,0.7388,0.7424,0.7456,0.7408,0.7392,0.7304,0.738,0.732,0.74,0.7696,0.7348
0.736,0.742,0.7312,0.738,0.7324,0.7388,0.7376,0.7392,0.7428,0.7356,0.7396,0.7444


B:
73.0001,61.1999,62.6,63.4,68.2,72.8001,72.6,69.3999,77.4,68.8,68.5999,66.4
69.9999,70.2,70.6,67.4001,67.1999,69.8,71.5999,70.0001,83,67,34.4001,72.2001
68,72.0001,74.8001,78.0001,70.6,65.2,74.3999,79.8,70.2,75.4,65.4,75.5999


========================================================
Test11 (ADC Calibration) results 2008-08-12 23:20:39
Board ID046 36 channels
Linux calibration software

Calibration DAC Range: [1000 - 3500]

A:
0.7372,0.7368,0.7352,0.7352,0.7332,0.7412,0.7424,0.752,0.7396,0.7388,0.74,0.7644
0.744,0.7384,0.742,0.7452,0.7408,0.7388,0.7308,0.738,0.7316,0.7396,0.77,0.7348
0.7384,0.7408,0.7308,0.7376,0.7328,0.7384,0.7372,0.7396,0.7424,0.7348,0.7396,0.7444


B:
74.7999,61.1999,64.8,63.8,67.7999,72.8001,71.6,69.0001,77.4,69.2,69,37.6
69.9999,70.6001,71.0001,66.8001,67.1999,70.2,70.2001,69.0001,83.4,67.4,34.0001,71.2001
66.6001,73.1999,74.2001,78.3999,71.2,65.6001,74.7999,80.4,70.6,76.2001,64.4,75.5999


========================================================
Test11 (ADC Calibration) results 2008-08-13 01:14:42
Board ID046 36 channels
Linux calibration software

Calibration DAC Range: [1000 - 3500]

A:
0.7376,0.7368,0.7356,0.7352,0.7332,0.7416,0.7424,0.7516,0.7396,0.7388,0.7404,0.7644
0.7444,0.7388,0.742,0.7448,0.7404,0.7388,0.7304,0.7376,0.7316,0.7396,0.77,0.7348
0.7384,0.7412,0.7308,0.7372,0.7328,0.7384,0.7372,0.7392,0.7428,0.7348,0.7396,0.7444


B:
73.3999,61.1999,64.4,63.8,67.7999,71.4001,71.6,70.3999,77.4,68.2,68.5999,37.6
68.5999,70.2,71.0001,68.2001,67.5999,71.2,70.5999,70.3999,84.4,67.4,34.0001,71.2001
66.6001,72.8001,74.2001,79.7999,71.2,65.6001,74.7999,80.8,70.2,76.2001,64.4,75.5999


