========================================================

Test11 results 10-12-2005  14:52:31
Board ID090  36 channels
HV Tests Software Ver.1.6

+5V 2489 - O'k
-5V 1297 - O'k
Interlock - On
Calibration DAC Range: [2500 - 2900]


A:
Limits 0.76 +/- 0.04
0.746269,0.742115,0.747664,0.743494,0.749064,0.746269,0.742115,0.749064,0.750469,0.744879,0.749064,0.744879
0.746269,0.744879,0.742115,0.746269,0.744879,0.742115,0.744879,0.75188,0.740741,0.744879,0.743494,0.746269
0.747664,0.747664,0.744879,0.747664,0.740741,0.742115,0.743494,0.742115,0.747664,0.740741,0.740741,0.742115


B:
Limits 60.0 +/- 40.0
53.168098,68.73082,51.220406,67.105713,62.710674,53.093582,75.562233,56.615387,61.147156,61.602219,64.230377,51.744026
62.574253,64.472618,78.84214,47.684772,54.0154,67.053093,56.428619,46.485504,59.088634,58.692532,59.593624,57.836468
50.338398,55.978001,52.335423,57.914879,65.442802,57.035805,74.160561,63.043751,58.71785,67.850571,62.039661,55.292671
========================================================
Test11 (DAC Calibration) results 2007-10-18 11:55:00
Board ID90 36 channels
Linux calibration software
Calibration DAC Range: [1100 - 2700]

A:
0.744532,0.738348,0.744948,0.743425,0.747035,0.744255,0.74184,0.747105,0.746965,0.742873,0.748363,0.74184
0.744463,0.741909,0.741496,0.74481,0.741153,0.742804,0.742873,0.748433,0.740947,0.744048,0.74129,0.744255
0.744186,0.743356,0.741015,0.746826,0.738962,0.740261,0.745365,0.741084,0.745921,0.739508,0.741496,0.742184


B:
62.8664,76.6497,64.5218,68.2742,68.195,58.3401,75.5192,68.2481,70.0839,61.6119,69.5042,64.0948
65.9407,77.7983,79.7015,57.2665,65.6473,69.2849,66.0692,62.5223,62.9711,65.1785,71.831,63.9967
59.6279,70.1541,63.6163,64.1522,70.6263,68.0763,70.3532,66.188,66.1539,72.3795,66.3546,59.3098


