========================================================

Test10 results 09-02-2005  17:15:11
Board ID404  30 channels
HV Tests Software Ver.1.6

+5V 2487 - O'k
-5V 1317 - O'k
Interlock - On

Voltmeter channel: A=1.081666, B=11.898364

A:
Limits 1.1 +/- 0.1
1.075269,1.084011,1.068947,1.079331,1.079331,1.075847,1.076426,1.081666,1.084599,1.084599
1.071811,1.074691,1.085187,1.079331,1.074691,1.076426,1.082251,1.080497,1.074691,1.079914
1.085776,1.091703,1.074114,1.083424,1.081081,1.071811,1.081666,1.084011,1.078749,1.077006


B:
Limits 0.0 +/- 35.0
1.075092,-1.084008,12.827404,12.952018,6.476033,11.834177,11.840678,4.326704,11.930725,11.930725
1.071971,10.746796,10.851865,12.952018,6.448031,4.305695,12.987051,11.885475,6.448031,4.31962
9.771991,14.192138,3.22238,7.583981,11.89207,5.359216,6.490035,10.840111,6.472301,3.230799
========================================================
Test10 (ADC Calibration) results 2008-06-03 04:16:48
Board ID404 30 channels
Linux calibration software

Voltmeter channel: A=1.07677, B=-1218.1

A:
1.07525,1.08275,1.0679,1.0787,1.07802,1.07465,1.07555,1.0813,1.08357,1.08411
1.06884,1.07365,1.08461,1.0782,1.07419,1.07523,1.0798,1.07966,1.07372,1.07874
1.08497,1.09203,1.07449,1.08332,1.08002,1.07051,1.0814,1.08307,1.07773,1.07555


B:
-2.97216,-2.32464,9.86865,10.2877,5.4362,10.6276,8.04112,1.00016,9.11485,8.24551
4.19941,6.79515,6.9665,10.9715,2.15229,2.35696,13.8191,8.39872,4.53107,0.957948
7.0435,8.6809,-1.91081,3.94417,8.09416,2.74118,2.67093,10.5432,4.49111,1.73891


========================================================
Test10 (ADC Calibration) results 2008-06-16 13:15:44
Board ID404 30 channels
Linux calibration software

Voltmeter channel: A=1.07, B=0

A:
1.07803,1.08587,1.07084,1.08189,1.08171,1.07794,1.07839,1.08324,1.08641,1.08732
1.07234,1.07652,1.08768,1.08171,1.07687,1.07812,1.08288,1.08306,1.07652,1.08261
1.08832,1.09437,1.07616,1.0855,1.08324,1.07358,1.08451,1.08614,1.08063,1.07884


B:
-2.13966,-1.60388,10.9717,10.2863,3.52822,10.0169,8.74329,2.54956,9.62769,8.14653
2.72209,7.66799,7.59672,10.6676,3.89338,3.38375,14.3606,7.26503,5.73061,0.31656
6.58019,10.9099,0.894343,6.11233,8.18277,4.14557,3.12006,10.5271,4.08974,1.4271


========================================================
Test10 (ADC Calibration) results 2008-06-17 07:08:50
Board ID404 30 channels
Linux calibration software

Voltmeter channel: A=1.07, B=0

A:
1.09083,1.0983,1.08284,1.09401,1.09392,1.0902,1.09101,1.09611,1.09904,1.09987
1.08427,1.08894,1.10051,1.09392,1.08939,1.09083,1.09547,1.09519,1.0893,1.09492
1.10097,1.10709,1.08885,1.09794,1.09583,1.08588,1.09711,1.0984,1.0931,1.09101


B:
-4.25716,-3.07606,10.5393,9.63734,3.15705,9.41381,7.3576,1.14272,8.11614,6.70226
2.28175,6.43601,5.67391,9.93917,2.53422,0.978897,12.9049,7.67795,3.05334,-0.830836
4.81317,9.19184,-1.10291,5.16733,6.655,2.95549,1.31408,9.80022,2.81734,0.811515


========================================================
Test10 (ADC Calibration) results 2008-06-18 13:34:39
Board ID404 30 channels
Linux calibration software

Voltmeter channel: A=1.07, B=0

A:
1.09092,1.0983,1.08293,1.09447,1.09374,1.09047,1.09101,1.09629,1.09913,1.09996
1.08463,1.08894,1.1006,1.09383,1.08966,1.09083,1.09574,1.09565,1.0893,1.0951
1.10079,1.10728,1.08885,1.09803,1.09592,1.08588,1.09711,1.09867,1.09328,1.09111


B:
-4.1233,-3.29567,10.0239,8.78312,3.32445,8.72869,7.3576,0.31683,7.81242,6.39825
1.73199,6.65375,5.81052,10.241,1.84815,1.19701,12.2174,6.6029,3.48922,-1.43732
5.42207,9.24446,-1.53834,4.86424,6.79037,2.7381,1.09471,9.11019,2.64965,0.727747


========================================================
Test10 (ADC Calibration) results 2008-08-15 18:23:22
Board ID404 30 channels
Linux calibration software

Voltmeter channel: A=1.07, B=0

A:
1.09359,1.10034,1.08496,1.09653,1.09605,1.09236,1.0933,1.09805,1.10082,1.10226
1.08683,1.09123,1.10245,1.09624,1.09132,1.09264,1.09786,1.09843,1.09114,1.09729
1.10274,1.10892,1.09085,1.09986,1.09814,1.08795,1.09938,1.10101,1.09529,1.09312


B:
-4.91171,-3.71351,10.0606,8.80201,2.66045,8.46475,6.2852,0.819521,8.17361,5.75843
1.16505,6.01249,5.58322,9.28217,2.43357,1.86709,12.4128,5.52104,3.69894,-1.55042
5.31981,9.42705,-1.27643,4.86752,6.44192,2.29702,0.908041,7.77844,2.48382,0.118942


========================================================
Test10 (ADC Calibration) results 2008-08-27 10:29:53
Board ID404 30 channels
Linux calibration (server mode)

Voltmeter channel: A=1.101, B=0

A:
1.09229,1.09958,1.0883,1.09946,1.09726,1.0953,1.09547,1.09863,1.10386,1.10412
1.08745,1.0933,1.10448,1.09939,1.0925,1.09357,1.10192,1.10033,1.09248,1.09694
1.10472,1.11238,1.09075,1.10178,1.10038,1.08895,1.09994,1.10379,1.09621,1.09342


B:
0,0,0,0,0,0,0,0,0,0
0,0,0,0,0,0,0,0,0,0
0,0,0,0,0,0,0,0,0,0


========================================================
Test10 (ADC Calibration) results 2008-08-27 11:18:31
Board ID404 30 channels
Linux calibration software

Voltmeter channel: A=1.07, B=0

A:
1.09387,1.10072,1.08543,1.09672,1.09653,1.09302,1.09349,1.09843,1.10139,1.10216
1.08673,1.09151,1.10245,1.09615,1.0918,1.09321,1.09833,1.09852,1.09132,1.09767
1.10302,1.10941,1.09132,1.10072,1.09814,1.08841,1.09938,1.1013,1.09577,1.0933


B:
-5.39421,-3.84695,9.41353,8.62797,2.22286,7.42065,6.33001,0.0288958,7.20843,6.28685
1.46932,5.53375,6.46523,9.58852,1.56078,0.906062,11.5392,5.65313,3.08859,-2.12228
4.83554,8.76523,-1.93173,3.63801,6.88146,1.64512,1.12786,7.957,1.38907,-0.0560222


========================================================
Test10 (ADC Calibration) results 2008-08-28 18:57:16
Board ID404 30 channels
Linux calibration (server mode)

Voltmeter channel: A=1.08726, B=0

A:
1.07847,1.08583,1.07463,1.08566,1.08336,1.08165,1.0818,1.08477,1.08997,1.09024
1.07367,1.0796,1.09053,1.08551,1.07873,1.07978,1.088,1.08642,1.0787,1.08321
1.09077,1.09828,1.07694,1.08802,1.0866,1.0753,1.08603,1.0898,1.08247,1.07971


B:
0,0,0,0,0,0,0,0,0,0
0,0,0,0,0,0,0,0,0,0
0,0,0,0,0,0,0,0,0,0


========================================================
Test10 (ADC Calibration) results 2008-08-30 18:22:00
Board ID404 30 channels
Linux calibration (server mode)

Voltmeter channel: A=1.0862, B=0

A:
1.0776,1.08465,1.07363,1.08465,1.08242,1.08053,1.08061,1.08376,1.08888,1.08925
1.07269,1.0785,1.08935,1.0845,1.07767,1.07873,1.08708,1.08561,1.07763,1.08225
1.08978,1.09728,1.07592,1.08688,1.08536,1.07422,1.08509,1.08888,1.08133,1.07875


B:
0,0,0,0,0,0,0,0,0,0
0,0,0,0,0,0,0,0,0,0
0,0,0,0,0,0,0,0,0,0


========================================================
Test10 (ADC Calibration) results 2008-08-30 21:23:31
Board ID404 30 channels
Linux calibration (server mode)

Voltmeter channel: A=1.1172, B=0

A:
1.10829,1.11563,1.10432,1.11559,1.11321,1.1114,1.11159,1.11468,1.11995,1.12034
1.10334,1.10935,1.12055,1.11547,1.10841,1.1095,1.11809,1.11648,1.10841,1.11307
1.12084,1.12853,1.10665,1.1179,1.11641,1.10488,1.11601,1.11988,1.11221,1.10952


B:
0,0,0,0,0,0,0,0,0,0
0,0,0,0,0,0,0,0,0,0
0,0,0,0,0,0,0,0,0,0


========================================================
Test10 (ADC Calibration) results 2008-08-30 21:50:46
Board ID404 30 channels
Linux calibration (server mode)

Voltmeter channel: A=1.08617, B=0

A:
1.07753,1.08469,1.07353,1.08462,1.08234,1.08043,1.08058,1.08363,1.08879,1.0892
1.07259,1.07843,1.08942,1.08438,1.07757,1.0787,1.087,1.08538,1.07763,1.0821
1.08966,1.09709,1.07591,1.0869,1.08539,1.07412,1.08501,1.08869,1.08132,1.07865


B:
0,0,0,0,0,0,0,0,0,0
0,0,0,0,0,0,0,0,0,0
0,0,0,0,0,0,0,0,0,0


========================================================
Test10 (ADC Calibration) results 2008-08-31 12:04:51
Board ID404 30 channels
Linux calibration (server mode)

Voltmeter channel: A=1.08617, B=0

A:
1.07735,1.08462,1.07355,1.0845,1.08219,1.08045,1.08055,1.08349,1.08872,1.08898
1.07256,1.0784,1.0893,1.08437,1.07763,1.07871,1.08693,1.08528,1.0776,1.08212
1.08954,1.09703,1.07584,1.08688,1.08538,1.07399,1.08489,1.08855,1.08125,1.07858


B:
0,0,0,0,0,0,0,0,0,0
0,0,0,0,0,0,0,0,0,0
0,0,0,0,0,0,0,0,0,0


========================================================
Test10 (ADC Calibration) results 2008-08-31 16:13:50
Board ID404 30 channels
Linux calibration (server mode)

Voltmeter channel: A=1.08615, B=0

A:
1.07742,1.08455,1.07371,1.08465,1.08229,1.08055,1.08058,1.08359,1.08877,1.08923
1.07264,1.07856,1.08949,1.0844,1.07763,1.0787,1.08698,1.08541,1.07767,1.08215
1.08967,1.09708,1.07592,1.08693,1.08538,1.07409,1.08506,1.08871,1.08128,1.07863


B:
0,0,0,0,0,0,0,0,0,0
0,0,0,0,0,0,0,0,0,0
0,0,0,0,0,0,0,0,0,0


========================================================
Test10 (ADC Calibration) results 2008-08-31 18:29:23
Board ID404 30 channels
Linux calibration (server mode)

Voltmeter channel: A=1.08624, B=0

A:
1.07748,1.0846,1.07356,1.08462,1.0823,1.08053,1.08061,1.08359,1.08874,1.08925
1.07259,1.07846,1.08942,1.08443,1.0776,1.07868,1.08705,1.08543,1.07763,1.08214
1.08962,1.09718,1.07592,1.08683,1.08539,1.07409,1.08509,1.08862,1.0814,1.0787


B:
0,0,0,0,0,0,0,0,0,0
0,0,0,0,0,0,0,0,0,0
0,0,0,0,0,0,0,0,0,0


========================================================
Test10 (ADC Calibration) results 2008-09-01 15:17:54
Board ID404 30 channels
Linux calibration (server mode)

Voltmeter channel: A=1.0862, B=0

A:
1.07758,1.08474,1.07368,1.08475,1.08242,1.08056,1.08065,1.08376,1.08886,1.08932
1.07272,1.07863,1.08955,1.08448,1.0777,1.07876,1.0871,1.08551,1.07768,1.08229
1.08979,1.09727,1.07599,1.087,1.08553,1.07429,1.08521,1.08888,1.08137,1.07865


B:
0,0,0,0,0,0,0,0,0,0
0,0,0,0,0,0,0,0,0,0
0,0,0,0,0,0,0,0,0,0


========================================================
Test10 (ADC Calibration) results 2009-03-06 09:24:19
Board ID404 30 channels
Host: ufcmshv3
Linux calibration software

Voltmeter channel: A=1.06114, B=8.04816

A:
1.07199,1.06244,1.06882,1.05949,1.0614,1.05751,1.05212,1.05648,1.06209,1.05093
1.05263,1.05485,1.06522,1.06732,1.06479,1.05631,1.05485,1.05528,1.05,1.06357
1.07857,1.05941,1.064,1.06531,1.04881,1.04737,1.05357,1.06313,1.06114,1.06496


B:
-5.0964,-1.02972,11.3459,10.4318,3.98428,9.95684,7.21945,1.20281,9.06874,6.87147
2.94729,6.11839,6.99767,10.1644,3.35829,3.05507,12.6584,6.98108,5.02399,-1.03059
6.42159,9.87708,0.0491584,5.85103,8.24515,4.15724,1.4265,9.79744,3.16722,1.49089


========================================================
Test10 (ADC Calibration) results 2009-03-06 09:59:46
Board ID404 30 channels
Host: ufcmshv3
Linux calibration software

Voltmeter channel: A=1.06114, B=8.47291

A:
1.07181,1.06279,1.06882,1.05984,1.06157,1.05751,1.05169,1.05631,1.06218,1.05051
1.05246,1.0546,1.06514,1.06715,1.06453,1.05657,1.05485,1.05528,1.04991,1.06339
1.07902,1.05949,1.06383,1.0654,1.04906,1.04746,1.05314,1.06357,1.06096,1.06488


B:
-5.14466,-1.99501,11.1322,10.1093,3.39704,9.74539,8.25173,1.78755,8.77532,7.48281
3.31938,6.78196,7.07902,10.5402,3.81563,2.38952,12.4475,7.40294,5.31377,-0.654338
5.57808,9.79604,2.57492e-05,5.76966,7.16583,3.86747,2.25204,8.75419,3.11792,1.35949


