========================================================

Test11 results 09-02-2005  17:16:31
Board ID404  30 channels
HV Tests Software Ver.1.6

+5V 2486 - O'k
-5V 1318 - O'k
Interlock - On
Calibration DAC Range: [2500 - 2900]


A:
Limits 0.76 +/- 0.04
0.747664,0.742115,0.750469,0.743494,0.742115,0.747664,0.746269,0.740741,0.742115,0.738007
0.75188,0.747664,0.738007,0.742115,0.746269,0.746269,0.742115,0.743494,0.747664,0.744879
0.739372,0.733945,0.750469,0.742115,0.740741,0.747664,0.742115,0.739372,0.743494,0.744879


B:
Limits 60.0 +/- 40.0
56.545864,51.404537,52.867996,48.867409,62.831043,46.819485,54.625111,64.433327,46.515564,57.690571
50.26326,51.566494,58.55146,55.626041,56.078838,51.413567,47.808651,51.411556,49.884068,49.993488
56.510281,54.009289,46.444305,67.420166,61.161297,65.693611,55.158779,58.666481,58.359489,60.876068
========================================================
Test11 (DAC Calibration) results 2008-06-03 04:16:48
Board ID404 30 channels
Linux calibration software
Calibration DAC Range: [1100 - 2700]

A:
0.745504,0.741084,0.751385,0.743494,0.743218,0.745921,0.745295,0.741702,0.739782,0.739782
0.749977,0.746617,0.73944,0.74384,0.746617,0.746269,0.742735,0.742459,0.747314,0.74384
0.738825,0.734417,0.746408,0.744048,0.74184,0.748433,0.741633,0.740124,0.744532,0.745295


B:
71.3539,61.0004,55.8748,53.7546,63.2107,57.2029,63.1453,65.4738,58.3873,56.9078
62.7824,60.8585,59.4603,55.6484,62.2025,56.7165,52.7434,61.2992,57.4965,59.3676
63.1326,59.0381,64.4338,65.3273,63.6498,70.0067,64.2346,62.9384,59.1438,64.6359


