========================================================

Test15 results 04-12-2005  11:51:43
Board ID011  8 channels
HV Tests Software Ver.1.6


A:
Limits 1.45 +/- 2.0
1.436782,1.427552,1.43575,1.429593,1.436782,1.432665,1.433692,1.43575


B:
Limits 0.0 +/- 160.0
10.057372,-4.282649,10.050398,-4.288899,-1.436881,8.596001,-11.469488,17.229149
========================================================
Test15 (ADC Calibration) results 2009-03-31 09:45:10
Board ID011 8 channels
Host: ufcmshv3
Linux calibration software

A:
1.45953,1.43789,1.4406,1.41782,1.42108,1.41258,1.43996,1.43726


B:
2.85193,-11.1271,4.83156,-11.7569,-10.1006,7.80175,-17.1909,11.1665


========================================================
Test15 (ADC Calibration) results 2009-03-31 14:58:07
Board ID011 8 channels
Host: ufcmshv3
Linux calibration software

A:
1.43093,1.42653,1.42841,1.41983,1.43805,1.4314,1.45512,1.41798


B:
3.78645,-9.98571,4.68079,-10.9218,-9.8009,7.75169,-16.2525,12.2383


========================================================
Test15 (ADC Calibration) results 2009-03-31 16:31:55
Board ID011 8 channels
Host: ufcmshv3
Linux calibration software

A:
1.43472,1.42685,1.42904,1.42481,1.43853,1.4314,1.45577,1.41798


B:
3.73031,-10.2076,5.10065,-10.1928,-10.4238,8.03795,-16.7078,12.2383


========================================================
Test15 (ADC Calibration) results 2009-03-31 17:53:41
Board ID011 8 channels
Host: ufcmshv3
Linux calibration software

A:
1.4344,1.41689,1.4414,1.42528,1.43789,1.43156,1.44028,1.41767


B:
4.23714,-8.82831,4.27972,-11.0952,-9.40171,7.92872,-16.264,12.737


