========================================================

Test16 results 04-12-2005  11:54:03
Board ID011  8 channels
HV Tests Software Ver.1.6
Calibration DAC Range: [1000 - 2300]


A:
Limits 0.57 +/- 0.1
0.564481,0.565709,0.565709,0.565956,0.564972,0.565217,0.563747,0.56719


B:
Limits 50.0 +/- 60.0
42.075443,42.815918,37.162827,41.841248,39.300735,44.794815,52.287205,32.867813
========================================================
Test16 (ADC Calibration) results 2009-03-31 09:55:30
Board ID011 8 channels
Host: ufcmshv3
Linux calibration software

A:
0.5516,0.5612,0.5596,0.5684,0.5668,0.57,0.5596,0.5608


B:
48.4001,50.7999,47.4,47.5999,51.2,54,60.4,50.1999


========================================================
Test16 (ADC Calibration) results 2009-03-31 15:08:42
Board ID011 8 channels
Host: ufcmshv3
Linux calibration software

A:
0.56,0.5652,0.564,0.5656,0.5608,0.5632,0.554,0.5684


B:
66,53.8001,56,65.4001,54.1999,49.8,62.9999,46.5999


========================================================
Test16 (ADC Calibration) results 2009-03-31 16:39:59
Board ID011 8 channels
Host: ufcmshv3
Linux calibration software

A:
0.5612,0.5656,0.5636,0.566,0.5604,0.5632,0.554,0.5684


B:
50.7999,53.4001,55.4,51.0001,55.6,49.8,62.9999,47.5999


