========================================================

Test10 results 04-12-2006  17:31:25
Board ID007  36 channels
HV Tests Software Ver.1.6

+5V 2505 - O'k
-5V 1323 - O'k
Interlock - On

Voltmeter channel: A=1.073537, B=11.808746

A:
Limits 1.1 +/- 0.1
1.079914,1.084599,1.069519,1.076426,1.076426,1.083424,1.081666,1.078749,1.086366,1.086366,1.079914,1.077006
1.084599,1.081081,1.070664,1.079331,1.077006,1.085776,1.077586,1.078167,1.074691,1.082251,1.089325,1.081081
1.078749,1.079331,1.086366,1.072386,1.081666,1.084011,1.075269,1.077006,1.079331,1.082251,1.085776,1.074114


B:
Limits 0.0 +/- 35.0
8.639275,13.015324,18.181934,11.840678,13.993531,7.583981,7.571701,18.338537,11.950203,9.777472,5.399534,14.000859
10.846127,8.648827,11.777308,23.745325,10.769841,14.115096,18.319088,15.094469,12.896177,9.740297,11.982663,9.729908
21.574783,5.396702,10.863837,8.57921,8.653366,4.336046,13.978319,9.692835,8.634694,9.740297,6.514662,9.667063
========================================================
Test10 (ADC Calibration) results 2008-05-13 16:23:52
Board ID7 36 channels
Linux calibration software

Voltmeter channel: A=1.07302, B=13.2198

A:
1.07976,1.08459,1.07146,1.07809,1.077,1.08334,1.08137,1.08107,1.08651,1.08661,1.07861,1.07805
1.08449,1.08117,1.07053,1.08973,1.07754,1.08646,1.07791,1.07901,1.07499,1.08219,1.09013,1.08117
1.0796,1.07956,1.08766,1.07331,1.08258,1.08308,1.07549,1.07704,1.07845,1.08288,1.08472,1.07351


B:
5.82958,10.553,11.8112,5.05032,10.5164,5.97263,7.32813,12.277,9.35949,7.08407,6.45676,9.4129
9.05079,5.7044,9.72287,10.5068,6.90036,11.3286,14.7136,11.8578,10.1661,7.69686,9.08305,6.90474
18.7178,3.2487,6.71076,5.15907,6.21747,4.48932,10.5718,8.74387,8.50674,6.31308,8.1558,8.50148


