========================================================

Test16 results 07-06-2005  16:06:14
Board ID032  8 channels
HV Tests Software Ver.1.6
Calibration DAC Range: [1000 - 2300]


A:
Limits 0.57 +/- 0.1
0.568679,0.563747,0.570676,0.565217,0.565709,0.564726,0.564972,0.563747


B:
Limits 50.0 +/- 60.0
25.284338,43.397732,17.295885,43.167744,36.346443,40.281418,40.113022,49.852055
========================================================
Test16 (Master DAC Calibration) results 2008-06-09 20:42:51
Board ID32 7 channels
Linux calibration software
Calibration DAC Range: [1000 - 2300]

A:
0.563528,0.566079,0.572107,0.565801,0.565608,0.561099,0.565394,0.562594

B:
45.7275,41.2661,11.4064,36.8773,37.5687,54.9573,37.6095,49.221

