========================================================

Test10 results 10-27-2005  17:07:41
Board ID110  36 channels
HV Tests Software Ver.1.6

+5V 3082 - O'k
-5V 1371 - O'k
Interlock - On

Voltmeter channel: A=1.079914, B=7.559361

A:
Limits 1.1 +/- 0.1
1.072961,1.078167,1.074114,1.074691,1.068376,1.078167,1.080497,1.074691,1.074691,1.073537,1.072386,1.080497
1.069519,1.067806,1.064396,1.072386,1.074691,1.075269,1.082837,1.079914,1.066667,1.070664,1.074691,1.072961
1.070664,1.078749,1.080497,1.066667,1.072961,1.074691,1.070664,1.074691,1.067806,1.068947,1.068947,1.073537


B:
Limits 0.0 +/- 35.0
4.292006,9.703633,13.963518,3.223958,11.752151,9.703633,1.080505,9.672105,8.597414,16.102896,4.289666,9.724482
12.834341,3.20346,21.288109,1.072508,3.223958,5.376168,10.828545,11.879015,8.533125,5.353326,-0.000115,5.364967
5.353326,4.314804,2.161002,9.599792,6.437928,9.672105,9.635981,2.149267,10.6781,11.758456,20.310034,6.441059
========================================================
Test10 (ADC Calibration) results 2007-07-18 11:24:51
Board ID110 36 channels
Linux calibration software

Voltmeter channel: A=1.07956, B=7.04067

A:
1.07222,1.07934,1.0759,1.07372,1.06663,1.07851,1.0788,1.07687,1.0762,1.07466,1.07222,1.08028
1.07081,1.07055,1.05823,1.07125,1.07356,1.07573,1.08399,1.0843,1.06563,1.07159,1.07366,1.07285
1.07366,1.07924,1.08048,1.0662,1.07661,1.07587,1.07205,1.07466,1.06854,1.07028,1.07049,1.07369


B:
2.49054,4.72678,7.61587,0.858052,11.8428,5.03108,0.770208,5.00743,6.67685,11.508,-0.237295,8.40079
6.30162,-0.900281,17.9456,1.65833,1.44627,4.29625,4.75195,6.27094,6.79708,-0.830312,-1.13484,2.81841
2.1496,0.813485,0.0639486,7.72921,1.83712,6.21604,4.70106,1.00663,5.60011,4.9698,16.3645,3.04974


========================================================
Test10 (ADC Calibration) results 2007-07-18 11:55:42
Board ID110 36 channels
Linux calibration software

Voltmeter channel: A=1.07897, B=9.01966

A:
1.07262,1.07934,1.07631,1.07402,1.0666,1.07807,1.07954,1.07717,1.07664,1.0749,1.07232,1.08038
1.07018,1.07025,1.07088,1.07189,1.0742,1.07549,1.08389,1.0843,1.0668,1.07155,1.07356,1.07319
1.07376,1.07944,1.08082,1.0662,1.07651,1.07587,1.07219,1.07382,1.0678,1.07038,1.07049,1.0738


B:
0.903846,4.52683,7.10024,0.274151,11.8854,6.67594,-1.05289,4.42215,5.43477,10.9287,-0.165774,8.2728
8.11593,0.0852937,18.9983,-0.43154,-0.445885,5.67621,5.28044,6.27094,4.22805,0.486899,-0.806521,1.31309
2.22087,-0.121773,-0.453845,7.72921,2.36628,6.41599,4.52632,2.67776,8.01172,4.84123,15.7644,3.32072


========================================================
Test10 (ADC Calibration) results 2007-10-19 15:23:52
Board ID110 36 channels
Linux calibration software

Voltmeter channel: A=1.0797, B=6.59073

A:
1.07326,1.08028,1.07577,1.07358,1.06724,1.07837,1.08024,1.07673,1.07631,1.075,1.07242,1.08064
1.07121,1.06974,1.06974,1.07179,1.07426,1.07623,1.08339,1.0844,1.06627,1.07105,1.07386,1.07279
1.07396,1.07914,1.07978,1.067,1.07627,1.07587,1.07165,1.07446,1.06824,1.07018,1.0721,1.07426


B:
-0.841367,3.32051,7.86919,1.30687,9.34035,5.08915,-3.06621,7.33891,5.94763,11.1501,-0.221641,5.93947
6.0603,0.797272,20.7275,-1.10281,-1.05258,3.73203,5.60778,5.94262,4.98178,0.528534,-2.99144,1.82713
1.5632,0.34176,1.04202,4.70749,2.34964,6.69219,4.41547,0.663065,6.65423,4.49867,4.50026,1.7989


========================================================
Test10 (ADC Calibration) results 2008-06-17 15:59:19
Board ID110 36 channels
Linux calibration software

Voltmeter channel: A=1.07, B=0

A:
1.08972,1.09608,1.09235,1.09135,1.08459,1.09581,1.09673,1.09508,1.04973,1.0918,1.08927,1.09829
1.08638,1.0889,1.088,1.08881,1.09053,1.09398,1.10133,1.10308,1.08289,1.08764,1.09089,1.08954
1.09207,1.09572,1.09691,1.08271,1.09737,1.08441,1.08872,1.09189,1.08521,1.08728,1.08396,1.09171


B:
1.83256,4.69794,8.57083,-0.333407,9.62562,4.95026,-1.81331,6.93639,49.3992,13.2201,0.726004,6.41006
8.40122,0.844428,16.6963,-0.378646,1.51326,4.22182,3.84681,5.98797,6.86478,1.36424,-2.53135,3.74338
0.30337,1.09001,2.18556,7.89656,3.30013,15.43,5.58448,0.689807,7.52593,5.39541,15.8414,3.25974


========================================================
Test10 (ADC Calibration) results 2008-06-20 09:39:40
Board ID110 36 channels
Linux calibration software

Voltmeter channel: A=1.07, B=0

A:
1.09026,1.09636,1.09271,1.09117,1.08485,1.0959,1.09663,1.0949,1.08638,1.09207,1.08954,1.09865
1.08674,1.0889,1.08809,1.08899,1.09135,1.09408,1.1016,1.10299,1.08253,1.088,1.09062,1.08981
1.09216,1.09572,1.09718,1.0828,1.09737,1.07641,1.08872,1.09207,1.0853,1.08755,1.08307,1.09216


B:
1.11094,4.00751,8.01811,0.0528886,9.16016,5.08538,-1.07065,6.22773,14.9195,12.3162,0.256914,6.29346
6.98232,0.408707,16.6139,-0.546787,0.102894,3.48099,3.81357,5.85186,7.19631,1.02936,-1.18777,3.49235
-0.654615,1.09001,1.71303,8.03047,2.6416,22.1374,5.36652,0.521731,7.00915,4.92823,16.2301,1.96634


========================================================
Test10 (ADC Calibration) results 2008-06-20 18:11:17
Board ID110 36 channels
Linux calibration software

Voltmeter channel: A=1.07, B=0

A:
1.08981,1.09627,1.09244,1.0908,1.08441,1.0959,1.09682,1.0938,1.07702,1.09189,1.08917,1.09865
1.08611,1.08872,1.088,1.08881,1.09108,1.09371,1.1016,1.10271,1.08298,1.08746,1.09089,1.08981
1.09153,1.09544,1.097,1.0828,1.09682,1.08012,1.08872,1.09171,1.08548,1.08728,1.08244,1.09189


B:
1.74855,3.87178,7.83215,1.04341,9.7911,4.86625,-1.89785,6.79575,23.7229,12.7006,1.24592,5.85371
7.34707,0.576245,16.9143,-0.161069,0.573108,4.25501,3.1525,5.22322,6.13204,1.74907,-2.31322,3.05614
0.371103,0.904629,2.10093,8.03047,3.14722,18.9332,5.36652,0.858158,6.40892,5.39541,15.9385,2.65527


========================================================
Test10 (ADC Calibration) results 2008-06-20 19:16:04
Board ID110 36 channels
Linux calibration software

Voltmeter channel: A=1.07, B=0

A:
1.08972,1.09618,1.09244,1.09117,1.08441,1.09599,1.09691,1.09426,1.08012,1.09207,1.08954,1.09838
1.08575,1.08881,1.08809,1.0889,1.09108,1.09398,1.10123,1.10271,1.08289,1.08809,1.09071,1.08926
1.09144,1.09544,1.09691,1.08298,1.09718,1.07915,1.08863,1.09198,1.08548,1.0871,1.08208,1.09162


B:
2.05045,4.61404,8.05058,0.271069,9.7911,5.00142,-1.54382,6.37706,21.0934,12.7529,0.69249,6.54526
8.54813,0.492458,16.8315,-0.462602,0.354946,3.78394,4.15167,5.22322,6.43147,0.727705,-1.92626,4.4298
0.891932,1.3431,2.40516,7.64796,3.0296,20.2626,5.23227,0.386812,6.84287,5.99721,16.916,3.56177


========================================================
Test10 (ADC Calibration) results 2008-06-20 19:41:12
Board ID110 36 channels
Linux calibration software

Voltmeter channel: A=1.07, B=0

A:
1.08972,1.09627,1.09235,1.09126,1.08468,1.0959,1.09636,1.09417,1.0862,1.09189,1.08926,1.09819
1.0862,1.0889,1.088,1.08863,1.09126,1.09362,1.1016,1.10271,1.08253,1.08782,1.09108,1.08954
1.09162,1.09554,1.09709,1.08289,1.09691,1.07871,1.08881,1.09216,1.08566,1.08728,1.08235,1.0918


B:
1.83256,4.52965,8.134,0.18683,9.10857,5.3049,-0.816756,6.89849,15.3018,13.1373,1.162,6.49438
7.26379,0.408707,16.9143,0.224854,0.404897,4.33867,3.37264,5.6642,7.19631,1.41437,-2.70012,3.74338
0.286916,0.820106,2.01724,7.51436,3.50207,20.6697,5.06542,0.218772,6.67687,5.39541,16.2372,2.73913


========================================================
Test10 (ADC Calibration) results 2008-06-20 20:46:33
Board ID110 36 channels
Linux calibration software

Voltmeter channel: A=1.07, B=0

A:
1.08999,1.09663,1.09253,1.09153,1.08485,1.0959,1.097,1.09417,1.07447,1.09162,1.08945,1.09902
1.08602,1.08908,1.08809,1.08881,1.09089,1.0938,1.10086,1.10281,1.08271,1.088,1.09098,1.08972
1.09162,1.09544,1.09691,1.08298,1.09746,1.07826,1.0889,1.09171,1.08584,1.08737,1.08217,1.09153


B:
1.14516,3.53555,7.9668,-0.284051,8.94324,5.3049,-2.28708,6.89849,26.0678,13.3864,0.776446,5.29702
7.86429,0.240782,16.8315,-0.161069,0.741332,4.17034,5.1502,5.57999,6.59736,1.02936,-2.39741,3.57581
0.505583,1.3431,2.62449,7.64796,2.33751,20.8615,4.76432,1.29461,6.07598,5.31213,16.8344,3.42744


