========================================================

Test11 results 10-27-2005  17:17:52
Board ID110  36 channels
HV Tests Software Ver.1.6

+5V 3082 - O'k
-5V 1371 - O'k
Interlock - On
Calibration DAC Range: [2500 - 2900]


A:
Limits 0.76 +/- 0.04
0.75188,0.743494,0.744879,0.746269,0.749064,0.743494,0.740741,0.746269,0.747664,0.749064,0.749064,0.742115
0.749064,0.750469,0.753296,0.749064,0.749064,0.747664,0.740741,0.742115,0.754717,0.749064,0.749064,0.747664
0.750469,0.743494,0.743494,0.75188,0.749064,0.747664,0.747664,0.750469,0.750469,0.750469,0.75188,0.750469


B:
Limits 60.0 +/- 40.0
52.935955,67.983894,66.978401,72.921082,71.804405,63.171692,83.504501,66.505104,59.521004,54.925056,66.009041,67.199669
66.550354,73.714401,47.691959,65.921989,60.638313,64.422615,61.497669,67.199669,54.833572,69.758385,65.465897,67.551636
60.344105,70.467957,66.683319,70.526382,60.470066,60.405205,68.729897,60.147877,67.300049,63.467823,51.70277,54.421333
========================================================
Test11 (DAC Calibration) results 2007-07-18 11:24:51
Board ID110 36 channels
Linux calibration software
Calibration DAC Range: [1100 - 2700]

A:
0.748363,0.743425,0.746547,0.747314,0.752658,0.74474,0.743425,0.745504,0.746338,0.747035,0.748363,0.743149
0.749344,0.749906,0.759013,0.749415,0.747803,0.745921,0.740604,0.740398,0.753367,0.749555,0.747733,0.748293
0.747733,0.743494,0.743011,0.752587,0.74606,0.746199,0.748853,0.747035,0.751315,0.750469,0.751456,0.748083


B:
70.2526,70.2072,63.7925,74.6847,65.0954,63.3215,79.2769,68.6704,62.8881,64.6092,73.0964,67.7659
69.8013,73.0784,56.6602,69.5551,71.322,72.1213,65.6729,69.3659,64.8743,72.51,74.8575,71.0971
66.7819,74.7211,73.1588,72.7187,67.304,66.9623,68.0802,75.6653,67.3931,67.3546,55.6265,67.1964


========================================================
Test11 (DAC Calibration) results 2007-07-18 11:55:42
Board ID110 36 channels
Linux calibration software
Calibration DAC Range: [1100 - 2700]

A:
0.748083,0.743425,0.746269,0.747105,0.752304,0.744671,0.743287,0.745295,0.746408,0.747245,0.748293,0.74308
0.749415,0.750117,0.750047,0.749344,0.747733,0.745712,0.740672,0.740398,0.753296,0.749204,0.747803,0.748433
0.747664,0.743356,0.743149,0.752587,0.74613,0.746199,0.749134,0.747245,0.751456,0.750399,0.751456,0.748013


B:
70.6378,70.3558,64.1792,75.1214,65.5822,63.418,79.3181,69.1076,62.4931,63.7213,73.043,67.8618
68.9555,72.3395,56.8347,69.8013,71.4178,72.4088,65.281,69.3659,64.9718,72.8415,74.6122,70.9048
66.729,74.6142,72.2248,72.7187,66.909,66.8131,67.6935,74.9299,66.8983,67.4513,56.0774,66.994


========================================================
Test11 (DAC Calibration) results 2007-10-19 15:23:52
Board ID110 36 channels
Linux calibration software
Calibration DAC Range: [1100 - 2700]

A:
0.748013,0.743149,0.746269,0.747035,0.752233,0.744463,0.742804,0.745226,0.746269,0.747175,0.748223,0.742528
0.749064,0.750469,0.750469,0.749415,0.747314,0.745573,0.741015,0.740329,0.753296,0.749555,0.747594,0.748713
0.747524,0.743564,0.743494,0.752021,0.745921,0.746199,0.749134,0.747175,0.751527,0.75054,0.750328,0.747314


B:
72.23,70.7385,64.9255,75.6653,67.7856,64.6007,81.6155,69.0545,63.4329,65.1629,73.8869,70.1132
70.7865,72.6079,56.8481,70.3045,73.1901,73.3457,65.8394,69.6095,65.7251,72.81,76.2453,70.5195
67.221,75.0718,73.2341,74.9954,68.2426,67.4097,68.2929,75.9221,67.4025,67.7078,64.5469,69.4535


========================================================
Test11 (ADC Calibration) results 2008-06-17 18:39:44
Board ID110 36 channels
Linux calibration software

Calibration DAC Range: [1000 - 3500]

A:
0.7364,0.732,0.7352,0.7352,0.7404,0.7324,0.7312,0.7324,0.7652,0.7352,0.7364,0.7308
0.7384,0.7372,0.738,0.7372,0.7364,0.7332,0.7288,0.7276,0.7412,0.738,0.7352,0.7372
0.7348,0.732,0.732,0.7408,0.7312,0.74,0.7372,0.7348,0.74,0.7384,0.742,0.7356


B:
69.6,70,62.8,74.8,65.5999,64.6,80.8001,68.6,29.7999,62.8,72.6,69.2001
67.6001,71.7999,59.0001,70.7999,70.6,72.7999,66.2,69.4001,64.8001,72.0001,76.8,68.7999
68.2001,74,70,73.1999,67.8001,61,67.7999,76.2001,65,67.6001,56.0001,67.4


========================================================
Test11 (ADC Calibration) results 2008-06-20 21:08:00
Board ID110 36 channels
Linux calibration software

Calibration DAC Range: [1000 - 3500]

A:
0.7364,0.732,0.7344,0.7348,0.7404,0.7324,0.7316,0.7336,0.748,0.7352,0.736,0.73
0.7388,0.7368,0.7376,0.7376,0.7356,0.7336,0.7292,0.7276,0.7416,0.738,0.7356,0.7372
0.7356,0.732,0.732,0.7404,0.7316,0.744,0.7368,0.7352,0.7392,0.7384,0.7436,0.7352


B:
69.6,70,64.6001,75.2001,65.5999,63.6,79.4,67.3999,46.9999,62.8,73,69.9999
68.2,73.2,59.3999,69.3999,71.4,72.3999,64.8,70.4001,64.4001,72.0001,75.4,68.7999
66.4,74,70,73.5999,67.4,56.9999,68.2,74.8,66.8,66.6001,54.4,67.8


========================================================
Test11 (ADC Calibration) results 2008-07-06 15:03:51
Board ID110 36 channels
Linux calibration software

Calibration DAC Range: [1000 - 3500]

A:
0.7364,0.732,0.7344,0.7348,0.74,0.7324,0.7312,0.7336,0.7476,0.7352,0.7356,0.73
0.7388,0.7368,0.7376,0.7376,0.7352,0.7332,0.7292,0.728,0.7416,0.7376,0.7356,0.7368
0.7352,0.7324,0.7312,0.7404,0.7312,0.744,0.7372,0.7352,0.7392,0.738,0.7436,0.7356


B:
69.6,70,64.6001,75.2001,67,63.6,80.8001,67.3999,47.3999,62.8,74.4,70.9999
68.2,72.2,59.3999,69.3999,72.8,72.7999,64.8,69.0001,64.4001,72.3999,75.4,69.2
67.8,72.6,71.8001,73.5999,67.8001,56.9999,67.7999,74.8,66.8,68.0001,54.4,67.4


========================================================
Test11 (ADC Calibration) results 2008-07-06 15:42:49
Board ID110 36 channels
Linux calibration software

Calibration DAC Range: [1000 - 3500]

A:
0.736,0.7316,0.7344,0.7348,0.74,0.732,0.7312,0.734,0.7336,0.7348,0.736,0.7304
0.7384,0.7368,0.7376,0.7376,0.7356,0.7332,0.7288,0.7276,0.7412,0.738,0.7356,0.736
0.7352,0.7324,0.7316,0.7404,0.7316,0.746,0.7368,0.7348,0.7392,0.738,0.7432,0.7352


B:
71,70.4,64.6001,76.2001,66,65,80.8001,67.9999,61.3999,64.2001,73,69.5999
69.6001,72.2,59.3999,69.3999,71.4,72.7999,65.2,71.4001,64.8001,72.0001,75.4,71
67.8,72.6,70.4,73.5999,67.4,55,68.2,76.2001,66.8,68.0001,55.8,67.8


========================================================
Test11 (ADC Calibration) results 2008-07-16 22:38:23
Board ID110 36 channels
Linux calibration software

Calibration DAC Range: [1000 - 3500]

A:
0.7356,0.7316,0.7344,0.7348,0.7392,0.7324,0.7308,0.734,0.7328,0.734,0.7356,0.73
0.738,0.7364,0.7372,0.7368,0.7356,0.7328,0.7284,0.7428,0.7412,0.7376,0.7352,0.736
0.7348,0.732,0.7308,0.74,0.732,0.7336,0.7368,0.7344,0.7392,0.7376,0.7432,0.7348


B:
70.4,70.4,63.6001,75.2001,67.8,63.6,81.2001,67.9999,62.2,64.9999,73.4,69.9999
69.0001,72.6,59.7999,70.2,71.4,73.2,65.6,55.2,64.8001,71.3999,75.8,71
68.2001,74,72.2001,74,67,66.3999,68.2,76.6001,66.8,68.3999,55.8,68.2001


