========================================================

Test10 results 03-29-2005  15:15:28
Board ID031  36 channels
HV Tests Software Ver.1.6

+5V 2513 - O'k
-5V 1382 - O'k
Interlock - On

Voltmeter channel: A=1.081666, B=8.653366

A:
Limits 1.1 +/- 0.1
1.074691,1.078749,1.075847,1.072961,1.083424,1.070091,1.074114,1.072386,1.077006,1.068947,1.074691,1.089325
1.072961,1.074691,1.081081,1.077586,1.076426,1.077586,1.084011,1.074691,1.084011,1.084011,1.075847,1.076426
1.078167,1.070664,1.070664,1.067236,1.071237,1.074114,1.068947,1.078749,1.067236,1.069519,1.074114,1.074691


B:
Limits 0.0 +/- 30.0
10.746796,4.314804,4.303246,12.875696,7.583981,12.8409,13.963518,4.289666,12.923853,3.20688,11.821486,11.982663
12.875696,13.970869,0.000179,9.698398,9.687826,7.543225,7.588078,11.821486,1.084013,2.384186e-006,5.379094,7.534973
9.703633,5.353326,8.565317,10.672477,11.783437,9.667063,12.827404,7.55105,9.605241,10.695304,7.518835,11.821486
========================================================
Test10 (ADC Calibration) results 2008-01-23 08:01:42
Board ID31 36 channels
Linux calibration software

Voltmeter channel: A=1.07954, B=15.2073

A:
1.07437,1.07839,1.07491,1.07474,1.08227,1.07035,1.07461,1.07233,1.07789,1.06867,1.07491,1.09262
1.07443,1.07477,1.08175,1.07709,1.07831,1.07779,1.08382,1.07598,1.08487,1.08322,1.07437,1.06261
1.07739,1.07035,1.07075,1.0673,1.07246,1.07343,1.06861,1.08356,1.06754,1.07226,1.07408,1.07461


B:
8.58105,1.42328,3.51314,7.41216,6.52947,10.6685,9.90178,2.35107,6.98997,-0.497541,7.43823,5.45075
7.50017,10.7903,-1.62059,7.89952,6.60248,4.11903,6.54379,11.1177,-0.853779,-1.79948,5.35793,18.4675
9.78982,3.52777,5.08131,6.65056,6.74093,7.78876,10.3181,4.45899,9.67907,4.63318,5.27691,6.40002


