========================================================

Test11 results 03-29-2005  15:19:46
Board ID031  36 channels
HV Tests Software Ver.1.6

+5V 2512 - O'k
-5V 1382 - O'k
Interlock - On
Calibration DAC Range: [2500 - 2900]


A:
Limits 0.76 +/- 0.04
0.747664,0.746269,0.749064,0.749064,0.743494,0.75188,0.747664,0.749064,0.746269,0.750469,0.749064,0.736648
0.747664,0.749064,0.743494,0.749064,0.749064,0.746269,0.740741,0.744879,0.743494,0.744879,0.749064,0.746269
0.747664,0.75188,0.750469,0.754717,0.75188,0.749064,0.75188,0.746269,0.753296,0.753296,0.75188,0.75188


B:
Limits 60.0 +/- 30.0
61.045536,59.753883,54.363441,59.75008,56.516361,54.288273,55.584087,66.724823,57.340172,73.09951,50.415131,65.13002
62.733257,51.141701,61.129803,49.037884,52.106739,59.753883,64.77874,70.100128,58.932903,58.484489,55.169014,63.456623
54.444889,56.70343,60.43095,53.592785,49.710732,56.697681,61.352566,55.882797,57.162594,55.201008,63.693378,45.1185
========================================================
Test11 (DAC Calibration) results 2008-01-23 08:01:42
Board ID31 36 channels
Linux calibration software
Calibration DAC Range: [1100 - 2700]

A:
0.748363,0.745573,0.748363,0.747733,0.742528,0.751174,0.748573,0.749415,0.745921,0.751597,0.748363,0.735497
0.747943,0.748083,0.743633,0.746478,0.744879,0.74599,0.74184,0.747244,0.741496,0.742253,0.748363,0.756644
0.746269,0.751174,0.750892,0.752941,0.749695,0.748643,0.752021,0.742391,0.753154,0.749836,0.752729,0.748573


B:
62.0206,67.3812,61.2722,66.6324,64.9155,59.6243,56.4892,68.8057,62.4243,74.6713,57.5304,67.3623
63.3508,59.5662,61.8889,62.5454,65.3632,64.5655,64.3916,60.1347,66.9478,71.3861,62.0206,54.4689
61.9404,63.3802,63.0185,63.9529,60.1723,63.1293,65.2191,61.3957,57.9363,66.5761,64.3958,62.3281


========================================================
Test11 (ADC Calibration) results 2008-06-19 12:56:33
Board ID031 36 channels
Linux calibration software

Calibration DAC Range: [1000 - 3500]

A:
0.7364,0.734,0.7368,0.736,0.73,0.7396,0.7368,0.7376,0.7344,0.74,0.7364,0.7236
0.736,0.7364,0.7316,0.7344,0.7328,0.7344,0.73,0.7496,0.7304,0.7308,0.7368,0.7616
0.7344,0.7396,0.7392,0.7412,0.7384,0.7368,0.74,0.73,0.7412,0.7384,0.7412,0.7364


B:
62.6,67.9999,61.1999,68,66.9999,60.4,57.1999,69.3999,62.6001,75,57.6,68.4001
65,60.6,62.4,63.6001,66.2,64.6001,65.9999,49.4,66.5999,72.2001,63.1999,44.3999
63.6001,63.4,63.8,64.8001,59.6001,64.2,67,63.9999,58.8001,65.6001,64.8001,63.6


========================================================
Test11 (ADC Calibration) results 2008-07-17 10:58:43
Board ID031 36 channels
Linux calibration software

Calibration DAC Range: [1000 - 3500]

A:
0.736,0.7332,0.7364,0.7352,0.7304,0.7392,0.736,0.7372,0.7336,0.74,0.7364,0.7232
0.7356,0.736,0.7312,0.7336,0.7324,0.7336,0.7296,0.752,0.7296,0.73,0.736,0.7712
0.734,0.7392,0.7392,0.7408,0.7384,0.7364,0.7396,0.73,0.7404,0.7384,0.7412,0.7356


B:
63,68.7999,61.6,68.8,65.5999,60.8,58,69.7999,64.3999,74,57.6,68.7999
66.4,61,62.8001,65.3999,65.6,66.3999,66.4,53.0001,67.4,73.9999,64,35.8
63.9999,63.8,62.8,65.1999,59.6001,64.6,67.4,62.9999,59.5999,64.6001,63.8001,64.4


