========================================================

Test10 results 08-19-2005  14:01:25
Board ID052  36 channels
HV Tests Software Ver.1.6

+5V 3045 - O'k
-5V 1369 - O'k
Interlock - On

Voltmeter channel: A=1.070664, B=8.565317

A:
Limits 1.1 +/- 0.1
1.077006,1.072961,1.074114,1.072961,1.075847,1.074114,1.084599,1.077586,1.077006,1.072961,1.072386,1.071237
1.076426,1.074691,1.076426,1.062699,1.064963,1.080497,1.075847,1.081666,1.079331,1.077586,1.072386,1.082837
1.075847,1.077006,1.084011,1.077586,1.072386,1.075269,1.072961,1.074114,1.084599,1.070664,1.084599,1.077006


B:
Limits 0.0 +/- 30.0
14.000859,9.656813,13.963518,13.948658,15.061719,13.963518,18.438318,14.008742,19.385889,9.656813,16.085913,10.712199
10.764252,21.493706,16.146383,11.689907,13.844446,11.885475,19.365108,11.898364,11.872686,15.086329,19.30307,22.739752
17.213413,15.077866,10.840111,17.241501,7.506824,11.827781,10.729774,13.963518,17.353718,12.847973,15.184522,14.000859
========================================================
Test10 (ADC Calibration) results 2008-01-23 07:32:38
Board ID52 36 channels
Linux calibration software

Voltmeter channel: A=1.06878, B=8.01581

A:
1.07658,1.07338,1.07428,1.07318,1.07455,1.07384,1.08531,1.07764,1.07642,1.0723,1.07294,1.06958
1.07584,1.07531,1.07632,1.05953,1.06489,1.07974,1.07461,1.08095,1.07837,1.07692,1.07143,1.08317
1.07565,1.07746,1.08398,1.07696,1.07169,1.07568,1.0728,1.07274,1.0841,1.07116,1.08635,1.07562


B:
9.18655,3.57081,8.61495,7.55491,12.7285,9.12374,14.1129,9.57157,14.9462,6.25417,9.07752,9.82969
7.90902,13.8236,9.69218,10.2215,7.39595,8.0509,18.2953,8.19942,8.72135,12.1537,16.143,15.7012
13.7682,9.15483,6.10409,13.7968,4.66136,8.58558,6.5251,14.9699,13.1029,5.77455,11.1386,10.4166


========================================================
Test10 (ADC Calibration) results 2008-06-19 12:08:44
Board ID052 36 channels
Linux calibration software

Voltmeter channel: A=1.07, B=0

A:
1.09392,1.09029,1.09074,1.08957,1.09256,1.09011,1.10217,1.0941,1.09374,1.08894,1.08948,1.08669
1.09292,1.09156,1.09374,1.06728,1.08079,1.09693,1.0921,1.09803,1.0951,1.09356,1.08822,1.10014
1.09228,1.09356,1.10106,1.09301,1.08678,1.07752,1.08939,1.08984,1.10069,1.08786,1.10513,1.09292


B:
9.40792,3.78915,9.26178,8.59729,10.6565,10.9331,15.2991,9.24101,14.6055,7.21788,9.98762,9.50943
6.60769,15.9356,10.0118,14.3706,10.6186,8.18629,16.7504,8.49928,9.85654,12.3655,15.7175,16.0317
14.182,11.4906,6.16965,15.9243,6.8182,16.8841,7.67395,13.3615,13.9906,6.69164,11.074,10.9794


