========================================================

Test11 results 08-19-2005  14:02:52
Board ID052  36 channels
HV Tests Software Ver.1.6

+5V 3045 - O'k
-5V 1369 - O'k
Interlock - On
Calibration DAC Range: [2500 - 2900]


A:
Limits 0.76 +/- 0.04
0.747664,0.750469,0.749064,0.75188,0.749064,0.75188,0.743494,0.746269,0.747664,0.75188,0.750469,0.750469
0.749064,0.749064,0.750469,0.756144,0.759013,0.744879,0.749064,0.746269,0.747664,0.746269,0.75188,0.743494
0.750469,0.747664,0.740741,0.749064,0.753296,0.749064,0.750469,0.753296,0.742115,0.75188,0.743494,0.747664


B:
Limits 60.0 +/- 40.0
63.951496,64.984337,64.747742,57.055691,56.862087,56.336853,57.321938,64.42025,61.535828,64.224251,62.477882,71.679924
65.007607,55.974403,52.501556,71.492233,53.801136,71.070511,57.585365,61.031067,57.022465,66.190636,58.491165,62.081318
55.395699,60.73048,80.846809,53.799999,58.791668,62.417889,65.700356,46.766525,65.15287,68.067535,65.377129,65.309921
========================================================
Test11 (DAC Calibration) results 2008-01-23 07:32:38
Board ID52 36 channels
Linux calibration software
Calibration DAC Range: [1100 - 2700]

A:
0.746826,0.750188,0.749555,0.750328,0.748994,0.749485,0.741565,0.747594,0.747314,0.750188,0.750117,0.752092
0.746965,0.748083,0.747384,0.759229,0.755786,0.745018,0.748573,0.744186,0.746338,0.746965,0.751174,0.741909
0.748223,0.746965,0.741359,0.747314,0.75061,0.747454,0.749836,0.750258,0.742391,0.75061,0.741977,0.747873


B:
70.4255,69.8426,66.064,66.0476,61.8949,67.8097,64.1823,63.237,67.2116,74.4937,67.8388,70.9882
75.9103,62.4089,67.1152,68.2072,69.8631,75.6008,63.0767,72.2791,65.7244,67.6937,64.1314,70.9728
65.9558,66.1998,82.1146,62.7277,71.6646,69.2611,71.0751,59.3924,67.3348,76.1683,68.0578,68.9819


