========================================================

Test10 results 03-27-2006  17:23:10
Board ID384  30 channels
HV Tests Software Ver.1.6

+5V 2482 - O'k
-5V 1316 - O'k
Interlock - On

Voltmeter channel: A=1.078167, B=8.625466

A:
Limits 1.1 +/- 0.1
1.084599,1.082251,1.085187,1.081666,1.076426,1.078167,1.074114,1.077586,1.075847,1.081081
1.086366,1.074691,1.086957,1.079331,1.074691,1.077006,1.080497,1.084599,1.086366,1.080497
1.079331,1.076426,1.077006,1.093494,1.083424,1.075847,1.081666,1.080497,1.078167,1.089325


B:
Limits 0.0 +/- 35.0
4.338535,7.575796,6.511116,7.571701,12.917105,10.781801,4.296494,11.85357,8.606635,10.810989
7.604739,7.522722,8.695728,9.714025,13.970869,7.538823,7.563487,8.676929,11.950203,8.643984
11.872686,11.840678,7.538823,8.747995,9.750828,7.530788,5.408369,12.965973,9.703633,8.714689
========================================================
Test10 (ADC Calibration) results 2007-06-14 20:50:44
Board ID384 30 channels
Linux calibration software

Voltmeter channel: A=1.09066, B=-14.6181

A:
1.09624,1.0941,1.09679,1.09405,1.08778,1.09081,1.08509,1.09067,1.08852,1.09525
1.09928,1.08743,1.10102,1.09206,1.08852,1.08987,1.09306,1.09784,1.09988,1.09271
1.09181,1.08962,1.08977,1.10556,1.09684,1.08813,1.09301,1.09545,1.09256,1.10197


B:
-11.6109,-6.45084,-7.13726,-7.18158,-3.9506,-7.07546,-7.25745,-4.70345,-6.20939,-6.23871
-8.56524,-8.56736,-7.12439,-6.60212,-5.71739,-8.94596,-7.68762,-7.3954,-4.54656,-6.8376
-4.08928,-7.04066,-8.42209,-9.06199,-8.29518,-7.48942,-7.62314,-6.69627,-7.64141,-6.56942



========================================================
Test10 (ADC Calibration) results 2007-07-17 18:27:48
Board ID384 30 channels
Linux calibration software

Voltmeter channel: A=1.07257, B=-1459.75

A:
1.08358,1.08281,1.08477,1.08311,1.07839,1.07819,1.0738,1.08096,1.07744,1.08365
1.08702,1.07495,1.08933,1.0801,1.07677,1.07692,1.08081,1.08475,1.08889,1.08045
1.08058,1.0782,1.07765,1.09499,1.08466,1.07697,1.08028,1.08408,1.0798,1.09064


B:
6.28513,5.44801,4.22074,2.28702,5.48226,7.34409,3.42602,6.23981,4.71031,6.27298
3.19246,5.93554,5.00828,6.14957,6.46108,5.5383,6.31531,7.93068,5.86668,6.21205
6.64874,4.89304,4.72669,4.54328,4.92935,3.3224,6.12128,6.11144,7.8202,4.32919


========================================================
Test10 (ADC Calibration) results 2007-07-17 18:38:26
Board ID384 30 channels
Linux calibration software

Voltmeter channel: A=1.07292, B=-1464.39

A:
1.0848,1.08206,1.08503,1.08233,1.07875,1.07841,1.07349,1.08084,1.078,1.08282
1.08683,1.07503,1.08931,1.08018,1.07583,1.07819,1.08059,1.0854,1.08909,1.08084
1.08027,1.07846,1.07887,1.09438,1.08578,1.07685,1.08073,1.08452,1.0798,1.08998


B:
3.81932,6.81787,3.89161,3.69674,5.0188,6.66022,4.89796,6.38813,3.98403,8.83364
3.63985,5.83831,5.42962,6.24399,8.54539,2.826,6.79248,6.20407,4.80133,5.30728
7.44566,4.55394,2.34644,6.0314,2.2007,3.47495,5.25498,5.54875,7.82483,6.4724


========================================================
Test10 (ADC Calibration) results 2007-07-18 08:59:56
Board ID384 30 channels
Linux calibration software

Voltmeter channel: A=1.07332, B=-1471.2

A:
1.08408,1.08184,1.08458,1.08208,1.07878,1.07848,1.07357,1.08018,1.07782,1.08274
1.08729,1.07548,1.08919,1.08038,1.07554,1.07714,1.08048,1.08559,1.08849,1.08038
1.08008,1.07808,1.07932,1.09336,1.08458,1.07628,1.08142,1.08413,1.07968,1.09009


B:
5.02719,6.69756,4.46293,3.62178,4.78155,6.57045,4.79574,7.24684,4.22724,8.53264
2.45063,3.25938,5.1889,5.58754,8.32956,5.25987,6.53911,5.16664,5.58453,6.98769
7.29645,5.0452,1.36146,7.33875,4.6321,4.22243,3.95809,6.05644,6.69473,6.33351


