========================================================

Test11 results 03-27-2006  17:25:49
Board ID384  30 channels
HV Tests Software Ver.1.6

+5V 2482 - O'k
-5V 1316 - O'k
Interlock - On
Calibration DAC Range: [2500 - 2900]


A:
Limits 0.76 +/- 0.04
0.736648,0.739372,0.738007,0.742115,0.742115,0.742115,0.746269,0.743494,0.746269,0.740741
0.736648,0.744879,0.735294,0.740741,0.744879,0.743494,0.739372,0.735294,0.736648,0.742115
0.740741,0.742115,0.743494,0.736648,0.740741,0.742115,0.739372,0.740741,0.742115,0.735294


B:
Limits 60.0 +/- 40.0
62.806236,58.478027,55.287903,49.476055,57.891342,54.892078,56.652386,52.608479,49.004955,53.890972
58.24229,56.571739,61.180977,59.493546,52.711315,55.743282,63.879448,65.630615,55.096428,52.55431
56.292049,60.359924,56.544136,54.902554,49.392094,63.347225,62.347092,53.153305,56.426678,53.338497
========================================================
Test11 (DAC Calibration) results 2007-06-14 20:50:44
Board ID384 30 channels
Linux calibration software
Calibration DAC Range: [1100 - 2700]

A:
0.730131,0.731559,0.729766,0.731959,0.736181,0.734131,0.737633,0.733863,0.735676,0.73116
0.728477,0.736417,0.726962,0.732926,0.735676,0.734768,0.732626,0.729435,0.727719,0.732859
0.733093,0.734567,0.734466,0.727982,0.730098,0.735575,0.732292,0.731393,0.73296,0.726338


B:
71.1589,71.4024,71.0915,69.8212,68.2738,69.7588,72.0367,70.135,69.9332,69.9267
71.6048,70.8738,71.8625,71.5223,70.3723,72.7394,71.7981,70.7598,70.7924,70.3765
68.8809,72.6555,72.8692,70.782,72.2224,71.3918,71.4651,68.9439,71.767,69.8541


