========================================================

Test11 results 09-25-2006  17:27:35
Board ID032  36 channels
HV Tests Software Ver.1.6.8

+5V 2553 - O'k
-5V 1313 - O'k
Interlock - On
Calibration DAC Range: [2500 - 2900]
Number of Samples: 400

A:
Limits 0.76 +/- 0.04
0.753296,0.750469,0.757576,0.747664,0.749064,0.749064,0.750469,0.75188,0.75188,0.750469,0.753296,0.753296
0.746269,0.756144,0.747664,0.754717,0.754717,0.749064,0.753296,0.753296,0.746269,0.753296,0.747664,0.749064
0.750469,0.75188,0.75188,0.754717,0.753296,0.740741,0.747664,0.747664,0.754717,0.753296,0.75188,0.749064


B:
Limits 60.0 +/- 30.0
53.768349,54.757545,54.648872,57.829453,63.223461,62.588696,60.953861,52.215282,48.26516,57.008766,57.800945,59.506527
60.145237,52.154633,48.220627,63.360622,38.870277,51.539089,47.402119,60.313343,53.841309,55.652508,61.864208,59.36348
57.901234,62.520401,57.144169,52.255081,53.768349,51.742897,52.334965,68.063095,57.716461,53.768349,56.321251,52.346676
========================================================
Test11 (DAC Calibration) results 2007-11-01 15:09:35
Board ID32 36 channels
Linux calibration software
Calibration DAC Range: [1100 - 2700]

A:
0.754717,0.751456,0.759229,0.749766,0.752587,0.75061,0.752658,0.752729,0.753935,0.752445,0.755786,0.754859
0.746478,0.757648,0.749344,0.756144,0.754432,0.749415,0.755073,0.755073,0.746965,0.753792,0.749134,0.750821
0.751738,0.753012,0.753367,0.755501,0.754717,0.740056,0.747733,0.747873,0.756644,0.755002,0.752587,0.749415


B:
57.7358,60.7364,59.8557,61.5745,62.9351,69.1126,64.3428,58.5249,52.7848,61.1738,60.3401,65.0877
66.1285,57.3255,53.9153,69.3761,49.8303,58.7636,50.4484,64.3417,62.4649,62.4802,66.7946,63.8667
64.4051,68.9761,63.3676,60.2796,58.3396,59.482,61.6973,70.1786,61.5815,58.2483,68.2032,62.8104


========================================================
Test11 (ADC Calibration) results 2008-06-17 18:39:44
Board ID032 36 channels
Linux calibration software

Calibration DAC Range: [1000 - 3500]

A:
0.7432,0.7392,0.7472,0.738,0.7408,0.7388,0.7412,0.7404,0.7416,0.7404,0.7436,0.7428
0.7356,0.7464,0.7372,0.7444,0.7424,0.7372,0.7432,0.7436,0.7356,0.744,0.7376,0.7392
0.7404,0.7432,0.742,0.7444,0.7436,0.7284,0.7364,0.7372,0.7444,0.7428,0.7416,0.738


B:
57.8,61.8,60.8,61.0001,62.1999,69.2,62.8001,59.5999,53.4001,60.5999,60.4,65.2
65.4,55.6,53.7999,69.5999,50.6,59.7999,50.8,63.4,61.4,58.9999,66.3999,63.8
63.5999,65.8,62.0001,58.5999,57.4,58.6,61.6,70.7999,62.5999,58.2,62.4001,61.0001


========================================================
Test11 (ADC Calibration) results 2008-07-15 20:16:33
Board ID032 36 channels
Linux calibration software

Calibration DAC Range: [1000 - 3500]

A:
0.7428,0.7392,0.7472,0.7372,0.74,0.7392,0.7408,0.74,0.7424,0.7404,0.7408,0.7432
0.7356,0.746,0.7368,0.7444,0.7424,0.7376,0.7428,0.7432,0.7356,0.742,0.7372,0.7392
0.7392,0.7432,0.742,0.744,0.7436,0.7276,0.736,0.738,0.7448,0.7428,0.7416,0.7372


B:
58.2,61.8,59.8,62.7999,64,67.8,64.1999,60,51.6,60.5999,53.1999,63.8
65.4,57,54.1999,68.5999,50.6,58.3999,52.2,64.8,61.4,63.0001,66.7999,62.8
65.8,65.8,62.0001,58.9999,57.4,59.4001,62,70.0001,61.2001,58.2,62.4001,62.7999


========================================================
Test11 (ADC Calibration) results 2008-07-16 22:38:23
Board ID032 36 channels
Linux calibration software

Calibration DAC Range: [1000 - 3500]

A:
0.7424,0.7388,0.7468,0.7372,0.74,0.7388,0.7408,0.74,0.7416,0.7396,0.7396,0.7428
0.7348,0.7456,0.7364,0.744,0.7416,0.7372,0.7424,0.7428,0.7352,0.742,0.7368,0.7388
0.7396,0.742,0.7412,0.7432,0.7428,0.7276,0.7356,0.7368,0.744,0.7428,0.7416,0.7372


B:
58.6,62.2,60.2,62.7999,64,68.2,64.1999,60,53.4001,62.4,55.4,65.2
67.2001,57.4001,55.6,69.9999,51.4001,58.7999,52.6,65.2,61.8,63.0001,67.2,63.2
64.4,69.0001,62.8001,59.8,58.2,59.4001,62.4,72.2,62.9999,58.2,62.4001,62.7999


========================================================
Test11 (ADC Calibration) results 2008-07-20 18:58:34
Board ID032 36 channels
Linux calibration software

Calibration DAC Range: [1000 - 3500]

A:
0.7428,0.7388,0.7468,0.7372,0.74,0.7384,0.7404,0.74,0.7416,0.74,0.74,0.7424
0.7348,0.7456,0.7364,0.7436,0.742,0.7372,0.7424,0.7428,0.7352,0.742,0.7368,0.7384
0.7388,0.7428,0.7412,0.7436,0.7428,0.7284,0.7356,0.7376,0.744,0.7424,0.7412,0.7372


B:
58.2,62.2,61.2,62.7999,64,69.6001,64.5999,60,53.4001,61,55,66.6
67.2001,57.4001,55.6,70.4,51.0001,58.7999,52.6,64.2,61.8,64.0001,67.2,64.6001
66.2,66.2,63.8001,59.4,58.2,57.6,62.4,70.3999,62.9999,58.6,62.8001,62.7999


========================================================
Test11 (ADC Calibration) results 2008-07-24 15:42:31
Board ID032 36 channels
Linux calibration software

Calibration DAC Range: [1000 - 3500]

A:
0.7424,0.7388,0.7468,0.7368,0.7396,0.738,0.7404,0.7404,0.7412,0.74,0.7396,0.742
0.7348,0.7456,0.7364,0.7436,0.7416,0.7372,0.7432,0.7424,0.7344,0.7424,0.7368,0.7384
0.7396,0.7424,0.7416,0.7436,0.7428,0.7276,0.7356,0.7372,0.744,0.742,0.7412,0.7368


B:
59.6,62.2,61.2,63.1999,64.4,70.0001,64.5999,60.5999,52.8001,61,55.4,67.0001
67.2001,57.4001,55.6,70.4,51.4001,58.7999,51.8,65.6,63.6001,62.6,67.2,64.6001
64.4,67.6,62.4001,59.4,58.2,59.4001,62.4,71.7999,63.9999,60.0001,62.8001,63.1999


