========================================================

Test16 results 07-07-2005  15:15:56
Board ID024  8 channels
HV Tests Software Ver.1.6
Calibration DAC Range: [1000 - 2300]


A:
Limits 0.57 +/- 0.1
0.571931,0.569426,0.570927,0.567686,0.570676,0.569676,0.56843,0.565709


B:
Limits 50.0 +/- 60.0
39.256279,39.402538,37.499161,43.143429,44.994709,37.608444,48.314297,43.679256
========================================================
Test16 (Master DAC Calibration) results 2007-07-15 09:48:31
Board ID24 7 channels
Linux calibration software
Calibration DAC Range: [1000 - 2300]

A:
0.56876,0.567163,0.568301,0.569465,0.57044,0.572417,0.566723,0.563975

B:
41.5818,43.8784,40.9811,35.302,43.0782,24.5479,49.9749,42.9557

========================================================
Test16 (Master DAC Calibration) results 2008-02-21 05:59:55
Board ID24 7 channels
Linux calibration software
Calibration DAC Range: [1000 - 2300]

A:
0.570841,0.56819,0.569331,0.571195,0.571755,0.565359,0.567894,0.564296

B:
41.5255,46.4494,44.5351,37.4793,46.6395,38.5638,52.9664,47.8736

