========================================================

Test10 results 02-09-2006  13:51:36
Board ID423  30 channels
HV Tests Software Ver.1.6

+5V 2510 - O'k
-5V 1313 - O'k
Interlock - On

Voltmeter channel: A=1.078749, B=17.259789

A:
Limits 1.1 +/- 0.1
1.089918,1.085776,1.088139,1.077006,1.085776,1.079331,1.090513,1.086366,1.078167,1.081081
1.081666,1.081081,1.081081,1.084599,1.079914,1.080497,1.074691,1.084011,1.074691,1.082837
1.077586,1.086366,1.081081,1.088139,1.079914,1.077006,1.086957,1.076426,1.084011,1.075847


B:
Limits 0.0 +/- 35.0
15.258857,16.286648,16.322039,15.077866,11.943543,16.19001,13.086248,11.950203,15.094469,14.054233
16.225027,12.973151,15.135313,15.184522,18.358498,14.04647,13.970869,15.176154,15.04556,18.408403
16.163914,17.382034,16.216394,16.322039,14.038843,14.000859,14.13051,13.993531,14.092143,17.213413
========================================================
Test10 (ADC Calibration) results 2008-01-19 16:55:04
Board ID423 30 channels
Linux calibration software

Voltmeter channel: A=1.07378, B=-1392.28

A:
1.09022,1.08558,1.08815,1.07716,1.08522,1.07998,1.09047,1.08583,1.07772,1.08024
1.0824,1.08069,1.08119,1.08412,1.07903,1.08069,1.07393,1.08262,1.07534,1.08266
1.07766,1.08825,1.0821,1.08779,1.07913,1.07641,1.08569,1.0756,1.08306,1.07665


B:
11.1553,12.1659,11.6809,9.08622,8.65714,9.86564,10.4191,8.96665,12.1609,11.6901
11.1277,9.56069,10.9143,12.3644,15.2808,10.5607,11.5714,14.2468,8.93829,14.0283
11.4398,9.86323,10.0325,13.0739,11.5515,12.117,11.9512,11.0747,11.7942,10.7326


