========================================================

Test11 results 02-09-2006  13:56:19
Board ID423  30 channels
HV Tests Software Ver.1.6

+5V 2510 - O'k
-5V 1312 - O'k
Interlock - On
Calibration DAC Range: [2500 - 2900]


A:
Limits 0.76 +/- 0.04
0.740741,0.742115,0.740741,0.750469,0.742115,0.747664,0.739372,0.743494,0.746269,0.746269
0.746269,0.749064,0.746269,0.744879,0.746269,0.747664,0.754717,0.743494,0.75188,0.742115
0.750469,0.742115,0.744879,0.743494,0.747664,0.749064,0.742115,0.749064,0.744879,0.750469


B:
Limits 60.0 +/- 40.0
50.127228,57.240177,56.329483,49.994923,58.782566,53.065105,56.945129,53.501362,59.026928,56.18779
53.766243,46.115879,53.766243,50.555241,54.34708,52.180542,41.641136,59.004963,48.600349,61.058014
47.732525,53.409843,59.72147,60.247448,53.065105,53.799999,55.023979,56.220371,53.714611,51.445477
========================================================
Test11 (DAC Calibration) results 2008-01-19 16:55:04
Board ID423 30 channels
Linux calibration software
Calibration DAC Range: [1100 - 2700]

A:
0.739713,0.742873,0.741496,0.749064,0.743494,0.747105,0.739919,0.74308,0.748293,0.746547
0.745434,0.746617,0.746269,0.744255,0.747384,0.746617,0.751315,0.744532,0.750328,0.744879
0.748713,0.741427,0.745643,0.745504,0.747314,0.749204,0.742804,0.749766,0.744602,0.749415


B:
56.2644,57.8976,57.7531,58.8015,58.3642,58.2369,57.8985,58.9448,57.0292,59.0147
58.9265,58.4694,57.4628,56.4054,54.7083,57.7228,58.5275,57.6547,58.094,55.6797
57.0426,58.2947,58.9337,56.2947,57.4965,57.8574,57.2515,57.8257,58.1535,57.5645


