========================================================
Test10 (ADC Calibration) results 2014-01-19 19:51:39
Board IDXXX 30 channels
Host: ufcmshv1
Linux calibration software

Voltmeter channel: A=1.09534, B=7.90604

A:
1.12054,1.07961,1.08556,1.08258,1.07639,1.07657,1.10016,1.0842,1.08756,1.11459
1.1251,1.08538,1.10408,1.09249,1.12822,1.07408,1.07711,1.10035,1.09728,1.09396
1.0902,1.08366,1.08628,1.04913,1.06103,1.09194,1.08393,1.10147,1.09249,1.10203


B:
5.54525,11.3146,7.18706,7.74098,7.57821,7.41413,7.9556,8.20819,7.75899,7.69296
8.26453,6.91808,8.40327,8.29683,8.00142,6.26575,7.35338,7.78801,6.37254,7.40361
7.9704,6.75153,6.74259,9.14066,7.48648,7.92103,6.07069,7.00313,7.64111,6.94073


========================================================
Test10 (ADC Calibration) results 2014-03-12 17:37:42
Board ID244 30 channels
Host: ufcmshv1
Linux calibration software

Voltmeter channel: A=1.09111, B=-0.497263

A:
1.08249,1.07836,1.07187,1.07639,1.08177,1.09414,1.07729,1.07845,1.08565,1.08114
1.07675,1.07648,1.0747,1.08195,1.07533,1.08285,1.0842,1.1069,1.08015,1.07863
1.08123,1.07506,1.07907,1.08601,1.07267,1.09997,1.06914,1.07444,1.0755,1.11316


B:
-2.35212,0.165896,0.803983,0.904215,0.908944,0.453396,0.72543,-0.563939,-1.14672,-0.241108
-0.0716241,0.391386,0.963546,-0.33849,0.602226,-0.952373,-0.465421,3.66516,0.670106,0.780578
0.97375,0.849207,-0.711874,1.12666,0.922176,0.863011,1.63217,0.565624,0.00721224,0.0577424


========================================================
Test10 (ADC Calibration) results 2014-03-14 17:56:50
Board ID244 30 channels
Host: ufcmshv1
Linux calibration software

Voltmeter channel: A=1.09176, B=-1.52027

A:
1.08258,1.078,1.07214,1.07657,1.08213,1.0946,1.07764,1.078,1.08547,1.08114
1.07622,1.07648,1.07453,1.08177,1.07506,1.08276,1.0842,1.10681,1.08024,1.07836
1.08141,1.07515,1.07907,1.08592,1.07249,1.10016,1.06931,1.07444,1.07542,1.11306


B:
-2.435,0.927329,0.342984,0.308647,0.577586,-0.403876,0.395397,0.711782,-0.111138,-0.0245361
1.28459,0.822273,1.34359,0.259778,1.27952,-0.868945,-0.682208,3.52847,0.371154,1.24425
1.02425,0.552045,-0.0643241,1.64425,1.51581,0.914799,1.46858,0.995694,0.520148,1.03328


