========================================================

Test11 results 12-13-2006  13:38:38
Board ID318  30 channels
HV Tests Software Ver.1.6.8

+5V 2490 - O'k
-5V 1305 - O'k
Interlock - On
Calibration DAC Range: [2500 - 2900]
Number of Samples: 400

A:
Limits 0.76 +/- 0.04
0.749064,0.746269,0.739372,0.743494,0.743494,0.743494,0.744879,0.744879,0.746269,0.746269
0.743494,0.747664,0.744879,0.743494,0.750469,0.744879,0.744879,0.75188,0.744879,0.746269
0.743494,0.749064,0.738007,0.746269,0.746269,0.746269,0.749064,0.747664,0.742115,0.744879


B:
Limits 60.0 +/- 30.0
60.554188,69.796265,61.456272,65.65303,65.804054,66.455521,59.571075,67.293922,62.972351,65.143196
65.65303,60.567661,59.496151,72.87542,59.800491,62.86393,54.747368,54.919369,57.232964,62.088341
61.056835,61.18932,61.324574,66.037773,61.205429,57.186764,62.795895,72.909767,72.666061,63.513878
========================================================
Test11 (DAC Calibration) results 2008-04-15 16:06:16
Board ID318 30 channels
Linux calibration software
Calibration DAC Range: [1100 - 2700]

A:
0.748853,0.747105,0.739098,0.744532,0.744186,0.744186,0.744325,0.745712,0.744948,0.747035
0.744671,0.746965,0.746269,0.744186,0.749274,0.744463,0.744602,0.751809,0.743909,0.746617
0.743633,0.749485,0.737327,0.747175,0.746338,0.74599,0.749555,0.749134,0.742804,0.744671


B:
69.1287,74.0755,69.5491,70.3118,70.7907,70.7907,68.0686,71.6631,74.8021,69.9878
68.9287,70.6815,62.6867,78.9768,71.5461,71.3008,63.5146,63.4056,67.3052,69.6687
67.8379,67.0602,69.9538,71.1403,68.4113,65.9083,69.0622,75.0351,75.6731,71.0136


========================================================
Test11 (DAC Calibration) results 2008-04-16 15:57:04
Board ID318 30 channels
Linux calibration software
Calibration DAC Range: [1100 - 2700]

A:
0.748994,0.746896,0.739235,0.744532,0.744186,0.744255,0.744325,0.745712,0.750117,0.746826
0.74474,0.746965,0.74613,0.743909,0.749344,0.744532,0.744879,0.751809,0.74384,0.746617
0.743494,0.749695,0.737463,0.747035,0.74613,0.745921,0.749836,0.749134,0.742804,0.74481


B:
68.6358,74.6615,69.0629,70.3118,70.7907,70.695,68.0686,71.6631,67.0887,70.7245
68.6836,70.6815,63.1783,79.3565,71.3,71.5031,63.1285,63.4056,67.5499,69.6687
68.0296,66.7697,69.764,71.6312,69.2965,66.1539,68.8256,75.1849,75.6731,70.6731


