========================================================

Test10 results 03-30-2006  12:29:35
Board ID440  30 channels
HV Tests Software Ver.1.6

+5V 2485 - O'k
-5V 1321 - O'k
Interlock - On

Voltmeter channel: A=1.062699, B=24.442297

A:
Limits 1.1 +/- 0.1
1.080497,1.073537,1.080497,1.073537,1.078167,1.071811,1.078749,1.079914,1.084599,1.079914
1.076426,1.075269,1.078167,1.075847,1.074114,1.079914,1.075847,1.077006,1.079914,1.077006
1.072386,1.089918,1.075269,1.084599,1.082837,1.079331,1.074691,1.078167,1.089325,1.073537


B:
Limits 0.0 +/- 35.0
11.885475,10.735209,14.04647,9.661671,14.016302,8.57465,14.023542,9.719189,13.015324,14.038843
13.993531,15.053588,9.703633,13.985871,15.037632,16.198669,16.137566,11.846848,11.879015,15.077866
13.94114,10.899183,9.677243,14.099923,10.828545,14.031348,11.821486,11.859968,13.071987,10.735209
========================================================
Test10 (ADC Calibration) results 2008-06-02 06:03:15
Board ID440 30 channels
Linux calibration software

Voltmeter channel: A=1.05888, B=-1101.4

A:
1.08073,1.07375,1.08087,1.07294,1.07843,1.07084,1.07935,1.08,1.0847,1.08026
1.07731,1.07534,1.07829,1.07575,1.07433,1.08138,1.07827,1.07616,1.07921,1.0766
1.07379,1.08998,1.07593,1.08655,1.0824,1.07935,1.07436,1.07752,1.08952,1.07335


B:
12.3583,7.36515,9.42101,7.58706,9.2876,7.68383,10.0585,5.64015,9.61972,9.3073
8.81576,10.3198,7.74391,10.1339,11.646,10.7011,11.815,10.3473,9.51607,12.3106
8.17037,8.88909,6.28184,7.61605,8.90453,10.3378,10.1755,9.5602,10.471,8.60309


========================================================
Test10 (ADC Calibration) results 2008-06-16 13:15:45
Board ID440 30 channels
Linux calibration software

Voltmeter channel: A=1.07, B=0

A:
1.08805,1.07643,1.08469,1.07562,1.08153,1.07305,1.08216,1.08171,1.08796,1.0836
1.08,1.0792,1.08135,1.07893,1.07875,1.08442,1.08081,1.07991,1.08261,1.08
1.07669,1.09326,1.07714,1.08896,1.08514,1.08252,1.07785,1.08081,1.0929,1.07652


B:
7.91771,7.96554,9.89583,9.13459,9.75022,10.0041,10.039,9.58591,9.08854,9.1519
9.42105,9.29761,7.75224,10.4078,11.2192,10.3606,12.5709,8.63917,8.97745,11.7969
8.79569,8.62821,9.67749,9.26441,9.48244,10.3589,9.66741,9.54459,10.273,8.7445


========================================================
Test10 (ADC Calibration) results 2008-06-17 07:08:50
Board ID440 30 channels
Linux calibration software

Voltmeter channel: A=1.07, B=0

A:
1.10023,1.08858,1.09693,1.08813,1.09383,1.08543,1.09447,1.09428,1.10014,1.0962
1.09219,1.09156,1.09356,1.09165,1.09156,1.09711,1.09328,1.09246,1.09492,1.09274
1.08903,1.10569,1.08984,1.10116,1.09803,1.09492,1.0902,1.09337,1.10551,1.08885


B:
8.12667,8.07448,8.94149,7.836,8.70948,8.79811,9.65875,8.51238,9.09066,7.19719
8.89621,8.60446,7.20998,8.52173,9.25951,8.77451,10.9583,7.33569,8.14746,10.1455
7.87744,7.80051,7.56588,8.60888,8.37775,9.02345,8.75958,8.03252,9.29548,7.82558


========================================================
Test10 (ADC Calibration) results 2008-06-18 13:34:39
Board ID440 30 channels
Linux calibration software

Voltmeter channel: A=1.07, B=0

A:
1.10042,1.08894,1.09693,1.08768,1.09401,1.08543,1.09447,1.09447,1.10042,1.09611
1.09201,1.09147,1.09356,1.09183,1.09138,1.0972,1.09356,1.0921,1.09501,1.09301
1.08921,1.10588,1.08993,1.10171,1.09775,1.09501,1.09002,1.09301,1.10532,1.08876


B:
7.5187,6.87135,8.50256,8.68544,7.88682,8.79811,9.43991,8.1266,7.95876,7.5002
8.84397,8.68802,7.20998,7.91856,9.4255,8.91053,10.272,7.88734,7.84497,9.24069
7.27589,7.63185,7.70057,7.88569,8.40869,8.93998,9.14397,8.58465,9.46394,7.90891


