========================================================

Test10 results 12-21-2006  15:12:08
Board ID405  30 channels
HV Tests Software Ver.1.6.8

+5V 2499 - O'k
-5V 1314 - O'k
Interlock - On
Number of Samples: 400

Voltmeter channel: A=1.082837, B=5.41436

A:
Limits 1.1 +/- 0.1
1.070091,1.081081,1.076426,1.085776,1.084599,1.084599,1.086366,1.084011,1.057082,1.086957
1.084011,1.079914,1.081081,1.079914,1.076426,1.073537,1.074691,1.084011,1.074691,1.061008
1.072961,1.079331,1.079331,1.082837,1.084011,1.081081,1.071811,1.086957,1.081666,1.085776


B:
Limits 0.0 +/- 30.0
9.630627,11.89207,8.6114,11.943543,10.846127,7.592331,11.950203,6.504067,36.998028,13.043554
1.084013,10.799102,10.810989,6.479447,6.458547,8.588134,13.970869,7.588078,17.194942,11.671017
13.948658,11.872686,9.714025,12.994219,10.840111,15.135313,4.287405,14.13051,7.571701,11.943543
Channels:
   9
Out of range 0.0 +/- 30.0
========================================================
Test10 (ADC Calibration) results 2008-04-15 15:05:34
Board ID405 30 channels
Linux calibration software

Voltmeter channel: A=1.06726, B=-1505.15

A:
1.06784,1.07915,1.0739,1.08354,1.08222,1.08338,1.08475,1.08224,1.05779,1.08582
1.08141,1.07895,1.07907,1.0774,1.07475,1.07211,1.07228,1.08242,1.07266,1.05954
1.07033,1.07754,1.07778,1.08071,1.08303,1.07935,1.06919,1.08481,1.07982,1.08329


B:
4.6162,7.0522,3.90989,7.0066,6.46222,0.779143,5.5908,1.1684,26.0851,6.8134
-1.86134,3.02853,6.34123,3.37778,0.650608,3.4071,8.77316,1.56724,13.1195,6.67495
10.633,5.9202,4.05567,7.85181,3.82329,8.50952,1.15753,10.0249,2.83243,7.80406


========================================================
Test10 (ADC Calibration) results 2008-06-19 12:08:44
Board ID405 30 channels
Linux calibration software

Voltmeter channel: A=1.07, B=0

A:
1.08504,1.09598,1.09161,1.10093,1.09973,1.1001,1.10176,1.09918,1.01646,1.10296
1.09836,1.09497,1.09671,1.09443,1.09125,1.08692,1.08944,1.09982,1.08953,1.07599
1.08764,1.09443,1.09452,1.09735,1.09927,1.09781,1.08602,1.10277,1.09671,1.10047


B:
3.48033,6.67481,1.95027,6.75104,5.42528,0.907809,4.89056,-0.00498326,77.0455,5.77725
-3.41792,4.53038,3.59094,2.40731,0.758008,1.94674,8.09991,0.501974,12.8104,4.80132
8.45587,5.03383,2.97967,8.70794,4.96649,7.62996,0.609277,7.26941,1.61681,7.61194


