========================================================

Test11 results 12-21-2006  15:16:20
Board ID405  30 channels
HV Tests Software Ver.1.6.8

+5V 2499 - O'k
-5V 1315 - O'k
Interlock - On
Calibration DAC Range: [2500 - 2900]
Number of Samples: 400

A:
Limits 0.76 +/- 0.04
0.756144,0.746269,0.75188,0.743494,0.746269,0.744879,0.743494,0.744879,0.763359,0.742115
0.746269,0.747664,0.744879,0.746269,0.750469,0.75188,0.749064,0.744879,0.753296,0.760456
0.75188,0.747664,0.749064,0.750469,0.744879,0.746269,0.753296,0.742115,0.746269,0.743494


B:
Limits 60.0 +/- 30.0
47.772652,53.691181,51.112427,52.763313,48.476772,55.402592,48.793713,58.634159,39.421841,56.570171
54.876175,55.487347,69.459999,64.82399,54.034008,56.424965,65.552765,58.559414,38.932877,58.273712
56.248924,57.022465,52.507057,50.086716,53.714611,54.573364,60.406399,54.956944,61.031067,53.570702
========================================================
Test11 (DAC Calibration) results 2008-04-15 15:05:34
Board ID405 30 channels
Linux calibration software
Calibration DAC Range: [1100 - 2700]

A:
0.756358,0.748433,0.752092,0.745782,0.746687,0.746269,0.744948,0.745921,0.762776,0.74384
0.747245,0.748573,0.747733,0.749274,0.75188,0.752587,0.752092,0.746547,0.753721,0.761905
0.754219,0.749555,0.749766,0.751527,0.74613,0.748293,0.755786,0.744532,0.747594,0.745573


B:
56.2258,54.4392,60.0075,53.9665,55.9828,59.7016,52.6026,64.2145,48.1312,57.88
60.5829,60.6811,68.1279,62.5548,57.8948,61.4299,64.3697,61.2543,45.5437,60
57.066,59.318,58.5755,56.1297,57.9554,56.5806,61.5494,54.6766,64.5827,54.7064


========================================================
Test11 (ADC Calibration) results 2008-06-19 12:56:33
Board ID405 30 channels
Linux calibration software

Calibration DAC Range: [1000 - 3500]

A:
0.7444,0.7368,0.7396,0.734,0.7348,0.734,0.7336,0.7344,0.794,0.7316
0.7356,0.7372,0.736,0.7372,0.7404,0.7424,0.7404,0.7344,0.7416,0.7508
0.7424,0.7372,0.7376,0.7396,0.7348,0.7356,0.7436,0.7328,0.7356,0.734


B:
57.5999,55.1999,62.4,54.9999,57.2001,61.9999,53.3999,65.6001,6.9999,60.4
61.4,60.7999,70,64.7999,57.5999,62.6,64.5999,62.6001,47.4001,61.2
58.6,62.7999,61.3999,57.4,58.2001,58.4,63.4,56.2,66.4,54.9999


========================================================
Test11 (ADC Calibration) results 2008-07-17 10:58:43
Board ID405 30 channels
Linux calibration software

Calibration DAC Range: [1000 - 3500]

A:
0.7436,0.736,0.74,0.7336,0.734,0.7336,0.7328,0.7336,0.7904,0.7316
0.7352,0.7364,0.7356,0.7368,0.74,0.7424,0.74,0.734,0.7416,0.7504
0.7416,0.7372,0.7376,0.7392,0.734,0.7356,0.7432,0.7324,0.736,0.734


B:
58.4,57,61,55.3999,58.9999,61.3999,54.2,66.3999,10.5999,59.4
61.8,62.6,69.4,65.2,58,62.6,64,63.9999,46.4001,61.6
59.4001,60.7999,60.3999,57.8,58.9999,57.4,63.8,56.6,65,54.9999


========================================================
Test11 (ADC Calibration) results 2008-07-20 18:37:46
Board ID405 30 channels
Linux calibration software

Calibration DAC Range: [1000 - 3500]

A:
0.7444,0.7364,0.74,0.7336,0.7348,0.734,0.7332,0.7336,0.7896,0.732
0.7356,0.7368,0.7352,0.7368,0.7404,0.7428,0.74,0.7344,0.7408,0.7512
0.7416,0.7372,0.7376,0.7396,0.7344,0.7356,0.7432,0.7328,0.736,0.734


B:
56.5999,55.6,61,55.3999,57.2001,60.9999,53.8,66.3999,29.3999,59
61.4,61.1999,70.8,65.2,57.5999,62.2,65,62.6001,48.1999,60.7999
59.4001,60.7999,60.3999,56.4,58.6001,57.4,63.8,55.2,65,54.9999


========================================================
Test11 (ADC Calibration) results 2008-07-24 23:03:59
Board ID405 30 channels
Linux calibration software

Calibration DAC Range: [1000 - 3500]

A:
0.744,0.7364,0.74,0.7332,0.7348,0.734,0.7332,0.734,0.7872,0.7316
0.7352,0.7368,0.736,0.7372,0.74,0.7424,0.7404,0.734,0.7408,0.7508
0.7416,0.7372,0.7376,0.7392,0.7348,0.7356,0.7436,0.732,0.7356,0.7336


B:
56.9999,55.6,61,55.8,57.2001,60.9999,53.8,65.9999,35.8001,59.4
61.8,62.1999,69,63.7999,58,62.6,63.5999,63.9999,48.1999,62.2
59.4001,61.7999,60.3999,57.8,57.2001,57.4,62.4,57,65.4,55.3999


========================================================
Test11 (ADC Calibration) results 2008-08-12 23:20:39
Board ID405 30 channels
Linux calibration software

Calibration DAC Range: [1000 - 3500]

A:
0.744,0.7364,0.7396,0.7332,0.734,0.7336,0.7324,0.734,0.7892,0.7316
0.7356,0.7368,0.7352,0.7372,0.74,0.7424,0.74,0.7344,0.7416,0.7504
0.742,0.7376,0.7372,0.7392,0.734,0.7352,0.7432,0.732,0.736,0.734


B:
56.9999,55.6,61.4,55.8,57.9999,61.3999,55.6,65.9999,31.8,59.4
61.4,62.1999,70.8,64.7999,58,62.6,65,62.6001,46.4001,61.6
59.0001,60.3999,61.7999,57.8,58.9999,57.8,63.8,57,65,54.9999


========================================================
Test11 (ADC Calibration) results 2008-08-13 01:14:42
Board ID405 30 channels
Linux calibration software

Calibration DAC Range: [1000 - 3500]

A:
0.744,0.7364,0.74,0.7332,0.7344,0.7336,0.7324,0.734,0.7892,0.732
0.7352,0.7364,0.7352,0.7372,0.74,0.742,0.74,0.734,0.7412,0.7504
0.742,0.7376,0.7368,0.7396,0.734,0.7348,0.7432,0.732,0.736,0.7336


B:
56.9999,55.6,61,55.8,57.6001,61.3999,55.6,65.9999,31.8,59
61.8,62.6,70.8,64.7999,58,63.0001,65,63.9999,46.8001,61.6
59.0001,60.3999,62.1999,57.4,58.9999,59.2001,63.8,57,65,55.3999


========================================================
Test11 (DAC Calibration) results 2008-08-27 10:33:25
Board ID405 30 channels
Linux calibration (server mode)

Calibration DAC Range: [3100 - 3500]

A:
0.760286,0.752286,0.757429,0.748571,0.750857,0.751143,0.748286,0.752857,0.795714,0.748857
0.752857,0.754286,0.755429,0.755143,0.756571,0.76,0.758571,0.752286,0.754571,0.768
0.758857,0.754857,0.754571,0.755429,0.750857,0.751714,0.761429,0.748286,0.754571,0.749429


B:
0.0,0.0,0.0,0.0,0.0,0.0,0.0,0.0,0.0,0.0
0.0,0.0,0.0,0.0,0.0,0.0,0.0,0.0,0.0,0.0
0.0,0.0,0.0,0.0,0.0,0.0,0.0,0.0,0.0,0.0


========================================================
Test11 (ADC Calibration) results 2008-08-27 13:08:29
Board ID405 30 channels
Linux calibration software

Calibration DAC Range: [1000 - 3500]

A:
0.7444,0.7368,0.7396,0.7332,0.7344,0.7336,0.7332,0.7336,0.7896,0.7316
0.7348,0.7364,0.7352,0.7368,0.7396,0.7428,0.74,0.734,0.7408,0.7504
0.7416,0.7368,0.7372,0.7396,0.7344,0.7356,0.7432,0.732,0.7356,0.7336


B:
56.5999,55.1999,62.4,55.8,57.6001,61.3999,53.8,66.3999,29.3999,60.4
63.2001,62.6,70.8,65.2,59.4,62.2,65,63.9999,48.1999,62.6
59.4001,62.1999,61.7999,56.4,58.6001,57.4,63.8,57,66.4,55.3999


========================================================
Test11 (DAC Calibration) results 2008-08-28 18:58:24
Board ID405 30 channels
Linux calibration (server mode)

Calibration DAC Range: [3100 - 3500]

A:
0.7575,0.745,0.7475,0.7425,0.745,0.745,0.7425,0.7375,0.7875,0.74
0.74,0.74,0.7425,0.75,0.75,0.7525,0.75,0.7425,0.7475,0.76
0.7525,0.745,0.7425,0.7425,0.7425,0.7425,0.7475,0.74,0.74,0.7425


B:
43.8,57.5,65.7,54.2,52.5,54.5,52.2,83.7,73.7,64.0
76.0,81.0,76.2,52.0,55.0,59.3,61.0,67.2,57.7,62.0
54.3,66.5,74.2,77.2,61.2,65.2,79.7,62.0,82.0,55.2


========================================================
Test11 (DAC Calibration) results 2008-08-30 18:23:00
Board ID405 30 channels
Linux calibration (server mode)

Calibration DAC Range: [3100 - 3500]

A:
0.7525,0.745,0.755,0.7425,0.745,0.74,0.7425,0.74,0.79,0.74
0.7425,0.7425,0.7425,0.745,0.7525,0.7525,0.75,0.7425,0.75,0.76
0.7525,0.7475,0.745,0.7475,0.74,0.7425,0.75,0.74,0.7425,0.7375


B:
63.3,60.5,45.5,57.2,54.5,72.0,55.2,78.0,60.0,64.0
70.2,75.2,79.2,71.5,50.3,59.3,65.0,68.2,52.0,65.0
56.3,60.7,69.5,62.7,72.0,67.2,74.0,64.0,76.2,75.7


========================================================
Test11 (DAC Calibration) results 2008-08-30 21:24:22
Board ID405 30 channels
Linux calibration (server mode)

Calibration DAC Range: [3100 - 3500]

A:
0.7325,0.725,0.7275,0.72,0.7175,0.72,0.7225,0.7175,0.765,0.72
0.7225,0.725,0.72,0.725,0.7275,0.73,0.7275,0.7225,0.725,0.74
0.7275,0.7225,0.725,0.725,0.7225,0.7175,0.7325,0.7175,0.7225,0.72


B:
60.2,59.5,66.7,63.0,77.8,71.0,53.2,84.8,72.5,64.0
68.2,64.5,86.0,68.5,64.7,67.0,69.7,67.2,65.5,62.0
69.7,75.2,65.5,69.5,62.2,81.8,63.2,70.8,73.2,65.0


========================================================
Test11 (DAC Calibration) results 2008-08-30 21:52:05
Board ID405 30 channels
Linux calibration (server mode)

Calibration DAC Range: [3100 - 3500]

A:
0.755,0.7425,0.7525,0.745,0.7425,0.7425,0.7425,0.745,0.79,0.7425
0.7475,0.745,0.7425,0.7475,0.755,0.7525,0.7475,0.7425,0.7475,0.7625
0.7525,0.7475,0.7475,0.75,0.7425,0.7425,0.755,0.74,0.745,0.7425


B:
54.5,69.2,53.3,49.5,64.2,65.2,55.2,61.5,65.0,57.2
53.7,67.5,79.2,62.7,41.5,61.3,72.7,69.2,59.7,57.3
57.3,60.7,60.7,55.0,64.2,67.2,57.5,64.0,67.5,59.2


========================================================
Test11 (DAC Calibration) results 2008-08-31 12:06:24
Board ID405 30 channels
Linux calibration (server mode)

Calibration DAC Range: [3100 - 3500]

A:
0.755,0.7475,0.7525,0.745,0.7425,0.7425,0.7475,0.745,0.7925,0.7425
0.7475,0.745,0.7425,0.7475,0.75,0.7525,0.7475,0.7425,0.7475,0.7625
0.7525,0.7425,0.7425,0.75,0.7425,0.7425,0.755,0.74,0.745,0.7375


B:
54.5,52.7,53.3,49.5,65.2,66.2,38.7,61.5,60.2,58.2
54.7,67.5,80.2,63.7,59.0,63.3,73.7,70.2,60.7,57.3
57.3,77.2,77.2,55.0,63.2,68.2,57.5,64.0,67.5,75.7


========================================================
Test11 (DAC Calibration) results 2008-08-31 16:15:29
Board ID405 30 channels
Linux calibration (server mode)

Calibration DAC Range: [3100 - 3500]

A:
0.755,0.7425,0.7525,0.745,0.7425,0.7425,0.7425,0.745,0.785,0.7425
0.7475,0.745,0.7425,0.7475,0.75,0.7525,0.7475,0.7425,0.7475,0.7625
0.7525,0.7475,0.7475,0.75,0.7425,0.7375,0.755,0.74,0.745,0.7425


B:
54.5,69.2,53.3,49.5,64.2,65.2,55.2,61.5,81.5,57.2
53.7,67.5,79.2,62.7,59.0,63.3,72.7,69.2,59.7,57.3
57.3,60.7,60.7,55.0,64.2,84.7,57.5,64.0,67.5,59.2


========================================================
Test11 (DAC Calibration) results 2008-08-31 18:30:26
Board ID405 30 channels
Linux calibration (server mode)

Calibration DAC Range: [3100 - 3500]

A:
0.755,0.7425,0.7525,0.745,0.7425,0.7425,0.7375,0.745,0.79,0.7375
0.7475,0.745,0.7425,0.7475,0.75,0.7525,0.7525,0.7425,0.7525,0.7625
0.7525,0.7475,0.7475,0.75,0.7425,0.7425,0.75,0.74,0.745,0.7375


B:
54.5,68.2,53.3,49.5,63.2,66.2,71.7,61.5,68.0,73.7
54.7,67.5,80.2,63.7,59.0,63.3,56.3,68.2,43.3,57.3
57.3,59.7,59.7,55.0,63.2,68.2,75.0,64.0,67.5,75.7


========================================================
Test11 (DAC Calibration) results 2008-09-01 15:18:50
Board ID405 30 channels
Linux calibration (server mode)

Calibration DAC Range: [3100 - 3500]

A:
0.755,0.7425,0.7525,0.745,0.7425,0.7425,0.7425,0.745,0.79,0.7375
0.7475,0.745,0.7425,0.7475,0.75,0.755,0.7525,0.7425,0.7525,0.7575
0.7525,0.7475,0.7425,0.75,0.745,0.7425,0.75,0.74,0.745,0.7425


B:
54.5,69.2,53.3,49.5,62.2,65.2,55.2,61.5,58.0,72.7
53.7,67.5,79.2,62.7,59.0,52.5,56.3,69.2,43.3,72.8
57.3,60.7,76.2,55.0,56.5,67.2,75.0,64.0,67.5,59.2


========================================================
Test11 (ADC Calibration) results 2009-03-04 11:04:46
Board ID405 30 channels
Host: ufcmshv3
Linux calibration software

Calibration DAC Range: [1000 - 3500]

A:
0.772,0.7572,0.7696,0.742,0.7684,0.7624,0.7568,0.7432,0.7696,0.7652
0.7412,0.748,0.7608,0.7596,0.7504,0.75,0.7468,0.7628,0.7728,0.7792
0.7644,0.766,0.7692,0.7688,0.7488,0.7696,0.7548,0.7668,0.7648,0.7636


B:
56.9999,52.8,60.4001,55.0001,56.6,59.6001,53.2,64.8,56.4001,57.7999
60.8001,58.9999,70.2,63.4001,57.6,63,63.2,63.2001,45.1999,62.7999
57.6,59.0001,59.7999,55.1999,57.2001,55.4001,61.1999,55.2,64.2,53.4


