========================================================

Test10 results 09-22-2006  21:14:25
Board ID354  30 channels
HV Tests Software Ver.1.6.1

+5V 2566 - O'k
-5V 1334 - O'k
Interlock - On

Voltmeter channel: A=1.062699, B=12.752606

A:
Limits 1.1 +/- 0.1
1.064396,1.06553,1.062135,1.067236,1.061571,1.055966,1.070664,1.064396,1.076426,1.064963
1.063264,1.063264,1.068376,1.062135,1.071811,1.067236,1.047669,1.064963,1.070091,1.068376
1.066667,1.06553,1.059883,1.075847,1.067236,1.066098,1.071811,1.06553,1.066098,1.059883


B:
Limits 0.0 +/- 30.0
3.193378,6.393329,3.186514,4.269062,5.307871,15.839309,8.565317,14.901733,10.764252,9.584596
12.75906,12.75906,7.478648,9.559323,7.502839,11.739713,16.762714,1.064894,11.770809,9.6154
7.466458,11.720979,10.599048,4.303246,13.874185,4.264344,5.359216,7.458858,7.462638,3.179864
========================================================

Test10 results 09-24-2006  12:47:33
Board ID354  30 channels
HV Tests Software Ver.1.6.1

+5V 2568 - O'k
-5V 1334 - O'k
Interlock - On

Voltmeter channel: A=1.06383, B=8.510667

A:
Limits 1.1 +/- 0.1
1.06383,1.066098,1.062699,1.066667,1.062699,1.055966,1.071237,1.064963,1.077586,1.064396
1.06383,1.06383,1.064396,1.062699,1.072961,1.068947,1.048768,1.06383,1.070664,1.069519
1.071237,1.068376,1.059322,1.076426,1.066667,1.067236,1.071811,1.059883,1.066098,1.061008


B:
Limits 0.0 +/- 30.0
3.191518,4.264344,1.062915,6.399792,1.062915,15.839309,6.42725,13.844446,6.465639,11.708546
11.702156,10.638327,6.386566,7.43911,4.292006,6.413721,13.634026,5.319178,9.635981,5.34771
5.356012,6.410272,12.711994,3.229268,14.933125,1.067355,4.287405,8.47928,7.462638,1.060936
========================================================

Test10 results 09-24-2006  13:01:23
Board ID354  30 channels
HV Tests Software Ver.1.6.8

+5V 2571 - O'k
-5V 1334 - O'k
Interlock - On
Number of Samples: 400

Voltmeter channel: A=1.06383, B=9.574496

A:
Limits 1.1 +/- 0.1
1.064963,1.066667,1.062699,1.066667,1.062135,1.056524,1.071237,1.066098,1.077006,1.064396
1.06383,1.064396,1.064963,1.062135,1.072386,1.067806,1.047669,1.064396,1.070664,1.068376
1.071237,1.067806,1.059883,1.076426,1.067236,1.066667,1.072386,1.060445,1.066098,1.061008


B:
Limits 0.0 +/- 30.0
1.064894,3.199791,2.125614,6.399792,3.186514,13.734803,7.498487,10.660933,8.615829,11.708546
11.702156,9.579754,5.324745,9.559323,6.434438,9.610294,17.810383,4.257774,10.706645,9.6154
5.356012,8.542488,10.599048,3.229268,13.874185,3.199791,4.289666,7.422964,8.528736,1.060936
========================================================

Test10 results 09-24-2006  13:49:38
Board ID354  30 channels
HV Tests Software Ver.1.6.8

+5V 2567 - O'k
-5V 1334 - O'k
Interlock - On
Number of Samples: 400

Voltmeter channel: A=1.06383, B=9.574496

A:
Limits 1.1 +/- 0.1
1.064396,1.066098,1.062135,1.066667,1.062135,1.055409,1.070664,1.06553,1.077006,1.064396
1.06383,1.06383,1.066098,1.062135,1.072386,1.067806,1.046572,1.06383,1.070091,1.068376
1.070664,1.067806,1.059883,1.076426,1.066667,1.06553,1.071811,1.059883,1.06553,1.060445


B:
Limits 0.0 +/- 30.0
2.128983,4.264344,3.186514,6.399792,3.186514,16.886604,8.565317,11.720979,8.615829,11.708546
11.702156,10.638327,11.727031,9.559323,6.434438,9.610294,17.79184,5.319178,11.770809,9.6154
6.423989,8.542488,10.599048,3.229268,14.933125,6.393329,5.359216,8.47928,9.589919,2.120737
========================================================
Test10 (ADC Calibration) results 2008-04-16 10:09:41
Board ID354 30 channels
Linux calibration software

Voltmeter channel: A=1.05537, B=-1414.93

A:
1.06102,1.06496,1.0601,1.06456,1.06007,1.05379,1.06791,1.06388,1.07488,1.06365
1.0626,1.06167,1.06286,1.06,1.0715,1.0644,1.04598,1.06211,1.07038,1.06549
1.06805,1.06742,1.058,1.07432,1.06578,1.06394,1.06916,1.05695,1.06335,1.05875


B:
-1.09666,-4.31879,-3.42859,0.421237,-2.14979,8.78483,3.78042,4.88656,1.91114,3.67947
5.62226,4.31443,6.43426,4.47979,-1.14958,6.68488,10.2453,-0.924398,4.13283,4.94568
2.20515,1.35217,4.76688,-1.27254,7.68553,-2.10644,0.743005,4.08743,3.73818,-5.0425


========================================================
Test10 (ADC Calibration) results 2008-06-19 12:08:44
Board ID354 30 channels
Linux calibration software

Voltmeter channel: A=1.07, B=0

A:
1.07872,1.08111,1.07713,1.08147,1.07695,1.07073,1.08531,1.08014,1.09206,1.08014
1.08032,1.07854,1.07528,1.07731,1.08863,1.08209,1.05867,1.07969,1.088,1.08379
1.08549,1.08584,1.0744,1.09143,1.08325,1.08058,1.08764,1.07449,1.0812,1.0723


B:
-3.80239,-2.38274,-5.31954,-0.121059,-3.64524,8.65442,1.7113,5.44714,1.09397,3.28686
4.20157,4.56156,9.76192,1.40846,-0.514239,4.05672,11.9246,-2.34505,3.33665,2.69451
-0.192528,1.86197,4.77922,-2.6841,7.0928,-1.23408,-2.20279,2.11821,0.993567,-1.61193


========================================================
Test10 (ADC Calibration) results 2008-07-17 09:50:45
Board ID354 30 channels
Linux calibration software

Voltmeter channel: A=1.07, B=0

A:
1.07923,1.08181,1.07739,1.08255,1.07766,1.07137,1.08608,1.08107,1.09208,1.08088
1.08079,1.07941,1.07574,1.07812,1.08963,1.08283,1.05926,1.08052,1.08851,1.08422
1.0858,1.08673,1.07464,1.09208,1.08357,1.08125,1.0887,1.07501,1.08153,1.06902


B:
-3.63053,-3.46738,-4.70041,-1.13222,-3.66759,7.84274,0.990801,4.79472,1.95403,3.02135
3.97181,3.53612,8.47444,0.643281,-1.44865,3.15541,11.1501,-3.11713,3.08189,2.07417
-0.0513687,0.817441,4.98449,-2.41428,7.66472,-2.08152,-3.62412,1.41706,1.768,1.49795


========================================================
Test10 (ADC Calibration) results 2008-07-19 11:33:18
Board ID354 30 channels
Linux calibration software

Voltmeter channel: A=1.07, B=0

A:
1.07913,1.08144,1.07702,1.08209,1.07748,1.07119,1.08608,1.0807,1.09227,1.08061
1.03357,1.07867,1.07355,1.07785,1.08907,1.08264,1.05882,1.08015,1.08823,1.08413
1.08552,1.08655,1.07428,1.0918,1.0832,1.08116,1.08813,1.07492,1.08153,1.06775


B:
-3.9756,-2.68751,-4.78499,-0.698435,-3.70983,7.79825,0.773638,4.92268,1.12447,3.28008
48.2679,4.65584,9.44609,1.11729,-0.489146,3.54471,10.5103,-2.55386,2.47172,2.16115
0.209261,0.55642,5.54151,-2.58783,7.57605,-1.77853,-2.66441,1.50278,1.33562,2.05192


========================================================
Test10 (ADC Calibration) results 2008-07-19 17:28:33
Board ID354 30 channels
Linux calibration software

Voltmeter channel: A=1.07, B=0

A:
1.07895,1.08144,1.07665,1.08227,1.07711,1.07128,1.08599,1.08116,1.09208,1.08079
1.03062,1.07867,1.07319,1.07766,1.08916,1.08246,1.05855,1.07996,1.08795,1.08422
1.08552,1.08617,1.07373,1.09227,1.08329,1.08107,1.08851,1.0751,1.08116,1.06613


B:
-3.58619,-3.12037,-4.43892,-1.08849,-3.14859,7.71337,0.6436,4.27608,1.51743,2.45893
51.018,4.87152,10.4307,1.50524,-0.794097,3.93408,10.9739,-2.59643,2.73209,2.07417
0.209261,1.55568,6.05457,-3.68179,7.48987,-1.90825,-3.44916,0.901302,1.6814,3.79819


========================================================
Test10 (ADC Calibration) results 2008-07-20 15:54:11
Board ID354 30 channels
Linux calibration software

Voltmeter channel: A=1.07, B=0

A:
1.07904,1.08153,1.07647,1.08181,1.0772,1.07101,1.08608,1.0807,1.09236,1.08052
1.03104,1.07849,1.07182,1.07748,1.08907,1.08273,1.05811,1.08042,1.08785,1.08422
1.08533,1.08655,1.07437,1.09189,1.08348,1.08116,1.08832,1.07473,1.08153,1.06667


B:
-3.45727,-2.9905,-4.26553,-0.438655,-3.01931,8.18267,0.556599,4.92268,1.25533,3.36596
50.4199,5.47503,11.9185,1.89327,-0.489146,3.02531,12.0276,-3.03027,3.03708,2.07417
1.03442,0.773676,4.8111,-2.67542,7.10083,-1.99471,-2.83882,1.88976,1.33562,2.64828


