========================================================

Test11 results 09-22-2006  21:16:01
Board ID354  30 channels
HV Tests Software Ver.1.6.1

+5V 2568 - O'k
-5V 1335 - O'k
Interlock - On
Calibration DAC Range: [2500 - 2900]


A:
Limits 0.76 +/- 0.04
0.739372,0.742115,0.743494,0.742115,0.743494,0.746269,0.736648,0.739372,0.732601,0.742115
0.742115,0.743494,0.740741,0.744879,0.738007,0.736648,0.756144,0.742115,0.738007,0.740741
0.739372,0.739372,0.744879,0.738007,0.740741,0.740741,0.736648,0.742115,0.740741,0.746269


B:
Limits 60.0 +/- 30.0
70.860512,62.082588,61.202957,51.069897,65.007919,56.771725,65.462738,67.056252,57.966793,55.422939
61.015255,53.297699,54.100208,47.070168,50.064915,69.76123,36.155251,62.594242,51.425797,50.266296
63.967896,64.756546,59.359943,66.337654,55.492535,61.810169,61.633102,51.7332,57.135872,56.506996
========================================================

Test11 results 09-24-2006  12:59:07
Board ID354  30 channels
HV Tests Software Ver.1.6.1

+5V 2570 - O'k
-5V 1334 - O'k
Interlock - On
Calibration DAC Range: [2500 - 2900]


A:
Limits 0.76 +/- 0.04
0.742115,0.742115,0.742115,0.739372,0.742115,0.747664,0.735294,0.743494,0.733945,0.743494
0.740741,0.742115,0.743494,0.744879,0.738007,0.740741,0.756144,0.740741,0.738007,0.738007
0.738007,0.739372,0.744879,0.736648,0.739372,0.740741,0.736648,0.746269,0.743494,0.746269


B:
Limits 60.0 +/- 30.0
61.153133,62.152161,67.3312,60.876472,70.415253,52.17123,70.673378,52.118927,52.847446,50.267632
65.484756,57.924496,54.292778,47.861237,49.327808,54.891224,36.408161,67.918388,52.327225,60.842239
60.293236,62.582657,58.643978,71.556091,60.876472,61.086609,62.422985,49.602371,48.08852,57.373329
========================================================

Test11 results 09-24-2006  13:07:29
Board ID354  30 channels
HV Tests Software Ver.1.6.8

+5V 2569 - O'k
-5V 1334 - O'k
Interlock - On
Calibration DAC Range: [2500 - 2900]
Number of Samples: 400

A:
Limits 0.76 +/- 0.04
0.742115,0.739372,0.743494,0.740741,0.743494,0.747664,0.736648,0.740741,0.735294,0.742115
0.742115,0.742115,0.743494,0.744879,0.738007,0.739372,0.756144,0.742115,0.739372,0.739372
0.736648,0.738007,0.744879,0.738007,0.739372,0.740741,0.738007,0.744879,0.740741,0.744879


B:
Limits 60.0 +/- 30.0
61.943439,71.785629,62.711365,56.34576,65.797516,52.322189,65.462738,61.810169,48.310097,55.554836
61.015255,57.924496,55.084557,48.652489,49.273396,60.939651,38.445282,62.663994,47.007481,55.473427
65.462738,67.753853,59.433594,67.132057,60.876472,61.810169,57.246254,54.767735,57.071854,61.161583
========================================================

Test11 results 09-24-2006  13:52:31
Board ID354  30 channels
HV Tests Software Ver.1.6.8

+5V 2566 - O'k
-5V 1334 - O'k
Interlock - On
Calibration DAC Range: [2500 - 2900]
Number of Samples: 400

A:
Limits 0.76 +/- 0.04
0.742115,0.739372,0.743494,0.742115,0.743494,0.747664,0.738007,0.740741,0.735294,0.742115
0.742115,0.742115,0.740741,0.744879,0.738007,0.739372,0.756144,0.742115,0.739372,0.740741
0.736648,0.739372,0.744879,0.738007,0.740741,0.740741,0.738007,0.744879,0.742115,0.744879


B:
Limits 60.0 +/- 30.0
62.663994,71.785629,63.428539,51.861473,65.797516,52.960331,60.963139,62.532825,48.310097,55.488888
61.015255,58.646862,57.861603,48.652489,49.273396,60.939651,39.2365,63.383823,47.742699,50.997272
65.462738,63.308132,59.433594,67.132057,56.34576,61.743618,57.920116,55.486061,53.314724,61.876999
========================================================
Test11 (DAC Calibration) results 2008-04-16 10:09:41
Board ID354 30 channels
Linux calibration software
Calibration DAC Range: [1100 - 2700]

A:
0.742115,0.739372,0.743494,0.740741,0.743149,0.747943,0.737327,0.740124,0.733272,0.741015
0.741015,0.742391,0.741565,0.743564,0.736309,0.740124,0.754646,0.741359,0.736716,0.739372
0.737599,0.737667,0.744602,0.73692,0.739167,0.740809,0.737191,0.745712,0.741221,0.74481


B:
72.4675,81.146,73.9776,66.6668,76.6837,61.7054,74.3778,74.3363,66.0861,67.914
72.212,68.2256,67.4453,62.5802,64.1602,68.563,52.7024,74.701,63.1456,65.9149
72.6719,75.3803,69.1732,79.6613,70.1932,72.201,70.881,62.8634,66.2931,72.3116


========================================================
Test11 (ADC Calibration) results 2008-06-19 12:56:33
Board ID354 30 channels
Linux calibration software

Calibration DAC Range: [1000 - 3500]

A:
0.7304,0.728,0.7316,0.7288,0.7308,0.736,0.7256,0.7292,0.722,0.7292
0.7288,0.73,0.7328,0.7312,0.7244,0.728,0.7452,0.7296,0.7244,0.7268
0.726,0.7252,0.7332,0.7252,0.7272,0.7292,0.7248,0.7336,0.7288,0.7348


B:
73.5999,81.0001,76.4,68.2,80.2001,63,75.4,73.8,66,69.8
73.2,69.9999,65.2,65.8001,64.6001,71.0001,52.8001,75.4,64.6001,68.1999
74,75.8,70.7999,81.8,70.8001,72.8,73.2,64.3999,69.2,72.2001


========================================================
Test11 (ADC Calibration) results 2008-07-17 10:58:43
Board ID354 30 channels
Linux calibration software

Calibration DAC Range: [1000 - 3500]

A:
0.73,0.7276,0.7316,0.7288,0.7308,0.7356,0.7252,0.7284,0.7216,0.7288
0.7284,0.7296,0.7324,0.7308,0.7236,0.7276,0.7448,0.7288,0.7244,0.7268
0.7256,0.7248,0.7332,0.7252,0.7268,0.7284,0.724,0.7336,0.7284,0.7368


B:
73.9999,81.4001,75.4,67.2,79.2001,63.4,75.8,74.6,66.4,70.2
73.6,70.4,66.6,66.2001,65.4001,71.4001,53.2001,76.2,63.6001,68.1999
74.4,75.2,69.7999,79.8,71.1999,73.6,74.0001,64.3999,68.6,70.2


========================================================
Test11 (ADC Calibration) results 2008-07-20 18:37:46
Board ID354 30 channels
Linux calibration software

Calibration DAC Range: [1000 - 3500]

A:
0.73,0.7276,0.732,0.7288,0.7308,0.736,0.7248,0.7284,0.7216,0.7292
0.764,0.7304,0.7356,0.7316,0.724,0.7276,0.746,0.7288,0.7244,0.7268
0.726,0.7248,0.7332,0.7248,0.7272,0.7292,0.724,0.7336,0.7288,0.7388


B:
73.9999,81.4001,75,68.2,79.2001,63,77.2,74.6,66.4,68.8
38,68.5999,63.4,64.4,65.0001,71.4001,52,77.2,64.6001,68.1999
73,76.2,70.7999,82.2,70.8001,71.8,74.0001,64.3999,68.2,68.2


========================================================
Test11 (ADC Calibration) results 2008-07-24 23:03:59
Board ID354 30 channels
Linux calibration software

Calibration DAC Range: [1000 - 3500]

A:
0.7304,0.728,0.7316,0.7284,0.7308,0.7356,0.7248,0.7284,0.7216,0.7288
0.7668,0.7304,0.7344,0.7308,0.7236,0.7276,0.7456,0.7284,0.724,0.7268
0.7256,0.7244,0.7328,0.7256,0.7268,0.7284,0.7236,0.7336,0.7288,0.738


B:
73.5999,81.0001,75.4,67.6,79.2001,63.4,77.2,74.6,66.4,70.2
35.2,68.5999,65.6001,66.2001,65.4001,71.4001,53.4001,77.6,65.0001,68.1999
74.4,76.6001,71.2,80.4,71.1999,73.6,75.4001,64.3999,68.2,69.0001


========================================================
Test11 (ADC Calibration) results 2008-08-12 23:20:39
Board ID354 30 channels
Linux calibration software

Calibration DAC Range: [1000 - 3500]

A:
0.7296,0.7272,0.732,0.728,0.7308,0.736,0.7248,0.7284,0.7212,0.7288
0.7624,0.73,0.7348,0.7308,0.7232,0.7276,0.7452,0.7284,0.7228,0.7268
0.726,0.7232,0.7328,0.7248,0.7504,0.7284,0.7236,0.7332,0.7284,0.738


B:
75.4,81.8001,75,69.0001,79.2001,62,77.2,74.6,67.8,69.2
38.6001,68.9999,64.2001,66.2001,65.7999,71.4001,53.8001,76.6,66.1999,68.1999
73,76.7999,70.2,81.2,47.6,73.6,74.4001,64.7999,69.6,69.0001


========================================================
Test11 (ADC Calibration) results 2008-08-13 01:14:42
Board ID354 30 channels
Linux calibration software

Calibration DAC Range: [1000 - 3500]

A:
0.73,0.7272,0.7324,0.728,0.7308,0.7356,0.7248,0.7284,0.7208,0.7284
0.7624,0.73,0.7348,0.7308,0.7232,0.7276,0.7452,0.7284,0.7232,0.7264
0.7256,0.7228,0.7332,0.7248,0.7504,0.7284,0.7236,0.7332,0.7288,0.738


B:
73.9999,81.8001,74.6,69.0001,79.2001,63.4,77.2,74.6,68.2001,70.6
38.6001,68.9999,64.2001,66.2001,65.7999,71.4001,53.8001,76.6,64.7999,68.5999
73.4,78.1999,69.7999,81.2,47.6,73.6,74.4001,64.7999,68.2,69.0001


========================================================
Test11 (DAC Calibration) results 2008-08-27 10:33:43
Board ID354 30 channels
Linux calibration (server mode)

Calibration DAC Range: [3100 - 3500]

A:
0.751143,0.750571,0.753143,0.747714,0.753429,0.753714,0.746857,0.749714,0.740286,0.748571
0.748857,0.749143,0.752571,0.749143,0.742,0.748,0.760571,0.750286,0.741714,0.746
0.746571,0.745143,0.752571,0.748,0.761143,0.749429,0.744857,0.751714,0.748286,0.756857


B:
0.0,0.0,0.0,0.0,0.0,0.0,0.0,0.0,0.0,0.0
0.0,0.0,0.0,0.0,0.0,0.0,0.0,0.0,0.0,0.0
0.0,0.0,0.0,0.0,0.0,0.0,0.0,0.0,0.0,0.0


========================================================
Test11 (ADC Calibration) results 2008-08-27 13:08:29
Board ID354 30 channels
Linux calibration software

Calibration DAC Range: [1000 - 3500]

A:
0.7296,0.7276,0.7324,0.7284,0.7308,0.7352,0.7252,0.728,0.7208,0.7288
0.728,0.7296,0.7352,0.7308,0.7228,0.7276,0.7456,0.728,0.7236,0.7272
0.726,0.7232,0.7328,0.7252,0.7424,0.7284,0.7236,0.7332,0.7284,0.738


B:
75.4,80.4001,74.6,68.6,79.2001,63.8,75.8,75.0001,68.2001,69.2
74.0001,69.4,66.8,65.2001,66.1999,71.4001,53.4001,77.0001,64.4001,66.8001
73,76.7999,70.2,80.8,55.6,73.6,74.4001,64.7999,68.6,70.0001


========================================================
Test11 (DAC Calibration) results 2008-08-28 18:58:25
Board ID354 30 channels
Linux calibration (server mode)

Calibration DAC Range: [3100 - 3500]

A:
0.7425,0.7375,0.7425,0.7375,0.7475,0.7425,0.7325,0.74,0.7325,0.7425
0.74,0.74,0.7475,0.745,0.735,0.74,0.755,0.735,0.7275,0.735
0.7375,0.7325,0.7425,0.7325,0.7525,0.7375,0.74,0.745,0.7375,0.7475


B:
61.2,78.7,74.2,66.7,53.7,70.2,80.2,66.0,59.2,54.2
66.0,66.0,63.7,49.5,56.5,60.0,54.5,84.5,81.7,69.5
64.7,77.2,69.2,85.2,65.3,73.7,50.0,56.5,67.7,73.7


========================================================
Test11 (DAC Calibration) results 2008-08-30 18:23:02
Board ID354 30 channels
Linux calibration (server mode)

Calibration DAC Range: [3100 - 3500]

A:
0.7425,0.74,0.7425,0.7375,0.74,0.745,0.7375,0.7375,0.73,0.735
0.735,0.74,0.7475,0.7425,0.735,0.7375,0.75,0.7375,0.7375,0.7375
0.7375,0.735,0.745,0.735,0.75,0.7375,0.7375,0.7425,0.7375,0.7475


B:
65.2,72.0,73.2,70.7,81.0,64.5,66.7,76.7,70.0,81.5
83.5,68.0,62.7,60.2,58.5,70.7,72.0,78.7,49.7,64.7
66.7,70.5,62.5,79.5,83.0,75.7,60.7,67.2,69.7,72.7


========================================================
Test11 (DAC Calibration) results 2008-08-30 21:24:24
Board ID354 30 channels
Linux calibration (server mode)

Calibration DAC Range: [3100 - 3500]

A:
0.7225,0.715,0.72,0.72,0.72,0.72,0.7125,0.715,0.71,0.715
0.7175,0.715,0.725,0.7225,0.71,0.715,0.7275,0.7175,0.7125,0.715
0.7125,0.7125,0.7275,0.7175,0.73,0.7175,0.7125,0.72,0.715,0.7275


B:
63.2,86.5,82.0,61.0,79.0,79.0,81.3,83.5,70.0,79.5
74.8,82.5,73.5,58.2,73.0,77.5,77.7,76.8,66.3,71.5
81.3,76.3,52.7,69.8,79.0,74.8,74.3,73.0,76.5,72.7


========================================================
Test11 (DAC Calibration) results 2008-08-30 21:52:06
Board ID354 30 channels
Linux calibration (server mode)

Calibration DAC Range: [3100 - 3500]

A:
0.7425,0.7375,0.7375,0.74,0.745,0.745,0.735,0.7375,0.73,0.74
0.735,0.74,0.7475,0.7425,0.735,0.7375,0.7575,0.74,0.7375,0.7375
0.7375,0.73,0.745,0.7375,0.75,0.7425,0.7325,0.745,0.7375,0.7475


B:
65.2,79.7,92.7,62.0,64.5,65.5,76.5,76.7,71.0,65.0
84.5,68.0,67.7,60.2,58.5,70.7,48.8,70.0,51.7,64.7
66.7,87.0,63.5,71.7,75.0,60.2,77.2,58.5,71.7,74.7


========================================================
Test11 (DAC Calibration) results 2008-08-31 12:06:25
Board ID354 30 channels
Linux calibration (server mode)

Calibration DAC Range: [3100 - 3500]

A:
0.7375,0.74,0.745,0.74,0.745,0.745,0.735,0.7375,0.73,0.74
0.7375,0.74,0.745,0.7425,0.735,0.7375,0.7525,0.735,0.7325,0.7375
0.7375,0.735,0.745,0.7325,0.7475,0.7375,0.7325,0.745,0.7375,0.75


B:
81.7,73.0,71.5,62.0,64.5,65.5,76.5,77.7,71.0,65.0
78.7,68.0,80.5,61.2,58.5,71.7,66.3,87.5,68.2,65.7
67.7,71.5,63.5,88.2,63.7,76.7,78.2,58.5,70.7,70.0


========================================================
Test11 (DAC Calibration) results 2008-08-31 16:15:30
Board ID354 30 channels
Linux calibration (server mode)

Calibration DAC Range: [3100 - 3500]

A:
0.7425,0.74,0.745,0.74,0.745,0.745,0.735,0.7375,0.73,0.74
0.74,0.735,0.7475,0.7425,0.735,0.7375,0.75,0.7375,0.7325,0.7375
0.7375,0.735,0.745,0.7375,0.7475,0.7375,0.7325,0.75,0.7375,0.7475


B:
65.2,73.0,68.5,62.0,64.5,65.5,76.5,76.7,71.0,65.0
69.0,85.5,68.7,60.2,58.5,70.7,73.0,78.7,67.2,64.7
66.7,71.5,63.5,71.7,72.7,75.7,77.2,43.0,71.7,76.7


========================================================
Test11 (DAC Calibration) results 2008-08-31 18:30:27
Board ID354 30 channels
Linux calibration (server mode)

Calibration DAC Range: [3100 - 3500]

A:
0.7375,0.74,0.745,0.74,0.745,0.745,0.735,0.7375,0.73,0.74
0.74,0.735,0.7475,0.7375,0.735,0.7375,0.75,0.7425,0.7325,0.7375
0.7375,0.735,0.74,0.7375,0.7475,0.74,0.7325,0.745,0.7375,0.7475


B:
81.7,73.0,70.5,62.0,64.5,65.5,76.5,77.7,71.0,65.0
69.0,85.5,69.7,76.7,58.5,71.7,73.0,62.2,66.2,65.7
67.7,71.5,81.0,70.7,81.7,69.0,76.2,58.5,70.7,75.7


========================================================
Test11 (DAC Calibration) results 2008-09-01 15:18:51
Board ID354 30 channels
Linux calibration (server mode)

Calibration DAC Range: [3100 - 3500]

A:
0.7425,0.74,0.745,0.74,0.745,0.745,0.735,0.7375,0.73,0.74
0.735,0.7425,0.745,0.7425,0.735,0.7375,0.75,0.7375,0.7325,0.7375
0.7375,0.735,0.7375,0.7375,0.7475,0.74,0.7325,0.745,0.7425,0.75


B:
65.2,73.0,65.5,62.0,64.5,65.5,76.5,76.7,71.0,65.0
84.5,59.2,71.5,60.2,58.5,70.7,73.0,78.7,65.2,64.7
66.7,71.5,87.7,71.7,80.7,69.0,77.2,58.5,54.2,64.0


