========================================================

Test10 results 12-16-2005  12:33:11
Board ID127  36 channels
HV Tests Software Ver.1.6

+5V 3046 - O'k
-5V 1358 - O'k
Interlock - On

Voltmeter channel: A=1.082251, B=14.069302

A:
Limits 1.1 +/- 0.1
1.074114,1.068947,1.077586,1.081081,1.070664,1.068376,1.077006,1.073537,1.086366,1.078167,1.066667,1.081666
1.078749,1.078167,1.072386,1.071811,1.070091,1.074691,1.081081,1.073537,1.075847,1.081081,1.081081,1.067236
1.075269,1.087548,1.082251,1.086957,1.072961,1.074691,1.082251,1.078749,1.076426,1.071237,1.087548,1.081081


B:
Limits 0.0 +/- 35.0
19.334087,7.482668,7.543225,6.486665,11.777308,13.888905,10.769841,7.514596,11.950203,8.625466,13.866459,15.143361
17.259789,15.094469,12.868753,11.790084,16.051172,15.04556,10.810989,11.808746,23.668497,8.648827,5.405584,16.008656
11.827781,17.400906,11.9048,11.956598,13.948658,18.269632,9.740297,4.314804,7.534973,11.783437,16.313358,7.567746
========================================================
Test10 (ADC Calibration) results 2008-01-23 06:00:08
Board ID127 36 channels
Linux calibration software

Voltmeter channel: A=1.08041, B=13.4121

A:
1.0742,1.06874,1.07723,1.08036,1.07001,1.06824,1.07657,1.07332,1.08665,1.07791,1.06603,1.08159
1.07882,1.07926,1.07223,1.07108,1.07055,1.0742,1.07972,1.07402,1.07627,1.08028,1.07968,1.0677
1.0753,1.08926,1.08164,1.08739,1.07329,1.07579,1.08153,1.07879,1.07524,1.07179,1.09045,1.08082


B:
13.6344,3.53708,4.75743,5.65502,10.1173,11.2448,7.68674,4.20387,6.48565,7.12752,11.352,11.0808
13.8801,10.3552,9.82952,9.64328,12.2765,11.3603,10.5611,6.87347,18.1497,7.9191,5.53296,11.0078
8.38867,9.05852,10.6863,8.35003,10.6182,12.0169,9.91296,1.43451,5.91649,7.68182,7.29234,3.30369


