========================================================

Test10 results 01-27-2005  14:05:44
Board ID294  30 channels
HV Tests Software Ver.1.6

+5V 2505 - O'k
-5V 1336 - O'k
Interlock - On

Voltmeter channel: A=1.079914, B=4.31962

A:
Limits 1.1 +/- 0.1
1.089325,1.076426,1.078167,1.077006,1.079914,1.074691,1.078167,1.084011,1.074691,1.075269
1.072386,1.076426,1.079914,1.071811,1.077006,1.085776,1.075269,1.068947,1.074691,1.078749
1.070091,1.080497,1.071811,1.086957,1.079331,1.075847,1.074691,1.075269,1.076426,1.073537


B:
Limits 0.0 +/- 30.0
7.625365,6.458547,7.547299,7.538823,8.639275,8.597414,6.469132,7.588078,10.746796,-2.150714
1.072508,5.382121,4.31962,8.57465,8.615829,3.257333,5.376168,7.482668,6.448031,5.393553
5.350263,7.563487,8.57465,7.629395e-005,3.23804,4.303246,4.298649,7.526706,6.458547,7.514596
========================================================
Test10 (ADC Calibration) results 2007-09-06 10:30:26
Board ID294 30 channels
Linux calibration software

Voltmeter channel: A=1.07327, B=-1408.06

A:
1.08868,1.07575,1.07702,1.07715,1.08006,1.07441,1.07745,1.08327,1.07565,1.07405
1.07174,1.07505,1.07982,1.07144,1.07321,1.08413,1.07425,1.06764,1.07281,1.07776
1.06964,1.08036,1.06914,1.0872,1.07766,1.07489,1.07311,1.07575,1.07244,1.07261


B:
4.7834,5.53533,6.15805,3.77966,4.24267,6.38113,5.79294,6.11926,5.51252,-1.92982
-1.91874,5.68552,1.87098,6.85305,9.25206,4.8977,3.46514,7.02095,7.36724,4.08432
3.51337,4.3367,9.019,-3.13596,3.21291,3.99569,4.381,4.53533,9.70852,5.98787


========================================================
Test10 (ADC Calibration) results 2008-06-17 15:59:19
Board ID294 30 channels
Linux calibration software

Voltmeter channel: A=1.07, B=0

A:
1.10625,1.09263,1.09436,1.09454,1.09674,1.09163,1.09464,1.10013,1.09145,1.09046
1.08874,1.092,1.09655,1.08874,1.09009,1.10106,1.09127,1.08452,1.09,1.09473
1.08577,1.09655,1.06302,1.10374,1.09527,1.09145,1.09118,1.09409,1.0864,1.08919


B:
2.66043,4.5927,4.53056,3.92505,3.87975,4.20358,3.6221,5.37758,6.5539,-1.03421
-1.61678,4.08699,0.977631,4.69797,8.67664,3.21289,3.22882,4.91826,6.14393,3.53804
3.53594,4.48642,22.115,-3.43897,1.06226,3.71602,1.34839,3.4692,9.03626,6.24078


========================================================
Test10 (ADC Calibration) results 2008-07-16 21:23:30
Board ID294 30 channels
Linux calibration software

Voltmeter channel: A=1.07, B=0

A:
1.10664,1.09361,1.09504,1.0957,1.09751,1.09229,1.09494,1.10085,1.09229,1.09135
1.08937,1.09267,1.09703,1.08919,1.09078,1.10191,1.09173,1.08535,1.09078,1.09532
1.08703,1.09684,1.05641,1.10461,1.09589,1.09191,1.09229,1.09475,1.08712,1.09003


B:
2.52634,3.03101,3.69075,2.42202,2.73148,3.37745,3.12119,4.49897,5.56204,-2.08089
-1.98879,3.02926,0.536605,3.63177,7.38853,1.54936,3.02739,3.05775,4.55265,2.99083
1.7133,4.00285,22.1398,-4.67885,0.273999,3.50831,-0.336232,3.29616,7.27945,4.59347


========================================================
Test10 (ADC Calibration) results 2008-07-19 11:34:37
Board ID294 30 channels
Linux calibration software

Voltmeter channel: A=1.07, B=0

A:
1.10664,1.09333,1.09494,1.09532,1.09741,1.09229,1.09513,1.10076,1.09201,1.09078
1.08947,1.09286,1.09703,1.08928,1.0906,1.10181,1.09173,1.08516,1.09088,1.09523
1.08647,1.09722,1.05307,1.10393,1.09551,1.09173,1.09201,1.09475,1.08675,1.09013


B:
2.08341,3.51151,3.77837,3.20984,3.03885,2.94064,2.9461,4.58669,5.60489,-1.77395
-2.51194,2.41725,-0.121721,3.54496,7.77968,1.63721,2.37213,3.88192,4.24702,2.85938
2.45133,2.99438,21.4823,-3.39494,1.28209,3.46385,0.144846,2.85798,7.62471,4.07017


========================================================
Test10 (ADC Calibration) results 2008-07-19 14:46:21
Board ID294 30 channels
Linux calibration software

Voltmeter channel: A=1.07, B=0

A:
1.10664,1.09343,1.09504,1.09542,1.09732,1.09201,1.09504,1.10057,1.09248,1.09088
1.08947,1.09257,1.09684,1.08919,1.09088,1.10153,1.09154,1.08507,1.09078,1.09532
1.08647,1.09665,1.05097,1.10441,1.09599,1.0921,1.09182,1.09475,1.08675,1.09003


B:
1.64087,3.20535,3.47192,2.90344,2.90663,3.20252,2.81506,4.76224,4.95141,-2.29825
-2.51194,2.67922,0.712326,3.41398,7.30153,2.5625,2.98323,3.96835,4.55265,2.55254
2.23408,4.17765,23.4589,-4.72226,-0.0328827,2.89674,0.319555,2.85798,7.40753,4.59347


========================================================
Test10 (ADC Calibration) results 2008-07-20 08:08:59
Board ID294 30 channels
Linux calibration software

Voltmeter channel: A=1.07, B=0

A:
1.10702,1.09333,1.09485,1.09532,1.09732,1.0921,1.09504,1.10047,1.0921,1.09069
1.0889,1.09295,1.09694,1.08928,1.0905,1.10162,1.09154,1.08526,1.0905,1.09504
1.08656,1.09665,1.05106,1.10412,1.09551,1.0921,1.09201,1.09456,1.08666,1.09013


B:
1.28712,3.29289,3.64662,3.20984,2.68734,3.55172,3.03401,5.06972,5.51756,-1.46855
-0.898543,2.11163,0.405363,3.54496,8.08469,2.03379,3.20148,3.57854,5.24917,3.25296
2.14741,3.73921,26.1095,-4.01405,0.843727,2.67837,0.144846,3.47077,7.71133,4.72435


========================================================
Test10 (ADC Calibration) results 2008-07-20 17:40:55
Board ID294 30 channels
Linux calibration software

Voltmeter channel: A=1.07, B=0

A:
1.10673,1.09343,1.09485,1.09523,1.09713,1.09248,1.09494,1.10085,1.09248,1.09069
1.08909,1.09286,1.09722,1.0889,1.0905,1.10143,1.09173,1.08516,1.09069,1.09532
1.08647,1.09694,1.05202,1.10432,1.09542,1.0921,1.09201,1.09456,1.08703,1.09003


B:
1.77395,2.98671,4.08445,3.29725,3.08243,2.9849,3.34051,4.49897,4.95141,-1.46855
-1.5087,2.63615,-0.516677,4.32825,8.08469,2.43033,2.5908,4.09878,4.85712,2.33353
2.66857,3.47684,25.8382,-4.41235,0.931636,2.67837,-0.0735026,2.81393,7.14845,4.37564


========================================================
Test10 (ADC Calibration) results 2008-07-24 12:08:22
Board ID294 30 channels
Linux calibration software

Voltmeter channel: A=1.07, B=0

A:
1.10606,1.09324,1.09456,1.09504,1.09722,1.0921,1.09475,1.10028,1.09201,1.09022
1.08909,1.09229,1.09665,1.08881,1.09069,1.10105,1.09144,1.08479,1.09022,1.09456
1.0861,1.09684,1.05474,1.10364,1.09542,1.09163,1.09163,1.09466,1.08656,1.08984


B:
2.17154,2.94252,3.90849,3.03401,2.77499,3.1151,3.07726,4.80519,5.16819,-1.90361
-2.16238,3.15905,0.66842,3.54407,7.25697,2.34161,2.41519,3.79376,5.07357,3.47077
2.58129,3.34452,25.3964,-3.79097,0.493192,2.89556,0.0576022,2.2884,7.79749,4.33128


========================================================
Test10 (ADC Calibration) results 2009-01-19 13:41:10
Board ID294 30 channels
Host: ufcmshv3
Linux calibration software

Voltmeter channel: A=1.05777, B=4.00334

A:
1.07652,1.05984,1.05034,1.04158,1.04763,1.03867,1.06235,1.05323,1.05425,1.05178
1.03859,1.05051,1.05366,0.979727,1.04535,1.06392,1.06114,1.05127,1.05144,1.0528
1.0451,1.06662,1.06157,1.0472,1.06943,1.07296,1.04092,1.05468,1.05152,1.04451


B:
3.36193,4.17451,5.54263,4.03833,6.43042,4.95358,4.78861,7.227,6.47156,-0.453195
0.255482,4.54134,2.18822,24.5834,8.79708,3.53534,4.44039,5.28866,6.38954,4.89139
4.01955,4.41436,5.30792,-2.17489,2.86316,4.93566,2.17774,3.74846,5.88878,5.83327


========================================================
Test10 (ADC Calibration) results 2009-01-19 14:05:04
Board ID294 30 channels
Host: ufcmshv3
Linux calibration software

Voltmeter channel: A=1.05812, B=3.4671

A:
1.07678,1.05993,1.05034,1.04142,1.04788,1.03884,1.0627,1.05357,1.05442,1.05161
1.03859,1.05059,1.05383,0.980244,1.0456,1.06392,1.0614,1.05135,1.05127,1.0528
1.04535,1.06636,1.06157,1.04746,1.06934,1.07349,1.04133,1.05502,1.05195,1.04476


B:
3.33007,3.66895,5.12234,4.6141,5.98135,4.37882,3.61342,6.06196,6.09915,-0.291258
-0.367359,4.67082,1.81588,24.2647,8.13999,3.32275,3.77206,4.99802,6.33993,4.89139
3.36146,4.65933,4.88354,-2.836,2.94446,3.79844,0.945074,3.21376,5.06543,5.17583


========================================================
Test10 (ADC Calibration) results 2009-01-19 16:49:28
Board ID294 30 channels
Host: ufcmshv3
Linux calibration software

Voltmeter channel: A=1.05794, B=3.62953

A:
1.07652,1.05967,1.05034,1.04133,1.04771,1.03875,1.06235,1.05366,1.05451,1.05169
1.03867,1.05067,1.05383,0.979801,1.04552,1.06339,1.06131,1.05135,1.05144,1.0528
1.04502,1.06662,1.06174,1.04712,1.06925,1.07305,1.041,1.05485,1.05169,1.0446


B:
3.79283,4.54869,5.12234,4.90219,6.35081,4.6664,4.78861,5.98148,5.80782,-0.582251
-0.447458,4.59085,2.23731,24.1182,8.21923,4.87526,3.85308,5.20824,5.96866,4.47037
4.51767,4.20109,4.93329,-2.09435,3.4546,5.28283,2.30644,3.58644,5.93805,5.75336


========================================================
Test10 (ADC Calibration) results 2009-01-21 11:34:07
Board ID294 30 channels
Host: ufcmshv3
Linux calibration software

Voltmeter channel: A=1.05794, B=3.2066

A:
1.07687,1.0601,1.05051,1.04142,1.0478,1.039,1.0627,1.05357,1.05442,1.05169
1.03842,1.05076,1.05408,0.979801,1.04569,1.06925,1.06122,1.05144,1.05144,1.05297
1.04535,1.06636,1.0614,1.04737,1.06917,1.07332,1.04142,1.05511,1.05178,1.0446


B:
2.60132,3.71821,5.17175,4.6141,5.64189,4.21955,3.61342,5.8513,6.09915,-0.582251
0.207473,4.08989,1.15154,23.5304,7.64139,12.6503,4.35933,4.70698,6.1793,4.09832
3.57032,4.44611,5.25791,-2.75553,3.10877,4.39227,0.865311,2.92196,5.43662,5.54449


