========================================================

Test11 results 01-27-2005  14:07:51
Board ID294  30 channels
HV Tests Software Ver.1.6

+5V 2504 - O'k
-5V 1335 - O'k
Interlock - On
Calibration DAC Range: [2500 - 2900]


A:
Limits 0.76 +/- 0.04
0.736648,0.744879,0.743494,0.743494,0.742115,0.744879,0.742115,0.739372,0.746269,0.743494
0.747664,0.744879,0.740741,0.747664,0.743494,0.738007,0.746269,0.750469,0.744879,0.742115
0.747664,0.742115,0.746269,0.742115,0.743494,0.744879,0.744879,0.744879,0.743494,0.747664


B:
Limits 70.0 +/- 30.0
59.387905,63.930508,63.82497,66.077599,63.043751,65.533195,69.161308,63.472755,59.364532,79.435272
69.702629,64.731941,73.099777,61.684776,65.27729,68.101952,63.37682,61.687656,68.499985,68.434952
70.159515,63.114952,66.980263,61.480705,65.65303,63.052513,69.459999,66.256256,68.478531,63.453541
========================================================
Test11 (DAC Calibration) results 2007-09-06 10:30:26
Board ID294 30 channels
Linux calibration software
Calibration DAC Range: [1100 - 2700]

A:
0.736309,0.745157,0.743909,0.744186,0.742184,0.745712,0.743978,0.739987,0.745226,0.746338
0.747943,0.745643,0.741977,0.748153,0.746547,0.73903,0.746199,0.750821,0.746826,0.743771
0.749415,0.741977,0.749766,0.741771,0.74384,0.74613,0.746617,0.745157,0.747454,0.746965


B:
64.013,66.6168,65.0735,66.3256,65.9895,65.6974,64.8286,64.6101,65.0302,73.7849
72.1766,64.8988,71.471,63.2095,62.7474,66.8361,68.1559,63.8667,64.1522,66.9021
67.3068,66.7222,61.5745,65.2295,67.5499,62.4322,66.3836,67.362,62.6832,69.1876


========================================================
Test11 (ADC Calibration) results 2008-06-17 18:39:44
Board ID294 30 channels
Linux calibration software

Calibration DAC Range: [1000 - 3500]

A:
0.7244,0.734,0.7328,0.7328,0.7304,0.7348,0.732,0.7284,0.7336,0.734
0.7364,0.7344,0.73,0.7368,0.7348,0.7276,0.7336,0.7392,0.7356,0.7312
0.7392,0.7308,0.7548,0.7308,0.7328,0.734,0.7348,0.732,0.7376,0.7356


B:
66.6001,65.9999,64.2,64.2,67.5999,65.2001,66,64.6,65.3999,74.9999
72.6,65.6001,72.9999,63.1999,64.2001,68.4001,70.3999,64.8,64.4,68.8001
64.8,67.2001,50.1999,65.2001,67.2,63.9999,68.2001,69,63.3999,69.4


========================================================
Test11 (ADC Calibration) results 2008-07-16 22:38:23
Board ID294 30 channels
Linux calibration software

Calibration DAC Range: [1000 - 3500]

A:
0.7244,0.7336,0.7324,0.732,0.7304,0.7348,0.732,0.7276,0.7332,0.7336
0.7356,0.734,0.73,0.7368,0.7348,0.7272,0.7336,0.7388,0.7352,0.7312
0.738,0.7304,0.7596,0.7304,0.7324,0.7344,0.7344,0.7316,0.7364,0.7348


B:
66.6001,66.3999,64.6,66,67.5999,65.2001,66,66.4001,66.7999,76.3999
73.4,65.9999,72.9999,63.1999,64.2001,69.8001,70.3999,66.2,64.8,68.8001
67.0001,67.5999,51.4001,65.5999,67.6,63.6001,68.6001,69.4,66.6,71.2001


========================================================
Test11 (ADC Calibration) results 2008-07-20 18:58:34
Board ID294 30 channels
Linux calibration software

Calibration DAC Range: [1000 - 3500]

A:
0.724,0.734,0.7324,0.7324,0.7304,0.734,0.7316,0.728,0.7332,0.7336
0.736,0.734,0.7296,0.7368,0.7352,0.7276,0.7336,0.7392,0.7356,0.7316
0.7376,0.73,0.7628,0.7304,0.7324,0.734,0.734,0.7316,0.7368,0.7348


B:
67.0001,65.9999,64.6,64.6,67.5999,65.9999,66.4,65.0001,65.7999,76.3999
72,65.9999,74.4,63.1999,62.8,68.4001,70.3999,63.8,63.4,67.4
67.3999,67.9999,47.2001,65.5999,67.6,64.9999,68.9999,69.4,65.2,71.2001


========================================================
Test11 (ADC Calibration) results 2008-07-24 15:42:31
Board ID294 30 channels
Linux calibration software

Calibration DAC Range: [1000 - 3500]

A:
0.7244,0.7332,0.7328,0.7316,0.7308,0.734,0.7316,0.728,0.7332,0.734
0.7356,0.734,0.7296,0.7364,0.7344,0.728,0.7332,0.7388,0.7356,0.7316
0.7376,0.73,0.7604,0.7304,0.732,0.734,0.734,0.7308,0.7368,0.7348


B:
66.6001,66.7999,63.2,65.4,65.2001,65.9999,66.4,65.0001,65.7999,75.9999
73.4,65.9999,73.4,64.6,64.6001,67.0001,70.7999,65.2,63.4,67.4
67.3999,67.9999,47.6,65.5999,68,63.9999,68.9999,71.2001,65.2,71.2001


========================================================
Test11 (ADC Calibration) results 2009-01-19 14:18:25
Board ID294 30 channels
Host: ufcmshv3
Linux calibration software

Calibration DAC Range: [1000 - 3500]

A:
0.744,0.7564,0.7628,0.7696,0.7644,0.7712,0.7544,0.7608,0.7596,0.7616
0.772,0.7628,0.7592,0.818,0.7656,0.7532,0.7556,0.7632,0.7628,0.76
0.7668,0.7512,0.7556,0.7704,0.7488,0.7464,0.77,0.76,0.7616,0.7668


B:
63.9999,65.6,65.2001,62.4001,64.6,64.8,64.5999,63.2,64.4001,72.3999
69.9999,65.2001,72.8001,45.9999,63.3999,64.8,66.4001,61.8001,62.2001,67
65.2001,64.7999,62.4001,62.6,68.2001,62.6,67.0001,66,65.3999,69.2001


========================================================
Test11 (ADC Calibration) results 2009-01-19 17:00:22
Board ID294 30 channels
Host: ufcmshv3
Linux calibration software

Calibration DAC Range: [1000 - 3500]

A:
0.744,0.7568,0.7628,0.7692,0.7648,0.7708,0.7548,0.7612,0.7596,0.7612
0.772,0.7632,0.7592,0.8184,0.7656,0.7528,0.7556,0.7624,0.7628,0.7612
0.7672,0.7512,0.7552,0.7704,0.7484,0.7464,0.7708,0.76,0.762,0.7664


B:
63.9999,64.2,65.2001,63.7999,64.2,65.2,63.1999,62.8,64.4001,73.8
69.9999,63.8001,71.8001,45.5999,63.3999,65.2,66.4001,63.6001,62.2001,63.8
63.8,64.7999,62.7999,61.6,68.6001,62.6,64.2,66,64.9999,69.6001


