========================================================

Test10 results 08-19-2005  14:01:25
Board ID052  36 channels
HV Tests Software Ver.1.6

+5V 3045 - O'k
-5V 1369 - O'k
Interlock - On

Voltmeter channel: A=1.070664, B=8.565317

A:
Limits 1.1 +/- 0.1
1.077006,1.072961,1.074114,1.072961,1.075847,1.074114,1.084599,1.077586,1.077006,1.072961,1.072386,1.071237
1.076426,1.074691,1.076426,1.062699,1.064963,1.080497,1.075847,1.081666,1.079331,1.077586,1.072386,1.082837
1.075847,1.077006,1.084011,1.077586,1.072386,1.075269,1.072961,1.074114,1.084599,1.070664,1.084599,1.077006


B:
Limits 0.0 +/- 30.0
14.000859,9.656813,13.963518,13.948658,15.061719,13.963518,18.438318,14.008742,19.385889,9.656813,16.085913,10.712199
10.764252,21.493706,16.146383,11.689907,13.844446,11.885475,19.365108,11.898364,11.872686,15.086329,19.30307,22.739752
17.213413,15.077866,10.840111,17.241501,7.506824,11.827781,10.729774,13.963518,17.353718,12.847973,15.184522,14.000859
========================================================
Test10 (ADC Calibration) results 2008-01-23 07:32:38
Board ID52 36 channels
Linux calibration software

Voltmeter channel: A=1.06878, B=8.01581

A:
1.07658,1.07338,1.07428,1.07318,1.07455,1.07384,1.08531,1.07764,1.07642,1.0723,1.07294,1.06958
1.07584,1.07531,1.07632,1.05953,1.06489,1.07974,1.07461,1.08095,1.07837,1.07692,1.07143,1.08317
1.07565,1.07746,1.08398,1.07696,1.07169,1.07568,1.0728,1.07274,1.0841,1.07116,1.08635,1.07562


B:
9.18655,3.57081,8.61495,7.55491,12.7285,9.12374,14.1129,9.57157,14.9462,6.25417,9.07752,9.82969
7.90902,13.8236,9.69218,10.2215,7.39595,8.0509,18.2953,8.19942,8.72135,12.1537,16.143,15.7012
13.7682,9.15483,6.10409,13.7968,4.66136,8.58558,6.5251,14.9699,13.1029,5.77455,11.1386,10.4166


========================================================
Test10 (ADC Calibration) results 2008-06-19 12:08:44
Board ID052 36 channels
Linux calibration software

Voltmeter channel: A=1.07, B=0

A:
1.09392,1.09029,1.09074,1.08957,1.09256,1.09011,1.10217,1.0941,1.09374,1.08894,1.08948,1.08669
1.09292,1.09156,1.09374,1.06728,1.08079,1.09693,1.0921,1.09803,1.0951,1.09356,1.08822,1.10014
1.09228,1.09356,1.10106,1.09301,1.08678,1.07752,1.08939,1.08984,1.10069,1.08786,1.10513,1.09292


B:
9.40792,3.78915,9.26178,8.59729,10.6565,10.9331,15.2991,9.24101,14.6055,7.21788,9.98762,9.50943
6.60769,15.9356,10.0118,14.3706,10.6186,8.18629,16.7504,8.49928,9.85654,12.3655,15.7175,16.0317
14.182,11.4906,6.16965,15.9243,6.8182,16.8841,7.67395,13.3615,13.9906,6.69164,11.074,10.9794


========================================================
Test10 (ADC Calibration) results 2008-07-17 09:50:45
Board ID052 36 channels
Linux calibration software

Voltmeter channel: A=1.07, B=0

A:
1.09476,1.09071,1.09118,1.08995,1.09268,1.09061,1.10249,1.09467,1.09429,1.0892,1.09014,1.08696
1.09372,1.09221,1.09448,1.06922,1.0811,1.09761,1.09249,1.09828,1.09552,1.0942,1.08883,1.10086
1.09306,1.0941,1.10153,1.09382,1.08714,1.07076,1.08995,1.09061,1.10096,1.08827,1.10587,1.09344


B:
8.19621,3.40623,9.3007,8.0247,10.7572,10.473,14.7875,8.50165,14.1014,7.40845,9.596,9.26099
5.21243,15.5578,9.1133,12.9856,10.5465,7.56129,16.6112,8.709,9.25405,11.7801,14.7228,14.9405
13.4722,11.21,5.52093,14.7508,6.26199,19.4731,7.15268,12.4362,13.5325,6.31314,9.97039,10.2844


========================================================
Test10 (ADC Calibration) results 2008-07-19 11:33:18
Board ID052 36 channels
Linux calibration software

Voltmeter channel: A=1.07, B=0

A:
1.09448,1.09033,1.09099,1.08967,1.09259,1.09042,1.1022,1.09448,1.09401,1.08939,1.08995,1.08705
1.09325,1.09202,1.09439,1.06832,1.0812,1.09761,1.09259,1.09838,1.09524,1.0941,1.08864,1.10086
1.09278,1.09372,1.10096,1.09344,1.08658,1.06706,1.08986,1.09024,1.10067,1.08808,1.10548,1.09334


B:
8.67523,3.75377,9.03736,8.28425,10.6253,10.428,14.3869,8.23767,14.1413,6.58229,9.33259,8.95732
6.30288,15.5111,8.54318,11.9054,9.59589,6.68314,15.4325,8.18228,9.29515,11.6476,14.894,14.5002
13.2934,10.8997,6.48649,15.3139,5.91053,17.7801,6.80322,12.7808,13.7929,6.48591,10.0993,9.71489


========================================================
Test10 (ADC Calibration) results 2008-07-19 17:28:33
Board ID052 36 channels
Linux calibration software

Voltmeter channel: A=1.07, B=0

A:
1.09439,1.09042,1.09108,1.08948,1.09278,1.0908,1.10172,1.0941,1.09401,1.08902,1.08995,1.08696
1.09334,1.09221,1.09439,1.0685,1.08083,1.09733,1.09259,1.09828,1.09524,1.0942,1.08892,1.10048
1.0924,1.09372,1.10115,1.09353,1.0864,1.06446,1.08986,1.09024,1.10086,1.08808,1.10538,1.09325


B:
8.54318,3.44902,8.95025,8.89256,10.0151,9.42798,15.4816,9.45935,14.36,7.36405,9.33259,8.82605
5.99762,15.121,8.98071,11.5224,10.5864,7.38383,15.8694,8.48902,9.73341,11.5614,14.2012,15.5073
14.0751,11.1183,6.09165,15.0091,6.30039,20.4168,6.80322,12.9988,13.1794,6.26847,10.1863,10.4573


========================================================
Test10 (ADC Calibration) results 2008-07-20 15:54:11
Board ID052 36 channels
Linux calibration software

Voltmeter channel: A=1.07, B=0

A:
1.0941,1.09024,1.0908,1.08948,1.09259,1.09052,1.10172,1.0942,1.0942,1.08948,1.08986,1.08742
1.09344,1.09212,1.09429,1.06778,1.08083,1.09742,1.0925,1.09847,1.09562,1.0941,1.08864,1.10067
1.09268,1.09372,1.10124,1.09372,1.0864,1.06437,1.08967,1.09042,1.10096,1.08798,1.10577,1.09363


B:
9.24059,4.05891,9.20987,8.67472,10.8437,10.7775,15.2613,9.15422,13.7498,6.06018,9.20124,8.17789
5.69159,15.207,8.6299,11.7704,10.8025,7.29654,16.174,7.87554,8.72907,11.6476,14.894,15.5541
13.5982,10.8997,5.78359,14.6182,6.30039,19.4358,7.41246,12.6089,13.5325,6.137,9.61513,9.67349


========================================================
Test10 (ADC Calibration) results 2008-07-24 14:52:16
Board ID052 36 channels
Linux calibration software

Voltmeter channel: A=1.07, B=0

A:
1.0941,1.09014,1.09052,1.08911,1.09231,1.09052,1.10201,1.09391,1.09372,1.08902,1.08986,1.08686
1.09325,1.09193,1.0941,1.06724,1.08092,1.09714,1.0924,1.098,1.09533,1.09401,1.08817,1.10048
1.09278,1.09325,1.10096,1.09334,1.08621,1.06562,1.08967,1.08995,1.10048,1.08817,1.10558,1.09278


B:
8.14649,3.49149,9.03257,8.80193,11.103,9.90504,14.3396,8.1013,14.1809,6.92817,8.76502,8.91205
5.86581,15.1606,9.02182,13.1302,10.0686,7.11873,16.0415,8.31086,8.98955,11.078,15.1049,15.0672
13.0749,10.8945,5.82581,15.1816,6.03863,19.3325,6.54067,13.2566,13.7467,5.7465,9.34801,10.671


========================================================
Test10 (ADC Calibration) results 2008-07-24 21:41:51
Board ID052 36 channels
Linux calibration software

Voltmeter channel: A=1.07, B=0

A:
1.09429,1.09005,1.09089,1.08958,1.0925,1.09042,1.1022,1.09457,1.0941,1.08883,1.08977,1.08705
1.09325,1.09212,1.0942,1.06796,1.08129,1.09742,1.0925,1.09809,1.09543,1.09382,1.08864,1.10077
1.09278,1.09382,1.10105,1.09344,1.0864,1.06679,1.08977,1.09033,1.10096,1.08798,1.10558,1.09316


B:
9.06751,4.23223,8.68721,8.58841,10.7115,10.646,14.8276,8.36937,14.4923,7.75441,9.28737,8.73996
6.30288,14.9888,9.37301,12.0291,9.72655,7.29654,16.174,8.6631,8.90248,12.1257,14.894,14.5869
13.7308,11.2506,6.39895,15.3139,5.86593,15.2579,6.67204,12.9124,13.3124,6.57247,10.2326,10.7622


========================================================
Test10 (ADC Calibration) results 2008-08-12 21:57:53
Board ID052 36 channels
Linux calibration software

Voltmeter channel: A=1.07, B=0

A:
1.09448,1.09042,1.09136,1.08995,1.09334,1.09071,1.10278,1.09476,1.09448,1.08977,1.08977,1.08724
1.09372,1.09268,1.09439,1.06778,1.08138,1.09771,1.09268,1.09876,1.09581,1.0942,1.08892,1.10124
1.09287,1.09439,1.10134,1.09372,1.08686,1.06473,1.09005,1.09089,1.10144,1.08827,1.10654,1.09344


B:
9.1133,4.53945,8.47325,8.46057,9.71489,10.387,15.1888,8.85317,13.9289,6.45375,10.1592,8.78515
5.43112,14.6909,9.41875,12.8382,9.85676,7.03518,16.0021,8.05369,8.99354,11.7801,15.0724,14.3734
14.3001,10.732,6.13694,15.2746,6.08598,17.6116,7.06646,12.3965,12.8783,6.53074,10.0211,10.503


