========================================================

Test10 results 09-28-2006  23:43:32
Board ID135  36 channels
HV Tests Software Ver.1.6.8

+5V 2534 - O'k
-5V 1329 - O'k
Interlock - On
Number of Samples: 400

Voltmeter channel: A=1.076426, B=17.222809

A:
Limits 1.1 +/- 0.1
1.074114,1.079331,1.075269,1.080497,1.075269,1.086366,1.073537,1.073537,1.086366,1.085187,1.081081,1.077006
1.078749,1.068376,1.081666,1.074691,1.078749,1.089918,1.081666,1.079914,1.082251,1.091107,1.076426,1.086366
1.086366,1.080497,1.077006,1.077586,1.077586,1.084011,1.079331,1.083424,1.081666,1.079331,1.088732,1.081666


B:
Limits 0.0 +/- 30.0
9.667063,16.19001,29.032084,9.724482,12.903049,20.641132,17.176434,8.588134,15.209301,18.448175,9.729908,19.385889
18.338537,20.29916,12.98003,10.746796,11.866045,14.168939,11.898364,16.198669,14.069302,17.45767,9.687826,11.950203
15.209301,17.28796,11.846848,29.094948,14.008742,19.512197,29.141979,19.50164,16.225027,9.714025,17.419638,17.306692
========================================================
Test10 (ADC Calibration) results 2007-09-28 10:26:05
Board ID135 36 channels
Linux calibration software

Voltmeter channel: A=1.07356, B=15.6966

A:
1.07259,1.07766,1.08228,1.07817,1.07336,1.08442,1.07107,1.07133,1.08483,1.08384,1.07909,1.07429
1.07652,1.06843,1.08024,1.07293,1.07746,1.08837,1.07941,1.07766,1.08045,1.0894,1.07411,1.08461
1.0838,1.07974,1.07591,1.07819,1.07608,1.08278,1.08801,1.08213,1.07974,1.07712,1.08765,1.07959


B:
0.175228,7.90915,7.92177,2.95541,4.56172,13.5411,10.9593,2.04744,6.82929,9.88904,1.39307,13.6534
12.5842,8.84597,4.57171,3.05114,2.92037,6.03556,5.77904,8.90915,6.23482,10.1819,3.5451,3.08173
9.9944,8.05444,2.51244,16.4638,7.37936,10.3622,7.65321,11.1852,8.13418,2.03118,8.34613,9.1546


========================================================
Test10 (ADC Calibration) results 2008-01-23 05:15:37
Board ID135 36 channels
Linux calibration software

Voltmeter channel: A=1.07429, B=15.1587

A:
1.07354,1.07821,1.08406,1.07917,1.07371,1.08614,1.07215,1.07317,1.08574,1.0851,1.07929,1.07575
1.07762,1.06958,1.08075,1.07382,1.07801,1.08847,1.08051,1.07811,1.08079,1.09036,1.07466,1.08481
1.08531,1.08114,1.07605,1.07894,1.07734,1.08268,1.08998,1.08213,1.07953,1.07821,1.08765,1.08059


B:
0.0457038,7.49614,7.83118,3.09622,7.47837,10.5835,10.6523,-0.268452,8.04912,9.97288,2.09546,10.8734
12.268,9.13137,6.09139,3.19887,2.90819,7.88384,4.40181,9.90279,6.67815,10.462,2.25714,4.79418
9.1712,7.07839,4.48634,17.4649,6.85884,12.4561,6.6293,12.2674,10.1497,1.53082,8.63374,8.97355


