========================================================

Test11 results 09-28-2006  23:46:15
Board ID135  36 channels
HV Tests Software Ver.1.6.8

+5V 2527 - O'k
-5V 1329 - O'k
Interlock - On
Calibration DAC Range: [2500 - 2900]
Number of Samples: 400

A:
Limits 0.76 +/- 0.04
0.757576,0.753296,0.754717,0.75188,0.754717,0.747664,0.756144,0.756144,0.747664,0.750469,0.75188,0.754717
0.754717,0.760456,0.750469,0.756144,0.753296,0.746269,0.750469,0.75188,0.750469,0.746269,0.754717,0.749064
0.749064,0.753296,0.756144,0.754717,0.754717,0.749064,0.753296,0.749064,0.75188,0.753296,0.749064,0.750469


B:
Limits 60.0 +/- 30.0
60.921806,59.998119,51.827236,63.898422,69.405548,60.421631,60.503963,71.056564,64.482857,51.230927,66.429588,53.452934
48.032829,58.958233,66.157494,60.802471,65.593033,57.343086,71.02803,63.805904,62.999695,54.97802,67.983452,59.17292
57.545498,53.67382,53.772514,43.060467,55.98555,60.460007,43.821758,61.998184,58.390938,67.315536,68.482269,60.475288
========================================================
Test11 (DAC Calibration) results 2007-09-28 10:26:05
Board ID135 36 channels
Linux calibration software
Calibration DAC Range: [1100 - 2700]

A:
0.757217,0.75365,0.750821,0.753296,0.756287,0.748573,0.758294,0.757719,0.748293,0.750117,0.752658,0.756787
0.755216,0.760167,0.752233,0.757361,0.753792,0.746617,0.751668,0.75365,0.752092,0.745157,0.756144,0.749204
0.749766,0.752587,0.755644,0.754432,0.755144,0.750469,0.747244,0.750539,0.752587,0.75365,0.750539,0.752304


B:
72.4562,68.2525,66.1191,68.7383,73.719,66.2206,62.6539,74.8059,71.2467,61.6879,73.9768,57.1468
55.5368,68.301,69.4405,66.5058,73.6363,65.9356,75.7776,67.4988,67.3781,67.9582,73.1568,68.9456
64.5736,65.1928,64.7681,52.0936,62.4315,65.1032,60.1347,65.0062,65.9454,75.6383,72.5116,64.0776


========================================================
Test11 (DAC Calibration) results 2008-01-23 05:15:37
Board ID135 36 channels
Linux calibration software
Calibration DAC Range: [1100 - 2700]

A:
0.756931,0.75365,0.749204,0.753367,0.75643,0.748153,0.758294,0.757576,0.747664,0.749625,0.752516,0.756144
0.755216,0.759734,0.75188,0.757504,0.753792,0.746547,0.751668,0.753722,0.752233,0.744879,0.756144,0.749064
0.749485,0.752375,0.755929,0.75429,0.754646,0.750539,0.746269,0.750539,0.752729,0.75365,0.750539,0.752375


B:
72.8451,68.8555,68.3462,67.5863,72.6172,67.3993,62.6539,75,71.9626,61.919,75.0728,59.5462
55.5368,69.1927,69.9248,66.1584,73.9378,66.1814,75.7776,67.8535,67.3342,68.0448,73.6106,69.2884
64.9616,64.8829,64.3769,52.4419,63.1166,65.1562,61.1941,65.0062,66.0522,75.789,73.112,63.9801


========================================================
Test11 (ADC Calibration) results 2008-06-19 12:56:33
Board ID135 36 channels
Linux calibration software

Calibration DAC Range: [1000 - 3500]

A:
0.746,0.7424,0.7476,0.7416,0.7448,0.7368,0.7468,0.7464,0.7364,0.74,0.7412,0.7444
0.7432,0.7524,0.7404,0.746,0.7424,0.7348,0.7396,0.7416,0.7408,0.7336,0.7448,0.7376
0.738,0.7412,0.7448,0.7436,0.7432,0.7392,0.7496,0.7392,0.7408,0.7416,0.7392,0.7404


B:
71,68.6,59.3999,70.4001,74.2001,68.2,63.2,74.6,72.6,61,74.8001,60.5999
57.8,66.6001,70.5999,67,73.6,67.2001,78.4,70.4001,67.1999,69.3999,74.2001,69.3999
66.0001,65.8001,64.2001,52.4,62.8,65.8,49.4,64.8,67.1999,77.4001,73.8,64.5999


========================================================
Test11 (ADC Calibration) results 2008-06-28 15:56:11
Board ID135 36 channels
Linux calibration software

Calibration DAC Range: [1000 - 3500]

A:
0.746,0.742,0.7476,0.7416,0.7448,0.7372,0.7468,0.7464,0.7364,0.7408,0.7412,0.7444
0.7436,0.7528,0.7404,0.7456,0.7424,0.7352,0.7404,0.742,0.7412,0.7336,0.7448,0.738
0.738,0.7412,0.7444,0.7436,0.7432,0.7392,0.7496,0.7392,0.7412,0.742,0.7392,0.7404


B:
72,70.0001,59.3999,70.4001,74.2001,67.7999,63.2,74.6,72.6,59.1999,74.8001,60.5999
57.4,65.2,70.5999,68.4001,73.6,66.8,76.5999,69.0001,66.8001,69.3999,75.2001,69.0001
67.0001,65.8001,65.5999,53.4,62.8,65.8,49.4,65.8,66.8001,76.0001,73.8,65.5999


========================================================
Test11 (ADC Calibration) results 2008-07-17 10:58:43
Board ID135 36 channels
Linux calibration software

Calibration DAC Range: [1000 - 3500]

A:
0.7456,0.742,0.75,0.7416,0.744,0.7368,0.746,0.746,0.7364,0.7444,0.7404,0.744
0.7428,0.7536,0.74,0.7452,0.7416,0.7348,0.74,0.7412,0.7404,0.7332,0.7444,0.7412
0.7372,0.7404,0.7444,0.7432,0.7444,0.7388,0.752,0.7384,0.7404,0.7416,0.7384,0.74


B:
71.4001,69.0001,59,69.4001,74.9999,68.2,65,75,71.6,57.5999,75.5999,59.9999
58.2,65.4,71,67.8001,75.4001,66.2001,77,70.8001,67.5999,69.7999,74.5999,65.8001
67.7999,66.5999,64.5999,53.8,57.5999,66.2,53.0001,65.6001,67.5999,76.4001,74.6001,66


========================================================
Test11 (ADC Calibration) results 2008-07-20 18:37:46
Board ID135 36 channels
Linux calibration software

Calibration DAC Range: [1000 - 3500]

A:
0.746,0.7416,0.7536,0.7416,0.7444,0.7364,0.7464,0.7464,0.7364,0.7456,0.7412,0.744
0.7428,0.7536,0.74,0.7452,0.742,0.7344,0.7396,0.7416,0.74,0.734,0.7444,0.7456
0.738,0.7408,0.7436,0.7796,0.7448,0.7388,0.7656,0.7388,0.7408,0.7416,0.7392,0.74


B:
71,70.4001,57.4,69.4001,74.5999,68.6,63.6,74.6,72.6,56.4001,73.8001,60.9999
58.2,67.4,71,68.8001,74.0001,67.6001,77.4,69.4001,69,67.9999,74.5999,61.4001
66.0001,66.1999,66.4,17.3999,57.2001,66.2,41.3999,65.2,67.1999,76.4001,72.8,65


========================================================
Test11 (ADC Calibration) results 2008-07-23 18:19:51
Board ID135 36 channels
Linux calibration software

Calibration DAC Range: [1000 - 3500]

A:
0.746,0.7428,0.7512,0.7416,0.7448,0.7368,0.7464,0.746,0.7372,0.746,0.7412,0.7448
0.7432,0.7544,0.7404,0.7456,0.7424,0.7352,0.74,0.7416,0.7408,0.7332,0.7444,0.7472
0.7376,0.7412,0.7444,0.7408,0.7448,0.7388,0.7688,0.7388,0.7408,0.7416,0.7388,0.7404


B:
71,67.2,60.7999,69.4001,73.2001,68.2,63.6,75,70.7999,57,73.8001,59.2001
57.8,65.5999,69.5999,68.4001,73.6,65.8,77,69.4001,67.1999,70.7999,74.5999,60.8
67.3999,64.8001,64.5999,51.1999,57.2001,66.2,38.1999,65.2,66.1999,75.4001,73.2,64.5999


========================================================
Test11 (ADC Calibration) results 2008-07-24 23:03:59
Board ID135 36 channels
Linux calibration software

Calibration DAC Range: [1000 - 3500]

A:
0.7456,0.7416,0.7524,0.7412,0.744,0.7368,0.7468,0.746,0.736,0.7472,0.7408,0.7444
0.7436,0.7544,0.74,0.7456,0.7416,0.7348,0.74,0.742,0.7404,0.7332,0.744,0.7424
0.7376,0.7412,0.744,0.7412,0.7444,0.7388,0.7524,0.7392,0.7404,0.7412,0.7388,0.74


B:
72.4001,70.4001,61.6001,70.8001,74.9999,68.2,63.2,76,74,56.8,75.1999,60.5999
57.4,66.5999,71,67.4001,75.4001,67.2001,77,69.0001,68.5999,69.7999,75.9999,65.6
67.3999,64.8001,65.9999,51.8001,58.5999,66.2,56.6001,64.8,68.5999,77.8001,74.2,66


