========================================================

Test10 results 09-07-2005  13:37:35
Board ID063  36 channels
HV Tests Software Ver.1.6

+5V 3056 - O'k
-5V 1401 - O'k
Interlock - On

Voltmeter channel: A=1.068376, B=11.752151

A:
Limits 1.1 +/- 0.1
1.078749,1.084599,1.077586,1.073537,1.077006,1.086957,1.081081,1.071811,1.071811,1.082837,1.066667,1.074691
1.074114,1.071237,1.070664,1.072961,1.067236,1.071811,1.082837,1.078749,1.082837,1.077006,1.076426,1.075847
1.069519,1.072386,1.06383,1.073537,1.077006,1.072961,1.072386,1.082837,1.072386,1.077586,1.074114,1.074114


B:
Limits 0.0 +/- 35.0
5.393553,-2.169057,5.388053,12.882283,-0.000219,3.260946,5.405584,11.790084,16.07733,8.662871,7.466458,15.04556
11.81529,3.213538,6.423989,6.437928,12.806949,6.431027,3.248686,7.55105,6.497197,10.769841,8.6114,-1.07599
5.34771,9.651596,9.574496,5.367522,15.077866,9.656813,10.723982,6.497197,8.57921,0.000122,9.667063,16.111746
========================================================
Test10 (ADC Calibration) results 2008-02-05 11:38:15
Board ID63 36 channels
Linux calibration software

Voltmeter channel: A=1.06819, B=6.36465

A:
1.07838,1.08586,1.07956,1.07667,1.07616,1.08622,1.08222,1.07992,1.07558,1.08228,1.06946,1.07461
1.07562,1.07084,1.0697,1.07275,1.06707,1.07121,1.0838,1.08036,1.08335,1.07683,1.07592,1.07503
1.06902,1.07125,1.06492,1.07332,1.07863,1.07455,1.07138,1.08535,1.07212,1.07893,1.07381,1.0737


B:
0.754974,-3.89898,2.72742,7.66661,-0.334519,0.867507,1.24893,7.34331,11.9375,4.84391,3.36915,11.8499
8.6353,0.249112,3.78771,3.18332,8.01535,2.77711,5.16014,6.0957,2.61181,8.8881,4.18025,-3.88226
2.274,7.66009,5.10139,1.80605,11.2875,4.90712,10.6363,2.5769,4.61261,-3.50793,9.96374,12.9585


