========================================================

Test10 results 02-01-2005  14:19:28
Board ID278  30 channels
HV Tests Software Ver.1.6

+5V 2519 - O'k
-5V 1347 - O'k
Interlock - On

Voltmeter channel: A=1.078167, B=3.234631

A:
Limits 1.1 +/- 0.1
1.068947,1.080497,1.071237,1.075269,1.077006,1.073537,1.070664,1.082251,1.078167,1.070664
1.081081,1.072386,1.070091,1.074114,1.071811,1.086366,1.085187,1.075847,1.067806,1.075269
1.069519,1.069519,1.071237,1.072961,1.081081,1.072386,1.071811,1.072961,1.068947,1.078749


B:
Limits 0.0 +/- 30.0
3.20688,6.48299,5.356012,2.150361,4.307805,5.367522,3.211998,4.329042,4.312799,8.565317
6.486665,3.21728,6.420354,5.370607,8.57465,5.432007,5.425929,5.379094,6.406877,7.526706
3.208673,4.278192,6.42725,5.364967,3.243422,7.506824,5.359216,5.364967,3.862381e-005,8.629799
========================================================
Test10 (ADC Calibration) results 2007-09-06 15:26:46
Board ID278 30 channels
Linux calibration software

Voltmeter channel: A=1.02795, B=-1308.88

A:
1.06822,1.0801,1.07101,1.07374,1.07711,1.07323,1.05326,1.08186,1.07832,1.07149
1.0814,1.07185,1.06879,1.08792,1.07317,1.0861,1.08439,1.07604,1.06761,1.07333
1.06862,1.06923,1.07135,1.07256,1.07974,1.07327,1.0699,1.07175,1.06764,1.07897


B:
0.683001,3.0309,1.24915,1.91108,0.453823,2.7556,1.88164,1.38371,-0.296042,3.22592
1.73243,0.641548,4.8893,1.03414,4.01804,3.55916,3.23882,2.50173,2.86215,8.28018
2.10293,2.45889,2.61584,2.90228,3.33486,0.961769,5.54877,4.37099,0.147913,4.72016


========================================================
Test10 (ADC Calibration) results 2007-09-06 16:24:10
Board ID278 30 channels
Linux calibration software

Voltmeter channel: A=1.02917, B=-1312.94

A:
1.06778,1.0803,1.07135,1.07428,1.07701,1.07313,1.05316,1.08196,1.07883,1.07169
1.08119,1.07131,1.06427,1.08697,1.07222,1.08576,1.08439,1.07475,1.06717,1.07388
1.06852,1.06913,1.07175,1.07147,1.07929,1.07327,1.0698,1.07175,1.06657,1.07852


B:
1.24448,2.37259,-0.25556,0.144631,0.583264,2.88441,2.01065,1.05446,-0.741945,3.16673
1.99143,0.933045,15.8566,2.653,5.62774,3.6017,3.23882,5.62232,3.2218,6.51303
2.43217,2.5879,1.29923,5.35909,3.90163,0.961769,5.87733,4.37099,2.59613,6.16728


========================================================
Test10 (ADC Calibration) results 2008-06-17 15:59:19
Board ID278 30 channels
Linux calibration software

Voltmeter channel: A=1.07, B=0

A:
1.08514,1.0971,1.08757,1.09091,1.09363,1.08964,1.0696,1.09784,1.09409,1.08892
1.09765,1.08829,1.08104,1.10504,1.08991,1.10253,1.10124,1.09291,1.08407,1.09127
1.08523,1.08559,1.08793,1.08874,1.09637,1.08964,1.08748,1.08901,1.08015,1.09491


B:
-1.08982,2.22622,1.86663,1.16342,1.04587,2.77325,1.44445,2.42985,1.28103,3.00641
3.47669,0.761908,11.8251,0.0066371,3.61195,2.961,1.94251,3.03014,2.51494,4.75637
1.86509,2.1827,1.96738,3.17344,3.33919,2.11936,3.25519,2.26951,3.35772,6.21691


