========================================================

Test11 results 02-01-2005  14:24:59
Board ID278  30 channels
HV Tests Software Ver.1.6

+5V 2517 - O'k
-5V 1348 - O'k
Interlock - On
Calibration DAC Range: [2500 - 2900]


A:
Limits 0.76 +/- 0.04
0.756144,0.747664,0.754717,0.75188,0.750469,0.753296,0.756144,0.749064,0.747664,0.757576
0.749064,0.753296,0.757576,0.75188,0.75188,0.743494,0.744879,0.75188,0.759013,0.750469
0.756144,0.756144,0.754717,0.759013,0.749064,0.75188,0.753296,0.753296,0.754717,0.750469


B:
Limits 70.0 +/- 30.0
62.137352,62.919991,60.711006,65.494331,62.200672,62.303249,59.100594,56.069866,70.653999,47.425083
55.095863,65.346405,52.909554,63.693378,65.929924,63.257912,63.559162,61.452057,54.409309,64.356804
62.037666,61.329151,61.423344,55.226322,60.761387,66.736694,67.576134,63.825657,69.912064,55.095219
========================================================
Test11 (DAC Calibration) results 2007-09-06 15:26:46
Board ID278 30 channels
Linux calibration software
Calibration DAC Range: [1100 - 2700]

A:
0.756859,0.748153,0.754503,0.752587,0.75061,0.752941,0.767607,0.747314,0.749766,0.754931
0.748013,0.75429,0.756072,0.743149,0.753367,0.744394,0.745573,0.751738,0.757289,0.75287
0.756573,0.756144,0.754646,0.758006,0.748783,0.753296,0.755287,0.754361,0.757648,0.749695


B:
64.6167,65.0052,66.3303,67.4506,66.4103,66.8141,64.4981,65.717,66.9728,61.3663
62.5059,67.0753,63.5762,65.9824,62.9155,64.1015,65.1444,65.1568,65.392,61.039
65.1598,64.0831,64.7768,63.6536,66.6791,66.0263,66.314,64.2621,63.6896,61.0719


========================================================
Test11 (DAC Calibration) results 2007-09-06 16:24:10
Board ID278 30 channels
Linux calibration software
Calibration DAC Range: [1100 - 2700]

A:
0.756787,0.748013,0.754646,0.752587,0.75068,0.753012,0.767681,0.747245,0.749415,0.754788
0.748153,0.75429,0.759662,0.743425,0.75365,0.744255,0.745573,0.75188,0.757217,0.75287
0.756644,0.756215,0.754361,0.758006,0.748713,0.753296,0.755358,0.754361,0.757648,0.749625


B:
64.7147,65.4979,66.1352,67.4506,66.3132,66.717,64.3988,65.963,67.3068,61.4115
62.3118,67.3769,54.7051,65.3005,62.2233,64.5922,65.1444,64.6617,65.6413,61.039
64.9107,63.9852,65.7709,63.6536,66.7759,66.0263,66.0655,64.2621,63.6896,61.3193


========================================================
Test11 (ADC Calibration) results 2008-06-17 18:39:44
Board ID278 30 channels
Linux calibration software

Calibration DAC Range: [1000 - 3500]

A:
0.7448,0.7368,0.7436,0.7412,0.7392,0.742,0.7564,0.736,0.7388,0.7424
0.7368,0.7428,0.7476,0.7312,0.742,0.7332,0.7336,0.7396,0.746,0.7408
0.7452,0.7448,0.7428,0.7464,0.7372,0.742,0.7432,0.7424,0.7492,0.7384


B:
66.2001,65.2,64.4,66.8001,66.8,66.0001,63.6,66,66.2,62.6
61.1999,67.2,58.3999,67.8001,63.0001,64.7999,67.3999,66.4,65,63.1999
64.8001,64.2001,66.2,64.6,66.7999,66.0001,67.8,65.6,60.8,60.6001


========================================================
Test11 (ADC Calibration) results 2008-07-16 22:38:23
Board ID278 30 channels
Linux calibration software

Calibration DAC Range: [1000 - 3500]

A:
0.7448,0.7364,0.7432,0.7404,0.7384,0.7412,0.756,0.736,0.7384,0.7424
0.736,0.7428,0.7476,0.7304,0.7416,0.7328,0.7332,0.7388,0.7456,0.7404
0.7452,0.7444,0.7428,0.746,0.7368,0.7416,0.7428,0.742,0.7568,0.7376


B:
66.2001,65.6,65.8,68.5999,68.6001,67.8001,65.0001,66,66.6001,61.6
63,67.2,58.3999,69.5999,63.4001,65.2,67.7999,67.2,65.4001,63.5999
64.8001,64.5999,66.2,65,68.2,66.4001,68.2,66.0001,56.2,63.3999


========================================================
Test11 (ADC Calibration) results 2008-07-20 18:58:34
Board ID278 30 channels
Linux calibration software

Calibration DAC Range: [1000 - 3500]

A:
0.7444,0.7364,0.7428,0.7408,0.7388,0.7416,0.756,0.7356,0.7384,0.742
0.7364,0.7424,0.7476,0.7312,0.7412,0.7324,0.7336,0.74,0.7452,0.7408
0.7448,0.7444,0.7428,0.7464,0.7364,0.7412,0.7428,0.742,0.7572,0.7376


B:
66.5999,65.6,66.2,67.1999,67.2,66.4001,65.0001,66.4,66.6001,63.0001
61.6,67.6,58.3999,67.8001,63.8001,65.6,66.3999,65,66.8001,63.1999
65.2001,64.5999,66.2,64.6,68.6,66.8001,68.2,66.0001,58.8,62.3999


========================================================
Test11 (ADC Calibration) results 2008-07-24 15:42:31
Board ID278 30 channels
Linux calibration software

Calibration DAC Range: [1000 - 3500]

A:
0.7452,0.736,0.7424,0.7408,0.7384,0.7416,0.756,0.7356,0.738,0.742
0.7368,0.742,0.7472,0.7308,0.7408,0.7328,0.7336,0.7392,0.7448,0.7404
0.7448,0.744,0.7424,0.7468,0.7368,0.7416,0.7428,0.742,0.76,0.7376


B:
64.8001,66,66.6,67.1999,67.6001,66.4001,65.0001,66.4,67.0001,62.0001
62.1999,68.0001,58.8,68.2001,64.1999,65.2,66.3999,66.8,67.2001,63.5999
65.2001,64.9999,65.6,63.2,67.2,66.4001,68.2,66.0001,54,62.3999


