========================================================

Test10 results 03-21-2006  17:25:05
Board ID383  30 channels
HV Tests Software Ver.1.6

+5V 2512 - O'k
-5V 1305 - O'k
Interlock - On

Voltmeter channel: A=1.088139, B=9.793203

A:
Limits 1.1 +/- 0.1
1.084599,1.091703,1.076426,1.075269,1.074114,1.082837,1.091107,1.079914,1.089325,1.078749
1.079331,1.086366,1.077006,1.073537,1.086366,1.081081,1.090513,1.076426,1.074114,1.085776
1.081666,1.082837,1.088139,1.089325,1.090513,1.082251,1.086366,1.085187,1.079914,1.075847


B:
Limits 0.0 +/- 35.0
6.507732,5.458513,5.382121,10.752512,12.889404,5.41436,4.36438,9.719189,7.625365,9.708548
7.555364,8.691105,10.769841,12.882283,7.604739,9.729908,7.633686,4.305695,7.518835,11.943543
9.735032,9.745708,7.616924,6.53604,9.814711,7.575796,7.604739,8.68149,8.639275,7.530788
========================================================
Test10 (ADC Calibration) results 2008-06-04 04:44:09
Board ID383 30 channels
Linux calibration software

Voltmeter channel: A=1.03338, B=-1288.58

A:
1.08433,1.09115,1.07537,1.07533,1.07381,1.0816,1.09014,1.08038,1.0908,1.0786
1.0784,1.0866,1.07735,1.07334,1.08439,1.08154,1.08989,1.07533,1.07361,1.087
1.08366,1.08332,1.08837,1.08948,1.08989,1.0818,1.0866,1.08483,1.07927,1.07492


B:
6.0608,3.82137,4.68128,6.73012,9.7423,5.31832,4.42533,4.26887,3.04983,5.46572
6.88131,4.33071,6.14562,10.2672,8.23882,6.79505,6.21197,3.93007,4.85327,4.81341
5.56379,5.20526,4.34878,5.36506,7.41192,5.62329,4.4173,6.95295,7.69031,6.52192


========================================================
Test10 (ADC Calibration) results 2008-06-16 13:15:44
Board ID383 30 channels
Linux calibration software

Voltmeter channel: A=1.07, B=0

A:
1.08805,1.09317,1.07848,1.07884,1.07687,1.0846,1.09308,1.08288,1.09326,1.08162
1.08189,1.08914,1.08054,1.07696,1.08823,1.08451,1.09354,1.07857,1.07687,1.08969
1.08623,1.08532,1.09079,1.09207,1.09326,1.08505,1.08942,1.08787,1.0827,1.07803


B:
4.00063,5.8692,5.2097,5.52674,10.3546,4.98917,4.42261,5.91409,4.03655,5.77444
4.66047,5.39557,5.6853,8.1188,6.66331,5.93949,4.66007,4.48011,4.75506,6.63864
6.75142,6.27822,5.20208,5.34273,6.66067,5.00809,5.36316,6.34334,6.29623,6.4846


========================================================
Test10 (ADC Calibration) results 2008-06-17 07:08:50
Board ID383 30 channels
Linux calibration software

Voltmeter channel: A=1.07, B=0

A:
1.1006,1.10597,1.09083,1.09111,1.08912,1.0972,1.10541,1.09501,1.10579,1.09401
1.09392,1.1018,1.09265,1.0893,1.10097,1.09702,1.1056,1.09092,1.08948,1.10291
1.09904,1.09785,1.10319,1.10476,1.1056,1.09739,1.1018,1.10023,1.09501,1.09065


B:
2.94885,4.45069,4.2514,4.65557,9.53693,3.86328,3.63185,5.65494,2.85042,4.60478
4.6883,4.0554,5.20211,6.75711,4.59303,4.46969,4.34664,2.8589,3.32238,3.70481
5.03905,5.47082,3.89262,4.2233,6.11583,4.57328,4.49601,5.48622,5.87389,4.41798


========================================================
Test10 (ADC Calibration) results 2009-01-14 17:47:55
Board ID383 30 channels
Host: ufcmshv3
Linux calibration software

Voltmeter channel: A=1.05958, B=5.26526

A:
1.0446,1.04636,1.06131,1.04359,1.04737,1.03792,1.05357,1.06253,1.05186,1.054
1.05195,1.042,1.04426,1.04932,1.03884,1.05152,1.04092,1.02419,1.04485,1.04284
1.06697,0.972763,1.03884,1.05187,1.05477,1.04359,1.03528,1.05229,1.03826,1.04737


B:
2.61957,5.32835,4.91439,5.04129,9.81295,4.21561,4.16589,5.26374,3.88395,5.02684
4.85525,4.68105,4.61068,5.03668,5.62578,4.83726,4.67625,10.0216,5.09558,5.55135
6.64797,14.7859,4.79466,5.56663,6.4096,4.62396,5.30377,5.79586,5.5588,5.20461


========================================================
Test10 (ADC Calibration) results 2009-01-15 08:46:35
Board ID383 30 channels
Host: ufcmshv3
Linux calibration software

Voltmeter channel: A=1.05924, B=6.0133

A:
1.04426,1.04611,1.06114,1.04359,1.04754,1.03784,1.05348,1.06261,1.05178,1.05391
1.05195,1.04208,1.04426,1.04915,1.03875,1.05152,1.04067,1.02475,1.0446,1.04275
1.06697,0.9732,1.039,1.05186,1.05468,1.04367,1.03536,1.05212,1.03842,1.0472


B:
2.93976,5.56838,5.2895,5.04129,9.4438,4.50263,4.4572,4.96933,4.17453,5.5287
5.06543,4.80945,4.81948,4.77807,5.70516,4.83726,5.3312,8.04052,5.96223,5.83938
6.64797,12.7865,4.21955,5.77736,6.06871,4.54392,5.01734,5.74618,4.77668,5.15554


