========================================================

Test11 results 03-21-2006  17:27:13
Board ID383  30 channels
HV Tests Software Ver.1.6

+5V 2509 - O'k
-5V 1305 - O'k
Interlock - On
Calibration DAC Range: [2500 - 2900]


A:
Limits 0.76 +/- 0.04
0.747664,0.744879,0.753296,0.75188,0.753296,0.750469,0.742115,0.749064,0.743494,0.749064
0.750469,0.744879,0.75188,0.756144,0.743494,0.746269,0.743494,0.753296,0.756144,0.743494
0.746269,0.746269,0.744879,0.750469,0.744879,0.750469,0.746269,0.747664,0.749064,0.754717


B:
Limits 60.0 +/- 40.0
52.799881,47.202923,56.1064,57.587292,55.924511,47.567993,57.047585,57.523918,57.227184,59.867668
56.074711,57.240967,52.990292,45.892448,63.332333,63.533146,54.127052,54.576633,47.700844,61.790707
63.613491,60.38118,55.769394,46.828701,46.459316,50.004452,54.445282,51.255817,58.249756,50.558258
========================================================
Test11 (DAC Calibration) results 2008-06-04 04:44:09
Board ID383 30 channels
Linux calibration software
Calibration DAC Range: [1100 - 2700]

A:
0.74599,0.741702,0.752587,0.752233,0.753296,0.747873,0.742391,0.748713,0.741565,0.750328
0.750469,0.74481,0.750821,0.754006,0.745573,0.748293,0.742184,0.752233,0.753438,0.744532
0.746826,0.746687,0.743218,0.746617,0.742184,0.747733,0.74481,0.745643,0.749485,0.752516


B:
60.0896,62.0621,62.1825,61.1659,59.6987,62.2511,60.8017,63.0323,64.7756,60.7953
61.3509,62.4802,61.6142,57.9641,61.4166,60.621,62.4269,63.2722,61.7631,62.1219
62.3597,63.1509,63.8053,62.9491,61.5364,63.6415,63.225,62.6619,60.4647,62.1295


