========================================================

Test10 results 06-22-2005  15:23:08
Board ID333  30 channels
HV Tests Software Ver.1.6

+5V 2528 - O'k
-5V 1309 - O'k
Interlock - On

Voltmeter channel: A=1.078167, B=7.547299

A:
Limits 1.1 +/- 0.1
1.082837,1.078749,1.075269,1.075269,1.085776,1.075847,1.078167,1.077586,1.076426,1.078749
1.070664,1.077586,1.069519,1.071237,1.071811,1.071811,1.072961,1.071811,1.06553,1.080497
1.074691,1.074114,1.078749,1.080497,1.079914,1.078167,1.072386,1.076426,1.083424,1.069519


B:
Limits 0.0 +/- 30.0
5.41436,2.157307,6.451437,7.526706,4.343109,6.454941,7.547299,5.388053,8.6114,4.314804
7.494653,8.620811,6.417229,4.284775,-1.071652,9.646461,3.219044,3.215594,8.524389,5.402493
-0.000115,4.296494,3.236055,8.643984,8.639275,7.547299,6.434438,16.146383,7.583981,6.417229
========================================================

Test10 results 03-29-2006  12:19:53
Board ID333  30 channels
HV Tests Software Ver.1.6

+5V 2531 - O'k
-5V 1311 - O'k
Interlock - On

Voltmeter channel: A=1.077586, B=8.620811

A:
Limits 1.1 +/- 0.1
1.084011,1.078749,1.075269,1.075847,1.085776,1.079331,1.05042,1.077586,1.076426,1.079331
1.069519,1.077586,1.069519,1.071237,1.071237,1.074114,1.071811,1.071811,1.066098,1.081081
1.074114,1.074114,1.078749,1.081666,1.080497,1.078749,1.072386,1.076426,1.077006,1.068947


B:
Limits 0.0 +/- 35.0
2.168024,3.236055,6.451437,5.379094,3.257333,3.23804,13.655474,4.310467,7.534973,4.317371
9.625785,8.620811,6.417229,3.213538,2.142301,7.518835,6.431027,3.215594,5.330442,3.243422
1.074152,4.296494,1.078558,5.408369,6.48299,5.393553,5.362052,15.069958,7.538823,7.482668
========================================================
Test10 (ADC Calibration) results 2008-06-04 10:58:31
Board ID333 30 channels
Linux calibration software

Voltmeter channel: A=1.07172, B=-1206.54

A:
1.08309,1.07787,1.0743,1.0743,1.08399,1.07753,1.04967,1.07577,1.07587,1.07928
1.06894,1.07731,1.06867,1.06884,1.07031,1.07366,1.07142,1.06964,1.06526,1.07952
1.07329,1.07272,1.07831,1.08069,1.07992,1.07761,1.07149,1.07623,1.07516,1.06878


B:
0.225214,0.824112,3.19678,4.34538,2.39194,3.61106,8.91402,4.70261,4.6508,0.0796347
6.04475,4.35337,3.50853,3.16575,-0.176477,3.15979,2.86629,3.14366,3.98808,1.77337
-1.30233,2.64798,-1.04928,3.49715,3.1023,3.15725,2.31267,10.0369,5.81788,3.11831


========================================================
Test10 (ADC Calibration) results 2008-06-16 13:15:45
Board ID333 30 channels
Linux calibration software

Voltmeter channel: A=1.07, B=0

A:
1.08659,1.08072,1.07741,1.07759,1.08732,1.08072,1.05289,1.07893,1.07839,1.08171
1.07216,1.07982,1.07146,1.07296,1.07376,1.07652,1.07465,1.07323,1.06732,1.0827
1.07625,1.07589,1.08054,1.08324,1.08252,1.08027,1.075,1.08,1.07893,1.07137


B:
-0.534777,1.41311,4.04469,4.09494,2.27524,2.70992,7.127,4.14992,5.50811,0.715538
5.45987,5.48231,4.82959,0.429276,-0.958152,4.00794,2.08321,1.6843,5.25463,1.53258
-1.34157,1.5724,-0.581894,4.49945,4.9463,3.98867,2.39795,7.26104,4.36565,4.26884


========================================================
Test10 (ADC Calibration) results 2008-06-17 07:08:50
Board ID333 30 channels
Linux calibration software

Voltmeter channel: A=1.07, B=0

A:
1.09922,1.09319,1.08984,1.08984,1.09987,1.09337,1.06495,1.09147,1.09083,1.09392
1.08436,1.09246,1.084,1.08525,1.08633,1.08894,1.08687,1.08534,1.07955,1.09501
1.08822,1.08849,1.09328,1.09556,1.09474,1.09256,1.08741,1.09228,1.09129,1.08373


B:
-2.38392,-0.546295,2.98861,2.55291,0.542904,1.25366,6.17851,2.13922,4.03328,0.0938972
4.36692,3.83985,2.96448,-0.804019,-2.89191,2.73333,0.952846,0.849307,4.50722,0.398832
-1.8232,-0.550235,-2.59816,3.18105,3.71655,2.88227,1.10454,6.41004,3.39763,2.56279


