========================================================

Test11 results 06-22-2005  15:24:25
Board ID333  30 channels
HV Tests Software Ver.1.6

+5V 2528 - O'k
-5V 1310 - O'k
Interlock - On
Calibration DAC Range: [2500 - 2900]


A:
Limits 0.76 +/- 0.04
0.740741,0.746269,0.747664,0.747664,0.742115,0.747664,0.747664,0.747664,0.744879,0.743494
0.750469,0.746269,0.75188,0.750469,0.749064,0.750469,0.750469,0.75188,0.754717,0.743494
0.747664,0.750469,0.744879,0.746269,0.743494,0.744879,0.75188,0.744879,0.742115,0.75188


B:
Limits 60.0 +/- 30.0
74.419579,69.409096,67.636696,67.721756,63.758144,70.133591,62.423496,65.562004,76.920792,74.480392
72.483345,63.77692,67.785767,70.87632,75.464325,64.626686,64.805328,64.132278,68.404663,72.230667
75.671707,64.894737,72.352768,77.982628,69.742973,73.959824,58.580193,68.096268,72.168175,69.488693
========================================================

Test11 results 03-29-2006  12:21:51
Board ID333  30 channels
HV Tests Software Ver.1.6

+5V 2531 - O'k
-5V 1311 - O'k
Interlock - On
Calibration DAC Range: [2500 - 2900]


A:
Limits 0.76 +/- 0.04
0.740741,0.746269,0.749064,0.749064,0.740741,0.744879,0.764818,0.746269,0.746269,0.744879
0.753296,0.746269,0.75188,0.750469,0.750469,0.747664,0.75188,0.750469,0.754717,0.744879
0.749064,0.749064,0.744879,0.747664,0.746269,0.746269,0.750469,0.747664,0.747664,0.75188


B:
Limits 60.0 +/- 40.0
76.02639,69.492363,64.028847,63.309231,70.547333,73.959824,68.08316,71.653915,73.091064,71.549149
63.352089,65.304985,68.589958,72.483345,71.061554,71.654289,60.99902,70.968849,70.012306,68.654747
71.902428,71.00798,73.959824,74.325142,59.988552,68.60453,64.805328,60.006367,68.782837,71.614914
