========================================================

Test10 results 03-29-2006  15:21:11
Board ID441  30 channels
HV Tests Software Ver.1.6

+5V 2513 - O'k
-5V 1308 - O'k
Interlock - On

Voltmeter channel: A=1.080497, B=8.643984

A:
Limits 1.1 +/- 0.1
1.075269,1.071811,1.076426,1.077586,1.074691,1.067806,1.053186,1.072961,1.079331,1.082251
1.074114,1.082251,1.076426,1.089325,1.086366,1.079914,1.071237,1.081081,1.080497,1.082837
1.082251,1.078749,1.077586,1.075269,1.075847,1.088732,1.081081,1.075847,1.057642,1.086957


B:
Limits 0.0 +/- 35.0
5.376168,9.646461,4.305695,5.388053,6.448031,5.339071,6.318916,5.364967,5.396702,8.658047
3.22238,7.575796,6.458547,6.53604,5.432007,4.31962,4.284775,6.486665,7.563487,5.41436
14.069302,6.472301,7.543225,5.376168,4.303246,8.709784,6.486665,2.151552,5.288031,5.434859


========================================================
Test10 (ADC Calibration) results 2008-05-15 11:59:55
Board ID441 30 channels
Linux calibration software

Voltmeter channel: A=1.06435, B=-1450

A:
1.07565,1.07274,1.07616,1.07787,1.07549,1.06801,1.05259,1.07304,1.07974,1.083
1.07374,1.08374,1.07676,1.08869,1.08682,1.07968,1.07113,1.08149,1.08189,1.0829
1.08481,1.07928,1.07797,1.07506,1.07575,1.09004,1.08139,1.07485,1.05818,1.08732


B:
1.56307,3.77014,2.39551,2.40768,1.04743,1.21755,4.53847,1.45717,2.4142,4.44551
1.35692,1.27732,3.49967,5.56825,2.95602,3.49183,0.757897,2.37564,1.66108,2.85711
5.52927,3.20615,4.20135,2.51947,1.38578,1.0386,2.50454,1.59339,1.99004,1.31251


========================================================
Test10 (ADC Calibration) results 2008-06-19 12:08:44
Board ID441 30 channels
Linux calibration software

Voltmeter channel: A=1.07, B=0

A:
1.09297,1.08971,1.09343,1.0947,1.09179,1.08459,1.06977,1.08962,1.09634,1.10001
1.09052,1.10084,1.09415,1.10649,1.10444,1.09698,1.08737,1.09826,1.09854,1.1001
1.1013,1.09652,1.09479,1.09179,1.09333,1.10779,1.09817,1.0917,1.07449,1.10444


B:
-1.05857,2.61939,0.0508254,1.49778,1.34532,1.07679,0.780701,1.39558,1.29605,3.19225
0.339014,1.11067,0.908703,3.00032,1.55264,0.486065,1.09375,1.06036,1.68519,1.34801
3.77096,1.12762,1.19473,2.21894,1.88438,1.80957,1.8032,0.774578,0.829012,0.4482


