========================================================

Test11 results 03-29-2006  15:22:27
Board ID441  30 channels
HV Tests Software Ver.1.6

+5V 2515 - O'k
-5V 1308 - O'k
Interlock - On
Calibration DAC Range: [2500 - 2900]


A:
Limits 0.76 +/- 0.04
0.749064,0.75188,0.749064,0.747664,0.747664,0.754717,0.764818,0.750469,0.744879,0.743494
0.749064,0.744879,0.749064,0.740741,0.742115,0.744879,0.750469,0.747664,0.744879,0.743494
0.744879,0.746269,0.747664,0.753296,0.747664,0.739372,0.744879,0.750469,0.763359,0.742115


B:
Limits 60.0 +/- 40.0
61.697353,59.207615,60.085659,61.617786,69.243736,61.651638,60.742695,64.000076,67.690369,62.886345
67.791542,64.055809,60.169781,58.007362,58.920807,66.806915,67.66246,52.334965,63.017776,65.301613
53.5704,63.857269,60.169003,63.396408,68.440216,62.520744,63.094883,58.79443,57.86974,59.86657
========================================================
Test11 (DAC Calibration) results 2008-05-15 11:59:55
Board ID441 30 channels
Linux calibration software
Calibration DAC Range: [1100 - 2700]

A:
0.748223,0.750258,0.747873,0.746687,0.748713,0.753579,0.764234,0.750047,0.745018,0.743149
0.749555,0.743011,0.747454,0.738894,0.740535,0.745434,0.751385,0.744186,0.743909,0.743218
0.741909,0.745712,0.746617,0.7528,0.748153,0.738348,0.744255,0.748783,0.760963,0.740192


B:
68.6493,67.795,68.8324,68.8258,69.3215,69.7062,67.6729,70.3355,69.3427,67.3199
70.4114,74.7934,68.8127,67.0267,68.4347,68.0208,69.2495,68.8558,69.388,69.3051
66.5213,68.2329,66.6822,68.6647,70.3919,69.857,68.7597,68.6258,68.5913,69.6522


========================================================
Test11 (ADC Calibration) results 2008-06-19 12:56:33
Board ID441 30 channels
Linux calibration software

Calibration DAC Range: [1000 - 3500]

A:
0.736,0.738,0.7356,0.7348,0.7368,0.7416,0.752,0.738,0.734,0.7312
0.738,0.7312,0.7352,0.7268,0.7284,0.7332,0.74,0.732,0.7324,0.7312
0.73,0.7336,0.7344,0.7412,0.7356,0.726,0.7328,0.7372,0.7488,0.7284


B:
71,70.0001,70.4,69.2001,70.2,70.4001,70.0001,71.0001,68.9999,68.8001
71.0001,74.8001,70.8,69.1999,69.6,70.7999,68,71,69.6,70.8001
68.9999,70.3999,69.6001,68.8001,71.4,70,69.2,69.7999,70.2001,70.6


========================================================
Test11 (ADC Calibration) results 2008-07-17 10:58:43
Board ID441 30 channels
Linux calibration software

Calibration DAC Range: [1000 - 3500]

A:
0.736,0.7376,0.7352,0.7348,0.7364,0.7412,0.7512,0.738,0.7332,0.7304
0.7376,0.7308,0.7344,0.7264,0.7284,0.7328,0.74,0.732,0.732,0.7308
0.7296,0.7336,0.7348,0.7408,0.7352,0.7256,0.7348,0.7368,0.7484,0.7276


B:
71,70.3999,70.8,69.2001,70.6,70.8001,70.7999,71.0001,70.7999,69.5999
71.3999,75.2001,71.6001,69.5999,69.6,71.2,68,70,71,71.2001
69.4,69.3999,68.2001,69.1999,71.8,70.4,67.2001,70.2,71.6001,72.4001


========================================================
Test11 (ADC Calibration) results 2008-07-20 18:37:46
Board ID441 30 channels
Linux calibration software

Calibration DAC Range: [1000 - 3500]

A:
0.7356,0.738,0.7352,0.734,0.7364,0.7416,0.7516,0.738,0.7332,0.7308
0.7372,0.7312,0.7348,0.7264,0.728,0.7328,0.7396,0.7324,0.732,0.7308
0.7304,0.7332,0.7352,0.7404,0.7356,0.7272,0.7352,0.7368,0.7492,0.728


B:
71.4,70.0001,70.8,69.9999,71.6,70.4001,70.3999,72.0001,70.7999,69.2001
72.7999,73.8001,71.2001,69.5999,71.0001,72.2,69.4,69.6,71,72.2001
68.5999,70.7999,67.8,70.5999,71.4,68.8001,67.8,70.2,69.8,71.0001


========================================================
Test11 (ADC Calibration) results 2008-07-24 23:03:59
Board ID441 30 channels
Linux calibration software

Calibration DAC Range: [1000 - 3500]

A:
0.736,0.7384,0.7356,0.7344,0.7372,0.7416,0.7516,0.738,0.7336,0.7312
0.7372,0.7316,0.7348,0.7268,0.728,0.7332,0.7396,0.7324,0.732,0.7312
0.7304,0.7336,0.7344,0.7408,0.7356,0.7276,0.7364,0.7368,0.7488,0.728


B:
71,68.6001,70.4,70.6001,69.7999,70.4001,70.3999,72.0001,70.3999,68.8001
73.7999,73.4,72.2001,69.1999,71.0001,70.7999,69.4,69.6,71,70.8001
68.5999,70.3999,69.6001,70.1999,72.4,68.4001,65.6,70.2,71.2001,72.0001


========================================================
Test11 (ADC Calibration) results 2008-08-12 23:20:39
Board ID441 30 channels
Linux calibration software

Calibration DAC Range: [1000 - 3500]

A:
0.7356,0.7376,0.7352,0.7344,0.7364,0.7416,0.7516,0.7384,0.7332,0.7308
0.7376,0.7308,0.7344,0.7256,0.728,0.7324,0.7392,0.7324,0.7316,0.7308
0.73,0.7332,0.7348,0.7408,0.7352,0.7268,0.7376,0.7368,0.7484,0.7284


B:
71.4,69.3999,70.8,69.6001,70.6,70.4001,69.3999,70.6001,70.7999,69.2001
71.3999,75.2001,71.6001,71.4,70.0001,72.6,69.8,69.6,71.4,71.2001
69.9999,70.7999,68.2001,70.1999,71.8,69.1999,64.3999,70.2,71.6001,70.6


========================================================
Test11 (ADC Calibration) results 2008-08-13 01:14:42
Board ID441 30 channels
Linux calibration software

Calibration DAC Range: [1000 - 3500]

A:
0.7356,0.7376,0.7352,0.7344,0.7364,0.7416,0.7512,0.738,0.7332,0.7308
0.7372,0.7308,0.7344,0.726,0.728,0.7324,0.7392,0.7324,0.7316,0.7304
0.7296,0.7332,0.7348,0.7404,0.7356,0.7268,0.7376,0.7368,0.7484,0.728


B:
71.4,69.3999,70.8,69.6001,70.6,70.4001,70.7999,72.0001,70.7999,69.2001
72.7999,75.2001,71.6001,71,70.0001,72.6,69.8,69.6,71.4,72.5999
70.4,70.7999,68.2001,70.5999,71.4,69.1999,64.3999,70.2,71.6001,71.0001


========================================================
Test11 (DAC Calibration) results 2008-08-27 10:33:16
Board ID441 30 channels
Linux calibration (server mode)

Calibration DAC Range: [3100 - 3500]

A:
0.756,0.757429,0.754857,0.754286,0.756571,0.761714,0.771429,0.758571,0.753429,0.75
0.757429,0.752286,0.754857,0.745714,0.748,0.753143,0.759143,0.752286,0.751429,0.751143
0.750571,0.753429,0.754286,0.760571,0.755429,0.746,0.752571,0.756857,0.768857,0.747714


B:
0.0,0.0,0.0,0.0,0.0,0.0,0.0,0.0,0.0,0.0
0.0,0.0,0.0,0.0,0.0,0.0,0.0,0.0,0.0,0.0
0.0,0.0,0.0,0.0,0.0,0.0,0.0,0.0,0.0,0.0


========================================================
Test11 (ADC Calibration) results 2008-08-27 13:08:29
Board ID441 30 channels
Linux calibration software

Calibration DAC Range: [1000 - 3500]

A:
0.736,0.7376,0.7348,0.734,0.7364,0.7408,0.7516,0.7376,0.7328,0.7304
0.7372,0.7308,0.7352,0.7264,0.7272,0.7328,0.7392,0.7324,0.7312,0.7312
0.732,0.7332,0.7348,0.7408,0.7348,0.7288,0.7348,0.7364,0.7484,0.728


B:
70,69.3999,71.2001,69.9999,70.6,72.1999,69.3999,71.3999,71.2,69.5999
71.7999,74.2001,69.8,68.5999,71.8001,71.2,69.8,69.6,71.8001,70.8001
67,70.7999,68.2001,69.1999,72.2001,67.2,67.2001,70.6,70.6001,71.0001


========================================================
Test11 (DAC Calibration) results 2008-08-28 18:58:23
Board ID441 30 channels
Linux calibration (server mode)

Calibration DAC Range: [3100 - 3500]

A:
0.74,0.745,0.745,0.74,0.7475,0.7525,0.76,0.75,0.7425,0.7375
0.7475,0.735,0.7375,0.735,0.7325,0.7375,0.7475,0.735,0.74,0.735
0.7375,0.745,0.7425,0.7475,0.74,0.7375,0.7425,0.745,0.76,0.7375


B:
87.0,74.5,67.5,81.0,63.7,64.3,71.0,61.0,69.2,76.7
67.7,90.5,91.7,69.5,86.2,85.7,72.7,90.5,73.0,88.5
80.7,61.5,72.2,77.7,86.0,79.7,69.2,73.5,63.0,69.7


========================================================
Test11 (DAC Calibration) results 2008-08-30 18:23:00
Board ID441 30 channels
Linux calibration (server mode)

Calibration DAC Range: [3100 - 3500]

A:
0.74,0.7475,0.745,0.745,0.7475,0.7525,0.7625,0.75,0.7425,0.74
0.7475,0.7425,0.7475,0.7375,0.735,0.745,0.7475,0.7425,0.7375,0.7425
0.74,0.74,0.7425,0.7525,0.7425,0.7375,0.7425,0.745,0.76,0.74


B:
90.0,69.7,70.5,67.5,66.7,67.3,66.3,65.0,72.2,71.0
70.7,69.2,62.7,64.7,79.5,64.5,75.7,69.2,84.7,65.2
74.0,81.0,75.2,63.3,80.2,78.7,75.2,75.5,67.0,63.0


========================================================
Test11 (DAC Calibration) results 2008-08-30 21:24:21
Board ID441 30 channels
Linux calibration (server mode)

Calibration DAC Range: [3100 - 3500]

A:
0.7275,0.7225,0.7225,0.72,0.725,0.7275,0.7425,0.7275,0.7225,0.72
0.7225,0.7175,0.72,0.7175,0.715,0.7225,0.73,0.7225,0.7225,0.7175
0.7275,0.7175,0.72,0.73,0.7275,0.715,0.7275,0.7225,0.7375,0.715


B:
61.7,83.2,76.2,81.0,72.5,79.7,63.2,69.7,70.2,70.0
85.2,82.8,84.0,63.8,77.5,70.2,65.0,66.2,66.2,79.8
48.7,86.8,81.0,70.0,61.7,86.5,58.7,81.2,71.7,77.5


========================================================
Test11 (DAC Calibration) results 2008-08-30 21:52:04
Board ID441 30 channels
Linux calibration (server mode)

Calibration DAC Range: [3100 - 3500]

A:
0.745,0.75,0.745,0.745,0.745,0.75,0.7625,0.745,0.7425,0.7375
0.75,0.74,0.7425,0.7325,0.735,0.7475,0.75,0.7425,0.74,0.7425
0.745,0.74,0.745,0.75,0.745,0.7475,0.75,0.7475,0.76,0.74


B:
73.5,61.0,70.5,66.5,75.5,75.0,67.3,81.5,72.2,79.7
63.0,77.0,78.2,81.2,80.5,55.7,67.0,69.2,76.0,65.2
59.5,81.0,67.5,73.0,72.5,47.7,55.0,66.7,67.0,63.0


========================================================
Test11 (DAC Calibration) results 2008-08-31 12:06:23
Board ID441 30 channels
Linux calibration (server mode)

Calibration DAC Range: [3100 - 3500]

A:
0.745,0.745,0.745,0.745,0.745,0.75,0.7625,0.745,0.7425,0.7425
0.75,0.74,0.7475,0.7375,0.735,0.7425,0.745,0.7425,0.74,0.74
0.745,0.74,0.745,0.75,0.75,0.74,0.7475,0.7475,0.76,0.735


B:
73.5,78.5,70.5,68.5,75.5,75.0,67.3,81.5,73.2,63.2
63.0,77.0,61.7,64.7,80.5,72.2,84.5,68.2,76.0,75.0
61.5,81.0,67.5,73.0,57.0,81.0,70.7,67.7,67.0,80.5


