========================================================

Test10 results 09-19-2006  20:19:27
Board ID082  36 channels
HV Tests Software Ver.1.6.1

+5V 2941 - O'k
-5V 1355 - O'k
Interlock - On

Voltmeter channel: A=1.072961, B=19.313465

A:
Limits 1.1 +/- 0.1
1.06553,1.086957,1.071811,1.089918,1.072961,1.077586,1.085187,1.079914,1.081081,1.09529,1.070664,1.084011
1.057082,1.072386,1.074691,1.096491,1.074691,1.084599,1.084599,1.085776,1.082251,1.082251,1.078167,1.079914
1.082251,1.081666,1.083424,1.082837,1.083424,1.082251,1.084599,1.081666,1.079331,1.086957,1.083424,1.069519


B:
Limits 0.0 +/- 30.0
30.90052,17.39138,17.149141,19.61853,9.656813,11.85357,14.107427,11.879015,11.89207,9.857426,13.918636,16.260164
17.970545,10.723982,13.970869,12.061441,11.821486,7.592331,9.761528,7.600438,7.575796,11.9048,17.250803,8.639275
16.233805,14.061695,19.50164,12.994219,15.167946,17.316055,18.438318,28.12335,14.031348,20.65225,14.084522,23.529528
Channels:
   1
Out of range 0.0 +/- 30.0
========================================================
Test10 (ADC Calibration) results 2008-03-17 06:00:54
Board ID82 36 channels
Linux calibration software

Voltmeter channel: A=1.07022, B=15.0417

A:
1.0804,1.08458,1.07166,1.0889,1.07135,1.07628,1.08446,1.07789,1.07934,1.09342,1.06834,1.08322
1.05963,1.07032,1.07317,1.09532,1.07327,1.08245,1.08271,1.08338,1.0801,1.0792,1.07624,1.07811
1.08201,1.08255,1.08422,1.08265,1.0833,1.08141,1.08392,1.0889,1.07857,1.08653,1.08276,1.06959


B:
3.6834,13.0833,7.34888,12.8968,4.1717,4.48345,5.63199,6.98997,4.56996,5.23508,7.83912,9.40033
15.8972,5.56609,6.74753,6.77554,5.21896,3.04728,5.52652,3.5298,3.15114,9.71237,11.6086,2.01605
7.74519,5.4706,12.197,4.95407,5.99296,9.71747,10.5828,15.6077,7.1142,12.4711,7.42986,10.2326


