========================================================

Test11 results 09-19-2006  20:21:18
Board ID082  36 channels
HV Tests Software Ver.1.6.1

+5V 2938 - O'k
-5V 1355 - O'k
Interlock - On
Calibration DAC Range: [2500 - 2900]


A:
Limits 0.76 +/- 0.04
0.753296,0.738007,0.75188,0.735294,0.746269,0.743494,0.742115,0.744879,0.743494,0.732601,0.75188,0.742115
0.759013,0.75188,0.747664,0.735294,0.749064,0.740741,0.739372,0.742115,0.746269,0.744879,0.743494,0.742115
0.742115,0.742115,0.742115,0.743494,0.743494,0.743494,0.742115,0.742115,0.747664,0.739372,0.743494,0.753296


B:
Limits 60.0 +/- 30.0
46.802204,60.27594,50.517128,63.865627,75.956078,70.312218,54.017159,56.428619,61.129803,65.886246,48.820625,55.426926
59.018425,50.43232,62.0942,54.713943,58.307549,62.436615,70.019333,59.727062,48.922787,51.009151,64.700974,71.062431
59.310707,56.764217,53.01342,54.099823,50.810188,53.961143,52.339973,53.487389,47.413273,59.045193,61.422771,39.332512
========================================================
Test11 (DAC Calibration) results 2008-03-17 06:00:54
Board ID82 36 channels
Linux calibration software
Calibration DAC Range: [1100 - 2700]

A:
0.744186,0.740947,0.750258,0.738007,0.749344,0.747035,0.741771,0.745921,0.745295,0.734956,0.752587,0.742253
0.759157,0.75195,0.749204,0.734417,0.749134,0.743149,0.742597,0.741771,0.744394,0.745018,0.746687,0.745018
0.74308,0.74308,0.741565,0.743011,0.742942,0.743494,0.741771,0.738007,0.746199,0.739987,0.74481,0.753225


B:
64.093,59.2663,66.1447,62.6568,74.8969,66.7009,63.7459,62.4243,66.1265,65.9163,56.9144,63.073
55.8551,60.8045,65.799,66.9698,66.9444,64.0501,66.7503,71.1636,65.2926,60.4025,62.703,70.3856
64.295,59.8365,61.8094,64.2426,59.7326,62.8252,63.0042,59.8525,61.2909,65.646,63.8209,53.0175


========================================================
Test11 (ADC Calibration) results 2008-06-19 12:56:33
Board ID082 36 channels
Linux calibration software

Calibration DAC Range: [1000 - 3500]

A:
0.7504,0.724,0.736,0.7212,0.7308,0.7312,0.7372,0.7292,0.7288,0.7168,0.7364,0.714
0.7436,0.736,0.7328,0.7096,0.7332,0.7264,0.7264,0.724,0.7228,0.7284,0.7296,0.73
0.7252,0.7348,0.734,0.7252,0.7252,0.7244,0.7248,0.7392,0.7228,0.7116,0.7276,0.7392


B:
51.6,64.0001,71,66.8,80.2001,70.8001,62.7999,67.8,71.2,71.2001,62.6,69
63.4,65,71.2,72.4001,71.7999,69.5999,71.5999,76.0001,69.1999,65.6,67.4,72.9999
68.8,54.2001,56.9999,68.8,65.8,67.6001,67.2,54.8,66.1999,70.4,71.4001,56.8


========================================================
Test11 (ADC Calibration) results 2008-07-17 10:58:43
Board ID082 36 channels
Linux calibration software

Calibration DAC Range: [1000 - 3500]

A:
0.7544,0.7252,0.7372,0.7216,0.7324,0.7324,0.738,0.7296,0.7296,0.7184,0.7376,0.7172
0.7476,0.7372,0.734,0.7348,0.7348,0.7276,0.7268,0.7248,0.7248,0.7292,0.7304,0.7308
0.7256,0.7376,0.7412,0.7268,0.7264,0.7264,0.726,0.7488,0.7248,0.7204,0.7288,0.7408


B:
56.5999,62.8,71.7999,66.4,78.6,68.6,62.0001,67.4,70.4,67.6,61.3999,66.8001
62.3999,62.7999,69.9999,47.2001,69.2001,67.4001,71.1999,76.2,67.2,64.8,66.5999,72.2001
68.4,53.3999,58.8001,67.1999,63.5999,64.5999,66,53.2001,66.2,67.6001,71.2,56.1999


========================================================
Test11 (ADC Calibration) results 2008-07-20 18:37:46
Board ID082 36 channels
Linux calibration software

Calibration DAC Range: [1000 - 3500]

A:
0.7544,0.7256,0.7376,0.7212,0.7324,0.732,0.7376,0.73,0.7296,0.7184,0.7376,0.72
0.748,0.7368,0.7336,0.7472,0.7344,0.728,0.7272,0.7268,0.7256,0.7292,0.73,0.7308
0.7256,0.7428,0.7436,0.7284,0.7264,0.726,0.7264,0.7656,0.726,0.7272,0.7292,0.7416


B:
61.5999,62.4,71.3999,66.8,78.6,70,62.3999,66.9999,70.4,68.6,60.3999,64.9999
63.9999,64.2,70.3999,35.8,70.6001,67.0001,69.8001,74.1999,67.4,64.8,67.9999,72.2001
68.4,49.2,58.4,66.6,63.5999,66,65.5999,43.3999,65,64.8001,69.8,56.4001


========================================================
Test11 (ADC Calibration) results 2008-07-24 23:03:59
Board ID082 36 channels
Linux calibration software

Calibration DAC Range: [1000 - 3500]

A:
0.7556,0.728,0.74,0.7236,0.7352,0.7348,0.7408,0.7324,0.7324,0.7208,0.74,0.7224
0.7504,0.7396,0.7364,0.7172,0.7372,0.7304,0.7296,0.728,0.7276,0.7324,0.7328,0.7336
0.728,0.7416,0.7452,0.7308,0.7296,0.7284,0.7284,0.7644,0.7288,0.7304,0.7316,0.7436


B:
59.4001,61.0001,70,65.4001,75.8,67.2001,59.1999,64.6,67.6,66.2001,59,63.6
62.6,61.4,67.6,66.8001,67.7999,64.5999,68.4,73.0001,66.4001,61.6,65.2,69.3999
66.0001,53.4001,59.8001,63.2001,59.4,63.6,63.6,45.6,62.2,65.5999,67.4,54.4


========================================================
Test11 (ADC Calibration) results 2008-08-12 23:20:39
Board ID082 36 channels
Linux calibration software

Calibration DAC Range: [1000 - 3500]

A:
0.7512,0.724,0.7368,0.7204,0.7316,0.7308,0.7368,0.7288,0.7288,0.7172,0.7368,0.7212
0.746,0.7356,0.7328,0.7168,0.7336,0.7268,0.7256,0.7236,0.7244,0.7272,0.7296,0.7296
0.7236,0.7408,0.7404,0.728,0.7252,0.7248,0.7244,0.756,0.7272,0.7316,0.726,0.742


B:
59.7999,65.0001,72.2,66.6001,80.4,71.2001,63.1999,68.2,71.2,69.8001,61.1999,67.8
66,65.4,71.2,70.2001,71.3999,68.1999,72.4,77.4001,69.6001,66.8001,67.4,74.4
69.4001,52.1999,59.5999,67.0001,64.8,67.2,68.6001,50.0001,64.8001,69.4,79,57.0001


========================================================
Test11 (ADC Calibration) results 2008-08-13 01:14:42
Board ID082 36 channels
Linux calibration software

Calibration DAC Range: [1000 - 3500]

A:
0.7512,0.7244,0.7368,0.7204,0.7316,0.7308,0.7368,0.7292,0.7288,0.7168,0.7364,0.7212
0.746,0.7356,0.7328,0.7164,0.7336,0.7268,0.7256,0.724,0.7244,0.7276,0.7292,0.73
0.7236,0.7408,0.7404,0.7284,0.7248,0.7248,0.7248,0.7564,0.7272,0.7316,0.7256,0.742


B:
59.7999,63.6001,72.2,66.6001,80.4,71.2001,63.1999,67.8,71.2,70.2001,62.6,67.8
66,65.4,71.2,71.5999,71.3999,68.1999,72.4,76.0001,69.6001,66.4001,68.8,72.9999
69.4001,52.1999,59.5999,66.6,65.2,67.2,67.2,49.6,64.8001,68.4,80.4,56.0001


========================================================
Test11 (DAC Calibration) results 2008-08-27 10:31:23
Board ID082 36 channels
Linux calibration (server mode)

Calibration DAC Range: [3100 - 3500]

A:
0.770286,0.740857,0.755143,0.737143,0.753143,0.748857,0.752571,0.746,0.746857,0.735143,0.752,0.742857
0.763714,0.752,0.750857,0.735143,0.751714,0.744,0.744,0.743714,0.743714,0.744857,0.746286,0.748571
0.741143,0.755714,0.758571,0.747429,0.741714,0.742,0.742,0.769429,0.749143,0.753429,0.746,0.755143


B:
0.0,0.0,0.0,0.0,0.0,0.0,0.0,0.0,0.0,0.0,0.0,0.0
0.0,0.0,0.0,0.0,0.0,0.0,0.0,0.0,0.0,0.0,0.0,0.0
0.0,0.0,0.0,0.0,0.0,0.0,0.0,0.0,0.0,0.0,0.0,0.0


========================================================
Test11 (ADC Calibration) results 2008-08-27 13:08:29
Board ID082 36 channels
Linux calibration software

Calibration DAC Range: [1000 - 3500]

A:
0.7568,0.7232,0.7356,0.7184,0.7312,0.7296,0.7352,0.7276,0.7276,0.716,0.7348,0.7256
0.7464,0.734,0.7316,0.7224,0.732,0.7252,0.7248,0.7236,0.7252,0.7268,0.7276,0.7288
0.722,0.742,0.7448,0.7316,0.7244,0.7236,0.7236,0.7636,0.792,0.7356,0.7264,0.7408


B:
62.2,65.7999,74.4,69.6,80.8001,72.4,64.8,69.4001,72.4001,70.9999,64.2001,68.4
67.6,66.9999,72.4,65.6,73,70.8,72.2,76.4001,70.8,66.1999,70.4001,74.2
71,54.0001,62.2001,65.4,64.6001,68.4001,69.4001,50.4,7.00002,70.4,73.5999,58.1999


========================================================
Test11 (DAC Calibration) results 2008-08-28 18:58:16
Board ID082 36 channels
Linux calibration (server mode)

Calibration DAC Range: [3100 - 3500]

A:
0.7625,0.73,0.7425,0.7225,0.7375,0.74,0.7425,0.735,0.735,0.725,0.745,0.7325
0.7525,0.7425,0.7375,0.7375,0.735,0.73,0.735,0.7325,0.7325,0.74,0.7325,0.7375
0.7275,0.7525,0.755,0.7425,0.7275,0.7325,0.7275,0.7725,0.7425,0.7475,0.7375,0.75


B:
69.3,69.0,78.2,83.2,86.7,63.0,68.2,70.5,73.5,66.5,57.5,76.2
75.3,66.2,78.7,63.7,89.5,80.0,63.5,73.2,73.2,49.0,80.2,70.7
79.7,61.3,67.5,64.2,79.7,65.2,82.7,71.3,82.2,60.7,61.7,57.0


========================================================
Test11 (DAC Calibration) results 2008-08-30 18:22:53
Board ID082 36 channels
Linux calibration (server mode)

Calibration DAC Range: [3100 - 3500]

A:
0.765,0.7325,0.75,0.73,0.74,0.7425,0.7475,0.7375,0.7375,0.7275,0.745,0.735
0.76,0.7475,0.74,0.7325,0.745,0.7375,0.735,0.7325,0.735,0.7325,0.7375,0.74
0.7325,0.75,0.755,0.7425,0.7325,0.7325,0.73,0.7725,0.7575,0.745,0.7375,0.7525


B:
66.5,67.2,59.0,63.0,84.0,62.2,57.7,68.7,71.7,64.7,63.5,70.5
56.0,55.7,77.0,60.2,62.5,60.7,70.5,78.2,70.5,80.2,69.7,69.0
67.2,68.0,63.5,67.2,70.2,72.2,80.0,68.3,57.8,72.5,68.7,54.3


========================================================
Test11 (DAC Calibration) results 2008-08-30 21:24:14
Board ID082 36 channels
Linux calibration (server mode)

Calibration DAC Range: [3100 - 3500]

A:
0.7425,0.71,0.725,0.7075,0.7225,0.715,0.7175,0.7175,0.7175,0.705,0.725,0.715
0.735,0.72,0.7175,0.715,0.72,0.715,0.715,0.715,0.7125,0.715,0.7175,0.715
0.7075,0.73,0.7325,0.7175,0.7175,0.7125,0.7075,0.7625,0.755,0.725,0.7175,0.7325


B:
70.2,73.0,73.5,70.8,73.2,83.5,87.8,65.8,68.8,71.5,60.5,72.5
70.5,77.0,81.8,70.5,76.0,66.5,68.5,69.5,78.3,70.5,67.8,82.5
83.8,71.0,77.2,84.8,50.8,69.3,86.8,62.3,73.5,70.5,66.8,53.2


========================================================
Test11 (DAC Calibration) results 2008-08-30 21:51:57
Board ID082 36 channels
Linux calibration (server mode)

Calibration DAC Range: [3100 - 3500]

A:
0.7625,0.7325,0.7475,0.7225,0.74,0.7375,0.7425,0.74,0.74,0.7275,0.745,0.735
0.7575,0.7425,0.74,0.7325,0.7425,0.735,0.735,0.74,0.735,0.7325,0.7375,0.7375
0.73,0.7525,0.7575,0.745,0.735,0.735,0.7325,0.7875,0.7875,0.7425,0.735,0.7525


B:
73.3,65.2,66.7,87.2,83.0,76.7,73.2,59.0,61.0,64.7,61.5,74.5
64.8,70.2,75.0,73.2,69.2,67.5,69.5,53.0,71.5,79.2,68.7,75.7
76.0,62.3,64.8,62.5,60.5,62.5,71.2,58.7,61.7,82.2,76.5,56.3


========================================================
Test11 (DAC Calibration) results 2008-08-31 12:06:16
Board ID082 36 channels
Linux calibration (server mode)

Calibration DAC Range: [3100 - 3500]

A:
0.7625,0.7325,0.7475,0.7275,0.745,0.7425,0.7425,0.74,0.74,0.7275,0.745,0.74
0.7575,0.7475,0.74,0.7325,0.7425,0.735,0.735,0.735,0.74,0.7325,0.7425,0.7425
0.73,0.755,0.7575,0.745,0.73,0.73,0.7325,0.785,0.7575,0.7475,0.735,0.7525


B:
75.3,66.2,67.7,70.7,67.5,60.2,72.2,59.0,61.0,63.7,61.5,59.0
64.8,53.7,75.0,72.2,68.2,67.5,69.5,70.5,56.0,78.2,52.2,59.2
76.0,63.5,67.8,70.5,76.0,78.0,70.2,58.5,69.8,65.7,76.5,56.3


========================================================
Test11 (DAC Calibration) results 2008-08-31 16:15:21
Board ID082 36 channels
Linux calibration (server mode)

Calibration DAC Range: [3100 - 3500]

A:
0.7625,0.7325,0.7425,0.7225,0.74,0.735,0.7425,0.735,0.74,0.7275,0.745,0.74
0.7575,0.7475,0.74,0.7375,0.7375,0.74,0.735,0.735,0.74,0.7325,0.7375,0.74
0.73,0.755,0.755,0.745,0.735,0.735,0.7325,0.745,0.7475,0.7475,0.735,0.755


B:
75.3,67.2,84.2,87.2,85.0,85.5,73.2,76.5,61.0,64.7,61.5,59.0
64.8,54.7,75.0,68.7,86.7,52.0,69.5,70.5,56.0,79.2,68.7,69.0
76.0,55.5,74.5,66.5,60.5,62.5,71.2,59.5,62.7,66.7,76.5,45.5


========================================================
Test11 (DAC Calibration) results 2008-08-31 18:30:17
Board ID082 36 channels
Linux calibration (server mode)

Calibration DAC Range: [3100 - 3500]

A:
0.7675,0.7325,0.7475,0.7275,0.74,0.74,0.7425,0.735,0.735,0.7275,0.745,0.735
0.7575,0.7425,0.74,0.74,0.7425,0.735,0.735,0.73,0.735,0.735,0.735,0.74
0.735,0.755,0.755,0.74,0.735,0.73,0.7325,0.74,0.7475,0.7475,0.735,0.75


B:
59.8,68.2,67.7,70.7,85.0,70.0,74.2,76.5,78.5,65.7,63.5,76.5
66.8,71.2,77.0,68.0,70.2,69.5,69.5,88.0,73.5,72.5,78.5,69.0
60.5,55.5,74.5,82.0,60.5,80.0,72.2,77.0,63.7,67.7,76.5,63.0


========================================================
Test11 (DAC Calibration) results 2008-09-01 15:18:41
Board ID082 36 channels
Linux calibration (server mode)

Calibration DAC Range: [3100 - 3500]

A:
0.7675,0.7325,0.7475,0.725,0.74,0.74,0.7425,0.74,0.74,0.7225,0.745,0.7375
0.7525,0.745,0.745,0.73,0.7425,0.735,0.73,0.73,0.735,0.735,0.74,0.735
0.735,0.745,0.7575,0.7475,0.73,0.735,0.7325,0.74,0.7475,0.7425,0.7375,0.75


B:
55.8,67.2,68.7,80.5,85.0,70.0,75.2,61.0,63.0,82.2,63.5,65.7
82.3,64.5,61.5,71.0,71.2,69.5,87.0,88.0,73.5,72.5,63.0,86.5
60.5,73.5,63.8,53.7,78.0,64.5,73.2,77.0,64.7,82.2,70.7,63.0


