========================================================

Test10 results 03-30-2006  14:30:56
Board ID430  30 channels
HV Tests Software Ver.1.6

+5V 2525 - O'k
-5V 1306 - O'k
Interlock - On

Voltmeter channel: A=1.085776, B=9.771991

A:
Limits 1.1 +/- 0.1
1.077586,1.081666,1.078749,1.074691,1.088139,1.085187,1.086957,1.075847,1.074114,1.092299
1.078167,1.084599,1.080497,1.081666,1.083424,1.078167,1.078749,1.082251,1.083424,1.072961
1.072961,1.074691,1.085187,1.086957,1.082837,1.081081,1.071237,1.078167,1.078167,1.075847


B:
Limits 0.0 +/- 35.0
6.465639,12.98003,8.629799,13.970869,10.881342,10.851865,10.869641,9.682483,26.852884,7.645905
2.156464,11.930725,11.885475,9.735032,14.084522,14.016302,9.708548,12.987051,7.583981,8.583851
9.656813,6.448031,9.766678,8.695728,9.745708,10.810989,8.569725,11.859968,9.703633,10.758329
========================================================
Test10 (ADC Calibration) results 2008-06-11 10:42:25
Board ID430 30 channels
Linux calibration software

Voltmeter channel: A=1.08265, B=-1058.05

A:
1.07809,1.08312,1.07889,1.07553,1.08771,1.08564,1.08756,1.07692,1.07748,1.09174
1.07678,1.08558,1.08046,1.08181,1.08518,1.0796,1.08024,1.08343,1.08357,1.07234
1.07355,1.07506,1.08665,1.08759,1.08443,1.08157,1.07144,1.07919,1.07812,1.07766


B:
4.44075,7.10069,4.81288,9.45193,9.0525,6.97726,8.05294,4.93286,17.4114,6.21226
-1.8265,6.16485,9.0095,6.96927,7.2788,8.79334,3.69154,7.19887,5.73359,6.9078
4.54796,5.56967,4.80794,6.10465,5.23211,6.16017,5.3196,8.18606,9.78125,4.46101


