========================================================

Test11 results 03-30-2006  14:33:43
Board ID430  30 channels
HV Tests Software Ver.1.6

+5V 2526 - O'k
-5V 1306 - O'k
Interlock - On
Calibration DAC Range: [2500 - 2900]


A:
Limits 0.76 +/- 0.04
0.747664,0.746269,0.747664,0.750469,0.739372,0.740741,0.744879,0.746269,0.750469,0.738007
0.747664,0.743494,0.746269,0.746269,0.744879,0.747664,0.747664,0.746269,0.743494,0.75188
0.75188,0.753296,0.744879,0.746269,0.744879,0.746269,0.756144,0.747664,0.747664,0.753296


B:
Limits 60.0 +/- 40.0
66.451859,57.802216,62.671196,60.234905,68.090218,72.00946,51.576359,74.782745,49.66861,66.406303
70.393341,62.22871,60.952179,60.223946,57.751797,61.864208,61.782066,58.60952,68.521912,63.509632
61.896099,55.025005,56.944359,62.476597,63.171989,61.758934,51.103119,63.229023,67.977669,49.801594
========================================================
Test11 (DAC Calibration) results 2008-06-11 10:42:25
Board ID430 30 channels
Linux calibration software
Calibration DAC Range: [1100 - 2700]

A:
0.747664,0.744186,0.747105,0.749064,0.740672,0.742459,0.741153,0.748853,0.748083,0.737939
0.748573,0.742873,0.745643,0.745087,0.743149,0.746617,0.746547,0.743978,0.744255,0.751668
0.750821,0.749766,0.741771,0.744879,0.743287,0.744879,0.752304,0.746896,0.748013,0.748713


B:
68.9719,67.814,68.6964,67.3408,66.9104,68.7238,67.1296,68.0802,59.267,69.8368
68.0171,68.0007,66.0917,67.9055,67.1713,66.5329,69.0183,68.5485,68.3135,68.7118
68.0713,68.9223,69.5318,69.8324,69.2091,69.8324,68.2901,67.7901,68.49,68.7226


========================================================
Test11 (ADC Calibration) results 2008-06-19 12:56:33
Board ID430 30 channels
Linux calibration software

Calibration DAC Range: [1000 - 3500]

A:
0.7352,0.7328,0.7352,0.7372,0.728,0.73,0.7292,0.7372,0.7356,0.7264
0.7368,0.7296,0.7336,0.7332,0.7312,0.7344,0.7348,0.732,0.7324,0.7384
0.7388,0.7388,0.73,0.7336,0.7312,0.7328,0.7404,0.7424,0.736,0.7364


B:
71.8,68.2,69.8,68.7999,69.0001,69.9999,68.8,67.7999,62.4,70.5999
77.2,68.4,68.3999,69.7999,68.8001,68.6001,69.2001,70,69.6,71.6001
69.2,68.2,70.9999,70.3999,70.8001,70.2,69.5999,61.6,70,69.6


