========================================================

Test15 results 04-13-2005  15:57:13
Board ID016  8 channels
HV Tests Software Ver.1.6


A:
Limits 1.45 +/- 2.0
1.437814,1.438849,1.439885,1.437814,1.433692,1.455604,1.43575,1.443001


B:
Limits 0.0 +/- 160.0
10.064835,7.194102,10.079269,12.940463,11.46958,14.556039,15.793398,7.215155
========================================================
Test15 (Master ADC Calibration) results 2008-07-03 06:26:32
Board ID16 7 channels
Linux calibration software


A:
1.4308,1.43528,1.43229,1.42561,1.43006,1.44966,1.43006,1.43753

B:
12.7471,9.65544,10.2866,16.3297,14.6907,18.5821,17.5508,9.54001

========================================================
Test15 (Master ADC Calibration) results 2008-07-03 09:06:39
Board ID16 7 channels
Linux calibration software


A:
1.43603,1.44054,1.43753,1.43155,1.43528,1.45503,1.75944,1.44281

B:
9.13836,4.58341,6.66494,10.8016,12.526,16.402,-217.53,5.90233

========================================================
Test15 (Master ADC Calibration) results 2008-07-03 09:57:32
Board ID16 7 channels
Linux calibration software


A:
1.43528,1.44054,1.43678,1.43006,1.43528,1.45503,1.44206,1.44206

B:
9.65544,4.58341,7.18382,13.2606,12.526,16.402,12.1919,7.86576

========================================================
Test15 (Master ADC Calibration) results 2008-07-04 09:06:36
Board ID16 7 channels
Linux calibration software


A:
1.43006,1.43603,1.43155,1.42561,1.43006,1.44966,1.43379,1.43753

B:
13.2606,7.70232,10.8016,16.3297,16.1207,20.0317,16.4233,10.9775

