========================================================

Test16 results 04-13-2005  15:58:35
Board ID016  8 channels
HV Tests Software Ver.1.6
Calibration DAC Range: [1000 - 2300]


A:
Limits 0.57 +/- 0.1
0.56719,0.565956,0.564481,0.565956,0.567686,0.565463,0.56719,0.564236


B:
Limits 50.0 +/- 60.0
51.597691,49.206821,54.267326,50.814461,51.216732,38.147018,48.328041,47.940716
========================================================
Test16 (Master DAC Calibration) results 2008-07-03 06:26:32
Board ID16 7 channels
Linux calibration software
Calibration DAC Range: [1000 - 2200]

A:
0.569221,0.566215,0.566246,0.568593,0.567822,0.559539,0.568206,0.564716

B:
46.0358,49.3889,57.2735,47.6725,51.9914,49.8162,56.3873,49.3548

========================================================
Test16 (Master DAC Calibration) results 2008-07-03 09:06:39
Board ID16 7 channels
Linux calibration software
Calibration DAC Range: [1000 - 2200]

A:
0.566917,0.56407,0.56403,0.566082,0.566215,0.557474,0.599434,0.562498

B:
49.4733,52.7234,59.9163,51.422,52.4771,51.5566,-71.7142,51.8404

========================================================
Test16 (Master DAC Calibration) results 2008-07-03 09:57:32
Board ID16 7 channels
Linux calibration software
Calibration DAC Range: [1000 - 2200]

A:
0.56729,0.564299,0.564401,0.567055,0.566138,0.557776,0.56226,0.562869

B:
49.374,52.5011,59.8189,49.7044,52.7676,51.368,65.091,51.2544

========================================================
Test16 (Master DAC Calibration) results 2008-07-04 09:06:36
Board ID16 7 channels
Linux calibration software
Calibration DAC Range: [1000 - 2200]

A:
0.569209,0.565919,0.566388,0.568824,0.568206,0.559917,0.56719,0.564869

B:
47.7226,51.3097,57.882,47.7731,50.374,49.011,50.5929,49.0975

