========================================================

Test10 results 09-19-2006  08:50:04
Board ID144  36 channels
HV Tests Software Ver.1.6.1

+5V 2485 - O'k
-5V 1326 - O'k
Interlock - On

Voltmeter channel: A=1.094092, B=24.070065

A:
Limits 1.1 +/- 0.1
1.081081,1.075847,1.081666,1.092896,1.06383,1.086957,1.085187,1.074691,1.097093,1.081081,1.066098,1.079914
1.079331,1.094092,1.094092,1.091107,1.03146,1.087548,1.094691,1.085187,1.093494,1.078749,1.090513,1.077586
1.086366,1.088732,1.090513,1.077006,1.084599,1.077006,1.098901,1.088732,1.070664,1.078749,1.092299,1.082837


B:
Limits 0.0 +/- 30.0
17.297476,16.137566,11.898364,12.021682,37.23407,14.13051,15.192614,19.344324,6.582398,19.459637,46.908268,15.118756
17.269341,21.88188,9.846869,10.911025,46.41547,16.313358,10.946726,16.277802,7.654501,16.18104,9.814711,15.086329
17.382034,7.621052,25.081886,9.692835,16.269119,15.077866,10.988816,14.153442,18.201292,26.968527,31.676491,20.574078
Channels:
   5  11  17  35
Out of range 0.0 +/- 30.0
========================================================
Test10 (ADC Calibration) results 2008-03-18 05:07:06
Board ID144 36 channels
Linux calibration software

Voltmeter channel: A=1.09744, B=29.6745

A:
1.07937,1.07469,1.07926,1.09124,1.0768,1.08555,1.08332,1.07223,1.09407,1.07959,1.08962,1.07728
1.07732,1.09304,1.09114,1.08798,1.05711,1.08516,1.09186,1.08367,1.09135,1.0782,1.08772,1.07795
1.08317,1.08598,1.09284,1.0751,1.08361,1.07476,1.09724,1.0873,1.06861,1.085,1.09722,1.08049


B:
11.6347,10.7837,7.96294,9.50964,23.3012,8.88726,11.2711,16.4914,4.25987,13.7074,15.3175,12.7895
13.5856,16.5654,7.25503,8.5534,28.2934,12.548,9.23612,11.0175,3.70807,10.3213,7.26559,7.94731
17.2179,4.87221,13.9274,5.27188,12.1248,10.7784,6.52419,8.9321,12.2347,11.9233,18.5417,15.2661


========================================================
Test10 (ADC Calibration) results 2008-03-18 05:48:11
Board ID144 36 channels
Linux calibration software

Voltmeter channel: A=1.09517, B=29.3559

A:
1.07937,1.07369,1.07926,1.09155,1.07533,1.08555,1.08342,1.07138,1.09453,1.07904,1.08884,1.07793
1.07721,1.09258,1.0916,1.08843,1.07476,1.08526,1.0913,1.08367,1.09145,1.07754,1.08893,1.07785
1.08342,1.08715,1.09176,1.07465,1.08371,1.07496,1.09734,1.08719,1.06953,1.08295,1.09702,1.08039


B:
11.6347,13.1025,7.96294,8.92667,25.1355,8.88726,11.1439,19.2358,3.69212,15.4708,15.3899,10.6974
13.9133,17.7338,5.79355,8.18813,16.8532,12.4202,9.93165,10.8176,3.3798,11.5343,4.65421,8.47443
16.2273,2.32651,15.6611,5.83112,11.9963,10.523,6.39718,9.06006,10.4827,14.4794,18.7967,15.594


========================================================
Test10 (ADC Calibration) results 2008-06-19 12:08:44
Board ID144 36 channels
Linux calibration software

Voltmeter channel: A=1.07, B=0

A:
1.09629,1.09147,1.0972,1.11365,1.07479,1.10523,1.10125,1.09056,1.11497,1.10079,1.09083,1.09519
1.09666,1.08795,1.11027,1.10551,1.09165,1.10319,1.1113,1.0893,1.10023,1.10245,1.107,1.08768
1.10208,1.10625,1.1056,1.09083,1.10273,1.09201,1.12403,1.09056,1.07076,1.09638,1.10793,1.10014


B:
13.4989,11.9977,7.39926,9.71334,28.1414,9.33751,12.7281,16.5347,4.06387,13.8063,31.3406,11.6494
13.8239,44.3807,8.09675,8.20001,17.2898,11.4086,9.38604,21.6106,13.4274,11.6388,5.5199,15.4714
14.8395,5.75453,18.9508,7.56035,12.0485,11.936,7.34383,15.8806,26.2587,19.7746,23.7282,15.4912


========================================================
Test10 (ADC Calibration) results 2008-07-06 16:53:33
Board ID144 36 channels
Linux calibration software

Voltmeter channel: A=1.07, B=0

A:
1.0962,1.09156,1.09684,1.1146,1.07716,1.10513,1.10106,1.09047,1.11403,1.10033,1.09228,1.09529
1.09428,1.09237,1.10999,1.10579,1.09201,1.10337,1.11083,1.08993,1.09183,1.10097,1.10672,1.08507
1.10263,1.10606,1.10014,1.09092,1.10291,1.09256,1.12297,1.09374,1.05606,1.09675,1.10217,1.10005


B:
13.8016,11.696,8.39266,8.41818,24.4572,9.42177,12.4544,16.6171,4.69476,13.7842,25.6682,11.3471
15.327,36.9471,8.12873,7.2831,17.1777,10.5787,9.58762,17.5483,3.80408,10.9969,5.55239,15.6861
13.4561,5.48128,20.5521,7.25888,11.2194,11.8749,6.94037,15.6055,26.7004,17.9084,25.5571,14.6941


========================================================
Test10 (ADC Calibration) results 2008-07-17 09:50:45
Board ID144 36 channels
Linux calibration software

Voltmeter channel: A=1.07, B=0

A:
1.09704,1.09231,1.09742,1.10029,1.07908,1.10587,1.10134,1.09118,1.11493,1.10077,1.09165,1.09571
1.09448,1.11444,1.11033,1.10596,1.0924,1.10384,1.11111,1.0908,1.09155,1.10038,1.10722,1.08584
1.10259,1.10654,1.1022,1.09127,1.10307,1.09325,1.12285,1.09895,1.05382,1.09581,1.10201,1.10048


B:
12.594,10.5735,7.63836,24.3822,24.6459,8.75865,12.4234,15.9746,3.21094,13.3853,29.7365,11.3955
15.5857,18.8119,7.817,7.78608,17.9154,10.8178,9.11083,18.0636,4.49739,10.6516,5.09332,15.8534
15.2598,5.26711,20.6772,7.15875,10.8546,10.8012,5.92853,10.8577,31.5299,20.5135,28.1232,14.7467


========================================================
Test10 (ADC Calibration) results 2008-07-19 11:33:18
Board ID144 36 channels
Linux calibration software

Voltmeter channel: A=1.07, B=0

A:
1.09666,1.09202,1.09742,1.11631,1.0788,1.10558,1.10115,1.09052,1.11454,1.10029,1.08817,1.09552
1.0893,1.11316,1.11014,1.10558,1.0925,1.10355,1.11111,1.0908,1.09316,1.09847,1.10674,1.08323
1.1023,1.10664,1.09962,1.09146,1.1024,1.09287,1.12056,1.09904,1.04788,1.096,1.10124,1.10029


B:
12.5022,11.051,7.85768,10.2252,23.6042,8.80004,12.1568,17.012,3.34351,13.8197,29.163,11.3496
18.5616,18.3894,7.99306,8.35792,16.0815,11.0795,8.88867,16.7547,15.9163,10.6333,5.97637,16.0754
15.7406,4.51529,20.1451,6.76689,11.2445,11.5844,7.52992,12.0894,28.0411,17.7113,26.606,14.6996


========================================================
Test10 (ADC Calibration) results 2008-07-19 17:28:33
Board ID144 36 channels
Linux calibration software

Voltmeter channel: A=1.07, B=0

A:
1.09676,1.09202,1.09752,1.11611,1.07742,1.10529,1.10077,1.09024,1.11434,1.10038,1.08714,1.09533
1.0892,1.11297,1.10975,1.10596,1.0925,1.10355,1.11082,1.09024,1.09287,1.09809,1.10751,1.08296
1.1022,1.10635,1.09733,1.09118,1.10249,1.09268,1.12056,1.10086,1.04545,1.09505,1.10067,1.1001


B:
12.6346,11.051,7.11216,10.8486,25.0822,9.28455,12.9448,17.4875,3.74407,13.5128,30.7445,11.9612
18.4295,19.0094,9.01107,7.56494,16.2999,11.0795,8.93093,17.7055,15.7371,11.6397,4.16417,17.8471
15.8276,5.44318,23.0879,7.46381,11.1572,12.1944,7.52992,9.77591,31.9912,19.4478,27.5608,14.6531


========================================================
Test10 (ADC Calibration) results 2008-07-20 15:54:11
Board ID144 36 channels
Linux calibration software

Voltmeter channel: A=1.07, B=0

A:
1.09695,1.09212,1.09733,1.1167,1.07871,1.10548,1.10115,1.09061,1.11444,1.10029,1.085,1.09571
1.08827,1.10984,1.11014,1.10587,1.09268,1.10403,1.11101,1.08986,1.09033,1.09828,1.10712,1.08342
1.1023,1.10645,1.09943,1.09136,1.10211,1.09316,1.12116,1.10326,1.04339,1.096,1.10029,1.10019


B:
12.2417,10.9652,8.16403,9.8717,23.6884,9.10939,12.3768,16.4901,3.8786,14.0396,33.3311,10.957
19.0661,21.5757,7.77082,7.87391,15.9094,9.98075,9.42165,17.8303,14.1308,11.6856,4.96028,17.6381
15.7406,5.35526,20.5373,7.29052,11.7266,11.1062,6.99633,2.73605,34.5568,19.6841,27.6831,14.7869


========================================================
Test10 (ADC Calibration) results 2008-07-24 14:52:16
Board ID144 36 channels
Linux calibration software

Voltmeter channel: A=1.07, B=0

A:
1.09619,1.09146,1.09761,1.09202,1.07541,1.10538,1.10086,1.09042,1.11464,1.1001,1.10336,1.09552
1.08556,1.11277,1.11023,1.10558,1.09249,1.10326,1.11082,1.0908,1.08911,1.09847,1.10683,1.08398
1.10182,1.10625,1.09657,1.09146,1.1024,1.09221,1.12026,1.10345,1.04693,1.09628,1.10124,1.09981


B:
13.1541,10.6962,7.02447,14.7641,25.2079,8.31259,12.4178,16.4437,3.03201,13.553,20.3018,11.1305
20.2349,18.0714,7.23876,7.91591,15.8631,11.3416,8.93093,17.6274,11.9801,10.6333,5.00289,17.5604
16.1745,5.30983,22.2387,6.54865,11.2445,11.3155,7.12493,6.31162,31.4497,18.5493,27.0464,15.133


========================================================
Test10 (ADC Calibration) results 2008-07-24 21:41:51
Board ID144 36 channels
Linux calibration software

Voltmeter channel: A=1.07, B=0

A:
1.09666,1.09231,1.09733,1.09202,1.0765,1.10558,1.10134,1.09071,1.11464,1.10057,1.1048,1.0959
1.08509,1.11267,1.11072,1.10596,1.09268,1.10374,1.11101,1.09071,1.08873,1.09904,1.10674,1.08379
1.1023,1.10645,1.09609,1.09108,1.10278,1.09297,1.12066,1.1,1.04623,1.0959,1.10134,1.10038


B:
12.7215,10.3551,7.94474,14.1088,24.2002,9.02148,11.9826,16.6225,3.70052,13.7794,19.0027,10.784
17.8391,18.6038,7.46371,7.3438,15.4724,10.6841,8.97697,16.404,7.75164,10.3311,5.75508,14.9129
15.2998,5.57688,20.6944,7.54992,11.1163,10.8424,6.54458,11.2199,26.4489,18.2358,25.6395,14.6132


========================================================
Test10 (ADC Calibration) results 2008-08-12 21:57:53
Board ID144 36 channels
Linux calibration software

Voltmeter channel: A=1.07, B=0

A:
1.09685,1.09212,1.098,1.09268,1.09344,1.10587,1.10192,1.09118,1.11346,1.10096,1.09184,1.09619
1.08911,1.11131,1.11072,1.10645,1.09297,1.10384,1.1117,1.09042,1.09524,1.09771,1.1078,1.08351
1.10413,1.10722,1.0924,1.09155,1.10115,1.09316,1.11957,1.09344,1.04632,1.09943,1.10336,1.05189


B:
13.2064,11.402,7.33441,13.2871,24.1866,9.20089,11.9004,16.4114,4.54268,13.4316,28.2566,10.5231
17.8612,18.7142,7.46371,6.68333,15.6513,10.8178,8.58212,16.0077,2.40949,10.67,5.22884,14.5188
12.9846,4.87166,23.159,7.11689,12.1568,10.8876,7.07538,15.4391,31.5989,17.239,23.3912,57.7275


========================================================
Test10 (ADC Calibration) results 2008-08-27 10:28:15
Board ID144 36 channels
Linux calibration (server mode)

Voltmeter channel: A=1.11545, B=0

A:
1.10108,1.09566,1.10038,1.09676,1.08031,1.10859,1.10529,1.09578,1.11331,1.10472,1.10085,1.0995
1.08874,1.11434,1.11294,1.10862,1.0977,1.10746,1.11413,1.09558,1.10157,1.09792,1.10923,1.08782
1.10802,1.10833,1.10091,1.09372,1.09328,1.09646,1.11874,1.09148,1.05739,1.10415,1.11289,1.0636


B:
0,0,0,0,0,0,0,0,0,0,0,0
0,0,0,0,0,0,0,0,0,0,0,0
0,0,0,0,0,0,0,0,0,0,0,0


========================================================
Test10 (ADC Calibration) results 2008-08-27 11:18:31
Board ID144 36 channels
Linux calibration software

Voltmeter channel: A=1.07, B=0

A:
1.09714,1.09231,1.09838,1.09221,1.07313,1.10587,1.10144,1.09042,1.11121,1.10048,1.09099,1.09628
1.07825,1.10819,1.11033,1.10625,1.09278,1.10422,1.11131,1.09014,1.09136,1.09439,1.10761,1.08277
1.10336,1.10635,1.09118,1.09165,1.0788,1.09316,1.11641,1.09221,1.04528,1.09866,1.10394,1.05373


B:
12.7267,10.5735,6.76602,14.3734,21.7201,8.31603,11.6754,16.6617,5.24497,13.2058,29.0204,10.2174
22.6,18.1742,7.59499,7.07994,15.6047,10.2471,8.71245,14.9566,14.7115,10.4187,4.74082,14.7692
15.0056,5.22197,22.7403,6.59376,26.6251,10.4506,7.01113,15.4656,29.4352,16.8314,23.5358,38.5663


========================================================
Test10 (ADC Calibration) results 2008-08-28 18:28:36
Board ID144 36 channels
Linux calibration (server mode)

Voltmeter channel: A=1.09949, B=0

A:
1.08773,1.08238,1.08719,1.08356,1.0636,1.09469,1.09158,1.08217,1.0983,1.09061,1.08741,1.08637
1.07194,1.09975,1.09926,1.09536,1.0845,1.09416,1.10021,1.07983,1.082,1.08379,1.09565,1.07281
1.09469,1.09461,1.08514,1.08058,1.06875,1.08316,1.10452,1.0809,1.0355,1.08706,1.09414,1.06474


B:
0,0,0,0,0,0,0,0,0,0,0,0
0,0,0,0,0,0,0,0,0,0,0,0
0,0,0,0,0,0,0,0,0,0,0,0


========================================================
Test10 (ADC Calibration) results 2008-08-28 18:57:15
Board ID144 36 channels
Linux calibration (server mode)

Voltmeter channel: A=1.09918, B=0

A:
1.08777,1.08235,1.08714,1.08351,1.06186,1.09469,1.09146,1.08213,1.09757,1.0905,1.08675,1.08633
1.06973,1.09951,1.09914,1.09526,1.08448,1.09418,1.1002,1.0797,1.07885,1.08369,1.09565,1.07304
1.09464,1.09459,1.08517,1.08058,1.06896,1.08309,1.10428,1.07843,1.03517,1.08701,1.09433,1.07138


B:
0,0,0,0,0,0,0,0,0,0,0,0
0,0,0,0,0,0,0,0,0,0,0,0
0,0,0,0,0,0,0,0,0,0,0,0


========================================================
Test10 (ADC Calibration) results 2008-08-30 18:21:59
Board ID144 36 channels
Linux calibration (server mode)

Voltmeter channel: A=1.09772, B=0

A:
1.08547,1.08011,1.08484,1.08115,1.068,1.09289,1.08953,1.08023,1.09691,1.08877,1.0837,1.08385
1.07501,1.09785,1.09699,1.09296,1.08209,1.0918,1.09815,1.07858,1.07848,1.08225,1.09333,1.07204
1.09229,1.09253,1.08185,1.07819,1.07232,1.08091,1.1026,1.07655,1.03609,1.08564,1.09534,1.0684


B:
0,0,0,0,0,0,0,0,0,0,0,0
0,0,0,0,0,0,0,0,0,0,0,0
0,0,0,0,0,0,0,0,0,0,0,0


========================================================
Test10 (ADC Calibration) results 2008-08-30 21:23:30
Board ID144 36 channels
Linux calibration (server mode)

Voltmeter channel: A=1.12786, B=0

A:
1.11643,1.11089,1.11589,1.11204,1.09342,1.12382,1.12042,1.11085,1.12644,1.11939,1.11299,1.11477
1.10267,1.12851,1.12803,1.12412,1.11302,1.12289,1.12929,1.10868,1.10595,1.11238,1.12457,1.10084
1.1234,1.12354,1.11113,1.10902,1.09819,1.11164,1.13339,1.11017,1.06371,1.11594,1.1247,1.09196


B:
0,0,0,0,0,0,0,0,0,0,0,0
0,0,0,0,0,0,0,0,0,0,0,0
0,0,0,0,0,0,0,0,0,0,0,0


========================================================
Test10 (ADC Calibration) results 2008-08-30 21:50:45
Board ID144 36 channels
Linux calibration (server mode)

Voltmeter channel: A=1.0966, B=0

A:
1.08526,1.07996,1.08471,1.08103,1.06318,1.0925,1.08924,1.08003,1.09699,1.08824,1.07964,1.08377
1.07253,1.09711,1.09672,1.09284,1.08199,1.09166,1.09784,1.07826,1.07487,1.08133,1.09321,1.07003
1.09219,1.09231,1.07984,1.07814,1.06903,1.08076,1.10175,1.07736,1.03282,1.08504,1.09274,1.07008


B:
0,0,0,0,0,0,0,0,0,0,0,0
0,0,0,0,0,0,0,0,0,0,0,0
0,0,0,0,0,0,0,0,0,0,0,0


========================================================
Test10 (ADC Calibration) results 2008-08-31 12:04:51
Board ID144 36 channels
Linux calibration (server mode)

Voltmeter channel: A=1.09666, B=0

A:
1.08515,1.07984,1.08462,1.08096,1.0599,1.09214,1.08882,1.07951,1.09464,1.0877,1.08153,1.08365
1.07016,1.09642,1.09649,1.09272,1.0819,1.09161,1.09753,1.07748,1.07304,1.08053,1.09306,1.07016
1.09203,1.09202,1.07993,1.07814,1.06277,1.0806,1.10118,1.07936,1.02886,1.08397,1.09294,1.08792


B:
0,0,0,0,0,0,0,0,0,0,0,0
0,0,0,0,0,0,0,0,0,0,0,0
0,0,0,0,0,0,0,0,0,0,0,0


========================================================
Test10 (ADC Calibration) results 2008-08-31 16:13:49
Board ID144 36 channels
Linux calibration (server mode)

Voltmeter channel: A=1.09687, B=0

A:
1.08528,1.07993,1.08474,1.08105,1.06124,1.09229,1.08905,1.07973,1.09558,1.08795,1.08454,1.08388
1.07069,1.09658,1.09663,1.09282,1.08202,1.09169,1.0977,1.07743,1.07377,1.08101,1.09316,1.07057
1.09222,1.09217,1.08045,1.07809,1.06403,1.08066,1.10149,1.07791,1.0321,1.08437,1.09361,1.07349


B:
0,0,0,0,0,0,0,0,0,0,0,0
0,0,0,0,0,0,0,0,0,0,0,0
0,0,0,0,0,0,0,0,0,0,0,0


========================================================
Test10 (ADC Calibration) results 2008-08-31 18:29:22
Board ID144 36 channels
Linux calibration (server mode)

Voltmeter channel: A=1.09699, B=0

A:
1.08538,1.07999,1.08471,1.08113,1.06109,1.09231,1.08912,1.07974,1.09481,1.08795,1.08215,1.08385
1.07102,1.09649,1.09656,1.09287,1.08202,1.09171,1.09766,1.07754,1.07497,1.0811,1.09323,1.07051
1.09219,1.09221,1.08025,1.07813,1.06672,1.08073,1.10147,1.08562,1.03344,1.08557,1.09337,1.05857


B:
0,0,0,0,0,0,0,0,0,0,0,0
0,0,0,0,0,0,0,0,0,0,0,0
0,0,0,0,0,0,0,0,0,0,0,0


========================================================
Test10 (ADC Calibration) results 2008-09-01 15:17:54
Board ID144 36 channels
Linux calibration (server mode)

Voltmeter channel: A=1.09855, B=0

A:
1.08545,1.08013,1.08488,1.08115,1.06563,1.09267,1.08951,1.08004,1.0951,1.08822,1.09077,1.08412
1.07123,1.09747,1.09696,1.09297,1.0822,1.09183,1.09806,1.07814,1.08006,1.08197,1.09349,1.07149
1.09238,1.09239,1.08212,1.07834,1.06815,1.0808,1.10198,1.0813,1.03677,1.08555,1.09517,1.08707


B:
0,0,0,0,0,0,0,0,0,0,0,0
0,0,0,0,0,0,0,0,0,0,0,0
0,0,0,0,0,0,0,0,0,0,0,0


========================================================
Test10 (ADC Calibration) results 2009-03-23 09:54:20
Board ID144 36 channels
Host: ufcmshv3
Linux calibration software

Voltmeter channel: A=1.05451, B=12.1349

A:
1.05863,1.04712,1.06427,1.07509,1.0601,1.06899,1.04822,1.05537,1.05932,1.06864,1.06279,1.04359
1.04376,1.07058,1.05212,1.06062,1.07527,1.06305,1.06279,1.0546,1.05545,1.05958,1.06131,1.06934
1.0478,1.06157,1.06157,1.05135,1.05734,1.07128,1.06444,1.0647,1.06689,1.06122,1.07938,1.04932


B:
13.9904,10.8898,8.53038,14.3565,12.8353,7.76253,11.9497,16.399,4.02544,11.2948,13.0965,11.5119
12.814,16.7835,8.90254,7.68507,16.1289,12.4296,9.05786,10.5783,3.6534,9.29172,5.76364,8.93289
15.0721,5.94511,12.9512,8.15209,9.69489,11.4214,6.45213,7.48567,8.22327,12.0001,16.4729,15.1098


