========================================================

Test10 results 10-06-2005  12:58:50
Board ID089  36 channels
HV Tests Software Ver.1.6

+5V 2541 - O'k
-5V 1307 - O'k
Interlock - On

Voltmeter channel: A=1.053741, B=12.645041

A:
Limits 1.1 +/- 0.1
1.050972,1.064396,1.059322,1.055409,1.061008,1.057642,1.067806,1.060445,1.06383,1.066667,1.061571,1.066667
1.058761,1.067806,1.062135,1.052632,1.062699,1.062699,1.054852,1.058761,1.061571,1.063264,1.054296,1.058761
1.057642,1.062135,1.070091,1.064963,1.06383,1.064396,1.05042,1.064963,1.060445,1.056524,1.064396,1.064396


B:
Limits 0.0 +/- 35.0
6.306005,8.515358,9.534028,7.387925,8.487992,8.460956,4.271266,6.362518,5.319178,2.133125,13.80044,8.533125
5.293845,6.406877,3.186514,12.631436,11.689907,6.376411,9.493498,8.470129,7.431013,5.31621,6.325786,12.705173
5.288031,7.435054,2.13999,8.519632,1.063858,11.708546,15.756314,9.584596,7.422964,7.395659,7.450962,9.579754
========================================================
Test10 (ADC Calibration) results 2007-10-09 15:48:57
Board ID89 36 channels
Linux calibration software

Voltmeter channel: A=1.05316, B=15.3323

A:
1.05128,1.06381,1.05961,1.05572,1.06154,1.05819,1.0666,1.06082,1.06479,1.06709,1.06265,1.06637
1.05966,1.06854,1.06089,1.06102,1.06387,1.06624,1.05431,1.05757,1.06516,1.07101,1.05562,1.06361
1.05651,1.06295,1.07117,1.07229,1.06407,1.06506,1.05262,1.0712,1.06,1.0571,1.06802,1.06601


B:
0.0769333,5.19628,5.63138,4.36398,1.87698,5.82428,3.28569,4.59744,2.91577,1.4421,7.17376,5.38089
2.2568,2.82883,0.908138,6.88024,6.83618,4.22259,6.39375,7.42258,2.9678,1.95012,0.581232,7.11682
3.22567,2.18681,-4.23391,3.59178,-3.20725,5.68653,11.3888,7.22233,3.67979,2.19743,1.97986,6.05508


========================================================
Test10 (ADC Calibration) results 2008-06-17 15:59:18
Board ID089 36 channels
Linux calibration software

Voltmeter channel: A=1.07, B=0

A:
1.06817,1.08093,1.07676,1.07236,1.07791,1.07517,1.08387,1.07977,1.08244,1.08396,1.08012,1.08333
1.07747,1.08647,1.07897,1.0654,1.06965,1.08692,1.05751,1.06653,1.08289,1.09271,1.07254,1.08164
1.07166,1.0795,1.08701,1.09581,1.07977,1.08057,1.07018,1.0949,1.07694,1.07385,1.08593,1.08485


B:
2.36164,6.7395,5.66096,5.91009,4.3712,6.06916,3.78411,4.57486,4.03162,3.91781,9.21203,6.88315
2.62968,2.8858,1.21974,17.3415,16.1524,5.51169,19.8476,14.1585,4.91554,3.42878,2.09895,9.97075
5.49536,3.9594,-0.0068039,5.38848,-0.39219,9.23154,13.9529,7.97967,4.41872,4.51123,4.47267,6.12251


