========================================================

Test11 results 10-06-2005  13:00:06
Board ID089  36 channels
HV Tests Software Ver.1.6

+5V 2541 - O'k
-5V 1307 - O'k
Interlock - On
Calibration DAC Range: [2500 - 2900]


A:
Limits 0.76 +/- 0.04
0.75188,0.740741,0.743494,0.747664,0.744879,0.746269,0.740741,0.744879,0.742115,0.740741,0.743494,0.739372
0.747664,0.739372,0.743494,0.749064,0.742115,0.743494,0.749064,0.747664,0.742115,0.743494,0.749064,0.746269
0.747664,0.743494,0.736648,0.740741,0.740741,0.742115,0.753296,0.743494,0.739372,0.749064,0.744879,0.740741


B:
Limits 60.0 +/- 40.0
58.598732,65.484756,70.229446,66.457703,60.371239,68.835915,60.427971,65.036552,61.735626,64.90081,57.83073,74.150322
58.166046,66.399918,68.166679,64.427704,63.313709,62.711365,60.277863,58.008701,67.903008,61.993462,62.565834,57.222473
61.171669,60.269775,74.802124,61.02042,72.504791,62.663994,51.402897,54.224525,87.64241,62.025982,66.445564,63.976151
========================================================
Test11 (DAC Calibration) results 2007-10-09 15:48:57
Board ID89 36 channels
Linux calibration software
Calibration DAC Range: [1100 - 2700]

A:
0.750469,0.741633,0.74384,0.747314,0.743218,0.745573,0.738962,0.743356,0.740947,0.739713,0.742804,0.738757
0.744532,0.738348,0.742942,0.743218,0.741221,0.739577,0.747943,0.745643,0.740329,0.736648,0.747384,0.741771
0.746756,0.742597,0.736174,0.735767,0.742184,0.740398,0.750258,0.736513,0.743564,0.746338,0.742735,0.739372


B:
70.3565,67.3495,72.7568,71.0976,71.3861,76.328,71.3653,72.2355,66.6758,68.8395,63.7882,79.7766
70.3118,71.4813,75.4829,69.7511,68.2202,70.9529,70.0823,70.1183,71.0901,71.3444,72.3468,66.713
70.3724,67.4928,81.1356,66.9824,71.7783,73.8083,61.6432,66.6727,78.9385,75.8747,72.0545,69.3161


========================================================
Test11 (ADC Calibration) results 2008-06-17 18:39:44
Board ID089 36 channels
Linux calibration software

Calibration DAC Range: [1000 - 3500]

A:
0.7384,0.7296,0.7324,0.7356,0.732,0.7336,0.7276,0.7304,0.7288,0.728,0.7304,0.7268
0.732,0.726,0.7308,0.74,0.7376,0.7256,0.7456,0.7392,0.728,0.7216,0.7352,0.7292
0.736,0.7308,0.7248,0.72,0.7312,0.7296,0.7376,0.72,0.7316,0.734,0.73,0.7268


B:
69.6001,67.4,72.6,71.4,70,74.3999,70.4001,72.5999,67.2,68.0001,63.5999,80.1999
71,72,75.2001,63,61.3999,70.4,60.4001,66.8,70.0001,71.4,72.8,65.8
70,67.2001,80.2,65.9999,70.8001,71.4,61.3999,67.9999,79.4,75.9999,71.9999,69.1999


========================================================
Test11 (ADC Calibration) results 2008-07-06 17:26:25
Board ID089 36 channels
Linux calibration software

Calibration DAC Range: [1000 - 3500]

A:
0.7388,0.7296,0.732,0.7352,0.7316,0.7332,0.7276,0.73,0.7288,0.7276,0.7308,0.7264
0.7324,0.726,0.7304,0.7464,0.7388,0.7256,0.756,0.744,0.7276,0.722,0.7356,0.7292
0.7368,0.7308,0.7252,0.72,0.7308,0.7288,0.7372,0.7204,0.7312,0.734,0.7296,0.7268


B:
68.2,67.4,73,71.8,70.4,74.7999,70.4001,72.9999,66.2,68.4001,62.2001,81.5999
70.6,72,75.5999,64.6,64.2,70.4,59.0001,64.9999,71.4001,71,71.4,65.8
69.2,67.2001,78.8,66.9999,71.2001,73.2,61.7999,67.6001,79.8001,75.9999,73.4,69.1999


========================================================
Test11 (ADC Calibration) results 2008-07-16 22:38:23
Board ID089 36 channels
Linux calibration software

Calibration DAC Range: [1000 - 3500]

A:
0.738,0.7292,0.7316,0.7344,0.7312,0.7328,0.7268,0.7296,0.728,0.7272,0.73,0.7264
0.7316,0.7256,0.7304,0.7452,0.738,0.7248,0.7544,0.7452,0.7276,0.7208,0.7348,0.7288
0.7364,0.7304,0.7244,0.7196,0.7304,0.7288,0.7368,0.72,0.7316,0.734,0.7296,0.7264


B:
70.0001,67.8,73.4,72.6001,70.8001,75.2,71.1999,73.4,68.0001,68.8001,62.9999,80.5999
71.4,71.4,75.5999,65.8001,63.0001,71.2,58.5999,65.8001,70.4001,72.2001,72.2001,66.2
69.6,67.5999,80.6001,66.3999,71.5999,73.2,62.1999,66.9999,78.4,74.9999,72.4,69.5999


========================================================
Test11 (ADC Calibration) results 2008-07-20 18:58:34
Board ID089 36 channels
Linux calibration software

Calibration DAC Range: [1000 - 3500]

A:
0.738,0.7292,0.7316,0.7344,0.7308,0.7328,0.7272,0.73,0.7284,0.7272,0.73,0.7268
0.7312,0.7252,0.7304,0.748,0.7384,0.7248,0.7592,0.748,0.7272,0.7212,0.7348,0.7288
0.7364,0.7304,0.724,0.7204,0.7304,0.7284,0.7368,0.7208,0.7312,0.7336,0.7292,0.7264


B:
70.0001,67.8,73.4,72.6001,72.2001,74.2,70.8001,71.9999,66.6,68.8001,62.9999,79.1999
71.8001,72.8,75.5999,60.9999,62.6001,71.2,54.8001,62.9999,71.8001,71.8,72.2001,66.2
69.6,66.5999,81.0001,65.6001,71.5999,73.6,61.1999,66.2001,79.8001,76.3999,73.8,69.5999


