========================================================

Test10 results 03-28-2005  15:04:54
Board ID028  36 channels
HV Tests Software Ver.1.6

+5V 2534 - O'k
-5V 1312 - O'k
Interlock - On

Voltmeter channel: A=1.071237, B=8.569725

A:
Limits 1.1 +/- 0.1
1.077006,1.084599,1.068947,1.072961,1.086957,1.072961,1.060445,1.084011,1.073537,1.062699,1.06553,1.074114
1.068376,1.070091,1.061008,1.082837,1.069519,1.074691,1.073537,1.073537,1.074691,1.071811,1.074114,1.076426
1.071811,1.078749,1.071811,1.074114,1.073537,1.074691,1.081666,1.075847,1.074114,1.072386,1.079331,1.075847


B:
Limits 0.0 +/- 30.0
9.692835,8.676929,5.344774,7.51089,13.043554,1.073122,7.422964,7.588078,5.367522,10.627208,18.114159,11.81529
7.478648,8.560535,9.549,7.580034,17.112415,10.746796,5.367522,6.441059,4.298649,7.502839,17.18586,8.6114
8.57465,7.55105,12.861896,5.370607,13.95582,10.746796,6.490035,8.606635,7.518835,11.796368,4.317371,8.606635
========================================================
Test10 (ADC Calibration) results 2007-09-20 11:38:10
Board ID28 36 channels
Linux calibration software

Voltmeter channel: A=1.07162, B=9.57151

A:
1.07734,1.08354,1.06858,1.072,1.0857,1.07174,1.05888,1.08244,1.07233,1.0618,1.06613,1.07354
1.06704,1.07026,1.05999,1.08409,1.07016,1.07492,1.07355,1.07197,1.06955,1.07204,1.07301,1.07929
1.07243,1.07754,1.07291,1.07338,1.07287,1.07452,1.08109,1.07398,1.07372,1.07297,1.07794,1.07489


B:
3.11252,6.8167,3.23455,6.41071,11.2467,-0.665944,6.04235,6.17671,4.28038,7.64976,11.6152,8.74992
7.59777,5.63348,6.55281,6.12355,11.9019,6.77105,4.14805,5.38484,3.53848,5.00448,16.057,2.25764
6.22517,6.9779,6.20374,7.33798,5.10467,5.80853,5.10117,6.97014,5.83352,6.17668,2.48989,7.46913


========================================================
Test10 (ADC Calibration) results 2008-06-17 15:59:19
Board ID028 36 channels
Linux calibration software

Voltmeter channel: A=1.07, B=0

A:
1.09473,1.10106,1.08496,1.08928,1.10253,1.08892,1.07467,1.10032,1.08973,1.07873,1.08407,1.09145
1.08478,1.08739,1.07705,1.10355,1.08856,1.09227,1.09191,1.08982,1.08631,1.08964,1.09091,1.09674
1.09028,1.09473,1.09,1.091,1.08937,1.08184,1.09894,1.08973,1.09118,1.09145,1.09491,1.09254


B:
3.75694,5.415,3.41749,5.72191,13.5454,-0.913408,6.75253,5.20899,3.99715,8.78198,9.67003,6.99038
5.7538,5.94838,7.32862,5.7807,9.43678,6.45684,4.17072,3.47734,3.68751,4.29865,13.8181,4.31834
5.67567,6.60333,7.45188,7.18947,6.29211,13.8969,4.4938,7.04845,5.93117,6.33527,4.90267,7.08001


