========================================================

Test11 results 03-28-2005  15:06:13
Board ID028  36 channels
HV Tests Software Ver.1.6

+5V 2532 - O'k
-5V 1313 - O'k
Interlock - On
Calibration DAC Range: [2500 - 2900]


A:
Limits 0.76 +/- 0.04
0.750469,0.742115,0.756144,0.753296,0.746269,0.754717,0.764818,0.744879,0.753296,0.760456,0.757576,0.749064
0.753296,0.756144,0.760456,0.744879,0.754717,0.750469,0.753296,0.750469,0.749064,0.753296,0.75188,0.75188
0.753296,0.749064,0.754717,0.754717,0.750469,0.75188,0.746269,0.750469,0.75188,0.753296,0.754717,0.75188


B:
Limits 60.0 +/- 30.0
57.351021,71.592026,62.945557,61.307377,50.315845,59.997932,51.487194,63.249279,63.730759,60.209015,57.071781,70.562126
72.021057,56.673218,64.728676,68.088814,57.905323,64.267578,59.068638,69.014809,76.017891,62.02113,56.424965,55.968441
64.53849,58.807533,56.760532,55.141834,64.267578,60.643639,67.406235,64.984337,62.794281,58.976131,57.802509,56.68948
========================================================
Test11 (DAC Calibration) results 2007-09-20 11:38:10
Board ID28 36 channels
Linux calibration software
Calibration DAC Range: [1100 - 2700]

A:
0.747803,0.743149,0.753935,0.751527,0.742046,0.752092,0.760456,0.743909,0.750539,0.758366,0.755287,0.749695
0.754646,0.752375,0.759662,0.743149,0.752445,0.749485,0.750821,0.751174,0.75287,0.75188,0.750821,0.746826
0.750469,0.747664,0.750892,0.750188,0.750539,0.749766,0.744463,0.749766,0.750328,0.750469,0.751174,0.749134


B:
69.6764,71.4816,73.5937,70.4087,69.2977,72.7931,70.3422,69.5369,76.2643,70.7461,68.5799,72.9171
70.8139,71.5039,71.5696,71.4816,68.3973,70.9575,68.3716,70.8919,75.4941,66.9173,62.365,72.2182
75.6098,65.9813,72.1794,71.0425,71.9111,70.8715,74.8743,71.3215,70.8496,71.107,74.6478,69.3416


========================================================
Test11 (ADC Calibration) results 2008-06-17 18:39:44
Board ID028 36 channels
Linux calibration software

Calibration DAC Range: [1000 - 3500]

A:
0.736,0.7312,0.742,0.7396,0.7304,0.7396,0.7492,0.7316,0.7388,0.746,0.7424,0.7372
0.7428,0.7404,0.7468,0.7296,0.7396,0.7372,0.738,0.7388,0.7412,0.7392,0.7388,0.7348
0.7384,0.736,0.7388,0.7376,0.7388,0.7444,0.7324,0.7388,0.7376,0.7376,0.7392,0.7376


B:
70,72.8001,75.0001,71.4,68.5999,75.4,70.8,70.4,77.2,72,71.6,74.7999
71.2,71.5999,73.2,73.4,71.4,72.7999,69.0001,73.2,75.8001,68.8,64.2,72.2001
76.6001,66,73.2,72.3999,73.2,66.5999,75.6,72.2,73.3999,72.3999,74.8,69.3999


========================================================
Test11 (ADC Calibration) results 2008-07-16 22:38:23
Board ID028 36 channels
Linux calibration software

Calibration DAC Range: [1000 - 3500]

A:
0.7352,0.7312,0.742,0.7392,0.7292,0.7396,0.7492,0.7312,0.7384,0.7456,0.742,0.7368
0.7416,0.74,0.7464,0.728,0.7392,0.7368,0.7368,0.738,0.7592,0.7384,0.7376,0.7336
0.7376,0.7352,0.7468,0.7376,0.738,0.7424,0.732,0.7412,0.7372,0.7372,0.7388,0.7364


B:
71.8,72.8001,74.0001,72.8,70.8,74.4,70.8,71.8001,77.6001,72.4001,72.0001,75.2
73.4001,72,73.6,75.0001,70.8,73.2,71.2,75.0001,58.8001,70.6001,66.3999,73.3999
77.3999,67.8,65.2,72.3999,74.0001,71.6,76,69.8001,73.7999,72.7999,75.2,71.6


========================================================
Test11 (ADC Calibration) results 2008-07-20 18:58:34
Board ID028 36 channels
Linux calibration software

Calibration DAC Range: [1000 - 3500]

A:
0.7352,0.7308,0.742,0.7388,0.7296,0.7392,0.7496,0.7316,0.7384,0.746,0.742,0.7368
0.7424,0.7404,0.7468,0.7284,0.7392,0.7364,0.7368,0.7384,0.76,0.7384,0.7376,0.7332
0.7372,0.7356,0.7428,0.7372,0.7384,0.7444,0.732,0.7428,0.7376,0.7372,0.7388,0.7364


B:
71.8,73.2001,74.0001,73.2,70.4,75.8,70.4,70.4,77.6001,72,72.0001,75.2
71.6,71.5999,73.2,73.6,71.8,74.6,71.2,73.6001,57,70.6001,66.3999,74.7999
77.7999,67.4,69.2,72.7999,72.6001,66.5999,76,68.2,73.3999,72.7999,75.2,70.6


