========================================================

Test10 results 02-08-2006  16:17:31
Board ID378  30 channels
HV Tests Software Ver.1.6

+5V 2564 - O'k
-5V 1359 - O'k
Interlock - On

Voltmeter channel: A=1.079331, B=7.555364

A:
Limits 1.1 +/- 0.1
1.076426,1.075269,1.081081,1.075269,1.085187,1.074114,1.075269,1.091107,1.081081,1.079914
1.068947,1.078749,1.078167,1.075847,1.081666,1.069519,1.085187,1.070091,1.078749,1.081081
1.079914,1.079331,1.078167,1.081666,1.082837,1.079331,1.069519,1.084011,1.075269,1.081081


B:
Limits 0.0 +/- 35.0
7.534973,10.752512,8.648827,7.526706,9.766678,7.518835,11.827781,7.637702,9.729908,7.559361
6.413721,5.393553,8.625466,9.682483,7.571701,11.764822,5.425929,9.630627,7.55105,9.729908
7.559361,8.634694,8.625466,7.571701,6.497197,9.714025,13.90386,6.504067,11.827781,5.405584
========================================================

Test10 results 02-08-2006  16:48:53
Board ID378  30 channels
HV Tests Software Ver.1.6

+5V 2564 - O'k
-5V 1360 - O'k
Interlock - On

Voltmeter channel: A=1.079331, B=7.555364

A:
Limits 1.1 +/- 0.1
1.076426,1.074691,1.081666,1.074691,1.085776,1.074114,1.075269,1.091703,1.081666,1.079914
1.068376,1.077586,1.077586,1.075847,1.082251,1.068947,1.084011,1.070091,1.078167,1.079914
1.078749,1.079914,1.078167,1.081666,1.075269,1.079331,1.070664,1.083424,1.075847,1.080497


B:
Limits 0.0 +/- 35.0
7.534973,11.821486,7.571701,9.672105,8.686214,7.518835,11.827781,5.458513,6.490035,7.559361
8.547024,8.620811,10.775984,9.682483,6.493545,13.896351,9.7561,9.630627,9.703633,11.879015
9.708548,6.479447,9.703633,7.571701,9.677243,8.634694,10.706645,8.667404,9.682483,6.48299
========================================================
Test10 (ADC Calibration) results 2008-01-25 05:39:40
Board ID378 30 channels
Linux calibration software

Voltmeter channel: A=1.07186, B=-1506.73

A:
1.07673,1.07593,1.0801,1.07519,1.08556,1.07409,1.07573,1.09157,1.08205,1.08008
1.06787,1.07719,1.07759,1.07539,1.08175,1.06971,1.08485,1.07001,1.07908,1.0801
1.07974,1.07994,1.0785,1.0806,1.07523,1.0786,1.06987,1.08321,1.07577,1.0806


B:
2.71133,5.90137,6.59047,3.80773,5.43194,3.63,7.16034,4.17682,2.5963,4.25652
5.98029,5.34373,6.54848,8.349,4.4668,7.93563,2.96782,6.81698,3.83292,8.87052
3.89721,3.31807,4.98254,7.58432,5.88354,6.81059,8.79182,5.57863,8.03577,2.54353


========================================================
Test10 (ADC Calibration) results 2008-05-16 11:15:38
Board ID378 30 channels
Linux calibration software

Voltmeter channel: A=1.07341, B=-1507.89

A:
1.07653,1.07623,1.08094,1.07523,1.08576,1.07472,1.07603,1.09147,1.0814,1.07974
1.0683,1.07793,1.07813,1.06804,1.08154,1.06971,1.08431,1.06957,1.07864,1.08084
1.07974,1.07984,1.07924,1.08135,1.07563,1.07978,1.07061,1.08385,1.07533,1.08084


B:
4.44713,5.51237,5.70277,4.95877,5.37317,2.60574,7.84776,5.50655,4.90802,5.57704
5.81837,4.38741,6.05035,14.6305,4.72596,9.00534,4.35471,8.44942,6.08126,8.3129
4.97695,4.72735,3.62492,6.62683,6.64142,5.08467,7.84017,4.74752,9.67883,2.63236


