========================================================

Test10 results 09-27-2006  00:30:59
Board ID351  30 channels
HV Tests Software Ver.1.6.8

+5V 2531 - O'k
-5V 1340 - O'k
Interlock - On
Number of Samples: 400

Voltmeter channel: A=1.072961, B=11.802734

A:
Limits 1.1 +/- 0.1
1.079331,1.066667,1.078167,1.078167,1.090513,1.075847,1.074114,1.066098,1.074691,1.081666
1.064396,1.074691,1.072961,1.064963,1.056524,1.070091,1.068376,1.078167,1.074691,1.066667
1.071811,1.069519,1.075269,1.072386,1.061008,1.072386,1.070664,1.078167,1.074114,1.068376


B:
Limits 0.0 +/- 30.0
11.872686,13.866459,18.32897,15.094469,10.905224,13.985871,11.81529,17.057522,13.970869,10.816698
12.772942,13.970869,22.532349,14.90941,16.904375,12.8409,19.230785,16.172636,13.970869,17.06646
12.861896,12.834341,12.903049,19.30307,23.342104,13.94114,14.9893,12.938135,12.889404,12.820528
========================================================
Test10 (ADC Calibration) results 2007-11-26 15:50:29
Board ID351 30 channels
Linux calibration software

Voltmeter channel: A=1.0655, B=-1291.3

A:
1.07647,1.06546,1.07667,1.0762,1.0871,1.0753,1.07155,1.06513,1.07326,1.07958
1.06078,1.07245,1.07356,1.06295,1.05489,1.06784,1.06824,1.07617,1.07192,1.06473
1.06974,1.06817,1.07326,1.07171,1.06141,1.07159,1.06928,1.07577,1.07215,1.067


B:
7.5685,5.94363,10.9877,7.45763,7.90561,6.46397,7.7437,9.43626,8.23189,5.98045
10.2594,6.8597,13.1728,8.95875,10.2834,8.63587,10.9224,10.8308,9.09158,10.1499
6.72753,4.739,7.03194,12.4569,12.9274,6.24127,10.2558,8.02072,8.84449,4.70316


