========================================================

Test10 results 11-26-2004  14:55:31
Board ID262  30 channels
HV Tests Software Ver.1.4

+5V 2499 - O'k
-5V 1301 - O'k
Interlock - On

Voltmeter channel: A=1.078167, B=12.938135

A:
1.066667,1.062135,1.073537,1.082251,1.077586,1.077006,1.070664,1.064963,1.082837,1.072961
1.072386,1.077586,1.077586,1.070091,1.074114,1.072386,1.075847,1.074114,1.059883,1.072386
1.069519,1.077006,1.075847,1.082251,1.072961,1.071237,1.071237,1.072386,1.079914,1.071811


B:
9.599792,21.242807,7.514596,9.740297,9.698398,8.615829,10.706645,12.779484,-2.165499,8.583851
10.723982,11.85357,8.620811,11.770809,10.741177,10.723982,7.530788,13.963518,23.317648,7.506824
11.764822,12.923853,6.454941,10.822549,16.09458,12.854673,10.712199,12.868753,9.719189,7.502839
========================================================

Test10 results 01-11-2005  17:10:55
Board ID262  30 channels
HV Tests Software Ver.1.6

+5V 2503 - O'k
-5V 1305 - O'k
Interlock - On

Voltmeter channel: A=1.078749, B=11.866045

A:
Limits 1.1 +/- 0.1
1.066098,1.061571,1.074114,1.081666,1.077586,1.077586,1.070091,1.06553,1.081081,1.072386
1.071237,1.078167,1.077586,1.070664,1.074114,1.073537,1.075269,1.074691,1.073537,1.071811
1.068947,1.077586,1.075269,1.082251,1.071811,1.071237,1.070664,1.071811,1.079331,1.071237


B:
Limits 0.0 +/- 30.0
10.660933,20.169867,6.444721,11.898364,9.698398,7.543225,10.700718,10.655449,3.243422,9.651596
13.925911,9.703633,9.698398,10.706645,10.741177,7.514596,8.601974,11.821486,11.808746,9.646461
13.896351,11.85357,8.601974,9.740297,19.292763,12.854673,11.777308,15.005518,11.872686,10.712199
