========================================================

Test11 results 11-26-2004  14:56:58
Board ID262  30 channels
HV Tests Software Ver.1.4

+5V 2500 - O'k
-5V 1301 - O'k
Interlock - On
Calibration DAC Range: [2500 - 2900]


A:
0.754717,0.759013,0.750469,0.744879,0.747664,0.749064,0.757576,0.756144,0.743494,0.75188
0.75188,0.747664,0.749064,0.75188,0.749064,0.75188,0.747664,0.753296,0.760456,0.750469
0.754717,0.750469,0.75188,0.750469,0.75188,0.753296,0.753296,0.750469,0.749064,0.753296


B:
64.069275,55.111618,67.402657,63.249279,67.427872,62.759869,42.463112,64.763367,77.132362,60.192806
59.38641,61.699924,61.867611,63.948349,67.162811,59.38641,71.198685,48.729397,54.733582,68.117393
60.231014,53.393288,55.792767,55.775146,57.055691,54.754658,60.313343,64.805328,53.477036,62.828495
========================================================

Test11 results 01-11-2005  17:15:52
Board ID262  30 channels
HV Tests Software Ver.1.6

+5V 2503 - O'k
-5V 1305 - O'k
Interlock - On
Calibration DAC Range: [2500 - 2900]


A:
Limits 0.75 +/- 0.01
0.754717,0.759013,0.75188,0.744879,0.749064,0.750469,0.754717,0.757576,0.744879,0.75188
0.75188,0.749064,0.747664,0.75188,0.750469,0.753296,0.747664,0.75188,0.749064,0.753296
0.753296,0.746269,0.749064,0.749064,0.75188,0.753296,0.750469,0.753296,0.746269,0.75188


B:
Limits 70.0 +/- 30.0
66.289207,56.622604,62.078197,63.094883,61.952648,57.17971,52.346657,59.292721,71.875763,58.758434
59.297012,57.027042,64.75666,63.948349,63.283501,52.510036,71.024544,52.386913,70.114624,57.984303
61.64632,66.109192,64.114983,59.31081,56.967579,54.754658,67.753151,53.947292,63.937614,66.643257
========================================================
Test11 (DAC Calibration) results 2008-04-21 15:35:42
Board ID262 30 channels
Linux calibration software
Calibration DAC Range: [1100 - 2700]

A:
0.755572,0.75851,0.750751,0.744879,0.747664,0.748643,0.753792,0.755715,0.745365,0.751244
0.751738,0.748013,0.748363,0.753509,0.750469,0.749344,0.755287,0.750539,0.750821,0.750117
0.753935,0.748013,0.749485,0.748153,0.751174,0.752729,0.752375,0.751244,0.746687,0.751527


B:
65.9238,61.1452,70.7207,66.108,70.4673,67.6212,59.7664,66.4843,72.5893,63.2829
63.0519,64.4508,66.5107,62.4187,65.8537,60.6594,63.1419,61.1034,66.8699,67.0887
64.2446,64.7499,66.4606,66.8007,62.629,60.9336,64.7325,62.5317,65.8391,71.1602


