========================================================
Test10 (ADC Calibration) results 2014-01-19 19:51:39
Board IDXXX 30 channels
Host: ufcmshv1
Linux calibration software

Voltmeter channel: A=1.09534, B=7.90604

A:
1.12054,1.07961,1.08556,1.08258,1.07639,1.07657,1.10016,1.0842,1.08756,1.11459
1.1251,1.08538,1.10408,1.09249,1.12822,1.07408,1.07711,1.10035,1.09728,1.09396
1.0902,1.08366,1.08628,1.04913,1.06103,1.09194,1.08393,1.10147,1.09249,1.10203


B:
5.54525,11.3146,7.18706,7.74098,7.57821,7.41413,7.9556,8.20819,7.75899,7.69296
8.26453,6.91808,8.40327,8.29683,8.00142,6.26575,7.35338,7.78801,6.37254,7.40361
7.9704,6.75153,6.74259,9.14066,7.48648,7.92103,6.07069,7.00313,7.64111,6.94073


========================================================
Test10 (ADC Calibration) results 2014-03-12 17:37:42
Board ID239 30 channels
Host: ufcmshv1
Linux calibration software

Voltmeter channel: A=1.10945, B=5.81507

A:
1.08565,1.07684,1.0935,1.09139,1.07275,1.07072,1.11097,1.12306,1.09858,1.06914
1.09867,1.08529,1.09923,1.09636,1.11382,1.10296,1.0755,1.11564,1.08168,1.07028
1.07081,1.09066,1.09793,1.10993,1.11449,1.08828,1.09821,1.11173,1.1164,1.05099


B:
2.3277,4.15335,3.88291,4.70841,5.34597,5.51045,4.68292,5.56519,4.32242,3.98422
5.337,4.39624,4.39444,4.3571,3.46952,4.55674,5.38474,4.52764,4.23697,4.63418
4.78639,4.71978,5.3482,5.39229,5.77117,4.267,4.65734,4.22657,4.29304,3.60039


========================================================
Test10 (ADC Calibration) results 2014-03-14 17:56:50
Board ID239 30 channels
Host: ufcmshv1
Linux calibration software

Voltmeter channel: A=1.10974, B=5.33935

A:
1.08538,1.07675,1.09332,1.09148,1.07293,1.07072,1.11144,1.12344,1.0983,1.06923
1.09914,1.08511,1.09877,1.09627,1.11363,1.10324,1.07577,1.11564,1.08159,1.07028
1.07108,1.09093,1.09793,1.10974,1.11487,1.08838,1.09802,1.11173,1.11631,1.05091


B:
3.01048,4.88154,4.26848,4.62523,5.18258,5.72454,3.81428,4.54899,5.01336,3.90254
4.03844,4.99583,5.47351,5.31819,3.63983,4.08367,4.70825,4.52764,4.31947,5.06218
3.89875,3.81568,5.12866,6.22731,4.98554,4.18387,5.04472,4.67142,4.82439,4.52172


