========================================================
Test10 (ADC Calibration) results 2014-01-19 19:51:39
Board IDXXX 30 channels
Host: ufcmshv1
Linux calibration software

Voltmeter channel: A=1.09534, B=7.90604

A:
1.12054,1.07961,1.08556,1.08258,1.07639,1.07657,1.10016,1.0842,1.08756,1.11459
1.1251,1.08538,1.10408,1.09249,1.12822,1.07408,1.07711,1.10035,1.09728,1.09396
1.0902,1.08366,1.08628,1.04913,1.06103,1.09194,1.08393,1.10147,1.09249,1.10203


B:
5.54525,11.3146,7.18706,7.74098,7.57821,7.41413,7.9556,8.20819,7.75899,7.69296
8.26453,6.91808,8.40327,8.29683,8.00142,6.26575,7.35338,7.78801,6.37254,7.40361
7.9704,6.75153,6.74259,9.14066,7.48648,7.92103,6.07069,7.00313,7.64111,6.94073


========================================================
Test10 (ADC Calibration) results 2014-03-13 16:55:58
Board ID240 30 channels
Host: ufcmshv1
Linux calibration software

Voltmeter channel: A=1.11068, B=0.0498522

A:
1.07542,1.07916,1.07258,1.07284,1.07979,1.07453,1.11832,1.07622,1.07267,1.08087
1.07222,1.07836,1.07666,1.08123,1.11717,1.08051,1.08357,1.08565,1.08042,1.09148
1.07187,1.08006,1.07222,1.08303,1.08901,1.07196,1.07444,1.07809,1.08024,1.08357


B:
-2.92153,-2.08961,-0.711497,-0.743906,-1.59042,0.0538137,-1.44055,-1.29862,-1.4375,-0.208797
-0.167822,0.812753,-0.204218,-1.4049,-0.634785,-0.74122,-1.18385,-1.3638,-0.874709,-0.395695
0.160756,-0.543184,-0.597006,-0.252381,0.770407,0.507133,-0.938348,-0.664261,-0.276698,-0.534002


