========================================================
Test11 (ADC Calibration) results 2014-01-19 20:02:00
Board IDXXX 30 channels
Host: ufcmshv1
Linux calibration software

Calibration DAC Range: [1000 - 3500]

A:
0.7212,0.7496,0.7452,0.7468,0.7508,0.7516,0.7348,0.7456,0.744,0.7256
0.7188,0.7452,0.7328,0.7404,0.7164,0.7528,0.7504,0.7344,0.7364,0.7388
0.7412,0.746,0.744,0.7724,0.7616,0.74,0.746,0.7336,0.7396,0.7336


B:
65.8,61.4,63.8001,65.2,65.2,65.3999,66.2001,64.4001,64.9999,67.4
64.2,66.8001,66.2,63.5999,65.5999,66.2,65.6,64.6001,66.6,65.2
65.8001,65,65.9999,64.5999,66.3999,66,66,67.3999,66.4,65.3999


========================================================
Test11 (ADC Calibration) results 2014-03-13 17:19:40
Board ID240 30 channels
Host: ufcmshv1
Linux calibration software

Calibration DAC Range: [1000 - 3500]

A:
0.7528,0.7504,0.7544,0.7552,0.75,0.7544,0.7244,0.7524,0.7548,0.7492
0.7552,0.7504,0.752,0.7488,0.7252,0.7488,0.7468,0.7452,0.75,0.742
0.7556,0.75,0.7552,0.7492,0.7436,0.7552,0.7536,0.7508,0.7492,0.7468


B:
77.2,75.6,76.5999,74.7999,76,72.5999,75.6001,75.6001,76.1999,76.8
75.7999,76.6,76.0001,77.2001,74.8,76.2001,77.2,77.8001,75,75.0001
75.4001,75,75.7999,76.8,76.4,75.7999,76.4,76.2,76.8,77.2


