========================================================

Test10 results 08-30-2005  14:04:18
Board ID398  30 channels
HV Tests Software Ver.1.6

+5V 2496 - O'k
-5V 1312 - O'k
Interlock - On

Voltmeter channel: A=1.082251, B=12.987051

A:
Limits 1.1 +/- 0.1
1.071237,1.077006,1.080497,1.079331,1.071237,1.074114,1.070664,1.077006,1.078749,1.077586
1.073537,1.073537,1.075847,1.082251,1.074691,1.072386,1.077006,1.078749,1.071237,1.074114
1.074114,1.076426,1.073537,1.082837,1.077586,1.075847,1.076426,1.077586,1.069519,1.071811


B:
Limits 0.0 +/- 35.0
12.854673,10.769841,12.965973,10.793356,12.854673,13.963518,10.706645,9.692835,11.866045,6.465639
8.588134,8.588134,2.151552,14.069302,11.821486,7.506824,5.384811,12.944794,16.068386,7.518835
7.518835,10.764252,11.808746,12.994219,14.008742,1.075704,8.6114,14.008742,7.486748,13.933707
========================================================
Test10 (ADC Calibration) results 2008-04-15 11:25:08
Board ID398 30 channels
Linux calibration software

Voltmeter channel: A=1.07619, B=-1429.81

A:
1.07081,1.07589,1.08126,1.08225,1.07071,1.07435,1.06997,1.07663,1.07729,1.07653
1.07272,1.07192,1.07419,1.08116,1.07275,1.07258,1.07661,1.07669,1.07138,1.07252
1.07234,1.07525,1.07422,1.07847,1.07629,1.07719,1.07509,1.0784,1.06824,1.07175


B:
7.65182,8.48166,10.5778,6.73708,6.70848,9.1363,8.37206,5.654,9.78762,3.81253
5.33905,6.02864,1.67159,9.86871,10.5222,6.07775,0.454083,12.6045,10.9504,6.77957
5.54348,9.45354,6.37236,17.6559,10.9953,-1.91597,6.53742,7.69614,5.31609,7.36933


