========================================================

Test11 results 08-30-2005  14:06:13
Board ID398  30 channels
HV Tests Software Ver.1.6

+5V 2496 - O'k
-5V 1312 - O'k
Interlock - On
Calibration DAC Range: [2500 - 2900]


A:
Limits 0.76 +/- 0.04
0.746269,0.746269,0.743494,0.743494,0.747664,0.747664,0.747664,0.746269,0.744879,0.746269
0.749064,0.749064,0.747664,0.739372,0.744879,0.746269,0.744879,0.746269,0.750469,0.749064
0.747664,0.743494,0.747664,0.746269,0.746269,0.747664,0.744879,0.744879,0.750469,0.749064


B:
Limits 60.0 +/- 40.0
63.699306,53.97176,54.557247,55.883232,67.29718,54.702446,70.245483,55.503468,59.346302,59.597927
52.512726,51.629066,59.682365,65.074966,66.099678,70.181419,60.876068,50.829998,49.343761,49.374195
64.339386,67.678215,59.440323,58.687134,53.168098,61.290318,64.887253,57.08548,60.257259,51.629066
========================================================
Test11 (DAC Calibration) results 2008-04-15 11:25:08
Board ID398 30 channels
Linux calibration software
Calibration DAC Range: [1100 - 2700]

A:
0.749344,0.745434,0.741359,0.741427,0.748293,0.74613,0.749555,0.745295,0.744463,0.745365
0.748013,0.748573,0.746617,0.741427,0.747245,0.747733,0.74606,0.744879,0.748573,0.748153
0.747524,0.745504,0.746965,0.746269,0.745157,0.744532,0.74599,0.743702,0.750399,0.749064


B:
59.1607,63.101,62.0979,58.2947,71.8454,63.9244,68.7622,63.8906,65.3451,67.6699
62.5059,60.3817,68.1754,64.2262,62.0774,66.4829,64.3198,61.6388,62.0285,59.02
71.4072,64.4953,65.7515,67.9105,63.6362,71.6519,66.9526,66.106,65.9505,58.0524


