========================================================

Test11 results 07-05-2005  12:51:32
Board ID329  30 channels
HV Tests Software Ver.1.6

+5V 2487 - O'k
-5V 1318 - O'k
Interlock - On
Calibration DAC Range: [2500 - 2900]


A:
Limits 0.76 +/- 0.04
0.744879,0.742115,0.750469,0.746269,0.749064,0.753296,0.75188,0.749064,0.753296,0.747664
0.747664,0.744879,0.75188,0.747664,0.744879,0.749064,0.75188,0.746269,0.749064,0.746269
0.750469,0.749064,0.747664,0.746269,0.747664,0.749064,0.747664,0.747664,0.747664,0.744879


B:
Limits 60.0 +/- 30.0
52.171024,66.030693,61.672081,67.077377,56.384781,51.525013,60.908707,69.310883,60.933853,59.362381
57.749321,69.218857,57.773796,56.3741,59.066429,72.435333,61.714554,52.449162,56.220371,65.386063
63.194824,57.999947,57.989902,70.88633,66.367165,57.75087,65.562004,56.942879,59.605518,68.57473
========================================================
Test11 (DAC Calibration) results 2008-01-29 11:47:03
Board ID329 30 channels
Linux calibration software
Calibration DAC Range: [1100 - 2700]

A:
0.743149,0.742804,0.750751,0.747803,0.748363,0.75188,0.752304,0.751597,0.753296,0.747664
0.747664,0.747803,0.752516,0.746965,0.745434,0.752516,0.75188,0.744394,0.748853,0.748433
0.751103,0.748083,0.748083,0.748994,0.749204,0.748153,0.749134,0.747314,0.746617,0.747035


B:
63.307,69.4336,66.6669,66.9847,64.2657,61.6542,64.0776,65.0508,64.9718,63.7383
62.0935,65.1896,61.377,63.9589,62.2066,66.1931,66.9173,64.8459,62.8383,62.672
65.5806,65.9998,69.8898,66.3888,66.9974,65.3044,65.4461,62.7277,70.4153,65.8043


========================================================
Test11 (ADC Calibration) results 2008-06-19 12:56:33
Board ID329 30 channels
Linux calibration software

Calibration DAC Range: [1000 - 3500]

A:
0.7312,0.7316,0.7392,0.736,0.7336,0.7404,0.7408,0.7404,0.7416,0.7344
0.7356,0.7356,0.7412,0.7336,0.734,0.7412,0.7404,0.7328,0.7436,0.736
0.7404,0.7364,0.7372,0.7672,0.7372,0.7364,0.7368,0.7368,0.7344,0.7352


B:
65.8001,70.4,66.8,68,66.3999,62.5999,65.1999,65.5999,64.4001,63.6001
64.4,67.4,61.8001,66.3999,62.9999,66.8001,67.5999,66.2,57.4,66
64.5999,65.6,69.7999,36.8,67.7999,66.6,66.2,62.1999,70.6001,67.8


========================================================
Test11 (ADC Calibration) results 2008-07-17 10:58:43
Board ID329 30 channels
Linux calibration software

Calibration DAC Range: [1000 - 3500]

A:
0.7312,0.7312,0.7392,0.7356,0.7332,0.74,0.7404,0.74,0.7484,0.7348
0.7352,0.7352,0.74,0.7332,0.7336,0.7408,0.7408,0.7324,0.7456,0.7356
0.7392,0.7424,0.7368,0.7664,0.7364,0.736,0.7612,0.7352,0.7344,0.7348


B:
64.8001,70.8001,66.8,68.4,66.7999,63,65.5999,66,56.6001,62.2001
64.8,66.8,64,65.7999,63.3999,67.1999,66.1999,66.6,56.4001,65.4
66.8,60.6,70.2,62.6001,68.6,67,40.8,64.8,70.6001,68.2001


========================================================
Test11 (ADC Calibration) results 2008-07-20 18:37:46
Board ID329 30 channels
Linux calibration software

Calibration DAC Range: [1000 - 3500]

A:
0.7308,0.7316,0.7392,0.7364,0.7336,0.74,0.7408,0.74,0.7484,0.7372
0.7352,0.7356,0.7404,0.7332,0.734,0.7404,0.7404,0.7324,0.7476,0.7352
0.7396,0.7496,0.7368,0.7656,0.7368,0.736,0.762,0.736,0.7344,0.7348


B:
66.2001,69.4,66.8,66.6,66.3999,63,65.1999,66,57.6001,60.7999
64.8,66.4,63.5999,65.7999,62.9999,68.5999,66.5999,66.6,55.3999,66.8
66.4,52.4,70.2,66.3999,67.2,67,40.9999,63,70.6001,68.2001


========================================================
Test11 (ADC Calibration) results 2008-07-24 23:03:59
Board ID329 30 channels
Linux calibration software

Calibration DAC Range: [1000 - 3500]

A:
0.7316,0.7312,0.7392,0.736,0.7336,0.7396,0.7408,0.74,0.7416,0.7376
0.7352,0.7356,0.74,0.7328,0.7336,0.7408,0.7404,0.7324,0.746,0.7356
0.7396,0.7508,0.7372,0.766,0.7364,0.736,0.7632,0.736,0.734,0.7348


B:
64.4,70.8001,66.8,68,66.3999,64.4,65.1999,66,63.4001,59.3999
64.8,66.4,64,67.2,63.3999,67.1999,67.5999,66.6,58,65.4
66.4,52.2,69.7999,66.0001,68.6,67,38.8001,63,71.9999,68.2001


========================================================
Test11 (ADC Calibration) results 2008-08-13 01:14:42
Board ID329 30 channels
Linux calibration software

Calibration DAC Range: [1000 - 3500]

A:
0.7312,0.7308,0.7392,0.7364,0.7324,0.7396,0.7404,0.7396,0.7408,0.7344
0.7352,0.7356,0.7404,0.732,0.7336,0.7408,0.74,0.732,0.7468,0.7352
0.7392,0.7556,0.7368,0.7652,0.736,0.7356,0.764,0.736,0.7432,0.7348


B:
64.8001,71.2001,66.8,66.6,64.6,63.4,65.5999,66.4,64.1999,62.6001
64.8,66.4,62.5999,66,63.3999,67.1999,68,67,56.2,66.8
66.8,46.4001,70.2,66.7999,69,67.4,39,63,61.8,68.2001


========================================================
Test11 (DAC Calibration) results 2008-08-27 10:32:27
Board ID329 30 channels
Linux calibration (server mode)

Calibration DAC Range: [3100 - 3500]

A:
0.748,0.749714,0.756286,0.753714,0.748571,0.756,0.757429,0.756857,0.758286,0.750571
0.752286,0.752571,0.756571,0.749143,0.750286,0.758571,0.757714,0.749143,0.762857,0.752571
0.756571,0.767429,0.755429,0.782571,0.754,0.753429,0.769429,0.752,0.752857,0.752857


B:
0.0,0.0,0.0,0.0,0.0,0.0,0.0,0.0,0.0,0.0
0.0,0.0,0.0,0.0,0.0,0.0,0.0,0.0,0.0,0.0
0.0,0.0,0.0,0.0,0.0,0.0,0.0,0.0,0.0,0.0


========================================================
Test11 (ADC Calibration) results 2008-08-27 13:08:29
Board ID329 30 channels
Linux calibration software

Calibration DAC Range: [1000 - 3500]

A:
0.7292,0.73,0.7376,0.7348,0.7304,0.738,0.7392,0.738,0.7452,0.7344
0.734,0.7336,0.7384,0.7304,0.7324,0.7388,0.7384,0.7308,0.7504,0.7336
0.7376,0.7572,0.7352,0.7648,0.7348,0.7344,0.7632,0.7344,0.7328,0.7336


B:
64.8,68.9999,65.3999,66.2001,64.5999,63.0001,63.8,66.0001,57.8001,60.6001
62.9999,66.3999,62.6001,64.5999,61.6,68.2,67.6001,66.2001,51.6,65.3999
66.3999,42.8,69.8,63.2,67.2001,66.6001,36.8001,62.6001,70.2,66.3999


========================================================
Test11 (DAC Calibration) results 2008-08-28 18:58:20
Board ID329 30 channels
Linux calibration (server mode)

Calibration DAC Range: [3100 - 3500]

A:
0.7325,0.74,0.745,0.7375,0.74,0.745,0.7475,0.7475,0.7525,0.7425
0.7425,0.7375,0.7475,0.74,0.7375,0.7475,0.745,0.7375,0.7625,0.74
0.745,0.76,0.74,0.775,0.74,0.74,0.765,0.74,0.74,0.7425


B:
82.2,64.0,70.5,85.7,61.0,69.5,64.7,63.7,67.3,67.2
63.2,81.7,61.7,62.0,72.7,67.7,73.5,71.7,49.3,74.0
69.5,77.0,83.0,59.5,79.0,77.0,67.5,72.0,74.0,65.2


========================================================
Test11 (DAC Calibration) results 2008-08-30 18:22:57
Board ID329 30 channels
Linux calibration (server mode)

Calibration DAC Range: [3100 - 3500]

A:
0.745,0.7375,0.75,0.75,0.74,0.7475,0.7525,0.75,0.7575,0.745
0.7425,0.7475,0.7475,0.74,0.745,0.75,0.7525,0.7425,0.755,0.7425
0.7525,0.76,0.75,0.7725,0.745,0.745,0.7675,0.7475,0.745,0.7425


B:
50.5,81.7,63.0,54.0,69.0,69.7,59.3,64.0,87.8,64.5
72.2,57.7,71.7,70.0,57.5,69.0,58.3,64.2,75.5,74.2
55.3,69.0,59.0,75.3,71.5,69.5,72.8,56.7,66.5,74.2


========================================================
Test11 (DAC Calibration) results 2008-08-30 21:24:18
Board ID329 30 channels
Linux calibration (server mode)

Calibration DAC Range: [3100 - 3500]

A:
0.7125,0.72,0.7275,0.725,0.72,0.725,0.725,0.725,0.7425,0.72
0.7225,0.7175,0.7275,0.7175,0.72,0.7275,0.73,0.72,0.735,0.7225
0.7225,0.74,0.7225,0.7525,0.725,0.72,0.75,0.72,0.72,0.72


B:
89.3,72.0,68.7,67.5,69.0,75.5,79.5,77.5,66.2,82.0
71.2,88.8,68.7,75.8,73.0,73.7,65.0,71.0,81.5,72.2
85.2,70.0,80.2,70.3,69.5,83.0,62.0,79.0,81.0,80.0


========================================================
Test11 (DAC Calibration) results 2008-08-30 21:52:01
Board ID329 30 channels
Linux calibration (server mode)

Calibration DAC Range: [3100 - 3500]

A:
0.7425,0.7375,0.7475,0.745,0.74,0.7475,0.75,0.75,0.7625,0.7475
0.7425,0.7425,0.7475,0.74,0.74,0.7525,0.75,0.7425,0.76,0.7425
0.7475,0.7625,0.7475,0.775,0.745,0.7425,0.7675,0.7425,0.7425,0.74


B:
58.2,81.7,71.7,70.5,71.0,70.7,67.0,65.0,68.3,59.7
73.2,75.2,71.7,71.0,74.0,61.3,67.0,65.2,67.0,74.2
71.7,72.3,67.7,66.5,71.5,77.2,75.8,74.2,75.2,83.0


========================================================
Test11 (DAC Calibration) results 2008-08-31 12:06:19
Board ID329 30 channels
Linux calibration (server mode)

Calibration DAC Range: [3100 - 3500]

A:
0.7425,0.7425,0.7525,0.745,0.74,0.7475,0.75,0.75,0.7575,0.745
0.7475,0.7425,0.7525,0.74,0.74,0.7525,0.75,0.7425,0.76,0.7475
0.7525,0.7725,0.7475,0.775,0.745,0.7475,0.7675,0.7425,0.755,0.745


B:
59.2,65.2,55.3,70.5,71.0,69.7,67.0,65.0,83.8,71.5
56.7,74.2,55.3,71.0,74.0,61.3,67.0,64.2,80.0,57.7
55.3,58.3,66.7,66.5,71.5,60.7,77.8,73.2,51.5,67.5


========================================================
Test11 (DAC Calibration) results 2008-08-31 16:15:24
Board ID329 30 channels
Linux calibration (server mode)

Calibration DAC Range: [3100 - 3500]

A:
0.7425,0.7375,0.7525,0.745,0.74,0.755,0.75,0.75,0.765,0.74
0.7425,0.7475,0.7525,0.74,0.74,0.7525,0.75,0.7425,0.7625,0.7425
0.7525,0.77,0.7475,0.775,0.745,0.7425,0.77,0.7425,0.755,0.745


B:
58.2,81.7,55.3,70.5,71.0,45.5,67.0,65.0,66.5,87.0
73.2,57.7,55.3,71.0,74.0,61.3,67.0,65.2,63.3,74.2
55.3,70.0,67.7,66.5,71.5,77.2,66.0,74.2,66.5,67.5


========================================================
Test11 (DAC Calibration) results 2008-08-31 18:30:21
Board ID329 30 channels
Linux calibration (server mode)

Calibration DAC Range: [3100 - 3500]

A:
0.7375,0.7375,0.7525,0.745,0.74,0.755,0.75,0.75,0.7625,0.7475
0.7425,0.74,0.7525,0.74,0.74,0.7525,0.75,0.7425,0.7625,0.7425
0.7525,0.77,0.7475,0.775,0.745,0.7475,0.77,0.7425,0.755,0.745


B:
74.7,82.7,55.3,70.5,71.0,45.5,67.0,65.0,69.3,60.7
72.2,83.0,55.3,71.0,74.0,61.3,67.0,64.2,61.3,75.2
55.3,74.0,66.7,66.5,71.5,60.7,70.0,73.2,66.5,67.5


========================================================
Test11 (DAC Calibration) results 2008-09-01 15:18:45
Board ID329 30 channels
Linux calibration (server mode)

Calibration DAC Range: [3100 - 3500]

A:
0.7375,0.7375,0.7525,0.745,0.74,0.75,0.75,0.75,0.7575,0.7475
0.7475,0.74,0.7525,0.74,0.74,0.7525,0.75,0.7425,0.7575,0.7425
0.7525,0.765,0.7425,0.775,0.745,0.7425,0.7675,0.7475,0.7425,0.745


B:
73.7,81.7,55.3,70.5,71.0,63.0,67.0,65.0,69.8,59.7
55.7,83.0,55.3,71.0,74.0,61.3,67.0,65.2,70.8,74.2
55.3,67.5,83.2,66.5,71.5,77.2,72.8,56.7,75.2,67.5


========================================================
Test11 (ADC Calibration) results 2009-03-16 15:41:59
Board ID329 30 channels
Host: ufcmshv3
Linux calibration software

Calibration DAC Range: [1000 - 3500]

A:
0.7636,0.7532,0.7656,0.7604,0.768,0.7668,0.7636,0.77,0.7608,0.7584
0.76,0.7496,0.764,0.76,0.7668,0.766,0.7644,0.7596,0.7612,0.7656
0.7636,0.7572,0.752,0.7664,0.758,0.7932,0.76,0.7672,0.7608,0.766


B:
64.4,67.8,66.3999,67.6,65,64.2001,65.4,66.0001,62.2,64.5999
64,65.4,62,65,61.2,67.0001,65.6,65.4001,62.8,64.3999
63.4,65.8,68.0001,66.6001,65.9999,62.7999,65,60.8,69.2,67.0001


========================================================
Test11 (ADC Calibration) results 2009-03-16 15:57:26
Board ID329 30 channels
Host: ufcmshv3
Linux calibration software

Calibration DAC Range: [1000 - 3500]

A:
0.7636,0.7532,0.766,0.7604,0.768,0.7672,0.7636,0.7704,0.7604,0.7584
0.76,0.7496,0.7636,0.76,0.766,0.7664,0.764,0.76,0.7612,0.7656
0.7628,0.7572,0.7516,0.7664,0.758,0.7932,0.76,0.7664,0.7604,0.766


B:
64.4,67.8,65.0001,67.6,65,62.8,65.4,64.6,63.6,64.5999
64,65.4,62.4,65,63.0001,66.6001,67,65,62.8,64.3999
65.2001,65.8,68.3999,66.6001,65.9999,62.7999,65,62.6001,70.6,67.0001


