========================================================

Test10 results 03-28-2005  16:21:29
Board ID036  36 channels
HV Tests Software Ver.1.6

+5V 2498 - O'k
-5V 1316 - O'k
Interlock - On

Voltmeter channel: A=1.077586, B=5.388053

A:
Limits 1.1 +/- 0.1
1.081081,1.077006,1.074114,1.075847,1.072386,1.078167,1.089325,1.078167,1.078167,1.078749,1.067236,1.075269
1.078167,1.075847,1.077006,1.076426,1.075269,1.074691,1.072961,1.071811,1.070664,1.084599,1.074691,1.072386
1.072386,1.074114,1.072386,1.075847,1.069519,1.071237,1.074114,1.074114,1.087548,1.078167,1.078167,1.070091


B:
Limits 0.0 +/- 30.0
-1.080902,5.384811,2.148266,-0.000143,9.651596,9.703633,-1.089232,4.312799,6.469132,3.236055,11.739713,7.526706
8.625466,-0.000143,8.615829,8.6114,1.075092,7.522722,10.729774,-1.071652,7.494653,1.084739,10.746796,9.651596
7.506824,5.370607,10.723982,-0.000143,6.417229,4.284775,8.592949,7.518835,10.875621,12.938135,1.078297,5.350263
========================================================
Test10 (ADC Calibration) results 2007-10-01 16:33:11
Board ID36 36 channels
Linux calibration software

Voltmeter channel: A=1.07791, B=6.57459

A:
1.08016,1.0656,1.07357,1.07661,1.07284,1.07822,1.08902,1.0791,1.07812,1.08002,1.06743,1.06967
1.07101,1.07467,1.07766,1.07615,1.07525,1.07391,1.08327,1.07064,1.06947,1.08337,1.07415,1.07184
1.0678,1.07345,1.0651,1.07685,1.07024,1.07104,1.07348,1.0678,1.08769,1.07808,1.07801,1.0699


B:
-3.56733,5.37816,-0.0155697,-1.6802,7.45925,5.37796,-4.46242,0.689312,3.11647,2.13407,5.74176,10.144
7.75398,-0.25548,2.43636,5.61116,-3.42367,5.90688,4.96996,-1.33917,6.38449,0.92373,7.90381,6.70632
2.33956,3.98004,12.8286,-5.34109,1.90876,1.14271,6.76522,11.4717,7.97077,8.66982,-0.849202,0.752709


