========================================================

Test11 results 03-28-2005  16:23:01
Board ID036  36 channels
HV Tests Software Ver.1.6

+5V 2498 - O'k
-5V 1317 - O'k
Interlock - On
Calibration DAC Range: [2500 - 2900]


A:
Limits 0.76 +/- 0.04
0.743494,0.744879,0.747664,0.747664,0.749064,0.743494,0.739372,0.743494,0.742115,0.743494,0.75188,0.743494
0.743494,0.747664,0.743494,0.744879,0.746269,0.747664,0.747664,0.749064,0.750469,0.739372,0.747664,0.749064
0.749064,0.749064,0.749064,0.744879,0.750469,0.749064,0.746269,0.749064,0.739372,0.742115,0.750469,0.750469


B:
Limits 60.0 +/- 30.0
57.770466,57.667053,60.323975,54.937,51.549881,57.486389,48.770889,57.486389,60.429317,60.765499,51.4478,68.401924
51.141094,54.937,57.344807,56.718132,58.562149,50.035206,50.611286,58.613316,52.230942,57.990467,45.211536,49.062023
54.84404,50.021763,49.062023,64.731941,51.592419,56.92646,53.672962,49.374195,46.299335,62.760201,53.560753,54.806465
========================================================
Test11 (DAC Calibration) results 2007-10-01 16:33:11
Board ID36 36 channels
Linux calibration software
Calibration DAC Range: [1100 - 2700]

A:
0.742115,0.75188,0.745921,0.744186,0.74606,0.74308,0.736445,0.743218,0.743149,0.74184,0.750962,0.748643
0.749204,0.745157,0.74384,0.744879,0.745504,0.74606,0.739987,0.748713,0.748783,0.739919,0.746269,0.747873
0.750328,0.746756,0.752233,0.744394,0.748994,0.748433,0.747105,0.750328,0.736242,0.742804,0.746965,0.748853


B:
66.9759,62.406,70.1818,69.3023,64.3198,63.2547,63.0858,60.0892,60.9289,66.4688,60.8185,64.1775
51.8638,67.9582,60.1115,60.149,66.8809,60.4403,58.2461,64.5298,62.1864,62.0421,55.224,58.5117
67.098,62.1581,54.3958,69.9078,61.2956,62.672,55.5473,59.4447,61.8994,64.531,69.9346,65.0848


========================================================
Test11 (DAC Calibration) results 2008-02-21 13:18:20
Board ID36 36 channels
Linux calibration software
Calibration DAC Range: [1100 - 2700]

A:
0.775119,0.75188,0.74613,0.743978,0.757863,0.743218,0.736513,0.743287,0.743494,0.74184,0.753225,0.748503
0.749274,0.744879,0.744117,0.744879,0.745434,0.74599,0.740056,0.748503,0.749064,0.739919,0.746269,0.747664
0.750539,0.746826,0.752092,0.744532,0.749134,0.748573,0.747314,0.751315,0.736174,0.742804,0.747175,0.749064


B:
52.1945,62.406,69.8935,70.0364,53.3913,63.0621,62.6954,59.398,60.5947,66.6172,58.5917,65.2695
51.9152,68.9386,59.7247,60.149,67.5737,60.6864,58.1498,65.2695,61.7978,61.8941,55.224,59.1028
66.6573,61.9117,54.2915,69.5672,60.9513,62.7771,55.2546,60.6313,61.8479,64.531,69.7953,64.794


