========================================================

Test10 results 09-18-2006  16:25:13
Board ID074  36 channels
HV Tests Software Ver.1.6.1

+5V 2512 - O'k
-5V 1320 - O'k
Interlock - On

Voltmeter channel: A=1.067236, B=13.874185

A:
Limits 1.1 +/- 0.1
1.081081,1.068947,1.073537,1.074691,1.057642,1.069519,1.087548,1.077006,1.077586,1.083424,1.075847,1.079331
1.081081,1.071237,1.074114,1.071237,1.079914,0.996512,1.079914,1.064396,1.081081,1.081666,1.071811,1.072386
1.078749,1.058201,1.081666,1.082837,1.074691,1.079914,1.075847,1.077586,1.079914,1.078167,1.072386,1.082251
Channels:
    18
Out of range 1.1 +/- 0.1


B:
Limits 0.0 +/- 30.0
4.324503,12.827404,12.882283,2.149267,15.864447,3.208673,11.963168,9.692835,5.388053,6.500557,6.454941,9.714025
21.621799,13.925911,12.889404,12.854673,10.799102,57.7976,10.799102,19.159317,3.243422,12.98003,9.646461,0.000122
5.393553,15.872954,6.490035,11.911382,9.672105,3.239707,4.303246,1.077708,9.719189,8.625466,12.868753,3.814697e-005
Channels:
  18
Out of range 0.0 +/- 30.0
========================================================

Test10 results 09-18-2006  16:30:19
Board ID074  36 channels
HV Tests Software Ver.1.6.1

+5V 2514 - O'k
-5V 1320 - O'k
Interlock - On

Voltmeter channel: A=1.066667, B=15.999792

A:
Limits 1.1 +/- 0.1
1.081666,1.070664,1.073537,1.074691,1.058201,1.070091,1.087548,1.078167,1.077586,1.083424,1.075269,1.079331
1.081666,1.071811,1.074114,1.071811,1.080497,1.086957,1.079331,1.064963,1.081666,1.081666,1.073537,1.070664
1.079914,1.059322,1.081666,1.082837,1.075847,1.079331,1.075847,1.078749,1.079331,1.079914,1.072386,1.081666


B:
Limits 0.0 +/- 30.0
2.163372,8.565317,12.882283,2.149267,16.931156,4.280172,11.963168,6.469132,5.388053,7.583981,9.677243,8.634694
19.470024,12.861896,13.963518,11.790084,9.724482,5.434859,12.952018,18.104298,2.163372,14.061695,5.367522,4.282662
2.159793,11.652672,8.653366,11.911382,7.530788,4.317371,4.303246,-1.078939,11.872686,4.31962,15.013526,2.163372
========================================================
Test10 (ADC Calibration) results 2008-02-22 06:14:25
Board ID74 36 channels
Linux calibration software

Voltmeter channel: A=1.06506, B=11.9288

A:
1.07998,1.06979,1.07169,1.0719,1.06237,1.07294,1.0856,1.07603,1.07678,1.08229,1.07412,1.07726
1.08163,1.06949,1.07203,1.0771,1.07921,1.08485,1.07875,1.06576,1.07905,1.08115,1.07072,1.07049
1.07754,1.07593,1.08052,1.08157,1.07521,1.07764,1.07448,1.07654,1.07757,1.07565,1.07486,1.07893


B:
-5.25408,0.0142703,7.32918,-2.67338,3.35014,-3.23535,5.80668,1.38602,-2.96212,-1.1592,-1.58425,2.4073
8.41493,6.81524,6.66231,-2.89165,0.575321,-2.28897,4.85969,9.30864,-2.69043,6.48367,0.62417,-5.64151
-3.25059,-7.1795,-2.11666,3.95775,1.04969,-3.90366,-3.60582,-6.79027,3.58578,3.55256,3.72878,-4.74628


