========================================================

Test10 results 07-23-2006  22:43:18
Board ID017  36 channels
HV Tests Software Ver.1.6.1

+5V 2516 - O'k
-5V 1373 - O'k
Interlock - On

Voltmeter channel: A=1.075269, B=9.677243

A:
Limits 1.1 +/- 0.1
1.074691,1.082251,1.079331,1.072961,1.077586,1.071237,1.077006,1.081081,1.070091,1.075269,1.072386,1.075847
1.077586,1.075847,1.077586,1.082251,1.062699,1.074114,1.077006,1.071811,1.079914,1.084011,1.086957,1.083424
1.078749,1.078749,1.079331,1.075269,1.074114,1.075269,1.077586,1.077586,1.066098,1.072386,1.077006,1.071237


B:
Limits 0.0 +/- 30.0
12.896177,12.987051,10.793356,4.292006,3.232881,4.284775,8.615829,8.648827,13.910991,8.601974,11.796368,7.530788
9.698398,8.606635,9.698398,1.082289,15.940704,3.22238,9.692835,9.646461,11.879015,2.168024,7.608772,9.750828
11.866045,8.629799,5.396702,11.827781,8.592949,9.677243,6.465639,7.543225,19.189716,11.796368,5.384811,7.498487
========================================================
Test10 (ADC Calibration) results 2007-11-01 14:34:58
Board ID17 36 channels
Linux calibration software

Voltmeter channel: A=1.07235, B=9.19364

A:
1.0719,1.07952,1.07692,1.07154,1.07441,1.06868,1.07495,1.07901,1.06885,1.07338,1.07042,1.07344
1.07437,1.07397,1.07572,1.07964,1.06546,1.07119,1.07404,1.07489,1.07885,1.08308,1.08501,1.08105
1.0765,1.07767,1.07743,1.07394,1.07243,1.07216,1.07491,1.07559,1.07942,1.07089,1.07573,1.06898


B:
7.25472,8.58219,6.23059,-3.56832,-4.51819,-0.976253,2.1143,0.151492,6.25552,1.29038,2.90696,1.55524
5.72979,0.540481,3.10419,-3.49591,1.55901,-1.12508,5.65324,-4.40404,2.60181,-6.25841,0.762101,2.89936
5.54818,2.044,-0.33734,2.98255,3.06621,6.34551,2.11244,2.66016,5.43238,4.40253,-7.63535,2.1615


