========================================================

Test15 results 07-07-2005  17:19:38
Board ID028  8 channels
HV Tests Software Ver.1.6


A:
Limits 1.45 +/- 2.0
1.433692,1.433692,1.439885,1.43472,1.426534,1.426534,1.436782,1.426534


B:
Limits 0.0 +/- 160.0
27.240189,-1.433646,8.639385,18.65123,17.118244,7.13251,-9.918213e-005,1.426376
========================================================
Test15 (ADC Calibration) results 2009-03-31 09:45:10
Board ID028 8 channels
Host: ufcmshv3
Linux calibration software

A:
1.42857,1.40891,1.41136,1.44316,1.40404,1.44928,1.42889,1.38195


B:
17.7144,-4.55194,5.84074,12.8774,13.2412,-4.34786,-4.22085,1.95603


========================================================
Test15 (ADC Calibration) results 2009-03-31 14:58:07
Board ID028 8 channels
Host: ufcmshv3
Linux calibration software

A:
1.43282,1.41952,1.41597,1.44863,1.44944,1.45953,1.42591,1.45154


B:
18.5165,-5.02287,5.99054,14.6423,15.2524,-3.27831,-2.69801,-3.3051


========================================================
Test15 (ADC Calibration) results 2011-11-04 10:21:21
Board ID028 8 channels
Host: ufcmshv1
Linux calibration software

A:
1.43227,1.41835,1.4148,1.4476,1.44825,1.45817,1.41959,1.45084


B:
21.1837,-1.35541,9.07675,17.9459,17.2184,-0.0127899,0.0400795,-1.07817


