========================================================

Test16 results 07-07-2005  17:21:20
Board ID028  8 channels
HV Tests Software Ver.1.6
Calibration DAC Range: [1000 - 2300]


A:
Limits 0.57 +/- 0.1
0.569177,0.568928,0.570426,0.56719,0.565956,0.567934,0.565956,0.565956


B:
Limits 50.0 +/- 60.0
22.475687,25.104551,18.297482,30.425268,36.984474,29.075689,36.177681,35.369236
========================================================
Test16 (ADC Calibration) results 2009-03-31 09:55:30
Board ID028 8 channels
Host: ufcmshv3
Linux calibration software

A:
0.56,0.5684,0.5676,0.5544,0.57,0.5528,0.56,0.58


B:
47,49.5999,48.4,54.5999,51,56.2,55,46.0001


========================================================
Test16 (ADC Calibration) results 2009-03-31 15:08:42
Board ID028 8 channels
Host: ufcmshv3
Linux calibration software

A:
0.558,0.5644,0.566,0.5532,0.5532,0.5488,0.562,0.5516


B:
52.9999,53.5999,46.0001,52.8,55.8,54.2,51.0001,53.4001


