========================================================

Test10 results 10-17-2005  17:05:30
Board ID102  36 channels
HV Tests Software Ver.1.6

+5V 2494 - O'k
-5V 1333 - O'k
Interlock - On

Voltmeter channel: A=1.074114, B=6.444721

A:
Limits 1.1 +/- 0.1
1.074691,1.071811,1.080497,1.066667,1.077006,1.074114,1.078167,1.075847,1.077586,1.076426,1.075269,1.066667
1.077006,1.073537,1.070664,1.072386,1.078749,1.076426,1.074114,1.070091,1.067806,1.074114,1.072386,1.078749
1.072961,1.075847,1.073537,1.074114,1.075847,1.074114,1.074691,1.076426,1.071237,1.070091,1.078167,1.073537


B:
Limits 0.0 +/- 35.0
13.970869,4.287405,9.724482,13.866459,12.923853,1.074152,14.016302,6.454941,4.310467,10.764252,8.601974,17.06646
9.692835,8.588134,11.777308,5.362052,8.629799,9.687826,16.111746,12.8409,6.406877,6.444721,9.651596,8.629799
9.656813,9.682483,10.735209,8.592949,12.910025,9.667063,12.896177,15.069958,8.569725,6.420354,11.859968,12.882283
========================================================
Test10 (ADC Calibration) results 2008-06-05 10:54:26
Board ID102 36 channels
Linux calibration software

Voltmeter channel: A=1.07121, B=11.3382

A:
1.07659,1.07057,1.08022,1.06557,1.07661,1.07251,1.07776,1.07551,1.07588,1.07591,1.07451,1.06567
1.07611,1.07251,1.07007,1.07134,1.07782,1.07645,1.07441,1.06897,1.06787,1.07327,1.07251,1.07808
1.07231,1.07508,1.07341,1.07571,1.07608,1.07365,1.07501,1.07598,1.07001,1.07011,1.07903,1.07465


B:
7.30772,1.10505,7.11539,12.2892,9.08996,-0.408974,10.9513,2.81896,1.32016,8.0433,5.80536,15.0915
6.8127,6.59103,7.89003,3.40508,6.70521,6.97549,12.409,11.2368,4.45052,4.22432,5.31857,4.43559
7.92193,6.30345,6.75396,2.82682,7.70986,7.47957,7.23375,13.4948,7.62341,1.56422,7.09018,3.77694


========================================================
Test10 (ADC Calibration) results 2008-06-19 12:08:44
Board ID102 36 channels
Linux calibration software

Voltmeter channel: A=1.07, B=0

A:
1.09056,1.08831,1.09711,1.08302,1.0941,1.08966,1.09465,1.09237,1.09383,1.09374,1.09156,1.08364
1.09328,1.08966,1.08768,1.08813,1.09483,1.09337,1.09138,1.08624,1.08525,1.09065,1.08912,1.09547
1.0893,1.09174,1.0902,1.09265,1.09328,1.09056,1.0912,1.0931,1.08696,1.0866,1.0962,1.09111


B:
8.77335,1.48769,6.70254,10.5081,8.58484,-0.202946,10.0545,2.52034,1.61526,6.94932,5.89327,12.0984
6.05482,6.33501,7.07512,3.1778,6.60329,7.50191,11.5169,9.70548,3.45174,3.45476,5.52729,3.60722
6.44974,8.12821,6.48898,2.48722,7.58518,5.93805,9.06393,12.3433,6.21746,2.63763,6.22437,5.65557


