========================================================

Test11 results 10-17-2005  17:11:10
Board ID102  36 channels
HV Tests Software Ver.1.6

+5V 2495 - O'k
-5V 1333 - O'k
Interlock - On
Calibration DAC Range: [2500 - 2900]


A:
Limits 0.76 +/- 0.04
0.744879,0.749064,0.742115,0.75188,0.743494,0.747664,0.742115,0.743494,0.743494,0.744879,0.743494,0.75188
0.744879,0.746269,0.747664,0.744879,0.742115,0.743494,0.744879,0.747664,0.750469,0.747664,0.744879,0.742115
0.747664,0.744879,0.744879,0.744879,0.744879,0.744879,0.744879,0.746269,0.747664,0.747664,0.746269,0.744879


B:
Limits 60.0 +/- 40.0
50.968052,58.613316,58.095894,51.278187,56.544136,58.557587,54.759094,69.201874,63.750912,53.584221,63.528736,50.560448
55.26038,57.529655,62.240593,73.853439,58.828224,61.929752,58.098778,62.158817,60.538868,55.5056,65.865448,63.63168
56.072189,59.773846,62.099228,59.773846,52.782421,57.298794,59.698921,49.807888,59.199013,64.642029,54.271835,62.175243
========================================================
Test11 (DAC Calibration) results 2008-06-05 10:54:26
Board ID102 36 channels
Linux calibration software
Calibration DAC Range: [1100 - 2700]

A:
0.744948,0.748013,0.741702,0.751527,0.744186,0.747035,0.743771,0.744948,0.744325,0.744671,0.745643,0.751456
0.744532,0.747035,0.748363,0.747105,0.743356,0.744671,0.745712,0.749134,0.749906,0.74613,0.747035,0.742804
0.747175,0.744879,0.746408,0.74481,0.744186,0.746617,0.745295,0.744255,0.748783,0.748713,0.747384,0.745921


B:
52.7515,67.742,61.1721,56.1297,58.8837,65.9539,52.1754,73.163,65.9844,58.0564,61.3197,55.6265
61.3774,60.7246,64.2657,69.7423,58.2604,60.7373,57.1963,60.9513,63.6295,65.4167,60.874,65.2738
60.5307,63.8734,59.8061,61.1395,59.6279,54.7363,61.0584,60.1266,59.94,65.2785,52.7654,63.9162


========================================================
Test11 (ADC Calibration) results 2008-06-19 12:56:33
Board ID102 36 channels
Linux calibration software

Calibration DAC Range: [1000 - 3500]

A:
0.7356,0.7364,0.7304,0.74,0.7328,0.736,0.7324,0.7336,0.7328,0.7332,0.7348,0.7392
0.7332,0.736,0.7368,0.7352,0.7324,0.7336,0.7344,0.738,0.7384,0.7344,0.7356,0.7312
0.7356,0.734,0.7352,0.7336,0.7336,0.7352,0.7344,0.7328,0.7376,0.7372,0.736,0.7348


B:
51.4,67.6,61.5999,57,59.2,65,53.6,72.3999,65.2,58.8,60.2001,57.8
61.8,60,64.2,71.8,57.6,60.3999,58.6001,61.0001,63.6001,66.6001,61.4,65.8001
62.4,62.9999,59.8,61.3999,57.3999,55.8,60.6001,61.2,60.3999,65.7999,53,63.2001


========================================================
Test11 (ADC Calibration) results 2008-07-17 10:58:43
Board ID102 36 channels
Linux calibration software

Calibration DAC Range: [1000 - 3500]

A:
0.738,0.7356,0.7296,0.74,0.7316,0.7348,0.732,0.7328,0.732,0.7324,0.734,0.7392
0.7324,0.7348,0.7356,0.7356,0.7324,0.732,0.7328,0.7372,0.7372,0.7336,0.7356,0.7312
0.7352,0.7328,0.7348,0.7328,0.732,0.7352,0.7336,0.7376,0.7368,0.7372,0.7352,0.734


B:
49.0001,68.4,62.4,56,61.4,67.2001,54,71.2,66,57.6,61.9999,56.8
63.6,62.2001,65.4,70.4,56.6,62,60.2,61.7999,64.7999,67.3999,61.4,65.8001
61.8,64.2,60.2001,61.2,60,54.8,61.3999,55.3999,61.1999,64.7999,53.8,64.9999


========================================================
Test11 (ADC Calibration) results 2008-07-20 18:37:46
Board ID102 36 channels
Linux calibration software

Calibration DAC Range: [1000 - 3500]

A:
0.7396,0.736,0.73,0.74,0.732,0.7356,0.732,0.7332,0.732,0.7324,0.734,0.7388
0.7324,0.7356,0.7364,0.7348,0.7324,0.7324,0.7336,0.7372,0.7372,0.7352,0.7356,0.7312
0.7356,0.7332,0.7348,0.7332,0.7324,0.7356,0.7336,0.7544,0.7364,0.7372,0.7356,0.734


B:
48.4,68,60.9999,57,60,65.4,54,69.7999,67,58.6,61.9999,58.2
63.6,60.4,64.6,72.2001,56.6,61.6,58.3999,61.7999,64.7999,64.8,61.4,65.8001
61.4,63.8,61.2001,60.8,59.6,54.4,62.3999,38.5999,62.6,64.7999,53.4,64.9999


========================================================
Test11 (ADC Calibration) results 2008-07-24 23:03:59
Board ID102 36 channels
Linux calibration software

Calibration DAC Range: [1000 - 3500]

A:
0.7396,0.736,0.7296,0.74,0.7328,0.7352,0.732,0.7332,0.7328,0.7324,0.734,0.7392
0.7332,0.7352,0.736,0.7352,0.732,0.7324,0.7332,0.7368,0.7372,0.7344,0.7356,0.7312
0.7356,0.7332,0.7352,0.7324,0.732,0.7356,0.7344,0.7468,0.7372,0.7372,0.7356,0.734


B:
49.4,68,62.4,57,59.2,65.8,54,68.7999,65.2,58.6,61.9999,56.8
61.8,61.8,65,71.8,58,61.6,59.8,63.1999,64.7999,66.6001,61.4,65.8001
61.4,63.8,59.8,62.6,60,55.4,60.6001,46.2,60.7999,65.7999,53.4,64.9999


========================================================
Test11 (ADC Calibration) results 2008-08-13 01:14:42
Board ID102 36 channels
Linux calibration software

Calibration DAC Range: [1000 - 3500]

A:
0.74,0.7356,0.7296,0.7396,0.732,0.7348,0.732,0.7328,0.7316,0.7316,0.7332,0.7384
0.7324,0.7348,0.7352,0.7532,0.7316,0.7312,0.7332,0.7368,0.7364,0.7332,0.7348,0.7312
0.7348,0.7324,0.7348,0.7312,0.7316,0.7388,0.7336,0.7448,0.7364,0.7368,0.7344,0.7336


B:
49,68.4,61.4,57.4,60,67.2001,54,70.2,67.4,58.4,63.8,58.6001
63.6,62.2001,65.8,52.8,58.4,61.8001,58.8,63.1999,64.6,67.7999,62.2001,65.8001
63.2001,63.6,60.2001,60.8001,59.4,52.2,62.3999,54.2001,62.6,65.2,54.6001,65.3999


========================================================
Test11 (DAC Calibration) results 2008-08-27 10:32:58
Board ID102 36 channels
Linux calibration (server mode)

Calibration DAC Range: [3100 - 3500]

A:
0.751143,0.753429,0.745143,0.754286,0.747429,0.752,0.746,0.750857,0.749429,0.746286,0.75,0.753143
0.748857,0.750857,0.751714,0.759429,0.746286,0.746571,0.747714,0.752857,0.752571,0.751429,0.750857,0.748286
0.751143,0.748286,0.750571,0.746571,0.746857,0.756286,0.749714,0.767714,0.752857,0.754,0.748286,0.750857


B:
0.0,0.0,0.0,0.0,0.0,0.0,0.0,0.0,0.0,0.0,0.0,0.0
0.0,0.0,0.0,0.0,0.0,0.0,0.0,0.0,0.0,0.0,0.0,0.0
0.0,0.0,0.0,0.0,0.0,0.0,0.0,0.0,0.0,0.0,0.0,0.0


========================================================
Test11 (ADC Calibration) results 2008-08-27 13:08:29
Board ID102 36 channels
Linux calibration software

Calibration DAC Range: [1000 - 3500]

A:
0.7384,0.734,0.728,0.738,0.7308,0.7328,0.7308,0.7312,0.7308,0.73,0.7328,0.7368
0.7312,0.7336,0.7332,0.7608,0.7304,0.7284,0.7312,0.7356,0.7348,0.7332,0.7336,0.7292
0.7336,0.7304,0.7332,0.7296,0.73,0.744,0.7324,0.7572,0.7352,0.7356,0.7332,0.7324


B:
48.6001,67.9999,61.0001,57.0001,59.2001,68.2,52.2001,68.8001,65.2001,57.9999,60.2,57.1999
61.8001,60.3999,65.7999,43.2,56.5999,62.6,57.8001,61.4,62.2001,64.7999,61.3999,65.8
61.3999,63.5999,59.8,60.4,58.9999,47.9999,60.6,51.8,61.8,64.4,52.8,63.6


========================================================
Test11 (DAC Calibration) results 2008-08-28 18:58:22
Board ID102 36 channels
Linux calibration (server mode)

Calibration DAC Range: [3100 - 3500]

A:
0.745,0.7425,0.735,0.745,0.74,0.7425,0.735,0.7375,0.7375,0.74,0.7425,0.7425
0.7375,0.745,0.74,0.7625,0.74,0.7325,0.735,0.74,0.735,0.7375,0.74,0.7375
0.7375,0.7375,0.74,0.735,0.7375,0.755,0.7375,0.7625,0.745,0.7425,0.74,0.74


B:
62.5,68.2,65.5,62.5,56.0,64.2,67.5,76.7,71.7,52.0,55.2,67.2
68.7,51.5,72.0,67.3,53.0,78.2,74.5,75.0,90.5,79.7,68.0,66.7
76.7,67.7,66.0,70.5,62.7,46.5,72.7,78.3,57.5,68.2,57.0,67.0


========================================================
Test11 (DAC Calibration) results 2008-08-30 18:22:58
Board ID102 36 channels
Linux calibration (server mode)

Calibration DAC Range: [3100 - 3500]

A:
0.7425,0.7425,0.735,0.745,0.7375,0.7375,0.74,0.74,0.7425,0.7375,0.745,0.745
0.745,0.74,0.745,0.7625,0.74,0.735,0.735,0.745,0.7625,0.745,0.745,0.7375
0.7475,0.7375,0.7475,0.7425,0.745,0.755,0.7425,0.7625,0.74,0.75,0.745,0.74


B:
77.2,77.2,74.5,73.5,73.7,89.7,59.0,77.0,63.2,69.7,57.5,68.5
54.5,77.0,64.5,75.3,61.0,79.5,83.5,67.5,67.3,63.5,60.5,76.7
53.7,77.7,50.7,54.2,46.5,51.5,65.2,78.3,83.0,54.0,50.5,77.0


========================================================
Test11 (DAC Calibration) results 2008-08-30 21:24:20
Board ID102 36 channels
Linux calibration (server mode)

Calibration DAC Range: [3100 - 3500]

A:
0.7225,0.7225,0.7125,0.725,0.7175,0.7225,0.7175,0.7175,0.7175,0.7225,0.72,0.715
0.7175,0.725,0.72,0.7425,0.715,0.72,0.72,0.725,0.7425,0.715,0.7225,0.715
0.7175,0.715,0.7225,0.715,0.72,0.7375,0.72,0.7425,0.7225,0.7225,0.72,0.72


B:
76.2,75.2,81.3,69.5,72.8,70.2,65.8,82.8,78.8,51.2,72.0,99.5
76.8,58.5,80.0,72.2,76.5,61.0,64.0,65.5,75.2,94.5,67.2,81.5
83.8,83.5,65.2,77.5,61.0,44.7,71.0,80.2,73.2,76.2,66.0,75.0


========================================================
Test11 (DAC Calibration) results 2008-08-30 21:52:03
Board ID102 36 channels
Linux calibration (server mode)

Calibration DAC Range: [3100 - 3500]

A:
0.7475,0.745,0.735,0.745,0.74,0.7475,0.7375,0.74,0.735,0.74,0.74,0.7425
0.7375,0.7475,0.7425,0.765,0.7425,0.7425,0.74,0.7425,0.7675,0.74,0.7475,0.74
0.7425,0.74,0.745,0.7375,0.7425,0.7525,0.74,0.765,0.75,0.7425,0.7425,0.74


B:
63.7,69.5,74.5,73.5,66.0,56.7,67.7,77.0,89.5,62.0,74.0,77.2
78.7,51.7,73.2,69.5,53.2,54.2,67.0,76.2,67.8,80.0,52.7,68.0
69.2,70.0,58.5,71.7,55.2,64.3,74.0,77.5,50.0,79.2,59.2,77.0


========================================================
Test11 (DAC Calibration) results 2008-08-31 12:06:21
Board ID102 36 channels
Linux calibration (server mode)

Calibration DAC Range: [3100 - 3500]

A:
0.75,0.7475,0.74,0.75,0.74,0.745,0.7425,0.7425,0.74,0.74,0.74,0.7475
0.7425,0.7425,0.745,0.7625,0.7375,0.7375,0.74,0.7475,0.77,0.7475,0.7475,0.7425
0.7425,0.7425,0.74,0.7375,0.7375,0.76,0.7425,0.765,0.7475,0.7475,0.7475,0.7425


B:
59.0,60.7,59.0,56.0,66.0,64.5,51.2,68.2,72.0,62.0,74.0,60.7
62.2,68.2,65.5,76.3,69.7,70.7,67.0,59.7,59.0,55.7,53.7,59.2
70.2,61.2,76.0,70.7,71.7,44.0,65.2,80.5,58.7,62.7,42.7,68.2


