========================================================

Test10 results 10-10-2005  13:56:54
Board ID373  30 channels
HV Tests Software Ver.1.6.1

+5V 3045 - O'k
-5V 1357 - O'k
Interlock - On

Voltmeter channel: A=1.076426, B=11.840678

A:
Limits 1.1 +/- 0.1
1.080497,1.079331,1.076426,1.075847,1.072961,1.078749,1.077586,1.077586,1.074114,1.085776
1.069519,1.082251,1.082251,1.074114,1.072386,1.079914,1.079331,1.077586,1.075269,1.083424
1.071811,1.075269,1.084599,1.087548,1.080497,1.082251,1.070664,1.076426,1.071811,1.079331


B:
Limits 0.0 +/- 30.0
1.080505,8.634694,5.382121,8.606635,9.656813,16.18104,12.931156,8.620811,11.81529,9.771991
9.625785,8.658047,5.411294,9.667063,13.94114,9.719189,12.952018,11.85357,15.053588,5.417133
7.502839,8.601974,7.592331,8.700525,7.563487,11.9048,5.353326,9.687826,7.502839,11.872686
========================================================
Test10 (ADC Calibration) results 2008-06-03 09:21:04
Board ID373 30 channels
Linux calibration software

Voltmeter channel: A=1.07135, B=-1214.46

A:
1.07762,1.07772,1.07457,1.07407,1.07171,1.07804,1.07802,1.07631,1.07445,1.08468
1.0686,1.08042,1.08016,1.07287,1.07011,1.0787,1.07808,1.07708,1.07345,1.08038
1.07087,1.07357,1.08418,1.08642,1.07818,1.08008,1.0689,1.07461,1.07011,1.07914


B:
1.95233,6.14528,4.2462,7.34098,6.04061,12.0319,7.59223,7.38335,5.81197,5.21096
5.70801,6.61794,4.75331,7.2127,12.424,7.04521,9.66982,6.95611,14.4329,4.95026
4.07275,6.67863,2.65495,6.04182,6.79383,10.857,3.18337,7.8999,6.17444,5.6221


========================================================
Test10 (ADC Calibration) results 2008-06-16 13:15:45
Board ID373 30 channels
Linux calibration software

Voltmeter channel: A=1.07, B=0

A:
1.08045,1.08081,1.07776,1.07732,1.07491,1.08108,1.08081,1.0792,1.07687,1.08741
1.07102,1.08388,1.08261,1.07616,1.07367,1.08126,1.0809,1.07964,1.07625,1.08415
1.07403,1.07616,1.08741,1.0896,1.0818,1.08424,1.07225,1.07803,1.0734,1.08162


B:
2.3102,6.73438,3.49863,7.35884,5.92031,11.6759,7.59908,7.13922,6.47777,6.1061
6.73947,6.73627,5.72962,6.49032,12.4379,7.61843,10.7592,8.02255,14.8022,3.88606
3.09016,7.78165,1.53903,4.97869,5.39219,8.57393,2.37522,7.13166,4.95433,7.07233


========================================================
Test10 (ADC Calibration) results 2008-06-17 07:08:50
Board ID373 30 channels
Linux calibration software

Voltmeter channel: A=1.07, B=0

A:
1.09265,1.09356,1.09029,1.08957,1.08732,1.09383,1.09346,1.09138,1.08957,1.09996
1.08346,1.09647,1.09529,1.08885,1.08588,1.09346,1.09337,1.09219,1.08849,1.09638
1.08633,1.08858,1.09959,1.10217,1.09447,1.09638,1.08445,1.09047,1.08561,1.09419


B:
1.48722,5.02287,1.91726,6.28986,4.88468,9.5846,5.9814,6.8063,5.20029,5.07809
5.41267,4.97323,4.52791,4.77715,11.6425,7.07486,9.56341,6.49344,14.2529,3.30241
1.88783,6.33265,1.23583,3.71807,3.74874,7.68794,1.89866,5.45728,3.85627,5.96949


========================================================
Test10 (ADC Calibration) results 2008-08-26 09:05:43
Board ID373 30 channels
Linux calibration (server mode)

Voltmeter channel: A=1.08113, B=0

A:
1.08128,1.08312,1.07906,1.0797,1.07672,1.08514,1.08331,1.0815,1.07928,1.08975
1.07327,1.08606,1.0847,1.07855,1.07762,1.08386,1.08457,1.0823,1.08105,1.08569
1.0753,1.07872,1.08797,1.09131,1.08384,1.08701,1.07316,1.08028,1.0752,1.0842


B:
0,0,0,0,0,0,0,0,0,0
0,0,0,0,0,0,0,0,0,0
0,0,0,0,0,0,0,0,0,0


========================================================
Test10 (ADC Calibration) results 2008-08-26 13:28:02
Board ID373 30 channels
Linux calibration (server mode)

Voltmeter channel: A=1.08115, B=0

A:
1.08126,1.08309,1.07911,1.07976,1.07682,1.08512,1.08332,1.08153,1.07921,1.08965
1.07324,1.0861,1.08472,1.07853,1.07759,1.08383,1.08455,1.08233,1.08098,1.08564
1.07529,1.07873,1.08804,1.09129,1.08374,1.08704,1.07322,1.08041,1.07509,1.08413


B:
0,0,0,0,0,0,0,0,0,0
0,0,0,0,0,0,0,0,0,0
0,0,0,0,0,0,0,0,0,0


========================================================
Test10 (ADC Calibration) results 2008-08-26 13:40:32
Board ID373 30 channels
Linux calibration (server mode)

Voltmeter channel: A=1.0812, B=0

A:
1.08128,1.08309,1.07903,1.07968,1.07672,1.08504,1.08337,1.08153,1.07926,1.0897
1.07326,1.0861,1.08468,1.0785,1.0776,1.08379,1.08455,1.08225,1.08098,1.08559
1.07527,1.07867,1.08799,1.09131,1.08376,1.08707,1.07316,1.08028,1.07505,1.08416


B:
0,0,0,0,0,0,0,0,0,0
0,0,0,0,0,0,0,0,0,0
0,0,0,0,0,0,0,0,0,0


========================================================
Test10 (ADC Calibration) results 2008-08-26 14:00:52
Board ID373 30 channels
Linux calibration (server mode)

Voltmeter channel: A=1.08111, B=0

A:
1.08133,1.08317,1.07906,1.07978,1.07691,1.08507,1.08344,1.08152,1.07935,1.08965
1.07331,1.0862,1.08468,1.07857,1.07757,1.08384,1.08457,1.08237,1.08096,1.08564
1.07533,1.07872,1.08795,1.09129,1.08376,1.08711,1.07324,1.08041,1.07504,1.0842


B:
0,0,0,0,0,0,0,0,0,0
0,0,0,0,0,0,0,0,0,0
0,0,0,0,0,0,0,0,0,0


========================================================
Test10 (ADC Calibration) results 2008-08-26 14:19:28
Board ID373 30 channels
Linux calibration (server mode)

Voltmeter channel: A=1.08108, B=0

A:
1.08126,1.08316,1.07913,1.07973,1.07681,1.08504,1.08342,1.0815,1.07928,1.08973
1.07331,1.08606,1.08475,1.07857,1.07765,1.08381,1.08455,1.08235,1.08098,1.08562
1.07519,1.0787,1.08799,1.09136,1.08381,1.08711,1.07326,1.08035,1.07509,1.08413


B:
0,0,0,0,0,0,0,0,0,0
0,0,0,0,0,0,0,0,0,0
0,0,0,0,0,0,0,0,0,0


========================================================
Test10 (ADC Calibration) results 2008-08-26 14:33:25
Board ID373 30 channels
Linux calibration (server mode)

Voltmeter channel: A=1.08105, B=0

A:
1.08138,1.08317,1.07915,1.07973,1.07664,1.08512,1.08332,1.08157,1.07925,1.08966
1.07337,1.08615,1.0847,1.07855,1.07765,1.08389,1.08458,1.08235,1.0809,1.08564
1.07532,1.07875,1.08792,1.09141,1.08376,1.08706,1.07321,1.08025,1.0751,1.0842


B:
0,0,0,0,0,0,0,0,0,0
0,0,0,0,0,0,0,0,0,0
0,0,0,0,0,0,0,0,0,0


========================================================
Test10 (ADC Calibration) results 2008-08-26 16:51:27
Board ID373 30 channels
Linux calibration (server mode)

Voltmeter channel: A=1.09347, B=0

A:
1.09362,1.09538,1.09133,1.09202,1.08903,1.09742,1.09564,1.09386,1.09153,1.10201
1.08546,1.09847,1.09701,1.09081,1.08987,1.09609,1.09696,1.09467,1.09323,1.09793
1.08751,1.09098,1.1003,1.10377,1.09608,1.09941,1.08537,1.09263,1.08736,1.0965


B:
0,0,0,0,0,0,0,0,0,0
0,0,0,0,0,0,0,0,0,0
0,0,0,0,0,0,0,0,0,0


========================================================
Test10 (ADC Calibration) results 2008-08-27 11:54:32
Board ID373 30 channels
Linux calibration (server mode)

Voltmeter channel: A=1.09352, B=0

A:
1.09371,1.09545,1.09145,1.0921,1.08923,1.09744,1.09579,1.09388,1.09162,1.10208
1.08559,1.09861,1.09708,1.09086,1.08988,1.09625,1.09693,1.09469,1.09334,1.09798
1.08751,1.09111,1.10034,1.1039,1.0962,1.09941,1.08557,1.09273,1.08742,1.0964


B:
0,0,0,0,0,0,0,0,0,0
0,0,0,0,0,0,0,0,0,0
0,0,0,0,0,0,0,0,0,0


========================================================
Test10 (ADC Calibration) results 2008-08-27 12:04:52
Board ID373 30 channels
Linux calibration (server mode)

Voltmeter channel: A=1.09347, B=0

A:
1.09371,1.09542,1.0914,1.09209,1.08918,1.09747,1.09581,1.09389,1.09162,1.1021
1.08554,1.09858,1.09711,1.09091,1.0899,1.09618,1.09696,1.09467,1.09342,1.09805
1.08751,1.09109,1.10042,1.10389,1.09614,1.09946,1.08547,1.09261,1.08737,1.09645


B:
0,0,0,0,0,0,0,0,0,0
0,0,0,0,0,0,0,0,0,0
0,0,0,0,0,0,0,0,0,0


========================================================
Test10 (ADC Calibration) results 2008-08-27 12:16:04
Board ID373 30 channels
Linux calibration (server mode)

Voltmeter channel: A=1.09344, B=0

A:
1.09367,1.0955,1.0915,1.09214,1.08916,1.09745,1.0957,1.09386,1.09157,1.10203
1.08554,1.09853,1.09708,1.09086,1.08994,1.0963,1.09693,1.09464,1.09344,1.09808
1.08751,1.09101,1.10044,1.10378,1.09614,1.09941,1.08556,1.09268,1.08726,1.09657


B:
0,0,0,0,0,0,0,0,0,0
0,0,0,0,0,0,0,0,0,0
0,0,0,0,0,0,0,0,0,0


========================================================
Test10 (ADC Calibration) results 2008-08-27 12:34:19
Board ID373 30 channels
Linux calibration (server mode)

Voltmeter channel: A=1.09349, B=0

A:
1.09371,1.09553,1.09143,1.0921,1.0891,1.09745,1.09577,1.09388,1.09148,1.10213
1.08562,1.09861,1.09706,1.09077,1.08997,1.09614,1.09694,1.09472,1.09335,1.09798
1.08757,1.09104,1.1004,1.1039,1.09621,1.09936,1.08547,1.09259,1.08746,1.09654


B:
0,0,0,0,0,0,0,0,0,0
0,0,0,0,0,0,0,0,0,0
0,0,0,0,0,0,0,0,0,0


========================================================
Test10 (ADC Calibration) results 2008-08-27 14:12:33
Board ID373 30 channels
Linux calibration software

Voltmeter channel: A=1.07, B=0

A:
1.09344,1.09363,1.09061,1.09042,1.0878,1.09467,1.09401,1.09212,1.09024,1.10077
1.08425,1.09695,1.09571,1.0893,1.08658,1.09429,1.09457,1.09259,1.0892,1.09723
1.08705,1.08902,1.10038,1.10288,1.09495,1.09704,1.08491,1.09099,1.0863,1.09467


B:
0.536855,5.61128,2.27527,5.93832,4.00449,9.25323,5.26449,5.68886,4.58513,4.34017
4.46209,4.97672,4.3551,5.01518,10.5607,6.3168,8.02595,6.34749,13.1618,2.52062
1.21766,6.36405,0.288923,3.07339,3.73757,7.52219,1.47171,5.41883,3.64895,5.96922


========================================================
Test10 (ADC Calibration) results 2008-08-27 14:50:45
Board ID373 30 channels
Linux calibration (server mode)

Voltmeter channel: A=1.09349, B=0

A:
1.09367,1.09543,1.09141,1.09205,1.08908,1.09756,1.09582,1.09388,1.09158,1.10212
1.08556,1.09851,1.09715,1.09086,1.0899,1.09628,1.09696,1.09484,1.0934,1.0981
1.08761,1.09106,1.10044,1.10389,1.09616,1.09955,1.08552,1.09259,1.08741,1.09654


B:
0,0,0,0,0,0,0,0,0,0
0,0,0,0,0,0,0,0,0,0
0,0,0,0,0,0,0,0,0,0


========================================================
Test10 (ADC Calibration) results 2008-08-27 16:01:37
Board ID373 30 channels
Linux calibration (server mode)

Voltmeter channel: A=1.09344, B=0

A:
1.09372,1.09553,1.09153,1.09207,1.08896,1.09756,1.09575,1.09401,1.09165,1.10225
1.08552,1.09856,1.09711,1.09093,1.08999,1.09623,1.09701,1.09481,1.09334,1.09805
1.08762,1.09118,1.10037,1.10389,1.09623,1.09958,1.08547,1.09254,1.08744,1.09659


B:
0,0,0,0,0,0,0,0,0,0
0,0,0,0,0,0,0,0,0,0
0,0,0,0,0,0,0,0,0,0


========================================================
Test10 (ADC Calibration) results 2008-08-27 16:14:58
Board ID373 30 channels
Linux calibration (server mode)

Voltmeter channel: A=1.09347, B=0

A:
1.09379,1.09553,1.09153,1.09209,1.08898,1.09752,1.09565,1.09393,1.09167,1.1022
1.08559,1.09861,1.09713,1.09089,1.09005,1.09625,1.09694,1.09477,1.09325,1.09817
1.08764,1.09111,1.10044,1.10389,1.09626,1.09952,1.08561,1.09259,1.08751,1.0966


B:
0,0,0,0,0,0,0,0,0,0
0,0,0,0,0,0,0,0,0,0
0,0,0,0,0,0,0,0,0,0


========================================================
Test10 (ADC Calibration) results 2008-08-27 16:29:00
Board ID373 30 channels
Linux calibration (server mode)

Voltmeter channel: A=1.09347, B=0

A:
1.09376,1.09555,1.0915,1.09217,1.08898,1.09759,1.09586,1.09394,1.09173,1.10227
1.08569,1.09861,1.09711,1.09089,1.08999,1.09633,1.09699,1.09482,1.09342,1.09813
1.08756,1.09116,1.10047,1.10389,1.09625,1.09962,1.08559,1.09276,1.08749,1.09667


B:
0,0,0,0,0,0,0,0,0,0
0,0,0,0,0,0,0,0,0,0
0,0,0,0,0,0,0,0,0,0


========================================================
Test10 (ADC Calibration) results 2008-08-27 16:39:26
Board ID373 30 channels
Linux calibration (server mode)

Voltmeter channel: A=1.09339, B=0

A:
1.09377,1.09553,1.09153,1.09214,1.08903,1.09757,1.09572,1.09404,1.09155,1.1022
1.08574,1.09853,1.09711,1.09091,1.0901,1.09628,1.09698,1.09482,1.09339,1.09815
1.08764,1.09114,1.10044,1.10396,1.09623,1.09946,1.08554,1.09266,1.08749,1.09664


B:
0,0,0,0,0,0,0,0,0,0
0,0,0,0,0,0,0,0,0,0
0,0,0,0,0,0,0,0,0,0


========================================================
Test10 (ADC Calibration) results 2008-08-27 17:00:59
Board ID373 30 channels
Linux calibration (server mode)

Voltmeter channel: A=1.09342, B=0

A:
1.09374,1.09548,1.0915,1.09212,1.08893,1.09759,1.09581,1.09394,1.09165,1.1022
1.08564,1.09853,1.0972,1.09084,1.09004,1.09626,1.09694,1.09482,1.0934,1.09807
1.08757,1.09104,1.1004,1.1039,1.09623,1.09957,1.08559,1.09259,1.08742,1.09664


B:
0,0,0,0,0,0,0,0,0,0
0,0,0,0,0,0,0,0,0,0
0,0,0,0,0,0,0,0,0,0


========================================================
Test10 (ADC Calibration) results 2008-08-28 14:19:37
Board ID373 30 channels
Linux calibration (server mode)

Voltmeter channel: A=1.09344, B=0

A:
1.09377,1.09553,1.09148,1.09205,1.08915,1.09749,1.09574,1.09393,1.09167,1.10225
1.08561,1.09851,1.09703,1.09083,1.09,1.09614,1.09699,1.0947,1.09339,1.098
1.08756,1.09113,1.10044,1.10378,1.09618,1.09953,1.08552,1.09266,1.08739,1.09657


B:
0,0,0,0,0,0,0,0,0,0
0,0,0,0,0,0,0,0,0,0
0,0,0,0,0,0,0,0,0,0


========================================================
Test10 (ADC Calibration) results 2008-09-01 16:33:34
Board ID373 30 channels
Linux calibration (server mode)

Voltmeter channel: A=1.09359, B=0

A:
1.09379,1.09562,1.09151,1.09217,1.08933,1.09764,1.09594,1.09403,1.09172,1.10231
1.08569,1.09866,1.09725,1.09104,1.09004,1.09638,1.09705,1.09489,1.09349,1.09812
1.08769,1.09123,1.10046,1.10396,1.09625,1.0997,1.08561,1.09278,1.08756,1.0966


B:
0,0,0,0,0,0,0,0,0,0
0,0,0,0,0,0,0,0,0,0
0,0,0,0,0,0,0,0,0,0


