========================================================

Test11 results 10-10-2005  13:58:19
Board ID373  30 channels
HV Tests Software Ver.1.6.1

+5V 3045 - O'k
-5V 1356 - O'k
Interlock - On
Calibration DAC Range: [2500 - 2900]


A:
Limits 0.76 +/- 0.04
0.744879,0.743494,0.746269,0.746269,0.746269,0.743494,0.746269,0.743494,0.744879,0.738007
0.750469,0.740741,0.743494,0.747664,0.749064,0.740741,0.744879,0.742115,0.746269,0.742115
0.746269,0.744879,0.738007,0.738007,0.744879,0.740741,0.749064,0.743494,0.747664,0.742115


B:
Limits 60.0 +/- 30.0
53.871368,55.29076,56.382923,56.230789,62.25742,56.825851,48.489529,60.620285,58.246807,59.41325
55.441505,58.89061,53.01907,53.173531,48.259193,61.094204,49.923473,65.16066,48.130421,55.158779
68.580841,66.099678,64.160568,60.398281,45.903564,57.287239,58.530476,62.076054,62.322552,63.043751
========================================================
Test11 (DAC Calibration) results 2008-06-03 09:21:04
Board ID373 30 channels
Linux calibration software
Calibration DAC Range: [1100 - 2700]

A:
0.743494,0.743425,0.745226,0.745573,0.747594,0.742459,0.743218,0.744394,0.74606,0.73828
0.749766,0.741565,0.742115,0.746408,0.748713,0.743494,0.742804,0.743494,0.746756,0.741221
0.747803,0.745921,0.738621,0.738212,0.742735,0.741427,0.749555,0.745573,0.748713,0.741702


B:
65.7992,61.8811,68.6073,64.697,63.5362,65.754,63.2107,63.3571,59.9926,65.5224
64.5736,63.1442,64.0074,63.9859,55.5452,57.7694,63.7882,65.7992,52.7491,65.7001
69.5271,68.3917,67.4084,65.7655,60.3193,60.519,64.8646,62.1621,64.2303,70.5174


========================================================
Test11 (ADC Calibration) results 2008-06-17 04:20:31
Board ID373 30 channels
Linux calibration software

Calibration DAC Range: [1000 - 3500]

A:
0.7416,0.7412,0.7428,0.7432,0.7452,0.7404,0.7412,0.7424,0.7444,0.7368
0.748,0.7396,0.7396,0.7444,0.7468,0.7416,0.7408,0.742,0.7448,0.7388
0.7456,0.744,0.7368,0.7368,0.7408,0.7392,0.7472,0.7432,0.7464,0.74


B:
65.4001,62.8001,69.2,64.8,63.8001,65.5999,63.8001,63.6,59.5999,64.2
63.9999,62.4,65.4,64.5999,54.2,57.4001,63.1999,64.0001,53.2001,66.2
70.4001,67.9999,67.2,64.2,60.1999,60.8,65.8,62.8,65.6,70


========================================================
Test11 (ADC Calibration) results 2008-06-17 07:43:31
Board ID373 30 channels
Linux calibration software

Calibration DAC Range: [1000 - 3500]

A:
0.7332,0.7328,0.7344,0.7352,0.7368,0.732,0.7328,0.734,0.7352,0.7284
0.7392,0.7308,0.7316,0.736,0.738,0.7328,0.7324,0.7332,0.7364,0.7308
0.7372,0.7352,0.7284,0.7276,0.7316,0.7308,0.7384,0.7344,0.7384,0.7316


B:
65.7999,63.2,69.6001,64.8,65.2,67,64.2,63.9999,61.8,64.6
65.8,64.2001,64.4,65,56.0001,59.2,63.6,65.7999,53.6,66.2001
70.7999,69.8,67.6,67.4001,62.4,62.2001,66.6001,64.6001,64.6001,70.4


