========================================================

Test10 results 12-21-2006  15:12:08
Board ID405  30 channels
HV Tests Software Ver.1.6.8

+5V 2499 - O'k
-5V 1314 - O'k
Interlock - On
Number of Samples: 400

Voltmeter channel: A=1.082837, B=5.41436

A:
Limits 1.1 +/- 0.1
1.070091,1.081081,1.076426,1.085776,1.084599,1.084599,1.086366,1.084011,1.057082,1.086957
1.084011,1.079914,1.081081,1.079914,1.076426,1.073537,1.074691,1.084011,1.074691,1.061008
1.072961,1.079331,1.079331,1.082837,1.084011,1.081081,1.071811,1.086957,1.081666,1.085776


B:
Limits 0.0 +/- 30.0
9.630627,11.89207,8.6114,11.943543,10.846127,7.592331,11.950203,6.504067,36.998028,13.043554
1.084013,10.799102,10.810989,6.479447,6.458547,8.588134,13.970869,7.588078,17.194942,11.671017
13.948658,11.872686,9.714025,12.994219,10.840111,15.135313,4.287405,14.13051,7.571701,11.943543
Channels:
   9
Out of range 0.0 +/- 30.0
========================================================
Test10 (ADC Calibration) results 2008-04-15 15:05:34
Board ID405 30 channels
Linux calibration software

Voltmeter channel: A=1.06726, B=-1505.15

A:
1.06784,1.07915,1.0739,1.08354,1.08222,1.08338,1.08475,1.08224,1.05779,1.08582
1.08141,1.07895,1.07907,1.0774,1.07475,1.07211,1.07228,1.08242,1.07266,1.05954
1.07033,1.07754,1.07778,1.08071,1.08303,1.07935,1.06919,1.08481,1.07982,1.08329


B:
4.6162,7.0522,3.90989,7.0066,6.46222,0.779143,5.5908,1.1684,26.0851,6.8134
-1.86134,3.02853,6.34123,3.37778,0.650608,3.4071,8.77316,1.56724,13.1195,6.67495
10.633,5.9202,4.05567,7.85181,3.82329,8.50952,1.15753,10.0249,2.83243,7.80406


