========================================================

Test10 results 10-26-2005  15:44:09
Board ID075  36 channels
HV Tests Software Ver.1.6

+5V 2489 - O'k
-5V 1326 - O'k
Interlock - On

Voltmeter channel: A=1.078749, B=-0.000191

A:
Limits 1.1 +/- 0.1
1.073537,1.083424,1.074114,1.070664,1.077586,1.084011,1.074114,1.084599,1.082251,1.075847,1.090513,1.060445
1.085776,1.077586,1.086366,1.080497,1.079331,1.074691,1.075269,1.073537,1.075269,1.071811,1.081081,1.077586
1.075269,1.075269,1.074114,1.076426,1.078749,1.075269,1.071237,1.067236,1.071237,1.076426,1.081666,1.089325


B:
Limits 0.0 +/- 35.0
8.588134,11.917675,1.074152,2.141334,9.698398,2.168024,2.148266,14.099923,11.9048,3.227399,7.633686,6.362518
2.171556,4.310467,13.03657,6.48299,8.634694,8.597414,6.451437,9.661671,3.22563,9.646461,9.729908,5.388053
12.903049,10.752512,10.741177,7.534973,9.708548,3.22563,12.854673,14.941421,7.498487,10.764252,9.735032,11.982663
========================================================
Test10 (ADC Calibration) results 2008-06-09 05:14:46
Board ID75 36 channels
Linux calibration software

Voltmeter channel: A=1.07629, B=6.72626

A:
1.07312,1.08364,1.07463,1.07013,1.07708,1.08304,1.07301,1.08443,1.08212,1.07547,1.09063,1.06093
1.08425,1.07734,1.08619,1.07966,1.0796,1.07406,1.07426,1.07231,1.07593,1.0715,1.08044,1.07688
1.07452,1.07516,1.07362,1.07778,1.07909,1.0751,1.07049,1.06747,1.07053,1.0756,1.08197,1.08871


B:
4.1119,6.56883,-5.12923,-1.84179,6.87752,-0.456977,0.0348638,9.76527,9.15258,-0.347202,4.38422,2.8924
1.24728,-0.061183,8.2465,2.95872,3.87702,4.76468,3.77965,8.55887,-3.49612,5.73614,5.54714,2.30588
9.93764,6.13947,6.35154,2.49289,4.28608,-0.65465,9.48639,10.0242,4.29969,7.69671,4.93024,7.83053


========================================================
Test10 (ADC Calibration) results 2008-06-16 13:15:45
Board ID075 36 channels
Linux calibration software

Voltmeter channel: A=1.07, B=0

A:
1.0766,1.08759,1.07794,1.07367,1.08099,1.08687,1.07705,1.08814,1.08677,1.07893,1.09446,1.0647
1.08878,1.08081,1.08996,1.08378,1.08288,1.07785,1.07776,1.0766,1.07902,1.075,1.08424,1.08081
1.0783,1.07821,1.07759,1.08081,1.08216,1.0783,1.07385,1.0704,1.07447,1.07929,1.08469,1.09262


B:
5.21723,6.15714,-3.78087,-0.660716,5.92058,-0.785943,-0.795402,9.3579,7.12243,1.12887,4.69808,2.37505
-0.586149,0.681991,9.00479,2.05071,5.69757,5.57191,3.92963,7.15517,-1.54354,6.05312,6.1884,1.97891
9.90372,7.82951,6.25011,4.57275,5.71033,0.414618,10.5567,12.0216,4.61159,8.78394,7.50957,8.55605


========================================================
Test10 (ADC Calibration) results 2008-06-17 07:08:50
Board ID075 36 channels
Linux calibration software

Voltmeter channel: A=1.07, B=0

A:
1.0893,1.10005,1.08993,1.08588,1.09356,1.0995,1.08957,1.1006,1.09886,1.09083,1.05878,1.07681
1.10134,1.09356,1.10226,1.0962,1.09529,1.09056,1.09074,1.08876,1.09156,1.08723,1.09675,1.0931
1.09074,1.09065,1.0902,1.09365,1.09474,1.09101,1.08624,1.08275,1.08678,1.09192,1.09748,1.10513


B:
3.48922,5.21375,-4.07045,-1.82254,4.36663,-2.63777,-1.99096,8.23179,6.9648,0.978897,47.7843,1.45981
-2.13156,-1.10114,8.48351,1.27782,4.74691,3.62903,1.71733,6.38436,-3.40268,5.40297,5.16022,1.06828
8.47975,6.59929,4.61716,2.53324,4.3731,-1.37051,9.57452,10.6217,3.86195,7.18012,6.02566,7.42177


========================================================
Test10 (ADC Calibration) results 2008-07-28 12:22:42
Board ID075 36 channels
Linux calibration software

Voltmeter channel: A=1.07, B=0

A:
1.08966,1.10023,1.09011,1.08579,1.09383,1.09968,1.08957,1.1006,1.09913,1.09129,1.06237,1.07707
1.10162,1.09392,1.10245,1.09602,1.09574,1.09083,1.09074,1.08894,1.09165,1.08705,1.09638,1.09328
1.09056,1.09111,1.09011,1.09383,1.09474,1.09092,1.08651,1.08275,1.08732,1.09219,1.09757,1.10569


B:
2.71993,4.60598,-4.67468,-1.30438,4.55328,-2.58765,-1.77324,8.6718,6.27374,0.34198,44.307,0.996701
-1.94534,-1.65648,8.9772,1.00796,3.8899,3.37868,2.37148,7.08908,-3.26826,6.22129,6.37194,0.90029
9.3003,6.18327,4.91848,2.80291,4.59199,-0.850529,9.10939,11.0547,3.14527,6.93048,5.94197,6.69482


