========================================================

Test10 results 11-15-2004  15:56:38
Board ID018  36 channels
HV Tests Software Ver.1.4

+5V 2476 - O'k
-5V 1295 - O'k
Interlock - On

Voltmeter channel: A=1.071811, B=11.790084

A:
1.079331,1.082251,1.081081,1.077586,1.076426,1.077586,1.077586,1.078167,1.077006,1.084011,1.078749,1.081081
1.077006,1.084599,1.070091,1.048768,1.084599,1.076426,1.071237,1.061008,1.068947,1.086366,1.077586,1.075847
1.078167,1.072961,1.077586,1.082251,1.074114,1.078167,1.070664,1.079331,1.082251,1.072961,1.076426,1.074691


B:
6.476033,7.575796,7.567746,5.388053,11.840678,16.163914,7.543225,1.078297,8.615829,6.504067,10.787296,5.405584
11.846848,5.423133,11.770809,27.268005,9.761528,10.764252,4.284775,9.549,6.413721,2.172909,4.310467,9.682483
7.547299,8.583851,0.000122,9.740297,17.18586,8.625466,9.635981,6.476033,4.329042,12.875696,9.687826,8.597414
========================================================

Test10 results 11-22-2004  13:26:38
Board ID018  36 channels
HV Tests Software Ver.1.4

+5V 2479 - O'k
-5V 1296 - O'k
Interlock - On

Voltmeter channel: A=1.074114, B=9.667063

A:
1.078749,1.081081,1.080497,1.077586,1.075847,1.076426,1.077006,1.077006,1.076426,1.083424,1.078167,1.079914
1.076426,1.084011,1.069519,1.04712,1.082837,1.076426,1.070091,1.061008,1.068376,1.085776,1.077006,1.074691
1.077006,1.072961,1.077006,1.080497,1.074114,1.078749,1.070091,1.078749,1.081666,1.072961,1.075847,1.074691


B:
6.472301,8.648827,8.643984,4.310467,13.985871,18.299236,7.538823,3.230799,8.6114,6.500557,10.781801,7.559361
11.840678,5.420056,11.764822,32.460609,12.994219,9.687826,6.420354,7.426984,6.410272,3.257333,4.307805,10.746796
9.692835,6.437928,1.076787,12.965973,16.111746,6.472301,9.630627,7.55105,5.408369,10.729774,9.682483,6.448031
