========================================================

Test10 results 09-01-2005  16:24:14
Board ID374  30 channels
HV Tests Software Ver.1.6

+5V 2679 - O'k
-5V 1300 - O'k
Interlock - On

Voltmeter channel: A=1.068947, B=25.654768

A:
Limits 1.1 +/- 0.1
1.079331,1.081666,1.075847,1.078167,1.078749,1.072386,1.076426,1.083424,1.072961,1.076426
1.074691,1.082837,1.080497,1.075269,1.075847,1.077586,1.091107,1.075269,1.079914,1.079331
1.085776,1.075269,1.074691,1.077586,1.070664,1.078749,1.084011,1.081666,1.068947,1.072961


B:
Limits 0.0 +/- 35.0
12.952018,7.571701,6.454941,7.547299,9.708548,16.085913,7.534973,7.583981,11.802734,9.687826
10.746796,8.662871,6.48299,4.300899,10.758329,11.85357,9.819918,11.827781,7.559361,7.555364
15.200872,13.978319,10.746796,9.698398,2.141334,7.55105,11.924122,8.653366,5.344774,5.364967
========================================================
Test10 (ADC Calibration) results 2008-01-25 07:24:04
Board ID374 30 channels
Linux calibration software

Voltmeter channel: A=1.06523, B=-1476.88

A:
1.07863,1.08169,1.07329,1.07675,1.07851,1.07282,1.07413,1.0846,1.07312,1.07524
1.07373,1.08196,1.07927,1.07349,1.07568,1.07611,1.09031,1.07463,1.07871,1.07776
1.08593,1.07568,1.07467,1.07646,1.07006,1.07736,1.08301,1.08075,1.06761,1.07218


B:
10.1412,3.89322,7.74625,5.60107,5.29667,10.3201,7.92905,1.21477,5.20873,7.67145
7.44087,5.32612,4.67718,3.96445,5.50669,10.418,6.52193,8.13956,6.11896,5.32139
10.6404,9.03646,5.86763,6.88359,-1.48642,5.20124,8.50005,4.65646,2.8668,1.49559


