========================================================

Test11 results 09-01-2005  16:25:33
Board ID374  30 channels
HV Tests Software Ver.1.6

+5V 2680 - O'k
-5V 1300 - O'k
Interlock - On
Calibration DAC Range: [2500 - 2900]


A:
Limits 0.76 +/- 0.04
0.747664,0.746269,0.750469,0.749064,0.750469,0.753296,0.750469,0.744879,0.753296,0.750469
0.754717,0.744879,0.747664,0.75188,0.75188,0.749064,0.739372,0.75188,0.749064,0.747664
0.744879,0.750469,0.75188,0.75188,0.75188,0.750469,0.746269,0.747664,0.756144,0.75188


B:
Limits 60.0 +/- 40.0
64.285172,69.9105,69.913132,66.883743,58.418278,59.784416,67.584595,64.28949,62.397594,66.241959
53.893677,72.203827,70.91539,68.823082,55.968441,65.268387,66.011459,58.396629,64.634354,69.040939
58.709084,65.163704,59.835041,67.582008,83.370926,58.504761,58.920891,66.23793,64.562141,74.803978
========================================================
Test11 (DAC Calibration) results 2008-01-25 07:24:04
Board ID374 30 channels
Linux calibration software
Calibration DAC Range: [1100 - 2700]

A:
0.747664,0.745921,0.751385,0.749344,0.748503,0.752092,0.751174,0.744671,0.75188,0.750399
0.751456,0.745365,0.747594,0.751244,0.750469,0.749415,0.740398,0.750821,0.748363,0.748643
0.743011,0.750469,0.751174,0.752587,0.75365,0.748923,0.745018,0.746199,0.756144,0.752162


B:
68.2243,74.8067,72.4053,71.8995,70.8084,67.5284,70.1408,70.1201,72.1805,71.9537
70.5053,75.8689,77.4413,76.0541,66.6042,68.8057,68.3295,68.3716,71.0009,72.113
68.9978,69.6061,67.1361,70.0093,82.5719,69.7807,68.1506,76.3641,69.3761,78.7138


