========================================================

Test11 results 06-27-2005  14:59:14
Board ID326  30 channels
HV Tests Software Ver.1.6

+5V 2514 - O'k
-5V 1347 - O'k
Interlock - On
Calibration DAC Range: [2500 - 2900]


A:
Limits 0.76 +/- 0.04
0.742115,0.746269,0.747664,0.747664,0.746269,0.742115,0.746269,0.743494,0.746269,0.740741
0.742115,0.743494,0.740741,0.75188,0.743494,0.746269,0.746269,0.743494,0.747664,0.747664
0.732601,0.742115,0.743494,0.738007,0.743494,0.743494,0.738007,0.740741,0.750469,0.736648


B:
Limits 60.0 +/- 30.0
63.114952,51.413567,64.975334,54.132751,56.957199,52.75071,56.957199,63.319809,52.142708,65.512428
60.638218,60.108044,56.809628,44.546879,53.547104,58.6394,56.382923,58.287971,58.637718,64.891914
66.423538,66.178535,63.899395,65.344337,55.430347,63.097633,66.564499,67.4972,64.004471,64.765472
========================================================
Test11 (DAC Calibration) results 2008-04-18 09:54:07
Board ID326 30 channels
Linux calibration software
Calibration DAC Range: [1100 - 2700]

A:
0.742459,0.74474,0.747314,0.745157,0.745573,0.74129,0.745573,0.741771,0.746617,0.739987
0.741909,0.741359,0.738212,0.747594,0.743149,0.742597,0.744879,0.743564,0.747594,0.748223
0.733541,0.740398,0.743287,0.740329,0.742391,0.744325,0.737667,0.741427,0.750328,0.737599


B:
69.4663,63.1726,72.4428,69.4485,66.6356,62.1943,65.89,75.6143,58.4694,74.5259
67.2632,68.9184,69.7517,63.8351,62.5638,67.7898,69.0876,60.4981,65.4798,69.9961
67.9075,75.2891,69.5068,62.5025,65.85,72.8322,72.4296,69.4161,70.5496,67.3612


