========================================================

Test10 results 10-09-2005  22:54:08
Board ID067  36 channels
HV Tests Software Ver.1.6.1

+5V 3063 - O'k
-5V 1375 - O'k
Interlock - On

Voltmeter channel: A=1.075847, B=16.137566

A:
Limits 1.1 +/- 0.1
1.074691,1.069519,1.073537,1.082251,1.070664,1.074114,1.085776,1.070091,1.080497,1.078167,1.084011,1.071811
1.071237,1.070091,1.075847,1.072386,1.078749,1.071811,1.077006,1.079331,1.075269,1.078167,1.070664,1.074114
1.067236,1.069519,1.081666,1.067236,1.072961,1.069519,1.077586,1.071811,1.082837,1.073537,1.074114,1.077586


B:
Limits 0.0 +/- 30.0
5.373341,2.139154,11.808746,10.822549,2.141334,11.81529,9.771991,6.420354,9.724482,7.547299,7.588078,7.502839
3.213538,5.350263,12.910025,9.651596,9.708548,10.718273,12.923853,9.714025,3.22563,12.938135,13.918636,9.667063
5.336298,14.973378,10.816698,16.008656,8.583851,9.625785,15.086329,8.57465,8.662871,13.95582,2.148266,16.163914
========================================================
Test10 (ADC Calibration) results 2008-03-10 10:46:05
Board ID67 36 channels
Linux calibration software

Voltmeter channel: A=1.0737, B=15.2476

A:
1.07859,1.07009,1.07839,1.08304,1.06872,1.07297,1.08505,1.06898,1.08121,1.07859,1.08072,1.07251
1.07016,1.06882,1.07398,1.07221,1.07754,1.07287,1.08254,1.07809,1.07223,1.08006,1.0708,1.07261
1.0665,1.07083,1.08196,1.0713,1.07217,1.06989,1.07812,1.0745,1.08151,1.07154,1.0737,1.07954


B:
1.64125,1.98479,4.92553,8.78862,1.12544,8.6875,6.49319,4.46785,5.38295,2.0342,9.64095,4.06059
0.533992,2.79687,12.0441,6.15463,8.59825,6.74187,10.3438,7.51883,4.82467,11.243,8.01865,8.64233
-0.186547,6.65662,5.38871,12.3647,7.56176,3.45013,9.54688,3.21744,6.68046,12.8624,1.17958,11.7116


