========================================================

Test11 results 10-09-2005  22:56:22
Board ID067  36 channels
HV Tests Software Ver.1.6.1

+5V 3063 - O'k
-5V 1375 - O'k
Interlock - On
Calibration DAC Range: [2500 - 2900]


A:
Limits 0.76 +/- 0.04
0.753296,0.750469,0.750469,0.744879,0.756144,0.749064,0.740741,0.754717,0.744879,0.744879,0.742115,0.749064
0.753296,0.753296,0.749064,0.749064,0.746269,0.749064,0.749064,0.744879,0.750469,0.749064,0.75188,0.749064
0.754717,0.754717,0.743494,0.754717,0.75188,0.753296,0.749064,0.75188,0.743494,0.75188,0.75188,0.747664


B:
Limits 60.0 +/- 30.0
52.77726,84.236908,66.506157,67.12352,59.100594,72.797798,75.372993,66.685173,69.37944,75.566879,74.656326,80.468018
62.828495,66.672768,63.309231,72.616379,71.1026,76.637115,62.674282,70.907928,72.239113,58.807533,65.651093,69.48864
72.02623,59.806305,68.367805,58.52277,65.836861,69.800896,57.833897,64.224251,70.132149,57.055691,69.96357,59.281517
========================================================
Test11 (DAC Calibration) results 2008-03-10 10:46:05
Board ID67 36 channels
Linux calibration software
Calibration DAC Range: [1100 - 2700]

A:
0.747314,0.75287,0.747454,0.743494,0.754219,0.750469,0.742115,0.75365,0.745504,0.747314,0.745087,0.751174
0.753579,0.754148,0.749766,0.751385,0.747664,0.750539,0.74384,0.747664,0.75061,0.745921,0.752375,0.751103
0.755786,0.752729,0.745365,0.752021,0.751033,0.753012,0.748013,0.750539,0.745295,0.752233,0.752233,0.747035


B:
69.4535,75.3435,73.4469,73.2341,73.0554,74.8593,77.3655,76.6934,71.5034,73.1901,71.7799,75.399
68.9526,71.795,68.3224,70.602,71.2149,75.5137,71.2691,67.4766,78.27,67.6458,69.9991,68.7352
74.8513,73.73,68.5642,64.3167,74.0893,76.6568,66.2459,69.3593,71.3435,63.4226,70.9449,62.2187


========================================================
Test11 (ADC Calibration) results 2008-06-19 12:56:33
Board ID067 36 channels
Linux calibration software

Calibration DAC Range: [1000 - 3500]

A:
0.732,0.7404,0.732,0.7504,0.7416,0.7388,0.7296,0.742,0.7336,0.7356,0.7328,0.738
0.742,0.742,0.7396,0.7396,0.7352,0.7384,0.7264,0.7356,0.7384,0.7324,0.7408,0.7388
0.744,0.7364,0.734,0.736,0.7396,0.7416,0.736,0.736,0.7332,0.74,0.7396,0.7312


B:
69,76.5999,72,55.6,75.4001,75.2,79.4,77.0001,70.3999,73.4,73.2,77.0001
68.0001,73.0001,67.4,70.4,71.8,76.6001,70.5999,69.4,79.6001,68.6,69.1999,70.2
74.9999,69.6,66.9999,65,73.4,75.4001,66,70,70.7999,64,72.4,61.8001


========================================================
Test11 (ADC Calibration) results 2008-07-17 10:58:43
Board ID067 36 channels
Linux calibration software

Calibration DAC Range: [1000 - 3500]

A:
0.732,0.7396,0.7324,0.7304,0.7416,0.7384,0.7296,0.7416,0.7324,0.7348,0.7324,0.7376
0.7416,0.7416,0.7416,0.7392,0.7348,0.738,0.7264,0.7356,0.7384,0.7316,0.7404,0.7388
0.7436,0.7348,0.734,0.736,0.7388,0.7408,0.7356,0.736,0.7324,0.7396,0.7388,0.7308


B:
69,78.4,71.6,75.5999,74.4001,75.6001,78.4,77.4001,72.6,74.2001,73.6,77.3999
68.4001,72.4001,65.4001,70.8,71.2001,76.0001,70.5999,68.4,78.6001,69.4,69.5999,69.2
75.4,70.2001,66.9999,65,74.2,76.1999,65.4,69,72.6,64.4,73.2,62.2001


========================================================
Test11 (ADC Calibration) results 2008-07-20 18:37:46
Board ID067 36 channels
Linux calibration software

Calibration DAC Range: [1000 - 3500]

A:
0.732,0.74,0.7324,0.7304,0.7412,0.738,0.7296,0.7416,0.7332,0.7352,0.7328,0.7376
0.7412,0.7424,0.742,0.7384,0.7348,0.738,0.7268,0.7356,0.7384,0.732,0.74,0.7388
0.7432,0.7364,0.734,0.7364,0.7392,0.7404,0.7352,0.736,0.7328,0.7396,0.7392,0.7316


B:
69,77,72.6,75.5999,75.8001,76.0001,78.4,77.4001,70.7999,72.8,73.2,77.3999
69.8001,70.6,66.0001,73.6001,72.2001,76.0001,72.1999,68.4,78.6001,69,71,69.2
75.8,70.6,66.9999,64.6,73.8,77.5999,66.8,70,71.2,64.4,71.8,61.4


========================================================
Test11 (ADC Calibration) results 2008-07-24 23:03:59
Board ID067 36 channels
Linux calibration software

Calibration DAC Range: [1000 - 3500]

A:
0.732,0.74,0.7324,0.7308,0.742,0.7384,0.7292,0.742,0.7332,0.7352,0.7324,0.7384
0.7416,0.7416,0.742,0.7392,0.7352,0.738,0.7268,0.736,0.7392,0.7316,0.74,0.7392
0.744,0.7352,0.7336,0.7364,0.7388,0.7408,0.7356,0.7364,0.7328,0.74,0.7396,0.7312


B:
69,78,72.6,75.2001,74.0001,76.6001,79.8,77.0001,71.7999,73.8,74.6,75.6001
69.4001,73.4001,67.0001,71.8,70.8,77.0001,72.1999,68,77.8,70.4,71,68.8
74.9999,72.8,68.3999,64.6,74.2,76.1999,66.4,68.6,72.2,64,71.4,62.8001


========================================================
Test11 (ADC Calibration) results 2008-08-12 23:20:39
Board ID067 36 channels
Linux calibration software

Calibration DAC Range: [1000 - 3500]

A:
0.7316,0.7392,0.7328,0.7304,0.7416,0.7384,0.7292,0.7416,0.7324,0.7348,0.7324,0.7376
0.7412,0.7412,0.7408,0.7388,0.7348,0.738,0.7276,0.7352,0.7384,0.7316,0.7404,0.7388
0.7432,0.7332,0.7336,0.7368,0.7388,0.7404,0.7348,0.736,0.732,0.7396,0.7388,0.7316


B:
69.4,78.8,72.2,74.5999,74.4001,75.6001,78.8,77.4001,72.6,74.2001,73.6,76.3999
69.8001,73.8001,67.1999,72.2,71.2001,76.0001,71.4001,69.8,78.6001,69.4,69.5999,69.2
75.8,71.7999,68.3999,64.2,74.2,77.5999,67.2001,69,73,64.4,72.2,62.4


========================================================
Test11 (ADC Calibration) results 2008-08-13 01:14:42
Board ID067 36 channels
Linux calibration software

Calibration DAC Range: [1000 - 3500]

A:
0.7316,0.7392,0.7328,0.73,0.7416,0.7384,0.7292,0.7416,0.7324,0.7352,0.7324,0.7372
0.7412,0.7416,0.7408,0.7388,0.7348,0.738,0.7272,0.7352,0.738,0.7316,0.74,0.7392
0.7428,0.7332,0.7332,0.7368,0.7388,0.7404,0.7348,0.736,0.732,0.7396,0.7392,0.7316


B:
69.4,78.8,72.2,75.9999,74.4001,75.6001,78.8,77.4001,72.6,72.8,73.6,77.7999
69.8001,72.4001,67.1999,72.2,71.2001,76.0001,72.8001,69.8,80.0001,69.4,71,67.8
77.2,71.7999,68.7999,64.2,74.2,77.5999,67.2001,69,73,64.4,71.8,62.4


========================================================
Test11 (DAC Calibration) results 2008-08-27 10:31:21
Board ID067 36 channels
Linux calibration (server mode)

Calibration DAC Range: [3100 - 3500]

A:
0.751429,0.761714,0.753429,0.751143,0.762857,0.76,0.751714,0.763143,0.753143,0.755429,0.753429,0.759429
0.761143,0.762286,0.759429,0.759429,0.755143,0.759714,0.748,0.755143,0.760857,0.751429,0.759714,0.758571
0.764857,0.753714,0.752857,0.755143,0.76,0.762,0.754,0.755714,0.752857,0.758,0.759143,0.75


B:
0.0,0.0,0.0,0.0,0.0,0.0,0.0,0.0,0.0,0.0,0.0,0.0
0.0,0.0,0.0,0.0,0.0,0.0,0.0,0.0,0.0,0.0,0.0,0.0
0.0,0.0,0.0,0.0,0.0,0.0,0.0,0.0,0.0,0.0,0.0,0.0


========================================================
Test11 (ADC Calibration) results 2008-08-27 13:08:29
Board ID067 36 channels
Linux calibration software

Calibration DAC Range: [1000 - 3500]

A:
0.732,0.7396,0.7328,0.73,0.7416,0.738,0.7292,0.7416,0.7324,0.7352,0.7328,0.7376
0.7412,0.7412,0.7412,0.7384,0.7344,0.7376,0.7284,0.7356,0.738,0.7312,0.74,0.7384
0.744,0.7352,0.7332,0.7372,0.7388,0.7408,0.7352,0.7352,0.732,0.7396,0.7392,0.7324


B:
68,77.4,73.2,74.9999,74.4001,76.0001,78.8,76.4001,71.6,72.8,72.2,76.3999
69.8001,72.8001,66.8001,72.6001,71.6001,76.3999,71.6,68.4,79.0001,69.8001,70,69.6001
73.9999,71.8,67.7999,63.7999,74.2,76.1999,65.8,70.8,73,63.4,70.8,61.6


========================================================
Test11 (DAC Calibration) results 2008-08-28 18:58:16
Board ID067 36 channels
Linux calibration (server mode)

Calibration DAC Range: [3100 - 3500]

A:
0.7375,0.7475,0.745,0.7375,0.75,0.7475,0.735,0.7525,0.735,0.74,0.7425,0.745
0.75,0.745,0.75,0.7475,0.74,0.745,0.735,0.74,0.7475,0.7325,0.7475,0.745
0.75,0.75,0.74,0.7475,0.7475,0.745,0.7425,0.7425,0.7375,0.745,0.745,0.74


B:
78.7,79.7,65.5,80.7,75.0,73.7,89.5,69.3,92.5,86.0,68.2,81.5
68.0,90.5,70.0,71.7,83.0,81.5,81.5,83.0,76.7,95.2,75.7,77.5
82.0,64.0,75.0,60.7,74.7,90.5,70.2,77.2,83.7,75.5,80.5,68.0


========================================================
Test11 (DAC Calibration) results 2008-08-30 18:22:53
Board ID067 36 channels
Linux calibration (server mode)

Calibration DAC Range: [3100 - 3500]

A:
0.745,0.75,0.7425,0.74,0.7525,0.7425,0.7375,0.7475,0.74,0.7425,0.74,0.75
0.7525,0.75,0.7475,0.7475,0.7425,0.75,0.74,0.75,0.75,0.7375,0.7475,0.7525
0.755,0.7475,0.7475,0.7475,0.745,0.7475,0.745,0.745,0.74,0.7475,0.75,0.7425


B:
59.5,78.0,76.2,76.0,73.3,96.2,85.7,92.7,81.0,82.2,82.0,70.0
66.3,79.0,80.7,77.7,79.2,71.0,68.0,56.0,74.0,83.7,80.7,58.3
71.5,66.7,55.7,63.7,88.5,88.7,67.5,74.5,81.0,72.7,69.0,63.2


========================================================
Test11 (DAC Calibration) results 2008-08-30 21:24:14
Board ID067 36 channels
Linux calibration (server mode)

Calibration DAC Range: [3100 - 3500]

A:
0.72,0.7325,0.72,0.715,0.735,0.72,0.715,0.73,0.72,0.72,0.72,0.7275
0.7275,0.73,0.73,0.73,0.72,0.725,0.72,0.7275,0.725,0.7175,0.725,0.725
0.7275,0.7275,0.72,0.7225,0.725,0.7275,0.72,0.725,0.7175,0.7275,0.725,0.7175


B:
75.0,67.2,84.0,91.5,61.5,103.0,92.5,81.0,80.0,89.0,81.0,76.7
79.7,77.0,72.0,66.0,86.0,85.5,69.0,60.7,88.5,81.8,85.5,80.5
92.7,71.7,79.0,79.2,85.5,85.7,82.0,72.5,86.8,69.7,83.5,78.8


========================================================
Test11 (DAC Calibration) results 2008-08-30 21:51:57
Board ID067 36 channels
Linux calibration (server mode)

Calibration DAC Range: [3100 - 3500]

A:
0.74,0.755,0.7475,0.745,0.75,0.7475,0.74,0.75,0.745,0.745,0.745,0.7475
0.755,0.755,0.7525,0.75,0.7425,0.75,0.7375,0.745,0.7475,0.74,0.75,0.7475
0.755,0.745,0.7425,0.745,0.7475,0.7525,0.7425,0.7475,0.7425,0.7475,0.75,0.7425


B:
76.0,61.5,61.7,60.5,81.0,79.7,78.0,84.0,65.5,75.5,66.5,78.7
58.5,63.5,66.3,69.0,80.2,70.0,79.7,71.5,82.7,76.0,72.0,74.7
71.5,85.5,73.2,74.5,80.7,72.3,76.2,66.7,72.2,72.7,70.0,64.2


========================================================
Test11 (DAC Calibration) results 2008-08-31 12:06:16
Board ID067 36 channels
Linux calibration (server mode)

Calibration DAC Range: [3100 - 3500]

A:
0.745,0.75,0.745,0.74,0.75,0.7475,0.74,0.75,0.74,0.745,0.745,0.7475
0.755,0.755,0.7525,0.75,0.7425,0.75,0.735,0.745,0.7475,0.74,0.75,0.7475
0.755,0.75,0.7475,0.745,0.7475,0.7525,0.7425,0.7475,0.7375,0.75,0.75,0.7375


B:
60.5,79.0,71.5,78.0,81.0,80.7,78.0,84.0,83.0,75.5,66.5,79.7
58.5,63.5,68.3,69.0,81.2,72.0,89.5,71.5,83.7,76.0,72.0,75.7
71.5,75.0,56.7,74.5,79.7,72.3,77.2,67.7,88.7,66.0,70.0,80.7


========================================================
Test11 (DAC Calibration) results 2008-08-31 16:15:20
Board ID067 36 channels
Linux calibration (server mode)

Calibration DAC Range: [3100 - 3500]

A:
0.745,0.75,0.74,0.74,0.75,0.7475,0.74,0.75,0.74,0.745,0.745,0.7475
0.755,0.755,0.7475,0.75,0.7425,0.745,0.7425,0.745,0.7475,0.74,0.75,0.7475
0.755,0.7475,0.7475,0.745,0.7475,0.7525,0.7425,0.7475,0.7425,0.745,0.75,0.7425


B:
60.5,79.0,87.0,78.0,81.0,79.7,78.0,84.0,83.0,75.5,66.5,78.7
58.5,63.5,83.7,69.0,80.2,87.5,63.2,71.5,82.7,76.0,72.0,74.7
71.5,73.7,55.7,74.5,80.7,72.3,76.2,66.7,72.2,81.5,70.0,64.2


========================================================
Test11 (DAC Calibration) results 2008-08-31 18:30:17
Board ID067 36 channels
Linux calibration (server mode)

Calibration DAC Range: [3100 - 3500]

A:
0.745,0.75,0.74,0.74,0.75,0.7525,0.74,0.75,0.74,0.745,0.745,0.7525
0.755,0.755,0.7475,0.75,0.7475,0.745,0.7425,0.745,0.7525,0.74,0.75,0.7475
0.755,0.745,0.7375,0.745,0.7475,0.7525,0.7475,0.7425,0.7375,0.745,0.75,0.7425


B:
60.5,79.0,87.0,78.0,81.0,63.3,78.0,84.0,83.0,75.5,66.5,62.3
58.5,63.5,82.7,69.0,63.7,87.5,62.2,71.5,66.3,76.0,72.0,75.7
71.5,85.5,89.7,74.5,79.7,72.3,59.7,83.2,88.7,81.5,70.0,63.2


========================================================
Test11 (DAC Calibration) results 2008-09-01 15:18:41
Board ID067 36 channels
Linux calibration (server mode)

Calibration DAC Range: [3100 - 3500]

A:
0.745,0.7525,0.7425,0.74,0.75,0.7525,0.74,0.75,0.7475,0.745,0.745,0.7525
0.755,0.755,0.7475,0.75,0.7475,0.745,0.7375,0.745,0.7525,0.74,0.75,0.7475
0.755,0.7475,0.7425,0.745,0.7475,0.7525,0.7425,0.7425,0.745,0.75,0.75,0.7425


B:
60.5,70.3,78.2,78.0,81.0,63.3,78.0,84.0,56.7,75.5,66.5,62.3
58.5,63.5,81.7,69.0,62.7,87.5,78.7,71.5,66.3,76.0,72.0,74.7
71.5,68.7,73.2,74.5,78.7,72.3,76.2,82.2,64.5,66.0,70.0,64.2


========================================================
Test11 (ADC Calibration) results 2009-03-20 10:56:02
Board ID067 36 channels
Host: ufcmshv3
Linux calibration software

Calibration DAC Range: [1000 - 3500]

A:
0.7632,0.7636,0.7664,0.7576,0.7616,0.7656,0.7676,0.764,0.7596,0.7656,0.7628,0.7584
0.7672,0.7656,0.7672,0.7592,0.7676,0.7692,0.7712,0.7668,0.7664,0.764,0.758,0.7672
0.7652,0.7696,0.7652,0.768,0.7664,0.7704,0.7648,0.7712,0.7632,0.758,0.768,0.7648


B:
68.8,74.4,71.6001,74.4,72.3999,75.3999,77.4,75,69.4001,72.3999,71.2001,75.5999
67.8,71.3999,67.8,69.8001,70.4,73.7999,73.8,67.2001,77.6001,68,69.9999,67.8
74.7999,74.4001,65.7999,64,72.6001,73.6,65.2,68.8,72.8,62.9999,71,60.2


