========================================================

Test10 results 04-25-2005  18:07:08
Board ID324  30 channels
HV Tests Software Ver.1.6

+5V 2510 - O'k
-5V 1313 - O'k
Interlock - On

Voltmeter channel: A=1.077586, B=14.008742

A:
Limits 1.1 +/- 0.1
1.06553,1.067236,1.071237,1.077586,1.068947,1.075847,1.075269,1.073537,1.082837,1.075847
1.069519,1.071237,1.071237,1.075847,1.082251,1.074114,1.072386,1.068947,1.082837,1.067806
1.073537,1.064396,1.073537,1.087548,1.070091,1.068947,1.071811,1.077586,1.078749,1.072961


B:
Limits 0.0 +/- 30.0
9.589919,12.806949,14.997149,9.698398,5.344774,6.454941,7.526706,6.441059,11.911382,9.682483
14.973378,8.569725,11.783437,8.606635,7.575796,9.667063,7.506824,7.482668,11.911382,6.406877
6.441059,7.450962,5.367522,4.350336,8.560535,6.413721,9.646461,5.388053,5.393553,1.073122
========================================================
Test10 (ADC Calibration) results 2007-12-07 15:28:21
Board ID324 30 channels
Linux calibration software

Voltmeter channel: A=1.07459, B=-1226.93

A:
1.06465,1.06788,1.07566,1.07933,1.06771,1.0761,1.07468,1.07347,1.0854,1.07583
1.07084,1.07105,1.07074,1.07513,1.08176,1.07606,1.07179,1.06977,1.08631,1.06822
1.07226,1.06384,1.07529,1.08805,1.07398,1.06791,1.07094,1.07735,1.07893,1.07175


B:
8.44641,6.65447,10.6623,4.69192,4.46529,3.34538,5.42814,3.17694,7.46322,5.23566
6.19085,5.80315,8.59055,7.06363,4.87609,9.77465,4.96544,1.90687,6.70071,5.81943
5.65338,5.14229,4.77864,1.88481,6.20566,6.27499,8.07433,4.22297,2.00812,0.729753


