========================================================

Test10 results 01-27-2005  16:10:10
Board ID292  30 channels
HV Tests Software Ver.1.6

+5V 2510 - O'k
-5V 1347 - O'k
Interlock - On

Voltmeter channel: A=1.071811, B=15.005518

A:
Limits 1.1 +/- 0.1
1.081081,1.066667,1.072961,1.06383,1.070664,1.076426,1.06383,1.064396,1.074114,1.071811
1.072961,1.074114,1.070091,1.06553,1.074691,1.06553,1.058201,1.071811,1.074114,1.081666
1.076426,1.070091,1.077006,1.082251,1.072386,1.072961,1.075269,1.074691,1.075269,1.076426


B:
Limits 0.0 +/- 30.0
8.648827,10.666458,9.656813,9.574496,8.565317,3.229268,10.638327,12.772942,9.667063,11.790084
11.802734,9.667063,10.700718,12.786509,5.373341,11.720979,28.571367,10.718273,16.111746,10.816698
12.917105,11.770809,11.846848,9.740297,16.085913,7.51089,7.526706,10.746796,7.526706,11.840678
========================================================
Test10 (ADC Calibration) results 2008-04-21 15:55:58
Board ID292 30 channels
Linux calibration software

Voltmeter channel: A=1.05948, B=-1426.25

A:
1.0813,1.0665,1.07121,1.06322,1.07058,1.07566,1.06306,1.06523,1.07372,1.07175
1.07239,1.07125,1.06861,1.0652,1.07376,1.06556,1.06111,1.07115,1.07402,1.08064
1.07587,1.07091,1.07669,1.08274,1.07346,1.07118,1.07807,1.07452,1.0741,1.07677


B:
5.38854,6.61193,9.63001,6.70917,6.14859,2.43013,10.106,7.899,7.44782,8.01961
10.7207,9.44207,9.40828,10.867,4.32724,7.80487,16.9855,9.49859,13.1917,10.4653
10.7471,7.02449,9.90821,5.91418,9.38326,6.51059,5.16887,8.57874,7.22331,7.42717


========================================================
Test10 (ADC Calibration) results 2008-06-19 12:08:44
Board ID292 30 channels
Linux calibration software

Voltmeter channel: A=1.07, B=0

A:
1.09881,1.08316,1.08908,1.07961,1.08728,1.09279,1.0804,1.08218,1.09071,1.08863
1.08908,1.08191,1.07899,1.08254,1.0908,1.0781,1.0781,1.08845,1.09098,1.09817
1.09333,1.08683,1.09324,1.09854,1.09025,1.08441,1.09854,1.09071,1.09098,1.09297


B:
4.9481,5.87599,6.47208,7.67093,5.09152,0.421597,7.35999,7.43675,5.84258,6.23521
9.73932,14.1763,12.7797,7.97168,3.35918,10.5807,14.0306,7.05502,11.9196,8.17265
8.44439,7.68167,9.18402,5.42038,8.65853,8.61779,3.44296,8.46004,6.46469,8.9971


