========================================================

Test11 results 01-27-2005  16:11:28
Board ID292  30 channels
HV Tests Software Ver.1.6

+5V 2509 - O'k
-5V 1347 - O'k
Interlock - On
Calibration DAC Range: [2500 - 2900]


A:
Limits 0.76 +/- 0.04
0.743494,0.753296,0.749064,0.754717,0.750469,0.746269,0.754717,0.754717,0.749064,0.75188
0.749064,0.746269,0.749064,0.753296,0.749064,0.754717,0.757576,0.747664,0.747664,0.740741
0.746269,0.750469,0.746269,0.744879,0.747664,0.749064,0.747664,0.746269,0.749064,0.744879


B:
Limits 70.0 +/- 30.0
71.584648,70.018829,68.507141,73.620979,69.269302,74.782745,72.118362,63.679386,66.27037,61.80542
66.009041,74.610931,75.372337,69.8237,67.879509,65.287766,60.594807,73.711464,64.339386,75.650589
63.616589,70.783981,69.242752,68.89534,70.590843,67.791542,68.525826,74.610931,65.379028,72.827591
========================================================
Test11 (DAC Calibration) results 2008-04-21 15:55:58
Board ID292 30 channels
Linux calibration software
Calibration DAC Range: [1100 - 2700]

A:
0.741702,0.752375,0.749064,0.755073,0.750258,0.746338,0.754432,0.75365,0.747314,0.749064
0.748994,0.749415,0.750892,0.753296,0.747664,0.753792,0.756573,0.749485,0.747105,0.742528
0.746199,0.749274,0.744879,0.745573,0.747873,0.749836,0.744671,0.746756,0.747803,0.745573


B:
79.863,76.7705,74.5318,75.3658,72.897,77.8148,76.2354,71.2671,76.1794,76.03
70.2836,72.5527,75.4832,73.5593,77.1962,72.4302,67.5807,71.707,71.0871,73.9743
69.2009,78.8891,77.2812,70.3635,74.217,71.8249,75.7796,76.9439,73.7149,74.0913


========================================================
Test11 (ADC Calibration) results 2008-06-19 12:56:33
Board ID292 30 channels
Linux calibration software

Calibration DAC Range: [1000 - 3500]

A:
0.7296,0.7408,0.7364,0.7432,0.7384,0.7344,0.7424,0.7416,0.7356,0.7372
0.7368,0.7416,0.744,0.7408,0.7356,0.7448,0.7444,0.7372,0.7356,0.7304
0.7344,0.7384,0.7332,0.7352,0.7356,0.74,0.7304,0.7356,0.736,0.7344


B:
80.4,77.1999,76.6,75.8,73.6001,79.6001,77.6,71.4001,76.4,77.7999
72.2,69.4001,71.9999,76.1999,77.4,70.2001,69.5999,73.7999,71.4,75.5999
69.6001,77.6001,78.7999,68.8,76.4,71,77.5999,76.4,75,72.6001


========================================================
Test11 (ADC Calibration) results 2008-07-17 10:58:43
Board ID292 30 channels
Linux calibration software

Calibration DAC Range: [1000 - 3500]

A:
0.7296,0.7404,0.7364,0.7428,0.738,0.734,0.742,0.7416,0.7356,0.7368
0.7364,0.742,0.7452,0.7412,0.7356,0.7452,0.744,0.7368,0.7352,0.73
0.7344,0.7372,0.7332,0.7372,0.7356,0.7408,0.7304,0.7472,0.7352,0.7336


B:
81.4,77.5999,76.6,76.2,74.0001,79.9999,78.0001,71.4001,76.4,78.2
72.6,70.0001,70.8001,74.8001,77.4,70.8001,69.9999,74.2,72.8,75.9999
69.6001,79.7999,78.7999,68.7999,76.4,71.1999,76.5999,66.8,75.8,74.3999


========================================================
Test11 (ADC Calibration) results 2008-07-20 18:37:46
Board ID292 30 channels
Linux calibration software

Calibration DAC Range: [1000 - 3500]

A:
0.7292,0.7404,0.7368,0.7428,0.738,0.734,0.742,0.7416,0.7356,0.7364
0.7364,0.7436,0.7456,0.7412,0.7356,0.7464,0.744,0.7372,0.7348,0.7308
0.7336,0.7376,0.7332,0.7368,0.7356,0.7416,0.73,0.7532,0.7352,0.7336


B:
81.8,77.5999,75.2,76.2,74.0001,79.9999,78.0001,71.4001,76.4,78.6
72.6,68.4,72.4001,74.8001,77.4,69.6,69.9999,73.7999,73.2001,75.2001
71.3999,79.3999,78.7999,69.2,76.4,70.4001,76.9999,67.8,75.8,74.3999


========================================================
Test11 (ADC Calibration) results 2008-07-24 23:03:59
Board ID292 30 channels
Linux calibration software

Calibration DAC Range: [1000 - 3500]

A:
0.7296,0.74,0.7364,0.7428,0.738,0.7344,0.7428,0.7416,0.7352,0.7368
0.7372,0.7424,0.7456,0.7412,0.736,0.746,0.744,0.7372,0.7352,0.7308
0.734,0.7376,0.7332,0.7376,0.7356,0.7416,0.7304,0.7528,0.7356,0.734


B:
81.4,79,77.6,77.2,75.0001,79.6001,77.2,71.4001,77.8,78.2
71.7999,71.6,72.4001,75.8001,77,71,70.9999,73.7999,72.8,76.2001
70.9999,79.3999,78.7999,69.3999,76.4,71.4001,77.5999,68.2,76.4,73.9999


========================================================
Test11 (ADC Calibration) results 2008-08-12 23:20:39
Board ID292 30 channels
Linux calibration software

Calibration DAC Range: [1000 - 3500]

A:
0.7292,0.7404,0.7364,0.7432,0.738,0.734,0.7424,0.7412,0.7352,0.7364
0.7368,0.7436,0.7464,0.7408,0.7356,0.7464,0.7436,0.7368,0.7348,0.7308
0.734,0.738,0.7336,0.738,0.7356,0.7412,0.73,0.7504,0.7356,0.7336


B:
81.8,77.5999,76.6,75.8,75.0001,79.9999,77.6,71.8001,77.8,78.6
72.2,69.4,71.6,76.1999,77.4,70.6,71.4,74.2,73.2001,75.2001
70.9999,78.0001,78.3999,68.0001,76.4,71.8001,75.9999,73.6,75.4,74.3999


========================================================
Test11 (ADC Calibration) results 2008-08-13 01:14:42
Board ID292 30 channels
Linux calibration software

Calibration DAC Range: [1000 - 3500]

A:
0.7292,0.7408,0.7364,0.7432,0.7384,0.734,0.7424,0.7412,0.7352,0.7364
0.7368,0.7436,0.746,0.7408,0.7356,0.7464,0.7436,0.7368,0.7348,0.7308
0.734,0.7376,0.7328,0.738,0.7356,0.7416,0.7296,0.7508,0.7356,0.7336


B:
81.8,77.1999,76.6,75.8,73.6001,79.9999,77.6,71.8001,77.8,78.6
72.2,69.4,72,76.1999,77.4,70.6,71.4,74.2,73.2001,75.2001
70.9999,79.3999,80.2,68.0001,76.4,70.4001,77.4,72.2,75.4,74.3999


========================================================
Test11 (DAC Calibration) results 2008-08-27 10:32:59
Board ID292 30 channels
Linux calibration (server mode)

Calibration DAC Range: [3100 - 3500]

A:
0.752,0.762286,0.758286,0.764286,0.758857,0.756857,0.764,0.761714,0.757429,0.758857
0.756857,0.762857,0.766571,0.762571,0.757714,0.766,0.764,0.758,0.755714,0.752286
0.754286,0.760286,0.755714,0.757429,0.757429,0.761143,0.751714,0.773143,0.756571,0.754857


B:
0.0,0.0,0.0,0.0,0.0,0.0,0.0,0.0,0.0,0.0
0.0,0.0,0.0,0.0,0.0,0.0,0.0,0.0,0.0,0.0
0.0,0.0,0.0,0.0,0.0,0.0,0.0,0.0,0.0,0.0


========================================================
Test11 (ADC Calibration) results 2008-08-27 13:08:29
Board ID292 30 channels
Linux calibration software

Calibration DAC Range: [1000 - 3500]

A:
0.7292,0.7404,0.736,0.7428,0.738,0.734,0.742,0.7408,0.7352,0.736
0.7364,0.744,0.748,0.7408,0.7356,0.7468,0.7432,0.738,0.7344,0.7304
0.734,0.7376,0.7332,0.738,0.7352,0.7416,0.7296,0.754,0.7352,0.7336


B:
81.8,76.5999,77,75.2,74.0001,78.9999,78.0001,72.1999,76.8,79
71.6,68.9999,69.9999,75.1999,77.4,70.2,71.8,73.0001,73.6001,75.5999
69.9999,78.3999,78.7999,68.0001,76.8,71.4001,76.4,71,75.8,74.3999


========================================================
Test11 (DAC Calibration) results 2008-08-28 18:58:22
Board ID292 30 channels
Linux calibration (server mode)

Calibration DAC Range: [3100 - 3500]

A:
0.7375,0.745,0.7425,0.7475,0.745,0.74,0.7475,0.7475,0.7425,0.745
0.7425,0.75,0.76,0.7475,0.7475,0.75,0.75,0.7475,0.74,0.7375
0.745,0.745,0.74,0.75,0.74,0.7525,0.7375,0.765,0.745,0.7375


B:
82.7,92.5,86.2,90.7,79.5,89.0,89.7,81.7,82.2,80.5
82.2,83.0,65.0,82.7,67.7,96.0,80.0,77.7,86.0,82.7
64.5,83.5,86.0,61.0,91.0,69.3,79.7,67.5,72.5,90.7


========================================================
Test11 (DAC Calibration) results 2008-08-30 18:22:58
Board ID292 30 channels
Linux calibration (server mode)

Calibration DAC Range: [3100 - 3500]

A:
0.7375,0.7475,0.745,0.7525,0.745,0.74,0.75,0.745,0.7425,0.7425
0.7425,0.75,0.755,0.7525,0.7475,0.7525,0.75,0.75,0.745,0.74
0.74,0.745,0.7425,0.745,0.7425,0.7475,0.7375,0.765,0.745,0.74


B:
85.7,86.7,80.5,77.3,83.5,93.0,85.0,92.5,87.2,92.2
85.2,85.0,82.5,70.3,70.7,87.3,84.0,74.0,73.5,77.0
84.0,87.5,81.2,78.5,85.2,86.7,82.7,71.5,76.5,87.0


========================================================
Test11 (DAC Calibration) results 2008-08-30 21:24:20
Board ID292 30 channels
Linux calibration (server mode)

Calibration DAC Range: [3100 - 3500]

A:
0.7175,0.725,0.7225,0.73,0.7275,0.7225,0.7275,0.73,0.725,0.72
0.7275,0.73,0.735,0.7275,0.72,0.7325,0.7275,0.725,0.7225,0.7175
0.7225,0.7225,0.72,0.7275,0.72,0.7275,0.72,0.7425,0.7275,0.725


B:
85.8,92.5,87.2,84.0,73.7,81.2,90.7,72.0,75.5,98.0
66.7,85.0,80.5,84.7,93.0,86.2,88.7,79.5,79.2,83.8
74.2,93.2,86.0,69.7,92.0,86.7,73.0,76.2,66.7,67.5


========================================================
Test11 (DAC Calibration) results 2008-08-30 21:52:03
Board ID292 30 channels
Linux calibration (server mode)

Calibration DAC Range: [3100 - 3500]

A:
0.74,0.7525,0.745,0.755,0.745,0.745,0.7525,0.75,0.7425,0.745
0.745,0.75,0.76,0.75,0.745,0.7575,0.755,0.745,0.7425,0.7425
0.74,0.7475,0.74,0.7475,0.7475,0.7525,0.74,0.7625,0.7425,0.7425


B:
79.0,70.3,81.5,69.5,84.5,76.5,77.3,76.0,87.2,83.5
78.5,88.0,67.0,79.0,79.5,72.8,67.5,83.5,81.2,69.2
84.0,79.7,89.0,71.7,69.7,72.3,75.0,79.3,85.2,78.2


========================================================
Test11 (DAC Calibration) results 2008-08-31 12:06:21
Board ID292 30 channels
Linux calibration (server mode)

Calibration DAC Range: [3100 - 3500]

A:
0.74,0.7525,0.745,0.75,0.745,0.745,0.7475,0.75,0.7475,0.74
0.745,0.7525,0.755,0.75,0.745,0.755,0.755,0.75,0.7475,0.7425
0.745,0.7475,0.74,0.75,0.7425,0.75,0.74,0.765,0.7475,0.7425


B:
79.0,70.3,81.5,87.0,84.5,76.5,94.7,76.0,70.7,101.0
78.5,82.3,84.5,79.0,79.5,84.5,67.5,68.0,64.7,70.2
68.5,78.7,89.0,65.0,86.2,83.0,75.0,74.5,68.7,79.2


========================================================
Test11 (DAC Calibration) results 2008-08-31 16:15:27
Board ID292 30 channels
Linux calibration (server mode)

Calibration DAC Range: [3100 - 3500]

A:
0.74,0.7475,0.745,0.75,0.745,0.745,0.7475,0.75,0.7475,0.7475
0.745,0.75,0.755,0.75,0.745,0.755,0.755,0.7475,0.7425,0.7375
0.745,0.7425,0.74,0.745,0.7475,0.75,0.74,0.7625,0.7425,0.7425


B:
79.0,87.7,81.5,87.0,84.5,76.5,93.7,76.0,69.7,74.7
78.5,88.0,84.5,79.0,79.5,82.5,67.5,78.7,81.2,86.7
68.5,95.2,89.0,80.5,69.7,83.0,75.0,79.3,85.2,78.2


========================================================
Test11 (DAC Calibration) results 2008-08-31 18:30:23
Board ID292 30 channels
Linux calibration (server mode)

Calibration DAC Range: [3100 - 3500]

A:
0.74,0.7525,0.745,0.75,0.745,0.745,0.7525,0.75,0.7425,0.7475
0.745,0.75,0.755,0.75,0.745,0.755,0.755,0.745,0.7425,0.7375
0.745,0.7475,0.74,0.745,0.7425,0.7525,0.74,0.7625,0.7475,0.7425


B:
79.0,71.3,81.5,87.0,84.5,76.5,77.3,76.0,86.2,75.7
78.5,88.0,84.5,79.0,79.5,82.5,67.5,80.5,82.2,85.7
68.5,78.7,89.0,80.5,86.2,72.3,75.0,81.3,68.7,79.2


========================================================
Test11 (DAC Calibration) results 2008-09-01 15:18:48
Board ID292 30 channels
Linux calibration (server mode)

Calibration DAC Range: [3100 - 3500]

A:
0.74,0.7475,0.74,0.75,0.745,0.745,0.7525,0.75,0.7425,0.7425
0.745,0.755,0.76,0.75,0.745,0.7575,0.755,0.745,0.7425,0.7425
0.74,0.7425,0.74,0.75,0.7425,0.7525,0.74,0.765,0.7425,0.7425


B:
79.0,86.7,97.0,87.0,84.5,76.5,77.3,76.0,85.2,92.2
78.5,67.5,64.0,79.0,79.5,69.8,67.5,80.5,81.2,69.2
84.0,95.2,89.0,61.0,87.2,72.3,75.0,70.5,85.2,78.2


