========================================================

Test11 results 06-27-2005  15:40:13
Board ID348  30 channels
HV Tests Software Ver.1.6

+5V 2530 - O'k
-5V 1322 - O'k
Interlock - On
Calibration DAC Range: [2500 - 2900]


A:
Limits 0.76 +/- 0.04
0.735294,0.747664,0.743494,0.740741,0.736648,0.738007,0.742115,0.740741,0.742115,0.740741
0.742115,0.744879,0.739372,0.733945,0.753296,0.738007,0.740741,0.740741,0.738007,0.740741
0.744879,0.736648,0.740741,0.739372,0.736648,0.738007,0.740741,0.740741,0.736648,0.736648


B:
Limits 60.0 +/- 30.0
70.785217,57.287689,59.898937,65.930717,64.77932,57.157425,52.766651,57.372597,63.719189,68.176811
64.230659,63.577347,64.94735,72.071571,65.794785,76.595886,60.162853,68.971626,60.103149,62.086861
52.588745,80.483818,69.766441,70.336128,69.302086,69.046806,68.900917,58.104477,77.24012,63.188229
========================================================
Test11 (DAC Calibration) results 2007-11-26 10:29:16
Board ID348 30 channels
Linux calibration software
Calibration DAC Range: [1100 - 2700]

A:
0.736852,0.743494,0.741771,0.73903,0.734484,0.736377,0.737735,0.737327,0.73692,0.737599
0.740947,0.744463,0.737123,0.735632,0.752587,0.738007,0.741771,0.740398,0.735294,0.738552
0.741221,0.735294,0.740329,0.739713,0.731328,0.736241,0.741221,0.734551,0.737259,0.731328


B:
70.1759,69.5166,71.1636,73.9309,71.2815,66.8631,61.2689,71.4285,75.092,73.4095
72.6034,69.0675,69.5015,71.5862,71.364,80.8119,62.2624,72.3275,63.2353,68.5376
58.7325,83.8236,74.94,71.7984,73.0689,79.275,69.7026,69.1307,76.8315,70.1436


========================================================
Test11 (ADC Calibration) results 2008-06-17 18:39:44
Board ID348 30 channels
Linux calibration software

Calibration DAC Range: [1000 - 3500]

A:
0.7252,0.732,0.7304,0.7272,0.7232,0.7252,0.726,0.7264,0.7264,0.7264
0.7296,0.7332,0.726,0.724,0.7412,0.7264,0.7304,0.7284,0.7248,0.7272
0.73,0.7248,0.7296,0.7284,0.7204,0.7248,0.7296,0.724,0.7252,0.7212


B:
71.8,71,70.5999,74.8001,71.7999,66.8,64,70.5999,74.5999,73.5999
72.4,68.7999,69,73.0001,71.8001,81.5999,62.5999,74.6,63.2,68.8001
59.9999,83.2,74.4,72.6,73.6001,79.2,70.4,70.0001,79.8,68.8


========================================================
Test11 (ADC Calibration) results 2008-07-16 22:38:23
Board ID348 30 channels
Linux calibration software

Calibration DAC Range: [1000 - 3500]

A:
0.7244,0.7312,0.7296,0.7268,0.7228,0.7248,0.726,0.7256,0.7264,0.7256
0.7292,0.7332,0.7256,0.724,0.7404,0.7256,0.73,0.7292,0.724,0.7268
0.7292,0.724,0.7288,0.7284,0.7196,0.7248,0.7284,0.7236,0.7252,0.7204


B:
72.6001,71.8001,72.4,75.1999,72.1999,67.2,63,72.4,74.5999,74.4
72.8,68.7999,69.4,73.0001,72.5999,82.4,62.9999,72.8,64.0001,70.1999
61.8,84.0001,76.2,71.6,74.3999,79.2,72.6,70.4001,78.8,70.6001


========================================================
Test11 (ADC Calibration) results 2008-07-20 18:58:34
Board ID348 30 channels
Linux calibration software

Calibration DAC Range: [1000 - 3500]

A:
0.7248,0.7316,0.7296,0.7272,0.7228,0.7252,0.7256,0.726,0.7264,0.7256
0.7292,0.7328,0.7256,0.724,0.7408,0.7256,0.73,0.7284,0.7244,0.7264
0.73,0.7244,0.7288,0.7284,0.72,0.7244,0.7288,0.724,0.7248,0.7204


B:
72.2,71.4,72.4,74.8001,72.1999,66.8,64.4,71,74.5999,74.4
72.8,69.2,69.4,73.0001,72.1999,82.4,62.9999,74.6,63.6001,70.5999
59.9999,83.6001,75.2,71.6,73.9999,79.6001,71.2,69.0001,80.2,70.6001


========================================================
Test11 (ADC Calibration) results 2008-07-24 15:42:31
Board ID348 30 channels
Linux calibration software

Calibration DAC Range: [1000 - 3500]

A:
0.7248,0.7316,0.7296,0.7272,0.7228,0.7248,0.7256,0.7256,0.726,0.7256
0.7292,0.7332,0.7256,0.7236,0.7412,0.726,0.73,0.7288,0.7244,0.7264
0.7296,0.7244,0.7284,0.728,0.72,0.7248,0.7288,0.7232,0.7252,0.7204


B:
72.2,71.4,72.4,74.8001,71.1999,67.2,64.4,72.4,75,74.4
72.8,68.7999,69.4,74.4001,70.8001,81,62.9999,73.2,63.6001,69.5999
60.4,83.6001,76.6,72.0001,73.9999,79.2,72.2,70.7999,78.8,70.6001


========================================================
Test11 (ADC Calibration) results 2009-02-13 10:42:50
Board ID348 30 channels
Host: ufcmshv3
Linux calibration software

Calibration DAC Range: [1000 - 3500]

A:
0.7504,0.7584,0.7576,0.7476,0.7468,0.7552,0.7584,0.7536,0.754,0.7508
0.7532,0.7524,0.7548,0.7436,0.7636,0.7476,0.7552,0.752,0.748,0.75
0.7516,0.7504,0.748,0.7528,0.7516,0.7572,0.7536,0.758,0.752,0.7504


B:
72.6,73.5999,71.4,73.3999,72.2,67.7999,64.5999,72.4,75,73.2
72.8,68.6001,70.1999,73.4,71.4,79.3999,62.7999,74.0001,63.9999,71
61.3999,82.6,75.9999,72.2,74.3999,78.8,70.4,68.9999,78.0001,70.6


========================================================
Test11 (ADC Calibration) results 2009-02-13 11:07:50
Board ID348 30 channels
Host: ufcmshv3
Linux calibration software

Calibration DAC Range: [1000 - 3500]

A:
0.7504,0.758,0.7572,0.7476,0.7468,0.7556,0.7588,0.754,0.754,0.7508
0.7528,0.752,0.7548,0.744,0.7636,0.7476,0.7556,0.752,0.748,0.75
0.752,0.7504,0.748,0.7524,0.7516,0.7572,0.7536,0.758,0.752,0.7504


B:
72.6,74.9999,72.8,73.3999,72.2,67.4001,63.1999,71,75,73.2
74.2,70.0001,70.1999,72.9999,71.4,79.3999,62.4001,74.0001,63.9999,71
61.0001,82.6,75.9999,72.6001,74.3999,78.8,70.4,68.9999,78.0001,70.6


========================================================
Test11 (ADC Calibration) results 2009-02-13 14:39:20
Board ID348 30 channels
Host: ufcmshv3
Linux calibration software

Calibration DAC Range: [1000 - 3500]

A:
0.75,0.758,0.7568,0.7476,0.7468,0.7552,0.7584,0.7536,0.754,0.7504
0.7532,0.752,0.7544,0.7436,0.7636,0.7472,0.7556,0.752,0.7476,0.7496
0.752,0.75,0.748,0.7528,0.7512,0.7568,0.7536,0.7576,0.752,0.75


B:
73,75.9999,73.2,73.3999,73.2,67.7999,64.5999,72.4,75,74.6
72.8,70.0001,71.5999,73.4,71.4,80.8,62.4001,74.0001,65.3999,71.4
61.0001,84,75.9999,72.2,75.7999,80.2,70.4,70.4,78.0001,71


