========================================================

Test10 results 06-29-2005  14:42:28
Board ID338  30 channels
HV Tests Software Ver.1.6

+5V 2526 - O'k
-5V 1308 - O'k
Interlock - On

Voltmeter channel: A=1.078167, B=2.156464

A:
Limits 1.1 +/- 0.1
1.067806,1.075847,1.068947,1.071811,1.077006,1.070664,1.077006,1.075847,1.074114,1.072386
1.073537,1.074691,1.079914,1.074114,1.074691,1.072386,1.072386,1.075847,1.075847,1.066098
1.081081,1.072961,1.074114,1.088139,1.087548,1.074691,1.072961,1.062135,1.079331,1.081081


B:
Limits 0.0 +/- 30.0
4.271266,4.303246,4.275827,7.502839,3.230799,13.918636,7.538823,3.227399,6.444721,10.723982
13.95582,10.746796,17.278584,8.592949,5.373341,6.434438,9.651596,10.758329,9.682483,11.727031
3.243422,0.00016,1.074152,4.352507,11.963168,1.074576,7.51089,0.00011,5.396702,5.405584
========================================================

Test10 results 08-31-2005  14:26:50
Board ID338  30 channels
HV Tests Software Ver.1.6

+5V 2525 - O'k
-5V 1302 - O'k
Interlock - On

Voltmeter channel: A=1.078167, B=3.234631

A:
Limits 1.1 +/- 0.1
1.068947,1.077006,1.070091,1.075269,1.078167,1.074114,1.055409,1.075847,1.074691,1.072386
1.068376,1.075847,1.081081,1.075269,1.075269,1.072961,1.072961,1.075847,1.077006,1.067236
1.081666,1.072961,1.074114,1.088139,1.087548,1.075847,1.073537,1.061571,1.078749,1.078749


B:
Limits 0.0 +/- 35.0
3.20688,2.153793,4.280172,8.601974,1.078297,12.889404,7.387925,4.303246,8.597414,12.868753
12.820528,8.606635,16.216394,9.677243,5.376168,7.51089,9.656813,11.834177,12.923853,9.605241
3.245038,3.219044,2.148266,5.440646,13.050716,-0.000143,6.441059,2.123158,9.708548,7.55105
