========================================================

Test11 results 06-29-2005  14:43:51
Board ID338  30 channels
HV Tests Software Ver.1.6

+5V 2527 - O'k
-5V 1308 - O'k
Interlock - On
Calibration DAC Range: [2500 - 2900]


A:
Limits 0.76 +/- 0.04
0.750469,0.744879,0.749064,0.747664,0.744879,0.749064,0.743494,0.744879,0.744879,0.747664
0.746269,0.747664,0.743494,0.744879,0.744879,0.746269,0.746269,0.747664,0.746269,0.750469
0.742115,0.746269,0.746269,0.743494,0.738007,0.743494,0.747664,0.75188,0.746269,0.740741


B:
Limits 60.0 +/- 30.0
60.799038,59.923695,60.768337,61.603001,51.319576,49.864853,61.275745,59.998619,62.975769,51.337593
51.047356,47.54908,46.458675,61.299065,62.899391,62.178528,60.499786,48.427254,46.596344,57.423393
62.312687,66.817383,61.535381,47.376064,48.297733,70.723892,52.942078,77.755882,42.052597,56.42099
========================================================

Test11 results 08-31-2005  14:32:09
Board ID338  30 channels
HV Tests Software Ver.1.6

+5V 2526 - O'k
-5V 1303 - O'k
Interlock - On
Calibration DAC Range: [2500 - 2900]


A:
Limits 0.76 +/- 0.04
0.750469,0.743494,0.750469,0.743494,0.742115,0.744879,0.757576,0.746269,0.749064,0.747664
0.749064,0.747664,0.740741,0.744879,0.746269,0.747664,0.746269,0.743494,0.746269,0.75188
0.743494,0.747664,0.747664,0.742115,0.736648,0.743494,0.746269,0.753296,0.743494,0.743494


B:
Limits 60.0 +/- 40.0
59.997635,64.551582,54.722549,69.124908,61.160015,58.172791,65.587296,55.579262,46.960587,52.139835
54.998573,46.893414,55.491631,58.246807,57.68288,56.953102,60.57795,62.076054,42.788296,52.080177
57.912956,61.766369,56.308571,51.861111,51.947147,70.07933,58.176991,72.63826,52.010925,52.010925
