========================================================

Test11 results 12-14-2006  22:14:27
Board ID158  36 channels
HV Tests Software Ver.1.6.8

+5V 2512 - O'k
-5V 1309 - O'k
Interlock - On
Calibration DAC Range: [2500 - 2900]
Number of Samples: 400

A:
Limits 0.76 +/- 0.04
0.749064,0.75188,0.753296,0.754717,0.750469,0.753296,0.750469,0.747664,0.744879,0.746269,0.753296,0.75188
0.739372,0.746269,0.75188,0.756144,0.747664,0.747664,0.75188,0.746269,0.75188,0.753296,0.756144,0.749064
0.746269,0.75188,0.757576,0.753296,0.747664,0.742115,0.743494,0.746269,0.746269,0.753296,0.749064,0.743494


B:
Limits 60.0 +/- 30.0
64.460808,58.218204,62.303249,54.332577,57.436771,59.877289,58.245502,66.961319,60.477806,57.148869,62.828495,66.022995
64.46376,57.380253,61.542923,55.054966,62.194229,66.621254,55.159103,65.874344,59.116199,60.685944,61.937981,58.249756
62.805458,56.777958,58.180958,64.824837,66.791191,71.08979,65.023346,70.633446,63.533146,61.307377,66.056038,60.982594
========================================================

Test11 results 12-15-2006  14:34:24
Board ID158  36 channels
HV Tests Software Ver.1.6.8

+5V 2510 - O'k
-5V 1308 - O'k
Interlock - On
Calibration DAC Range: [2500 - 2900]
Number of Samples: 400

A:
Limits 0.76 +/- 0.04
0.750469,0.75188,0.754717,0.754717,0.750469,0.753296,0.75188,0.749064,0.743494,0.747664,0.753296,0.75188
0.740741,0.746269,0.750469,0.756144,0.747664,0.750469,0.75188,0.747664,0.753296,0.753296,0.75188,0.749064
0.746269,0.75188,0.757576,0.753296,0.747664,0.743494,0.744879,0.747664,0.746269,0.754717,0.749064,0.744879


B:
Limits 60.0 +/- 30.0
59.862968,58.218204,57.569977,54.332577,57.436771,60.592701,53.540432,61.570801,65.755585,52.566967,62.828495,65.929924
59.212875,57.380253,66.060936,55.767544,62.919991,55.904499,55.880512,62.111542,54.396217,61.400986,61.633972,58.974865
62.805458,56.777958,58.180958,65.442223,67.427872,65.755585,60.477806,66.068352,64.259918,55.951279,66.056038,56.357876
========================================================
Test11 (DAC Calibration) results 2008-03-14 05:28:00
Board ID158 36 channels
Linux calibration software
Calibration DAC Range: [1100 - 2700]

A:
0.750469,0.752092,0.753721,0.753792,0.750821,0.753438,0.750117,0.748713,0.744325,0.747175,0.75429,0.75365
0.739919,0.745295,0.752233,0.756001,0.747105,0.749555,0.751456,0.748013,0.751668,0.753509,0.75188,0.749274
0.747105,0.75054,0.757002,0.753154,0.749134,0.743425,0.744186,0.748013,0.747384,0.753367,0.749344,0.744879


B:
70.0564,67.0771,70.4165,65.7968,66.1191,69.2975,67.8388,72.7656,72.9809,64.4157,69.6398,69.0061
71.5131,70.7473,71.0954,65.0348,73.9261,69.0622,66.7481,69.986,69.4635,69.5016,72.1805,68.2494
68.9952,69.9594,69.4172,75.7108,71.1394,74.965,72.2791,74.4741,69.3573,70.1479,73.2484,66.8529


========================================================
Test11 (ADC Calibration) results 2008-06-19 12:56:33
Board ID158 36 channels
Linux calibration software

Calibration DAC Range: [1000 - 3500]

A:
0.7372,0.7392,0.7416,0.7492,0.738,0.7416,0.7372,0.7368,0.7316,0.7312,0.7424,0.738
0.7272,0.7336,0.7396,0.7436,0.7356,0.7368,0.7396,0.7336,0.7364,0.7372,0.7396,0.7368
0.7352,0.7304,0.7448,0.7492,0.7372,0.7312,0.7456,0.73,0.734,0.7372,0.738,0.7316


B:
71.7999,67.8,70.4001,58.8,68.0001,70.4001,68.7999,74.2,74.4,66.8001,70.6,71.0001
72.8001,70.3999,73.4,67.4,73.4,69.2,67.4,72.3999,70.6,70.7999,74.4,69.2
70.8,60.5999,69.2001,69.8,72.7999,75.8001,61.4001,75.9999,71.9999,68.7999,73.0001,68.4


========================================================
Test11 (ADC Calibration) results 2008-07-17 10:58:43
Board ID158 36 channels
Linux calibration software

Calibration DAC Range: [1000 - 3500]

A:
0.7376,0.7388,0.7484,0.754,0.7376,0.7416,0.7364,0.7368,0.7316,0.7312,0.742,0.738
0.7268,0.7332,0.7392,0.7436,0.7352,0.736,0.7392,0.7336,0.736,0.7372,0.7392,0.7364
0.7416,0.7424,0.7444,0.7496,0.7372,0.7304,0.7364,0.7264,0.7356,0.7484,0.7376,0.7308


B:
70.3999,68.2,63.6001,56,68.3999,69.4001,69.6,74.2,73.4,66.8001,71.0001,71.0001
72.1999,70.7999,72.8,66.4,73.8,70,67.8,71.3999,71,70.7999,74.8,69.6
66.4001,55.6,69.5999,70.4,71.7999,76.5999,69.6,73.5999,69.4,61.6001,73.3999,69.2001


========================================================
Test11 (ADC Calibration) results 2008-07-20 18:37:46
Board ID158 36 channels
Linux calibration software

Calibration DAC Range: [1000 - 3500]

A:
0.7376,0.7388,0.7536,0.7548,0.7376,0.7412,0.7368,0.7368,0.7312,0.7324,0.742,0.7376
0.7272,0.7336,0.7392,0.7432,0.7348,0.736,0.7388,0.7336,0.7368,0.7372,0.7396,0.7364
0.7444,0.7484,0.7444,0.7508,0.7372,0.7308,0.7508,0.7272,0.738,0.7536,0.7372,0.7312


B:
70.3999,69.2,59.4,59.1999,67.3999,70.8001,69.2,74.2,74.8001,64.6,71.0001,72.3999
71.8001,70.3999,72.8,67.8,75.2001,71,69.2,72.3999,70.2,71.7999,73.4,69.6
66.5999,56.6001,69.5999,69.2,71.7999,75.2001,55.2,73.8001,67.0001,61.4,74.7999,68.8001


========================================================
Test11 (ADC Calibration) results 2008-07-24 23:03:59
Board ID158 36 channels
Linux calibration software

Calibration DAC Range: [1000 - 3500]

A:
0.7376,0.7388,0.7516,0.7564,0.7376,0.7416,0.7368,0.7364,0.7312,0.7316,0.7416,0.738
0.7268,0.7332,0.7396,0.7432,0.7352,0.736,0.7388,0.7332,0.736,0.7376,0.7392,0.7364
0.7452,0.7496,0.7444,0.7496,0.7368,0.7312,0.7432,0.7264,0.738,0.7524,0.7372,0.7308


B:
71.3999,69.2,63.3999,59.6,68.3999,70.4001,69.2,75.6,74.8001,66.4,72.4001,71.0001
73.1999,71.7999,73.4,67.8,74.8,71,69.2,72.7999,72,70.3999,74.8,69.6
66.8001,61.4,69.5999,72.4,73.2,74.8001,73.8,74.5999,68.0001,62.6001,74.7999,69.2001


========================================================
Test11 (ADC Calibration) results 2008-08-12 23:20:39
Board ID158 36 channels
Linux calibration software

Calibration DAC Range: [1000 - 3500]

A:
0.7372,0.7388,0.7548,0.7548,0.7408,0.7412,0.7364,0.7364,0.7312,0.7312,0.7416,0.7372
0.726,0.7328,0.7392,0.7428,0.7348,0.7356,0.7392,0.7328,0.736,0.7372,0.7388,0.736
0.7436,0.7476,0.7436,0.75,0.7368,0.7304,0.7392,0.728,0.7372,0.7564,0.7372,0.7288


B:
70.7999,68.2,59.1999,60.1999,65.1999,70.8001,69.6,74.6,74.8001,65.8001,71.4001,72.7999
74,72.2,72.8,68.2,75.2001,70.4,68.8,73.2,72,70.7999,75.2,70
67.4,61.3999,70.4,72,73.2,75.5999,68.8,74.0001,67.7999,61.6,74.7999,79.2


========================================================
Test11 (ADC Calibration) results 2008-08-13 01:14:42
Board ID158 36 channels
Linux calibration software

Calibration DAC Range: [1000 - 3500]

A:
0.7372,0.7388,0.7552,0.7552,0.7408,0.7412,0.7364,0.7364,0.7316,0.7316,0.7412,0.7372
0.7264,0.7328,0.7396,0.7424,0.7348,0.7356,0.7388,0.7328,0.736,0.7372,0.7388,0.7364
0.744,0.7472,0.7436,0.7496,0.7368,0.7304,0.7392,0.728,0.7372,0.7564,0.7368,0.7288


B:
70.7999,68.2,58.7999,58.7999,65.1999,70.8001,69.6,74.6,73.4,65.4,72.8001,72.7999
73.5999,72.2,72.4,69.6,75.2001,70.4,69.2,73.2,72,70.7999,74.2,69.6
65.9999,61.8,70.4,72.4,73.2,75.5999,68.8,74.0001,67.7999,61.6,75.2,79.2


