========================================================

Test10 results 07-26-2006  15:52:40
Board ID149  36 channels
HV Tests Software Ver.1.6.1

+5V 2499 - O'k
-5V 1310 - O'k
Interlock - On

Voltmeter channel: A=1.059322, B=28.601824

A:
Limits 1.1 +/- 0.1
1.064963,1.085187,1.091703,1.081666,1.081666,1.072386,1.090513,1.084599,1.088139,1.089325,1.080497,1.077586
1.071811,1.085187,1.089325,1.091703,1.085776,1.062135,1.078749,1.088139,1.079331,1.081666,1.074691,1.082251
1.079914,1.082251,1.092299,1.086957,1.088732,1.084599,1.081081,1.089918,1.082251,1.086366,1.090513,1.074691


B:
Limits 0.0 +/- 30.0
15.974372,16.277802,10.917028,19.470024,12.98003,13.94114,15.267273,21.692114,15.2339,16.339962,9.724482,19.396673
16.07733,18.448175,8.714689,16.375544,11.943543,33.988426,19.417286,14.145761,16.19001,15.143361,20.419016,14.069302
11.879015,15.151553,13.107401,7.608772,8.709784,19.522917,11.89207,9.809265,11.9048,14.122935,15.267273,13.970869
Channels:
  18
Out of range 0.0 +/- 30.0
========================================================
Test10 (ADC Calibration) results 2008-03-13 11:26:11
Board ID149 36 channels
Linux calibration software

Voltmeter channel: A=1.05375, B=31.9189

A:
1.0617,1.08314,1.09033,1.08065,1.0803,1.07221,1.08893,1.08389,1.08761,1.08817,1.0775,1.07569
1.07207,1.08701,1.08781,1.09451,1.0854,1.06388,1.07708,1.08736,1.07684,1.08052,1.07237,1.08636
1.08006,1.07841,1.09063,1.07891,1.09033,1.08459,1.07835,1.08737,1.08002,1.08501,1.08852,1.07254


B:
13.6397,10.2118,4.1877,13.0966,5.5343,7.21003,7.78797,16.6116,7.3805,8.66082,5.49262,13.1686
9.61714,9.15047,3.29965,7.50113,3.20083,17.1876,12.6483,6.4222,12.9389,8.89643,14.0725,5.69367
5.3629,14.3413,7.44101,7.85941,0.1877,8.6527,9.34063,7.47971,8.13438,6.69218,8.55606,6.30629


