========================================================

Test11 results 07-26-2006  15:54:03
Board ID149  36 channels
HV Tests Software Ver.1.6.1

+5V 2501 - O'k
-5V 1310 - O'k
Interlock - On
Calibration DAC Range: [2500 - 2900]


A:
Limits 0.76 +/- 0.04
0.756144,0.742115,0.736648,0.746269,0.744879,0.75188,0.732601,0.740741,0.738007,0.739372,0.747664,0.747664
0.75188,0.743494,0.739372,0.736648,0.742115,0.757576,0.746269,0.739372,0.746269,0.743494,0.75188,0.744879
0.744879,0.746269,0.739372,0.739372,0.738007,0.740741,0.743494,0.739372,0.743494,0.743494,0.739372,0.750469


B:
Limits 60.0 +/- 30.0
64.561775,63.758144,71.560051,49.802967,60.829514,60.282753,89.498848,65.651855,69.297791,66.480247,59.605518,57.749321
63.418034,54.308205,68.895294,64.507935,68.595299,55.061321,59.026928,64.937057,62.406273,69.976227,49.324879,63.900684
67.849487,57.724968,55.579929,75.994781,75.725807,68.277,72.230667,70.505272,70.132149,58.486187,78.851898,58.708134
========================================================
Test11 (DAC Calibration) results 2008-03-13 11:26:11
Board ID149 36 channels
Linux calibration software
Calibration DAC Range: [1100 - 2700]

A:
0.758438,0.743425,0.738894,0.746269,0.74613,0.751385,0.739098,0.743287,0.740741,0.739987,0.747314,0.748573
0.751103,0.741152,0.740604,0.736445,0.742253,0.756501,0.748363,0.74129,0.748153,0.745226,0.750892,0.741221
0.745921,0.746687,0.738689,0.746338,0.738894,0.742804,0.747105,0.740535,0.745573,0.741771,0.743494,0.751527


B:
67.008,69.761,72.9379,61.1941,67.3567,68.1977,76.9401,62.0739,68.1482,74.9699,72.4428,64.2742
71.7396,66.8335,72.7828,66.768,76.8789,68.8888,62.0206,67.5315,66.3519,72.3335,64.3702,74.743
71.2262,65.8391,67.313,72.2923,75.8935,71.2163,68.2481,75.84,72.8983,75.3176,74.7211,67.5528


========================================================
Test11 (ADC Calibration) results 2008-06-19 12:56:33
Board ID149 36 channels
Linux calibration software

Calibration DAC Range: [1000 - 3500]

A:
0.7468,0.7312,0.7276,0.7332,0.7336,0.736,0.728,0.7292,0.7288,0.7288,0.736,0.736
0.7352,0.7348,0.7276,0.7732,0.7388,0.7504,0.7364,0.73,0.736,0.7316,0.7392,0.7168
0.7384,0.7348,0.7276,0.7404,0.7224,0.7308,0.7312,0.7292,0.7344,0.7288,0.732,0.74


B:
66.2,70.8001,70.4001,61.8,68.3999,68,76.0001,63.8,67.2,74.2,71,66
72.8,58.2001,73.4001,29.8001,69.2,65.6,62.6,66.9999,67,73.4,63.8,74.2001
66.6001,66.2001,67.4001,69.5999,75.6,72.2001,68.8001,75.8,71.6001,75.2,74,67


========================================================
Test11 (ADC Calibration) results 2008-06-19 21:50:54
Board ID149 36 channels
Linux calibration software

Calibration DAC Range: [1000 - 3500]

A:
0.7468,0.7312,0.7272,0.7332,0.7344,0.736,0.728,0.7292,0.7284,0.7288,0.736,0.736
0.7356,0.7356,0.728,0.7608,0.7396,0.7516,0.7368,0.7292,0.736,0.732,0.7392,0.7176
0.7408,0.7344,0.728,0.7408,0.7232,0.7316,0.7316,0.7296,0.7336,0.7288,0.7324,0.74


B:
66.2,70.8001,71.8001,61.8,66.6001,68,77.0001,63.8,68.6,74.2,71,66
71.4,59.4,72.0001,49.2,68.4,65.3999,61.1999,68.8,66,72,64.8,73.4
64.1999,66.6001,66.0001,69.1999,73.7999,70.4,69.4,75.4,74.3999,75.2,72.6,67


========================================================
Test11 (ADC Calibration) results 2008-07-06 17:26:00
Board ID149 36 channels
Linux calibration software

Calibration DAC Range: [1000 - 3500]

A:
0.7468,0.7316,0.7272,0.7336,0.7336,0.736,0.7276,0.73,0.728,0.7288,0.736,0.736
0.7356,0.7388,0.7276,0.7316,0.7396,0.752,0.7364,0.7292,0.736,0.7316,0.7388,0.7192
0.7416,0.7344,0.7268,0.742,0.7508,0.7312,0.7316,0.7292,0.7336,0.7288,0.732,0.7396


B:
66.2,70.4,71.8001,61.3999,68.3999,68,76.4001,61.9999,69.0001,74.2,71,66
72.4,61.2,73.4001,54.4,70.4,66.0001,62.6,68.8,67,73.4,65.2,73.7999
65.4001,66.6001,68.1999,71.0001,62.2,70.8001,69.4,75.8,74.3999,75.2,73,68.4


========================================================
Test11 (ADC Calibration) results 2008-07-17 10:58:43
Board ID149 36 channels
Linux calibration software

Calibration DAC Range: [1000 - 3500]

A:
0.746,0.7312,0.7268,0.7336,0.7328,0.7356,0.7276,0.7296,0.728,0.7284,0.7356,0.736
0.7348,0.7584,0.7272,0.7428,0.7384,0.7544,0.7356,0.7292,0.7356,0.7316,0.7384,0.7216
0.7428,0.7344,0.7268,0.7412,0.7544,0.7308,0.7316,0.7288,0.7332,0.7284,0.732,0.7396


B:
67,69.8001,72.1999,61.3999,69.2,69.4,76.4001,62.4,68.0001,74.6,71.4,65
73.2001,37.5999,73.8001,42.2,69.6001,61.5999,63.4,67.8,66.4,73.4,65.6001,73.4
62.2,65.6001,67.1999,67.8001,65.5999,72.2001,69.4,76.2,73.7999,74.6,73,68.4


