========================================================

Test11 results 01-18-2006  12:47:23
Board ID159  36 channels
HV Tests Software Ver.1.6

+5V 2512 - O'k
-5V 1353 - O'k
Interlock - On
Calibration DAC Range: [2500 - 2900]


A:
Limits 0.76 +/- 0.04
0.749064,0.744879,0.746269,0.750469,0.740741,0.742115,0.747664,0.740741,0.746269,0.742115,0.754717,0.747664
0.744879,0.746269,0.746269,0.742115,0.746269,0.743494,0.742115,0.743494,0.739372,0.744879,0.742115,0.743494
0.739372,0.743494,0.742115,0.746269,0.744879,0.740741,0.738007,0.746269,0.749064,0.746269,0.740741,0.747664


B:
Limits 60.0 +/- 40.0
60.385944,60.29977,58.716831,66.498283,54.461899,56.231365,58.878483,59.891766,64.099037,65.594223,50.459496,63.619099
61.103207,62.574253,64.179207,59.379917,58.949314,56.375141,61.510239,73.280563,62.801979,62.710262,57.840248,65.427406
61.456272,59.305195,57.035805,59.52013,56.428619,63.035213,59.777569,56.535419,65.032661,60.323425,62.175838,57.994648
========================================================
Test11 (DAC Calibration) results 2007-10-25 15:42:56
Board ID159 36 channels
Linux calibration software
Calibration DAC Range: [1100 - 2700]

A:
0.749204,0.745573,0.746617,0.752162,0.739919,0.741084,0.747105,0.741152,0.747245,0.742804,0.752516,0.748223
0.745226,0.746826,0.747245,0.741909,0.745921,0.742666,0.742942,0.74606,0.740329,0.744602,0.740741,0.745434
0.739098,0.743149,0.740809,0.74599,0.743564,0.741771,0.737395,0.744948,0.750821,0.74606,0.741496,0.748013


B:
65.9488,62.7586,60.7093,65.0245,62.19,63.3718,64.3631,64.0171,65.2158,68.245,63.785,66.704
65.6264,64.6002,66.7103,64.2956,65.408,65.0204,63.1502,69.393,64.5754,67.0887,66.6668,63.5482
65.8536,66.2796,66.571,64.5655,65.5544,63.7459,66.9095,65.1178,64.6175,65.8119,66.3546,63.2539


