========================================================

Test10 results 12-26-2005  12:42:13
Board ID124  36 channels
HV Tests Software Ver.1.6

+5V 2506 - O'k
-5V 1297 - O'k
Interlock - On

Voltmeter channel: A=1.06553, B=13.852039

A:
Limits 1.1 +/- 0.1
1.075847,1.084599,1.068947,1.080497,1.076426,1.071811,1.075269,1.077586,1.073537,1.077006,1.072386,1.067806
1.075847,1.066667,1.072961,1.080497,1.070091,1.077006,1.073537,1.075269,1.073537,1.072386,1.079914,1.067236
1.079331,1.074691,1.075269,1.073537,1.080497,1.077006,1.075847,1.075847,1.084011,1.077006,1.075847,1.078167


B:
Limits 0.0 +/- 35.0
8.606635,7.592331,8.551615,10.804978,9.687826,9.646461,12.903049,9.698398,8.588134,7.538823,7.506824,9.610294
8.606635,8.533125,13.948658,11.885475,9.630627,7.538823,11.808746,6.451437,9.661671,16.085913,11.879015,13.874185
7.555364,9.672105,9.677243,9.661671,14.04647,11.846848,8.606635,11.834177,10.840111,9.692835,10.758329,5.390965
========================================================
Test10 (ADC Calibration) results 2007-06-13 09:12:41
Board ID124 36 channels
Linux calibration software

Voltmeter channel: A=1.08114, B=-5.62276

A:
1.08901,1.09616,1.07975,1.09299,1.08921,1.08287,1.07799,1.09012,1.08473,1.08026,1.08292,1.07935
1.08831,1.07995,1.08454,1.09329,1.08312,1.08811,1.07678,1.08625,1.07119,1.0873,1.09395,1.0787
1.09123,1.08589,1.08695,1.0868,1.0938,1.08962,1.09002,1.08877,1.09883,1.09123,1.07477,1.09022


B:
-9.26441,-6.87312,-5.00115,-7.05694,-7.37837,-5.97112,1.84524,-6.32366,-5.68161,6.21958,-5.90442,-6.28494
-6.93261,-7.46174,-2.44477,-6.14218,-6.54475,-5.9692,4.40555,-8.43088,10.8391,-4.22683,-5.36725,-1.53342
-8.61173,-4.88023,-6.18138,-5.62873,-3.18985,-5.88032,-4.19872,-3.84776,-7.34673,-6.93248,2.35196,-10.5118


