========================================================

Test11 results 12-26-2005  12:43:29
Board ID124  36 channels
HV Tests Software Ver.1.6

+5V 2510 - O'k
-5V 1298 - O'k
Interlock - On
Calibration DAC Range: [2500 - 2900]


A:
Limits 0.76 +/- 0.04
0.753296,0.747664,0.757576,0.747664,0.75188,0.754717,0.753296,0.750469,0.756144,0.75188,0.757576,0.761905
0.75188,0.760456,0.754717,0.749064,0.757576,0.75188,0.754717,0.75188,0.756144,0.754717,0.750469,0.759013
0.75188,0.756144,0.753296,0.756144,0.75188,0.75188,0.754717,0.75188,0.747664,0.750469,0.757576,0.75188


B:
Limits 60.0 +/- 40.0
66.539619,67.388451,72.149132,78.277397,73.969498,75.27137,70.073265,73.610695,63.750805,72.348991,63.759754,57.618809
76.103249,63.506306,71.328819,70.654114,67.713539,71.345993,67.481903,80.046944,61.927086,65.762413,61.921627,72.715874
67.77108,62.227627,68.256233,64.66423,56.675529,68.392624,62.10178,74.485497,67.474236,78.365807,71.825829,69.108162
========================================================
Test11 (DAC Calibration) results 2007-06-13 09:12:41
Board ID124 36 channels
Linux calibration software
Calibration DAC Range: [1100 - 2700]

A:
0.743534,0.738684,0.749529,0.740452,0.743396,0.747369,0.750754,0.742401,0.746467,0.74918,0.747717,0.749809
0.743637,0.749774,0.745844,0.740248,0.747578,0.743774,0.751983,0.745049,0.755907,0.745084,0.740555,0.749879
0.742024,0.745671,0.744946,0.74467,0.740282,0.743121,0.742847,0.74295,0.73689,0.741648,0.756832,0.743087


B:
80.9773,83.2147,84.0215,87.9263,86.8615,86.3545,81.3157,84.9678,82.3787,74.8043,84.1718,84.9857
86.2377,81.3029,88.2746,86.4385,83.8402,83.9036,77.254,88.9823,69.1344,79.1495,76.734,89.2186
86.1473,84.2058,81.9326,85.274,80.499,83.3169,82.0665,87.6918,85.1708,87.8424,82.2564,84.6211


========================================================
Test11 (DAC Calibration) results 2007-07-12 14:12:29
Board ID124 36 channels
Linux calibration software
Calibration DAC Range: [1100 - 2700]

A:
0.751456,0.747314,0.757791,0.748013,0.751385,0.755786,0.758725,0.751033,0.754788,0.757863,0.756072,0.758869
0.751809,0.757504,0.754006,0.748783,0.755501,0.752445,0.760963,0.753579,0.764672,0.752445,0.749274,0.758294
0.750469,0.754006,0.753296,0.753154,0.747384,0.751244,0.750821,0.750821,0.746338,0.748503,0.761687,0.752233


B:
71.407,72.7417,73.193,77.7653,75.4108,75.9093,69.4992,74.0893,72.1295,64.6077,74.01,73.5534
75.4346,71.3095,79.0763,75.5148,73.8786,73.3633,65.8518,78.1462,58.8224,68.6982,66.1514,78.8813
75.6098,73.7982,71.7514,76.0119,71.45,73.0491,71.6751,77.3814,75.1284,78.1438,73.8552,73.2016


========================================================
Test11 (DAC Calibration) results 2007-07-12 15:51:09
Board ID124 36 channels
Linux calibration software
Calibration DAC Range: [1100 - 2700]

A:
0.751174,0.747245,0.757648,0.748013,0.751385,0.755715,0.761615,0.750892,0.754646,0.757791,0.756001,0.758797
0.75188,0.757648,0.754503,0.748713,0.755644,0.752304,0.760818,0.753225,0.764599,0.752445,0.749274,0.758294
0.750539,0.754006,0.753296,0.753225,0.747733,0.751385,0.751033,0.750821,0.746547,0.748643,0.761035,0.752162


B:
72.0939,72.6882,73.5391,78.2142,75.4108,75.8549,66.4889,74.8827,72.6254,64.706,74.1068,73.4989
75.188,71.1146,77.4969,75.7605,73.3824,73.7071,66.2006,78.7777,59.075,68.6982,66.1514,78.8813
75.3636,73.7982,71.7514,75.9159,70.6701,72.8562,71.3855,77.3814,74.3934,78.1022,75.1902,73.4487


