========================================================

Test10 results 12-21-2006  16:40:08
Board ID161  36 channels
HV Tests Software Ver.1.6.8

+5V 2911 - O'k
-5V 1328 - O'k
Interlock - On
Number of Samples: 400

Voltmeter channel: A=1.066667, B=15.999792

A:
Limits 1.1 +/- 0.1
1.083424,1.094691,1.091703,1.081666,1.087548,1.076426,1.077006,1.089325,1.083424,1.082837,1.072386,1.088732
1.088139,1.077006,1.082837,1.075269,1.091107,1.075847,1.098901,1.091107,1.089325,1.085776,1.084599,1.081666
1.080497,1.072386,1.077006,1.086957,1.078167,1.078167,1.076426,1.072961,1.074691,1.085776,1.067236,1.084011


B:
Limits 0.0 +/- 30.0
7.583981,12.041416,5.458513,4.326704,6.525431,10.764252,6.461817,13.071987,7.583981,14.077056,17.158298,6.53232
8.705064,20.462894,10.828545,3.22563,8.72881,5.379094,7.692112,15.275455,13.071987,8.686214,14.099923,8.653366
7.563487,12.868753,8.615829,5.434859,10.781801,4.312799,1.076416,16.09458,12.896177,10.857767,28.815487,4.336046
========================================================
Test10 (ADC Calibration) results 2008-04-03 16:10:02
Board ID161 36 channels
Linux calibration software

Voltmeter channel: A=1.06434, B=13.3859

A:
1.08069,1.09208,1.08946,1.07944,1.08448,1.075,1.07524,1.08704,1.08048,1.0806,1.07067,1.08577
1.08613,1.07937,1.08014,1.07211,1.0888,1.07194,1.09672,1.08896,1.08729,1.0827,1.08216,1.07933
1.07716,1.0711,1.07514,1.08518,1.07619,1.07622,1.07407,1.07161,1.07188,1.08409,1.06525,1.08171


B:
1.40284,6.90235,-0.909197,-1.80114,2.7776,3.54994,-0.205658,7.25016,4.14128,7.79339,9.32881,3.04046
3.29526,8.79722,5.0603,-0.0881124,4.15929,4.42087,1.3892,9.73619,6.18735,5.22283,9.24951,2.36915
4.472,5.12853,3.04788,-1.35088,5.32986,-0.566753,-3.40504,9.26933,8.70286,5.49168,14.132,-3.61192


========================================================
Test10 (ADC Calibration) results 2008-06-15 14:42:32
Board ID161 36 channels
Linux calibration software

Voltmeter channel: A=1.06381, B=14.3193

A:
1.08133,1.09233,1.08981,1.08018,1.08522,1.0749,1.07528,1.08674,1.08158,1.08075,1.06633,1.08527
1.08628,1.07702,1.08014,1.07309,1.08915,1.07272,1.09748,1.0892,1.08743,1.07138,1.0825,1.07968
1.07794,1.07104,1.07548,1.08573,1.07643,1.07602,1.07386,1.07164,1.07265,1.08407,1.06478,1.08206


B:
2.05773,7.27815,-0.864624,-2.07129,2.30943,4.35291,0.021304,9.40996,1.74706,8.69491,15.0312,4.37249
3.99734,11.9586,6.82068,-1.26831,3.11343,2.82982,1.52138,10.1094,7.08878,10.779,9.89339,3.49128
4.1483,5.48247,2.08815,-0.961012,5.69829,0.36736,-2.47288,9.29472,7.51159,4.79628,12.7974,-2.56542


========================================================
Test10 (ADC Calibration) results 2008-06-19 12:08:44
Board ID161 36 channels
Linux calibration software

Voltmeter channel: A=1.07, B=0

A:
1.099,1.10994,1.10751,1.09726,1.10296,1.09243,1.0927,1.105,1.09845,1.09817,1.08272,1.10426
1.10389,1.09225,1.09808,1.08998,1.10583,1.09071,1.1153,1.10667,1.10481,1.08899,1.10028,1.09698
1.09534,1.08782,1.09206,1.10241,1.09379,1.09333,1.09107,1.08908,1.08971,1.10111,1.08067,1.10001


B:
1.04312,6.72879,-1.92165,-2.6203,0.703401,2.94235,-0.587512,6.56795,2.86834,7.95307,13.6529,0.397469
2.28242,12.5034,5.18192,-1.3378,4.92218,1.26167,0.0819636,8.80634,6.95763,7.20858,7.78027,2.24107
2.87989,6.33213,4.15141,-0.110311,4.52665,-0.958398,-3.00171,6.03616,7.63177,4.1601,12.948,-2.74808


========================================================
Test10 (ADC Calibration) results 2008-07-17 09:50:45
Board ID161 36 channels
Linux calibration software

Voltmeter channel: A=1.07, B=0

A:
1.09957,1.11048,1.10814,1.09776,1.10389,1.09283,1.09349,1.10582,1.09919,1.0991,1.0819,1.10476
1.10428,1.0917,1.099,1.09076,1.10659,1.09123,1.11626,1.10766,1.10543,1.08963,1.1012,1.09757
1.09605,1.08823,1.09293,1.10312,1.09406,1.09387,1.09198,1.08982,1.09095,1.1013,1.08144,1.10053


B:
0.951656,6.01923,-2.94599,-2.4296,-0.150687,3.00436,-1.32445,6.04055,1.74329,7.54611,12.0249,0.157921
2.14622,12.7834,4.11685,-2.27961,3.78692,0.556336,-1.23094,7.91071,6.61368,6.39666,7.16277,2.13641
1.78394,6.17198,2.91697,-0.988357,4.27586,-1.23745,-4.29242,5.56957,5.40023,4.65311,11.1546,-2.78977


========================================================
Test10 (ADC Calibration) results 2008-07-19 11:33:18
Board ID161 36 channels
Linux calibration software

Voltmeter channel: A=1.07, B=0

A:
1.0991,1.11048,1.10795,1.09738,1.10341,1.09246,1.09321,1.10543,1.0991,1.09862,1.08107,1.10476
1.10389,1.09302,1.09852,1.09048,1.10698,1.09076,1.11596,1.10737,1.10534,1.08973,1.10072,1.09738
1.09567,1.08841,1.09255,1.10283,1.09387,1.09434,1.0917,1.08954,1.09095,1.10091,1.08042,1.10034


B:
1.17118,6.24165,-2.54672,-2.29692,0.511513,3.35325,-1.28036,5.95031,1.83086,7.54319,11.9295,0.157921
2.2777,10.6997,4.77425,-2.01739,2.9909,0.992671,-1.18558,8.17438,6.25936,6.09246,7.60045,1.65338
2.79153,5.56314,3.2661,-0.502685,4.66935,-2.33288,-4.24741,5.176,5.1821,4.34327,9.93482,-3.05309


========================================================
Test10 (ADC Calibration) results 2008-07-19 17:28:33
Board ID161 36 channels
Linux calibration software

Voltmeter channel: A=1.07, B=0

A:
1.09929,1.11048,1.10824,1.09767,1.10341,1.09246,1.09312,1.10524,1.09938,1.099,1.08033,1.10456
1.10379,1.09397,1.09862,1.09057,1.10659,1.09104,1.11576,1.10737,1.10505,1.08963,1.10101,1.09729
1.09596,1.0886,1.09293,1.10283,1.09368,1.09406,1.09142,1.08935,1.09048,1.10091,1.08033,1.10034


B:
0.775783,6.01923,-3.03499,-2.56124,0.511513,3.35325,-1.41131,6.78929,0.687834,6.5346,12.8293,0.334925
2.58712,10.0519,4.467,-2.1048,4.00819,0.949019,-0.560714,7.95296,6.74383,6.17879,6.67743,1.96084
1.87108,5.17196,2.47952,-0.723197,5.06241,-1.85098,-3.54738,5.34942,6.27035,4.34327,11.1006,-3.05309


