========================================================

Test10 results 12-16-2005  12:33:11
Board ID127  36 channels
HV Tests Software Ver.1.6

+5V 3046 - O'k
-5V 1358 - O'k
Interlock - On

Voltmeter channel: A=1.082251, B=14.069302

A:
Limits 1.1 +/- 0.1
1.074114,1.068947,1.077586,1.081081,1.070664,1.068376,1.077006,1.073537,1.086366,1.078167,1.066667,1.081666
1.078749,1.078167,1.072386,1.071811,1.070091,1.074691,1.081081,1.073537,1.075847,1.081081,1.081081,1.067236
1.075269,1.087548,1.082251,1.086957,1.072961,1.074691,1.082251,1.078749,1.076426,1.071237,1.087548,1.081081


B:
Limits 0.0 +/- 35.0
19.334087,7.482668,7.543225,6.486665,11.777308,13.888905,10.769841,7.514596,11.950203,8.625466,13.866459,15.143361
17.259789,15.094469,12.868753,11.790084,16.051172,15.04556,10.810989,11.808746,23.668497,8.648827,5.405584,16.008656
11.827781,17.400906,11.9048,11.956598,13.948658,18.269632,9.740297,4.314804,7.534973,11.783437,16.313358,7.567746
========================================================
Test10 (ADC Calibration) results 2008-01-23 06:00:08
Board ID127 36 channels
Linux calibration software

Voltmeter channel: A=1.08041, B=13.4121

A:
1.0742,1.06874,1.07723,1.08036,1.07001,1.06824,1.07657,1.07332,1.08665,1.07791,1.06603,1.08159
1.07882,1.07926,1.07223,1.07108,1.07055,1.0742,1.07972,1.07402,1.07627,1.08028,1.07968,1.0677
1.0753,1.08926,1.08164,1.08739,1.07329,1.07579,1.08153,1.07879,1.07524,1.07179,1.09045,1.08082


B:
13.6344,3.53708,4.75743,5.65502,10.1173,11.2448,7.68674,4.20387,6.48565,7.12752,11.352,11.0808
13.8801,10.3552,9.82952,9.64328,12.2765,11.3603,10.5611,6.87347,18.1497,7.9191,5.53296,11.0078
8.38867,9.05852,10.6863,8.35003,10.6182,12.0169,9.91296,1.43451,5.91649,7.68182,7.29234,3.30369


========================================================
Test10 (ADC Calibration) results 2008-06-19 12:08:44
Board ID127 36 channels
Linux calibration software

Voltmeter channel: A=1.07, B=0

A:
1.0912,1.08624,1.09465,1.09711,1.08741,1.08534,1.09392,1.09092,1.103,1.09611,1.08346,1.09959
1.09538,1.09574,1.08912,1.08831,1.08732,1.09047,1.09656,1.09056,1.09383,1.0984,1.0973,1.08436
1.09174,1.10606,1.09821,1.10393,1.08975,1.09056,1.09858,1.09538,1.08903,1.08912,1.10217,1.09794


B:
14.3019,2.75366,2.61089,4.94692,7.75939,9.01267,6.12616,2.98611,7.48788,5.86965,8.7961,8.61351
13.3305,11.4643,9.66559,8.67035,12.6264,11.4732,9.83671,5.71959,16.0537,4.20985,3.68198,11.2226
9.00165,9.34774,11.407,9.07423,10.3926,13.572,8.43604,1.93869,8.22392,5.74506,11.3311,3.75192


========================================================
Test10 (ADC Calibration) results 2008-07-17 09:50:45
Board ID127 36 channels
Linux calibration software

Voltmeter channel: A=1.07, B=0

A:
1.09231,1.08658,1.09524,1.0978,1.08668,1.08612,1.09448,1.09165,1.10365,1.09695,1.08425,1.10029
1.09628,1.09619,1.08939,1.08873,1.08584,1.09033,1.09742,1.09127,1.0941,1.09866,1.0978,1.08453
1.09231,1.10645,1.09847,1.10403,1.09052,1.09071,1.09981,1.09609,1.08808,1.0892,1.10297,1.09828


B:
13.0692,3.30257,2.28573,4.09403,8.21477,8.51424,6.04871,3.19219,7.34338,5.31832,8.49805,8.19819
12.7253,11.7155,10.2861,8.49384,13.7676,12.0405,9.05253,5.06748,16.4618,4.84478,4.09403,11.7105
9.13667,9.44513,11.8303,10.0848,9.90504,14.0953,7.97428,1.49904,9.31514,6.75521,10.1618,3.6568


========================================================
Test10 (ADC Calibration) results 2008-07-19 11:33:18
Board ID127 36 channels
Linux calibration software

Voltmeter channel: A=1.07, B=0

A:
1.09174,1.08677,1.09533,1.09752,1.08546,1.08574,1.0942,1.09155,1.10326,1.09704,1.08379,1.10029
1.09638,1.09657,1.08958,1.08864,1.085,1.09005,1.09704,1.09099,1.09391,1.09847,1.09742,1.08453
1.09221,1.10625,1.09809,1.10403,1.09024,1.09005,1.09933,1.09581,1.08714,1.0892,1.10259,1.09838


B:
14.0223,2.69516,1.97953,4.57536,9.11641,9.07547,6.30909,2.6241,7.69394,4.79235,9.3612,8.19819
12.2004,10.273,9.67798,8.36212,14.103,11.2087,9.61923,4.67341,16.8526,5.0194,4.44352,11.2769
8.78613,8.95604,12.8359,9.64301,10.3819,13.8247,8.19049,1.54238,9.52342,5.8838,9.84947,3.34926


========================================================
Test10 (ADC Calibration) results 2008-07-19 17:28:33
Board ID127 36 channels
Linux calibration software

Voltmeter channel: A=1.07, B=0

A:
1.09155,1.08649,1.09524,1.09742,1.08463,1.08602,1.09439,1.09155,1.10355,1.09676,1.08379,1.09981
1.096,1.09647,1.08939,1.08883,1.08463,1.08948,1.09723,1.0908,1.0941,1.09876,1.09742,1.08435
1.09231,1.10645,1.09819,1.10403,1.09024,1.08967,1.09904,1.096,1.08714,1.08939,1.1022,1.09857


B:
14.1947,2.95473,2.06674,4.88226,10.3237,8.38326,6.13559,3.06049,7.21047,5.4927,9.14411,9.294
12.985,10.7982,9.85046,7.97212,14.8791,12.5971,9.00679,5.06478,16.6805,4.31814,4.66283,11.8822
8.69998,8.78105,12.5299,9.64301,9.94607,14.604,8.45179,1.36729,9.74079,5.71072,10.6392,2.9546


