========================================================

Test11 results 12-16-2005  12:34:32
Board ID127  36 channels
HV Tests Software Ver.1.6

+5V 3046 - O'k
-5V 1358 - O'k
Interlock - On
Calibration DAC Range: [2500 - 2900]


A:
Limits 0.76 +/- 0.04
0.747664,0.750469,0.742115,0.743494,0.747664,0.750469,0.744879,0.749064,0.738007,0.744879,0.753296,0.743494
0.743494,0.744879,0.75188,0.749064,0.75188,0.747664,0.743494,0.747664,0.746269,0.743494,0.743494,0.75188
0.747664,0.738007,0.743494,0.739372,0.749064,0.747664,0.742115,0.747664,0.747664,0.750469,0.735294,0.743494


B:
Limits 60.0 +/- 40.0
51.413895,64.983971,71.561584,58.502342,67.844055,58.652069,62.404015,59.029179,60.27594,58.543594,52.165207,49.133331
59.089733,54.747368,43.179508,55.484844,46.960567,50.035206,56.093609,65.058937,50.610634,57.17981,59.377254,60.279266
56.387608,51.62093,49.938,52.615944,53.316837,54.937,56.629055,51.144108,50.110775,54.086411,74.038391,60.180653
========================================================
Test11 (DAC Calibration) results 2008-01-23 06:00:08
Board ID127 36 channels
Linux calibration software
Calibration DAC Range: [1100 - 2700]

A:
0.747733,0.751174,0.744879,0.74384,0.749906,0.751527,0.745712,0.747594,0.739167,0.745156,0.753083,0.742253
0.744532,0.744602,0.749485,0.749906,0.749906,0.747733,0.743909,0.747105,0.745921,0.743149,0.743564,0.751527
0.746965,0.737395,0.74184,0.73903,0.748363,0.745504,0.742666,0.745295,0.747384,0.749415,0.737327,0.743149


B:
55.2669,66.5351,65.3632,62.343,64.5294,59.1358,63.4602,68.1712,61.471,60.954,57.4322,59.3617
59.1438,59.6427,55.9678,58.2303,58.3802,56.1642,60.0149,70.1906,56.457,63.307,63.4724,65.4485
63.2119,57.1759,60.9791,57.9677,59.9251,66.8809,57.2967,62.549,56.5023,61.3115,67.8893,67.0227


