========================================================

Test11 results 11-23-2004  12:29:45
Board ID257  30 channels
HV Tests Software Ver.1.4

+5V 2513 - O'k
-5V 1326 - O'k
Interlock - On
Calibration DAC Range: [2500 - 2900]


A:
0.750469,0.753296,0.749064,0.753296,0.754717,0.744879,0.75188,0.749064,0.754717,0.756144
0.766284,0.754717,0.773694,0.75188,0.756144,0.75188,0.753296,0.773694,0.750469,0.753296
0.750469,0.750469,0.75188,0.750469,0.75188,0.747664,0.754717,0.75188,0.749064,0.75188


B:
62.112362,62.209087,48.436951,64.633942,50.649281,66.713074,55.159103,52.098877,58.712555,52.101833
45.472313,53.430824,46.951481,62.260475,62.037666,49.105885,60.779369,35.994713,53.560753,51.689613
62.200672,46.434776,53.800911,56.845703,59.925171,47.937149,60.711006,67.543274,65.901329,52.817371
========================================================

Test11 results 01-12-2005  10:35:30
Board ID257  30 channels
HV Tests Software Ver.1.6

+5V 2516 - O'k
-5V 1326 - O'k
Interlock - On
Calibration DAC Range: [2500 - 2900]


A:
Limits 0.76 +/- 0.03
0.753296,0.753296,0.746269,0.754717,0.753296,0.746269,0.750469,0.750469,0.746269,0.756144
0.757576,0.754717,0.75188,0.753296,0.757576,0.749064,0.754717,0.757576,0.750469,0.75188
0.750469,0.749064,0.75188,0.750469,0.75188,0.749064,0.753296,0.756144,0.75188,0.757576


B:
Limits 70.0 +/- 30.0
51.33485,61.400986,56.647652,56.760532,54.306286,59.808361,59.601879,45.863678,62.156849,51.38575
48.952072,57.475266,58.396629,56.015362,55.242207,58.249756,55.515877,54.530869,52.024635,56.056549
61.392307,51.778477,53.714085,56.031654,59.026623,41.709457,63.730759,51.38575,55.334408,46.898148
========================================================
Test11 (DAC Calibration) results 2008-04-23 10:00:31
Board ID257 30 channels
Linux calibration software
Calibration DAC Range: [1100 - 2700]

A:
0.75188,0.754219,0.74606,0.754361,0.753721,0.744948,0.752233,0.748573,0.746896,0.755786
0.756001,0.755858,0.752587,0.753083,0.757432,0.750469,0.754006,0.757361,0.750117,0.752021
0.752587,0.748573,0.750892,0.749836,0.752587,0.747664,0.755786,0.754788,0.751809,0.755358


B:
57.8948,61.4405,61.6339,61.3955,56.2465,65.1178,55.9003,55.8903,63.757,56.2589
57.7771,57.672,59.9247,60.5951,60.8028,56.0976,61.7342,59.0837,55.8369,59.6542
58.4196,55.7406,58.5132,61.4772,60.6773,50.2804,60.1889,59.4488,59.4963,60.0226


========================================================
Test11 (ADC Calibration) results 2008-06-19 12:56:33
Board ID257 30 channels
Linux calibration software

Calibration DAC Range: [1000 - 3500]

A:
0.7404,0.7428,0.734,0.742,0.7416,0.7324,0.74,0.7364,0.7348,0.744
0.744,0.7532,0.7408,0.7412,0.7456,0.738,0.742,0.7456,0.738,0.7396
0.7572,0.7376,0.7392,0.738,0.7404,0.736,0.7436,0.7428,0.7396,0.7432


B:
58.5999,61.2,62.9999,63.0001,57.4001,66.6,58,57.6,65.2001,56.9999
58.9999,48.8,61.1999,62.8001,61.4001,59.0001,63.0001,59.4001,58.0001,61.4
55.8,56.3999,58.8,62.0001,61.5999,51,62.4,61.2,61.4,60.8


