========================================================

Test15 results 08-29-2005  16:06:55
Board ID041  8 channels
HV Tests Software Ver.1.6


A:
Limits 1.45 +/- 2.0
1.412429,1.433692,1.420455,1.427552,1.417434,1.426534,1.427552,1.416431


B:
Limits 0.0 +/- 160.0
-8.474446,-11.469488,1.420577,-11.420407,17.009184,11.412111,-7.137752,11.331451
<<<<<<< T15_M041.log
========================================================
Test15 (Master ADC Calibration) results 2008-08-29 04:45:54
Board ID41 7 channels
Linux calibration software


A:
1.40521,1.41388,1.41534,1.40737,1.42119,1.40163,1.42266,1.40953

B:
10.7307,-3.85612,5.01807,-0.639703,20.8011,25.8664,-2.97455,17.555

========================================================
Test15 (Master ADC Calibration) results 2008-08-29 04:50:50
Board ID41 7 channels
Linux calibration software


A:
1.43753,1.44661,1.44889,1.43979,1.45503,1.43453,1.4558,1.44206

B:
-6.27285,-21.3044,-12.7765,-17.932,1.85172,8.73763,-20.5135,0.655484

=======
========================================================
Test15 (Master ADC Calibration) results 2008-09-03 09:42:02
Board ID41 7 channels
Linux calibration software


A:
1.4002,1.41534,1.42783,1.40881,1.42266,1.40306,1.41826,1.40521

B:
7.2555,-7.71996,1.94693,-5.89133,15.52,19.2601,-6.96247,12.136

>>>>>>> 1.2
