========================================================

Test16 results 08-29-2005  16:13:09
Board ID041  8 channels
HV Tests Software Ver.1.6
Calibration DAC Range: [1000 - 2300]


A:
Limits 0.57 +/- 0.1
0.566202,0.562771,0.563747,0.562771,0.563991,0.562284,0.560828,0.565956


B:
Limits 50.0 +/- 60.0
53.585133,48.917816,53.02079,48.917816,48.838055,51.667088,56.686687,51.408741
========================================================
Test16 (Master DAC Calibration) results 2008-09-03 09:42:02
Board ID41 7 channels
Linux calibration software
Calibration DAC Range: [1000 - 2200]

A:
0.569826,0.565236,0.562315,0.567325,0.561728,0.569954,0.566641,0.569157

B:
48.7909,46.9235,45.2319,48.2338,47.169,36.1237,42.1451,48.3848

