========================================================

Test10 results 09-29-2006  20:58:59
Board ID407  30 channels
HV Tests Software Ver.1.6.8

+5V 2507 - O'k
-5V 1306 - O'k
Interlock - On
Number of Samples: 400

Voltmeter channel: A=1.075269, B=10.752512

A:
Limits 1.1 +/- 0.1
1.072386,1.073537,1.072961,1.086366,1.079331,1.074114,1.068376,1.077006,1.079914,1.071811
1.080497,1.079331,1.072386,1.084599,1.077586,1.078749,1.071811,1.078749,1.075847,1.082837
1.088139,1.075269,1.082837,1.077586,1.074691,1.081081,1.072961,1.070664,1.079331,1.066098


B:
Limits 0.0 +/- 30.0
6.434438,12.882283,4.292006,9.777472,6.476033,12.889404,11.752151,8.615829,11.879015,9.646461
11.885475,10.793356,8.57921,6.507732,8.620811,7.55105,4.287405,12.944794,6.454941,8.662871
5.440646,5.376168,0.000175,9.698398,9.672105,8.648827,6.437928,12.847973,9.714025,8.528736
========================================================

Test10 results 09-29-2006  21:28:19
Board ID407  30 channels
HV Tests Software Ver.1.6.8

+5V 2505 - O'k
-5V 1304 - O'k
Interlock - On
Number of Samples: 400

Voltmeter channel: A=1.075269, B=10.752512

A:
Limits 1.1 +/- 0.1
1.072961,1.073537,1.072961,1.085776,1.079331,1.074114,1.068947,1.077006,1.080497,1.071811
1.081081,1.079914,1.072386,1.084599,1.077586,1.078749,1.071237,1.079331,1.076426,1.083424
1.088139,1.075269,1.082837,1.078167,1.072386,1.081666,1.072961,1.070664,1.079331,1.066667


B:
Limits 0.0 +/- 30.0
5.364967,12.882283,4.292006,11.943543,7.555364,13.963518,10.689509,9.692835,10.804978,9.646461
10.810989,9.719189,9.651596,7.592331,9.698398,8.629799,6.42725,11.872686,5.382121,7.583981
5.440646,6.451437,0.000175,8.625466,7.506824,7.571701,6.437928,12.847973,9.714025,7.466458
