========================================================

Test11 results 09-29-2006  21:01:45
Board ID407  30 channels
HV Tests Software Ver.1.6.8

+5V 2509 - O'k
-5V 1305 - O'k
Interlock - On
Calibration DAC Range: [2500 - 2900]
Number of Samples: 400

A:
Limits 0.76 +/- 0.04
0.747664,0.747664,0.747664,0.740741,0.743494,0.744879,0.750469,0.744879,0.743494,0.747664
0.740741,0.743494,0.749064,0.739372,0.744879,0.743494,0.747664,0.743494,0.746269,0.739372
0.738007,0.746269,0.740741,0.749064,0.746269,0.740741,0.747664,0.750469,0.743494,0.75188


B:
Limits 60.0 +/- 30.0
60.8829,53.821896,60.96431,49.636234,60.035801,64.499535,56.961864,58.469398,54.487728,63.288345
66.696777,58.430824,51.629066,60.396313,56.938358,58.359489,64.808495,51.141094,58.6394,66.609848
56.383022,59.364532,67.779678,58.723957,55.277,66.766769,60.162067,49.181976,55.220875,62.506268
========================================================

Test11 results 09-29-2006  21:31:24
Board ID407  30 channels
HV Tests Software Ver.1.6.8

+5V 2507 - O'k
-5V 1306 - O'k
Interlock - On
Calibration DAC Range: [2500 - 2900]
Number of Samples: 400

A:
Limits 0.76 +/- 0.04
0.747664,0.747664,0.747664,0.740741,0.743494,0.744879,0.750469,0.744879,0.743494,0.749064
0.740741,0.743494,0.749064,0.739372,0.744879,0.743494,0.747664,0.743494,0.744879,0.739372
0.738007,0.746269,0.740741,0.749064,0.747664,0.740741,0.747664,0.749064,0.743494,0.75188


B:
Limits 60.0 +/- 30.0
60.162067,53.019108,60.242931,49.636234,59.233311,63.699371,56.961864,57.667053,53.684875,57.893513
65.965988,57.69931,51.549881,59.594307,56.135651,57.557365,64.007172,50.406132,63.205814,65.875893
56.383022,58.562149,67.779678,57.999947,56.953102,65.965988,60.162067,54.520531,55.220875,62.506268
========================================================
Test11 (DAC Calibration) results 2008-04-28 10:46:01
Board ID407 30 channels
Linux calibration software
Calibration DAC Range: [1100 - 2700]

A:
0.748363,0.747035,0.748013,0.739098,0.743771,0.746965,0.751244,0.74474,0.742735,0.748923
0.742528,0.743149,0.748713,0.740261,0.745157,0.744532,0.748994,0.743978,0.745712,0.740604
0.738348,0.745921,0.740741,0.748363,0.748573,0.741633,0.747733,0.750117,0.744117,0.751597


B:
69.5042,67.5973,71.482,66.4447,70.6209,67.6937,66.2879,69.5772,67.7466,70.2302
72.1923,71.4816,64.5298,68.3723,68.1071,65.8446,72.5305,59.9182,71.6631,72.3383
67.1989,69.8836,78.3705,72.4977,66.9692,75.0626,71.1188,61.6879,64.9335,74.6713


