========================================================

Test10 results 03-29-2006  13:16:47
Board ID438  30 channels
HV Tests Software Ver.1.6

+5V 2505 - O'k
-5V 1306 - O'k
Interlock - On

Voltmeter channel: A=1.079914, B=6.479447

A:
Limits 1.1 +/- 0.1
1.072386,1.075847,1.084599,1.081081,1.079914,1.066667,1.055409,1.078749,1.073537,1.077586
1.077586,1.075847,1.077586,1.080497,1.067806,1.076426,1.077006,1.078749,1.083424,1.079331
1.078749,1.082837,1.079331,1.087548,1.074691,1.055966,1.075847,1.082251,1.077586,1.050972


B:
Limits 0.0 +/- 35.0
2.144894,8.606635,8.676929,4.324503,4.31962,22.399792,9.498743,4.314804,6.441059,1.077708
6.465639,4.303246,7.543225,3.241499,6.406877,6.458547,5.384811,4.314804,7.583981,8.634694
4.314804,6.497197,6.476033,4.350336,4.298649,2.111747,5.379094,3.246791,3.232881,8.407948
========================================================
Test10 (ADC Calibration) results 2008-06-05 03:34:56
Board ID438 30 channels
Linux calibration software

Voltmeter channel: A=1.0758, B=-1148.49

A:
1.072,1.0763,1.08415,1.08163,1.07928,1.06979,1.0578,1.07948,1.07374,1.0764
1.07881,1.07589,1.07881,1.08072,1.0664,1.07771,1.0767,1.07821,1.08515,1.07972
1.07901,1.08374,1.08157,1.08741,1.07374,1.05576,1.07569,1.08213,1.07805,1.05206


B:
-1.07726,3.79893,7.62837,0.802654,4.00268,14.0196,2.09896,0.826046,3.45194,2.74718
3.0717,2.38795,2.99289,2.03738,6.47488,3.08152,4.28596,3.36255,3.42936,4.43914
2.13674,1.90988,1.27855,2.54492,3.19952,0.158392,3.24428,2.16139,0.490944,2.32206


