========================================================

Test11 results 03-29-2006  13:18:26
Board ID438  30 channels
HV Tests Software Ver.1.6

+5V 2505 - O'k
-5V 1306 - O'k
Interlock - On
Calibration DAC Range: [2500 - 2900]


A:
Limits 0.76 +/- 0.04
0.753296,0.749064,0.744879,0.746269,0.746269,0.757576,0.761905,0.75188,0.75188,0.749064
0.750469,0.750469,0.750469,0.746269,0.759013,0.750469,0.750469,0.749064,0.746269,0.747664
0.750469,0.744879,0.747664,0.747664,0.754717,0.766284,0.746269,0.746269,0.747664,0.766284


B:
Limits 60.0 +/- 40.0
63.63586,65.72686,58.484489,66.59948,68.687424,46.478115,69.722977,51.454777,62.885696,68.321518
59.688725,65.163704,57.522701,68.770325,52.486389,61.304359,59.775757,62.038052,56.494061,61.946712
56.7136,64.862518,64.36895,59.772903,53.082577,59.815063,77.996109,63.452797,69.674515,67.170898
========================================================
Test11 (DAC Calibration) results 2008-06-05 03:34:56
Board ID438 30 channels
Linux calibration software
Calibration DAC Range: [1100 - 2700]

A:
0.751527,0.748153,0.742735,0.744463,0.745712,0.753083,0.761615,0.745573,0.749555,0.748083
0.746408,0.748433,0.746408,0.745087,0.754717,0.747175,0.747873,0.746826,0.742046,0.745782
0.746269,0.743011,0.744879,0.744255,0.749555,0.762704,0.748573,0.744117,0.747314,0.76577


B:
72.8135,71.2896,66.8554,73.5342,71.6631,62.2519,71.2109,74.8369,72.0604,72.8821
72.6443,73.15,71.8979,73.419,70.566,72.6346,70.9265,71.6205,70.7818,70.8212
72.5374,72.7129,72.663,73.5232,73.8593,74.0109,72.5085,72.5234,72.4428,72.6427


