========================================================

Test10 results 07-16-2006  19:33:20
Board ID085  36 channels
HV Tests Software Ver.1.6.1

+5V 2502 - O'k
-5V 1317 - O'k
Interlock - On

Voltmeter channel: A=1.075847, B=7.530788

A:
Limits 1.1 +/- 0.1
1.078167,1.077006,1.076426,1.081666,1.077586,1.083424,1.072961,1.074114,1.068947,1.089325,1.084599,1.072961
1.086366,1.077586,1.079331,1.080497,1.088139,1.081666,1.086366,1.081666,1.083424,1.078749,1.077006,1.076426
1.084599,1.079914,1.064396,1.085776,1.077006,1.077586,1.066098,1.078749,1.076426,1.071811,1.080497,1.073537


B:
Limits 0.0 +/- 30.0
10.781801,9.692835,9.687826,8.653366,11.85357,23.835335,6.437928,8.592949,9.620563,11.982663,13.015324,5.364967
6.518373,6.465639,4.317371,9.724482,11.969481,7.571701,9.777472,7.571701,9.750828,11.866045,5.384811,5.382121
14.099923,11.879015,15.966129,8.686214,6.461817,5.388053,13.859226,8.629799,13.993531,18.220953,14.04647,13.95582
========================================================
Test10 (ADC Calibration) results 2007-10-10 15:39:03
Board ID85 36 channels
Linux calibration software

Voltmeter channel: A=1.07167, B=11.6971

A:
1.07675,1.07579,1.07495,1.08411,1.0782,1.08707,1.07081,1.07051,1.06737,1.08872,1.08205,1.07027
1.08415,1.07605,1.07565,1.07826,1.08229,1.0782,1.08226,1.0786,1.08236,1.08016,1.07295,1.07745
1.08377,1.0815,1.06533,1.08521,1.07322,1.07431,1.06566,1.08074,1.05959,1.06937,1.07915,1.07529


B:
5.7836,4.47787,4.88792,0.684711,6.00463,14.2253,0.726493,5.6926,1.44427,5.76709,8.1655,1.28142
2.49468,-6.1492,2.02555,4.47508,7.41188,5.16102,6.40448,3.93269,5.02056,6.75732,4.72335,5.34204
10.3691,7.97176,6.81405,3.12019,6.08426,3.59069,5.80051,3.45733,22.8194,13.2427,4.26602,3.7605


========================================================
Test10 (ADC Calibration) results 2007-10-12 10:25:45
Board ID85 36 channels
Linux calibration software

Voltmeter channel: A=1.07226, B=10.6081

A:
1.07719,1.07569,1.07519,1.08381,1.07884,1.08627,1.07071,1.07104,1.06737,1.08957,1.08205,1.07071
1.08375,1.06229,1.07619,1.07796,1.08159,1.07789,1.08216,1.0785,1.08291,1.0811,1.07288,1.07745
1.08371,1.0812,1.0653,1.08531,1.07416,1.07421,1.06513,1.08134,1.05942,1.06897,1.08054,1.07619


B:
4.42794,4.00469,4.18813,1.06481,4.59291,15.0379,1.72513,4.41606,0.64422,3.0955,7.96555,0.134762
3.88733,14.6349,0.542872,4.0534,8.78604,5.14121,6.13039,3.85903,3.53697,4.76731,4.40411,6.01959
10.4427,7.95346,6.92072,3.47829,4.09131,2.71658,6.74057,1.77445,22.2349,13.1498,0.71412,1.69525


========================================================
Test10 (ADC Calibration) results 2007-10-15 14:45:50
Board ID85 36 channels
Linux calibration software

Voltmeter channel: A=1.07167, B=11.6971

A:
1.07705,1.07525,1.07465,1.08371,1.07864,1.08573,1.07048,1.07104,1.06713,1.08977,1.08205,1.07081
1.08341,1.06229,1.07565,1.07816,1.08169,1.078,1.08271,1.0787,1.08261,1.08144,1.07308,1.078
1.08337,1.0814,1.0647,1.08541,1.07362,1.07451,1.06566,1.08175,1.06219,1.06957,1.0797,1.07579


B:
4.60354,4.7586,5.26702,1.19159,5.24696,14.525,1.82443,4.61601,2.00804,2.44164,7.96555,0.209123
4.32146,14.6349,1.2255,4.60107,8.8592,5.41419,5.45099,3.60606,3.03306,3.65459,4.15074,4.45815
10.8748,7.6989,7.87578,3.55213,4.77495,2.53871,5.00046,0.183449,23.1255,12.1888,2.98058,3.00218


========================================================
Test10 (ADC Calibration) results 2008-06-17 15:59:18
Board ID085 36 channels
Linux calibration software

Voltmeter channel: A=1.07, B=0

A:
1.09444,1.0928,1.08881,1.10133,1.09581,1.10151,1.04355,1.088,1.08378,1.10624,1.0993,1.08773
1.10151,1.07844,1.09344,1.09526,1.09884,1.09535,1.09874,1.09572,1.09967,1.09773,1.0908,1.09572
1.10216,1.09902,1.07385,1.10179,1.09008,1.09071,1.08208,1.09783,1.07915,1.08512,1.09755,1.09417


B:
6.42811,4.21944,8.11415,2.52527,5.38848,14.2522,29.5979,4.94628,2.78381,6.20379,8.56194,0.845415
3.01684,13.1493,0.788639,3.92091,10.0808,5.58922,5.98925,4.59626,5.58647,4.93874,2.78893,5.2534
9.91876,9.91285,14.8199,4.96618,6.29326,4.61802,7.39362,2.4389,19.1834,13.9028,7.30212,3.39721


========================================================
Test10 (ADC Calibration) results 2008-06-19 21:39:36
Board ID085 36 channels
Linux calibration software

Voltmeter channel: A=1.07, B=0

A:
1.09444,1.0928,1.08854,1.10169,1.09581,1.10114,1.08584,1.08773,1.08414,1.10624,1.09957,1.08755
1.10197,1.07871,1.09362,1.09563,1.09893,1.09563,1.09838,1.09517,1.09985,1.09746,1.09098,1.09544
1.10225,1.09884,1.07219,1.1016,1.09044,1.0908,1.08226,1.09801,1.07915,1.08512,1.09737,1.09398


B:
6.64695,4.21944,7.71049,1.74596,4.73128,14.1466,8.89927,5.84869,2.66719,6.20379,8.09001,1.44812
1.71161,13.1188,0.839138,3.36528,9.77693,5.11852,6.54526,5.75742,5.19801,5.19101,2.40308,5.72487
9.61385,8.98194,15.2955,5.3557,5.52303,5.18851,7.44486,2.05037,18.9678,13.4688,7.6896,3.78394


