========================================================

Test10 results 03-30-2006  12:29:35
Board ID440  30 channels
HV Tests Software Ver.1.6

+5V 2485 - O'k
-5V 1321 - O'k
Interlock - On

Voltmeter channel: A=1.062699, B=24.442297

A:
Limits 1.1 +/- 0.1
1.080497,1.073537,1.080497,1.073537,1.078167,1.071811,1.078749,1.079914,1.084599,1.079914
1.076426,1.075269,1.078167,1.075847,1.074114,1.079914,1.075847,1.077006,1.079914,1.077006
1.072386,1.089918,1.075269,1.084599,1.082837,1.079331,1.074691,1.078167,1.089325,1.073537


B:
Limits 0.0 +/- 35.0
11.885475,10.735209,14.04647,9.661671,14.016302,8.57465,14.023542,9.719189,13.015324,14.038843
13.993531,15.053588,9.703633,13.985871,15.037632,16.198669,16.137566,11.846848,11.879015,15.077866
13.94114,10.899183,9.677243,14.099923,10.828545,14.031348,11.821486,11.859968,13.071987,10.735209
========================================================
Test10 (ADC Calibration) results 2008-06-02 06:03:15
Board ID440 30 channels
Linux calibration software

Voltmeter channel: A=1.05888, B=-1101.4

A:
1.08073,1.07375,1.08087,1.07294,1.07843,1.07084,1.07935,1.08,1.0847,1.08026
1.07731,1.07534,1.07829,1.07575,1.07433,1.08138,1.07827,1.07616,1.07921,1.0766
1.07379,1.08998,1.07593,1.08655,1.0824,1.07935,1.07436,1.07752,1.08952,1.07335


B:
12.3583,7.36515,9.42101,7.58706,9.2876,7.68383,10.0585,5.64015,9.61972,9.3073
8.81576,10.3198,7.74391,10.1339,11.646,10.7011,11.815,10.3473,9.51607,12.3106
8.17037,8.88909,6.28184,7.61605,8.90453,10.3378,10.1755,9.5602,10.471,8.60309


