========================================================

Test10 results 11-24-2004  11:05:34
Board ID259  30 channels
HV Tests Software Ver.1.4

+5V 2509 - O'k
-5V 1329 - O'k
Interlock - On

Voltmeter channel: A=1.081081, B=14.054233

A:
1.071237,1.075847,1.071237,1.074114,1.071237,1.076426,1.084599,1.075269,1.067236,1.071811
1.071811,1.068376,1.078167,1.071811,1.070091,1.069519,1.072386,1.082251,1.077586,1.071237
1.069519,1.074691,1.078749,1.079331,1.075269,1.071237,1.024065,1.053186,1.075847,1.071237


B:
11.783437,24.744345,14.997149,9.667063,6.42725,12.917105,3.253936,13.978319,14.941421,4.287405
13.933707,10.683776,10.781801,7.502839,18.191355,16.042896,15.013526,9.740297,15.086329,16.068386
8.556267,10.746796,9.708548,2.15871,9.677243,6.42725,34.818405,32.648563,13.985871,7.498487
========================================================

Test10 results 01-13-2005  15:52:46
Board ID259  30 channels
HV Tests Software Ver.1.6

+5V 2510 - O'k
-5V 1339 - O'k
Interlock - On

Voltmeter channel: A=1.073537, B=9.661671

A:
Limits 1.1 +/- 0.1
1.070091,1.072961,1.071811,1.072961,1.070664,1.074691,1.083424,1.074691,1.067236,1.072386
1.071811,1.068947,1.077006,1.071811,1.075269,1.071811,1.072386,1.083424,1.077006,1.071811
1.068947,1.075269,1.077006,1.078167,1.074691,1.070664,1.077586,1.069519,1.075847,1.070664


B:
Limits 0.0 +/- 30.0
14.981082,15.021619,12.861896,11.802734,7.494653,17.194942,5.417133,15.04556,14.941421,1.072508
12.861896,8.551615,12.923853,7.502839,15.053588,9.646461,13.94114,4.33371,16.154871,13.933707
8.551615,9.677243,12.923853,4.312799,10.746796,7.494653,4.310467,9.625785,13.985871,8.565317
========================================================
Test10 (ADC Calibration) results 2007-09-10 15:41:16
Board ID259 30 channels
Linux calibration software

Voltmeter channel: A=1.05388, B=-1541.34

A:
1.06907,1.073,1.0701,1.0732,1.07211,1.07454,1.08282,1.0741,1.06717,1.07
1.0718,1.0679,1.0775,1.07164,1.0768,1.071,1.0715,1.0821,1.07744,1.06073
1.06857,1.07407,1.07814,1.07948,1.07464,1.0695,1.07854,1.06843,1.07444,1.07264


B:
11.7989,13.2171,11.8433,5.43609,3.84581,11.965,3.06772,10.7447,11.0947,2.23983
9.08587,6.15364,7.57505,3.7508,13.8332,10.9721,12.4097,5.73284,9.73034,19.0722
2.71215,7.28167,5.48525,3.90301,8.91209,4.9436,2.33372,7.28847,14.0925,6.38888


========================================================
Test10 (ADC Calibration) results 2008-06-17 15:59:19
Board ID259 30 channels
Linux calibration software

Voltmeter channel: A=1.07, B=0

A:
1.0864,1.09,1.08766,1.08937,1.08856,1.09118,1.09958,1.091,1.08353,1.08703
1.05002,1.08362,1.09427,1.08766,1.09591,1.08712,1.0882,1.05644,1.09354,1.07485
1.08514,1.09055,1.094,1.09692,1.09254,1.08631,1.09527,1.0813,1.09145,1.08928


B:
10.3399,12.2481,10.4843,7.38148,4.86488,11.6053,2.58407,10.4625,12.1159,1.716
19.7275,7.04925,8.11632,3.74087,12.527,11.8512,11.7277,24.0175,11.1904,20.3464
3.90208,7.38806,7.49167,3.49201,6.86156,4.99103,2.15753,9.41534,12.884,6.37572


========================================================
Test10 (ADC Calibration) results 2008-07-16 21:23:30
Board ID259 30 channels
Linux calibration software

Voltmeter channel: A=1.07, B=0

A:
1.08703,1.0905,1.08797,1.08984,1.08928,1.0921,1.10057,1.09078,1.08405,1.0875
1.04983,1.08414,1.09466,1.08825,1.09608,1.08806,1.0889,1.05395,1.09447,1.07282
1.08619,1.09107,1.09485,1.09779,1.09333,1.08712,1.09542,1.08025,1.0922,1.09022


B:
9.97445,11.7922,9.32981,6.9468,3.32716,10.3231,0.800092,10.8789,11.8572,1.27857
14.6578,6.35049,7.54281,3.19395,12.5937,10.5489,10.6439,24.4508,9.03009,17.7074
2.27689,6.69196,6.49332,1.81014,6.35389,4.01808,2.02705,9.31248,11.7656,4.63771


========================================================
Test10 (ADC Calibration) results 2008-07-19 11:34:37
Board ID259 30 channels
Linux calibration software

Voltmeter channel: A=1.07, B=0

A:
1.08675,1.0906,1.08797,1.08994,1.0889,1.09173,1.10028,1.09125,1.08396,1.08731
1.04905,1.08423,1.09466,1.08797,1.09627,1.08834,1.08881,1.05316,1.09409,1.07191
1.08582,1.09088,1.09428,1.0976,1.09352,1.08694,1.09542,1.07887,1.0921,1.09003


B:
10.2328,11.4879,9.54735,6.20602,4.32825,11.1059,1.06397,10.2286,11.5096,0.799883
13.9337,6.04742,7.32393,3.45463,11.5435,9.8551,10.7299,20.136,9.59654,17.2644
2.40712,7.08353,7.01555,1.98556,5.52379,3.97366,1.15067,9.30184,11.4152,4.81142


========================================================
Test10 (ADC Calibration) results 2008-07-19 14:46:21
Board ID259 30 channels
Linux calibration software

Voltmeter channel: A=1.07, B=0

A:
1.08675,1.0905,1.08825,1.08975,1.0889,1.09154,1.10018,1.09144,1.08423,1.08741
1.04844,1.08442,1.09485,1.08806,1.09608,1.08797,1.08853,1.05123,1.09428,1.07538
1.08554,1.09097,1.09456,1.0977,1.09314,1.08703,1.09523,1.07639,1.09182,1.08994


B:
9.79821,12.0102,8.85279,6.37947,4.54598,11.2788,1.37186,9.61894,10.8183,0.49567
15.3524,5.87494,6.49332,3.36788,12.1554,10.6353,10.9886,24.4736,9.20411,15.1242
2.66722,6.77853,6.09762,2.11713,6.09077,3.67001,1.54517,11.8224,12.1113,5.33401


========================================================
Test10 (ADC Calibration) results 2008-07-20 08:08:59
Board ID259 30 channels
Linux calibration software

Voltmeter channel: A=1.07, B=0

A:
1.08684,1.09022,1.08797,1.08984,1.0889,1.09191,1.10018,1.09163,1.08442,1.08741
1.04835,1.08433,1.09466,1.08806,1.09618,1.08778,1.08872,1.05132,1.09418,1.07648
1.08591,1.09097,1.09409,1.09789,1.09324,1.08684,1.09523,1.07767,1.0921,1.09003


B:
9.92963,12.2692,9.32981,6.51097,4.11052,10.2781,1.81221,9.66401,10.2126,1.14783
16.9029,5.74435,7.32393,3.36788,12.0687,11.2428,10.8161,27.7558,9.29073,17.3347
1.88588,6.77853,7.62713,1.50277,6.00376,4.27809,1.54517,11.0594,11.1964,4.59347


========================================================
Test10 (ADC Calibration) results 2008-07-20 17:40:55
Board ID259 30 channels
Linux calibration software

Voltmeter channel: A=1.07, B=0

A:
1.08675,1.09041,1.08787,1.09013,1.0889,1.09201,1.10028,1.09135,1.08405,1.08731
1.04844,1.08423,1.09456,1.08815,1.09656,1.08825,1.08881,1.0501,1.09428,1.0773
1.086,1.09088,1.09456,1.09779,1.09343,1.08722,1.09542,1.07758,1.09201,1.08984


B:
10.4505,11.8786,9.85101,5.81448,4.7637,10.4099,1.28435,10.142,11.4237,1.2347
15.9816,6.4814,7.84902,2.84586,11.0637,9.94104,10.7299,25.5401,8.98531,15.4944
2.01644,6.86502,6.5356,1.81014,5.82973,3.4967,1.36958,11.1446,11.7202,5.42112


