========================================================

Test11 results 11-24-2004  11:06:58
Board ID259  30 channels
HV Tests Software Ver.1.4

+5V 2510 - O'k
-5V 1329 - O'k
Interlock - On
Calibration DAC Range: [2500 - 2900]


A:
0.750469,0.744879,0.747664,0.743494,0.747664,0.744879,0.736648,0.746269,0.750469,0.747664
0.744879,0.749064,0.739372,0.744879,0.750469,0.750469,0.747664,0.739372,0.742115,0.747664
0.746269,0.746269,0.742115,0.746269,0.747664,0.747664,0.782779,0.759013,0.744879,0.749064


B:
59.713829,62.404015,72.107895,83.345879,73.5355,67.85804,81.970963,65.784157,67.119576,79.141876
80.243828,72.514519,87.598,84.237732,58.652069,65.965477,69.616653,77.745193,74.839317,71.219315
84.314064,67.307121,77.083961,79.152863,62.89827,80.651993,53.968189,63.20282,67.057144,69.758385
========================================================

Test11 results 01-13-2005  15:56:30
Board ID259  30 channels
HV Tests Software Ver.1.6

+5V 2512 - O'k
-5V 1339 - O'k
Interlock - On
Calibration DAC Range: [2500 - 2900]


A:
Limits 0.76 +/- 0.04
0.747664,0.746269,0.743494,0.746269,0.749064,0.744879,0.740741,0.747664,0.753296,0.747664
0.747664,0.747664,0.740741,0.747664,0.744879,0.747664,0.749064,0.740741,0.744879,0.749064
0.750469,0.746269,0.743494,0.747664,0.744879,0.746269,0.746269,0.747664,0.746269,0.749064


B:
Limits 70.0 +/- 30.0
70.159515,70.264687,86.282097,71.950348,66.550354,66.978401,65.512428,60.323975,56.540058,79.141876
70.331642,74.694412,80.792732,74.336281,67.699821,73.359718,63.513504,72.592323,64.887253,64.230377
69.086266,65.784157,71.035744,72.17926,71.781563,83.515144,68.439095,78.069855,60.245079,68.154366
