========================================================

Test10 results 11-09-2005  13:04:45
Board ID100  36 channels
HV Tests Software Ver.1.6

+5V 3088 - O'k
-5V 1354 - O'k
Interlock - On

Voltmeter channel: A=1.074114, B=3.814697e-005

A:
Limits 1.1 +/- 0.1
1.067236,1.074114,1.067806,1.073537,1.068376,1.076426,1.069519,1.068376,1.070664,1.068947,1.072386,1.074691
1.072961,1.074691,1.069519,1.075269,1.071237,1.067806,1.071811,1.06553,1.074114,1.070664,1.070091,1.068947
1.068947,1.06553,1.074114,1.059883,1.066098,1.078749,1.079331,1.075847,1.067806,1.056524,1.071237,1.070664


B:
Limits 0.0 +/- 35.0
3.201826,3.22238,10.6781,6.441059,13.888905,6.458547,10.695304,6.410272,7.494653,11.758456,5.362052,5.373341
2.146083,6.448031,1.069636,7.526706,6.42725,2.135654,5.359216,8.524389,5.370607,5.353326,5.350263,4.275827
7.482668,10.655449,7.518835,5.299631,10.660933,2.157307,10.793356,3.227399,4.315376e-005,10.565231,14.997149,9.635981
========================================================
Test10 (ADC Calibration) results 2008-06-16 13:15:45
Board ID100 36 channels
Linux calibration software

Voltmeter channel: A=1.07, B=0

A:
1.07146,1.07589,1.07084,1.07678,1.07367,1.07991,1.07181,1.07296,1.0742,1.07163,1.07955,1.07759
1.07625,1.08144,1.07634,1.07812,1.07411,1.06978,1.07482,1.06846,1.07768,1.07367,1.07181,1.07146
1.0734,1.0689,1.07776,1.06383,1.07075,1.08117,1.08288,1.07902,1.07332,1.05984,1.07482,1.07287


B:
1.18688,2.00292,7.331,1.39181,9.86131,4.53571,9.00306,5.57914,4.64371,8.52374,4.00258,4.09494
0.810926,1.18163,0.0828333,6.18657,4.94096,4.67374,2.77787,5.04659,1.85712,3.41928,5.57346,2.47257
2.80752,6.56114,3.06763,3.19151,9.76846,0.349259,7.43002,-0.0331527,-0.544685,7.98964,11.1616,11.0257


========================================================
Test10 (ADC Calibration) results 2008-06-17 07:08:50
Board ID100 36 channels
Linux calibration software

Voltmeter channel: A=1.07, B=0

A:
1.08391,1.08831,1.08311,1.08957,1.05963,1.09201,1.08427,1.08525,1.08678,1.08418,1.09192,1.08984
1.08894,1.09374,1.08912,1.09074,1.08687,1.08177,1.08678,1.08061,1.08984,1.08516,1.08427,1.08382
1.0857,1.08115,1.09029,1.07637,1.08302,1.09392,1.09583,1.09129,1.08606,1.07207,1.08759,1.08507


B:
0.0123289,0.705301,6.60997,-0.683667,33.0218,4.47592,7.91989,4.62224,3.64465,7.1348,2.81243,2.77069
-0.968811,0.0432434,-1.78965,4.55297,2.90926,4.17002,2.55787,4.16372,1.24516,3.18604,4.66708,0.962709
1.6017,5.18153,1.91726,1.44218,8.42508,-1.43735,6.21677,-0.96751,-2.42384,6.32887,9.63858,10.6478


========================================================
Test10 (ADC Calibration) results 2008-07-28 12:22:42
Board ID100 36 channels
Linux calibration software

Voltmeter channel: A=1.07, B=0

A:
1.08382,1.08849,1.08337,1.08948,1.08615,1.09219,1.08454,1.08516,1.0866,1.08445,1.09183,1.08975
1.08939,1.09401,1.08885,1.09083,1.08669,1.08186,1.08714,1.08088,1.09002,1.08588,1.08454,1.08409
1.08552,1.08124,1.0902,1.07646,1.08346,1.09401,1.09592,1.09165,1.08615,1.07224,1.08759,1.08507


B:
0.745998,0.973406,6.79517,0.0539489,9.00556,4.74609,7.88868,5.35636,4.46262,7.53773,3.55124,3.72555
-1.16959,0.666242,-0.449497,4.68762,3.945,4.30336,2.0073,3.91592,1.29549,2.95549,4.20137,1.14662
2.63664,5.74719,2.65462,2.22084,8.66306,-1.08401,6.13311,-1.08496,-1.85592,6.37972,10.7262,10.8648


========================================================
Test10 (ADC Calibration) results 2008-11-27 16:31:50
Board ID100 36 channels
Host: ufcmshv3
Linux calibration software

Voltmeter channel: A=1.0395, B=1.03944

A:
1.0425,1.04267,1.03743,1.05314,1.06209,1.04367,1.03917,1.05272,1.04687,1.04367,1.03126,1.05932
1.04083,1.05958,1.03289,1.03199,1.05263,1.04535,1.04242,1.04822,1.04217,1.0395,1.05348,1.03224
1.05331,1.03627,1.04754,0,0,1.04267,1.02451,1.04259,1.0425,1.03429,1.06036,1.04083


B:
0.866039,1.54019,7.18222,2.25204,9.49347,4.54392,7.80153,5.18245,4.42923,7.04904,2.98254,4.02544
-0.0319817,0.815067,0.77866,5.15973,5.05255,5.03371,1.57141,5.24125,1.81182,2.7029,5.08939,2.65221
3.1434,4.76695,3.15854,3600,3600,0.288623,12.9872,0.16035,-0.176463,7.70128,10.6852,10.1682


========================================================
Test10 (ADC Calibration) results 2008-11-27 17:01:09
Board ID100 36 channels
Host: ufcmshv3
Linux calibration software

Voltmeter channel: A=1.03942, B=0.911606

A:
1.04242,1.04292,1.03734,1.05331,1.06244,1.043,1.03933,1.0528,1.0467,1.04342,1.03126,1.05949
1.04083,1.05958,1.03289,1.03183,1.05306,1.04552,1.04259,1.0483,1.04208,1.03942,1.0534,1.03224
1.05306,1.03627,1.04763,1.03768,1.03801,1.041,1.02483,1.0425,1.043,1.03437,1.06053,1.04083


B:
1.15454,0.673747,7.26131,1.45825,8.9571,6.01746,7.43532,5.31266,4.58918,7.28783,2.57014,3.43907
-0.448213,0.815067,0.77866,5.52413,4.0178,4.66472,1.82818,5.16101,2.09993,2.99044,5.38065,2.4454
3.80724,4.35229,2.65927,1.34095,9.32575,-0.608407,12.4713,0.0319869,-1.49211,7.20877,10.3117,10.5845


========================================================
Test10 (ADC Calibration) results 2008-11-28 16:48:00
Board ID100 36 channels
Host: ufcmshv3
Linux calibration software

Voltmeter channel: A=1.03942, B=0.703361

A:
1.04225,1.04275,1.03718,1.05314,1.06227,1.04325,1.03917,1.05255,1.04653,1.04359,1.03126,1.05915
1.04075,1.05941,1.03289,1.03207,1.05272,1.04518,1.04242,1.04796,1.04183,1.03958,1.05331,1.03232
1.05366,1.03619,1.04737,1.03743,1.03792,1.04067,1.02467,1.04242,1.04275,1.03437,1.0607,1.04083


B:
1.10651,0.83412,7.41977,1.19889,8.69431,4.94337,7.59375,5.55411,4.54058,6.71114,2.57014,3.97566
-0.368066,0.977746,0.365603,4.46188,4.55097,4.98496,1.57141,5.27197,2.34013,2.41495,5.46105,2.15997
2.18822,4.43175,3.52871,1.58037,9.19744,-0.28814,11.8072,-0.0961524,-1.25139,7.20877,9.72625,10.1682


========================================================
Test10 (ADC Calibration) results 2008-11-28 17:10:12
Board ID100 36 channels
Host: ufcmshv3
Linux calibration software

Voltmeter channel: A=1.03983, B=-0.112064

A:
1.04275,1.04284,1.03743,1.05331,1.06235,1.04359,1.03925,1.05272,1.04687,1.04384,1.03126,1.05958
1.041,1.05967,1.0333,1.03216,1.05323,1.04552,1.04259,1.04822,1.04217,1.03983,1.05357,1.03257
1.05366,1.03652,1.0478,1.03784,1.03809,1.041,1.02507,1.0425,1.043,1.03429,1.06079,1.04133


B:
0.41712,1.17108,6.97478,1.03677,8.8256,4.41529,7.30692,4.97195,4.2199,6.26291,2.57014,2.93423
-0.816556,0.310016,-0.238494,4.58917,3.43528,4.45567,1.4114,4.82181,1.81182,1.9676,4.79773,1.92225
2.18822,3.6996,2.07923,0.974233,8.83159,-0.816556,11.0076,0.0319869,-1.49211,7.70128,9.64501,9.27574


