========================================================

Test11 results 11-09-2005  13:06:50
Board ID100  36 channels
HV Tests Software Ver.1.6

+5V 3088 - O'k
-5V 1355 - O'k
Interlock - On
Calibration DAC Range: [2500 - 2900]


A:
Limits 0.76 +/- 0.04
0.746269,0.742115,0.744879,0.740741,0.744879,0.739372,0.744879,0.746269,0.743494,0.747664,0.743494,0.742115
0.740741,0.739372,0.744879,0.740741,0.742115,0.747664,0.744879,0.749064,0.742115,0.743494,0.743494,0.744879
0.742115,0.747664,0.740741,0.749064,0.743494,0.738007,0.739372,0.739372,0.746269,0.753296,0.746269,0.743494


B:
Limits 60.0 +/- 40.0
66.250031,62.993382,58.881298,64.202927,54.323463,61.831554,55.844318,51.913872,59.6842,45.211899,53.45562,55.225815
70.418022,63.487377,63.0867,57.974449,62.711826,59.277321,50.479225,49.085979,59.147102,61.347805,60.336029,66.117683
71.95076,54.337559,65.203903,64.911049,72.582085,62.736263,50.247463,64.217903,61.549591,53.243103,46.102417,58.092838
========================================================
Test11 (ADC Calibration) results 2008-06-17 04:20:31
Board ID100 36 channels
Linux calibration software

Calibration DAC Range: [1000 - 3500]

A:
0.7412,0.7392,0.7428,0.7392,0.7408,0.7364,0.742,0.7424,0.7404,0.742,0.7372,0.7384
0.7392,0.736,0.7388,0.7384,0.7408,0.7432,0.7404,0.7452,0.738,0.7404,0.742,0.742
0.7408,0.7448,0.7376,0.748,0.7428,0.7356,0.7348,0.7372,0.7412,0.7512,0.742,0.742


B:
76.8001,71.8,62.2,65.8,60.1999,66.6,64.0001,56.6,64.5999,62.0001,59.7999,67.6001
71.8,65,70.2,60.6001,62.1999,69.8,60.5999,58.8001,68.0001,68.5999,63.0001,75.0001
73.1999,60.2001,72.3999,62.9999,64.2,67.4,61.2001,65.7999,66.8001,55.7999,58.0001,59.0001


========================================================
Test11 (ADC Calibration) results 2008-06-17 07:43:31
Board ID100 36 channels
Linux calibration software

Calibration DAC Range: [1000 - 3500]

A:
0.7328,0.7308,0.7344,0.7304,0.7508,0.728,0.7336,0.734,0.7324,0.734,0.7288,0.7304
0.7304,0.7276,0.7308,0.7296,0.732,0.7348,0.7328,0.7368,0.73,0.7332,0.7332,0.7336
0.7324,0.736,0.7292,0.74,0.7344,0.7272,0.7264,0.7292,0.7328,0.7428,0.7332,0.7332


B:
76.2,72.2001,61.6001,67.5999,41.2,66.0001,64.3999,56.9999,63.6,60.9999,59.2,66.5999
72.5999,65.4001,69.2001,62.4,64,70.2001,59.2,59.1999,67.9999,65.7999,63.8,74.3999
72.6,62,71.8,62,65.6001,67.8001,60.5999,65.8,67.2,56.2,58.8,59.8


