========================================================

Test15 results 07-06-2005  16:04:50
Board ID032  8 channels
HV Tests Software Ver.1.6


A:
Limits 1.45 +/- 2.0
1.437814,1.432665,1.443001,1.427552,1.443001,1.438849,1.440922,1.429593


B:
Limits 0.0 +/- 160.0
-7.188939,-10.028641,8.658156,18.55818,4.329153,7.194102,5.763825,8.577435
========================================================
Test15 (Master ADC Calibration) results 2008-06-09 20:42:51
Board ID32 7 channels
Linux calibration software


A:
1.43678,1.42959,1.45773,1.43781,1.443,1.443,1.43885,1.43988

B:
5.45968,-12.7235,2.62377,12.7967,6.34935,3.46334,5.75526,4.46372

========================================================
Test15 (Master ADC Calibration) results 2008-07-19 15:48:06
Board ID32 7 channels
Linux calibration software


A:
1.43155,1.42413,1.45195,1.43304,1.43904,1.4234,1.43304,1.43304

B:
9.37006,-8.28589,5.41185,15.503,8.50327,17.8573,8.33779,9.77083

========================================================
Test15 (ADC Calibration) results 2009-03-31 09:45:10
Board ID032 8 channels
Host: ufcmshv3
Linux calibration software

A:
1.44028,1.4303,1.45089,1.4517,1.40952,1.42763,1.43726,1.43156


B:
4.76401,-12.0807,2.36606,14.8745,6.28881,13.2221,3.40511,5.35184


========================================================
Test15 (ADC Calibration) results 2011-11-04 10:50:18
Board ID032 8 channels
Host: ufcmshv1
Linux calibration software

A:
1.44022,1.42975,1.45181,1.45084,1.41019,1.42645,2.74003,1.43007


B:
7.9783,-9.69011,3.76729,17.7827,8.07468,16.6033,-789.787,9.53632


========================================================
Test15 (ADC Calibration) results 2012-07-22 13:36:54
Board ID032 8 channels
Host: ufcmshv1
Linux calibration software

A:
1.44196,1.43164,1.45291,1.45372,1.41083,1.42912,1.40808,1.4329


B:
2.05054,-14.0227,-0.277506,11.9579,3.77811,11.4784,2.89756,3.7139


