========================================================

Test16 results 07-06-2005  16:06:14
Board ID032  8 channels
HV Tests Software Ver.1.6
Calibration DAC Range: [1000 - 2300]


A:
Limits 0.57 +/- 0.1
0.568679,0.563747,0.570676,0.565217,0.565709,0.564726,0.564972,0.563747


B:
Limits 50.0 +/- 60.0
25.284338,43.397732,17.295885,43.167744,36.346443,40.281418,40.113022,49.852055
========================================================
Test16 (Master DAC Calibration) results 2008-06-09 20:42:51
Board ID32 7 channels
Linux calibration software
Calibration DAC Range: [1000 - 2300]

A:
0.563528,0.566079,0.572107,0.565801,0.565608,0.561099,0.565394,0.562594

B:
45.7275,41.2661,11.4064,36.8773,37.5687,54.9573,37.6095,49.221

========================================================
Test16 (Master DAC Calibration) results 2008-07-19 15:48:06
Board ID32 7 channels
Linux calibration software
Calibration DAC Range: [1000 - 2200]

A:
0.563116,0.568108,0.556248,0.562077,0.562603,0.567179,0.563666,0.562832

B:
47.3639,39.9823,41.3834,45.3338,44.7371,44.8231,43.1192,51.1481

========================================================
Test16 (ADC Calibration) results 2009-03-31 09:55:30
Board ID032 8 channels
Host: ufcmshv3
Linux calibration software

A:
0.5584,0.5636,0.5556,0.5556,0.572,0.564,0.5604,0.5624


B:
53.6001,47.4,44.4,51.4,44.9999,52,50.6,56.6001


