========================================================

Test10 results 03-27-2006  14:58:24
Board ID429  30 channels
HV Tests Software Ver.1.6

+5V 2496 - O'k
-5V 1322 - O'k
Interlock - On

Voltmeter channel: A=1.090513, B=11.995736

A:
Limits 1.1 +/- 0.1
1.087548,1.084011,1.086366,1.084011,1.078167,1.081081,1.080497,1.077006,1.086957,1.078167
1.082837,1.082251,1.087548,1.089918,1.081081,1.081666,1.084011,1.077006,1.075847,1.081081
1.075847,1.089325,1.084599,1.091107,1.083424,1.077006,1.088139,1.080497,1.080497,1.076426


B:
Limits 0.0 +/- 35.0
11.963168,9.7561,11.950203,13.008133,10.781801,11.89207,14.04647,9.692835,9.782684,15.094469
12.994219,17.316055,11.963168,13.079021,9.729908,11.898364,10.840111,14.000859,10.758329,10.810989
15.061719,8.714689,14.099923,9.819918,11.917675,11.846848,11.969481,10.804978,11.885475,15.069958
========================================================
Test10 (ADC Calibration) results 2007-11-07 10:03:49
Board ID429 30 channels
Linux calibration software

Voltmeter channel: A=1.06356, B=-1478.82

A:
1.08838,1.0843,1.08657,1.0838,1.0777,1.08158,1.08107,1.07568,1.08788,1.07899
1.08293,1.08374,1.08804,1.09172,1.08087,1.08168,1.0845,1.07673,1.07521,1.08107
1.07622,1.08975,1.08592,1.09107,1.08364,1.07768,1.08879,1.0803,1.08131,1.07643


B:
5.92944,5.35936,6.40792,9.99811,7.63266,6.72596,10.0461,7.18782,4.321,10.0778
9.89457,10.9885,8.83389,6.88593,6.33994,8.59844,6.81969,11.9379,8.7785,6.52735
10.5766,5.46287,8.11614,7.43923,7.28361,6.73892,9.3723,7.33623,6.05757,10.2446


========================================================
Test10 (ADC Calibration) results 2008-06-17 15:59:19
Board ID429 30 channels
Linux calibration software

Voltmeter channel: A=1.07, B=0

A:
1.10503,1.10013,1.10308,1.10049,1.09435,1.09801,1.04322,1.09216,1.10345,1.09535
1.0993,1.09957,1.10475,1.10755,1.09755,1.09856,1.10031,1.0938,1.09244,1.09773
1.09326,1.10513,1.10169,1.10792,1.10031,1.09353,1.10531,1.09654,1.09764,1.09316


B:
6.17692,7.54585,8.16535,9.19154,7.32733,6.39548,58.6673,7.14042,6.94672,9.47572
8.73933,11.5672,8.41875,8.54742,7.47287,6.99152,8.69866,9.35857,7.10946,6.64678
9.85756,7.19815,8.32234,7.98867,7.81836,8.07693,8.79807,7.95328,7.38904,9.50347


========================================================
Test10 (ADC Calibration) results 2008-07-16 21:23:30
Board ID429 30 channels
Linux calibration software

Voltmeter channel: A=1.07, B=0

A:
1.10605,1.10075,1.10383,1.10133,1.09512,1.09883,1.05119,1.09266,1.1045,1.09616
1.09979,1.10017,1.10566,1.10819,1.09817,1.09903,1.10133,1.09445,1.09284,1.09836
1.09483,1.10566,1.10248,1.10877,1.10094,1.09445,1.10615,1.09683,1.09855,1.09389


B:
5.03253,6.97815,7.26931,8.21661,6.18568,6.08295,28.7152,6.90946,5.33136,8.51782
8.51009,10.8023,7.37395,7.52941,6.91272,6.78771,7.55609,8.54467,7.61013,6.51859
8.63577,6.93179,7.61062,7.22429,7.02434,6.5746,8.2632,7.69075,6.34445,9.06411


========================================================
Test10 (ADC Calibration) results 2008-07-19 11:34:37
Board ID429 30 channels
Linux calibration software

Voltmeter channel: A=1.07, B=0

A:
1.10557,1.10056,1.10364,1.10085,1.09493,1.09883,1.04002,1.09266,1.10412,1.09569
1.0997,1.10008,1.10537,1.10789,1.09836,1.09903,1.10094,1.09426,1.09284,1.09845
1.09436,1.10557,1.102,1.10858,1.10056,1.09426,1.10586,1.09664,1.09855,1.09379


B:
5.91357,7.15312,7.44422,8.65224,6.3593,6.08295,31.6294,6.6906,5.90263,9.60877
8.37717,10.4487,8.07917,7.79245,6.07935,6.78771,8.12528,8.71774,7.39161,5.99229
9.50678,7.01914,8.70811,7.84349,7.59312,7.18549,8.0837,7.86465,5.90526,9.15053


========================================================
Test10 (ADC Calibration) results 2008-07-19 14:46:21
Board ID429 30 channels
Linux calibration software

Voltmeter channel: A=1.07, B=0

A:
1.10547,1.10046,1.10383,1.10075,1.0955,1.09864,1.04062,1.09294,1.10412,1.0955
1.0997,1.09979,1.10566,1.1078,1.09807,1.09893,1.10075,1.09417,1.09266,1.09807
1.09436,1.10566,1.10161,1.10858,1.10065,1.09407,1.10576,1.09683,1.09807,1.0937


B:
6.22285,7.23984,7.0486,8.95955,4.74249,6.69685,31.8989,6.21253,6.1234,9.78189
8.15729,10.7097,7.15287,7.88017,6.7799,6.87493,8.51947,9.24172,7.78325,6.3409
9.72549,6.48925,9.05662,8.06515,7.50571,7.35887,8.83453,7.25212,6.99946,9.01818


========================================================
Test10 (ADC Calibration) results 2008-07-20 08:08:59
Board ID429 30 channels
Linux calibration software

Voltmeter channel: A=1.07, B=0

A:
1.10576,1.10065,1.10364,1.10056,1.09493,1.09922,1.03797,1.09247,1.10412,1.0955
1.09989,1.10008,1.10537,1.10799,1.09797,1.09874,1.10104,1.09417,1.09284,1.09826
1.09464,1.10566,1.1019,1.10906,1.10075,1.09436,1.10625,1.09674,1.09817,1.09379


B:
5.51725,6.62513,7.88594,9.35423,6.3593,5.2946,44.5578,6.86418,6.1234,10.0009
7.763,10.669,7.63675,7.48322,7.08662,7.26894,8.03799,9.24172,7.1731,6.38605
9.02837,6.71071,8.57482,7.1826,7.63882,6.66123,7.7332,7.99697,6.69276,8.93144


========================================================
Test10 (ADC Calibration) results 2008-07-20 17:40:55
Board ID429 30 channels
Linux calibration software

Voltmeter channel: A=1.07, B=0

A:
1.10586,1.10104,1.10364,1.10094,1.09502,1.09883,1.04105,1.09303,1.10402,1.09559
1.09989,1.10027,1.10537,1.10819,1.09769,1.09864,1.10123,1.09445,1.09266,1.09826
1.09464,1.10595,1.102,1.10896,1.10085,1.09455,1.10586,1.09674,1.09807,1.0937


B:
5.42986,6.27622,8.10662,8.78557,6.27253,6.08295,36.7017,5.68846,6.21155,9.69531
7.763,10.0551,7.41573,7.30782,7.78654,7.7955,7.4226,8.10673,7.56477,5.94686
9.24725,6.22657,8.48776,7.49193,7.11127,6.70648,8.52594,7.55839,6.99946,9.01818


========================================================
Test10 (ADC Calibration) results 2008-07-24 12:08:22
Board ID429 30 channels
Linux calibration software

Voltmeter channel: A=1.07, B=0

A:
1.10566,1.10046,1.10354,1.10104,1.09531,1.09883,1.03347,1.09275,1.10392,1.09588
1.0997,1.09998,1.10518,1.1078,1.09778,1.09883,1.10075,1.09398,1.09266,1.09807
1.09455,1.10576,1.10209,1.10858,1.10056,1.09407,1.10586,1.09683,1.09807,1.09341


B:
5.82613,7.23984,7.31118,8.25815,5.35505,5.42343,68.5783,6.16693,5.85726,8.99717
8.37717,10.3158,7.81174,7.43716,7.04091,6.96207,7.8588,9.41494,7.34641,6.12095
8.89557,5.95982,8.17999,7.84349,7.59312,6.92146,7.64158,7.25212,6.7799,9.05936


