========================================================

Test10 results 10-25-2005  16:11:27
Board ID113  36 channels
HV Tests Software Ver.1.6

+5V 2490 - O'k
-5V 1321 - O'k
Interlock - On

Voltmeter channel: A=1.079331, B=10.793356

A:
Limits 1.1 +/- 0.1
1.074114,1.080497,1.086366,1.075269,1.080497,1.070664,1.075847,1.085776,1.081081,1.079914,1.075269,1.079331
1.077586,1.070664,1.082837,1.082837,1.074114,1.078167,1.087548,1.075847,1.072961,1.064396,1.072386,1.067806
1.079331,1.077006,1.078167,1.081081,1.079331,1.077586,1.072961,1.072386,1.070091,1.071811,1.075847,1.071237


B:
Limits 0.0 +/- 35.0
7.518835,12.965973,9.777472,7.526706,5.402493,10.706645,12.910025,6.514662,5.405584,9.719189,16.128857,2.15871
5.388053,6.423989,17.325567,10.828545,11.81529,7.547299,9.788074,12.910025,7.51089,27.674484,13.94114,18.152739
16.19001,7.538823,10.781801,14.054233,10.793356,7.543225,16.09458,11.796368,16.051172,7.502839,7.530788,9.640962
========================================================
Test10 (ADC Calibration) results 2008-05-17 17:53:08
Board ID113 36 channels
Linux calibration software

Voltmeter channel: A=1.07022, B=21.8601

A:
1.07563,1.08028,1.08787,1.07516,1.07978,1.07132,1.07688,1.08625,1.07798,1.08125,1.07671,1.07826
1.07751,1.07027,1.08398,1.08253,1.07438,1.07836,1.08751,1.07794,1.07374,1.05969,1.07175,1.06957
1.08022,1.07731,1.0797,1.08291,1.08144,1.07806,1.07351,1.0727,1.07183,1.07165,1.07571,1.07169


B:
1.0616,9.91636,4.02786,6.11305,3.60592,6.63887,8.89636,2.65656,16.0198,2.27717,9.74026,1.66952
2.3173,5.0683,13.7554,9.28505,8.49477,5.38319,6.40439,7.38564,3.61613,20.8222,10.0122,10.3998
10.993,3.96368,6.34713,9.12621,5.06542,3.82644,12.0683,8.63559,11.7444,4.14153,7.46803,5.23842


========================================================
Test10 (ADC Calibration) results 2008-06-17 15:59:18
Board ID113 36 channels
Linux calibration software

Voltmeter channel: A=1.07, B=0

A:
1.09216,1.09755,1.10522,1.09216,1.097,1.08683,1.09326,1.10327,1.09526,1.09783,1.10123,1.09499
1.0959,1.08945,1.10068,1.10867,1.09544,1.09645,1.1041,1.09764,1.09554,1.07298,1.08809,1.08593
1.0992,1.08719,1.05759,1.10708,1.09829,1.0959,1.09335,1.08972,1.09144,1.08342,1.0928,1.0918


B:
2.62188,10.3753,6.69272,6.99053,3.85636,9.5076,10.3592,3.17148,13.3399,4.85433,10.7591,3.29698
-1.70916,6.00544,15.6653,7.09991,7.4773,5.67732,7.92785,8.31559,3.88766,23.7898,10.7385,13.8118
10.6246,10.9147,16.1714,10.533,7.06913,5.08538,13.7747,10.3324,11.8063,10.2673,6.40504,6.66932


========================================================
Test10 (ADC Calibration) results 2008-07-06 16:58:46
Board ID113 36 channels
Linux calibration software

Voltmeter channel: A=1.07, B=0

A:
1.09262,1.09801,1.10606,1.09207,1.09728,1.08782,1.0938,1.10383,1.09572,1.09838,1.10086,1.09563
1.09654,1.08999,1.10123,1.10923,1.09618,1.09718,1.10438,1.0981,1.09599,1.06809,1.07702,1.08656
1.09985,1.08638,1.05632,1.10755,1.09902,1.09636,1.09426,1.09035,1.09216,1.08191,1.09353,1.05158


B:
1.76456,9.73644,6.15214,7.51076,3.38436,7.72379,9.42064,2.88326,12.7045,4.12889,11.3151,2.48873
-2.52103,5.72293,15.164,6.59015,6.58721,4.56594,7.45381,7.89562,3.46714,21.6694,19.8453,13.0158
9.81733,9.70522,9.55653,9.88914,6.61579,4.2266,12.9426,9.53152,10.922,9.93945,5.73481,43.9177


========================================================
Test10 (ADC Calibration) results 2008-07-16 18:06:55
Board ID113 36 channels
Linux calibration software

Voltmeter channel: A=1.07, B=0

A:
1.05107,1.09764,1.10643,1.09207,1.09737,1.08719,1.09389,1.10429,1.0959,1.09874,1.10059,1.09599
1.0959,1.09035,1.10151,1.11008,1.09608,1.097,1.1042,1.09838,1.09673,1.06765,1.0836,1.08665
1.10031,1.08485,0.998783,1.05234,1.09884,1.09618,1.09453,1.09053,1.09207,1.08093,1.09344,1.05981


B:
40.8088,10.5109,6.25527,7.94788,3.30013,9.17507,9.55635,2.23804,12.3184,3.57206,11.5666,1.4943
-1.05138,6.69677,14.9132,6.71376,7.76703,5.61128,7.8441,8.74202,3.67031,24.4209,13.7864,13.1508
9.61774,11.3299,41.3827,60.688,7.22357,4.61404,12.6927,9.3653,11.6608,11.2793,6.03732,36.1258


========================================================
Test10 (ADC Calibration) results 2008-07-16 19:10:41
Board ID113 36 channels
Linux calibration software

Voltmeter channel: A=1.07, B=0

A:
1.04761,1.09845,1.10673,1.09313,1.09769,1.08786,1.09445,1.1046,1.09635,1.09893,1.10133,1.09607
1.09635,1.09133,1.10209,1.11023,1.09664,1.09778,1.1046,1.09855,1.09721,1.0697,1.08449,1.08711
1.10046,1.0857,1.00174,1.04518,1.09912,1.09664,1.09502,1.09105,1.09256,1.08143,1.09389,1.05921


B:
43.5883,9.33299,6.20371,6.75953,3.22452,8.34446,8.82336,2.39527,11.6867,3.62215,10.4548,1.86308
-1.03112,4.91739,14.3842,6.79601,7.03927,4.67371,7.69741,8.36702,3.22416,22.7374,12.9655,13.1669
9.91934,10.3292,33.095,66.3179,6.96385,3.96901,12.4626,9.32451,10.7777,10.5975,5.84436,36.8927


========================================================
Test10 (ADC Calibration) results 2008-07-16 21:23:30
Board ID113 36 channels
Linux calibration software

Voltmeter channel: A=1.07, B=0

A:
1.0477,1.09826,1.10712,1.09284,1.09769,1.08795,1.09436,1.10441,1.09664,1.09864,1.10113,1.09597
1.09645,1.09152,1.10181,1.11052,1.09645,1.09769,1.10479,1.09883,1.09721,1.06844,1.08431,1.08739
1.10085,1.08542,0.999051,1.04182,1.09883,1.09702,1.09521,1.09077,1.09237,1.08115,1.09407,1.06188


B:
44.1366,9.50739,5.62993,7.23875,3.00503,8.04045,9.12935,2.57175,11.6455,4.54423,11.2901,2.16961
-1.11935,4.30685,15.0858,6.75289,7.43301,4.98104,7.07944,7.88528,3.22416,24.7636,13.1372,12.2566
9.1297,11.2386,39.1244,65.8181,7.44585,3.61851,12.508,9.80256,11.8245,10.8546,5.45109,35.0706


