========================================================

Test11 results 10-25-2005  16:16:19
Board ID113  36 channels
HV Tests Software Ver.1.6

+5V 2490 - O'k
-5V 1321 - O'k
Interlock - On
Calibration DAC Range: [2500 - 2900]


A:
Limits 0.76 +/- 0.04
0.750469,0.747664,0.742115,0.75188,0.747664,0.75188,0.749064,0.742115,0.744879,0.749064,0.75188,0.749064
0.746269,0.75188,0.746269,0.746269,0.753296,0.750469,0.742115,0.750469,0.750469,0.757576,0.754717,0.757576
0.747664,0.746269,0.749064,0.749064,0.749064,0.749064,0.753296,0.75188,0.756144,0.75188,0.756144,0.753296


B:
Limits 60.0 +/- 40.0
58.79443,52.987526,55.695976,49.96405,55.566383,66.36351,55.331959,62.951893,70.184326,53.477036,48.684422,59.615116
66.190636,69.583595,51.418304,53.916553,47.110252,51.049721,55.695976,48.379292,67.220901,46.478115,47.226521,41.193024
48.295647,70.850258,57.192364,41.336758,44.49815,52.266575,46.043941,55.985878,41.299465,63.948349,53.389271,59.506527
========================================================
Test11 (DAC Calibration) results 2008-05-17 17:53:08
Board ID113 36 channels
Linux calibration software
Calibration DAC Range: [1100 - 2700]

A:
0.752021,0.748783,0.743564,0.752729,0.749134,0.75543,0.751527,0.744671,0.749625,0.747733,0.750892,0.750188
0.750328,0.754646,0.745851,0.746478,0.752516,0.750117,0.744186,0.751174,0.752587,0.763723,0.754361,0.756287
0.749204,0.750469,0.748433,0.746965,0.748363,0.750328,0.753509,0.754077,0.755073,0.754432,0.755786,0.754788


B:
58.1502,53.9498,55.1445,52.2019,57.0559,58.2626,50.1174,59.3969,56.0719,64.2397,57.0114,61.7405
58.5443,64.7768,57.3,57.9172,55.5074,57.3372,52.0373,49.1079,62.9351,45.7567,55.9642,50.2741
48.5673,61.3509,62.5223,50.5135,51.3939,52.8418,50.6639,52.4366,47.1261,60.3924,57.7705,60.6567


