========================================================

Test10 results 03-31-2005  14:05:24
Board ID039  36 channels
HV Tests Software Ver.1.6

+5V 2517 - O'k
-5V 1307 - O'k
Interlock - On

Voltmeter channel: A=1.071237, B=16.068386

A:
Limits 1.1 +/- 0.1
1.064963,1.075847,1.071811,1.071811,1.068376,1.074114,1.068947,1.067806,1.075269,1.071237,1.06553,1.077006
1.068376,1.074114,1.075269,1.080497,1.071237,1.072386,1.079914,1.069519,1.071237,1.071811,1.083424,1.068947
1.075269,1.075847,1.068947,1.070664,1.075847,1.069519,1.074114,1.076426,1.067236,1.075269,1.072961,1.068947


B:
Limits 0.0 +/- 30.0
7.45467,17.213413,23.580009,9.646461,10.683776,11.81529,17.103191,18.152739,11.827781,14.997149,7.458858,5.384811
11.752151,16.111746,5.376168,9.724482,4.284775,3.21728,3.239707,11.764822,11.783437,12.861896,11.917675,7.482668
11.827781,18.289261,4.275827,8.565317,17.213413,18.181934,16.111746,5.382121,11.739713,8.601974,16.09458,10.689509
========================================================
Test10 (ADC Calibration) results 2007-10-01 14:58:14
Board ID39 36 channels
Linux calibration software

Voltmeter channel: A=1.06977, B=20.6823

A:
1.06498,1.07627,1.07283,1.07097,1.06799,1.07521,1.07064,1.06739,1.07444,1.07173,1.06799,1.07547
1.06812,1.07375,1.07452,1.08072,1.07034,1.07127,1.07978,1.07107,1.0715,1.0715,1.08244,1.06862
1.07547,1.07686,1.06799,1.06272,1.07736,1.07047,1.07428,1.07597,1.0665,1.07547,1.04381,1.0671


B:
1.30884,11.703,16.1091,7.30306,8.10872,7.27865,9.0853,13.8022,7.93802,8.49395,7.90475,5.09453
8.52996,12.7515,1.54528,5.03824,1.27981,2.85128,-0.879756,6.11858,6.55226,10.3523,10.3586,3.03563
6.32095,11.1401,2.97274,7.14923,9.73616,10.8672,11.3212,4.45666,9.01135,3.17,29.4519,9.04919


========================================================
Test10 (ADC Calibration) results 2007-10-01 16:06:39
Board ID39 36 channels
Linux calibration software

Voltmeter channel: A=1.07018, B=19.7369

A:
1.06488,1.07597,1.07263,1.07024,1.06789,1.07448,1.06995,1.06792,1.07464,1.0712,1.06852,1.07601
1.06812,1.07408,1.07398,1.08101,1.07044,1.07117,1.07958,1.07054,1.0713,1.0715,1.08308,1.06852
1.07601,1.07716,1.06852,1.06272,1.07746,1.07047,1.07501,1.07617,1.0667,1.07547,1.0658,1.06802


B:
1.43668,12.2847,16.7637,9.70589,8.03542,9.29501,11.1804,13.1247,8.08466,10.2484,7.22559,4.40843
8.52996,12.3239,2.22892,4.65407,0.752068,2.77863,-0.224967,7.86714,6.80596,10.3523,8.66173,3.36263
5.63645,10.5582,2.29411,7.14923,9.40887,10.8672,8.909,4.20196,8.35775,3.17,21.5722,7.86158


========================================================
Test10 (ADC Calibration) results 2008-06-17 15:59:19
Board ID039 36 channels
Linux calibration software

Voltmeter channel: A=1.07, B=0

A:
1.08202,1.09327,1.08955,1.08775,1.0855,1.09281,1.08766,1.08568,1.09191,1.08883,1.08604,1.09336
1.0855,1.09118,1.09182,1.09765,1.08703,1.08955,1.09591,1.08865,1.08775,1.08847,1.10078,1.08541
1.09281,1.09327,1.0855,1.07953,1.09473,1.08721,1.09163,1.09363,1.08434,1.09236,1.08237,1.08532


B:
2.47939,11.8774,16.8029,8.22596,6.60806,9.4519,10.7022,12.3045,7.66476,9.18779,6.76103,3.48482
7.69356,12.0416,1.41526,5.89187,2.1507,0.895374,0.910219,7.61193,8.00846,10.1726,8.0893,4.08634
6.17346,12.0959,2.4831,8.68776,11.2011,11.1162,10.5347,2.35818,6.60234,4.18822,17.7327,7.85962


========================================================
Test10 (ADC Calibration) results 2008-07-16 21:23:30
Board ID039 36 channels
Linux calibration software

Voltmeter channel: A=1.07, B=0

A:
1.08275,1.09418,1.09041,1.08825,1.08619,1.0938,1.08872,1.08647,1.09257,1.08966,1.08656,1.09409
1.086,1.0922,1.09239,1.09827,1.08787,1.09003,1.09665,1.08984,1.08844,1.08881,1.10124,1.08563
1.09343,1.0938,1.08656,1.08043,1.09561,1.08834,1.09191,1.09447,1.08489,1.09276,1.08386,1.08628


B:
1.14636,10.1661,15.8038,7.11175,5.53546,8.54429,9.29198,11.1431,7.04952,7.99187,5.62436,2.37533
7.22931,10.6734,1.10618,4.8856,0.277674,0.669253,-0.428231,5.63904,7.15668,10.0769,7.23152,3.88349
5.3922,11.607,0.625936,7.84417,10.6166,9.41987,10.2781,1.80689,6.09415,3.81602,15.0635,5.88399


========================================================
Test10 (ADC Calibration) results 2008-07-19 11:34:37
Board ID039 36 channels
Linux calibration software

Voltmeter channel: A=1.07, B=0

A:
1.08228,1.09418,1.09031,1.08806,1.08591,1.0938,1.08872,1.08628,1.09229,1.08909,1.08666,1.0938
1.08619,1.09182,1.09182,1.09808,1.08731,1.08984,1.09703,1.08937,1.08825,1.089,1.10153,1.08563
1.09333,1.09399,1.08638,1.0808,1.09551,1.08815,1.09182,1.09437,1.08461,1.09276,1.08386,1.08619


B:
2.01213,10.1661,15.2358,7.50268,6.22953,8.76288,9.07429,11.3154,7.09141,7.63945,4.8858,2.63747
6.83884,10.8011,1.84838,5.49992,1.66979,0.407739,-1.43811,6.50849,7.54695,9.46823,6.74808,3.66603
5.04195,11.4333,0.800099,6.85253,9.82674,9.59224,9.92762,1.67562,6.13584,3.59752,14.8467,5.75265


========================================================
Test10 (ADC Calibration) results 2008-07-19 14:46:21
Board ID039 36 channels
Linux calibration software

Voltmeter channel: A=1.07, B=0

A:
1.08266,1.09418,1.09031,1.08806,1.0861,1.0938,1.08815,1.08628,1.09257,1.08909,1.08619,1.0938
1.08619,1.09163,1.0921,1.09798,1.08778,1.09003,1.09722,1.08947,1.08834,1.08862,1.10153,1.08554
1.09343,1.09399,1.086,1.08062,1.09542,1.08787,1.09163,1.09399,1.08489,1.09258,1.08321,1.08619


B:
1.01666,9.94735,15.2358,7.50268,5.62241,8.10649,10.0274,11.0983,6.83106,7.85721,6.40447,2.85657
6.83884,11.4103,1.58627,5.36741,0.365048,0.669253,-1.6139,6.2038,7.4608,10.2491,6.52783,3.96969
5.17356,10.996,1.58176,7.24049,10.1329,10.0685,10.1006,2.46275,6.31107,3.99014,16.0947,5.75265


========================================================
Test10 (ADC Calibration) results 2008-07-20 08:08:59
Board ID039 36 channels
Linux calibration software

Voltmeter channel: A=1.07, B=0

A:
1.08238,1.09418,1.09022,1.08825,1.08619,1.09343,1.08853,1.08638,1.09239,1.089,1.08666,1.09371
1.08628,1.09163,1.09182,1.09827,1.08759,1.09003,1.09665,1.08966,1.08844,1.08881,1.10181,1.08563
1.09314,1.09418,1.08628,1.08043,1.09532,1.08815,1.09182,1.09437,1.0847,1.09333,1.0833,1.08619


B:
1.70934,10.1661,15.7579,7.98214,5.53546,9.54727,9.46479,10.7947,7.00484,8.59698,5.10307,2.72489
6.7532,11.4103,1.84838,5.1052,0.973674,0.0155148,-0.64739,6.03044,7.15668,9.85883,6.26477,3.88349
5.43466,10.8227,0.452574,7.41222,10.0008,9.80982,9.92762,1.4568,6.05016,2.41818,16.2262,5.97022


========================================================
Test10 (ADC Calibration) results 2008-07-20 17:40:55
Board ID039 36 channels
Linux calibration software

Voltmeter channel: A=1.07, B=0

A:
1.08256,1.09399,1.09031,1.08844,1.0861,1.09352,1.08815,1.08628,1.09229,1.08881,1.08656,1.0938
1.08591,1.09125,1.09201,1.09818,1.08741,1.08984,1.09646,1.08947,1.08834,1.08872,1.10162,1.08544
1.09324,1.09428,1.08619,1.08025,1.09542,1.08769,1.09182,1.09418,1.08489,1.09295,1.0833,1.08619


B:
1.10297,10.7772,15.0178,7.15668,5.40486,8.80435,9.80982,11.0983,7.52822,8.55231,5.4071,2.41877
7.53256,12.1929,1.67382,5.19256,1.36526,0.843448,-0.4716,6.8572,7.4608,9.94532,6.22,4.05605
5.129,10.5171,1.40788,8.23223,9.91399,10.2412,9.92762,2.06928,5.87735,3.20459,16.2262,5.97022


========================================================
Test10 (ADC Calibration) results 2008-07-24 12:08:22
Board ID039 36 channels
Linux calibration software

Voltmeter channel: A=1.07, B=0

A:
1.08247,1.09371,1.08975,1.08769,1.08572,1.09361,1.08825,1.08572,1.09191,1.08815,1.086,1.09361
1.086,1.09135,1.09191,1.09779,1.08731,1.08966,1.09656,1.08909,1.08797,1.08834,1.10114,1.08526
1.09314,1.09361,1.08572,1.07997,1.09466,1.0875,1.09116,1.0939,1.0847,1.09258,1.08349,1.08619


B:
0.756957,9.72452,15.3152,7.84839,5.75091,8.71776,9.28825,11.1795,7.22059,8.06906,5.4916,2.37474
6.79463,10.5785,1.32448,5.54253,0.365064,-0.0717399,-0.779157,6.76812,7.80649,9.8551,6.43784,3.79542
4.77905,11.5609,0.539384,7.84143,10.1703,9.97856,10.0968,2.11264,5.61599,3.11603,15.4054,5.31828


========================================================
Test10 (ADC Calibration) results 2009-01-16 09:48:13
Board ID039 36 channels
Host: ufcmshv3
Linux calibration software

Voltmeter channel: A=1.05034, B=12.895

A:
1.04233,1.04695,1.05511,1.06987,1.05025,1.05306,1.04376,1.04619,1.05391,1.06157,1.05408,1.05648
1.06882,1.06148,1.06131,1.05442,1.05118,1.05059,1.04292,1.05144,1.04158,1.03867,1.04729,1.04923
1.05502,1.05803,1.05042,1.05855,1.05631,1.04603,1.04042,1.04334,1.05811,1.07732,1.06662,1.06131


B:
3.31945,8.95543,14.7391,8.65795,6.25309,9.91503,8.63894,9.25479,7.63652,6.36949,7.47603,3.73826
7.4983,10.9088,3.42881,6.09915,1.37456,0.889004,-0.995027,6.38954,7.57961,10.1469,9.26438,4.90747
4.90205,12.0127,1.47096,8.77813,9.39293,8.36833,9.94003,3.19442,6.85342,4.77339,16.3605,7.46184


========================================================
Test10 (ADC Calibration) results 2009-07-13 18:40:58
Board ID039 36 channels
Host: ufcmshv3
Linux calibration software

Voltmeter channel: A=1.05059, B=13.0758

A:
1.0528,1.04695,1.05579,1.06978,1.05067,1.05331,1.04351,1.04619,1.05383,1.06157,1.05442,1.05674
1.06917,1.06131,1.06166,1.05417,1.05118,1.05034,1.04242,1.05161,1.04117,1.03859,1.0472,1.04932
1.05477,1.05829,1.05042,1.0588,1.05631,1.04619,1.04042,1.04317,1.05803,1.0775,1.06689,1.06122


B:
4.04924,9.58364,13.8878,9.16722,6.27172,10.3063,9.92134,10.5102,8.34955,7.21868,7.15386,4.12941
7.38548,12.1316,3.31564,7.39539,2.21557,2.18147,0.529228,7.07005,9.43457,11.2647,9.76317,5.24659
6.40974,12.618,1.89076,8.32383,9.81555,8.2086,10.7723,4.18873,7.56898,4.82387,17.3984,7.96735


