========================================================

Test11 results 03-31-2005  14:06:43
Board ID039  36 channels
HV Tests Software Ver.1.6

+5V 2520 - O'k
-5V 1307 - O'k
Interlock - On
Calibration DAC Range: [2500 - 2900]


A:
Limits 0.76 +/- 0.04
0.747664,0.739372,0.742115,0.742115,0.746269,0.738007,0.744879,0.746269,0.740741,0.743494,0.747664,0.739372
0.744879,0.739372,0.739372,0.735294,0.744879,0.740741,0.735294,0.742115,0.742115,0.742115,0.732601,0.742115
0.740741,0.738007,0.743494,0.742115,0.739372,0.742115,0.740741,0.739372,0.744879,0.739372,0.744879,0.743494


B:
Limits 60.0 +/- 30.0
66.370995,65.875175,62.056679,73.122452,66.573608,74.871407,59.103344,60.752674,68.52964,61.420231,68.67733,70.719353
66.913483,72.687645,76.87278,69.376205,65.709602,81.533112,80.313881,80.042274,72.327072,69.866638,75.275917,82.343994
66.13887,70.441559,78.533852,70.512733,67.466919,71.306847,66.865868,69.058655,72.48407,71.30764,65.221863,72.257355
========================================================
Test11 (DAC Calibration) results 2007-10-01 14:58:14
Board ID39 36 channels
Linux calibration software
Calibration DAC Range: [1100 - 2700]

A:
0.746338,0.738144,0.740878,0.741427,0.743494,0.739235,0.742391,0.743909,0.73903,0.741633,0.743494,0.738689
0.743771,0.739508,0.739713,0.735835,0.742597,0.741221,0.736106,0.741359,0.741427,0.741427,0.733205,0.743425
0.738689,0.737735,0.743494,0.748293,0.737395,0.741771,0.739508,0.738348,0.744532,0.738689,0.764892,0.744117


B:
75.2776,73.6852,69.8834,79.7961,79.1821,72.4635,70.3044,74.1491,80.1386,73.1342,76.9516,76.1773
73.596,75.7811,80.675,72.0383,78.4833,82.3034,81.671,82.2629,79.0547,76.2372,77.3256,81.6559
77.6547,74.1054,81.4125,69.6005,77.5277,76.356,74.7458,76.6497,78.5016,78.3934,57.9116,76.0952


========================================================
Test11 (DAC Calibration) results 2007-10-01 16:06:39
Board ID39 36 channels
Linux calibration software
Calibration DAC Range: [1100 - 2700]

A:
0.746408,0.738348,0.741015,0.741565,0.743564,0.739372,0.742873,0.743909,0.738894,0.741633,0.743494,0.738689
0.743771,0.739645,0.739713,0.735632,0.742528,0.74129,0.736242,0.741359,0.741565,0.741427,0.733138,0.743494
0.738689,0.737531,0.743494,0.748293,0.737327,0.741771,0.739372,0.738212,0.744394,0.738689,0.749485,0.74384


B:
75.182,73.2533,69.3961,79.3104,79.2359,72.2736,68.7436,74.1491,80.0312,73.1342,76.9516,76.1773
73.596,75.5916,80.675,72.3218,78.875,82.3573,81.1889,82.2629,78.8654,76.2372,77.2727,81.4125
77.6547,74.5367,81.4125,69.6005,77.7696,76.356,75.231,76.8386,78.9893,78.3934,63.7623,76.476


========================================================
Test11 (ADC Calibration) results 2008-06-17 18:39:44
Board ID039 36 channels
Linux calibration software

Calibration DAC Range: [1000 - 3500]

A:
0.7348,0.7268,0.7288,0.73,0.7316,0.7268,0.7304,0.732,0.7272,0.7292,0.7312,0.7268
0.732,0.7276,0.7276,0.724,0.7308,0.7284,0.7252,0.7292,0.73,0.7296,0.7212,0.7312
0.7264,0.7268,0.7316,0.736,0.7252,0.7304,0.7276,0.7264,0.7324,0.7276,0.738,0.7316


B:
74.2001,73.1999,71.2,79.9999,80.4,72.1999,70.5999,74,80.8001,74.8,77.8001,77.1999
74,77.4001,82.4001,73.0001,79.2001,84.6,80.8,82.8,78.9999,77.4,78.8,82.8001
79.5999,73.1999,82.4,70,77.8,76.5999,75.4001,78.5999,79.6,77.4001,67.0001,77.4


========================================================
Test11 (ADC Calibration) results 2008-07-16 22:38:23
Board ID039 36 channels
Linux calibration software

Calibration DAC Range: [1000 - 3500]

A:
0.7344,0.726,0.7284,0.7292,0.7312,0.7264,0.73,0.7312,0.7268,0.7288,0.7312,0.726
0.7316,0.7272,0.7272,0.7236,0.73,0.7284,0.7244,0.728,0.7292,0.7292,0.7208,0.7312
0.7264,0.7264,0.7308,0.7356,0.7248,0.7296,0.7268,0.7256,0.7316,0.7268,0.7372,0.7312


B:
74.6001,75,71.6,81.8,80.8001,72.5999,70.9999,75.8001,80.1999,75.2,77.8001,78
74.4,76.8001,81.8001,73.4001,80.9999,84.6,82.6001,85.0001,80.8,77.8,79.2001,82.8001
78.5999,73.5999,83.2001,70.4,78.2,78.4,77.1999,79.4,81.4,78.1999,68.7999,77.8001


========================================================
Test11 (ADC Calibration) results 2008-07-20 18:58:34
Board ID039 36 channels
Linux calibration software

Calibration DAC Range: [1000 - 3500]

A:
0.734,0.726,0.7288,0.7292,0.7312,0.7264,0.73,0.7308,0.7272,0.7292,0.7312,0.7264
0.7316,0.7276,0.7272,0.724,0.7304,0.7284,0.7244,0.7288,0.7296,0.7292,0.7208,0.7312
0.7264,0.726,0.7308,0.736,0.7248,0.73,0.7272,0.726,0.732,0.7264,0.7368,0.7308


B:
75.9999,74,71.2,80.8,80.8001,72.5999,70.9999,76.2001,79.8001,74.8,77.8001,77.5999
74.4,76.4001,81.8001,72.0001,79.5999,83.6,82.6001,82.2,79.4,77.8,79.2001,82.8001
78.5999,74,83.2001,69,78.2,76.9999,75.8001,78,80,79.5999,69.2,78.2001


========================================================
Test11 (ADC Calibration) results 2008-07-24 15:42:31
Board ID039 36 channels
Linux calibration software

Calibration DAC Range: [1000 - 3500]

A:
0.734,0.726,0.7284,0.73,0.7312,0.7264,0.7296,0.7316,0.7268,0.7296,0.7312,0.7264
0.7312,0.7276,0.7272,0.7236,0.7304,0.7284,0.7248,0.7288,0.73,0.7292,0.7204,0.7312
0.7264,0.726,0.7312,0.7364,0.7252,0.73,0.7276,0.7256,0.732,0.7268,0.7368,0.7312


B:
74.9999,75,71.6,78.9999,79.8001,71.5999,71.4,74.4,80.1999,74.4,77.8001,77.5999
74.8001,76.4001,81.8001,72.4001,79.5999,84.6,80.2,82.2,77.9999,76.8,79.6001,82.8001
78.5999,73,82.8001,67.6,77.8,76.9999,75.4001,78.4,80,78.1999,68.2,77.8001


========================================================
Test11 (ADC Calibration) results 2009-01-16 09:57:44
Board ID039 36 channels
Host: ufcmshv3
Linux calibration software

Calibration DAC Range: [1000 - 3500]

A:
0.734,0.726,0.7288,0.7296,0.7312,0.726,0.73,0.7312,0.7268,0.7296,0.7308,0.726
0.7308,0.7272,0.7276,0.7236,0.7308,0.7284,0.7244,0.7288,0.7296,0.7292,0.7204,0.7312
0.7264,0.726,0.7312,0.736,0.7248,0.7296,0.7276,0.7256,0.7316,0.7268,0.7368,0.7312


B:
75.9999,76,71.2,80.4,80.8001,73,70.9999,76.8001,81.1999,75.4,79.2001,79
76.2001,77.8001,81.4001,72.4001,79.2001,84.6,81.6001,83.2,79.4,77.8,80.6001,82.8001
79.5999,74,82.8001,69,79.2,78.4,76.4001,79.4,81.4,78.1999,69.2,77.8001


========================================================
Test11 (ADC Calibration) results 2009-01-16 10:35:14
Board ID039 36 channels
Host: ufcmshv3
Linux calibration software

Calibration DAC Range: [1000 - 3500]

A:
0.762,0.7584,0.7528,0.742,0.7556,0.754,0.7612,0.7592,0.7532,0.748,0.7532,0.7516
0.7424,0.748,0.748,0.7536,0.7556,0.7552,0.762,0.7548,0.7624,0.764,0.758,0.7568
0.7524,0.7504,0.756,0.7504,0.7516,0.7584,0.7632,0.7612,0.75,0.7372,0.7484,0.748


B:
74.9999,75.5999,71.2,79.0001,81.4001,72,70.8,76.8001,79.8,75.9999,76.8,78.3999
75.6,76.9999,80.9999,72.4,79.4001,84.7999,81.9999,83.1999,78.6001,78,76.9999,81.2
79.6001,73.6,82.0001,69.6,78.3999,79.5999,75.8,77.8,80,76.7999,68.6001,76.9999


========================================================
Test11 (ADC Calibration) results 2009-07-13 18:52:12
Board ID039 36 channels
Host: ufcmshv3
Linux calibration software

Calibration DAC Range: [1000 - 3500]

A:
0.7548,0.7584,0.7516,0.742,0.756,0.7536,0.7612,0.7588,0.7532,0.7476,0.7532,0.7516
0.7424,0.748,0.7476,0.754,0.7556,0.7556,0.762,0.7544,0.7624,0.7644,0.758,0.7564
0.7524,0.75,0.756,0.75,0.7516,0.758,0.7632,0.7612,0.7496,0.7368,0.7484,0.748


B:
71.2,73.6,71.4,77,77,69.4,67.8,74.2,77.8,74.4,74.8,74.4
72.6,74,78.4,68,76.4,81.4,79,80.6,75.6,74.6,74,79.6
76.6,71,80,68,76.4,78,72.8,74.8,78.4,75.2,65.6,74


