========================================================

Test11 results 02-01-2005  15:21:36
Board ID299  30 channels
HV Tests Software Ver.1.6

+5V 2564 - O'k
-5V 1302 - O'k
Interlock - On
Calibration DAC Range: [2500 - 2900]


A:
Limits 0.76 +/- 0.04
0.750469,0.750469,0.744879,0.750469,0.746269,0.739372,0.746269,0.747664,0.743494,0.749064
0.749064,0.739372,0.749064,0.744879,0.749064,0.749064,0.746269,0.749064,0.747664,0.746269
0.747664,0.743494,0.75188,0.739372,0.744879,0.735294,0.738007,0.750469,0.746269,0.743494


B:
Limits 70.0 +/- 30.0
47.97987,45.835281,48.4048,56.283768,67.418625,48.761322,66.708977,51.984314,58.25185,62.109741
60.609051,67.322327,66.430756,52.889534,47.216797,45.932453,47.43681,58.232201,50.624065,67.257385
64.498734,62.138313,48.015144,66.470856,50.78838,57.919903,61.144936,47.186893,61.175182,53.705025
========================================================
Test11 (DAC Calibration) results 2007-07-18 13:26:48
Board ID299 30 channels
Linux calibration software
Calibration DAC Range: [1100 - 2700]

A:
0.750399,0.747943,0.742459,0.75188,0.746338,0.737463,0.748083,0.747175,0.759951,0.749064
0.748713,0.740878,0.751315,0.744255,0.746617,0.745573,0.74474,0.748083,0.746269,0.748573
0.747035,0.743149,0.748713,0.740741,0.758006,0.734754,0.738689,0.749555,0.747664,0.743011


B:
53.1938,60.359,62.7842,57.1429,69.3069,60.177,65.4013,58.8865,40.9327,67.4907
66.7759,66.4753,65.8905,60.1266,59.9626,59.9254,57.6614,65.9998,61.1941,63.6753
71.1831,67.1713,63.0323,66.6668,50.0094,65.4665,63.6196,56.0198,62.9906,62.0136


========================================================
Test11 (DAC Calibration) results 2008-06-02 04:19:54
Board ID299 30 channels
Linux calibration software
Calibration DAC Range: [1100 - 2700]

A:
0.749836,0.748083,0.742115,0.751385,0.745712,0.737327,0.747664,0.746617,0.745018,0.749064
0.748713,0.740535,0.750399,0.744048,0.746617,0.745226,0.744532,0.748293,0.745643,0.748573
0.746896,0.742942,0.748433,0.740124,0.750399,0.751668,0.738416,0.749064,0.747314,0.742459


B:
53.9788,59.8651,63.2653,57.6783,68.6802,60.3686,65.9813,59.216,56.2303,67.0412
66.0272,66.6575,67.1515,60.119,59.9626,60.4098,57.6547,65.1108,61.767,63.376
70.927,67.0134,63.4204,67.3792,53.1938,54.2799,64.0023,56.5543,63.0266,62.0417


========================================================
Test11 (DAC Calibration) results 2008-06-02 04:35:16
Board ID299 30 channels
Linux calibration software
Calibration DAC Range: [1100 - 2700]

A:
inf,inf,inf,4000,inf,inf,inf,inf,-4000,inf
inf,inf,inf,inf,inf,inf,inf,inf,-8000.01,inf
inf,inf,inf,-1600,inf,inf,-666.667,8000.01,4000,inf


B:
nan,-inf,nan,-20500,nan,nan,nan,nan,14700,nan
-inf,-inf,-inf,nan,-inf,nan,nan,nan,58700.1,nan
nan,nan,nan,4300,-inf,nan,2700,-30900,-16500,nan


========================================================
Test11 (ADC Calibration) results 2008-06-17 04:20:31
Board ID299 30 channels
Linux calibration software

Calibration DAC Range: [1000 - 3500]

A:
0.7472,0.746,0.74,0.7492,0.7436,0.7352,0.7452,0.7448,0.7428,0.7468
0.7468,0.7392,0.7488,0.7416,0.7444,0.7432,0.742,0.7456,0.7436,0.7464
0.7452,0.7416,0.7468,0.7388,0.748,0.7488,0.736,0.7472,0.7444,0.7408


B:
55.8,60,62,57.8,68.4,60.8,66.8001,58.2001,57.2,67.2
65.2,64.8,66.2001,61.4001,60.5999,60.8,59.0001,66.4001,61.4,63.6
69.8001,65.4001,62.2,66.2,54.9999,57.2001,65,56.8,65.5999,61.1999


========================================================
Test11 (ADC Calibration) results 2008-06-17 07:43:31
Board ID299 30 channels
Linux calibration software

Calibration DAC Range: [1000 - 3500]

A:
0.7392,0.7376,0.7312,0.7404,0.7348,0.7268,0.7372,0.7364,0.7348,0.7384
0.7384,0.7304,0.7404,0.7332,0.7364,0.7344,0.7336,0.7376,0.7352,0.7376
0.7364,0.7332,0.738,0.73,0.7396,0.7404,0.7276,0.7388,0.7364,0.7324


B:
55.8,60.3999,63.8001,58.5999,70.2001,61.1999,66.7999,59.6,57.2001,67.6001
66.6001,66.5999,66.5999,61.8,60.6,62.6001,58.3999,66.3999,62.8,64.3999
71.6,65.7999,64.0001,66.9999,55.4,58.5999,65.4001,57.2,64.6,61.6


========================================================
Test11 (DAC Calibration) results 2008-08-26 09:07:02
Board ID299 30 channels
Linux calibration (server mode)

Calibration DAC Range: [3100 - 3500]

A:
0.762857,0.762857,0.757429,0.765143,0.762857,0.752,0.764,0.760857,0.759143,0.765714
0.764857,0.757143,0.767714,0.758857,0.761714,0.76,0.758857,0.764286,0.761143,0.764
0.764857,0.76,0.764286,0.757143,0.763429,0.765143,0.754,0.762857,0.762857,0.758286


B:
0.0,0.0,0.0,0.0,0.0,0.0,0.0,0.0,0.0,0.0
0.0,0.0,0.0,0.0,0.0,0.0,0.0,0.0,0.0,0.0
0.0,0.0,0.0,0.0,0.0,0.0,0.0,0.0,0.0,0.0


========================================================
Test11 (DAC Calibration) results 2008-08-26 13:28:53
Board ID299 30 channels
Linux calibration (server mode)

Calibration DAC Range: [3100 - 3500]

A:
0.763143,0.763143,0.757429,0.765143,0.763143,0.752,0.764,0.761429,0.759143,0.766
0.765143,0.757143,0.767429,0.758571,0.761429,0.76,0.758571,0.764286,0.761143,0.764
0.765143,0.76,0.764286,0.757143,0.763429,0.765143,0.754,0.763143,0.763143,0.758286


B:
0.0,0.0,0.0,0.0,0.0,0.0,0.0,0.0,0.0,0.0
0.0,0.0,0.0,0.0,0.0,0.0,0.0,0.0,0.0,0.0
0.0,0.0,0.0,0.0,0.0,0.0,0.0,0.0,0.0,0.0


========================================================
Test11 (DAC Calibration) results 2008-08-26 13:41:21
Board ID299 30 channels
Linux calibration (server mode)

Calibration DAC Range: [3100 - 3500]

A:
0.763143,0.763143,0.757429,0.765143,0.763143,0.752,0.764,0.761429,0.759143,0.766
0.765143,0.757143,0.767429,0.758857,0.761429,0.760571,0.758286,0.764286,0.761143,0.764
0.765143,0.76,0.764286,0.757143,0.763429,0.765143,0.754,0.763143,0.763143,0.758286


B:
0.0,0.0,0.0,0.0,0.0,0.0,0.0,0.0,0.0,0.0
0.0,0.0,0.0,0.0,0.0,0.0,0.0,0.0,0.0,0.0
0.0,0.0,0.0,0.0,0.0,0.0,0.0,0.0,0.0,0.0


========================================================
Test11 (DAC Calibration) results 2008-08-26 14:01:41
Board ID299 30 channels
Linux calibration (server mode)

Calibration DAC Range: [3100 - 3500]

A:
0.763143,0.763143,0.757429,0.765143,0.763143,0.752,0.764,0.761429,0.759143,0.766
0.765143,0.757143,0.767429,0.758571,0.761429,0.760286,0.758857,0.764286,0.761143,0.764
0.765143,0.76,0.764286,0.757143,0.763429,0.765143,0.754,0.763143,0.763143,0.758286


B:
0.0,0.0,0.0,0.0,0.0,0.0,0.0,0.0,0.0,0.0
0.0,0.0,0.0,0.0,0.0,0.0,0.0,0.0,0.0,0.0
0.0,0.0,0.0,0.0,0.0,0.0,0.0,0.0,0.0,0.0


========================================================
Test11 (DAC Calibration) results 2008-08-26 14:20:18
Board ID299 30 channels
Linux calibration (server mode)

Calibration DAC Range: [3100 - 3500]

A:
0.763143,0.763143,0.757429,0.765143,0.763143,0.752,0.764,0.761429,0.759143,0.766
0.765143,0.757143,0.767429,0.759143,0.761429,0.760286,0.758571,0.764286,0.761143,0.764
0.765143,0.76,0.764286,0.757143,0.763429,0.765143,0.754,0.763143,0.763143,0.758286


B:
0.0,0.0,0.0,0.0,0.0,0.0,0.0,0.0,0.0,0.0
0.0,0.0,0.0,0.0,0.0,0.0,0.0,0.0,0.0,0.0
0.0,0.0,0.0,0.0,0.0,0.0,0.0,0.0,0.0,0.0


========================================================
Test11 (DAC Calibration) results 2008-08-26 14:34:17
Board ID299 30 channels
Linux calibration (server mode)

Calibration DAC Range: [3100 - 3500]

A:
0.763143,0.763143,0.757429,0.765143,0.763143,0.752,0.764,0.761429,0.759143,0.766
0.765143,0.757143,0.767429,0.759143,0.761429,0.760286,0.758286,0.764286,0.761143,0.764
0.765143,0.76,0.764286,0.757143,0.763429,0.765143,0.754,0.763143,0.763143,0.758286


B:
0.0,0.0,0.0,0.0,0.0,0.0,0.0,0.0,0.0,0.0
0.0,0.0,0.0,0.0,0.0,0.0,0.0,0.0,0.0,0.0
0.0,0.0,0.0,0.0,0.0,0.0,0.0,0.0,0.0,0.0


========================================================
Test11 (DAC Calibration) results 2008-08-26 16:52:19
Board ID299 30 channels
Linux calibration (server mode)

Calibration DAC Range: [3100 - 3500]

A:
0.754571,0.754571,0.749429,0.756857,0.754571,0.744,0.756,0.752857,0.750286,0.757143
0.756857,0.748857,0.759143,0.750286,0.752857,0.752,0.750286,0.755714,0.752857,0.755714
0.756,0.751429,0.756,0.748857,0.754571,0.756286,0.746,0.754286,0.754857,0.749714


B:
0.0,0.0,0.0,0.0,0.0,0.0,0.0,0.0,0.0,0.0
0.0,0.0,0.0,0.0,0.0,0.0,0.0,0.0,0.0,0.0
0.0,0.0,0.0,0.0,0.0,0.0,0.0,0.0,0.0,0.0


========================================================
Test11 (DAC Calibration) results 2008-08-27 11:55:23
Board ID299 30 channels
Linux calibration (server mode)

Calibration DAC Range: [3100 - 3500]

A:
0.754857,0.754857,0.749429,0.756571,0.754286,0.744,0.756,0.752571,0.750286,0.757143
0.756571,0.748571,0.759143,0.750286,0.753143,0.752,0.750286,0.756,0.752571,0.755429
0.756571,0.751429,0.756,0.748571,0.754857,0.756286,0.746,0.754286,0.754571,0.749429


B:
0.0,0.0,0.0,0.0,0.0,0.0,0.0,0.0,0.0,0.0
0.0,0.0,0.0,0.0,0.0,0.0,0.0,0.0,0.0,0.0
0.0,0.0,0.0,0.0,0.0,0.0,0.0,0.0,0.0,0.0


========================================================
Test11 (DAC Calibration) results 2008-08-27 12:05:15
Board ID299 30 channels
Linux calibration (server mode)

Calibration DAC Range: [3100 - 3500]

A:
0.754571,0.754571,0.749429,0.757143,0.754286,0.744,0.756,0.752857,0.750286,0.757143
0.756857,0.748857,0.759143,0.750286,0.753143,0.752,0.750286,0.756,0.752286,0.755429
0.756286,0.751429,0.756,0.748857,0.754571,0.756286,0.746,0.754286,0.754286,0.749429


B:
0.0,0.0,0.0,0.0,0.0,0.0,0.0,0.0,0.0,0.0
0.0,0.0,0.0,0.0,0.0,0.0,0.0,0.0,0.0,0.0
0.0,0.0,0.0,0.0,0.0,0.0,0.0,0.0,0.0,0.0


========================================================
Test11 (DAC Calibration) results 2008-08-27 12:16:29
Board ID299 30 channels
Linux calibration (server mode)

Calibration DAC Range: [3100 - 3500]

A:
0.754857,0.754286,0.749429,0.757143,0.754857,0.744,0.756,0.752571,0.750286,0.757143
0.756571,0.748571,0.759143,0.750286,0.753143,0.752,0.750286,0.756,0.752857,0.755429
0.756286,0.751429,0.756,0.748571,0.754857,0.756286,0.746,0.754286,0.754286,0.749429


B:
0.0,0.0,0.0,0.0,0.0,0.0,0.0,0.0,0.0,0.0
0.0,0.0,0.0,0.0,0.0,0.0,0.0,0.0,0.0,0.0
0.0,0.0,0.0,0.0,0.0,0.0,0.0,0.0,0.0,0.0


========================================================
Test11 (DAC Calibration) results 2008-08-27 12:34:55
Board ID299 30 channels
Linux calibration (server mode)

Calibration DAC Range: [3100 - 3500]

A:
0.754571,0.754857,0.749429,0.757143,0.754571,0.744,0.756,0.752857,0.750857,0.757714
0.756857,0.748857,0.759143,0.750286,0.753143,0.752,0.750286,0.756,0.752571,0.756
0.756286,0.751429,0.756,0.748857,0.754571,0.756286,0.746,0.754857,0.754286,0.749429


B:
0.0,0.0,0.0,0.0,0.0,0.0,0.0,0.0,0.0,0.0
0.0,0.0,0.0,0.0,0.0,0.0,0.0,0.0,0.0,0.0
0.0,0.0,0.0,0.0,0.0,0.0,0.0,0.0,0.0,0.0


========================================================
Test11 (DAC Calibration) results 2008-08-27 14:51:08
Board ID299 30 channels
Linux calibration (server mode)

Calibration DAC Range: [3100 - 3500]

A:
0.754286,0.754571,0.749429,0.757143,0.754857,0.744,0.756,0.752571,0.750571,0.757429
0.756571,0.749143,0.759143,0.750286,0.753143,0.752,0.750286,0.756,0.752286,0.756
0.756286,0.751429,0.756,0.748571,0.755143,0.756286,0.746,0.754571,0.754286,0.749429


B:
0.0,0.0,0.0,0.0,0.0,0.0,0.0,0.0,0.0,0.0
0.0,0.0,0.0,0.0,0.0,0.0,0.0,0.0,0.0,0.0
0.0,0.0,0.0,0.0,0.0,0.0,0.0,0.0,0.0,0.0


========================================================
Test11 (DAC Calibration) results 2008-08-27 16:02:02
Board ID299 30 channels
Linux calibration (server mode)

Calibration DAC Range: [3100 - 3500]

A:
0.754286,0.754286,0.749429,0.757143,0.754571,0.744,0.756,0.752857,0.750286,0.757429
0.756857,0.749143,0.759143,0.750286,0.753143,0.752,0.750286,0.756,0.752857,0.755429
0.756286,0.751429,0.756,0.748857,0.755143,0.756286,0.745429,0.754286,0.754857,0.75


B:
0.0,0.0,0.0,0.0,0.0,0.0,0.0,0.0,0.0,0.0
0.0,0.0,0.0,0.0,0.0,0.0,0.0,0.0,0.0,0.0
0.0,0.0,0.0,0.0,0.0,0.0,0.0,0.0,0.0,0.0


========================================================
Test11 (DAC Calibration) results 2008-08-27 16:15:20
Board ID299 30 channels
Linux calibration (server mode)

Calibration DAC Range: [3100 - 3500]

A:
0.754286,0.754286,0.749429,0.757143,0.754286,0.744,0.756,0.752571,0.750286,0.757429
0.756571,0.749143,0.759143,0.750286,0.753143,0.752,0.750286,0.756,0.752571,0.755429
0.756286,0.751429,0.756,0.748571,0.755143,0.756286,0.745429,0.754286,0.754571,0.75


B:
0.0,0.0,0.0,0.0,0.0,0.0,0.0,0.0,0.0,0.0
0.0,0.0,0.0,0.0,0.0,0.0,0.0,0.0,0.0,0.0
0.0,0.0,0.0,0.0,0.0,0.0,0.0,0.0,0.0,0.0


========================================================
Test11 (DAC Calibration) results 2008-08-27 16:29:29
Board ID299 30 channels
Linux calibration (server mode)

Calibration DAC Range: [3100 - 3500]

A:
0.735,0.74,0.73,0.7425,0.73,0.725,0.7375,0.73,0.7325,0.7375
0.7375,0.7325,0.74,0.7325,0.735,0.735,0.7325,0.7375,0.7325,0.7325
0.735,0.7325,0.735,0.73,0.7325,0.735,0.73,0.7375,0.7325,0.7325


B:
67.5,52.0,68.0,51.2,85.0,66.5,64.7,78.0,62.2,69.7
67.7,58.2,67.0,62.2,63.5,59.5,62.2,64.7,69.2,80.2
74.5,66.2,73.5,66.0,77.2,74.5,56.0,58.7,76.2,61.2


========================================================
Test11 (DAC Calibration) results 2008-08-27 16:39:55
Board ID299 30 channels
Linux calibration (server mode)

Calibration DAC Range: [3100 - 3500]

A:
0.735,0.74,0.73,0.7425,0.73,0.725,0.7375,0.735,0.7275,0.7375
0.7375,0.7275,0.74,0.7325,0.735,0.735,0.7325,0.7325,0.7325,0.7375
0.735,0.7275,0.735,0.73,0.7375,0.735,0.73,0.7375,0.7375,0.7325


B:
67.5,52.0,68.0,50.2,85.0,66.5,63.7,62.5,78.7,68.7
66.7,74.7,67.0,63.2,63.5,59.5,61.2,81.2,70.2,63.7
74.5,82.7,73.5,66.0,60.7,74.5,56.0,59.7,59.7,60.2


========================================================
Test11 (DAC Calibration) results 2008-08-27 17:01:29
Board ID299 30 channels
Linux calibration (server mode)

Calibration DAC Range: [3100 - 3500]

A:
0.735,0.74,0.73,0.7375,0.735,0.725,0.7325,0.735,0.7325,0.7375
0.7325,0.7325,0.74,0.7325,0.735,0.735,0.7325,0.7375,0.7325,0.7325
0.735,0.7325,0.735,0.73,0.7375,0.735,0.73,0.7325,0.7325,0.7325


B:
67.5,52.0,68.0,66.7,69.5,66.5,80.2,62.5,62.2,67.7
83.2,58.2,67.0,62.2,63.5,59.5,62.2,64.7,69.2,80.2
74.5,66.2,73.5,66.0,61.7,74.5,56.0,76.2,76.2,61.2


========================================================
Test11 (DAC Calibration) results 2008-08-28 14:20:08
Board ID299 30 channels
Linux calibration (server mode)

Calibration DAC Range: [3100 - 3500]

A:
0.735,0.74,0.73,0.7375,0.735,0.725,0.7375,0.735,0.7275,0.7375
0.7375,0.7275,0.74,0.7325,0.735,0.735,0.7325,0.7425,0.7325,0.7375
0.735,0.7325,0.735,0.73,0.7325,0.735,0.73,0.7375,0.7375,0.7325


B:
67.5,52.0,68.0,67.7,69.5,66.5,63.7,62.5,78.7,68.7
66.7,74.7,67.0,63.2,63.5,59.5,61.2,48.2,70.2,63.7
74.5,67.2,73.5,66.0,78.2,74.5,56.0,59.7,59.7,60.2


========================================================
Test11 (DAC Calibration) results 2008-09-01 16:34:02
Board ID299 30 channels
Linux calibration (server mode)

Calibration DAC Range: [3100 - 3500]

A:
0.735,0.74,0.73,0.7375,0.735,0.725,0.7325,0.735,0.7325,0.7375
0.7375,0.7275,0.7425,0.7325,0.735,0.735,0.7375,0.7375,0.7325,0.7325
0.735,0.7325,0.735,0.73,0.7325,0.735,0.73,0.7375,0.7375,0.7275


B:
67.5,52.0,68.0,66.7,69.5,66.5,80.2,62.5,62.2,69.7
67.7,73.7,58.2,62.2,63.5,59.5,44.7,64.7,69.2,80.2
74.5,66.2,73.5,66.0,77.2,74.5,56.0,58.7,58.7,76.7


========================================================
Test11 (ADC Calibration) results 2008-12-01 11:30:58
Board ID299 30 channels
Host: ufcmshv3
Linux calibration software

Calibration DAC Range: [1000 - 3500]

A:
0.774,0.764,0.7704,0.7588,0.7624,0.766,0.768,0.7576,0.7656,0.7676
0.778,0.7512,0.7712,0.7608,0.7568,0.768,0.7684,0.7692,0.7692,0.7396
0.7632,0.7584,0.7728,0.7676,0.7548,0.7516,0.7652,0.7532,0.764,0.7616


B:
54,63,63.6,57.1999,69.6001,60.0001,65,60.4,64.3999,68.4
65,66.7999,68.8,61.2,64.2,62,57.6,65.7999,62.7999,63.4
70.8,66.5999,65.1999,66.4,63.1999,56.3999,64.7999,56.8,66,63.3999


========================================================
Test11 (ADC Calibration) results 2008-12-01 13:48:22
Board ID299 30 channels
Host: ufcmshv3
Linux calibration software

Calibration DAC Range: [1000 - 3500]

A:
0.7744,0.764,0.7704,0.7588,0.7624,0.7656,0.7672,0.7584,0.766,0.7688
0.7784,0.752,0.7716,0.7608,0.7568,0.7676,0.7688,0.7688,0.7688,0.74
0.7636,0.7584,0.7724,0.7676,0.7548,0.7512,0.7656,0.7528,0.7644,0.7612


B:
53.6,64,63.6,57.1999,69.6001,61.3999,66.8,58.5999,63.0001,66.1999
64.6,65.0001,68.4,61.2,64.2,62.4,57.1999,66.1999,64.1999,62
70.4,66.5999,65.5999,66.4,63.1999,57.7999,64.3999,58.2,64.6,63.8


