========================================================

Test10 results 04-25-2005  13:27:12
Board ID316  30 channels
HV Tests Software Ver.1.6

+5V 2517 - O'k
-5V 1330 - O'k
Interlock - On

Voltmeter channel: A=1.074114, B=9.667063

A:
Limits 1.1 +/- 0.1
1.072386,1.082837,1.071811,1.071811,1.082837,1.069519,1.082251,1.078749,1.070664,1.079331
1.074114,1.074691,1.082837,1.069519,1.070664,1.086957,1.083424,1.067806,1.067236,1.081666
1.072961,1.074691,1.075269,1.083424,1.072961,1.077586,1.069519,1.073537,1.061008,1.071811


B:
Limits 0.0 +/- 30.0
2.144894,4.331523,16.07733,7.502839,10.828545,16.042896,11.9048,9.708548,16.059963,16.19001
11.81529,20.419016,8.662871,9.625785,9.635981,4.347902,8.667404,7.474683,17.075891,9.735032
15.021619,10.746796,11.827781,6.500557,15.021619,4.310467,14.973378,16.102896,18.037064,6.431027
========================================================
Test10 (ADC Calibration) results 2007-11-27 16:27:39
Board ID316 30 channels
Linux calibration software

Voltmeter channel: A=1.06829, B=-1244.13

A:
1.0711,1.08175,1.0711,1.07033,1.08185,1.07258,1.08125,1.07825,1.07191,1.07917
1.07363,1.07494,1.08317,1.06972,1.07026,1.08594,1.08541,1.06613,1.06757,1.07994
1.07526,1.08488,1.07665,1.08322,1.07211,1.07748,1.07006,1.07308,1.06159,1.07137


B:
0.84411,2.2368,12.9863,8.01359,9.27138,10.5321,10.1686,6.782,13.8096,11.8169
9.34801,14.5804,3.21382,9.38217,4.62659,3.10633,1.04627,6.75177,10.8427,8.99699
10.2636,7.63384,9.80927,3.47271,12.6955,0.36646,11.813,12.1823,12.7157,3.07351


========================================================
Test10 (ADC Calibration) results 2008-06-17 15:59:19
Board ID316 30 channels
Linux calibration software

Voltmeter channel: A=1.07, B=0

A:
1.08755,1.09847,1.08809,1.08764,1.09911,1.08854,1.09773,1.09444,1.08818,1.09554
1.08999,1.09126,1.09856,1.08719,1.08692,1.1029,1.10179,1.08289,1.08315,1.09673
1.09153,1.09865,1.09307,1.09874,1.08854,1.09426,1.08656,1.08899,1.07782,1.08782


B:
0.493311,1.80263,12.1789,6.71766,8.02704,11.766,10.1595,7.02471,13.1842,12.3767
10.0071,14.9563,5.23359,6.91468,4.55512,1.93675,1.84778,5.89692,13.0139,8.44412
9.68757,8.44563,9.36792,4.84609,13.2897,-0.249453,11.1889,13.0949,12.0944,2.85348


========================================================
Test10 (ADC Calibration) results 2008-07-16 21:23:30
Board ID316 30 channels
Linux calibration software

Voltmeter channel: A=1.07, B=0

A:
1.08814,1.09922,1.08879,1.08795,1.0995,1.08954,1.09874,1.0955,1.08907,1.09607
1.09077,1.09218,1.09941,1.08832,1.08757,1.10373,1.10277,1.08366,1.08403,1.09778
1.09237,1.09883,1.09389,1.09989,1.08992,1.09512,1.08739,1.08992,1.07884,1.0887


B:
0.168009,1.11753,11.9718,7.30429,8.55088,9.97726,8.80734,6.05692,12.3678,12.3311
9.29284,14.5504,4.24047,5.65375,4.16893,1.39681,1.17289,5.18558,12.2129,7.26041
9.35413,8.28062,8.8455,4.02311,12.2489,-0.603881,10.8662,12.4668,11.3658,2.04204


