========================================================

Test11 results 04-25-2005  13:28:59
Board ID316  30 channels
HV Tests Software Ver.1.6

+5V 2517 - O'k
-5V 1331 - O'k
Interlock - On
Calibration DAC Range: [2500 - 2900]


A:
Limits 0.76 +/- 0.04
0.753296,0.746269,0.754717,0.754717,0.746269,0.753296,0.744879,0.747664,0.754717,0.747664
0.750469,0.75188,0.744879,0.754717,0.753296,0.742115,0.746269,0.754717,0.757576,0.747664
0.750469,0.750469,0.75188,0.749064,0.754717,0.750469,0.753296,0.75188,0.759013,0.75188


B:
Limits 60.0 +/- 30.0
61.213764,61.031067,48.577309,59.806305,56.340836,61.027096,64.862518,67.257385,49.026344,55.408489
65.880463,49.409317,66.396645,63.555565,65.962143,66.982971,51.640217,68.098793,51.709381,55.566383
65.61058,64.984337,51.750313,63.707901,46.150459,60.846859,63.446617,61.08952,62.966183,67.449471
========================================================
Test11 (DAC Calibration) results 2007-11-27 16:27:39
Board ID316 30 channels
Linux calibration software
Calibration DAC Range: [1100 - 2700]

A:
0.753296,0.745504,0.753296,0.753083,0.745434,0.75188,0.745851,0.747175,0.752729,0.747664
0.751527,0.75061,0.744532,0.753509,0.753509,0.742253,0.744117,0.75643,0.755786,0.746756
0.749625,0.743356,0.749415,0.748643,0.752587,0.748083,0.75365,0.751527,0.759662,0.752729


B:
64.9718,66.8809,57.4388,69.4815,63.2501,64.6617,65.8028,73.3818,55.2128,60
66.651,59.5048,71.8008,68.4468,70.7073,70.7925,61.3617,67.4735,63.061,64.249
67.0165,68.5187,59.0633,69.1185,57.667,73.6302,64.4842,66.651,65.3404,70.2674


