========================================================

Test10 results 09-05-2005  12:59:09
Board ID393  30 channels
HV Tests Software Ver.1.6

+5V 2489 - O'k
-5V 1293 - O'k
Interlock - On

Voltmeter channel: A=1.083424, B=2.166862

A:
Limits 1.1 +/- 0.1
1.072386,1.078749,1.083424,1.074691,1.081081,1.080497,1.093494,1.071237,1.072961,1.074691
1.080497,1.074691,1.077586,1.067236,1.084599,1.070664,1.079331,1.071811,1.076426,1.061008
1.081081,1.073537,1.078749,1.078167,1.072386,1.073537,1.077006,1.075269,1.071811,1.080497


B:
Limits 0.0 +/- 35.0
7.506824,7.55105,8.667404,8.597414,1.08126,9.724482,6.561007,10.712199,10.729774,5.373341
6.48299,6.448031,11.85357,8.538006,16.269119,6.423989,11.872686,2.143782,7.534973,20.159081
9.729908,9.661671,9.708548,4.312799,6.434438,6.441059,9.692835,8.601974,7.502839,11.885475
========================================================
Test10 (ADC Calibration) results 2009-01-15 16:30:15
Board ID393 30 channels
Host: ufcmshv3
Linux calibration software

Voltmeter channel: A=1.05084, B=1.27724

A:
1.057,1.07261,1.04847,1.06496,1.06575,1.04042,1.04873,1.04889,1.04788,1.06019
1.04754,1.04661,1.05579,1.03446,1.0534,1.057,1.0451,1.04923,1.04342,1.06036
1.07358,1.04983,1.04704,1.05076,1.06575,1.05195,1.06917,1.03619,1.04586,1.03776


B:
3.04103,5.90748,6.67788,3.83375,-0.737828,6.81878,3.71102,8.16488,7.23875,4.27337
5.25363,5.9253,7.97567,5.68152,10.8583,5.36637,12.1714,-0.128898,4.99236,1.56599
8.01071,7.70403,6.36291,2.40857,3.95162,4.01348,5.24711,5.05357,6.64504,8.73335


========================================================
Test10 (ADC Calibration) results 2009-01-16 09:48:13
Board ID393 30 channels
Host: ufcmshv3
Linux calibration software

Voltmeter channel: A=1.05051, B=1.60013

A:
1.05691,1.0727,1.04822,1.06461,1.06557,1.04058,1.04813,1.04923,1.04796,1.0601
1.04695,1.04687,1.05605,1.0347,1.05314,1.05717,1.04502,1.04881,1.04351,1.05993
1.07349,1.04983,1.06829,1.05051,1.06566,1.05186,1.06873,1.0361,1.04569,1.03776


B:
2.91086,5.61109,7.12784,4.37299,-0.786972,6.86809,4.48256,7.21573,6.52948,4.35452
6.86152,5.05745,7.73352,5.03001,11.0983,5.41577,12.2509,0.693773,5.12133,2.39709
8.09241,7.49412,11.4059,2.65064,4.03298,3.88395,6.29723,5.13276,6.5957,8.52544


