========================================================

Test11 results 09-05-2005  13:02:05
Board ID393  30 channels
HV Tests Software Ver.1.6

+5V 2490 - O'k
-5V 1294 - O'k
Interlock - On
Calibration DAC Range: [2500 - 2900]


A:
Limits 0.76 +/- 0.04
0.754717,0.75188,0.744879,0.75188,0.749064,0.750469,0.740741,0.753296,0.754717,0.753296
0.749064,0.754717,0.75188,0.756144,0.744879,0.757576,0.750469,0.754717,0.753296,0.761905
0.746269,0.753296,0.749064,0.754717,0.754717,0.754717,0.754717,0.753296,0.754717,0.749064


B:
Limits 60.0 +/- 40.0
66.373413,61.187725,76.239014,69.536781,68.944214,60.212185,64.275993,71.610756,60.711006,64.015816
65.530083,60.382477,58.57542,75.450539,61.942467,61.118782,59.862968,71.933548,56.1064,62.561516
78.701202,67.252266,67.956863,70.828934,65.762413,61.000107,54.079594,64.920654,71.125031,59.142563
========================================================
Test11 (ADC Calibration) results 2009-01-15 16:45:30
Board ID393 30 channels
Host: ufcmshv3
Linux calibration software

Calibration DAC Range: [1000 - 3500]

A:
0.7648,0.7536,0.7708,0.7588,0.7584,0.7772,0.7708,0.7712,0.772,0.7632
0.7724,0.7724,0.766,0.7816,0.7672,0.7648,0.7744,0.7708,0.7756,0.7624
0.752,0.77,0.7724,0.7736,0.7592,0.7696,0.7564,0.7804,0.7724,0.7796


B:
72.2,70.4,74.2,71.1999,74.5999,68.8001,72.2,66.8,64.9999,65.8
67.5999,69.5999,65.0001,71.4,64.8,70.2,60.6,73.2,61.3999,75.6001
77.0001,70.0001,67.5999,75.4001,68.8001,65.4001,68.6,72.6001,73.5999,62.3999


========================================================
Test11 (ADC Calibration) results 2009-01-16 09:57:44
Board ID393 30 channels
Host: ufcmshv3
Linux calibration software

Calibration DAC Range: [1000 - 3500]

A:
0.7648,0.754,0.7708,0.7588,0.7584,0.7768,0.7708,0.7704,0.7724,0.7632
0.772,0.7728,0.766,0.7816,0.7676,0.7648,0.774,0.7708,0.7752,0.7628
0.752,0.7704,0.7724,0.7736,0.7588,0.7692,0.7564,0.7804,0.7728,0.7792


B:
73.2,70,74.2,72.1999,75.5999,70.2001,73.2,68.6,64.5999,66.8
68.9999,69.1999,65.0001,71.4,64.4,71.2,62,73.2,62.8,75.2001
78.0001,69.6,69.5999,75.4001,70.1999,66.7999,68.6,72.6001,73.1999,63.7999


========================================================
Test11 (ADC Calibration) results 2009-01-16 10:35:14
Board ID393 30 channels
Host: ufcmshv3
Linux calibration software

Calibration DAC Range: [1000 - 3500]

A:
0.7648,0.7536,0.7708,0.7592,0.7584,0.7764,0.7716,0.7704,0.772,0.7632
0.7724,0.772,0.766,0.7812,0.7676,0.7648,0.774,0.7712,0.7756,0.7624
0.752,0.77,0.7572,0.7736,0.7584,0.7692,0.7568,0.7804,0.7724,0.7796


B:
73.2,71.4,75.2,71.8001,75.5999,71.5999,71.4,69.6,65.9999,66.8
68.5999,70.9999,65.0001,72.8,64.4,70.2,62,72.8,62.3999,76.6001
78.0001,71.0001,64.8,76.4001,71.5999,66.7999,68.2,73.6001,74.5999,62.3999


