========================================================

Test11 results 10-13-2005  16:11:40
Board ID087  36 channels
HV Tests Software Ver.1.6

+5V 2501 - O'k
-5V 1332 - O'k
Interlock - On
Calibration DAC Range: [2500 - 2900]


A:
Limits 0.76 +/- 0.04
0.753296,0.75188,0.753296,0.750469,0.750469,0.746269,0.753296,0.747664,0.75188,0.746269,0.750469,0.75188
0.754717,0.749064,0.753296,0.749064,0.750469,0.754717,0.747664,0.750469,0.749064,0.750469,0.750469,0.747664
0.747664,0.747664,0.756144,0.750469,0.749064,0.75188,0.750469,0.753296,0.757576,0.747664,0.75188,0.754717


B:
Limits 60.0 +/- 40.0
54.396217,54.175751,72.021057,65.700356,61.656509,64.82399,53.766144,60.73048,68.350037,74.322701,55.18005,65.308563
63.235329,57.523918,67.672874,60.338394,58.159206,44.971767,66.706131,70.812378,65.181526,62.112362,72.426361,60.975445
66.367165,58.797619,58.708309,66.777687,76.296051,47.232243,70.719666,55.833843,42.903488,64.285172,57.310112,57.569977
========================================================
Test11 (ADC Calibration) results 2008-06-17 04:20:31
Board ID087 36 channels
Linux calibration software

Calibration DAC Range: [1000 - 3500]

A:
0.7484,0.748,0.752,0.75,0.7448,0.7464,0.748,0.7464,0.7484,0.7456,0.7452,0.7488
0.75,0.7448,0.7504,0.7452,0.7468,0.7484,0.7452,0.7476,0.7464,0.7468,0.7488,0.7456
0.7476,0.7444,0.7536,0.7464,0.7476,0.7472,0.7472,0.7496,0.7532,0.7448,0.7496,0.7508


B:
66.6001,62.9999,72.0001,62,75.2001,60.6,67.9999,60.6,75.6001,72.4001,68.8001,72.2001
75,66.2001,73.6,68.8001,64.2,61.6001,70.8001,76.3999,69.6,69.2,73.2001,62.4001
61.3999,65.5999,61.4,72.6,77.3999,58.8,75.8,63.4,53.8,68.2001,62.4,67.2


========================================================
Test11 (ADC Calibration) results 2008-06-17 07:43:31
Board ID087 36 channels
Linux calibration software

Calibration DAC Range: [1000 - 3500]

A:
0.7404,0.7396,0.744,0.7416,0.736,0.7376,0.7392,0.7376,0.7404,0.7368,0.7368,0.74
0.7416,0.7364,0.742,0.7364,0.7384,0.7396,0.7372,0.7396,0.738,0.7376,0.74,0.7368
0.7396,0.736,0.7448,0.738,0.738,0.7384,0.7388,0.7412,0.7444,0.7368,0.7404,0.742


B:
66.5999,63.4,70.9999,62.4001,77,61.3999,69.8,61.3999,74.5999,73.2,69.2,74
75.4001,65.6,75.0001,70.6,65.6001,63.4,69.7999,75.4,70.0001,71.3999,75,63.1999
61.4,66,63.2001,73.0001,80.0001,59.6001,77.2,63.8001,55.5999,68.2,64.5999,68.0001


========================================================
Test11 (ADC Calibration) results 2008-07-28 12:43:15
Board ID087 36 channels
Linux calibration software

Calibration DAC Range: [1000 - 3500]

A:
0.7396,0.74,0.7436,0.7416,0.736,0.7372,0.7392,0.7384,0.7404,0.7364,0.7368,0.7404
0.7408,0.736,0.742,0.7364,0.7388,0.74,0.7364,0.7396,0.738,0.7384,0.74,0.7368
0.7388,0.7356,0.7444,0.7376,0.7384,0.7384,0.738,0.74,0.7444,0.7364,0.7408,0.742


B:
68.4,62,71.4,62.4001,77,62.7999,69.8,59.6001,75.5999,74.6,69.2,72.5999
77.1999,67,74.0001,69.6,64.2,62,71.6,75.4,70.0001,69.6001,75,63.1999
63.2,66.4,63.5999,73.3999,78.6001,59.6001,78.0001,67,55.5999,68.6,64.1999,68.0001


