========================================================

Test10 results 04-11-2006  16:34:29
Board ID009  36 channels
HV Tests Software Ver.1.6

+5V 2513 - O'k
-5V 1291 - O'k
Interlock - On

Voltmeter channel: A=1.072386, B=18.230684

A:
Limits 1.1 +/- 0.1
1.078167,1.072961,1.084599,1.073537,1.073537,1.069519,1.079914,1.072386,1.079914,1.072961,1.069519,1.075847
1.084599,1.068376,1.071237,1.071237,1.074114,1.077006,1.074691,1.083424,1.070091,1.082837,1.072386,1.070664
1.047669,1.086957,1.071811,1.068376,1.061008,1.077006,1.077586,1.057642,1.078167,1.064396,1.082251,1.074114


B:
Limits 0.0 +/- 35.0
14.016302,19.313465,13.015324,9.661671,12.882283,16.042896,14.038843,20.375456,15.118756,13.948658,22.460009,9.682483
14.099923,16.025656,9.640962,14.997149,21.482315,15.077866,22.568398,14.084522,19.261446,5.41436,11.796368,16.059963
23.048727,10.869641,11.790084,22.435913,22.281096,19.385889,16.163914,24.325579,8.625466,17.030525,9.740297,19.334087
========================================================
Test10 (ADC Calibration) results 2007-10-26 16:17:14
Board ID9 36 channels
Linux calibration software

Voltmeter channel: A=1.07144, B=17.4109

A:
1.07775,1.0741,1.08485,1.07217,1.07306,1.069,1.07953,1.07359,1.08028,1.08118,1.07086,1.07606
1.08414,1.06903,1.07018,1.07191,1.0742,1.07747,1.07609,1.08367,1.07045,1.08237,1.07252,1.0711
1.04934,1.08728,1.07339,1.06873,1.06342,1.07842,1.07759,1.05963,1.0783,1.06619,1.08181,1.07376


B:
11.3915,13.2479,10.5921,9.65001,11.4111,13.312,10.4738,15.1891,10.3186,1.21795,16.7288,4.71287
12.2107,11.3293,8.83649,11.5348,17.2155,10.6925,18.2907,9.55136,15.0338,3.47134,9.12549,11.3534
17.5459,6.43298,3.6801,17.4345,14.1876,11.8077,12.6122,17.6636,4.3812,10.0691,-0.221519,15.4735


========================================================
Test10 (ADC Calibration) results 2008-06-15 11:39:16
Board ID9 36 channels
Linux calibration software

Voltmeter channel: A=1.0727, B=17.2269

A:
1.07809,1.07712,1.08454,1.07278,1.07123,1.0694,1.08075,1.07252,1.08028,1.06322,1.06897,1.07759
1.08458,1.07076,1.07255,1.07363,1.07495,1.07761,1.07197,1.08367,1.07086,1.08207,1.07211,1.0714
1.04924,1.08748,1.07454,1.06897,1.06389,1.07832,1.07823,1.05616,1.07905,1.06974,1.08186,1.0738


B:
10.2749,11.3974,10.5789,9.2021,12.4222,13.0674,8.84401,16.7605,11.3989,11.5355,17.0688,5.76735
11.8399,11.5407,7.20611,13.1417,17.0649,10.3142,22.7959,11.3188,15.1164,4.775,10.6443,10.9656
16.9254,6.86164,3.80786,16.9309,11.9901,13.5357,11.9819,20.5353,4.89974,19.1491,7.52554,15.0262


========================================================
Test10 (ADC Calibration) results 2008-06-17 15:59:19
Board ID009 36 channels
Linux calibration software

Voltmeter channel: A=1.07, B=0

A:
1.09478,1.09323,1.10157,1.08961,1.08879,1.08565,1.0977,1.08816,1.0978,1.07887,1.08529,1.09551
1.10212,1.0869,1.08924,1.09132,1.09151,1.09469,1.08834,1.10092,1.08771,1.09899,1.08942,1.0878
1.06541,1.10453,1.09123,1.08547,1.07941,1.09487,1.09432,1.07236,1.09606,1.08717,1.0988,1.0916


B:
11.0594,12.476,10.3538,8.38369,10.2214,13.3372,9.04014,17.9844,9.83454,11.3733,17.3573,4.03705
10.7309,12.8322,8.28119,11.1644,18.4203,9.17206,21.7375,9.84059,15.133,4.34835,8.98636,12.0046
15.9914,6.55328,4.26393,17.6273,12.3912,13.6033,13.4456,19.565,3.75148,16.2805,7.37411,14.6261


========================================================
Test10 (ADC Calibration) results 2008-07-16 21:23:30
Board ID009 36 channels
Linux calibration software

Voltmeter channel: A=1.07, B=0

A:
1.09547,1.09642,1.10244,1.09027,1.0883,1.08625,1.0989,1.08905,1.09851,1.07819,1.08485,1.09737
1.10302,1.08887,1.09112,1.09348,1.09206,1.09509,1.08681,1.10225,1.08924,1.09957,1.09046,1.08868
1.06637,1.10553,1.09263,1.08634,1.08095,1.09556,1.09509,1.07234,1.09718,1.08793,1.09947,1.09206


B:
10.4266,11.5309,8.89641,7.33138,10.4549,12.7836,7.50978,16.516,8.95792,10.4998,17.3256,3.19993
9.69436,11.461,6.76848,10.9349,17.6933,8.58394,22.2667,9.29187,13.2947,3.81883,8.68441,10.9803
14.0255,5.42433,3.62895,16.3917,10.9557,12.9689,12.0881,18.0853,2.71667,15.1517,6.10557,13.7622


