========================================================

Test11 results 04-11-2006  16:35:50
Board ID009  36 channels
HV Tests Software Ver.1.6

+5V 2513 - O'k
-5V 1291 - O'k
Interlock - On
Calibration DAC Range: [2500 - 2900]


A:
Limits 0.76 +/- 0.04
0.75188,0.754717,0.746269,0.757576,0.756144,0.754717,0.750469,0.757576,0.749064,0.756144,0.757576,0.754717
0.749064,0.760456,0.759013,0.756144,0.756144,0.753296,0.754717,0.746269,0.754717,0.749064,0.756144,0.759013
0.775194,0.744879,0.754717,0.757576,0.763359,0.750469,0.750469,0.766284,0.754717,0.761905,0.75188,0.756144


B:
Limits 60.0 +/- 40.0
53.800911,52.805824,60.460072,47.711025,47.515869,69.205811,53.812679,44.459702,58.500481,51.197269,47.234764,50.110695
49.170834,48.390564,45.979927,57.061813,45.171749,53.313908,48.756958,61.268467,57.380928,61.016319,52.912251,45.979927
37.995808,58.199707,59.284119,50.284302,52.287121,59.1409,54.202023,50.560543,44.688011,48.136852,60.921741,49.326107
========================================================
Test11 (DAC Calibration) results 2007-10-26 16:17:14
Board ID9 36 channels
Linux calibration software
Calibration DAC Range: [1100 - 2700]

A:
0.752445,0.755002,0.747524,0.756358,0.756501,0.758222,0.750821,0.755358,0.75068,0.750821,0.757289,0.754006
0.748013,0.758581,0.75815,0.756931,0.754931,0.75188,0.753225,0.748713,0.757576,0.748853,0.756501,0.757504
0.773994,0.745851,0.755501,0.758797,0.762195,0.751597,0.752941,0.765697,0.752445,0.760601,0.753438,0.754859


B:
56.6591,55.2283,59.7458,59.5537,51.4893,62.1457,59.5119,57.0012,59.1066,63.266,54.1841,58.7181
57.7187,61.502,55.5722,59.2203,55.4778,63.9098,56.0304,56.7432,53.0303,68.8291,56.1796,56.9169
45.2011,60.4325,61.6393,51.1904,58.9939,61.7435,51.1529,56.0491,58.164,59.1938,65.8318,60.5586


========================================================
Test11 (DAC Calibration) results 2008-06-15 11:39:16
Board ID9 36 channels
Linux calibration software
Calibration DAC Range: [1100 - 2700]

A:
0.752587,0.75365,0.747733,0.755929,0.757791,0.757935,0.749977,0.756501,0.75068,0.763504,0.759013,0.752941
0.748083,0.757361,0.756859,0.755715,0.754788,0.752162,0.756501,0.748713,0.757289,0.749064,0.756787,0.757289
0.774069,0.745712,0.755073,0.759013,0.762631,0.751668,0.75287,0.767828,0.752304,0.758078,0.753792,0.755216


B:
56.1618,55.5911,59.7533,59.0854,51.5201,63.1454,59.9325,55.2718,59.1066,55.3733,52.5616,57.9294
57.4713,61.3557,56.2913,58.0199,55.0709,63.6706,52.851,57.0426,52.9721,67.0412,55.0278,57.2133
46.4925,60.9249,61.0194,51.0436,59.6188,60.4435,51.1011,55.1396,58.0591,52.3359,59.465,60.3703


========================================================
Test11 (ADC Calibration) results 2008-06-17 18:39:44
Board ID009 36 channels
Linux calibration software

Calibration DAC Range: [1000 - 3500]

A:
0.7404,0.742,0.7356,0.7444,0.7456,0.7464,0.7388,0.7444,0.7384,0.7524,0.7472,0.74
0.736,0.746,0.7444,0.7432,0.7428,0.74,0.7448,0.7368,0.7452,0.7376,0.7444,0.7456
0.762,0.7336,0.7432,0.7468,0.7516,0.7396,0.7416,0.756,0.74,0.7456,0.7416,0.7428


B:
56.5999,55.0001,60.4,58.5999,52.4001,62.6,58.2,56.5999,60.6001,55.6001,52.8,60
58,60,56.5999,59.8,54.2,65,53.2001,57.1999,52.8001,66.3999,56.5999,56.4001
46.9999,61.3999,60.8,52.2,59.3999,61.4,49.4001,56.0001,59,54.4001,60.4001,60.2


