========================================================

Test11 results 03-22-2005  14:51:56
Board ID312  30 channels
HV Tests Software Ver.1.6

+5V 2486 - O'k
-5V 1285 - O'k
Interlock - On
Calibration DAC Range: [2500 - 2900]


A:
Limits 0.76 +/- 0.04
0.746269,0.749064,0.749064,0.747664,0.742115,0.750469,0.744879,0.744879,0.75188,0.75188
0.744879,0.747664,0.753296,0.739372,0.749064,0.749064,0.750469,0.747664,0.744879,0.749064
0.753296,0.750469,0.753296,0.744879,0.756144,0.749064,0.739372,0.749064,0.749064,0.750469


B:
Limits 60.0 +/- 30.0
64.179207,61.40036,49.587978,63.478184,63.758144,52.667919,61.712605,62.289265,53.453793,58.218204
65.669044,59.605518,48.179874,58.129101,68.055984,56.54937,44.418808,61.221317,66.238976,65.552765
67.189552,59.601879,59.599033,64.680481,53.246387,55.577011,72.920143,59.058804,63.017357,61.847973
========================================================
Test11 (DAC Calibration) results 2007-09-07 11:15:54
Board ID312 30 channels
Linux calibration software
Calibration DAC Range: [1100 - 2700]

A:
0.747314,0.748433,0.747454,0.748923,0.749204,0.749485,0.745782,0.753083,0.755073,0.751668
0.74606,0.747105,0.750258,0.739303,0.751738,0.748013,0.749766,0.748433,0.747384,0.75188
0.755572,0.751103,0.753935,0.747314,0.755644,0.750751,0.742459,0.747803,0.748433,0.752658


B:
64.9697,67.7614,59.9927,63.7893,61.753,60.3148,62.6176,60.896,61.0194,62.3979
67.0057,65.708,62.3934,62.4621,62.9016,63.2539,50.328,62.672,61.734,60.1504
62.9015,61.3744,58.0623,62.7277,59.0252,57.3573,66.4965,65.9374,68.5098,57.5689


========================================================
Test11 (DAC Calibration) results 2007-09-07 16:16:08
Board ID312 30 channels
Linux calibration software
Calibration DAC Range: [1100 - 2700]

A:
0.747245,0.748573,0.747454,0.748573,0.749204,0.749485,0.745782,0.753225,0.755073,0.751738
0.74613,0.747175,0.750258,0.739713,0.751597,0.747803,0.749766,0.748363,0.747454,0.751738
0.755644,0.751174,0.754148,0.747175,0.755572,0.750821,0.742528,0.747943,0.748433,0.752658


B:
65.0664,66.9692,59.9927,64.7235,61.9032,60.4647,62.4687,60.5497,61.0194,62.1499
66.7598,65.7609,62.0934,61.5903,62.9463,63.5447,45.0797,62.7689,61.4876,60.3458
62.6523,61.1267,57.9184,63.2201,59.2747,57.2594,66.4005,65.4451,68.6595,57.5689


