========================================================

Test10 results 09-01-2005  16:24:14
Board ID374  30 channels
HV Tests Software Ver.1.6

+5V 2679 - O'k
-5V 1300 - O'k
Interlock - On

Voltmeter channel: A=1.068947, B=25.654768

A:
Limits 1.1 +/- 0.1
1.079331,1.081666,1.075847,1.078167,1.078749,1.072386,1.076426,1.083424,1.072961,1.076426
1.074691,1.082837,1.080497,1.075269,1.075847,1.077586,1.091107,1.075269,1.079914,1.079331
1.085776,1.075269,1.074691,1.077586,1.070664,1.078749,1.084011,1.081666,1.068947,1.072961


B:
Limits 0.0 +/- 35.0
12.952018,7.571701,6.454941,7.547299,9.708548,16.085913,7.534973,7.583981,11.802734,9.687826
10.746796,8.662871,6.48299,4.300899,10.758329,11.85357,9.819918,11.827781,7.559361,7.555364
15.200872,13.978319,10.746796,9.698398,2.141334,7.55105,11.924122,8.653366,5.344774,5.364967
========================================================
Test10 (ADC Calibration) results 2008-01-25 07:24:04
Board ID374 30 channels
Linux calibration software

Voltmeter channel: A=1.06523, B=-1476.88

A:
1.07863,1.08169,1.07329,1.07675,1.07851,1.07282,1.07413,1.0846,1.07312,1.07524
1.07373,1.08196,1.07927,1.07349,1.07568,1.07611,1.09031,1.07463,1.07871,1.07776
1.08593,1.07568,1.07467,1.07646,1.07006,1.07736,1.08301,1.08075,1.06761,1.07218


B:
10.1412,3.89322,7.74625,5.60107,5.29667,10.3201,7.92905,1.21477,5.20873,7.67145
7.44087,5.32612,4.67718,3.96445,5.50669,10.418,6.52193,8.13956,6.11896,5.32139
10.6404,9.03646,5.86763,6.88359,-1.48642,5.20124,8.50005,4.65646,2.8668,1.49559


========================================================
Test10 (ADC Calibration) results 2008-06-19 12:08:44
Board ID374 30 channels
Linux calibration software

Voltmeter channel: A=1.07, B=0

A:
1.09483,1.09794,1.09092,1.09301,1.09456,1.08831,1.09165,1.10236,1.08957,1.09183
1.09038,1.0983,1.09647,1.09083,1.09228,1.09419,1.107,1.09219,1.09602,1.09492
1.10226,1.09219,1.09083,1.09337,1.08669,1.09602,1.1006,1.09757,1.0848,1.08975


B:
10.1066,2.43445,4.94983,6.52416,5.97842,10.4117,5.80984,1.90336,4.67461,7.39011
6.54082,5.61207,3.99953,1.32429,6.09935,6.96949,6.29081,5.52744,5.51516,4.54885
11.0268,9.89621,6.56035,5.53378,-2.00969,0.692401,6.81052,4.08858,1.48079,-0.72319


========================================================
Test10 (ADC Calibration) results 2008-07-17 09:50:45
Board ID374 30 channels
Linux calibration software

Voltmeter channel: A=1.07, B=0

A:
1.09562,1.09847,1.09146,1.09372,1.09552,1.08939,1.09212,1.10317,1.08977,1.09193
1.09071,1.09876,1.09695,1.09165,1.09287,1.09457,1.1078,1.09278,1.09695,1.09562
1.10288,1.09297,1.09165,1.09372,1.08724,1.09609,1.10163,1.09838,1.08537,1.09005


B:
9.38655,1.94401,4.89367,5.86838,4.87196,8.97889,5.37799,1.82409,5.36399,7.73545
7.33299,5.41689,4.22138,0.572342,5.99412,7.05605,5.55804,5.4255,5.09899,3.90846
10.6907,9.6239,5.81191,5.86838,-2.08721,1.27988,5.65412,3.34926,1.17068,0.090264


========================================================
Test10 (ADC Calibration) results 2008-07-19 11:33:18
Board ID374 30 channels
Linux calibration software

Voltmeter channel: A=1.07, B=0

A:
1.09533,1.09866,1.09118,1.09353,1.09495,1.08911,1.09212,1.10288,1.08977,1.09231
1.09099,1.09904,1.09676,1.09127,1.09278,1.09439,1.10761,1.09278,1.09666,1.09543
1.1023,1.09278,1.09165,1.09344,1.08724,1.09628,1.10115,1.09838,1.08518,1.08986


B:
9.86587,1.76836,5.37263,6.04229,5.83252,9.23746,5.15973,2.08816,4.92831,6.51536
6.20068,4.9349,4.39594,0.702404,5.644,7.01077,5.51273,4.55122,4.92224,4.30185
10.9929,9.35973,5.59376,6.5664,-2.7394,1.10502,6.532,3.12964,1.12675,0.0461439


========================================================
Test10 (ADC Calibration) results 2008-07-19 17:28:33
Board ID374 30 channels
Linux calibration software

Voltmeter channel: A=1.07, B=0

A:
1.09562,1.09828,1.09118,1.09363,1.09505,1.08902,1.09212,1.10268,1.08958,1.09221
1.09099,1.09904,1.09676,1.09099,1.09268,1.09429,1.10761,1.09268,1.09685,1.09562
1.10211,1.09249,1.09155,1.09353,1.08696,1.096,1.10096,1.09828,1.08528,1.09005


B:
8.94853,2.33892,5.37263,5.51765,5.96433,9.54208,5.15973,2.4843,5.31967,6.8201
6.20068,4.9349,4.39594,1.40044,6.38642,7.53561,5.73457,5.29373,4.74779,3.90846
11.6079,10.0563,5.89875,6.26083,-1.8263,1.5867,6.48649,3.4372,0.823052,-0.563871


========================================================
Test10 (ADC Calibration) results 2008-07-20 15:54:11
Board ID374 30 channels
Linux calibration software

Voltmeter channel: A=1.07, B=0

A:
1.0959,1.09838,1.09089,1.09363,1.09514,1.08883,1.09193,1.10307,1.08948,1.09202
1.09052,1.09904,1.09695,1.09155,1.09287,1.09429,1.10761,1.09278,1.09695,1.09543
1.10268,1.09249,1.09136,1.09363,1.08714,1.09619,1.10105,1.09847,1.08537,1.08995


B:
8.46856,2.25088,6.06917,5.51765,5.43942,9.71435,5.76992,1.91217,5.62411,7.43033
7.06959,4.9349,3.5631,0.00447655,5.99412,7.75441,5.73457,5.20712,4.66005,4.52077
10.8648,10.2747,6.50874,6.17393,-2.21779,0.973054,6.17879,3.04248,0.953395,-0.0407324


========================================================
Test10 (ADC Calibration) results 2008-07-24 14:52:16
Board ID374 30 channels
Linux calibration software

Voltmeter channel: A=1.07, B=0

A:
1.09552,1.09819,1.09099,1.09363,1.09476,1.0893,1.09193,1.10288,1.08948,1.09193
1.09061,1.09895,1.09666,1.09127,1.09278,1.09457,1.10732,1.09221,1.09666,1.09533
1.1024,1.0925,1.09136,1.09344,1.08696,1.096,1.10105,1.09819,1.08509,1.08995


B:
9.25405,2.20664,5.54598,5.73671,6.22558,8.41158,5.33326,1.64712,4.9707,7.08045
6.54711,4.80276,4.26414,0.0475351,5.8625,6.8368,6.2194,5.50949,4.92224,4.3892
11.1264,9.83744,6.29052,6.5664,-2.47819,1.36729,6.39895,3.30483,1.21388,-0.259057


========================================================
Test10 (ADC Calibration) results 2008-07-24 21:41:51
Board ID374 30 channels
Linux calibration software

Voltmeter channel: A=1.07, B=0

A:
1.09562,1.09828,1.09108,1.09372,1.09533,1.08892,1.09221,1.10278,1.08977,1.09212
1.09061,1.09876,1.09676,1.09118,1.09287,1.09467,1.10751,1.09278,1.09638,1.09524
1.10259,1.09259,1.09127,1.09372,1.08724,1.09657,1.10115,1.09828,1.08481,1.08977


B:
8.94853,2.55852,5.2408,5.86838,5.04613,9.62781,5.2911,1.95547,4.71041,7.1256
6.76518,5.1972,4.17664,1.22611,5.55708,6.53158,6.26536,5.644,5.84129,4.25721
10.2907,9.75113,6.81374,5.64969,-2.30461,-0.0349849,6.532,3.2176,1.90735,0.351345


========================================================
Test10 (ADC Calibration) results 2008-08-12 21:57:53
Board ID374 30 channels
Linux calibration software

Voltmeter channel: A=1.07, B=0

A:
1.0959,1.09866,1.09127,1.09042,1.09514,1.0892,1.09212,1.10529,1.09005,1.09221
1.09155,1.09895,1.09676,1.09202,1.09297,1.09514,1.108,1.09268,1.09799,1.096
1.10153,1.09382,1.09221,1.0941,1.0877,1.09666,1.10182,1.09876,1.08546,1.09071


B:
8.9072,2.42778,5.72247,9.33759,5.87737,8.71583,6.25185,1.65284,5.10432,7.69392
5.89875,5.24212,5.0541,0.00451865,6.12607,6.53456,5.38176,6.16793,4.5779,3.7787
11.9099,9.063,5.50949,5.52075,-2.74022,0.535593,5.69912,3.21938,1.30112,-0.738117


