========================================================

Test10 results 07-20-2006  20:33:22
Board ID088  36 channels
HV Tests Software Ver.1.6.1

+5V 2513 - O'k
-5V 1333 - O'k
Interlock - On

Voltmeter channel: A=1.087548, B=6.525431

A:
Limits 1.1 +/- 0.1
1.076426,1.071237,1.074114,1.076426,1.079331,1.082251,1.090513,1.075847,1.074114,1.076426,1.069519,1.078167
1.077586,1.067806,1.073537,1.079914,1.075269,1.084599,1.071237,1.077586,1.077586,1.078749,1.080497,1.081081
1.075269,1.075847,1.073537,1.072386,1.072386,1.088139,1.082251,1.072961,1.079331,1.069519,1.079331,1.046572


B:
Limits 0.0 +/- 30.0
3.229268,6.42725,6.444721,4.305695,10.793356,9.740297,4.362148,8.606635,5.370607,4.305695,11.764822,4.312799
3.232881,4.271266,2.14691,4.31962,8.601974,4.338535,10.712199,8.620811,5.388053,9.708548,-2.160986,7.567746
12.903049,5.379094,7.514596,7.506824,8.57921,3.264367,10.822549,4.292006,3.23804,17.112415,6.476033,8.372688
========================================================

Test10 results 07-27-2006  10:09:47
Board ID088  36 channels
HV Tests Software Ver.1.6.1

+5V 2517 - O'k
-5V 1336 - O'k
Interlock - On

Voltmeter channel: A=1.087548, B=4.350336

A:
Limits 1.1 +/- 0.1
1.076426,1.068947,1.073537,1.076426,1.079331,1.082251,1.090513,1.076426,1.074691,1.076426,1.068947,1.077006
1.077006,1.066667,1.075847,1.082251,1.075269,1.085187,1.070664,1.078167,1.077586,1.079914,1.080497,1.080497
1.074691,1.077006,1.073537,1.072961,1.071811,1.087548,1.083424,1.071237,1.079914,1.072386,1.079331,1.047669


B:
Limits 0.0 +/- 30.0
1.076416,9.620563,9.661671,3.229268,8.634694,9.740297,5.452661,5.382121,5.373341,3.229268,11.758456,5.384811
3.230799,5.333125,3.227399,7.575796,7.526706,4.340742,10.706645,9.703633,4.310467,5.399534,-3.241483,6.48299
15.04556,3.230799,5.367522,5.364967,8.57465,5.437883,9.750828,6.42725,2.159793,11.796368,5.396702,5.238355
========================================================

Test10 results 09-19-2006  11:23:22
Board ID088  36 channels
HV Tests Software Ver.1.6.1

+5V 2525 - O'k
-5V 1336 - O'k
Interlock - On

Voltmeter channel: A=1.088732, B=2.177394

A:
Limits 1.1 +/- 0.1
1.075269,1.06383,1.074691,1.076426,1.080497,1.082837,1.089918,1.074691,1.075269,1.075847,1.067806,1.062699
1.077006,1.06553,1.075847,1.091703,1.074114,1.085187,1.070091,1.078167,1.075847,1.078749,1.078749,1.080497
1.075847,1.076426,1.062135,1.072961,1.072961,1.086957,1.085187,1.070664,1.079914,1.073537,1.087548,1.04712


B:
Limits 0.0 +/- 30.0
4.300899,13.829816,8.597414,3.229268,7.563487,9.745708,7.629429,9.672105,5.376168,3.227399,14.949322,19.128801
3.230799,8.524389,2.151552,7.64192,9.667063,6.511116,11.770809,8.625466,7.530788,7.55105,1.078558,7.563487
12.910025,6.458547,18.056402,4.292006,5.364967,6.521815,6.511116,6.423989,3.239707,11.808746,8.700525,7.329717
========================================================

Test10 results 09-19-2006  11:54:18
Board ID088  36 channels
HV Tests Software Ver.1.6.1

+5V 2518 - O'k
-5V 1336 - O'k
Interlock - On

Voltmeter channel: A=1.088732, B=3.266126

A:
Limits 1.1 +/- 0.1
1.076426,1.06383,1.075269,1.077006,1.080497,1.084011,1.091703,1.075847,1.075847,1.075269,1.068376,1.067806
1.077006,1.066667,1.075269,1.091107,1.074691,1.085187,1.070664,1.078167,1.077006,1.078749,1.078167,1.080497
1.075847,1.075847,1.064396,1.072386,1.072386,1.086957,1.085187,1.071811,1.079914,1.073537,1.086957,1.04712


B:
Limits 0.0 +/- 30.0
1.076416,14.893645,6.451437,1.076787,7.563487,6.504067,4.36681,7.530788,4.303246,5.376168,13.888905,18.152739
3.230799,5.333125,5.376168,9.819918,8.597414,6.511116,10.706645,9.703633,5.384811,7.55105,3.234631,6.48299
12.910025,7.530788,17.030525,5.362052,7.506824,6.521815,7.596303,4.287405,3.239707,12.882283,10.869641,7.329717
========================================================
Test10 (ADC Calibration) results 2008-02-15 11:38:39
Board ID88 36 channels
Linux calibration software

Voltmeter channel: A=1.08484, B=6.65785

A:
1.07336,1.06731,1.07316,1.07413,1.0781,1.08129,1.09102,1.0739,1.07248,1.07366,1.06657,1.07383
1.07403,1.06387,1.07322,1.08985,1.07252,1.08269,1.06788,1.07679,1.07443,1.07639,1.07564,1.0782
1.07332,1.07518,1.0703,1.0706,1.06996,1.08563,1.08341,1.06818,1.07733,1.07185,1.0856,1.04541


B:
-1.96123,2.57954,1.84524,-1.81225,3.43777,3.58501,-3.26856,2.63603,1.02589,-1.48865,6.92908,1.9532
0.094298,1.93726,-1.09085,4.538,3.67129,1.86618,6.98152,3.40039,0.777183,4.61309,-1.1255,2.35179
9.45294,0.322882,2.80833,-0.650697,2.86122,0.396167,2.48672,2.39397,-1.88428,6.27714,3.14776,0.74051


========================================================
Test10 (ADC Calibration) results 2008-06-16 13:15:45
Board ID088 36 channels
Linux calibration software

Voltmeter channel: A=1.07, B=0

A:
1.07768,1.06706,1.07643,1.07821,1.08225,1.08532,1.09455,1.07768,1.07687,1.07723,1.07022,1.07759
1.07812,1.06802,1.0775,1.09363,1.07652,1.08705,1.07181,1.0809,1.07794,1.08045,1.08018,1.08225
1.07812,1.07839,1.0734,1.07367,1.07385,1.08832,1.08677,1.07234,1.08144,1.07536,1.08896,1.04898


B:
-1.80688,6.77987,3.65984,-1.87439,3.46329,3.67329,-2.61005,2.50383,1.30873,-0.0993948,8.75928,1.7239
0.149382,1.39669,-0.5637,5.23246,4.43844,2.09067,7.28846,3.40884,2.90233,4.25507,-2.40961,2.59744
7.69624,1.6258,3.45141,2.34561,3.0398,3.09762,3.6448,2.50768,-0.765018,8.51998,4.47322,2.8407


========================================================
Test10 (ADC Calibration) results 2008-06-17 07:08:50
Board ID088 36 channels
Linux calibration software

Voltmeter channel: A=1.07, B=0

A:
1.0902,1.07787,1.08903,1.09038,1.09483,1.09748,1.1069,1.08993,1.08957,1.08966,1.08248,1.08849
1.09092,1.07999,1.08948,1.10644,1.08876,1.09941,1.08409,1.09356,1.0902,1.09328,1.09237,1.09437
1.09056,1.09111,1.08498,1.08633,1.08651,1.10162,1.09931,1.08472,1.09383,1.08768,1.10125,1.06108


B:
-3.45061,6.71973,1.56103,-2.52816,1.66167,2.95267,-3.25832,1.81506,-0.0296873,-1.20295,7.40452,1.62674
-1.72332,1.286,-1.25337,2.92124,3.33618,1.6243,6.13354,1.74221,1.56442,2.43105,-2.84916,2.51944
6.24667,0.0729771,3.35236,0.584288,1.28658,0.0376268,2.36809,1.21493,-1.79111,7.38028,3.45961,1.75911


========================================================
Test10 (ADC Calibration) results 2008-07-28 12:22:42
Board ID088 36 channels
Linux calibration software

Voltmeter channel: A=1.07, B=0

A:
1.09038,1.08124,1.08903,1.09029,1.0951,1.09785,1.10709,1.09002,1.08948,1.08948,1.08257,1.09011
1.09092,1.08017,1.08984,1.10634,1.08903,1.09968,1.08409,1.09356,1.09065,1.09328,1.09274,1.09474
1.09056,1.09111,1.08588,1.08624,1.08624,1.10134,1.09941,1.08463,1.09419,1.08759,1.10162,1.06065


B:
-3.83656,4.01711,2.21456,-2.00803,1.84799,2.8361,-3.42886,1.94974,0.271791,-0.817687,7.75493,0.775874
-1.50479,1.3363,-1.58866,3.6701,3.08557,1.15156,6.3503,2.39845,1.3641,3.08685,-3.18582,1.96473
6.68279,0.291145,2.95549,1.31941,2.40564,0.952242,2.72371,1.94886,-2.12769,7.89873,3.12221,3.01442


