========================================================

Test11 results 08-24-2005  14:35:18
Board ID399  30 channels
HV Tests Software Ver.1.6

+5V 2520 - O'k
-5V 1353 - O'k
Interlock - On
Calibration DAC Range: [2500 - 2900]


A:
Limits 0.76 +/- 0.04
0.739372,0.75188,0.754717,0.746269,0.744879,0.747664,0.756144,0.75188,0.75188,0.750469
0.749064,0.75188,0.746269,0.753296,0.746269,0.747664,0.750469,0.750469,0.750469,0.749064
0.750469,0.747664,0.749064,0.744879,0.749064,0.749064,0.740741,0.75188,0.749064,0.750469


B:
Limits 60.0 +/- 40.0
62.194923,71.614914,51.174965,62.733311,66.08149,63.229023,43.457134,52.935955,56.791359,69.269485
58.224705,54.288273,56.459263,55.111076,56.459263,60.486431,56.03257,71.587029,64.53746,66.096092
69.705544,69.41568,64.834236,72.203827,59.75008,66.899651,67.850571,56.073437,62.07737,64.53746
========================================================
Test11 (DAC Calibration) results 2008-04-23 16:14:46
Board ID399 30 channels
Linux calibration software
Calibration DAC Range: [1100 - 2700]

A:
0.739235,0.75188,0.753296,0.746896,0.743771,0.746478,0.753154,0.749064,0.750117,0.750117
0.748503,0.750892,0.74599,0.752587,0.746756,0.746617,0.748713,0.750892,0.750539,0.749836
0.751597,0.746617,0.74599,0.745226,0.748853,0.749625,0.742804,0.749204,0.749204,0.750188


B:
62.4098,76.6918,61.2053,64.0556,74.3398,72.2496,60.1957,67.7903,67.0887,72.3395
64.521,60.3152,60.6864,63.6877,61.8595,65.9356,69.022,76.084,68.6088,68.6754
68.6585,74.895,77.8442,73.0787,66.1333,69.2654,67.2052,66.5482,66.5482,72.0931


========================================================
Test11 (ADC Calibration) results 2008-06-19 12:56:33
Board ID399 30 channels
Linux calibration software

Calibration DAC Range: [1000 - 3500]

A:
0.7268,0.7404,0.7412,0.7348,0.732,0.7348,0.7412,0.7376,0.7384,0.7384
0.7368,0.7388,0.7332,0.7408,0.7348,0.7348,0.7368,0.7388,0.7384,0.7384
0.7392,0.7352,0.7348,0.7332,0.7372,0.7372,0.7304,0.7364,0.7376,0.7384


B:
65.1999,76.5999,61.8001,65.2001,75,73.2001,61.8001,67.3999,67.6001,72.6001
65.2,60.2,62.8,63.1999,62.2001,66.2001,69.2,77.2,70.6001,68.6001
69.8,74.8,77.2001,73.7999,65.7999,70.7999,69.5999,68.6,66.3999,71.6001


========================================================
Test11 (ADC Calibration) results 2008-07-17 10:58:43
Board ID399 30 channels
Linux calibration software

Calibration DAC Range: [1000 - 3500]

A:
0.7264,0.74,0.7408,0.7344,0.7312,0.7344,0.7404,0.7376,0.7376,0.738
0.736,0.7384,0.7328,0.74,0.7348,0.734,0.7364,0.7384,0.7384,0.7376
0.7388,0.7348,0.7344,0.7332,0.7364,0.7368,0.73,0.7368,0.7372,0.7384


B:
64.5999,77,62.1999,66.6001,75.8001,73.6001,62.5999,67.3999,68.3999,73.0001
66,60.6001,62.2,65,62.2001,66.9999,69.6,77.6001,69.6001,69.3999
70.2,74.2001,77.6001,73.7999,66.6,71.2,69.9999,66.2,66.7999,70.6001


========================================================
Test11 (ADC Calibration) results 2008-07-20 18:37:46
Board ID399 30 channels
Linux calibration software

Calibration DAC Range: [1000 - 3500]

A:
0.7264,0.74,0.7408,0.7344,0.7316,0.7348,0.7404,0.7372,0.738,0.738
0.736,0.7668,0.7332,0.7404,0.7348,0.734,0.7368,0.7388,0.7384,0.7372
0.7392,0.7348,0.7344,0.7328,0.7364,0.7372,0.7296,0.7364,0.7376,0.7388


B:
64.5999,77,62.1999,66.6001,75.4,72.2001,62.5999,68.7999,67.0001,73.0001
66,32.2,60.8,63.5999,61.2001,66.9999,69.2,76.2,69.6001,70.7999
69.8,75.2001,77.6001,74.2,66.6,69.7999,70.4,67.6,66.3999,70.2


========================================================
Test11 (ADC Calibration) results 2008-07-24 23:03:59
Board ID399 30 channels
Linux calibration software

Calibration DAC Range: [1000 - 3500]

A:
0.7264,0.7404,0.7412,0.7344,0.7316,0.734,0.7408,0.7368,0.7384,0.7384
0.7364,0.738,0.7328,0.7408,0.7352,0.7344,0.7368,0.7388,0.7388,0.7372
0.7392,0.7352,0.7344,0.7328,0.7368,0.7368,0.73,0.7364,0.7372,0.7384


B:
64.5999,76.5999,61.8001,65.6001,75.4,74.9999,62.1999,69.2,66.6001,72.6001
65.6,62.0001,62.2,62.1999,60.8,65.6001,69.2,77.2,69.2,70.7999
69.8,73.8,77.6001,75.2,66.2,71.2,69.9999,67.6,66.7999,70.6001


========================================================
Test11 (ADC Calibration) results 2008-08-12 23:20:39
Board ID399 30 channels
Linux calibration software

Calibration DAC Range: [1000 - 3500]

A:
0.7264,0.7408,0.7408,0.7348,0.7316,0.7344,0.7404,0.7368,0.738,0.7372
0.736,0.738,0.7324,0.7404,0.7344,0.7336,0.7364,0.7384,0.7384,0.7372
0.7384,0.7344,0.7344,0.7328,0.7368,0.7364,0.7296,0.7356,0.7372,0.738


B:
64.5999,75.1999,62.1999,65.2001,75.4,73.6001,62.5999,69.2,67.0001,74.7999
66,61.0001,62.6,63.5999,62.6001,67.3999,70.6,77.6001,70.6001,70.7999
70.6001,75.6001,77.6001,74.2,66.2,71.6,70.4,68.4,66.7999,72.0001


========================================================
Test11 (ADC Calibration) results 2008-08-13 01:14:42
Board ID399 30 channels
Linux calibration software

Calibration DAC Range: [1000 - 3500]

A:
0.7264,0.7404,0.7412,0.7348,0.7316,0.734,0.7404,0.7372,0.738,0.7376
0.7356,0.738,0.7324,0.7404,0.7348,0.7336,0.736,0.7384,0.738,0.7372
0.7384,0.7344,0.734,0.7332,0.7364,0.7368,0.7296,0.736,0.7372,0.738


B:
64.5999,75.5999,61.8001,65.2001,75.4,74.9999,62.5999,68.7999,67.0001,73.3999
67.4,61.0001,62.6,63.5999,62.2001,67.3999,71,77.6001,71.0001,70.7999
70.6001,74.6001,77.9999,73.7999,67.6,70.2,70.4,68,67.7999,72.0001


========================================================
Test11 (DAC Calibration) results 2008-08-27 10:33:12
Board ID399 30 channels
Linux calibration (server mode)

Calibration DAC Range: [3100 - 3500]

A:
0.744286,0.762,0.758286,0.753429,0.753143,0.755429,0.758286,0.756857,0.757143,0.758571
0.754857,0.782286,0.749714,0.758571,0.752,0.752857,0.756286,0.760571,0.758286,0.757429
0.758571,0.755714,0.756286,0.753714,0.755714,0.756857,0.749714,0.755429,0.756571,0.758571


B:
0.0,0.0,0.0,0.0,0.0,0.0,0.0,0.0,0.0,0.0
0.0,0.0,0.0,0.0,0.0,0.0,0.0,0.0,0.0,0.0
0.0,0.0,0.0,0.0,0.0,0.0,0.0,0.0,0.0,0.0


========================================================
Test11 (ADC Calibration) results 2008-08-27 13:08:29
Board ID399 30 channels
Linux calibration software

Calibration DAC Range: [1000 - 3500]

A:
0.726,0.7404,0.7408,0.7344,0.7316,0.7344,0.7408,0.7372,0.7376,0.7376
0.736,0.768,0.7324,0.7408,0.7348,0.734,0.736,0.7384,0.7384,0.7376
0.7392,0.7344,0.734,0.7328,0.736,0.7368,0.73,0.736,0.7372,0.7384


B:
65,75.5999,62.1999,65.6001,75.4,73.6001,62.1999,67.7999,67.3999,73.3999
66,52,61.6,62.1999,61.2001,65.9999,70,77.6001,69.6001,69.3999
68.8,74.6001,77.9999,74.2,68,70.2,69.9999,67,66.7999,70.6001


========================================================
Test11 (DAC Calibration) results 2008-08-28 18:58:23
Board ID399 30 channels
Linux calibration (server mode)

Calibration DAC Range: [3100 - 3500]

A:
0.7325,0.7475,0.7475,0.74,0.7375,0.7425,0.75,0.7475,0.7475,0.7425
0.74,0.7675,0.74,0.7475,0.7425,0.74,0.7475,0.745,0.7425,0.7425
0.745,0.745,0.7375,0.74,0.745,0.7425,0.74,0.75,0.7475,0.7425


B:
73.2,82.7,71.7,77.0,85.7,76.2,61.0,63.7,64.7,89.2
83.0,69.8,66.0,69.7,66.2,76.0,62.7,86.5,86.2,84.2
79.5,69.5,96.7,80.0,68.5,81.2,67.0,52.0,62.7,87.2


========================================================
Test11 (DAC Calibration) results 2008-08-30 18:22:59
Board ID399 30 channels
Linux calibration (server mode)

Calibration DAC Range: [3100 - 3500]

A:
0.735,0.75,0.75,0.745,0.74,0.7425,0.75,0.7475,0.745,0.745
0.7425,0.77,0.74,0.7475,0.7425,0.7425,0.7475,0.745,0.75,0.745
0.7475,0.745,0.7425,0.745,0.745,0.745,0.7375,0.745,0.7475,0.7425


B:
67.5,77.0,65.0,63.5,80.0,79.2,65.0,66.7,76.5,82.5
77.2,81.0,69.0,72.7,69.2,70.2,65.7,88.5,65.0,79.5
73.7,71.5,82.2,66.5,70.5,75.5,77.7,71.5,65.7,90.2


========================================================
Test11 (DAC Calibration) results 2008-08-30 21:24:21
Board ID399 30 channels
Linux calibration (server mode)

Calibration DAC Range: [3100 - 3500]

A:
0.715,0.73,0.73,0.725,0.7175,0.725,0.73,0.7225,0.73,0.7225
0.725,0.745,0.72,0.73,0.72,0.7175,0.7275,0.7275,0.7275,0.7275
0.7275,0.7275,0.7225,0.725,0.7225,0.725,0.715,0.7225,0.7225,0.7275


B:
66.5,74.0,63.0,61.5,86.8,69.5,62.0,80.2,57.0,88.2
66.5,80.5,67.0,63.0,75.0,84.8,63.7,77.7,70.7,68.7
71.7,61.7,80.2,64.5,77.2,73.5,84.5,76.2,79.2,70.7


========================================================
Test11 (DAC Calibration) results 2008-08-30 21:52:04
Board ID399 30 channels
Linux calibration (server mode)

Calibration DAC Range: [3100 - 3500]

A:
0.7375,0.75,0.75,0.7425,0.7425,0.745,0.745,0.745,0.7475,0.745
0.7475,0.7725,0.7425,0.75,0.7425,0.74,0.7475,0.7475,0.7475,0.7475
0.7475,0.7475,0.745,0.74,0.745,0.7475,0.7375,0.745,0.745,0.7475


B:
59.7,77.0,66.0,72.2,72.2,71.5,81.5,75.5,67.7,82.5
60.7,72.3,61.2,65.0,69.2,80.0,65.7,79.7,72.7,70.7
73.7,63.7,73.5,83.0,71.5,67.7,77.7,71.5,74.5,72.7


========================================================
Test11 (DAC Calibration) results 2008-08-31 12:06:23
Board ID399 30 channels
Linux calibration (server mode)

Calibration DAC Range: [3100 - 3500]

A:
0.7375,0.75,0.75,0.7475,0.7425,0.745,0.745,0.745,0.7525,0.75
0.7425,0.775,0.7375,0.75,0.7475,0.74,0.7475,0.7475,0.7425,0.7475
0.7475,0.74,0.7375,0.745,0.745,0.7525,0.7425,0.745,0.745,0.7475


B:
58.7,77.0,66.0,55.7,73.2,71.5,81.5,75.5,51.3,67.0
77.2,57.5,77.7,65.0,52.7,80.0,66.7,80.7,89.2,71.7
74.7,89.0,99.7,67.5,71.5,51.3,61.2,71.5,74.5,73.7


========================================================
Test11 (DAC Calibration) results 2008-08-31 16:15:28
Board ID399 30 channels
Linux calibration (server mode)

Calibration DAC Range: [3100 - 3500]

A:
0.7375,0.75,0.75,0.7425,0.7425,0.745,0.745,0.745,0.7475,0.75
0.7475,0.775,0.7425,0.75,0.7425,0.7425,0.7475,0.7475,0.7475,0.7475
0.7475,0.7425,0.7425,0.74,0.745,0.7425,0.7375,0.745,0.745,0.7475


B:
59.7,77.0,66.0,72.2,72.2,71.5,81.5,75.5,68.7,67.0
60.7,67.5,61.2,65.0,69.2,71.2,65.7,79.7,72.7,70.7
73.7,80.2,83.2,83.0,71.5,84.2,77.7,71.5,74.5,72.7


========================================================
Test11 (DAC Calibration) results 2008-08-31 18:30:24
Board ID399 30 channels
Linux calibration (server mode)

Calibration DAC Range: [3100 - 3500]

A:
0.7375,0.75,0.75,0.7425,0.7375,0.745,0.745,0.745,0.7475,0.75
0.7425,0.78,0.7375,0.75,0.7425,0.7425,0.7475,0.7475,0.7425,0.7425
0.7475,0.7475,0.7425,0.74,0.745,0.7475,0.7425,0.745,0.745,0.7475


B:
58.7,77.0,66.0,71.2,88.7,71.5,81.5,75.5,67.7,67.0
77.2,44.0,77.7,65.0,68.2,70.2,66.7,80.7,89.2,87.2
74.7,63.7,82.2,83.0,71.5,67.7,61.2,71.5,74.5,73.7


========================================================
Test11 (DAC Calibration) results 2008-09-01 15:18:49
Board ID399 30 channels
Linux calibration (server mode)

Calibration DAC Range: [3100 - 3500]

A:
0.7375,0.75,0.75,0.745,0.7375,0.745,0.745,0.745,0.7475,0.75
0.7475,0.775,0.7425,0.75,0.7425,0.7425,0.7475,0.7475,0.7475,0.7425
0.7475,0.7425,0.7475,0.74,0.745,0.7475,0.735,0.745,0.745,0.7475


B:
59.7,77.0,66.0,64.5,87.7,71.5,81.5,75.5,66.7,67.0
60.7,65.5,61.2,65.0,69.2,71.2,65.7,79.7,72.7,86.2
73.7,80.2,65.7,83.0,71.5,66.7,86.5,71.5,74.5,72.7


