========================================================

Test10 results 09-26-2006  22:27:54
Board ID136  36 channels
HV Tests Software Ver.1.6.8

+5V 2759 - O'k
-5V 1355 - O'k
Interlock - On
Number of Samples: 400

Voltmeter channel: A=1.061571, B=12.738869

A:
Limits 1.1 +/- 0.1
1.075847,1.03146,1.082251,1.040583,1.073537,1.082837,1.079914,1.078749,1.069519,1.072961,1.075847,1.076426
1.081081,1.071811,1.072386,1.062699,1.074114,1.080497,1.070664,1.070091,1.076426,1.064963,1.079331,1.076426
1.082251,1.080497,1.046025,1.078749,1.070664,1.073537,1.074114,1.080497,1.066667,1.064396,1.080497,1.072961


B:
Limits 0.0 +/- 30.0
7.530788,34.037952,14.069302,41.623119,13.95582,10.828545,16.198669,15.102291,14.973378,10.729774,18.289261,16.146383
18.378557,17.149141,13.94114,22.316898,17.18586,14.04647,12.847973,14.981082,15.069958,13.844446,9.714025,8.6114
14.069302,10.804978,35.564655,8.629799,16.059963,9.661671,9.667063,20.529451,14.933125,31.932068,20.529451,9.656813
Channels:
   2   4  27  34
Out of range 0.0 +/- 30.0
