========================================================

Test11 results 09-26-2006  22:30:37
Board ID136  36 channels
HV Tests Software Ver.1.6.8

+5V 2751 - O'k
-5V 1354 - O'k
Interlock - On
Calibration DAC Range: [2500 - 2900]
Number of Samples: 400

A:
Limits 0.76 +/- 0.04
0.743494,0.775194,0.738007,0.767754,0.744879,0.738007,0.739372,0.742115,0.749064,0.744879,0.744879,0.743494
0.740741,0.747664,0.746269,0.753296,0.744879,0.740741,0.747664,0.747664,0.743494,0.75188,0.742115,0.742115
0.739372,0.740741,0.764818,0.742115,0.746269,0.746269,0.743494,0.739372,0.750469,0.75188,0.743494,0.744879


B:
Limits 60.0 +/- 30.0
57.203587,41.497807,58.991093,38.406654,54.82629,58.252007,59.887093,50.822769,51.154682,57.951111,49.505753,52.540409
49.950001,45.576057,51.848099,48.609673,47.69775,53.090553,55.836536,50.157688,47.670303,54.227516,55.693077,61.749577
55.340031,58.693127,40.035461,58.828224,61.142933,55.126328,63.380981,59.151691,53.586769,38.135345,53.753853,59.549618
========================================================
Test11 (DAC Calibration) results 2007-10-05 11:31:55
Board ID136 36 channels
Linux calibration software
Calibration DAC Range: [1100 - 2700]

A:
0.74481,0.79515,0.739303,0.772201,0.74599,0.737667,0.740535,0.742115,0.748083,0.745434,0.742459,0.742804
0.739372,0.745851,0.746687,0.752516,0.745226,0.741359,0.747105,0.748293,0.744186,0.751527,0.741427,0.743702
0.738007,0.740604,0.75543,0.741771,0.746269,0.745018,0.745087,0.740398,0.749906,0.748433,0.742942,0.746269


B:
66.0553,40.2245,63.6447,31.4286,61.4324,64.3153,64.88,61.039,65.4013,66.2318,65.0115,63.7882
61.9224,61.1784,62.2549,62.1295,55.9385,61.3566,66.4551,57.7775,55.1628,65.8995,68.6747,66.2545
64.5757,68.6353,58.2626,70.4219,70.1493,69.3427,67.3094,65.2196,65.5794,49.6489,63.5958,65.6717


========================================================
Test11 (DAC Calibration) results 2007-10-05 16:04:40
Board ID136 36 channels
Linux calibration software
Calibration DAC Range: [1100 - 2700]

A:
0.74481,0.760312,0.738894,0.754575,0.74599,0.737667,0.740398,0.742184,0.748013,0.745712,0.743149,0.742873
0.739782,0.745921,0.746756,0.752729,0.745573,0.741496,0.746896,0.748363,0.744255,0.751597,0.741496,0.743564
0.737871,0.740741,0.806533,0.74184,0.746269,0.744879,0.744879,0.740398,0.749625,0.753935,0.743149,0.746269


B:
66.2042,55.3316,63.6277,58.2341,61.5816,64.3153,64.9236,60.9426,65.4979,65.25,64.7933,64.2863
61.3465,60.9325,62.0088,62.5896,55.1538,61.6089,67.0432,57.5304,54.9169,65.9527,68.5791,66.4466
65.0616,68.1482,-497.903,67.9525,70.2986,69.8324,67.5978,65.0716,66.5667,49.9198,62.5638,65.6717


========================================================
Test11 (DAC Calibration) results 2007-10-12 10:54:49
Board ID136 36 channels
Linux calibration software
Calibration DAC Range: [1100 - 2700]

A:
0.744948,0.760312,0.738348,0.754717,0.74606,0.737599,0.740604,0.742322,0.748363,0.745643,0.74308,0.742666
0.739508,0.745921,0.746965,0.752516,0.745434,0.74129,0.747245,0.748223,0.744186,0.751809,0.741427,0.743633
0.738144,0.740604,0.754717,0.76089,0.746478,0.744948,0.745087,0.740535,0.750469,0.754006,0.742942,0.746269


B:
65.8627,55.3316,65.5745,57.7358,61.4847,64.5583,64.7842,60.7496,65.014,65.6445,64.7409,64.2777
61.7304,61.0816,61.718,62.5814,55.6467,61.7494,65.963,58.0246,55.1628,65.5107,68.6747,66.6482
64.3845,68.6353,60.7547,58.7976,69.8609,69.5875,67.6073,65.0283,65.1032,49.6701,67.4591,65.6717


========================================================
Test11 (DAC Calibration) results 2008-03-31 15:11:17
Board ID136 36 channels
Linux calibration software
Calibration DAC Range: [1100 - 2700]

A:
0.753864,0.760746,0.738757,0.755216,0.74613,0.737871,0.751456,0.742322,0.748363,0.745573,0.747803,0.743287
0.739372,0.745921,0.746826,0.753792,0.745504,0.742115,0.747314,0.748363,0.743909,0.751809,0.741633,0.743494
0.738144,0.740535,0.755287,0.761905,0.746617,0.744879,0.744879,0.740466,0.751597,0.754646,0.74308,0.746338


B:
57.7082,54.8878,64.115,57.0473,61.3877,64.1762,57.8808,60.0073,65.1637,65.1444,62.7969,63.7091
61.9224,60.9325,61.9117,63.0832,54.9528,60.7422,64.9697,57.5304,55.4027,65.661,68.0911,66.84
64.3845,68.4347,60.4228,58.3238,70.4153,69.6835,67.5978,64.8279,65.0508,49.533,63.4033,65.5752


========================================================
Test11 (ADC Calibration) results 2008-06-17 18:39:44
Board ID136 36 channels
Linux calibration software

Calibration DAC Range: [1000 - 3500]

A:
0.7512,0.748,0.7276,0.7432,0.734,0.7244,0.7396,0.7304,0.7364,0.7328,0.7392,0.732
0.7268,0.734,0.7344,0.7428,0.7332,0.7316,0.7348,0.7364,0.7324,0.74,0.73,0.7316
0.7252,0.7284,0.7432,0.7496,0.7348,0.734,0.7332,0.7284,0.7404,0.742,0.7312,0.734


B:
56.7999,57.9999,64.4001,59.8,62.9999,65.6001,59.4,60.5999,65.6,67.2,60.8,65
63.1999,60.9999,63.6001,67.2,55.8,59.4,67.2001,58.6,54.6,66,67.9999,68.4
65.8,69.6,61.8,61.4,71.2001,67.9999,67.7999,66.6,66.5999,53.0001,62.8001,65.9999


========================================================
Test11 (ADC Calibration) results 2008-07-06 17:26:25
Board ID136 36 channels
Linux calibration software

Calibration DAC Range: [1000 - 3500]

A:
0.764,0.7476,0.7276,0.7428,0.734,0.7252,0.7392,0.7304,0.736,0.7332,0.7412,0.7324
0.7268,0.734,0.7344,0.748,0.7336,0.734,0.7348,0.7364,0.7316,0.7396,0.7296,0.7312
0.7256,0.7284,0.7428,0.7492,0.7348,0.7336,0.7324,0.7284,0.74,0.742,0.7304,0.7336


B:
55,58.3999,64.4001,61.2,61.9999,64.8,60.8,60.5999,67,65.7999,63.8001,64.6
62.1999,60.9999,62.6001,66.9999,54.3999,57.9999,67.2001,58.6,56.4,66.4,69.4,68.8001
65.4,68.6,63.2,61.8,71.2001,68.3999,68.6,66.6,68,53.0001,64.5999,66.3999


========================================================
Test11 (ADC Calibration) results 2008-07-16 22:38:23
Board ID136 36 channels
Linux calibration software

Calibration DAC Range: [1000 - 3500]

A:
0.7628,0.7468,0.7272,0.742,0.7332,0.7248,0.7388,0.73,0.7352,0.7324,0.7428,0.7316
0.7264,0.7336,0.734,0.7528,0.7332,0.7328,0.7348,0.7356,0.7316,0.7396,0.7296,0.7308
0.7248,0.728,0.7424,0.7484,0.7344,0.7328,0.732,0.728,0.7396,0.7416,0.7304,0.7332


B:
52.2001,59.2,64.8001,62.0001,63.8,65.2,60.2,60.9999,67.8,67.6,64.2,65.4
62.5999,61.3999,62.9999,60.2,54.8,58.2,66.2001,59.4,55.4,66.4,68.4,69.2001
67.2,70.0001,63.6,62.6001,71.6001,70.2,69,67.0001,68.4,53.4001,63.5999,66.7999


========================================================
Test11 (ADC Calibration) results 2008-07-20 18:58:34
Board ID136 36 channels
Linux calibration software

Calibration DAC Range: [1000 - 3500]

A:
0.764,0.7472,0.7272,0.7428,0.7332,0.7248,0.7392,0.73,0.736,0.7324,0.7436,0.7312
0.726,0.7336,0.7336,0.76,0.7324,0.732,0.7344,0.7356,0.7316,0.7388,0.7296,0.7316
0.7256,0.7276,0.7424,0.7492,0.7348,0.7328,0.732,0.7276,0.7404,0.7416,0.7304,0.7324


B:
52,58.8,64.8001,60.2,63.8,65.2,59.8,60.9999,66,67.6,64.4,65.8001
64,61.3999,64.3999,54,56.6,59,67.6001,59.4,56.4,68.2,69.4,67.4
65.4,70.4001,63.6,60.8,70.2001,70.2,69,67.4001,67.5999,53.4001,63.5999,68.6


========================================================
Test11 (ADC Calibration) results 2008-07-24 15:42:31
Board ID136 36 channels
Linux calibration software

Calibration DAC Range: [1000 - 3500]

A:
0.7644,0.7464,0.7272,0.742,0.7332,0.7248,0.7388,0.73,0.7356,0.7328,0.7444,0.7312
0.726,0.7336,0.734,0.7592,0.7328,0.7336,0.7344,0.736,0.7324,0.7388,0.7292,0.7312
0.7252,0.7284,0.742,0.7488,0.7348,0.7332,0.732,0.7284,0.74,0.7412,0.7304,0.7328


B:
50.6,59.6,64.8001,62.0001,63.8,66.2,60.2,60.9999,66.4,67.2,63.5999,65.8001
64,61.3999,62.9999,51.8001,55.2,58.3999,67.6001,58,54.6,68.2,69.8,67.8001
66.8,68.6,64.0001,61.2001,70.2001,69.7999,69,65.6,68,53.8001,64.5999,67.2


========================================================
Test11 (ADC Calibration) results 2009-01-21 11:44:53
Board ID136 36 channels
Host: ufcmshv3
Linux calibration software

Calibration DAC Range: [1000 - 3500]

A:
0.764,0.7576,0.7604,0.7508,0.7516,0.7552,0.7496,0.7652,0.7676,0.7664,0.7612,0.7584
0.7652,0.768,0.7492,0.7564,0.7616,0.754,0.758,0.7572,0.7588,0.7684,0.7584,0.7488
0.7616,0.7588,0.754,0.7604,0.7608,0.7556,0.7604,0.7632,0.7608,0.7524,0.7488,0.7664


B:
66,58.4,63.6,61.2,62.3999,66.7999,60.4,59.7999,65.4,65.6001,64.8,65.5999
62.7999,60,63.8,71.6,54.3999,62,66.9999,57.8,55.1999,65.6,69.5999,66.2001
65.3999,68.1999,62,61.6,70.2,68.4001,68.6,66.8,72.2,53.6001,65.2001,66.6001


