========================================================

Test10 results 03-22-2005  15:28:10
Board ID310  30 channels
HV Tests Software Ver.1.6

+5V 2503 - O'k
-5V 1339 - O'k
Interlock - On

Voltmeter channel: A=1.079914, B=14.038843

A:
Limits 1.1 +/- 0.1
1.072386,1.079331,1.075847,1.068947,1.085776,1.071237,1.077006,1.073537,1.076426,1.085187
1.084599,1.074114,1.075847,1.075269,1.077006,1.071237,1.073537,1.071811,1.075269,1.070091
1.050972,1.072386,1.068947,1.078749,1.075847,1.068376,1.068376,1.075847,1.076426,1.090513


B:
Limits 0.0 +/- 30.0
15.013526,15.11068,20.440956,18.172138,14.115096,17.139624,15.077866,16.102896,19.375662,15.192614
16.269119,16.111746,13.985871,16.128857,16.154871,18.210861,18.249969,15.005518,18.279394,16.051172
14.713781,10.723982,17.103191,15.102291,15.061719,20.29916,13.888905,15.061719,16.146383,13.086248
========================================================
Test10 (ADC Calibration) results 2007-09-10 10:15:33
Board ID310 30 channels
Linux calibration software

Voltmeter channel: A=1.03028, B=-1397.25

A:
1.07185,1.08008,1.07723,1.06874,1.08275,1.07175,1.07673,1.07362,1.07569,1.08475
1.08401,1.07412,1.07492,1.07469,1.07653,1.07175,1.07382,1.07111,1.07553,1.06901
1.05055,1.07172,1.06924,1.08018,1.07627,1.06573,1.06804,1.07573,1.07627,1.08908


B:
11.8204,9.93832,13.9931,12.6994,14.2406,11.9479,11.6296,11.575,16.3289,10.6165
12.295,12.2351,11.9206,14.1212,13.4369,12.9479,12.068,13.0283,12.2812,12.899
12.85,10.137,11.2699,10.8909,9.21742,15.5884,9.65941,10.9778,13.5411,12.5833


