========================================================

Test11 results 07-16-2006  20:07:00
Board ID151  36 channels
HV Tests Software Ver.1.6.1

+5V 2505 - O'k
-5V 1322 - O'k
Interlock - On
Calibration DAC Range: [2500 - 2900]


A:
Limits 0.76 +/- 0.04
0.754717,0.75188,0.753296,0.75188,0.747664,0.753296,0.753296,0.754717,0.747664,0.750469,0.753296,0.746269
0.756144,0.754717,0.746269,0.743494,0.750469,0.747664,0.753296,0.75188,0.753296,0.744879,0.747664,0.753296
0.75188,0.756144,0.750469,0.749064,0.747664,0.747664,0.75188,0.75188,0.750469,0.753296,0.746269,0.75188


B:
Limits 60.0 +/- 30.0
52.713879,50.473255,59.691727,53.742355,62.506001,40.071278,58.607391,60.231014,51.75779,50.404785,59.691727,64.662201
50.821411,36.526897,47.523533,56.133724,53.309738,56.3741,58.791668,58.040146,47.110252,64.055809,76.119827,42.420177
57.587292,55.671181,54.117924,61.40036,50.063499,65.176308,37.167225,48.684422,50.322521,53.229126,50.018867,54.984352
========================================================
Test11 (DAC Calibration) results 2007-10-23 10:04:51
Board ID151 36 channels
Linux calibration software
Calibration DAC Range: [1100 - 2700]

A:
0.756573,0.750962,0.755786,0.755786,0.751809,0.754077,0.755786,0.758366,0.747733,0.750469,0.756859,0.75188
0.758797,0.756358,0.744325,0.746617,0.751315,0.750047,0.757146,0.755929,0.75543,0.750117,0.756144,0.751103
0.75365,0.757576,0.75188,0.758366,0.746965,0.750117,0.748363,0.752587,0.75188,0.752445,0.747314,0.754361


B:
59.5612,59.6171,63.8168,51.7242,54.2336,49.4203,58.5263,58.1572,58.4074,60.6004,58.5619,57.1429
56.3503,47.9059,56.1594,58.4694,56.8747,58.1848,58.3191,58.4805,55.9963,56.587,61.0585,58.9709
61.4696,59.8485,56.391,51.9386,59.4771,58.0873,57.5304,56.9144,56.391,57.4115,66.4643,60.4903


========================================================
Test11 (DAC Calibration) results 2007-10-25 10:15:10
Board ID151 36 channels
Linux calibration software
Calibration DAC Range: [1100 - 2700]

A:
0.756573,0.751103,0.755786,0.755715,0.751809,0.754219,0.755786,0.758581,0.747664,0.750399,0.756573,0.75188
0.759229,0.76577,0.74474,0.746617,0.751315,0.749977,0.757074,0.755572,0.755572,0.750117,0.756072,0.751033
0.753509,0.757648,0.751809,0.765477,0.747035,0.750117,0.748363,0.752587,0.75188,0.752587,0.747035,0.754077


B:
59.2584,59.1211,63.6656,51.8231,54.0833,48.9204,58.5263,57.7091,58.5047,60.6977,58.9559,57.1429
54.8447,44.4623,55.7252,58.4694,56.7244,58.2826,58.569,58.8213,55.4969,56.587,61.0056,58.7681
61.6652,59.5984,56.6393,45.9382,59.3799,58.0873,57.2311,56.9144,56.391,57.2153,66.8503,60.8823


========================================================
Test11 (DAC Calibration) results 2008-05-20 10:30:10
Board ID151 36 channels
Linux calibration software
Calibration DAC Range: [1100 - 2700]

A:
0.756215,0.752516,0.755501,0.755501,0.751738,0.753935,0.757719,0.758006,0.756501,0.750328,0.756144,0.751527
0.758797,0.767165,0.754717,0.746547,0.751174,0.749766,0.756859,0.755358,0.755287,0.750258,0.755572,0.751033
0.752941,0.756859,0.751527,0.766284,0.762268,0.749836,0.748433,0.752375,0.751597,0.752375,0.747105,0.754077


B:
59.1453,57.6144,63.9058,51.8178,53.7304,49.1659,56.7719,57.8926,53.0023,60.345,59.5462,57.6327
55.1361,43.6133,46.4151,58.5667,56.7698,58.5755,58.5619,59.1162,55.8911,56.3914,61.6925,58.618
62.447,60.6811,56.8812,47.1265,48.8327,58.3279,57.1332,57.2087,56.7833,57.5098,57.4898,60.8823


