========================================================

Test10 results 12-21-2006  16:16:19
Board ID029  36 channels
HV Tests Software Ver.1.6.8

+5V 2522 - O'k
-5V 1310 - O'k
Interlock - On
Number of Samples: 400

Voltmeter channel: A=1.093494, B=9.841489

A:
Limits 1.1 +/- 0.1
1.066098,1.067806,1.082251,1.070091,1.082837,1.070091,1.074691,1.06383,1.084011,1.068947,1.070664,1.079331
1.075847,1.072386,1.075269,1.072961,1.068947,1.074691,1.063264,1.075847,1.071811,1.080497,1.072386,1.071237
1.076426,1.073537,1.069519,1.066667,1.079914,1.071811,1.078167,1.075269,1.075269,1.062699,1.082251,1.075847


B:
Limits 0.0 +/- 30.0
6.39654,14.949322,3.246791,11.770809,8.662871,13.910991,11.821486,15.957476,2.168024,8.551615,12.847973,7.555364
8.606635,6.434438,7.526706,9.656813,11.758456,9.672105,19.138645,15.061719,13.933707,17.28796,8.57921,12.854673
9.687826,6.441059,9.625785,2.133125,8.639275,11.790084,11.859968,10.752512,7.526706,17.003403,8.658047,11.834177
========================================================
Test10 (ADC Calibration) results 2008-04-04 09:53:03
Board ID29 36 channels
Linux calibration software

Voltmeter channel: A=1.09052, B=12.9024

A:
1.06384,1.06547,1.07982,1.06843,1.08008,1.06813,1.07238,1.06301,1.08126,1.06623,1.0679,1.07651
1.07368,1.07222,1.07282,1.07049,1.0674,1.07278,1.06481,1.07321,1.07025,1.0796,1.06939,1.06906
1.07418,1.07129,1.06803,1.06477,1.07876,1.07042,1.07617,1.07294,1.07312,1.06311,1.08004,1.07318


B:
2.02896,10.3971,-0.210779,6.47419,5.97856,9.52126,7.27766,8.6088,-0.251873,-1.11011,9.09288,4.99251
4.66987,0.342362,4.64749,6.36343,5.66327,5.76661,11.9839,11.9682,7.35583,11.9922,6.23951,7.93631
5.90442,2.14017,3.6683,-2.78036,2.33993,6.51644,8.47188,8.08508,3.39051,9.5551,0.708509,7.10959


