========================================================

Test11 results 12-21-2006  16:19:11
Board ID029  36 channels
HV Tests Software Ver.1.6.8

+5V 2531 - O'k
-5V 1310 - O'k
Interlock - On
Calibration DAC Range: [2500 - 2900]
Number of Samples: 400

A:
Limits 0.76 +/- 0.04
0.749064,0.749064,0.736648,0.744879,0.736648,0.746269,0.743494,0.75188,0.735294,0.746269,0.746269,0.740741
0.743494,0.746269,0.742115,0.743494,0.747664,0.742115,0.750469,0.740741,0.743494,0.739372,0.743494,0.746269
0.740741,0.744879,0.746269,0.747664,0.738007,0.746269,0.739372,0.743494,0.743494,0.750469,0.743494,0.743494


B:
Limits 60.0 +/- 30.0
68.251846,59.71698,78.573311,71.133972,75.45047,63.460449,65.052933,60.454384,76.789459,62.820217,65.138092,66.556808
62.802849,62.899471,70.387177,68.817787,64.393051,69.589256,62.500969,70.123428,73.446106,59.151691,72.727844,62.020748
70.992386,65.221863,74.555183,78.417397,76.28508,61.299622,69.263176,62.002903,65.127541,65.514755,59.593624,60.403191
========================================================
Test11 (DAC Calibration) results 2008-04-04 09:53:03
Board ID29 36 channels
Linux calibration software
Calibration DAC Range: [1100 - 2700]

A:
0.750117,0.748223,0.73828,0.746896,0.737735,0.747105,0.743771,0.750328,0.737667,0.748433,0.746896,0.74129
0.742873,0.744255,0.74384,0.745087,0.747245,0.743494,0.749064,0.742459,0.744879,0.739167,0.745851,0.745712
0.742528,0.744532,0.74606,0.748713,0.739372,0.745504,0.741152,0.743011,0.743633,0.750258,0.742942,0.743218


B:
73.8397,71.792,81.3215,72.1221,80.45,68.2481,72.8523,73.4009,76.8556,73.0004,72.2715,74.0549
73.2008,75.9048,73.5006,71.9289,74.0333,73.9776,69.2884,71.9906,77.2812,66.4974,72.8137,72.8563
73.0833,75.0767,83.7173,83.2476,78.9279,72.0994,70.3911,71.9699,73.6383,71.0965,73.997,71.3861


========================================================
Test11 (ADC Calibration) results 2008-06-19 12:56:33
Board ID029 36 channels
Linux calibration software

Calibration DAC Range: [1000 - 3500]

A:
0.738,0.736,0.7264,0.7352,0.7252,0.7348,0.732,0.738,0.7252,0.736,0.7344,0.7288
0.7304,0.734,0.7316,0.7328,0.7352,0.7312,0.7388,0.73,0.7324,0.7272,0.7336,0.7336
0.7304,0.7328,0.7348,0.7372,0.7268,0.734,0.7296,0.7312,0.7316,0.7384,0.7308,0.7304


B:
74.0001,73,82.5999,72.8,82.8,70.2001,73,76.0001,78.8,72,74.6001,75.2
74.5999,73.9999,74.4,73.2,74.8,74.8001,70.2,73.9999,78.6,67.8001,74.3999,73.3999
74.5999,75.2,82.2001,82.7999,80.1999,71.9999,69.4,72.8001,74.4,72.6001,71.2001,72.5999


========================================================
Test11 (ADC Calibration) results 2008-07-17 10:58:43
Board ID029 36 channels
Linux calibration software

Calibration DAC Range: [1000 - 3500]

A:
0.7376,0.736,0.726,0.7348,0.7248,0.7348,0.7312,0.7376,0.7252,0.7356,0.7344,0.7284
0.73,0.734,0.7308,0.732,0.7348,0.7308,0.7388,0.7296,0.732,0.7268,0.7332,0.7336
0.7296,0.7324,0.7344,0.7368,0.7268,0.7332,0.7288,0.7312,0.7312,0.7384,0.7304,0.7304


B:
74.3999,72,83,73.2001,83.2,69.2001,73.8001,75.3999,78.8,72.4,73.6001,75.6
74.9999,73.9999,75.2001,75,75.2001,76.2001,71.2,74.4,79,68.1999,74.7999,73.3999
75.4,75.6,83.6001,83.2,80.1999,72.7999,71.2,71.8001,74.8001,72.6001,71.5999,71.5999


========================================================
Test11 (ADC Calibration) results 2008-07-20 18:37:46
Board ID029 36 channels
Linux calibration software

Calibration DAC Range: [1000 - 3500]

A:
0.7376,0.736,0.7264,0.7348,0.7252,0.7344,0.7312,0.7376,0.7248,0.736,0.7344,0.7288
0.7304,0.734,0.7312,0.7324,0.7352,0.7308,0.7388,0.73,0.7324,0.7272,0.7332,0.7336
0.7296,0.7328,0.734,0.7368,0.7268,0.7332,0.7288,0.7304,0.7312,0.7392,0.7304,0.7304


B:
74.3999,72,81.5999,73.2001,82.8,70.6001,73.8001,76.3999,80.2,71,73.6001,75.2
74.5999,74.9999,74.8001,73.6,74.8,75.2001,72.2,73.9999,78.6,67.8001,74.7999,73.3999
75.4,75.2,83.9999,83.2,80.1999,72.7999,71.2,73.5999,74.8001,70.8,71.5999,71.5999


========================================================
Test11 (ADC Calibration) results 2008-07-24 23:03:59
Board ID029 36 channels
Linux calibration software

Calibration DAC Range: [1000 - 3500]

A:
0.7376,0.736,0.726,0.7348,0.7252,0.7348,0.7312,0.738,0.7252,0.736,0.734,0.728
0.7304,0.7336,0.7308,0.7324,0.7348,0.7312,0.7392,0.7292,0.7324,0.7272,0.7328,0.7336
0.7296,0.7324,0.7344,0.7364,0.7272,0.7332,0.7292,0.7308,0.7312,0.7388,0.7304,0.7304


B:
75.3999,73,83,73.2001,82.8,70.2001,74.8001,76.0001,79.8,72,74.9999,78.0001
74.5999,75.3999,76.2001,74.6,76.2001,74.8001,71.8,75.8,78.6,67.8001,76.2,73.3999
75.4,76.6,83.6001,84.6,79.8001,73.7999,70.8,73.2001,74.8001,73.2,72.5999,72.5999


========================================================
Test11 (ADC Calibration) results 2008-08-12 23:20:39
Board ID029 36 channels
Linux calibration software

Calibration DAC Range: [1000 - 3500]

A:
0.7376,0.736,0.726,0.7344,0.7248,0.7344,0.7312,0.7372,0.7252,0.7356,0.734,0.728
0.7296,0.7336,0.7304,0.7328,0.7352,0.7312,0.7388,0.7296,0.7324,0.7264,0.7332,0.7332
0.7296,0.7324,0.734,0.7368,0.7264,0.7328,0.7288,0.7308,0.7316,0.7388,0.7304,0.7304


B:
74.3999,72,82,73.6001,83.2,70.6001,74.8001,76.7999,77.8,71.4,73.9999,77.0001
76.4,75.3999,75.5999,73.2,74.8,74.8001,72.2,74.4,78.6,68.5999,74.7999,73.7999
74.4,75.6,83.9999,83.2,80.5999,74.2,71.2,73.2001,73.4,73.2,71.5999,71.5999


========================================================
Test11 (ADC Calibration) results 2008-08-13 01:14:42
Board ID029 36 channels
Linux calibration software

Calibration DAC Range: [1000 - 3500]

A:
0.7376,0.7356,0.7264,0.7344,0.7248,0.7344,0.7316,0.7376,0.7244,0.7356,0.7344,0.728
0.7296,0.7336,0.7304,0.7324,0.7352,0.7312,0.7388,0.7296,0.7324,0.7264,0.7332,0.7336
0.7292,0.732,0.7344,0.7368,0.7264,0.7328,0.7288,0.7312,0.7312,0.7388,0.73,0.7304


B:
74.3999,73.4,81.5999,73.6001,83.2,70.6001,73.4,76.3999,79.6001,71.4,73.6001,77.0001
76.4,75.3999,75.5999,74.6,74.8,74.8001,72.2,74.4,78.6,67.5999,74.7999,73.3999
75.8,77,83.6001,83.2,80.5999,74.2,71.2,71.8001,74.8001,73.2,72.9999,71.5999


========================================================
Test11 (DAC Calibration) results 2008-08-27 10:33:30
Board ID029 36 channels
Linux calibration (server mode)

Calibration DAC Range: [3100 - 3500]

A:
0.758857,0.756571,0.749714,0.755429,0.748,0.754571,0.752571,0.758857,0.747143,0.756,0.755429,0.75
0.751429,0.755143,0.752,0.753714,0.756571,0.752571,0.758857,0.750857,0.754286,0.745714,0.754571,0.754
0.750857,0.754,0.757714,0.760571,0.749429,0.754,0.749143,0.751714,0.752571,0.759143,0.750857,0.750857


B:
0.0,0.0,0.0,0.0,0.0,0.0,0.0,0.0,0.0,0.0,0.0,0.0
0.0,0.0,0.0,0.0,0.0,0.0,0.0,0.0,0.0,0.0,0.0,0.0
0.0,0.0,0.0,0.0,0.0,0.0,0.0,0.0,0.0,0.0,0.0,0.0


========================================================
Test11 (ADC Calibration) results 2008-08-27 13:08:29
Board ID029 36 channels
Linux calibration software

Calibration DAC Range: [1000 - 3500]

A:
0.7376,0.7364,0.726,0.7344,0.7244,0.734,0.7312,0.738,0.7248,0.736,0.7344,0.728
0.73,0.7336,0.7308,0.7324,0.7352,0.7312,0.7388,0.7296,0.7324,0.7272,0.7332,0.7336
0.7296,0.7324,0.7344,0.7364,0.7268,0.7336,0.7288,0.7308,0.7308,0.7388,0.7304,0.7304


B:
74.3999,70.6,82,73.6001,83.6001,70.9999,73.8001,75.0001,79.2,70,73.6001,77.0001
73.9999,76.3999,74.2001,73.6,74.8,73.8001,71.2,74.4,77.6,65.8001,74.7999,72.3999
74.4,75.6,82.6001,83.6,79.1999,72.3999,71.2,72.2001,75.2001,72.2,71.5999,71.5999


========================================================
Test11 (DAC Calibration) results 2008-08-28 18:58:24
Board ID029 36 channels
Linux calibration (server mode)

Calibration DAC Range: [3100 - 3500]

A:
0.7425,0.7425,0.7325,0.7375,0.7275,0.745,0.74,0.745,0.735,0.74,0.745,0.735
0.7375,0.7475,0.7375,0.74,0.7475,0.7375,0.745,0.7325,0.74,0.735,0.7375,0.74
0.7375,0.74,0.74,0.745,0.7375,0.7375,0.7375,0.7375,0.74,0.7475,0.7425,0.7375


B:
87.2,80.2,91.2,93.7,103.7,65.5,74.0,81.5,75.5,88.0,68.5,83.5
79.7,60.7,82.7,79.0,64.7,82.7,84.5,96.2,83.0,70.5,90.7,82.0
79.7,80.0,95.0,85.5,73.7,88.7,71.7,80.7,75.0,74.7,62.2,77.7


========================================================
Test11 (DAC Calibration) results 2008-08-30 18:23:01
Board ID029 36 channels
Linux calibration (server mode)

Calibration DAC Range: [3100 - 3500]

A:
0.745,0.745,0.7325,0.745,0.7325,0.74,0.735,0.745,0.735,0.745,0.7425,0.735
0.7425,0.745,0.7375,0.7425,0.7425,0.7375,0.75,0.7375,0.7375,0.7375,0.7425,0.7375
0.735,0.745,0.745,0.7475,0.735,0.745,0.7375,0.7375,0.74,0.7425,0.7425,0.7375


B:
83.5,74.5,94.2,71.5,90.2,86.0,94.5,84.5,77.5,74.5,79.2,86.5
65.2,70.5,84.7,73.2,83.2,86.7,69.0,80.7,93.7,64.7,76.2,92.7
90.5,66.5,80.5,79.7,84.5,67.5,75.7,82.7,78.0,94.2,64.2,80.7


========================================================
Test11 (DAC Calibration) results 2008-08-30 21:24:23
Board ID029 36 channels
Linux calibration (server mode)

Calibration DAC Range: [3100 - 3500]

A:
0.72,0.7225,0.715,0.725,0.71,0.7175,0.72,0.725,0.7125,0.7225,0.725,0.715
0.7125,0.725,0.72,0.7225,0.725,0.7175,0.725,0.72,0.7175,0.7075,0.7225,0.7225
0.715,0.715,0.72,0.7225,0.7125,0.7225,0.7175,0.715,0.72,0.725,0.72,0.7175


B:
97.0,80.2,83.5,69.5,97.0,91.8,77.0,83.5,84.3,80.2,69.5,85.5
97.3,69.5,75.0,71.2,73.5,83.8,85.5,71.0,92.8,97.8,75.2,74.2
88.5,97.5,95.0,93.2,91.3,74.2,73.8,89.5,76.0,83.5,71.0,78.8


========================================================
Test11 (DAC Calibration) results 2008-08-30 21:52:06
Board ID029 36 channels
Linux calibration (server mode)

Calibration DAC Range: [3100 - 3500]

A:
0.745,0.745,0.735,0.7425,0.73,0.745,0.74,0.745,0.7375,0.7475,0.745,0.735
0.7375,0.7425,0.7425,0.74,0.745,0.7375,0.7475,0.735,0.7425,0.735,0.7425,0.7475
0.7375,0.7425,0.74,0.7475,0.735,0.74,0.7375,0.74,0.7375,0.745,0.74,0.74


B:
82.5,75.5,85.5,80.2,98.0,68.5,79.0,85.5,70.7,67.7,71.5,87.5
82.7,80.2,69.2,82.0,75.5,86.7,77.7,89.5,77.2,73.5,76.2,59.7
81.7,75.2,98.0,80.7,85.5,84.0,75.7,75.0,86.7,86.5,72.0,72.0


========================================================
Test11 (DAC Calibration) results 2008-08-31 12:06:24
Board ID029 36 channels
Linux calibration (server mode)

Calibration DAC Range: [3100 - 3500]

A:
0.7425,0.745,0.7375,0.745,0.7375,0.74,0.7425,0.7475,0.73,0.7475,0.7425,0.7375
0.74,0.7425,0.7375,0.7375,0.7425,0.7425,0.75,0.74,0.7375,0.735,0.7425,0.7475
0.7425,0.745,0.74,0.7475,0.735,0.7425,0.7375,0.7375,0.74,0.75,0.7375,0.735


B:
91.2,75.5,76.7,72.5,73.7,86.0,70.2,76.7,96.0,66.7,80.2,78.7
75.0,79.2,85.7,90.7,84.2,70.2,71.0,74.0,95.7,73.5,77.2,60.7
65.2,67.5,98.0,79.7,85.5,75.2,74.7,83.7,79.0,71.0,80.7,89.5


