========================================================

Test10 results 04-25-2005  17:21:47
Board ID319  30 channels
HV Tests Software Ver.1.6

+5V 2506 - O'k
-5V 1309 - O'k
Interlock - On

Voltmeter channel: A=1.091107, B=5.455488

A:
Limits 1.1 +/- 0.1
1.076426,1.077006,1.077586,1.074114,1.076426,1.082837,1.074691,1.076426,1.071811,1.081666
1.069519,1.079914,1.079331,1.069519,1.075847,1.072961,1.076426,1.073537,1.075269,1.078749
1.074114,1.075847,1.070664,1.081666,1.064396,1.071811,1.078167,1.077586,1.076426,1.078749


B:
Limits 0.0 +/- 30.0
3.229268,9.692835,4.310467,8.592949,8.6114,9.745708,10.746796,7.534973,8.57465,8.653366
12.834341,11.879015,9.714025,11.764822,8.606635,9.656813,6.458547,12.882283,9.677243,8.629799
8.592949,7.530788,7.494653,8.653366,8.515358,7.502839,9.703633,7.543225,7.534973,12.944794
========================================================
Test10 (ADC Calibration) results 2008-04-09 16:37:25
Board ID319 30 channels
Linux calibration software

Voltmeter channel: A=1.08491, B=-1290.19

A:
1.07505,1.07602,1.07626,1.0733,1.07475,1.08289,1.07485,1.07626,1.07162,1.08228
1.07057,1.0799,1.07929,1.0696,1.07525,1.07121,1.07521,1.07269,1.07804,1.07778
1.07333,1.07566,1.07172,1.08177,1.06444,1.07118,1.07778,1.07626,1.07717,1.07879


B:
2.61062,6.92763,5.22283,5.787,7.47071,4.61591,6.54232,3.14657,5.24744,6.50216
9.05803,6.60825,4.13951,6.27412,6.27876,9.56044,3.55286,8.75553,7.36534,7.06678
6.72018,4.31661,2.991,5.72763,5.21978,6.07735,7.22233,6.94662,4.91491,8.26037


