========================================================

Test11 results 04-25-2005  17:26:05
Board ID319  30 channels
HV Tests Software Ver.1.6

+5V 2505 - O'k
-5V 1310 - O'k
Interlock - On
Calibration DAC Range: [2500 - 2900]


A:
Limits 0.76 +/- 0.04
0.753296,0.75188,0.750469,0.753296,0.75188,0.746269,0.754717,0.75188,0.754717,0.749064
0.756144,0.749064,0.749064,0.757576,0.750469,0.75188,0.75188,0.753296,0.75188,0.749064
0.750469,0.753296,0.754717,0.75188,0.759013,0.753296,0.750469,0.750469,0.753296,0.749064


B:
Limits 60.0 +/- 30.0
61.060017,61.725018,69.382713,62.49194,63.069077,66.845802,55.422276,63.969643,63.94656,59.226685
64.562141,62.380032,63.912357,56.152187,66.868385,69.96357,66.489983,62.397594,64.77861,65.442856
70.719666,60.966408,68.499001,64.176704,66.943405,69.996941,62.37748,66.241959,58.721233,62.380032
========================================================
Test11 (DAC Calibration) results 2008-04-09 16:37:25
Board ID319 30 channels
Linux calibration software
Calibration DAC Range: [1100 - 2700]

A:
0.751668,0.75061,0.750821,0.752516,0.75188,0.745851,0.751809,0.750821,0.754077,0.746269
0.754432,0.748293,0.748713,0.755501,0.751527,0.754361,0.751174,0.752941,0.749204,0.749766
0.75287,0.751244,0.754006,0.751174,0.759157,0.754006,0.749766,0.750821,0.750188,0.749064


B:
70.9668,69.8632,70.624,70.7082,68.1204,71.6203,68.8188,71.3749,69.7804,69.4031
70.6523,69.6005,69.022,67.3812,67.4025,66.5252,72.3943,68.4705,69.545,66.8229
67.062,70.4947,72.2902,69.3896,70.5827,70.4807,68.3224,68.5217,69.2424,66.7416


========================================================
Test11 (ADC Calibration) results 2008-06-19 12:56:33
Board ID319 30 channels
Linux calibration software

Calibration DAC Range: [1000 - 3500]

A:
0.74,0.7392,0.7392,0.7404,0.74,0.7344,0.74,0.7392,0.7428,0.7344
0.742,0.736,0.7372,0.7436,0.74,0.742,0.7396,0.7408,0.7364,0.7364
0.7416,0.7396,0.7424,0.7388,0.7472,0.7424,0.7372,0.7384,0.7372,0.7372


B:
72,69.8,70.8,72.5999,69,72.6001,71,71.8,70.2,70.6001
73.0001,72,69.7999,68.4,68,69.0001,72.4,70.1999,72.6,70.6
67.4001,71.4,72.6,72.2,71.8,70.6,70.7999,71.6001,71.7999,67.7999


