========================================================

Test11 results 10-20-2005  12:56:34
Board ID104  36 channels
HV Tests Software Ver.1.6

+5V 2542 - O'k
-5V 1339 - O'k
Interlock - On
Calibration DAC Range: [2500 - 2900]


A:
Limits 0.76 +/- 0.04
0.750469,0.749064,0.756144,0.742115,0.743494,0.756144,0.750469,0.749064,0.753296,0.749064,0.75188,0.750469
0.75188,0.75188,0.75188,0.747664,0.753296,0.754717,0.749064,0.744879,0.744879,0.749064,0.753296,0.746269
0.75188,0.749064,0.75188,0.756144,0.749064,0.750469,0.75188,0.749064,0.756144,0.749064,0.753296,0.750469


B:
Limits 60.0 +/- 40.0
71.983887,64.885811,54.04813,64.801384,71.21109,46.400482,58.053307,69.49559,54.305367,58.99992,59.83247,54.938381
65.253677,65.776833,77.55928,70.528236,57.148617,68.11335,61.232479,70.812096,65.144211,58.364788,60.43932,61.942039
68.172714,58.834232,68.172714,61.762051,66.567909,66.490768,60.36499,63.630909,59.967503,76.053917,54.037777,55.906517
========================================================
Test11 (DAC Calibration) results 2007-06-14 22:16:10
Board ID104 36 channels
Linux calibration software
Calibration DAC Range: [1100 - 2700]

A:
0.742984,0.740691,0.744842,0.734265,0.735205,0.742984,0.741169,0.741784,0.741853,0.738684,0.741476,0.74175
0.741442,0.742332,0.743362,0.739023,0.745015,0.74619,0.739227,0.738955,0.735508,0.73865,0.742744,0.736518
0.742641,0.739465,0.742778,0.747231,0.741271,0.741408,0.742195,0.739839,0.746502,0.740452,0.743774,0.739295


B:
84.762,78.6826,79.7766,81.6987,85.8814,77.5171,76.4013,80.4226,79.2952,80.1275,82.1,72.2771
87.4584,84.1749,92.7515,85.5416,72.3497,84.7608,80.9223,76.7384,83.1222,80.248,82.7252,80.3328
84.787,76.8418,85.6345,78.9592,80.0211,83.5213,79.0456,81.5506,78.5432,92.1262,73.1728,80.6077


========================================================
Test11 (DAC Calibration) results 2007-07-10 19:34:34
Board ID104 36 channels
Linux calibration software
Calibration DAC Range: [1100 - 2700]

A:
0.749695,0.747384,0.751244,0.739919,0.741633,0.749695,0.748713,0.748993,0.749485,0.745504,0.748363,0.747873
0.748433,0.749555,0.75054,0.74606,0.75287,0.753579,0.745921,0.746269,0.741977,0.745643,0.748783,0.742804
0.748853,0.746478,0.749695,0.754503,0.748573,0.748503,0.749134,0.746478,0.751738,0.747594,0.750188,0.746338


B:
74.2666,68.4605,69.4431,74.0287,75.2108,66.62,63.781,68.1868,66.0108,69.4159,71.1506,62.4006
75.8441,72.81,80.3169,74.0186,58.7804,72.4192,68.69,64.3284,73.1033,68.4777,74.1669,72.4048
75.7183,64.9341,74.2666,67.6884,68.9154,72.3054,67.5437,71.3538,69.5169,80.4317,62.6407,68.8588


========================================================
Test11 (DAC Calibration) results 2008-06-05 09:20:39
Board ID104 36 channels
Linux calibration software
Calibration DAC Range: [1100 - 2700]

A:
0.751244,0.748573,0.752941,0.740261,0.742597,0.750821,0.749274,0.749485,0.749415,0.746547,0.749695,0.749766
0.749766,0.750117,0.751456,0.747035,0.752941,0.754219,0.746756,0.747314,0.743425,0.746408,0.750821,0.744117
0.750469,0.746965,0.750469,0.755216,0.748853,0.748994,0.749695,0.747873,0.753154,0.748223,0.751597,0.747384


B:
74.4014,68.1668,68.4705,69.5568,74.9188,66.8699,66.3012,70.0581,70.3045,69.9141,71.5676,61.5745
75.8201,74.8898,82.6789,74.9183,62.447,75.0165,70.6712,64.9697,72.5861,69.6587,72.1257,71.0352
74.1089,66.9467,75.6098,68.6777,70.3268,73.8788,69.3186,70.6272,69.535,82.4167,60.391,70.4033


