========================================================

Test10 results 09-02-2005  18:08:25
Board ID411  30 channels
HV Tests Software Ver.1.6

+5V 2512 - O'k
-5V 1310 - O'k
Interlock - On

Voltmeter channel: A=1.086957, B=10.869641

A:
Limits 1.1 +/- 0.1
1.083424,1.081666,1.074114,1.071237,1.077586,1.080497,1.075269,1.080497,1.074691,1.070091
1.079914,1.080497,1.071237,1.064396,1.074114,1.084599,1.075269,1.079331,1.081081,1.074691
1.072961,1.081081,1.072386,1.087548,1.073537,1.076426,1.077006,1.089918,1.069519,1.077006


B:
Limits 0.0 +/- 35.0
1.525879e-005,9.735032,4.296494,12.854673,7.543225,8.643984,8.601974,11.885475,8.597414,8.560535
11.879015,5.402493,7.498487,13.837337,6.444721,7.592331,13.978319,6.476033,5.405584,7.522722
6.437928,11.89207,3.21728,6.525431,4.293984,2.152842,7.538823,8.719347,11.764822,8.615829
========================================================
Test10 (ADC Calibration) results 2007-09-12 16:03:18
Board ID411 30 channels
Linux calibration software

Voltmeter channel: A=1.013, B=-1322.76

A:
1.08207,1.08171,1.07247,1.07053,1.07668,1.08093,1.07409,1.08006,1.07611,1.06912
1.0798,1.08377,1.06952,1.06442,1.07355,1.0851,1.07462,1.07819,1.0801,1.07369
1.07204,1.08081,1.07214,1.08648,1.07281,1.07651,1.07661,1.08917,1.07036,1.07607


B:
-2.24024,6.18183,1.58493,8.08811,4.01246,3.98859,6.04989,8.20182,1.4392,5.56078
6.50045,0.782236,7.36125,10.2221,1.89768,2.22667,9.7613,4.90496,3.26946,4.51964
4.33995,7.79465,-0.76693,4.92644,1.82101,-1.18922,4.6628,5.70472,8.00965,6.71682


