========================================================

Test10 results 03-22-2005  15:57:57
Board ID302  30 channels
HV Tests Software Ver.1.6

+5V 2505 - O'k
-5V 1307 - O'k
Interlock - On

Voltmeter channel: A=1.078749, B=14.023542

A:
Limits 1.1 +/- 0.1
1.072961,1.068376,1.066667,1.066667,1.066098,1.089918,1.076426,1.06383,1.067806,1.071811
1.075269,1.071237,1.072961,1.084011,1.055409,1.061008,1.068376,1.068947,1.072386,1.074691
1.072961,1.062135,1.071811,1.085187,1.070664,1.063264,1.06553,1.061571,1.074691,1.064396


B:
Limits 0.0 +/- 30.0
12.875696,12.820528,10.666458,10.666458,11.727031,13.079021,13.993531,11.702156,14.949322,13.933707
13.978319,13.925911,12.875696,18.428186,18.997423,12.732024,12.820528,9.620563,10.723982,7.522722
13.948658,14.869998,11.790084,15.192614,14.9893,17.012117,13.852039,9.554155,9.672105,21.288109
========================================================
Test10 (ADC Calibration) results 2007-09-07 10:33:17
Board ID302 30 channels
Linux calibration software

Voltmeter channel: A=1.07332, B=-1413.31

A:
1.07136,1.06821,1.06559,1.06667,1.06546,1.08958,1.07589,1.06445,1.06794,1.07082
1.07553,1.07086,1.07328,1.08324,1.0572,1.05854,1.07053,1.06764,1.07193,1.07331
1.07402,1.06143,1.07136,1.08644,1.07076,1.06381,1.06452,1.0614,1.07402,1.06579


B:
12.1395,9.97876,8.49322,6.53354,8.54088,10.1408,11.512,6.88903,11.4422,11.7942
8.7763,9.9235,10.8656,15.5511,13.0695,13.9286,9.13441,8.69786,7.93457,7.52563
7.84896,11.261,10.225,11.9434,12.3931,10.2919,11.7313,7.02312,7.62691,14.3158


========================================================
Test10 (ADC Calibration) results 2008-02-16 15:32:51
Board ID302 30 channels
Linux calibration software

Voltmeter channel: A=1.07359, B=-1414.28

A:
1.07194,1.06814,1.06573,1.0663,1.06495,1.08973,1.07583,1.06344,1.06798,1.07126
1.07472,1.0712,1.07301,1.08389,1.05713,1.05239,1.06918,1.06798,1.06251,1.07295
1.07308,1.06083,1.071,1.08563,1.06995,1.06344,1.06495,1.0609,1.07351,1.06552


B:
11.2051,9.66294,8.5896,6.80453,9.18292,9.15543,11.3916,9.23556,11.3986,10.638
9.80291,9.2933,11.203,14.2116,12.7613,19.0418,11.3212,7.67054,20.7295,7.5926
9.72152,11.8903,10.6918,13.8523,14.0874,10.3624,10.3778,8.32337,9.34247,14.26


========================================================
Test10 (ADC Calibration) results 2008-06-17 15:59:19
Board ID302 30 channels
Linux calibration software

Voltmeter channel: A=1.07, B=0

A:
1.08811,1.08505,1.08211,1.08273,1.08202,1.10615,1.06397,1.08024,1.08416,1.08775
1.09172,1.08784,1.09109,1.10032,1.07335,1.06751,1.08613,1.08407,1.07864,1.09055
1.09018,1.07529,1.08721,1.10383,1.0873,1.07988,1.08148,1.07705,1.09145,1.08166


B:
11.1576,8.32533,9.10485,7.44387,7.88947,9.60347,27.83,9.10815,11.5385,10.4015
9.57822,9.66531,9.28814,14.4516,13.1364,16.6519,10.1539,8.3688,16.6302,5.20696
9.02998,12.844,9.81118,12.8127,13.6428,11.5976,10.5482,7.97496,6.99038,15.5755


