========================================================

Test11 results 03-22-2005  16:01:11
Board ID302  30 channels
HV Tests Software Ver.1.6

+5V 2502 - O'k
-5V 1307 - O'k
Interlock - On
Calibration DAC Range: [2500 - 2900]


A:
Limits 0.76 +/- 0.04
0.753296,0.756144,0.754717,0.754717,0.756144,0.740741,0.747664,0.757576,0.754717,0.75188
0.749064,0.753296,0.75188,0.744879,0.764818,0.761905,0.756144,0.756144,0.75188,0.750469
0.75188,0.759013,0.750469,0.747664,0.75188,0.756144,0.756144,0.759013,0.75188,0.756144


B:
Limits 60.0 +/- 30.0
53.947292,60.422001,71.822815,64.777191,61.639656,60.49398,65.562004,63.926586,60.845699,66.549828
64.028847,57.268158,61.80542,54.522049,54.520702,51.94656,54.671173,59.614166,68.255875,65.073929
60.3727,62.265728,69.361092,59.527943,65.558395,67.883568,64.662567,67.692596,58.040146,58.220394
========================================================
Test11 (DAC Calibration) results 2007-09-07 10:33:17
Board ID302 30 channels
Linux calibration software
Calibration DAC Range: [1100 - 2700]

A:
0.751597,0.753438,0.755287,0.755287,0.756144,0.73903,0.748433,0.756859,0.754006,0.751597
0.749064,0.75195,0.750258,0.743356,0.76205,0.76147,0.752941,0.754219,0.750821,0.75061
0.750117,0.759013,0.751597,0.745295,0.752021,0.756931,0.75643,0.758653,0.750117,0.756287


B:
63.3974,72.7634,73.8669,67.0693,66.3515,69.0532,65.5161,68.401,65.5042,70.6123
67.0412,66.6698,68.3955,62.5719,62.8502,58.4617,63.8023,70.7928,75.129,67.1609
69.339,66.6793,68.0572,67.6171,66.4224,68.7575,66.8683,72.0246,67.0887,59.0471


========================================================
Test11 (DAC Calibration) results 2008-02-16 15:32:51
Board ID302 30 channels
Linux calibration software
Calibration DAC Range: [1100 - 2700]

A:
0.75195,0.753864,0.755572,0.755929,0.756501,0.739303,0.748853,0.757576,0.754361,0.751668
0.749625,0.752092,0.750821,0.743287,0.762486,0.765917,0.753509,0.754361,0.757863,0.751244
0.750399,0.759446,0.752233,0.745851,0.752587,0.757576,0.756501,0.759013,0.750469,0.756859


B:
63.0604,72.484,74.0838,66.3423,65.8628,69.2635,65.0848,67.4243,65.0165,70.9668
66.2669,66.626,67.6208,63.8577,62.5618,55.2896,63.4735,71.0514,65.6687,66.5883
69.2526,67.0021,67.1838,66.9961,65.9454,68.1818,67.3758,71.8405,66.6042,58.5619


========================================================
Test11 (ADC Calibration) results 2008-06-17 18:39:44
Board ID302 30 channels
Linux calibration software

Calibration DAC Range: [1000 - 3500]

A:
0.7404,0.7416,0.744,0.744,0.7448,0.7276,0.7572,0.7456,0.7428,0.7404
0.7376,0.7404,0.738,0.732,0.7508,0.7548,0.7416,0.7428,0.7468,0.7388
0.7388,0.7492,0.7408,0.7332,0.7404,0.7456,0.7448,0.748,0.738,0.7452


B:
63.5999,74.4001,72.9999,65.9999,66.2001,70.4001,51.8,67.4001,65.2,70.5999
67.3999,66.5999,70.0001,63,63.2,57.1999,64.4001,71.2,67.2,68.2
69.2,65.8,68.1999,67.7999,66.5999,68.4001,67.2001,70.9999,68.0001,57.8001


========================================================
Test11 (ADC Calibration) results 2008-07-16 22:38:23
Board ID302 30 channels
Linux calibration software

Calibration DAC Range: [1000 - 3500]

A:
0.74,0.742,0.7436,0.7436,0.7444,0.7276,0.76,0.7448,0.7424,0.7392
0.7376,0.74,0.7376,0.7316,0.7504,0.7564,0.7412,0.742,0.7456,0.7388
0.7388,0.7492,0.74,0.7328,0.7404,0.7456,0.744,0.7476,0.7372,0.7448


B:
64,73.0001,73.4,66.4,66.5999,69.4001,56,69.2001,65.6,72.8
67.3999,67,69.3999,64.4,63.6,56.6,64.8001,73.0001,70.4001,68.2
69.2,66.8,69,68.2,65.5999,68.4001,68.9999,71.3999,69.7999,58.2001


========================================================
Test11 (ADC Calibration) results 2008-07-20 18:58:34
Board ID302 30 channels
Linux calibration software

Calibration DAC Range: [1000 - 3500]

A:
0.7396,0.7424,0.7432,0.744,0.7444,0.7272,0.7632,0.7452,0.7428,0.7396
0.7376,0.7404,0.7372,0.7316,0.7504,0.758,0.7412,0.7416,0.746,0.7384
0.7388,0.7496,0.74,0.7328,0.74,0.7452,0.7444,0.7476,0.7376,0.7444


B:
64.4,72.6,74.8,65.9999,66.5999,70.8001,53.8001,67.8001,65.2,72.4
66.3999,66.5999,70.7999,64.4,63.6,54.9999,64.8001,73.4001,69,68.6001
69.2,66.4,69,68.2,67,68.8001,68.5999,71.3999,68.3999,59.5999


========================================================
Test11 (ADC Calibration) results 2008-07-24 15:42:31
Board ID302 30 channels
Linux calibration software

Calibration DAC Range: [1000 - 3500]

A:
0.74,0.7416,0.7432,0.744,0.7444,0.7276,0.7628,0.7452,0.7424,0.7396
0.7372,0.7404,0.7376,0.7316,0.7504,0.7584,0.7408,0.7424,0.7456,0.7384
0.7384,0.7496,0.7404,0.7328,0.7396,0.7452,0.7448,0.7476,0.7372,0.7444


B:
64,74.4001,74.8,65.9999,66.5999,69.4001,54.2001,67.8001,66.6,71.4
66.7999,66.5999,69.3999,63.4,63.6,53.5999,65.1999,71.6,69.4001,68.6001
70.6001,66.4,67.5999,68.2,67.4,68.8001,67.2001,71.3999,68.7999,59.5999


========================================================
Test11 (ADC Calibration) results 2009-01-20 15:34:24
Board ID302 30 channels
Host: ufcmshv3
Linux calibration software

Calibration DAC Range: [1000 - 3500]

A:
0.7628,0.7756,0.7716,0.7496,0.776,0.7704,0.7704,0.7692,0.7592,0.7764
0.7728,0.764,0.7688,0.76,0.7812,0.7752,0.7656,0.7808,0.7572,0.818
0.7724,0.7844,0.7512,0.7936,0.7796,0.7512,0.7628,0.7828,0.7724,0.776


B:
63.2001,71.3999,73.4,66.4,65.9999,67.6,65.6,66.7999,65.8001,68.5999
66.1999,65,69.1999,61,61.8,60.8,63.3999,69.2001,67.8,53.9999
67.5999,66.6001,66.7999,60.3999,65.3999,67.7999,66.2001,70.1999,66.5999,57.9999


========================================================
Test11 (ADC Calibration) results 2012-07-18 17:59:42
Board ID302 30 channels
Host: ufcmshv1
Linux calibration software

Calibration DAC Range: [1000 - 3500]

A:
0.7624,0.7744,0.7704,0.7492,0.776,0.7692,0.77,0.7684,0.7584,0.7764
0.772,0.7628,0.768,0.7588,0.78,0.774,0.7648,0.7792,0.756,0.818
0.7712,0.7836,0.7508,0.794,0.7784,0.7504,0.762,0.7672,0.7716,0.7752


B:
64.6001,74.6,76.6,67.8,66.9999,70.7999,67.0001,69.6,68.5999,69.5999
68.9999,69.2001,71,64.1999,65.0001,64,66.2,73.7999,70.0001,55.9999
70.8,68.4001,68.2,61.9999,68.6,70.6,68.9999,69.8,68.4,60.8


========================================================
Test11 (ADC Calibration) results 2012-07-20 09:57:08
Board ID302 30 channels
Host: ufcmshv1
Linux calibration software

Calibration DAC Range: [1000 - 3500]

A:
0.762,0.7748,0.7712,0.7492,0.776,0.7692,0.7696,0.768,0.7588,0.7756
0.772,0.7632,0.768,0.7584,0.7804,0.7744,0.7644,0.78,0.7564,0.8176
0.7716,0.7836,0.75,0.7928,0.7784,0.7504,0.762,0.7664,0.7716,0.7752


B:
65.9999,74.2,75.8,67.8,67.9999,70.7999,68.4001,71,67.1999,72.3999
68.9999,67.8,72,65.5999,64.6001,62.6,67.6,72.0001,70.6,60.4
70.4,69.4001,71,66.2,68.6,70.6,68.9999,70.6001,69.4,60.8


