========================================================
Test10 (ADC Calibration) results 2014-01-19 19:51:39
Board IDXXX 30 channels
Host: ufcmshv1
Linux calibration software

Voltmeter channel: A=1.09534, B=7.90604

A:
1.12054,1.07961,1.08556,1.08258,1.07639,1.07657,1.10016,1.0842,1.08756,1.11459
1.1251,1.08538,1.10408,1.09249,1.12822,1.07408,1.07711,1.10035,1.09728,1.09396
1.0902,1.08366,1.08628,1.04913,1.06103,1.09194,1.08393,1.10147,1.09249,1.10203


B:
5.54525,11.3146,7.18706,7.74098,7.57821,7.41413,7.9556,8.20819,7.75899,7.69296
8.26453,6.91808,8.40327,8.29683,8.00142,6.26575,7.35338,7.78801,6.37254,7.40361
7.9704,6.75153,6.74259,9.14066,7.48648,7.92103,6.07069,7.00313,7.64111,6.94073


========================================================
Test10 (ADC Calibration) results 2014-03-14 17:56:50
Board ID255 30 channels
Host: ufcmshv1
Linux calibration software

Voltmeter channel: A=1.08619, B=2.26336

A:
1.09553,1.09701,1.06302,1.07116,1.06467,1.08267,1.08619,1.06337,1.07311,1.06914
1.06616,1.06993,1.06782,1.07258,1.06616,1.07818,1.07011,1.07116,1.0687,1.07231
1.06905,1.06224,1.07169,1.07355,1.10653,1.06494,1.06914,1.07497,1.06668,1.06721


B:
0.508993,3.33237,2.01229,1.24623,3.44561,2.24525,2.04631,3.38822,2.87217,2.27336
2.70105,1.75108,2.85811,1.64812,3.55363,3.13403,3.51345,3.17398,1.61337,3.18096
2.99676,6.78015,1.82545,3.75026,5.77405,2.34965,3.77045,3.51165,3.27771,2.57527


