========================================================

Test15 results 04-10-2006  15:49:20
Board ID044  8 channels
HV Tests Software Ver.1.6


A:
Limits 1.45 +/- 2.0
1.445087,1.431639,1.430615,1.429593,1.445087,1.446132,1.445087,1.395673


B:
Limits 0.0 +/- 160.0
-5.780381,-7.158105,5.722399,15.725397,11.560659,-2.892233,-7.225468,41.870255
========================================================
Test15 (ADC Calibration) results 2009-04-08 14:41:11
Board ID044 8 channels
Host: ufcmshv3
Linux calibration software

A:
1.45528,1.43172,1.43172,1.4292,1.42061,1.4446,1.4371,1.41289


B:
9.24652,-9.07508,3.52411,11.5656,11.5396,-4.28916,-7.40669,14.6506


========================================================
Test15 (ADC Calibration) results 2009-10-19 11:17:30
Board ID044 8 channels
Host: ufcmshv3
Linux calibration software

A:
1.42045,1.43109,1.43077,1.4292,1.42139,1.44477,1.4371,1.41289


B:
9.09091,-7.77191,6.18534,11.8514,10.7151,-2.66726,-7.40659,14.9332


========================================================
Test15 (ADC Calibration) results 2009-10-20 14:46:41
Board ID044 8 channels
Host: ufcmshv3
Linux calibration software

A:
1.41412,1.43156,1.4314,1.42936,1.42108,1.44541,1.43694,1.41304


B:
8.9851,-8.39115,5.17507,12.3145,11.2156,-3.69135,-6.72046,15.1087


