========================================================

Test16 results 04-10-2006  15:50:51
Board ID044  8 channels
HV Tests Software Ver.1.6
Calibration DAC Range: [1000 - 2300]


A:
Limits 0.57 +/- 0.1
0.563502,0.566943,0.56843,0.57168,0.565709,0.563014,0.564481,0.58296


B:
Limits 50.0 +/- 60.0
47.618011,53.346725,49.032467,40.231277,42.064308,47.128094,45.333614,33.251057
========================================================
Test16 (ADC Calibration) results 2009-04-08 14:50:05
Board ID044 8 channels
Host: ufcmshv3
Linux calibration software

A:
0.5556,0.5664,0.5656,0.5676,0.57,0.5616,0.5648,0.574


B:
46.4,57.6,46.4001,55.4,55,56.3999,60.1999,54


