========================================================

Test10 results 08-31-2005  17:44:02
Board ID406  30 channels
HV Tests Software Ver.1.6

+5V 2506 - O'k
-5V 1317 - O'k
Interlock - On

Voltmeter channel: A=1.079914, B=16.198669

A:
Limits 1.1 +/- 0.1
1.073537,1.068947,1.072386,1.069519,1.072961,1.078749,1.084599,1.079914,1.079331,1.075269
1.077586,1.074691,1.088139,1.075269,1.075847,1.080497,1.078749,1.067236,1.075847,1.075269
1.074691,1.078167,1.078167,1.081666,1.073537,1.076426,1.071237,1.075269,1.077586,1.079331


B:
Limits 0.0 +/- 35.0
-0.000165,12.827404,13.94114,9.625785,11.802734,15.102291,11.930725,14.038843,7.555364,11.827781
10.775984,8.597414,9.793203,10.752512,9.682483,11.885475,8.629799,5.336298,4.303246,9.677243
7.522722,7.547299,4.312799,11.898364,8.588134,9.687826,11.783437,8.601974,10.775984,9.714025
========================================================
Test10 (ADC Calibration) results 2008-01-28 11:12:08
Board ID406 30 channels
Linux calibration software

Voltmeter channel: A=1.07463, B=-1356.24

A:
1.07234,1.07123,1.07132,1.06862,1.07257,1.07895,1.08395,1.07959,1.07889,1.0749
1.07753,1.07419,1.08725,1.07487,1.07496,1.08002,1.07868,1.0667,1.07473,1.07497
1.07419,1.07895,1.07878,1.08128,1.07112,1.07575,1.07065,1.07389,1.07688,1.0783


B:
-1.01718,5.47172,10.3506,6.46569,7.34308,9.60508,9.37203,10.6306,2.93008,7.25286
5.2341,5.44584,6.9817,7.13559,7.69782,8.5747,3.46538,0.757113,1.46125,6.08211
4.22327,1.76298,-1.50516,9.59779,8.46264,5.73156,9.77176,6.82897,9.27977,6.69796


========================================================
Test10 (ADC Calibration) results 2008-06-19 12:08:44
Board ID406 30 channels
Linux calibration software

Voltmeter channel: A=1.07, B=0

A:
1.08903,1.08741,1.08831,1.08507,1.09038,1.09501,1.10023,1.09611,1.0951,1.09283
1.09401,1.09101,1.10347,1.09174,1.0921,1.0972,1.09656,1.08337,1.09183,1.09192
1.09065,1.09474,1.09437,1.0983,1.08957,1.09283,1.08921,1.09011,1.0962,1.09547


B:
-1.79507,5.80201,9.97613,7.09054,6.54082,10.5967,10.0069,10.6924,3.28592,5.59815
6.6988,5.30258,7.94972,7.47333,6.26601,6.8383,3.69585,1.29492,0.402104,7.0882
4.32733,3.40252,0.892656,9.78568,7.0716,6.69098,7.18669,7.88073,8.19719,6.67471


