========================================================

Test11 results 08-31-2005  17:46:15
Board ID406  30 channels
HV Tests Software Ver.1.6

+5V 2505 - O'k
-5V 1317 - O'k
Interlock - On
Calibration DAC Range: [2500 - 2900]


A:
Limits 0.76 +/- 0.04
0.754717,0.760456,0.757576,0.757576,0.754717,0.75188,0.749064,0.750469,0.750469,0.756144
0.75188,0.754717,0.743494,0.754717,0.75188,0.747664,0.75188,0.759013,0.754717,0.753296
0.75188,0.75188,0.753296,0.756144,0.754717,0.754717,0.757576,0.753296,0.75188,0.749064


B:
Limits 60.0 +/- 40.0
68.292076,50.829372,60.614227,68.909828,67.381851,62.273693,58.83606,65.794716,69.034775,55.111088
68.297905,67.581955,73.832558,59.571377,73.676529,79.085655,65.150146,68.997894,66.159485,66.733093
75.196075,70.824669,65.400291,59.252708,72.138077,60.671761,59.699993,70.488716,70.728485,76.855103
========================================================
Test11 (DAC Calibration) results 2008-01-28 11:12:08
Board ID406 30 channels
Linux calibration software
Calibration DAC Range: [1100 - 2700]

A:
0.755858,0.756644,0.75543,0.757719,0.754931,0.750469,0.747384,0.750399,0.750892,0.753296
0.751456,0.753792,0.74474,0.754077,0.75287,0.749344,0.751033,0.759085,0.753792,0.754006
0.753792,0.750469,0.750962,0.752658,0.755572,0.753083,0.756287,0.754006,0.751527,0.750539


B:
69.7657,65.6673,74.882,74.0482,71.7844,73.3584,69.8054,70.4529,72.1794,70.2449
75.0141,74.8423,73.7479,67.669,76.0964,77.8943,72.5872,74.324,74.0885,69.2742
73.3347,80.8631,77.9405,75.4821,74.6883,72.4939,69.9376,73.7982,74.9178,76.8647


