========================================================

Test11 results 11-25-2004  12:02:11
Board ID261  30 channels
HV Tests Software Ver.1.4

+5V 2552 - O'k
-5V 1317 - O'k
Interlock - On
Calibration DAC Range: [2500 - 2900]


A:
0.796813,0.787402,0.790514,0.790514,0.785855,0.790514,0.787402,0.776699,0.790514,0.788955
0.790514,0.785855,0.785855,0.785855,0.785855,0.793651,0.782779,0.785855,0.78125,0.779727
0.785855,0.785855,0.787402,0.782779,0.784314,0.792079,0.785855,0.787402,0.784314,0.784314


B:
29.285118,45.87928,38.491497,36.807796,43.340691,52.472744,46.876793,47.060154,42.731247,43.454597
44.410507,55.516064,50.123672,43.340691,46.394127,45.044094,39.911232,44.027737,39.630508,44.779652
44.560146,51.801098,51.755379,44.564335,44.358295,41.956211,51.119614,42.304443,52.144176,49.934849
========================================================

Test11 results 01-13-2005  14:44:13
Board ID261  30 channels
HV Tests Software Ver.1.6

+5V 2542 - O'k
-5V 1321 - O'k
Interlock - On
Calibration DAC Range: [2500 - 2900]


A:
Limits 0.76 +/- 0.04
0.749064,0.754717,0.75188,0.749064,0.750469,0.754717,0.75188,0.740741,0.756144,0.75188
0.753296,0.753296,0.75188,0.749064,0.75188,0.756144,0.746269,0.749064,0.742115,0.743494
0.753296,0.750469,0.749064,0.747664,0.746269,0.756144,0.75188,0.750469,0.750469,0.749064


B:
Limits 70.0 +/- 30.0
57.027042,45.429646,58.491165,65.292343,52.418373,61.555271,56.424965,58.747562,48.304317,58.402138
58.423664,53.947292,55.442345,58.473965,60.192806,60.027496,53.766243,57.585365,62.809303,58.199028
43.787735,58.535542,61.145615,54.342304,64.662201,52.154633,61.180016,56.202232,55.564995,57.833897
========================================================

Test11 results 01-31-2005  16:07:13
Board ID261  30 channels
HV Tests Software Ver.1.6

+5V 2541 - O'k
-5V 1329 - O'k
Interlock - On
Calibration DAC Range: [2500 - 2900]


A:
Limits 0.76 +/- 0.04
0.749064,0.753296,0.75188,0.750469,0.747664,0.756144,0.750469,0.743494,0.754717,0.756144
0.754717,0.750469,0.749064,0.749064,0.753296,0.756144,0.744879,0.750469,0.743494,0.744879
0.753296,0.750469,0.747664,0.747664,0.749064,0.756144,0.750469,0.75188,0.750469,0.749064


B:
Limits 70.0 +/- 30.0
57.027042,49.997826,58.491165,61.409161,62.340988,57.803558,61.672081,52.02454,53.684914,43.816929
55.297531,63.194824,65.292343,59.112572,56.994499,62.246639,60.45071,54.673264,57.535583,52.907173
44.596756,59.255226,66.367165,54.342304,56.384781,52.248966,64.984337,50.13348,57.815304,58.557175
========================================================
Test11 (DAC Calibration) results 2007-07-16 17:36:44
Board ID261 30 channels
Linux calibration software
Calibration DAC Range: [1100 - 2700]

A:
0.748153,0.751668,0.75188,0.751597,0.747314,0.754432,0.750117,0.740604,0.757935,0.753012
0.753509,0.749344,0.759085,0.749274,0.75068,0.755644,0.74384,0.749415,0.741771,0.743149
0.753438,0.749064,0.746965,0.746269,0.745851,0.752941,0.750117,0.746199,0.749344,0.745851


B:
63.8081,60.1429,63.1579,61.8942,64.2223,64.7681,66.3386,64.4881,57.0819,58.8854
63.1722,63.8066,55.3468,62.1056,65.7126,65.0703,62.343,61.0118,65.2295,61.8207
56.489,67.0412,69.1876,59.7016,66.9961,62.447,71.5894,61.4401,64.4061,66.2502


========================================================
Test11 (DAC Calibration) results 2007-09-11 15:02:56
Board ID261 30 channels
Linux calibration software
Calibration DAC Range: [1100 - 2700]

A:
0.748013,0.751385,0.75188,0.751527,0.747873,0.754361,0.750117,0.740672,0.757935,0.752729
0.75365,0.748363,0.754575,0.749415,0.750469,0.755929,0.743909,0.749485,0.741496,0.74308
0.753225,0.749204,0.746896,0.745921,0.745921,0.752729,0.750117,0.745712,0.749344,0.745851


B:
64.0019,60.834,63.0076,62.1419,62.2511,64.7148,66.3386,64.6884,57.0819,59.2776
62.9769,64.8644,57.9324,61.4614,65.8537,64.3769,62.2466,60.9142,65.6131,61.4714
55.2772,66.5482,69.2839,59.5898,66.7507,62.439,71.5894,61.6706,64.4061,65.5044


========================================================
Test11 (DAC Calibration) results 2008-02-15 11:28:46
Board ID261 30 channels
Linux calibration software
Calibration DAC Range: [1100 - 2700]

A:
0.748713,0.751527,0.752021,0.751597,0.748013,0.75429,0.750258,0.740741,0.75815,0.752587
0.753935,0.748643,0.760167,0.749274,0.750399,0.755715,0.743564,0.749415,0.741771,0.743356
0.753721,0.749204,0.746756,0.745573,0.745365,0.753083,0.750469,0.745712,0.748923,0.745573


B:
63.0323,60.6388,62.6623,61.2928,61.7579,64.3598,65.5442,63.2593,57.3921,59.1721
60.9273,64.0276,55.074,61.3563,65.3502,64.6702,62.5802,59.8127,64.4877,61.0852
55.1913,66.5482,69.4763,59.9254,66.9245,61.6491,69.9062,61.372,64.3885,65.89


