========================================================

Test10 results 12-09-2005  12:15:27
Board ID098  36 channels
HV Tests Software Ver.1.6

+5V 3062 - O'k
-5V 1375 - O'k
Interlock - On

Voltmeter channel: A=1.072386, B=13.94114

A:
Limits 1.1 +/- 0.1
1.075847,1.073537,1.077586,1.070664,1.075847,1.082837,1.077586,1.077586,1.074114,1.075847,1.080497,1.075847
1.078749,1.078167,1.075847,1.083424,1.071237,1.075269,1.079331,1.077006,1.075847,1.075269,1.076426,1.079914
1.082251,1.078749,1.071237,1.083424,1.078749,1.077006,1.072386,1.075269,1.071811,1.074691,1.087548,1.075847


B:
Limits 0.0 +/- 35.0
18.289261,10.735209,4.310467,18.201292,8.606635,6.497197,14.008742,14.008742,11.81529,12.910025,9.724482,9.682483
6.472301,11.859968,6.454941,6.500557,9.640962,10.752512,12.952018,1.076787,6.454941,16.128857,12.917105,12.958929
18.398306,5.393553,12.854673,9.750828,10.787296,7.538823,8.57921,12.903049,10.718273,11.821486,11.963168,5.379094
========================================================
Test10 (ADC Calibration) results 2007-06-11 21:42:02
Board ID98 36 channels
Linux calibration software

Voltmeter channel: A=1.06131, B=6.34264

A:
1.0921,1.08511,1.08765,1.07138,1.09689,1.09959,1.09785,1.09514,1.09227,1.09546,1.05995,1.09291
1.09577,1.09386,1.08015,1.10168,1.09067,1.09418,1.09753,1.09354,1.09275,1.09322,1.09498,1.09785
1.10199,1.09929,1.09194,1.10088,1.10088,1.07587,1.09226,1.07887,1.09338,1.09338,1.106,1.09514


B:
-2.353,2.0624,10.2888,36.3935,-17.6335,-22.8091,-20.8078,-21.4643,-24.8283,-25.376,21.6995,-21.6273
-22.2182,-18.2431,6.3563,-25.2461,-21.7828,-22.6491,-17.7037,-23.5788,-22.739,-5.52405,-22.3893,-21.011
-17.5124,-38.9704,-26.3679,-24.391,-15.826,19.8249,-26.5079,19.1139,-25.7904,-27.1798,-25.5777,-34.6043


========================================================
Test10 (ADC Calibration) results 2007-06-11 22:25:31
Board ID98 36 channels
Linux calibration software

Voltmeter channel: A=1.05922, B=5.92971

A:
1.08971,1.08566,1.09056,1.07664,1.0934,1.0951,1.09136,1.08911,1.08647,1.08921,1.06418,1.08876
1.09121,1.08956,1.08171,1.0959,1.08496,1.08901,1.0926,1.08842,1.08791,1.08936,1.08906,1.09245
1.0966,1.09135,1.08512,1.09515,1.0958,1.07814,1.08492,1.08078,1.08661,1.08626,1.09935,1.08741


B:
-2.41438,-6.39547,-12.7096,7.83635,-9.60945,-11.522,-2.39245,-3.64091,-6.47873,-6.36792,0.524764,-9.25851
-9.36301,-5.2341,-0.388612,-9.88024,-5.63247,-8.15108,-6.88298,-15.397,-11.9168,-3.76298,-4.88556,-5.5898
-1.63968,-13.8145,-7.1977,-7.21112,-9.349,7.0213,-7.74357,9.96494,-5.95623,-5.46831,-5.8571,-11.0514


========================================================
Test10 (ADC Calibration) results 2007-06-12 10:33:30
Board ID98 36 channels
Linux calibration software

Voltmeter channel: A=1.05909, B=2.2376

A:
1.08971,1.08546,1.09006,1.07574,1.08161,1.09485,1.0923,1.08906,1.08647,1.08916,1.06263,1.08811
1.09116,1.08901,1.08087,1.09615,1.08516,1.08896,1.0929,1.08757,1.08831,1.08896,1.08891,1.0923
1.0966,1.09076,1.08487,1.095,1.0948,1.07877,1.08467,1.08097,1.08656,1.08162,1.09925,1.08731


B:
-2.41438,-6.53348,-12.7602,8.21004,4.86497,-11.2981,-4.7109,-3.57599,-6.67824,-6.40285,1.43572,-7.33072
-9.19868,-4.62528,1.6944,-10.3056,-6.19014,-8.18498,-8.36479,-13.5136,-12.4326,-3.54215,-4.89052,-5.39479
-1.7389,-13.2364,-7.07211,-7.11641,-8.34898,4.82284,-7.71784,9.51549,-5.7917,7.65507,-5.82718,-11.0203


========================================================
Test10 (ADC Calibration) results 2007-06-12 14:42:03
Board ID98 36 channels
Linux calibration software

Voltmeter channel: A=1.05479, B=9.81821

A:
1.08931,1.08457,1.08951,1.07568,1.08077,1.09455,1.0924,1.08896,1.08582,1.08911,1.06298,1.08811
1.09111,1.08891,1.08082,1.096,1.07404,1.08891,1.09156,1.08737,1.08761,1.08761,1.08886,1.0919
1.0965,1.09121,1.08477,1.09485,1.08097,1.07734,1.08447,1.08018,1.07543,1.07847,1.09864,1.08731


B:
-2.29235,-5.66779,-12.6469,6.61455,5.96306,-9.91517,-4.74093,-3.44615,-5.94103,-6.43754,-0.310899,-8.31937
-9.03474,-4.49602,0.281398,-10.3095,8.74513,-8.21932,-6.11705,-13.8529,-11.8249,-1.99971,-4.92511,-4.77618
-1.50969,-15.1092,-7.34051,-7.12037,5.44926,6.76501,-7.85616,10.0465,5.70731,8.60209,-5.05076,-11.1201


