========================================================

Test10 results 12-17-2006  12:40:14
Board ID414  30 channels
HV Tests Software Ver.1.6.8

+5V 2933 - O'k
-5V 1347 - O'k
Interlock - On
Number of Samples: 400

Voltmeter channel: A=1.076426, B=12.917105

A:
Limits 1.1 +/- 0.1
1.074114,1.072386,1.071237,1.069519,1.077006,1.062699,1.074114,1.072386,1.070664,1.075269
1.072961,1.071811,1.079331,1.068947,1.06553,1.068947,1.072386,1.074114,1.071237,1.063264
1.075269,1.074691,1.072386,1.071237,1.071811,1.061571,1.067236,1.06553,1.066098,1.071811


B:
Limits 0.0 +/- 30.0
4.296494,8.57921,19.282097,19.251453,16.154871,18.066103,5.370607,11.796368,16.059963,20.429932
15.021619,7.502839,18.348671,13.896351,6.393329,13.896351,7.506824,17.18586,10.712199,19.138645
13.978319,10.746796,10.723982,13.925911,17.149141,16.985153,20.277599,6.393329,13.859226,9.646461
========================================================

Test10 results 12-17-2006  13:07:49
Board ID414  30 channels
HV Tests Software Ver.1.6.8

+5V 2931 - O'k
-5V 1345 - O'k
Interlock - On
Number of Samples: 400

Voltmeter channel: A=1.077006, B=11.846848

A:
Limits 1.1 +/- 0.1
1.074114,1.072386,1.071237,1.069519,1.077006,1.062699,1.074691,1.072386,1.070664,1.074691
1.072961,1.071811,1.079331,1.068947,1.066098,1.068376,1.072386,1.074114,1.071237,1.063264
1.075269,1.074691,1.071811,1.071237,1.063264,1.061571,1.068376,1.06553,1.066667,1.071811


B:
Limits 0.0 +/- 30.0
4.296494,8.57921,19.282097,19.251453,16.154871,18.066103,4.298649,12.868753,16.059963,22.568398
15.021619,7.502839,18.348671,13.896351,5.330442,16.025656,7.506824,17.18586,10.712199,19.138645
13.978319,10.746796,12.861896,13.925911,12.75906,16.985153,18.162409,6.393329,12.799792,9.646461
========================================================
Test10 (ADC Calibration) results 2008-01-29 10:37:40
Board ID414 30 channels
Linux calibration software

Voltmeter channel: A=1.06986, B=-1265.3

A:
1.07155,1.07077,1.06869,1.06838,1.07525,1.0602,1.07269,1.07138,1.0701,1.07313
1.07222,1.06966,1.07778,1.06747,1.06404,1.06741,1.07111,1.07283,1.06983,1.06065
1.07354,1.07313,1.06966,1.07072,1.06067,1.06007,1.06966,1.06384,1.0634,1.06976


B:
2.24355,3.73131,14.8364,11.9578,10.5045,14.423,0.0462925,6.0929,8.25213,16.7235
7.71108,2.94767,14.0668,8.57676,0.197046,9.00032,0.302652,10.8178,5.17196,15.4649
8.70424,6.05012,8.46003,5.65711,9.52763,10.7704,8.73868,0.652998,10.8788,4.75021


========================================================
Test10 (ADC Calibration) results 2008-06-19 12:08:44
Board ID414 30 channels
Linux calibration software

Voltmeter channel: A=1.07, B=0

A:
1.08822,1.08732,1.08615,1.08507,1.09274,1.07681,1.08921,1.08894,1.08606,1.09101
1.08858,1.09038,1.09474,1.08516,1.08053,1.08364,1.08669,1.09056,1.08759,1.07805
1.09092,1.09029,1.08705,1.08642,1.07743,1.07681,1.07778,1.08168,1.08222,1.08642


B:
0.482477,3.71005,13.9158,12.0816,9.83429,14.3047,0.651443,6.34707,10.5228,15.1217
7.76798,3.05166,13.4745,8.74406,0.492274,9.28109,2.77163,10.5184,5.20065,13.1614
9.095,5.53372,7.65627,7.15011,8.77725,10.859,15.9932,1.7913,7.78642,4.54241


========================================================
Test10 (ADC Calibration) results 2008-07-17 09:50:45
Board ID414 30 channels
Linux calibration software

Voltmeter channel: A=1.07, B=0

A:
1.08902,1.08742,1.08686,1.08593,1.09325,1.07751,1.08958,1.08939,1.08677,1.09127
1.0892,1.09127,1.096,1.08584,1.08092,1.08416,1.08742,1.09108,1.08873,1.07825
1.09118,1.09071,1.07935,1.08696,1.0777,1.0777,1.07385,1.08268,1.08277,1.08677


B:
-0.69494,3.82819,13.2595,11.0755,10.2388,13.2233,0.96136,6.14637,9.21578,15.1071
7.19067,2.88494,12.3273,7.90388,0.124226,9.23455,2.74077,10.0413,4.13891,13.4056
8.64616,5.36967,14.5427,7.30442,8.95778,10.0355,18.5443,1.07876,7.27253,4.21679


========================================================
Test10 (ADC Calibration) results 2008-07-19 11:33:18
Board ID414 30 channels
Linux calibration software

Voltmeter channel: A=1.07, B=0

A:
1.08864,1.08724,1.08668,1.08546,1.09325,1.07742,1.08986,1.08939,1.08602,1.09155
1.08902,1.09136,1.09495,1.08584,1.08083,1.08425,1.08752,1.09071,1.08845,1.07834
1.05628,1.09042,1.07458,1.08686,1.07779,1.07733,1.07231,1.08258,1.0824,1.08658


B:
-0.129326,4.00142,13.2136,11.9383,10.0202,13.308,0.0461439,5.92855,10.3382,14.4129
7.36405,1.92507,13.0593,7.46965,0.210755,8.71485,2.21883,10.1689,4.18114,12.6733
40.9132,5.19393,18.9445,6.95564,7.79466,10.3765,18.0443,0.515756,7.616,4.38915


========================================================
Test10 (ADC Calibration) results 2008-07-19 17:28:33
Board ID414 30 channels
Linux calibration software

Voltmeter channel: A=1.07, B=0

A:
1.08864,1.08724,1.08658,1.08546,1.09306,1.07715,1.08958,1.08948,1.08621,1.09118
1.08939,1.09099,1.09486,1.08584,1.08092,1.08407,1.08733,1.09052,1.08827,1.07825
1.05408,1.09033,1.0714,1.08649,1.07779,1.0776,1.07085,1.08221,1.08231,1.08686


B:
-0.129326,4.21881,13.5166,11.7213,10.6301,13.5632,0.743497,5.62411,10.3835,15.4114
6.58229,3.36401,13.1454,7.46965,0.124226,8.66963,2.39224,10.5595,4.78929,12.974
42.9343,5.49853,22.0993,7.73557,8.22567,9.68995,19.8177,1.2944,7.70169,4.12957


