========================================================

Test11 results 12-17-2006  12:51:15
Board ID414  30 channels
HV Tests Software Ver.1.6.8

+5V 2931 - O'k
-5V 1346 - O'k
Interlock - On
Calibration DAC Range: [2500 - 2900]
Number of Samples: 400

A:
Limits 0.76 +/- 0.04
0.753296,0.754717,0.754717,0.757576,0.750469,0.760456,0.753296,0.753296,0.756144,0.75188
0.753296,0.754717,0.749064,0.756144,0.759013,0.756144,0.754717,0.753296,0.754717,0.760456
0.75188,0.753296,0.754717,0.756144,0.756144,0.760456,0.757576,0.759013,0.759013,0.754717


B:
Limits 60.0 +/- 30.0
63.206615,64.044586,58.189449,53.621815,61.392307,57.784687,68.15876,65.442223,59.19899,56.601185
65.442223,68.800079,56.54937,65.370529,66.943405,67.795326,65.663284,62.397594,62.231865,61.933594
63.877495,59.253651,59.188488,61.727345,47.23933,62.416306,58.180958,66.943405,58.150639,66.373413
========================================================

Test11 results 12-17-2006  13:13:33
Board ID414  30 channels
HV Tests Software Ver.1.6.8

+5V 2931 - O'k
-5V 1345 - O'k
Interlock - On
Calibration DAC Range: [2500 - 2900]
Number of Samples: 400

A:
Limits 0.76 +/- 0.04
0.753296,0.754717,0.754717,0.756144,0.750469,0.760456,0.753296,0.754717,0.756144,0.753296
0.753296,0.754717,0.749064,0.756144,0.759013,0.756144,0.754717,0.753296,0.754717,0.759013
0.75188,0.753296,0.756144,0.757576,0.760456,0.761905,0.757576,0.759013,0.757576,0.754717


B:
Limits 60.0 +/- 30.0
63.112083,64.044586,58.189449,59.002384,61.392307,57.784687,68.15876,59.997932,59.19899,51.158115
65.442223,68.800079,56.54937,65.370529,66.242393,67.692497,65.663284,62.397594,62.231865,67.318832
63.877495,59.160961,54.533272,57.163521,57.082157,57.820259,57.371964,66.943405,62.828323,66.373413
