========================================================

Test10 results 09-18-2006  16:25:13
Board ID074  36 channels
HV Tests Software Ver.1.6.1

+5V 2512 - O'k
-5V 1320 - O'k
Interlock - On

Voltmeter channel: A=1.067236, B=13.874185

A:
Limits 1.1 +/- 0.1
1.081081,1.068947,1.073537,1.074691,1.057642,1.069519,1.087548,1.077006,1.077586,1.083424,1.075847,1.079331
1.081081,1.071237,1.074114,1.071237,1.079914,0.996512,1.079914,1.064396,1.081081,1.081666,1.071811,1.072386
1.078749,1.058201,1.081666,1.082837,1.074691,1.079914,1.075847,1.077586,1.079914,1.078167,1.072386,1.082251
Channels:
    18
Out of range 1.1 +/- 0.1


B:
Limits 0.0 +/- 30.0
4.324503,12.827404,12.882283,2.149267,15.864447,3.208673,11.963168,9.692835,5.388053,6.500557,6.454941,9.714025
21.621799,13.925911,12.889404,12.854673,10.799102,57.7976,10.799102,19.159317,3.243422,12.98003,9.646461,0.000122
5.393553,15.872954,6.490035,11.911382,9.672105,3.239707,4.303246,1.077708,9.719189,8.625466,12.868753,3.814697e-005
Channels:
  18
Out of range 0.0 +/- 30.0
========================================================

Test10 results 09-18-2006  16:30:19
Board ID074  36 channels
HV Tests Software Ver.1.6.1

+5V 2514 - O'k
-5V 1320 - O'k
Interlock - On

Voltmeter channel: A=1.066667, B=15.999792

A:
Limits 1.1 +/- 0.1
1.081666,1.070664,1.073537,1.074691,1.058201,1.070091,1.087548,1.078167,1.077586,1.083424,1.075269,1.079331
1.081666,1.071811,1.074114,1.071811,1.080497,1.086957,1.079331,1.064963,1.081666,1.081666,1.073537,1.070664
1.079914,1.059322,1.081666,1.082837,1.075847,1.079331,1.075847,1.078749,1.079331,1.079914,1.072386,1.081666


B:
Limits 0.0 +/- 30.0
2.163372,8.565317,12.882283,2.149267,16.931156,4.280172,11.963168,6.469132,5.388053,7.583981,9.677243,8.634694
19.470024,12.861896,13.963518,11.790084,9.724482,5.434859,12.952018,18.104298,2.163372,14.061695,5.367522,4.282662
2.159793,11.652672,8.653366,11.911382,7.530788,4.317371,4.303246,-1.078939,11.872686,4.31962,15.013526,2.163372
========================================================
Test10 (ADC Calibration) results 2008-02-22 06:14:25
Board ID74 36 channels
Linux calibration software

Voltmeter channel: A=1.06506, B=11.9288

A:
1.07998,1.06979,1.07169,1.0719,1.06237,1.07294,1.0856,1.07603,1.07678,1.08229,1.07412,1.07726
1.08163,1.06949,1.07203,1.0771,1.07921,1.08485,1.07875,1.06576,1.07905,1.08115,1.07072,1.07049
1.07754,1.07593,1.08052,1.08157,1.07521,1.07764,1.07448,1.07654,1.07757,1.07565,1.07486,1.07893


B:
-5.25408,0.0142703,7.32918,-2.67338,3.35014,-3.23535,5.80668,1.38602,-2.96212,-1.1592,-1.58425,2.4073
8.41493,6.81524,6.66231,-2.89165,0.575321,-2.28897,4.85969,9.30864,-2.69043,6.48367,0.62417,-5.64151
-3.25059,-7.1795,-2.11666,3.95775,1.04969,-3.90366,-3.60582,-6.79027,3.58578,3.55256,3.72878,-4.74628


========================================================
Test10 (ADC Calibration) results 2008-06-19 12:08:44
Board ID074 36 channels
Linux calibration software

Voltmeter channel: A=1.07, B=0

A:
1.09748,1.07663,1.09174,1.08858,1.07137,1.07813,1.10319,1.09547,1.09611,1.09959,1.09083,1.09867
1.0712,1.08615,1.08984,1.08409,1.09574,1.10106,1.09474,1.08017,1.09675,1.09757,1.09465,1.0884
1.09437,1.06824,1.09675,1.10319,1.09785,1.09474,1.09156,1.09519,1.09592,1.09392,1.08723,1.09931


B:
-2.51025,8.79305,6.28985,-2.33545,6.19743,2.00384,4.78943,2.41628,-2.11825,-0.062943,1.01534,1.22215
29.9276,9.26762,6.73259,5.96536,1.72602,-1.85941,6.15421,9.81733,-2.7105,6.8444,-0.330074,-4.77959
-2.92235,2.7295,1.45719,4.56885,2.20098,-2.8226,-3.36714,-5.21653,3.31075,2.31263,6.53314,-6.84487


========================================================
Test10 (ADC Calibration) results 2008-06-19 23:20:09
Board ID074 36 channels
Linux calibration software

Voltmeter channel: A=1.07, B=0

A:
1.09766,1.07338,1.09156,1.08912,1.07076,1.07752,1.103,1.0951,1.09602,1.09968,1.09111,1.09876
1.06263,1.05733,1.08948,1.08463,1.09574,1.10116,1.09428,1.08008,1.09684,1.09775,1.09428,1.08822
1.0941,1.06884,1.09739,1.10282,1.0973,1.09465,1.09138,1.09465,1.09592,1.09383,1.0875,1.09886


B:
-3.33818,7.52929,6.45689,-3.27477,4.20085,-0.433636,5.61997,2.53352,-2.25297,-0.807402,0.3275,0.698269
30.3459,35.0282,6.6297,2.64736,1.06847,-2.16436,6.13525,9.25171,-3.23407,5.79817,-0.211776,-5.48187
-2.66944,-1.4786,-0.230473,4.68608,2.48739,-2.95699,-2.98063,-4.92741,2.87261,2.39655,5.41363,-6.63889


========================================================
Test10 (ADC Calibration) results 2008-06-20 09:41:00
Board ID074 36 channels
Linux calibration software

Voltmeter channel: A=1.07, B=0

A:
1.09748,1.07216,1.09192,1.08885,1.07155,1.07884,1.10319,1.09547,1.0962,1.09996,1.09101,1.09876
1.06031,1.06478,1.09002,1.0848,1.09592,1.10125,1.09483,1.07982,1.09684,1.09748,1.09437,1.0884
1.09383,1.06841,1.0973,1.1031,1.09775,1.09437,1.09138,1.09492,1.09592,1.09392,1.08714,1.09904


B:
-2.72969,10.177,5.68602,-2.80488,3.89045,0.262301,4.78943,1.75929,-2.64142,-1.28143,0.411336,0.917968
35.2401,28.5714,5.47552,3.56559,1.1189,-2.46932,5.63242,9.49903,-3.23407,6.92818,0.141948,-5.21484
-1.54134,-0.212261,-0.365816,4.43285,2.28554,-2.26602,-3.41747,-4.9625,3.09162,2.53136,6.39894,-6.80895


