========================================================

Test11 results 09-18-2006  16:26:49
Board ID074  36 channels
HV Tests Software Ver.1.6.1

+5V 2512 - O'k
-5V 1320 - O'k
Interlock - On
Calibration DAC Range: [2500 - 2900]


A:
Limits 0.76 +/- 0.04
0.746269,0.753296,0.749064,0.749064,0.761905,0.754717,0.739372,0.746269,0.746269,0.740741,0.749064,0.747664
0.746269,0.753296,0.750469,0.750469,0.747664,0.806452,0.744879,0.756144,0.744879,0.743494,0.75188,0.753296
0.746269,0.760456,0.744879,0.744879,0.747664,0.744879,0.75188,0.747664,0.744879,0.747664,0.756144,0.740741
Channels:
  18
Out of range 0.76 +/- 0.04


B:
Limits 60.0 +/- 30.0
50.537212,45.702972,56.533459,62.162407,45.471859,49.653187,48.770889,53.242435,51.634205,63.035213,50.494133,48.952591
40.646782,40.78154,44.025982,54.002861,43.448612,11.590753,50.727455,42.203846,52.477814,53.961143,48.904514,45.150875
50.244606,49.697227,53.426369,40.599941,57.994648,56.502087,41.24015,52.755344,55.478424,47.115742,43.457134,72.518898
Channels:
  18
Out of range 60.0 +/- 30.0
========================================================

Test11 results 09-18-2006  16:32:10
Board ID074  36 channels
HV Tests Software Ver.1.6.1

+5V 2513 - O'k
-5V 1321 - O'k
Interlock - On
Calibration DAC Range: [2500 - 2900]


A:
Limits 0.76 +/- 0.04
0.746269,0.753296,0.749064,0.750469,0.761905,0.754717,0.739372,0.746269,0.747664,0.742115,0.749064,0.746269
0.743494,0.75188,0.75188,0.750469,0.744879,0.738007,0.747664,0.756144,0.744879,0.744879,0.749064,0.75188
0.744879,0.761905,0.746269,0.746269,0.746269,0.747664,0.746269,0.747664,0.743494,0.749064,0.753296,0.743494


B:
Limits 60.0 +/- 30.0
51.270725,44.896526,56.697681,55.311234,44.870483,49.026344,48.655361,53.242435,47.921268,58.644688,51.221069,53.466534
48.262413,46.238243,39.465267,52.561287,53.282703,69.099953,41.689884,41.398228,51.009151,49.397732,58.862579,49.710732
55.624271,44.369553,48.043697,35.265305,63.37682,46.605736,61.12672,53.561054,59.377254,41.039948,52.510036,62.812286
