========================================================
Test15 (Master ADC Calibration) results 2008-04-04 10:40:30
Board ID15 7 channels
Linux calibration software


A:
1.43369,1.42959,1.43472,1.43369,1.43472,1.43678,1.43369,1.43988

B:
12.1864,-9.8643,2.29542,-12.1863,-7.74762,-10.3449,-6.45157,7.34348

========================================================
Test15 (Master ADC Calibration) results 2008-06-24 09:22:19
Board ID15 7 channels
Linux calibration software


A:
1.42561,1.42119,1.42635,1.42413,1.42561,1.42709,1.42561,1.4308

B:
14.9041,-4.78026,5.83501,-5.43763,-2.20318,-3.24338,-2.20318,12.7471

========================================================
Test15 (Master ADC Calibration) results 2008-07-07 09:07:18
Board ID15 7 channels
Linux calibration software


A:
1.42561,1.42119,1.42635,1.42413,1.42635,1.42783,1.42561,1.43006

B:
14.9041,-4.78026,5.83501,-5.43763,-2.72308,-3.76439,-2.20318,14.6907

========================================================
Test15 (ADC Calibration) results 2008-12-11 16:07:29
Board ID015 8 channels
Host: ufcmshv3
Linux calibration software

A:
1.41504,1.42077,1.4203,1.43314,1.42559,1.43615,1.41474,1.45008


B:
9.46974,-8.74321,0.677302,-10.6493,-7.89571,-7.6006,-6.72547,8.14289


