========================================================
Test16 (Master DAC Calibration) results 2008-04-04 10:40:30
Board ID15 7 channels
Linux calibration software
Calibration DAC Range: [1000 - 2300]

A:
0.563479,0.566432,0.565112,0.564461,0.565182,0.563107,0.565446,0.563717

B:
47.4584,52.0059,45.3911,55.833,52.0834,55.8254,50.1309,46.8346

========================================================
Test16 (Master DAC Calibration) results 2008-06-24 09:22:19
Board ID15 7 channels
Linux calibration software
Calibration DAC Range: [1000 - 2200]

A:
0.566985,0.570131,0.567992,0.568568,0.568978,0.566473,0.56867,0.567603

B:
44.547,47.7492,43.7827,50.541,48.4889,52.7669,47.8682,42.5753

========================================================
Test16 (Master DAC Calibration) results 2008-07-07 09:07:18
Board ID15 7 channels
Linux calibration software
Calibration DAC Range: [1000 - 2200]

A:
0.566985,0.5699,0.567838,0.568415,0.568836,0.566484,0.56844,0.568206

B:
44.3852,48.6207,44.3647,51.1212,48.2023,52.2269,48.9023,40.6233

========================================================
Test16 (ADC Calibration) results 2008-12-11 16:18:42
Board ID015 8 channels
Host: ufcmshv3
Linux calibration software

A:
0.5696,0.5684,0.5692,0.5644,0.5668,0.5628,0.5712,0.5576


B:
56.4,56.5999,52.8001,56.5999,60.2,59.2,52.8,55.3999


