========================================================

Test11 results 09-02-2005  18:09:41
Board ID411  30 channels
HV Tests Software Ver.1.6

+5V 2513 - O'k
-5V 1311 - O'k
Interlock - On
Calibration DAC Range: [2500 - 2900]


A:
Limits 0.76 +/- 0.04
0.743494,0.744879,0.749064,0.75188,0.749064,0.744879,0.750469,0.744879,0.749064,0.753296
0.746269,0.747664,0.753296,0.756144,0.749064,0.742115,0.749064,0.747664,0.744879,0.750469
0.753296,0.744879,0.75188,0.747664,0.750469,0.749064,0.747664,0.739372,0.754717,0.749064


B:
Limits 60.0 +/- 40.0
59.738476,50.133335,62.07737,52.764141,49.845104,47.64883,48.137074,54.087597,53.477585,48.842503
49.511639,42.640713,44.811928,55.708656,57.502705,56.298946,51.94709,49.759579,54.087597,50.474777
48.382175,48.384617,50.517128,40.115887,57.729557,50.494133,53.483475,50.498375,43.375916,48.075218
========================================================
Test11 (DAC Calibration) results 2007-09-12 16:03:18
Board ID411 30 channels
Linux calibration software
Calibration DAC Range: [1100 - 2700]

A:
0.744532,0.745157,0.750821,0.752941,0.748643,0.746826,0.750821,0.745921,0.749415,0.753935
0.746478,0.744117,0.75365,0.756501,0.750821,0.742459,0.749695,0.747594,0.746269,0.751103
0.75188,0.745782,0.751809,0.745643,0.750962,0.749134,0.749064,0.740056,0.753438,0.749064


B:
60.7817,51.5647,60.8634,54.9176,56.3915,43.5397,51.1027,55.4128,54.5668,52.7848
53.7369,51.8372,48.2053,57.5413,56.3584,59.0719,55.824,54.1164,53.7314,53.8633
57.7444,48.746,55.1357,52.0736,60.9689,53.3102,52.9588,53.5615,48.804,53.5581


