========================================================

Test11 results 12-23-2005  16:01:00
Board ID133  36 channels
HV Tests Software Ver.1.6

+5V 3071 - O'k
-5V 1359 - O'k
Interlock - On
Calibration DAC Range: [2500 - 2900]


A:
Limits 0.76 +/- 0.04
0.746269,0.747664,0.749064,0.746269,0.746269,0.744879,0.733945,0.744879,0.746269,0.746269,0.736648,0.742115
0.738007,0.742115,0.744879,0.747664,0.746269,0.749064,0.744879,0.742115,0.738007,0.746269,0.744879,0.750469
0.746269,0.749064,0.747664,0.740741,0.749064,0.744879,0.742115,0.736648,0.744879,0.75188,0.759013,0.750469


B:
Limits 60.0 +/- 40.0
70.850258,66.91787,73.859398,70.213669,66.190636,58.186066,69.241333,72.827591,62.247215,64.500778,86.76223,70.260529
75.240768,64.791412,59.796757,52.678131,68.356377,65.379028,73.156204,81.486465,65.408295,52.225971,63.513878,69.888947
55.655056,48.959614,65.39389,68.581726,72.34481,58.991505,70.71167,72.97184,64.317314,73.318207,57.531528,66.145401
========================================================
Test11 (DAC Calibration) results 2007-10-19 15:58:22
Board ID133 36 channels
Linux calibration software
Calibration DAC Range: [1100 - 2700]

A:
0.744186,0.747245,0.750962,0.745851,0.746269,0.739645,0.735294,0.74606,0.745643,0.745712,0.740672,0.744879
0.741152,0.743494,0.742115,0.744394,0.744879,0.748013,0.74474,0.744117,0.736648,0.740604,0.745434,0.751527
0.742322,0.746617,0.744879,0.73944,0.749064,0.743356,0.740947,0.737191,0.74481,0.752587,0.756931,0.751527


B:
77.4884,74.0333,76.1383,78.333,72.3882,67.4555,66.1765,71.9296,71.1622,68.6802,76.3911,66.8529
70.5392,66.5427,72.3191,67.2279,70.5773,72.23,79.2589,80.5599,75.3222,72.1903,67.7227,71.1602
65.0554,62.6505,76.5363,69.6642,77.5281,70.3029,79.7165,75.4515,66.2042,76.4816,76.4784,68.9056


========================================================
Test11 (DAC Calibration) results 2008-05-13 17:01:26
Board ID133 36 channels
Linux calibration software
Calibration DAC Range: [1100 - 2700]

A:
0.74481,0.747175,0.756144,0.75188,0.74606,0.739713,0.734889,0.745921,0.747245,0.745573,0.740604,0.74481
0.74129,0.743494,0.742115,0.744463,0.744879,0.747943,0.74474,0.74384,0.736716,0.740466,0.745365,0.751315
0.742528,0.747314,0.744463,0.739235,0.749134,0.743425,0.740741,0.749064,0.744671,0.752729,0.756716,0.752092


B:
75.1419,73.9798,71.6445,69.9248,72.6756,67.3601,66.7463,71.3754,69.5498,68.8723,76.1894,67.098
69.9036,66.394,72.1707,67.4297,70.5773,72.3261,79.2589,80.939,74.3438,72.2325,67.9681,71.4501
64.6183,61.2331,77.1077,69.8021,77.2825,70.0588,80.0001,65.2435,66.3967,71.7728,68.1421,68.4309


