========================================================

Test10 results 03-24-2005  12:44:50
Board ID315  30 channels
HV Tests Software Ver.1.6

+5V 2507 - O'k
-5V 1321 - O'k
Interlock - On

Voltmeter channel: A=1.085187, B=6.511116

A:
Limits 1.1 +/- 0.1
1.074114,1.077006,1.083424,1.073537,1.075847,1.070664,1.076426,1.078749,1.075269,1.075847
1.079914,1.085776,1.073537,1.077586,1.082251,1.075847,1.075847,1.071237,1.082837,1.076426
1.075269,1.074691,1.077006,1.082837,1.077006,1.077006,1.078749,1.077006,1.068376,1.076426


B:
Limits 0.0 +/- 30.0
8.592949,6.461817,9.750828,7.514596,9.682483,8.565317,15.069958,-1.078939,3.22563,6.454941
4.31962,7.600438,10.735209,7.543225,4.329042,7.530788,3.227399,14.997149,11.911382,8.6114
4.300899,5.373341,7.538823,14.077056,4.307805,2.153793,9.708548,12.923853,16.025656,9.687826
========================================================
Test10 (ADC Calibration) results 2007-09-10 11:14:18
Board ID315 30 channels
Linux calibration software

Voltmeter channel: A=1.02906, B=-1437.95

A:
1.0736,1.07963,1.08254,1.07178,1.07525,1.0712,1.07695,1.08158,1.07543,1.07618
1.07888,1.0827,1.07296,1.0773,1.08061,1.07519,1.07428,1.0711,1.08294,1.07563
1.07509,1.07466,1.07907,1.08418,1.0756,1.07631,1.07803,1.07742,1.06904,1.0759


B:
6.47955,-1.10023,5.732,5.8485,8.28349,2.63958,9.73009,-1.8157,1.25819,2.01215
2.75954,6.29515,9.25706,4.7911,5.99659,6.3865,4.07965,11.0019,7.67099,6.00317
2.28935,3.37984,1.37801,10.0229,3.87829,0.0173178,6.67092,8.31205,11.2223,5.42066


