========================================================

Test10 results 09-27-2006  21:06:30
Board ID339  30 channels
HV Tests Software Ver.1.6.8

+5V 2493 - O'k
-5V 1296 - O'k
Interlock - On
Number of Samples: 400

Voltmeter channel: A=1.079914, B=11.879015

A:
Limits 1.1 +/- 0.1
1.073537,1.072386,1.082251,1.072386,1.079914,1.082837,1.077006,1.073537,1.089325,1.075269
1.080497,1.077006,1.072961,1.067236,1.078167,1.067236,1.074691,1.074114,1.077006,1.067806
1.070091,1.071237,1.074114,1.085776,1.071237,1.073537,1.074691,1.083424,1.066667,1.082251


B:
Limits 0.0 +/- 30.0
19.323507,8.57921,11.9048,11.796368,7.559361,3.248686,16.154871,16.102896,11.982663,10.752512
10.804978,11.846848,16.09458,12.806949,14.016302,12.806949,18.269632,16.111746,8.615829,16.017128
20.331537,7.498487,12.889404,17.372425,13.925911,26.838268,12.896177,9.750828,15.999792,12.987051
========================================================
Test10 (ADC Calibration) results 2007-12-10 16:17:54
Board ID339 30 channels
Linux calibration software

Voltmeter channel: A=1.04383, B=-1505.28

A:
1.07167,1.07006,1.07871,1.06988,1.0773,1.08058,1.0764,1.07146,1.08908,1.07247
1.07895,1.07448,1.07197,1.06643,1.07674,1.06456,1.07458,1.07197,1.07451,1.06543
1.06881,1.06925,1.07364,1.08327,1.06841,1.07633,1.07241,1.08103,1.06633,1.08163


B:
12.4112,2.40934,7.09159,5.17679,1.05297,-2.78264,10.2124,8.52535,4.33515,5.23717
1.70377,4.88387,7.49687,3.03387,5.37642,7.48599,8.68083,9.35294,3.2982,9.65185
12.4014,0.828762,3.85417,11.2409,8.91331,13.8447,5.60878,3.44791,6.56146,2.31287


