========================================================

Test11 results 09-27-2006  21:09:20
Board ID339  30 channels
HV Tests Software Ver.1.6.8

+5V 2494 - O'k
-5V 1296 - O'k
Interlock - On
Calibration DAC Range: [2500 - 2900]
Number of Samples: 400

A:
Limits 0.76 +/- 0.04
0.750469,0.75188,0.744879,0.749064,0.746269,0.742115,0.747664,0.750469,0.739372,0.749064
0.744879,0.746269,0.750469,0.754717,0.747664,0.754717,0.749064,0.750469,0.747664,0.754717
0.75188,0.750469,0.750469,0.744879,0.750469,0.750469,0.749064,0.743494,0.753296,0.743494


B:
Limits 60.0 +/- 30.0
54.421333,60.99902,55.110531,71.631958,60.794395,76.186035,55.899143,55.226952,61.715305,60.001534
59.72147,66.831596,58.363495,58.333538,55.250961,63.166233,56.697681,54.505249,67.977669,56.010422
59.02919,67.66246,60.953861,67.680725,66.949188,48.056458,63.137691,62.155014,65.197807,60.471077
========================================================
Test11 (DAC Calibration) results 2007-12-10 16:17:54
Board ID339 30 channels
Linux calibration software
Calibration DAC Range: [1100 - 2700]

A:
0.751385,0.752516,0.746478,0.75188,0.747454,0.74481,0.748083,0.751527,0.739372,0.750821
0.746687,0.749415,0.751174,0.755073,0.748223,0.755644,0.749344,0.751174,0.748643,0.755786
0.753012,0.753083,0.749625,0.746338,0.753296,0.748503,0.751244,0.744879,0.755144,0.744463


B:
61.5854,70.7082,62.3961,73.6842,68.5136,77.5253,61.6609,62.8934,69.3161,65.3683
65.0924,68.0563,66.0845,67.8151,64.7586,71.1155,64.4061,63.0798,75.1076,64.4214
66.1146,69.4815,72.5637,74.5313,68.7383,60.03,67.7904,68.3427,67.5666,67.5785


========================================================
Test11 (ADC Calibration) results 2008-06-17 18:39:44
Board ID339 30 channels
Linux calibration software

Calibration DAC Range: [1000 - 3500]

A:
0.7396,0.7408,0.7344,0.74,0.736,0.7336,0.7364,0.7404,0.7284,0.7396
0.7356,0.7376,0.7392,0.744,0.7364,0.7436,0.7384,0.74,0.7372,0.744
0.7408,0.7424,0.7388,0.7348,0.7416,0.7384,0.7396,0.7336,0.7436,0.7332


B:
62.4,71.1999,63.6001,74,69,77.3999,62.6,62.5999,68.6,65.4
64.4,69.3999,66.8,66.9999,65.6,73.4,63.6001,63,74.7999,64.9999
68.1999,68.6,71.2,75.2001,69.4001,59.6001,68.4,68.3999,68.4,67.7999


========================================================
Test11 (ADC Calibration) results 2008-07-16 22:38:23
Board ID339 30 channels
Linux calibration software

Calibration DAC Range: [1000 - 3500]

A:
0.7388,0.7404,0.734,0.7396,0.7356,0.7328,0.7356,0.7404,0.728,0.7388
0.7348,0.7372,0.7388,0.7432,0.7364,0.7432,0.7372,0.7388,0.7364,0.7432
0.7408,0.7416,0.738,0.7348,0.7408,0.738,0.7388,0.7332,0.7428,0.7324


B:
64.2,71.5999,63.9999,74.4,69.4,79.2,63.4,61.5999,69.0001,66.2
65.2001,68.7999,67.2,67.8,64.6,72.8,65.7999,65.2,76.6,66.8
67.1999,69.4001,73.0001,74.2001,70.1999,61.0001,70.2,68.7999,69.2,68.6


========================================================
Test11 (ADC Calibration) results 2008-07-20 18:58:34
Board ID339 30 channels
Linux calibration software

Calibration DAC Range: [1000 - 3500]

A:
0.7392,0.7408,0.7336,0.7396,0.736,0.7328,0.7356,0.7404,0.728,0.7388
0.7348,0.7368,0.7392,0.7436,0.7356,0.7432,0.7372,0.7392,0.7364,0.7436
0.7404,0.7416,0.738,0.7344,0.7412,0.738,0.7392,0.7332,0.7432,0.7328


B:
62.8,71.1999,64.3999,74.4,68,78.2,63.4,61.5999,69.0001,66.2
65.2001,69.2,66.8,67.4,66.4,73.8,65.7999,63.8,76.6,65.4
68.5999,69.4001,73.0001,75.6001,69.8001,61.0001,68.8,68.7999,68.8,68.2


========================================================
Test11 (ADC Calibration) results 2008-07-24 15:42:31
Board ID339 30 channels
Linux calibration software

Calibration DAC Range: [1000 - 3500]

A:
0.7388,0.7404,0.7344,0.7392,0.7356,0.7332,0.7368,0.74,0.7288,0.7388
0.7352,0.7372,0.7388,0.7432,0.7356,0.7432,0.7372,0.7392,0.7364,0.7432
0.7408,0.742,0.738,0.7344,0.7412,0.738,0.7392,0.7328,0.7424,0.7332


B:
64.2,70.5999,62.6001,74.8,68.4,77.7999,61.1999,62,68.2,67.2
63.8,68.7999,68.2,68.8,66.4,73.8,65.7999,63.8,76.6,66.8
67.1999,68.0001,73.0001,74.6001,69.8001,61.0001,68.8,69.2,70.6,66.7999


========================================================
Test11 (ADC Calibration) results 2009-02-17 10:52:16
Board ID339 30 channels
Host: ufcmshv3
Linux calibration software

Calibration DAC Range: [1000 - 3500]

A:
0.7604,0.7512,0.7528,0.7656,0.7672,0.7628,0.7556,0.7528,0.7544,0.7576
0.7608,0.7668,0.7524,0.7636,0.7588,0.7544,0.766,0.7604,0.7624,0.7732
0.7608,0.7644,0.7716,0.7672,0.7628,0.7688,0.7608,0.7668,0.7672,0.76


B:
62.6,72.7999,62.2,74.3999,67.8,77.2001,61.4001,61.2,68.5999,66.4
63.2,68.2001,68.6001,70.4,64.1999,72.5999,67.0001,62.6,75.6001,65.8001
68.2,67.6,73.4,72.8,69.2001,63.1999,68.2,67.2001,72.8,68


========================================================
Test11 (ADC Calibration) results 2009-02-17 14:17:56
Board ID339 30 channels
Host: ufcmshv3
Linux calibration software

Calibration DAC Range: [1000 - 3500]

A:
0.7604,0.752,0.7524,0.7648,0.7668,0.7632,0.7552,0.752,0.754,0.7576
0.76,0.7664,0.7524,0.764,0.7588,0.7544,0.766,0.7596,0.762,0.7728
0.7608,0.764,0.7712,0.7664,0.7628,0.768,0.7604,0.766,0.7676,0.76


B:
63.6,71.0001,62.6001,76.2,68.2001,75.8,62.7999,63.0001,69,67.4
65,69.6001,68.6001,69,65.1999,72.5999,68.0001,64.4001,75.9999,66.1999
68.2,69,73.8,74.6001,69.2001,65,68.6,69.0001,72.4,69


