========================================================
Test10 (ADC Calibration) results 2014-01-19 19:51:39
Board IDXXX 30 channels
Host: ufcmshv1
Linux calibration software

Voltmeter channel: A=1.09534, B=7.90604

A:
1.12054,1.07961,1.08556,1.08258,1.07639,1.07657,1.10016,1.0842,1.08756,1.11459
1.1251,1.08538,1.10408,1.09249,1.12822,1.07408,1.07711,1.10035,1.09728,1.09396
1.0902,1.08366,1.08628,1.04913,1.06103,1.09194,1.08393,1.10147,1.09249,1.10203


B:
5.54525,11.3146,7.18706,7.74098,7.57821,7.41413,7.9556,8.20819,7.75899,7.69296
8.26453,6.91808,8.40327,8.29683,8.00142,6.26575,7.35338,7.78801,6.37254,7.40361
7.9704,6.75153,6.74259,9.14066,7.48648,7.92103,6.07069,7.00313,7.64111,6.94073


========================================================
Test10 (ADC Calibration) results 2014-03-14 19:36:10
Board ID473 30 channels
Host: ufcmshv1
Linux calibration software

Voltmeter channel: A=1.1122, B=5.80399

A:
1.09812,1.11459,1.11459,1.12093,1.12442,1.11919,1.12802,1.1122,1.12403,1.11861
1.10128,1.1189,1.11593,1.09267,1.12218,1.10841,1.1143,1.11411,1.11583,1.11049
1.10926,1.12315,1.12122,1.12422,1.11717,1.12102,1.11929,1.12432,1.12306,1.12607


B:
2.10598,5.46378,4.3492,4.97925,4.59017,5.62051,4.56365,5.13645,5.83251,5.46122
6.06941,4.31022,4.71896,6.38207,5.21318,5.85786,5.7188,4.32862,3.68825,5.10661
5.54054,4.13202,4.94671,12.1817,5.17446,5.11766,4.63955,5.35055,5.56519,5.38137


