========================================================

Test10 results 07-05-2005  15:02:21
Board ID400  30 channels
HV Tests Software Ver.1.6

+5V 2536 - O'k
-5V 1373 - O'k
Interlock - On

Voltmeter channel: A=1.060445, B=9.543855

A:
Limits 1.1 +/- 0.1
1.058761,1.057082,1.055409,1.052632,1.054296,1.052078,1.059883,1.059322,1.058201,1.058201
1.057642,1.052078,1.054852,1.061008,1.054852,1.059322,1.051525,1.056524,1.059883,1.059322
1.067236,1.053741,1.061008,1.057082,1.053186,1.053186,1.054852,1.055966,1.059883,1.058201


B:
Limits 0.0 +/- 30.0
7.411367,4.228473,10.554152,14.7367,12.651564,13.676877,13.778698,11.652672,8.465547,13.756552
10.576239,2.10402,-7.38414,-9.549143,10.54835,7.415384,8.412018,13.734803,6.359514,9.534028
8.538006,13.698781,13.793032,15.85638,10.53166,17.903961,5.274088,3.167713,11.658931,10.581949
========================================================
Test10 (ADC Calibration) results 2008-04-18 11:16:57
Board ID400 30 channels
Linux calibration software

Voltmeter channel: A=1.05419, B=-1277.07

A:
1.05888,1.05602,1.05507,1.05201,1.0542,1.05619,1.05947,1.06074,1.06017,1.05908
1.05772,1.05127,1.05321,1.07284,1.05728,1.0602,1.05174,1.05768,1.05924,1.0576
1.06706,1.05619,1.06166,1.05744,1.0537,1.05313,1.0545,1.05477,1.05964,1.05828


B:
4.63847,2.18258,8.93127,12.03,8.73014,7.52505,11.9557,3.68356,0.284335,8.64286
7.71649,-0.30887,3.20276,-16.8126,5.53251,5.18601,1.08176,10.2814,4.72243,9.8521
5.35857,11.7384,8.19735,12.2778,5.87282,12.5272,0.748377,2.16667,9.89646,7.91878


