========================================================

Test11 results 07-05-2005  15:04:03
Board ID400  30 channels
HV Tests Software Ver.1.6

+5V 2532 - O'k
-5V 1373 - O'k
Interlock - On
Calibration DAC Range: [2500 - 2900]


A:
Limits 0.76 +/- 0.04
0.754717,0.756144,0.756144,0.757576,0.756144,0.759013,0.75188,0.75188,0.75188,0.754717
0.753296,0.759013,0.756144,0.75188,0.756144,0.75188,0.756144,0.754717,0.753296,0.753296
0.747664,0.757576,0.753296,0.757576,0.754717,0.754717,0.754717,0.756144,0.75188,0.753296


B:
Limits 60.0 +/- 30.0
60.921612,60.864315,64.461166,63.27314,63.663486,63.68721,61.514652,70.987862,74.779198,59.323551
69.458641,72.475716,66.753044,72.772842,64.461166,73.282784,78.28331,63.126247,67.959404,67.959404
66.538567,53.303326,57.148617,66.803009,75.281685,71.998222,73.690262,70.147194,67.00341,66.97052
========================================================
Test11 (DAC Calibration) results 2008-04-18 11:16:57
Board ID400 30 channels
Linux calibration software
Calibration DAC Range: [1100 - 2700]

A:
0.751385,0.753792,0.753721,0.756287,0.754717,0.753296,0.750962,0.749695,0.750469,0.751244
0.751456,0.756072,0.75543,0.741977,0.752516,0.750821,0.756859,0.752233,0.750751,0.751174
0.74599,0.753296,0.749415,0.755786,0.755073,0.754361,0.754503,0.753935,0.750469,0.751809


B:
78.1159,77.8575,78.5567,75.6854,76.6037,82.2976,71.0317,84.9123,85.3659,75.9038
82.3784,90.7948,68.8386,87.2009,78.2333,80.3847,85.0519,75.4583,83.3333,83.6619
79.4853,67.985,77.0492,78.9325,80.3494,81.6124,82.6276,84.4501,77.8612,77.239


========================================================
Test11 (DAC Calibration) results 2008-04-23 15:21:00
Board ID400 30 channels
Linux calibration software
Calibration DAC Range: [1100 - 2700]

A:
0.751174,0.75365,0.753864,0.756287,0.754575,0.753296,0.75061,0.750117,0.750188,0.751244
0.751809,0.756072,0.75543,0.755216,0.752304,0.750821,0.756716,0.752021,0.750469,0.750892
0.74606,0.753579,0.749415,0.755786,0.754646,0.754361,0.754361,0.753721,0.750469,0.751668


B:
77.6525,78.05,77.4594,75.2316,76.7967,82.2976,70.914,82.8411,84.8463,75.453
80.6972,89.8875,68.0832,70.6411,78.3713,79.6339,84.6386,75.4467,83.1145,84.0435
79.0918,66.8426,76.5995,78.1767,80.6243,80.8581,82.3668,84.5865,77.1107,77.4313


========================================================
Test11 (ADC Calibration) results 2008-06-19 12:56:33
Board ID400 30 channels
Linux calibration software

Calibration DAC Range: [1000 - 3500]

A:
0.7388,0.7424,0.7408,0.7464,0.7424,0.7396,0.738,0.738,0.738,0.7392
0.7392,0.7444,0.7428,0.7424,0.738,0.738,0.7444,0.738,0.7384,0.7388
0.7348,0.7384,0.738,0.7436,0.7416,0.7424,0.742,0.7416,0.7376,0.7392


B:
80.2,76.6,79.1999,73.6,77.6,82.4,72.0001,84.0001,87.0001,75.8
81.8,89.5999,79.2,82.6,77.0001,82.0001,84.5999,77.0001,84.6001,85.2
79.2001,68.6001,77.0001,78.4,82.4001,81.6,84.0001,85.4001,78.3999,78.8


========================================================
Test11 (ADC Calibration) results 2008-07-17 10:58:43
Board ID400 30 channels
Linux calibration software

Calibration DAC Range: [1000 - 3500]

A:
0.7384,0.7416,0.7404,0.7464,0.742,0.7384,0.738,0.7376,0.738,0.7384
0.7388,0.7448,0.7428,0.742,0.7372,0.7372,0.744,0.7376,0.738,0.738
0.734,0.7376,0.7376,0.7428,0.764,0.742,0.742,0.7412,0.7372,0.7388


B:
80.6001,78.4001,79.5999,73.6,78.0001,83.6001,72.0001,83.3999,86.0001,76.6001
82.2,87.2001,78.2,83.0001,77.7999,82.7999,85.9999,77.3999,85.0001,87.0001
79.9999,69.3999,77.3999,79.2,59,82.0001,83.0001,85.8001,78.7999,78.2


========================================================
Test11 (ADC Calibration) results 2008-07-20 18:37:46
Board ID400 30 channels
Linux calibration software

Calibration DAC Range: [1000 - 3500]

A:
0.7384,0.7416,0.7412,0.746,0.7424,0.7392,0.738,0.7376,0.7376,0.7388
0.7384,0.744,0.7428,0.742,0.7372,0.7376,0.7444,0.7376,0.7384,0.738
0.7336,0.7388,0.7372,0.7428,0.7564,0.742,0.7416,0.7412,0.7376,0.7396


B:
80.6001,78.4001,77.8001,75,77.6,81.8,72.0001,84.3999,86.3999,76.2
83.6001,89.9999,78.2,84.0001,78.7999,82.3999,84.5999,77.3999,83.6001,87.0001
80.3999,67.2,78.7999,79.2,66.6,82.0001,84.4001,85.8001,78.3999,76.4


========================================================
Test11 (ADC Calibration) results 2008-07-24 23:03:59
Board ID400 30 channels
Linux calibration software

Calibration DAC Range: [1000 - 3500]

A:
0.7388,0.7416,0.7408,0.7464,0.742,0.7388,0.7384,0.738,0.7384,0.7384
0.7384,0.7444,0.7428,0.7424,0.7372,0.7376,0.7444,0.7376,0.738,0.7388
0.734,0.7384,0.738,0.7432,0.742,0.742,0.742,0.7416,0.7376,0.7396


B:
79.2,78.4001,79.1999,74.6,79.0001,83.2,71.6001,83.0001,85.6001,77.6001
83.6001,88.5999,79.2,83.6,78.7999,82.3999,85.5999,78.3999,85.0001,85.2
80.9999,67.6001,77.0001,78.8,81.0001,82.0001,84.0001,85.4001,78.3999,77.4


========================================================
Test11 (ADC Calibration) results 2008-08-12 23:20:39
Board ID400 30 channels
Linux calibration software

Calibration DAC Range: [1000 - 3500]

A:
0.7384,0.7416,0.7404,0.746,0.7416,0.7372,0.7372,0.7372,0.738,0.738
0.7376,0.744,0.7428,0.742,0.736,0.7372,0.744,0.7364,0.7376,0.738
0.734,0.7368,0.7372,0.7428,0.7552,0.742,0.7416,0.7412,0.7368,0.7392


B:
79.6001,78.4001,79.5999,75,79.4001,82.7999,73.7999,83.7999,85.0001,77.0001
84.3999,89.9999,78.2,84.0001,78,81.7999,84.9999,77.6,85.3999,87.0001
79.9999,68.2,78.7999,79.2,67.7999,82.0001,84.4001,85.8001,79.2,77.8


========================================================
Test11 (ADC Calibration) results 2008-08-13 01:14:42
Board ID400 30 channels
Linux calibration software

Calibration DAC Range: [1000 - 3500]

A:
0.7384,0.7416,0.7404,0.7456,0.742,0.7372,0.7376,0.7368,0.738,0.7384
0.738,0.7444,0.7428,0.742,0.7356,0.7372,0.744,0.7364,0.738,0.7384
0.734,0.7372,0.7376,0.7428,0.7552,0.7416,0.7416,0.7412,0.7368,0.7392


B:
79.6001,78.4001,79.5999,76.4001,79.0001,82.7999,73.3999,85.2,85.0001,76.6001
84.0001,88.5999,78.2,84.0001,79.4,81.7999,85.9999,77.6,84.0001,85.6001
79.9999,66.7999,77.3999,79.2,67.7999,82.4001,84.4001,85.8001,79.2,77.8


========================================================
Test11 (DAC Calibration) results 2008-08-27 10:33:02
Board ID400 30 channels
Linux calibration (server mode)

Calibration DAC Range: [3100 - 3500]

A:
0.761143,0.763429,0.762571,0.766857,0.764,0.76,0.758,0.760571,0.761714,0.759429
0.761429,0.769143,0.764571,0.765429,0.758286,0.76,0.768286,0.758,0.762,0.762857
0.756286,0.755429,0.759143,0.765429,0.790286,0.765143,0.765143,0.765143,0.758857,0.760857


B:
0.0,0.0,0.0,0.0,0.0,0.0,0.0,0.0,0.0,0.0
0.0,0.0,0.0,0.0,0.0,0.0,0.0,0.0,0.0,0.0
0.0,0.0,0.0,0.0,0.0,0.0,0.0,0.0,0.0,0.0


========================================================
Test11 (ADC Calibration) results 2008-08-27 13:08:29
Board ID400 30 channels
Linux calibration software

Calibration DAC Range: [1000 - 3500]

A:
0.7384,0.7412,0.7404,0.746,0.7416,0.736,0.7376,0.7372,0.7376,0.7384
0.738,0.744,0.7428,0.742,0.736,0.7368,0.7436,0.736,0.7372,0.7384
0.7336,0.7364,0.7372,0.7428,0.7672,0.7412,0.7416,0.7412,0.7368,0.7392


B:
78.6001,77.8001,78.5999,75,78.4001,83,72.3999,82.7999,85.3999,75.6001
82.0001,87.9999,77.2,83.0001,78,82.2,85.4,78,84.7999,85.6001
80.3999,66.6,77.7999,78.2,80.8,82.8001,83.4001,84.8001,78.2,76.8


========================================================
Test11 (DAC Calibration) results 2008-08-28 18:58:22
Board ID400 30 channels
Linux calibration (server mode)

Calibration DAC Range: [3100 - 3500]

A:
0.7425,0.755,0.745,0.755,0.7475,0.745,0.7425,0.745,0.745,0.7425
0.745,0.7575,0.75,0.75,0.7425,0.745,0.75,0.7425,0.745,0.745
0.74,0.745,0.7425,0.75,0.775,0.75,0.7475,0.7525,0.74,0.75


B:
95.2,63.5,94.5,78.5,89.7,86.5,86.2,86.5,91.5,91.2
90.5,73.8,84.0,87.0,88.2,84.5,95.0,87.2,89.5,93.5
89.0,68.5,91.2,86.0,83.5,87.0,94.7,78.3,98.0,71.0


========================================================
Test11 (DAC Calibration) results 2008-08-30 18:22:59
Board ID400 30 channels
Linux calibration (server mode)

Calibration DAC Range: [3100 - 3500]

A:
0.7525,0.7525,0.7475,0.755,0.75,0.745,0.745,0.7475,0.745,0.745
0.7475,0.755,0.7525,0.7525,0.7425,0.7475,0.7525,0.74,0.745,0.7475
0.7425,0.745,0.74,0.75,0.7775,0.745,0.7525,0.7525,0.745,0.7475


B:
66.3,75.3,88.7,80.5,86.0,86.5,80.5,81.7,94.5,85.5
84.7,85.5,78.3,81.3,89.2,78.7,91.3,98.0,92.5,88.7
84.2,71.5,102.0,89.0,82.8,104.5,80.3,81.3,84.5,82.7


========================================================
Test11 (DAC Calibration) results 2008-08-30 21:24:20
Board ID400 30 channels
Linux calibration (server mode)

Calibration DAC Range: [3100 - 3500]

A:
0.725,0.73,0.7275,0.735,0.73,0.7225,0.725,0.725,0.725,0.7275
0.7275,0.73,0.735,0.7275,0.725,0.725,0.73,0.725,0.725,0.7275
0.7225,0.7225,0.7275,0.7325,0.7575,0.73,0.735,0.7275,0.7275,0.7275


B:
86.5,80.0,86.7,78.5,83.0,94.2,78.5,87.5,91.5,75.7
80.7,99.0,66.5,94.7,79.5,84.5,96.0,79.5,89.5,86.7
81.2,77.2,74.7,77.2,76.8,86.0,69.5,94.7,73.7,79.7


========================================================
Test11 (DAC Calibration) results 2008-08-30 21:52:03
Board ID400 30 channels
Linux calibration (server mode)

Calibration DAC Range: [3100 - 3500]

A:
0.7475,0.7475,0.75,0.7575,0.75,0.745,0.745,0.745,0.7475,0.75
0.75,0.7525,0.76,0.755,0.7475,0.7475,0.76,0.7475,0.745,0.7475
0.745,0.7425,0.7425,0.755,0.7775,0.7475,0.755,0.7525,0.7475,0.7475


B:
81.7,91.7,80.0,72.8,85.0,87.5,80.5,89.5,85.7,70.0
76.0,94.3,53.0,74.5,73.7,78.7,66.0,72.7,93.5,88.7
75.5,80.2,93.2,72.5,81.8,97.7,72.5,81.3,75.7,82.7


========================================================
Test11 (DAC Calibration) results 2008-08-31 12:06:22
Board ID400 30 channels
Linux calibration (server mode)

Calibration DAC Range: [3100 - 3500]

A:
0.7475,0.7525,0.75,0.7575,0.75,0.745,0.74,0.75,0.7475,0.745
0.75,0.7525,0.755,0.7575,0.7475,0.7475,0.76,0.7475,0.745,0.7425
0.745,0.7475,0.7425,0.755,0.775,0.7475,0.755,0.7525,0.7425,0.7475


B:
82.7,75.3,82.0,74.8,85.0,87.5,98.0,74.0,86.7,87.5
76.0,94.3,70.5,65.8,74.7,79.7,66.0,73.7,93.5,105.2
75.5,63.7,94.2,72.5,85.5,96.7,72.5,81.3,92.2,83.7


========================================================
Test11 (DAC Calibration) results 2008-08-31 16:15:27
Board ID400 30 channels
Linux calibration (server mode)

Calibration DAC Range: [3100 - 3500]

A:
0.7475,0.7525,0.75,0.7525,0.755,0.745,0.74,0.75,0.7475,0.745
0.75,0.7525,0.755,0.7575,0.7475,0.7475,0.755,0.7425,0.745,0.7475
0.74,0.7425,0.7425,0.755,0.775,0.7475,0.75,0.7525,0.7425,0.7475


B:
81.7,75.3,82.0,90.3,69.5,87.5,98.0,74.0,85.7,87.5
76.0,94.3,70.5,65.8,73.7,78.7,83.5,90.2,93.5,88.7
93.0,80.2,93.2,72.5,85.5,97.7,90.0,81.3,93.2,82.7


========================================================
Test11 (DAC Calibration) results 2008-08-31 18:30:23
Board ID400 30 channels
Linux calibration (server mode)

Calibration DAC Range: [3100 - 3500]

A:
0.7525,0.7525,0.75,0.7525,0.75,0.745,0.74,0.75,0.7525,0.7475
0.75,0.7525,0.755,0.7575,0.7425,0.7475,0.755,0.7425,0.745,0.7425
0.74,0.7475,0.7425,0.755,0.7775,0.7525,0.7525,0.7525,0.7425,0.7525


B:
65.3,75.3,82.0,90.3,85.0,87.5,98.0,74.0,69.3,78.7
76.0,94.3,70.5,65.8,90.2,79.7,83.5,89.2,93.5,105.2
93.0,63.7,94.2,72.5,79.8,81.3,81.3,81.3,92.2,66.3


========================================================
Test11 (DAC Calibration) results 2008-09-01 15:18:48
Board ID400 30 channels
Linux calibration (server mode)

Calibration DAC Range: [3100 - 3500]

A:
0.7525,0.7525,0.75,0.76,0.75,0.745,0.7425,0.75,0.7525,0.745
0.75,0.7525,0.755,0.7575,0.7425,0.7475,0.755,0.7475,0.7525,0.7475
0.74,0.7475,0.7425,0.755,0.7775,0.7525,0.7525,0.7525,0.7475,0.7475


B:
65.3,75.3,82.0,64.0,85.0,87.5,89.2,74.0,69.3,86.5
76.0,94.3,70.5,65.8,89.2,78.7,83.5,72.7,67.3,88.7
93.0,62.7,93.2,72.5,81.8,81.3,81.3,81.3,75.7,81.7


========================================================
Test11 (ADC Calibration) results 2009-02-26 10:00:22
Board ID400 30 channels
Host: ufcmshv3
Linux calibration software

Calibration DAC Range: [1000 - 3500]

A:
0.7612,0.764,0.7644,0.7712,0.7752,0.7692,0.7632,0.768,0.7604,0.7624
0.7604,0.7556,0.7736,0.754,0.756,0.7628,0.768,0.7664,0.7684,0.7676
0.7696,0.77,0.772,0.762,0.7708,0.7584,0.7712,0.7744,0.7692,0.7716


B:
77.8,76,78.6,74.8,76.8,81.7999,68.8,81,82.6,75.6001
81.6,87.4001,75.4001,82,76.0001,80.2001,83,76.6001,84.6,84.4
78.4001,62.0001,75.9999,75.9999,80.2,79.5999,83.8,83.6,73.7999,76.4


