========================================================

Test10 results 01-27-2005  13:39:11
Board ID297  30 channels
HV Tests Software Ver.1.6

+5V 2498 - O'k
-5V 1336 - O'k
Interlock - On

Voltmeter channel: A=1.078167, B=10.781801

A:
Limits 1.1 +/- 0.1
1.082251,1.088732,1.073537,1.073537,1.070091,1.078749,1.084599,1.076426,1.084011,1.072386
1.082251,1.073537,1.081081,1.078167,1.072961,1.082251,1.078167,1.072386,1.074691,1.070091
1.075269,1.067236,1.071811,1.083424,1.070091,1.085776,1.068376,1.068947,1.082837,1.078167


B:
Limits 0.0 +/- 30.0
9.740297,8.709784,11.808746,11.808746,11.770809,11.866045,11.930725,12.917105,10.840111,9.651596
12.987051,11.808746,9.729908,12.938135,9.656813,7.575796,9.703633,11.796368,13.970869,11.770809
11.827781,10.672477,9.646461,13.001099,19.261446,11.943543,11.752151,13.896351,17.325567,8.625466
========================================================
Test10 (ADC Calibration) results 2007-09-12 10:24:38
Board ID297 30 channels
Linux calibration software

Voltmeter channel: A=1.05875, B=-1534.62

A:
1.08161,1.08781,1.07231,1.07351,1.06982,1.07849,1.05086,1.07704,1.08443,1.0708
1.08218,1.07362,1.0796,1.06401,1.06506,1.08107,1.07704,1.0714,1.07466,1.06922
1.07496,1.06717,1.07214,1.08379,1.06861,1.08405,1.06697,1.06902,1.08236,1.07728


B:
7.37324,6.77276,10.6651,7.19544,8.16513,8.61291,10.006,6.69799,7.09418,10.5939
8.77997,6.91957,10.275,11.8726,8.79417,6.9149,8.62095,9.75108,9.30994,10.0688
8.1982,7.5567,5.73156,7.65263,15.1106,10.7571,11.4808,9.79541,15.0865,7.63682


========================================================
Test10 (ADC Calibration) results 2007-09-12 11:16:53
Board ID297 30 channels
Linux calibration software

Voltmeter channel: A=1.05902, B=-1535.72

A:
1.08117,1.08846,1.07254,1.07351,1.06929,1.07889,1.05139,1.0766,1.08463,1.0711
1.08272,1.07331,1.07905,1.06358,1.06579,1.08022,1.07704,1.0715,1.07506,1.06922
1.07422,1.06737,1.0715,1.08354,1.06539,1.08504,1.06751,1.06902,1.08161,1.0763


B:
7.94236,4.85509,9.28861,7.19544,9.92293,9.1763,8.27805,8.13794,5.75208,8.3373
8.08334,7.7056,10.9697,12.4309,7.85007,9.47698,8.62095,9.62224,8.5945,10.0688
9.54771,6.89912,7.62224,8.64826,18.6309,8.60661,9.7269,9.79541,16.0468,9.96995


