========================================================

Test11 results 01-27-2005  13:40:28
Board ID297  30 channels
HV Tests Software Ver.1.6

+5V 2500 - O'k
-5V 1336 - O'k
Interlock - On
Calibration DAC Range: [2500 - 2900]


A:
Limits 0.76 +/- 0.04
0.747664,0.740741,0.75188,0.75188,0.753296,0.747664,0.742115,0.749064,0.746269,0.753296
0.744879,0.753296,0.747664,0.750469,0.75188,0.747664,0.747664,0.750469,0.750469,0.754717
0.75188,0.757576,0.75188,0.747664,0.753296,0.744879,0.754717,0.754717,0.743494,0.749064


B:
Limits 70.0 +/- 30.0
48.521259,61.165638,55.617279,57.232464,60.127777,58.555943,64.347885,59.447235,50.905064,56.369389
58.409748,49.451611,54.028709,45.306324,58.491165,51.680943,62.340988,63.194824,56.202232,53.869358
52.645008,51.806484,61.623875,58.473255,54.574795,53.786808,60.039757,55.483818,53.29425,57.109703
========================================================
Test11 (DAC Calibration) results 2007-09-12 10:24:38
Board ID297 30 channels
Linux calibration software
Calibration DAC Range: [1100 - 2700]

A:
0.745226,0.740604,0.751315,0.750469,0.753438,0.747384,0.766651,0.748013,0.743287,0.752375
0.744463,0.750399,0.746617,0.757935,0.75643,0.745226,0.748013,0.75195,0.750047,0.753864
0.749836,0.754931,0.751809,0.747873,0.75429,0.742804,0.755073,0.754006,0.745087,0.748223


B:
61.1551,65.3767,63.1856,66.6042,63.7221,62.6308,62.7217,66.994,64.601,63.2277
63.8562,65.2001,62.2025,56.324,62.9349,64.434,64.7499,63.0604,62.085,61.4775
63.7267,64.688,64.7589,61.6527,58.4763,64.531,62.5296,62.4882,51.6625,64.16


========================================================
Test11 (DAC Calibration) results 2007-09-12 11:16:53
Board ID297 30 channels
Linux calibration software
Calibration DAC Range: [1100 - 2700]

A:
0.745157,0.740535,0.751527,0.750469,0.753438,0.747105,0.766651,0.747943,0.743149,0.752162
0.744463,0.75061,0.746617,0.757863,0.756287,0.745434,0.748013,0.75188,0.749766,0.753864
0.749977,0.754788,0.75188,0.747664,0.756573,0.742873,0.755073,0.754006,0.745226,0.748153


B:
61.2517,65.4725,62.8934,66.6042,63.7221,63.0183,62.7217,67.2401,64.7933,64.122
63.8562,64.6089,62.2025,56.4228,63.131,63.8465,64.7499,63.1579,62.6241,61.4775
63.2323,65.1855,64.6617,62.243,55.7783,64.2863,62.5296,62.4882,51.4671,64.2571


