========================================================

Test15 results 07-11-2005  15:40:35
Board ID021  8 channels
HV Tests Software Ver.1.6


A:
Limits 1.45 +/- 2.0
1.433692,1.386963,1.433692,1.438849,1.438849,1.438849,1.433692,1.440922


B:
Limits 0.0 +/- 160.0
8.602196,15.256642,4.529953e-005,-14.388633,8.632951,-15.827482,1.433737,-8.645396
========================================================
Test15 (Master ADC Calibration) results 2007-07-17 10:11:48
Board ID21 7 channels
Linux calibration software


A:
1.43369,1.44928,1.43575,1.44196,1.43678,1.44404,1.43575,1.43885

B:
2.15058,-15.9421,-0.430586,-16.8709,5.45968,-19.4945,1.00516,-20.144

========================================================
Test15 (Master ADC Calibration) results 2008-05-16 19:39:25
Board ID21 7 channels
Linux calibration software


A:
1.43472,1.45033,1.43885,1.443,1.43885,1.44823,1.43781,1.44509

B:
5.16487,-15.8086,-1.43898,-12.4097,5.75526,-18.9719,-0.143655,-10.6937

========================================================
Test15 (Master ADC Calibration) results 2008-07-03 10:12:39
Board ID21 7 channels
Linux calibration software


A:
1.43006,1.44433,1.43379,1.43979,1.41972,1.44433,1.43304,1.44357

B:
6.11033,-12.4737,2.08549,-12.1729,16.1331,-16.8067,4.03868,-9.05508

========================================================
Test15 (Master ADC Calibration) results 2008-07-03 10:32:40
Board ID21 7 channels
Linux calibration software


A:
1.42561,1.44054,1.42931,1.43528,1.44889,1.43904,1.42857,1.43828

B:
9.20169,-9.82204,5.19759,-9.00322,11.8546,-11.6433,7.14277,-3.92259

========================================================
Test15 (Master ADC Calibration) results 2008-07-04 08:45:43
Board ID21 7 channels
Linux calibration software


A:
1.42561,1.44054,1.42931,1.43453,1.43828,1.43904,1.42857,1.43753

B:
9.20169,-11.2626,5.19759,-8.47677,13.3368,-13.0823,5.7142,-3.39778

