========================================================

Test16 results 07-11-2005  15:44:19
Board ID021  8 channels
HV Tests Software Ver.1.6
Calibration DAC Range: [1000 - 2300]


A:
Limits 0.57 +/- 0.1
0.570426,0.574713,0.571177,0.573698,0.575221,0.571931,0.570175,0.574459


B:
Limits 50.0 +/- 60.0
17.479723,27.453932,16.108349,5.207348,-0.057941,12.274551,20.115206,2.992552
========================================================
Test16 (Master DAC Calibration) results 2007-07-17 10:11:48
Board ID21 7 channels
Linux calibration software
Calibration DAC Range: [1000 - 2300]

A:
0.569638,0.574411,0.569896,0.572558,0.569558,0.571225,0.569108,0.570103

B:
21.0392,1.85705,19.8453,9.51964,21.4402,15.0192,23.4883,22.5392

========================================================
Test16 (Master DAC Calibration) results 2008-05-16 19:39:25
Board ID21 7 channels
Linux calibration software
Calibration DAC Range: [1000 - 2300]

A:
0.571239,0.575099,0.571257,0.575067,0.57068,0.573725,0.570226,0.573578

B:
14.5504,-1.48208,14.1502,-0.433884,16.1318,5.18336,18.5229,4.52706

========================================================
Test16 (Master DAC Calibration) results 2008-07-03 10:12:39
Board ID21 7 channels
Linux calibration software
Calibration DAC Range: [1000 - 2200]

A:
0.557041,0.552344,0.555298,0.553864,0.558575,0.552124,0.556252,0.551315

B:
41.3121,39.8375,42.9504,38.1613,54.4301,44.2074,43.5883,43.5916

========================================================
Test16 (Master DAC Calibration) results 2008-07-03 10:32:40
Board ID21 7 channels
Linux calibration software
Calibration DAC Range: [1000 - 2200]

A:
0.558779,0.553942,0.557405,0.555752,0.550238,0.554449,0.557991,0.553488

B:
40.0522,38.1315,40.4171,36.4845,45.5631,40.7107,42.0087,40.5151

========================================================
Test16 (Master DAC Calibration) results 2008-07-04 08:45:43
Board ID21 7 channels
Linux calibration software
Calibration DAC Range: [1000 - 2200]

A:
0.558928,0.553648,0.557257,0.555746,0.554149,0.554523,0.558065,0.553777

B:
39.6377,39.7592,40.6717,37.0256,44.9473,41.2215,42.6787,39.9074

