

========================================================
Test10 (ADC Calibration) results 2014-03-06 15:19:06
Board ID509 30 channels
Host: ufcmshv1
Linux calibration software

Voltmeter channel: A=1.11297, B=4.67998

A:
1.05766,1.0645,1.08159,1.0709,1.12558,1.10993,1.08294,1.07169,1.08692,1.07081
1.07178,1.07063,1.09497,1.07311,1.07134,1.06931,1.08956,1.08078,1.05895,1.07143
1.05065,1.06354,1.08983,1.0562,1.10035,1.06984,1.10128,1.07764,1.0797,1.07488


B:
1.95241,4.03403,4.31947,5.34755,5.36015,10.4981,4.59572,3.1117,3.55509,4.35817
4.31578,4.7358,5.17279,6.0915,4.93877,4.46246,5.28171,4.41393,5.18486,3.99982
4.34175,3.65131,5.03255,5.65009,5.3673,4.6147,5.8492,5.3528,5.61867,4.66897


========================================================
Test10 (ADC Calibration) results 2014-03-06 15:39:29
Board ID509 30 channels
Host: ufcmshv1
Linux calibration software

Voltmeter channel: A=1.11297, B=4.90279

A:
1.0574,1.06459,1.0815,1.0709,1.12529,1.11012,1.08312,1.07143,1.08719,1.07046
1.07152,1.07055,1.09488,1.07337,1.07134,1.0694,1.08956,1.08123,1.05887,1.07143
1.05074,1.06328,1.0902,1.05646,1.10025,1.06949,1.10119,1.07782,1.07952,1.07479


B:
2.40664,3.95269,5.05127,5.77567,5.84273,10.1074,3.99724,3.57149,2.87088,5.11309
4.77543,4.81741,5.25623,5.63213,4.93877,4.1672,5.28171,3.56846,5.26556,3.99982
4.26154,4.32021,4.26343,5.19719,5.45128,4.94104,5.71291,4.54155,6.21481,4.96587


