========================================================

Test10 results 11-30-2004  12:25:30
Board ID265  30 channels
HV Tests Software Ver.1.4

+5V 2541 - O'k
-5V 1362 - O'k
Interlock - On

Voltmeter channel: A=1.077586, B=14.008742

A:
1.072961,1.071237,1.072386,1.066667,1.053186,1.078749,1.068947,1.066667,1.050972,1.068376
1.072961,1.079914,1.070664,1.068947,1.068376,1.060445,1.074114,1.057082,1.067236,1.070091
1.071237,1.068947,1.064396,1.077586,1.071237,1.070664,1.079331,1.042753,1.073537,1.068376


B:
5.364967,14.997149,11.796368,8.533125,18.957148,5.393553,9.620563,8.533125,22.070585,7.478648
10.729774,10.799102,11.777308,8.551615,4.27352,18.027418,13.963518,30.655533,9.605241,16.051172
7.498487,10.689509,9.579754,9.698398,10.712199,10.706645,7.555364,31.282608,10.735209,10.683776
========================================================

Test10 results 11-30-2004  14:32:40
Board ID265  30 channels
HV Tests Software Ver.1.4

+5V 2540 - O'k
-5V 1363 - O'k
Interlock - On

Voltmeter channel: A=1.076426, B=17.222809

A:
1.072386,1.070664,1.071811,1.066667,1.052632,1.078749,1.068947,1.067236,1.05042,1.067806
1.072386,1.079914,1.070664,1.068376,1.068947,1.059883,1.074691,1.057642,1.066667,1.070664
1.072386,1.067806,1.064963,1.076426,1.071811,1.070091,1.078749,1.042753,1.073537,1.068376


B:
5.362052,16.059963,13.933707,9.599792,19.999857,4.314804,8.551615,7.470769,23.109255,9.610294
12.868753,10.799102,11.777308,10.683776,3.20688,19.078114,12.896177,28.556145,11.733126,14.9893
4.289666,11.745905,8.519632,12.917105,8.57465,11.770809,8.629799,31.282608,9.661671,9.6154
========================================================

Test10 results 01-13-2005  12:20:12
Board ID265  30 channels
HV Tests Software Ver.1.6

+5V 2545 - O'k
-5V 1367 - O'k
Interlock - On

Voltmeter channel: A=1.077006, B=16.154871

A:
Limits 1.1 +/- 0.1
1.072961,1.071237,1.071811,1.067236,1.052078,1.079331,1.066667,1.066667,1.070664,1.068947
1.072961,1.081081,1.070664,1.069519,1.068947,1.082837,1.074114,1.064963,1.068376,1.070091
1.071237,1.067806,1.064963,1.077586,1.072386,1.070664,1.079331,1.067806,1.073537,1.068947


B:
Limits 0.0 +/- 30.0
5.364967,16.068386,15.005518,8.538006,22.0935,4.317371,8.533125,10.666458,10.706645,7.482668
11.802734,8.648827,13.918636,9.625785,4.275827,12.994219,16.111746,12.779484,7.478648,17.121264
8.569725,13.881516,9.584596,10.775984,8.57921,12.847973,8.634694,10.6781,11.808746,9.620563
========================================================

Test10 results 01-13-2005  18:04:30
Board ID265  30 channels
HV Tests Software Ver.1.6

+5V 2545 - O'k
-5V 1364 - O'k
Interlock - On

Voltmeter channel: A=1.077006, B=16.154871

A:
Limits 1.1 +/- 0.1
1.073537,1.070664,1.071811,1.066667,1.052078,1.079331,1.066667,1.067236,1.071237,1.067236
1.072961,1.080497,1.070091,1.068376,1.068376,1.083424,1.074691,1.064963,1.067236,1.071237
1.071811,1.068947,1.064396,1.077006,1.071811,1.070091,1.078749,1.067806,1.072961,1.067236


B:
Limits 0.0 +/- 30.0
4.293984,18.201292,13.933707,9.599792,22.0935,4.317371,8.533125,8.538006,9.640962,10.672477
11.802734,9.724482,14.981082,11.752151,6.410272,10.834251,13.970869,11.714521,11.739713,12.854673
7.502839,11.758456,10.64415,11.846848,10.718273,12.8409,9.708548,10.6781,12.875696,13.874185
