========================================================

Test11 results 11-30-2004  12:27:27
Board ID265  30 channels
HV Tests Software Ver.1.4

+5V 2541 - O'k
-5V 1362 - O'k
Interlock - On
Calibration DAC Range: [2500 - 2900]


A:
0.747664,0.750469,0.750469,0.754717,0.764818,0.746269,0.75188,0.753296,0.766284,0.753296
0.750469,0.746269,0.749064,0.75188,0.75188,0.756144,0.749064,0.761905,0.750469,0.750469
0.749064,0.754717,0.756144,0.750469,0.75188,0.750469,0.743494,0.769231,0.749064,0.754717


B:
76.206352,63.73349,66.949188,62.167557,58.786205,70.213669,70.103264,70.018829,53.919205,67.801422
62.929703,60.715687,72.164307,67.598526,73.414764,64.661644,60.554188,49.001434,79.934349,63.73349
72.34481,56.10384,64.461166,65.433586,60.99902,65.965477,71.994156,56.371456,64.574921,59.234001
========================================================

Test11 results 11-30-2004  14:34:00
Board ID265  30 channels
HV Tests Software Ver.1.4

+5V 2541 - O'k
-5V 1363 - O'k
Interlock - On
Calibration DAC Range: [2500 - 2900]


A:
0.749064,0.749064,0.750469,0.757576,0.763359,0.747664,0.75188,0.753296,0.766284,0.753296
0.749064,0.744879,0.750469,0.756144,0.756144,0.760456,0.749064,0.757576,0.753296,0.750469
0.753296,0.754717,0.754717,0.754717,0.75188,0.753296,0.743494,0.769231,0.749064,0.753296


B:
71.631958,66.724823,66.235359,53.033474,64.323067,65.730301,70.103264,69.215324,53.919205,67.189552
68.418808,64.472618,66.949188,53.959148,58.806332,50.807652,61.273811,64.29631,70.92054,64.448418
57.984303,58.333538,69.308624,50.201717,60.908707,56.812428,72.79628,56.614845,65.292343,63.968739
========================================================

Test11 results 01-13-2005  12:21:49
Board ID265  30 channels
HV Tests Software Ver.1.6

+5V 2545 - O'k
-5V 1367 - O'k
Interlock - On
Calibration DAC Range: [2500 - 2900]


A:
Limits 0.76 +/- 0.04
0.749064,0.750469,0.75188,0.753296,0.766284,0.746269,0.754717,0.753296,0.749064,0.753296
0.75188,0.744879,0.749064,0.750469,0.753296,0.744879,0.753296,0.756144,0.754717,0.75188
0.749064,0.753296,0.754717,0.750469,0.749064,0.749064,0.746269,0.754717,0.750469,0.75188


B:
Limits 70.0 +/- 30.0
70.918373,63.73349,60.192806,67.511948,52.537239,70.213669,64.581329,68.411819,72.254471,66.384399
55.617279,63.668274,70.649727,72.110855,67.189552,54.376926,45.235844,61.441391,65.582581,58.402138
70.828758,62.170834,67.501801,63.727993,68.418808,70.649727,62.167778,60.749886,59.255226,68.401802
========================================================

Test11 results 01-13-2005  18:05:59
Board ID265  30 channels
HV Tests Software Ver.1.6

+5V 2545 - O'k
-5V 1365 - O'k
Interlock - On
Calibration DAC Range: [2500 - 2900]


A:
Limits 0.76 +/- 0.04
0.749064,0.753296,0.750469,0.754717,0.767754,0.746269,0.754717,0.754717,0.75188,0.753296
0.75188,0.744879,0.749064,0.750469,0.75188,0.744879,0.750469,0.753296,0.753296,0.750469
0.750469,0.754717,0.757576,0.749064,0.750469,0.750469,0.744879,0.756144,0.747664,0.753296


B:
Limits 70.0 +/- 30.0
70.203873,52.87289,66.145401,62.167557,47.879501,69.492363,64.581329,63.874146,63.143421,66.997002
56.879284,63.668274,69.936325,72.110855,72.610756,53.5704,55.311234,72.034302,70.214508,63.644814
67.039696,56.722576,59.090935,67.602997,64.626686,65.251831,66.00293,55.574818,69.072151,62.975071
