========================================================

Test10 results 06-28-2005  14:56:16
Board ID344  30 channels
HV Tests Software Ver.1.6

+5V 2484 - O'k
-5V 1301 - O'k
Interlock - On

Voltmeter channel: A=1.089325, B=8.714689

A:
Limits 1.1 +/- 0.1
1.081081,1.082251,1.071811,1.074114,1.075847,1.079331,1.075847,1.071811,1.069519,1.072386
1.075269,1.080497,1.076426,1.081081,1.078749,1.078749,1.081081,1.079914,1.075847,1.075847
1.077006,1.082251,1.077006,1.079331,1.076426,1.075847,1.071237,1.074691,1.077586,1.074114


B:
Limits 0.0 +/- 30.0
7.567746,8.658047,9.646461,8.592949,15.061719,9.714025,5.379094,13.933707,13.90386,7.506824
8.601974,10.804978,5.382121,7.567746,5.393553,14.023542,5.405584,10.799102,1.075704,8.606635
5.384811,16.233805,2.153793,7.555364,7.534973,7.530788,8.569725,9.672105,6.465639,8.592949
========================================================
Test10 (ADC Calibration) results 2008-01-30 05:41:43
Board ID344 30 channels
Linux calibration software

Voltmeter channel: A=1.07915, B=-1275.88

A:
1.07868,1.08024,1.06884,1.07037,1.07442,1.07679,1.07345,1.06924,1.06643,1.07134
1.07297,1.07835,1.07582,1.07917,1.07713,1.07786,1.08049,1.07786,1.0737,1.07549
1.075,1.08337,1.07442,1.07835,1.07524,1.07418,1.07524,1.07418,1.07655,1.07433


B:
8.18434,5.88558,9.36224,9.61773,12.3528,9.20281,5.49603,12.4525,14.4989,4.99796
7.31131,9.66676,2.13019,5.35753,3.09334,12.0111,0.40968,9.65542,0.166733,5.28104
3.59991,9.37781,1.60861,5.15322,4.91544,4.86606,-1.61126,5.46603,4.65351,4.99338


