========================================================

Test11 results 06-28-2005  14:57:36
Board ID344  30 channels
HV Tests Software Ver.1.6

+5V 2485 - O'k
-5V 1301 - O'k
Interlock - On
Calibration DAC Range: [2500 - 2900]


A:
Limits 0.76 +/- 0.04
0.746269,0.740741,0.749064,0.750469,0.746269,0.746269,0.749064,0.75188,0.75188,0.749064
0.750469,0.744879,0.743494,0.746269,0.747664,0.746269,0.743494,0.742115,0.747664,0.749064
0.746269,0.740741,0.746269,0.749064,0.746269,0.749064,0.750469,0.746269,0.747664,0.749064


B:
Limits 60.0 +/- 30.0
47.093918,67.850571,56.369602,47.895588,62.733311,50.244606,53.558052,47.931438,50.898575,63.770809
49.66861,52.477814,77.363617,43.272388,50.41433,47.022678,61.129803,65.521751,59.763229,54.525654
62.812931,60.627625,64.42025,67.059853,67.553085,52.832764,63.822353,66.58654,53.483475,58.141678
========================================================
Test11 (DAC Calibration) results 2008-01-30 05:41:43
Board ID344 30 channels
Linux calibration software
Calibration DAC Range: [1100 - 2700]

A:
1.80668,1.80628,1.80791,1.8075,1.80505,1.80546,1.80668,1.80505,1.80546,1.80587
1.8075,1.80505,1.80709,1.80587,1.80709,1.80587,1.80587,1.80587,1.80628,1.80546
1.80628,1.80546,1.80505,1.80505,1.80587,1.80546,1.80587,1.80546,1.80587,1.80302


B:
-787.624,-785.753,-787.458,-786.308,-784.116,-784.902,-787.263,-783.032,-784.18,-785.688
-786.67,-784.116,-787.689,-786.411,-785.882,-786.411,-781.716,-786.05,-785.392,-785.263
-786.114,-784.902,-784.116,-783.754,-784.605,-784.18,-786.411,-785.263,-786.411,-780.19


========================================================
Test11 (DAC Calibration) results 2008-03-20 05:31:15
Board ID344 30 channels
Linux calibration software
Calibration DAC Range: [1100 - 2700]

A:
0.745573,0.743149,0.752233,0.750962,0.747594,0.746687,0.748923,0.751597,0.753154,0.750399
0.749134,0.745921,0.746756,0.74481,0.746269,0.747035,0.744879,0.744879,0.748503,0.748013
0.747105,0.742942,0.748363,0.749064,0.747524,0.748363,0.749906,0.749064,0.748013,0.749695


B:
55.452,64.0501,52.1391,52.4078,63.9846,54.4895,60.0447,56.1819,53.1161,65.2001
60.6515,55.7111,70.6712,54.2873,60.4479,50.2661,63.1285,60.8939,63.024,64.7499
65.8574,57.2066,63.5173,71.5356,68.7161,62.0206,71.5786,62.5468,58.0178,60.1723


