========================================================

Test10 results 09-06-2005  12:20:28
Board ID408  30 channels
HV Tests Software Ver.1.6

+5V 2505 - O'k
-5V 1303 - O'k
Interlock - On

Voltmeter channel: A=1.085187, B=3.255554

A:
Limits 1.1 +/- 0.1
1.072386,1.070091,1.074691,1.077006,1.069519,1.077006,1.075269,1.078167,1.079914,1.066098
1.072961,1.075269,1.071811,1.077006,1.073537,1.072961,1.072386,1.070664,1.076426,1.080497
1.077006,1.071811,1.073537,1.077006,1.067236,1.066098,1.074691,1.077006,1.068947,1.068947


B:
Limits 0.0 +/- 35.0
10.723982,2.13999,6.448031,7.538823,11.764822,7.538823,5.376168,7.547299,12.958929,10.660933
7.51089,9.677243,1.071971,10.769841,6.441059,12.875696,5.362052,8.565317,9.687826,9.724482
10.769841,6.431027,5.367522,8.615829,13.874185,7.462638,4.298649,8.615829,12.827404,12.827404
========================================================
Test10 (ADC Calibration) results 2008-06-03 04:46:06
Board ID408 30 channels
Linux calibration software

Voltmeter channel: A=1.04166, B=-1389.01

A:
1.07155,1.06857,1.07265,1.07607,1.07025,1.07546,1.07376,1.07713,1.07922,1.06576
1.07131,1.075,1.07031,1.0751,1.07125,1.07168,1.07085,1.06894,1.07465,1.07878
1.07613,1.07071,1.07155,1.07574,1.06566,1.06473,1.07215,1.07577,1.06787,1.0683


B:
10.5584,2.04565,6.71169,6.11121,9.63647,6.55674,7.58966,6.24314,10.8025,7.56042
6.93232,5.04994,1.22381,11.3713,7.72958,11.5372,3.11453,9.42428,9.89668,10.3245
8.68893,5.84218,6.4869,7.50241,13.6065,7.14987,4.861,8.02072,10.6697,10.5747


========================================================
Test10 (ADC Calibration) results 2008-06-16 13:15:45
Board ID408 30 channels
Linux calibration software

Voltmeter channel: A=1.07, B=0

A:
1.0742,1.07155,1.07643,1.07875,1.07323,1.07857,1.0775,1.08018,1.08135,1.06829
1.07447,1.07768,1.07358,1.07875,1.07394,1.07527,1.0734,1.07252,1.07857,1.08243
1.07866,1.07332,1.07438,1.07938,1.0689,1.06802,1.07554,1.0783,1.07093,1.07155


B:
11.3037,2.81902,6.02793,7.11986,10.4847,6.42159,5.68583,6.66382,13.159,8.41505
6.97576,6.59865,0.495638,9.49292,9.61607,10.7525,4.95433,7.92,7.50015,9.79176
10.654,6.32429,6.41319,6.3265,13.1887,6.30945,4.48391,9.25664,10.8905,11.6056


========================================================
Test10 (ADC Calibration) results 2008-06-17 07:08:50
Board ID408 30 channels
Linux calibration software

Voltmeter channel: A=1.07, B=0

A:
1.08678,1.08337,1.08849,1.09138,1.08534,1.09111,1.09011,1.09246,1.09392,1.08079
1.0866,1.08966,1.08561,1.09147,1.08615,1.08768,1.08588,1.08463,1.09092,1.0951
1.09129,1.08543,1.08633,1.09156,1.08124,1.08017,1.08795,1.09092,1.0832,1.08373


B:
10.1653,2.46167,5.76304,5.4963,9.96647,5.31034,4.04621,6.02478,11.6897,7.02484
6.41855,6.64241,0.382102,7.37832,8.57121,9.55563,3.38974,7.15512,6.78594,8.19925
9.29047,5.97588,6.66756,5.54844,12.0184,5.87283,3.4326,7.65886,9.99347,11.0161


