========================================================

Test10 results 06-24-2005  15:26:45
Board ID363  30 channels
HV Tests Software Ver.1.6

+5V 2491 - O'k
-5V 1315 - O'k
Interlock - On

Voltmeter channel: A=1.080497, B=12.965973

A:
Limits 1.1 +/- 0.1
1.077586,1.075847,1.079331,1.075847,1.082837,1.078167,1.078167,1.091703,1.081081,1.077586
1.077586,1.082837,1.078167,1.094691,1.086366,1.080497,1.084599,1.079914,1.081666,1.078749
1.081081,1.079331,1.090513,1.088732,1.075269,1.079331,1.083424,1.076426,1.080497,1.072961


B:
Limits 0.0 +/- 30.0
4.310467,7.530788,2.15871,15.061719,0.000175,6.469132,3.234631,-1.091705,6.486665,7.543225
5.388053,12.994219,7.547299,13.136107,2.172909,8.643984,7.592331,11.879015,3.245038,-0.000191
11.89207,8.634694,1.090611,4.354857,10.752512,9.714025,9.750828,5.382121,8.643984,5.364967
========================================================
Test10 (ADC Calibration) results 2007-11-06 15:14:58
Board ID363 30 channels
Linux calibration software

Voltmeter channel: A=1.07019, B=-1373.61

A:
1.0787,1.07581,1.08022,1.07683,1.08198,1.07829,1.0788,1.0916,1.08118,1.08238
1.07677,1.0846,1.07815,1.09533,1.08618,1.08155,1.08427,1.08382,1.08409,1.07935
1.08169,1.07917,1.09802,1.08881,1.07703,1.07974,1.09095,1.07695,1.08028,1.07161


B:
2.4103,2.74515,-3.28293,8.45755,-3.92878,3.56953,1.85085,-5.16026,4.89531,6.6401
2.58325,8.59392,4.70543,5.62288,-0.788738,6.51875,3.71801,7.90998,-2.04318,-3.09051
5.88339,6.25848,-0.792027,1.47864,4.72262,4.97471,3.60754,1.20654,5.75824,4.99856


