========================================================

Test11 results 06-24-2005  15:34:40
Board ID363  30 channels
HV Tests Software Ver.1.6

+5V 2488 - O'k
-5V 1315 - O'k
Interlock - On
Calibration DAC Range: [2500 - 2900]


A:
Limits 0.76 +/- 0.04
0.754717,0.756144,0.754717,0.754717,0.75188,0.753296,0.753296,0.744879,0.754717,0.756144
0.754717,0.750469,0.754717,0.740741,0.749064,0.753296,0.750469,0.75188,0.75188,0.753296
0.749064,0.75188,0.747664,0.75188,0.756144,0.75188,0.75188,0.754717,0.753296,0.756144


B:
Limits 60.0 +/- 30.0
63.40337,61.002029,62.883579,57.517094,58.480701,63.77692,61.341583,61.824444,49.118656,60.287605
62.394196,55.775146,59.238792,65.29686,63.241749,57.021534,55.217793,62.993816,60.830692,64.780334
63.361897,62.993816,61.730591,56.111252,58.461674,64.524925,52.230152,67.983452,54.578289,67.809723
========================================================
Test11 (DAC Calibration) results 2007-11-06 15:14:58
Board ID363 30 channels
Linux calibration software
Calibration DAC Range: [1100 - 2700]

A:
0.754077,0.755715,0.753012,0.755002,0.752941,0.754361,0.754006,0.745921,0.752729,0.750751
0.75543,0.749977,0.754077,0.742253,0.748503,0.752092,0.750962,0.750892,0.750328,0.754006
0.752375,0.753367,0.740809,0.750892,0.754859,0.752587,0.74599,0.754148,0.752587,0.758294


B:
66.7641,67.8442,73.4941,63.5334,60.1882,64.2621,60.6786,62.4243,58.6754,69.5198
65.8169,58.8826,65.5575,65.7451,70.5091,62.8655,60.6684,62.1175,66.0476,65.5042
56.3059,62.7648,71.6085,63.0185,65.5407,66.698,62.9244,73.3033,62.333,65.8387


========================================================
Test11 (ADC Calibration) results 2008-06-17 18:39:44
Board ID363 30 channels
Linux calibration software

Calibration DAC Range: [1000 - 3500]

A:
0.7428,0.7448,0.7416,0.7436,0.7412,0.7428,0.7424,0.7352,0.742,0.74
0.744,0.7388,0.7424,0.7308,0.7376,0.7404,0.7392,0.7392,0.7388,0.7424
0.7408,0.7424,0.7616,0.7404,0.7432,0.7488,0.7344,0.7428,0.7412,0.7468


B:
66.2,66.2001,72.4001,62.4,59.8001,64.2,60.6,60.8,57.0001,69
64.9999,58.2,65.6,66.2001,68.3999,63.5999,60.8,62.8,66.2,65.6
56.1999,60.6,44.3999,60.5999,64.8,59.2001,63.6001,73.2,61.8001,65.2


========================================================
Test11 (ADC Calibration) results 2008-06-20 21:08:00
Board ID363 30 channels
Linux calibration software

Calibration DAC Range: [1000 - 3500]

A:
0.7428,0.7444,0.7416,0.7436,0.7412,0.7428,0.7424,0.7352,0.7412,0.7392
0.744,0.7388,0.7432,0.7308,0.7376,0.74,0.7392,0.7392,0.7392,0.7428
0.7404,0.742,0.7512,0.74,0.744,0.7496,0.7348,0.7432,0.7412,0.7468


B:
66.2,67.5999,71.4001,62.4,59.8001,64.2,59.6,59.8,58.8001,70.8
64.9999,58.2,63.8,66.2001,68.3999,64,60.8,62.8,65.8,64.2
57.5999,62.0001,56.7999,61,62.9999,59.4,62.2001,71.8,61.8001,65.2


