========================================================

Test10 results 12-23-2005  15:59:06
Board ID133  36 channels
HV Tests Software Ver.1.6

+5V 3071 - O'k
-5V 1358 - O'k
Interlock - On

Voltmeter channel: A=1.075269, B=11.827781

A:
Limits 1.1 +/- 0.1
1.077006,1.074114,1.072386,1.078749,1.078167,1.081666,1.091703,1.076426,1.078749,1.077586,1.084599,1.079914
1.085776,1.081666,1.082251,1.078167,1.076426,1.073537,1.079331,1.079914,1.089918,1.084011,1.078749,1.070664
1.078749,1.077006,1.077006,1.084599,1.071811,1.081081,1.084599,1.089918,1.078167,1.068947,1.06383,1.070091


B:
Limits 0.0 +/- 35.0
11.846848,19.334087,10.723982,5.393553,11.859968,14.061695,17.467247,12.917105,17.259789,8.620811,9.761528,15.118756
9.771991,18.388359,10.822549,25.876141,12.917105,10.735209,11.872686,12.958929,15.258857,7.588078,16.18104,10.706645
22.653532,16.154871,14.000859,13.015324,12.861896,11.89207,7.592331,14.168939,12.938135,6.413721,17.021305,11.770809
========================================================
Test10 (ADC Calibration) results 2007-10-19 15:58:22
Board ID133 36 channels
Linux calibration software

Voltmeter channel: A=1.07677, B=7.67341

A:
1.07932,1.07544,1.06958,1.07691,1.07739,1.08704,1.09347,1.07769,1.07775,1.07765,1.08444,1.07885
1.08428,1.08032,1.08179,1.07902,1.07885,1.07433,1.07851,1.07942,1.09036,1.08508,1.07805,1.06931
1.08203,1.07688,1.07777,1.08679,1.07175,1.08106,1.08404,1.08956,1.07896,1.06834,1.06381,1.06985


B:
6.50521,11.4937,10.3831,5.35802,8.71846,11.1171,12.9226,8.25804,14.2911,8.99691,5.84852,12.5391
8.71242,17.9919,9.84965,21.366,9.69679,6.37218,9.51551,9.93357,10.6023,6.48979,13.5189,8.83541
20.0243,13.1417,11.6958,11.0027,10.3066,6.84239,5.69429,11.5091,11.253,3.20595,5.4102,6.87234


========================================================
Test10 (ADC Calibration) results 2008-05-13 17:01:26
Board ID133 36 channels
Linux calibration software

Voltmeter channel: A=1.07622, B=9.75011

A:
1.07787,1.075,1.06278,1.06827,1.07661,1.08693,1.09352,1.07735,1.07544,1.07839,1.08508,1.0795
1.08462,1.08032,1.08233,1.07837,1.0794,1.07443,1.07797,1.07928,1.09026,1.08528,1.07761,1.07015
1.08227,1.07588,1.07892,1.08655,1.07219,1.08151,1.08434,1.07175,1.0797,1.06814,1.06358,1.06958


B:
11.4134,12.2499,14.5173,17.5663,10.7863,11.2452,13.9482,10.7678,16.4182,8.05042,5.43022,11.5203
7.79021,18.1918,9.35958,22.8566,9.00711,7.31895,10.1982,11.1895,11.9293,6.43387,14.9569,7.76802
18.8347,15.0259,10.2508,12.5998,8.88129,6.47751,5.31324,26.7065,9.22489,10.5294,17.1059,6.81248


========================================================
Test10 (ADC Calibration) results 2008-06-17 15:59:19
Board ID133 36 channels
Linux calibration software

Voltmeter channel: A=1.07, B=0

A:
1.09636,1.09189,1.07755,1.08566,1.09426,1.1069,1.11224,1.09444,1.09207,1.09856,1.10225,1.09663
1.10123,1.09718,1.10151,1.09481,1.09874,1.09226,1.09444,1.09627,1.10736,1.10401,1.09481,1.08602
1.10197,1.09144,1.09627,1.10522,1.08845,1.09773,1.10086,1.0938,1.09893,1.08468,1.07986,1.08674


B:
9.92762,12.9189,16.7708,13.6249,10.3161,11.8086,14.3203,10.3683,17.5582,8.57435,6.96856,12.5279
9.65783,18.8293,8.52439,23.172,8.6264,7.3436,11.4628,10.4494,12.4944,5.80479,14.6325,9.60203
19.5635,16.1721,12.6419,12.882,9.1003,8.8903,7.57205,22.765,8.23854,10.4104,15.5064,7.6346


========================================================
Test10 (ADC Calibration) results 2008-07-16 21:23:30
Board ID133 36 channels
Linux calibration software

Voltmeter channel: A=1.07, B=0

A:
1.09693,1.09266,1.077,1.08673,1.09483,1.1045,1.11356,1.0955,1.09199,1.09979,1.10335,1.0975
1.10248,1.09826,1.10286,1.09645,1.09931,1.09322,1.09521,1.09693,1.10848,1.10528,1.09559,1.08701
1.10306,1.08983,1.09769,1.10625,1.08879,1.09635,1.10171,1.0887,1.09979,1.08542,1.08097,1.08804


B:
9.41001,12.2206,15.7734,12.6409,9.35127,13.5285,13.1363,8.96142,16.9753,7.89102,5.96925,11.741
7.86192,17.4148,8.39369,21.248,8.5478,7.10992,10.5366,10.0679,11.7092,5.53451,14.1333,8.68728
18.3663,17.8601,11.5672,12.3967,10.9635,9.7132,6.79967,24.1147,7.45083,10.1532,14.7011,6.64839


========================================================
Test10 (ADC Calibration) results 2008-07-19 11:34:37
Board ID133 36 channels
Linux calibration software

Voltmeter channel: A=1.07, B=0

A:
1.09683,1.09266,1.07691,1.08645,1.09474,1.10258,1.11327,1.09521,1.0918,1.09979,1.10335,1.0975
1.10219,1.09817,1.10277,1.09626,1.09941,1.09313,1.09559,1.09702,1.10809,1.10508,1.09559,1.08683
1.10277,1.09039,1.0974,1.10654,1.08898,1.09512,1.10171,1.0872,1.0996,1.08524,1.0806,1.08748


B:
9.05846,12.2206,14.7815,13.1164,9.4382,15.2719,13.8458,9.00339,16.7106,7.67111,5.74864,11.5216
8.125,17.2817,8.04019,20.3245,8.02064,6.9781,9.532,9.76193,11.839,5.71056,13.6953,8.64262
19.5089,16.473,12.0474,11.6917,10.1377,10.405,6.13891,22.431,7.62618,10.3253,14.8266,7.60288


========================================================
Test10 (ADC Calibration) results 2008-07-19 14:46:21
Board ID133 36 channels
Linux calibration software

Voltmeter channel: A=1.07, B=0

A:
1.09702,1.09256,1.07508,1.08636,1.09483,1.09683,1.11317,1.09493,1.0919,1.0995,1.10296,1.09731
1.10209,1.09807,1.10267,1.09607,1.09922,1.09303,1.09531,1.09683,1.10789,1.10518,1.09531,1.08692
1.10267,1.0887,1.09712,1.10605,1.0887,1.0936,1.10152,1.08636,1.0995,1.08552,1.08078,1.08767


B:
8.88426,12.3072,16.6939,12.9853,9.35127,20.4654,14.1568,9.4833,16.6245,7.93314,6.5415,12.1341
8.43271,17.8074,8.34852,20.4963,8.63497,6.84647,10.4504,9.93571,12.4573,4.95968,14.1742,8.55645
19.5957,18.6712,12.9659,12.5717,10.6145,12.23,6.75534,24.0661,7.71291,9.63278,14.4398,7.21238


========================================================
Test10 (ADC Calibration) results 2008-07-20 08:08:59
Board ID133 36 channels
Linux calibration software

Voltmeter channel: A=1.07, B=0

A:
1.09693,1.09247,1.07517,1.08664,1.09464,1.09436,1.11317,1.09521,1.09171,1.0996,1.10277,1.09759
1.10209,1.09797,1.10286,1.09578,1.09922,1.09313,1.0954,1.09683,1.10799,1.10518,1.0955,1.08673
1.10296,1.08842,1.09731,1.10595,1.08842,1.09341,1.10142,1.08739,1.0995,1.08542,1.08078,1.08767


B:
8.97096,12.6118,16.6094,12.2924,9.74444,23.1372,13.4887,9.66074,17.2334,8.28567,7.15792,11.2148
8.65335,17.894,7.73187,21.6308,8.63497,6.9781,9.92495,10.3746,12.1477,5.40153,13.7819,8.72895
19.3356,19.1454,12.3535,13.1022,11.7441,13.278,7.06298,25.7401,7.93314,9.93617,14.6559,7.21238


========================================================
Test10 (ADC Calibration) results 2008-07-20 17:40:55
Board ID133 36 channels
Linux calibration software

Voltmeter channel: A=1.07, B=0

A:
1.09712,1.09266,1.07489,1.08608,1.09474,1.09426,1.11346,1.09521,1.09162,1.09979,1.10335,1.0975
1.10248,1.09807,1.10296,1.0955,1.09941,1.09332,1.0955,1.09683,1.10828,1.10528,1.09559,1.08711
1.10306,1.08823,1.09769,1.10654,1.08889,1.09389,1.102,1.08683,1.08645,1.08542,1.08069,1.08814


B:
9.01659,12.0021,16.4337,13.4596,10.0953,23.0036,13.4472,9.22238,17.5375,8.11092,6.18987,11.741
8.30319,17.8074,7.865,21.8885,8.24047,6.80383,9.83799,9.93571,11.885,5.53451,13.9144,8.38345
19.2488,19.3164,11.5672,11.9129,10.6592,12.1889,6.09612,25.5973,19.8523,10.1532,15.1732,6.12632


========================================================
Test10 (ADC Calibration) results 2008-07-24 12:08:22
Board ID133 36 channels
Linux calibration software

Voltmeter channel: A=1.07, B=0

A:
1.09645,1.09218,1.07508,1.08664,1.09407,1.10654,1.11297,1.09493,1.09228,1.09931,1.10267,1.0974
1.10181,1.09797,1.10229,1.09521,1.09874,1.09284,1.09531,1.09674,1.1076,1.1047,1.09531,1.08645
1.10229,1.08907,1.09654,1.10595,1.08832,1.09721,1.10113,1.08655,1.09903,1.08542,1.08041,1.08767


B:
8.30984,11.779,15.6188,12.2924,9.17072,11.0275,13.887,8.8265,16.2804,7.888,6.14317,10.7302
8.25481,17.2351,8.03719,22.146,8.41239,7.45765,9.79294,9.36492,11.6129,4.73726,13.7363,8.55306
18.6194,17.4569,12.1705,12.2173,10.5245,8.49082,6.66536,24.5476,7.49063,9.28481,14.565,6.77754


