========================================================

Test10 results 09-01-2005  16:52:00
Board ID401  30 channels
HV Tests Software Ver.1.6

+5V 2511 - O'k
-5V 1318 - O'k
Interlock - On

Voltmeter channel: A=1.081666, B=8.653366

A:
Limits 1.1 +/- 0.1
1.071237,1.072961,1.076426,1.077586,1.073537,1.078749,1.073537,1.074114,1.067236,1.077006
1.072386,1.079331,1.075847,1.080497,1.075847,1.081666,1.077586,1.080497,1.072961,1.071811
1.076426,1.075269,1.064963,1.079331,1.080497,1.071237,1.074114,1.071237,1.070664,1.071237


B:
Limits 0.0 +/- 35.0
9.640962,4.292006,6.458547,9.698398,13.95582,7.55105,8.588134,8.592949,11.739713,8.615829
9.651596,11.872686,1.075704,9.724482,7.530788,7.571701,4.310467,7.563487,6.437928,9.646461
4.305695,7.526706,11.714521,8.634694,6.48299,12.854673,8.592949,11.783437,11.777308,7.498487
========================================================
Test10 (ADC Calibration) results 2008-06-03 06:13:53
Board ID401 30 channels
Linux calibration software

Voltmeter channel: A=1.00125, B=-1367.3

A:
1.06942,1.07307,1.0751,1.07731,1.07598,1.07831,1.07439,1.07301,1.06675,1.0753
1.07138,1.08,1.07405,1.0788,1.07625,1.07992,1.07607,1.07889,1.07289,1.07204
1.07564,1.07613,1.06529,1.07981,1.0809,1.07185,1.07212,1.07054,1.07151,1.07101


B:
8.65311,0.934128,3.52321,7.22223,6.44642,2.88856,4.75635,4.99639,7.82254,5.9181
7.43132,7.19988,0.142126,7.2944,4.99574,5.26248,1.62891,6.25971,2.91481,3.44917
0.371395,2.02451,5.49693,2.51701,0.364709,7.86516,6.90215,7.84725,5.32078,2.32057


========================================================
Test10 (ADC Calibration) results 2008-06-03 06:23:36
Board ID401 30 channels
Linux calibration software

Voltmeter channel: A=1.01522, B=-1394.02

A:
1.07068,1.07198,1.07565,1.0782,1.07591,1.07728,1.07525,1.07325,1.06717,1.07471
1.03297,1.07942,1.07415,1.07932,1.07621,1.08066,1.07621,1.07898,1.07255,1.07151
1.07465,1.07571,1.0656,1.07889,1.08012,1.07154,1.07311,1.07061,1.07114,1.07131


B:
5.96845,2.34575,3.01508,5.20613,6.52657,5.48544,2.37829,3.8248,7.09316,7.06975
56.8038,7.74349,0.0160297,5.75475,5.24569,3.43095,1.04535,6.14377,4.55966,4.3275
2.85159,2.96252,5.09974,4.09741,1.36597,7.86324,5.63908,7.76576,5.79549,1.94097


========================================================
Test10 (ADC Calibration) results 2008-06-04 04:10:26
Board ID401 30 channels
Linux calibration software

Voltmeter channel: A=1.01903, B=-1405.04

A:
1.06964,1.07168,1.07515,1.0785,1.07571,1.07762,1.07411,1.07325,1.0675,1.07501
1.0662,1.07962,1.07415,1.07912,1.07715,1.08066,1.07645,1.07858,1.07161,1.07131
1.07599,1.07508,1.0659,1.07909,1.08016,1.07157,1.07321,1.07084,1.07084,1.07141


B:
8.3741,3.60539,2.65748,4.89662,7.85962,4.65088,4.91519,4.49775,6.66577,5.88378
16.797,7.0872,0.0160297,6.69052,3.24258,3.91151,0.540069,7.53374,5.62875,5.25584
-0.475435,4.0542,3.51551,3.91883,1.31444,7.81776,4.71114,7.46427,5.78101,0.812928


========================================================
Test10 (ADC Calibration) results 2008-06-16 13:15:45
Board ID401 30 channels
Linux calibration software

Voltmeter channel: A=1.07, B=0

A:
1.07296,1.07474,1.0783,1.08072,1.07955,1.08036,1.07759,1.07536,1.06969,1.07794
1.06961,1.08261,1.07723,1.08225,1.07973,1.08351,1.07938,1.08216,1.07482,1.075
1.07848,1.07785,1.06802,1.08153,1.08261,1.07456,1.07616,1.07261,1.07394,1.07403


B:
7.72507,3.2904,4.51222,6.81672,5.51425,4.98624,4.09494,6.79957,7.75152,6.99857
14.0366,7.89484,0.331392,6.49365,4.70099,3.60086,1.36167,6.14349,4.71261,4.11806
1.32747,4.92495,4.81432,4.99159,2.91472,8.18306,5.41416,9.98344,5.74979,2.87501


========================================================
Test10 (ADC Calibration) results 2008-06-17 07:08:50
Board ID401 30 channels
Linux calibration software

Voltmeter channel: A=1.07, B=0

A:
1.08489,1.08732,1.09065,1.09319,1.09192,1.09292,1.08984,1.08795,1.08195,1.09029
1.08195,1.09483,1.08975,1.09529,1.09192,1.09602,1.09183,1.09483,1.08723,1.08741
1.0912,1.09029,1.08053,1.09419,1.09529,1.08687,1.08876,1.08489,1.08651,1.08642


B:
7.55776,1.84054,3.54541,5.57581,4.55922,3.85891,3.42484,5.39055,7.03401,6.06002
13.0926,7.13582,-1.06923,4.30891,4.34102,2.54228,0.275752,4.72725,3.6633,2.84463
-0.229261,3.44343,3.16596,3.34327,1.02305,7.03954,3.77158,8.85958,3.67685,1.80444


