========================================================

Test10 results 09-27-2006  20:00:01
Board ID353  30 channels
HV Tests Software Ver.1.6.8

+5V 2509 - O'k
-5V 1328 - O'k
Interlock - On
Number of Samples: 400

Voltmeter channel: A=1.079331, B=2.15871

A:
Limits 1.1 +/- 0.1
1.081081,1.077586,1.071237,1.081666,1.074691,1.073537,1.056524,1.076426,1.077586,1.073537
1.062699,1.080497,1.071237,1.079331,1.090513,1.071237,1.077006,1.073537,1.075269,1.072961
1.079914,1.076426,1.080497,1.086366,1.084011,1.070664,1.064963,1.075847,1.078749,1.067236


B:
Limits 0.0 +/- 30.0
7.567746,12.931156,10.712199,15.143361,11.821486,10.735209,14.791327,7.534973,16.163914,6.441059
6.376411,8.643984,9.640962,12.952018,2.181123,5.356012,3.230799,9.661671,3.22563,8.583851
8.639275,10.764252,10.804978,5.432007,18.428186,11.777308,23.429111,11.834177,15.102291,9.605241
========================================================
Test10 (ADC Calibration) results 2007-11-26 16:21:29
Board ID353 30 channels
Linux calibration software

Voltmeter channel: A=1.07173, B=-1492.91

A:
1.07858,1.07581,1.07011,1.08068,1.07297,1.07181,1.06403,1.07551,1.07808,1.07121
1.06003,1.07962,1.06914,1.07732,1.08804,1.06827,1.07654,1.07014,1.07257,1.0709
1.07778,1.07725,1.07922,1.08616,1.08714,1.06784,1.07161,1.07554,1.07886,1.06503


B:
1.3408,3.80694,0.195171,6.44828,3.59451,3.74276,7.79599,-2.63412,6.4506,-1.21597
0.521864,0.409534,1.88072,4.92615,-5.08012,0.148638,-5.58647,4.65944,-1.82037,0.885879
-0.55554,0.696013,1.28325,-4.76802,5.57885,5.02804,7.84107,2.6137,4.66792,0.953588


========================================================
Test10 (ADC Calibration) results 2007-11-27 15:27:34
Board ID353 30 channels
Linux calibration software

Voltmeter channel: A=1.07146, B=-1493.41

A:
1.07858,1.07591,1.06957,1.07964,1.07297,1.07097,1.07014,1.07541,1.07788,1.07077
1.0595,1.08006,1.0685,1.07688,1.08804,1.0689,1.07698,1.0696,1.07204,1.0708
1.07758,1.07651,1.07952,1.08561,1.08714,1.0674,1.07154,1.07534,1.07758,1.06557


B:
1.3408,2.60249,0.681371,7.78148,3.79446,5.01513,13.7296,-2.50621,6.02782,-0.657356
1.19707,0.0427206,3.1002,5.69008,-6.16817,-1.53411,-7.02275,5.34956,-2.20614,0.342184
0.500706,1.64875,0.897318,-3.87169,5.77919,5.58715,6.65257,3.6691,7.79025,-0.392958


