========================================================

Test15 results 07-11-2005  16:30:51
Board ID030  8 channels
HV Tests Software Ver.1.6


A:
Limits 1.45 +/- 2.0
1.441961,1.432665,1.432665,1.433692,1.43575,1.422475,1.43575,1.444043


B:
Limits 0.0 +/- 160.0
5.767891,-4.297982,12.893995,17.204346,0.000147,-1.422455,-2.871354,2.888205
========================================================
Test15 (ADC Calibration) results 2009-03-31 09:45:10
Board ID030 8 channels
Host: ufcmshv3
Linux calibration software

A:
1.41813,1.42201,1.42638,1.45593,1.44012,1.40723,1.43933,1.45041


B:
1.91993,-8.20396,2.96257,12.8793,-6.35884,-5.32575,-7.81661,-0.780926


========================================================
Test15 (ADC Calibration) results 2011-11-02 13:11:28
Board ID030 8 channels
Host: ufcmshv1
Linux calibration software

A:
1.43433,1.44406,1.4356,1.44631,1.41758,1.41218,1.45801,1.43022


B:
3.7136,-5.35541,7.42609,16.507,-1.94312,-2.36584,-4.56612,2.27588


