========================================================

Test16 results 07-11-2005  16:32:57
Board ID030  8 channels
HV Tests Software Ver.1.6
Calibration DAC Range: [1000 - 2300]


A:
Limits 0.57 +/- 0.1
0.562284,0.565463,0.564726,0.566449,0.562771,0.571429,0.564236,0.568928


B:
Limits 50.0 +/- 60.0
50.864983,45.443375,47.576397,37.453274,52.1521,42.714882,43.05558,24.28894
========================================================
Test16 (ADC Calibration) results 2009-03-31 09:55:30
Board ID030 8 channels
Host: ufcmshv3
Linux calibration software

A:
0.5692,0.5684,0.5672,0.556,0.5608,0.5748,0.562,0.5572


B:
52.8001,52.5999,46.8,50,58.1999,49.2,50.0001,48.7999


