========================================================

Test10 results 08-23-2005  16:27:59
Board ID412  30 channels
HV Tests Software Ver.1.6

+5V 2514 - O'k
-5V 1332 - O'k
Interlock - On

Voltmeter channel: A=1.072386, B=7.506824

A:
Limits 1.1 +/- 0.1
1.066667,1.06383,1.071811,1.069519,1.064396,1.062699,1.086366,1.073537,1.072961,1.070091
1.071811,1.070091,1.069519,1.06383,1.080497,1.066667,1.070664,1.067806,1.069519,1.063264
1.071237,1.072386,1.074114,1.086957,1.068947,1.070664,1.068376,1.061571,1.072961,1.068947


B:
Limits 0.0 +/- 30.0
6.399792,7.446837,7.502839,8.556267,7.450962,7.43911,7.604739,11.808746,11.802734,14.981082
9.646461,7.490445,9.625785,6.383007,6.48299,7.466458,5.353326,7.474683,9.625785,6.379474
6.42725,8.57921,8.592949,6.521815,11.758456,5.353326,8.547024,4.2463,4.292006,9.620563
========================================================
Test10 (ADC Calibration) results 2008-01-29 06:40:27
Board ID412 30 channels
Linux calibration software

Voltmeter channel: A=0.99569, B=-1120.99

A:
1.06562,1.06269,1.07118,1.0697,1.06434,1.06222,1.08534,1.07446,1.07452,1.07027
1.0723,1.0697,1.0693,1.06215,1.07968,1.06626,1.07048,1.06623,1.06967,1.06198
1.0701,1.07223,1.07422,1.08689,1.06886,1.0694,1.06707,1.0607,1.07284,1.06862


B:
4.40087,7.00823,4.69935,1.9912,3.90233,4.15103,5.30783,4.91943,4.76397,11.9099
3.67916,4.12145,5.29981,5.5689,3.57329,5.25091,1.21448,6.49243,4.68763,4.91133
4.76142,4.76136,4.42573,2.82325,6.8002,3.83962,6.28296,3.30651,0.767966,4.44012


========================================================
Test10 (ADC Calibration) results 2008-06-19 12:08:44
Board ID412 30 channels
Linux calibration software

Voltmeter channel: A=1.07, B=0

A:
1.08257,1.07911,1.08867,1.08597,1.08008,1.07822,1.10199,1.0912,1.09219,1.08141
1.0902,1.0866,1.08669,1.07946,1.09647,1.08275,1.08759,1.08329,1.08633,1.07973
1.08732,1.08795,1.09047,1.1031,1.0857,1.08579,1.084,1.07663,1.08993,1.08507


B:
2.90929,5.9199,3.33047,2.78601,4.57927,4.15587,4.22569,5.57229,4.87228,12.2055
3.21838,3.50709,3.2066,3.21449,3.12229,3.82598,1.06817,4.41154,3.53973,2.31862
3.92786,5.30261,3.83985,3.21229,6.07588,3.60417,4.61472,3.48651,-0.0188637,3.83532


========================================================
Test10 (ADC Calibration) results 2008-07-17 09:50:45
Board ID412 30 channels
Linux calibration software

Voltmeter channel: A=1.07, B=0

A:
1.08342,1.07944,1.08958,1.0864,1.08092,1.07862,1.10259,1.09184,1.09278,1.08009
1.09108,1.08714,1.08705,1.08,1.09695,1.0836,1.08817,1.08407,1.08705,1.08018
1.08845,1.08873,1.09089,1.10326,1.0864,1.08612,1.08472,1.07751,1.09061,1.08565


B:
1.47024,5.60607,2.05094,2.82397,4.23177,4.43647,3.8956,5.20157,4.98861,13.4298
2.40376,3.21793,3.30471,2.06713,3.12443,2.81401,1.17623,3.24929,2.43502,2.75939
2.65715,4.57417,3.88739,4.16356,5.64832,4.16978,3.94609,2.66361,-0.651155,3.29936


========================================================
Test10 (ADC Calibration) results 2008-07-19 11:33:18
Board ID412 30 channels
Linux calibration software

Voltmeter channel: A=1.07, B=0

A:
1.08314,1.07926,1.08911,1.08621,1.08055,1.07889,1.1022,1.09155,1.09297,1.07972
1.09099,1.08714,1.08714,1.08,1.09704,1.0836,1.08789,1.08407,1.08658,1.07049
1.0878,1.08836,1.09071,1.10336,1.08584,1.08602,1.08491,1.0766,1.09014,1.08546


B:
2.16266,5.99349,2.92058,2.99719,4.35922,3.53123,4.4671,5.24359,3.7216,12.6913
2.05488,3.21793,3.21793,2.4989,3.03697,2.59734,1.21949,3.6832,3.52022,11.589
3.26379,5.13846,4.06088,3.41354,6.38382,3.60486,3.12276,3.95232,0.00270709,4.12304


========================================================
Test10 (ADC Calibration) results 2008-07-19 17:28:33
Board ID412 30 channels
Linux calibration software

Voltmeter channel: A=1.07, B=0

A:
1.08314,1.07944,1.06285,1.08602,1.08037,1.07871,1.1023,1.09165,1.09297,1.07935
1.09071,1.08714,1.08733,1.07981,1.09666,1.08323,1.08798,1.08379,1.08677,1.03825
1.0877,1.08836,1.09061,1.10336,1.08612,1.0863,1.08472,1.07696,1.09033,1.08565


B:
2.16266,5.60607,27.4415,2.95314,4.96359,4.13433,4.3791,5.59376,3.94014,13.0314
2.75209,3.65307,2.60966,2.45552,3.16748,3.15986,1.34997,4.15883,2.91246,42.108
3.35103,5.35608,4.36588,3.19292,5.9074,2.91075,3.5123,2.96333,0.0468803,3.29936


========================================================
Test10 (ADC Calibration) results 2008-07-20 15:54:11
Board ID412 30 channels
Linux calibration software

Voltmeter channel: A=1.07, B=0

A:
1.08314,1.07926,1.08939,1.08602,1.08055,1.07871,1.10249,1.09183,1.09287,1.07908
1.09089,1.08705,1.08733,1.07981,1.09695,1.08333,1.08817,1.08379,1.08714,1.03519
1.08761,1.08827,1.09061,1.10336,1.08658,1.08593,1.08435,1.07696,1.09061,1.08546


B:
1.94608,5.77782,2.44255,3.38732,4.79172,4.13433,3.98301,4.98338,4.02716,13.7185
2.14185,3.52207,2.60966,2.88734,3.12443,3.29018,0.958649,3.72516,1.91341,44.7555
4.30779,5.44248,4.36588,3.63415,4.82394,4.12564,4.72525,3.60975,-0.433086,3.68908


========================================================
Test10 (ADC Calibration) results 2008-07-24 14:52:16
Board ID412 30 channels
Linux calibration software

Voltmeter channel: A=1.07, B=0

A:
1.08323,1.07917,1.0892,1.08593,1.08027,1.0788,1.1024,1.09127,1.09259,1.07972
1.09052,1.08668,1.08686,1.07972,1.09666,1.08323,1.0878,1.08379,1.0863,1.08
1.08752,1.08855,1.09042,1.10317,1.0863,1.08602,1.08435,1.07687,1.09033,1.08537


B:
2.07662,5.86349,2.18061,3.47397,5.26559,3.83336,3.85052,5.50388,4.72511,13.771
3.14389,3.86806,3.26041,2.75749,3.16748,2.72628,1.52359,3.72516,3.99706,2.4989
3.95896,4.96522,4.75748,3.80984,5.08336,3.60486,4.07493,3.2645,-0.171519,3.77547


========================================================
Test10 (ADC Calibration) results 2008-07-24 21:41:51
Board ID412 30 channels
Linux calibration software

Voltmeter channel: A=1.07, B=0

A:
1.08323,1.07926,1.0892,1.08602,1.08083,1.07871,1.1022,1.09174,1.09259,1.07981
1.09071,1.08724,1.08705,1.07981,1.09657,1.08323,1.08798,1.0837,1.08686,1.0799
1.0877,1.08855,1.09071,1.10307,1.08612,1.08602,1.08453,1.0766,1.09061,1.08509


B:
1.86003,6.20929,3.26982,3.17029,3.66935,3.2717,4.24633,4.41481,4.72511,12.3897
2.534,3.13158,3.30471,2.67143,3.47398,3.59305,1.13255,3.81195,2.60819,2.36948
3.56851,4.74769,4.06088,3.89786,5.69023,3.38732,4.11878,4.16759,-0.869103,4.68612


========================================================
Test10 (ADC Calibration) results 2008-08-12 21:57:53
Board ID412 30 channels
Linux calibration software

Voltmeter channel: A=1.07, B=0

A:
1.0837,1.07926,1.08967,1.08649,1.08092,1.07917,1.1024,1.09212,1.09401,1.07944
1.09127,1.08742,1.08742,1.08157,1.09723,1.08388,1.08883,1.08416,1.08686,1.03493
1.08798,1.08864,1.09118,1.10326,1.0863,1.08612,1.08463,1.07705,1.09061,1.08565


B:
2.07793,6.20929,3.05377,2.52037,4.01564,3.27359,4.73249,5.59674,3.85773,12.9463
2.66674,3.61076,3.61076,-3.7254,2.86218,2.5553,0.568037,3.38018,3.26041,44.9928
4.17857,5.31388,3.40846,3.72198,5.95246,3.73517,4.24968,3.52387,0.00343958,3.51631


