========================================================

Test11 results 08-23-2005  16:29:18
Board ID412  30 channels
HV Tests Software Ver.1.6

+5V 2515 - O'k
-5V 1332 - O'k
Interlock - On
Calibration DAC Range: [2500 - 2900]


A:
Limits 0.76 +/- 0.04
0.760456,0.761905,0.754717,0.757576,0.760456,0.760456,0.746269,0.756144,0.754717,0.756144
0.754717,0.756144,0.757576,0.761905,0.749064,0.761905,0.756144,0.760456,0.757576,0.760456
0.754717,0.754717,0.756144,0.747664,0.756144,0.756144,0.761905,0.763359,0.753296,0.756144


B:
Limits 60.0 +/- 40.0
52.851746,55.825653,59.997932,56.052494,58.912746,64.24968,55.914318,49.326107,53.708317,49.483944
58.379234,59.19899,53.621815,55.717583,58.333332,46.71944,61.727345,52.14402,49.7631,62.850929
64.460823,59.093227,49.326107,62.941895,58.193626,57.482342,42.958839,55.637623,63.825657,61.527969
========================================================
Test11 (DAC Calibration) results 2008-01-29 06:40:27
Board ID412 30 channels
Linux calibration software
Calibration DAC Range: [1100 - 2700]

A:
0.759085,0.76118,0.755144,0.756573,0.760384,0.761905,0.745295,0.753225,0.7528,0.755786
0.754361,0.756573,0.756859,0.76118,0.749204,0.759013,0.755644,0.758653,0.756215,0.761687
0.755144,0.754788,0.753012,0.748013,0.756787,0.756787,0.758438,0.762995,0.754361,0.756573


B:
63.6968,62.512,63.4886,65.0085,64.3569,63.3523,63.8906,62.8094,62.6423,53.9915
64.2621,62.5875,60.0756,62.512,63.5514,60.9108,68.5464,62.9208,59.4479,64.1055
67.7176,62.9211,63.705,66.994,61.0821,61.9906,60.9405,61.5641,63.5078,65.0085


========================================================
Test11 (ADC Calibration) results 2008-06-19 12:56:33
Board ID412 30 channels
Linux calibration software

Calibration DAC Range: [1000 - 3500]

A:
0.7472,0.7492,0.7428,0.7448,0.7488,0.7504,0.7336,0.7408,0.7404,0.7488
0.7416,0.744,0.744,0.7492,0.7376,0.7468,0.7432,0.7464,0.7444,0.7488
0.7428,0.7436,0.7416,0.7364,0.7448,0.7444,0.746,0.7516,0.7424,0.7448


B:
64.8,63.8,64.2,65.2001,65.2001,65.6,66.3999,64.1999,63.5999,52.2001
65.4001,64.9999,62.9999,63.8,64.3999,63.2,69.8,64.6,60.5999,68.2001
69.2,63.4,64.4001,68.6,62.2001,63.5999,64,61.3999,64.6,66.2001


========================================================
Test11 (ADC Calibration) results 2008-07-17 10:58:43
Board ID412 30 channels
Linux calibration software

Calibration DAC Range: [1000 - 3500]

A:
0.7468,0.7488,0.7428,0.7448,0.748,0.7496,0.7328,0.7404,0.74,0.7492
0.7408,0.744,0.7444,0.7484,0.7372,0.7468,0.7428,0.7456,0.7436,0.7484
0.742,0.7428,0.7412,0.7368,0.7444,0.7448,0.7456,0.7508,0.7412,0.7444


B:
65.2,65.2001,64.2,64.2001,65.9999,65.4,67.2,64.5999,63,51.8
66.1999,63.9999,61.5999,65.6001,63.7999,63.2,70.2,66.4001,62.4,67.6001
70.0001,64.2,64.8001,66.2,62.5999,62.2001,64.4001,62.2,66.8001,66.5999


========================================================
Test11 (ADC Calibration) results 2008-07-20 18:37:46
Board ID412 30 channels
Linux calibration software

Calibration DAC Range: [1000 - 3500]

A:
0.7464,0.7492,0.7424,0.7448,0.748,0.75,0.7332,0.7404,0.7396,0.75
0.7416,0.744,0.7436,0.7484,0.7372,0.7464,0.7424,0.7464,0.7436,0.7816
0.7428,0.7432,0.742,0.7364,0.7444,0.7444,0.7464,0.7512,0.7416,0.7448


B:
66.6,63.8,64.6,64.2001,65.9999,64,65.7999,64.5999,64.4,51
65.4001,63.9999,63.4,65.6001,63.7999,63.6,70.6,64.6,62.4,32.4
68.2,62.8,63.0001,67.6,62.5999,63.5999,61.6,61.7999,65.4001,65.2001


========================================================
Test11 (ADC Calibration) results 2008-07-24 23:03:59
Board ID412 30 channels
Linux calibration software

Calibration DAC Range: [1000 - 3500]

A:
0.7468,0.7496,0.7424,0.7444,0.748,0.75,0.7332,0.7408,0.74,0.7492
0.7412,0.7436,0.744,0.7488,0.7368,0.7468,0.7432,0.7464,0.7436,0.7488
0.7428,0.7432,0.7412,0.7368,0.7448,0.7444,0.746,0.7512,0.7416,0.7448


B:
65.2,62.4,64.6,65.5999,65.9999,64,65.7999,64.1999,63,52.8
65.8001,64.4,61.9999,64.2001,65.2,62.2,68.8,64.6,61.4,66.2001
68.2,62.8,64.8001,66.2,62.2001,63.5999,63,61.7999,65.4001,65.2001


========================================================
Test11 (ADC Calibration) results 2008-08-13 01:14:42
Board ID412 30 channels
Linux calibration software

Calibration DAC Range: [1000 - 3500]

A:
0.746,0.7492,0.7424,0.744,0.748,0.75,0.7332,0.7404,0.7388,0.75
0.7408,0.7436,0.744,0.7476,0.7368,0.7464,0.7424,0.7456,0.744,0.7816
0.7424,0.7432,0.7412,0.7364,0.7444,0.7444,0.746,0.7508,0.7416,0.7448


B:
66,63.8,64.6,66.9999,65.9999,64,65.7999,63.5999,64.2,52
66.1999,64.4,61.9999,69.3999,65.2,63.6,69.6,66.4001,60.9999,33.4
68.6,62.8,64.8001,67.6,62.5999,63.5999,63,63.2,65.4001,65.2001


========================================================
Test11 (DAC Calibration) results 2008-08-27 10:32:54
Board ID412 30 channels
Linux calibration (server mode)

Calibration DAC Range: [3100 - 3500]

A:
0.763143,0.765714,0.758857,0.761429,0.764857,0.766286,0.750286,0.756857,0.755714,0.762857
0.758,0.760286,0.759714,0.765429,0.753714,0.762571,0.760286,0.762857,0.759429,0.801429
0.76,0.759429,0.758286,0.753714,0.760857,0.761143,0.762,0.767143,0.758286,0.761429


B:
0.0,0.0,0.0,0.0,0.0,0.0,0.0,0.0,0.0,0.0
0.0,0.0,0.0,0.0,0.0,0.0,0.0,0.0,0.0,0.0
0.0,0.0,0.0,0.0,0.0,0.0,0.0,0.0,0.0,0.0


========================================================
Test11 (ADC Calibration) results 2008-08-27 13:08:29
Board ID412 30 channels
Linux calibration software

Calibration DAC Range: [1000 - 3500]

A:
0.7444,0.7476,0.7572,0.7436,0.7468,0.748,0.7316,0.7384,0.7376,0.7484
0.7392,0.7416,0.742,0.7468,0.736,0.7448,0.7404,0.7444,0.7428,0.784
0.7408,0.7416,0.7396,0.7348,0.7432,0.7428,0.7444,0.7492,0.7396,0.7432


B:
65.5999,63.3999,47.8,63.4,64.2,63.9999,65.4,63.6001,62.3999,51.6001
65.8,64.4001,62.0001,65.2,63,63.2001,69.5999,64.5999,59.2,63.0001
67.1999,62.4001,64.4,66.2001,60.8,63.2,61.5999,62.8,65.4,64.8


========================================================
Test11 (DAC Calibration) results 2008-08-28 18:58:22
Board ID412 30 channels
Linux calibration (server mode)

Calibration DAC Range: [3100 - 3500]

A:
0.755,0.7525,0.76,0.7475,0.75,0.755,0.7375,0.745,0.7425,0.755
0.7425,0.75,0.75,0.755,0.7425,0.7525,0.7475,0.75,0.7475,0.79
0.7475,0.7475,0.75,0.74,0.75,0.745,0.755,0.7575,0.75,0.7575


B:
59.5,76.3,55.0,78.7,82.0,69.5,74.7,70.5,75.2,60.5
83.2,66.0,65.0,66.5,69.2,66.3,74.7,75.0,71.7,72.0
74.7,70.7,58.0,78.0,68.0,84.5,55.5,63.8,60.0,46.8


========================================================
Test11 (DAC Calibration) results 2008-08-30 18:22:58
Board ID412 30 channels
Linux calibration (server mode)

Calibration DAC Range: [3100 - 3500]

A:
0.7525,0.755,0.7625,0.7525,0.76,0.7575,0.7425,0.755,0.745,0.755
0.7525,0.7525,0.7525,0.755,0.7475,0.7575,0.7475,0.755,0.755,0.795
0.75,0.7525,0.75,0.7425,0.7575,0.755,0.755,0.76,0.755,0.7525


B:
76.3,77.5,71.3,72.3,59.0,70.8,66.2,47.5,75.5,69.5
59.3,66.3,65.3,76.5,62.7,58.8,83.7,67.5,55.5,66.5
75.0,64.3,67.0,78.2,51.8,60.5,65.5,65.0,52.5,72.3


========================================================
Test11 (DAC Calibration) results 2008-08-30 21:24:19
Board ID412 30 channels
Linux calibration (server mode)

Calibration DAC Range: [3100 - 3500]

A:
0.7325,0.7325,0.7375,0.7375,0.7375,0.74,0.7225,0.73,0.725,0.735
0.73,0.73,0.73,0.7325,0.7275,0.73,0.73,0.735,0.73,0.7675
0.7325,0.73,0.73,0.7225,0.7325,0.7275,0.7375,0.735,0.7325,0.7325


B:
72.2,81.2,73.7,51.7,63.7,59.0,64.2,60.0,72.5,67.5
65.0,71.0,70.0,80.2,59.7,80.0,72.0,63.5,69.0,83.8
63.2,68.0,64.0,76.2,65.2,81.7,52.7,77.5,57.2,69.2


========================================================
Test11 (DAC Calibration) results 2008-08-30 21:52:03
Board ID412 30 channels
Linux calibration (server mode)

Calibration DAC Range: [3100 - 3500]

A:
0.755,0.755,0.765,0.7525,0.7575,0.7575,0.745,0.75,0.75,0.7575
0.75,0.75,0.7525,0.7575,0.75,0.755,0.7525,0.755,0.75,0.795
0.7525,0.7525,0.7525,0.7475,0.7575,0.755,0.7575,0.76,0.7525,0.755


B:
68.5,77.5,64.5,72.3,66.8,70.8,58.5,64.0,59.0,62.8
68.0,75.0,65.3,67.8,54.0,67.5,66.3,67.5,73.0,66.5
67.3,64.3,59.3,61.7,51.8,60.5,56.8,65.0,60.3,63.5


========================================================
Test11 (DAC Calibration) results 2008-08-31 12:06:21
Board ID412 30 channels
Linux calibration (server mode)

Calibration DAC Range: [3100 - 3500]

A:
0.755,0.755,0.775,0.7525,0.7575,0.7575,0.74,0.75,0.745,0.7525
0.75,0.75,0.7525,0.7575,0.745,0.76,0.7525,0.755,0.75,0.7975
0.7475,0.7525,0.7525,0.7475,0.7575,0.755,0.7575,0.76,0.7525,0.755


B:
68.5,77.5,50.5,72.3,66.8,70.8,74.0,64.0,76.5,80.3
68.0,75.0,65.3,67.8,71.5,52.0,68.3,67.5,73.0,57.7
82.7,64.3,59.3,62.7,51.8,60.5,56.8,65.0,60.3,63.5


