========================================================

Test11 results 07-25-2006  23:00:13
Board ID049  36 channels
HV Tests Software Ver.1.6.1

+5V 2516 - O'k
-5V 1335 - O'k
Interlock - On
Calibration DAC Range: [2500 - 2900]


A:
Limits 0.76 +/- 0.04
0.746269,0.743494,0.743494,0.747664,0.746269,0.744879,0.744879,0.747664,0.749064,0.746269,0.739372,0.742115
0.742115,0.749064,0.744879,0.746269,0.747664,0.740741,0.766284,0.749064,0.744879,0.753296,0.747664,0.747664
0.743494,0.747664,0.750469,0.746269,0.746269,0.743494,0.742115,0.742115,0.746269,0.746269,0.744879,0.740741


B:
Limits 60.0 +/- 30.0
61.784805,63.086559,61.130348,50.611286,50.319305,61.568756,61.072655,53.358074,51.154682,47.915977,62.950901,57.024029
62.618881,48.906395,47.903065,59.544907,56.715988,54.0172,37.870842,61.14854,61.148125,43.086117,54.390858,54.880234
46.134304,60.396992,49.741898,55.549927,47.702084,54.07296,59.215588,50.822769,55.776215,51.120598,59.646183,62.423958
========================================================
Test11 (DAC Calibration) results 2008-03-17 06:41:52
Board ID49 36 channels
Linux calibration software
Calibration DAC Range: [1100 - 2700]

A:
0.747384,0.746478,0.744394,0.745782,0.744602,0.749064,0.743771,0.748503,0.749064,0.746269,0.741909,0.744602
0.742804,0.748293,0.744325,0.748713,0.747245,0.739782,0.764453,0.750821,0.747454,0.75365,0.747664,0.748083
0.744394,0.746826,0.747384,0.747733,0.746477,0.744394,0.744671,0.739167,0.747314,0.745226,0.746269,0.743287


B:
64.873,58.6637,65.7391,65.1532,56.6643,55.8052,64.8195,55.6887,59.5506,55.821,59.8442,57.5578
67.5022,61.0703,56.9037,59.2888,65.8136,61.3465,49.6417,62.6653,61.3382,51.6722,64.486,62.4089
51.2979,66.3927,64.873,57.6596,54.0358,58.593,57.4607,57.7752,59.7385,61.1551,61.9404,63.4119


