========================================================

Test11 results 02-09-2006  14:25:54
Board ID420  30 channels
HV Tests Software Ver.1.6

+5V 2537 - O'k
-5V 1300 - O'k
Interlock - On
Calibration DAC Range: [2500 - 2900]


A:
Limits 0.76 +/- 0.04
0.750469,0.753296,0.746269,0.754717,0.750469,0.747664,0.746269,0.743494,0.753296,0.749064
0.754717,0.749064,0.750469,0.753296,0.75188,0.749064,0.753296,0.75188,0.744879,0.747664
0.753296,0.747664,0.750469,0.754717,0.750469,0.756144,0.744879,0.75188,0.75188,0.75188


B:
Limits 60.0 +/- 40.0
56.453979,59.731083,63.460449,53.295578,55.105663,55.758228,52.648846,61.856781,56.438908,65.597198
57.818905,58.034878,48.778709,60.869854,53.426807,55.717644,60.163269,55.028221,61.072655,57.35833
51.099998,52.634689,53.503769,59.468559,56.369698,54.142834,50.30719,52.625916,56.542263,61.783943
========================================================
Test11 (DAC Calibration) results 2008-01-25 06:21:55
Board ID420 30 channels
Linux calibration software
Calibration DAC Range: [1100 - 2700]

A:
0.749274,0.752729,0.747035,0.752587,0.748783,0.746478,0.744532,0.743702,0.752162,0.749977
0.753864,0.748223,0.748643,0.75365,0.749977,0.748223,0.753225,0.750117,0.744394,0.747175
0.750117,0.745087,0.748013,0.754361,0.749766,0.754006,0.742391,0.750469,0.750188,0.75195


B:
62.5548,64.8477,64.6092,63.6877,64.4327,63.2918,62.4196,64.3208,63.5202,64.8824
64.1915,65.058,59.3861,62.2233,63.5324,62.2147,63.2616,64.0882,65.5902,63.6685
65.5885,64.478,64.7499,64.2621,62.3243,65.5042,62.8805,61.3509,66.2416,65.1659


