========================================================

Test11 results 10-18-2005  16:43:50
Board ID073  36 channels
HV Tests Software Ver.1.6

+5V 3055 - O'k
-5V 1404 - O'k
Interlock - On
Calibration DAC Range: [2500 - 2900]


A:
Limits 0.76 +/- 0.04
0.750469,0.749064,0.747664,0.747664,0.746269,0.749064,0.756144,0.75188,0.747664,0.747664,0.75188,0.746269
0.740741,0.747664,0.749064,0.749064,0.746269,0.754717,0.754717,0.753296,0.750469,0.750469,0.753296,0.747664
0.749064,0.749064,0.747664,0.75188,0.754717,0.75188,0.753296,0.749064,0.750469,0.75188,0.743494,0.750469


B:
Limits 60.0 +/- 40.0
62.024048,74.407845,67.257385,68.782837,65.548576,75.648483,68.088661,69.156807,74.597488,75.761147,67.973549,66.913399
74.494087,73.26133,60.422699,70.382721,64.82399,58.807446,66.486916,57.268158,68.117393,63.194824,74.940262,87.43737
62.759869,63.653221,61.617786,57.232464,70.516434,66.549828,63.446617,71.452187,57.094147,69.583595,73.512184,82.125481
========================================================
Test11 (DAC Calibration) results 2007-10-31 15:03:56
Board ID73 36 channels
Linux calibration software
Calibration DAC Range: [1100 - 2700]

A:
0.748853,0.750399,0.747384,0.749695,0.748713,0.752375,0.756001,0.752092,0.748083,0.749274,0.753083,0.748713
0.742804,0.750117,0.746965,0.75054,0.746617,0.753296,0.75543,0.752021,0.750821,0.75188,0.754432,0.749625
0.748153,0.748013,0.747314,0.750328,0.755287,0.752587,0.753721,0.752162,0.750258,0.753083,0.74474,0.754432


B:
75.5688,76.4561,73.8416,67.9695,64.3801,71.5039,74.4092,75.9518,81.4099,77.8404,70.5358,66.0272
72.7019,71.1393,74.4164,74.3125,71.9085,71.7514,69.594,69.4305,74.3782,65.4136,77.7443,89.0554
75.3298,73.7261,69.4535,70.5496,74.7732,70.461,69.6628,69.3871,65.2444,72.0419,75.5352,78.1966


