========================================================

Test10 results 10-26-2005  16:50:28
Board ID048  36 channels
HV Tests Software Ver.1.6

+5V 3027 - O'k
-5V 1368 - O'k
Interlock - On

Voltmeter channel: A=1.075847, B=12.910025

A:
Limits 1.1 +/- 0.1
1.093494,1.081666,1.080497,1.078749,1.082251,1.071811,1.081666,1.078749,1.081666,1.072961,1.078749,1.077006
1.076426,1.080497,1.082251,1.081666,1.074691,1.076426,1.082251,1.081666,1.085187,1.086366,1.077586,1.077006
1.074691,1.077006,1.085776,1.082251,1.090513,1.081666,1.079331,1.083424,1.079331,1.076426,1.079331,1.072961


B:
Limits 0.0 +/- 35.0
12.028476,15.143361,14.04647,18.338537,15.151553,13.933707,17.306692,15.102291,10.816698,15.021619,9.708548,9.692835
13.993531,15.126966,16.233805,14.061695,11.821486,13.993531,14.069302,7.571701,20.618549,10.863837,19.396673,5.384811
11.821486,20.462894,6.514662,6.493545,4.362148,12.98003,11.872686,10.834251,15.11068,11.840678,15.11068,10.729774
========================================================
Test10 (ADC Calibration) results 2008-06-09 03:33:41
Board ID48 36 channels
Linux calibration software

Voltmeter channel: A=1.07542, B=9.59524

A:
1.09378,1.08179,1.08014,1.07924,1.08175,1.07175,1.08283,1.07888,1.08122,1.07188,1.07844,1.07619
1.07506,1.0797,1.08289,1.08128,1.07476,1.07589,1.08245,1.08128,1.08556,1.08682,1.07773,1.07677
1.07577,1.07773,1.08731,1.08233,1.08901,1.08183,1.08048,1.08185,1.07928,1.07577,1.07984,1.07175


B:
7.2412,10.0496,9.18108,14.1304,11.02,10.5891,10.0243,9.27537,7.19457,11.641,4.87338,7.46668
11.5448,12.4631,9.39821,11.3622,8.52947,10.1165,9.84465,5.44346,15.1439,7.00281,16.1235,1.64342
6.47531,14.968,-0.227218,3.78328,4.64327,9.1793,7.18592,12.3651,9.92108,8.32378,11.4447,9.37385


========================================================
Test10 (ADC Calibration) results 2008-06-16 13:15:45
Board ID048 36 channels
Linux calibration software

Voltmeter channel: A=1.07, B=0

A:
1.09714,1.08451,1.08306,1.08243,1.08578,1.07491,1.08587,1.08207,1.08406,1.07554,1.08216,1.08
1.07947,1.0836,1.08677,1.08514,1.07812,1.08045,1.08578,1.08496,1.08987,1.09042,1.08126,1.07991
1.07893,1.08099,1.08969,1.08523,1.0928,1.0855,1.08315,1.0865,1.08279,1.07964,1.08288,1.07598


B:
8.62491,13.0974,11.5973,14.1215,11.2921,11.0799,12.2953,10.5543,10.04,12.6581,5.71033,7.47686
10.5625,12.6198,9.94815,11.0018,9.63691,9.65733,11.2921,5.95908,14.3195,6.19015,15.8363,3.88766
7.17097,15.4333,2.9338,5.05873,4.67381,9.36884,9.56475,10.4136,10.7617,8.23882,12.1949,9.66727


========================================================
Test10 (ADC Calibration) results 2008-06-17 07:08:50
Board ID048 36 channels
Linux calibration software

Voltmeter channel: A=1.07, B=0

A:
1.10961,1.09711,1.09574,1.0951,1.09849,1.08723,1.09812,1.09447,1.09666,1.08813,1.09465,1.09246
1.09183,1.09611,1.09922,1.09766,1.09065,1.09283,1.0983,1.09702,1.10245,1.10291,1.09356,1.09237
1.09138,1.09328,1.10208,1.09739,1.10523,1.09785,1.09538,1.0984,1.09547,1.09201,1.09565,1.08858


B:
7.35573,11.6267,9.8068,12.5797,9.27721,9.96927,11.8081,9.87759,8.75322,11.1004,4.67596,6.6801
9.88391,11.6655,8.82797,9.80962,8.1261,8.09502,9.66399,6.00581,13.6073,5.91063,15.0835,2.61271
6.15136,14.8944,2.48019,4.57328,3.80084,8.76436,9.04437,10.4594,9.18003,6.8783,10.5475,7.85655


========================================================
Test10 (ADC Calibration) results 2008-07-28 12:22:42
Board ID048 36 channels
Linux calibration software

Voltmeter channel: A=1.07, B=0

A:
1.1098,1.09748,1.09602,1.09538,1.09867,1.08732,1.09812,1.09447,1.09684,1.08804,1.09501,1.09292
1.09219,1.09611,1.09959,1.09766,1.09056,1.09301,1.0983,1.0972,1.10254,1.103,1.0941,1.09219
1.09147,1.09346,1.10236,1.09757,1.10513,1.09803,1.0962,1.09895,1.09529,1.09192,1.09547,1.08858


B:
7.63012,11.2936,9.77609,12.3305,9.11019,9.66917,12.0276,9.65875,8.36702,11.183,3.90282,6.04475
9.33325,11.4463,8.49296,10.0291,8.64585,8.14768,10.3232,6.05769,13.5239,6.04691,13.9303,2.99848
6.06821,14.7291,1.78529,4.62494,3.885,8.81686,7.63595,10.398,9.78534,8.05371,10.714,7.85655


========================================================
Test10 (ADC Calibration) results 2008-08-27 10:29:22
Board ID048 36 channels
Linux calibration (server mode)

Voltmeter channel: A=1.09853, B=0

A:
1.11624,1.10565,1.10298,1.10332,1.10551,1.09435,1.10601,1.10219,1.1036,1.09573,1.10036,1.09856
1.09967,1.10451,1.10615,1.10499,1.09727,1.09959,1.10554,1.10305,1.11061,1.10878,1.10222,1.09724
1.09725,1.102,1.1068,1.10317,1.11073,1.10475,1.10291,1.10615,1.10344,1.09814,1.10293,1.09517


B:
0,0,0,0,0,0,0,0,0,0,0,0
0,0,0,0,0,0,0,0,0,0,0,0
0,0,0,0,0,0,0,0,0,0,0,0


========================================================
Test10 (ADC Calibration) results 2008-08-27 11:18:31
Board ID048 36 channels
Linux calibration software

Voltmeter channel: A=1.07, B=0

A:
1.11395,1.10163,1.09962,1.09914,1.1024,1.09089,1.1022,1.09876,1.10077,1.09202,1.09819,1.09638
1.096,1.10057,1.10317,1.10144,1.09429,1.09647,1.10201,1.10144,1.10596,1.10693,1.09752,1.09609
1.09533,1.09723,1.10587,1.10134,1.10907,1.10172,1.0999,1.10268,1.09981,1.0959,1.09933,1.0924


B:
7.33236,12.4842,10.7878,13.4204,10.2445,11.0875,11.7414,10.691,9.08305,12.0168,5.94075,7.15727
11.2313,12.1188,9.54625,11.1159,9.06751,9.70171,11.2543,5.38847,14.3067,6.35036,14.8923,3.69123
6.36086,15.151,2.67156,5.69613,4.85594,9.53238,9.42722,10.4236,10.8336,7.37265,11.2683,9.26863


========================================================
Test10 (ADC Calibration) results 2008-08-28 18:57:15
Board ID048 36 channels
Linux calibration (server mode)

Voltmeter channel: A=1.08562, B=0

A:
1.10307,1.0924,1.09002,1.09029,1.0925,1.08145,1.0929,1.08893,1.09063,1.08285,1.08728,1.08547
1.08665,1.09123,1.09325,1.09199,1.08438,1.08662,1.0925,1.08992,1.09742,1.09567,1.08939,1.08425
1.08428,1.089,1.09382,1.09019,1.09745,1.09174,1.08983,1.09305,1.09027,1.08532,1.08987,1.08222


B:
0,0,0,0,0,0,0,0,0,0,0,0
0,0,0,0,0,0,0,0,0,0,0,0
0,0,0,0,0,0,0,0,0,0,0,0


========================================================
Test10 (ADC Calibration) results 2008-08-30 18:22:00
Board ID048 36 channels
Linux calibration (server mode)

Voltmeter channel: A=1.08186, B=0

A:
1.09908,1.08863,1.08609,1.08634,1.08865,1.07755,1.08894,1.08535,1.08665,1.07892,1.08341,1.08171
1.08278,1.08756,1.08926,1.08811,1.0805,1.08277,1.08856,1.08609,1.09351,1.09173,1.08536,1.08039
1.08045,1.08518,1.08991,1.08636,1.09372,1.08782,1.08619,1.08918,1.08668,1.08146,1.08611,1.07845


B:
0,0,0,0,0,0,0,0,0,0,0,0
0,0,0,0,0,0,0,0,0,0,0,0
0,0,0,0,0,0,0,0,0,0,0,0


========================================================
Test10 (ADC Calibration) results 2008-08-30 21:23:31
Board ID048 36 channels
Linux calibration (server mode)

Voltmeter channel: A=1.11278, B=0

A:
1.13056,1.11985,1.11706,1.1175,1.11977,1.10842,1.12017,1.11626,1.11792,1.10975,1.11446,1.11246
1.11384,1.1186,1.12046,1.11908,1.11125,1.11378,1.11975,1.11715,1.12484,1.12304,1.11642,1.11133
1.11132,1.11619,1.12115,1.11738,1.12493,1.11887,1.11724,1.12034,1.11774,1.11237,1.1172,1.10924


B:
0,0,0,0,0,0,0,0,0,0,0,0
0,0,0,0,0,0,0,0,0,0,0,0
0,0,0,0,0,0,0,0,0,0,0,0


========================================================
Test10 (ADC Calibration) results 2008-08-30 21:50:45
Board ID048 36 channels
Linux calibration (server mode)

Voltmeter channel: A=1.08179, B=0

A:
1.09899,1.08856,1.08597,1.08633,1.08858,1.07756,1.08887,1.08514,1.08667,1.07887,1.08339,1.08153
1.08272,1.08746,1.08933,1.08797,1.08042,1.08272,1.0885,1.08594,1.09346,1.09172,1.08526,1.08042
1.08035,1.08506,1.08981,1.08633,1.09355,1.08773,1.08612,1.08919,1.08648,1.08134,1.08602,1.0783


B:
0,0,0,0,0,0,0,0,0,0,0,0
0,0,0,0,0,0,0,0,0,0,0,0
0,0,0,0,0,0,0,0,0,0,0,0


========================================================
Test10 (ADC Calibration) results 2008-08-31 12:04:51
Board ID048 36 channels
Linux calibration (server mode)

Voltmeter channel: A=1.08181, B=0

A:
1.09903,1.08856,1.08594,1.08626,1.0886,1.07752,1.08885,1.08513,1.08667,1.07885,1.08329,1.08153
1.08272,1.08743,1.08923,1.08794,1.08037,1.08265,1.08846,1.08587,1.09336,1.0917,1.08526,1.08037
1.08027,1.08499,1.08976,1.08626,1.09351,1.08775,1.08607,1.08907,1.08651,1.08139,1.08597,1.07825


B:
0,0,0,0,0,0,0,0,0,0,0,0
0,0,0,0,0,0,0,0,0,0,0,0
0,0,0,0,0,0,0,0,0,0,0,0


========================================================
Test10 (ADC Calibration) results 2008-08-31 16:13:50
Board ID048 36 channels
Linux calibration (server mode)

Voltmeter channel: A=1.08179, B=0

A:
1.09903,1.08867,1.08602,1.08633,1.08855,1.07753,1.08894,1.08526,1.08668,1.07892,1.08332,1.08154
1.08278,1.08739,1.08933,1.08794,1.08045,1.08268,1.08851,1.08599,1.09346,1.09177,1.08531,1.08039
1.08045,1.08511,1.08984,1.08631,1.09357,1.08773,1.08617,1.08918,1.08656,1.08146,1.08601,1.07831


B:
0,0,0,0,0,0,0,0,0,0,0,0
0,0,0,0,0,0,0,0,0,0,0,0
0,0,0,0,0,0,0,0,0,0,0,0


========================================================
Test10 (ADC Calibration) results 2008-08-31 18:29:23
Board ID048 36 channels
Linux calibration (server mode)

Voltmeter channel: A=1.08179, B=0

A:
1.09908,1.08862,1.08602,1.08623,1.08858,1.07761,1.08896,1.08523,1.08672,1.079,1.08344,1.08161
1.08268,1.08746,1.08926,1.08792,1.08032,1.0827,1.08856,1.08602,1.09345,1.09173,1.08528,1.08035
1.08035,1.08511,1.08987,1.08628,1.09353,1.08767,1.08628,1.08911,1.08656,1.08139,1.08595,1.07836


B:
0,0,0,0,0,0,0,0,0,0,0,0
0,0,0,0,0,0,0,0,0,0,0,0
0,0,0,0,0,0,0,0,0,0,0,0


========================================================
Test10 (ADC Calibration) results 2008-09-01 15:17:54
Board ID048 36 channels
Linux calibration (server mode)

Voltmeter channel: A=1.08255, B=0

A:
1.09922,1.08877,1.08604,1.08641,1.08873,1.07763,1.08902,1.08528,1.08682,1.07897,1.08349,1.08178
1.08284,1.08767,1.08931,1.08807,1.08042,1.0828,1.08862,1.08616,1.09363,1.09185,1.08535,1.08052
1.08052,1.08521,1.09001,1.08646,1.0937,1.08778,1.08639,1.08926,1.08668,1.08153,1.08621,1.07845


B:
0,0,0,0,0,0,0,0,0,0,0,0
0,0,0,0,0,0,0,0,0,0,0,0
0,0,0,0,0,0,0,0,0,0,0,0


========================================================
Test10 (ADC Calibration) results 2009-02-25 10:14:19
Board ID048 36 channels
Host: ufcmshv3
Linux calibration software

Voltmeter channel: A=1.05993, B=7.69672

A:
1.05537,1.05289,1.05348,1.05682,1.07225,1.06157,1.06802,1.06496,1.06305,1.05829,1.06105,1.07005
1.0582,1.05306,1.05391,1.06053,1.07394,1.06619,1.06366,1.04678,1.04915,1.05451,1.0582,1.05975
1.05657,1.06348,1.07643,1.06461,1.06522,1.07902,1.05391,1.07518,1.05811,1.06488,1.07049,1.05374


B:
7.534,11.3386,11.4103,13.9825,9.23794,10.4035,12.0769,9.79765,8.81491,12.1946,4.94621,5.28414
9.52375,11.1786,8.69044,9.88762,10.0455,9.30051,11.2256,7.44044,15.689,6.01908,15.0263,3.83124
6.40412,14.7902,2.15295,4.79873,4.22798,9.03088,8.26897,10.1896,9.18122,8.81362,11.0835,9.06185


