========================================================

Test11 results 10-26-2005  16:52:52
Board ID048  36 channels
HV Tests Software Ver.1.6

+5V 3026 - O'k
-5V 1368 - O'k
Interlock - On
Calibration DAC Range: [2500 - 2900]


A:
Limits 0.76 +/- 0.04
0.735294,0.742115,0.742115,0.746269,0.743494,0.749064,0.746269,0.744879,0.742115,0.749064,0.743494,0.744879
0.749064,0.744879,0.740741,0.743494,0.746269,0.746269,0.744879,0.744879,0.740741,0.738007,0.747664,0.746269
0.749064,0.746269,0.736648,0.743494,0.738007,0.743494,0.744879,0.740741,0.744879,0.746269,0.747664,0.749064


B:
Limits 60.0 +/- 40.0
58.524513,65.521751,68.656715,55.806824,57.984474,63.427917,44.149471,59.571075,67.053093,64.31633,71.113792,71.223991
52.106739,55.770302,66.977631,60.253075,66.505104,62.733311,54.304367,62.212524,53.657501,73.91304,52.910133,66.027748
57.75087,56.459263,79.849495,61.056835,62.932476,57.108833,61.906826,66.245392,57.963295,65.143196,56.057037,61.992516
========================================================
Test11 (DAC Calibration) results 2008-06-09 03:33:41
Board ID48 36 channels
Linux calibration software
Calibration DAC Range: [1100 - 2700]

A:
0.733608,0.742115,0.742873,0.743494,0.741771,0.749064,0.741771,0.744117,0.742873,0.748223,0.744048,0.745226
0.746756,0.742804,0.741359,0.742459,0.746965,0.745434,0.74129,0.742459,0.739167,0.737939,0.744532,0.745573
0.746269,0.744532,0.738348,0.742115,0.737191,0.742459,0.743011,0.741702,0.74384,0.746269,0.744948,0.749064


B:
70.0138,72.1707,71.7151,68.0296,71.1636,69.2884,66.8613,67.9099,68.1492,71.9416,74.1071,78.2953
66.1907,68.9878,70.2529,67.9814,68.4407,70.7044,71.238,73.1786,64.1321,78.6921,67.3336,74.3895
72.3882,66.5891,77.3881,70.6865,70.586,64.2691,71.0783,66.9572,69.0376,69.4031,68.2465,67.7903


