========================================================

Test10 results 03-23-2005  15:20:52
Board ID024  30 channels
HV Tests Software Ver.1.6

+5V 2531 - O'k
-5V 1318 - O'k
Interlock - On

Voltmeter channel: A=0.0, B=0.0

A:
Limits 1.1 +/- 0.1
0.0,0.0,0.0,0.0,0.0,0.0,0.0,0.0,0.0,0.0
0.0,0.0,0.0,0.0,0.0,0.0,0.0,0.0,0.0,0.0
0.0,0.0,0.0,0.0,0.0,0.0,0.0,0.0,0.0,0.0
Channels:
     1     2     3     4     5     6     7
     8     9    10    11    12    13    14
    15    16    17    18    19    20    21
    22    23    24    25    26    27    28
Out of range 1.1 +/- 0.1


B:
Limits 0.0 +/- 30.0
0.0,0.0,0.0,0.0,0.0,0.0,0.0,0.0,0.0,0.0
0.0,0.0,0.0,0.0,0.0,0.0,0.0,0.0,0.0,0.0
0.0,0.0,0.0,0.0,0.0,0.0,0.0,0.0,0.0,0.0
========================================================

Test10 results 03-23-2005  15:21:52
Board ID024  36 channels
HV Tests Software Ver.1.6

+5V 2528 - O'k
-5V 1317 - O'k
Interlock - On

Voltmeter channel: A=1.071811, B=10.718273

A:
Limits 1.1 +/- 0.1
1.079914,1.083424,1.064396,1.071237,1.070091,1.066098,1.064396,1.084599,1.087548,1.067806,1.075269,1.063264
1.069519,1.070664,1.070091,1.074691,1.067236,1.070091,1.072961,1.070664,1.075847,1.071811,1.071811,1.068947
1.06553,1.072961,1.070664,1.062135,1.071811,1.066667,1.069519,1.079331,1.067236,1.068376,1.089325,1.075847


B:
Limits 0.0 +/- 30.0
6.479447,7.583981,8.515358,6.42725,5.350263,8.528736,10.64415,5.423133,9.788074,7.474683,4.300899,12.75906
8.556267,9.635981,12.8409,13.970869,3.201826,7.490445,5.364967,5.353326,8.606635,8.57465,8.57465,8.551615
6.393329,2.146083,6.423989,11.683594,5.359216,8.533125,8.556267,6.476033,9.605241,9.6154,10.893338,6.454941
========================================================

Test10 results 03-24-2005  14:20:58
Board ID024  36 channels
HV Tests Software Ver.1.6

+5V 2524 - O'k
-5V 1319 - O'k
Interlock - On

Voltmeter channel: A=1.072961, B=7.51089

A:
Limits 1.1 +/- 0.1
1.064963,1.084599,1.06383,1.070664,1.070091,1.06553,1.064396,1.084599,1.087548,1.067236,1.074691,1.06383
1.070091,1.071237,1.070091,1.074691,1.067236,1.070091,1.071811,1.070091,1.075269,1.071811,1.071811,1.070091
1.064963,1.071811,1.071811,1.061571,1.071811,1.066098,1.070091,1.079331,1.067236,1.068376,1.089325,1.075847


B:
Limits 0.0 +/- 30.0
12.779484,4.338535,10.638327,7.494653,5.350263,9.589919,10.64415,5.423133,9.788074,9.605241,5.373341,10.638327
6.420354,7.498487,12.8409,10.746796,2.13459,7.490445,8.57465,6.420354,10.752512,8.57465,9.646461,5.350263
8.519632,4.287405,3.215594,12.738869,5.359216,9.594834,7.490445,6.476033,9.605241,9.6154,10.893338,6.454941
========================================================
Test10 (ADC Calibration) results 2008-06-16 13:15:45
Board ID024 36 channels
Linux calibration software

Voltmeter channel: A=1.07, B=0

A:
1.06925,1.08723,1.06724,1.0742,1.07305,1.0689,1.06794,1.08832,1.0907,1.0711,1.07848,1.06671
1.07278,1.07447,1.07376,1.07794,1.07022,1.07349,1.07598,1.07332,1.08,1.07589,1.07652,1.07243
1.06908,1.07562,1.07687,1.06566,1.075,1.06917,1.07031,1.08288,1.07155,1.07163,1.09326,1.07929


B:
7.30402,3.88081,7.8976,5.07368,4.20978,6.77527,8.52701,3.75072,8.99385,6.44311,3.05274,9.02597
6.38748,6.11614,9.34964,9.36999,2.5522,5.73078,5.36335,5.03637,8.1247,4.58495,5.73061,5.85696
4.04603,2.03536,3.89338,9.36128,3.47296,8.24082,8.03565,3.74833,5.39062,7.66638,8.40961,4.25073


========================================================
Test10 (ADC Calibration) results 2008-06-17 07:08:50
Board ID024 36 channels
Linux calibration software

Voltmeter channel: A=1.07, B=0

A:
1.08159,1.09977,1.07964,1.08633,1.0857,1.0815,1.08026,1.10079,1.10328,1.08311,1.09111,1.07893
1.08534,1.08678,1.08642,1.09002,1.08266,1.08588,1.08822,1.08579,1.09237,1.08831,1.08849,1.0848
1.08115,1.08813,1.08939,1.07796,1.0875,1.08186,1.0823,1.09547,1.08355,1.08409,1.10569,1.09192


B:
6.49846,2.82668,6.36782,4.06048,2.47031,5.0671,7.08709,2.7799,7.55924,6.17643,1.38225,8.10582
4.97366,5.16603,7.45376,9.14397,0.95979,4.69274,4.27092,3.68996,6.32655,3.31713,5.32735,4.6031
3.66763,0.65426,2.3164,7.93087,2.32614,6.25076,7.13668,2.38831,4.89649,6.3503,7.57943,2.81243


========================================================
Test10 (ADC Calibration) results 2008-07-28 12:22:42
Board ID024 36 channels
Linux calibration software

Voltmeter channel: A=1.07, B=0

A:
1.08168,1.10033,1.07999,1.08669,1.08606,1.08168,1.08079,1.10079,1.10347,1.08373,1.09065,1.07911
1.0857,1.08669,1.08642,1.09047,1.08275,1.08588,1.08867,1.08624,1.09265,1.08867,1.08894,1.08498
1.08159,1.08822,1.08948,1.07822,1.08786,1.08195,1.08124,1.09565,1.08391,1.08418,1.10597,1.09228


B:
6.41599,1.88123,6.03827,4.16269,2.78929,5.11803,6.37626,3.2205,7.83266,5.38073,2.89091,7.94145
4.8588,5.46666,8.10571,8.94673,1.52673,5.34437,4.07257,3.05709,6.95046,2.54815,4.91121,4.65429
3.25368,0.353236,2.8867,7.46875,1.77512,7.25035,8.9909,2.65845,4.5647,6.70124,7.54746,2.04091


========================================================
Test10 (ADC Calibration) results 2009-01-14 17:47:55
Board ID024 36 channels
Host: ufcmshv3
Linux calibration software

Voltmeter channel: A=1.03784, B=3.04992

A:
1.03544,1.04957,1.05477,1.05417,1.03975,1.043,1.04847,1.06557,1.06287,1.04636,0.976416,1.04611
1.00822,1.0366,1.06192,1.06697,1.04033,1.05178,1.04763,1.03909,1.04367,1.04092,1.03917,1.04284
1.03404,1.04966,1.03917,1.03561,1.041,1.04518,1.04418,1.04284,1.05829,1.0494,1.04586,1.04042


B:
2.86747,2.90652,7.04256,4.65456,3.08696,4.14001,7.51671,3.04894,8.76504,4.91006,13.82,7.86977
13.5566,6.10782,7.74367,9.20847,2.11275,5.64718,3.49742,3.93283,6.2139,2.80255,5.93098,4.92539
2.97517,0.7266,2.81347,7.67943,2.30644,10.2109,3.85545,2.0054,2.66999,12.5122,7.6909,3.07344


========================================================
Test10 (ADC Calibration) results 2009-01-15 08:46:35
Board ID024 36 channels
Host: ufcmshv3
Linux calibration software

Voltmeter channel: A=1.03776, B=3.12914

A:
1.03528,1.0494,1.05477,1.05417,1.03992,1.04275,1.04873,1.06549,1.06287,1.04619,0.976196,1.04628
1.00838,1.03668,1.06183,1.06697,1.04042,1.05195,1.03826,1.03925,1.04384,1.04083,1.03942,1.04275
1.03371,1.04923,1.03884,1.03528,1.04083,1.04544,1.04409,1.04259,1.05812,1.04915,1.04603,1.04042


B:
3.64722,3.06756,7.04256,4.44338,2.92754,4.58813,6.8572,3.13126,8.33959,5.90702,13.4564,7.29178
12.3951,5.82141,7.82493,9.20847,1.82499,5.06543,4.31294,3.77316,5.84547,2.67428,5.27695,5.21389
3.91259,1.75977,3.75583,8.2026,2.67428,9.34451,4.14407,2.24552,3.25553,12.5415,7.3223,3.28147


========================================================
Test10 (ADC Calibration) results 2009-01-15 10:43:39
Board ID024 36 channels
Host: ufcmshv3
Linux calibration software

Voltmeter channel: A=1.03776, B=2.71414

A:
1.03503,1.0494,1.05451,1.05408,1.03967,1.04292,1.04856,1.06584,1.06296,1.04636,0.976709,1.04611
1.0446,1.03701,1.06157,1.06689,1.04017,1.05212,1.03826,1.03917,1.04376,1.04083,1.03933,1.043
1.0338,1.0494,1.03884,1.03536,1.04083,1.04544,1.04426,1.04275,1.0582,1.04906,1.04594,1.04058


B:
3.88563,2.85774,7.49529,4.52455,2.9592,4.01104,7.2267,2.16446,8.47101,5.32835,11.7655,7.45143
5.75336,5.29681,8.06825,9.29015,2.0645,4.90443,4.31294,3.64486,6.34273,2.8824,5.35665,4.55695
3.62603,1.17844,3.33998,7.9164,2.67428,8.92644,3.56642,1.87687,2.75137,12.4112,7.40223,2.28921


========================================================
Test10 (ADC Calibration) results 2009-03-16 14:50:05
Board ID024 36 channels
Host: ufcmshv3
Linux calibration software

Voltmeter channel: A=1.03776, B=2.92164

A:
1.03536,1.04932,1.0546,1.05425,1.03958,1.04292,1.04881,1.06566,1.06305,1.04628,0.976342,1.04619
1.0446,1.03685,1.06174,1.06697,1.04042,1.05178,1.0385,1.03917,1.04384,1.04058,1.0395,1.04309
1.03396,1.0494,1.039,1.03561,1.04075,1.04552,1.04418,1.04259,1.05837,1.04881,1.04603,1.04025


B:
3.15364,3.35767,7.83655,4.36305,3.45454,4.63689,6.98663,2.96732,8.17738,5.82709,12.1365,7.58118
5.54449,6.07769,8.11852,9.20847,2.03302,6.06779,4.07428,3.85264,6.26291,3.12189,5.4053,4.47745
3.46747,1.17844,3.18055,7.47235,3.37848,9.26476,4.06424,2.45399,3.01229,12.8601,7.3223,3.64877


========================================================
Test10 (ADC Calibration) results 2009-03-16 15:29:23
Board ID024 36 channels
Host: ufcmshv3
Linux calibration software

Voltmeter channel: A=1.03784, B=3.04992

A:
1.03569,1.04923,1.0546,1.05425,1.03992,1.04292,1.04889,1.06557,1.06287,1.04636,0.976636,1.04619
1.04468,1.03701,1.06183,1.0668,1.04067,1.05186,1.05451,1.03933,1.04384,1.0405,1.0395,1.04292
1.03413,1.0494,1.039,1.03544,1.04067,1.04518,1.04426,1.04284,1.05812,1.04915,1.04611,1.04058


B:
2.83592,3.2286,7.41456,4.7845,2.92754,4.42811,6.69668,3.04894,8.76504,5.7472,11.2539,7.79037
5.67348,5.50416,8.03724,10.2248,1.37661,5.77736,6.22993,3.69387,6.6806,3.20145,5.19745,5.05396
3.10243,1.38867,3.38871,8.04469,3.24986,9.58392,3.35762,2.42284,3.4671,12.3319,7.45143,3.12189


