========================================================

Test11 results 03-23-2005  15:23:11
Board ID024  36 channels
HV Tests Software Ver.1.6

+5V 2525 - O'k
-5V 1318 - O'k
Interlock - On
Calibration DAC Range: [2500 - 2900]


A:
Limits 0.76 +/- 0.04
0.740741,0.742115,0.753296,0.75188,0.754717,0.756144,0.75188,0.743494,0.740741,0.753296,0.749064,0.754717
0.750469,0.75188,0.753296,0.747664,0.753296,0.75188,0.749064,0.750469,0.747664,0.749064,0.75188,0.753296
0.754717,0.75188,0.75188,0.759013,0.749064,0.756144,0.750469,0.746269,0.750469,0.754717,0.742115,0.747664


B:
Limits 60.0 +/- 30.0
77.101509,61.791973,70.528442,58.224628,46.427948,53.578495,72.644165,50.139481,52.979153,58.057499,51.867538,63.291344
67.481071,54.374916,48.842503,57.270531,65.197807,59.02919,62.881115,64.448418,58.798164,60.302002,52.935955,57.526737
62.778553,50.43232,60.728447,48.462841,66.812233,49.547817,65.965477,57.493763,70.231384,50.459496,55.225815,60.567661
========================================================

Test11 results 03-24-2005  14:24:16
Board ID024  36 channels
HV Tests Software Ver.1.6

+5V 2523 - O'k
-5V 1320 - O'k
Interlock - On
Calibration DAC Range: [2500 - 2900]


A:
Limits 0.76 +/- 0.04
0.754717,0.738007,0.756144,0.749064,0.753296,0.756144,0.753296,0.740741,0.739372,0.75188,0.750469,0.759013
0.75188,0.75188,0.753296,0.747664,0.753296,0.750469,0.747664,0.75188,0.747664,0.75188,0.749064,0.75188
0.75188,0.750469,0.749064,0.760456,0.747664,0.754717,0.750469,0.744879,0.753296,0.75188,0.742115,0.747664


B:
Limits 60.0 +/- 30.0
59.373669,76.041298,61.14473,67.440056,50.454659,54.289223,67.31958,57.548016,56.634293,62.778679,47.250473,49.564114
62.247627,53.655895,48.842503,59.601685,63.68515,64.270508,67.381874,59.923332,57.270531,49.710732,63.599091,62.066082
72.932358,55.947926,70.560295,43.041752,71.306198,54.926071,65.965477,62.059402,58.86137,59.565567,54.417389,60.567661
========================================================
Test11 (ADC Calibration) results 2008-06-17 04:20:31
Board ID024 36 channels
Linux calibration software

Calibration DAC Range: [1000 - 3500]

A:
0.7504,0.738,0.7524,0.7464,0.748,0.7512,0.7516,0.7384,0.7364,0.75,0.7448,0.7524
0.748,0.7476,0.7476,0.7448,0.75,0.748,0.746,0.748,0.7436,0.7464,0.7456,0.7484
0.7508,0.7472,0.7456,0.754,0.746,0.7516,0.7504,0.7408,0.7492,0.7488,0.7384,0.7444


B:
68.6,70.0001,68.6001,70.6,61.9999,66.7999,66.3999,59.6001,60.6,63,60.2001,66.6001
69.9999,63.3999,62.3999,63.2001,70,65.9999,67,66.9999,63.4,62.6,66.4001,68.6001
70.2,60.8,69.4001,60,72,59.3999,66.6,70.1999,66.8,64.2001,60.6001,66.5999


========================================================
Test11 (ADC Calibration) results 2008-06-17 07:43:31
Board ID024 36 channels
Linux calibration software

Calibration DAC Range: [1000 - 3500]

A:
0.742,0.7304,0.7432,0.7384,0.74,0.742,0.7432,0.7296,0.7276,0.7416,0.7364,0.7444
0.7396,0.7388,0.7396,0.7364,0.7416,0.7396,0.738,0.7396,0.7348,0.7384,0.7376,0.7404
0.742,0.7384,0.7372,0.7452,0.7376,0.7432,0.7416,0.7324,0.7408,0.7404,0.7304,0.7352


B:
69.0001,68.5999,70.8,70.6001,62,69.0001,67.8,61.4,62.4001,63.4001,60.6,65.5999
70.4,64.2,62.4,63.6,70.4001,66.4,67.0001,67.4,65.2001,62.6001,66.3999,67.5999
72.0001,62.6001,69.7999,60.8001,72.3999,59.8,68.4001,70.6,67.1999,64.5999,60.5999,68.8


