========================================================

Test10 results 07-25-2006  11:42:41
Board ID051  36 channels
HV Tests Software Ver.1.6.1

+5V 3057 - O'k
-5V 1367 - O'k
Interlock - On

Voltmeter channel: A=1.066667, B=12.799792

A:
Limits 1.1 +/- 0.1
1.073537,1.070091,1.077586,1.066098,1.070664,1.075847,1.070664,1.075269,1.06383,1.077586,1.075269,1.06553
1.074691,1.081666,1.078749,1.081081,1.068947,1.072386,1.054296,1.071811,1.077006,1.068947,1.075269,1.078167
1.072386,1.074114,1.066667,1.067806,1.074691,1.071811,1.071237,1.072961,1.074114,1.071237,1.084599,1.077006


B:
Limits 0.0 +/- 30.0
9.661671,13.910991,7.543225,11.727031,18.201292,13.985871,5.353326,15.053588,13.829816,9.698398,18.279394,13.852039
4.298649,19.470024,9.708548,19.459637,8.551615,10.723982,11.597267,11.790084,14.000859,9.620563,13.978319,11.859968
16.085913,7.518835,12.799792,11.745905,12.896177,9.646461,13.925911,10.729774,13.963518,12.854673,5.423133,15.077866
========================================================

Test10 results 09-18-2006  14:48:26
Board ID051  36 channels
HV Tests Software Ver.1.6.1

+5V 3060 - O'k
-5V 1367 - O'k
Interlock - On

Voltmeter channel: A=1.06553, B=14.917569

A:
Limits 1.1 +/- 0.1
1.073537,1.071237,1.078167,1.066098,1.071811,1.075269,1.070091,1.075269,1.064963,1.077586,1.073537,1.06553
1.064963,1.079331,1.078167,1.081081,1.068376,1.074114,1.055409,1.070664,1.078749,1.069519,1.075847,1.075847
1.072961,1.074114,1.06553,1.067806,1.075269,1.070664,1.070664,1.071811,1.075269,1.070091,1.081081,1.075847


B:
Limits 0.0 +/- 30.0
8.588134,13.925911,11.859968,11.727031,15.005518,15.053588,7.490445,13.978319,14.90941,10.775984,22.544119,12.786509
12.779484,16.19001,9.703633,19.459637,9.6154,7.518835,12.664969,13.918636,14.023542,8.556267,12.910025,12.910025
13.948658,7.518835,14.917569,11.745905,10.752512,11.777308,13.918636,12.861896,16.128857,16.051172,7.567746,17.213413
