========================================================

Test11 results 07-25-2006  11:44:13
Board ID051  36 channels
HV Tests Software Ver.1.6.1

+5V 3057 - O'k
-5V 1366 - O'k
Interlock - On
Calibration DAC Range: [2500 - 2900]


A:
Limits 0.76 +/- 0.04
0.749064,0.754717,0.747664,0.757576,0.75188,0.750469,0.753296,0.749064,0.757576,0.749064,0.750469,0.756144
0.749064,0.743494,0.747664,0.746269,0.756144,0.749064,0.766284,0.75188,0.749064,0.753296,0.749064,0.746269
0.75188,0.750469,0.756144,0.754717,0.75188,0.75188,0.750469,0.754717,0.749064,0.754717,0.744879,0.747664


B:
Limits 60.0 +/- 30.0
70.828758,56.384651,67.172508,58.68718,63.234837,56.202232,63.446617,60.085659,59.896786,57.109703,56.838188,64.864159
78.151703,62.081318,63.229023,53.766243,57.998314,73.329422,53.688721,62.520401,58.807533,65.579056,62.332668,71.1026
56.967579,68.117393,60.734905,62.554314,54.175751,67.168434,74.98851,48.667042,65.552765,52.346657,69.136841,67.257385
========================================================

Test11 results 09-18-2006  14:49:56
Board ID051  36 channels
HV Tests Software Ver.1.6.1

+5V 3060 - O'k
-5V 1368 - O'k
Interlock - On
Calibration DAC Range: [2500 - 2900]


A:
Limits 0.76 +/- 0.04
0.750469,0.75188,0.746269,0.757576,0.750469,0.750469,0.753296,0.747664,0.757576,0.750469,0.747664,0.753296
0.759013,0.747664,0.749064,0.746269,0.756144,0.749064,0.764818,0.750469,0.747664,0.753296,0.749064,0.747664
0.749064,0.746269,0.754717,0.753296,0.749064,0.754717,0.753296,0.75188,0.747664,0.753296,0.746269,0.749064


B:
Limits 60.0 +/- 30.0
66.506157,64.845795,70.381287,61.110088,68.557121,58.621838,65.770508,68.525826,57.678989,54.034008,66.91787,77.250542
60.264236,57.749321,60.338394,56.11145,60.323235,74.8451,57.747841,70.165062,61.699924,67.28611,61.782391,71.828796
67.791542,84.149178,69.208389,70.116669,65.552765,59.615231,69.189941,60.192806,68.611435,60.127777,72.246964,64.287804
========================================================
Test11 (DAC Calibration) results 2008-02-15 11:12:57
Board ID51 36 channels
Linux calibration software
Calibration DAC Range: [1100 - 2700]

A:
0.751315,0.752941,0.746896,0.756287,0.752304,0.750258,0.753367,0.75061,0.757217,0.749415,0.749836,0.756931
0.757002,0.74606,0.748013,0.746338,0.755144,0.750962,0.764088,0.753509,0.747035,0.75429,0.749766,0.748573
0.751668,0.750469,0.756358,0.755002,0.75054,0.752941,0.752587,0.7528,0.749625,0.753509,0.747314,0.748994


B:
72.6523,69.9764,75.2591,74.1729,72.2025,66.5949,73.0107,67.3108,68.6701,67.4567,68.8256,75.7214
77.7443,67.9009,74.4741,65.2763,73.7587,76.4386,68.1759,68.7481,72.8266,71.9027,69.0722,77.1497
68.5615,77.8612,71.353,72.5934,69.2088,73.7411,80.2446,67.1591,70.015,68.5974,78.4213,75.5265


========================================================
Test11 (DAC Calibration) results 2008-05-19 16:23:09
Board ID51 36 channels
Linux calibration software
Calibration DAC Range: [1100 - 2700]

A:
0.751385,0.75287,0.747035,0.756144,0.752445,0.750469,0.753225,0.750328,0.757361,0.749485,0.749836,0.756931
0.757576,0.747314,0.748293,0.746617,0.759446,0.751527,0.764161,0.753296,0.747175,0.754575,0.750258,0.748363
0.751033,0.750469,0.756501,0.755073,0.75061,0.753012,0.752658,0.75287,0.749415,0.753509,0.747035,0.748994


B:
72.706,70.5253,75.3664,74.6691,72.1596,66.6042,72.6013,67.6983,68.9294,67.9595,68.9755,75.8728
77.2728,68.7062,73.7913,65.3382,67.1539,75.6693,68.077,70.2449,72.9334,71.5147,68.5453,77.7362
69.1324,77.8612,71.1583,73.1006,69.4128,73.6447,80.4496,67.2125,70.3045,69.2003,77.3088,76.1257


========================================================
Test11 (ADC Calibration) results 2008-06-19 12:56:33
Board ID051 36 channels
Linux calibration software

Calibration DAC Range: [1000 - 3500]

A:
0.7396,0.74,0.7344,0.7444,0.7392,0.7384,0.7412,0.7388,0.8124,0.7372,0.7372,0.744
0.7464,0.734,0.7368,0.7344,0.7476,0.7388,0.7516,0.7412,0.7344,0.7424,0.7376,0.7364
0.7392,0.7752,0.7452,0.7432,0.7388,0.7412,0.7404,0.7408,0.736,0.742,0.7352,0.7368


B:
71.4,71,76.6001,74.5999,73.8,67.6001,72.8001,68.2,0.600058,67.7999,69.7999,77.9999
78.6,68.9999,73.2,65.6001,67.3999,77.2,68.3999,70.8001,72.6001,72.6,70.3999,78.6
68.8,71.8,70.8001,72.8,69.2,72.8001,81.5999,67.1999,70,68.0001,79.8,76.2


========================================================
Test11 (ADC Calibration) results 2008-06-28 15:56:11
Board ID051 36 channels
Linux calibration software

Calibration DAC Range: [1000 - 3500]

A:
0.7392,0.74,0.7344,0.7444,0.7396,0.738,0.7412,0.7388,0.8124,0.7368,0.7372,0.744
0.7464,0.734,0.7364,0.7344,0.7472,0.7388,0.7516,0.7412,0.7344,0.7424,0.738,0.7368
0.7388,0.7752,0.7452,0.7432,0.7388,0.7408,0.7404,0.7404,0.7356,0.7416,0.7352,0.7368


B:
72.8,71,76.6001,74.5999,73.4,69.0001,72.8001,68.2,0.600058,68.2,69.7999,77.9999
78.6,68.9999,74.6,65.6001,68.8,77.2,68.3999,70.8001,72.6001,72.6,69.0001,77.2
70.2,71.8,70.8001,72.8,69.2,74.1999,81.5999,68.5999,71.4,69.4001,79.8,76.2


