========================================================

Test10 results 07-05-2005  14:02:36
Board ID390  30 channels
HV Tests Software Ver.1.6

+5V 2484 - O'k
-5V 1295 - O'k
Interlock - On

Voltmeter channel: A=1.077006, B=16.154871

A:
Limits 1.1 +/- 0.1
1.068947,1.081666,1.084011,1.081081,1.078167,1.076426,1.070091,1.075269,1.085187,1.071237
1.070664,1.077586,1.079331,1.077586,1.074114,1.070664,1.076426,1.071811,1.071811,1.072386
1.071811,1.080497,1.085776,1.081081,1.076426,1.069519,1.074691,1.070664,1.071237,1.070664


B:
Limits 0.0 +/- 30.0
11.758456,4.326704,9.7561,5.405584,15.094469,12.917105,11.770809,6.451437,5.425929,10.712199
12.847973,11.85357,7.555364,12.931156,7.518835,17.130627,11.840678,9.646461,5.359216,9.651596
16.07733,10.804978,11.943543,9.729908,8.6114,10.695304,8.597414,11.777308,12.854673,13.918636
========================================================

Test10 results 08-23-2005  17:20:30
Board ID390  30 channels
HV Tests Software Ver.1.6

+5V 2483 - O'k
-5V 1295 - O'k
Interlock - On

Voltmeter channel: A=1.077006, B=16.154871

A:
Limits 1.1 +/- 0.1
1.068947,1.081081,1.083424,1.080497,1.082837,1.076426,1.070664,1.076426,1.084599,1.071237
1.070664,1.077006,1.079331,1.081666,1.074114,1.070664,1.075847,1.072961,1.071237,1.071811
1.071811,1.080497,1.086957,1.081666,1.076426,1.069519,1.075847,1.074691,1.070091,1.070664


B:
Limits 0.0 +/- 30.0
11.758456,6.486665,11.917675,7.563487,14.077056,13.993531,11.777308,3.229268,7.592331,10.712199
13.918636,14.000859,6.476033,11.898364,7.518835,16.059963,9.682483,9.656813,7.498487,12.861896
17.149141,10.804978,9.782684,9.735032,8.6114,11.764822,6.454941,10.746796,16.051172,13.918636
