========================================================

Test11 results 07-05-2005  14:03:53
Board ID390  30 channels
HV Tests Software Ver.1.6

+5V 2487 - O'k
-5V 1296 - O'k
Interlock - On
Calibration DAC Range: [2500 - 2900]


A:
Limits 0.76 +/- 0.04
0.750469,0.743494,0.739372,0.740741,0.743494,0.744879,0.750469,0.744879,0.738007,0.749064
0.749064,0.742115,0.742115,0.743494,0.744879,0.749064,0.743494,0.747664,0.746269,0.749064
0.747664,0.740741,0.739372,0.744879,0.743494,0.750469,0.747664,0.747664,0.749064,0.749064


B:
Limits 60.0 +/- 30.0
50.544033,53.82283,58.666481,65.896362,55.883232,56.864887,50.707283,63.930508,64.961998,57.008572
58.530476,65.232773,64.503883,58.287971,66.899658,57.563786,59.675125,59.359825,64.579308,51.470695
54.468616,65.896362,53.419579,57.454826,64.476982,57.13171,54.858875,62.240593,49.708492,50.51041
========================================================

Test11 results 08-23-2005  17:22:15
Board ID390  30 channels
HV Tests Software Ver.1.6

+5V 2484 - O'k
-5V 1296 - O'k
Interlock - On
Calibration DAC Range: [2500 - 2900]


A:
Limits 0.76 +/- 0.04
0.749064,0.740741,0.739372,0.743494,0.742115,0.746269,0.749064,0.747664,0.738007,0.750469
0.749064,0.743494,0.742115,0.742115,0.746269,0.747664,0.743494,0.747664,0.750469,0.747664
0.746269,0.739372,0.736648,0.744879,0.744879,0.750469,0.746269,0.743494,0.747664,0.747664


B:
Limits 60.0 +/- 40.0
55.079403,62.83086,57.990467,56.896461,51.145267,52.142708,55.322449,53.32832,66.435852,53.19944
58.530476,59.891312,64.503883,54.356148,61.535381,62.95887,62.876362,57.111725,50.952431,55.270493
58.977371,68.874718,62.362015,58.260628,59.271561,56.244007,57.836468,67.449867,54.313278,55.270493
