========================================================

Test15 results 08-24-2005  17:28:13
Board ID042  8 channels
HV Tests Software Ver.1.6


A:
Limits 1.45 +/- 2.0
1.437814,1.438849,1.445087,1.445087,1.437814,1.439885,1.43575,1.441961


B:
Limits 0.0 +/- 160.0
-2.875496,-14.388633,-3.433228e-005,10.115573,-4.313311,7.1995,-11.485854,12.977696
========================================================
Test15 (Master ADC Calibration) results 2007-07-16 09:26:44
Board ID42 7 channels
Linux calibration software


A:
1.43988,1.44196,1.44928,1.44928,1.44092,1.443,1.43988,1.44509

B:
7.34348,-16.8709,-5.79713,7.24635,-8.35722,4.90635,-14.2548,10.9826

========================================================
Test15 (ADC Calibration) results 2009-03-31 09:45:10
Board ID042 8 channels
Host: ufcmshv3
Linux calibration software

A:
1.40967,1.43156,1.41705,1.44252,1.43949,1.44525,1.47309,1.43314


B:
6.18077,-14.4038,-3.55331,8.12247,-14.55,6.82596,-13.7789,10.5612


========================================================
Test15 (ADC Calibration) results 2009-03-31 14:58:07
Board ID042 8 channels
Host: ufcmshv3
Linux calibration software

A:
1.41013,1.43282,1.41705,1.4422,1.44332,1.44541,1.47292,1.43377


B:
5.29327,-16.4445,-3.26997,8.6308,-14.9437,6.71574,-13.6643,9.83798


========================================================
Test15 (ADC Calibration) results 2009-03-31 16:31:55
Board ID042 8 channels
Host: ufcmshv3
Linux calibration software

A:
1.41028,1.43251,1.41751,1.4422,1.44332,1.44589,1.47292,1.41952


B:
5.46766,-15.361,-3.88161,9.20783,-14.3667,6.38407,-13.3698,10.8755


