========================================================

Test16 results 08-24-2005  17:31:56
Board ID042  8 channels
HV Tests Software Ver.1.6
Calibration DAC Range: [1000 - 2300]


A:
Limits 0.57 +/- 0.1
0.563502,0.565217,0.566943,0.567686,0.564236,0.564481,0.563502,0.566202


B:
Limits 50.0 +/- 60.0
45.179653,43.193825,32.228516,27.615646,43.866257,47.75264,47.60976,36.823284
========================================================
Test16 (Master DAC Calibration) results 2007-07-16 09:26:44
Board ID42 7 channels
Linux calibration software
Calibration DAC Range: [1000 - 2300]

A:
0.563436,0.563187,0.567004,0.568225,0.563875,0.561658,0.564493,0.565431

B:
45.5255,46.8452,31.492,26.606,43.0376,52.2319,41.622,37.4606

========================================================
Test16 (ADC Calibration) results 2009-03-31 09:55:30
Board ID042 8 channels
Host: ufcmshv3
Linux calibration software

A:
0.5716,0.564,0.5696,0.56,0.5608,0.5588,0.5484,0.5632


B:
54.3999,52,57.4,53,63.1999,61.2001,51.6001,57.8


========================================================
Test16 (ADC Calibration) results 2009-03-31 15:08:42
Board ID042 8 channels
Host: ufcmshv3
Linux calibration software

A:
0.5716,0.564,0.5696,0.5604,0.5596,0.5588,0.5484,0.5628


B:
54.3999,52,57.4,52.6,52.4,61.2001,52.6001,58.2


========================================================
Test16 (ADC Calibration) results 2009-03-31 16:39:59
Board ID042 8 channels
Host: ufcmshv3
Linux calibration software

A:
0.5716,0.5636,0.57,0.56,0.5596,0.558,0.548,0.5688


B:
54.3999,53.4,57,53,52.4,62.9999,53.0001,48.2001


