========================================================

Test10 results 04-25-2005  18:07:08
Board ID324  30 channels
HV Tests Software Ver.1.6

+5V 2510 - O'k
-5V 1313 - O'k
Interlock - On

Voltmeter channel: A=1.077586, B=14.008742

A:
Limits 1.1 +/- 0.1
1.06553,1.067236,1.071237,1.077586,1.068947,1.075847,1.075269,1.073537,1.082837,1.075847
1.069519,1.071237,1.071237,1.075847,1.082251,1.074114,1.072386,1.068947,1.082837,1.067806
1.073537,1.064396,1.073537,1.087548,1.070091,1.068947,1.071811,1.077586,1.078749,1.072961


B:
Limits 0.0 +/- 30.0
9.589919,12.806949,14.997149,9.698398,5.344774,6.454941,7.526706,6.441059,11.911382,9.682483
14.973378,8.569725,11.783437,8.606635,7.575796,9.667063,7.506824,7.482668,11.911382,6.406877
6.441059,7.450962,5.367522,4.350336,8.560535,6.413721,9.646461,5.388053,5.393553,1.073122
========================================================
Test10 (ADC Calibration) results 2007-12-07 15:28:21
Board ID324 30 channels
Linux calibration software

Voltmeter channel: A=1.07459, B=-1226.93

A:
1.06465,1.06788,1.07566,1.07933,1.06771,1.0761,1.07468,1.07347,1.0854,1.07583
1.07084,1.07105,1.07074,1.07513,1.08176,1.07606,1.07179,1.06977,1.08631,1.06822
1.07226,1.06384,1.07529,1.08805,1.07398,1.06791,1.07094,1.07735,1.07893,1.07175


B:
8.44641,6.65447,10.6623,4.69192,4.46529,3.34538,5.42814,3.17694,7.46322,5.23566
6.19085,5.80315,8.59055,7.06363,4.87609,9.77465,4.96544,1.90687,6.70071,5.81943
5.65338,5.14229,4.77864,1.88481,6.20566,6.27499,8.07433,4.22297,2.00812,0.729753


========================================================
Test10 (ADC Calibration) results 2008-06-17 15:59:19
Board ID324 30 channels
Linux calibration software

Voltmeter channel: A=1.07, B=0

A:
1.0811,1.08477,1.09344,1.09581,1.08414,1.09226,1.09153,1.08917,1.10206,1.09244
1.088,1.08773,1.08746,1.09135,1.09801,1.09289,1.08836,1.08611,1.1029,1.08548
1.08954,1.07995,1.07385,1.10318,1.08459,1.08512,1.08836,1.09353,1.09517,1.08746


B:
7.97945,6.54479,8.37932,6.64842,5.3888,4.43585,5.10333,5.3057,7.32534,5.36145
5.73337,6.63499,8.40624,8.32593,7.05439,8.4412,5.836,1.60905,7.23071,4.57988
4.31924,5.80877,16.619,5.43356,9.53037,5.34529,6.70675,5.45257,2.41463,2.7511


========================================================
Test10 (ADC Calibration) results 2008-06-20 22:47:11
Board ID324 30 channels
Linux calibration software

Voltmeter channel: A=1.07, B=0

A:
1.08146,1.08459,1.09344,1.09618,1.08432,1.09216,1.09162,1.08917,1.10206,1.09216
1.08809,1.08782,1.08764,1.09135,1.09838,1.0315,1.08827,1.08629,1.10299,1.08548
1.08954,1.08012,1.07079,1.10336,1.08137,1.08512,1.08809,1.09371,1.09526,1.08791


B:
7.0014,7.14394,8.37932,5.87574,4.78951,4.0827,5.23854,5.08792,7.10498,6.04825
6.0854,5.89943,7.8053,8.10771,5.84039,64.3812,5.48403,1.44265,6.70492,5.01384
4.31924,5.21203,12.8098,5.04446,9.02995,4.91135,6.73849,4.62986,2.11144,1.8998


========================================================
Test10 (ADC Calibration) results 2008-07-16 21:23:30
Board ID324 30 channels
Linux calibration software

Voltmeter channel: A=1.07, B=0

A:
1.08208,1.08542,1.09436,1.09702,1.08496,1.09322,1.09199,1.09001,1.10277,1.09303
1.08861,1.08851,1.08814,1.09209,1.09893,1.06474,1.08879,1.08664,1.10364,1.08589
1.08973,1.08106,1.07125,1.10421,1.08347,1.0858,1.08889,1.09417,1.09578,1.08832


B:
6.86278,6.15321,7.53677,5.32296,4.19672,3.10992,4.67601,4.09651,6.90711,4.81398
5.82989,5.04544,7.567,7.2104,5.33653,33.9716,5.43908,1.33801,6.34058,4.41958
4.79213,4.34594,12.5974,4.26957,9.47485,4.72298,5.78809,4.4276,2.07077,1.51807


========================================================
Test10 (ADC Calibration) results 2008-07-17 10:47:19
Board ID324 30 channels
Linux calibration software

Voltmeter channel: A=1.07, B=0

A:
1.08307,1.08641,1.09583,1.09779,1.0858,1.09418,1.09325,1.09089,1.10373,1.09438
1.08977,1.08926,1.08885,1.09294,1.09997,1.06834,1.08967,1.08773,1.10488,1.08671
1.09099,1.08196,1.07179,1.10478,1.08327,1.08661,1.08977,1.0949,1.09655,1.08916


B:
5.7276,5.2451,5.97707,4.61881,3.20112,2.01404,3.30288,3.28837,6.03419,3.57588
4.75969,5.01171,7.12957,6.86457,4.60611,30.8921,4.41826,0.327447,5.20822,3.87729
2.97608,3.29089,10.3771,4.19823,8.57418,3.75409,5.63156,3.97919,1.58712,0.749176


========================================================
Test10 (ADC Calibration) results 2008-07-19 11:34:37
Board ID324 30 channels
Linux calibration software

Voltmeter channel: A=1.07, B=0

A:
1.08198,1.08505,1.09426,1.09626,1.08459,1.09313,1.09218,1.0903,1.10258,1.09284
1.08842,1.08832,1.08804,1.0919,1.09883,1.06019,1.08879,1.08683,1.10335,1.08589
1.08992,1.0806,1.06934,1.10412,1.07847,1.08533,1.08889,1.0937,1.0955,1.08832


B:
6.73202,6.2805,7.40429,6.23854,4.54138,2.9781,4.72075,3.83637,6.64115,5.20592
5.56722,5.87136,7.43594,7.60199,5.64352,38.3539,5.43908,0.729944,5.94152,4.20258
4.40111,4.99119,13.0844,4.13631,11.0597,5.15385,5.57036,5.29934,2.77043,1.73568


========================================================
Test10 (ADC Calibration) results 2008-07-19 14:46:21
Board ID324 30 channels
Linux calibration software

Voltmeter channel: A=1.07, B=0

A:
1.0818,1.08477,1.0937,1.09654,1.08477,1.09303,1.09237,1.08992,1.10248,1.09294
1.08861,1.08804,1.08776,1.09218,1.09883,1.0562,1.08851,1.08645,1.10354,1.08598
1.08992,1.08097,1.06781,1.10431,1.07544,1.08542,1.08889,1.09398,1.09578,1.08832


B:
7.12002,7.18974,8.14317,5.53904,4.36923,3.28384,3.67346,3.96536,7.16936,4.90068
5.177,5.91252,8.12952,7.1235,5.42343,42.0026,5.48074,1.72845,6.20765,3.89878
4.18329,4.2153,15.3685,3.73972,13.6453,5.28481,5.57036,4.3828,1.85166,1.73568


========================================================
Test10 (ADC Calibration) results 2008-07-20 08:08:59
Board ID324 30 channels
Linux calibration software

Voltmeter channel: A=1.07, B=0

A:
1.08208,1.08496,1.09426,1.09654,1.08487,1.09303,1.09181,1.0903,1.10258,1.09332
1.08842,1.08823,1.08814,1.09218,1.09864,1.06609,1.08851,1.08683,1.10354,1.0857
1.08973,1.08087,1.07025,1.10392,1.07499,1.0858,1.08879,1.09426,1.0955,1.08842


B:
6.64603,6.58358,7.18549,5.7583,3.8486,3.06529,4.8493,3.18197,7.08207,3.89714
5.78486,5.52234,7.34943,6.90512,5.81777,32.9515,5.69826,0.947644,6.20765,4.37485
4.57424,4.30137,16.522,4.5326,14.499,4.2885,6.09246,4.34068,2.33245,0.995924


========================================================
Test10 (ADC Calibration) results 2008-07-20 17:40:55
Board ID324 30 channels
Linux calibration software

Voltmeter channel: A=1.07, B=0

A:
1.08217,1.08496,1.0937,1.09654,1.08468,1.09266,1.09247,1.08992,1.10258,1.09313
1.08832,1.08832,1.08804,1.09199,1.09903,1.04857,1.0887,1.08664,1.10344,1.0858
1.09001,1.08097,1.06862,1.10402,1.07489,1.08552,1.08861,1.09398,1.09569,1.08861


B:
6.56047,6.36664,8.7995,5.7583,4.23801,3.63149,3.58678,3.96536,7.08207,4.50876
5.87136,5.87136,7.65349,7.29707,5.46904,49.1896,5.52582,1.33801,6.51595,4.72298
3.66035,4.2153,16.9631,4.00351,13.9384,4.32994,6.26561,4.82028,2.15792,0.386859


========================================================
Test10 (ADC Calibration) results 2008-07-24 12:08:22
Board ID324 30 channels
Linux calibration software

Voltmeter channel: A=1.07, B=0

A:
1.08198,1.08449,1.0937,1.09654,1.08459,1.09294,1.09199,1.08983,1.10248,1.09303
1.08814,1.08814,1.08832,1.09162,1.09864,1.0918,1.08851,1.08626,1.10373,1.08542
1.08973,1.08069,1.07079,1.10383,1.0759,1.08542,1.0887,1.09389,1.0955,1.08842


B:
6.29894,6.14569,7.7058,4.88089,4.54138,2.49626,4.23932,3.8334,6.50814,4.37688
5.82614,5.60869,6.52446,8.07944,5.81777,9.65352,5.26309,1.6843,5.37035,4.63384
4.13845,4.68908,15.5894,3.95782,11.2853,4.41681,5.7439,4.46996,2.11341,1.21355


