========================================================

Test10 results 12-21-2006  16:16:19
Board ID029  36 channels
HV Tests Software Ver.1.6.8

+5V 2522 - O'k
-5V 1310 - O'k
Interlock - On
Number of Samples: 400

Voltmeter channel: A=1.093494, B=9.841489

A:
Limits 1.1 +/- 0.1
1.066098,1.067806,1.082251,1.070091,1.082837,1.070091,1.074691,1.06383,1.084011,1.068947,1.070664,1.079331
1.075847,1.072386,1.075269,1.072961,1.068947,1.074691,1.063264,1.075847,1.071811,1.080497,1.072386,1.071237
1.076426,1.073537,1.069519,1.066667,1.079914,1.071811,1.078167,1.075269,1.075269,1.062699,1.082251,1.075847


B:
Limits 0.0 +/- 30.0
6.39654,14.949322,3.246791,11.770809,8.662871,13.910991,11.821486,15.957476,2.168024,8.551615,12.847973,7.555364
8.606635,6.434438,7.526706,9.656813,11.758456,9.672105,19.138645,15.061719,13.933707,17.28796,8.57921,12.854673
9.687826,6.441059,9.625785,2.133125,8.639275,11.790084,11.859968,10.752512,7.526706,17.003403,8.658047,11.834177
========================================================
Test10 (ADC Calibration) results 2008-04-04 09:53:03
Board ID29 36 channels
Linux calibration software

Voltmeter channel: A=1.09052, B=12.9024

A:
1.06384,1.06547,1.07982,1.06843,1.08008,1.06813,1.07238,1.06301,1.08126,1.06623,1.0679,1.07651
1.07368,1.07222,1.07282,1.07049,1.0674,1.07278,1.06481,1.07321,1.07025,1.0796,1.06939,1.06906
1.07418,1.07129,1.06803,1.06477,1.07876,1.07042,1.07617,1.07294,1.07312,1.06311,1.08004,1.07318


B:
2.02896,10.3971,-0.210779,6.47419,5.97856,9.52126,7.27766,8.6088,-0.251873,-1.11011,9.09288,4.99251
4.66987,0.342362,4.64749,6.36343,5.66327,5.76661,11.9839,11.9682,7.35583,11.9922,6.23951,7.93631
5.90442,2.14017,3.6683,-2.78036,2.33993,6.51644,8.47188,8.08508,3.39051,9.5551,0.708509,7.10959


========================================================
Test10 (ADC Calibration) results 2008-06-19 12:08:44
Board ID029 36 channels
Linux calibration software

Voltmeter channel: A=1.07, B=0

A:
1.08076,1.08325,1.09735,1.0854,1.09845,1.08602,1.08998,1.08049,1.09927,1.08379,1.08593,1.09443
1.09188,1.08683,1.09071,1.08863,1.08477,1.09043,1.07961,1.09197,1.08773,1.09671,1.08746,1.08701
1.09215,1.08836,1.08468,1.08174,1.09616,1.08701,1.0937,1.09062,1.09007,1.07916,1.0979,1.09197


B:
3.78702,9.6929,-1.16818,6.83783,3.74676,8.42859,7.16385,7.2771,-1.18955,1.82742,8.07689,4.37706
3.22681,3.76884,4.09721,4.49316,6.33371,5.00227,11.5574,8.60292,7.50254,11.4872,5.14206,7.51517
4.72322,2.78483,5.54884,-2.31766,3.65721,7.73252,8.11,7.45294,4.46465,10.2417,4.47167,6.20064


========================================================
Test10 (ADC Calibration) results 2008-07-17 09:50:45
Board ID029 36 channels
Linux calibration software

Voltmeter channel: A=1.07, B=0

A:
1.08144,1.08385,1.09786,1.08571,1.09938,1.08636,1.09057,1.08116,1.09938,1.08487,1.08655,1.0951
1.09264,1.08729,1.09151,1.08926,1.08543,1.09104,1.0795,1.09255,1.08851,1.09757,1.08832,1.08739
1.0933,1.08888,1.08524,1.08218,1.09662,1.08776,1.09444,1.09123,1.09038,1.08005,1.09852,1.09246


B:
2.71969,9.57401,-1.42005,7.20132,2.8866,8.76935,6.83772,7.73575,-1.29073,-0.267891,7.72785,3.75397
2.30431,3.12258,3.35073,3.69385,5.07182,4.22215,10.7908,8.51039,7.00063,10.6975,4.34382,6.95034
3.44277,2.51651,5.02767,-2.5168,3.0126,7.03957,7.21034,7.32191,4.61235,8.98116,4.5546,5.97503


========================================================
Test10 (ADC Calibration) results 2008-07-19 11:33:18
Board ID029 36 channels
Linux calibration software

Voltmeter channel: A=1.07, B=0

A:
1.08107,1.08366,1.09757,1.08589,1.09929,1.08636,1.09057,1.08107,1.09948,1.08478,1.08627,1.0951
1.09274,1.0872,1.09132,1.08935,1.08506,1.09067,1.07959,1.09227,1.08785,1.09748,1.08813,1.08729
1.09302,1.08898,1.08533,1.08236,1.09653,1.08757,1.09463,1.09123,1.09048,1.07923,1.09843,1.09236


B:
3.4971,9.52936,-0.717383,6.59397,2.75455,7.9006,6.83772,7.38905,-1.59904,0.0358857,8.20404,3.31565
2.21716,2.77439,3.52489,3.60635,5.41793,5.22442,8.97746,8.55193,7.82353,10.7847,4.51712,7.03694
3.70448,2.21177,4.94147,-2.69068,3.10013,7.43029,6.81734,6.66745,4.30744,9.32017,3.98346,5.84319


========================================================
Test10 (ADC Calibration) results 2008-07-19 17:28:33
Board ID029 36 channels
Linux calibration software

Voltmeter channel: A=1.07, B=0

A:
1.08125,1.08366,1.09805,1.08589,1.0991,1.08617,1.09076,1.08088,1.099,1.08459,1.08645,1.09482
1.09255,1.08673,1.09132,1.08916,1.08487,1.09057,1.07858,1.09255,1.08813,1.09681,1.08804,1.08729
1.09255,1.08879,1.08496,1.08199,1.09653,1.08767,1.09453,1.09142,1.09057,1.07877,1.09852,1.09264


B:
2.89235,9.52936,-2.03524,6.15972,2.71019,8.2899,6.22837,7.77714,-0.938663,0.209319,7.59678,3.79681
2.17355,2.77335,3.52489,3.998,6.0244,5.52921,10.9977,7.85475,6.69339,12.051,4.3864,7.25435
4.5771,2.60329,5.50384,-1.91009,2.88088,6.9085,6.90446,6.49362,4.00252,9.74809,3.89538,5.14502


========================================================
Test10 (ADC Calibration) results 2008-07-20 15:54:11
Board ID029 36 channels
Linux calibration software

Voltmeter channel: A=1.07, B=0

A:
1.08125,1.08385,1.09786,1.08571,1.0991,1.08636,1.09076,1.08088,1.09948,1.08459,1.08617,1.09472
1.09255,1.08692,1.09114,1.08935,1.08515,1.09114,1.07858,1.09236,1.08823,1.09691,1.08823,1.0872
1.09283,1.08888,1.08515,1.08227,1.09653,1.08776,1.09434,1.09142,1.09048,1.07886,1.09814,1.09198


B:
3.10855,8.92398,-1.42005,6.76676,2.71019,7.9006,6.44647,7.34489,-1.81888,0.209319,8.2899,4.10287
2.392,3.03461,3.69894,3.38853,5.54826,4.13555,10.9977,8.46475,7.04222,11.086,3.99552,6.68815
4.31571,2.51651,5.1143,-2.60356,3.10013,7.25695,7.2974,6.71185,4.30744,9.87802,4.68517,6.62741


========================================================
Test10 (ADC Calibration) results 2008-07-24 14:52:16
Board ID029 36 channels
Linux calibration software

Voltmeter channel: A=1.07, B=0

A:
1.08135,1.08357,1.09757,1.08589,1.09891,1.08608,1.09076,1.08116,1.09948,1.08413,1.08627,1.09482
1.09255,1.08673,1.09104,1.08916,1.08506,1.09095,1.07867,1.09198,1.08795,1.09729,1.08804,1.0872
1.09264,1.08898,1.08515,1.08227,1.09643,1.08757,1.09444,1.09161,1.09076,1.07959,1.09786,1.09217


B:
3.02222,9.39854,-0.936844,6.81097,3.1054,8.15916,6.66457,7.08721,-1.81888,3.24528,8.20404,3.35899
2.17355,3.2082,3.5678,3.56256,5.41793,4.96396,11.5592,8.37481,7.08388,11.3972,4.60396,7.34058
3.61543,2.21177,5.33128,-2.81997,3.18771,6.99498,6.99151,5.66487,4.04685,8.76172,4.28875,5.36186


========================================================
Test10 (ADC Calibration) results 2008-07-24 21:41:51
Board ID029 36 channels
Linux calibration software

Voltmeter channel: A=1.07, B=0

A:
1.08144,1.08338,1.09776,1.08589,1.09881,1.08655,1.09076,1.08107,1.09919,1.08468,1.08636,1.09463
1.09246,1.0872,1.09104,1.08907,1.08524,1.09076,1.07923,1.09283,1.08795,1.0971,1.08804,1.0872
1.09312,1.08907,1.08506,1.08199,1.09662,1.08767,1.09425,1.09142,1.09048,1.07941,1.09852,1.09255


B:
2.28682,9.78698,-1.11246,6.37684,3.19298,7.0757,6.0104,6.52414,-1.33461,0.339662,7.9006,3.9712
2.47923,2.55701,3.78596,3.64938,4.81068,5.13761,9.53597,7.5942,7.51934,11.3514,4.3864,7.12319
3.61686,1.90702,5.41793,-2.12643,2.57406,6.9085,7.3845,6.27539,4.08939,8.06959,3.89538,5.66965


========================================================
Test10 (ADC Calibration) results 2008-08-12 21:57:53
Board ID029 36 channels
Linux calibration software

Voltmeter channel: A=1.07, B=0

A:
1.08125,1.08394,1.09786,1.08608,1.09929,1.08655,1.09104,1.08107,1.09986,1.08478,1.08627,1.0951
1.09312,1.08757,1.09161,1.08926,1.08524,1.09095,1.07895,1.09293,1.08851,1.09824,1.08813,1.08748
1.0933,1.08926,1.08543,1.08218,1.09729,1.08813,1.09453,1.09142,1.09076,1.07941,1.09872,1.09274


B:
3.54082,9.05483,-0.981018,6.4212,3.19416,7.94499,6.1862,7.17302,-0.851702,1.77163,8.63844,3.75397
1.86803,1.99242,3.70031,4.12944,5.24506,5.1821,10.6559,7.72575,6.7831,10.748,4.95253,7.08148
4.09859,2.16873,4.85491,-2.08365,2.39964,6.47581,7.5609,6.71185,4.26495,8.71695,4.37943,6.15124


