========================================================

Test10 results 03-23-2005  15:20:52
Board ID024  30 channels
HV Tests Software Ver.1.6

+5V 2531 - O'k
-5V 1318 - O'k
Interlock - On

Voltmeter channel: A=0.0, B=0.0

A:
Limits 1.1 +/- 0.1
0.0,0.0,0.0,0.0,0.0,0.0,0.0,0.0,0.0,0.0
0.0,0.0,0.0,0.0,0.0,0.0,0.0,0.0,0.0,0.0
0.0,0.0,0.0,0.0,0.0,0.0,0.0,0.0,0.0,0.0
Channels:
     1     2     3     4     5     6     7
     8     9    10    11    12    13    14
    15    16    17    18    19    20    21
    22    23    24    25    26    27    28
Out of range 1.1 +/- 0.1


B:
Limits 0.0 +/- 30.0
0.0,0.0,0.0,0.0,0.0,0.0,0.0,0.0,0.0,0.0
0.0,0.0,0.0,0.0,0.0,0.0,0.0,0.0,0.0,0.0
0.0,0.0,0.0,0.0,0.0,0.0,0.0,0.0,0.0,0.0
========================================================

Test10 results 03-23-2005  15:21:52
Board ID024  36 channels
HV Tests Software Ver.1.6

+5V 2528 - O'k
-5V 1317 - O'k
Interlock - On

Voltmeter channel: A=1.071811, B=10.718273

A:
Limits 1.1 +/- 0.1
1.079914,1.083424,1.064396,1.071237,1.070091,1.066098,1.064396,1.084599,1.087548,1.067806,1.075269,1.063264
1.069519,1.070664,1.070091,1.074691,1.067236,1.070091,1.072961,1.070664,1.075847,1.071811,1.071811,1.068947
1.06553,1.072961,1.070664,1.062135,1.071811,1.066667,1.069519,1.079331,1.067236,1.068376,1.089325,1.075847


B:
Limits 0.0 +/- 30.0
6.479447,7.583981,8.515358,6.42725,5.350263,8.528736,10.64415,5.423133,9.788074,7.474683,4.300899,12.75906
8.556267,9.635981,12.8409,13.970869,3.201826,7.490445,5.364967,5.353326,8.606635,8.57465,8.57465,8.551615
6.393329,2.146083,6.423989,11.683594,5.359216,8.533125,8.556267,6.476033,9.605241,9.6154,10.893338,6.454941
========================================================

Test10 results 03-24-2005  14:20:58
Board ID024  36 channels
HV Tests Software Ver.1.6

+5V 2524 - O'k
-5V 1319 - O'k
Interlock - On

Voltmeter channel: A=1.072961, B=7.51089

A:
Limits 1.1 +/- 0.1
1.064963,1.084599,1.06383,1.070664,1.070091,1.06553,1.064396,1.084599,1.087548,1.067236,1.074691,1.06383
1.070091,1.071237,1.070091,1.074691,1.067236,1.070091,1.071811,1.070091,1.075269,1.071811,1.071811,1.070091
1.064963,1.071811,1.071811,1.061571,1.071811,1.066098,1.070091,1.079331,1.067236,1.068376,1.089325,1.075847


B:
Limits 0.0 +/- 30.0
12.779484,4.338535,10.638327,7.494653,5.350263,9.589919,10.64415,5.423133,9.788074,9.605241,5.373341,10.638327
6.420354,7.498487,12.8409,10.746796,2.13459,7.490445,8.57465,6.420354,10.752512,8.57465,9.646461,5.350263
8.519632,4.287405,3.215594,12.738869,5.359216,9.594834,7.490445,6.476033,9.605241,9.6154,10.893338,6.454941
