========================================================

Test10 results 04-26-2005  12:44:30
Board ID317  30 channels
HV Tests Software Ver.1.6

+5V 2489 - O'k
-5V 1267 - O'k
Interlock - On

Voltmeter channel: A=1.082837, B=3.248686

A:
Limits 1.1 +/- 0.1
1.067806,1.074691,1.070664,1.078749,1.078749,1.072386,1.072386,1.075269,1.075269,1.074691
1.074114,1.081666,1.084599,1.069519,1.073537,1.068376,1.074691,1.074691,1.073537,1.078749
1.074114,1.081666,1.079331,1.086366,1.088732,1.079331,1.077586,1.074114,1.077586,1.072961


B:
Limits 0.0 +/- 30.0
10.6781,11.821486,7.494653,6.472301,8.629799,6.434438,11.796368,15.053588,9.677243,7.522722
7.518835,8.653366,4.338535,9.625785,10.735209,18.162409,7.522722,7.522722,9.661671,12.944794
18.259974,5.408369,6.476033,4.345641,2.177394,6.476033,8.620811,7.518835,5.388053,15.021619
========================================================
Test10 (ADC Calibration) results 2008-02-20 15:13:05
Board ID317 30 channels
Linux calibration software

Voltmeter channel: A=1.07578, B=-1470.87

A:
1.06815,1.07542,1.06986,1.0777,1.07794,1.07279,1.0732,1.07562,1.07523,1.07518
1.07309,1.08131,1.08424,1.06811,1.07229,1.07027,1.07505,1.0736,1.0742,1.07945
1.07491,1.08087,1.07915,1.08558,1.08775,1.078,1.07669,1.0742,1.07578,1.07286


B:
6.18015,6.1946,3.13336,3.16647,6.02629,1.93626,5.82237,8.78653,5.3091,1.90159
5.4433,5.08181,1.02259,8.15606,7.63442,9.47905,1.63527,4.90843,3.38877,5.77459
12.2377,3.85473,2.80207,2.30857,-0.0860578,3.98123,5.37341,2.44032,4.40517,9.67294


