========================================================

Test11 results 01-17-2005  13:50:51
Board ID279  30 channels
HV Tests Software Ver.1.6

+5V 2544 - O'k
-5V 1294 - O'k
Interlock - On
Calibration DAC Range: [2500 - 2900]


A:
Limits 0.76 +/- 0.04
0.756144,0.75188,0.753296,0.750469,0.749064,0.75188,0.746269,0.757576,0.753296,0.753296
0.756144,0.75188,0.746269,0.749064,0.750469,0.75188,0.754717,0.750469,0.750469,0.754717
0.750469,0.75188,0.754717,0.754717,0.749064,0.746269,0.756144,0.750469,0.753296,0.746269


B:
Limits 70.0 +/- 30.0
56.382648,65.74398,60.499458,68.117393,60.338394,52.731098,64.743095,55.853485,57.268158,65.67469
58.806332,63.234837,61.521172,68.861557,71.34005,75.631485,61.844555,54.034008,72.483345,61.13406
61.847973,58.847645,60.326828,64.241005,67.250595,68.687424,52.722294,68.648552,61.307377,70.297478
========================================================
Test11 (DAC Calibration) results 2007-09-05 15:39:04
Board ID279 30 channels
Linux calibration software
Calibration DAC Range: [1100 - 2700]

A:
0.754006,0.751738,0.751809,0.750821,0.747803,0.748223,0.745712,0.754432,0.750821,0.753864
0.751315,0.752021,0.746269,0.750469,0.75054,0.753864,0.754361,0.748713,0.751527,0.753154
0.749485,0.749766,0.753225,0.754077,0.751315,0.747594,0.752304,0.75643,0.751597,0.747314


B:
66.2582,68.6149,69.8713,69.8732,68.7793,68.6493,67.9345,69.5964,69.1224,67.9608
68.4448,66.4224,64.1792,68.1051,73.562,71.2777,66.5252,63.781,72.6632,69.9867
67.8097,72.0712,68.2326,67.9705,66.6418,67.5731,67.0868,60.8169,69.4101,69.7524


========================================================
Test11 (ADC Calibration) results 2008-06-17 18:39:44
Board ID279 30 channels
Linux calibration software

Calibration DAC Range: [1000 - 3500]

A:
0.7424,0.7404,0.7404,0.7392,0.7596,0.7372,0.7344,0.7436,0.74,0.742
0.7396,0.7404,0.7348,0.7388,0.7388,0.7424,0.7424,0.7376,0.7396,0.7416
0.7384,0.7384,0.742,0.7488,0.7444,0.738,0.774,0.748,0.7396,0.7356


B:
67.6,68.5999,69.5999,69.8,57.4001,67.7999,68.6001,68.4,68,69.0001
69.4,66.5999,64.2001,69.2,74.2,71.6,67.6,63.3999,73.4,70.4001
67.6001,69.6001,69.0001,63.2001,62.5999,66.0001,42,60.9999,70.4,70.4


