========================================================

Test11 results 10-17-2005  17:11:10
Board ID102  36 channels
HV Tests Software Ver.1.6

+5V 2495 - O'k
-5V 1333 - O'k
Interlock - On
Calibration DAC Range: [2500 - 2900]


A:
Limits 0.76 +/- 0.04
0.744879,0.749064,0.742115,0.75188,0.743494,0.747664,0.742115,0.743494,0.743494,0.744879,0.743494,0.75188
0.744879,0.746269,0.747664,0.744879,0.742115,0.743494,0.744879,0.747664,0.750469,0.747664,0.744879,0.742115
0.747664,0.744879,0.744879,0.744879,0.744879,0.744879,0.744879,0.746269,0.747664,0.747664,0.746269,0.744879


B:
Limits 60.0 +/- 40.0
50.968052,58.613316,58.095894,51.278187,56.544136,58.557587,54.759094,69.201874,63.750912,53.584221,63.528736,50.560448
55.26038,57.529655,62.240593,73.853439,58.828224,61.929752,58.098778,62.158817,60.538868,55.5056,65.865448,63.63168
56.072189,59.773846,62.099228,59.773846,52.782421,57.298794,59.698921,49.807888,59.199013,64.642029,54.271835,62.175243
========================================================
Test11 (DAC Calibration) results 2008-06-05 10:54:26
Board ID102 36 channels
Linux calibration software
Calibration DAC Range: [1100 - 2700]

A:
0.744948,0.748013,0.741702,0.751527,0.744186,0.747035,0.743771,0.744948,0.744325,0.744671,0.745643,0.751456
0.744532,0.747035,0.748363,0.747105,0.743356,0.744671,0.745712,0.749134,0.749906,0.74613,0.747035,0.742804
0.747175,0.744879,0.746408,0.74481,0.744186,0.746617,0.745295,0.744255,0.748783,0.748713,0.747384,0.745921


B:
52.7515,67.742,61.1721,56.1297,58.8837,65.9539,52.1754,73.163,65.9844,58.0564,61.3197,55.6265
61.3774,60.7246,64.2657,69.7423,58.2604,60.7373,57.1963,60.9513,63.6295,65.4167,60.874,65.2738
60.5307,63.8734,59.8061,61.1395,59.6279,54.7363,61.0584,60.1266,59.94,65.2785,52.7654,63.9162


