========================================================

Test10 results 07-26-2006  16:56:21
Board ID147  36 channels
HV Tests Software Ver.1.6.1

+5V 2492 - O'k
-5V 1305 - O'k
Interlock - On

Voltmeter channel: A=1.059322, B=25.423859

A:
Limits 1.1 +/- 0.1
1.086957,1.078167,1.085776,1.06553,1.084011,1.078167,1.078749,1.077586,1.087548,1.053741,1.091703,1.061008
1.078167,1.085187,1.085187,1.082251,1.084011,1.089325,1.078749,1.079914,1.086366,1.083424,1.085187,1.088139
1.079914,1.082251,1.067806,1.082837,1.082837,1.09529,1.077006,1.081081,1.077006,1.086366,1.097695,1.094092


B:
Limits 0.0 +/- 30.0
7.608772,8.625466,11.943543,12.786509,4.336046,8.625466,9.708548,6.465639,10.875621,15.806263,3.275107,13.793032
8.625466,10.851865,13.02224,10.822549,10.840111,9.804014,11.866045,8.639275,7.604739,10.834251,8.68149,6.528785
7.559361,21.64506,7.474683,6.497197,8.662871,7.666845,8.615829,17.297476,-3.231236,7.604739,8.781439,7.658685
========================================================
Test10 (ADC Calibration) results 2008-03-14 06:23:51
Board ID147 36 channels
Linux calibration software

Voltmeter channel: A=1.05796, B=24.076

A:
1.08517,1.07658,1.08471,1.06388,1.07775,1.07541,1.07692,1.07411,1.08346,1.0668,1.08794,1.06237
1.07823,1.08446,1.08501,1.08336,1.06965,1.08748,1.07893,1.07692,1.0837,1.08205,1.08406,1.08607
1.07757,1.08044,1.0674,1.08249,1.08205,1.09251,1.0724,1.08191,1.07139,1.08441,1.09747,1.08829


B:
0.41037,2.35671,5.65817,5.54878,4.61324,5.84617,2.9229,4.36472,8.84014,2.82893,2.05263,6.34813
2.41298,2.22324,5.44218,3.83441,20.5378,4.46156,4.5956,5.99982,1.46119,5.34873,5.53647,1.1703
2.71651,11.3555,-0.00792694,3.65391,3.02053,2.42134,7.49237,6.81109,5.90298,4.38166,6.30785,7.83591


========================================================
Test10 (ADC Calibration) results 2008-03-14 06:40:13
Board ID147 36 channels
Linux calibration software

Voltmeter channel: A=1.05796, B=18.7862

A:
1.08517,1.07638,1.08115,1.06335,1.07363,1.07531,1.07672,1.07421,1.08346,1.06596,1.08794,1.06083
1.07779,1.08501,1.08316,1.0836,1.06422,1.08748,1.07893,1.07722,1.08425,1.08131,1.08406,1.08597
1.07777,1.07592,1.06677,1.08199,1.08225,1.09186,1.0722,1.07883,1.07139,1.08291,1.09651,1.08778


B:
0.41037,1.53664,10.8952,7.29413,9.63535,5.97423,3.17941,4.23631,8.84014,4.09735,2.05263,8.31404
2.97471,1.52719,8.69136,3.72411,23.4464,4.46156,4.5956,5.0157,-0.321121,5.89698,5.53647,1.29846
2.45866,15.9291,2.07181,4.29641,2.36372,3.24674,8.14878,9.64491,5.90298,7.36678,8.62102,7.47675


========================================================
Test10 (ADC Calibration) results 2008-03-18 06:51:33
Board ID147 36 channels
Linux calibration software

Voltmeter channel: A=1.05655, B=22.5275

A:
1.08581,1.07753,1.07193,1.06335,1.07574,1.07616,1.07692,1.07475,1.08346,1.0665,1.08849,1.06237
1.07823,1.08446,1.08465,1.0837,1.06861,1.08803,1.07839,1.07702,1.0836,1.08185,1.08396,1.08652
1.07736,1.07445,1.06667,1.08209,1.08225,1.09231,1.07354,1.06828,1.07183,1.08386,1.09793,1.08698


B:
-0.214142,0.476238,12.0714,7.29413,8.16069,4.90009,2.9229,2.47144,8.84014,4.01378,1.35648,6.34813
2.41298,3.30771,5.70188,3.796,10.1889,3.76401,6.36398,5.67191,1.78999,6.00474,5.86458,-0.484934
3.37411,15.006,2.19987,4.16786,2.96381,3.07694,5.6345,11.2851,5.14375,6.16085,5.73146,9.10239


