========================================================

Test15 results 08-19-2005  13:27:09
Board ID036  8 channels
HV Tests Software Ver.1.6


A:
Limits 1.45 +/- 2.0
1.433692,1.441961,1.436782,1.440922,1.429593,1.426534,1.429593,1.43575


B:
Limits 0.0 +/- 160.0
-4.30103,-4.325836,5.747027,7.204747,14.295805,2.852909,15.725397,14.357648
========================================================
Test15 (Master ADC Calibration) results 2008-04-03 16:10:37
Board ID36 7 channels
Linux calibration software


A:
1.44613,1.45666,1.43678,1.43472,1.44404,1.44404,1.44613,1.45138

B:
-6.21834,-6.26357,5.45968,8.03431,13.7185,-0.72191,14.0275,14.804

========================================================
Test15 (Master ADC Calibration) results 2008-07-04 04:34:47
Board ID36 7 channels
Linux calibration software


A:
1.43453,1.44813,1.42783,1.42635,1.43603,1.43528,1.43828,1.44357

B:
14.4758,-0.658274,10.5139,11.5404,17.7545,3.91431,20.5282,18.3727

========================================================
Test15 (Master ADC Calibration) results 2008-07-04 05:19:19
Board ID36 7 channels
Linux calibration software


A:
1.43453,1.44889,1.40737,1.42709,1.43603,1.43453,1.43904,1.44433

B:
14.4758,-2.63429,17.6561,11.0275,17.7545,5.86856,18.5765,17.8572

========================================================
Test15 (Master ADC Calibration) results 2008-07-04 05:40:39
Board ID36 7 channels
Linux calibration software


A:
1.43979,1.45272,1.44509,1.4308,1.4413,1.44054,1.44281,1.44813

B:
10.8638,-3.82983,5.78031,9.88547,14.1509,0.261772,17.4448,16.7193

