========================================================

Test16 results 08-19-2005  13:28:56
Board ID036  8 channels
HV Tests Software Ver.1.6
Calibration DAC Range: [1000 - 2300]


A:
Limits 0.57 +/- 0.1
0.565709,0.563502,0.563258,0.563014,0.565956,0.567934,0.566449,0.564236


B:
Limits 50.0 +/- 60.0
46.902393,45.990517,50.204163,47.942924,49.942039,46.899597,52.829956,47.108963
========================================================
Test16 (Master DAC Calibration) results 2008-04-03 16:10:37
Board ID36 7 channels
Linux calibration software
Calibration DAC Range: [1000 - 2300]

A:
0.565377,0.56306,0.563598,0.564056,0.565626,0.563713,0.560303,0.563333

B:
38.4086,47.1862,60.0224,60.2837,37.5784,43.9262,58.7071,46.0126

========================================================
Test16 (Master DAC Calibration) results 2008-07-04 04:34:47
Board ID36 7 channels
Linux calibration software
Calibration DAC Range: [1000 - 2200]

A:
0.563685,0.558017,0.567173,0.567226,0.563325,0.562709,0.562822,0.560157

B:
43.4845,57.4985,56.7444,58.3405,44.6567,49.7829,55.9044,54.6139

========================================================
Test16 (Master DAC Calibration) results 2008-07-04 05:19:19
Board ID36 7 channels
Linux calibration software
Calibration DAC Range: [1000 - 2200]

A:
0.563913,0.557422,0.574488,0.566931,0.563249,0.563306,0.562073,0.560014

B:
43.4212,59.592,59.0927,58.6347,45.1091,47.6838,58.2565,54.6531

========================================================
Test16 (Master DAC Calibration) results 2008-07-04 05:40:39
Board ID36 7 channels
Linux calibration software
Calibration DAC Range: [1000 - 2200]

A:
0.562082,0.556179,0.560097,0.565232,0.561342,0.560728,0.561207,0.558618

B:
44.9323,59.7116,48.4826,60.1626,46.9109,51.8727,57.5783,55.6731

