========================================================

Test10 results 01-18-2005  15:38:39
Board ID283  30 channels
HV Tests Software Ver.1.6

+5V 2507 - O'k
-5V 1320 - O'k
Interlock - On

Voltmeter channel: A=1.079914, B=5.399534

A:
Limits 1.1 +/- 0.1
1.071237,1.079331,1.074691,1.077586,1.074114,1.067806,1.074114,1.070091,1.075269,1.078167
1.078167,1.082251,1.074114,1.072961,1.077006,1.071237,1.085776,1.068376,1.079331,1.081081
1.091107,1.071237,1.081666,1.075847,1.090513,1.072386,1.068376,1.084599,1.079914,1.077586


B:
Limits 0.0 +/- 30.0
3.213538,7.555364,8.597414,3.232881,5.370607,9.610294,8.592949,-0.000192,12.903049,9.703633
0.00013,-2.164464,6.444721,8.583851,6.461817,10.712199,4.343109,5.341896,6.476033,6.486665
6.546595,5.356012,7.571701,2.151552,14.176761,13.94114,10.683776,7.592331,12.958929,9.698398
========================================================
Test10 (ADC Calibration) results 2008-08-26 09:05:49
Board ID283 30 channels
Linux calibration (server mode)

Voltmeter channel: A=1.08334, B=0

A:
1.07372,1.08327,1.07913,1.0807,1.07757,1.0727,1.07883,1.07201,1.05867,1.08362
1.08015,1.08352,1.07793,1.07797,1.08105,1.07808,1.08951,1.07234,1.08352,1.0851
1.09538,1.06594,1.08596,1.07458,1.09678,1.07877,1.07403,1.08883,1.08542,1.08716


B:
0,0,0,0,0,0,0,0,0,0
0,0,0,0,0,0,0,0,0,0
0,0,0,0,0,0,0,0,0,0


========================================================
Test10 (ADC Calibration) results 2008-08-26 13:28:07
Board ID283 30 channels
Linux calibration (server mode)

Voltmeter channel: A=1.08336, B=0

A:
1.07373,1.08322,1.07916,1.08078,1.07754,1.07262,1.07882,1.07196,1.05939,1.08354
1.08018,1.08361,1.07795,1.07797,1.08101,1.07818,1.08949,1.07237,1.08356,1.0852
1.09541,1.0675,1.08594,1.07486,1.09682,1.07872,1.07403,1.08882,1.08551,1.08718


B:
0,0,0,0,0,0,0,0,0,0
0,0,0,0,0,0,0,0,0,0
0,0,0,0,0,0,0,0,0,0


========================================================
Test10 (ADC Calibration) results 2008-08-26 13:40:37
Board ID283 30 channels
Linux calibration (server mode)

Voltmeter channel: A=1.08334, B=0

A:
1.0737,1.08319,1.07915,1.0807,1.07754,1.07273,1.0788,1.07198,1.06011,1.08354
1.0802,1.08356,1.07795,1.07798,1.08098,1.07817,1.08951,1.07229,1.08359,1.08515
1.09531,1.06694,1.08591,1.07494,1.09678,1.0788,1.07398,1.08885,1.08537,1.08716


B:
0,0,0,0,0,0,0,0,0,0
0,0,0,0,0,0,0,0,0,0
0,0,0,0,0,0,0,0,0,0


========================================================
Test10 (ADC Calibration) results 2008-08-26 14:00:57
Board ID283 30 channels
Linux calibration (server mode)

Voltmeter channel: A=1.08331, B=0

A:
1.07369,1.08324,1.07918,1.08051,1.07757,1.07265,1.07885,1.07202,1.0595,1.08347
1.08025,1.08356,1.07793,1.07812,1.08103,1.07815,1.08948,1.07227,1.08354,1.08519
1.09536,1.06646,1.08593,1.07484,1.0968,1.07887,1.07398,1.08888,1.08552,1.08713


B:
0,0,0,0,0,0,0,0,0,0
0,0,0,0,0,0,0,0,0,0
0,0,0,0,0,0,0,0,0,0


========================================================
Test10 (ADC Calibration) results 2008-08-26 14:19:33
Board ID283 30 channels
Linux calibration (server mode)

Voltmeter channel: A=1.08342, B=0

A:
1.0737,1.08334,1.07911,1.08051,1.07759,1.0727,1.0788,1.07202,1.05887,1.08354
1.08023,1.08357,1.07798,1.07805,1.08108,1.07818,1.08955,1.07234,1.08351,1.08522
1.09529,1.06579,1.08591,1.07489,1.09683,1.07885,1.07397,1.08895,1.08549,1.08718


B:
0,0,0,0,0,0,0,0,0,0
0,0,0,0,0,0,0,0,0,0
0,0,0,0,0,0,0,0,0,0


========================================================
Test10 (ADC Calibration) results 2008-08-26 14:33:31
Board ID283 30 channels
Linux calibration (server mode)

Voltmeter channel: A=1.08339, B=0

A:
1.07365,1.08334,1.07905,1.08053,1.07757,1.07271,1.07887,1.07206,1.05735,1.08354
1.0802,1.08354,1.07792,1.07795,1.08103,1.0781,1.08949,1.07234,1.08357,1.08525
1.09538,1.06461,1.08589,1.07402,1.09675,1.07885,1.07397,1.08887,1.08542,1.08713


B:
0,0,0,0,0,0,0,0,0,0
0,0,0,0,0,0,0,0,0,0
0,0,0,0,0,0,0,0,0,0


========================================================
Test10 (ADC Calibration) results 2008-08-26 16:51:33
Board ID283 30 channels
Linux calibration (server mode)

Voltmeter channel: A=1.09564, B=0

A:
1.08587,1.09559,1.09141,1.09337,1.08982,1.08489,1.09109,1.08421,1.07067,1.09582
1.09251,1.09582,1.09022,1.09019,1.09335,1.09044,1.10193,1.08453,1.09596,1.09759
1.10779,1.07853,1.09836,1.08692,1.10934,1.09108,1.08626,1.10119,1.09788,1.09953


B:
0,0,0,0,0,0,0,0,0,0
0,0,0,0,0,0,0,0,0,0
0,0,0,0,0,0,0,0,0,0


========================================================
Test10 (ADC Calibration) results 2008-08-27 11:54:38
Board ID283 30 channels
Linux calibration (server mode)

Voltmeter channel: A=1.0957, B=0

A:
1.08597,1.09564,1.09148,1.0928,1.08987,1.08492,1.09118,1.08424,1.07352,1.09594
1.09251,1.09586,1.09024,1.0902,1.09328,1.09052,1.10191,1.08448,1.09589,1.09762
1.10781,1.08225,1.09832,1.08749,1.10939,1.09113,1.08629,1.10126,1.0979,1.09962


B:
0,0,0,0,0,0,0,0,0,0
0,0,0,0,0,0,0,0,0,0
0,0,0,0,0,0,0,0,0,0


========================================================
Test10 (ADC Calibration) results 2008-08-27 12:04:52
Board ID283 30 channels
Linux calibration (server mode)

Voltmeter channel: A=1.09567, B=0

A:
1.08596,1.09569,1.09141,1.09276,1.0898,1.08487,1.09111,1.08424,1.07237,1.09596
1.09253,1.09584,1.09022,1.0903,1.0934,1.09046,1.10193,1.08459,1.09591,1.09757
1.10786,1.08095,1.09827,1.08769,1.10935,1.09104,1.08629,1.10128,1.09786,1.09957


B:
0,0,0,0,0,0,0,0,0,0
0,0,0,0,0,0,0,0,0,0
0,0,0,0,0,0,0,0,0,0


========================================================
Test10 (ADC Calibration) results 2008-08-27 12:16:04
Board ID283 30 channels
Linux calibration (server mode)

Voltmeter channel: A=1.09567, B=0

A:
1.08594,1.09565,1.09145,1.09281,1.08982,1.08489,1.09116,1.08424,1.07221,1.09587
1.09259,1.09592,1.09027,1.09024,1.09335,1.09049,1.10191,1.08454,1.09596,1.09756
1.10784,1.08083,1.09837,1.08769,1.10935,1.09108,1.08632,1.10131,1.09783,1.09958


B:
0,0,0,0,0,0,0,0,0,0
0,0,0,0,0,0,0,0,0,0
0,0,0,0,0,0,0,0,0,0


========================================================
Test10 (ADC Calibration) results 2008-08-27 12:34:19
Board ID283 30 channels
Linux calibration (server mode)

Voltmeter channel: A=1.09572, B=0

A:
1.08597,1.0956,1.09141,1.09271,1.08988,1.08494,1.09108,1.08426,1.0714,1.09596
1.09254,1.09582,1.09022,1.09027,1.09325,1.09046,1.10189,1.08461,1.09584,1.09752
1.10783,1.07968,1.09834,1.08754,1.10921,1.09103,1.08622,1.10128,1.09776,1.09952


B:
0,0,0,0,0,0,0,0,0,0
0,0,0,0,0,0,0,0,0,0
0,0,0,0,0,0,0,0,0,0


========================================================
Test10 (ADC Calibration) results 2008-08-27 14:12:33
Board ID283 30 channels
Linux calibration software

Voltmeter channel: A=1.07, B=0

A:
1.08584,1.09476,1.08967,1.09231,1.08911,1.0837,1.08995,1.08463,1.06455,1.0942
1.09344,1.09761,1.08967,1.08883,1.09278,1.08911,1.10105,1.08435,1.09495,1.096
1.10722,1.0776,1.09685,1.08686,1.10625,1.08789,1.08463,1.10057,1.09505,1.09828


B:
1.04047,2.81715,5.54067,1.36455,2.35638,4.11233,3.97277,-1.3057,24.0175,5.30909
-3.18112,-5.293,2.05377,4.35904,2.23994,3.88103,2.75664,0.689026,2.86143,5.18984
1.9861,8.25862,4.62533,1.82539,9.72615,10.228,5.6358,2.31422,8.90673,3.97469


========================================================
Test10 (ADC Calibration) results 2008-08-27 14:50:45
Board ID283 30 channels
Linux calibration (server mode)

Voltmeter channel: A=1.0957, B=0

A:
1.08596,1.09565,1.09138,1.09288,1.08988,1.08494,1.09113,1.08428,1.07112,1.09589
1.09251,1.09599,1.09032,1.09029,1.09334,1.09047,1.10201,1.08449,1.09592,1.09762
1.10777,1.07746,1.09832,1.08682,1.1093,1.09106,1.08634,1.10126,1.09788,1.09958


B:
0,0,0,0,0,0,0,0,0,0
0,0,0,0,0,0,0,0,0,0
0,0,0,0,0,0,0,0,0,0


========================================================
Test10 (ADC Calibration) results 2008-08-27 16:01:37
Board ID283 30 channels
Linux calibration (server mode)

Voltmeter channel: A=1.09577, B=0

A:
1.08599,1.09565,1.09143,1.0933,1.08992,1.08504,1.09118,1.08434,1.06916,1.09594
1.09256,1.09601,1.0903,1.09034,1.09339,1.09041,1.102,1.08458,1.09591,1.09764
1.10796,1.07424,1.09839,1.08567,1.10925,1.09116,1.08631,1.10133,1.09781,1.09945


B:
0,0,0,0,0,0,0,0,0,0
0,0,0,0,0,0,0,0,0,0
0,0,0,0,0,0,0,0,0,0


========================================================
Test10 (ADC Calibration) results 2008-08-27 16:14:58
Board ID283 30 channels
Linux calibration (server mode)

Voltmeter channel: A=1.09582, B=0

A:
1.08604,1.0957,1.09148,1.09298,1.09004,1.08502,1.0913,1.08434,1.06881,1.09606
1.09259,1.09599,1.09027,1.09029,1.09342,1.09041,1.10198,1.08458,1.09592,1.09764
1.10798,1.0745,1.09837,1.08564,1.1092,1.09114,1.08627,1.1014,1.09771,1.09943


B:
0,0,0,0,0,0,0,0,0,0
0,0,0,0,0,0,0,0,0,0
0,0,0,0,0,0,0,0,0,0


========================================================
Test10 (ADC Calibration) results 2008-08-27 16:29:00
Board ID283 30 channels
Linux calibration (server mode)

Voltmeter channel: A=1.09569, B=0

A:
1.08606,1.09574,1.09146,1.093,1.08988,1.08497,1.09128,1.08434,1.06899,1.09599
1.09261,1.09596,1.0903,1.09035,1.09342,1.09051,1.10201,1.08464,1.09596,1.09762
1.108,1.07571,1.09836,1.08646,1.10927,1.09118,1.08636,1.1014,1.09783,1.09955


B:
0,0,0,0,0,0,0,0,0,0
0,0,0,0,0,0,0,0,0,0
0,0,0,0,0,0,0,0,0,0


========================================================
Test10 (ADC Calibration) results 2008-08-27 16:39:26
Board ID283 30 channels
Linux calibration (server mode)

Voltmeter channel: A=1.09575, B=0

A:
1.08602,1.09574,1.09145,1.09295,1.08995,1.08497,1.09123,1.08436,1.06879,1.09603
1.09253,1.09604,1.09039,1.09032,1.0934,1.09049,1.10198,1.08463,1.09592,1.09764
1.10795,1.0748,1.09836,1.08617,1.1093,1.09125,1.08637,1.10143,1.09783,1.0995


B:
0,0,0,0,0,0,0,0,0,0
0,0,0,0,0,0,0,0,0,0
0,0,0,0,0,0,0,0,0,0


========================================================
Test10 (ADC Calibration) results 2008-08-27 17:00:59
Board ID283 30 channels
Linux calibration (server mode)

Voltmeter channel: A=1.09582, B=0

A:
1.08602,1.0957,1.09153,1.09295,1.08982,1.08507,1.09126,1.08434,1.0686,1.09596
1.09259,1.09606,1.0903,1.09029,1.0934,1.09046,1.10207,1.08466,1.09592,1.09761
1.10788,1.07444,1.09842,1.08579,1.10925,1.09114,1.08637,1.10136,1.09778,1.09946


B:
0,0,0,0,0,0,0,0,0,0
0,0,0,0,0,0,0,0,0,0
0,0,0,0,0,0,0,0,0,0


========================================================
Test10 (ADC Calibration) results 2008-08-28 14:19:37
Board ID283 30 channels
Linux calibration (server mode)

Voltmeter channel: A=1.09572, B=0

A:
1.08594,1.09565,1.09146,1.09328,1.0899,1.08491,1.09121,1.08423,1.06945,1.09591
1.09259,1.09589,1.09024,1.09034,1.09342,1.09051,1.10196,1.08456,1.09598,1.09766
1.10784,1.07636,1.09837,1.08647,1.10932,1.09113,1.08631,1.10128,1.09795,1.09958


B:
0,0,0,0,0,0,0,0,0,0
0,0,0,0,0,0,0,0,0,0
0,0,0,0,0,0,0,0,0,0


========================================================
Test10 (ADC Calibration) results 2008-09-01 16:33:34
Board ID283 30 channels
Linux calibration (server mode)

Voltmeter channel: A=1.09579, B=0

A:
1.08604,1.09572,1.09146,1.09335,1.08997,1.08497,1.09126,1.08433,1.07333,1.09603
1.09261,1.09598,1.09032,1.09035,1.09335,1.09061,1.10212,1.08463,1.09596,1.09766
1.10793,1.08039,1.09847,1.08793,1.10942,1.09121,1.08639,1.10141,1.09791,1.0996


B:
0,0,0,0,0,0,0,0,0,0
0,0,0,0,0,0,0,0,0,0
0,0,0,0,0,0,0,0,0,0


========================================================
Test10 (ADC Calibration) results 2009-01-22 09:23:02
Board ID283 30 channels
Host: ufcmshv3
Linux calibration software

Voltmeter channel: A=1.06287, B=3.23775

A:
1.05127,1.04695,1.04443,1.05485,1.0534,1.05187,1.0472,1.04284,1.04384,1.05812
1.0546,1.05803,1.05691,1.0472,1.06724,1.04284,1.04983,1.05502,1.06227,1.05494
1.05855,1.05906,1.06183,1.05751,1.0564,1.05751,1.0534,1.04839,1.05383,1.06732


B:
3.39632,7.90847,6.53972,2.95384,5.38065,4.30444,4.94615,-0.497152,8.14187,5.58333
-2.92027,-3.64615,4.1791,4.10834,3.84205,4.29959,2.87498,1.94778,4.23284,5.61584
3.69691,1.51543,5.70127,1.9195,16.4959,10.1683,5.16977,5.50006,8.13884,4.18731


========================================================
Test10 (ADC Calibration) results 2009-01-22 11:14:58
Board ID283 30 channels
Host: ufcmshv3
Linux calibration software

Voltmeter channel: A=1.06287, B=3.6632

A:
1.05135,1.0467,1.04468,1.05511,1.05348,1.05186,1.04712,1.04259,1.04376,1.05812
1.05408,1.05777,1.057,1.04704,1.06724,1.04292,1.05,1.05519,1.06253,1.05485
1.05906,1.05949,1.06174,1.05751,1.05622,1.05725,1.05306,1.04839,1.05348,1.07208


B:
3.31575,8.98527,6.0911,2.2892,5.51068,4.72549,4.81674,0.16035,8.63894,5.58333
-2.01071,-3.40106,3.46373,4.89691,4.05571,4.63689,2.924,1.57456,3.5636,6.11839
3.21003,0.684542,6.20733,1.9195,16.656,10.833,6.33448,5.29043,8.67114,8.97265


