========================================================

Test11 results 01-18-2005  15:41:19
Board ID283  30 channels
HV Tests Software Ver.1.6

+5V 2507 - O'k
-5V 1321 - O'k
Interlock - On
Calibration DAC Range: [2500 - 2900]


A:
Limits 0.76 +/- 0.04
0.753296,0.750469,0.75188,0.749064,0.753296,0.756144,0.75188,0.756144,0.749064,0.750469
0.749064,0.747664,0.753296,0.754717,0.750469,0.753296,0.744879,0.756144,0.747664,0.749064
0.740741,0.754717,0.746269,0.754717,0.739372,0.753296,0.756144,0.746269,0.749064,0.750469


B:
Limits 70.0 +/- 30.0
71.511993,60.212185,65.308563,76.482033,60.779369,66.178734,71.769478,64.663307,76.916,60.846859
74.867599,71.090256,64.015816,55.951279,66.332466,66.058144,65.09729,69.308167,66.706131,60.761387
66.424248,68.800079,68.296074,71.233009,72.468864,64.53849,63.753941,66.201561,59.142563,59.862968
========================================================
Test11 (DAC Calibration) results 2008-08-26 09:06:57
Board ID283 30 channels
Linux calibration (server mode)

Calibration DAC Range: [3100 - 3500]

A:
0.772286,0.765714,0.768571,0.769143,0.769143,0.773429,0.770286,0.773143,0.785429,0.765714
0.768,0.766,0.77,0.769143,0.767429,0.769429,0.761143,0.774,0.764857,0.764857
0.757714,0.779429,0.764571,0.776,0.758571,0.77,0.772857,0.763429,0.764857,0.762857


B:
0.0,0.0,0.0,0.0,0.0,0.0,0.0,0.0,0.0,0.0
0.0,0.0,0.0,0.0,0.0,0.0,0.0,0.0,0.0,0.0
0.0,0.0,0.0,0.0,0.0,0.0,0.0,0.0,0.0,0.0


========================================================
Test11 (DAC Calibration) results 2008-08-26 13:28:48
Board ID283 30 channels
Linux calibration (server mode)

Calibration DAC Range: [3100 - 3500]

A:
0.772286,0.766,0.768286,0.769143,0.769143,0.773429,0.770286,0.773143,0.784571,0.765429
0.768,0.766,0.77,0.769143,0.767429,0.769429,0.761714,0.774,0.764571,0.764571
0.758286,0.778571,0.764286,0.776,0.758286,0.77,0.772571,0.763429,0.764571,0.762571


B:
0.0,0.0,0.0,0.0,0.0,0.0,0.0,0.0,0.0,0.0
0.0,0.0,0.0,0.0,0.0,0.0,0.0,0.0,0.0,0.0
0.0,0.0,0.0,0.0,0.0,0.0,0.0,0.0,0.0,0.0


========================================================
Test11 (DAC Calibration) results 2008-08-26 13:41:17
Board ID283 30 channels
Linux calibration (server mode)

Calibration DAC Range: [3100 - 3500]

A:
0.772286,0.766,0.768286,0.769143,0.769143,0.773429,0.770286,0.773143,0.784286,0.765429
0.768,0.766,0.77,0.769143,0.767429,0.769429,0.761429,0.774,0.764857,0.764857
0.758286,0.778286,0.764286,0.776,0.758286,0.77,0.772286,0.763429,0.765143,0.762857


B:
0.0,0.0,0.0,0.0,0.0,0.0,0.0,0.0,0.0,0.0
0.0,0.0,0.0,0.0,0.0,0.0,0.0,0.0,0.0,0.0
0.0,0.0,0.0,0.0,0.0,0.0,0.0,0.0,0.0,0.0


========================================================
Test11 (DAC Calibration) results 2008-08-26 14:01:36
Board ID283 30 channels
Linux calibration (server mode)

Calibration DAC Range: [3100 - 3500]

A:
0.772286,0.766,0.768286,0.769143,0.769143,0.773429,0.770286,0.773143,0.784286,0.765429
0.768,0.766,0.77,0.768286,0.767429,0.769429,0.761429,0.774,0.764571,0.764571
0.758286,0.778857,0.764286,0.776,0.758286,0.77,0.772286,0.763429,0.765143,0.762571


B:
0.0,0.0,0.0,0.0,0.0,0.0,0.0,0.0,0.0,0.0
0.0,0.0,0.0,0.0,0.0,0.0,0.0,0.0,0.0,0.0
0.0,0.0,0.0,0.0,0.0,0.0,0.0,0.0,0.0,0.0


========================================================
Test11 (DAC Calibration) results 2008-08-26 14:20:14
Board ID283 30 channels
Linux calibration (server mode)

Calibration DAC Range: [3100 - 3500]

A:
0.772286,0.766,0.768286,0.769143,0.769143,0.773429,0.770286,0.773143,0.785143,0.766
0.768,0.766,0.77,0.768857,0.767429,0.769429,0.761429,0.774,0.764857,0.764857
0.758286,0.779429,0.764286,0.776,0.758286,0.77,0.772286,0.763429,0.765143,0.762286


B:
0.0,0.0,0.0,0.0,0.0,0.0,0.0,0.0,0.0,0.0
0.0,0.0,0.0,0.0,0.0,0.0,0.0,0.0,0.0,0.0
0.0,0.0,0.0,0.0,0.0,0.0,0.0,0.0,0.0,0.0


========================================================
Test11 (DAC Calibration) results 2008-08-26 14:34:13
Board ID283 30 channels
Linux calibration (server mode)

Calibration DAC Range: [3100 - 3500]

A:
0.772286,0.766,0.768857,0.769143,0.769143,0.773429,0.770286,0.773143,0.786,0.766
0.768,0.766,0.77,0.768571,0.767429,0.769429,0.761429,0.774,0.764571,0.764571
0.758286,0.780286,0.764286,0.776857,0.758286,0.77,0.772286,0.763429,0.765143,0.762857


B:
0.0,0.0,0.0,0.0,0.0,0.0,0.0,0.0,0.0,0.0
0.0,0.0,0.0,0.0,0.0,0.0,0.0,0.0,0.0,0.0
0.0,0.0,0.0,0.0,0.0,0.0,0.0,0.0,0.0,0.0


========================================================
Test11 (DAC Calibration) results 2008-08-26 16:52:16
Board ID283 30 channels
Linux calibration (server mode)

Calibration DAC Range: [3100 - 3500]

A:
0.763714,0.757714,0.760857,0.760286,0.761143,0.765143,0.762286,0.764286,0.776571,0.758
0.760286,0.758,0.762,0.760857,0.758857,0.761143,0.753429,0.765429,0.756857,0.756571
0.749429,0.770571,0.756571,0.767429,0.75,0.762,0.764,0.755143,0.756286,0.754286


B:
0.0,0.0,0.0,0.0,0.0,0.0,0.0,0.0,0.0,0.0
0.0,0.0,0.0,0.0,0.0,0.0,0.0,0.0,0.0,0.0
0.0,0.0,0.0,0.0,0.0,0.0,0.0,0.0,0.0,0.0


========================================================
Test11 (DAC Calibration) results 2008-08-27 11:55:19
Board ID283 30 channels
Linux calibration (server mode)

Calibration DAC Range: [3100 - 3500]

A:
0.763429,0.757429,0.760571,0.761143,0.761143,0.765143,0.762286,0.764286,0.774857,0.758
0.760286,0.758,0.762,0.760571,0.759143,0.761143,0.753429,0.765429,0.756571,0.756286
0.749429,0.767714,0.756286,0.767429,0.75,0.762,0.764,0.755143,0.756286,0.754286


B:
0.0,0.0,0.0,0.0,0.0,0.0,0.0,0.0,0.0,0.0
0.0,0.0,0.0,0.0,0.0,0.0,0.0,0.0,0.0,0.0
0.0,0.0,0.0,0.0,0.0,0.0,0.0,0.0,0.0,0.0


========================================================
Test11 (DAC Calibration) results 2008-08-27 12:05:15
Board ID283 30 channels
Linux calibration (server mode)

Calibration DAC Range: [3100 - 3500]

A:
0.763429,0.757429,0.760857,0.761143,0.761143,0.765143,0.762286,0.764857,0.774571,0.758
0.760286,0.758,0.762,0.760857,0.759143,0.761143,0.753429,0.765429,0.756286,0.756286
0.749429,0.767429,0.756286,0.767429,0.75,0.762,0.764,0.755143,0.756286,0.754286


B:
0.0,0.0,0.0,0.0,0.0,0.0,0.0,0.0,0.0,0.0
0.0,0.0,0.0,0.0,0.0,0.0,0.0,0.0,0.0,0.0
0.0,0.0,0.0,0.0,0.0,0.0,0.0,0.0,0.0,0.0


========================================================
Test11 (DAC Calibration) results 2008-08-27 12:16:28
Board ID283 30 channels
Linux calibration (server mode)

Calibration DAC Range: [3100 - 3500]

A:
0.763429,0.758,0.760571,0.761143,0.761143,0.765143,0.762286,0.764571,0.775429,0.758
0.760286,0.758,0.762,0.760571,0.759143,0.761143,0.753429,0.765429,0.756286,0.756286
0.749429,0.768571,0.756286,0.767429,0.75,0.762,0.764,0.755143,0.756286,0.754286


B:
0.0,0.0,0.0,0.0,0.0,0.0,0.0,0.0,0.0,0.0
0.0,0.0,0.0,0.0,0.0,0.0,0.0,0.0,0.0,0.0
0.0,0.0,0.0,0.0,0.0,0.0,0.0,0.0,0.0,0.0


========================================================
Test11 (DAC Calibration) results 2008-08-27 12:34:54
Board ID283 30 channels
Linux calibration (server mode)

Calibration DAC Range: [3100 - 3500]

A:
0.763429,0.758,0.760857,0.761143,0.761143,0.765143,0.762286,0.764857,0.776286,0.758
0.760286,0.758,0.762,0.760857,0.759143,0.761143,0.753429,0.765429,0.756857,0.756286
0.749429,0.769429,0.756286,0.767429,0.75,0.762,0.764,0.755143,0.756857,0.754286


B:
0.0,0.0,0.0,0.0,0.0,0.0,0.0,0.0,0.0,0.0
0.0,0.0,0.0,0.0,0.0,0.0,0.0,0.0,0.0,0.0
0.0,0.0,0.0,0.0,0.0,0.0,0.0,0.0,0.0,0.0


========================================================
Test11 (DAC Calibration) results 2008-08-27 14:51:07
Board ID283 30 channels
Linux calibration (server mode)

Calibration DAC Range: [3100 - 3500]

A:
0.763429,0.758,0.760571,0.761143,0.761143,0.765143,0.762286,0.764571,0.776286,0.758
0.760286,0.758,0.762,0.760571,0.759143,0.761143,0.753429,0.765429,0.756571,0.756286
0.749429,0.771143,0.756286,0.767429,0.75,0.762,0.764,0.755143,0.756571,0.754286


B:
0.0,0.0,0.0,0.0,0.0,0.0,0.0,0.0,0.0,0.0
0.0,0.0,0.0,0.0,0.0,0.0,0.0,0.0,0.0,0.0
0.0,0.0,0.0,0.0,0.0,0.0,0.0,0.0,0.0,0.0


========================================================
Test11 (DAC Calibration) results 2008-08-27 16:02:02
Board ID283 30 channels
Linux calibration (server mode)

Calibration DAC Range: [3100 - 3500]

A:
0.763429,0.758,0.760857,0.760571,0.761143,0.765143,0.762286,0.764286,0.778,0.757429
0.760286,0.758,0.762,0.760857,0.759143,0.761143,0.753429,0.765429,0.756286,0.756286
0.749429,0.773429,0.756286,0.768286,0.75,0.762,0.764,0.755143,0.756286,0.754286


B:
0.0,0.0,0.0,0.0,0.0,0.0,0.0,0.0,0.0,0.0
0.0,0.0,0.0,0.0,0.0,0.0,0.0,0.0,0.0,0.0
0.0,0.0,0.0,0.0,0.0,0.0,0.0,0.0,0.0,0.0


========================================================
Test11 (DAC Calibration) results 2008-08-27 16:15:20
Board ID283 30 channels
Linux calibration (server mode)

Calibration DAC Range: [3100 - 3500]

A:
0.763429,0.758,0.760571,0.760857,0.760571,0.765143,0.762286,0.764286,0.778,0.757429
0.760286,0.758,0.762,0.760571,0.759143,0.761143,0.753429,0.765429,0.756857,0.756286
0.749429,0.773429,0.756286,0.768286,0.75,0.762,0.764,0.755143,0.756286,0.754286


B:
0.0,0.0,0.0,0.0,0.0,0.0,0.0,0.0,0.0,0.0
0.0,0.0,0.0,0.0,0.0,0.0,0.0,0.0,0.0,0.0
0.0,0.0,0.0,0.0,0.0,0.0,0.0,0.0,0.0,0.0


========================================================
Test11 (DAC Calibration) results 2008-08-27 16:29:29
Board ID283 30 channels
Linux calibration (server mode)

Calibration DAC Range: [3100 - 3500]

A:
0.7425,0.7375,0.7425,0.7375,0.74,0.745,0.7375,0.7475,0.7525,0.735
0.74,0.7375,0.7425,0.7375,0.7375,0.74,0.735,0.74,0.7325,0.735
0.725,0.75,0.74,0.745,0.7225,0.74,0.745,0.7325,0.735,0.7325


B:
73.2,71.7,64.2,80.7,73.0,70.5,86.7,60.7,89.3,78.5
71.0,71.7,68.2,79.7,75.7,74.0,64.5,89.0,84.2,74.5
85.5,80.0,57.0,79.5,96.2,77.0,66.5,79.2,74.5,76.2


========================================================
Test11 (DAC Calibration) results 2008-08-27 16:39:55
Board ID283 30 channels
Linux calibration (server mode)

Calibration DAC Range: [3100 - 3500]

A:
0.7425,0.7375,0.7375,0.7425,0.74,0.745,0.7375,0.7475,0.7525,0.735
0.74,0.7375,0.7425,0.7425,0.7325,0.74,0.735,0.74,0.7325,0.735
0.725,0.75,0.735,0.74,0.7225,0.74,0.74,0.7275,0.735,0.7325


B:
74.2,70.7,80.7,64.2,73.0,70.5,85.7,59.7,89.3,78.5
71.0,70.7,67.2,63.2,92.2,74.0,64.5,89.0,83.2,74.5
85.5,80.0,74.5,97.0,95.2,77.0,84.0,95.7,74.5,75.2


========================================================
Test11 (DAC Calibration) results 2008-08-27 17:01:29
Board ID283 30 channels
Linux calibration (server mode)

Calibration DAC Range: [3100 - 3500]

A:
0.7425,0.7375,0.7425,0.7375,0.74,0.745,0.7375,0.7475,0.7525,0.735
0.74,0.7375,0.7475,0.7425,0.7375,0.74,0.735,0.74,0.7375,0.735
0.725,0.75,0.735,0.74,0.7225,0.74,0.74,0.7275,0.735,0.7325


B:
73.2,69.7,64.2,80.7,73.0,70.5,84.7,58.7,89.3,78.5
71.0,69.7,50.7,62.2,75.7,74.0,64.5,89.0,66.7,74.5
85.5,83.0,74.5,97.0,96.2,77.0,84.0,94.7,74.5,76.2


========================================================
Test11 (DAC Calibration) results 2008-08-28 14:20:07
Board ID283 30 channels
Linux calibration (server mode)

Calibration DAC Range: [3100 - 3500]

A:
0.74,0.735,0.7375,0.7375,0.74,0.745,0.74,0.7475,0.7525,0.735
0.74,0.7325,0.7425,0.74,0.7325,0.74,0.735,0.74,0.7375,0.735
0.725,0.75,0.735,0.74,0.7225,0.74,0.74,0.7275,0.735,0.7325


B:
83.0,79.5,80.7,79.7,73.0,70.5,78.0,59.7,89.3,78.5
71.0,88.2,67.2,72.0,92.2,74.0,64.5,89.0,65.7,74.5
85.5,78.0,74.5,97.0,95.2,77.0,84.0,95.7,74.5,77.2


========================================================
Test11 (DAC Calibration) results 2008-09-01 16:34:02
Board ID283 30 channels
Linux calibration (server mode)

Calibration DAC Range: [3100 - 3500]

A:
0.74,0.735,0.7425,0.7375,0.74,0.745,0.74,0.74,0.755,0.735
0.74,0.7325,0.7425,0.74,0.7375,0.74,0.73,0.74,0.735,0.735
0.725,0.7475,0.735,0.745,0.725,0.74,0.74,0.7325,0.735,0.7325


B:
83.0,79.5,64.2,80.7,73.0,70.5,78.0,85.0,71.5,78.5
71.0,87.2,66.2,72.0,75.7,74.0,82.0,89.0,75.5,74.5
85.5,76.7,74.5,76.5,88.5,77.0,84.0,79.2,74.5,76.2


