========================================================

Test11 results 12-16-2005  16:39:35
Board ID125  36 channels
HV Tests Software Ver.1.6

+5V 2482 - O'k
-5V 1439 - O'k
Interlock - On
Calibration DAC Range: [2500 - 2900]


A:
Limits 0.76 +/- 0.04
0.759013,0.756144,0.756144,0.753296,0.736648,0.756144,0.756144,0.756144,0.756144,0.763359,0.760456,0.749064
0.756144,0.756144,0.757576,0.753296,0.756144,0.760456,0.764818,0.756144,0.754717,0.756144,0.756144,0.759013
0.754717,0.759013,0.756144,0.757576,0.753296,0.756144,0.757576,0.756144,0.756144,0.750469,0.756144,0.753296


B:
Limits 60.0 +/- 40.0
57.372723,67.720375,68.535225,69.75473,62.842564,59.870399,59.153393,69.141281,64.359451,50.181732,61.235146,69.751801
65.480743,62.117229,68.245285,62.097271,64.563065,61.235146,52.471973,67.720375,69.200653,66.399521,53.437454,68.578728
66.758141,62.269619,63.849384,59.804863,74.531799,63.747852,63.884415,66.905525,69.141281,67.427025,64.051155,64.446907
========================================================
Test11 (DAC Calibration) results 2007-10-24 15:56:45
Board ID125 36 channels
Linux calibration software
Calibration DAC Range: [1100 - 2700]

A:
0.755358,0.754361,0.754148,0.753509,0.733339,0.754006,0.750047,0.75365,0.754219,0.75815,0.757863,0.746617
0.753367,0.750469,0.756358,0.750892,0.751809,0.756287,0.760673,0.754361,0.753579,0.751174,0.753438,0.756644
0.753296,0.754006,0.752941,0.754717,0.749977,0.75365,0.755002,0.754646,0.755216,0.749836,0.75365,0.751738


B:
76.9428,80.1037,82.3531,75.5297,82.8582,74.4015,75.5859,80.3109,75.7707,73.7678,76.8851,78.7774
81.7496,79.3622,79.6729,76.6847,79.9454,78.8618,73.8518,79.3494,79.8041,83.6619,68.544,84.2808
79.2844,79.8303,78.4093,77.3585,81.5319,78.05,80.1434,78.2095,79.4017,77.2237,87.8474,77.6357


========================================================
Test11 (ADC Calibration) results 2008-06-17 18:39:44
Board ID125 36 channels
Linux calibration software

Calibration DAC Range: [1000 - 3500]

A:
0.7676,0.742,0.742,0.7416,0.7344,0.742,0.736,0.7408,0.7444,0.7452,0.7452,0.732
0.7408,0.7364,0.744,0.7384,0.7384,0.7432,0.7476,0.7416,0.7416,0.738,0.7408,0.744
0.74,0.7412,0.7408,0.7424,0.7408,0.7408,0.7424,0.742,0.7428,0.7376,0.7408,0.7388


B:
68.4,80.0001,82.0001,74.4001,72.6001,74.0001,76,80.1999,73.5999,73.8001,76.8001,81
83.1999,78.6,78.9999,77.6001,78.6001,78.8,74.3999,81.4001,78.4001,88.0001,70.1999,83.9999
82,80.8001,78.1999,77.6,75.1999,78.1999,80.6,80.0001,80.2,77.3999,79.1999,79.2


========================================================
Test11 (ADC Calibration) results 2008-07-16 22:38:23
Board ID125 36 channels
Linux calibration software

Calibration DAC Range: [1000 - 3500]

A:
0.7692,0.7412,0.7416,0.7412,0.7364,0.7416,0.7352,0.7404,0.7528,0.7444,0.7444,0.7332
0.7408,0.736,0.7432,0.7376,0.7384,0.7424,0.7472,0.7408,0.7404,0.7376,0.7404,0.7436
0.7396,0.74,0.7404,0.7416,0.736,0.7408,0.742,0.7416,0.7424,0.7364,0.7408,0.738


B:
72.7999,80.8001,82.4001,74.8001,74.6,74.4001,77.8,80.5999,67.2,74.5999,77.5999,78.7999
82.1999,79,78.8,77.3999,78.6001,79.6,75.8,81.1999,79.5999,86.3999,70.5999,84.4
82.4,82,77.5999,78.4001,80,77.1999,81.0001,80.4001,80.6,78.6,78.1999,80.0001


========================================================
Test11 (ADC Calibration) results 2008-07-20 18:58:34
Board ID125 36 channels
Linux calibration software

Calibration DAC Range: [1000 - 3500]

A:
0.7696,0.7412,0.7416,0.7408,0.738,0.7416,0.736,0.74,0.7572,0.7448,0.744,0.7352
0.7404,0.7368,0.7428,0.7376,0.7392,0.7424,0.7468,0.7408,0.7408,0.738,0.7412,0.7436
0.74,0.7408,0.7404,0.742,0.7412,0.74,0.742,0.7416,0.7424,0.7368,0.7404,0.7384


B:
72.4001,80.8001,82.4001,76.1999,72.0001,74.4001,76,82,64.8,74.2001,78.9999,78.8
83.5999,78.2,80.2,77.3999,76.8,80.6,76.2,81.1999,79.1999,86.0001,68.8001,84.4
82,79.1999,77.5999,78.0001,75.8001,80,81.0001,80.4001,79.6,77.2,79.5999,79.6001


========================================================
Test11 (ADC Calibration) results 2008-07-24 15:42:31
Board ID125 36 channels
Linux calibration software

Calibration DAC Range: [1000 - 3500]

A:
0.7696,0.7416,0.7412,0.7412,0.738,0.7416,0.7356,0.7404,0.7552,0.7444,0.7444,0.7332
0.7408,0.736,0.7428,0.7376,0.7388,0.7424,0.7472,0.7404,0.7404,0.7388,0.7408,0.7432
0.7404,0.7404,0.74,0.742,0.74,0.7404,0.742,0.7412,0.7424,0.7368,0.7408,0.7384


B:
74.4001,80.4001,82.8001,74.8001,71.0001,73.4001,76.4,79.5999,63.7999,74.5999,77.5999,79.7999
82.1999,79,80.2,77.3999,77.2,79.6,75.8,81.5999,79.5999,83.2,69.1999,84.8
79.5999,80.5999,78,77.0001,76,78.5999,81.0001,80.8001,79.6,77.2,78.1999,77.6001


