========================================================

Test10 results 09-27-2006  09:51:35
Board ID345  30 channels
HV Tests Software Ver.1.6.8

+5V 2520 - O'k
-5V 1341 - O'k
Interlock - On
Number of Samples: 400

Voltmeter channel: A=1.068376, B=20.29916

A:
Limits 1.1 +/- 0.1
1.076426,1.070664,1.075847,1.066667,1.079331,1.074114,1.078749,1.086366,1.075269,1.062135
1.077586,1.077006,1.079331,1.078749,1.071811,1.074114,1.079914,1.067806,1.066667,1.068947
1.079331,1.082251,1.083424,1.075269,1.072961,1.075847,1.069519,1.066667,1.078749,1.068376


B:
Limits 0.0 +/- 30.0
7.534973,8.565317,10.758329,6.399792,14.031348,13.963518,15.102291,9.777472,7.526706,11.683594
10.775984,17.231876,9.714025,9.708548,10.718273,12.889404,8.639275,9.610294,13.866459,9.620563
5.396702,11.9048,11.917675,5.376168,10.729774,17.213413,4.278192,2.133125,7.55105,10.683776
========================================================
Test10 (ADC Calibration) results 2008-01-18 15:29:07
Board ID345 30 channels
Linux calibration software

Voltmeter channel: A=1.06183, B=-1505.38

A:
1.07374,1.06768,1.07418,1.06518,1.07735,1.0731,1.07701,1.08606,1.07408,1.06054
1.07559,1.07515,1.07677,1.07664,1.07014,1.07071,1.07727,1.06518,1.06495,1.06596
1.07838,1.08109,1.08332,1.07273,1.07361,1.07529,1.06609,1.06364,1.076,1.0671


B:
4.35351,5.98278,5.1188,-0.719172,7.45502,8.71922,10.2763,4.78926,1.92118,6.05912
4.47124,12.6326,4.50503,4.72663,4.92679,11.0606,4.94076,6.28083,7.84403,5.89691
-0.233875,4.60763,4.30448,2.09113,4.09512,11.0798,2.39098,-0.563826,4.08266,3.64307


