========================================================

Test11 results 09-27-2006  09:54:22
Board ID345  30 channels
HV Tests Software Ver.1.6.8

+5V 2521 - O'k
-5V 1341 - O'k
Interlock - On
Calibration DAC Range: [2500 - 2900]
Number of Samples: 400

A:
Limits 0.76 +/- 0.04
0.750469,0.756144,0.75188,0.757576,0.749064,0.753296,0.750469,0.743494,0.75188,0.761905
0.750469,0.750469,0.749064,0.750469,0.754717,0.753296,0.749064,0.757576,0.757576,0.756144
0.749064,0.747664,0.746269,0.754717,0.753296,0.75188,0.756144,0.757576,0.750469,0.757576


B:
Limits 60.0 +/- 30.0
67.05014,60.008484,60.733955,68.484802,58.166367,55.11549,56.799164,66.63958,66.302933,58.738602
63.097717,59.775757,63.825855,55.989513,61.519894,57.542736,63.10331,63.84354,62.931343,65.370529
70.293663,57.422035,62.077045,73.463066,62.209087,54.26276,71.941742,74.141464,61.656509,58.281574
========================================================
Test11 (DAC Calibration) results 2008-01-18 15:29:07
Board ID345 30 channels
Linux calibration software
Calibration DAC Range: [1100 - 2700]

A:
0.752587,0.756859,0.752658,0.759013,0.750821,0.753792,0.75068,0.744048,0.752729,0.76234
0.751668,0.751597,0.750469,0.751315,0.755501,0.754717,0.750117,0.759013,0.758797,0.758078
0.749344,0.748223,0.746687,0.757504,0.753438,0.75188,0.758366,0.759734,0.751385,0.757648


B:
70.461,68.401,68.5575,74.573,63.8667,61.274,66.3132,70.9821,71.7728,67.7911
70.6663,65.0508,70.3565,63.4863,69.4967,63.7735,70.8393,69.2599,69.4015,70.0751
77.1449,65.2076,68.6765,73.7335,67.1876,61.6542,75.448,77.3979,70.1511,68.8417


========================================================
Test11 (ADC Calibration) results 2008-06-17 18:39:44
Board ID345 30 channels
Linux calibration software

Calibration DAC Range: [1000 - 3500]

A:
0.7408,0.7452,0.7416,0.748,0.7388,0.7428,0.7392,0.7332,0.742,0.7504
0.7404,0.74,0.7396,0.74,0.7448,0.7432,0.7392,0.7472,0.7472,0.7464
0.738,0.7372,0.7356,0.7464,0.7428,0.74,0.7464,0.748,0.7396,0.7464


B:
72.1999,69.8001,67.4001,72.9999,65.2,61.2,67.8,71.7999,71.0001,69.6
70.5999,66,69.4,64,68.2001,64.8,69.8,70.8,70.8,71.6
78.0001,64.7999,69.4,73.6,67.2,64,76.6,78.9999,71.4,68.6


========================================================
Test11 (ADC Calibration) results 2008-07-16 22:38:23
Board ID345 30 channels
Linux calibration software

Calibration DAC Range: [1000 - 3500]

A:
0.7404,0.7456,0.7408,0.7472,0.7388,0.742,0.7392,0.7328,0.7416,0.7508
0.74,0.7396,0.7392,0.7392,0.7444,0.7428,0.7384,0.7468,0.7464,0.7456
0.7372,0.7372,0.7352,0.7456,0.7428,0.7396,0.746,0.7476,0.7392,0.746


B:
72.5999,68.4001,69.1999,74.8,65.2,62.0001,66.8,72.2,71.4001,68.2
71,66.4,69.8,65.8,69.5999,65.2,70.6001,71.2,71.6,72.4001
78.7999,64.7999,69.8,74.4001,67.2,64.4,78,79.3999,71.8,69


========================================================
Test11 (ADC Calibration) results 2008-07-20 18:58:34
Board ID345 30 channels
Linux calibration software

Calibration DAC Range: [1000 - 3500]

A:
0.7404,0.7452,0.7408,0.7468,0.7384,0.7424,0.7496,0.7332,0.7412,0.7508
0.74,0.7392,0.7388,0.7392,0.7452,0.7428,0.738,0.7468,0.7468,0.7456
0.7372,0.7368,0.7352,0.746,0.7428,0.74,0.7456,0.748,0.7392,0.746


B:
72.5999,68.8001,69.1999,75.2,65.6001,61.6,56.4,70.7999,71.8001,68.2
71,66.8,71.2,65.8,67.8001,65.2,71.0001,71.2,71.2,72.4001
78.7999,65.2,69.8,74,67.2,63,78.4001,77.9999,71.8,69


========================================================
Test11 (ADC Calibration) results 2008-07-24 15:42:31
Board ID345 30 channels
Linux calibration software

Calibration DAC Range: [1000 - 3500]

A:
0.7408,0.7448,0.7408,0.7472,0.7388,0.7428,0.7388,0.7332,0.7416,0.7504
0.7396,0.7396,0.7384,0.7396,0.7444,0.742,0.738,0.7468,0.7464,0.746
0.7368,0.7368,0.7348,0.7456,0.7424,0.74,0.7456,0.7476,0.7388,0.7464


B:
71.1999,70.2001,69.1999,73.8,64.2,61.2,67.2,70.7999,71.4001,68.6
71.4,66.4,71.6001,64.4,69.5999,67.0001,71.0001,71.2,71.6,71
79.2,65.2,70.2001,74.4001,67.6,63,78.4001,78.3999,72.2,67.6


