========================================================

Test10 results 09-28-2006  20:40:05
Board ID268  30 channels
HV Tests Software Ver.1.6.8

+5V 2517 - O'k
-5V 1341 - O'k
Interlock - On
Number of Samples: 400

Voltmeter channel: A=1.079914, B=14.038843

A:
Limits 1.1 +/- 0.1
1.078749,1.075269,1.089918,1.070664,1.077586,1.076426,1.075847,1.075847,1.077006,1.074691
1.074691,1.066098,1.074114,1.072386,1.071237,1.078749,1.091107,1.077586,1.071237,1.071237
1.076426,1.077006,1.076426,1.09529,1.080497,1.077586,1.070091,1.068376,1.074114,1.070664


B:
Limits 0.0 +/- 30.0
10.787296,15.053588,13.079021,12.847973,10.775984,10.764252,9.682483,17.213413,9.692835,11.821486
11.821486,13.859226,18.259974,12.868753,13.925911,12.944794,16.366562,12.931156,14.997149,13.925911
12.917105,14.000859,15.069958,8.762135,14.04647,15.086329,14.981082,10.683776,13.963518,16.059963
========================================================
Test10 (ADC Calibration) results 2008-01-24 11:12:10
Board ID268 30 channels
Linux calibration software

Voltmeter channel: A=1.04929, B=-1368.99

A:
1.07634,1.07423,1.08804,1.06854,1.07524,1.07467,1.07387,1.07393,1.07638,1.07182
1.07233,1.06372,1.07246,1.07025,1.06941,1.07678,1.0889,1.07538,1.07025,1.06921
1.07447,1.07631,1.07544,1.09258,1.07857,1.07564,1.0673,1.06683,1.07233,1.06931


B:
5.51686,7.31211,5.71598,5.64833,5.09273,4.4205,3.78241,11.2485,0.467297,7.41978
5.84479,8.13018,12.4511,7.44628,7.66627,6.87209,9.49661,7.91463,6.64623,7.12476
6.65636,4.94763,6.75854,5.0983,6.97844,7.975,9.24674,3.71695,6.75544,8.72642


========================================================
Test10 (ADC Calibration) results 2008-06-19 12:08:44
Board ID268 30 channels
Linux calibration software

Voltmeter channel: A=1.07, B=0

A:
1.09337,1.09101,1.1043,1.08525,1.09228,1.09111,1.0902,1.09092,1.09201,1.08894
1.08876,1.07973,1.08921,1.08696,1.08561,1.09337,1.10569,1.09228,1.08624,1.08597
1.09101,1.09274,1.09183,1.11008,1.09574,1.09246,1.08498,1.08275,1.09038,1.08588


B:
3.34704,6.61214,6.7502,5.83964,3.69638,4.12813,3.21838,9.31353,1.54458,5.25814
5.64264,9.22877,10.6721,6.86934,7.02749,5.7524,9.46364,5.66215,7.09861,6.04391
5.73927,5.24445,6.29828,3.26978,5.98564,6.80647,7.39037,3.60948,3.05166,7.43025


