========================================================

Test11 results 03-21-2006  17:27:13
Board ID383  30 channels
HV Tests Software Ver.1.6

+5V 2509 - O'k
-5V 1305 - O'k
Interlock - On
Calibration DAC Range: [2500 - 2900]


A:
Limits 0.76 +/- 0.04
0.747664,0.744879,0.753296,0.75188,0.753296,0.750469,0.742115,0.749064,0.743494,0.749064
0.750469,0.744879,0.75188,0.756144,0.743494,0.746269,0.743494,0.753296,0.756144,0.743494
0.746269,0.746269,0.744879,0.750469,0.744879,0.750469,0.746269,0.747664,0.749064,0.754717


B:
Limits 60.0 +/- 40.0
52.799881,47.202923,56.1064,57.587292,55.924511,47.567993,57.047585,57.523918,57.227184,59.867668
56.074711,57.240967,52.990292,45.892448,63.332333,63.533146,54.127052,54.576633,47.700844,61.790707
63.613491,60.38118,55.769394,46.828701,46.459316,50.004452,54.445282,51.255817,58.249756,50.558258
========================================================
Test11 (DAC Calibration) results 2008-06-04 04:44:09
Board ID383 30 channels
Linux calibration software
Calibration DAC Range: [1100 - 2700]

A:
0.74599,0.741702,0.752587,0.752233,0.753296,0.747873,0.742391,0.748713,0.741565,0.750328
0.750469,0.74481,0.750821,0.754006,0.745573,0.748293,0.742184,0.752233,0.753438,0.744532
0.746826,0.746687,0.743218,0.746617,0.742184,0.747733,0.74481,0.745643,0.749485,0.752516


B:
60.0896,62.0621,62.1825,61.1659,59.6987,62.2511,60.8017,63.0323,64.7756,60.7953
61.3509,62.4802,61.6142,57.9641,61.4166,60.621,62.4269,63.2722,61.7631,62.1219
62.3597,63.1509,63.8053,62.9491,61.5364,63.6415,63.225,62.6619,60.4647,62.1295


========================================================
Test11 (ADC Calibration) results 2008-06-17 04:20:31
Board ID383 30 channels
Linux calibration software

Calibration DAC Range: [1000 - 3500]

A:
0.7436,0.74,0.75,0.7504,0.7512,0.7456,0.74,0.7472,0.7396,0.748
0.7476,0.7424,0.7488,0.7512,0.7436,0.7456,0.74,0.75,0.7512,0.742
0.7452,0.7452,0.7412,0.7452,0.74,0.746,0.7428,0.744,0.7472,0.7508


B:
60.4,60,63,59.6,58.7999,62.4001,61,60.8,64.4,60.9999
63.3999,62.6,61.2001,59.7999,60.4,61.4001,62,63,61.7999,62.0001
60.8001,61.8001,63.8001,61.8001,61,63,62.2,61.9999,60.8,60.2


========================================================
Test11 (ADC Calibration) results 2008-06-17 07:43:31
Board ID383 30 channels
Linux calibration software

Calibration DAC Range: [1000 - 3500]

A:
0.7348,0.7316,0.7416,0.7412,0.7428,0.7376,0.7316,0.7384,0.7316,0.7396
0.7396,0.7344,0.74,0.7428,0.7348,0.7376,0.7312,0.7412,0.7428,0.7328
0.7364,0.7368,0.7332,0.7368,0.7316,0.7368,0.734,0.7348,0.7392,0.742


B:
62.2001,61.4,63.4001,62.8001,59.2,61.3999,62.4,62.6001,64.4,61.4
62.4,62.6001,63,60.2,62.2001,62.3999,63.8001,64.8001,62.2,65.2
62.6,62.1999,63.8,62.1999,62.4,65.2,63.9999,64.2001,60.8,62.0001


