========================================================

Test10 results 01-27-2005  13:39:11
Board ID297  30 channels
HV Tests Software Ver.1.6

+5V 2498 - O'k
-5V 1336 - O'k
Interlock - On

Voltmeter channel: A=1.078167, B=10.781801

A:
Limits 1.1 +/- 0.1
1.082251,1.088732,1.073537,1.073537,1.070091,1.078749,1.084599,1.076426,1.084011,1.072386
1.082251,1.073537,1.081081,1.078167,1.072961,1.082251,1.078167,1.072386,1.074691,1.070091
1.075269,1.067236,1.071811,1.083424,1.070091,1.085776,1.068376,1.068947,1.082837,1.078167


B:
Limits 0.0 +/- 30.0
9.740297,8.709784,11.808746,11.808746,11.770809,11.866045,11.930725,12.917105,10.840111,9.651596
12.987051,11.808746,9.729908,12.938135,9.656813,7.575796,9.703633,11.796368,13.970869,11.770809
11.827781,10.672477,9.646461,13.001099,19.261446,11.943543,11.752151,13.896351,17.325567,8.625466
========================================================
Test10 (ADC Calibration) results 2007-09-12 10:24:38
Board ID297 30 channels
Linux calibration software

Voltmeter channel: A=1.05875, B=-1534.62

A:
1.08161,1.08781,1.07231,1.07351,1.06982,1.07849,1.05086,1.07704,1.08443,1.0708
1.08218,1.07362,1.0796,1.06401,1.06506,1.08107,1.07704,1.0714,1.07466,1.06922
1.07496,1.06717,1.07214,1.08379,1.06861,1.08405,1.06697,1.06902,1.08236,1.07728


B:
7.37324,6.77276,10.6651,7.19544,8.16513,8.61291,10.006,6.69799,7.09418,10.5939
8.77997,6.91957,10.275,11.8726,8.79417,6.9149,8.62095,9.75108,9.30994,10.0688
8.1982,7.5567,5.73156,7.65263,15.1106,10.7571,11.4808,9.79541,15.0865,7.63682


========================================================
Test10 (ADC Calibration) results 2007-09-12 11:16:53
Board ID297 30 channels
Linux calibration software

Voltmeter channel: A=1.05902, B=-1535.72

A:
1.08117,1.08846,1.07254,1.07351,1.06929,1.07889,1.05139,1.0766,1.08463,1.0711
1.08272,1.07331,1.07905,1.06358,1.06579,1.08022,1.07704,1.0715,1.07506,1.06922
1.07422,1.06737,1.0715,1.08354,1.06539,1.08504,1.06751,1.06902,1.08161,1.0763


B:
7.94236,4.85509,9.28861,7.19544,9.92293,9.1763,8.27805,8.13794,5.75208,8.3373
8.08334,7.7056,10.9697,12.4309,7.85007,9.47698,8.62095,9.62224,8.5945,10.0688
9.54771,6.89912,7.62224,8.64826,18.6309,8.60661,9.7269,9.79541,16.0468,9.96995


========================================================
Test10 (ADC Calibration) results 2008-06-17 15:59:19
Board ID297 30 channels
Linux calibration software

Voltmeter channel: A=1.07, B=0

A:
1.09829,1.10457,1.08658,1.09,1.08595,1.09491,1.06777,1.09272,1.10013,1.08766
1.09875,1.09009,1.09509,1.0805,1.08113,1.09738,1.09327,1.08721,1.09091,1.08613
1.09145,1.08282,1.08721,1.09857,1.08077,1.10115,1.08461,1.08523,1.08721,1.09318


B:
7.06023,5.95479,11.0435,8.10599,9.45076,8.84445,8.29463,9.09834,7.57785,8.52686
9.05726,7.36858,9.99156,12.1027,9.79675,7.24071,9.47228,10.029,9.67257,9.06773
8.51817,8.01101,7.85456,10.3236,18.3405,10.396,8.95661,9.8961,23.5101,9.33717


========================================================
Test10 (ADC Calibration) results 2008-07-16 21:23:30
Board ID297 30 channels
Linux calibration software

Voltmeter channel: A=1.07, B=0

A:
1.09913,1.10499,1.08675,1.0906,1.08666,1.09551,1.06811,1.09361,1.10085,1.08834
1.09932,1.09088,1.09513,1.08108,1.08228,1.09837,1.09418,1.0875,1.09154,1.08666
1.09163,1.08414,1.08797,1.09913,1.08182,1.1022,1.08544,1.08582,1.08666,1.09418


B:
5.41643,5.35258,10.2328,7.34355,8.58033,8.29325,7.76421,7.40547,7.1408,7.67842
8.7592,5.99265,9.29791,11.5673,7.63996,5.23775,7.97776,9.10851,9.09568,8.58033
8.57238,6.13384,6.71853,9.15364,17.3731,8.5595,8.18079,8.92202,19.4469,7.75898


========================================================
Test10 (ADC Calibration) results 2008-07-19 11:34:37
Board ID297 30 channels
Linux calibration software

Voltmeter channel: A=1.07, B=0

A:
1.09903,1.1049,1.08544,1.0905,1.08675,1.09561,1.06838,1.09371,1.10076,1.08825
1.09932,1.09069,1.09437,1.08127,1.08219,1.09846,1.09399,1.08703,1.09173,1.08666
1.09173,1.08358,1.08787,1.09837,1.08191,1.10191,1.08554,1.08591,1.08461,1.09399


B:
5.50374,5.88238,10.5687,7.64821,7.842,7.76789,6.86813,7.31842,7.0083,7.76454
8.31931,6.60245,9.55505,10.7476,7.72588,5.14971,7.93272,9.10516,8.48602,8.36305
8.70431,7.08494,6.80491,9.63122,16.423,8.82218,7.6608,8.8356,19.5852,7.71397


========================================================
Test10 (ADC Calibration) results 2008-07-19 14:46:21
Board ID297 30 channels
Linux calibration software

Voltmeter channel: A=1.07, B=0

A:
1.09913,1.10509,1.08526,1.09069,1.08638,1.09532,1.06829,1.09352,1.10105,1.08806
1.09932,1.0905,1.09418,1.08108,1.08182,1.09837,1.0939,1.08694,1.09191,1.08638
1.0922,1.08396,1.08787,1.09827,1.08182,1.10181,1.08563,1.08554,1.08414,1.09399


B:
4.97689,4.82274,10.741,7.0385,8.62196,8.24842,7.16696,7.71083,5.8649,7.93768
8.7592,6.77576,9.94735,11.3511,8.28601,5.45737,8.45731,9.19102,7.65725,8.83945
7.61555,6.30654,7.02244,9.71776,16.7243,9.3499,7.57453,9.39738,20.6611,7.71397


========================================================
Test10 (ADC Calibration) results 2008-07-20 08:08:59
Board ID297 30 channels
Linux calibration software

Voltmeter channel: A=1.07, B=0

A:
1.09884,1.1048,1.08544,1.09069,1.08656,1.09494,1.06838,1.09324,1.10085,1.08853
1.09923,1.09097,1.09475,1.0808,1.0821,1.09827,1.0939,1.08703,1.09135,1.08656
1.09182,1.08395,1.08797,1.09875,1.08191,1.10181,1.08554,1.08582,1.08451,1.0938


B:
5.67887,5.74942,11.0031,7.0385,8.44953,9.4719,7.08215,8.40871,6.70068,7.0702
8.62645,5.90597,9.20759,11.3919,7.81185,5.32468,8.23831,9.53987,9.05069,8.44953
8.18061,6.7404,6.71853,8.84296,16.6393,9.1297,8.31184,8.92202,20.7551,8.10649


========================================================
Test10 (ADC Calibration) results 2008-07-20 17:40:55
Board ID297 30 channels
Linux calibration software

Voltmeter channel: A=1.07, B=0

A:
1.09875,1.1049,1.08526,1.09069,1.08628,1.09542,1.06856,1.09333,1.10124,1.08853
1.09923,1.09078,1.09475,1.08127,1.0821,1.09846,1.0938,1.08722,1.09191,1.08666
1.0921,1.08395,1.08806,1.09884,1.08182,1.10191,1.08544,1.08544,1.08451,1.09399


B:
5.98599,5.66145,11.1753,7.0385,8.92576,8.38052,6.48494,8.32194,6.13028,7.0702
8.62645,6.07964,8.98869,10.9638,7.81185,5.14971,8.76288,9.15018,7.87597,8.14577
7.48352,6.7404,6.63206,8.9754,16.508,9.04239,8.18079,9.70058,21.1888,7.71397


========================================================
Test10 (ADC Calibration) results 2008-07-24 12:08:22
Board ID297 30 channels
Linux calibration software

Voltmeter channel: A=1.07, B=0

A:
1.09894,1.1048,1.08535,1.09022,1.08619,1.09523,1.06829,1.09324,1.10105,1.08825
1.09903,1.09069,1.09504,1.08099,1.08201,1.09798,1.0938,1.08769,1.09163,1.086
1.09201,1.08358,1.08759,1.09837,1.08182,1.10181,1.08526,1.08582,1.08535,1.09399


B:
5.15174,5.52852,10.4378,7.90836,8.79403,7.89714,6.73975,7.97125,5.8649,7.54695
8.80085,6.38436,9.16593,11.0048,7.68162,5.8065,8.54429,8.50123,8.13545,9.40132
7.78891,6.86801,7.0643,9.63122,16.508,9.3499,8.57045,8.27042,19.1206,7.2761


========================================================
Test10 (ADC Calibration) results 2009-03-30 14:12:50
Board ID297 30 channels
Host: ufcmshv3
Linux calibration software

Voltmeter channel: A=1.06978, B=7.24137

A:
1.05708,1.0675,1.05374,1.04813,1.0467,1.057,1.05297,1.05118,1.04839,1.0534
1.05042,1.06122,1.04284,1.03594,1.04217,1.05297,1.06053,1.06122,1.04653,1.0478
1.04881,1.05417,1.06427,1.0601,1.0654,1.06575,1.05084,1.04502,1.05374,1.05674


B:
6.76551,6.37213,8.21921,7.83695,8.98527,8.53736,7.46818,7.68167,7.3872,8.96211
9.03393,6.69398,7.4281,10.8853,8.69023,5.99372,8.61463,9.66546,7.052,8.1565
8.24515,7.60588,7.04051,7.53482,17.2756,9.28036,8.84312,8.90695,13.6985,7.72245


========================================================
Test10 (ADC Calibration) results 2009-03-30 15:21:30
Board ID297 30 channels
Host: ufcmshv3
Linux calibration software

Voltmeter channel: A=1.06952, B=8.3424

A:
1.05743,1.06759,1.054,1.04839,1.04678,1.05708,1.05297,1.0511,1.04873,1.05366
1.05076,1.06105,1.04267,1.03594,1.04233,1.05255,1.06036,1.06148,1.04636,1.04805
1.04856,1.05434,1.06435,1.05984,1.06549,1.06557,1.05093,1.04502,1.05383,1.05674


B:
6.01933,6.29064,7.97809,7.3872,9.11498,9.09104,8.09966,8.39288,7.06689,8.51015
8.71313,7.28047,8.42165,11.2994,8.53113,6.81752,9.20079,9.21033,8.04915,7.91664
9.11431,7.65604,6.95914,9.04948,17.1956,9.86877,8.7632,9.74275,13.8294,8.14504


