========================================================

Test10 results 08-30-2005  11:23:31
Board ID389  30 channels
HV Tests Software Ver.1.6

+5V 2490 - O'k
-5V 1318 - O'k
Interlock - On

Voltmeter channel: A=1.077586, B=14.008742

A:
Limits 1.1 +/- 0.1
1.080497,1.078167,1.077586,1.072386,1.072961,1.084599,1.079914,1.085776,1.082251,1.073537
1.072961,1.075847,1.079331,1.079914,1.077006,1.080497,1.075269,1.075847,1.075847,1.076426
1.075269,1.069519,1.074691,1.081081,1.071237,1.077006,1.077586,1.078167,1.079914,1.079914


B:
Limits 0.0 +/- 30.0
2.161002,5.390965,8.620811,0.000122,-1.072801,4.338535,-1.079948,5.428885,7.575796,5.367522
15.021619,4.303246,8.634694,4.31962,9.692835,2.161002,13.978319,-0.000143,2.151552,-1.049042e-005
7.526706,12.834341,12.896177,7.567746,8.569725,9.692835,1.077708,6.469132,2.159793,10.799102
========================================================

Test10 results 08-30-2005  11:58:16
Board ID389  30 channels
HV Tests Software Ver.1.6

+5V 2489 - O'k
-5V 1320 - O'k
Interlock - On

Voltmeter channel: A=1.078167, B=15.094469

A:
Limits 1.1 +/- 0.1
1.079914,1.078167,1.077006,1.071811,1.072386,1.084011,1.079914,1.085187,1.081666,1.072961
1.073537,1.075847,1.079331,1.078749,1.077006,1.080497,1.075847,1.075269,1.075847,1.076426
1.076426,1.070091,1.074691,1.081666,1.081081,1.077586,1.077586,1.077586,1.078749,1.079914


B:
Limits 0.0 +/- 30.0
5.399534,4.312799,11.846848,1.071971,0.000122,5.420056,-3.433228e-005,7.596303,8.653366,6.437928
15.029358,3.227399,8.634694,8.629799,10.769841,2.161002,11.834177,2.150361,2.151552,1.076416
3.229268,11.770809,12.896177,6.490035,6.486665,7.543225,1.077708,8.620811,5.393553,11.879015
========================================================
Test10 (ADC Calibration) results 2008-01-24 11:35:35
Board ID389 30 channels
Linux calibration software

Voltmeter channel: A=1.01653, B=-1304.3

A:
1.07974,1.07698,1.07557,1.07069,1.0716,1.08266,1.07758,1.08463,1.08141,1.0721
1.07305,1.07426,1.08222,1.07919,1.07859,1.07869,1.07557,1.07452,1.07571,1.07355
1.07375,1.06962,1.07442,1.0803,1.08018,1.07657,1.07661,1.07722,1.07704,1.07915


B:
0.254392,2.06988,8.83022,-3.8995,-3.13335,3.52426,-0.373864,3.68306,3.85268,3.29923
10.2292,0.619446,6.70259,4.94848,3.19137,1.98475,10.2789,-2.34444,-0.925045,1.66292
5.186,7.71015,8.75988,4.73704,3.52781,3.674,1.3184,3.54747,3.39135,8.1117


========================================================
Test10 (ADC Calibration) results 2008-06-19 12:08:44
Board ID389 30 channels
Linux calibration software

Voltmeter channel: A=1.07, B=0

A:
1.09647,1.09274,1.09246,1.08759,1.08804,1.09968,1.09419,1.10143,1.0973,1.08894
1.08966,1.09101,1.10088,1.09785,1.09501,1.09592,1.09337,1.09083,1.09228,1.09138
1.09038,1.08534,1.09038,1.09711,1.0857,1.09328,1.09428,1.09365,1.0941,1.09529


B:
-0.825244,3.49636,8.11725,-3.28218,-3.04952,2.15156,-1.56526,3.63,4.99868,1.7732
10.04,0.0660513,5.8973,2.29883,4.46492,-1.41516,9.25154,-2.38444,-2.20224,-1.36156
4.36006,8.14434,9.15763,3.63044,12.8072,3.64965,0.10131,3.75192,2.02023,8.37549


========================================================
Test10 (ADC Calibration) results 2008-07-17 09:50:45
Board ID389 30 channels
Linux calibration software

Voltmeter channel: A=1.07, B=0

A:
1.09704,1.09382,1.09259,1.08789,1.08873,1.1001,1.09495,1.10192,1.09809,1.08911
1.09014,1.09183,1.10153,1.09838,1.09562,1.09657,1.09353,1.09184,1.09287,1.09165
1.0908,1.08621,1.09089,1.09752,1.08092,1.09372,1.09514,1.09448,1.09457,1.0959


B:
-1.13146,2.50009,8.22123,-3.3496,-3.26466,1.99236,-2.27003,3.18699,4.4903,2.26727
10.0323,-0.475797,5.08042,2.03126,3.90846,-1.56995,9.76047,-3.53311,-1.87451,-1.1744
4.19235,7.55922,9.12385,3.91712,15.6892,3.02498,-1.13144,2.76527,2.02078,8.24955


========================================================
Test10 (ADC Calibration) results 2008-07-19 11:33:18
Board ID389 30 channels
Linux calibration software

Voltmeter channel: A=1.07, B=0

A:
1.09657,1.09353,1.09259,1.08798,1.08855,1.09981,1.09486,1.10153,1.0979,1.0893
1.08995,1.09127,1.10134,1.09809,1.09514,1.09676,1.09268,1.09146,1.09306,1.09155
1.09089,1.08612,1.09089,1.09771,1.07954,1.09344,1.09486,1.09448,1.09457,1.0959


B:
-0.254245,2.76169,7.78441,-3.65487,-3.74315,2.47524,-2.18266,3.75826,4.22609,1.65799
9.98679,0.0475351,5.2557,2.73352,4.12542,-2.1846,10.3202,-2.96478,-2.92377,-1.30572
3.88739,8.07964,8.90572,3.0837,14.5885,3.94237,-0.430656,2.98411,1.58318,8.03042


========================================================
Test10 (ADC Calibration) results 2008-07-19 17:28:33
Board ID389 30 channels
Linux calibration software

Voltmeter channel: A=1.07, B=0

A:
1.09657,1.09344,1.09287,1.08798,1.08827,1.10019,1.09495,1.10163,1.0978,1.0893
1.08958,1.09146,1.10124,1.09838,1.09524,1.09647,1.09231,1.09136,1.09297,1.09146
1.09089,1.08593,1.0908,1.09752,1.07733,1.09363,1.09505,1.0941,1.09457,1.09581


B:
0.184275,2.84893,7.74282,-3.43732,-2.82857,1.90478,-2.48897,3.89141,4.53293,1.8758
11.2033,-0.345387,5.78359,2.03126,3.59996,-1.48264,10.4474,-2.87721,-2.39874,-0.781864
4.10551,7.81769,8.99176,3.25839,16.6251,3.33039,-0.824913,3.55131,2.02078,8.33633


========================================================
Test10 (ADC Calibration) results 2008-07-20 15:54:11
Board ID389 30 channels
Linux calibration software

Voltmeter channel: A=1.07, B=0

A:
1.09685,1.09344,1.09249,1.08808,1.08827,1.1001,1.09476,1.10163,1.09771,1.08939
1.08967,1.09136,1.10153,1.0979,1.09552,1.09638,1.09221,1.09174,1.09287,1.09155
1.09089,1.08612,1.09052,1.09761,1.07862,1.09372,1.09467,1.09448,1.09467,1.0959


B:
-0.73647,2.84893,8.08973,-3.95975,-2.82857,1.99236,-1.65667,3.67113,4.62039,1.57099
10.8994,-0.257658,4.85979,2.90878,3.33834,-1.39452,10.7522,-3.66423,-2.31155,-1.08708
3.88739,7.86247,9.90504,2.95136,15.8699,3.24367,-0.474588,2.54642,1.27711,8.03042


========================================================
Test10 (ADC Calibration) results 2008-07-24 14:52:16
Board ID389 30 channels
Linux calibration software

Voltmeter channel: A=1.07, B=0

A:
1.09685,1.09278,1.09268,1.08761,1.0878,1.0999,1.09476,1.10163,1.09742,1.08902
1.08995,1.09099,1.10134,1.0979,1.09486,1.09657,1.09221,1.09146,1.09278,1.09155
1.0908,1.08621,1.09042,1.09761,1.08064,1.09325,1.09486,1.09448,1.0942,1.0959


B:
-0.73647,3.02156,7.69797,-3.30548,-3.48051,1.72789,-2.31364,3.01005,5.32113,1.91898
9.76885,-0.345243,5.2557,2.68887,4.16758,-2.22812,11.1889,-3.61976,-2.87972,-1.52398
3.97398,7.34203,9.33759,2.95136,13.3509,4.11638,-0.649574,2.98411,2.36987,7.59217


========================================================
Test10 (ADC Calibration) results 2008-07-24 21:41:51
Board ID389 30 channels
Linux calibration software

Voltmeter channel: A=1.07, B=0

A:
1.09714,1.09344,1.09268,1.0878,1.08864,1.09981,1.09476,1.10105,1.0979,1.08911
1.08977,1.09155,1.10163,1.09828,1.09562,1.09628,1.09184,1.09108,1.09259,1.09136
1.09061,1.08612,1.09061,1.09761,1.07715,1.09353,1.09495,1.0942,1.09448,1.09571


B:
-1.65837,3.28608,7.26062,-3.9154,-4.04827,2.03515,-2.31364,4.63754,4.00668,2.26727
10.595,-0.650561,4.77276,1.89933,3.03192,-1.52634,10.8791,-2.61494,-2.48582,-0.912704
4.14782,7.42813,9.38242,2.95136,12.9167,3.19927,-1.17508,2.80783,1.2331,7.76561


========================================================
Test10 (ADC Calibration) results 2008-08-12 21:57:53
Board ID389 30 channels
Linux calibration software

Voltmeter channel: A=1.07, B=0

A:
1.09742,1.09391,1.09306,1.08817,1.08883,1.10038,1.09505,1.10172,1.0978,1.08958
1.09033,1.09184,1.10307,1.09943,1.09638,1.09666,1.09476,1.09155,1.09344,1.09221
1.09089,1.0864,1.09108,1.09828,1.07871,1.09391,1.09562,1.09476,1.09514,1.09638


B:
-1.92171,2.85035,7.13234,-3.61162,-3.35158,1.50895,-1.91996,4.24405,5.19183,1.39708
9.85984,-0.257604,5.00093,2.16667,3.86814,-1.43845,9.72877,-3.05192,-2.18112,-2.35438
4.32364,7.60389,8.73209,2.33892,13.627,3.28819,-0.474006,2.94128,0.839988,7.81494


========================================================
Test10 (ADC Calibration) results 2008-08-27 10:28:59
Board ID389 30 channels
Linux calibration (server mode)

Voltmeter channel: A=1.09724, B=0

A:
1.09935,1.09705,1.09758,1.0893,1.09023,1.10313,1.09669,1.10546,1.10181,1.09233
1.09588,1.09398,1.10727,1.10282,1.09974,1.0987,1.10092,1.09322,1.09528,1.09393
1.09464,1.09117,1.09622,1.10135,1.0859,1.09727,1.09802,1.09815,1.09761,1.10102


B:
0,0,0,0,0,0,0,0,0,0
0,0,0,0,0,0,0,0,0,0
0,0,0,0,0,0,0,0,0,0


========================================================
Test10 (ADC Calibration) results 2008-08-27 11:18:31
Board ID389 30 channels
Linux calibration software

Voltmeter channel: A=1.07, B=0

A:
1.09914,1.09543,1.09505,1.08986,1.09089,1.1023,1.09733,1.10432,1.10019,1.09099
1.09193,1.09372,1.10519,1.10172,1.0979,1.09885,1.09752,1.09401,1.09581,1.0941
1.09297,1.08864,1.09287,1.1,1.07889,1.09581,1.09809,1.09695,1.09676,1.09838


B:
0.011082,4.30185,8.37339,-1.91566,-2.43985,2.61532,-1.83389,3.85906,5.64521,4.01871
12.1032,1.05623,6.16181,3.5829,5.10458,-0.824447,10.5022,-2.70631,-1.96454,-0.606326
5.03311,8.36212,10.3656,4.06003,15.1833,4.3912,-0.560753,4.22138,2.64091,9.06115


========================================================
Test10 (ADC Calibration) results 2008-08-28 18:57:15
Board ID389 30 channels
Linux calibration (server mode)

Voltmeter channel: A=1.08369, B=0

A:
1.08632,1.08398,1.08477,1.07661,1.07714,1.09022,1.08381,1.0925,1.0889,1.07958
1.08292,1.08101,1.09406,1.08956,1.08653,1.08573,1.08618,1.08038,1.08223,1.08096
1.08178,1.07835,1.08334,1.08831,1.06918,1.08425,1.08495,1.08534,1.08483,1.08821


B:
0,0,0,0,0,0,0,0,0,0
0,0,0,0,0,0,0,0,0,0
0,0,0,0,0,0,0,0,0,0


========================================================
Test10 (ADC Calibration) results 2008-08-30 18:21:59
Board ID389 30 channels
Linux calibration (server mode)

Voltmeter channel: A=1.08015, B=0

A:
1.0824,1.08012,1.08069,1.07258,1.07342,1.08617,1.07982,1.08855,1.08489,1.07562
1.07903,1.07723,1.09032,1.08599,1.08284,1.08179,1.08368,1.07638,1.07838,1.07712
1.07776,1.07448,1.07937,1.08442,1.06703,1.08039,1.08119,1.08136,1.08079,1.08425


B:
0,0,0,0,0,0,0,0,0,0
0,0,0,0,0,0,0,0,0,0
0,0,0,0,0,0,0,0,0,0


========================================================
Test10 (ADC Calibration) results 2008-08-30 21:23:31
Board ID389 30 channels
Linux calibration (server mode)

Voltmeter channel: A=1.11073, B=0

A:
1.11337,1.11108,1.1117,1.10332,1.10422,1.11727,1.1108,1.11971,1.116,1.10645
1.10986,1.10804,1.12146,1.11692,1.11377,1.11278,1.11344,1.10725,1.10924,1.10795
1.10864,1.10515,1.11037,1.11546,1.09552,1.11127,1.11209,1.11242,1.11175,1.11527


B:
0,0,0,0,0,0,0,0,0,0
0,0,0,0,0,0,0,0,0,0
0,0,0,0,0,0,0,0,0,0


========================================================
Test10 (ADC Calibration) results 2008-08-30 21:50:45
Board ID389 30 channels
Linux calibration (server mode)

Voltmeter channel: A=1.07963, B=0

A:
1.08235,1.08012,1.08065,1.07256,1.07355,1.08609,1.0798,1.08851,1.08487,1.07555
1.07905,1.07713,1.09023,1.08579,1.0826,1.08173,1.08273,1.07637,1.07836,1.0771
1.07778,1.07441,1.07933,1.08435,1.06533,1.08039,1.08107,1.08136,1.08062,1.08423


B:
0,0,0,0,0,0,0,0,0,0
0,0,0,0,0,0,0,0,0,0
0,0,0,0,0,0,0,0,0,0


========================================================
Test10 (ADC Calibration) results 2008-08-31 12:04:51
Board ID389 30 channels
Linux calibration (server mode)

Voltmeter channel: A=1.07968, B=0

A:
1.08228,1.08002,1.08067,1.07254,1.07342,1.08601,1.07978,1.08848,1.08494,1.07554
1.07898,1.07707,1.09005,1.08562,1.08247,1.08173,1.08179,1.07637,1.07818,1.07707
1.0777,1.07431,1.07928,1.0843,1.06395,1.08034,1.08096,1.08139,1.08077,1.08413


B:
0,0,0,0,0,0,0,0,0,0
0,0,0,0,0,0,0,0,0,0
0,0,0,0,0,0,0,0,0,0


