========================================================

Test11 results 08-30-2005  11:28:59
Board ID389  30 channels
HV Tests Software Ver.1.6

+5V 2488 - O'k
-5V 1319 - O'k
Interlock - On
Calibration DAC Range: [2500 - 2900]


A:
Limits 0.76 +/- 0.04
0.75188,0.750469,0.749064,0.753296,0.749064,0.744879,0.746269,0.743494,0.746269,0.75188
0.75188,0.75188,0.747664,0.746269,0.747664,0.746269,0.750469,0.75188,0.750469,0.753296
0.754717,0.754717,0.750469,0.750469,0.754717,0.75188,0.750469,0.75188,0.747664,0.749064


B:
Limits 60.0 +/- 40.0
48.547115,63.906448,65.181526,73.42466,83.681168,61.942467,78.436104,68.024368,68.296074,69.156807
61.896099,63.069077,64.36895,69.575806,69.674515,71.440201,61.129017,68.10865,65.343628,60.156281
50.740486,61.230427,65.073929,67.872795,54.239712,55.334408,63.817039,52.817371,70.020782,59.867668
========================================================

Test11 results 08-30-2005  12:03:24
Board ID389  30 channels
HV Tests Software Ver.1.6

+5V 2489 - O'k
-5V 1320 - O'k
Interlock - On
Calibration DAC Range: [2500 - 2900]


A:
Limits 0.76 +/- 0.04
0.747664,0.750469,0.750469,0.753296,0.753296,0.747664,0.750469,0.744879,0.747664,0.753296
0.75188,0.750469,0.749064,0.750469,0.749064,0.749064,0.75188,0.749064,0.750469,0.750469
0.750469,0.753296,0.753296,0.750469,0.749064,0.747664,0.750469,0.749064,0.747664,0.747664


B:
Limits 60.0 +/- 40.0
62.836937,63.995678,58.880909,71.809006,67.866898,51.255817,64.174683,63.559162,63.003044,63.730759
61.08952,67.584595,58.249756,55.18005,64.460808,61.570801,56.601185,77.815025,65.25367,70.005478
65.163704,64.86898,54.396217,66.78685,52.667809,69.760857,62.288982,61.952648,71.460442,64.285172
