========================================================
Test10 (ADC Calibration) results 2014-01-19 19:51:39
Board IDXXX 30 channels
Host: ufcmshv1
Linux calibration software

Voltmeter channel: A=1.09534, B=7.90604

A:
1.12054,1.07961,1.08556,1.08258,1.07639,1.07657,1.10016,1.0842,1.08756,1.11459
1.1251,1.08538,1.10408,1.09249,1.12822,1.07408,1.07711,1.10035,1.09728,1.09396
1.0902,1.08366,1.08628,1.04913,1.06103,1.09194,1.08393,1.10147,1.09249,1.10203


B:
5.54525,11.3146,7.18706,7.74098,7.57821,7.41413,7.9556,8.20819,7.75899,7.69296
8.26453,6.91808,8.40327,8.29683,8.00142,6.26575,7.35338,7.78801,6.37254,7.40361
7.9704,6.75153,6.74259,9.14066,7.48648,7.92103,6.07069,7.00313,7.64111,6.94073


========================================================
Test10 (ADC Calibration) results 2014-03-14 18:53:42
Board ID250 30 channels
Host: ufcmshv1
Linux calibration software

Voltmeter channel: A=1.10993, B=-1.71113

A:
1.06905,1.07854,1.08015,1.0732,1.07267,1.07693,1.06958,1.07738,1.07222,1.07559
1.07002,1.07881,1.06896,1.07063,1.07542,1.06695,1.07055,1.07373,1.06923,1.06914
1.0815,1.07675,1.06905,1.07108,1.06861,1.08901,1.07479,1.06879,1.09691,1.06931


B:
-3.84506,-2.37212,-2.13839,-2.36097,-3.79731,-2.60582,-1.55827,-1.51165,-2.95585,-2.65641
-1.75508,-1.11068,-1.83847,-2.11602,-1.63068,-1.23443,-2.46196,-2.42656,-3.7957,-2.43061
-3.16821,-2.00996,-3.20379,-1.2426,-2.15175,-1.84299,-1.6978,-2.10236,-0.971488,-2.16724


