========================================================

Test10 results 11-15-2004  13:03:39
Board ID019  36 channels
HV Tests Software Ver.1.4

+5V 2564 - O'k
-5V 1346 - O'k
Interlock - On

Voltmeter channel: A=1.071811, B=11.790084

A:
1.069519,1.066667,1.070664,1.078167,1.078167,1.074114,1.074691,1.066667,1.077586,1.074114,1.066667,1.072961
1.070664,1.074691,1.074114,1.067806,1.067806,1.070091,1.072386,1.071237,1.080497,1.05042,1.075847,1.073537
1.075269,1.075847,1.077586,1.078749,1.075847,1.072961,1.071811,1.067236,1.078167,1.074691,1.078167,1.073537


B:
0.000117,9.599792,6.423989,8.625466,5.390965,7.518835,1.074576,12.799792,3.232881,1.074152,13.866459,6.437928
13.918636,3.223958,10.741177,13.881516,14.949322,4.280172,11.796368,8.569725,10.804978,24.159676,11.834177,6.441059
9.677243,6.454941,0.000122,7.55105,7.530788,11.802734,8.57465,10.672477,9.703633,6.448031,3.234631,5.367522
========================================================

Test10 results 11-22-2004  12:35:06
Board ID019  36 channels
HV Tests Software Ver.1.4

+5V 2568 - O'k
-5V 1346 - O'k
Interlock - On

Voltmeter channel: A=1.075847, B=8.606635

A:
1.068376,1.066667,1.070091,1.078167,1.077006,1.074114,1.073537,1.067236,1.078167,1.072961,1.067236,1.071811
1.070664,1.073537,1.074114,1.068376,1.067236,1.069519,1.072386,1.070664,1.080497,1.050972,1.075269,1.072961
1.075269,1.075847,1.077006,1.078167,1.074114,1.072961,1.070664,1.066098,1.078167,1.074691,1.077586,1.073537


B:
3.205143,9.599792,6.420354,7.547299,7.538823,6.444721,3.220447,10.672477,0.00013,3.219044,10.672477,8.57465
13.918636,5.367522,10.741177,11.752151,16.008656,5.34771,10.723982,9.635981,10.804978,21.019613,11.827781,7.51089
7.526706,6.454941,-0.000219,8.625466,10.741177,11.802734,11.777308,12.793129,9.703633,5.373341,4.310467,3.220447
