========================================================

Test10 results 10-27-2005  15:21:32
Board ID076  36 channels
HV Tests Software Ver.1.6

+5V 2912 - O'k
-5V 1391 - O'k
Interlock - On

Voltmeter channel: A=1.072386, B=13.94114

A:
Limits 1.1 +/- 0.1
1.080497,1.077006,1.078167,1.068947,1.072386,1.075269,1.077006,1.076426,1.072961,1.085187,1.074691,1.075847
1.076426,1.071237,1.075269,1.078749,1.075269,1.052078,1.078167,1.073537,1.070091,1.073537,1.074691,1.071237
1.083424,1.082251,1.071811,1.072961,1.071811,1.079331,1.072386,1.090513,1.078749,1.078167,1.079331,1.078167


B:
Limits 0.0 +/- 35.0
12.965973,6.461817,11.859968,11.758456,12.868753,5.376168,10.769841,15.069958,6.437928,10.851865,4.298649,4.303246
7.534973,9.640962,8.601974,8.629799,9.677243,22.0935,12.938135,9.661671,10.700718,6.441059,8.597414,10.712199
11.917675,10.822549,11.790084,10.729774,6.431027,17.269341,8.57921,11.995736,10.787296,6.469132,8.634694,7.547299
========================================================
Test10 (ADC Calibration) results 2007-10-18 15:06:21
Board ID76 36 channels
Linux calibration software

Voltmeter channel: A=1.07167, B=14.9121

A:
1.08054,1.07755,1.07869,1.06827,1.07129,1.07671,1.08185,1.0757,1.07313,1.08508,1.07397,1.07457
1.07514,1.07263,1.07373,1.07875,1.0738,1.04669,1.07906,1.07531,1.07075,1.07383,1.07839,1.07169
1.08225,1.08169,1.07474,1.07584,1.0753,1.07936,1.07152,1.09081,1.0797,1.07755,1.08065,1.08333


B:
7.14677,2.59023,5.02956,8.49807,11.068,3.78214,4.55924,12.8576,1.19898,6.63017,2.39254,2.26866
6.82402,6.69138,6.33947,6.82436,8.42765,9.80113,7.59937,6.59766,5.50427,1.93763,5.12881,5.91787
10.1222,7.50401,7.9858,6.60565,1.59349,13.9783,6.95288,8.40068,4.86389,3.92498,-0.580783,0.416537


========================================================
Test10 (ADC Calibration) results 2008-06-17 15:59:18
Board ID076 36 channels
Linux calibration software

Voltmeter channel: A=1.07, B=0

A:
1.09746,1.09389,1.09544,1.08512,1.08945,1.09398,1.10151,1.07324,1.08128,1.10262,1.09135,1.09153
1.09235,1.09026,1.0918,1.09654,1.07157,0.902219,1.0949,1.09216,1.08782,1.09098,1.09618,1.08647
1.10013,1.09847,1.09335,1.09453,1.06861,1.09737,1.08899,1.10774,1.09654,1.09426,1.09819,1.10086


B:
8.92227,5.18078,6.82032,8.91135,9.92755,3.78394,4.99961,29.9868,10.3012,7.07232,2.94063,3.20918
6.82324,8.08876,6.01453,6.25131,24.4375,101.119,10.3884,7.64554,6.41846,2.40308,7.02545,8.97015
8.90539,8.8784,8.52653,7.65814,25.6738,12.2985,5.98718,9.05572,6.68982,5.93906,4.07802,3.6091


========================================================
Test10 (ADC Calibration) results 2008-07-15 21:45:02
Board ID076 36 channels
Linux calibration software

Voltmeter channel: A=1.07, B=0

A:
1.09829,1.09462,1.09572,1.08548,1.08981,1.09426,1.1016,1.07,1.07385,1.10308,1.09053,1.09207
1.09262,1.09098,1.05149,1.09627,1.06144,0.902716,1.09572,1.09226,1.08881,1.09108,1.09682,1.07711
1.10022,1.09902,1.09362,1.0509,1.0599,1.09764,1.08917,1.10858,1.09728,1.09444,1.09865,1.10179


B:
7.50834,4.0714,6.56861,8.79679,9.59498,3.75055,5.57584,24.1739,12.2428,7.09106,3.69432,2.26916
7.00918,7.42145,42.733,6.94139,20.4039,-0.846918,9.19822,6.9068,4.84771,2.31854,5.99905,13.9474
9.04126,8.59408,7.83846,8.80646,33.2917,11.8284,6.25623,7.62804,5.35964,5.55251,3.65641,2.7626


========================================================
Test10 (ADC Calibration) results 2008-07-16 15:48:51
Board ID076 36 channels
Linux calibration software

Voltmeter channel: A=1.07, B=0

A:
1.0998,1.09666,1.09828,1.08734,1.09193,1.09655,1.10439,1.07133,1.0915,1.10548,1.09354,1.0944
1.0945,1.09311,1.06375,1.09883,1.0666,0.83785,1.09774,1.0944,1.09054,1.09311,1.09872,1.08132
1.10231,1.10133,1.0958,1.05358,1.07298,1.09959,1.09118,1.11078,1.09937,1.09666,1.10056,1.10384


B:
7.00053,2.41509,3.77636,7.299,7.86498,1.85645,3.47501,30.8801,1.2733,4.68415,1.79208,0.340758
5.49517,5.9058,31.6497,5.0365,21.9792,128.571,7.56666,5.59435,3.47306,0.877317,4.91638,13.079
7.35696,6.26913,6.49763,7.5184,21.6413,10.7179,4.40764,5.63471,3.87958,3.95031,2.78335,1.54638


========================================================
Test10 (ADC Calibration) results 2008-07-16 21:23:30
Board ID076 36 channels
Linux calibration software

Voltmeter channel: A=1.07, B=0

A:
1.09845,1.09502,1.09645,1.08598,1.09039,1.09483,1.10219,1.07043,1.08879,1.10373,1.09143,1.09237
1.09294,1.09152,1.0525,1.09712,1.06117,0.863472,1.09588,1.09294,1.08879,1.09162,1.08776,1.07709
1.10085,1.0995,1.09407,1.05241,1.06251,1.09817,1.08945,1.10848,1.09759,1.09379,1.09912,1.10075


B:
7.79538,3.70239,5.89771,7.89878,8.84025,3.22048,5.70023,28.0611,3.99511,6.72112,2.86573,2.43041
6.49626,6.9264,42.437,5.72524,24.0541,57.6912,9.49041,6.49626,5.08391,1.59982,14.74,15.9039
8.02885,8.15287,7.858,8.41967,31.5202,11.7909,5.78371,8.38381,5.50734,7.02508,3.22656,3.49338


========================================================
Test10 (ADC Calibration) results 2008-07-19 11:34:37
Board ID076 36 channels
Linux calibration software

Voltmeter channel: A=1.07, B=0

A:
1.09845,1.09531,1.09626,1.08589,1.09011,1.09502,1.10209,1.06609,1.0707,1.10364,1.09001,1.09237
1.09303,1.09162,1.05285,1.09693,1.0601,0.874593,1.09588,1.09275,1.0887,1.09114,1.09673,1.07728
1.10075,1.09941,1.09398,1.05682,1.0518,1.09778,1.08945,1.10867,1.09759,1.0936,1.09893,1.10209


B:
7.79538,2.7832,5.63431,8.41959,9.31797,2.60736,5.34706,29.2757,14.5343,6.14671,4.17236,1.99319
6.19081,6.62136,41.9034,6.11923,20.1727,12.5148,9.27129,6.6703,5.60679,2.25488,6.73298,13.5795
8.33657,8.02064,7.94504,19.8616,40.9796,12.578,5.78371,7.76394,5.50734,6.76202,3.62215,2.48151


========================================================
Test10 (ADC Calibration) results 2008-07-19 14:46:21
Board ID076 36 channels
Linux calibration software

Voltmeter channel: A=1.07, B=0

A:
1.09826,1.09512,1.09616,1.0858,1.09001,1.09474,1.10142,1.0651,1.07034,1.10354,1.08889,1.09247
1.09275,1.09152,1.05294,1.09693,1.0577,0.873323,1.09588,1.09237,1.08851,1.09114,1.09673,1.07453
1.10046,1.0996,1.09398,1.05894,1.05682,1.0974,1.08983,1.10848,1.09731,1.09351,1.09903,1.10133


B:
8.18953,3.39612,5.94083,8.2885,9.62243,3.30756,7.06298,31.4658,21.0802,6.23507,5.65065,2.34277
7.10756,6.9264,41.8224,5.8999,23.0501,17.8088,9.27129,7.0182,5.99755,2.47306,6.73298,16.9874
8.81888,7.40632,7.94504,19.7713,36.7706,12.925,5.00013,8.16216,5.98905,7.06766,3.53403,2.74549


========================================================
Test10 (ADC Calibration) results 2008-07-20 08:08:59
Board ID076 36 channels
Linux calibration software

Voltmeter channel: A=1.07, B=0

A:
1.09836,1.09512,1.09597,1.0858,1.09001,1.09483,1.10171,1.06672,1.07298,1.10383,1.08907,1.09228
1.09313,1.09162,1.05391,1.09702,1.05947,0.866374,1.09578,1.09228,1.08889,1.09133,1.08739,1.07572
1.10065,1.09931,1.09389,1.05664,1.06117,1.09797,1.08954,1.10819,1.09769,1.09303,1.09893,1.09788


B:
8.10226,3.39612,6.33436,8.50561,9.84038,3.00156,6.13891,31.2549,18.6387,5.75017,5.69474,2.51759
5.88497,7.0579,41.3535,6.0319,22.2384,45.6466,9.35812,7.97898,4.56176,2.73473,14.8662,19.1127
8.6439,8.10819,8.46996,18.5485,32.7556,11.7452,5.47876,8.42643,5.20041,7.28384,3.62215,6.56252


========================================================
Test10 (ADC Calibration) results 2008-07-20 17:40:55
Board ID076 36 channels
Linux calibration software

Voltmeter channel: A=1.07, B=0

A:
1.09826,1.09512,1.09626,1.08561,1.09001,1.09483,1.10209,1.06654,1.06925,1.10335,1.09001,1.09256
1.09275,1.09162,1.05531,1.09693,1.0585,0.86828,1.09588,1.09266,1.08907,1.09133,1.09351,1.07526
1.10085,1.09931,1.09407,1.05859,1.05602,1.09769,1.08936,1.10838,1.09721,1.09049,1.09883,1.10094


B:
8.40913,3.39612,6.07309,8.6783,10.0587,3.00156,5.56743,32.0603,22.7285,6.63148,4.17236,2.47413
7.10756,6.83963,39.6335,6.33856,23.3629,37.9636,9.05217,6.97579,5.04119,2.29842,9.69196,15.8797
8.24885,8.328,7.858,17.1398,37.5048,12.8842,5.87007,8.69355,6.2964,10.0619,4.14935,3.75791


========================================================
Test10 (ADC Calibration) results 2008-07-24 12:08:22
Board ID076 36 channels
Linux calibration software

Voltmeter channel: A=1.07, B=0

A:
1.09826,1.09464,1.09559,1.08542,1.08973,1.09417,1.10171,1.06744,1.05983,1.10258,1.08889,1.09218
1.09247,1.09143,1.05435,1.09654,1.05965,0.871816,1.09578,1.09228,1.08851,1.09086,1.09673,1.07508
1.10017,1.09941,1.09398,1.05101,1.06072,1.09721,1.08936,1.10799,1.09693,1.09455,1.09845,1.09893


B:
7.96993,3.61433,6.68362,8.41681,9.44608,3.61336,5.25749,31.8727,30.8088,6.23085,4.99721,2.38604
7.14951,6.57687,40.3156,5.15286,22.9202,19.35,8.70092,6.6683,4.90904,2.51653,5.85553,17.769
8.86118,8.02064,7.28882,18.374,32.7427,12.6599,5.43455,8.38079,5.68018,5.89057,4.06075,4.94081


========================================================
Test10 (ADC Calibration) results 2008-07-24 19:51:10
Board ID076 36 channels
Linux calibration software

Voltmeter channel: A=1.07, B=0

A:
1.09807,1.09445,1.09588,1.08533,1.08964,1.09464,1.10161,1.06555,1.06233,1.10315,1.08757,1.09162
1.09256,1.09114,1.05364,1.09626,1.06019,1.08907,1.0954,1.09237,1.08842,1.09096,1.09654,1.07407
1.09989,1.0995,1.09407,1.05364,1.05197,1.0974,1.08945,1.10828,1.09693,1.0918,1.09845,1.10152


B:
7.92481,4.00787,6.20278,8.71956,9.9685,2.51969,6.44694,31.9043,18.0873,6.36536,6.21112,3.12824
6.62591,7.05581,40.5427,6.94977,20.514,6.13026,9.4869,6.7999,5.21355,1.99278,6.90744,16.9803
9.123,7.27321,7.20133,11.4621,40.6073,12.2669,5.12993,7.45191,5.8999,8.1945,3.84073,2.56952


========================================================
Test10 (ADC Calibration) results 2009-01-23 11:11:04
Board ID076 36 channels
Host: ufcmshv3
Linux calibration software

Voltmeter channel: A=1.04275, B=8.96764

A:
1.05502,1.06001,1.05717,1.0483,1.06019,1.06496,1.05195,1.07571,1.05829,1.04839,1.03942,1.05898
1.05743,1.03975,1.05152,1.04359,1.06453,1.07216,1.04949,1.04746,1.07385,1.05289,1.05442,1.05178
1.06418,1.00924,1.03992,1.07163,1.09621,1.04409,1.05093,1.05829,1.07296,1.04443,1.05906,1.04805


B:
8.27793,3.3757,6.47294,8.51553,9.14992,3.83375,3.59296,12.2795,3.0936,5.50006,3.19812,2.86766
7.71091,7.24596,5.46787,4.62396,9.13826,6.31766,8.44443,6.17183,4.97278,1.0202,6.09915,7.54018
7.97331,32.1402,7.0872,5.95206,2.22625,10.8266,6.4512,6.90314,6.00862,5.28605,2.99827,0.370895


