========================================================

Test11 results 10-27-2005  15:28:00
Board ID076  36 channels
HV Tests Software Ver.1.6

+5V 2912 - O'k
-5V 1392 - O'k
Interlock - On
Calibration DAC Range: [2500 - 2900]


A:
Limits 0.76 +/- 0.04
0.744879,0.744879,0.744879,0.753296,0.749064,0.747664,0.747664,0.744879,0.747664,0.740741,0.750469,0.750469
0.746269,0.75188,0.747664,0.747664,0.747664,0.764818,0.746269,0.747664,0.753296,0.750469,0.750469,0.75188
0.743494,0.744879,0.749064,0.749064,0.749064,0.744879,0.749064,0.738007,0.744879,0.746269,0.749064,0.746269


B:
Limits 60.0 +/- 40.0
58.186066,76.118629,63.513878,63.163395,67.615616,69.243736,59.119976,69.620392,73.976318,68.063423,57.643806,59.515034
69.076775,61.442879,65.39389,58.555943,68.525826,55.567657,62.167778,65.14254,60.933853,61.672081,58.449608,57.685318
64.571548,59.141354,65.119164,67.703392,74.041908,58.111687,68.418808,60.704941,65.120934,63.77692,56.63203,68.687424
========================================================
Test11 (DAC Calibration) results 2007-10-18 15:06:21
Board ID76 36 channels
Linux calibration software
Calibration DAC Range: [1100 - 2700]

A:
0.744463,0.745782,0.745365,0.75188,0.749766,0.74599,0.743564,0.746687,0.748853,0.740604,0.748643,0.748223
0.747454,0.749204,0.748433,0.744948,0.748013,0.767386,0.74474,0.748083,0.749766,0.748363,0.745573,0.75061
0.741427,0.742184,0.747733,0.746965,0.746965,0.744532,0.749977,0.736716,0.744671,0.745782,0.746269,0.741427


B:
67.4297,78.279,68.7135,75.9399,71.6213,77.0982,70.1645,70.3192,79.313,75.3008,69.8671,74.7849
72.6994,73.5907,72.252,72.7162,75.2221,74.0048,73.7479,65.4013,80.3187,74.7427,71.8546,69.1126
79.0547,77.2706,70.2216,73.6694,81.1391,66.5891,71.7822,70.8076,72.0563,72.4619,74.627,82.0204


========================================================
Test11 (ADC Calibration) results 2008-06-17 18:39:44
Board ID076 36 channels
Linux calibration software

Calibration DAC Range: [1000 - 3500]

A:
0.7324,0.7344,0.734,0.7404,0.7372,0.734,0.73,0.7484,0.7428,0.7284,0.7368,0.736
0.7356,0.7372,0.736,0.7328,0.7492,0.8904,0.7332,0.7364,0.7376,0.7364,0.7332,0.7396
0.7296,0.7308,0.7348,0.734,0.752,0.7328,0.7384,0.7248,0.7328,0.7344,0.734,0.7292


B:
66.6,76.6001,66.9999,74.5999,72.7999,76.9999,69.9999,56.6001,72.2,74.6,69.2,75
72.4,70.7999,73,73.2,63.8,-8.39997,72.7999,64.6,80.3999,75.6,70.7999,68.4
78.4,76.2001,69.2001,72.9999,61.0001,65.2,70.6001,71.2,71.2,70.6001,70.9999,80.8


