

========================================================
Test10 (ADC Calibration) results 2014-03-06 15:19:06
Board ID503 30 channels
Host: ufcmshv1
Linux calibration software

Voltmeter channel: A=1.10851, B=-1.09954

A:
1.12646,1.12763,1.07648,1.0833,1.11211,1.12248,1.09886,1.12374,1.10427,1.09414
1.10709,1.09258,1.10775,1.11002,1.05663,1.07364,1.07346,1.07267,1.10053,1.10305
1.08828,1.09066,1.09185,1.11106,1.07072,1.0732,1.05672,1.09627,1.07881,1.09802


B:
-3.52305,-1.85807,-1.76158,-1.15144,-0.56141,-2.45177,-0.544523,-1.77701,-1.26097,-2.17244
-1.37482,-0.963888,-1.97007,-1.13042,-1.09229,-1.27059,-2.17894,-1.86646,-2.72434,-1.48397
-0.739213,-1.38813,-2.25915,-0.290682,-0.4853,-1.93194,-1.38506,-1.04021,-1.54236,-1.10394


========================================================
Test10 (ADC Calibration) results 2014-03-06 15:39:29
Board ID503 30 channels
Host: ufcmshv1
Linux calibration software

Voltmeter channel: A=1.1086, B=-1.18442

A:
1.12656,1.12715,1.07595,1.08366,1.11239,1.12228,1.09877,1.12354,1.10418,1.09378
1.10709,1.09286,1.10766,1.10964,1.0568,1.07426,1.0732,1.07258,1.10044,1.10287
1.08865,1.09075,1.09176,1.11135,1.07116,1.07337,1.05689,1.09654,1.07881,1.09821


B:
-4.06084,-0.748777,-0.835708,-1.91775,-1.26244,-2.0552,-0.0203214,-0.929905,-0.955566,-1.39886
-1.15345,-1.21554,-1.44176,-0.346065,-1.25439,-2.27724,-1.71695,-1.78407,-3.51978,-0.6531
-1.94389,-1.47139,-1.95687,-0.546475,-1.53904,-2.74024,-1.75844,-1.73126,-1.75807,-1.49235


