========================================================

Test10 results 09-16-2005  13:44:04
Board ID060  36 channels
HV Tests Software Ver.1.6

+5V 2928 - O'k
-5V 1365 - O'k
Interlock - On

Voltmeter channel: A=1.083424, B=7.583981

A:
Limits 1.1 +/- 0.1
1.082251,1.074691,1.079914,1.082251,1.079331,1.077586,1.079331,1.074691,1.076426,1.077586,1.069519,1.071237
1.082837,1.073537,1.081081,1.074114,1.086366,1.076426,1.080497,1.068947,1.072386,1.071237,1.076426,1.068947
1.077586,1.084011,1.073537,1.084011,1.070091,1.085187,1.092299,1.073537,1.073537,1.077586,1.086957,1.075847


B:
Limits 0.0 +/- 35.0
3.246791,7.522722,8.639275,5.411294,12.952018,8.620811,5.396702,5.373341,3.229268,6.465639,6.417229,6.42725
14.077056,7.514596,1.08126,2.148266,10.863837,4.305695,8.643984,10.689509,6.434438,8.569725,1.076416,4.275827
5.388053,4.336046,2.14691,5.420056,7.490445,7.596303,5.461306,1.073372,1.073372,5.388053,8.695728,-1.07599
========================================================
Test10 (ADC Calibration) results 2008-03-07 11:27:16
Board ID60 36 channels
Linux calibration software

Voltmeter channel: A=1.08283, B=8.4829

A:
1.08519,1.07444,1.0798,1.08414,1.07929,1.0802,1.08113,1.07943,1.07504,1.07964,1.06879,1.06929
1.08739,1.07489,1.07933,1.07375,1.08621,1.07482,1.08202,1.07051,1.07138,1.07293,1.07521,1.06798
1.08034,1.08293,1.07374,1.08479,1.07105,1.08455,1.09282,1.07529,1.07141,1.07535,1.09326,1.07434


B:
-2.42688,5.67889,3.97575,5.045,9.53598,4.90458,3.8138,4.35707,1.67746,3.26193,3.71476,6.27519
9.89295,2.44382,-1.35608,-1.84976,5.89162,4.34894,4.48058,9.65834,5.63556,5.07166,-0.845426,1.26955
3.12432,3.09452,-2.35154,1.74016,2.91375,3.48117,1.60982,-3.31787,0.589691,3.95041,6.30721,-3.24447


========================================================
Test10 (ADC Calibration) results 2008-06-19 12:08:44
Board ID060 36 channels
Linux calibration software

Voltmeter channel: A=1.07, B=0

A:
1.10291,1.09283,1.09684,1.10421,1.09483,1.0962,1.10486,1.10709,1.0931,1.1018,1.08723,1.0875
1.11309,1.09292,1.09711,1.09101,1.10365,1.09392,1.10051,1.0893,1.09101,1.09519,1.09301,1.08507
1.10541,1.10116,1.09111,1.10217,1.08894,1.1018,1.10411,1.0659,1.08939,1.0784,1.12278,1.09228


B:
-0.471599,4.41249,3.34697,4.30044,10.4496,8.978,2.16128,4.10658,0.226108,4.29241,4.14129,4.54358
10.4452,3.45454,-1.5135,-1.33453,6.57424,3.40655,3.93241,7.66782,2.81151,5.29717,-2.31292,1.79707
3.19999,3.12136,-1.20034,4.39552,4.73333,3.63149,7.91871,12.1864,-1.13054,13.4024,6.66259,-3.60508


========================================================
Test10 (ADC Calibration) results 2008-07-15 18:15:23
Board ID060 36 channels
Linux calibration software

Voltmeter channel: A=1.07, B=0

A:
1.10236,1.09292,1.09675,1.10421,1.09519,1.09265,1.10486,1.10746,1.09319,1.10199,1.08714,1.08777
1.11469,1.09419,1.09757,1.09101,1.10374,1.09374,1.10042,1.08984,1.0902,1.09565,1.0931,1.08525
1.10449,1.10116,1.09111,1.08346,1.08921,1.10189,1.10849,1.06599,1.08939,1.07964,1.07566,1.09201


B:
-0.844421,3.67307,3.43112,3.85899,10.3352,10.2616,1.71917,4.87398,-0.0765259,3.4624,4.44205,4.29362
11.677,3.15488,-1.71631,-1.33453,6.48982,4.01202,3.79658,7.3862,4.21838,4.43937,-2.61579,1.63024
3.8259,2.90079,-0.763605,12.83,4.48322,3.3264,1.50193,13.811,-1.13054,12.0387,49.2801,-3.35218


========================================================
Test10 (ADC Calibration) results 2008-07-17 09:50:45
Board ID060 36 channels
Linux calibration software

Voltmeter channel: A=1.07, B=0

A:
1.10355,1.09344,1.09742,1.1049,1.09495,1.09334,1.10529,1.10761,1.09363,1.10211,1.0878,1.08836
1.11483,1.09476,1.09819,1.09127,1.10394,1.09439,1.10134,1.09071,1.09108,1.09562,1.09372,1.08593
1.10538,1.10192,1.09231,1.08398,1.08977,1.1022,1.10461,1.06679,1.09014,1.0776,1.06904,1.09259


B:
-1.28017,3.41127,2.80942,2.56306,10.7745,9.18431,1.76855,4.51936,-0.0441225,4.23217,3.8289,3.5265
11.1036,3.06542,-2.50375,-0.916417,6.97671,3.63322,2.29076,6.36967,3.1856,5.3466,-3.41239,0.999047
2.56466,2.20376,-2.53419,12.3573,3.96668,3.70335,7.02533,9.85718,-2.26772,14.569,41.7358,-3.671


========================================================
Test10 (ADC Calibration) results 2008-07-19 11:33:18
Board ID060 36 channels
Linux calibration software

Voltmeter channel: A=1.07, B=0

A:
1.10403,1.09316,1.09685,1.10413,1.09439,1.09221,1.10461,1.10674,1.09382,1.10192,1.0877,1.08817
1.11336,1.09429,1.0979,1.09127,1.10422,1.09467,1.10105,1.09033,1.09089,1.09552,1.09363,1.08565
1.10461,1.10163,1.09202,1.08407,1.08958,1.10211,1.09638,1.04451,1.08986,1.06062,1.10625,1.09259


B:
-1.50134,3.67267,3.11507,3.93081,10.8564,9.78613,2.38602,3.98419,-0.656469,3.74634,3.6983,3.69956
10.8664,3.28296,-2.23968,-1.135,5.60954,2.27711,2.77458,7.58886,3.57849,4.55739,-3.54368,1.47644
2.38602,2.46788,-1.83497,12.0545,3.92265,3.79105,11.0077,34.5522,-1.78721,27.1094,19.0273,-4.10819


========================================================
Test10 (ADC Calibration) results 2008-07-19 17:28:33
Board ID060 36 channels
Linux calibration software

Voltmeter channel: A=1.07, B=0

A:
1.10403,1.09353,1.09695,1.10413,1.09429,1.09118,1.10451,1.10625,1.09363,1.10211,1.0878,1.0878
1.11267,1.09439,1.0978,1.09136,1.10365,1.09448,1.10096,1.09033,1.09118,1.09571,1.09353,1.08556
1.10432,1.10153,1.09165,1.0836,1.08939,1.1022,1.09866,1.05461,1.08986,1.05461,1.10259,1.09287


B:
-2.1636,3.10573,3.46615,3.93081,10.943,11.3919,2.47432,5.08864,-0.262795,3.57079,3.61139,4.48168
11.9277,3.1957,-1.71231,-1.44039,7.01906,3.32758,2.86225,6.93443,3.0991,4.38276,-2.58098,1.563
3.53393,2.77583,-1.26605,12.6999,4.53194,3.48297,9.14077,24.2559,-1.56941,33.3256,23.4191,-4.37165


========================================================
Test10 (ADC Calibration) results 2008-07-20 15:54:11
Board ID060 36 channels
Linux calibration software

Voltmeter channel: A=1.07, B=0

A:
1.10422,1.09316,1.09666,1.10413,1.09495,1.09033,1.10519,1.10625,1.09363,1.10201,1.0878,1.08789
1.11287,1.09486,1.09752,1.09174,1.10403,1.0941,1.10096,1.09071,1.09108,1.0959,1.09382,1.08565
1.10403,1.10163,1.09174,1.08379,1.08939,1.1024,1.09809,1.05005,1.08995,1.05522,1.09391,1.0924


B:
-2.34082,4.32867,3.9482,3.93081,10.1174,11.7318,1.19401,5.08864,0.393489,3.21747,3.39388,4.17775
12.4196,2.54014,-1.22921,-2.22738,6.44752,3.45721,3.08266,6.36967,2.74939,4.20856,-3.06281,1.47644
3.35656,2.24761,-1.35381,12.7454,4.31412,2.64573,10.3221,27.4694,-1.6569,32.9651,30.323,-3.71415


========================================================
Test10 (ADC Calibration) results 2008-07-24 14:52:16
Board ID060 36 channels
Linux calibration software

Voltmeter channel: A=1.07, B=0

A:
1.10355,1.09316,1.09695,1.10374,1.09363,1.09221,1.10471,1.10625,1.09268,1.10144,1.08705,1.08798
1.11316,1.09401,1.09742,1.09108,1.10374,1.09372,1.10048,1.08995,1.09071,1.09533,1.09297,1.08528
1.10365,1.10038,1.09136,1.0836,1.08855,1.1022,1.09819,1.06868,1.08977,1.07376,1.11444,1.0924


B:
-1.94252,3.45409,2.80814,4.06167,10.4548,9.78613,1.41406,4.86744,-0.480854,3.96536,3.86973,3.87304
10.5973,3.54459,-1.36084,-1.61494,6.26916,4.02498,2.86143,7.06273,2.66138,4.73178,-2.92917,1.82305
3.04621,2.72885,-1.22217,12.6999,4.65914,3.04192,8.25852,9.14759,-2.13585,15.7627,11.0108,-4.151


========================================================
Test10 (ADC Calibration) results 2008-07-24 21:41:51
Board ID060 36 channels
Linux calibration software

Voltmeter channel: A=1.07, B=0

A:
1.10307,1.09334,1.09638,1.10403,1.09448,1.09221,1.10509,1.10693,1.09353,1.10172,1.0877,1.08817
1.11356,1.09439,1.0978,1.09127,1.10384,1.09439,1.10105,1.09024,1.0908,1.09609,1.09363,1.08528
1.10461,1.10153,1.09174,1.08398,1.08958,1.1022,1.09524,1.06868,1.08967,1.07167,1.11365,1.09268


B:
-1.50011,2.84286,3.77177,3.79807,9.67523,8.69392,1.5026,3.14397,-0.612444,3.48118,3.6983,3.48198
10.2445,3.1957,-2.3711,-1.57141,6.40241,3.1957,2.55454,7.021,3.01075,3.59514,-3.54368,1.82305
2.16527,2.33494,-1.79079,11.4901,3.48666,2.82154,5.47621,4.65918,-1.61247,15.5604,8.82002,-4.19587


========================================================
Test10 (ADC Calibration) results 2008-08-12 21:57:53
Board ID060 36 channels
Linux calibration software

Voltmeter channel: A=1.07, B=0

A:
1.10461,1.0941,1.09723,1.10451,1.09486,1.09061,1.1048,1.10722,1.09382,1.10249,1.08817,1.08855
1.11238,1.09514,1.09819,1.09193,1.10422,1.09467,1.10144,1.09099,1.09136,1.09628,1.09391,1.08602
1.10355,1.1022,1.09212,1.08407,1.09042,1.10288,1.03663,1.0624,1.09014,1.05425,1.10442,1.09316


B:
-2.25318,2.80064,2.98422,3.57883,10.2042,10.6009,1.76796,4.42888,-0.218782,3.66007,3.69956,3.35294
10.8568,3.59194,-2.72334,-2.18384,6.05101,3.80942,2.64369,6.76439,2.92507,4.29758,-3.80704,0.912222
2.91338,2.16049,-1.70346,11.6211,3.14057,2.64712,9.16403,22.6929,-1.83138,33.4409,15.1523,-4.41658


========================================================
Test10 (ADC Calibration) results 2008-08-15 18:23:22
Board ID060 36 channels
Linux calibration software

Voltmeter channel: A=1.07, B=0

A:
1.10451,1.09372,1.09685,1.10451,1.09448,1.08948,1.1048,1.1078,1.09334,1.10249,1.08817,1.08827
1.11199,1.09495,1.09771,1.09184,1.10394,1.09467,1.10134,1.0908,1.09118,1.09628,1.09391,1.08565
1.10307,1.10163,1.09259,1.0837,1.08967,1.10259,1.09193,1.07926,1.09014,1.06089,1.11053,1.09287


B:
-1.94374,3.58721,3.7734,4.0208,10.7697,11.4181,2.20977,4.34243,0.218937,4.32178,3.69956,3.83036
11.2087,3.76648,-1.40484,-2.09648,6.97671,3.80942,2.73157,7.37395,3.75365,4.73599,-3.3692,1.91059
3.57423,2.68815,-2.35994,12.8312,4.70729,3.13135,10.0457,9.36781,-1.83138,28.9833,13.8594,-4.15313


========================================================
Test10 (ADC Calibration) results 2008-08-27 10:28:09
Board ID060 36 channels
Linux calibration (server mode)

Voltmeter channel: A=1.10446, B=0

A:
1.09904,1.09481,1.09826,1.1053,1.09816,1.09443,1.10508,1.10824,1.09389,1.1036,1.08934,1.08963
1.11629,1.09663,1.09744,1.09124,1.1063,1.0962,1.10224,1.09324,1.09237,1.09763,1.09282,1.08627
1.10319,1.10272,1.09186,1.08772,1.09141,1.10355,1.09476,1.06623,1.08961,1.07439,1.11165,1.09174


B:
0,0,0,0,0,0,0,0,0,0,0,0
0,0,0,0,0,0,0,0,0,0,0,0
0,0,0,0,0,0,0,0,0,0,0,0


========================================================
Test10 (ADC Calibration) results 2008-08-27 11:18:31
Board ID060 36 channels
Linux calibration software

Voltmeter channel: A=1.07, B=0

A:
1.09571,1.09372,1.09685,1.10422,1.09439,1.07696,1.10422,1.10577,1.09391,1.1022,1.08798,1.08845
1.1114,1.096,1.09809,1.09184,1.10422,1.09533,1.10153,1.09108,1.09127,1.09609,1.09382,1.08574
1.10192,1.10182,1.09259,1.0836,1.08977,1.10278,1.09136,1.04476,1.09005,1.05875,1.09505,1.09287


B:
4.60212,3.36852,3.55409,3.40109,10.4187,23.564,2.51755,4.64408,-0.306575,3.70335,3.87304,3.43951
11.2915,2.36729,-2.41589,-2.09648,6.05101,2.76013,2.33494,6.677,3.23007,4.69123,-3.50023,1.607
3.52601,2.51203,-2.35994,12.9166,4.62064,2.95547,10.346,33.6831,-1.52601,24.6056,17.0387,-3.93461


========================================================
Test10 (ADC Calibration) results 2008-08-28 18:28:31
Board ID060 36 channels
Linux calibration (server mode)

Voltmeter channel: A=1.09111, B=0

A:
1.08441,1.08162,1.08483,1.09179,1.08418,1.05907,1.09148,1.09259,1.08066,1.08987,1.07623,1.07661
1.10068,1.08341,1.08416,1.0781,1.09296,1.08304,1.08878,1.08006,1.07918,1.08413,1.07973,1.07324
1.08912,1.08932,1.07868,1.07464,1.07807,1.09027,1.08106,1.04205,1.07656,1.05246,1.08031,1.0786


B:
0,0,0,0,0,0,0,0,0,0,0,0
0,0,0,0,0,0,0,0,0,0,0,0
0,0,0,0,0,0,0,0,0,0,0,0


========================================================
Test10 (ADC Calibration) results 2008-08-28 18:57:15
Board ID060 36 channels
Linux calibration (server mode)

Voltmeter channel: A=1.09102, B=0

A:
1.0788,1.08165,1.08492,1.09177,1.08388,1.05616,1.09145,1.09216,1.0807,1.08975,1.07608,1.07656
1.10025,1.08334,1.0842,1.07815,1.09283,1.08295,1.08882,1.08005,1.07923,1.08416,1.07983,1.07321
1.08888,1.08934,1.07875,1.07461,1.07808,1.09022,1.08111,1.03632,1.07649,1.05006,1.07956,1.07855


B:
0,0,0,0,0,0,0,0,0,0,0,0
0,0,0,0,0,0,0,0,0,0,0,0
0,0,0,0,0,0,0,0,0,0,0,0


========================================================
Test10 (ADC Calibration) results 2008-08-30 18:21:59
Board ID060 36 channels
Linux calibration (server mode)

Voltmeter channel: A=1.08878, B=0

A:
1.08471,1.07936,1.08256,1.08962,1.08225,1.06148,1.08938,1.0918,1.07834,1.0878,1.07387,1.07426
1.09901,1.08125,1.08182,1.07574,1.09057,1.08073,1.08661,1.07773,1.07695,1.08214,1.07736,1.07084
1.08721,1.08702,1.07645,1.07223,1.07589,1.08787,1.07901,1.04323,1.07411,1.04694,1.08663,1.07615


B:
0,0,0,0,0,0,0,0,0,0,0,0
0,0,0,0,0,0,0,0,0,0,0,0
0,0,0,0,0,0,0,0,0,0,0,0


========================================================
Test10 (ADC Calibration) results 2008-08-30 21:23:30
Board ID060 36 channels
Linux calibration (server mode)

Voltmeter channel: A=1.11963, B=0

A:
1.11899,1.1101,1.11332,1.12068,1.11264,1.08144,1.1204,1.12175,1.10917,1.11858,1.10452,1.10491
1.12865,1.11213,1.1128,1.10654,1.12161,1.11158,1.11754,1.1084,1.10758,1.1128,1.10823,1.10147
1.11787,1.11805,1.10712,1.10284,1.10654,1.119,1.10964,1.06513,1.10486,1.05876,1.10651,1.10697


B:
0,0,0,0,0,0,0,0,0,0,0,0
0,0,0,0,0,0,0,0,0,0,0,0
0,0,0,0,0,0,0,0,0,0,0,0


========================================================
Test10 (ADC Calibration) results 2008-08-30 21:50:45
Board ID060 36 channels
Linux calibration (server mode)

Voltmeter channel: A=1.08858, B=0

A:
1.08746,1.07914,1.08237,1.08936,1.08153,1.05174,1.08902,1.0903,1.07829,1.08744,1.07377,1.07415
1.09701,1.08111,1.0817,1.07572,1.0904,1.08058,1.08646,1.07761,1.0768,1.0818,1.07736,1.0708
1.08667,1.08687,1.07628,1.07207,1.07584,1.08787,1.07868,1.03714,1.07408,1.03161,1.07535,1.07603


B:
0,0,0,0,0,0,0,0,0,0,0,0
0,0,0,0,0,0,0,0,0,0,0,0
0,0,0,0,0,0,0,0,0,0,0,0


========================================================
Test10 (ADC Calibration) results 2008-08-31 12:04:50
Board ID060 36 channels
Linux calibration (server mode)

Voltmeter channel: A=1.08834, B=0

A:
1.07665,1.07906,1.08227,1.08924,1.08133,1.04398,1.08878,1.08929,1.07821,1.08709,1.07369,1.0741
1.09622,1.08096,1.08158,1.07564,1.09028,1.08048,1.08624,1.07738,1.0767,1.08152,1.07735,1.07077
1.08592,1.0868,1.07625,1.07197,1.0757,1.08782,1.07856,1.03029,1.07403,1.0249,1.07291,1.07607


B:
0,0,0,0,0,0,0,0,0,0,0,0
0,0,0,0,0,0,0,0,0,0,0,0
0,0,0,0,0,0,0,0,0,0,0,0


========================================================
Test10 (ADC Calibration) results 2008-08-31 16:13:49
Board ID060 36 channels
Linux calibration (server mode)

Voltmeter channel: A=1.08855, B=0

A:
1.07816,1.07924,1.08252,1.08948,1.08163,1.04917,1.08899,1.09011,1.07831,1.08746,1.07372,1.07413
1.09718,1.0811,1.08185,1.0757,1.09038,1.08058,1.0864,1.07753,1.07673,1.08177,1.0774,1.07084
1.08633,1.08692,1.07632,1.07214,1.07579,1.08788,1.07873,1.03425,1.07411,1.02325,1.07996,1.07612


B:
0,0,0,0,0,0,0,0,0,0,0,0
0,0,0,0,0,0,0,0,0,0,0,0
0,0,0,0,0,0,0,0,0,0,0,0


========================================================
Test10 (ADC Calibration) results 2008-08-31 18:29:22
Board ID060 36 channels
Linux calibration (server mode)

Voltmeter channel: A=1.08856, B=0

A:
1.08667,1.07919,1.08242,1.08941,1.08152,1.0472,1.08899,1.08999,1.07826,1.08744,1.07375,1.07418
1.0968,1.08108,1.08177,1.07575,1.09033,1.08058,1.08633,1.07756,1.07675,1.0818,1.07746,1.07084
1.08628,1.08692,1.0764,1.07209,1.07575,1.08782,1.07881,1.02963,1.0741,1.02325,1.07661,1.07612


B:
0,0,0,0,0,0,0,0,0,0,0,0
0,0,0,0,0,0,0,0,0,0,0,0
0,0,0,0,0,0,0,0,0,0,0,0


========================================================
Test10 (ADC Calibration) results 2008-09-01 15:17:54
Board ID060 36 channels
Linux calibration (server mode)

Voltmeter channel: A=1.08883, B=0

A:
1.088,1.07943,1.08262,1.08965,1.08225,1.07866,1.08933,1.09062,1.07839,1.0876,1.0739,1.07425
1.09773,1.08133,1.08197,1.07595,1.09076,1.08075,1.08655,1.07786,1.07691,1.08204,1.07743,1.07097
1.08687,1.08717,1.07648,1.07227,1.0759,1.08797,1.07909,1.07753,1.07436,1.07355,1.07896,1.07627


B:
0,0,0,0,0,0,0,0,0,0,0,0
0,0,0,0,0,0,0,0,0,0,0,0
0,0,0,0,0,0,0,0,0,0,0,0


========================================================
Test10 (ADC Calibration) results 2009-03-20 10:16:01
Board ID060 36 channels
Host: ufcmshv3
Linux calibration software

Voltmeter channel: A=1.0483, B=3.06441

A:
1.0647,1.05932,1.05597,1.05135,1.05263,1.0727,1.05468,1.04856,1.05519,1.05374,1.05898,1.05391
1.0576,1.05425,1.05751,1.05229,1.05958,1.05255,1.07163,1.06096,1.04856,1.05768,1.05528,1.04468
1.0582,1.06331,1.05993,1.06662,1.04856,1.05101,1.07367,1.07411,1.05212,1.06785,1.06671,1.06019


B:
-1.45798,3.81322,4.01261,4.15689,7.36829,10.7601,2.69378,4.08103,0.73035,4.00425,4.77346,4.89651
10.2993,3.3088,-1.04118,-0.517887,6.32484,4.50156,3.16556,7.36178,3.66186,4.29594,-2.09458,2.12167
2.32793,3.68054,-1.63069,12.3073,4.71042,4.47884,10.935,3.65207,-0.776916,10.5303,4.97242,-2.30014


========================================================
Test10 (ADC Calibration) results 2009-03-20 10:44:24
Board ID060 36 channels
Host: ufcmshv3
Linux calibration software

Voltmeter channel: A=1.04805, B=4.14397

A:
1.0647,1.05924,1.05614,1.05135,1.05263,1.07296,1.05502,1.04822,1.05537,1.05366,1.0588,1.05408
1.05777,1.05417,1.05751,1.05238,1.05949,1.05238,1.07181,1.0607,1.04864,1.05734,1.05519,1.04468
1.0582,1.06339,1.05941,1.06636,1.04864,1.05093,1.07367,1.0742,1.05178,1.06794,1.06662,1.0601


B:
-2.09664,3.89483,3.63921,3.94667,7.57877,9.44191,1.73698,4.61222,0.14644,4.08485,4.5124,4.52455
9.50395,2.96764,-1.04118,-0.809526,6.19386,4.45235,2.35802,7.39235,4.00086,5.0427,-2.22425,2.33056
2.32793,3.17399,-0.717006,12.5501,4.6303,4.34934,10.5056,3.13993,-0.24289,10.022,5.05404,-2.00607


