========================================================

Test11 results 09-16-2005  13:49:29
Board ID060  36 channels
HV Tests Software Ver.1.6

+5V 2928 - O'k
-5V 1366 - O'k
Interlock - On
Calibration DAC Range: [2500 - 2900]


A:
Limits 0.76 +/- 0.04
0.749064,0.753296,0.747664,0.746269,0.749064,0.750469,0.750469,0.754717,0.750469,0.75188,0.757576,0.757576
0.746269,0.753296,0.747664,0.753296,0.746269,0.754717,0.747664,0.756144,0.754717,0.756144,0.750469,0.757576
0.75188,0.746269,0.753296,0.746269,0.759013,0.743494,0.740741,0.75188,0.753296,0.750469,0.746269,0.75188


B:
Limits 60.0 +/- 40.0
63.448215,64.920654,72.619354,74.753777,64.634354,69.567215,68.224762,62.620647,80.594124,62.626503,65.670708,60.511944
68.545311,68.870491,75.942589,64.111084,58.423134,60.671761,69.386108,63.854553,67.182297,64.866005,80.080193,67.290176
64.964195,70.162292,73.624939,70.970871,56.441376,74.559715,67.37513,78.230209,73.624939,67.858322,68.151772,75.196075
========================================================
Test11 (DAC Calibration) results 2008-03-07 11:27:16
Board ID60 36 channels
Linux calibration software
Calibration DAC Range: [1100 - 2700]

A:
0.745018,0.752092,0.748363,0.745365,0.748713,0.748083,0.746687,0.748994,0.750539,0.748853,0.756072,0.755715
0.742391,0.752162,0.749064,0.753722,0.744325,0.752587,0.746826,0.754859,0.753864,0.753154,0.751174,0.756644
0.748363,0.746199,0.752587,0.745295,0.754859,0.745087,0.740192,0.75188,0.754219,0.751456,0.741771,0.752162


B:
76.6439,71.8906,73.9944,74.8254,69.022,75.7249,78.3834,72.3808,84.5202,70.7762,74.1612,72.2274
75.5011,72.9975,78.2772,67.0998,70.4503,73.4713,72.8153,66.4465,73.2378,73.1499,82.1595,75.2011
72.4977,75.4687,78.7394,75.9643,72.6363,73.568,72.3169,78.9474,76.5249,69.1527,71.9054,80.2182


========================================================
Test11 (ADC Calibration) results 2008-06-19 12:56:33
Board ID060 36 channels
Linux calibration software

Calibration DAC Range: [1000 - 3500]

A:
0.7332,0.7396,0.7368,0.732,0.7388,0.7368,0.7308,0.73,0.7388,0.7332,0.7436,0.7436
0.7248,0.74,0.7372,0.742,0.7324,0.7396,0.734,0.742,0.7408,0.738,0.7388,0.7452
0.7316,0.7336,0.7404,0.7332,0.7424,0.7336,0.7324,0.7592,0.742,0.7496,0.722,0.74


B:
75.7999,73.4,75.2,75,67.2,74.2,80.2001,73.9999,85.2,72.7999,74.4,73.4
77.2,73,77.7999,67.0001,71.6,75.4,74.9999,69.0001,75.1999,74.0001,85.2,74.8001
72.4,76.3999,79.5999,75.7999,72.6,74.3999,68.6,65.8001,78.0001,62.4,73,81


========================================================
Test11 (ADC Calibration) results 2008-07-15 19:12:31
Board ID060 36 channels
Linux calibration software

Calibration DAC Range: [1000 - 3500]

A:
0.7332,0.7404,0.7368,0.7324,0.7384,0.7392,0.7316,0.73,0.7388,0.7336,0.7444,0.7432
0.7244,0.7384,0.7368,0.742,0.7328,0.7392,0.7348,0.7416,0.7412,0.7372,0.7388,0.7448
0.732,0.734,0.7408,0.746,0.742,0.7336,0.7296,0.7588,0.742,0.7484,0.7536,0.74


B:
76.7999,71.5999,75.2,75.6,67.6001,72.8,78.4,72.9999,85.2,72.3999,71.5999,73.8
74.6001,74.6001,78.2,67.0001,70.2,75.8,73.2001,68.4001,74.8001,75.7999,85.2,75.2001
73,75.9999,78.1999,69,73.0001,74.3999,73.4,65.1999,78.0001,64.6001,40.4,81


========================================================
Test11 (ADC Calibration) results 2008-07-17 10:58:43
Board ID060 36 channels
Linux calibration software

Calibration DAC Range: [1000 - 3500]

A:
0.7328,0.7396,0.7364,0.7312,0.7384,0.7392,0.7308,0.73,0.7384,0.7332,0.7432,0.7432
0.724,0.7388,0.7364,0.742,0.7328,0.7392,0.734,0.7412,0.7412,0.7376,0.7388,0.7444
0.7312,0.7336,0.7404,0.7456,0.7424,0.7332,0.7324,0.758,0.7416,0.75,0.7588,0.74


B:
76.2,72.4,75.6,77.8001,67.6001,72.8,79.2001,72.9999,85.6001,71.7999,73.8,73.8
76.0001,73.2,78.6,66.0001,69.2,74.8,73.9999,69.8001,73.8001,74.3999,85.2,75.5999
73.8001,76.3999,78.5999,69.4001,71.6,74.7999,68.6,68.9999,78.4001,62,44.1999,80


========================================================
Test11 (ADC Calibration) results 2008-07-20 18:37:46
Board ID060 36 channels
Linux calibration software

Calibration DAC Range: [1000 - 3500]

A:
0.732,0.7392,0.7368,0.732,0.7384,0.7412,0.7308,0.7308,0.7384,0.7336,0.7432,0.7432
0.7252,0.738,0.7364,0.7412,0.732,0.7396,0.7344,0.7412,0.7412,0.7376,0.7384,0.7444
0.7324,0.7336,0.7404,0.7452,0.742,0.7332,0.7364,0.77,0.7416,0.766,0.7412,0.74


B:
78,73.8,75.2,76,68.6001,71.8001,80.2001,73.2001,85.6001,72.3999,74.8,73.8
74.8,75.0001,78.6,68.8001,72,74.4,73.6001,69.8001,74.8001,74.3999,85.6001,75.5999
72.6,76.3999,78.5999,70.8001,73.0001,74.7999,67.6,56.0001,78.4001,48.0001,54.8001,81


========================================================
Test11 (ADC Calibration) results 2008-07-24 23:03:59
Board ID060 36 channels
Linux calibration software

Calibration DAC Range: [1000 - 3500]

A:
0.7328,0.7392,0.7372,0.732,0.7388,0.7396,0.7308,0.73,0.7388,0.7336,0.7432,0.7432
0.7256,0.7388,0.7364,0.742,0.7324,0.7396,0.7344,0.7416,0.7408,0.7372,0.7388,0.7448
0.732,0.734,0.74,0.7456,0.7424,0.7332,0.7384,0.7568,0.742,0.7544,0.728,0.7392


B:
77.2,74.8,74.7999,76,68.2,74.4,80.2001,74.9999,85.2,72.3999,74.8,73.8
74.4,73.2,79.6,67.0001,71.6,74.4,73.6001,68.4001,75.1999,75.7999,85.2,75.2001
74,75.9999,80,70.4001,72.6,74.7999,70.6001,73.2,78.0001,60.5999,71.0001,82.8


========================================================
Test11 (ADC Calibration) results 2008-08-12 23:20:39
Board ID060 36 channels
Linux calibration software

Calibration DAC Range: [1000 - 3500]

A:
0.7316,0.7388,0.7364,0.7316,0.7384,0.7408,0.7312,0.73,0.7384,0.7332,0.7428,0.7428
0.7256,0.738,0.736,0.7408,0.7324,0.7392,0.734,0.7408,0.7412,0.7372,0.7384,0.7444
0.7324,0.7332,0.7404,0.7452,0.7412,0.7328,0.7804,0.7612,0.7416,0.7668,0.7344,0.7392


B:
78.4,74.2,75.6,76.4,68.6001,73.1999,79.8001,72.9999,85.6001,71.7999,75.2,74.2
76.4,74.0001,80,69.1999,70.6,73.8,73.9999,69.1999,73.8001,74.7999,85.6001,75.5999
73.6,76.7999,78.5999,70.8001,73.8001,75.2,67.6001,58.8,78.4001,47.2,65.6001,81.8


========================================================
Test11 (ADC Calibration) results 2008-08-13 01:14:42
Board ID060 36 channels
Linux calibration software

Calibration DAC Range: [1000 - 3500]

A:
0.7316,0.7388,0.7364,0.7316,0.7384,0.7408,0.7312,0.7304,0.7384,0.7336,0.7428,0.7428
0.7256,0.738,0.736,0.7416,0.732,0.7388,0.7344,0.7408,0.7408,0.7372,0.7384,0.7444
0.732,0.7332,0.7404,0.7456,0.7412,0.7328,0.7804,0.7612,0.7416,0.7672,0.7344,0.7392


B:
78.4,74.2,75.6,76.4,68.6001,73.1999,79.8001,72.5999,85.6001,71.3999,75.2,74.2
76.4,74.0001,80,67.4001,72,75.2,73.6001,69.1999,74.1999,74.7999,85.6001,75.5999
75,76.7999,78.5999,70.4001,73.8001,75.2,67.6001,58.8,78.4001,46.8,65.6001,81.8


========================================================
Test11 (ADC Calibration) results 2008-08-15 19:34:23
Board ID060 36 channels
Linux calibration software

Calibration DAC Range: [1000 - 3500]

A:
0.7316,0.7388,0.7364,0.7316,0.7384,0.742,0.7308,0.73,0.7384,0.7332,0.7432,0.7424
0.726,0.738,0.7364,0.7412,0.732,0.7388,0.734,0.7408,0.7408,0.7368,0.738,0.7444
0.7324,0.7332,0.74,0.7456,0.742,0.7328,0.7408,0.7492,0.7416,0.762,0.73,0.7396


B:
77.4,74.2,75.6,75.4,67.6001,71.0001,80.2001,71.9999,85.6001,70.7999,72.8,74.6
75,74.0001,78.6,67.8001,71,74.2,73.9999,68.1999,74.1999,75.2,86.0001,74.5999
73.6,76.7999,78,69.4001,72.0001,75.2,67.1999,68.8,77.4001,49.9999,66.9999,80.4


========================================================
Test11 (DAC Calibration) results 2008-08-27 10:31:17
Board ID060 36 channels
Linux calibration (server mode)

Calibration DAC Range: [3100 - 3500]

A:
0.757143,0.76,0.758,0.753143,0.757714,0.761143,0.753714,0.751143,0.762286,0.753429,0.764,0.763714
0.746857,0.758571,0.758857,0.760571,0.752286,0.76,0.755143,0.760286,0.762,0.758286,0.762571,0.765714
0.754286,0.755143,0.762286,0.765429,0.762571,0.754286,0.76,0.78,0.763714,0.773143,0.750857,0.762571


B:
0.0,0.0,0.0,0.0,0.0,0.0,0.0,0.0,0.0,0.0,0.0,0.0
0.0,0.0,0.0,0.0,0.0,0.0,0.0,0.0,0.0,0.0,0.0,0.0
0.0,0.0,0.0,0.0,0.0,0.0,0.0,0.0,0.0,0.0,0.0,0.0


========================================================
Test11 (ADC Calibration) results 2008-08-27 13:08:29
Board ID060 36 channels
Linux calibration software

Calibration DAC Range: [1000 - 3500]

A:
0.7376,0.7388,0.7372,0.7316,0.7384,0.7504,0.7312,0.7312,0.7384,0.7332,0.7432,0.7428
0.7264,0.7372,0.7364,0.7408,0.7324,0.7384,0.734,0.7408,0.7408,0.7368,0.7384,0.7444
0.7332,0.7332,0.7396,0.7456,0.742,0.7324,0.7412,0.774,0.7416,0.7636,0.7404,0.7392


B:
72.3999,74.2,73.7999,76.4,68.6001,61.6,79.8001,72.8001,84.6001,71.7999,73.8,73.2
74.5999,74.7999,78.6,69.1999,70.6,75.6001,73.9999,69.1999,74.1999,75.2,85.6001,75.5999
73.7999,76.7999,79.4,69.4001,72.0001,75.6,66.8001,50,77.4001,53.4,63.5999,81.8


========================================================
Test11 (DAC Calibration) results 2008-08-28 18:58:16
Board ID060 36 channels
Linux calibration (server mode)

Calibration DAC Range: [3100 - 3500]

A:
0.7475,0.745,0.745,0.74,0.7425,0.765,0.7425,0.7475,0.75,0.74,0.75,0.7525
0.7375,0.745,0.7475,0.7525,0.7425,0.745,0.74,0.7475,0.75,0.745,0.7475,0.75
0.74,0.7425,0.7475,0.7525,0.7525,0.7425,0.7425,0.78,0.75,0.7675,0.745,0.7475


B:
81.7,82.5,75.5,78.0,86.2,80.5,71.2,51.7,75.0,79.0,81.0,70.3
70.7,78.5,70.7,59.3,66.2,82.5,83.0,76.7,72.0,77.5,82.7,87.0
82.0,74.2,81.7,76.3,66.3,71.2,92.2,77.0,78.0,79.8,96.5,82.7


========================================================
Test11 (DAC Calibration) results 2008-08-30 18:22:53
Board ID060 36 channels
Linux calibration (server mode)

Calibration DAC Range: [3100 - 3500]

A:
0.75,0.7475,0.7475,0.74,0.745,0.765,0.7375,0.7425,0.7475,0.745,0.755,0.7475
0.735,0.75,0.7425,0.7525,0.7375,0.75,0.745,0.7525,0.755,0.745,0.7475,0.7525
0.74,0.74,0.7475,0.7525,0.75,0.7425,0.75,0.7725,0.755,0.775,0.7475,0.75


B:
60.0,79.7,73.7,83.0,81.5,67.5,92.7,68.2,89.7,67.5,69.5,92.7
81.5,67.0,93.2,65.3,87.7,71.0,72.5,66.3,61.5,82.5,89.7,83.3
86.0,89.0,87.7,82.3,80.0,77.2,73.0,85.3,67.5,62.5,72.7,81.0


========================================================
Test11 (DAC Calibration) results 2008-08-30 21:24:14
Board ID060 36 channels
Linux calibration (server mode)

Calibration DAC Range: [3100 - 3500]

A:
0.7225,0.7325,0.7275,0.72,0.73,0.7425,0.72,0.72,0.73,0.725,0.7325,0.7325
0.715,0.7275,0.7225,0.7275,0.72,0.7275,0.725,0.7275,0.7325,0.725,0.73,0.735
0.72,0.72,0.7275,0.735,0.73,0.72,0.725,0.76,0.73,0.765,0.73,0.7325


B:
75.2,61.2,71.7,81.0,64.0,95.2,82.0,77.0,78.0,65.5,74.2,73.2
83.5,72.7,90.2,78.7,77.0,77.7,70.5,78.7,67.2,80.5,78.0,71.5
85.0,86.0,84.7,71.5,77.0,83.0,86.5,72.0,81.0,67.5,86.0,69.2


========================================================
Test11 (DAC Calibration) results 2008-08-30 21:51:57
Board ID060 36 channels
Linux calibration (server mode)

Calibration DAC Range: [3100 - 3500]

A:
0.745,0.75,0.745,0.7425,0.7475,0.77,0.7425,0.7425,0.75,0.745,0.7525,0.7525
0.735,0.7475,0.7475,0.7525,0.745,0.75,0.745,0.75,0.75,0.745,0.7525,0.7575
0.745,0.745,0.755,0.755,0.7525,0.74,0.75,0.775,0.755,0.7825,0.755,0.75


B:
70.5,73.0,82.5,76.2,74.7,74.0,77.2,72.2,81.0,68.5,78.3,76.3
85.5,75.7,76.7,65.3,63.5,72.0,72.5,74.0,78.0,84.5,73.3,67.8
71.5,72.5,63.5,74.5,71.3,86.0,74.0,91.5,68.5,75.2,73.5,81.0


========================================================
Test11 (DAC Calibration) results 2008-08-31 12:06:16
Board ID060 36 channels
Linux calibration (server mode)

Calibration DAC Range: [3100 - 3500]

A:
0.755,0.75,0.745,0.7375,0.7475,0.7725,0.7425,0.7425,0.75,0.745,0.7525,0.7525
0.7375,0.7475,0.7525,0.7525,0.745,0.75,0.745,0.755,0.755,0.745,0.7525,0.7575
0.745,0.745,0.755,0.755,0.7575,0.74,0.75,0.785,0.755,0.7875,0.755,0.75


B:
61.5,73.0,82.5,92.7,75.7,85.3,78.2,74.2,81.0,68.5,78.3,76.3
79.7,76.7,60.3,65.3,63.5,72.0,72.5,58.5,62.5,84.5,73.3,67.8
73.5,72.5,63.5,74.5,55.8,86.0,74.0,75.5,68.5,75.7,78.5,81.0


========================================================
Test11 (DAC Calibration) results 2008-08-31 16:15:20
Board ID060 36 channels
Linux calibration (server mode)

Calibration DAC Range: [3100 - 3500]

A:
0.7525,0.75,0.745,0.7425,0.7475,0.7725,0.7425,0.7425,0.75,0.745,0.7525,0.7525
0.7325,0.7475,0.7475,0.7525,0.745,0.75,0.745,0.75,0.755,0.745,0.7525,0.7525
0.74,0.745,0.755,0.755,0.7525,0.74,0.75,0.7825,0.755,0.7875,0.755,0.75


B:
66.3,73.0,82.5,76.2,74.7,72.3,77.2,73.2,81.0,68.5,78.3,76.3
94.2,75.7,75.7,65.3,63.5,72.0,72.5,74.0,62.5,84.5,73.3,83.3
89.0,72.5,63.5,74.5,71.3,86.0,74.0,73.2,68.5,79.7,62.5,81.0


========================================================
Test11 (DAC Calibration) results 2008-08-31 18:30:17
Board ID060 36 channels
Linux calibration (server mode)

Calibration DAC Range: [3100 - 3500]

A:
0.7475,0.75,0.745,0.7425,0.7425,0.7725,0.7425,0.7425,0.75,0.745,0.7525,0.7525
0.7375,0.7475,0.7425,0.7525,0.745,0.75,0.745,0.75,0.755,0.745,0.7525,0.7525
0.74,0.745,0.755,0.755,0.7525,0.74,0.75,0.785,0.755,0.7875,0.755,0.75


B:
63.7,73.0,82.5,75.2,91.2,76.3,78.2,72.2,81.0,68.5,78.3,76.3
77.7,76.7,92.2,65.3,63.5,72.0,72.5,74.0,62.5,84.5,73.3,83.3
89.0,72.5,63.5,74.5,73.3,86.0,74.0,77.5,68.5,80.7,70.5,81.0


========================================================
Test11 (DAC Calibration) results 2008-09-01 15:18:41
Board ID060 36 channels
Linux calibration (server mode)

Calibration DAC Range: [3100 - 3500]

A:
0.745,0.745,0.7475,0.7375,0.7425,0.7475,0.7425,0.7425,0.75,0.745,0.7525,0.7525
0.7325,0.7475,0.7475,0.7525,0.745,0.75,0.745,0.75,0.75,0.745,0.7525,0.7525
0.7475,0.745,0.755,0.755,0.7525,0.74,0.745,0.75,0.755,0.7525,0.75,0.75


B:
69.5,88.5,73.7,91.7,90.2,85.7,77.2,71.2,81.0,68.5,78.3,76.3
92.2,75.7,75.7,65.3,63.5,72.0,72.5,74.0,78.0,84.5,73.3,83.3
62.7,72.5,63.5,74.5,73.3,86.0,89.5,78.0,68.5,73.3,82.0,81.0


