========================================================

Test10 results 12-11-2004  14:48:48
Board ID014  36 channels
HV Tests Software Ver.1.4

+5V 2498 - O'k
-5V 1321 - O'k
Interlock - On

Voltmeter channel: A=1.068947, B=8.551615

A:
1.084011,1.072961,1.069519,1.077006,1.079331,1.076426,1.078167,1.073537,1.074114,1.091703,1.072961,1.073537
1.084599,1.084011,1.078167,1.071811,1.078749,1.072386,1.075269,1.074691,1.074691,1.077006,1.083424,1.071237
1.078749,1.081081,1.073537,1.080497,1.073537,1.074114,1.091107,1.074691,1.071237,1.077006,1.069519,1.073537


B:
3.252035,6.437928,11.764822,5.384811,8.634694,12.917105,6.469132,10.735209,7.518835,5.458513,7.51089,7.514596
7.592331,6.504067,7.547299,8.57465,9.708548,6.434438,6.451437,7.522722,6.448031,8.615829,11.917675,6.42725
10.787296,4.324503,9.661671,6.48299,7.514596,5.370607,6.546595,10.746796,7.498487,9.692835,12.834341,4.293984
========================================================

Test10 results 08-13-2005  14:44:48
Board ID014  36 channels
HV Tests Software Ver.1.6.1

+5V 2498 - O'k
-5V 1326 - O'k
Interlock - On

Voltmeter channel: A=1.069519, B=11.764822

A:
Limits 1.1 +/- 0.1
1.082837,1.074114,1.070091,1.077586,1.079331,1.077006,1.078167,1.072961,1.074114,1.091703,1.073537,1.074114
1.083424,1.084011,1.078167,1.072961,1.079331,1.073537,1.075847,1.075269,1.074691,1.077006,1.084599,1.071237
1.071237,1.080497,1.072386,1.080497,1.074114,1.073537,1.090513,1.074691,1.071237,1.077586,1.071237,1.072961


B:
Limits 0.0 +/- 30.0
9.745708,9.667063,14.981082,8.620811,12.952018,14.000859,10.781801,16.09458,10.741177,9.825326,9.661671,9.667063
15.167946,10.840111,10.781801,9.656813,12.952018,8.588134,8.606635,10.752512,11.821486,12.923853,11.930725,9.640962
10.712199,9.724482,16.085913,9.724482,9.667063,11.808746,11.995736,13.970869,11.783437,12.931156,12.854673,9.656813
========================================================

Test10 results 08-13-2005  17:52:17
Board ID014  36 channels
HV Tests Software Ver.1.6.1

+5V 2499 - O'k
-5V 1328 - O'k
Interlock - On

Voltmeter channel: A=1.070091, B=9.630627

A:
Limits 1.1 +/- 0.1
1.084011,1.073537,1.070664,1.077586,1.079331,1.077006,1.077586,1.072386,1.073537,1.091107,1.074114,1.074114
1.084011,1.084599,1.078167,1.072386,1.079914,1.072961,1.076426,1.075269,1.074114,1.077006,1.084011,1.071237
1.070664,1.081081,1.072961,1.079914,1.073537,1.072961,1.091107,1.074691,1.079914,1.078167,1.070664,1.073537


B:
Limits 0.0 +/- 30.0
6.504067,9.661671,12.847973,7.543225,11.872686,15.077866,12.931156,17.158298,12.882283,10.911025,8.592949,9.667063
13.008133,8.676929,10.781801,11.796368,11.879015,9.656813,7.534973,10.752512,12.889404,12.923853,13.008133,10.712199
11.777308,7.567746,13.948658,11.879015,10.735209,11.802734,10.911025,13.970869,14.038843,10.781801,13.918636,8.588134
========================================================
Test10 (ADC Calibration) results 2008-04-09 16:07:40
Board ID14 36 channels
Linux calibration software

Voltmeter channel: A=1.06792, B=14.1405

A:
1.08214,1.07316,1.06983,1.07669,1.07766,1.07661,1.07982,1.07265,1.07366,1.08926,1.05749,1.07272
1.0838,1.08361,1.07716,1.07229,1.07897,1.07121,1.07457,1.07386,1.07467,1.07679,1.08311,1.07185
1.0707,1.08228,1.07312,1.08008,1.07306,1.07249,1.08991,1.07568,1.08113,1.07716,1.07103,1.07235


B:
4.43678,4.94262,8.77842,5.29672,10.1388,9.77808,5.99207,10.5842,6.30061,8.37377,18.9893,7.37555
7.24394,4.93054,6.01209,5.779,7.6276,6.42684,7.19639,7.57041,4.94231,7.12193,9.73799,5.61105
6.73899,1.25532,7.98936,5.29738,5.92472,7.30471,7.54552,8.73373,7.92137,6.85778,3.14724,4.35247


