========================================================

Test11 results 12-11-2004  14:55:12
Board ID014  36 channels
HV Tests Software Ver.1.4

+5V 2503 - O'k
-5V 1324 - O'k
Interlock - On
Calibration DAC Range: [2500 - 2900]


A:
0.746269,0.753296,0.756144,0.753296,0.749064,0.75188,0.75188,0.753296,0.753296,0.740741,0.753296,0.753296
0.747664,0.746269,0.75188,0.756144,0.749064,0.75188,0.75188,0.754717,0.749064,0.753296,0.744879,0.757576
0.750469,0.747664,0.754717,0.749064,0.754717,0.753296,0.742115,0.753296,0.754717,0.749064,0.760456,0.753296


B:
66.037773,65.53804,60.008484,55.477795,62.208858,58.57542,53.627258,60.685944,62.397594,63.928947,64.824837,63.301514
56.121288,63.694023,60.195744,57.061813,63.825855,70.865974,63.069077,54.704777,75.305038,54.666935,66.792549,55.441032
58.504761,66.961319,56.138851,63.912357,57.854099,61.400986,60.216431,58.35194,63.848721,67.691322,57.652313,64.633942
========================================================

Test11 results 08-13-2005  14:47:06
Board ID014  36 channels
HV Tests Software Ver.1.6.1

+5V 2498 - O'k
-5V 1326 - O'k
Interlock - On
Calibration DAC Range: [2500 - 2900]


A:
Limits 0.76 +/- 0.04
0.747664,0.75188,0.757576,0.75188,0.749064,0.750469,0.750469,0.754717,0.75188,0.739372,0.75188,0.75188
0.747664,0.743494,0.750469,0.754717,0.750469,0.753296,0.75188,0.75188,0.75188,0.750469,0.746269,0.753296
0.754717,0.747664,0.753296,0.747664,0.753296,0.75188,0.739372,0.754717,0.754717,0.747664,0.760456,0.75188


B:
Limits 60.0 +/- 30.0
56.612858,64.40873,50.380848,55.968441,58.166367,59.862968,54.202023,51.904438,61.987148,64.330727,65.929924,63.601414
51.989426,68.676384,57.608631,56.760532,52.751286,61.400986,59.026623,60.463013,60.643639,58.967571,58.189564,65.866135
60.711006,62.836937,57.451149,64.285172,57.542736,61.180016,65.876801,49.027081,58.189449,67.977669,53.372334,64.316399
========================================================

Test11 results 08-13-2005  17:53:43
Board ID014  36 channels
HV Tests Software Ver.1.6.1

+5V 2499 - O'k
-5V 1329 - O'k
Interlock - On
Calibration DAC Range: [2500 - 2900]


A:
Limits 0.76 +/- 0.04
0.744879,0.753296,0.756144,0.749064,0.750469,0.750469,0.75188,0.753296,0.75188,0.740741,0.75188,0.754717
0.746269,0.746269,0.749064,0.75188,0.749064,0.753296,0.75188,0.749064,0.750469,0.750469,0.744879,0.756144
0.757576,0.750469,0.75188,0.749064,0.753296,0.753296,0.742115,0.753296,0.747664,0.750469,0.760456,0.75188


B:
Limits 60.0 +/- 30.0
65.669044,59.970165,55.054966,64.374306,52.751286,59.054237,48.768494,57.359562,61.452057,59.079594,65.215858,53.800812
56.494061,58.842911,63.567085,65.929924,59.058804,61.400986,59.026623,70.382721,65.073929,58.967571,62.673706,54.341469
50.477581,52.190998,62.702866,59.867668,58.2598,57.359562,55.293213,53.497082,60.413418,58.159206,53.476673,64.40873
