========================================================

Test10 results 04-26-2005  15:19:32
Board ID321  30 channels
HV Tests Software Ver.1.6

+5V 2510 - O'k
-5V 1306 - O'k
Interlock - On

Voltmeter channel: A=1.079914, B=5.399534

A:
Limits 1.1 +/- 0.1
1.086957,1.076426,1.073537,1.085187,1.079914,1.070091,1.074114,1.077006,1.070664,1.074114
1.070091,1.077586,1.072961,1.077006,1.078167,1.073537,1.072961,1.079331,1.081666,1.075847
1.082837,1.078749,1.072386,1.094092,1.078749,1.076426,1.069519,1.072386,1.078167,1.072961


B:
Limits 0.0 +/- 30.0
6.521815,12.917105,6.441059,6.511116,8.639275,4.280172,9.667063,5.384811,9.635981,8.592949
13.910991,8.620811,6.437928,7.538823,8.625466,6.441059,6.437928,8.634694,5.408369,5.379094
5.41436,5.393553,8.57921,7.658685,1.078558,6.458547,10.695304,8.57921,5.390965,6.437928
========================================================
Test10 (ADC Calibration) results 2008-04-15 15:48:50
Board ID321 30 channels
Linux calibration software

Voltmeter channel: A=1.07522, B=-1329.81

A:
1.08556,1.07801,1.07307,1.08364,1.08056,1.06895,1.07442,1.07545,1.0715,1.07267
1.06949,1.07633,1.07251,1.07267,1.0772,1.07321,1.07402,1.08056,1.08066,1.07388
1.08157,1.05398,1.07257,1.09317,1.07825,1.07664,1.06885,1.07204,1.077,1.0721


B:
6.06028,7.83877,3.24491,4.48518,6.55604,2.27065,4.31808,2.34517,3.26474,6.47057
10.8405,5.85231,2.90047,3.23408,6.47316,4.5955,3.56084,6.55604,2.86497,4.13793
3.18131,27.8003,5.03585,4.71285,-2.79162,2.55213,7.46206,6.68398,5.08542,3.21766


========================================================
Test10 (ADC Calibration) results 2008-04-16 15:36:55
Board ID321 30 channels
Linux calibration software

Voltmeter channel: A=1.07503, B=-1330.26

A:
1.08556,1.07821,1.07301,1.08364,1.08002,1.06935,1.07408,1.07545,1.0715,1.07382
1.06959,1.07623,1.07241,1.07257,1.07771,1.07301,1.07412,1.08022,1.08107,1.07334
1.08212,1.06798,1.07277,1.09362,1.07815,1.07565,1.06898,1.07214,1.0774,1.07177


B:
6.06028,7.58046,3.32691,4.48518,8.33398,0.953456,5.82745,2.34517,3.26474,3.12392
10.5109,6.18241,3.22948,2.96328,5.42657,5.2539,1.95714,7.67597,1.74733,5.90472
2.48104,9.85483,4.77761,4.33637,-2.46272,4.68737,7.28815,6.35438,3.76903,3.45174


========================================================
Test10 (ADC Calibration) results 2008-06-19 12:08:44
Board ID321 30 channels
Linux calibration software

Voltmeter channel: A=1.07, B=0

A:
1.10314,1.09515,1.09034,1.10111,1.09716,1.08575,1.09098,1.0927,1.08809,1.09043
1.08683,1.09379,1.08953,1.08971,1.09479,1.09016,1.09143,1.09771,1.0979,1.09134
1.09863,1.08423,1.08917,1.11116,1.09452,1.09333,1.08647,1.08908,1.09433,1.08881


B:
3.84324,6.99064,2.2512,3.05898,6.46168,1.7286,3.62805,2.25374,3.03548,3.91183
8.7685,4.96406,1.26115,2.18321,4.91691,2.2006,2.99128,5.95728,1.61742,3.29312
2.47987,9.21684,3.77495,2.73519,-0.741585,3.19633,5.18911,6.03616,3.3668,2.58445


