========================================================

Test11 results 04-26-2005  15:20:50
Board ID321  30 channels
HV Tests Software Ver.1.6

+5V 2511 - O'k
-5V 1306 - O'k
Interlock - On
Calibration DAC Range: [2500 - 2900]


A:
Limits 0.76 +/- 0.04
0.743494,0.750469,0.750469,0.742115,0.747664,0.754717,0.750469,0.749064,0.754717,0.750469
0.754717,0.749064,0.753296,0.747664,0.746269,0.750469,0.749064,0.747664,0.746269,0.749064
0.744879,0.747664,0.750469,0.742115,0.749064,0.750469,0.753296,0.75188,0.747664,0.750469


B:
Limits 60.0 +/- 30.0
52.02454,47.571472,60.866463,63.543083,53.065105,57.098091,57.729557,59.36348,51.539059,55.311234
47.500877,49.845104,53.229126,62.340988,62.812931,60.779251,66.183136,55.408489,55.456646,60.976086
59.872047,59.443428,64.000076,54.210297,58.723957,54.841824,55.291126,55.26759,60.087593,62.477882
========================================================
Test11 (DAC Calibration) results 2008-04-15 15:48:50
Board ID321 30 channels
Linux calibration software
Calibration DAC Range: [1100 - 2700]

A:
0.741771,0.746965,0.750399,0.74308,0.745573,0.753296,0.749836,0.748363,0.75188,0.75068
0.753296,0.748503,0.751174,0.75068,0.747524,0.75068,0.750117,0.745573,0.745504,0.749836
0.744879,0.76438,0.750751,0.740329,0.747175,0.748293,0.753367,0.75188,0.747664,0.751456


B:
60.7788,60.224,64.4497,63.5519,60.671,64.3691,63.1268,67.2591,63.9098,58.8064
55.7816,55.539,63.3802,65.2622,61.2408,62.1093,62.888,60.671,61.8118,62.9768
62.3836,45.9201,64.7146,63.8351,68.4504,65.2604,58.8474,57.5941,63.8878,63.141


========================================================
Test11 (DAC Calibration) results 2008-04-16 15:36:55
Board ID321 30 channels
Linux calibration software
Calibration DAC Range: [1100 - 2700]

A:
0.741771,0.746826,0.750821,0.74308,0.745573,0.753012,0.749695,0.748363,0.75188,0.750258
0.753225,0.748573,0.751244,0.750751,0.747175,0.750821,0.750047,0.745434,0.745226,0.749836
0.744879,0.754361,0.75061,0.740398,0.747245,0.748223,0.75365,0.751809,0.747384,0.751315


B:
60.7788,60.4181,63.8667,63.5519,60.671,65.3616,63.321,67.2591,63.9098,59.9926
56.0304,55.2914,63.1327,65.4654,62.025,61.6142,63.2852,61.1628,62.6455,62.9768
62.3836,59.736,64.9091,63.5908,68.2047,65.5068,58.455,57.8423,64.873,63.4863


========================================================
Test11 (ADC Calibration) results 2008-06-19 12:56:33
Board ID321 30 channels
Linux calibration software

Calibration DAC Range: [1000 - 3500]

A:
0.7296,0.7348,0.7388,0.7308,0.734,0.7416,0.738,0.7364,0.74,0.7388
0.7412,0.7368,0.7392,0.7392,0.7352,0.7384,0.7372,0.7336,0.7336,0.738
0.7332,0.7428,0.7396,0.7284,0.7356,0.7364,0.7416,0.74,0.7356,0.7392


B:
64.4,62.2001,65.2,66.2001,61.9999,65.4001,65.0001,68.6,66,60.2
58.8001,56.1999,65.8,65.8,63.8,65.6001,65.7999,62.3999,63.3999,64.0001
63.8,61.2,65.4,66.6,69.4,66.6,60.4001,59,66.4,65.8


========================================================
Test11 (ADC Calibration) results 2008-07-17 10:58:43
Board ID321 30 channels
Linux calibration software

Calibration DAC Range: [1000 - 3500]

A:
0.7296,0.7344,0.7384,0.7308,0.7332,0.7412,0.7372,0.7364,0.74,0.7376
0.7408,0.7364,0.7384,0.7388,0.7348,0.7384,0.7372,0.7328,0.7332,0.7372
0.7324,0.7424,0.7384,0.7284,0.7348,0.736,0.7408,0.74,0.7352,0.7392


B:
63.4,62.6001,64.6001,65.2001,62.8,65.8001,65.7999,67.6,65,62.3999
59.1999,56.6,66.6001,66.2,64.2001,64.6001,64.7999,63.2,63.8,64.7999
65.6,61.6,67.6001,65.6,70.2001,66,61.1999,58,66.8,64.8


========================================================
Test11 (ADC Calibration) results 2008-07-20 18:37:46
Board ID321 30 channels
Linux calibration software

Calibration DAC Range: [1000 - 3500]

A:
0.7296,0.7344,0.7384,0.7308,0.7336,0.7412,0.7372,0.736,0.74,0.738
0.7412,0.7364,0.7388,0.7388,0.7352,0.7384,0.7376,0.7328,0.7332,0.7376
0.7332,0.742,0.7388,0.7284,0.7352,0.736,0.7408,0.74,0.736,0.7392


B:
63.4,62.6001,65.6001,65.2001,62.3999,65.8001,66.7999,69,65,61.0001
57.8001,56.6,66.2,66.2,62.8,65.6001,64.3999,64.2,63.8,64.3999
62.8,63.0001,67.2,66.6,69.8,67,61.1999,58,64,64.8


