========================================================

Test15 results 04-10-2006  16:34:28
Board ID051  8 channels
HV Tests Software Ver.1.6


A:
Limits 1.45 +/- 2.0
1.426534,1.43472,1.43472,1.419446,1.43472,1.43575,1.432665,1.431639


B:
Limits 0.0 +/- 160.0
-8.55936,-7.173736,-1.434855,-1.419594,-7.173736,1.435897,8.596001,-8.589745
========================================================
Test15 (Master ADC Calibration) results 2007-07-17 18:47:52
Board ID51 7 channels
Linux calibration software


A:
1.42755,1.43369,1.43781,1.42349,1.43678,1.43575,1.43472,1.43472

B:
1.2848,-5.01788,-4.4571,-7.82918,-8.90814,3.87666,6.59959,-13.4865

========================================================
Test15 (Master ADC Calibration) results 2007-07-18 08:27:17
Board ID51 7 channels
Linux calibration software


A:
1.42755,1.43575,1.43781,1.42248,1.42349,1.43472,1.43885,1.43472

B:
1.2848,-9.04509,-5.89491,-6.54337,-7.82918,6.59959,4.31641,-12.0518

========================================================
Test15 (Master ADC Calibration) results 2007-07-18 10:04:11
Board ID51 7 channels
Linux calibration software


A:
1.42755,1.43472,1.43781,1.43885,1.42248,1.43472,1.43885,1.43472

B:
1.2848,-7.74762,-4.4571,-12.9498,-6.54337,6.59959,4.31641,-10.6171

