========================================================

Test11 results 12-17-2006  14:32:27
Board ID359  30 channels
HV Tests Software Ver.1.6.8

+5V 2498 - O'k
-5V 1319 - O'k
Interlock - On
Calibration DAC Range: [2500 - 2900]
Number of Samples: 400

A:
Limits 0.76 +/- 0.04
0.749064,0.753296,0.750469,0.756144,0.747664,0.747664,0.742115,0.747664,0.756144,0.753296
0.75188,0.753296,0.750469,0.750469,0.753296,0.750469,0.753296,0.743494,0.749064,0.75188
0.749064,0.740741,0.757576,0.750469,0.753296,0.750469,0.754717,0.750469,0.754717,0.750469


B:
Limits 60.0 +/- 30.0
59.142563,61.927338,59.949997,62.337097,60.576786,63.003044,63.309723,63.728256,56.673218,50.612453
53.453793,59.160961,61.392307,63.275623,50.524361,61.392307,55.11549,62.598824,67.868347,59.835041
59.783363,66.353539,54.037781,53.589882,53.318321,67.323502,51.003975,58.967571,53.338512,57.608631
========================================================
Test11 (DAC Calibration) results 2008-01-29 05:59:13
Board ID359 30 channels
Linux calibration software
Calibration DAC Range: [1100 - 2700]

A:
1.02367,1.01911,1.02302,1.01279,1.02551,1.02393,1.03,1.0242,1.01729,1.02564
1.02683,1.0195,1.02263,1.01885,1.02577,1.02289,1.02669,1.03093,1.01704,1.02145
1.02643,1.0292,1.0195,1.0263,1.02815,1.01587,1.02656,1.02512,1.02446,1.02446


B:
-309.802,-296.178,-306.445,-275.566,-314.178,-309.753,-327.99,-310.523,-290.641,-314.769
-317.841,-295.693,-306.11,-294.396,-314.54,-306.47,-313.758,-329.691,-289.067,-302.247
-317.501,-326.065,-298.139,-317.113,-321.925,-285.651,-316.861,-313.224,-311.909,-310.68


========================================================
Test11 (DAC Calibration) results 2008-03-20 06:22:12
Board ID359 30 channels
Linux calibration software
Calibration DAC Range: [1100 - 2700]

A:
0.748923,0.753225,0.751174,0.755786,0.748223,0.748293,0.742666,0.748573,0.755572,0.752092
0.752304,0.752941,0.751527,0.750117,0.752729,0.751456,0.754006,0.744948,0.749064,0.752658
0.750117,0.741771,0.758294,0.749766,0.75543,0.75068,0.75068,0.751174,0.756644,0.750399


B:
68.2829,67.781,67.1361,72.8862,68.2005,69.6005,69.922,68.4663,66.9815,62.4142
60.7671,69.2235,66.651,73.0896,61.8368,66.7481,61.7342,66.6077,76.779,66.6007
64.0882,71.9054,60.379,64.5736,55.2409,76.0721,63.7608,64.1314,57.0416,66.7009


