========================================================

Test10 results 09-18-2006  18:44:18
Board ID069  36 channels
HV Tests Software Ver.1.6.1

+5V 2932 - O'k
-5V 1348 - O'k
Interlock - On

Voltmeter channel: A=1.078167, B=17.250803

A:
Limits 1.1 +/- 0.1
1.075269,1.06553,1.071237,1.071237,1.082251,1.067806,1.081666,1.079914,1.070091,1.075847,1.078749,1.070664
1.075847,1.083424,1.071237,1.078167,1.080497,1.068947,1.083424,1.072961,1.071811,1.070664,1.058201,1.057642
1.077586,1.083424,1.073537,1.071811,1.082251,1.081666,1.028278,1.071237,1.089918,1.067236,1.008573,1.079331


B:
Limits 0.0 +/- 30.0
11.827781,13.852039,8.569725,18.210861,20.562809,17.084934,19.470024,9.719189,14.981082,16.137566,12.944794,12.847973
16.137566,10.834251,13.925911,10.781801,19.448956,14.965298,13.001099,15.021619,16.07733,19.271955,17.989357,23.267937
16.163914,22.751911,15.029358,19.292763,17.316055,16.225027,105.912598,13.925911,15.258857,17.075891,53.454567,17.269341
Channels:
  31  35
Out of range 0.0 +/- 30.0
========================================================
Test10 (ADC Calibration) results 2008-03-13 05:51:33
Board ID69 36 channels
Linux calibration software

Voltmeter channel: A=1.07588, B=10.7514

A:
1.0724,1.06358,1.06965,1.06968,1.08109,1.06633,1.0796,1.07909,1.06744,1.07394,1.07811,1.06794
1.07384,1.08193,1.06915,1.07726,1.07942,1.06784,1.08173,1.07095,1.06958,1.071,1.05717,1.06103
1.07509,1.08326,1.07247,1.07046,1.08099,1.07988,1.0765,1.06891,1.08808,1.06526,1.00938,1.07636


B:
6.12671,6.97874,1.47148,10.99,12.1445,10.2232,13.1954,2.68155,9.15093,10.396,7.52507,7.51017
10.7977,3.1457,6.97294,3.58427,9.94411,5.50649,5.55629,9.45494,10.1865,10.5498,8.24914,8.86835
11.413,15.0289,5.52705,11.0253,9.3099,10.0737,9.84863,9.27321,8.99666,10.4515,55.7101,10.9959


