========================================================

Test10 results 01-31-2006  17:00:45
Board ID421  30 channels
HV Tests Software Ver.1.6

+5V 2496 - O'k
-5V 1319 - O'k
Interlock - On

Voltmeter channel: A=1.082251, B=11.9048

A:
Limits 1.1 +/- 0.1
1.084599,1.078167,1.079914,1.079331,1.077586,1.072961,1.072961,1.079331,1.073537,1.080497
1.072961,1.073537,1.079914,1.076426,1.079914,1.072961,1.067806,1.070091,1.074691,1.074114
1.081666,1.082251,1.067236,1.085776,1.074114,1.076426,1.075269,1.084599,1.072386,1.080497


B:
Limits 0.0 +/- 35.0
10.846127,14.016302,6.479447,7.555364,9.698398,8.583851,10.729774,10.793356,10.735209,11.885475
13.948658,9.661671,9.719189,11.840678,14.038843,8.583851,8.542488,12.8409,19.344324,16.111746
11.898364,11.9048,11.739713,11.943543,12.889404,10.764252,10.752512,14.099923,11.796368,8.643984
========================================================
Test10 (ADC Calibration) results 2008-02-01 11:34:20
Board ID421 30 channels
Linux calibration software

Voltmeter channel: A=1.02082, B=-1331.82

A:
1.08389,1.07926,1.08026,1.08066,1.07731,1.07228,1.07238,1.08026,1.07428,1.08106
1.07338,1.07294,1.07976,1.07647,1.08116,1.07358,1.06736,1.07095,1.07641,1.07404
1.08195,1.08279,1.06786,1.08593,1.07521,1.07524,1.07474,1.08554,1.07288,1.08036


B:
11.4979,8.06865,1.62618,1.0737,8.19696,6.89931,9.49865,5.62618,7.25675,7.99879
10.4866,8.1932,8.26835,9.50609,8.38901,5.30343,6.30437,7.64025,11.9557,12.9834
8.12508,7.19707,8.79293,10.011,7.32688,10.2199,8.8865,8.73461,8.85598,5.65857


========================================================
Test10 (ADC Calibration) results 2008-06-19 12:08:44
Board ID421 30 channels
Linux calibration software

Voltmeter channel: A=1.07, B=0

A:
1.09711,1.0962,1.10116,1.09702,1.07032,1.08885,1.08957,1.09647,1.09074,1.08678
1.09056,1.08912,1.06893,1.09401,1.09803,1.08984,1.08266,1.0902,1.09629,1.09156
1.09904,1.103,1.08472,1.08912,1.09356,1.08525,1.09456,1.10245,1.09011,1.09693


B:
13.2852,7.75881,0.359281,1.95928,23.3051,6.21245,6.85374,7.0697,6.64371,17.0338
9.42779,7.70552,28.4379,6.6988,7.84074,4.86053,6.50691,6.053,10.3064,12.0062
6.03905,7.04691,7.42161,23.3887,6.24153,18.6453,6.63487,7.77231,6.79062,6.87003


========================================================
Test10 (ADC Calibration) results 2008-07-17 09:50:45
Board ID421 30 channels
Linux calibration software

Voltmeter channel: A=1.07, B=0

A:
1.09486,1.09733,1.1022,1.09761,1.07031,1.08948,1.09014,1.09714,1.09136,1.08425
1.08649,1.0877,1.06231,1.09514,1.09876,1.09033,1.08342,1.09155,1.09809,1.0924
1.10077,1.10451,1.08565,1.07167,1.09372,1.06922,1.09505,1.10278,1.09221,1.09809


B:
13.5836,6.0667,-0.823646,1.41454,19.4641,5.84234,6.76192,6.24097,6.29052,19.1238
13.3853,8.13682,27.9373,3.03027,6.29595,4.4082,5.80392,4.15204,8.6631,11.0166
0.937109,5.67153,4.60196,32.5646,7.1808,13.8411,5.74538,8.13126,-1.26217,5.58839


========================================================
Test10 (ADC Calibration) results 2008-07-19 11:33:18
Board ID421 30 channels
Linux calibration software

Voltmeter channel: A=1.07, B=0

A:
1.09372,1.09657,1.10192,1.09657,1.07176,1.08948,1.09005,1.09714,1.09108,1.07963
1.0799,1.08621,1.06428,1.09486,1.09819,1.08967,1.08296,1.09061,1.09742,1.09212
1.09924,1.10384,1.08425,1.06338,1.09363,1.06553,1.09486,1.10268,1.09071,1.0978


B:
13.7431,6.98332,-0.118755,2.37741,15.1194,5.62411,6.63055,6.0216,6.11372,20.1172
18.9998,9.94921,20.1579,4.82472,8.13712,5.45099,5.80102,4.58395,9.71082,11.0573
6.07908,7.16866,6.76353,39.494,7.26756,15.7926,5.91958,7.55676,5.36967,6.07013


========================================================
Test10 (ADC Calibration) results 2008-07-19 17:28:33
Board ID421 30 channels
Linux calibration software

Voltmeter channel: A=1.07, B=0

A:
1.09297,1.09657,1.10163,1.09723,1.07267,1.08958,1.09014,1.09666,1.09099,1.07816
1.0837,1.08649,1.06106,1.09448,1.09838,1.09024,1.08286,1.09042,1.09685,1.09231
1.09962,1.10374,1.08323,1.06115,1.09363,1.06365,1.09467,1.10268,1.09052,1.0978


B:
14.8698,7.42173,0.366249,1.32616,17.0638,5.31967,6.54356,6.89602,6.20068,22.9782
15.7326,9.47367,25.6961,5.61102,7.30352,4.4949,5.67008,4.97589,10.6707,10.8846
5.28967,7.25606,9.00921,42.1678,7.26756,18.4011,6.53158,7.55676,5.54297,5.63073


