========================================================

Test15 results 04-14-2005  14:25:05
Board ID014  8 channels
HV Tests Software Ver.1.6


A:
Limits 1.45 +/- 2.0
1.437814,1.436782,1.436782,1.433692,1.43575,1.443001,1.433692,1.432665


B:
Limits 0.0 +/- 160.0
15.816092,-2.873662,4.310246,10.035888,-8.614354,-8.65786,-1.433646,14.32666
========================================================
Test15 (Master ADC Calibration) results 2008-08-22 03:59:30
Board ID14 7 channels
Linux calibration software


A:
1.42045,1.43979,1.44509,1.44054,1.44281,1.44737,1.43753,1.41972

B:
19.8865,-6.41369,-2.89021,6.02395,-12.8542,-11.7104,-6.27285,18.9726

========================================================
Test15 (Master ADC Calibration) results 2008-08-28 04:06:57
Board ID14 7 channels
Linux calibration software


A:
1.42635,1.44509,1.44966,1.44509,1.44813,1.45349,1.44281,1.42635

B:
8.68771,-17.3411,-11.8607,-2.89021,-22.3802,-23.2558,-17.1827,4.40866

========================================================
Test15 (ADC Calibration) results 2008-11-27 09:18:19
Board ID014 8 channels
Host: ufcmshv3
Linux calibration software

A:
1.4217,1.43996,1.44477,1.43996,1.4422,1.44686,1.4371,1.42077


B:
19.8817,-5.67119,0.222267,8.72845,-10.1178,-8.45862,-5.68224,19.9562


========================================================
Test15 (ADC Calibration) results 2008-11-27 15:03:17
Board ID014 8 channels
Host: ufcmshv3
Linux calibration software

A:
2.96601,2.96871,2.96939,2.98097,2.98851,2.97075,2.96398,2.966


B:
-3871.37,-3920.35,-3898.31,-3891.77,-3926.25,-3913.03,-3901.23,-3876.7


========================================================
Test15 (ADC Calibration) results 2008-11-27 15:08:53
Board ID014 8 channels
Host: ufcmshv3
Linux calibration software

A:
1.42108,1.42077,1.42263,1.42638,1.43014,1.42403,1.42108,1.41999


B:
20.5948,1.48623,8.14202,15.5148,-1.958,-0.810701,4.67847,20.4914


