========================================================

Test16 results 04-14-2005  14:26:31
Board ID014  8 channels
HV Tests Software Ver.1.6
Calibration DAC Range: [1000 - 2300]


A:
Limits 0.57 +/- 0.1
0.564972,0.564236,0.566696,0.566696,0.566449,0.563014,0.565956,0.567686


B:
Limits 50.0 +/- 60.0
50.673275,42.244354,44.616081,51.104164,52.92358,56.073093,54.866791,45.523663
========================================================
Test16 (Master DAC Calibration) results 2008-08-22 03:59:30
Board ID14 7 channels
Linux calibration software
Calibration DAC Range: [1000 - 2200]

A:
0.571197,0.568678,0.563136,0.564146,0.56326,0.561486,0.564411,0.572266

B:
43.4078,36.8349,47.3889,51.2949,53.4818,55.4172,54.737,38.7296

========================================================
Test16 (Master DAC Calibration) results 2008-08-28 04:06:57
Board ID14 7 channels
Linux calibration software
Calibration DAC Range: [1000 - 2200]

A:
0.568837,0.567834,0.561284,0.561992,0.561191,0.559047,0.562574,0.569607

B:
45.4433,36.8161,48.9681,53.8711,54.7374,57.584,55.6082,42.6884

========================================================
Test16 (ADC Calibration) results 2008-11-27 10:10:24
Board ID014 8 channels
Host: ufcmshv3
Linux calibration software

A:
0.5692,0.5636,0.5616,0.5628,0.5624,0.56,0.564,0.5704


B:
44.8001,50.4,48.3999,51.2,52.6001,55,52,39.6


========================================================
Test16 (ADC Calibration) results 2008-11-27 15:17:56
Board ID014 8 channels
Host: ufcmshv3
Linux calibration software

A:
0.5696,0.57,0.5696,0.5684,0.5672,0.5692,0.5696,0.5716


B:
44.4,31,38.4,47.5999,47.8,47.8001,45.4,37.3999


