========================================================

Test11 results 12-22-2005  15:15:49
Board ID146  36 channels
HV Tests Software Ver.1.6

+5V 2742 - O'k
-5V 1347 - O'k
Interlock - On
Calibration DAC Range: [2500 - 2900]


A:
Limits 0.76 +/- 0.04
0.757576,0.756144,0.753296,0.75188,0.750469,0.759013,0.749064,0.750469,0.749064,0.756144,0.754717,0.753296
0.756144,0.756144,0.756144,0.753296,0.75188,0.749064,0.753296,0.759013,0.759013,0.753296,0.753296,0.756144
0.757576,0.747664,0.75188,0.75188,0.75188,0.749064,0.759013,0.75188,0.754717,0.759013,0.75188,0.750469


B:
Limits 60.0 +/- 40.0
46.219547,62.83147,45.96431,48.493149,59.925995,51.044895,60.885929,63.99128,62.341812,59.176281,64.832649,54.66914
61.916195,50.17123,62.428474,51.588097,55.490437,70.113708,64.063454,56.453236,47.87579,56.929581,59.74506,61.002029
54.909473,60.833065,67.242416,69.585243,61.012974,64.781754,54.924274,58.840672,50.208168,59.005081,59.565567,56.289082
========================================================
Test11 (DAC Calibration) results 2007-06-12 23:15:37
Board ID146 36 channels
Linux calibration software
Calibration DAC Range: [1100 - 2700]

A:
0.745568,0.745084,0.741442,0.744911,0.742229,0.746675,0.737227,0.740589,0.74436,0.747682,0.747057,0.741306
0.752053,0.745291,0.747022,0.741887,0.741271,0.744773,0.745533,0.74671,0.752722,0.742881,0.740043,0.745395
0.745983,0.736383,0.756832,0.743637,0.74199,0.738955,0.754453,0.738717,0.742401,0.747092,0.745429,0.740077


B:
69.5847,80.2615,67.4661,75.3093,70.7271,75.7801,76.3432,76.9077,70.6616,69.489,75.0339,72.5247
68.6279,69.9665,75.0814,70.0947,73.6044,71.8681,72.0801,75.5838,63.4414,69.1585,79.1338,75.9051
76.1365,78.5409,69.4543,79.578,73.5697,78.5764,67.6645,79.7133,74.4043,81.6762,74.2259,74.0796


