========================================================

Test10 results 07-26-2006  23:05:02
Board ID056  36 channels
HV Tests Software Ver.1.6.1

+5V 2519 - O'k
-5V 1317 - O'k
Interlock - On

Voltmeter channel: A=1.069519, B=26.738085

A:
Limits 1.1 +/- 0.1
1.081081,1.071237,1.080497,1.057082,1.076426,1.079331,1.080497,1.077006,1.071811,1.077586,1.072386,1.070664
1.078749,1.078167,1.075269,1.079331,1.078167,1.068947,1.077006,1.074114,1.075269,1.082837,1.072386,1.053186
1.067806,1.084011,1.077586,1.080497,1.072961,1.072386,1.071811,1.071237,1.078749,1.072961,1.078167,1.079914


B:
Limits 0.0 +/- 30.0
10.810989,18.210861,14.04647,12.685132,16.146383,8.634694,16.207464,20.462894,24.651819,17.241501,16.085913,14.9893
9.708548,17.250803,12.903049,15.11068,9.703633,20.310034,20.462894,15.037632,20.429932,21.656916,11.796368,17.903961
21.356155,11.924122,23.707018,16.207464,17.167542,17.158298,18.220953,9.640962,15.102291,16.09458,20.485304,15.118756
========================================================
Test10 (ADC Calibration) results 2008-03-12 11:40:30
Board ID56 36 channels
Linux calibration software

Voltmeter channel: A=1.06806, B=26.5081

A:
1.07802,1.06865,1.07669,1.05782,1.07383,1.0776,1.07833,1.0748,1.06939,1.07554,1.07016,1.06754
1.0756,1.07688,1.07272,1.07764,1.07608,1.06717,1.07675,1.07258,1.07369,1.08325,1.07046,1.05298
1.06599,1.08312,1.07681,1.07772,1.07157,1.07154,1.06952,1.07157,1.0756,1.07016,1.07694,1.07823


B:
6.82142,14.0901,11.7569,6.96793,11.3344,5.41704,10.8385,15.0305,19.0832,11.3638,11.2461,11.359
7.66244,13.751,7.79365,11.8139,4.64853,15.0958,14.6011,9.18532,15.5511,14.1903,7.06319,11.0372
15.9783,7.26442,17.5836,12.3267,12.604,9.55377,13.3334,4.60396,12.4356,11.9862,14.5804,12.8534


========================================================
Test10 (ADC Calibration) results 2008-06-19 12:08:44
Board ID056 36 channels
Linux calibration software

Voltmeter channel: A=1.07, B=0

A:
1.09465,1.08588,1.09447,1.0761,1.09174,1.09556,1.09529,1.09192,1.08588,1.09246,1.08723,1.08597
1.09301,1.09629,1.08993,1.09656,1.09283,1.08391,1.09419,1.09092,1.09083,1.10282,1.08921,1.07443
1.08275,1.10374,1.09356,1.09492,1.0893,1.08903,1.0866,1.09083,1.09428,1.08741,1.09501,1.10236


B:
9.08413,13.208,12.7532,8.63999,11.7485,5.83849,12.6613,14.8581,21.6779,12.8315,11.7519,10.3018
6.86865,14.1568,8.61064,10.8367,6.59815,13.9353,14.9722,8.56794,18.2506,14.1705,6.87929,13.8507
16.9527,8.03483,19.9269,12.7752,13.5499,11.1842,14.2865,7.77846,11.3875,12.4565,13.349,12.6041


========================================================
Test10 (ADC Calibration) results 2008-07-15 18:15:23
Board ID056 36 channels
Linux calibration software

Voltmeter channel: A=1.07, B=0

A:
1.09492,1.08588,1.09483,1.07558,1.09201,1.09538,1.09519,1.09219,1.08642,1.09256,1.08732,1.0857
1.0931,1.09602,1.09011,1.09611,1.09292,1.08391,1.09428,1.09074,1.09083,1.10254,1.08948,1.07329
1.08284,1.10411,1.09301,1.09492,1.0893,1.08939,1.08678,1.09074,1.09437,1.08777,1.09519,1.10254


B:
8.17655,12.7738,11.7637,8.48697,11.0623,5.78651,13.1828,14.3914,20.7523,12.749,11.8866,10.5501
6.12901,14.6256,13.677,10.8155,6.51477,14.5859,14.0139,8.95295,18.4687,14.2009,6.19402,13.8365
16.4373,7.25614,19.7658,12.7752,13.9855,10.8527,14.3389,8.29826,11.3045,11.908,12.3066,12.6572


========================================================
Test10 (ADC Calibration) results 2008-07-17 09:50:45
Board ID056 36 channels
Linux calibration software

Voltmeter channel: A=1.07, B=0

A:
1.09543,1.08677,1.09505,1.07623,1.09278,1.09562,1.096,1.09249,1.08705,1.09325,1.08798,1.0864
1.09325,1.09647,1.09052,1.09666,1.09363,1.08472,1.09467,1.09146,1.08574,1.10278,1.09014,1.07376
1.0836,1.10442,1.09344,1.09552,1.09024,1.08986,1.08724,1.09024,1.09476,1.08817,1.09552,1.10288


B:
7.27368,11.9547,12.2206,8.52351,10.5782,5.56606,12.0121,14.3338,19.9581,11.8945,11.0538,10.5596
6.20963,13.7715,13.5222,10.7474,5.86163,13.407,14.0996,8.07658,22.6702,14.2038,5.58163,13.1857
15.7337,6.97983,19.8129,12.007,12.4722,10.419,13.6993,8.9836,10.9479,11.5346,12.226,12.3525


========================================================
Test10 (ADC Calibration) results 2008-07-19 11:33:18
Board ID056 36 channels
Linux calibration software

Voltmeter channel: A=1.07, B=0

A:
1.09524,1.08658,1.09486,1.07586,1.09268,1.0959,1.0959,1.09212,1.08658,1.09287,1.08742,1.08621
1.09306,1.096,1.09024,1.09666,1.09344,1.08472,1.09476,1.09146,1.07687,1.10249,1.08977,1.07322
1.08351,1.10432,1.09363,1.09543,1.09014,1.08986,1.08714,1.09042,1.09476,1.08789,1.09533,1.10278


B:
7.88568,12.1263,11.7367,8.21949,10.446,4.86594,12.5373,14.8967,20.819,12.6773,12.2227,10.2973
6.38334,14.6427,13.7808,10.0893,5.81717,12.5391,13.5753,8.07658,30.7554,14.0238,6.14621,13.2647
15.8192,7.28852,19.2038,12.3128,12.7763,10.419,14.0022,7.93832,10.9479,11.793,11.7422,11.7777


========================================================
Test10 (ADC Calibration) results 2008-07-19 17:28:33
Board ID056 36 channels
Linux calibration software

Voltmeter channel: A=1.07, B=0

A:
1.09543,1.0864,1.09505,1.07595,1.0925,1.09552,1.09609,1.09259,1.08677,1.09334,1.08798,1.08649
1.09334,1.0959,1.09033,1.09647,1.09325,1.08463,1.09448,1.09136,1.0765,1.10278,1.09005,1.07285
1.08351,1.10422,1.09344,1.09571,1.08986,1.08977,1.08752,1.09005,1.09476,1.0878,1.09514,1.10278


B:
7.49271,12.5151,12.0018,8.13418,10.8374,5.87196,11.7065,14.0289,20.4316,11.8082,11.0538,10.0393
6.56012,14.5099,13.6944,10.4821,6.64721,12.8421,14.0532,7.94506,31.3048,13.7628,5.88637,14.0328
15.8192,6.93445,19.3757,11.8337,13.0346,10.7231,13.2239,9.15651,10.9479,12.0963,12.3531,11.7777


========================================================
Test10 (ADC Calibration) results 2008-07-20 15:54:11
Board ID056 36 channels
Linux calibration software

Voltmeter channel: A=1.07, B=0

A:
1.09543,1.08612,1.09486,1.07568,1.0925,1.09552,1.096,1.09259,1.08696,1.09306,1.08798,1.08612
1.09325,1.09638,1.09033,1.09666,1.09363,1.08453,1.09467,1.09089,1.07267,1.1023,1.09005,1.07313
1.0836,1.10413,1.09372,1.09543,1.08995,1.08977,1.08714,1.09071,1.09476,1.08798,1.09495,1.10268


B:
7.49271,13.2069,12.175,9.03587,10.619,5.43386,11.793,14.0289,20.2609,12.286,11.0538,10.3833
6.42823,13.6392,13.4764,10.0893,5.86163,13.3615,13.8803,9.25096,34.7973,14.1975,5.88637,13.7792
15.517,7.46396,19.118,12.0933,13.1667,10.7231,14.4374,8.333,10.9479,11.7065,12.7454,11.8648


========================================================
Test10 (ADC Calibration) results 2008-07-24 14:52:16
Board ID056 36 channels
Linux calibration software

Voltmeter channel: A=1.07, B=0

A:
1.09514,1.0863,1.09505,1.07531,1.0924,1.09552,1.09562,1.09221,1.08677,1.09325,1.08733,1.08602
1.09306,1.096,1.09014,1.09647,1.09334,1.08416,1.09439,1.09099,1.09165,1.10259,1.08977,1.0734
1.08305,1.10413,1.09334,1.09505,1.08967,1.08977,1.08705,1.0893,1.09457,1.08752,1.09514,1.10259


B:
7.53456,12.1668,11.1256,8.51648,10.7055,5.21481,12.3588,14.155,19.5621,11.6759,11.8736,9.60041
5.72766,13.3273,13.6486,10.0436,5.90428,13.2703,13.7019,8.50981,16.8554,13.0546,5.71041,11.8074
16.0289,7.02253,19.243,12.2206,12.7711,9.85157,13.6532,9.19377,10.6828,11.919,11.9151,11.7316


========================================================
Test10 (ADC Calibration) results 2008-07-24 21:41:51
Board ID056 36 channels
Linux calibration software

Voltmeter channel: A=1.07, B=0

A:
1.09543,1.0864,1.09514,1.07577,1.0924,1.09571,1.096,1.09193,1.08658,1.09306,1.08742,1.08649
1.09316,1.096,1.09005,1.09609,1.09353,1.08463,1.09457,1.09127,1.07696,1.10278,1.08995,1.07331
1.08314,1.10384,1.09363,1.09524,1.08967,1.08977,1.08714,1.09165,1.09486,1.08817,1.09524,1.10268


B:
7.27368,11.8631,11.039,8.73518,10.7055,5.47848,11.793,15.0687,20.6013,12.0675,11.7875,9.38718
6.51498,14.4233,13.5167,11.2678,5.73011,11.9743,14.1854,8.03182,30.6721,13.3219,5.97277,13.1803
16.3773,7.94768,18.9852,12.7049,13.2068,10.5053,13.7848,7.03057,10.6419,10.8816,11.8286,11.4236


========================================================
Test10 (ADC Calibration) results 2008-08-12 21:57:53
Board ID056 36 channels
Linux calibration software

Voltmeter channel: A=1.07, B=0

A:
1.09552,1.08686,1.09562,1.0765,1.09297,1.09619,1.09647,1.09278,1.08714,1.09334,1.08798,1.08696
1.09382,1.09647,1.0908,1.09666,1.09372,1.085,1.09514,1.09184,1.07203,1.10297,1.09071,1.07231
1.0837,1.1049,1.0942,1.09552,1.09024,1.09024,1.0877,1.09325,1.09524,1.08836,1.09552,1.10297


B:
7.40585,11.8685,11.4822,7.837,9.96801,5.26162,11.7982,13.8566,20.5251,12.0268,11.4889,9.17403
5.68773,13.9911,13.0461,10.5282,5.99335,12.0649,13.4482,7.73003,34.9485,14.0297,6.15158,12.6104
15.8656,6.54092,19.564,12.6645,12.9086,10.5101,13.9226,6.20963,10.7334,11.145,12.226,12.0442


========================================================
Test10 (ADC Calibration) results 2008-08-15 18:23:22
Board ID056 36 channels
Linux calibration software

Voltmeter channel: A=1.07, B=0

A:
1.09524,1.08677,1.09571,1.07623,1.09249,1.096,1.0959,1.09249,1.08705,1.09325,1.0877,1.07981
1.09353,1.09609,1.09033,1.09685,1.09334,1.08453,1.09514,1.09155,1.06814,1.10288,1.09042,1.07149
1.0836,1.1048,1.09439,1.09552,1.08948,1.09005,1.08761,1.0925,1.09514,1.08845,1.09514,1.10307


B:
8.10467,11.7374,11.1764,8.7391,11.2747,5.65528,12.5373,14.5522,20.1755,12.1135,11.965,21.5964
6.38633,14.7752,13.6944,10.1352,6.99762,12.9278,13.2293,8.20844,39.1366,14.1169,6.19393,13.801
15.7337,6.62898,18.2983,12.007,13.3792,10.6825,13.3559,7.34151,11.039,10.841,11.6963,11.7367


========================================================
Test10 (ADC Calibration) results 2008-08-27 10:28:20
Board ID056 36 channels
Linux calibration (server mode)

Voltmeter channel: A=1.09644, B=0

A:
1.09778,1.09037,1.0992,1.07869,1.09637,1.09807,1.1,1.09704,1.0934,1.09704,1.09148,1.08624
1.09541,1.10046,1.09449,1.09964,1.09563,1.08866,1.09933,1.09421,1.09682,1.10724,1.0924,1.0749
1.08861,1.10667,1.09981,1.09949,1.0937,1.09353,1.09185,1.09324,1.09865,1.09176,1.0991,1.10639


B:
0,0,0,0,0,0,0,0,0,0,0,0
0,0,0,0,0,0,0,0,0,0,0,0
0,0,0,0,0,0,0,0,0,0,0,0


========================================================
Test10 (ADC Calibration) results 2008-08-27 11:18:31
Board ID056 36 channels
Linux calibration software

Voltmeter channel: A=1.07, B=0

A:
1.09524,1.08668,1.09533,1.07577,1.09287,1.09628,1.09628,1.09249,1.08733,1.09344,1.08789,1.08
1.09344,1.09628,1.09033,1.09638,1.09372,1.08453,1.09486,1.09174,1.0676,1.10278,1.09061,1.07049
1.08379,1.10432,1.09363,1.0959,1.0878,1.09033,1.08789,1.08911,1.09533,1.08808,1.09543,1.1024


B:
7.88568,12.0402,11.7422,8.09,10.9286,5.39387,11.9716,14.3338,19.7022,11.7216,11.3576,19.6989
6.69159,13.287,13.0405,10.35,5.77466,12.0601,14.1454,7.81658,39.2024,13.3219,5.8019,13.4454
15.7802,6.8469,19.2038,11.6604,14.4894,10.2054,13.3159,8.93059,10.4275,11.6208,11.2173,11.906


========================================================
Test10 (ADC Calibration) results 2008-08-28 18:28:41
Board ID056 36 channels
Linux calibration (server mode)

Voltmeter channel: A=1.08309, B=0

A:
1.08465,1.07735,1.08584,1.06512,1.08317,1.08473,1.08691,1.08386,1.08035,1.08403,1.07843,1.07294
1.08238,1.08694,1.08133,1.08611,1.0825,1.07538,1.08601,1.08106,1.06231,1.09346,1.07923,1.0613
1.07565,1.09305,1.08616,1.08637,1.07867,1.08055,1.07888,1.0758,1.08544,1.07872,1.08557,1.0924


B:
0,0,0,0,0,0,0,0,0,0,0,0
0,0,0,0,0,0,0,0,0,0,0,0
0,0,0,0,0,0,0,0,0,0,0,0


========================================================
Test10 (ADC Calibration) results 2008-08-28 18:57:15
Board ID056 36 channels
Linux calibration (server mode)

Voltmeter channel: A=1.08299, B=0

A:
1.08463,1.07732,1.08579,1.06491,1.08319,1.08472,1.08691,1.08381,1.08031,1.08398,1.0785,1.07298
1.08235,1.08684,1.08128,1.08605,1.08254,1.07524,1.08594,1.08101,1.0603,1.09329,1.07923,1.06102
1.07553,1.093,1.08613,1.08628,1.0784,1.08038,1.0788,1.07522,1.08536,1.07875,1.08547,1.09221


B:
0,0,0,0,0,0,0,0,0,0,0,0
0,0,0,0,0,0,0,0,0,0,0,0
0,0,0,0,0,0,0,0,0,0,0,0


========================================================
Test10 (ADC Calibration) results 2008-08-30 18:21:59
Board ID056 36 channels
Linux calibration (server mode)

Voltmeter channel: A=1.08093, B=0

A:
1.08225,1.07499,1.08368,1.06342,1.08078,1.08242,1.08456,1.08145,1.07798,1.08163,1.0761,1.07057
1.07994,1.08486,1.07894,1.08403,1.08011,1.07301,1.0838,1.07866,1.06628,1.09142,1.07698,1.05945
1.07324,1.09093,1.08408,1.084,1.07683,1.07818,1.07648,1.0761,1.08298,1.07635,1.08334,1.0906


B:
0,0,0,0,0,0,0,0,0,0,0,0
0,0,0,0,0,0,0,0,0,0,0,0
0,0,0,0,0,0,0,0,0,0,0,0


========================================================
Test10 (ADC Calibration) results 2008-08-30 21:23:30
Board ID056 36 channels
Linux calibration (server mode)

Voltmeter channel: A=1.11164, B=0

A:
1.11319,1.10564,1.11452,1.09319,1.11173,1.11321,1.11548,1.11237,1.10871,1.11252,1.1068,1.10106
1.11077,1.11568,1.10979,1.11482,1.11108,1.1036,1.11466,1.10952,1.08732,1.12225,1.10763,1.08943
1.10382,1.12189,1.11478,1.11506,1.10632,1.10892,1.10726,1.10491,1.11402,1.10714,1.11435,1.12129


B:
0,0,0,0,0,0,0,0,0,0,0,0
0,0,0,0,0,0,0,0,0,0,0,0
0,0,0,0,0,0,0,0,0,0,0,0


========================================================
Test10 (ADC Calibration) results 2008-08-30 21:50:45
Board ID056 36 channels
Linux calibration (server mode)

Voltmeter channel: A=1.08066, B=0

A:
1.08217,1.07489,1.08351,1.06271,1.08078,1.0823,1.08446,1.08138,1.07786,1.0816,1.07598,1.07038
1.07991,1.08461,1.07893,1.0838,1.08004,1.07275,1.08358,1.07861,1.05593,1.09106,1.07688,1.05902
1.07304,1.09074,1.08383,1.08393,1.06214,1.07798,1.07642,1.07355,1.08296,1.0762,1.08346,1.09007


B:
0,0,0,0,0,0,0,0,0,0,0,0
0,0,0,0,0,0,0,0,0,0,0,0
0,0,0,0,0,0,0,0,0,0,0,0


========================================================
Test10 (ADC Calibration) results 2008-08-31 12:04:51
Board ID056 36 channels
Linux calibration (server mode)

Voltmeter channel: A=1.08051, B=0

A:
1.08217,1.07491,1.08328,1.0623,1.0807,1.08214,1.08439,1.08133,1.07778,1.0815,1.076,1.07025
1.07979,1.0842,1.07873,1.08345,1.08006,1.0727,1.0834,1.07858,1.05677,1.09065,1.07671,1.05842
1.07298,1.09033,1.08365,1.08388,1.07405,1.07798,1.07643,1.07025,1.08289,1.07618,1.08314,1.08939


B:
0,0,0,0,0,0,0,0,0,0,0,0
0,0,0,0,0,0,0,0,0,0,0,0
0,0,0,0,0,0,0,0,0,0,0,0


========================================================
Test10 (ADC Calibration) results 2008-08-31 16:13:49
Board ID056 36 channels
Linux calibration (server mode)

Voltmeter channel: A=1.08066, B=0

A:
1.08234,1.07489,1.08345,1.06245,1.0808,1.0823,1.08449,1.08143,1.07783,1.08155,1.07603,1.07046
1.07989,1.08442,1.07886,1.08365,1.08004,1.07286,1.08363,1.07859,1.06541,1.09091,1.07678,1.0586
1.07314,1.09053,1.0838,1.08395,1.07468,1.07813,1.07647,1.07098,1.08299,1.07632,1.08321,1.08989


B:
0,0,0,0,0,0,0,0,0,0,0,0
0,0,0,0,0,0,0,0,0,0,0,0
0,0,0,0,0,0,0,0,0,0,0,0


========================================================
Test10 (ADC Calibration) results 2008-08-31 18:29:22
Board ID056 36 channels
Linux calibration (server mode)

Voltmeter channel: A=1.08065, B=0

A:
1.08224,1.07496,1.08348,1.06233,1.08078,1.0823,1.08457,1.08135,1.07791,1.0816,1.07598,1.07043
1.07978,1.08446,1.07894,1.08366,1.08011,1.07265,1.08358,1.07861,1.06212,1.09093,1.07685,1.05874
1.07312,1.09055,1.08383,1.0839,1.07511,1.07808,1.07648,1.07059,1.08294,1.07635,1.08334,1.08992


B:
0,0,0,0,0,0,0,0,0,0,0,0
0,0,0,0,0,0,0,0,0,0,0,0
0,0,0,0,0,0,0,0,0,0,0,0


========================================================
Test10 (ADC Calibration) results 2008-09-01 15:17:54
Board ID056 36 channels
Linux calibration (server mode)

Voltmeter channel: A=1.08083, B=0

A:
1.08229,1.07492,1.08373,1.06308,1.08098,1.08264,1.08461,1.08153,1.07803,1.08168,1.0761,1.07069
1.07999,1.08464,1.07911,1.08397,1.08013,1.07312,1.08392,1.07874,1.06755,1.0913,1.07706,1.05911
1.07327,1.09081,1.08419,1.08402,1.07602,1.07818,1.07666,1.07329,1.08318,1.07645,1.0836,1.09042


B:
0,0,0,0,0,0,0,0,0,0,0,0
0,0,0,0,0,0,0,0,0,0,0,0
0,0,0,0,0,0,0,0,0,0,0,0


