========================================================

Test11 results 07-26-2006  23:06:49
Board ID056  36 channels
HV Tests Software Ver.1.6.1

+5V 2517 - O'k
-5V 1317 - O'k
Interlock - On
Calibration DAC Range: [2500 - 2900]


A:
Limits 0.76 +/- 0.04
0.747664,0.753296,0.744879,0.767754,0.747664,0.750469,0.747664,0.749064,0.753296,0.749064,0.753296,0.753296
0.749064,0.749064,0.75188,0.747664,0.749064,0.757576,0.747664,0.75188,0.75188,0.744879,0.753296,0.767754
0.757576,0.744879,0.749064,0.744879,0.754717,0.75188,0.756144,0.756144,0.746269,0.753296,0.75188,0.747664


B:
Limits 60.0 +/- 30.0
64.285172,62.02113,71.794113,48.804703,71.198685,55.095219,61.139179,61.060757,56.369389,62.038052,61.307377,64.25325
68.498909,61.060757,60.643639,65.176308,65.094475,52.615845,64.75666,61.633972,60.3727,57.529022,64.53849,58.50079
58.281574,68.328857,58.723957,70.265251,55.048603,63.509632,53.722855,60.008484,72.627563,62.209087,61.096863,60.169003
========================================================
Test11 (DAC Calibration) results 2008-03-12 11:40:30
Board ID56 36 channels
Linux calibration software
Calibration DAC Range: [1100 - 2700]

A:
0.748083,0.754646,0.749766,0.76314,0.751385,0.749134,0.747873,0.750328,0.754503,0.750188,0.753579,0.75543
0.749766,0.748503,0.752162,0.747594,0.750188,0.756072,0.749344,0.75188,0.751103,0.745226,0.753367,0.766651
0.756144,0.744186,0.748923,0.748293,0.752587,0.753367,0.75365,0.752587,0.749766,0.753579,0.753012,0.747943


B:
73.9291,68.3991,67.5726,69.4555,70.0009,68.2929,70.9265,66.948,63.3122,69.9926,71.364,68.8386
77.3196,70.0599,71.0418,74.4509,72.0931,68.7175,65.1554,72.9324,72.1906,63.3907,74.5174,71.1548
73.913,78.9768,68.2829,69.0019,71.9661,69.9972,73.5281,77.9868,71.3215,72.4192,66.4155,66.193


========================================================
Test11 (ADC Calibration) results 2008-06-19 12:56:33
Board ID056 36 channels
Linux calibration software

Calibration DAC Range: [1000 - 3500]

A:
0.7364,0.7428,0.7376,0.75,0.7388,0.7372,0.7368,0.7384,0.7428,0.738,0.742,0.7428
0.7376,0.7356,0.7404,0.7348,0.7376,0.7448,0.7376,0.7392,0.7388,0.7316,0.7408,0.7512
0.7444,0.7304,0.7372,0.7368,0.7408,0.7408,0.742,0.7392,0.7368,0.742,0.7408,0.732


B:
74.6,70.2,68.3999,70,72.2,68.7999,70.2,68.6001,64.2,72.0001,72.0001,71.2
79.3999,70.4,71.5999,76.2001,74.3999,70.2001,65.3999,74.8,73.2,65.4,75.1999,70.7999
73.5999,79.5999,68.7999,69.2,71.1999,71.1999,74.0001,76.8,74.2,73.0001,68.1999,66


========================================================
Test11 (ADC Calibration) results 2008-07-15 19:12:31
Board ID056 36 channels
Linux calibration software

Calibration DAC Range: [1000 - 3500]

A:
0.7364,0.7428,0.7372,0.7504,0.7384,0.7372,0.7364,0.7384,0.7428,0.738,0.7416,0.7428
0.738,0.7356,0.74,0.7352,0.7376,0.744,0.7372,0.7396,0.7388,0.7324,0.7404,0.7516
0.7444,0.73,0.738,0.7364,0.7408,0.7404,0.742,0.7392,0.7364,0.7416,0.7408,0.7316


B:
74.6,70.2,68.7999,70.6,72.6001,68.7999,70.6,68.6001,64.2,71.0001,72.4001,71.2
79.0001,70.4,68,75.8,74.3999,70.9999,66.7999,73.4,72.2,63.6,75.5999,71.3999
74.5999,79.9999,68.0001,69.6,71.1999,71.5999,74.0001,76.8,74.6,73.4001,68.1999,66.4


========================================================
Test11 (ADC Calibration) results 2008-07-17 10:58:43
Board ID056 36 channels
Linux calibration software

Calibration DAC Range: [1000 - 3500]

A:
0.7364,0.742,0.7368,0.75,0.7376,0.7372,0.736,0.7384,0.742,0.738,0.7408,0.7428
0.7376,0.7352,0.7404,0.7348,0.7376,0.744,0.7372,0.7396,0.7424,0.732,0.7404,0.7512
0.7436,0.7296,0.7372,0.7364,0.74,0.74,0.742,0.7404,0.7364,0.7412,0.7404,0.732


B:
74.6,71.0001,69.2,70,73.3999,68.7999,71,67.6001,65.0001,71.0001,74.1999,69.2
79.3999,70.8,66.5999,76.2001,73.3999,70.9999,65.7999,73.4,68.6,64,75.5999,72.7999
75.4,80.4,68.7999,69.6,72,72,73.0001,74.5999,74.6,73.8001,68.5999,65


========================================================
Test11 (ADC Calibration) results 2008-07-20 18:37:46
Board ID056 36 channels
Linux calibration software

Calibration DAC Range: [1000 - 3500]

A:
0.7364,0.7424,0.7372,0.7504,0.738,0.7372,0.736,0.738,0.7424,0.738,0.7412,0.7424
0.7376,0.7352,0.74,0.7348,0.7376,0.744,0.7372,0.7392,0.7512,0.732,0.74,0.7512
0.744,0.73,0.7372,0.7364,0.74,0.7404,0.742,0.7392,0.7368,0.7416,0.7408,0.7316


B:
74.6,70.6,68.7999,69.6,73.0001,68.7999,71,69.0001,64.6,71.0001,72.8001,71.6
79.3999,70.8,68,76.2001,73.3999,70.9999,65.7999,74.8,59.7999,65,76,72.7999
74.9999,79.9999,68.7999,69.6,72,70.5999,73.0001,76.8,73.2,73.4001,68.1999,67.4


========================================================
Test11 (ADC Calibration) results 2008-07-24 23:03:59
Board ID056 36 channels
Linux calibration software

Calibration DAC Range: [1000 - 3500]

A:
0.7364,0.742,0.7364,0.7504,0.7384,0.7372,0.7356,0.7384,0.7424,0.738,0.7412,0.7424
0.738,0.7356,0.74,0.7348,0.7372,0.7436,0.7372,0.7392,0.748,0.7324,0.7396,0.7512
0.744,0.73,0.7376,0.7364,0.74,0.7404,0.7416,0.7388,0.7364,0.7412,0.74,0.7316


B:
74.6,72.0001,70.6,69.6,72.6001,68.7999,72.4,68.6001,64.6,71.0001,72.8001,71.6
78.0001,70.4,69,76.2001,74.7999,73.4,65.7999,74.8,63.9999,63.6,77.4,72.7999
74.9999,79.9999,68.3999,69.6,73,71.5999,74.4001,77.2,74.6,74.8001,71,67.4


