========================================================

Test15 results 07-06-2005  17:03:41
Board ID033  8 channels
HV Tests Software Ver.1.6


A:
Limits 1.45 +/- 2.0
1.430615,1.429593,1.428571,1.431639,1.43472,1.433692,1.41844,1.436782


B:
Limits 0.0 +/- 160.0
-11.444983,-10.007269,2.857048,-10.021383,11.477628,10.035888,8.510555,2.873464
========================================================
Test15 (Master ADC Calibration) results 2008-02-21 11:45:35
Board ID33 7 channels
Linux calibration software


A:
1.43062,1.43266,1.43164,1.43266,1.43678,1.43575,1.41844,1.43781

B:
-2.57517,-16.6189,-3.86534,-12.3209,5.45968,3.87666,8.51056,1.29416

========================================================
Test15 (ADC Calibration) results 2008-12-05 09:03:43
Board ID033 8 channels
Host: ufcmshv3
Linux calibration software

A:
1.41705,1.41427,1.43314,1.41504,1.43203,1.44188,1.4172,1.42904


B:
-0.152533,-13.4682,-1.47732,-8.92582,6.74151,6.8321,10.2255,6.52969


========================================================
Test15 (ADC Calibration) results 2008-12-05 11:03:36
Board ID033 8 channels
Host: ufcmshv3
Linux calibration software

A:
1.39067,1.39321,1.42559,1.41197,1.40617,1.43062,1.41844,1.44557


B:
0.941254,-13.1391,0.372812,-8.14592,8.65336,8.01132,10.4965,6.89435


========================================================
Test15 (ADC Calibration) results 2008-12-05 11:41:09
Board ID033 8 channels
Host: ufcmshv3
Linux calibration software

A:
1.39112,1.39276,1.42591,1.41197,1.40617,1.43046,1.41844,1.44557


B:
0.0640263,-12.5349,-0.702133,-8.14592,8.09073,8.12069,11.3474,7.18315


========================================================
Test15 (ADC Calibration) results 2008-12-05 15:06:59
Board ID033 8 channels
Host: ufcmshv3
Linux calibration software

A:
1.41504,1.44976,1.43014,1.41782,1.42248,1.43789,1.44847,1.44525


B:
0.130617,-14.2522,-1.958,-8.63776,8.5348,6.70263,10.986,7.11493


