========================================================

Test16 results 07-06-2005  17:05:04
Board ID033  8 channels
HV Tests Software Ver.1.6
Calibration DAC Range: [1000 - 2300]


A:
Limits 0.57 +/- 0.1
0.564481,0.566696,0.565956,0.565217,0.564972,0.564726,0.570927,0.566449


B:
Limits 50.0 +/- 60.0
49.353886,39.69817,40.220203,41.556267,40.113022,42.713905,39.761684,37.45549
========================================================
Test16 (Master DAC Calibration) results 2008-02-21 11:45:35
Board ID33 7 channels
Linux calibration software
Calibration DAC Range: [1000 - 2300]

A:
0.5642,0.565077,0.565341,0.563953,0.56416,0.563792,0.570034,0.564247

B:
51.273,46.3322,43.8986,47.5823,45.1431,47.8269,44.4458,46.9856

========================================================
Test16 (ADC Calibration) results 2008-12-05 09:17:45
Board ID033 8 channels
Host: ufcmshv3
Linux calibration software

A:
0.5688,0.5716,0.564,0.5712,0.5648,0.5604,0.57,0.5656


B:
46.2001,47.3999,52,49.8,45.1999,53.6,44,49.4001


========================================================
Test16 (ADC Calibration) results 2008-12-05 11:49:16
Board ID033 8 channels
Host: ufcmshv3
Linux calibration software

A:
0.5796,0.5804,0.5668,0.5724,0.5744,0.5656,0.5692,0.5584


B:
54.4001,46.6,48.2,46.6001,45.6,50.4001,44.8001,49.6001


========================================================
Test16 (ADC Calibration) results 2008-12-05 15:15:00
Board ID033 8 channels
Host: ufcmshv3
Linux calibration software

A:
0.57,0.5572,0.5652,0.5708,0.568,0.562,0.5576,0.5588


B:
46,48.7999,55.8001,48.2,44.9999,57.0001,44.3999,50.2001


