========================================================

Test15 results 07-07-2005  18:04:24
Board ID029  8 channels
HV Tests Software Ver.1.6


A:
Limits 1.45 +/- 2.0
1.430615,1.447178,1.43472,1.439885,1.433692,1.438849,1.436782,1.424501


B:
Limits 0.0 +/- 160.0
12.875475,-2.894365,10.042908,-4.319578,12.903271,-7.194388,-4.310444,-4.273489
========================================================
Test15 (Master ADC Calibration) results 2007-04-18 13:02:06
Board ID29 7 channels
Linux calibration software


A:
1.43164,1.44404,1.43266,1.44092,1.43369,1.43781,1.43781,1.42552

B:
4.7245,-3.61,9.16907,-11.2391,9.31904,-10.2084,-10.2084,-10.4062

========================================================
Test15 (Master ADC Calibration) results 2008-08-22 04:32:57
Board ID29 7 channels
Linux calibration software


A:
1.44585,1.45042,1.45734,1.43006,1.42561,1.39382,1.43904,1.45657

B:
6.70357,-5.14237,10.4665,-1.03995,19.181,6.20896,-7.32614,-6.48826

========================================================
Test15 (Master ADC Calibration) results 2008-08-22 04:41:05
Board ID29 7 channels
Linux calibration software


A:
1.44054,1.44585,1.45272,1.42413,1.41972,1.42192,1.43379,1.45042

B:
10.3456,-1.97151,13.6028,4.5313,24.6515,4.65345,-3.64965,-0.791109

========================================================
Test15 (ADC Calibration) results 2008-11-27 09:18:19
Board ID029 8 channels
Host: ufcmshv3
Linux calibration software

A:
1.44493,1.44992,1.45626,1.42951,1.42466,1.42606,1.43837,1.45593


B:
6.75789,-5.08583,9.74564,-0.373927,19.8355,1.18471,-7.72283,-7.21259


========================================================
Test15 (ADC Calibration) results 2008-11-27 15:03:17
Board ID029 8 channels
Host: ufcmshv3
Linux calibration software

A:
2.94851,2.98097,2.97892,2.98645,2.97755,2.97824,2.97619,2.95993


B:
-3882.15,-3905.48,-3896.75,-3925.25,-3883.19,-3918.26,-3923.21,-3915.25


========================================================
Test15 (ADC Calibration) results 2008-11-27 15:08:53
Board ID029 8 channels
Host: ufcmshv3
Linux calibration software

A:
1.41258,1.42889,1.42497,1.42936,1.42544,1.42622,1.42466,1.41813


B:
15.7121,3.7813,13.636,-0.835615,17.8727,0.504541,-0.394575,0.501796


