========================================================

Test16 results 07-07-2005  18:06:05
Board ID029  8 channels
HV Tests Software Ver.1.6
Calibration DAC Range: [1000 - 2300]


A:
Limits 0.57 +/- 0.1
0.569177,0.565217,0.567934,0.566943,0.567934,0.565463,0.565217,0.572183


B:
Limits 50.0 +/- 60.0
36.330059,39.130497,33.965244,39.57552,35.599022,41.399124,39.943134,34.938572
========================================================
Test16 (Master DAC Calibration) results 2007-04-18 13:02:06
Board ID29 7 channels
Linux calibration software
Calibration DAC Range: [1000 - 2300]

A:
0.567389,0.564703,0.567835,0.566282,0.568282,0.565023,0.564741,0.571971

B:
40.1085,43.3886,35.6571,42.217,34.6137,44.7007,42.5795,37.638

========================================================
Test16 (Master DAC Calibration) results 2008-08-22 04:32:57
Board ID29 7 channels
Linux calibration software
Calibration DAC Range: [1000 - 2200]

A:
0.562306,0.562897,0.558174,0.568206,0.580114,0.582901,0.564508,0.560064

B:
38.9947,43.4172,36.0776,45.824,1.747,35.8933,41.1789,35.476

========================================================
Test16 (Master DAC Calibration) results 2008-08-22 04:41:05
Board ID29 7 channels
Linux calibration software
Calibration DAC Range: [1000 - 2200]

A:
0.564528,0.564601,0.560025,0.57057,0.58244,0.571147,0.566422,0.562437

B:
36.1766,41.9294,34.6601,42.6476,-1.01744,33.1841,39.5333,32.7765

========================================================
Test16 (ADC Calibration) results 2008-11-27 10:10:24
Board ID029 8 channels
Host: ufcmshv3
Linux calibration software

A:
0.5608,0.5592,0.5576,0.5668,0.5712,0.5684,0.5648,0.5576


B:
46.1999,57.8,41.3999,51.2,36.8,38.5999,42.1999,48.3999


========================================================
Test16 (ADC Calibration) results 2008-11-27 15:17:56
Board ID029 8 channels
Host: ufcmshv3
Linux calibration software

A:
0.5728,0.5668,0.5688,0.5672,0.5704,0.5684,0.5696,0.572


B:
46.2001,45.2,35.2001,50.8,39.6,38.5999,35.4,41.9999


