========================================================

Test10 results 08-17-2005  12:38:04
Board ID043  36 channels
HV Tests Software Ver.1.6.1

+5V 2531 - O'k
-5V 1329 - O'k
Interlock - On

Voltmeter channel: A=1.075269, B=15.053588

A:
Limits 1.1 +/- 0.1
1.081666,1.067806,1.067806,1.067806,1.071237,1.074114,1.063264,1.073537,1.075269,1.066098,1.064963,1.071237
1.072961,1.047669,1.073537,1.071237,1.071811,1.06383,1.077586,1.077006,1.068947,1.064963,1.077586,1.068376
1.070664,1.075847,1.075269,1.072961,1.067806,1.06383,1.06383,1.074691,1.070091,1.072386,1.077006,1.068947


B:
Limits 0.0 +/- 30.0
6.490035,8.542488,17.084934,14.949322,13.925911,6.444721,11.695795,12.882283,15.053588,17.057522,20.234222,14.997149
11.802734,10.4767,16.102896,10.712199,12.861896,18.085135,3.232881,14.000859,5.344774,15.974372,14.008742,14.95728
12.847973,11.834177,12.903049,12.875696,18.152739,14.893645,20.212795,4.298649,8.560535,12.868753,3.230799,11.758456
========================================================
Test10 (ADC Calibration) results 2008-03-12 06:20:52
Board ID43 36 channels
Linux calibration software

Voltmeter channel: A=1.07502, B=18.3937

A:
1.0819,1.0668,1.06878,1.06921,1.07221,1.07353,1.06488,1.07561,1.07521,1.067,1.06571,1.07132
1.07327,1.0473,1.07396,1.07076,1.07323,1.06442,1.07695,1.07739,1.06884,1.0695,1.07867,1.06938
1.07175,1.0762,1.07663,1.07416,1.06954,1.06333,1.06432,1.07442,1.07182,1.0733,1.07662,1.0699


B:
2.26816,6.29555,9.86404,9.23742,7.85445,3.38093,3.45671,6.86338,11.6777,10.5058,13.1054,12.1382
8.60589,8.04759,9.48189,8.44044,6.16567,12.4426,0.868138,8.30622,0.917726,4.85229,9.80246,11.1954
7.43136,5.36872,7.72941,4.94233,9.83004,12.6647,12.8352,0.25141,3.54955,6.55881,1.01105,6.33837


========================================================
Test10 (ADC Calibration) results 2008-06-19 12:08:44
Board ID043 36 channels
Linux calibration software

Voltmeter channel: A=1.07, B=0

A:
1.09931,1.0832,1.0807,1.08579,1.09056,1.09065,1.08177,1.0392,1.09356,1.08507,1.08311,1.09047
1.09201,1.064,1.09246,1.08831,1.09047,1.08239,1.09428,1.09437,1.08615,1.07902,1.09959,1.08876
1.0902,1.09346,1.09337,1.09029,1.08633,1.0807,1.0815,1.09038,1.09047,1.0912,1.09401,1.08858


B:
2.38927,8.09386,14.943,10.4677,5.62903,4.45476,4.43948,26.8411,9.42864,9.82637,12.7258,10.2922
6.91262,7.5822,8.02478,7.49374,8.32931,11.2189,-0.211776,9.33445,0.795873,11.102,7.85405,12.3041
7.053,6.66942,8.50191,7.18813,10.623,12.3491,13.1232,2.52496,4.18586,7.22672,1.13474,7.89733


========================================================
Test10 (ADC Calibration) results 2008-07-06 16:53:33
Board ID043 36 channels
Linux calibration software

Voltmeter channel: A=1.07, B=0

A:
1.09941,1.08364,1.07822,1.08588,1.09047,1.09038,1.08195,0.971483,1.09365,1.08525,1.08329,1.0902
1.09201,1.064,1.09256,1.08822,1.09065,1.08293,1.09401,1.09447,1.08633,1.07699,1.0995,1.08867
1.09002,1.09356,1.09328,1.09038,1.08624,1.0807,1.08159,1.09074,1.09065,1.09111,1.09447,1.08903


B:
1.86514,6.81322,16.5851,9.95038,5.71242,4.92375,3.62427,92.1994,9.56372,9.444,12.7775,10.7596
7.13137,7.79495,7.94148,7.35913,7.72672,10.0746,0.0407251,9.25098,0.628844,11.0493,7.27856,12.8222
7.65556,6.36663,9.02278,7.10451,10.9231,11.917,13.0415,2.18999,3.58218,7.74667,0.714094,6.82811


========================================================
Test10 (ADC Calibration) results 2008-07-15 20:22:27
Board ID043 36 channels
Linux calibration software

Voltmeter channel: A=1.07, B=0

A:
1.09913,1.08391,1.07849,1.0857,1.09047,1.09056,1.08159,0.932426,1.09374,1.08543,1.08275,1.0902
1.09237,1.064,1.0921,1.08813,1.09074,1.08257,1.09337,1.09437,1.08633,1.07566,1.09904,1.0884
1.09011,1.09346,1.0931,1.09047,1.08606,1.08061,1.08141,1.09038,1.09056,1.09129,1.09447,1.08903


B:
2.55792,6.13124,16.1246,10.1159,5.49438,4.10248,4.17209,76.9633,9.6994,9.06131,14.1375,10.5416
6.79746,7.36945,8.57648,7.65974,7.8622,10.621,0.411182,9.55328,0.628844,12.062,7.47856,13.2879
7.35468,6.01311,9.18975,6.58485,11.0885,11.7827,13.2055,2.52496,3.66636,7.58021,0.495255,7.04587


========================================================
Test10 (ADC Calibration) results 2008-07-15 23:03:19
Board ID043 36 channels
Linux calibration software

Voltmeter channel: A=1.07, B=0

A:
1.10034,1.08511,1.07981,1.08715,1.09145,1.09145,1.08318,0.928615,1.09489,1.08618,1.08395,1.09155
1.09331,1.06504,1.09361,1.0891,1.09194,1.08395,1.09479,1.09538,1.08735,1.07703,1.10044,1.08998
1.09135,1.0943,1.0943,1.09135,1.08725,1.08135,1.08241,1.09164,1.09184,1.09243,1.09529,1.08959


B:
1.00373,5.23303,14.4731,8.55961,4.8118,3.72035,2.47882,73.3558,8.86132,8.37056,12.3809,9.3059
6.36966,6.81319,6.75442,6.76082,6.76112,8.91197,-1.33902,8.84714,-0.318754,10.7911,5.5343,10.9628
5.99352,5.46366,8.30905,5.77541,9.77443,11.7553,12.2904,1.35586,2.26578,6.09073,-0.262683,6.96387


========================================================
Test10 (ADC Calibration) results 2008-07-16 00:30:07
Board ID043 36 channels
Linux calibration software

Voltmeter channel: A=1.07, B=0

A:
1.10093,1.08493,1.0806,1.08757,1.09236,1.09246,1.08322,0.943778,1.09575,1.08675,1.08473,1.09226
1.09431,1.06568,1.09462,1.0898,1.09308,1.08423,1.09565,1.09616,1.08777,1.07711,1.10093,1.09031
1.09236,1.09503,1.09513,1.09195,1.08838,1.08261,1.08302,1.09226,1.09246,1.09308,1.09637,1.09042


B:
0.46897,6.26806,13.3051,8.39452,3.75324,2.12904,3.30817,73.6956,7.41736,8.49173,11.8788,8.87236
4.79925,5.99908,5.82877,6.11125,5.05865,9.0918,-2.12928,7.69739,-0.494902,11.3666,5.75347,11.0921
4.8456,5.23133,6.88913,5.6599,8.51522,9.50038,11.7264,0.571016,1.9106,5.93317,-1.92081,5.98226


========================================================
Test10 (ADC Calibration) results 2008-07-16 10:29:19
Board ID043 36 channels
Linux calibration software

Voltmeter channel: A=1.07, B=0

A:
1.10189,1.08632,1.08263,1.08844,1.09314,1.09271,1.08442,0.950311,1.09625,1.08791,1.08569,1.09271
1.09485,1.06658,1.09507,1.09025,1.09346,1.08495,1.09625,1.0969,1.08876,1.08064,1.10211,1.09121
1.09324,1.09572,1.09582,1.09271,1.08887,1.08316,1.08389,1.09314,1.09303,1.09421,1.09669,1.09164


B:
-0.193919,4.76308,13.1661,8.23891,3.25286,2.99255,1.97175,75.7535,7.61198,6.98772,11.2142,9.11191
5.17164,5.36437,6.06884,6.13406,5.36168,9.2922,-2.25431,7.67743,-1.41858,9.60229,4.67577,10.4858
4.24718,4.81852,6.91125,4.95948,8.9356,9.64773,11.1336,-0.0265517,2.2588,4.88916,-1.33732,5.07232


========================================================
Test10 (ADC Calibration) results 2008-07-16 15:50:29
Board ID043 36 channels
Linux calibration software

Voltmeter channel: A=1.07, B=0

A:
1.10167,1.08611,1.08284,1.08887,1.09314,1.09357,1.08463,0.943077,1.09669,1.08802,1.08526,1.09292
1.09485,1.06637,1.09539,1.09078,1.09335,1.08526,1.09582,1.09712,1.08876,1.08137,1.102,1.09121
1.09271,1.09572,1.09561,1.09303,1.08897,1.08358,1.0841,1.09271,1.09357,1.09421,1.09669,1.09153


B:
0.446922,4.9593,12.3225,6.97559,3.47179,1.32609,1.34133,106.08,6.77839,6.67223,11.8208,8.69657
4.9528,5.77047,5.55331,5.20568,5.89787,8.13109,-1.85534,7.04086,-1.63628,8.92207,5.21616,10.7044
5.39681,4.38007,7.32776,4.44486,8.61987,9.04158,10.7222,0.370244,0.888858,4.45131,-1.11804,5.17078


========================================================
Test10 (ADC Calibration) results 2008-07-17 09:50:45
Board ID043 36 channels
Linux calibration software

Voltmeter channel: A=1.07, B=0

A:
1.09971,1.08416,1.07935,1.08658,1.09099,1.0908,1.08249,0.946219,1.09467,1.08593,1.08323,1.09089
1.09287,1.06437,1.09297,1.08892,1.09146,1.08323,1.09429,1.09476,1.08696,1.07843,1.10019,1.08883
1.09071,1.0941,1.09382,1.09108,1.08705,1.08166,1.08221,1.09099,1.09193,1.09212,1.09505,1.08958


B:
2.02357,6.33173,16.1901,9.30096,5.01871,4.75587,3.76734,115.363,8.84513,9.25183,13.4754,10.7781
6.55708,7.87652,7.78208,6.92558,7.20336,10.2257,-0.437523,9.634,0.260655,11.2157,6.42534,13.3274
7.0242,5.64541,8.31278,6.45884,10.1747,10.8164,12.6834,2.18203,1.96554,6.59674,0.175087,6.7554


========================================================
Test10 (ADC Calibration) results 2008-07-19 11:33:18
Board ID043 36 channels
Linux calibration software

Voltmeter channel: A=1.07, B=0

A:
1.09962,1.08407,1.07806,1.08658,1.09071,1.09099,1.0824,0.966313,1.09476,1.08593,1.08323,1.09089
1.09278,1.06455,1.09306,1.08892,1.09146,1.08286,1.09476,1.09505,1.08677,1.07687,1.09924,1.08911
1.09052,1.0942,1.09344,1.09099,1.08714,1.08166,1.08231,1.09136,1.09118,1.09202,1.09476,1.08939


B:
1.67145,6.85134,15.8691,9.30096,5.71541,4.36401,3.63685,55.3503,8.32034,8.60056,13.4754,10.1238
6.644,7.28121,7.69522,6.70797,6.76689,10.785,-1.53254,8.93548,0.434848,11.5873,7.73873,11.9801
7.41544,5.33948,9.31612,6.54598,9.65365,10.6002,12.1649,1.39688,3.53547,6.90122,0.438093,6.71072


========================================================
Test10 (ADC Calibration) results 2008-07-19 17:28:33
Board ID043 36 channels
Linux calibration software

Voltmeter channel: A=1.07, B=0

A:
1.0999,1.08425,1.07788,1.0863,1.09089,1.09118,1.0824,0.957825,1.09448,1.08602,1.08323,1.0908
1.09268,1.06455,1.09297,1.08836,1.09127,1.08351,1.09439,1.09486,1.08686,1.0755,1.09962,1.08902
1.0908,1.09391,1.09382,1.09071,1.08658,1.0811,1.08147,1.09127,1.09099,1.09221,1.09467,1.0893


B:
1.62799,6.46209,16.2544,9.55948,5.76027,3.75365,3.85328,55.3239,9.45651,8.51439,13.4754,10.428
6.94945,7.06848,7.78208,7.66193,7.37695,9.75144,-0.744317,9.1093,0.130281,13.7236,6.28967,12.502
6.71937,6.47601,8.09407,6.58764,11.0397,11.5465,13.5834,1.26612,3.49143,6.50949,0.744293,7.23299


========================================================
Test10 (ADC Calibration) results 2008-07-20 15:54:11
Board ID043 36 channels
Linux calibration software

Voltmeter channel: A=1.07, B=0

A:
1.09981,1.08416,1.07751,1.0864,1.09099,1.09127,1.07623,0.926808,1.09486,1.08565,1.08323,1.09052
1.09278,1.06464,1.09325,1.08864,1.09118,1.08296,1.09401,1.09505,1.08705,1.07779,1.09933,1.0892
1.09099,1.09391,1.09363,1.09071,1.08668,1.08101,1.08194,1.09089,1.09108,1.09155,1.09524,1.08958


B:
1.71543,6.54851,17.0249,9.90751,5.455,3.44866,10.8916,58.3147,8.67108,9.51014,13.6924,11.1231
6.644,7.19682,7.30288,6.96717,7.68199,10.6999,-0.393557,8.93548,-0.260721,11.8125,6.99183,12.5475
5.89155,6.03817,8.70491,7.0242,10.5191,12.0639,12.7236,2.26947,3.40376,7.55379,-0.218976,5.88395


========================================================
Test10 (ADC Calibration) results 2008-07-24 14:52:16
Board ID043 36 channels
Linux calibration software

Voltmeter channel: A=1.07, B=0

A:
1.09943,1.08398,1.07926,1.08621,1.09005,1.09108,1.07632,0.917398,1.09476,1.08528,1.08286,1.09033
1.0925,1.06419,1.09287,1.08855,1.09136,1.08231,1.09372,1.09476,1.08658,1.07605,1.09904,1.08911
1.09024,1.09344,1.09297,1.09052,1.08621,1.08129,1.08203,1.09099,1.09099,1.09184,1.09467,1.08873


B:
1.40737,6.28693,14.9799,9.42824,5.01427,3.1856,10.376,63.2271,8.10144,9.203,13.6006,11.2957
6.46746,7.40686,7.43143,7.05377,6.8537,10.4335,-0.131219,8.75841,0.391028,12.568,7.03395,11.5443
6.80313,6.69159,8.65651,6.76102,9.863,10.9428,12.2051,1.30946,2.83673,6.6382,0.744293,7.53395


========================================================
Test10 (ADC Calibration) results 2008-07-24 21:41:51
Board ID043 36 channels
Linux calibration software

Voltmeter channel: A=1.07, B=0

A:
1.09971,1.08425,1.07852,1.08649,1.09071,1.09108,1.07605,0.900036,1.09439,1.08602,1.0836,1.09071
1.09325,1.06446,1.09287,1.08883,1.09146,1.08314,1.09382,1.09457,1.08658,1.07431,1.09924,1.0893
1.09089,1.09401,1.09344,1.0908,1.08686,1.08157,1.08194,1.09127,1.09099,1.09183,1.09495,1.08948


B:
1.58341,6.24529,14.7972,9.38718,5.49693,3.62231,10.4159,77.4032,9.32436,8.51439,12.4828,10.5144
5.99103,7.15332,8.08699,6.79446,6.76689,10.095,-0.656469,9.80709,0.173887,12.4622,7.07908,12.2435
6.1964,5.95173,9.31612,6.50126,9.91205,10.6859,12.5073,1.4842,3.92772,7.07521,-0.394015,7.06018


========================================================
Test10 (ADC Calibration) results 2008-08-12 21:57:53
Board ID043 36 channels
Linux calibration software

Voltmeter channel: A=1.07, B=0

A:
1.09981,1.08407,1.07816,1.08677,1.09108,1.09127,1.07641,0.861599,1.09495,1.08602,1.08351,1.09118
1.09372,1.06446,1.09325,1.08892,1.09183,1.08333,1.09372,1.09476,1.08686,1.06724,1.09914,1.08986
1.09099,1.09391,1.09401,1.09099,1.08677,1.08138,1.0824,1.09136,1.09202,1.09268,1.09524,1.08986


B:
2.15563,7.0681,16.6466,9.12901,5.14972,3.88494,10.0752,69.9272,8.58455,9.38326,13.002,10.7373
6.21243,7.57886,7.74046,7.14331,6.8569,10.1399,-1.00637,9.634,0.564797,13.7034,7.60592,12.1627
6.54598,6.2569,8.3585,6.54598,10.8679,11.722,12.296,1.39688,2.75186,6.29373,0.657268,7.14946


========================================================
Test10 (ADC Calibration) results 2008-08-15 14:11:55
Board ID043 36 channels
Linux calibration software

Voltmeter channel: A=1.07, B=0

A:
1.09962,1.08398,1.07705,1.0864,1.09052,1.09108,1.07614,1.0892,1.09495,1.08584,1.0837,1.09108
1.09334,1.06455,1.09297,1.08864,1.09174,1.08296,1.09533,1.09524,1.08686,1.06517,1.09885,1.08958
1.0908,1.09401,1.09391,1.09099,1.08668,1.08129,1.08212,1.09099,1.09146,1.0925,1.09524,1.08995


B:
2.11107,7.15417,17.8792,9.90751,5.6705,4.27668,11.1919,12.112,8.58455,9.33838,12.3978,10.8232
7.21624,7.49446,8.21904,7.83813,7.38011,10.9164,-0.306472,8.54293,0.564797,19.0452,7.20811,12.8571
6.93747,6.17048,8.44472,6.54598,10.9536,11.5916,12.5524,2.18203,3.92899,6.46746,0.438007,6.40903


========================================================
Test10 (ADC Calibration) results 2008-08-27 10:28:24
Board ID043 36 channels
Linux calibration (server mode)

Voltmeter channel: A=1.09962, B=0

A:
1.10043,1.08627,1.08396,1.08971,1.09284,1.0925,1.07942,1.0927,1.09784,1.08901,1.0876,1.09459
1.09564,1.06695,1.0959,1.09104,1.09412,1.0864,1.09502,1.09801,1.0872,1.06669,1.10079,1.09373
1.09324,1.09595,1.09666,1.09296,1.09016,1.08491,1.08595,1.09168,1.09267,1.09481,1.09539,1.09206


B:
0,0,0,0,0,0,0,0,0,0,0,0
0,0,0,0,0,0,0,0,0,0,0,0
0,0,0,0,0,0,0,0,0,0,0,0


========================================================
Test10 (ADC Calibration) results 2008-08-27 11:18:31
Board ID043 36 channels
Linux calibration software

Voltmeter channel: A=1.07, B=0

A:
1.10019,1.08407,1.07797,1.08714,1.0908,1.09127,1.07632,1.08911,1.09495,1.0864,1.0836,1.09136
1.09372,1.06464,1.09325,1.0893,1.09202,1.08314,1.09533,1.09524,1.08705,1.06115,1.09838,1.08986
1.09127,1.0942,1.09391,1.0908,1.08705,1.08157,1.0824,1.09118,1.09155,1.0925,1.09514,1.08995


B:
1.36462,6.63419,15.3069,8.56651,5.41046,3.66674,10.376,11.7624,9.02243,8.38678,12.6999,9.90957
6.43112,6.98394,8.39613,6.5793,7.11996,10.3116,-1.18279,8.76192,0.17387,13.2433,6.76602,11.7268
6.06748,5.99622,7.78865,6.28315,9.95732,10.9026,12.0796,1.78936,3.18758,7.34151,0.306509,6.84479


========================================================
Test10 (ADC Calibration) results 2008-08-28 18:28:46
Board ID043 36 channels
Linux calibration (server mode)

Voltmeter channel: A=1.08598, B=0

A:
1.08733,1.07334,1.06914,1.07662,1.07968,1.07948,1.06649,1.07958,1.08465,1.07595,1.07451,1.0814
1.08254,1.05407,1.08272,1.07802,1.08115,1.07344,1.08193,1.08482,1.0742,1.0499,1.08694,1.08025
1.08003,1.08285,1.08334,1.07993,1.07711,1.07178,1.07303,1.07872,1.07938,1.0816,1.08223,1.0787


B:
0,0,0,0,0,0,0,0,0,0,0,0
0,0,0,0,0,0,0,0,0,0,0,0
0,0,0,0,0,0,0,0,0,0,0,0


========================================================
Test10 (ADC Calibration) results 2008-08-28 18:57:15
Board ID043 36 channels
Linux calibration (server mode)

Voltmeter channel: A=1.08589, B=0

A:
1.08719,1.07319,1.0688,1.07662,1.07953,1.07945,1.06647,1.07955,1.0847,1.07591,1.07456,1.08136
1.0824,1.05414,1.0826,1.078,1.08105,1.07337,1.08192,1.08475,1.07418,1.04957,1.08694,1.08031
1.07986,1.08287,1.08336,1.07991,1.07707,1.07179,1.07316,1.0787,1.07936,1.08162,1.08217,1.07872


B:
0,0,0,0,0,0,0,0,0,0,0,0
0,0,0,0,0,0,0,0,0,0,0,0
0,0,0,0,0,0,0,0,0,0,0,0


========================================================
Test10 (ADC Calibration) results 2008-08-30 18:21:59
Board ID043 36 channels
Linux calibration (server mode)

Voltmeter channel: A=1.08398, B=0

A:
1.08496,1.07102,1.06729,1.0744,1.0774,1.0771,1.06421,1.07728,1.08229,1.07364,1.07219,1.07911
1.08021,1.05174,1.08033,1.07575,1.07871,1.07113,1.07966,1.08252,1.07186,1.05128,1.08501,1.07819
1.07788,1.08058,1.08106,1.07761,1.07476,1.06953,1.07069,1.07627,1.07731,1.07933,1.07988,1.07653


B:
0,0,0,0,0,0,0,0,0,0,0,0
0,0,0,0,0,0,0,0,0,0,0,0
0,0,0,0,0,0,0,0,0,0,0,0


========================================================
Test10 (ADC Calibration) results 2008-08-30 21:23:30
Board ID043 36 channels
Linux calibration (server mode)

Voltmeter channel: A=1.11466, B=0

A:
1.11591,1.1016,1.09684,1.10498,1.10809,1.10786,1.09445,1.10792,1.11321,1.10428,1.10277,1.10993
1.11096,1.08181,1.11118,1.10637,1.10957,1.10169,1.11039,1.11337,1.10238,1.08015,1.11565,1.10874
1.10851,1.11133,1.11197,1.1083,1.10545,1.10017,1.1013,1.10709,1.10794,1.11012,1.11068,1.10717


B:
0,0,0,0,0,0,0,0,0,0,0,0
0,0,0,0,0,0,0,0,0,0,0,0
0,0,0,0,0,0,0,0,0,0,0,0


========================================================
Test10 (ADC Calibration) results 2008-08-30 21:50:45
Board ID043 36 channels
Linux calibration (server mode)

Voltmeter channel: A=1.08366, B=0

A:
1.08479,1.07087,1.06597,1.07425,1.07721,1.07698,1.06403,1.07721,1.08215,1.07362,1.07209,1.07896
1.08003,1.0517,1.0803,1.07552,1.07861,1.07097,1.07946,1.08234,1.07179,1.0504,1.08462,1.07796
1.07756,1.08046,1.08096,1.0775,1.07471,1.06941,1.07059,1.07628,1.07701,1.07918,1.07988,1.07635


B:
0,0,0,0,0,0,0,0,0,0,0,0
0,0,0,0,0,0,0,0,0,0,0,0
0,0,0,0,0,0,0,0,0,0,0,0


========================================================
Test10 (ADC Calibration) results 2008-08-31 12:04:51
Board ID043 36 channels
Linux calibration (server mode)

Voltmeter channel: A=1.08329, B=0

A:
1.08476,1.07082,1.06554,1.0742,1.07708,1.07693,1.06394,1.07705,1.08215,1.0735,1.07204,1.07894
1.07994,1.0517,1.08008,1.07542,1.07851,1.07098,1.07941,1.08232,1.07172,1.04791,1.08412,1.07776
1.07746,1.08043,1.08093,1.0775,1.07468,1.0693,1.07056,1.07622,1.0768,1.07914,1.07976,1.07628


B:
0,0,0,0,0,0,0,0,0,0,0,0
0,0,0,0,0,0,0,0,0,0,0,0
0,0,0,0,0,0,0,0,0,0,0,0


========================================================
Test10 (ADC Calibration) results 2008-08-31 16:13:49
Board ID043 36 channels
Linux calibration (server mode)

Voltmeter channel: A=1.08355, B=0

A:
1.08484,1.07098,1.06574,1.0743,1.07725,1.07711,1.06423,1.07715,1.08219,1.07357,1.07223,1.07899
1.08011,1.05176,1.08031,1.07564,1.07874,1.07107,1.07958,1.08237,1.07171,1.04964,1.08427,1.07789
1.07754,1.08048,1.08101,1.07758,1.07463,1.06944,1.07071,1.07637,1.07703,1.07928,1.07983,1.07645


B:
0,0,0,0,0,0,0,0,0,0,0,0
0,0,0,0,0,0,0,0,0,0,0,0
0,0,0,0,0,0,0,0,0,0,0,0


========================================================
Test10 (ADC Calibration) results 2008-08-31 18:29:22
Board ID043 36 channels
Linux calibration (server mode)

Voltmeter channel: A=1.08353, B=0

A:
1.08488,1.071,1.06597,1.0743,1.0773,1.07708,1.06407,1.07711,1.08232,1.07359,1.07214,1.07906
1.08004,1.05179,1.08038,1.07564,1.07869,1.071,1.07948,1.08247,1.07179,1.04952,1.08449,1.07793
1.07761,1.08051,1.08096,1.07753,1.07471,1.06949,1.07067,1.07627,1.07706,1.07921,1.07981,1.07645


B:
0,0,0,0,0,0,0,0,0,0,0,0
0,0,0,0,0,0,0,0,0,0,0,0
0,0,0,0,0,0,0,0,0,0,0,0


========================================================
Test10 (ADC Calibration) results 2008-09-01 15:17:54
Board ID043 36 channels
Linux calibration (server mode)

Voltmeter channel: A=1.08387, B=0

A:
1.08488,1.07108,1.06743,1.07445,1.07731,1.07718,1.06423,1.07733,1.08239,1.07378,1.07225,1.07933
1.0803,1.05192,1.08048,1.07574,1.07884,1.0712,1.07959,1.08247,1.07195,1.05181,1.08474,1.07806
1.07789,1.08061,1.08111,1.07759,1.07489,1.06954,1.07072,1.07635,1.07715,1.07936,1.07999,1.07653


B:
0,0,0,0,0,0,0,0,0,0,0,0
0,0,0,0,0,0,0,0,0,0,0,0
0,0,0,0,0,0,0,0,0,0,0,0


========================================================
Test10 (ADC Calibration) results 2009-04-14 16:06:45
Board ID043 36 channels
Host: ufcmshv3
Linux calibration software

Voltmeter channel: A=1.04864, B=8.61478

A:
1.05357,1.07234,1.06689,1.05554,1.0836,1.07287,1.05906,1.04729,1.05042,1.06838,1.05794,1.05751
1.04527,1.05528,1.05025,1.07031,1.06592,1.07438,1.04847,1.05932,1.06409,1.05477,1.07518,1.06557
1.05059,1.05017,1.08823,1.05383,1.05682,1.06079,1.04192,1.04763,1.06802,1.05374,1.06062,1.04175


B:
1.4265,6.58263,10.7839,8.63904,4.16748,4.37394,11.6825,6.12251,9.03393,9.61529,13.5745,10.8029
5.74115,8.24737,6.46309,8.03565,7.83837,9.63633,0.596691,9.32205,1.03118,4.51097,5.88886,13.0655
5.72141,7.38371,8.18712,7.71756,8.69841,12.1911,13.5126,3.07807,3.53274,6.74367,1.10929,7.004


========================================================
Test10 (ADC Calibration) results 2009-04-14 17:55:52
Board ID043 36 channels
Host: ufcmshv3
Linux calibration software

Voltmeter channel: A=1.04864, B=8.4051

A:
1.05314,1.07208,1.06671,1.05519,1.08378,1.07261,1.05915,1.0472,1.05042,1.06846,1.05803,1.05777
1.04502,1.05519,1.05051,1.07005,1.06592,1.07438,1.04915,1.05949,1.064,1.05502,1.07545,1.06584
1.05051,1.05017,1.08796,1.054,1.05657,1.0607,1.042,1.04763,1.06802,1.0534,1.06053,1.04125


B:
2.04146,6.8285,10.306,8.74993,3.78487,4.40593,10.3306,5.99336,8.61346,8.67912,12.6478,9.71545
5.7719,8.11671,5.80215,8.06651,7.62523,9.20668,-1.51682,8.31285,0.261907,3.42471,4.56656,11.97
5.80215,6.75351,7.78305,6.08084,8.94019,11.4231,13.0171,2.4498,2.89182,6.43405,0.76694,7.27278


