========================================================

Test11 results 08-17-2005  12:39:58
Board ID043  36 channels
HV Tests Software Ver.1.6.1

+5V 2533 - O'k
-5V 1331 - O'k
Interlock - On
Calibration DAC Range: [2500 - 2900]


A:
Limits 0.76 +/- 0.04
0.729927,0.743494,0.740741,0.742115,0.738007,0.736648,0.746269,0.736648,0.733945,0.740741,0.744879,0.738007
0.740741,0.756144,0.736648,0.738007,0.736648,0.742115,0.732601,0.735294,0.739372,0.744879,0.736648,0.744879
0.738007,0.735294,0.738007,0.733945,0.738007,0.744879,0.743494,0.736648,0.742115,0.738007,0.739372,0.739372


B:
Limits 60.0 +/- 30.0
78.984138,59.398674,64.382866,59.914402,72.158287,73.546982,56.165016,66.494148,73.128235,68.127625,54.546597,62.666176
52.219421,63.966053,59.376755,71.235062,73.354012,66.613548,79.270164,64.035088,75.221474,56.926357,56.601196,44.498188
72.025322,66.466263,58.830013,77.680267,77.210472,56.636295,62.138313,74.467255,55.291946,62.727795,68.330475,71.134529
========================================================
Test11 (DAC Calibration) results 2008-03-12 06:20:52
Board ID43 36 channels
Linux calibration software
Calibration DAC Range: [1100 - 2700]

A:
0.731395,0.742115,0.740741,0.740809,0.738007,0.737463,0.744186,0.736038,0.736309,0.741977,0.742873,0.739713
0.738007,0.755929,0.737531,0.739372,0.737667,0.743771,0.734754,0.734821,0.740329,0.740604,0.733945,0.741427
0.738689,0.735632,0.7357,0.737395,0.73985,0.744532,0.74384,0.736852,0.739372,0.738348,0.739372,0.740329


B:
76.7782,67.718,66.6668,65.8302,73.4318,72.2715,64.8372,67.3383,66.9582,65.3866,65.0292,59.2233
62.3617,67.0983,59.3436,69.3161,70.2166,63.927,73.8428,67.8698,75.3841,69.0798,64.4037,56.2187
70.8588,69.2322,66.1946,68.2369,71.1644,61.3774,64.4258,76.9549,63.9926,63.3595,70.7948,67.9808


========================================================
Test11 (ADC Calibration) results 2008-06-19 12:56:33
Board ID043 36 channels
Linux calibration software

Calibration DAC Range: [1000 - 3500]

A:
0.72,0.7316,0.7328,0.7292,0.7256,0.726,0.7328,0.7628,0.7244,0.7304,0.7312,0.7268
0.7256,0.7448,0.7252,0.7276,0.7264,0.7316,0.7232,0.7228,0.7292,0.734,0.72,0.728
0.7264,0.724,0.7244,0.7264,0.7284,0.7332,0.7324,0.726,0.7264,0.7264,0.728,0.7276


B:
75.9999,65.4,63.2,65.8,75.4,73,64.2,50.2001,67.6001,64.5999,65.8001,61.1999
63.4,66.2001,59.8,70.4001,68.5999,65.4,74.7999,69.1999,74.8,64.9999,66.9999,57.0001
71.5999,69.0001,65.6001,67.5999,71.6,60.8,64.6,76,64.5999,62.5999,70.0001,67.4001


