========================================================

Test10 results 01-18-2005  16:28:05
Board ID286  30 channels
HV Tests Software Ver.1.6

+5V 2541 - O'k
-5V 1310 - O'k
Interlock - On

Voltmeter channel: A=1.075847, B=1.075704

A:
Limits 1.1 +/- 0.1
1.067236,1.066098,1.068947,1.069519,1.067236,1.069519,1.080497,1.072386,1.078749,1.070091
1.077006,1.074691,1.074114,1.060445,1.06553,1.070091,1.075847,1.053741,1.067236,1.068376
1.082251,1.069519,1.070091,1.079914,1.074114,1.071237,1.082251,1.068376,1.073537,1.074114


B:
Limits 0.0 +/- 30.0
4.269062,9.594834,12.827404,11.764822,4.269062,10.695304,4.321996,5.362052,5.393553,7.490445
6.461817,15.04556,7.518835,12.725191,5.327799,3.210081,2.151552,4.215115,2.13459,5.341896
4.329042,11.764822,7.490445,5.399534,2.148266,5.356012,4.329042,3.205143,4.293984,9.667063
========================================================

Test10 results 02-01-2005  12:37:50
Board ID286  30 channels
HV Tests Software Ver.1.6

+5V 2543 - O'k
-5V 1305 - O'k
Interlock - On

Voltmeter channel: A=1.075269, B=2.150361

A:
Limits 1.1 +/- 0.1
1.067806,1.06553,1.068947,1.068947,1.066667,1.068376,1.080497,1.072386,1.078167,1.070091
1.077006,1.076426,1.074114,1.059322,1.06553,1.068947,1.075269,1.053186,1.067236,1.068947
1.082251,1.068947,1.070091,1.080497,1.073537,1.072386,1.081666,1.067806,1.074114,1.072961


B:
Limits 0.0 +/- 30.0
3.20346,10.655449,12.827404,13.896351,7.466458,13.888905,4.321996,5.362052,7.547299,7.490445
6.461817,11.840678,6.444721,15.889959,6.393329,6.413721,2.150361,6.318916,2.13459,3.20688
4.329042,12.827404,6.420354,3.241499,3.220447,4.289666,6.490035,6.406877,3.22238,12.875696
========================================================
Test10 (ADC Calibration) results 2007-09-06 12:21:31
Board ID286 30 channels
Linux calibration software

Voltmeter channel: A=1.06883, B=-1433.48

A:
1.0662,1.06599,1.06868,1.07006,1.06599,1.06946,1.07879,1.07188,1.07988,1.06969
1.07853,1.0753,1.07359,1.06048,1.06469,1.06915,1.07506,1.05232,1.06593,1.06771
1.08185,1.06986,1.07036,1.07923,1.07258,1.07067,1.08014,1.06579,1.07056,1.07376


B:
4.33472,7.19757,8.70666,6.46268,3.92237,6.95798,4.7477,1.99979,1.35506,5.66348
1.56225,9.36369,4.58562,9.7018,4.80313,2.6914,-0.705348,3.18918,1.94487,2.86134
2.35324,6.86006,3.07623,5.29871,2.16919,3.41932,6.41917,5.04745,6.94796,7.36099


