========================================================

Test11 results 01-18-2005  16:30:58
Board ID286  30 channels
HV Tests Software Ver.1.6

+5V 2541 - O'k
-5V 1310 - O'k
Interlock - On
Calibration DAC Range: [2500 - 2900]


A:
Limits 0.76 +/- 0.04
0.756144,0.759013,0.754717,0.754717,0.757576,0.754717,0.747664,0.754717,0.749064,0.757576
0.75188,0.754717,0.750469,0.760456,0.759013,0.754717,0.750469,0.764818,0.756144,0.756144
0.743494,0.753296,0.754717,0.750469,0.753296,0.753296,0.747664,0.754717,0.753296,0.75188


B:
Limits 70.0 +/- 30.0
61.937981,48.342205,62.748337,58.617661,60.50584,55.483818,59.605518,54.332577,57.999947,48.045422
52.817371,42.538467,61.847973,59.567005,54.710617,64.460823,66.060936,68.80204,65.873398,56.576302
74.157478,64.063454,61.13406,64.533981,58.167847,61.307377,54.915829,68.098793,56.642498,54.80978
========================================================

Test11 results 02-01-2005  12:39:22
Board ID286  30 channels
HV Tests Software Ver.1.6

+5V 2543 - O'k
-5V 1305 - O'k
Interlock - On
Calibration DAC Range: [2500 - 2900]


A:
Limits 0.76 +/- 0.04
0.759013,0.760456,0.753296,0.756144,0.760456,0.756144,0.747664,0.754717,0.747664,0.754717
0.746269,0.75188,0.750469,0.760456,0.759013,0.757576,0.746269,0.767754,0.757576,0.757576
0.749064,0.754717,0.753296,0.75188,0.753296,0.754717,0.749064,0.754717,0.754717,0.753296


B:
Limits 70.0 +/- 30.0
54.307762,45.351711,68.188736,54.054592,51.229465,51.629799,60.413418,56.760532,65.008194,60.326828
74.150894,52.558914,61.216599,60.479702,55.518921,55.853485,81.922577,60.238918,61.314281,52.615845
55.341465,61.13406,66.4804,61.370007,59.877289,58.997784,50.477489,68.298531,52.990265,51.790398
========================================================
Test11 (DAC Calibration) results 2007-09-06 12:21:31
Board ID286 30 channels
Linux calibration software
Calibration DAC Range: [1100 - 2700]

A:
0.756001,0.757289,0.753864,0.75365,0.756144,0.754077,0.747175,0.752375,0.747175,0.75429
0.747733,0.749977,0.751174,0.760456,0.757074,0.75429,0.749766,0.766357,0.756573,0.756072
0.745434,0.753792,0.753438,0.751033,0.75188,0.753225,0.746617,0.756287,0.753296,0.751809


B:
65.7908,57.2133,69.4685,64.4842,70.1322,60.8823,64.7145,66.2372,66.2088,63.7563
67.3802,62.3324,61.8778,61.9772,64.6256,68.1312,72.821,67.7173,67.8835,61.3079
69.2136,65.7968,67.0372,65.8279,66.9173,65.9729,62.9491,67.6687,63.3146,58.7444


