========================================================
Test10 (ADC Calibration) results 2014-01-19 19:51:39
Board IDXXX 30 channels
Host: ufcmshv1
Linux calibration software

Voltmeter channel: A=1.09534, B=7.90604

A:
1.12054,1.07961,1.08556,1.08258,1.07639,1.07657,1.10016,1.0842,1.08756,1.11459
1.1251,1.08538,1.10408,1.09249,1.12822,1.07408,1.07711,1.10035,1.09728,1.09396
1.0902,1.08366,1.08628,1.04913,1.06103,1.09194,1.08393,1.10147,1.09249,1.10203


B:
5.54525,11.3146,7.18706,7.74098,7.57821,7.41413,7.9556,8.20819,7.75899,7.69296
8.26453,6.91808,8.40327,8.29683,8.00142,6.26575,7.35338,7.78801,6.37254,7.40361
7.9704,6.75153,6.74259,9.14066,7.48648,7.92103,6.07069,7.00313,7.64111,6.94073


========================================================
Test10 (ADC Calibration) results 2014-03-14 17:56:50
Board ID248 30 channels
Host: ufcmshv1
Linux calibration software

Voltmeter channel: A=1.12403, B=6.73179

A:
1.07542,1.07568,1.07055,1.07515,1.07346,1.07355,1.06773,1.06826,1.08006,1.07666
1.07055,1.07382,1.07479,1.06808,1.0772,1.06967,1.07845,1.0984,1.068,1.08429
1.06844,1.07916,1.0687,1.11823,1.07845,1.07479,1.078,1.11392,1.10832,1.07836


B:
3.74639,5.86629,5.24592,7.21831,6.19412,5.6827,7.21055,6.72283,6.15313,6.68631
6.53052,6.08129,6.04066,6.45823,7.27138,6.48924,6.33789,6.46723,6.32576,6.82432
6.34655,6.5437,5.67448,7.36773,6.98519,7.76044,7.39533,6.94896,5.94223,6.20454


