========================================================
Test11 (ADC Calibration) results 2014-01-19 20:02:00
Board IDXXX 30 channels
Host: ufcmshv1
Linux calibration software

Calibration DAC Range: [1000 - 3500]

A:
0.7212,0.7496,0.7452,0.7468,0.7508,0.7516,0.7348,0.7456,0.744,0.7256
0.7188,0.7452,0.7328,0.7404,0.7164,0.7528,0.7504,0.7344,0.7364,0.7388
0.7412,0.746,0.744,0.7724,0.7616,0.74,0.746,0.7336,0.7396,0.7336


B:
65.8,61.4,63.8001,65.2,65.2,65.3999,66.2001,64.4001,64.9999,67.4
64.2,66.8001,66.2,63.5999,65.5999,66.2,65.6,64.6001,66.6,65.2
65.8001,65,65.9999,64.5999,66.3999,66,66,67.3999,66.4,65.3999


========================================================
Test11 (ADC Calibration) results 2014-03-14 18:10:36
Board ID248 30 channels
Host: ufcmshv1
Linux calibration software

Calibration DAC Range: [1000 - 3500]

A:
0.7508,0.7512,0.7544,0.7512,0.7524,0.7524,0.7568,0.756,0.748,0.7504
0.7544,0.7524,0.7512,0.7564,0.75,0.7552,0.7492,0.7352,0.7564,0.7448
0.7556,0.7484,0.756,0.724,0.7488,0.7512,0.7496,0.7248,0.7284,0.7488


B:
70.2,68.7999,70.5999,68.7999,69.6001,69.6001,69.2,70.0001,68.9999,68.6
69.5999,69.6001,70.7999,68.6,68,68.7999,68.8,69.8,68.6,69.2001
70.4001,69.6001,69.0001,69.0001,70.2001,69.7999,67.4,70.2,70.6,70.2001


