========================================================

Test10 results 09-25-2006  17:24:21
Board ID032  36 channels
HV Tests Software Ver.1.6.8

+5V 2554 - O'k
-5V 1313 - O'k
Interlock - On
Number of Samples: 400

Voltmeter channel: A=1.072961, B=13.948658

A:
Limits 1.1 +/- 0.1
1.070091,1.075847,1.066098,1.079331,1.075269,1.076426,1.074114,1.072961,1.073537,1.074691,1.070664,1.071237
1.081081,1.067236,1.079914,1.068947,1.071811,1.078167,1.071237,1.071237,1.082251,1.072386,1.079331,1.076426
1.075847,1.071811,1.073537,1.069519,1.070664,1.090513,1.080497,1.077586,1.068376,1.070664,1.078749,1.078167


B:
Limits 0.0 +/- 30.0
9.630627,5.379094,4.264344,3.23804,4.300899,3.229268,4.296494,12.875696,9.661671,9.672105,5.353326,6.42725
6.486665,8.538006,10.799102,6.413721,15.005518,9.703633,11.783437,3.213538,4.329042,6.434438,3.23804,9.687826
2.151552,9.646461,4.293984,9.625785,9.635981,7.633686,8.643984,5.388053,9.6154,13.918636,10.787296,12.938135
========================================================
Test10 (ADC Calibration) results 2007-11-01 15:09:35
Board ID32 36 channels
Linux calibration software

Voltmeter channel: A=1.0695, B=16.38

A:
1.06909,1.07373,1.06381,1.07723,1.07211,1.0744,1.07147,1.07191,1.07128,1.07231,1.06811,1.06835
1.08034,1.06549,1.07784,1.06707,1.07057,1.07665,1.0702,1.06858,1.07964,1.0704,1.07705,1.07409
1.07332,1.07097,1.071,1.06744,1.06963,1.09082,1.07853,1.07833,1.06583,1.06868,1.07755,1.07665


B:
1.87738,0.0400658,-1.2459,-3.55411,-0.737129,-5.04905,-0.841299,4.04989,2.76731,2.67582,-0.129312,1.37926
0.000806093,0.653157,3.43129,0.351388,7.75233,4.82591,4.08847,-1.52918,-1.57243,2.00826,-2.66156,4.08718
-2.6937,0.503058,-1.31058,3.47265,1.45105,1.02732,2.69133,-0.0230845,3.87849,6.54153,-2.87212,3.73261


