========================================================

Test11 results 09-25-2006  17:27:35
Board ID032  36 channels
HV Tests Software Ver.1.6.8

+5V 2553 - O'k
-5V 1313 - O'k
Interlock - On
Calibration DAC Range: [2500 - 2900]
Number of Samples: 400

A:
Limits 0.76 +/- 0.04
0.753296,0.750469,0.757576,0.747664,0.749064,0.749064,0.750469,0.75188,0.75188,0.750469,0.753296,0.753296
0.746269,0.756144,0.747664,0.754717,0.754717,0.749064,0.753296,0.753296,0.746269,0.753296,0.747664,0.749064
0.750469,0.75188,0.75188,0.754717,0.753296,0.740741,0.747664,0.747664,0.754717,0.753296,0.75188,0.749064


B:
Limits 60.0 +/- 30.0
53.768349,54.757545,54.648872,57.829453,63.223461,62.588696,60.953861,52.215282,48.26516,57.008766,57.800945,59.506527
60.145237,52.154633,48.220627,63.360622,38.870277,51.539089,47.402119,60.313343,53.841309,55.652508,61.864208,59.36348
57.901234,62.520401,57.144169,52.255081,53.768349,51.742897,52.334965,68.063095,57.716461,53.768349,56.321251,52.346676
========================================================
Test11 (DAC Calibration) results 2007-11-01 15:09:35
Board ID32 36 channels
Linux calibration software
Calibration DAC Range: [1100 - 2700]

A:
0.754717,0.751456,0.759229,0.749766,0.752587,0.75061,0.752658,0.752729,0.753935,0.752445,0.755786,0.754859
0.746478,0.757648,0.749344,0.756144,0.754432,0.749415,0.755073,0.755073,0.746965,0.753792,0.749134,0.750821
0.751738,0.753012,0.753367,0.755501,0.754717,0.740056,0.747733,0.747873,0.756644,0.755002,0.752587,0.749415


B:
57.7358,60.7364,59.8557,61.5745,62.9351,69.1126,64.3428,58.5249,52.7848,61.1738,60.3401,65.0877
66.1285,57.3255,53.9153,69.3761,49.8303,58.7636,50.4484,64.3417,62.4649,62.4802,66.7946,63.8667
64.4051,68.9761,63.3676,60.2796,58.3396,59.482,61.6973,70.1786,61.5815,58.2483,68.2032,62.8104


