========================================================

Test10 results 01-18-2005  17:09:35
Board ID285  30 channels
HV Tests Software Ver.1.6

+5V 2518 - O'k
-5V 1312 - O'k
Interlock - On

Voltmeter channel: A=1.070091, B=8.560535

A:
Limits 1.1 +/- 0.1
1.064963,1.077006,1.070664,1.068376,1.073537,1.066667,1.082251,1.075269,1.071811,1.071237
1.069519,1.075847,1.075269,1.072386,1.084011,1.057642,1.067236,1.071237,1.075847,1.089325
1.068947,1.077586,1.068376,1.072386,1.074114,1.077586,1.074691,1.075269,1.069519,1.070664


B:
Limits 0.0 +/- 30.0
12.779484,14.000859,5.353326,13.888905,8.588134,8.533125,12.987051,16.128857,13.933707,9.640962
7.486748,9.682483,10.752512,13.94114,11.924122,17.979729,16.008656,12.854673,10.758329,9.804014
16.034245,9.698398,12.820528,7.506824,9.667063,12.931156,12.896177,11.827781,13.90386,7.494653
========================================================
Test10 (ADC Calibration) results 2009-01-23 11:11:04
Board ID285 30 channels
Host: ufcmshv3
Linux calibration software

Voltmeter channel: A=1.0601, B=7.11089

A:
1.05306,1.06514,1.04873,1.04042,1.04259,1.03511,1.01586,1.05221,1.03544,1.06122
1.04042,1.03958,1.05417,1.06864,1.09372,1.04133,1.04763,1.0564,1.05941,1.05984
1.05872,1.04376,1.06645,1.0661,1.05051,1.05306,1.06978,1.06218,1.05846,1.04183


B:
9.91503,8.57011,2.03296,10.7724,6.83264,4.63413,10.3462,12.3998,11.3581,4.57153
8.48355,7.61288,7.3951,7.02027,8.43021,4.48592,9.78318,9.73526,7.54603,7.14171
11.7923,6.76013,9.27008,3.62439,9.79387,11.5998,11.3067,8.35015,8.01167,7.75761


