========================================================

Test11 results 01-18-2005  17:11:32
Board ID285  30 channels
HV Tests Software Ver.1.6

+5V 2518 - O'k
-5V 1312 - O'k
Interlock - On
Calibration DAC Range: [2500 - 2900]


A:
Limits 0.76 +/- 0.04
0.75188,0.742115,0.746269,0.749064,0.746269,0.749064,0.738007,0.743494,0.746269,0.743494
0.747664,0.740741,0.742115,0.744879,0.735294,0.756144,0.747664,0.743494,0.744879,0.731261
0.747664,0.740741,0.749064,0.750469,0.744879,0.742115,0.743494,0.743494,0.746269,0.747664


B:
Limits 70.0 +/- 30.0
61.524014,63.418251,72.160599,60.433125,59.855366,65.143669,65.317307,62.729332,60.42181,72.806442
61.277355,74.107986,70.387177,63.545704,72.865974,53.764759,71.153595,71.930443,59.848587,76.120079
60.396992,69.468948,57.317451,65.431023,62.975769,61.020325,65.127541,66.726524,66.654861,62.876728
========================================================
Test11 (ADC Calibration) results 2009-01-23 11:27:29
Board ID285 30 channels
Host: ufcmshv3
Linux calibration software

Calibration DAC Range: [1000 - 3500]

A:
0.758,0.7504,0.762,0.768,0.7672,0.7728,0.7876,0.7592,0.772,0.7532
0.7688,0.7688,0.7584,0.7476,0.7308,0.768,0.7624,0.7564,0.7536,0.7536
0.7548,0.7656,0.75,0.7532,0.7604,0.7592,0.7468,0.7524,0.7548,0.7684


B:
72.9999,67.6,73.9999,67,65.8,65.1999,64.4001,66.8001,63.9999,67.8
60.1999,67.1999,68.5999,69.3999,69.2001,65,71.6001,66.6,72.4,71.4
63.1999,70.3999,61,74.8,67.6,62.8001,67.2,70.6001,69.1999,63.6


