========================================================

Test10 results 07-04-2005  13:33:29
Board ID368  30 channels
HV Tests Software Ver.1.6

+5V 2459 - O'k
-5V 1324 - O'k
Interlock - On

Voltmeter channel: A=1.083424, B=3.250286

A:
Limits 1.1 +/- 0.1
1.079914,1.075269,1.076426,1.078749,1.082837,1.079331,1.077586,1.076426,1.075847,1.077006
1.089325,1.081666,1.085776,1.076426,1.077586,1.074691,1.076426,1.079331,1.077586,1.071237
1.086366,1.079331,1.085776,1.089325,1.079331,1.078167,1.082837,1.073537,1.080497,1.082251


B:
Limits 0.0 +/- 30.0
2.159793,6.451437,4.305695,9.708548,-3.248336,7.555364,10.775984,15.069958,2.151552,8.615829
4.357391,8.653366,4.343109,9.687826,9.698398,6.448031,7.534973,9.714025,7.543225,14.997149
8.691105,7.555364,1.08578,8.714689,8.634694,8.625466,0.000175,19.323507,8.643984,7.575796
========================================================
Test10 (ADC Calibration) results 2008-04-18 10:54:26
Board ID368 30 channels
Linux calibration software

Voltmeter channel: A=1.07842, B=-1397.13

A:
1.07949,1.07477,1.0752,1.07927,1.08132,1.07996,1.07575,1.07878,1.07544,1.07623
1.09012,1.08138,1.0858,1.07917,1.07711,1.07341,1.0767,1.07915,1.07803,1.0704
1.08587,1.07986,1.08725,1.09084,1.08169,1.0744,1.0822,1.07223,1.07965,1.08317


B:
-0.312429,4.33959,0.942936,7.88401,-2.04954,3.49167,8.02491,7.87242,-0.411365,4.41143
-0.635513,3.80587,1.43182,2.68755,6.45482,5.13482,3.09259,5.72253,2.77473,11.1481
5.9706,3.41966,-2.56343,4.75474,5.41864,2.58397,-3.57989,12.5596,5.31861,4.55297


========================================================
Test10 (ADC Calibration) results 2008-06-19 12:08:44
Board ID368 30 channels
Linux calibration software

Voltmeter channel: A=1.07, B=0

A:
1.09744,1.09152,1.09297,1.09799,1.09927,1.09817,1.0898,1.09634,1.09225,1.09297
1.10676,1.09845,1.10342,1.0979,1.09424,1.09143,1.09461,1.09662,1.09515,1.08531
1.10324,1.09634,1.10509,1.09771,1.10351,1.09234,1.09992,1.0898,1.09707,1.10167


B:
-4.10644,3.56231,-0.839635,5.4861,-4.26757,1.14406,7.54894,8.3124,-1.0407,4.84376
-0.796193,3.74676,-0.383174,0.519525,6.73333,1.46299,2.23896,4.11371,1.51486,12.1304
3.97905,3.26952,-2.3575,14.9589,2.84288,1.93436,-4.64243,10.1642,4.79003,2.55143


