========================================================

Test11 results 03-13-2006  12:33:42
Board ID004  36 channels
HV Tests Software Ver.1.6

+5V 2544 - O'k
-5V 1317 - O'k
Interlock - On
Calibration DAC Range: [2500 - 2900]


A:
Limits 0.76 +/- 0.04
0.739372,0.744879,0.746269,0.747664,0.744879,0.750469,0.750469,0.750469,0.749064,0.743494,0.738007,0.750469
0.753296,0.744879,0.743494,0.744879,0.754717,0.75188,0.75188,0.750469,0.747664,0.747664,0.750469,0.744879
0.753296,0.754717,0.744879,0.744879,0.747664,0.744879,0.756144,0.750469,0.739372,0.747664,0.744879,0.750469


B:
Limits 60.0 +/- 40.0
73.133507,68.73494,63.132133,56.215477,56.357876,55.649643,72.483345,56.752995,60.085659,54.308205,68.757256,54.505249
58.607391,71.794113,63.76598,76.454514,55.577049,66.736694,59.565567,65.61058,60.331825,53.872459,54.034008,61.33107
75.241875,55.577049,71.151978,67.044235,72.003845,56.722858,49.112152,57.643806,64.737236,58.716938,56.212212,44.003448
========================================================
Test11 (DAC Calibration) results 2008-03-25 11:01:55
Board ID4 36 channels
Linux calibration software
Calibration DAC Range: [1100 - 2700]

A:
0.740604,0.745921,0.747314,0.747873,0.744048,0.749134,0.753935,0.753083,0.750821,0.743633,0.739713,0.751174
0.75365,0.747175,0.744394,0.748363,0.754006,0.752233,0.752162,0.752941,0.747524,0.748153,0.749766,0.747245
0.754717,0.755073,0.74613,0.746199,0.749204,0.745365,0.755786,0.751597,0.741771,0.746687,0.743702,0.748433


B:
75.0046,69.8836,63.475,58.2126,56.1012,63.1987,64.697,52.3112,58.6109,58.1707,66.3246,55.8685
60.716,68.8987,65.4414,68.7558,63.0914,70.6441,63.9716,60.9411,64.2309,56.177,62.3243,56.8467
74.3396,58.7542,71.8335,65.1711,69.545,58.1291,54.7473,56.633,60.7788,66.8843,64.9158,55.9361


