========================================================

Test10 results 07-20-2006  20:33:22
Board ID088  36 channels
HV Tests Software Ver.1.6.1

+5V 2513 - O'k
-5V 1333 - O'k
Interlock - On

Voltmeter channel: A=1.087548, B=6.525431

A:
Limits 1.1 +/- 0.1
1.076426,1.071237,1.074114,1.076426,1.079331,1.082251,1.090513,1.075847,1.074114,1.076426,1.069519,1.078167
1.077586,1.067806,1.073537,1.079914,1.075269,1.084599,1.071237,1.077586,1.077586,1.078749,1.080497,1.081081
1.075269,1.075847,1.073537,1.072386,1.072386,1.088139,1.082251,1.072961,1.079331,1.069519,1.079331,1.046572


B:
Limits 0.0 +/- 30.0
3.229268,6.42725,6.444721,4.305695,10.793356,9.740297,4.362148,8.606635,5.370607,4.305695,11.764822,4.312799
3.232881,4.271266,2.14691,4.31962,8.601974,4.338535,10.712199,8.620811,5.388053,9.708548,-2.160986,7.567746
12.903049,5.379094,7.514596,7.506824,8.57921,3.264367,10.822549,4.292006,3.23804,17.112415,6.476033,8.372688
========================================================

Test10 results 07-27-2006  10:09:47
Board ID088  36 channels
HV Tests Software Ver.1.6.1

+5V 2517 - O'k
-5V 1336 - O'k
Interlock - On

Voltmeter channel: A=1.087548, B=4.350336

A:
Limits 1.1 +/- 0.1
1.076426,1.068947,1.073537,1.076426,1.079331,1.082251,1.090513,1.076426,1.074691,1.076426,1.068947,1.077006
1.077006,1.066667,1.075847,1.082251,1.075269,1.085187,1.070664,1.078167,1.077586,1.079914,1.080497,1.080497
1.074691,1.077006,1.073537,1.072961,1.071811,1.087548,1.083424,1.071237,1.079914,1.072386,1.079331,1.047669


B:
Limits 0.0 +/- 30.0
1.076416,9.620563,9.661671,3.229268,8.634694,9.740297,5.452661,5.382121,5.373341,3.229268,11.758456,5.384811
3.230799,5.333125,3.227399,7.575796,7.526706,4.340742,10.706645,9.703633,4.310467,5.399534,-3.241483,6.48299
15.04556,3.230799,5.367522,5.364967,8.57465,5.437883,9.750828,6.42725,2.159793,11.796368,5.396702,5.238355
========================================================

Test10 results 09-19-2006  11:23:22
Board ID088  36 channels
HV Tests Software Ver.1.6.1

+5V 2525 - O'k
-5V 1336 - O'k
Interlock - On

Voltmeter channel: A=1.088732, B=2.177394

A:
Limits 1.1 +/- 0.1
1.075269,1.06383,1.074691,1.076426,1.080497,1.082837,1.089918,1.074691,1.075269,1.075847,1.067806,1.062699
1.077006,1.06553,1.075847,1.091703,1.074114,1.085187,1.070091,1.078167,1.075847,1.078749,1.078749,1.080497
1.075847,1.076426,1.062135,1.072961,1.072961,1.086957,1.085187,1.070664,1.079914,1.073537,1.087548,1.04712


B:
Limits 0.0 +/- 30.0
4.300899,13.829816,8.597414,3.229268,7.563487,9.745708,7.629429,9.672105,5.376168,3.227399,14.949322,19.128801
3.230799,8.524389,2.151552,7.64192,9.667063,6.511116,11.770809,8.625466,7.530788,7.55105,1.078558,7.563487
12.910025,6.458547,18.056402,4.292006,5.364967,6.521815,6.511116,6.423989,3.239707,11.808746,8.700525,7.329717
========================================================

Test10 results 09-19-2006  11:54:18
Board ID088  36 channels
HV Tests Software Ver.1.6.1

+5V 2518 - O'k
-5V 1336 - O'k
Interlock - On

Voltmeter channel: A=1.088732, B=3.266126

A:
Limits 1.1 +/- 0.1
1.076426,1.06383,1.075269,1.077006,1.080497,1.084011,1.091703,1.075847,1.075847,1.075269,1.068376,1.067806
1.077006,1.066667,1.075269,1.091107,1.074691,1.085187,1.070664,1.078167,1.077006,1.078749,1.078167,1.080497
1.075847,1.075847,1.064396,1.072386,1.072386,1.086957,1.085187,1.071811,1.079914,1.073537,1.086957,1.04712


B:
Limits 0.0 +/- 30.0
1.076416,14.893645,6.451437,1.076787,7.563487,6.504067,4.36681,7.530788,4.303246,5.376168,13.888905,18.152739
3.230799,5.333125,5.376168,9.819918,8.597414,6.511116,10.706645,9.703633,5.384811,7.55105,3.234631,6.48299
12.910025,7.530788,17.030525,5.362052,7.506824,6.521815,7.596303,4.287405,3.239707,12.882283,10.869641,7.329717
========================================================
Test10 (ADC Calibration) results 2008-02-15 11:38:39
Board ID88 36 channels
Linux calibration software

Voltmeter channel: A=1.08484, B=6.65785

A:
1.07336,1.06731,1.07316,1.07413,1.0781,1.08129,1.09102,1.0739,1.07248,1.07366,1.06657,1.07383
1.07403,1.06387,1.07322,1.08985,1.07252,1.08269,1.06788,1.07679,1.07443,1.07639,1.07564,1.0782
1.07332,1.07518,1.0703,1.0706,1.06996,1.08563,1.08341,1.06818,1.07733,1.07185,1.0856,1.04541


B:
-1.96123,2.57954,1.84524,-1.81225,3.43777,3.58501,-3.26856,2.63603,1.02589,-1.48865,6.92908,1.9532
0.094298,1.93726,-1.09085,4.538,3.67129,1.86618,6.98152,3.40039,0.777183,4.61309,-1.1255,2.35179
9.45294,0.322882,2.80833,-0.650697,2.86122,0.396167,2.48672,2.39397,-1.88428,6.27714,3.14776,0.74051


