========================================================

Test11 results 07-20-2006  20:34:45
Board ID088  36 channels
HV Tests Software Ver.1.6.1

+5V 2515 - O'k
-5V 1334 - O'k
Interlock - On
Calibration DAC Range: [2500 - 2900]


A:
Limits 0.76 +/- 0.04
0.749064,0.754717,0.75188,0.749064,0.749064,0.746269,0.739372,0.75188,0.753296,0.749064,0.756144,0.749064
0.747664,0.759013,0.75188,0.747664,0.75188,0.744879,0.750469,0.750469,0.749064,0.749064,0.749064,0.746269
0.749064,0.749064,0.75188,0.75188,0.753296,0.740741,0.746269,0.75188,0.749064,0.756144,0.754717,0.770713


B:
Limits 60.0 +/- 30.0
60.254089,54.955368,54.722588,66.707993,51.048981,57.0718,63.392067,51.027069,55.11549,65.094475,53.341461,59.531178
67.342628,44.683525,60.282753,59.524471,50.941895,57.677601,68.465881,52.667919,61.230469,50.89006,59.142563,58.531723
60.001534,62.588696,57.951302,60.3727,59.784416,66.878532,58.687134,63.509632,54.124054,44.62661,49.66111,58.576427
========================================================

Test11 results 07-27-2006  10:11:24
Board ID088  36 channels
HV Tests Software Ver.1.6.1

+5V 2518 - O'k
-5V 1336 - O'k
Interlock - On
Calibration DAC Range: [2500 - 2900]


A:
Limits 0.76 +/- 0.04
0.75188,0.757576,0.750469,0.749064,0.747664,0.744879,0.739372,0.750469,0.753296,0.750469,0.754717,0.75188
0.749064,0.757576,0.750469,0.746269,0.754717,0.744879,0.753296,0.746269,0.750469,0.747664,0.746269,0.744879
0.750469,0.750469,0.753296,0.753296,0.753296,0.743494,0.746269,0.753296,0.747664,0.753296,0.753296,0.770713


B:
Limits 60.0 +/- 30.0
51.921764,47.759666,57.815304,67.426704,56.294697,59.291565,61.168537,56.542839,54.486336,61.392307,59.5196,51.283325
62.845638,50.803658,60.322117,56.11145,40.916267,54.594791,57.984303,64.662201,56.628036,55.487347,68.853409,62.289265
54.673264,54.841824,53.497082,55.025005,60.499458,57.012993,55.685116,58.883808,57.261951,52.332565,56.654266,58.703064
========================================================

Test11 results 09-19-2006  11:24:46
Board ID088  36 channels
HV Tests Software Ver.1.6.1

+5V 2519 - O'k
-5V 1335 - O'k
Interlock - On
Calibration DAC Range: [2500 - 2900]


A:
Limits 0.76 +/- 0.04
0.750469,0.759013,0.75188,0.753296,0.747664,0.744879,0.739372,0.75188,0.750469,0.75188,0.756144,0.760456
0.750469,0.756144,0.75188,0.740741,0.754717,0.743494,0.756144,0.746269,0.750469,0.750469,0.747664,0.747664
0.750469,0.750469,0.761905,0.753296,0.753296,0.740741,0.746269,0.754717,0.749064,0.753296,0.749064,0.770713


B:
Limits 60.0 +/- 30.0
56.372261,51.277824,51.836037,52.77726,53.950584,58.559414,60.361294,51.750313,62.654507,57.409603,53.341461,43.533558
58.245502,55.996822,54.175751,53.42186,41.554901,59.221516,49.205006,64.662201,56.542839,47.00404,63.39513,53.794514
51.610558,54.117924,43.968697,55.743176,60.685944,67.54277,54.876175,56.572407,53.396206,47.746948,48.672863,57.087311
========================================================

Test11 results 09-19-2006  11:55:52
Board ID088  36 channels
HV Tests Software Ver.1.6.1

+5V 2519 - O'k
-5V 1335 - O'k
Interlock - On
Calibration DAC Range: [2500 - 2900]


A:
Limits 0.76 +/- 0.04
0.749064,0.760456,0.750469,0.750469,0.747664,0.744879,0.739372,0.750469,0.75188,0.75188,0.756144,0.757576
0.750469,0.759013,0.75188,0.739372,0.753296,0.744879,0.753296,0.749064,0.747664,0.749064,0.75188,0.749064
0.753296,0.75188,0.759013,0.754717,0.75188,0.743494,0.743494,0.753296,0.750469,0.753296,0.744879,0.772201


B:
Limits 60.0 +/- 30.0
60.891598,45.762199,56.287247,62.112362,53.872459,58.335186,59.49033,56.372261,56.68948,57.498447,54.766983,45.952656
57.351021,45.203678,53.540432,57.070045,45.491108,52.242493,58.607391,55.577011,66.367165,52.346676,48.852749,48.542652
41.692997,49.578381,48.243996,51.095181,65.74398,56.941841,63.034645,61.027096,47.245159,47.746948,62.250168,53.091099
========================================================
Test11 (DAC Calibration) results 2008-02-15 11:38:39
Board ID88 36 channels
Linux calibration software
Calibration DAC Range: [1100 - 2700]

A:
0.752092,0.756358,0.752233,0.751174,0.748783,0.746199,0.739919,0.752092,0.75195,0.75188,0.756501,0.751385
0.751244,0.758797,0.751809,0.741084,0.752304,0.74599,0.755572,0.749695,0.750962,0.749977,0.750117,0.748713
0.751738,0.750821,0.753864,0.75365,0.753721,0.743218,0.74474,0.755358,0.749695,0.753154,0.747384,0.772201


B:
60.91,61.5203,59.6614,69.3896,60.0898,62.9325,65.8896,60.1579,66.9705,67.8195,63.5933,64.1401
65.5366,56.3503,64.0071,58.7771,58.8114,59.9404,60.3325,60.922,65.024,56.7826,64.8383,59.2888
56.8877,61.6142,62.6838,64.4842,68.0046,66.9268,67.7899,63.7994,60.3222,57.9363,63.9762,63.7066


