========================================================

Test15 results 04-13-2006  13:40:22
Board ID052  8 channels
HV Tests Software Ver.1.6


A:
Limits 1.45 +/- 2.0
1.449275,1.438849,1.426534,1.43575,1.439885,1.419446,1.436782,1.444043


B:
Limits 0.0 +/- 160.0
-7.24641,-4.31669,7.13251,15.793398,11.519155,7.097085,15.804499,-7.220098
========================================================
Test15 (ADC Calibration) results 2009-04-17 10:07:07
Board ID052 8 channels
Host: ufcmshv3
Linux calibration software

A:
1.4189,1.40419,1.43981,1.43409,1.43282,1.41412,1.40101,1.3971


B:
7.90233,-6.2433,3.36703,12.2007,10.4926,-6.28743,11.1649,-6.46973


========================================================
Test15 (ADC Calibration) results 2009-04-17 16:04:33
Board ID052 8 channels
Host: ufcmshv3
Linux calibration software

A:
1.41906,1.40404,1.43996,1.43361,1.43266,1.41427,1.40086,1.39635


B:
7.79409,-5.85387,2.68067,13.101,10.6016,-5.83094,11.5518,-5.37053


