========================================================

Test16 results 04-13-2006  13:47:33
Board ID052  8 channels
HV Tests Software Ver.1.6
Calibration DAC Range: [1000 - 2300]


A:
Limits 0.57 +/- 0.1
0.573698,0.572687,0.566696,0.576497,0.571177,0.569676,0.572183,0.577521


B:
Limits 50.0 +/- 70.0
5.207348,10.073984,32.407494,-5.986643,15.29007,22.10453,12.089804,-10.9189
========================================================
Test16 (ADC Calibration) results 2009-04-17 10:18:16
Board ID052 8 channels
Host: ufcmshv3
Linux calibration software

A:
0.566,0.5728,0.5584,0.5608,0.5612,0.5684,0.5744,0.5756


B:
43.0001,39.2001,42.6001,27.1999,42.7999,19.5999,27.6,40.3999


========================================================
Test16 (ADC Calibration) results 2009-04-17 16:13:40
Board ID052 8 channels
Host: ufcmshv3
Linux calibration software

A:
0.566,0.5724,0.5588,0.5612,0.5612,0.5684,0.5744,0.5756


B:
43.0001,40.6001,41.2001,26.7999,42.7999,19.5999,27.6,40.3999


========================================================
Test16 (ADC Calibration) results 2009-04-29 10:28:51
Board ID052 8 channels
Host: ufcmshv3
Linux calibration software

A:
0.5704,0.5756,0.5708,0.5704,0.564,0.5748,0.5576,0.5652


B:
35.6,38.3999,35.2,37.6,35,23.1999,23.3999,24.8001


