========================================================
Test10 (ADC Calibration) results 2014-01-19 19:51:39
Board IDXXX 30 channels
Host: ufcmshv1
Linux calibration software

Voltmeter channel: A=1.09534, B=7.90604

A:
1.12054,1.07961,1.08556,1.08258,1.07639,1.07657,1.10016,1.0842,1.08756,1.11459
1.1251,1.08538,1.10408,1.09249,1.12822,1.07408,1.07711,1.10035,1.09728,1.09396
1.0902,1.08366,1.08628,1.04913,1.06103,1.09194,1.08393,1.10147,1.09249,1.10203


B:
5.54525,11.3146,7.18706,7.74098,7.57821,7.41413,7.9556,8.20819,7.75899,7.69296
8.26453,6.91808,8.40327,8.29683,8.00142,6.26575,7.35338,7.78801,6.37254,7.40361
7.9704,6.75153,6.74259,9.14066,7.48648,7.92103,6.07069,7.00313,7.64111,6.94073


========================================================
Test10 (ADC Calibration) results 2014-03-12 17:37:42
Board ID252 30 channels
Host: ufcmshv1
Linux calibration software

Voltmeter channel: A=1.09775, B=6.61325

A:
1.08276,1.08321,1.07346,1.07444,1.0747,1.07898,1.07497,1.07524,1.09011,1.07684
1.06285,1.07222,1.0815,1.07267,1.0871,1.07231,1.07355,1.07666,1.11909,1.07479
1.07178,1.06817,1.07782,1.0772,1.07408,1.06905,1.08619,1.06668,1.07997,1.06686


B:
4.11145,6.51438,6.6234,6.58272,5.47765,7.13959,6.52162,6.49092,7.18098,7.59919
6.21368,5.62194,5.48376,6.07116,5.99823,5.96922,6.5416,6.04008,5.03474,6.47047
6.88795,7.01779,7.34399,7.27138,7.76936,7.27296,6.60814,6.47776,6.23532,7.59601


========================================================
Test10 (ADC Calibration) results 2014-03-14 17:56:50
Board ID252 30 channels
Host: ufcmshv1
Linux calibration software

Voltmeter channel: A=1.09747, B=7.74206

A:
1.08258,1.08312,1.07329,1.07453,1.07515,1.07898,1.07479,1.07515,1.0902,1.07666
1.06267,1.07214,1.08105,1.0724,1.08656,1.07258,1.07355,1.07657,1.119,1.07462
1.07196,1.068,1.07791,1.0772,1.07408,1.06949,1.08619,1.06686,1.07988,1.06686


B:
4.06046,7.2466,6.78685,6.28626,4.85264,6.92384,6.68564,7.00294,7.75202,7.76298
6.5883,6.34705,6.97664,6.74532,7.79831,5.72397,6.75625,6.55282,5.79098,7.27875
6.93888,7.39376,7.04654,7.48716,7.98399,6.43848,7.0429,6.74247,6.74978,7.80933


