========================================================

Test11 results 02-01-2006  14:03:02
Board ID416  30 channels
HV Tests Software Ver.1.6

+5V 2485 - O'k
-5V 1343 - O'k
Interlock - On
Calibration DAC Range: [2500 - 2900]


A:
Limits 0.76 +/- 0.04
0.749064,0.744879,0.749064,0.749064,0.742115,0.740741,0.75188,0.742115,0.742115,0.757576
0.749064,0.746269,0.756144,0.746269,0.742115,0.747664,0.75188,0.75188,0.743494,0.749064
0.754717,0.747664,0.750469,0.746269,0.746269,0.753296,0.75188,0.749064,0.750469,0.750469


B:
Limits 60.0 +/- 40.0
69.935043,60.477806,57.607128,53.477036,62.644245,63.928947,59.925171,72.703018,66.543434,59.900299
59.951977,64.421707,56.770134,63.855446,60.955101,69.040939,62.351891,63.877495,65.755585,52.909569
58.284157,52.377132,59.949997,64.908897,63.694023,59.068638,56.777958,57.773548,55.904499,63.906448
========================================================
Test11 (DAC Calibration) results 2008-04-21 15:12:15
Board ID416 30 channels
Linux calibration software
Calibration DAC Range: [1100 - 2700]

A:
0.750188,0.742666,0.746826,0.747594,0.744948,0.740056,0.750469,0.742459,0.740741,0.754432
0.745434,0.745157,0.752941,0.744117,0.740398,0.748643,0.748223,0.751244,0.742735,0.746547
0.752233,0.742115,0.748363,0.743771,0.745157,0.753083,0.75068,0.745226,0.748223,0.748013


B:
69.9926,70.219,68.0357,64.7322,67.5016,69.2507,67.3546,73.1786,71.8519,73.9722
69.959,71.8329,70.7294,74.607,70.1063,68.0704,71.343,69.1426,70.7176,64.539
67.936,74.3971,67.2591,70.3238,71.0878,63.9084,65.5625,72.3335,61.7657,72.9781


========================================================
Test11 (ADC Calibration) results 2008-06-19 12:56:33
Board ID416 30 channels
Linux calibration software

Calibration DAC Range: [1000 - 3500]

A:
0.7388,0.7312,0.7348,0.7356,0.7404,0.7284,0.7424,0.7308,0.7292,0.742
0.7328,0.734,0.7416,0.7328,0.7296,0.7616,0.7352,0.7392,0.7316,0.7352
0.7396,0.7304,0.746,0.7308,0.742,0.7408,0.7428,0.7324,0.7348,0.7348


B:
70.2,70.8001,68.2001,65.4,63.5999,70.6,64.6,74.2001,70.8,76.0001
70.2,71.9999,70.4001,75.2,68.4,45.3999,72.8,69.8,70.4,63.8
69.4,75.5999,59,70.2001,63.0001,65.1999,62.2,73.6,64.2001,73.2001


========================================================
Test11 (ADC Calibration) results 2008-07-17 10:58:43
Board ID416 30 channels
Linux calibration software

Calibration DAC Range: [1000 - 3500]

A:
0.738,0.7304,0.7348,0.736,0.7432,0.7284,0.7488,0.7304,0.7288,0.7424
0.732,0.7336,0.7408,0.7336,0.7288,0.7608,0.7352,0.7384,0.7304,0.7336
0.7388,0.7296,0.7504,0.73,0.7484,0.7404,0.7436,0.7324,0.7348,0.7344


B:
71.0001,72.5999,68.2001,64,60.8,69.6,58.2001,74.5999,71.2,74.6
71,72.3999,71.1999,75.3999,69.2,46.2,71.8,71.6001,72.5999,66.3999
70.2,77.4,54.6,70.9999,61.6001,65.5999,61.4,72.6,64.2001,73.6001


========================================================
Test11 (ADC Calibration) results 2008-07-20 18:37:46
Board ID416 30 channels
Linux calibration software

Calibration DAC Range: [1000 - 3500]

A:
0.7376,0.7312,0.7344,0.736,0.746,0.728,0.7528,0.7304,0.7288,0.7424
0.7324,0.7336,0.7412,0.7352,0.7288,0.7624,0.7352,0.7384,0.7308,0.734
0.7392,0.7304,0.75,0.7308,0.7528,0.7404,0.7452,0.7324,0.7344,0.7348


B:
72.3999,70.8001,68.6001,64,60,71.0001,56.2,74.5999,72.2,74.6
70.6,72.3999,71.8001,72.8,69.2,44.6001,71.8,71.6001,71.2001,65.9999
69.8,75.5999,57,69.2001,60.2,65.5999,60.8001,73.6,64.6001,73.2001


========================================================
Test11 (ADC Calibration) results 2008-07-24 23:03:59
Board ID416 30 channels
Linux calibration software

Calibration DAC Range: [1000 - 3500]

A:
0.7376,0.7308,0.734,0.7364,0.744,0.7284,0.7516,0.7304,0.7292,0.742
0.7316,0.734,0.7412,0.7344,0.7288,0.76,0.7352,0.7392,0.7308,0.7336
0.7388,0.7304,0.7572,0.73,0.7528,0.7404,0.744,0.732,0.7348,0.7344


B:
73.3999,72.2001,69.9999,63.6,64.9999,70.6,58.3999,74.5999,70.8,76.0001
72.4,71.9999,71.8001,74.6001,70.2,54,71.8,69.8,71.2001,67.3999
71.2,75.5999,48.8,71.9999,65.2,66.5999,62.9999,75,64.2001,74.6001


