========================================================

Test10 results 12-03-2004  12:43:12
Board ID269  30 channels
HV Tests Software Ver.1.4

+5V 2497 - O'k
-5V 1290 - O'k
Interlock - On

Voltmeter channel: A=1.085776, B=3.257333

A:
1.067236,1.076426,1.073537,1.077586,1.078167,1.073537,1.074114,1.067806,1.078167,1.072386
1.077006,1.078167,1.074691,1.067236,1.078167,1.082251,1.073537,1.071237,1.077586,1.070091
1.077586,1.080497,1.075269,1.082837,1.059883,1.079914,1.075847,1.069519,1.075847,1.056524


B:
13.874185,11.840678,8.588134,7.543225,7.547299,7.514596,7.518835,14.949322,8.625466,10.723982
8.615829,11.859968,12.896177,10.672477,3.234631,3.246791,11.808746,13.925911,9.698398,7.490445
9.698398,6.48299,6.451437,8.662871,18.01823,10.799102,7.530788,7.486748,16.137566,15.847852
========================================================

Test10 results 01-12-2005  14:44:39
Board ID269  30 channels
HV Tests Software Ver.1.6

+5V 2500 - O'k
-5V 1292 - O'k
Interlock - On

Voltmeter channel: A=1.085187, B=5.425929

A:
Limits 1.1 +/- 0.1
1.074691,1.076426,1.073537,1.077006,1.078167,1.077006,1.073537,1.070664,1.077586,1.072386
1.072386,1.077586,1.074114,1.067236,1.078167,1.082251,1.073537,1.071237,1.077006,1.068376
1.078167,1.079914,1.075847,1.082251,1.079914,1.080497,1.075269,1.068376,1.077006,1.071237


B:
Limits 0.0 +/- 30.0
10.746796,11.840678,8.588134,8.615829,7.547299,8.615829,9.661671,12.847973,9.698398,10.723982
7.506824,12.931156,15.037632,10.672477,3.234631,3.246791,11.808746,13.925911,10.769841,11.752151
7.547299,7.559361,5.379094,9.740297,9.719189,8.643984,8.601974,9.6154,4.307805,6.42725
========================================================
Test10 (ADC Calibration) results 2008-01-24 10:40:20
Board ID269 30 channels
Linux calibration software

Voltmeter channel: A=1.07907, B=-1472.49

A:
1.0734,1.07518,1.0735,1.0775,1.07689,1.07578,1.07467,1.0705,1.078,1.0711
1.07181,1.07631,1.07457,1.06704,1.07719,1.08091,1.07306,1.0701,1.07679,1.06801
1.07716,1.08127,1.07463,1.083,1.07875,1.07982,1.07699,1.07023,1.07474,1.0705


B:
8.23865,10.6009,4.27769,3.21068,5.30089,6.98404,7.31567,8.54787,5.57119,9.38168
7.30346,10.849,8.44387,6.93023,1.50284,1.88389,8.50918,13.2588,6.70584,6.96062
5.55218,1.86559,4.662,6.49834,7.3049,5.82976,5.84978,7.02682,7.45975,4.95932


