========================================================

Test11 results 12-03-2004  12:44:54
Board ID269  30 channels
HV Tests Software Ver.1.4

+5V 2495 - O'k
-5V 1290 - O'k
Interlock - On
Calibration DAC Range: [2500 - 2900]


A:
0.760456,0.753296,0.753296,0.75188,0.750469,0.756144,0.753296,0.757576,0.750469,0.754717
0.753296,0.750469,0.753296,0.757576,0.75188,0.749064,0.754717,0.754717,0.750469,0.756144
0.750469,0.749064,0.754717,0.753296,0.763359,0.750469,0.753296,0.756144,0.75188,0.766284


B:
51.023758,56.288654,67.964188,64.246826,66.423157,57.354595,65.634041,62.931343,66.332466,64.854027
61.964668,68.041359,60.872795,66.060593,68.203186,62.637524,61.000107,63.848721,66.332466,67.089394
69.567215,65.6175,61.19339,59.74506,60.159817,61.921627,62.775528,70.115997,62.351891,61.672962
========================================================

Test11 results 01-12-2005  14:47:37
Board ID269  30 channels
HV Tests Software Ver.1.6

+5V 2500 - O'k
-5V 1292 - O'k
Interlock - On
Calibration DAC Range: [2500 - 2900]


A:
Limits 0.76 +/- 0.03
0.754717,0.75188,0.753296,0.750469,0.750469,0.75188,0.754717,0.756144,0.750469,0.753296
0.754717,0.750469,0.750469,0.757576,0.75188,0.747664,0.753296,0.757576,0.750469,0.757576
0.750469,0.749064,0.750469,0.753296,0.750469,0.749064,0.753296,0.756144,0.75188,0.754717


B:
Limits 70.0 +/- 30.0
54.704777,61.452057,67.252266,68.041359,65.614059,61.81625,60.189926,60.818161,65.523735,68.675179
67.182297,68.041359,69.913132,64.548401,68.203186,66.322807,64.824837,53.105793,65.523735,60.91404
68.850456,64.80809,76.36541,58.929234,62.46616,65.6175,62.586285,71.028503,67.20533,70.418037
