========================================================

Test15 results 08-18-2005  17:07:17
Board ID045  8 channels
HV Tests Software Ver.1.6


A:
Limits 1.45 +/- 2.0
1.43575,1.43575,1.443001,1.432665,1.439885,1.431639,1.449275,1.43575


B:
Limits 0.0 +/- 160.0
-4.307104,-7.178604,8.658156,-5.730647,11.519155,-7.158105,-118.840614,12.921898
========================================================
Test15 (Master ADC Calibration) results 2008-07-03 05:39:12
Board ID45 7 channels
Linux calibration software


A:
1.38469,1.43528,1.44357,1.43229,1.43753,1.43006,1.43528,1.42561

B:
43.1771,-7.56794,3.93704,-6.90094,13.8526,-6.76018,-4.69738,13.4785

========================================================
Test15 (Master ADC Calibration) results 2008-08-08 05:14:36
Board ID45 7 channels
Linux calibration software


A:
1.37983,1.43528,1.44509,1.43304,1.43904,1.42561,1.42413,1.42266

B:
29.9799,-6.13266,2.89014,-5.99259,12.8204,0.648036,3.10717,22.6333

========================================================
Test15 (Master ADC Calibration) results 2008-08-08 09:50:26
Board ID45 7 channels
Linux calibration software


A:
1.43528,1.43528,1.44357,1.43304,1.43828,1.4308,1.43379,1.42635

B:
6.78488,-6.13266,5.38061,-7.42563,14.7751,-5.85334,-6.51722,12.9668

========================================================
Test15 (ADC Calibration) results 2009-03-31 14:58:07
Board ID045 8 channels
Host: ufcmshv3
Linux calibration software

A:
1.41798,1.4231,1.41304,1.40328,1.40525,1.42544,1.40162,1.40693


B:
5.43199,-1.29156,1.54359,-10.3626,9.57723,-10.0657,-9.72503,10.0868


========================================================
Test15 (ADC Calibration) results 2009-03-31 16:31:55
Board ID045 8 channels
Host: ufcmshv3
Linux calibration software

A:
1.41782,1.4231,1.427,1.40343,1.4051,1.42497,1.40177,1.40693


B:
6.10744,-1.29156,1.09777,-9.91051,9.96557,-9.16356,-9.83403,10.3678


