========================================================

Test16 results 08-18-2005  17:08:41
Board ID045  8 channels
HV Tests Software Ver.1.6
Calibration DAC Range: [1000 - 2300]


A:
Limits 0.57 +/- 0.1
0.569925,0.569925,0.572435,0.570426,0.570426,0.567686,0.566449,0.570927


B:
Limits 50.0 +/- 60.0
21.116346,20.298052,10.259914,18.297482,19.118303,29.257584,56.022312,17.932798
========================================================
Test16 (Master DAC Calibration) results 2008-07-03 05:39:12
Board ID45 7 channels
Linux calibration software
Calibration DAC Range: [1000 - 2200]

A:
0.583032,0.56499,0.561367,0.566706,0.562509,0.566978,0.563391,0.568978

B:
12.8243,29.8737,29.7187,26.638,32.6929,31.3462,33.4281,30.8061

========================================================
Test16 (Master DAC Calibration) results 2008-08-08 05:14:36
Board ID45 7 channels
Linux calibration software
Calibration DAC Range: [1000 - 2200]

A:
0.585008,0.565296,0.560702,0.566564,0.561997,0.56867,0.568108,0.568237

B:
23.0103,29.9981,32.5454,28.2938,35.0918,16.8995,21.3739,19.4751

========================================================
Test16 (Master DAC Calibration) results 2008-08-08 09:50:26
Board ID45 7 channels
Linux calibration software
Calibration DAC Range: [1000 - 2200]

A:
0.562557,0.565449,0.561216,0.566411,0.562442,0.566606,0.564131,0.568606

B:
30.6602,30.0604,31.6009,29.693,33.7286,33.0692,36.3,33.9897

