========================================================

Test11 results 03-28-2006  13:16:08
Board ID424  30 channels
HV Tests Software Ver.1.6

+5V 2529 - O'k
-5V 1322 - O'k
Interlock - On
Calibration DAC Range: [2500 - 2900]


A:
Limits 0.76 +/- 0.04
0.744879,0.750469,0.747664,0.750469,0.743494,0.749064,0.735294,0.750469,0.743494,0.743494
0.740741,0.75188,0.749064,0.746269,0.744879,0.749064,0.742115,0.746269,0.747664,0.747664
0.740741,0.744879,0.742115,0.747664,0.747664,0.75188,0.744879,0.743494,0.739372,0.75188


B:
Limits 60.0 +/- 40.0
70.100128,57.302101,65.693611,57.216908,57.984474,54.120945,63.92289,59.282345,70.07933,61.640774
66.105598,48.098118,50.494133,61.77187,52.477814,55.729164,53.81786,65.541107,60.162067,67.759178
61.497669,57.159313,64.57563,57.3419,55.662762,54.115173,60.375057,50.877712,61.198143,56.440018
========================================================
Test11 (DAC Calibration) results 2008-08-26 09:06:56
Board ID424 30 channels
Linux calibration (server mode)

Calibration DAC Range: [3100 - 3500]

A:
0.763143,0.764571,0.764857,0.764571,0.758571,0.762571,0.752,0.765714,0.761429,0.758286
0.758286,0.764,0.761429,0.762,0.757714,0.762857,0.755714,0.762286,0.762857,0.765143
0.756571,0.759429,0.758857,0.762,0.761714,0.765429,0.76,0.756,0.754571,0.766


B:
0.0,0.0,0.0,0.0,0.0,0.0,0.0,0.0,0.0,0.0
0.0,0.0,0.0,0.0,0.0,0.0,0.0,0.0,0.0,0.0
0.0,0.0,0.0,0.0,0.0,0.0,0.0,0.0,0.0,0.0


========================================================
Test11 (DAC Calibration) results 2008-08-26 13:28:47
Board ID424 30 channels
Linux calibration (server mode)

Calibration DAC Range: [3100 - 3500]

A:
0.763143,0.764857,0.765143,0.764857,0.758286,0.762286,0.752,0.765429,0.761429,0.758286
0.758286,0.764,0.761429,0.762,0.757429,0.763143,0.755429,0.762286,0.762571,0.765143
0.756286,0.759429,0.758571,0.762,0.761429,0.765429,0.760571,0.756,0.754286,0.766


B:
0.0,0.0,0.0,0.0,0.0,0.0,0.0,0.0,0.0,0.0
0.0,0.0,0.0,0.0,0.0,0.0,0.0,0.0,0.0,0.0
0.0,0.0,0.0,0.0,0.0,0.0,0.0,0.0,0.0,0.0


========================================================
Test11 (DAC Calibration) results 2008-08-26 13:41:16
Board ID424 30 channels
Linux calibration (server mode)

Calibration DAC Range: [3100 - 3500]

A:
0.763143,0.764571,0.765143,0.764571,0.758286,0.762286,0.752,0.766,0.761429,0.758286
0.758286,0.764,0.761429,0.762,0.757429,0.763143,0.756,0.762286,0.762857,0.765143
0.756286,0.759429,0.759143,0.762,0.761429,0.765429,0.760286,0.756,0.754286,0.766


B:
0.0,0.0,0.0,0.0,0.0,0.0,0.0,0.0,0.0,0.0
0.0,0.0,0.0,0.0,0.0,0.0,0.0,0.0,0.0,0.0
0.0,0.0,0.0,0.0,0.0,0.0,0.0,0.0,0.0,0.0


========================================================
Test11 (DAC Calibration) results 2008-08-26 14:01:36
Board ID424 30 channels
Linux calibration (server mode)

Calibration DAC Range: [3100 - 3500]

A:
0.763143,0.764286,0.765143,0.764857,0.758286,0.762286,0.752,0.766,0.761429,0.758286
0.758286,0.764,0.761429,0.762,0.757429,0.763143,0.756,0.762286,0.762571,0.765143
0.756286,0.759429,0.759143,0.762,0.761429,0.765429,0.760286,0.756,0.754286,0.766


B:
0.0,0.0,0.0,0.0,0.0,0.0,0.0,0.0,0.0,0.0
0.0,0.0,0.0,0.0,0.0,0.0,0.0,0.0,0.0,0.0
0.0,0.0,0.0,0.0,0.0,0.0,0.0,0.0,0.0,0.0


========================================================
Test11 (DAC Calibration) results 2008-08-26 14:20:13
Board ID424 30 channels
Linux calibration (server mode)

Calibration DAC Range: [3100 - 3500]

A:
0.763143,0.764857,0.765143,0.764571,0.758286,0.762286,0.752,0.766,0.761429,0.758286
0.758286,0.764,0.761429,0.762,0.757429,0.763143,0.756,0.762286,0.762857,0.765143
0.756286,0.759429,0.759143,0.762,0.761429,0.765429,0.760286,0.756,0.754286,0.766


B:
0.0,0.0,0.0,0.0,0.0,0.0,0.0,0.0,0.0,0.0
0.0,0.0,0.0,0.0,0.0,0.0,0.0,0.0,0.0,0.0
0.0,0.0,0.0,0.0,0.0,0.0,0.0,0.0,0.0,0.0


========================================================
Test11 (DAC Calibration) results 2008-08-26 14:34:12
Board ID424 30 channels
Linux calibration (server mode)

Calibration DAC Range: [3100 - 3500]

A:
0.763143,0.764571,0.765143,0.764286,0.758286,0.762286,0.752,0.766,0.761429,0.758286
0.758286,0.764,0.761429,0.762,0.757429,0.763143,0.756,0.762286,0.762571,0.765143
0.756286,0.759429,0.759143,0.762,0.761429,0.765429,0.760286,0.756,0.754286,0.766


B:
0.0,0.0,0.0,0.0,0.0,0.0,0.0,0.0,0.0,0.0
0.0,0.0,0.0,0.0,0.0,0.0,0.0,0.0,0.0,0.0
0.0,0.0,0.0,0.0,0.0,0.0,0.0,0.0,0.0,0.0


========================================================
Test11 (DAC Calibration) results 2008-08-26 16:52:14
Board ID424 30 channels
Linux calibration (server mode)

Calibration DAC Range: [3100 - 3500]

A:
0.754857,0.756,0.756571,0.756286,0.75,0.754286,0.743429,0.757714,0.752857,0.750286
0.749429,0.755429,0.753143,0.753714,0.749143,0.754857,0.747714,0.754286,0.754286,0.756857
0.748,0.750857,0.750571,0.753714,0.753429,0.757143,0.752,0.747714,0.746286,0.757714


B:
0.0,0.0,0.0,0.0,0.0,0.0,0.0,0.0,0.0,0.0
0.0,0.0,0.0,0.0,0.0,0.0,0.0,0.0,0.0,0.0
0.0,0.0,0.0,0.0,0.0,0.0,0.0,0.0,0.0,0.0


========================================================
Test11 (DAC Calibration) results 2008-08-27 11:55:18
Board ID424 30 channels
Linux calibration (server mode)

Calibration DAC Range: [3100 - 3500]

A:
0.755143,0.756,0.756286,0.756286,0.75,0.754286,0.743429,0.757429,0.752571,0.750286
0.749429,0.755429,0.753143,0.753429,0.749143,0.754571,0.747429,0.754286,0.754286,0.756571
0.748,0.750571,0.750286,0.754,0.753429,0.757143,0.752,0.747429,0.746286,0.757429


B:
0.0,0.0,0.0,0.0,0.0,0.0,0.0,0.0,0.0,0.0
0.0,0.0,0.0,0.0,0.0,0.0,0.0,0.0,0.0,0.0
0.0,0.0,0.0,0.0,0.0,0.0,0.0,0.0,0.0,0.0


========================================================
Test11 (DAC Calibration) results 2008-08-27 12:05:15
Board ID424 30 channels
Linux calibration (server mode)

Calibration DAC Range: [3100 - 3500]

A:
0.755143,0.756,0.756286,0.756286,0.75,0.754286,0.743429,0.757429,0.753143,0.750286
0.749429,0.755429,0.753143,0.753429,0.749143,0.754286,0.747429,0.754286,0.754286,0.756286
0.748,0.750857,0.750286,0.754,0.753429,0.757143,0.752,0.747429,0.746286,0.757429


B:
0.0,0.0,0.0,0.0,0.0,0.0,0.0,0.0,0.0,0.0
0.0,0.0,0.0,0.0,0.0,0.0,0.0,0.0,0.0,0.0
0.0,0.0,0.0,0.0,0.0,0.0,0.0,0.0,0.0,0.0


========================================================
Test11 (DAC Calibration) results 2008-08-27 12:16:28
Board ID424 30 channels
Linux calibration (server mode)

Calibration DAC Range: [3100 - 3500]

A:
0.755143,0.756,0.756286,0.756286,0.75,0.754286,0.743429,0.757429,0.753143,0.750286
0.749429,0.755429,0.753143,0.753429,0.749143,0.754286,0.747429,0.754286,0.754286,0.756857
0.748,0.750571,0.750857,0.754,0.753429,0.757143,0.752,0.747429,0.746286,0.758


B:
0.0,0.0,0.0,0.0,0.0,0.0,0.0,0.0,0.0,0.0
0.0,0.0,0.0,0.0,0.0,0.0,0.0,0.0,0.0,0.0
0.0,0.0,0.0,0.0,0.0,0.0,0.0,0.0,0.0,0.0


========================================================
Test11 (DAC Calibration) results 2008-08-27 12:34:54
Board ID424 30 channels
Linux calibration (server mode)

Calibration DAC Range: [3100 - 3500]

A:
0.755143,0.756571,0.756286,0.756286,0.75,0.754286,0.743429,0.757429,0.753143,0.750286
0.749429,0.755429,0.753143,0.753429,0.749143,0.754286,0.747429,0.754286,0.754286,0.756571
0.748,0.750857,0.750571,0.754,0.753429,0.757143,0.752,0.748,0.746286,0.758


B:
0.0,0.0,0.0,0.0,0.0,0.0,0.0,0.0,0.0,0.0
0.0,0.0,0.0,0.0,0.0,0.0,0.0,0.0,0.0,0.0
0.0,0.0,0.0,0.0,0.0,0.0,0.0,0.0,0.0,0.0


========================================================
Test11 (DAC Calibration) results 2008-08-27 14:51:07
Board ID424 30 channels
Linux calibration (server mode)

Calibration DAC Range: [3100 - 3500]

A:
0.755143,0.756286,0.756286,0.756286,0.75,0.754286,0.743429,0.757429,0.753143,0.750286
0.749429,0.755429,0.753143,0.753429,0.749143,0.754286,0.747429,0.754286,0.754286,0.756857
0.748,0.750571,0.750286,0.754,0.753429,0.757143,0.752,0.748,0.746286,0.758


B:
0.0,0.0,0.0,0.0,0.0,0.0,0.0,0.0,0.0,0.0
0.0,0.0,0.0,0.0,0.0,0.0,0.0,0.0,0.0,0.0
0.0,0.0,0.0,0.0,0.0,0.0,0.0,0.0,0.0,0.0


========================================================
Test11 (DAC Calibration) results 2008-08-27 16:02:02
Board ID424 30 channels
Linux calibration (server mode)

Calibration DAC Range: [3100 - 3500]

A:
0.755143,0.756286,0.756286,0.756286,0.75,0.754286,0.743429,0.757429,0.753143,0.750286
0.749429,0.755429,0.753143,0.753429,0.749143,0.754286,0.747429,0.754286,0.754286,0.756571
0.748,0.750857,0.750286,0.754,0.753429,0.757143,0.752,0.748,0.746286,0.758


B:
0.0,0.0,0.0,0.0,0.0,0.0,0.0,0.0,0.0,0.0
0.0,0.0,0.0,0.0,0.0,0.0,0.0,0.0,0.0,0.0
0.0,0.0,0.0,0.0,0.0,0.0,0.0,0.0,0.0,0.0


========================================================
Test11 (DAC Calibration) results 2008-08-27 16:15:20
Board ID424 30 channels
Linux calibration (server mode)

Calibration DAC Range: [3100 - 3500]

A:
0.755143,0.756286,0.756286,0.756286,0.75,0.754286,0.743429,0.757429,0.753143,0.750286
0.749429,0.755429,0.753143,0.753429,0.749143,0.754286,0.747429,0.754286,0.754286,0.756286
0.748,0.750571,0.750286,0.754,0.753429,0.757143,0.752,0.748,0.746286,0.758


B:
0.0,0.0,0.0,0.0,0.0,0.0,0.0,0.0,0.0,0.0
0.0,0.0,0.0,0.0,0.0,0.0,0.0,0.0,0.0,0.0
0.0,0.0,0.0,0.0,0.0,0.0,0.0,0.0,0.0,0.0


========================================================
Test11 (DAC Calibration) results 2008-08-27 16:29:29
Board ID424 30 channels
Linux calibration (server mode)

Calibration DAC Range: [3100 - 3500]

A:
0.74,0.7375,0.735,0.7375,0.73,0.7325,0.725,0.735,0.735,0.73
0.73,0.7375,0.7325,0.7325,0.73,0.735,0.73,0.735,0.735,0.7325
0.7275,0.7325,0.73,0.7375,0.735,0.7375,0.73,0.73,0.725,0.74


B:
53.0,65.7,74.5,65.7,70.0,76.2,64.5,78.5,63.5,71.0
68.0,62.7,72.2,73.2,67.0,67.5,61.0,67.5,67.5,83.2
71.7,64.2,71.0,57.7,64.5,68.7,77.0,63.0,74.5,63.0


========================================================
Test11 (DAC Calibration) results 2008-08-27 16:39:55
Board ID424 30 channels
Linux calibration (server mode)

Calibration DAC Range: [3100 - 3500]

A:
0.74,0.7375,0.735,0.7325,0.73,0.7325,0.725,0.735,0.735,0.73
0.73,0.7375,0.7325,0.7375,0.73,0.735,0.73,0.735,0.735,0.7375
0.7325,0.7275,0.735,0.7375,0.735,0.7375,0.73,0.73,0.725,0.74


B:
53.0,66.7,74.5,82.2,70.0,75.2,64.5,78.5,63.5,71.0
68.0,63.7,71.2,56.7,67.0,67.5,61.0,67.5,67.5,66.7
55.2,80.7,55.5,56.7,64.5,67.7,77.0,63.0,74.5,63.0


========================================================
Test11 (DAC Calibration) results 2008-08-27 17:01:29
Board ID424 30 channels
Linux calibration (server mode)

Calibration DAC Range: [3100 - 3500]

A:
0.74,0.7375,0.735,0.7375,0.73,0.7375,0.725,0.735,0.735,0.73
0.73,0.7375,0.7325,0.7325,0.73,0.735,0.73,0.735,0.735,0.7325
0.7275,0.7325,0.735,0.7325,0.735,0.7425,0.73,0.73,0.725,0.74


B:
53.0,65.7,74.5,65.7,70.0,58.7,64.5,78.5,63.5,71.0
68.0,62.7,72.2,73.2,67.0,67.5,61.0,67.5,67.5,83.2
71.7,64.2,55.5,73.2,64.5,51.2,77.0,63.0,74.5,63.0


========================================================
Test11 (DAC Calibration) results 2008-08-28 14:20:07
Board ID424 30 channels
Linux calibration (server mode)

Calibration DAC Range: [3100 - 3500]

A:
0.74,0.7375,0.735,0.7425,0.73,0.735,0.725,0.735,0.735,0.73
0.73,0.7375,0.7325,0.7375,0.73,0.735,0.73,0.735,0.735,0.74
0.7325,0.7275,0.735,0.7325,0.735,0.7375,0.73,0.73,0.725,0.74


B:
53.0,64.7,74.5,49.2,70.0,68.5,64.5,78.5,63.5,71.0
68.0,63.7,71.2,56.7,67.0,67.5,61.0,67.5,67.5,59.0
55.2,80.7,55.5,74.2,64.5,67.7,77.0,63.0,74.5,63.0


========================================================
Test11 (DAC Calibration) results 2008-09-01 16:34:02
Board ID424 30 channels
Linux calibration (server mode)

Calibration DAC Range: [3100 - 3500]

A:
0.74,0.74,0.735,0.7375,0.73,0.735,0.725,0.735,0.735,0.73
0.73,0.7375,0.735,0.7325,0.73,0.735,0.73,0.735,0.735,0.74
0.7275,0.7325,0.73,0.7325,0.73,0.7375,0.73,0.73,0.725,0.74


B:
53.0,58.0,74.5,65.7,70.0,68.5,64.5,78.5,63.5,71.0
68.0,62.7,64.5,73.2,67.0,67.5,61.0,67.5,67.5,59.0
71.7,64.2,73.0,73.2,80.0,66.7,77.0,63.0,74.5,63.0


========================================================
Test11 (ADC Calibration) results 2009-01-22 09:33:41
Board ID424 30 channels
Host: ufcmshv3
Linux calibration software

Calibration DAC Range: [1000 - 3500]

A:
0.7664,0.7572,0.7532,0.7624,0.7564,0.7616,0.7576,0.7636,0.7512,0.7576
0.7648,0.7592,0.7596,0.7652,0.7568,0.766,0.7532,0.7592,0.7636,0.7644
0.75,0.76,0.7568,0.7632,0.7668,0.762,0.7552,0.7632,0.7592,0.754


B:
64.6001,65.8,64.8,62.6001,66.6,66.3999,64.4,64.4,66.7999,64.4
66.2,63.8001,65.4001,64.7999,65.2,64.0001,65.8,65.8001,63.4,64.6
65,67,65.2,66.8,65.2001,64.9999,66.7999,65.8,64.8001,66


