========================================================

Test10 results 07-19-2006  22:09:43
Board ID122  36 channels
HV Tests Software Ver.1.6.1

+5V 2910 - O'k
-5V 1325 - O'k
Interlock - On

Voltmeter channel: A=1.057082, B=28.541368

A:
Limits 1.1 +/- 0.1
1.076426,1.051525,1.085187,1.073537,1.072961,1.084011,1.075847,1.081081,1.075847,1.071811,1.077586,1.077006
1.082837,1.086957,1.081666,1.041667,1.070091,1.071811,1.079914,1.085776,1.082251,1.070091,1.079914,1.087548
1.084011,1.086957,1.084011,1.098901,1.080497,1.074114,1.072386,1.079331,1.055966,1.082251,1.084011,1.082251


B:
Limits 0.0 +/- 30.0
6.458547,37.85471,15.192614,23.617657,26.824194,7.588078,8.606635,12.973151,10.758329,12.861896,9.698398,17.231876
9.745708,16.304424,4.053116e-005,35.416817,20.331537,21.436386,12.958929,15.200872,15.151553,33.17263,9.719189,6.525431
15.176154,9.782684,17.344175,7.692112,17.28796,15.037632,17.158298,7.555364,26.398972,14.069302,14.092143,5.411294
Channels:
   2  16  22
Out of range 0.0 +/- 30.0
