========================================================

Test11 results 07-19-2006  22:11:01
Board ID122  36 channels
HV Tests Software Ver.1.6.1

+5V 2910 - O'k
-5V 1326 - O'k
Interlock - On
Calibration DAC Range: [2500 - 2900]


A:
Limits 0.76 +/- 0.04
0.754717,0.766284,0.744879,0.75188,0.75188,0.746269,0.75188,0.746269,0.753296,0.756144,0.753296,0.749064
0.746269,0.746269,0.747664,0.776699,0.753296,0.75188,0.75188,0.743494,0.744879,0.753296,0.749064,0.742115
0.744879,0.744879,0.746269,0.735294,0.749064,0.753296,0.753296,0.749064,0.767754,0.749064,0.749064,0.747664


B:
Limits 60.0 +/- 30.0
51.643715,45.028183,61.134121,48.26516,49.79517,59.729836,59.116199,65.792717,56.015362,48.767307,44.936436,57.91674
62.156849,44.711361,70.194374,31.752966,64.25325,57.055691,44.965958,63.332333,64.862518,48.295555,63.912357,65.516136
58.709084,57.240967,58.111946,64.731789,54.205254,50.98156,54.396217,64.721222,35.498898,46.424026,50.63641,59.04039
========================================================
Test11 (DAC Calibration) results 2007-06-13 11:20:03
Board ID122 36 channels
Linux calibration software
Calibration DAC Range: [1100 - 2700]

A:
0.743465,0.748866,0.737599,0.745983,0.757045,0.73865,0.744601,0.739635,0.743981,0.7473,0.743843,0.743224
0.738548,0.73544,0.74018,0.748622,0.745568,0.74581,0.74199,0.73608,0.751526,0.746052,0.741579,0.736282
0.750299,0.735878,0.749774,0.728312,0.744015,0.745983,0.74581,0.741408,0.756262,0.740043,0.741135,0.747891


B:
82.1074,77.8418,77.5881,61.8854,60.0492,77.8227,77.2923,79.8445,80.8828,70.2389,69.5253,69.4953
80.5356,70.2631,88.2255,60.2236,79.5995,67.2465,70.395,79.0349,65.8364,71.0681,81.4425,78.0952
64.4644,78.2171,72.201,80.0989,71.4339,69.2336,73.4799,83.1525,54.8793,68.5304,69.6642,67.9361


