========================================================

Test11 results 07-24-2006  16:28:41
Board ID077  36 channels
HV Tests Software Ver.1.6.1

+5V 2726 - O'k
-5V 1366 - O'k
Interlock - On
Calibration DAC Range: [2500 - 2900]


A:
Limits 0.76 +/- 0.04
0.753296,0.744879,0.743494,0.743494,0.747664,0.747664,0.743494,0.746269,0.75188,0.742115,0.749064,0.744879
0.742115,0.750469,0.742115,0.744879,0.739372,0.753296,0.739372,0.744879,0.750469,0.749064,0.746269,0.746269
0.746269,0.749064,0.746269,0.743494,0.733945,0.746269,0.739372,0.750469,0.739372,0.740741,0.750469,0.750469


B:
Limits 60.0 +/- 30.0
48.122677,48.6614,42.079937,38.232498,54.601501,48.726978,56.304531,47.022678,56.073437,56.899921,46.385803,55.697197
53.211269,38.458843,61.160015,50.868214,53.419579,37.314651,47.851185,61.179039,46.444305,52.672562,59.753883,47.022678
52.151638,60.470066,52.364258,44.690701,71.646362,54.046642,66.009651,46.285084,65.809647,55.394695,36.197178,57.387482
========================================================
Test11 (DAC Calibration) results 2008-03-04 11:46:31
Board ID77 36 channels
Linux calibration software
Calibration DAC Range: [1100 - 2700]

A:
0.752516,0.744186,0.743494,0.741427,0.748153,0.746617,0.74474,0.746896,0.752658,0.744532,0.749836,0.746338
0.741565,0.749766,0.746826,0.746338,0.741084,0.750821,0.741084,0.74481,0.751244,0.750047,0.748923,0.742873
0.746269,0.751033,0.750751,0.745018,0.741633,0.748713,0.74384,0.751809,0.745018,0.744186,0.747664,0.75195


B:
59.2699,56.6512,47.2118,49.8425,64.5563,55.6322,55.8741,52.8522,64.7942,58.3992,53.9788,61.0972
62.2544,47.329,49.9625,54.9772,56.4057,56.2083,47.6609,66.2042,55.1694,59.6849,58.9963,54.0347
58.9553,59.9699,51.3512,53.9953,64.9763,58.8395,60.1115,52.1285,60.7004,59.6279,54.0187,61.4061


