========================================================

Test10 results 10-13-2005  16:07:21
Board ID087  36 channels
HV Tests Software Ver.1.6

+5V 2502 - O'k
-5V 1332 - O'k
Interlock - On

Voltmeter channel: A=1.074114, B=16.111746

A:
Limits 1.1 +/- 0.1
1.075847,1.075269,1.068947,1.072961,1.079331,1.078167,1.075269,1.077586,1.072961,1.078749,1.078749,1.074691
1.072386,1.079331,1.072386,1.078749,1.077006,1.074691,1.079914,1.075269,1.077006,1.076426,1.074691,1.078749
1.076426,1.080497,1.067236,1.075847,1.076426,1.078749,1.075269,1.073537,1.068376,1.079331,1.078749,1.071811


B:
Limits 0.0 +/- 35.0
9.682483,20.429932,13.896351,13.948658,10.793356,20.485304,11.827781,17.241501,12.875696,16.18104,11.866045,15.04556
8.57921,15.11068,11.796368,17.259789,17.231876,16.120251,11.879015,10.752512,12.923853,13.993531,7.522722,17.259789
15.069958,15.126966,18.143127,9.682483,7.534973,14.023542,13.978319,19.323507,26.709417,15.11068,20.496035,10.718273
========================================================
Test10 (ADC Calibration) results 2008-06-16 13:15:45
Board ID087 36 channels
Linux calibration software

Voltmeter channel: A=1.07, B=0

A:
1.07848,1.07857,1.0719,1.07625,1.08243,1.08198,1.07893,1.08144,1.0766,1.08162,1.08225,1.07714
1.07562,1.08378,1.07482,1.08234,1.08009,1.07839,1.08216,1.07839,1.08018,1.08036,1.07785,1.08216
1.07929,1.08397,1.07102,1.08081,1.07902,1.08108,1.07947,1.07669,1.07243,1.08279,1.08243,1.07474


B:
7.36666,16.5599,11.4943,9.8517,8.49289,14.9648,6.73911,12.6446,7.80097,13.5621,7.35924,12.4783
5.26224,11.1547,10.3016,12.4722,13.6592,13.2725,10.6885,7.01775,9.25642,10.172,4.27814,13.935
13.1011,11.4232,15.0935,5.22135,4.49906,12.757,9.05112,16.5478,21.0854,11.4111,16.9359,9.95357


========================================================
Test10 (ADC Calibration) results 2008-06-17 07:08:50
Board ID087 36 channels
Linux calibration software

Voltmeter channel: A=1.07, B=0

A:
1.09038,1.09101,1.08409,1.08876,1.09529,1.09456,1.09129,1.09392,1.08912,1.0941,1.09483,1.0893
1.08813,1.09611,1.08678,1.09483,1.09274,1.09074,1.09465,1.09092,1.09274,1.09319,1.09029,1.09437
1.09165,1.0962,1.08373,1.0931,1.09183,1.0941,1.09183,1.08876,1.08498,1.09538,1.09538,1.08732


B:
7.06725,15.4313,10.9034,8.77997,6.49948,14.1726,5.36174,11.9084,6.48735,12.3988,5.60329,11.9855
3.48349,10.5694,9.94801,11.2962,11.8936,12.6248,9.4923,5.47702,8.17854,8.6368,2.78915,13.4632
12.2331,10.4858,13.4001,4.56614,3.11462,11.0859,7.26323,15.9656,19.4102,10.1397,15.1786,8.36444


