========================================================

Test11 results 10-13-2005  16:11:40
Board ID087  36 channels
HV Tests Software Ver.1.6

+5V 2501 - O'k
-5V 1332 - O'k
Interlock - On
Calibration DAC Range: [2500 - 2900]


A:
Limits 0.76 +/- 0.04
0.753296,0.75188,0.753296,0.750469,0.750469,0.746269,0.753296,0.747664,0.75188,0.746269,0.750469,0.75188
0.754717,0.749064,0.753296,0.749064,0.750469,0.754717,0.747664,0.750469,0.749064,0.750469,0.750469,0.747664
0.747664,0.747664,0.756144,0.750469,0.749064,0.75188,0.750469,0.753296,0.757576,0.747664,0.75188,0.754717


B:
Limits 60.0 +/- 40.0
54.396217,54.175751,72.021057,65.700356,61.656509,64.82399,53.766144,60.73048,68.350037,74.322701,55.18005,65.308563
63.235329,57.523918,67.672874,60.338394,58.159206,44.971767,66.706131,70.812378,65.181526,62.112362,72.426361,60.975445
66.367165,58.797619,58.708309,66.777687,76.296051,47.232243,70.719666,55.833843,42.903488,64.285172,57.310112,57.569977
========================================================
Test11 (ADC Calibration) results 2008-06-17 04:20:31
Board ID087 36 channels
Linux calibration software

Calibration DAC Range: [1000 - 3500]

A:
0.7484,0.748,0.752,0.75,0.7448,0.7464,0.748,0.7464,0.7484,0.7456,0.7452,0.7488
0.75,0.7448,0.7504,0.7452,0.7468,0.7484,0.7452,0.7476,0.7464,0.7468,0.7488,0.7456
0.7476,0.7444,0.7536,0.7464,0.7476,0.7472,0.7472,0.7496,0.7532,0.7448,0.7496,0.7508


B:
66.6001,62.9999,72.0001,62,75.2001,60.6,67.9999,60.6,75.6001,72.4001,68.8001,72.2001
75,66.2001,73.6,68.8001,64.2,61.6001,70.8001,76.3999,69.6,69.2,73.2001,62.4001
61.3999,65.5999,61.4,72.6,77.3999,58.8,75.8,63.4,53.8,68.2001,62.4,67.2


========================================================
Test11 (ADC Calibration) results 2008-06-17 07:43:31
Board ID087 36 channels
Linux calibration software

Calibration DAC Range: [1000 - 3500]

A:
0.7404,0.7396,0.744,0.7416,0.736,0.7376,0.7392,0.7376,0.7404,0.7368,0.7368,0.74
0.7416,0.7364,0.742,0.7364,0.7384,0.7396,0.7372,0.7396,0.738,0.7376,0.74,0.7368
0.7396,0.736,0.7448,0.738,0.738,0.7384,0.7388,0.7412,0.7444,0.7368,0.7404,0.742


B:
66.5999,63.4,70.9999,62.4001,77,61.3999,69.8,61.3999,74.5999,73.2,69.2,74
75.4001,65.6,75.0001,70.6,65.6001,63.4,69.7999,75.4,70.0001,71.3999,75,63.1999
61.4,66,63.2001,73.0001,80.0001,59.6001,77.2,63.8001,55.5999,68.2,64.5999,68.0001


========================================================
Test11 (ADC Calibration) results 2008-07-28 12:43:15
Board ID087 36 channels
Linux calibration software

Calibration DAC Range: [1000 - 3500]

A:
0.7396,0.74,0.7436,0.7416,0.736,0.7372,0.7392,0.7384,0.7404,0.7364,0.7368,0.7404
0.7408,0.736,0.742,0.7364,0.7388,0.74,0.7364,0.7396,0.738,0.7384,0.74,0.7368
0.7388,0.7356,0.7444,0.7376,0.7384,0.7384,0.738,0.74,0.7444,0.7364,0.7408,0.742


B:
68.4,62,71.4,62.4001,77,62.7999,69.8,59.6001,75.5999,74.6,69.2,72.5999
77.1999,67,74.0001,69.6,64.2,62,71.6,75.4,70.0001,69.6001,75,63.1999
63.2,66.4,63.5999,73.3999,78.6001,59.6001,78.0001,67,55.5999,68.6,64.1999,68.0001


========================================================
Test11 (DAC Calibration) results 2008-08-27 10:32:43
Board ID087 36 channels
Linux calibration (server mode)

Calibration DAC Range: [3100 - 3500]

A:
0.756857,0.755429,0.761714,0.757143,0.755714,0.753143,0.758,0.753143,0.759714,0.755429,0.754571,0.758857
0.760857,0.753143,0.760857,0.754286,0.754857,0.755429,0.755143,0.758857,0.755714,0.755714,0.759143,0.752857
0.754571,0.752571,0.760286,0.756286,0.758857,0.753714,0.758571,0.757143,0.758,0.753714,0.757143,0.759143


B:
0.0,0.0,0.0,0.0,0.0,0.0,0.0,0.0,0.0,0.0,0.0,0.0
0.0,0.0,0.0,0.0,0.0,0.0,0.0,0.0,0.0,0.0,0.0,0.0
0.0,0.0,0.0,0.0,0.0,0.0,0.0,0.0,0.0,0.0,0.0,0.0


========================================================
Test11 (ADC Calibration) results 2008-08-27 13:08:29
Board ID087 36 channels
Linux calibration software

Calibration DAC Range: [1000 - 3500]

A:
0.7376,0.7372,0.7408,0.7396,0.7336,0.7348,0.7388,0.736,0.7376,0.7344,0.7348,0.7376
0.7392,0.734,0.74,0.7344,0.736,0.738,0.7344,0.7368,0.7356,0.7356,0.7376,0.7352
0.7372,0.734,0.742,0.7352,0.7364,0.7368,0.736,0.7384,0.7428,0.7344,0.7392,0.74


B:
67.3999,63.7999,73.1999,61.4,77.3999,63.2001,67.2,60,76.3999,74.6001,69.2001,74.3999
75.8,66.9999,74,69.6001,66,61.0001,71.6001,77.2,70.4,70.4,75.3999,61.8
61.7999,64.9999,64.0001,73.8,78.6,58.1999,78,65.6001,53.2,68.6001,61.8,67


========================================================
Test11 (DAC Calibration) results 2008-08-28 18:58:21
Board ID087 36 channels
Linux calibration (server mode)

Calibration DAC Range: [3100 - 3500]

A:
0.75,0.7425,0.745,0.745,0.74,0.7375,0.7475,0.7425,0.7475,0.7425,0.74,0.74
0.7475,0.7425,0.745,0.7425,0.7425,0.7375,0.74,0.7425,0.745,0.7425,0.745,0.7375
0.745,0.7425,0.7475,0.7425,0.7475,0.74,0.7425,0.7425,0.7475,0.74,0.7425,0.745


B:
55.0,75.2,87.5,72.5,84.0,83.7,70.7,67.2,72.7,76.2,80.0,95.0
76.7,67.2,84.5,72.2,73.2,92.7,81.0,86.2,68.5,76.2,78.5,82.7
64.5,66.2,74.7,78.2,70.7,76.0,85.2,81.2,67.7,79.0,79.2,79.5


========================================================
Test11 (DAC Calibration) results 2008-08-30 18:22:58
Board ID087 36 channels
Linux calibration (server mode)

Calibration DAC Range: [3100 - 3500]

A:
0.7425,0.745,0.75,0.745,0.7425,0.745,0.75,0.7425,0.7525,0.74,0.7425,0.7475
0.7475,0.745,0.745,0.745,0.7425,0.7475,0.745,0.7475,0.745,0.7475,0.75,0.7425
0.7475,0.745,0.75,0.7425,0.745,0.7475,0.7425,0.7425,0.75,0.7425,0.745,0.75


B:
89.2,75.5,81.0,81.5,85.2,67.5,70.0,77.2,65.3,94.0,81.2,79.7
86.7,68.5,95.5,73.5,83.2,69.7,74.5,80.7,76.5,68.7,72.0,76.2
65.7,67.5,76.0,85.2,88.5,61.7,94.2,91.2,69.0,78.2,80.5,72.0


========================================================
Test11 (DAC Calibration) results 2008-08-30 21:24:19
Board ID087 36 channels
Linux calibration (server mode)

Calibration DAC Range: [3100 - 3500]

A:
0.725,0.7175,0.725,0.725,0.7225,0.725,0.7275,0.7225,0.725,0.7175,0.725,0.72
0.725,0.7225,0.7275,0.7225,0.725,0.72,0.7225,0.725,0.7225,0.7225,0.725,0.72
0.7275,0.7275,0.73,0.725,0.7275,0.72,0.725,0.73,0.73,0.72,0.72,0.7275


B:
78.5,98.8,95.5,79.5,84.2,65.5,76.7,74.2,88.5,99.8,71.5,102.0
91.5,75.2,83.7,79.2,71.5,91.0,80.2,85.5,83.2,84.2,85.5,82.0
63.7,56.7,73.0,74.5,76.7,84.0,82.5,63.0,66.0,84.0,94.0,76.7


========================================================
Test11 (DAC Calibration) results 2008-08-30 21:52:03
Board ID087 36 channels
Linux calibration (server mode)

Calibration DAC Range: [3100 - 3500]

A:
0.7475,0.7425,0.7525,0.7475,0.745,0.7425,0.7475,0.74,0.7525,0.74,0.7425,0.7475
0.7525,0.7425,0.75,0.745,0.7475,0.745,0.745,0.7475,0.7475,0.745,0.7475,0.74
0.7475,0.745,0.745,0.745,0.7475,0.745,0.75,0.7475,0.7525,0.7425,0.745,0.7475


B:
72.7,84.2,73.3,73.7,77.5,76.2,78.7,86.0,65.3,94.0,81.2,79.7
69.3,77.2,78.0,72.5,65.7,77.5,75.5,79.7,68.7,77.5,80.7,85.0
65.7,67.5,92.5,77.5,79.7,69.5,69.0,74.7,60.3,78.2,80.5,80.7


========================================================
Test11 (DAC Calibration) results 2008-08-31 12:06:21
Board ID087 36 channels
Linux calibration (server mode)

Calibration DAC Range: [3100 - 3500]

A:
0.745,0.745,0.7525,0.745,0.745,0.745,0.75,0.7475,0.75,0.7425,0.745,0.75
0.7475,0.745,0.7475,0.7425,0.75,0.7475,0.7475,0.745,0.7425,0.745,0.75,0.7425
0.745,0.745,0.7525,0.745,0.7475,0.7475,0.75,0.7475,0.75,0.745,0.7425,0.7525


B:
80.5,76.5,73.3,81.5,77.5,68.5,71.0,59.7,74.0,85.2,73.5,72.0
86.7,69.5,86.7,81.2,58.0,68.7,66.7,87.5,85.2,77.5,73.0,76.2
73.5,67.5,68.3,77.5,78.7,60.7,69.0,73.7,69.0,70.5,89.2,64.3


========================================================
Test11 (DAC Calibration) results 2008-08-31 16:15:26
Board ID087 36 channels
Linux calibration (server mode)

Calibration DAC Range: [3100 - 3500]

A:
0.7525,0.7475,0.7525,0.7525,0.7425,0.745,0.75,0.745,0.7475,0.7475,0.745,0.75
0.7525,0.7475,0.75,0.745,0.7475,0.7425,0.745,0.7475,0.745,0.7475,0.7525,0.745
0.7425,0.745,0.75,0.745,0.745,0.7475,0.7475,0.75,0.75,0.745,0.75,0.75


B:
56.3,67.7,73.3,57.3,86.2,68.5,71.0,69.5,82.7,68.7,73.5,72.0
70.3,60.7,79.0,73.5,66.7,85.2,74.5,80.7,77.5,68.7,64.3,68.5
82.2,67.5,75.0,77.5,88.5,61.7,77.7,66.0,69.0,70.5,64.0,73.0


========================================================
Test11 (DAC Calibration) results 2008-08-31 18:30:22
Board ID087 36 channels
Linux calibration (server mode)

Calibration DAC Range: [3100 - 3500]

A:
0.7475,0.7425,0.7525,0.75,0.745,0.745,0.7475,0.745,0.7475,0.74,0.7475,0.7525
0.7475,0.745,0.7475,0.745,0.7425,0.7475,0.7425,0.7475,0.745,0.745,0.75,0.745
0.745,0.7425,0.75,0.745,0.7475,0.745,0.745,0.75,0.7475,0.7425,0.7475,0.7525


B:
73.7,84.2,73.3,66.0,76.5,68.5,79.7,69.5,83.7,94.0,64.7,63.3
85.7,68.5,87.7,73.5,83.2,68.7,83.2,79.7,77.5,76.5,73.0,68.5
74.5,76.2,75.0,77.5,79.7,69.5,85.5,66.0,77.7,79.2,72.7,64.3


========================================================
Test11 (DAC Calibration) results 2008-09-01 15:18:47
Board ID087 36 channels
Linux calibration (server mode)

Calibration DAC Range: [3100 - 3500]

A:
0.7475,0.7475,0.7525,0.755,0.7425,0.745,0.7525,0.7475,0.75,0.745,0.7475,0.7475
0.745,0.7475,0.75,0.745,0.7425,0.745,0.7475,0.745,0.7475,0.7425,0.7525,0.745
0.745,0.745,0.75,0.74,0.7525,0.7475,0.7425,0.75,0.75,0.74,0.7425,0.7525


B:
72.7,67.7,73.3,48.5,85.2,68.5,61.3,60.7,74.0,76.5,63.7,78.7
93.5,59.7,78.0,73.5,82.2,76.5,66.7,87.5,68.7,85.2,64.3,68.5
74.5,66.5,75.0,93.0,63.3,60.7,94.2,66.0,68.0,87.0,89.2,64.3


