========================================================

Test10 results 08-22-2005  14:45:39
Board ID046  36 channels
HV Tests Software Ver.1.6

+5V 3054 - O'k
-5V 1384 - O'k
Interlock - On

Voltmeter channel: A=1.068376, B=17.094032

A:
Limits 1.1 +/- 0.1
1.079914,1.079331,1.082837,1.081081,1.081081,1.075847,1.073537,1.066098,1.078749,1.079914,1.077006,1.080497
1.073537,1.075847,1.075847,1.074114,1.077006,1.078167,1.090513,1.081081,1.081666,1.076426,1.083424,1.084011
1.074691,1.073537,1.088139,1.081666,1.081081,1.079914,1.080497,1.078749,1.072386,1.081081,1.077586,1.071811


B:
Limits 0.0 +/- 30.0
8.639275,10.793356,6.497197,14.054233,17.297476,9.682483,9.661671,15.991423,4.314804,12.958929,14.000859,14.04647
13.95582,16.137566,9.682483,13.963518,10.769841,9.703633,10.905224,12.973151,7.571701,7.534973,9.750828,8.672089
16.120251,7.514596,9.793203,7.571701,15.135313,17.278584,10.804978,-1.078939,17.158298,11.89207,11.85357,10.718273
========================================================
Test10 (ADC Calibration) results 2008-02-06 11:41:58
Board ID46 36 channels
Linux calibration software

Voltmeter channel: A=1.06699, B=14.6098

A:
1.08055,1.08185,1.08306,1.08398,1.08359,1.07558,1.07362,1.06501,1.07801,1.07943,1.07809,1.08403
1.07295,1.0769,1.07491,1.07437,1.07649,1.07801,1.09098,1.08085,1.08608,1.07694,1.08284,1.0845
1.07872,1.07386,1.08956,1.08166,1.09139,1.07943,1.08055,1.07767,1.074,1.08312,1.08028,1.07068


B:
1.94687,5.36492,3.52897,7.26699,12.5466,6.18827,4.79683,13.0192,0.468244,8.51784,7.21202,11.3285
9.79329,11.9524,5.36212,7.97718,9.15796,9.39023,7.99781,9.32331,0.974837,4.33376,8.53035,4.02483
9.0577,4.56696,5.48057,3.18806,9.35986,12.5589,7.3496,-2.02052,8.39147,4.18302,6.19905,7.40924


========================================================
Test10 (ADC Calibration) results 2008-02-14 11:22:54
Board ID46 36 channels
Linux calibration software

Voltmeter channel: A=1.06734, B=12.8867

A:
1.08055,1.08109,1.08347,1.08428,1.08369,1.07514,1.07396,1.06501,1.07791,1.07913,1.077,1.08444
1.07349,1.07741,1.07511,1.07501,1.07649,1.07801,1.09154,1.0802,1.08563,1.07694,1.08349,1.0845
1.07872,1.07396,1.08956,1.08122,1.09119,1.07964,1.08075,1.07753,1.07237,1.08257,1.07978,1.07068


B:
1.94687,6.52318,3.01061,6.6803,12.2185,6.74906,4.76465,13.0192,0.996193,8.22297,9.67084,11.099
8.03236,9.63619,4.70572,5.88389,9.15796,8.31222,6.20716,10.344,1.33737,4.33376,6.42393,2.94033
9.25765,3.36475,5.88033,3.75013,10.0151,12.1021,6.69381,-1.84343,11.5264,4.87501,7.76377,7.40924


