========================================================

Test11 results 07-04-2005  13:34:55
Board ID368  30 channels
HV Tests Software Ver.1.6

+5V 2458 - O'k
-5V 1323 - O'k
Interlock - On
Calibration DAC Range: [2500 - 2900]


A:
Limits 0.76 +/- 0.04
0.756144,0.757576,0.754717,0.756144,0.754717,0.753296,0.753296,0.756144,0.756144,0.757576
0.746269,0.750469,0.750469,0.756144,0.754717,0.756144,0.756144,0.756144,0.754717,0.759013
0.747664,0.75188,0.746269,0.75188,0.756144,0.754717,0.750469,0.759013,0.75188,0.750469


B:
Limits 60.0 +/- 30.0
52.620945,60.210468,70.318726,57.03006,51.657349,64.063454,64.588699,53.676517,69.850533,52.461594
62.145733,65.526848,58.647671,64.257729,62.394196,67.20385,61.002029,51.614109,64.217049,60.713047
70.980736,72.445915,81.934059,56.289494,51.709179,59.142796,73.653206,50.027565,62.365475,70.216362
========================================================
Test11 (DAC Calibration) results 2008-04-18 10:54:26
Board ID368 30 channels
Linux calibration software
Calibration DAC Range: [1100 - 2700]

A:
0.75429,0.757217,0.756144,0.753296,0.753012,0.753579,0.756144,0.754788,0.756358,0.756573
0.747314,0.752587,0.749906,0.753367,0.755572,0.757791,0.755858,0.754148,0.754931,0.760312
0.748713,0.75365,0.747384,0.750258,0.752375,0.757863,0.752021,0.759013,0.753792,0.750962


B:
64.5106,66.3985,71.6445,67.2317,61.7471,66.2397,63.327,59.1471,73.7733,65.0085
64.2223,65.1928,64.8295,76.0242,65.6215,67.1307,67.347,64.5551,69.2175,62.0226
72.7656,70.3628,79.6712,63.5939,63.9801,64.7593,73.1906,60.1518,63.234,69.2295


========================================================
Test11 (ADC Calibration) results 2008-06-19 12:56:33
Board ID368 30 channels
Linux calibration software

Calibration DAC Range: [1000 - 3500]

A:
0.742,0.7456,0.7444,0.7404,0.7408,0.7408,0.7464,0.7424,0.7448,0.7444
0.7356,0.7404,0.738,0.7404,0.744,0.746,0.7432,0.7416,0.7428,0.7496
0.7368,0.7416,0.7352,0.7452,0.7376,0.7456,0.74,0.7468,0.7416,0.7384


B:
67.0001,67.4001,71.5999,68.5999,63.1999,68.1999,63.6,59.6,74.2001,65.5999
65.4,66.5999,66.0001,77.5999,64.9999,68,67.8,66.4001,71.2,62.4
74.2,72.4001,79.8,56.8001,65.3999,64.4001,74,63.2,64.4001,70.6001


========================================================
Test11 (ADC Calibration) results 2008-07-16 16:12:58
Board ID368 30 channels
Linux calibration software

Calibration DAC Range: [1000 - 3500]

A:
0.7404,0.744,0.7428,0.7392,0.7392,0.7392,0.7444,0.7404,0.7428,0.7424
0.7336,0.7396,0.736,0.7388,0.742,0.7452,0.7416,0.7428,0.7416,0.748
0.7356,0.7404,0.7336,0.7508,0.7352,0.7436,0.7384,0.7452,0.7396,0.7528


B:
68.5999,67.9999,73.2,69.8,64.8,69.8,64.5999,61.5999,76.2,68.6
67.3999,66.4,68,79.2,68.0001,68.8001,69.4001,61.2,71.4001,63.9999
74.4,71.5999,81.3999,55.2,67.8,66.4,75.6001,63.8001,66.4,56.2


========================================================
Test11 (ADC Calibration) results 2008-07-17 10:58:43
Board ID368 30 channels
Linux calibration software

Calibration DAC Range: [1000 - 3500]

A:
0.7408,0.7452,0.7432,0.74,0.7404,0.7408,0.746,0.7416,0.744,0.744
0.7348,0.7408,0.7368,0.74,0.7432,0.746,0.7428,0.7448,0.7428,0.7496
0.7364,0.7412,0.7348,0.766,0.7368,0.7448,0.7392,0.7468,0.7412,0.7492


B:
68.1999,66.8001,73.8,69,63.5999,67.1999,64,60.4001,74.9999,65.9999
66.2001,65.1999,68.2,78,66.8,70,68.2,59.2001,70.2,62.4
74.6,71.8001,80.2001,40.0001,66.2,66.2001,74.8,61.2,63.8001,58.8


========================================================
Test11 (ADC Calibration) results 2008-07-20 18:37:46
Board ID368 30 channels
Linux calibration software

Calibration DAC Range: [1000 - 3500]

A:
0.742,0.7452,0.744,0.74,0.7404,0.7408,0.748,0.742,0.7444,0.744
0.7348,0.7404,0.7372,0.74,0.7432,0.7488,0.7428,0.7464,0.7424,0.7504
0.7364,0.7416,0.7352,0.8072,0.7372,0.7448,0.7396,0.7468,0.7416,0.7544


B:
66.0001,67.8001,71.9999,69,63.5999,68.1999,60.9999,60.0001,74.5999,65.9999
66.2001,66.5999,66.7999,78,66.8,66.2001,69.2,56.6,71.6,61.6
74.6,71.4001,79.8,21.7999,65.7999,66.2001,74.4,62.2,63.4001,54.5999


========================================================
Test11 (ADC Calibration) results 2008-07-24 23:03:59
Board ID368 30 channels
Linux calibration software

Calibration DAC Range: [1000 - 3500]

A:
0.7412,0.7448,0.744,0.7404,0.7408,0.7404,0.748,0.742,0.744,0.7436
0.7348,0.7404,0.7372,0.7404,0.7432,0.7484,0.7432,0.7456,0.7424,0.7504
0.7368,0.7412,0.7356,0.7864,0.7372,0.7452,0.7396,0.7464,0.7416,0.7636


B:
67.8001,69.2001,72.9999,68.5999,63.1999,68.5999,61.9999,60.0001,75.9999,67.4
67.2001,66.5999,66.7999,77.5999,66.8,65.6001,67.8,60.4001,71.6,61.6
74.2,72.8001,78.4,43.5999,65.7999,64.8001,74.4,62.6,63.4001,45.4


========================================================
Test11 (ADC Calibration) results 2008-08-12 23:20:39
Board ID368 30 channels
Linux calibration software

Calibration DAC Range: [1000 - 3500]

A:
0.7416,0.7448,0.744,0.74,0.7404,0.74,0.7472,0.7416,0.7444,0.7436
0.7348,0.7408,0.7368,0.7396,0.7432,0.7488,0.7428,0.746,0.742,0.7504
0.736,0.7412,0.7344,0.7608,0.736,0.7448,0.7392,0.7464,0.7408,0.7376


B:
67.4001,68.2001,71.9999,69,63.5999,69,62.8,59.4001,74.5999,67.4
66.2001,65.1999,68.2,78.4,66.8,67.2001,68.2,59,72.0001,62.6
75,71.8001,80.6001,46.2,66,65.2001,75.8,62.6,64.1999,70.3999


========================================================
Test11 (ADC Calibration) results 2008-08-13 01:14:42
Board ID368 30 channels
Linux calibration software

Calibration DAC Range: [1000 - 3500]

A:
0.7416,0.7452,0.7436,0.74,0.7404,0.7404,0.7472,0.7412,0.7444,0.744
0.7348,0.7408,0.7368,0.7396,0.7432,0.7488,0.7432,0.746,0.742,0.7508
0.736,0.7412,0.7348,0.7612,0.736,0.7444,0.7388,0.7464,0.7408,0.7376


B:
67.4001,66.8001,73.4,69,63.5999,67.5999,62.8,60.8001,74.5999,65.9999
66.2001,65.1999,68.2,77.4,66.8,67.2001,66.8,59,72.0001,61.2
75,71.8001,79.2001,45.8,66,65.5999,76.2,62.6,64.1999,70.3999


