========================================================

Test10 results 01-17-2005  12:21:58
Board ID282  30 channels
HV Tests Software Ver.1.6

+5V 2577 - O'k
-5V 1314 - O'k
Interlock - On

Voltmeter channel: A=1.074114, B=7.518835

A:
Limits 1.1 +/- 0.1
1.074114,1.072386,1.077586,1.081666,1.078167,1.078749,1.072961,1.072386,1.068376,1.068376
1.076426,1.066667,1.072961,1.070091,1.070664,1.072961,1.068376,1.074114,1.075269,1.077006
1.072386,1.068947,1.077586,1.079914,1.070664,1.072386,1.074114,1.071811,1.077006,1.069519


B:
Limits 0.0 +/- 30.0
2.148266,5.362052,8.620811,9.735032,7.547299,10.787296,6.437928,7.506824,10.683776,9.6154
5.382121,7.466458,4.292006,7.490445,10.706645,13.948658,9.6154,4.296494,13.978319,7.538823
7.506824,8.551615,8.620811,11.879015,11.777308,15.013526,11.81529,10.718273,7.538823,8.556267
========================================================
Test10 (ADC Calibration) results 2007-09-05 16:08:29
Board ID282 30 channels
Linux calibration software

Voltmeter channel: A=1.06766, B=-1510.44

A:
1.07214,1.07252,1.07661,1.0801,1.07673,1.07864,1.07202,1.07088,1.06857,1.06734
1.07573,1.06466,1.07098,1.06894,1.06987,1.07272,1.06673,1.07121,1.07577,1.07472
1.07018,1.06827,1.07827,1.07883,1.07078,1.07192,1.07158,1.07121,1.07597,1.06867


B:
2.37681,-1.13266,5.79038,6.23223,6.44588,6.01778,4.65132,6.44421,8.04565,6.21247
-0.249388,6.75048,4.57482,5.84883,8.32906,11.1754,8.11519,6.20273,10.3238,6.80132
8.73694,5.62766,2.35708,10.1216,7.32557,11.5231,12.0947,7.13152,6.11531,5.71822


