========================================================

Test10 results 11-23-2004  16:46:24
Board ID258  30 channels
HV Tests Software Ver.1.4

+5V 2507 - O'k
-5V 1305 - O'k
Interlock - On

Voltmeter channel: A=1.081666, B=11.898364

A:
1.078167,1.075847,1.066098,1.083424,1.040583,1.076426,1.084011,1.072386,1.075269,1.072386
1.068376,1.073537,1.075847,1.068376,1.062699,1.071237,1.074691,1.079331,1.082837,1.068947
1.086366,1.072961,1.072961,1.075847,1.076426,1.075847,1.075847,1.081666,1.06553,1.073537


B:
4.312799,7.530788,8.528736,4.33371,21.852047,6.458547,6.504067,12.868753,15.053588,5.362052
2.136767,7.514596,8.606635,8.547024,13.815306,9.640962,8.597414,8.634694,12.994219,9.620563
14.122935,8.583851,3.219044,4.303246,5.382121,7.530788,15.061719,7.571701,15.983099,3.220447
========================================================

Test10 results 01-13-2005  18:29:10
Board ID258  30 channels
HV Tests Software Ver.1.6

+5V 2509 - O'k
-5V 1311 - O'k
Interlock - On

Voltmeter channel: A=1.082251, B=9.740297

A:
Limits 1.1 +/- 0.1
1.077006,1.074691,1.064963,1.081666,1.074114,1.075847,1.082837,1.071811,1.075847,1.072386
1.068947,1.072961,1.073537,1.067236,1.062699,1.056524,1.074114,1.078167,1.083424,1.068947
1.086366,1.074114,1.071811,1.075269,1.075847,1.076426,1.075847,1.081081,1.073537,1.073537


B:
Limits 0.0 +/- 30.0
6.461817,9.672105,12.779484,16.225027,10.741177,8.606635,7.580034,12.861896,12.910025,5.362052
3.862381e-005,8.583851,11.808746,11.739713,12.752606,10.565231,9.667063,9.703633,11.917675,8.551615
13.03657,5.370607,6.431027,5.376168,5.379094,5.382121,15.061719,7.567746,9.661671,2.14691
