========================================================

Test11 results 11-23-2004  16:47:47
Board ID258  30 channels
HV Tests Software Ver.1.4

+5V 2509 - O'k
-5V 1306 - O'k
Interlock - On
Calibration DAC Range: [2500 - 2900]


A:
0.743494,0.746269,0.754717,0.738007,0.770713,0.746269,0.740741,0.747664,0.746269,0.747664
0.749064,0.746269,0.746269,0.749064,0.756144,0.750469,0.746269,0.744879,0.740741,0.75188
0.739372,0.749064,0.747664,0.749064,0.746269,0.747664,0.747664,0.740741,0.756144,0.744879


B:
72.717133,66.58654,55.730721,77.571907,56.943558,64.259552,66.385544,63.37085,61.850941,72.997383
79.100647,69.546837,62.65369,73.495651,57.928905,60.344105,65.784157,61.103207,64.709473,63.582138
59.848824,62.247448,71.479973,73.69426,64.259552,58.878483,51.719639,68.510651,46.85535,82.727066
========================================================

Test11 results 01-13-2005  18:30:32
Board ID258  30 channels
HV Tests Software Ver.1.6

+5V 2510 - O'k
-5V 1311 - O'k
Interlock - On
Calibration DAC Range: [2500 - 2900]


A:
Limits 0.76 +/- 0.04
0.743494,0.744879,0.754717,0.742115,0.747664,0.747664,0.740741,0.747664,0.744879,0.744879
0.75188,0.746269,0.749064,0.750469,0.754717,0.759013,0.749064,0.743494,0.740741,0.750469
0.738007,0.749064,0.747664,0.750469,0.746269,0.747664,0.746269,0.740741,0.747664,0.747664


B:
Limits 70.0 +/- 30.0
71.836777,70.180511,55.637672,56.096386,60.405205,57.270531,66.977631,63.205841,66.899658,82.727066
66.702187,69.463936,56.451347,68.903778,62.392353,64.531647,55.006252,65.502556,63.837803,67.300049
65.827209,61.273811,71.306198,67.584595,65.784157,57.270531,56.154816,68.368507,59.521004,70.590843
