========================================================

Test10 results 01-18-2006  14:21:01
Board ID148  36 channels
HV Tests Software Ver.1.6

+5V 2481 - O'k
-5V 1278 - O'k
Interlock - On

Voltmeter channel: A=1.048768, B=16.780329

A:
Limits 1.1 +/- 0.1
1.077006,1.078749,1.079331,1.078749,1.084011,1.082837,1.072386,1.079914,1.082837,1.086957,1.054852,1.091107
1.074691,1.085187,1.076426,1.078749,1.084599,1.077006,1.077586,1.082251,1.080497,1.073537,1.082251,1.077006
1.070664,1.079914,1.079331,1.079331,1.079914,1.082251,1.067806,1.087548,1.078749,1.081081,1.088139,1.078749


B:
Limits 0.0 +/- 35.0
5.384811,7.55105,5.396702,7.55105,6.504067,7.580034,6.434438,4.31962,7.580034,5.434859,6.32894,12.002132
5.373341,5.425929,7.534973,6.472301,8.676929,5.384811,9.698398,5.411294,7.563487,4.293984,7.575796,6.461817
7.494653,6.479447,7.555364,7.555364,6.479447,5.411294,7.474683,6.525431,6.472301,8.648827,5.440646,4.314804
========================================================
Test10 (ADC Calibration) results 2007-10-25 16:17:32
Board ID148 36 channels
Linux calibration software

Voltmeter channel: A=1.04917, B=15.1077

A:
1.07695,1.07874,1.07959,1.07949,1.08392,1.08315,1.07218,1.07949,1.08325,1.0867,1.05479,1.09188
1.07401,1.08548,1.07716,1.07953,1.08548,1.07624,1.07813,1.08223,1.08122,1.0731,1.08274,1.07708
1.07076,1.0802,1.0798,1.08,1.0802,1.08258,1.06819,1.08696,1.07807,1.08168,1.08816,1.07766


B:
0.960545,3.66402,0.711762,2.23939,2.94879,3.23431,2.84964,1.43934,3.27309,2.24423,2.0684,6.32537
2.74732,1.20679,1.78167,1.78849,3.7779,3.00924,6.63045,3.18569,0.746294,0.898646,2.74611,2.98885
3.85316,2.10453,3.33578,3.27996,1.94413,0.431471,2.81879,5.20322,3.70841,4.15916,0.531505,0.297472


========================================================
Test10 (ADC Calibration) results 2008-06-17 15:59:19
Board ID148 36 channels
Linux calibration software

Voltmeter channel: A=1.07, B=0

A:
1.09405,1.09642,1.09688,1.09587,1.10203,1.10055,1.08897,1.09633,1.10046,1.10342,1.06662,1.10221
1.09114,1.09441,1.09359,1.09642,1.10249,1.09305,1.09542,1.09899,1.0977,1.07905,1.09991,1.0945
1.08708,1.09688,1.0978,1.09615,1.09624,1.09835,1.08493,1.10434,1.07808,1.10055,1.10546,1.09487


B:
0.785852,3.41478,2.99371,3.26261,2.65965,3.7933,3.08597,2.40267,3.43781,3.59434,6.3259,13.2924
2.38326,9.86076,4.05024,2.53746,3.78002,3.2417,4.77861,3.4695,2.89316,10.1296,2.40445,3.20992
4.62234,2.99371,3.90655,5.20204,3.80284,3.62053,3.58204,4.51361,15.7782,3.7933,3.49597,1.12188


