========================================================

Test11 results 01-18-2006  14:16:12
Board ID148  36 channels
HV Tests Software Ver.1.6

+5V 2480 - O'k
-5V 1277 - O'k
Interlock - On
Calibration DAC Range: [2500 - 2900]


A:
Limits 0.76 +/- 0.04
0.756144,0.753296,0.754717,0.753296,0.749064,0.750469,0.759013,0.75188,0.750469,0.749064,0.772201,0.743494
0.757576,0.750469,0.757576,0.754717,0.749064,0.759013,0.754717,0.75188,0.754717,0.756144,0.75188,0.754717
0.760456,0.756144,0.75188,0.753296,0.75188,0.750469,0.761905,0.747664,0.756144,0.75188,0.750469,0.753296


B:
Limits 60.0 +/- 40.0
61.916195,68.84346,63.501579,66.599571,69.391899,67.152008,63.365887,71.209976,68.056747,64.869354,62.213097,69.688705
63.466972,62.543293,56.641949,64.315811,67.945892,54.31295,64.118286,64.897194,59.816437,73.491875,63.362965,69.608231
64.165764,57.421978,71.828766,65.78614,71.017227,72.651543,66.348717,67.731796,58.955311,64.990448,68.072327,71.994019
========================================================
Test11 (DAC Calibration) results 2007-10-25 16:17:32
Board ID148 36 channels
Linux calibration software
Calibration DAC Range: [1100 - 2700]

A:
0.754148,0.752516,0.752304,0.752375,0.748923,0.749836,0.757504,0.752375,0.749766,0.747384,0.769601,0.74384
0.756215,0.748223,0.754006,0.752729,0.748223,0.754646,0.752941,0.750469,0.751174,0.756859,0.750117,0.753296
0.75851,0.75188,0.752162,0.752021,0.75188,0.75061,0.759951,0.746826,0.753367,0.750469,0.750188,0.75365


B:
75.1132,75.2233,76.1144,74.9649,75.7721,74.2244,74.491,75.5668,75.8201,75.7845,77.2006,72.7568
74.5722,74.9345,75.3063,74.7837,74.6351,75.1909,72.9882,74.2589,76.9013,75.9696,74.5899,78.6817
76.1637,76.6918,74.953,74.9954,75.188,76.6187,76.6504,74.9064,74.6681,74.8593,76.7443,78.05


========================================================
Test11 (ADC Calibration) results 2008-06-17 18:39:44
Board ID148 36 channels
Linux calibration software

Calibration DAC Range: [1000 - 3500]

A:
0.7416,0.7404,0.74,0.7404,0.736,0.7372,0.7448,0.7404,0.7376,0.7356,0.7616,0.736
0.7436,0.742,0.7424,0.7404,0.736,0.7428,0.7408,0.7384,0.7392,0.752,0.7372,0.7408
0.7456,0.74,0.7392,0.7408,0.7408,0.7392,0.7484,0.7348,0.7528,0.7368,0.7384,0.7408


B:
76.4001,75.5999,76,75.5999,78,75.7999,77.2001,76.5999,76.3999,76.4,72.3999,70
76.4,69.0001,73.6,75.5999,76,75.2,75.1999,75.6001,76.8,71.0001,77.7999,79.1999
78.4001,78,75.8,74.1999,74.1999,75.8,75.6001,76.2001,67.2,76.2,74.6001,79.1999


========================================================
Test11 (ADC Calibration) results 2008-07-16 22:38:23
Board ID148 36 channels
Linux calibration software

Calibration DAC Range: [1000 - 3500]

A:
0.7408,0.7396,0.7392,0.7404,0.7356,0.7368,0.7448,0.74,0.7364,0.7352,0.7636,0.7416
0.7436,0.748,0.7412,0.74,0.7356,0.7424,0.74,0.738,0.7388,0.7536,0.7376,0.7408
0.7456,0.7396,0.738,0.74,0.74,0.7424,0.7488,0.7344,0.7564,0.7364,0.7388,0.7408


B:
78.1999,76.4,75.8,75.5999,77.4,75.2,77.2001,76,77.6,76.8,72.4,65.4001
76.4,66.9999,76.8001,76,76.4,75.6,76,76.0001,77.2,69.4,77.3999,78.1999
78.4001,77.4,76.0001,75,76,73.6,77.2001,76.6001,71.6,76.6,75.2,79.1999


