========================================================

Test15 results 12-30-2004  12:54:02
Board ID005  8 channels
HV Tests Software Ver.1.6


A:
Limits 1.45 +/- 2.0
1.428571,1.433692,1.449275,1.452433,1.441961,1.43472,1.439885,1.43575


B:
Limits 0.0 +/- 160.0
8.571333,-10.035797,-3.33786e-005,-4.357425,5.767891,-10.043177,10.079269,10.050398
========================================================
Test15 (Master ADC Calibration) results 2008-04-03 20:03:35
Board ID5 7 channels
Linux calibration software


A:
1.42857,1.43678,1.45349,1.45879,1.44404,1.43781,1.44509,1.44718

B:
5.7142,-11.7817,-3.77901,-11.8163,5.05426,-10.2084,8.09245,9.8408

========================================================
Test15 (Master ADC Calibration) results 2008-07-03 10:42:47
Board ID5 7 channels
Linux calibration software


A:
1.42487,1.43229,1.44889,1.45349,1.43979,1.43304,1.4413,1.44661

B:
6.86522,-8.33323,1.71239,-7.26738,7.98421,-5.99259,11.2683,13.4141

========================================================
Test15 (Master ADC Calibration) results 2008-08-27 14:03:28
Board ID5 7 channels
Linux calibration software


A:
1.42192,1.42931,1.44509,1.45195,1.43753,1.4308,1.43753,1.4413

B:
6.07538,-9.09555,1.44505,-9.10769,8.10248,-7.28414,10.9775,15.5922

========================================================
Test15 (ADC Calibration) results 2009-04-02 08:57:43
Board ID005 8 channels
Host: ufcmshv3
Linux calibration software

A:
1.45268,1.43742,1.44493,1.40449,1.43551,1.40738,1.42419,1.44669


B:
2.88303,-12.5167,-2.7787,-12.9213,4.61574,-11.0642,7.90974,9.30338


