========================================================

Test16 results 12-30-2004  12:55:29
Board ID005  8 channels
HV Tests Software Ver.1.6
Calibration DAC Range: [1000 - 2300]


A:
Limits 0.57 +/- 0.1
0.568679,0.565217,0.566449,0.568928,0.563258,0.564726,0.565217,0.565709


B:
Limits 50.0 +/- 60.0
40.70892,43.179337,34.204769,23.460829,47.778137,44.333218,39.944378,39.597755
========================================================
Test16 (Master DAC Calibration) results 2008-04-03 20:03:35
Board ID5 7 channels
Linux calibration software
Calibration DAC Range: [1000 - 2300]

A:
0.566414,0.563738,0.567009,0.570008,0.563643,0.563544,0.565217,0.567538

B:
42.9229,44.0748,30.8103,19.5538,44.3714,44.6085,37.9872,28.3676

