========================================================

Test15 results 07-11-2005  14:41:03
Board ID020  8 channels
HV Tests Software Ver.1.6


A:
Limits 1.45 +/- 2.0
1.43575,1.436782,1.451379,1.445087,1.444043,1.445087,1.443001,1.430615


B:
Limits 0.0 +/- 160.0
10.050398,-7.184008,1.451344,7.225399,14.440551,-5.780381,8.658156,4.291783
========================================================
Test15 (Master ADC Calibration) results 2008-02-13 18:40:31
Board ID20 7 channels
Linux calibration software


A:
1.43575,1.443,1.45243,1.45033,1.44718,1.45455,1.44718,1.43266

B:
2.44091,-10.9667,0.43561,7.39666,8.39362,-10.9092,5.49927,-0.859587

========================================================
Test15 (Master ADC Calibration) results 2008-06-15 16:47:45
Board ID20 7 channels
Linux calibration software


A:
1.43304,1.44737,1.44737,1.45426,1.44509,1.40809,1.44661,1.42709

B:
4.03868,-8.81569,4.21062,9.65097,8.67049,12.9288,9.07431,-3.24338

========================================================
Test15 (Master ADC Calibration) results 2008-07-06 12:40:27
Board ID20 7 channels
Linux calibration software


A:
1.43229,1.45042,1.44813,1.45426,1.44281,1.36884,1.41753,1.42561

B:
5.98969,-8.04322,5.13425,9.65097,13.1164,30.8611,30.4124,-0.777573

========================================================
Test15 (Master ADC Calibration) results 2008-09-04 16:42:45
Board ID20 7 channels
Linux calibration software


A:
1.42192,1.44509,1.45349,1.46199,1.42783,1.43155,1.43453,1.43006

B:
14.6069,-7.22547,4.36052,10.2339,10.5139,-6.37695,10.1722,3.25022

