========================================================

Test16 results 07-11-2005  14:43:16
Board ID020  8 channels
HV Tests Software Ver.1.6
Calibration DAC Range: [1000 - 2300]


A:
Limits 0.57 +/- 0.1
0.566696,0.568182,0.566449,0.564236,0.564726,0.564481,0.565956,0.568679


B:
Limits 50.0 +/- 60.0
42.980606,42.77235,35.025677,45.49987,41.910656,42.891155,41.894444,39.124783
========================================================
Test16 (Master DAC Calibration) results 2008-02-13 18:40:31
Board ID20 7 channels
Linux calibration software
Calibration DAC Range: [1000 - 2300]

A:
0.566544,0.565821,0.564273,0.563884,0.564401,0.564593,0.564969,0.568048

B:
44.4812,45.8609,42.17,44.7093,44.6846,40.8907,43.8869,42.4565

========================================================
Test16 (Master DAC Calibration) results 2008-06-15 16:47:45
Board ID20 7 channels
Linux calibration software
Calibration DAC Range: [1000 - 2200]

A:
0.571046,0.563394,0.564315,0.561031,0.564898,0.579267,0.565304,0.569543

B:
35.6643,48.4569,43.9619,49.3041,47.3472,36.7192,43.3099,45.6838

