========================================================

Test10 results 07-23-2006  19:11:43
Board ID334  30 channels
HV Tests Software Ver.1.6.1

+5V 2498 - O'k
-5V 1301 - O'k
Interlock - On

Voltmeter channel: A=1.077586, B=11.85357

A:
Limits 1.1 +/- 0.1
1.069519,1.075269,1.066667,1.068947,1.071811,1.074691,1.071811,1.078749,1.078749,1.074691
1.084011,1.078167,1.081081,1.084599,1.071237,1.086957,1.074114,1.082837,1.070091,1.075269
1.077006,1.071811,1.088732,1.078749,1.074114,1.069519,1.077586,1.085776,1.067806,1.071237


B:
Limits 0.0 +/- 30.0
11.764822,11.827781,15.999792,13.896351,15.005518,15.04556,21.436386,12.944794,11.866045,13.970869
13.008133,16.172636,16.216394,16.269119,10.712199,13.043554,22.556429,10.828545,10.700718,12.903049
17.231876,15.005518,16.330906,11.866045,15.037632,11.764822,15.086329,11.943543,17.084934,12.854673
========================================================
Test10 (ADC Calibration) results 2007-12-07 10:50:42
Board ID334 30 channels
Linux calibration software

Voltmeter channel: A=1.06549, B=-1527.64

A:
1.06737,1.07372,1.0656,1.06637,1.07058,1.07352,1.07242,1.07663,1.07703,1.07222
1.08128,1.07623,1.07904,1.08285,1.06891,1.08435,1.07308,1.0807,1.06603,1.07161
1.07647,1.07068,1.08706,1.07611,1.07225,1.06617,1.07529,1.08375,1.06617,1.0682


B:
5.64422,5.52154,8.15792,8.84732,7.52094,8.24913,12.1748,8.15705,6.52448,9.42935
8.68732,10.3419,11.3016,10.748,5.48855,9.04017,14.6774,6.91243,9.46953,11.1924
8.73308,9.52333,9.69324,8.95079,8.71104,9.10215,9.28492,6.71983,11.9698,9.58466


