========================================================

Test11 results 07-23-2006  19:13:10
Board ID334  30 channels
HV Tests Software Ver.1.6.1

+5V 2499 - O'k
-5V 1300 - O'k
Interlock - On
Calibration DAC Range: [2500 - 2900]


A:
Limits 0.76 +/- 0.04
0.75188,0.746269,0.754717,0.75188,0.747664,0.744879,0.75188,0.746269,0.747664,0.746269
0.740741,0.746269,0.743494,0.740741,0.749064,0.738007,0.746269,0.743494,0.750469,0.749064
0.746269,0.750469,0.738007,0.75188,0.749064,0.749064,0.747664,0.739372,0.75188,0.75188


B:
Limits 60.0 +/- 30.0
66.177559,69.796265,56.910152,65.991974,71.479973,74.265701,52.764141,59.832047,56.057037,68.993881
66.245392,59.675903,61.713928,63.975426,69.133492,69.902107,65.703079,62.812286,69.888947,59.833836
59.675903,61.409161,64.540382,54.61153,60.638313,73.58654,58.475445,67.749413,62.687813,60.638317
========================================================
Test11 (DAC Calibration) results 2007-12-07 10:50:42
Board ID334 30 channels
Linux calibration software
Calibration DAC Range: [1100 - 2700]

A:
0.751385,0.747314,0.753012,0.752092,0.749134,0.747454,0.748223,0.745295,0.745018,0.748363
0.742459,0.745573,0.743633,0.741015,0.75068,0.739987,0.747384,0.742115,0.75195,0.748783
0.745782,0.749064,0.738144,0.749415,0.748713,0.752233,0.745851,0.740398,0.752233,0.751174


B:
79.6187,78.4213,75.6022,78.8098,79.8295,77.1842,73.438,75.6659,77.6868,75.4911
73.1786,74.8369,73.3409,74.5832,76.8227,75.8579,73.6922,80.334,78.8513,74.1669
72.3128,77.5281,76.1948,75.5504,74.7123,76.2106,77.7365,76.7699,72.4494,76.1501


========================================================
Test11 (DAC Calibration) results 2008-04-03 10:51:35
Board ID334 30 channels
Linux calibration software
Calibration DAC Range: [1100 - 2700]

A:
0.751527,0.747733,0.75287,0.751527,0.748994,0.747314,0.749977,0.745226,0.745018,0.748153
0.742459,0.745434,0.743633,0.740878,0.750751,0.740124,0.747175,0.742115,0.751527,0.748503
0.745851,0.749064,0.737871,0.749274,0.750821,0.752233,0.745851,0.740329,0.752233,0.750892


B:
79.427,77.8484,76.0964,80.1785,80.4699,77.674,71.7822,76.0596,77.8358,76.2275
73.1786,75.3261,73.4896,75.0695,76.7267,75.9643,74.129,80.334,79.427,75.7486
72.217,77.5281,77.3104,76.3418,68.3716,76.2106,78.0347,77.0128,72.4494,77.1353


========================================================
Test11 (ADC Calibration) results 2008-06-17 18:39:44
Board ID334 30 channels
Linux calibration software

Calibration DAC Range: [1000 - 3500]

A:
0.7396,0.736,0.7584,0.74,0.7372,0.7364,0.74,0.7344,0.734,0.7364
0.7308,0.734,0.732,0.7288,0.7392,0.7284,0.7352,0.7332,0.7404,0.7368
0.7348,0.7372,0.7272,0.7384,0.7392,0.7404,0.734,0.7288,0.7404,0.7396


B:
80.4,78,62.5999,80,80.7999,76.6,72,74.6001,76.9999,76.6
74.2001,74.9999,74,77.2,76.8,76.6,73.8,77.7999,79.5999,75.2
71.2001,78.7999,75.8001,75.6001,69.8,76.5999,77.9999,77.2,73.5999,76.4


========================================================
Test11 (ADC Calibration) results 2008-07-16 22:38:23
Board ID334 30 channels
Linux calibration software

Calibration DAC Range: [1000 - 3500]

A:
0.7392,0.7356,0.76,0.7396,0.7372,0.7356,0.742,0.7336,0.7328,0.736
0.7296,0.7336,0.7312,0.7288,0.7388,0.728,0.7344,0.7444,0.7392,0.736
0.7336,0.7368,0.7268,0.7368,0.738,0.74,0.7336,0.7288,0.74,0.7392


B:
80.8,78.4,70,80.4,80.7999,77.4,71.0001,75.3999,78.2,77
76.4,75.3999,75.8001,76.2,77.2,77.0001,74.6001,72.5999,80.8,77
73.3999,78.2,76.1999,77.2,72.0001,77,78.3999,77.2,74,76.8


========================================================
Test11 (ADC Calibration) results 2008-07-20 18:58:34
Board ID334 30 channels
Linux calibration software

Calibration DAC Range: [1000 - 3500]

A:
0.7396,0.736,0.7612,0.74,0.7364,0.7356,0.7428,0.7336,0.7332,0.736
0.7304,0.7336,0.7312,0.7284,0.7388,0.728,0.7348,0.7424,0.74,0.7364
0.7332,0.7368,0.7268,0.7372,0.7388,0.7408,0.7332,0.7288,0.7404,0.7392


B:
79.4,77,68.8,79,81.6,77.4,69.2,75.3999,76.7999,77
73.5999,75.3999,74.8001,76.6,76.2,76.0001,73.2001,70.6,79,75.6
74.7999,79.2,76.1999,76.7999,70.2,75.1999,78.7999,76.2,73.5999,76.8


========================================================
Test11 (ADC Calibration) results 2008-07-24 15:42:31
Board ID334 30 channels
Linux calibration software

Calibration DAC Range: [1000 - 3500]

A:
0.7392,0.736,0.7608,0.74,0.7372,0.736,0.7424,0.7336,0.7332,0.736
0.7304,0.7332,0.7316,0.7284,0.7388,0.728,0.7348,0.7436,0.74,0.736
0.7336,0.7372,0.7264,0.7372,0.738,0.7404,0.7332,0.7284,0.74,0.7388


B:
79.8,77,67.2,79,79.7999,76,69.6,75.3999,76.7999,76
73.5999,75.7999,74.4,76.6,76.2,76.0001,73.2001,74.4,79,76
72.3999,77.7999,76.5999,76.7999,71.0001,75.5999,78.7999,77.6,74,77.2


========================================================
Test11 (ADC Calibration) results 2009-02-18 15:05:23
Board ID334 30 channels
Host: ufcmshv3
Linux calibration software

Calibration DAC Range: [1000 - 3500]

A:
0.7632,0.7692,0.7604,0.7544,0.7656,0.758,0.7648,0.7592,0.7628,0.7608
0.7652,0.7556,0.7552,0.7868,0.7628,0.7608,0.7564,0.7536,0.7652,0.766
0.7616,0.7676,0.7636,0.7528,0.7492,0.7632,0.7576,0.7656,0.7604,0.7608


B:
79.8,74.7999,74.6,78.5999,79.3999,75.9999,73.2,72.8001,76.2001,75.2
73.7999,75.4001,73.7999,69.1999,74.2001,76.2,74.6,79.4,77.7999,76.0001
70.3999,78.4,75.4,75.2,71.8,74.8,76.4,76.3999,74.6,64.2


========================================================
Test11 (ADC Calibration) results 2009-02-18 15:48:40
Board ID334 30 channels
Host: ufcmshv3
Linux calibration software

Calibration DAC Range: [1000 - 3500]

A:
0.7636,0.7688,0.7604,0.7544,0.7648,0.758,0.7648,0.7592,0.7628,0.7604
0.7648,0.7556,0.7544,0.7476,0.7624,0.7608,0.7556,0.7532,0.7652,0.766
0.7608,0.7672,0.7636,0.7532,0.7496,0.7632,0.7572,0.7656,0.76,0.7608


B:
78.4,76.1999,74.6,77.5999,81.2,75.9999,73.2,72.8001,76.2001,75.6
75.2,75.4001,76.5999,74.3999,74.6001,75.2,76.4001,80.8,77.7999,75.0001
72.2,79.8,75.4,73.8,70.4,74.8,76.8,76.3999,75,63.2


========================================================
Test11 (ADC Calibration) results 2009-02-20 11:01:23
Board ID334 30 channels
Host: ufcmshv3
Linux calibration software

Calibration DAC Range: [1000 - 3500]

A:
0.7632,0.7688,0.7604,0.7544,0.7656,0.7576,0.7644,0.7592,0.7628,0.7604
0.7656,0.7556,0.7548,0.748,0.762,0.7608,0.7564,0.7532,0.7648,0.7664
0.7604,0.7668,0.764,0.7528,0.75,0.7632,0.7572,0.766,0.7604,0.7492


B:
79.8,77.1999,75.6,78.5999,79.3999,77.4,74.6,73.8001,76.2001,76.6
74.3999,76.4001,76.1999,73.9999,75.9999,76.2,74.6,80.8,79.2,75.6001
74.6,81.2001,75,76.2,70,75.8,77.8,76.0001,74.6,70.8


