========================================================

Test11 results 12-17-2006  14:32:27
Board ID359  30 channels
HV Tests Software Ver.1.6.8

+5V 2498 - O'k
-5V 1319 - O'k
Interlock - On
Calibration DAC Range: [2500 - 2900]
Number of Samples: 400

A:
Limits 0.76 +/- 0.04
0.749064,0.753296,0.750469,0.756144,0.747664,0.747664,0.742115,0.747664,0.756144,0.753296
0.75188,0.753296,0.750469,0.750469,0.753296,0.750469,0.753296,0.743494,0.749064,0.75188
0.749064,0.740741,0.757576,0.750469,0.753296,0.750469,0.754717,0.750469,0.754717,0.750469


B:
Limits 60.0 +/- 30.0
59.142563,61.927338,59.949997,62.337097,60.576786,63.003044,63.309723,63.728256,56.673218,50.612453
53.453793,59.160961,61.392307,63.275623,50.524361,61.392307,55.11549,62.598824,67.868347,59.835041
59.783363,66.353539,54.037781,53.589882,53.318321,67.323502,51.003975,58.967571,53.338512,57.608631
========================================================
Test11 (DAC Calibration) results 2008-01-29 05:59:13
Board ID359 30 channels
Linux calibration software
Calibration DAC Range: [1100 - 2700]

A:
1.02367,1.01911,1.02302,1.01279,1.02551,1.02393,1.03,1.0242,1.01729,1.02564
1.02683,1.0195,1.02263,1.01885,1.02577,1.02289,1.02669,1.03093,1.01704,1.02145
1.02643,1.0292,1.0195,1.0263,1.02815,1.01587,1.02656,1.02512,1.02446,1.02446


B:
-309.802,-296.178,-306.445,-275.566,-314.178,-309.753,-327.99,-310.523,-290.641,-314.769
-317.841,-295.693,-306.11,-294.396,-314.54,-306.47,-313.758,-329.691,-289.067,-302.247
-317.501,-326.065,-298.139,-317.113,-321.925,-285.651,-316.861,-313.224,-311.909,-310.68


========================================================
Test11 (DAC Calibration) results 2008-03-20 06:22:12
Board ID359 30 channels
Linux calibration software
Calibration DAC Range: [1100 - 2700]

A:
0.748923,0.753225,0.751174,0.755786,0.748223,0.748293,0.742666,0.748573,0.755572,0.752092
0.752304,0.752941,0.751527,0.750117,0.752729,0.751456,0.754006,0.744948,0.749064,0.752658
0.750117,0.741771,0.758294,0.749766,0.75543,0.75068,0.75068,0.751174,0.756644,0.750399


B:
68.2829,67.781,67.1361,72.8862,68.2005,69.6005,69.922,68.4663,66.9815,62.4142
60.7671,69.2235,66.651,73.0896,61.8368,66.7481,61.7342,66.6077,76.779,66.6007
64.0882,71.9054,60.379,64.5736,55.2409,76.0721,63.7608,64.1314,57.0416,66.7009


========================================================
Test11 (ADC Calibration) results 2008-06-19 12:56:33
Board ID359 30 channels
Linux calibration software

Calibration DAC Range: [1000 - 3500]

A:
0.738,0.744,0.7396,0.7448,0.7364,0.7372,0.7264,0.7364,0.7444,0.7392
0.7392,0.742,0.74,0.7384,0.7412,0.74,0.7428,0.734,0.7376,0.7412
0.7388,0.7304,0.7472,0.738,0.744,0.7392,0.748,0.7396,0.7456,0.7716


B:
69.0001,66.9999,68.4,73.2001,68.6,70.7999,71.5999,69.6,66.5999,64.8
61.8,70.0001,69,73.6001,61.8001,69,62.2,66.9999,78.3999,66.8001
65.2,73.5999,60.8,64.0001,54.9999,76.8,54.9999,64.4,55.4001,61.4


========================================================
Test11 (ADC Calibration) results 2008-07-06 17:26:00
Board ID359 30 channels
Linux calibration software

Calibration DAC Range: [1000 - 3500]

A:
0.7376,0.7448,0.7396,0.7448,0.7364,0.7372,0.7256,0.7364,0.7444,0.7396
0.7392,0.7424,0.74,0.738,0.7412,0.7404,0.7424,0.734,0.7376,0.7412
0.7384,0.7304,0.7472,0.738,0.744,0.7388,0.7508,0.7392,0.7456,0.7688


B:
69.3999,67.2001,68.4,73.2001,68.6,70.7999,72.4,69.6,66.5999,64.4
61.8,69.6,69,75.0001,61.8001,68.5999,63.6,66.9999,78.3999,66.8001
65.6001,73.5999,60.8,64.0001,55.9999,78.2,59.2,64.8,55.4001,38.1999


========================================================
Test11 (ADC Calibration) results 2008-07-17 10:58:43
Board ID359 30 channels
Linux calibration software

Calibration DAC Range: [1000 - 3500]

A:
0.7376,0.7448,0.7388,0.7444,0.736,0.7368,0.7248,0.736,0.7436,0.7396
0.7388,0.742,0.74,0.7376,0.7508,0.74,0.7424,0.7328,0.7376,0.7408
0.738,0.73,0.7468,0.7372,0.7436,0.7388,0.7488,0.7388,0.7456,0.7724


B:
69.3999,67.2001,69.2,73.5999,69,70.2,73.2,70,67.4,63.4
61.2,69.0001,68,75.3999,51.2,68,62.6,69.2,78.3999,68.1999
66.0001,73.9999,61.2,64.7999,56.4,77.2,60.2001,65.2,54.4001,64.5999


========================================================
Test11 (ADC Calibration) results 2008-07-20 18:37:46
Board ID359 30 channels
Linux calibration software

Calibration DAC Range: [1000 - 3500]

A:
0.7376,0.7452,0.7392,0.7444,0.736,0.7368,0.7252,0.7356,0.744,0.7392
0.7388,0.7424,0.7396,0.7376,0.756,0.7396,0.7424,0.7336,0.7372,0.7404
0.7384,0.73,0.7468,0.7376,0.744,0.7388,0.7524,0.7388,0.7456,0.7732


B:
69.3999,66.8001,68.8,73.5999,69,71.2,71.8,70.4,66.9999,64.8
62.2,68.6,69.4,75.3999,47.0001,69.4,63.6,67.3999,78.7999,68.5999
65.6001,73.9999,61.2,64.3999,55.9999,77.2,57.6001,66.2,54.4001,62.8001


========================================================
Test11 (ADC Calibration) results 2008-07-24 23:03:59
Board ID359 30 channels
Linux calibration software

Calibration DAC Range: [1000 - 3500]

A:
0.7372,0.7452,0.7392,0.7444,0.7356,0.7364,0.7252,0.7356,0.744,0.7392
0.7388,0.7424,0.7396,0.7376,0.7576,0.74,0.7424,0.7332,0.7372,0.7408
0.738,0.73,0.7468,0.7376,0.7436,0.7384,0.7504,0.7384,0.7452,0.7724


B:
70.7999,66.8001,68.8,73.5999,69.4,71.6,71.8,70.4,66.9999,64.8
62.2,68.6,69.4,75.3999,45.4,68,63.6,68.7999,78.7999,67.1999
66.0001,73.9999,61.2,64.3999,56.4,77.6001,61.6,66.6001,55.8001,64.5999


========================================================
Test11 (ADC Calibration) results 2008-08-13 01:14:42
Board ID359 30 channels
Linux calibration software

Calibration DAC Range: [1000 - 3500]

A:
0.7372,0.7448,0.7388,0.744,0.7352,0.7372,0.7224,0.7352,0.7436,0.7384
0.7376,0.7416,0.74,0.7372,0.7572,0.7396,0.742,0.7328,0.7372,0.7404
0.7384,0.7296,0.7468,0.7364,0.7436,0.7384,0.748,0.7384,0.7456,0.7708


B:
70.7999,68.2001,69.2,74.9999,69.8,69.7999,71.6,69.8,67.4,64.6001
62.3999,69.4001,68,74.7999,45.8,69.4,63.0001,69.2,78.7999,68.5999
64.6001,74.4,61.2,65.6,56.4,78.6001,59.9999,65.6001,55.4001,61.2


========================================================
Test11 (DAC Calibration) results 2008-08-27 10:32:52
Board ID359 30 channels
Linux calibration (server mode)

Calibration DAC Range: [3100 - 3500]

A:
0.755429,0.763143,0.756857,0.763429,0.753143,0.755143,0.738286,0.753143,0.761429,0.754857
0.753143,0.759714,0.757429,0.756857,0.756286,0.757714,0.758571,0.751143,0.758286,0.758286
0.754857,0.749429,0.762857,0.753429,0.757714,0.759143,0.761429,0.755429,0.759143,0.762


B:
0.0,0.0,0.0,0.0,0.0,0.0,0.0,0.0,0.0,0.0
0.0,0.0,0.0,0.0,0.0,0.0,0.0,0.0,0.0,0.0
0.0,0.0,0.0,0.0,0.0,0.0,0.0,0.0,0.0,0.0


========================================================
Test11 (ADC Calibration) results 2008-08-27 13:08:29
Board ID359 30 channels
Linux calibration software

Calibration DAC Range: [1000 - 3500]

A:
0.736,0.7448,0.7376,0.7432,0.7336,0.7352,0.718,0.734,0.742,0.7368
0.7356,0.74,0.738,0.736,0.7592,0.7384,0.7408,0.7312,0.7356,0.7392
0.7364,0.7284,0.7456,0.7352,0.742,0.7368,0.746,0.7372,0.744,0.7456


B:
69,65.2001,67.3999,71.8,68.3999,69.8,72,67.9999,67.0001,64.2
62.4,69,68.0001,73,40.8001,67.6001,62.1999,68.8001,78.4,66.8
64.6,73.6,60.4001,64.8,56.0001,77.2,59,64.7999,53.9999,54.4001


========================================================
Test11 (DAC Calibration) results 2008-08-28 18:58:21
Board ID359 30 channels
Linux calibration (server mode)

Calibration DAC Range: [3100 - 3500]

A:
0.7425,0.7475,0.7425,0.7475,0.745,0.7425,0.7275,0.745,0.745,0.74
0.7425,0.7475,0.7475,0.7475,0.765,0.7425,0.7475,0.74,0.74,0.745
0.745,0.735,0.75,0.74,0.7475,0.7475,0.75,0.74,0.7525,0.745


B:
75.2,87.7,81.2,85.7,60.5,74.2,68.7,68.5,86.5,83.0
68.2,73.7,65.7,64.7,58.5,84.2,69.7,68.0,93.0,76.5
65.5,79.5,74.0,77.0,65.7,71.7,85.0,84.0,55.3,67.5


========================================================
Test11 (DAC Calibration) results 2008-08-30 18:22:58
Board ID359 30 channels
Linux calibration (server mode)

Calibration DAC Range: [3100 - 3500]

A:
0.745,0.7525,0.75,0.7525,0.745,0.7475,0.7275,0.745,0.7525,0.7475
0.75,0.75,0.745,0.745,0.765,0.745,0.75,0.7425,0.745,0.7475
0.75,0.74,0.755,0.745,0.7525,0.7475,0.755,0.7475,0.7525,0.745


B:
76.5,78.3,64.0,78.3,68.5,66.7,75.7,76.5,71.3,66.7
52.0,74.0,82.5,80.5,62.5,83.5,69.0,69.2,85.5,76.7
58.0,72.0,67.5,69.5,59.3,79.7,72.5,67.7,64.3,75.5


========================================================
Test11 (DAC Calibration) results 2008-08-30 21:24:19
Board ID359 30 channels
Linux calibration (server mode)

Calibration DAC Range: [3100 - 3500]

A:
0.7275,0.735,0.7275,0.73,0.7225,0.725,0.7075,0.725,0.7325,0.725
0.7275,0.73,0.7275,0.7225,0.74,0.73,0.7325,0.7175,0.7225,0.7275
0.725,0.72,0.7325,0.725,0.7325,0.725,0.7325,0.7275,0.7325,0.7375


B:
64.7,67.5,69.7,84.0,75.2,72.5,75.8,76.5,68.2,72.5
57.7,72.0,71.7,86.2,79.0,64.0,58.2,83.8,90.2,74.7
72.5,71.0,72.2,66.5,56.2,85.5,83.2,65.7,60.2,56.7


========================================================
Test11 (DAC Calibration) results 2008-08-30 21:52:03
Board ID359 30 channels
Linux calibration (server mode)

Calibration DAC Range: [3100 - 3500]

A:
0.7425,0.7525,0.7475,0.7525,0.7425,0.75,0.725,0.7475,0.7475,0.7475
0.7475,0.75,0.75,0.75,0.7625,0.7475,0.75,0.7425,0.745,0.7475
0.7475,0.74,0.755,0.745,0.755,0.7525,0.7575,0.745,0.75,0.76


B:
85.2,79.3,72.7,79.3,77.2,59.0,84.5,75.7,87.7,66.7
60.7,75.0,67.0,65.0,72.3,75.7,70.0,70.2,84.5,77.7
66.7,73.0,66.5,69.5,50.5,63.3,70.8,76.5,73.0,61.0


========================================================
Test11 (DAC Calibration) results 2008-08-31 12:06:21
Board ID359 30 channels
Linux calibration (server mode)

Calibration DAC Range: [3100 - 3500]

A:
0.7425,0.7575,0.7475,0.7525,0.7425,0.75,0.73,0.7525,0.755,0.7475
0.7475,0.755,0.75,0.75,0.7625,0.7475,0.75,0.7425,0.75,0.7525
0.7475,0.74,0.755,0.745,0.75,0.7475,0.7575,0.745,0.75,0.75


B:
84.2,63.8,71.7,79.3,78.2,59.0,69.0,63.3,63.5,67.7
61.7,59.5,67.0,65.0,72.3,76.7,70.0,69.2,69.0,61.3
67.7,73.0,66.5,69.5,68.0,80.7,74.8,76.5,73.0,70.0


========================================================
Test11 (DAC Calibration) results 2008-08-31 16:15:26
Board ID359 30 channels
Linux calibration (server mode)

Calibration DAC Range: [3100 - 3500]

A:
0.745,0.7525,0.7475,0.7525,0.7425,0.75,0.73,0.7475,0.75,0.7525
0.7475,0.75,0.75,0.75,0.7625,0.7475,0.75,0.7425,0.745,0.7525
0.7425,0.74,0.755,0.745,0.75,0.7475,0.76,0.745,0.75,0.75


B:
77.5,79.3,72.7,79.3,77.2,59.0,69.0,73.7,79.0,51.3
60.7,75.0,67.0,65.0,72.3,75.7,70.0,70.2,86.5,61.3
84.2,73.0,66.5,69.5,68.0,79.7,63.0,76.5,73.0,74.0


========================================================
Test11 (DAC Calibration) results 2008-08-31 18:30:22
Board ID359 30 channels
Linux calibration (server mode)

Calibration DAC Range: [3100 - 3500]

A:
0.745,0.7525,0.7475,0.7525,0.7475,0.75,0.73,0.7475,0.75,0.7475
0.7425,0.75,0.75,0.75,0.7625,0.7525,0.75,0.7425,0.745,0.7525
0.7425,0.74,0.755,0.745,0.75,0.7475,0.76,0.745,0.75,0.75


B:
77.5,79.3,71.7,79.3,60.7,59.0,69.0,72.7,79.0,66.7
77.2,75.0,67.0,65.0,76.3,59.3,70.0,69.2,86.5,61.3
83.2,73.0,66.5,69.5,68.0,80.7,63.0,76.5,73.0,74.0


========================================================
Test11 (DAC Calibration) results 2008-09-01 15:18:47
Board ID359 30 channels
Linux calibration (server mode)

Calibration DAC Range: [3100 - 3500]

A:
0.7475,0.7525,0.7475,0.7525,0.7425,0.75,0.725,0.7475,0.75,0.7525
0.7425,0.75,0.75,0.75,0.755,0.7525,0.75,0.7375,0.745,0.7525
0.7475,0.74,0.755,0.745,0.75,0.7475,0.7575,0.745,0.7575,0.75


B:
68.7,79.3,72.7,79.3,77.2,59.0,84.5,73.7,79.0,50.3
76.2,75.0,67.0,65.0,83.5,59.3,70.0,85.7,86.5,61.3
66.7,73.0,66.5,69.5,68.0,79.7,65.8,76.5,46.8,76.0


========================================================
Test11 (ADC Calibration) results 2009-03-11 09:12:18
Board ID359 30 channels
Host: ufcmshv3
Linux calibration software

Calibration DAC Range: [1000 - 3500]

A:
0.7484,0.7652,0.7628,0.7696,0.7708,0.7688,0.7608,0.7612,0.7696,0.7636
0.7612,0.7608,0.7636,0.764,0.7596,0.7644,0.7652,0.7692,0.7608,0.7648
0.7596,0.7692,0.7712,0.7592,0.77,0.7636,0.7644,0.7668,0.7752,0.7612


B:
69.6001,68.7999,67.2001,73.4001,69.2,70.1999,70.2,69.8,66.4001,65.4
62.8,71.2,67.4,74,62.4001,69.6,64.7999,67.7999,78.2,66.2
65.4001,72.7999,60.8,63.8001,54.0001,76.4,68.6,66.2001,52.8,65.8


========================================================
Test11 (ADC Calibration) results 2009-03-11 09:30:23
Board ID359 30 channels
Host: ufcmshv3
Linux calibration software

Calibration DAC Range: [1000 - 3500]

A:
0.748,0.7648,0.7628,0.77,0.7708,0.7692,0.7608,0.7616,0.7696,0.7636
0.7616,0.7612,0.7636,0.7644,0.76,0.7644,0.7652,0.7692,0.7616,0.7652
0.76,0.7692,0.7716,0.7588,0.7692,0.7632,0.7648,0.7672,0.7748,0.7616


B:
69.9999,70.2,67.2001,72.0001,68.2,68.7999,70.2,68.3999,66.4001,65.4
62.3999,69.8,67.4,73.6,61,68.6,64.7999,67.7999,76.3999,65.7999
64,72.7999,59.4,64.1999,55.7999,76.8,68.2,64.8,54.2,65.3999


