========================================================

Test10 results 08-24-2005  12:35:24
Board ID394  30 channels
HV Tests Software Ver.1.6

+5V 2492 - O'k
-5V 1309 - O'k
Interlock - On

Voltmeter channel: A=1.092896, B=7.650097

A:
Limits 1.1 +/- 0.1
1.078749,1.074691,1.083424,1.083424,1.071237,1.092299,1.081081,1.080497,1.084599,1.082251
1.080497,1.082251,1.079331,1.082837,1.083424,1.082837,1.078167,1.081666,1.072961,1.089325
1.087548,1.081666,1.075269,1.089325,1.086366,1.085776,1.089325,1.088732,1.078167,1.082837


B:
Limits 0.0 +/- 30.0
7.55105,3.223958,1.083439,8.667404,8.569725,2.184408,7.567746,6.48299,2.169338,5.411294
7.563487,4.329042,3.23804,12.994219,5.417133,10.828545,4.312799,5.408369,9.656813,5.446715
10.875621,6.490035,5.376168,4.357391,7.604739,7.600438,6.53604,4.354857,7.547299,7.580034
========================================================
Test10 (ADC Calibration) results 2008-01-29 06:15:39
Board ID394 30 channels
Linux calibration software

Voltmeter channel: A=1.08662, B=-1395.67

A:
1.07907,1.07503,1.0818,1.08372,1.07071,1.09176,1.08026,1.08115,1.08574,1.08085
1.08036,1.0818,1.07907,1.08196,1.08398,1.08212,1.07883,1.08172,1.07377,1.08833
1.08671,1.08236,1.07479,1.08867,1.08677,1.08521,1.08894,1.08763,1.0758,1.08236


B:
2.23722,-2.73221,-0.585759,1.83733,4.03623,-1.8741,5.74543,1.40618,-4.57973,4.03258
2.93856,0.414241,-1.45105,9.73613,0.271093,7.54178,-2.86307,2.44701,4.86375,2.40596
6.7506,-1.01505,2.20014,3.89442,0.771562,3.44316,3.04004,2.73141,8.13279,1.65549


