========================================================

Test10 results 08-12-2005  23:20:10
Board ID260  30 channels
HV Tests Software Ver.1.6.1

+5V 2507 - O'k
-5V 1391 - O'k
Interlock - On

Voltmeter channel: A=1.085187, B=14.107427

A:
Limits 1.1 +/- 0.1
1.075847,1.072961,1.079914,1.079331,1.067806,1.077586,1.072961,1.066098,1.085187,1.078749
1.074114,1.077006,1.073537,1.075269,1.067806,1.072961,1.080497,1.069519,1.070664,1.078167
1.071237,1.076426,1.074114,1.084599,1.073537,1.080497,1.071237,1.079331,1.073537,1.071237


B:
Limits 0.0 +/- 30.0
5.379094,10.729774,7.559361,8.634694,16.017128,11.85357,8.583851,8.528736,6.511116,11.866045
11.81529,15.077866,9.661671,9.677243,8.542488,6.437928,8.643984,11.764822,8.565317,2.156464
6.42725,10.764252,9.667063,5.423133,7.514596,15.126966,19.282097,14.031348,11.808746,11.783437
========================================================
Test10 (ADC Calibration) results 2007-07-16 16:32:35
Board ID260 30 channels
Linux calibration software

Voltmeter channel: A=1.07553, B=-1588.02

A:
1.07431,1.07346,1.08035,1.07937,1.06864,1.07927,1.07277,1.06555,1.08557,1.07967
1.07438,1.07878,1.0731,1.0748,1.06726,1.07307,1.07913,1.06755,1.071,1.0777
1.0712,1.07691,1.07425,1.08412,1.07333,1.08075,1.07189,1.07927,1.07333,1.07126


B:
4.8012,4.7862,2.7372,2.42235,10.3614,5.39235,4.3601,4.45572,1.06955,4.91829
6.43116,6.03576,6.90765,6.2324,5.42895,3.7737,6.93028,7.57589,2.54556,-0.548289
2.15958,5.48147,5.75644,1.98452,3.23505,10.5425,14.117,10.5509,9.30838,7.50473


========================================================
Test10 (ADC Calibration) results 2007-09-10 10:44:02
Board ID260 30 channels
Linux calibration software

Voltmeter channel: A=1.07741, B=-1590.18

A:
1.07402,1.07346,1.07986,1.07864,1.06834,1.07937,1.07238,1.06598,1.08542,1.07941
1.07386,1.07858,1.07291,1.07484,1.06696,1.07326,1.07967,1.06821,1.07051,1.07779
1.0708,1.07681,1.07382,1.08392,1.07376,1.08099,1.07248,1.07868,1.07376,1.07087


B:
4.58749,4.65931,3.85979,4.72969,9.94682,6.34298,4.54646,3.96559,1.07233,4.85374
8.47107,6.3718,6.63852,5.18425,6.28142,3.5897,5.23695,7.78789,2.98804,-2.67702
2.27373,4.68701,6.59244,2.52488,2.74732,9.23331,13.4179,10.5218,8.74732,7.21581


