========================================================

Test11 results 08-12-2005  23:21:38
Board ID260  30 channels
HV Tests Software Ver.1.6.1

+5V 2508 - O'k
-5V 1392 - O'k
Interlock - On
Calibration DAC Range: [2500 - 2900]


A:
Limits 0.76 +/- 0.04
0.732601,0.736648,0.731261,0.732601,0.739372,0.732601,0.736648,0.739372,0.728597,0.731261
0.735294,0.731261,0.736648,0.736648,0.739372,0.733945,0.732601,0.736648,0.736648,0.731261
0.736648,0.733945,0.735294,0.732601,0.733945,0.731261,0.736648,0.731261,0.733945,0.738007


B:
Limits 60.0 +/- 30.0
62.550735,52.206306,57.917454,54.203808,50.733761,54.112591,54.577572,63.050724,54.360687,54.713898
52.808571,58.526955,51.415882,47.615562,57.781616,65.019539,51.831799,62.073364,60.727936,64.834442
63.036617,53.494488,55.12611,59.33559,62.762691,50.8064,50.521332,55.37339,61.030144,57.012383
========================================================
Test11 (DAC Calibration) results 2007-07-16 16:32:35
Board ID260 30 channels
Linux calibration software
Calibration DAC Range: [1100 - 2700]

A:
0.732936,0.733878,0.729195,0.72986,0.737191,0.729927,0.734349,0.738962,0.725689,0.729661
0.733608,0.73026,0.734484,0.732601,0.738144,0.734147,0.729661,0.737939,0.735565,0.730994
0.735429,0.731529,0.733339,0.73026,0.733608,0.728929,0.734956,0.729927,0.733608,0.735024


B:
66.5598,66.847,69.9392,70.167,63.509,66.4234,67.9454,69.1484,68.7953,65.1953
63.558,65.9517,63.2022,66.3003,67.9276,68.3768,67.3842,65.5567,70.0624,70.7602
71.1344,66.3496,66.138,72.524,69.2802,63.4624,60.7716,64.2336,65.6121,72.4367


