========================================================

Test11 results 09-01-2005  16:54:08
Board ID401  30 channels
HV Tests Software Ver.1.6

+5V 2512 - O'k
-5V 1318 - O'k
Interlock - On
Calibration DAC Range: [2500 - 2900]


A:
Limits 0.76 +/- 0.04
0.749064,0.750469,0.746269,0.743494,0.746269,0.742115,0.747664,0.749064,0.750469,0.744879
0.750469,0.746269,0.746269,0.740741,0.744879,0.742115,0.746269,0.743494,0.747664,0.746269
0.746269,0.746269,0.753296,0.747664,0.743494,0.749064,0.747664,0.749064,0.75188,0.747664


B:
Limits 60.0 +/- 40.0
56.92646,51.75695,61.77187,62.149387,60.890961,68.434952,61.045536,54.201778,65.607101,60.876068
54.974293,50.098671,68.993881,67.4972,66.334633,61.580536,61.930016,62.443264,64.891914,70.264687
57.913357,64.98159,61.797127,58.555943,60.911076,62.625454,61.930103,63.342331,52.764141,69.702629
========================================================
Test11 (DAC Calibration) results 2008-06-03 06:13:53
Board ID401 30 channels
Linux calibration software
Calibration DAC Range: [1100 - 2700]

A:
0.981716,0.981595,0.980392,0.988142,0.984131,0.981354,0.980392,0.979072,0.973947,0.982801
0.977995,0.984373,0.976205,0.985464,0.980633,0.9851,0.980152,0.981475,0.974065,0.977398
0.981836,0.977517,0.970874,0.980633,0.981595,0.975015,0.976682,0.976205,0.977876,0.973236


B:
-259.676,-259.706,-254.706,-278.261,-265.974,-258.39,-256.078,-251.707,-236.45,-262.752
-248.46,-267.885,-243.258,-271.175,-255.823,-270.078,-251.63,-258.361,-237.392,-246.659
-260.629,-247.41,-228.155,-256.803,-259.509,-239.086,-243.914,-243.258,-248.49,-233.333


========================================================
Test11 (DAC Calibration) results 2008-06-03 06:23:36
Board ID401 30 channels
Linux calibration software
Calibration DAC Range: [1100 - 2700]

A:
0.749064,0.748153,0.745226,0.74384,0.744671,0.743356,0.745504,0.746896,0.750399,0.745504
0.776021,0.742253,0.746269,0.742322,0.744463,0.741771,0.744463,0.742184,0.747384,0.747733
0.745921,0.74481,0.75188,0.747105,0.741771,0.746965,0.746617,0.748363,0.748363,0.747873


B:
62.5468,63.6585,70.0978,62.343,66.3967,70.8974,68.9683,68.6863,70.4529,65.9863
29.8671,68.7141,73.1344,66.985,70.5564,68.1966,73.6835,72.8175,72.9448,69.6234
65.408,73.0564,71.4286,66.0067,72.6472,74.4164,72.6551,70.2526,68.0075,75.4137


========================================================
Test11 (DAC Calibration) results 2008-06-04 04:10:26
Board ID401 30 channels
Linux calibration software
Calibration DAC Range: [1100 - 2700]

A:
0.749415,0.748363,0.745573,0.743633,0.74481,0.743494,0.745921,0.746896,0.750539,0.745295
0.751456,0.742115,0.746269,0.742459,0.744186,0.741771,0.744671,0.742459,0.747664,0.747873
0.745365,0.744879,0.751668,0.746965,0.742115,0.747314,0.746547,0.748573,0.748573,0.747803


B:
62.0609,63.5173,70.3635,63.3761,66.2042,71.0036,68.3917,68.9852,70.2599,66.8718
63.4417,69.2023,73.1344,67.0905,71.5349,68.6417,73.5456,72.5846,73.4579,69.7298
67.3718,73.5568,72.6205,66.9467,72.1707,73.9374,73.3483,69.9635,68.0171,76.2574


