========================================================

Test10 results 03-13-2006  14:45:57
Board ID010  36 channels
HV Tests Software Ver.1.6

+5V 2544 - O'k
-5V 1303 - O'k
Interlock - On

Voltmeter channel: A=1.053186, B=25.276264

A:
Limits 1.1 +/- 0.1
1.06553,1.089918,1.074114,1.072386,1.082837,1.084599,1.079914,1.081666,1.081666,1.085187,1.078749,1.076426
1.085187,1.072386,1.067236,1.079914,1.081081,1.072961,1.088139,1.079331,1.085776,1.084599,1.071811,1.076426
1.092896,1.078749,1.089325,1.081081,1.077006,1.088139,1.083424,1.089325,1.080497,1.075269,1.080497,1.081666


B:
Limits 0.0 +/- 35.0
19.179689,6.539511,7.518835,8.57921,8.662871,9.761528,9.719189,7.571701,9.735032,7.596303,10.787296,10.764252
16.277802,11.796368,16.008656,14.038843,12.973151,9.656813,8.705064,9.714025,8.686214,8.676929,7.502839,7.534973
6.557201,10.787296,9.804014,10.810989,7.538823,10.881342,6.500557,9.804014,10.804978,7.526706,6.48299,7.571701
========================================================
Test10 (ADC Calibration) results 2008-03-14 04:54:20
Board ID10 36 channels
Linux calibration software

Voltmeter channel: A=1.01276, B=52.5483

A:
1.06526,1.09574,1.07466,1.07342,1.08394,1.086,1.07908,1.08173,1.08199,1.08976,1.07948,1.07681
1.0869,1.07339,1.06703,1.07982,1.08329,1.07296,1.08855,1.08024,1.08795,1.08299,1.07071,1.07566
1.09313,1.08122,1.09132,1.08219,1.07835,1.09081,1.08534,1.09096,1.08098,1.07506,1.08018,1.08122


B:
15.7439,5.07621,5.20939,7.80202,5.94259,8.57489,8.66548,6.0627,7.84663,4.65944,8.0295,7.2258
12.215,8.68918,13.9273,12.2724,9.42019,8.07155,6.20797,8.05114,5.89402,8.55715,7.48862,7.77058
4.70577,6.82594,7.56316,6.67106,3.23863,6.32931,3.08042,5.20241,7.93632,6.14425,6.52781,5.70722


========================================================
Test10 (ADC Calibration) results 2008-06-19 12:08:44
Board ID010 36 channels
Linux calibration software

Voltmeter channel: A=1.07, B=0

A:
1.07593,1.12058,1.0921,1.09192,1.10226,1.10495,1.0973,1.09922,1.10134,1.11027,1.0983,1.09474
1.10337,1.07443,1.08525,1.0972,1.09968,1.09074,1.10597,1.04481,1.10541,1.10125,1.0893,1.09337
1.11092,1.09987,1.10961,1.09931,1.09474,1.10672,1.10291,1.10942,1.09849,1.0941,1.09821,1.09959


B:
17.6269,4.82307,5.30017,6.77794,6.73593,7.60103,7.31526,5.77183,6.69669,5.87621,7.27077,7.24894
11.9027,25.2394,12.2659,11.7881,10.1894,7.20752,6.67183,33.8473,7.40023,6.78105,5.27115,6.7524
4.3925,7.16268,8.46799,7.44622,5.27836,8.42996,4.82242,5.53076,6.88326,4.98927,4.93906,6.5346


========================================================
Test10 (ADC Calibration) results 2009-01-14 17:47:55
Board ID010 36 channels
Host: ufcmshv3
Linux calibration software

Voltmeter channel: A=1.04367, B=6.42258

A:
1.03768,1.04796,1.062,1.06079,1.05238,1.06566,1.04067,1.03643,1.05374,1.05178,1.03306,1.06496
1.04351,1.06209,1.02427,1.04242,1.08144,1.04873,1.05008,1.04737,1.05161,1.04351,1.05898,1.04225
1.04729,1.04384,1.07084,1.04653,1.04974,1.0528,1.05803,1.04334,1.05631,1.0647,1.04628,1.05519


B:
3.00134,4.22401,4.90139,6.675,5.92583,6.80394,7.62061,6.0591,6.53297,6.06779,11.3637,11.9276
9.504,9.7061,9.73825,11.162,7.67027,7.06689,8.72375,7.29936,7.28054,6.99969,6.46793,6.52616
4.86581,7.51547,7.11688,7.26125,5.68467,6.99699,5.453,5.48971,6.64642,6.20808,5.61789,7.06152


========================================================
Test10 (ADC Calibration) results 2009-01-15 08:46:35
Board ID010 36 channels
Host: ufcmshv3
Linux calibration software

Voltmeter channel: A=1.04393, B=5.97439

A:
1.03768,1.04805,1.06183,1.06053,1.05238,1.06549,1.04092,1.03643,1.05374,1.05195,1.03248,1.06505
1.04359,1.06192,1.02443,1.0425,1.08153,1.04856,1.04974,1.04737,1.05187,1.04376,1.05898,1.04217
1.04712,1.04367,1.07102,1.04645,1.04957,1.05263,1.05829,1.04351,1.0564,1.06488,1.04645,1.05579


B:
3.20882,4.35353,5.48895,7.34219,6.13626,7.3932,7.38233,6.26618,6.95437,5.9072,11.9131,11.2078
9.00698,10.0802,9.37732,10.8739,7.58716,7.43677,9.46385,7.92804,6.40817,6.55143,6.25633,6.6059
5.65423,8.30125,6.95363,7.75983,6.05523,7.57877,4.99857,5.53863,6.56608,6.04524,5.4577,5.86409


