========================================================

Test11 results 03-13-2006  14:54:12
Board ID010  36 channels
HV Tests Software Ver.1.6

+5V 2545 - O'k
-5V 1304 - O'k
Interlock - On
Calibration DAC Range: [2500 - 2900]


A:
Limits 0.76 +/- 0.04
0.754717,0.736648,0.747664,0.749064,0.740741,0.740741,0.743494,0.743494,0.743494,0.740741,0.744879,0.746269
0.742115,0.749064,0.753296,0.746269,0.743494,0.747664,0.738007,0.743494,0.739372,0.740741,0.747664,0.746269
0.735294,0.743494,0.735294,0.744879,0.746269,0.736648,0.740741,0.736648,0.746269,0.747664,0.749064,0.744879


B:
Limits 60.0 +/- 40.0
42.857048,62.540062,60.405205,59.582748,62.232803,57.482731,59.305195,57.912956,54.69611,56.874733,57.963295,57.186764
46.765232,56.451347,51.538071,44.67638,54.626587,61.848328,58.912895,61.640774,59.721565,57.548016,68.815323,58.6394
62.544754,60.035801,65.295105,50.203533,57.186764,60.93512,59.825214,60.993748,47.022678,57.994648,54.205254,52.549282
========================================================
Test11 (DAC Calibration) results 2008-03-14 04:54:20
Board ID10 36 channels
Linux calibration software
Calibration DAC Range: [1100 - 2700]

A:
0.754006,0.732668,0.747035,0.747524,0.741015,0.739235,0.743978,0.742528,0.741977,0.737055,0.743702,0.745921
0.738621,0.748293,0.752375,0.74384,0.741084,0.748223,0.737871,0.742804,0.73828,0.74129,0.749415,0.746338
0.734417,0.742873,0.735632,0.74184,0.745226,0.736716,0.740056,0.736242,0.742666,0.746756,0.746965,0.742873


B:
53.5909,65.4731,66.1032,64.6795,63.4679,62.8534,62.7454,64.1729,62.5673,64.4372,64.0234,61.6784
60.1698,61.3693,58.7135,57.1361,63.8165,64.7586,63.2908,64.531,62.7169,62.0461,67.3068,62.5899
68.1448,62.8006,62.023,64.2433,64.136,61.083,63.1822,64.8444,62.4954,63.8011,63.9589,64.4349


========================================================
Test11 (ADC Calibration) results 2008-06-19 12:56:33
Board ID010 36 channels
Linux calibration software

Calibration DAC Range: [1000 - 3500]

A:
0.746,0.716,0.7352,0.7348,0.728,0.726,0.7312,0.73,0.7288,0.7228,0.7312,0.7336
0.7276,0.7472,0.7392,0.732,0.73,0.736,0.7256,0.7684,0.726,0.7292,0.7368,0.734
0.722,0.7304,0.7236,0.7304,0.7336,0.7252,0.728,0.7232,0.7308,0.734,0.7352,0.73


B:
53,65.9999,64.8,65.2001,64.0001,65,63.8001,66.9999,63.2,64.1999,62.8001,62.3999
60.4001,49.8,60.8,58,62.9999,66,64.4,44.6,63,62.8,68.2,63.9999
70,61.5999,60.4001,63.5999,63.3999,60.8,63.0001,66.7999,64.2001,63.9999,63.8,64.9999


========================================================
Test11 (ADC Calibration) results 2009-01-15 08:10:37
Board ID010 36 channels
Host: ufcmshv3
Linux calibration software

Calibration DAC Range: [1000 - 3500]

A:
0.7736,0.7656,0.7556,0.7564,0.7628,0.7528,0.7712,0.7744,0.762,0.7628,0.7768,0.7536
0.7684,0.756,0.784,0.77,0.7416,0.7652,0.764,0.766,0.7632,0.7692,0.7576,0.77
0.766,0.7688,0.7492,0.7668,0.7644,0.7624,0.7584,0.7696,0.7596,0.754,0.7716,0.7608


B:
62.4001,65.3999,65.4001,64.6,63.2001,64.2,62.8,64.6,61.9999,64.2001,60.2001,58.4
62.6,60.0001,60.0001,57.0001,65.4001,64.7999,62,64.0001,61.8001,61.7999,66.4,62.0001
68.0001,61.1999,61.8,63.2,63.6,60.6001,61.5999,64.4001,63.4001,62,62.4,63.2


========================================================
Test11 (ADC Calibration) results 2009-01-15 08:59:30
Board ID010 36 channels
Host: ufcmshv3
Linux calibration software

Calibration DAC Range: [1000 - 3500]

A:
0.7736,0.7656,0.756,0.7568,0.7624,0.7528,0.7712,0.7744,0.7616,0.7628,0.7772,0.7532
0.7688,0.7556,0.7832,0.7696,0.7416,0.7652,0.7644,0.766,0.7632,0.7692,0.7572,0.7704
0.7668,0.7688,0.7492,0.7668,0.7644,0.7624,0.7584,0.7692,0.7592,0.7532,0.7708,0.7604


B:
61.4001,65.3999,64.0001,63.2,63.6001,63.2,62.8,63.6,62.3999,64.2001,59.8001,58.8
62.1999,60.4001,61.7999,58.4001,65.4001,64.7999,60.6,63.0001,61.8001,61.7999,67.8,61.6
65.2001,61.1999,61.8,63.2,63.6,60.6001,61.5999,64.7999,63.8001,63.8,64.2,63.6


