========================================================

Test10 results 12-13-2005  14:05:43
Board ID103  36 channels
HV Tests Software Ver.1.6

+5V 3061 - O'k
-5V 1340 - O'k
Interlock - On

Voltmeter channel: A=1.082251, B=14.069302

A:
Limits 1.1 +/- 0.1
1.085776,1.083424,1.074691,1.085187,1.081666,1.082251,1.078749,1.079914,1.091107,1.084599,1.079331,1.084011
1.079331,1.076426,1.086366,1.082251,1.088139,1.076426,1.088732,1.077586,1.077586,1.073537,1.082837,1.084011
1.092299,1.089918,1.081081,1.090513,1.085187,1.076426,1.070664,1.082837,1.085776,1.088139,1.080497,1.087548


B:
Limits 0.0 +/- 35.0
8.686214,11.917675,16.120251,9.766678,16.225027,12.987051,10.787296,16.198669,18.548777,22.776712,16.19001,9.7561
12.952018,13.993531,17.382034,15.151553,10.881342,13.993531,18.508369,17.241501,7.543225,15.029358,16.242729,14.092143
17.476599,17.438694,7.567746,13.086248,18.448175,18.299236,14.9893,9.745708,19.543978,16.322039,11.885475,15.225811
========================================================
Test10 (ADC Calibration) results 2007-10-19 11:19:38
Board ID103 36 channels
Linux calibration software

Voltmeter channel: A=1.0797, B=16.308

A:
1.08649,1.08265,1.0696,1.08443,1.08304,1.05443,1.07996,1.08026,1.09909,1.08745,1.0892,1.0834
1.07848,1.07925,1.09059,1.08144,1.08948,1.07795,1.09408,1.07868,1.07773,1.07334,1.08488,1.08583
1.08395,1.08983,1.07992,1.09316,1.04447,1.07751,1.07048,1.08534,1.08952,1.08898,1.08164,1.08637


B:
6.32475,9.72969,18.1642,6.90435,12.6248,42.4055,8.61134,13.0656,15.9485,17.3764,11.9968,8.63156
10.3293,7.90594,11.6262,14.9014,9.16024,6.29889,14.4296,12.9081,3.66809,12.2207,13.8865,9.56757
21.6485,11.9899,7.06212,9.49466,46.0608,14.1003,11.4893,10.0466,16.5794,12.5308,1.8033,13.4834


========================================================
Test10 (ADC Calibration) results 2007-10-22 16:14:52
Board ID103 36 channels
Linux calibration software

Voltmeter channel: A=1.0803, B=15.2116

A:
1.08649,1.08231,1.06926,1.08423,1.08249,1.06704,1.07996,1.08101,1.09985,1.08735,1.0889,1.08265
1.07808,1.07935,1.08963,1.08209,1.08938,1.07741,1.09473,1.07814,1.07733,1.07334,1.08443,1.08563
1.08375,1.08983,1.08026,1.09276,1.0698,1.07801,1.06974,1.08569,1.08842,1.08953,1.08245,1.08616


B:
6.32475,10.1658,18.5914,7.75914,13.3204,20.997,9.6913,12.1141,13.8919,17.5045,12.9858,10.178
11.6438,7.77808,14.0376,13.8804,9.28772,7.19735,12.5017,13.5996,4.18011,12.2207,14.4511,10.2242
21.7067,11.9899,6.34734,10.0099,23.388,13.4541,13.0345,8.12234,19.0643,10.7449,-4.22248,13.0559


========================================================
Test10 (ADC Calibration) results 2008-02-21 12:24:09
Board ID103 36 channels
Linux calibration software

Voltmeter channel: A=1.08104, B=13.8644

A:
1.08704,1.08295,1.06515,1.08463,1.08304,1.06569,1.08051,1.08071,1.09965,1.08725,1.08835,1.08346
1.07801,1.07891,1.07166,1.08134,1.08938,1.07795,1.09412,1.07878,1.07794,1.07379,1.08433,1.08563
1.07882,1.08785,1.08148,1.09341,1.06974,1.07826,1.06984,1.08609,1.08907,1.09024,1.08174,1.08257


B:
5.62772,9.06336,21.9818,7.44985,12.5418,21.9044,7.91799,13.0997,14.147,18.2328,14.0906,8.67392
12.9221,8.93983,23.5352,15.2292,9.28772,6.49884,15.2748,13.1797,3.41196,12.0618,15.5787,10.4242
19.8984,14.0793,3.93058,9.17706,22.4013,13.0667,13.3057,8.01018,17.15,10.4493,10.5568,17.719


========================================================
Test10 (ADC Calibration) results 2008-06-17 15:59:18
Board ID103 36 channels
Linux calibration software

Voltmeter channel: A=1.07, B=0

A:
1.10429,1.09957,1.07791,1.10151,1.10179,1.0836,1.09847,1.09746,1.12213,1.10606,1.1147,1.10031
1.09535,1.09618,1.08881,1.09976,1.10783,1.09517,1.11205,1.09608,1.09444,1.09035,1.10392,1.10355
1.08917,1.10448,1.09737,1.11205,1.08557,1.09746,1.08746,1.10662,1.11074,1.10792,1.10003,1.08521


B:
7.0968,10.9491,24.4204,8.96489,12.6787,19.2044,9.09804,13.7512,14.4297,18.9821,14.3473,9.83763
12.1613,10.314,22.9217,14.3004,9.41396,7.94776,15.379,12.5897,5.11484,12.5846,12.9542,11.7454
20.4155,15.3219,7.03107,11.3754,23.2603,14.4096,12.1884,8.29906,18.3365,12.4316,10.7496,29.0133


========================================================
Test10 (ADC Calibration) results 2008-07-16 21:23:30
Board ID103 36 channels
Linux calibration software

Voltmeter channel: A=1.07, B=0

A:
1.10508,1.10056,1.07838,1.10248,1.10306,1.0844,1.0997,1.09836,1.12227,1.10789,1.11523,1.10113
1.09626,1.09664,1.08964,1.10133,1.10877,1.09597,1.11278,1.09712,1.09512,1.09124,1.1046,1.1045
1.08907,1.10441,1.09807,1.11307,1.08664,1.0995,1.08842,1.10702,1.11229,1.10935,1.10085,1.08217


B:
6.37383,9.61206,21.8306,7.64148,12.8511,18.2562,7.31847,12.4957,14.5285,17.3319,14.5369,8.20684
11.1156,9.45221,22.608,12.6574,8.56297,6.99217,14.9533,12.3079,4.71009,11.3338,12.3367,11.3195
18.3278,14.7202,6.60718,11.1281,22.507,13.6504,11.0908,7.71087,16.7269,10.9188,10.2305,26.793


