========================================================

Test11 results 12-13-2005  14:07:25
Board ID103  36 channels
HV Tests Software Ver.1.6

+5V 3061 - O'k
-5V 1341 - O'k
Interlock - On
Calibration DAC Range: [2500 - 2900]


A:
Limits 0.76 +/- 0.04
0.746269,0.747664,0.75188,0.746269,0.75188,0.747664,0.75188,0.75188,0.740741,0.746269,0.753296,0.747664
0.75188,0.754717,0.743494,0.749064,0.743494,0.75188,0.744879,0.753296,0.75188,0.757576,0.749064,0.747664
0.742115,0.742115,0.749064,0.744879,0.746269,0.754717,0.759013,0.749064,0.746269,0.743494,0.749064,0.744879


B:
Limits 60.0 +/- 40.0
61.586395,63.25275,68.728363,69.521332,46.921471,65.513634,58.754578,50.643604,65.615509,56.724537,41.297775,64.872749
54.699093,55.703449,63.481724,56.962852,69.141792,53.800911,51.050976,53.224342,65.96077,51.059818,57.856937,56.932293
49.889145,69.118546,66.514877,51.933521,62.316631,43.524059,48.417995,60.205627,56.724537,62.012524,68.854973,54.149246
========================================================
Test11 (DAC Calibration) results 2007-10-19 11:19:38
Board ID103 36 channels
Linux calibration software
Calibration DAC Range: [1100 - 2700]

A:
0.744879,0.747524,0.756644,0.745921,0.748013,0.767533,0.749766,0.749555,0.735971,0.744602,0.744532,0.747384
0.751174,0.750258,0.742459,0.748363,0.742459,0.752304,0.740466,0.751033,0.751315,0.754006,0.74599,0.745712
0.747384,0.742597,0.749415,0.741084,0.774069,0.752233,0.756787,0.745295,0.743564,0.742804,0.750117,0.746478


B:
69.0876,69.7627,64.9107,76.4477,62.5059,44.4882,66.8229,61.8664,67.4333,62.77,54.6766,72.4963
63.3802,71.3965,65.4571,64.2657,73.1786,58.0591,59.6446,63.8752,72.9527,67.0122,68.2955,66.1449
51.7187,72.988,72.5527,62.4825,47.2665,55.148,62.4443,69.2567,61.2417,68.245,73.0896,55.9763


========================================================
Test11 (DAC Calibration) results 2007-10-22 16:14:52
Board ID103 36 channels
Linux calibration software
Calibration DAC Range: [1100 - 2700]

A:
0.744879,0.747384,0.756501,0.74606,0.748013,0.759229,0.749766,0.749415,0.735835,0.744671,0.74474,0.747524
0.751456,0.750188,0.742735,0.748293,0.742528,0.752304,0.740398,0.751033,0.751597,0.754006,0.745921,0.745851
0.747524,0.742597,0.749555,0.741359,0.756501,0.75188,0.756931,0.745434,0.743564,0.742804,0.749555,0.746617


B:
69.0876,69.9552,65.1063,75.809,62.5059,59.2483,66.8229,62.0609,67.6232,62.6734,53.9377,71.8556
62.3896,71.4929,64.1819,64.5121,73.0833,57.9087,59.7408,63.8752,72.5668,67.0122,68.3917,65.6535
51.6725,72.988,71.7605,62.0979,64.1986,55.6391,61.7938,69.3626,61.2417,68.245,77.607,55.4829


========================================================
Test11 (DAC Calibration) results 2008-02-21 12:24:09
Board ID103 36 channels
Linux calibration software
Calibration DAC Range: [1100 - 2700]

A:
0.744879,0.747314,0.759806,0.745782,0.748013,0.759806,0.749766,0.749625,0.735971,0.74474,0.74474,0.746965
0.75188,0.750117,0.755572,0.748433,0.742528,0.752304,0.740809,0.750962,0.751174,0.754077,0.74599,0.745851
0.751315,0.744325,0.748713,0.74129,0.756931,0.752092,0.756859,0.745157,0.743494,0.742322,0.750047,0.748713


B:
69.0876,69.4535,61.9528,76.0417,61.7579,59.0655,66.8229,61.3193,67.4333,62.1298,53.6399,72.1755
60.9023,71.1393,55.4969,64.0192,73.0833,57.9087,57.6813,63.6722,73.1454,66.6131,67.5495,65.5044
51.6155,70.897,72.7656,62.1943,63.6105,54.5925,61.5893,69.4485,61.3382,68.4697,67.3354,53.2991


========================================================
Test11 (ADC Calibration) results 2008-06-17 18:39:44
Board ID103 36 channels
Linux calibration software

Calibration DAC Range: [1000 - 3500]

A:
0.7332,0.736,0.75,0.7344,0.7348,0.7472,0.7372,0.738,0.7208,0.7316,0.7268,0.7356
0.7396,0.7384,0.7436,0.736,0.73,0.74,0.728,0.7388,0.7392,0.7424,0.7328,0.7336
0.744,0.7328,0.7376,0.7284,0.7452,0.7384,0.7444,0.7312,0.7288,0.73,0.7376,0.7472


B:
67.7999,68,62,74.6001,63.2001,60.8,66.7999,61.0001,68.2001,62.4,54.1999,70.4
61.4,69.6001,56.4,64,72.9999,58,60.0001,64.2,73.8,66.6,69.2,64.3999
50.9999,70.2,70.3999,61.6,63.8001,54.6001,63.5999,68.8001,61.2,67.9999,66.3999,43.8


