========================================================
Test10 (ADC Calibration) results 2014-01-19 19:51:39
Board IDXXX 30 channels
Host: ufcmshv1
Linux calibration software

Voltmeter channel: A=1.09534, B=7.90604

A:
1.12054,1.07961,1.08556,1.08258,1.07639,1.07657,1.10016,1.0842,1.08756,1.11459
1.1251,1.08538,1.10408,1.09249,1.12822,1.07408,1.07711,1.10035,1.09728,1.09396
1.0902,1.08366,1.08628,1.04913,1.06103,1.09194,1.08393,1.10147,1.09249,1.10203


B:
5.54525,11.3146,7.18706,7.74098,7.57821,7.41413,7.9556,8.20819,7.75899,7.69296
8.26453,6.91808,8.40327,8.29683,8.00142,6.26575,7.35338,7.78801,6.37254,7.40361
7.9704,6.75153,6.74259,9.14066,7.48648,7.92103,6.07069,7.00313,7.64111,6.94073


========================================================
Test10 (ADC Calibration) results 2014-03-14 17:56:50
Board ID251 30 channels
Host: ufcmshv1
Linux calibration software

Voltmeter channel: A=1.09627, B=3.78326

A:
1.07143,1.09636,1.07426,1.07666,1.08983,1.06808,1.07488,1.11583,1.06949,1.07037
1.08123,1.07178,1.1123,1.07488,1.10493,1.10418,1.07462,1.06642,1.06826,1.10993
1.07666,1.07613,1.06773,1.07693,1.06765,1.09608,1.09905,1.07755,1.08051,1.068


B:
0.357205,2.384,3.09406,2.59481,2.41705,3.25397,3.59409,3.46514,3.6577,3.26843
2.27117,3.244,3.93925,3.37877,2.78594,1.91552,3.19516,2.88267,2.23619,3.39475
2.59481,3.30411,4.00735,3.64056,3.66198,3.51241,3.90297,3.49536,4.44527,2.69467


