========================================================
Test11 (ADC Calibration) results 2014-01-19 20:02:00
Board IDXXX 30 channels
Host: ufcmshv1
Linux calibration software

Calibration DAC Range: [1000 - 3500]

A:
0.7212,0.7496,0.7452,0.7468,0.7508,0.7516,0.7348,0.7456,0.744,0.7256
0.7188,0.7452,0.7328,0.7404,0.7164,0.7528,0.7504,0.7344,0.7364,0.7388
0.7412,0.746,0.744,0.7724,0.7616,0.74,0.746,0.7336,0.7396,0.7336


B:
65.8,61.4,63.8001,65.2,65.2,65.3999,66.2001,64.4001,64.9999,67.4
64.2,66.8001,66.2,63.5999,65.5999,66.2,65.6,64.6001,66.6,65.2
65.8001,65,65.9999,64.5999,66.3999,66,66,67.3999,66.4,65.3999


========================================================
Test11 (ADC Calibration) results 2014-03-14 18:10:36
Board ID251 30 channels
Host: ufcmshv1
Linux calibration software

Calibration DAC Range: [1000 - 3500]

A:
0.756,0.7388,0.7544,0.7524,0.7432,0.7588,0.7532,0.7264,0.7576,0.7572
0.7496,0.7556,0.7288,0.754,0.7332,0.7332,0.7544,0.76,0.758,0.7304
0.7524,0.7528,0.7592,0.754,0.7588,0.7396,0.7376,0.7516,0.7496,0.7588


B:
73.0001,74.2,72.5999,73.6001,73.8,73.1999,73.8,71.5999,72.4,72.8
72.4,75.4001,72.2,74,73.7999,75.7999,72.5999,73,74.9999,74.5999
73.6001,74.2,71.8001,73,73.1999,72.4,73.3999,74.3999,73.4,73.1999


