========================================================

Test10 results 09-06-2005  18:11:12
Board ID064  36 channels
HV Tests Software Ver.1.6

+5V 2507 - O'k
-5V 1327 - O'k
Interlock - On

Voltmeter channel: A=1.073537, B=10.735209

A:
Limits 1.1 +/- 0.1
1.074114,1.067806,1.070664,1.070664,1.080497,1.075847,1.076426,1.072386,1.063264,1.070091,1.071811,1.077006
1.068376,1.075847,1.075847,1.079914,1.082837,1.071237,1.072961,1.074691,1.072386,1.079331,1.079331,1.069519
1.082837,1.075847,1.064396,1.075269,1.075847,1.083424,1.069519,1.067806,1.081081,1.079331,1.089325,1.077006


B:
Limits 0.0 +/- 35.0
6.444721,5.339071,7.494653,10.706645,9.724482,9.682483,11.840678,7.506824,10.632531,13.910991,10.718273,8.615829
11.752151,8.606635,9.682483,4.31962,11.911382,17.139624,9.656813,9.672105,9.651596,9.714025,6.476033,2.139154
9.745708,7.530788,10.64415,10.752512,11.834177,7.583981,11.764822,12.813711,15.135313,4.317371,11.982663,12.923853
========================================================
Test10 (ADC Calibration) results 2008-03-13 10:55:16
Board ID64 36 channels
Linux calibration software

Voltmeter channel: A=1.07238, B=16.3248

A:
1.07662,1.07204,1.07114,1.07602,1.0829,1.08094,1.07565,1.07244,1.06451,1.07114,1.07075,1.07586
1.06892,1.07715,1.07662,1.07996,1.08362,1.07297,1.07719,1.07433,1.0719,1.07867,1.07807,1.07095
1.08304,1.07658,1.06604,1.07658,1.08483,1.08502,1.07118,1.06866,1.08095,1.07964,1.0885,1.07675


B:
1.39812,0.764241,1.51262,6.09822,10.2268,3.45967,10.9898,4.46852,4.81479,5.65491,8.95894,8.68048
9.74056,2.54692,2.70458,1.45154,6.03848,9.31772,7.18825,6.29889,4.88369,8.04725,5.35197,-3.15778
7.62521,2.98346,4.35025,6.52399,4.54044,2.33721,5.46622,7.15832,11.6778,-0.693273,11.6579,7.71211


