========================================================

Test10 results 12-21-2006  14:41:25
Board ID276  30 channels
HV Tests Software Ver.1.6.8

+5V 2507 - O'k
-5V 1310 - O'k
Interlock - On
Number of Samples: 400

Voltmeter channel: A=1.035733, B=56.965435

A:
Limits 1.1 +/- 0.1
1.068947,1.079331,1.074691,1.074691,1.081081,1.079914,1.070664,1.075269,1.073537,1.075847
1.071811,1.076426,1.081081,1.060445,1.064963,1.078167,1.069519,1.074691,1.075847,1.069519
1.088139,1.076426,1.077586,1.078749,1.074691,1.071237,1.074114,1.072386,1.078167,1.078167


B:
Limits 0.0 +/- 30.0
14.965298,17.269341,11.821486,15.04556,14.054233,20.518324,23.554611,18.279394,15.029358,19.365108
17.149141,22.60494,17.297476,33.934101,24.494074,14.016302,16.042896,18.269632,11.834177,27.807602
16.322039,19.375662,10.775984,14.023542,17.194942,17.139624,16.111746,16.085913,16.172636,15.094469
Channels:
  14  31
Out of range 0.0 +/- 30.0
========================================================
Test10 (ADC Calibration) results 2008-04-11 10:52:08
Board ID276 30 channels
Linux calibration software

Voltmeter channel: A=1.05239, B=-1325.15

A:
1.0674,1.07727,1.07259,1.07289,1.07932,1.07882,1.07235,1.07307,1.07192,1.07426
1.06988,1.07827,1.07942,1.06914,1.06623,1.07671,1.0672,1.07195,1.07376,1.07253
1.0855,1.07506,1.0758,1.07705,1.07359,1.06914,1.07219,1.07098,1.07637,1.07617


B:
8.38669,11.3258,6.93929,8.95263,8.47408,13.1954,16.2602,14.7112,9.56364,13.1702
12.4241,14.9657,11.2247,18.1061,16.4881,8.89182,10.9852,14.7897,7.66341,18.0212
12.7321,12.9948,5.82045,10.2173,10.7255,11.6366,10.7429,10.1406,10.479,9.58284


