========================================================

Test11 results 12-21-2006  14:44:34
Board ID276  30 channels
HV Tests Software Ver.1.6.8

+5V 2505 - O'k
-5V 1310 - O'k
Interlock - On
Calibration DAC Range: [2500 - 2900]
Number of Samples: 400

A:
Limits 0.76 +/- 0.04
0.75188,0.743494,0.747664,0.747664,0.742115,0.743494,0.750469,0.747664,0.749064,0.746269
0.750469,0.744879,0.743494,0.756144,0.754717,0.743494,0.750469,0.746269,0.746269,0.75188
0.738007,0.744879,0.746269,0.750469,0.746269,0.749064,0.749064,0.749064,0.743494,0.743494


B:
Limits 60.0 +/- 30.0
55.636372,63.24575,60.405205,57.994648,64.71949,58.502342,53.19944,53.250927,58.945786,60.245079
55.778629,60.800419,57.841801,52.633869,53.937347,67.907478,65.073196,64.901062,64.259552,47.681976
61.201332,62.404015,58.871696,56.799164,62.494999,62.625454,56.615387,59.582748,67.105713,66.304131
========================================================
Test11 (DAC Calibration) results 2008-04-11 10:52:08
Board ID276 30 channels
Linux calibration software
Calibration DAC Range: [1100 - 2700]

A:
0.75287,0.745226,0.748853,0.748643,0.744186,0.744532,0.748643,0.749274,0.748573,0.747314
0.750751,0.744532,0.744117,0.750892,0.752941,0.74599,0.75188,0.748923,0.747664,0.749274
0.739577,0.746756,0.746617,0.749134,0.748153,0.750892,0.749134,0.749977,0.745851,0.74599


B:
61.039,66.3716,65.0848,63.5786,65.5814,62.8664,61.0331,55.8114,68.1668,64.9697
63.3633,62.8664,64.3381,61.2163,63.1999,66.0575,69.4736,64.5383,67.4766,56.261
64.5927,63.5023,65.9356,68.4427,63.06,65.2712,65.4461,64.2824,66.9961,66.0575


