========================================================

Test10 results 09-23-2006  23:18:07
Board ID272  30 channels
HV Tests Software Ver.1.6.1

+5V 2529 - O'k
-5V 1378 - O'k
Interlock - On

Voltmeter channel: A=1.078167, B=9.703633

A:
Limits 1.1 +/- 0.1
1.080497,1.070664,1.072386,1.075269,1.073537,1.073537,1.075269,1.074114,1.075269,1.071811
1.074691,1.079914,1.075847,1.074691,1.075847,1.074114,1.071811,1.074691,1.073537,1.070091
1.075269,1.072386,1.084599,1.081666,1.075269,1.087548,1.073537,1.064963,1.078749,1.071811


B:
Limits 0.0 +/- 30.0
5.402493,7.494653,10.723982,8.601974,10.735209,11.808746,10.752512,9.667063,7.526706,11.790084
10.746796,12.958929,11.834177,17.194942,8.606635,13.963518,9.646461,11.821486,9.661671,13.910991
10.752512,11.796368,8.676929,14.061695,8.601974,11.963168,16.102896,24.494074,15.102291,7.502839
========================================================
Test10 (ADC Calibration) results 2008-04-11 14:55:19
Board ID272 30 channels
Linux calibration software

Voltmeter channel: A=1.04208, B=-1345.34

A:
1.07726,1.06747,1.0705,1.07216,1.07196,1.0735,1.07396,1.07336,1.07346,1.0708
1.0743,1.07746,1.07293,1.0745,1.0739,1.07286,1.0709,1.072,1.07277,1.06817
1.07446,1.0713,1.08296,1.07986,1.0735,1.0865,1.07174,1.04725,1.07646,1.06937


B:
2.79624,3.23841,3.00754,4.19742,3.52621,3.15248,2.25328,0.801595,1.12616,3.17608
0.798682,7.30743,7.18037,7.34212,2.94295,7.44319,2.16413,7.26391,1.39571,6.07502
3.31533,2.8507,1.48107,9.01956,1.60533,2.93384,9.20423,29.3639,8.20532,2.06535


========================================================
Test10 (ADC Calibration) results 2008-04-14 16:15:33
Board ID272 30 channels
Linux calibration software

Voltmeter channel: A=1.04225, B=-1346.29

A:
1.07716,1.06697,1.06977,1.0725,1.07176,1.0729,1.07323,1.07296,1.0735,1.0709
1.07346,1.07824,1.07283,1.07396,1.07504,1.07276,1.0705,1.07214,1.0715,1.0686
1.07446,1.0711,1.08306,1.08074,1.0729,1.0865,1.0712,1.06334,1.07646,1.06937


B:
2.52509,3.881,5.02124,3.76503,3.78323,3.52331,4.26971,1.51493,-0.594622,2.44773
1.67299,5.22804,7.10858,8.03139,-0.79827,7.17126,2.6779,7.08877,3.90819,5.31751
3.31533,3.10732,2.23596,6.40882,2.37751,2.93384,10.3659,19.1922,8.20532,1.8654


