========================================================

Test10 results 01-31-2006  15:54:47
Board ID437  30 channels
HV Tests Software Ver.1.6

+5V 2499 - O'k
-5V 1325 - O'k
Interlock - On

Voltmeter channel: A=1.078167, B=6.469132

A:
Limits 1.1 +/- 0.1
1.083424,1.077006,1.086366,1.081666,1.089325,1.076426,1.082837,1.091107,1.076426,1.084011
1.078167,1.080497,1.080497,1.076426,1.075847,1.077006,1.083424,1.084011,1.086957,1.073537
1.078749,1.082251,1.080497,1.089918,1.076426,1.076426,1.076426,1.080497,1.081666,1.084599


B:
Limits 0.0 +/- 35.0
3.250286,4.307805,4.345641,8.653366,7.625365,12.917105,5.41436,6.546595,7.534973,7.588078
8.625466,5.402493,7.563487,7.534973,5.379094,8.615829,8.667404,8.672089,6.521815,4.293984
5.393553,9.740297,9.724482,7.629429,8.6114,8.6114,10.764252,6.48299,7.571701,8.676929
========================================================
Test10 (ADC Calibration) results 2008-02-04 05:28:57
Board ID437 30 channels
Linux calibration software

Voltmeter channel: A=1.06762, B=-1602.89

A:
1.08268,1.07699,1.08532,1.08177,1.08924,1.07872,1.08244,1.09243,1.07635,1.0838
1.07807,1.0798,1.07884,1.07655,1.07527,1.07793,1.0837,1.08492,1.08731,1.07198
1.07813,1.0838,1.08197,1.09066,1.0757,1.07635,1.0773,1.0802,1.08228,1.08614


B:
1.86378,1.06428,3.66973,3.90996,3.68832,4.94651,3.65862,0.333066,4.28928,3.24021
4.97151,3.49837,7.31139,5.43077,2.18564,2.48169,3.33709,3.98644,3.02959,3.64161
4.61472,3.40781,3.65169,3.71685,6.66427,4.68918,5.39974,3.90149,3.34585,0.43608


========================================================
Test10 (ADC Calibration) results 2008-02-04 10:50:57
Board ID437 30 channels
Linux calibration software

Voltmeter channel: A=1.07105, B=-1612.24

A:
1.08268,1.0772,1.08457,1.08238,1.08934,1.07827,1.08223,1.09223,1.07675,1.0838
1.07817,1.0797,1.07959,1.07675,1.07472,1.06822,1.08325,1.08457,1.08656,1.07188
1.07858,1.0838,1.08142,1.09035,1.07614,1.07675,1.07706,1.08075,1.08207,1.08569


B:
1.86378,0.805826,5.02849,3.13424,3.35943,6.59177,4.99893,0.991621,2.37246,3.24021
5.04262,3.62731,6.75664,5.17251,4.15526,16.8881,5.19085,5.5132,4.38829,3.97089
3.16924,3.40781,4.35077,4.70458,5.22354,3.77222,6.3854,3.20313,4.0042,2.09414


========================================================
Test10 (ADC Calibration) results 2008-06-19 12:08:44
Board ID437 30 channels
Linux calibration software

Voltmeter channel: A=1.07, B=0

A:
1.09968,1.09292,1.10449,1.09904,1.10709,1.0902,1.0995,1.10877,1.09328,1.0848
1.09794,1.09702,1.10042,0.992153,1.09183,1.08552,1.10042,1.1018,1.10374,1.08921
1.09538,1.10756,1.0983,1.10709,1.09702,1.09666,1.10653,1.09702,1.10606,1.10467


B:
1.05188,2.01721,3.70954,4.06073,2.44222,9.10562,2.54037,3.12911,2.99357,18.4038
4.41079,2.17863,4.11703,81.749,3.89591,12.1038,4.33706,4.61478,3.06164,3.04765
2.59575,3.34636,4.29416,3.99231,4.15332,4.48922,4.72172,3.27565,4.03857,3.54045


========================================================
Test10 (ADC Calibration) results 2008-06-20 09:41:00
Board ID437 30 channels
Linux calibration software

Voltmeter channel: A=1.07, B=0

A:
1.09968,1.09292,1.10458,1.09913,1.107,1.08966,1.09895,1.10896,1.09346,1.08427
1.09812,1.0972,1.10051,1.0042,1.09201,1.08561,1.1006,1.10226,1.10374,1.08921
1.09583,1.10737,1.09858,1.107,1.09702,1.0972,1.10672,1.0972,1.10634,1.10495


B:
1.05188,2.01721,3.62498,3.75618,2.7486,8.29644,3.48527,2.73717,2.17039,10.6548
4.02309,1.57166,3.81287,67.4534,3.2919,11.3699,4.16879,3.5314,2.84055,3.04765
1.51849,3.95911,4.26166,4.07682,4.59202,3.76607,4.77407,2.88826,3.78498,2.62349


