========================================================

Test11 results 01-31-2006  16:06:25
Board ID437  30 channels
HV Tests Software Ver.1.6

+5V 2500 - O'k
-5V 1325 - O'k
Interlock - On
Calibration DAC Range: [2500 - 2900]


A:
Limits 0.76 +/- 0.04
0.75188,0.754717,0.75188,0.75188,0.744879,0.754717,0.749064,0.743494,0.753296,0.750469
0.753296,0.75188,0.754717,0.756144,0.757576,0.754717,0.749064,0.749064,0.747664,0.757576
0.754717,0.75188,0.75188,0.75188,0.756144,0.754717,0.754717,0.753296,0.754717,0.750469


B:
Limits 60.0 +/- 40.0
55.31385,61.581253,47.507957,55.225739,63.293289,55.98555,64.432823,64.667213,64.588699,55.946091
61.341583,60.648781,49.934177,54.394081,53.080082,56.893566,61.998184,60.460007,60.421631,59.192661
55.266209,53.598255,58.844158,51.375107,54.586994,58.330036,55.98555,55.301609,46.851372,54.403748
========================================================
Test11 (DAC Calibration) results 2008-02-04 05:28:57
Board ID437 30 channels
Linux calibration software
Calibration DAC Range: [1100 - 2700]

A:
0.750539,0.754503,0.748713,0.751174,0.745643,0.753296,0.750328,0.74384,0.754575,0.749766
0.753367,0.752162,0.752445,0.754432,0.755715,0.844327,0.749836,0.748994,0.746965,0.757648
0.752941,0.749766,0.751033,0.748853,0.754646,0.754575,0.75429,0.75188,0.750821,0.748153


B:
63.355,65.5758,63.6313,62.629,64.1532,63.4652,63.3463,65.3184,63.667,62.3243
63.9703,64.2724,61.9262,62.8065,63.9145,-344.644,63.8766,63.3929,65.4528,64.1443
63.9529,63.8238,62.8238,64.0365,64.0221,63.3653,61.4934,63.1579,63.8667,66.0526


========================================================
Test11 (DAC Calibration) results 2008-02-04 10:50:57
Board ID437 30 channels
Linux calibration software
Calibration DAC Range: [1100 - 2700]

A:
0.750539,0.754361,0.748853,0.750751,0.745573,0.753225,0.750469,0.743978,0.75429,0.749766
0.753296,0.752233,0.752304,0.75429,0.755715,0.760312,0.749766,0.748853,0.747105,0.757719
0.753012,0.749766,0.751033,0.749064,0.754717,0.75429,0.754077,0.75188,0.750962,0.748083


B:
63.355,65.7709,63.1379,63.2131,64.3989,63.5626,63.1519,64.8286,65.1141,62.3243
63.9172,64.1748,61.8207,63.002,63.7634,54.8753,63.8238,63.5871,64.9609,63.8948
63.705,63.8238,62.8238,63.2959,63.7735,64.0581,62.0886,63.1579,63.3719,66.1494


