========================================================

Test11 results 08-13-2005  14:20:57
Board ID003  36 channels
HV Tests Software Ver.1.6.1

+5V 2527 - O'k
-5V 1376 - O'k
Interlock - On
Calibration DAC Range: [2500 - 2900]


A:
Limits 0.76 +/- 0.04
0.747664,0.742115,0.750469,0.744879,0.747664,0.744879,0.747664,0.749064,0.740741,0.747664,0.750469,0.749064
0.746269,0.747664,0.744879,0.740741,0.747664,0.749064,0.744879,0.749064,0.753296,0.743494,0.749064,0.746269
0.743494,0.747664,0.742115,0.749064,0.747664,0.744879,0.750469,0.746269,0.744879,0.749064,0.743494,0.749064


B:
Limits 60.0 +/- 30.0
55.250961,57.908733,41.34016,55.55135,48.145786,59.571075,47.921268,47.346088,60.025051,45.577702,55.226952,57.75087
57.990425,49.608257,61.906826,63.837803,51.872971,55.006252,57.963295,49.609192,50.454659,57.108833,49.766281,58.949314
65.804054,52.755344,54.822868,55.087635,58.154549,54.892487,54.337421,56.535419,53.354538,51.300438,49.195049,55.250393
========================================================
Test11 (DAC Calibration) results 2008-01-24 05:18:53
Board ID3 36 channels
Linux calibration software
Calibration DAC Range: [1100 - 2700]

A:
0.74474,0.741152,0.74606,0.744532,0.745226,0.744186,0.746269,0.745365,0.740741,0.745018,0.749415,0.74599
0.746896,0.745504,0.745295,0.742046,0.74606,0.747384,0.743425,0.748293,0.751385,0.743494,0.74613,0.745295
0.744325,0.745782,0.739372,0.746965,0.746687,0.742528,0.749415,0.745018,0.741977,0.746547,0.740947,0.747384


B:
70.7689,65.9441,61.4847,60.7817,61.1551,63.3488,57.4628,62.3033,66.6668,57.4224,65.0586,72.3235
59.5742,63.0043,66.8718,64.2518,62.3799,64.7236,63.665,58.3761,61.8859,61.3382,64.6706,67.6171
67.6219,64.4074,67.8373,64.7058,66.4364,63.7273,63.5598,65.9155,61.6767,65.1363,65.9349,67.8625


