========================================================

Test10 results 04-26-2005  17:07:29
Board ID322  30 channels
HV Tests Software Ver.1.6

+5V 2512 - O'k
-5V 1318 - O'k
Interlock - On

Voltmeter channel: A=1.082251, B=8.658047

A:
Limits 1.1 +/- 0.1
1.082251,1.078749,1.088732,1.076426,1.077586,1.079331,1.084011,1.085187,1.076426,1.084599
1.070664,1.080497,1.071811,1.070664,1.074691,1.071811,1.074114,1.078167,1.079331,1.079914
1.068947,1.071811,1.075269,1.074691,1.072386,1.073537,1.075847,1.082837,1.074691,1.074114


B:
Limits 0.0 +/- 30.0
8.658047,7.55105,2.177394,6.458547,5.388053,8.634694,11.924122,9.766678,5.382121,8.676929
9.635981,4.321996,9.646461,5.353326,19.344324,12.861896,16.111746,7.547299,7.555364,5.399534
10.689509,7.502839,6.451437,9.672105,15.013526,11.808746,5.379094,12.994219,10.746796,10.741177
========================================================
Test10 (ADC Calibration) results 2008-02-01 06:17:06
Board ID322 30 channels
Linux calibration software

Voltmeter channel: A=1.07701, B=-1452.69

A:
1.08258,1.07948,1.08769,1.07608,1.07728,1.07858,1.08464,1.08448,1.07732,1.08509
1.07104,1.07868,1.07107,1.06953,1.07688,1.07307,1.07518,1.07688,1.07824,1.07798
1.06903,1.0712,1.07564,1.07553,1.07307,1.07387,1.07501,1.08344,1.07457,1.07414


B:
6.1291,2.30738,0.584585,3.31847,1.68539,7.02648,6.91181,7.60654,0.035611,4.92109
6.21665,5.2128,9.02917,5.92593,11.5208,6.39354,10.5006,7.04379,6.45405,5.38807
7.2976,6.14905,2.33482,4.39866,9.32046,6.61981,3.80876,9.44493,8.41912,6.40098


========================================================
Test10 (ADC Calibration) results 2008-06-19 12:08:44
Board ID322 30 channels
Linux calibration software

Voltmeter channel: A=1.07, B=0

A:
1.0995,1.07514,1.10282,1.09192,1.0941,1.09519,1.10162,1.10143,1.09274,1.10282
1.08777,1.09538,1.08768,1.08705,1.09465,1.08948,1.09138,1.09465,1.09519,1.09538
1.08588,1.08759,1.09292,1.09156,1.08975,1.09038,1.09183,1.1006,1.09228,1.09002


B:
4.07956,22.5191,1.92186,4.68602,0.926132,6.04959,6.32544,6.27373,1.74775,3.90698
5.03429,4.12944,7.72783,3.09086,10.9303,4.97618,9.98905,4.14316,4.73541,3.47211
4.82398,5.41851,2.8916,5.23823,9.08455,6.54082,2.36758,8.35126,5.88095,7.52763


