========================================================

Test11 results 04-26-2005  17:08:46
Board ID322  30 channels
HV Tests Software Ver.1.6

+5V 2515 - O'k
-5V 1318 - O'k
Interlock - On
Calibration DAC Range: [2500 - 2900]


A:
Limits 0.76 +/- 0.04
0.743494,0.743494,0.735294,0.746269,0.743494,0.744879,0.739372,0.739372,0.743494,0.739372
0.749064,0.743494,0.750469,0.749064,0.743494,0.747664,0.746269,0.747664,0.743494,0.743494
0.750469,0.749064,0.746269,0.750469,0.747664,0.750469,0.746269,0.736648,0.747664,0.744879


B:
Limits 60.0 +/- 30.0
52.351814,62.516777,73.238289,58.562149,68.786018,54.674988,63.669693,59.721565,73.280563,62.801979
61.907661,62.516777,54.169956,64.144424,65.776825,61.766369,59.132053,48.802181,62.516777,63.24575
57.934761,63.427917,66.505104,58.535542,57.755344,47.170406,59.442333,75.58284,57.914879,70.900108
========================================================
Test11 (DAC Calibration) results 2008-02-01 06:17:06
Board ID322 30 channels
Linux calibration software
Calibration DAC Range: [1100 - 2700]

A:
0.739713,0.74184,0.736242,0.744186,0.743356,0.742459,0.737939,0.738416,0.743702,0.738007
0.747314,0.742391,0.747664,0.748363,0.743633,0.746269,0.74481,0.743633,0.742322,0.742873
0.748713,0.746826,0.744117,0.749064,0.746269,0.745712,0.745295,0.738757,0.745226,0.745157


B:
68.8395,71.6617,72.943,69.3023,73.7222,65.754,72.7885,66.9559,74.4352,69.7417
72.4428,70.3044,68.2243,70.2526,65.607,69.4031,66.3532,68.1355,70.6966,70.9722
68.423,74.6078,75.3511,66.2921,66.418,67.6363,67.6171,70.9115,69.5016,73.9194


========================================================
Test11 (ADC Calibration) results 2008-06-19 12:56:33
Board ID322 30 channels
Linux calibration software

Calibration DAC Range: [1000 - 3500]

A:
0.7284,0.7448,0.726,0.7332,0.7312,0.7312,0.7264,0.7272,0.7332,0.726
0.7364,0.7308,0.736,0.7364,0.7312,0.7348,0.7336,0.7316,0.7312,0.7308
0.7372,0.736,0.7324,0.7376,0.7348,0.7344,0.734,0.7272,0.7328,0.7344


B:
69.6,56.2001,73,68.7999,75.8001,66.8001,73.5999,67.8001,72.7999,71
71.6,72.2001,70,71.6,66.8001,71.2001,66.3999,70.4,70.8001,73.2001
69.7999,74,74.6,67.3999,67.2001,67.6001,67.9999,71.8001,72.2,72.6001


========================================================
Test11 (ADC Calibration) results 2008-07-17 10:58:43
Board ID322 30 channels
Linux calibration software

Calibration DAC Range: [1000 - 3500]

A:
0.7276,0.744,0.7252,0.7328,0.7312,0.7304,0.726,0.7264,0.732,0.7252
0.736,0.73,0.7352,0.736,0.7308,0.7348,0.7328,0.7312,0.73,0.7304
0.7368,0.7352,0.7316,0.7376,0.734,0.734,0.7332,0.7268,0.7324,0.734


B:
70.4001,57.9999,73.8,69.2,74.8001,67.5999,74,68.5999,75,72.8
72,72.9999,70.8,72,67.2001,70.2001,67.2,69.8001,72.9999,72.5999
69.2,74.8,75.4,66.3999,67.9999,67.9999,68.7999,71.1999,71.6,72.9999


========================================================
Test11 (ADC Calibration) results 2008-07-20 18:37:46
Board ID322 30 channels
Linux calibration software

Calibration DAC Range: [1000 - 3500]

A:
0.7276,0.7468,0.7256,0.7332,0.7316,0.7312,0.726,0.7272,0.732,0.7256
0.736,0.7308,0.7356,0.7356,0.7316,0.7344,0.7332,0.7312,0.7304,0.7304
0.7368,0.7356,0.732,0.7376,0.7348,0.7348,0.7336,0.7264,0.7324,0.734


B:
71.4001,57.2,73.4,67.7999,74.4,65.8001,74,66.8001,75,71.4
72,71.2001,70.4,73.4,66.4,71.6001,66.7999,70.8001,72.5999,72.5999
70.2,74.4,75,66.3999,66.2001,66.2001,68.3999,72.5999,71.6,72.9999


========================================================
Test11 (ADC Calibration) results 2008-07-24 23:03:59
Board ID322 30 channels
Linux calibration software

Calibration DAC Range: [1000 - 3500]

A:
0.728,0.7416,0.726,0.7332,0.7312,0.7308,0.726,0.7268,0.7324,0.7252
0.736,0.7304,0.7356,0.736,0.7312,0.7348,0.7328,0.7312,0.7304,0.7304
0.7368,0.7352,0.7316,0.7376,0.734,0.734,0.7332,0.7264,0.7324,0.734


B:
70.0001,61.4001,72,67.7999,75.8001,66.2001,75,68.1999,74.6,71.8
72,72.5999,70.4,72,66.8001,70.2001,67.2,70.8001,72.5999,73.5999
70.2,75.8,75.4,67.3999,67.9999,67.9999,68.7999,71.5999,71.6,72.9999


========================================================
Test11 (ADC Calibration) results 2008-08-13 01:14:42
Board ID322 30 channels
Linux calibration software

Calibration DAC Range: [1000 - 3500]

A:
0.728,0.7452,0.7252,0.7328,0.7312,0.7312,0.7256,0.7264,0.732,0.7248
0.7356,0.73,0.7356,0.736,0.7304,0.7344,0.7324,0.7308,0.7304,0.73
0.7364,0.7352,0.7316,0.7376,0.7344,0.734,0.7332,0.7264,0.732,0.734


B:
70.0001,57.8001,73.8,69.2,74.8001,65.8001,74.4,68.5999,75,72.2
72.4,72.9999,70.4,72,66.5999,70.6001,67.6,71.2001,72.5999,73.9999
70.6,75.8,74.4,66.3999,66.6001,67.9999,68.7999,71.5999,72,72.9999


