========================================================

Test15 results 07-06-2005  17:42:22
Board ID026  8 channels
HV Tests Software Ver.1.6


A:
Limits 1.45 +/- 2.0
1.452433,1.422475,1.432665,1.43472,1.432665,1.437814,1.433692,1.436782


B:
Limits 0.0 +/- 160.0
8.714471,1.422495,4.298007,17.216509,-12.89397,4.313577,-10.035797,-15.804697
========================================================
Test15 (Master ADC Calibration) results 2008-07-06 12:33:18
Board ID26 7 channels
Linux calibration software


A:
1.44966,1.33236,1.4308,1.46199,1.43304,1.43828,1.43904,1.38609

B:
2.63583,31.3712,2.73147,13.1578,-16.0239,3.26884,-10.2042,14.4909

========================================================
Test15 (ADC Calibration) results 2008-12-16 17:57:18
Board ID026 8 channels
Host: ufcmshv3
Linux calibration software

A:
1.46166,1.43266,1.44541,1.43361,1.44734,1.43789,1.45724,1.45187


B:
1.97871,-10.0287,-1.9567,11.3807,-16.0321,1.52637,-9.57311,-13.4019


