========================================================

Test16 results 07-06-2005  17:43:50
Board ID026  8 channels
HV Tests Software Ver.1.6
Calibration DAC Range: [1000 - 2300]


A:
Limits 0.57 +/- 0.1
0.570676,0.566696,0.566943,0.571429,0.564726,0.571177,0.566449,0.565709


B:
Limits 50.0 +/- 60.0
16.467039,34.023048,32.228516,13.46516,41.094589,15.29007,33.393265,37.162827
========================================================
Test16 (Master DAC Calibration) results 2008-07-06 12:33:18
Board ID26 7 channels
Linux calibration software
Calibration DAC Range: [1000 - 2200]

A:
0.635094,0.604142,0.574524,0.575031,0.565875,0.653247,0.645726,0.630642

B:
-269.067,17.2158,-2.80211,-61.2859,30.6111,-321.835,-290.794,-158.09

========================================================
Test16 (ADC Calibration) results 2008-12-16 18:05:59
Board ID026 8 channels
Host: ufcmshv3
Linux calibration software

A:
0.544,0.5572,0.5512,0.5564,0.5508,0.5556,0.5472,0.5492


B:
61.9999,53.7999,57.8001,53.6,57.1999,50.4,56.7999,57.8


========================================================
Test16 (ADC Calibration) results 2008-12-16 18:26:56
Board ID026 8 channels
Host: ufcmshv3
Linux calibration software

A:
0.544,0.5568,0.5516,0.556,0.5508,0.5556,0.5468,0.5488


B:
61.9999,55.2,57.4001,54,57.1999,49.4,57.1999,58.2


