========================================================

Test10 results 09-22-2006  16:32:24
Board ID305  30 channels
HV Tests Software Ver.1.6.1

+5V 2501 - O'k
-5V 1320 - O'k
Interlock - On

Voltmeter channel: A=1.090513, B=9.814711

A:
Limits 1.1 +/- 0.1
1.072386,1.083424,1.082251,1.075847,1.078167,1.073537,1.072961,1.052078,1.077006,1.077006
1.071237,1.072386,1.053741,1.058761,1.072961,1.058201,1.079914,1.075847,1.068376,1.075847
1.082837,1.081081,1.075847,1.080497,1.075847,1.072961,1.048218,1.077006,1.081081,1.076426


B:
Limits 0.0 +/- 30.0
9.651596,9.750828,9.740297,6.454941,8.625466,13.95582,10.729774,8.416488,9.692835,8.615829
12.854673,9.651596,11.5913,8.470129,11.802734,19.047558,12.958929,6.454941,8.547024,4.303246
7.580034,9.729908,6.454941,7.563487,7.530788,7.51089,12.578683,12.923853,16.216394,8.6114
========================================================
Test10 (ADC Calibration) results 2008-04-15 16:30:00
Board ID305 30 channels
Linux calibration software

Voltmeter channel: A=1.08323, B=-1439.08

A:
1.07107,1.08117,1.0786,1.07367,1.07555,1.07184,1.07128,1.0507,1.07544,1.07503
1.0692,1.07003,1.05122,1.0564,1.07124,1.05858,1.07881,1.07211,1.06569,1.07336
1.0794,1.07888,1.07274,1.07849,1.07284,1.07069,1.04527,1.07694,1.07736,1.07367


B:
2.9204,3.69397,7.9577,2.39284,3.98952,6.62845,6.25869,2.61581,2.76936,3.69218
7.2172,4.5705,8.05875,3.81852,3.73284,10.1592,4.01076,4.5546,6.0273,0.511944
5.19867,6.01023,3.49722,2.72702,3.36622,2.53982,10.1468,5.65699,11.5319,3.31917


