========================================================

Test15 results 08-17-2005  17:11:17
Board ID046  8 channels
HV Tests Software Ver.1.6


A:
Limits 1.45 +/- 2.0
1.449275,1.436782,1.432665,1.439885,1.439885,1.438849,1.444043,1.43472


B:
Limits 0.0 +/- 160.0
-7.24641,-2.873662,8.596001,17.278694,1.439961,-7.194388,0.000118,14.347069
========================================================
Test15 (Master ADC Calibration) results 2008-08-28 09:54:08
Board ID46 7 channels
Linux calibration software


A:
1.45195,1.42857,1.4413,1.44813,1.43904,1.44433,1.46823,1.44054

B:
-3.29988,-20.0001,-7.46857,0.789857,-14.5213,-16.8067,-14.5488,0.261772

========================================================
Test15 (ADC Calibration) results 2008-12-05 09:03:43
Board ID046 8 channels
Host: ufcmshv3
Linux calibration software

A:
1.4446,1.4231,1.45154,1.46166,1.43314,1.45414,1.46248,1.43235


B:
8.13429,-6.98395,3.37207,12.2103,-1.47732,-5.39149,-2.09252,12.5386


========================================================
Test15 (ADC Calibration) results 2008-12-05 11:03:36
Board ID046 8 channels
Host: ufcmshv3
Linux calibration software

A:
1.42794,1.4414,1.42967,1.42951,1.43109,1.44252,1.46793,7.17835


B:
8.72158,-5.23361,5.23465,13.3495,-0.330287,-5.43738,-1.12921,165.875


========================================================
Test15 (ADC Calibration) results 2008-12-05 11:41:09
Board ID046 8 channels
Host: ufcmshv3
Linux calibration software

A:
1.42841,1.4422,1.42999,1.42983,1.43203,1.44188,1.4681,1.45707


B:
7.25201,-7.23341,5.0158,12.8464,-2.13732,-4.41435,-1.24216,12.3962


========================================================
Test15 (ADC Calibration) results 2008-12-05 15:06:59
Board ID046 8 channels
Host: ufcmshv3
Linux calibration software

A:
1.40389,1.44012,1.42559,1.42201,1.43046,1.43949,1.43361,1.44557


B:
8.01297,-6.35884,6.07519,12.8421,-0.462059,-5.33714,-0.661509,13.2548


========================================================
Test15 (ADC Calibration) results 2008-12-15 11:12:04
Board ID046 8 channels
Host: ufcmshv3
Linux calibration software

A:
1.44428,1.44044,1.42606,1.43504,1.4344,1.40891,1.42123,1.42999


B:
8.06579,-7.73407,4.32203,12.4078,-1.21366,-5.11541,-1.39943,12.7379


========================================================
Test15 (ADC Calibration) results 2008-12-16 08:48:21
Board ID046 8 channels
Host: ufcmshv3
Linux calibration software

A:
1.44444,1.44076,1.42638,1.43472,1.43488,1.40891,1.42139,1.42999


B:
7.37791,-7.95743,3.24777,12.6256,-2.40602,-5.11541,-1.79334,13.0239


