========================================================

Test16 results 08-17-2005  17:12:44
Board ID046  8 channels
HV Tests Software Ver.1.6
Calibration DAC Range: [1000 - 2300]


A:
Limits 0.57 +/- 0.1
0.574459,0.572687,0.567686,0.570426,0.572183,0.57168,0.574459,0.568182


B:
Limits 50.0 +/- 60.0
2.996058,8.427089,30.070305,18.297482,11.26771,14.922303,3.822123,26.456959
========================================================
Test16 (Master DAC Calibration) results 2008-08-28 09:54:08
Board ID46 7 channels
Linux calibration software
Calibration DAC Range: [1000 - 2200]

A:
0.555276,0.565428,0.560133,0.557491,0.560486,0.558808,0.550896,0.560125

B:
42.8964,34.572,46.0563,46.2766,45.1062,41.6759,39.1821,46.5991

========================================================
Test16 (ADC Calibration) results 2008-12-05 09:17:45
Board ID046 8 channels
Host: ufcmshv3
Linux calibration software

A:
0.5572,0.5676,0.5556,0.5516,0.5624,0.5548,0.5516,0.5632


B:
40.7999,27.4,40.4,40.4001,38.6001,38.2001,37.4001,41.8


========================================================
Test16 (ADC Calibration) results 2008-12-05 11:49:16
Board ID046 8 channels
Host: ufcmshv3
Linux calibration software

A:
0.5636,0.56,0.564,0.564,0.5624,0.5592,0.5496,0.5532


B:
41.4,33,40,41,39.6001,36.8,38.4,42.8


========================================================
Test16 (ADC Calibration) results 2008-12-05 15:15:00
Board ID046 8 channels
Host: ufcmshv3
Linux calibration software

A:
0.5728,0.5604,0.5656,0.5672,0.5636,0.5604,0.5628,0.558


B:
40.2001,44.6,52.4001,40.8,38.4,35.6,38.2,37.9999


========================================================
Test16 (ADC Calibration) results 2008-12-15 11:21:38
Board ID046 8 channels
Host: ufcmshv3
Linux calibration software

A:
0.5724,0.5592,0.5644,0.5676,0.5636,0.5604,0.5628,0.5584


B:
33.6001,28.8,35.5999,41.4,36.4,35.6,38.2,39.6001


========================================================
Test16 (ADC Calibration) results 2008-12-16 08:55:25
Board ID046 8 channels
Host: ufcmshv3
Linux calibration software

A:
0.5568,0.5596,0.5636,0.5624,0.5624,0.5724,0.5676,0.5636


B:
34.2,27.4,38.4,42.6001,36.6001,35.6001,38.4,42.4


========================================================
Test16 (ADC Calibration) results 2009-02-02 14:58:01
Board ID046 8 channels
Host: ufcmshv3
Linux calibration software

A:
0.5632,0.5596,0.5556,0.5676,0.562,0.5724,0.5676,0.564


B:
43.8,27.4,34.4,40.4,37.0001,35.6001,38.4,41


========================================================
Test16 (ADC Calibration) results 2009-03-18 10:11:16
Board ID046 8 channels
Host: ufcmshv3
Linux calibration software

A:
0.5632,0.5612,0.5556,0.5672,0.5616,0.572,0.5672,0.564


B:
48.8,43.7999,33.4,40.8,37.3999,36.9999,38.8,41


========================================================
Test16 (ADC Calibration) results 2009-03-24 15:23:13
Board ID046 8 channels
Host: ufcmshv3
Linux calibration software

A:
0.5776,0.57,0.5636,0.5672,0.562,0.5716,0.5672,0.5636


B:
40.4,26,31.4,40.8,38.0001,37.3999,38.8,42.4


