========================================================

Test10 results 09-13-2005  16:32:53
Board ID061  36 channels
HV Tests Software Ver.1.6

+5V 3051 - O'k
-5V 1368 - O'k
Interlock - On

Voltmeter channel: A=1.074114, B=12.889404

A:
Limits 1.1 +/- 0.1
1.066667,1.076426,1.072961,1.076426,1.070091,1.076426,1.075847,1.080497,1.075847,1.075269,1.072386,1.077006
1.077586,1.06383,1.072386,1.074691,1.077006,1.071811,1.076426,1.068947,1.079331,1.070664,1.073537,1.070664
1.068947,1.075269,1.082837,1.074114,1.070664,1.068376,1.066667,1.068376,1.071237,1.073537,1.079914,1.072961


B:
Limits 0.0 +/- 35.0
18.133125,13.993531,12.875696,18.299236,14.981082,18.299236,12.910025,11.885475,16.137566,5.376168,12.868753,19.385889
17.241501,23.404284,11.796368,17.194942,18.308884,20.364574,12.917105,12.827404,15.11068,14.9893,9.661671,12.847973
17.103191,12.903049,15.159893,13.963518,18.201292,13.888905,13.866459,13.888905,13.925911,16.102896,16.198669,22.532349
========================================================

Test10 results 09-13-2005  16:54:17
Board ID061  36 channels
HV Tests Software Ver.1.6

+5V 3052 - O'k
-5V 1367 - O'k
Interlock - On

Voltmeter channel: A=1.074114, B=11.81529

A:
Limits 1.1 +/- 0.1
1.066098,1.076426,1.073537,1.076426,1.068947,1.075847,1.076426,1.080497,1.081081,1.074691,1.071811,1.077006
1.077006,1.064963,1.072961,1.075847,1.077586,1.071237,1.075269,1.068376,1.079331,1.070664,1.074691,1.071237
1.068947,1.075269,1.083424,1.073537,1.070091,1.067806,1.066667,1.067806,1.071237,1.072961,1.078749,1.072961


B:
Limits 0.0 +/- 35.0
18.123619,13.993531,10.735209,18.299236,18.172138,19.365108,10.764252,11.885475,16.216394,6.448031,13.933707,19.385889
18.308884,20.234222,10.729774,13.985871,16.163914,22.49581,16.128857,13.888905,15.11068,13.918636,6.448031,10.712199
17.103191,13.978319,13.001099,15.029358,18.191355,14.949322,13.866459,14.949322,13.925911,18.240503,19.417286,22.532349
========================================================
Test10 (ADC Calibration) results 2008-03-12 11:01:20
Board ID61 36 channels
Linux calibration software

Voltmeter channel: A=1.07225, B=11.4849

A:
1.06834,1.0819,1.07581,1.07841,1.06867,1.07503,1.07516,1.08028,1.0808,1.06382,1.07058,1.08424
1.08977,1.06543,1.07462,1.08564,1.07884,1.07131,1.07767,1.06787,1.07936,1.07169,1.07375,1.07044
1.06737,1.07767,1.08325,1.07338,1.07048,1.07048,1.06573,1.06774,1.07556,1.07569,1.07882,1.07336


B:
12.5893,11.4171,7.39262,12.117,13.3749,16.893,8.79114,9.24022,12.5352,12.3785,10.9445,16.6927
13.2746,19.1719,6.77976,9.94938,12.4048,15.9463,10.7799,10.9947,9.6292,10.9392,6.41431,8.74011
15.0379,7.70225,9.68988,12.0361,13.3426,8.75395,10.1338,9.16099,9.75294,8.92335,14.1896,17.9566


========================================================
Test10 (ADC Calibration) results 2008-06-19 12:08:44
Board ID061 36 channels
Linux calibration software

Voltmeter channel: A=1.07, B=0

A:
1.08498,1.10374,1.09474,1.09529,1.08597,1.09319,1.09192,1.09785,1.09922,1.03813,1.08957,1.11554
1.12134,1.08552,1.09611,1.12048,1.10023,1.08813,1.09785,1.08615,1.09602,1.09101,1.0921,1.08813
1.08489,1.09785,1.10005,1.0931,1.08705,1.08993,1.08239,1.0848,1.01946,1.08939,1.09675,1.09319


B:
14.2492,10.6841,3.96473,13.7566,12.4738,15.2282,9.18012,10.5448,12.1474,44.2548,10.0329,15.8216
15.5736,18.7484,8.40409,4.46087,13.8678,16.1472,10.7644,9.26762,11.1184,11.1033,5.30017,8.09489
14.1143,8.78806,11.394,11.5945,13.8743,9.91877,10.5693,9.85751,58.1939,14.7748,13.5214,18.0706


========================================================
Test10 (ADC Calibration) results 2008-06-20 09:41:00
Board ID061 36 channels
Linux calibration software

Voltmeter channel: A=1.07, B=0

A:
1.08534,1.10384,1.09419,1.0951,1.08588,1.09301,1.09174,1.09766,1.09904,1.03723,1.08957,1.11535
1.1201,1.08552,1.09602,1.11943,1.10033,1.0884,1.09757,1.08633,1.09592,1.09083,1.09228,1.08804
1.08489,1.09794,1.10023,1.09337,1.08732,1.08975,1.08239,1.0848,1.0271,1.08876,1.09702,1.09328


B:
13.4857,10.6001,6.65612,13.7039,12.3393,15.6127,9.34677,10.4925,12.3142,37.0041,9.59729,15.9905
15.3331,18.5314,8.2685,8.0907,13.1239,15.2471,11.2347,8.88504,10.9822,10.8328,4.47758,8.39586
14.1143,8.48507,10.7869,10.9073,12.9739,9.86665,10.5693,9.6406,74.2551,15.7881,13.2712,17.3314


