========================================================

Test11 results 09-13-2005  16:34:58
Board ID061  36 channels
HV Tests Software Ver.1.6

+5V 3053 - O'k
-5V 1368 - O'k
Interlock - On
Calibration DAC Range: [2500 - 2900]


A:
Limits 0.76 +/- 0.04
0.75188,0.744879,0.744879,0.743494,0.747664,0.749064,0.746269,0.744879,0.746269,0.747664,0.749064,0.746269
0.744879,0.753296,0.747664,0.747664,0.747664,0.749064,0.746269,0.750469,0.744879,0.749064,0.749064,0.747664
0.750469,0.747664,0.740741,0.749064,0.747664,0.75188,0.753296,0.750469,0.750469,0.747664,0.743494,0.747664


B:
Limits 60.0 +/- 40.0
59.298298,68.89843,80.50116,62.950058,72.559669,47.191559,62.65369,57.159313,61.048012,62.176342,63.599091,54.046642
61.678234,64.818031,68.986359,53.32832,52.755344,59.666321,61.77187,64.894737,50.727455,58.530476,66.27037,77.449959
63.379509,58.074596,64.640396,59.75008,69.359459,65.281029,58.678013,64.894737,58.191818,65.945511,65.728546,56.15086
========================================================

Test11 results 09-13-2005  16:56:21
Board ID061  36 channels
HV Tests Software Ver.1.6

+5V 3052 - O'k
-5V 1367 - O'k
Interlock - On
Calibration DAC Range: [2500 - 2900]


A:
Limits 0.76 +/- 0.04
0.75188,0.742115,0.747664,0.744879,0.753296,0.744879,0.746269,0.743494,0.742115,0.747664,0.749064,0.746269
0.744879,0.753296,0.747664,0.747664,0.746269,0.747664,0.744879,0.75188,0.742115,0.750469,0.747664,0.749064
0.75188,0.746269,0.739372,0.747664,0.747664,0.749064,0.754717,0.749064,0.750469,0.747664,0.744879,0.75188


B:
Limits 60.0 +/- 40.0
60.189686,79.403435,70.677368,59.196819,52.066814,60.800419,62.733311,61.787258,63.114952,64.422615,64.31633,54.850849
60.951721,64.01619,69.702629,53.32832,58.794266,65.693611,67.13607,60.458607,61.440121,53.28244,71.479973,72.164307
59.654964,63.456623,69.812286,64.256149,68.559227,75.005669,54.029293,70.203873,58.823929,65.226135,61.983021,41.647663
========================================================
Test11 (DAC Calibration) results 2008-03-12 11:01:20
Board ID61 36 channels
Linux calibration software
Calibration DAC Range: [1100 - 2700]

A:
0.751456,0.74129,0.74474,0.74481,0.750469,0.746408,0.746687,0.743149,0.742046,0.754646,0.749134,0.740809
0.736309,0.752375,0.746687,0.73985,0.743771,0.748994,0.744948,0.751033,0.744532,0.749485,0.746547,0.748853
0.751385,0.744948,0.740741,0.747175,0.749204,0.749204,0.753296,0.75188,0.746408,0.745573,0.744532,0.747943


B:
61.3376,71.3862,77.7694,59.6499,66.6042,59.5075,65.8391,65.5364,65.7359,61.4564,68.4427,58.7183
64.7493,65.9364,71.0659,60.5105,66.9021,65.7896,64.3728,65.9781,56.1656,58.0664,77.9769,75.419
65.3423,65.8627,68.1482,68.4504,67.4472,73.2911,63.1639,63.9098,65.9266,73.1967,66.1423,57.3673


========================================================
Test11 (ADC Calibration) results 2008-06-19 12:56:33
Board ID061 36 channels
Linux calibration software

Calibration DAC Range: [1000 - 3500]

A:
0.7396,0.7264,0.732,0.7332,0.7384,0.7344,0.7348,0.7308,0.73,0.7732,0.7368,0.72
0.7152,0.7388,0.732,0.7164,0.7292,0.7372,0.7312,0.7388,0.7328,0.736,0.734,0.7368
0.7392,0.7316,0.7296,0.7336,0.738,0.736,0.7416,0.74,0.788,0.736,0.7324,0.7344


B:
61.4,72.5999,81,59.8,68.6001,60.6001,67.2001,67.2001,66.9999,37.8001,68.2,60.9999
65.8,67.2,71,66.5999,67.8,66.7999,65.8001,67.2,57.2,59,78.9999,76.2
67.8,65.4,67.4,70.3999,67.0001,73,64.4001,65,27,70,67.6,58.6001


========================================================
Test11 (ADC Calibration) results 2008-06-20 18:14:35
Board ID061 36 channels
Linux calibration software

Calibration DAC Range: [1000 - 3500]

A:
0.7396,0.7264,0.7324,0.7332,0.7384,0.7344,0.7352,0.7308,0.7304,0.774,0.7364,0.7196
0.7164,0.7388,0.7316,0.7172,0.7296,0.7372,0.7312,0.7384,0.7332,0.7364,0.734,0.7372
0.7392,0.7308,0.7292,0.7336,0.738,0.736,0.7416,0.74,0.782,0.7364,0.7324,0.7344


B:
61.4,72.5999,78.6,59.8,68.6001,60.6001,66.8,67.2001,65.5999,43,69.6,61.3999
64.5999,67.2,72.4,63.8001,66.4,66.7999,65.8001,67.6001,56.8,58.6,79.9999,75.7999
66.8,67.2001,68.8,70.3999,67.0001,73,64.4001,65,15,69.6,67.6,58.6001


