========================================================
Test10 (ADC Calibration) results 2014-01-19 19:51:39
Board IDXXX 30 channels
Host: ufcmshv1
Linux calibration software

Voltmeter channel: A=1.09534, B=7.90604

A:
1.12054,1.07961,1.08556,1.08258,1.07639,1.07657,1.10016,1.0842,1.08756,1.11459
1.1251,1.08538,1.10408,1.09249,1.12822,1.07408,1.07711,1.10035,1.09728,1.09396
1.0902,1.08366,1.08628,1.04913,1.06103,1.09194,1.08393,1.10147,1.09249,1.10203


B:
5.54525,11.3146,7.18706,7.74098,7.57821,7.41413,7.9556,8.20819,7.75899,7.69296
8.26453,6.91808,8.40327,8.29683,8.00142,6.26575,7.35338,7.78801,6.37254,7.40361
7.9704,6.75153,6.74259,9.14066,7.48648,7.92103,6.07069,7.00313,7.64111,6.94073


========================================================
Test10 (ADC Calibration) results 2014-03-14 18:53:42
Board ID254 30 channels
Host: ufcmshv1
Linux calibration software

Voltmeter channel: A=1.11516, B=4.95337

A:
1.05982,1.06905,1.0673,1.06337,1.07019,1.05363,1.07836,1.0732,1.07648,1.0556
1.08619,1.04904,1.0574,1.07506,1.05082,1.05006,1.0755,1.09047,1.07711,1.05261
1.05732,1.08132,1.06967,1.06747,1.06155,1.07134,1.05723,1.07622,1.08078,1.05543


B:
4.16434,3.85205,5.48197,3.81347,4.92995,4.05589,6.63604,4.2928,5.55856,4.73541
5.52194,4.81409,5.36757,5.36441,5.4427,4.06279,4.52428,5.32265,4.33729,5.23065
4.81395,5.43228,4.56365,5.10596,4.45464,6.65262,4.68299,5.80465,5.06211,5.741


