========================================================

Test10 results 09-20-2006  15:59:17
Board ID121  36 channels
HV Tests Software Ver.1.6.1

+5V 2525 - O'k
-5V 1356 - O'k
Interlock - On

Voltmeter channel: A=1.072386, B=12.868753

A:
Limits 1.1 +/- 0.1
1.077006,1.075847,1.075847,1.071811,1.06383,1.073537,1.081666,1.081666,1.077586,1.068947,1.081081,1.070664
1.071811,1.073537,1.079914,1.082251,1.075269,1.073537,1.072386,1.072961,1.078167,1.078167,1.078749,1.082837
1.075269,1.072386,1.071811,1.081666,1.072961,1.074114,1.079331,1.071811,1.074114,1.076426,1.075847,1.080497


B:
Limits 0.0 +/- 30.0
12.923853,11.834177,17.213413,17.149141,34.04258,11.808746,16.225027,8.653366,14.008742,10.689509,9.729908,11.777308
27.867254,16.102896,10.799102,17.316055,18.279394,13.95582,19.30307,8.583851,15.094469,6.469132,8.629799,20.574078
12.903049,15.013526,13.933707,16.225027,12.875696,7.518835,16.19001,13.933707,21.482315,12.917105,18.289261,18.368458
Channels:
   5
Out of range 0.0 +/- 30.0
