========================================================
Test10 (ADC Calibration) results 2014-01-19 19:51:39
Board IDXXX 30 channels
Host: ufcmshv1
Linux calibration software

Voltmeter channel: A=1.09534, B=7.90604

A:
1.12054,1.07961,1.08556,1.08258,1.07639,1.07657,1.10016,1.0842,1.08756,1.11459
1.1251,1.08538,1.10408,1.09249,1.12822,1.07408,1.07711,1.10035,1.09728,1.09396
1.0902,1.08366,1.08628,1.04913,1.06103,1.09194,1.08393,1.10147,1.09249,1.10203


B:
5.54525,11.3146,7.18706,7.74098,7.57821,7.41413,7.9556,8.20819,7.75899,7.69296
8.26453,6.91808,8.40327,8.29683,8.00142,6.26575,7.35338,7.78801,6.37254,7.40361
7.9704,6.75153,6.74259,9.14066,7.48648,7.92103,6.07069,7.00313,7.64111,6.94073


========================================================
Test10 (ADC Calibration) results 2014-03-12 16:28:39
Board ID457 30 channels
Host: ufcmshv1
Linux calibration software

Voltmeter channel: A=1.08312, B=5.94691

A:
1.09728,1.08285,1.06887,1.04887,1.07099,1.07577,1.0891,1.07187,1.07081,1.07791
1.0984,1.07125,1.06181,1.05176,1.068,1.0797,1.06782,1.08375,1.09295,1.06914
1.07275,1.07854,1.07488,1.07809,1.07657,1.07267,1.07497,1.07125,1.07019,1.08556


B:
3.30009,4.67865,4.65652,3.50587,4.62332,5.78402,3.73649,4.44824,4.35817,4.67493
4.49006,5.66329,5.27324,4.98094,4.83067,3.45926,3.71242,3.85157,2.63515,3.77045
4.91657,3.66753,4.8839,4.94175,4.8302,4.35465,5.44665,4.80623,4.28773,5.88445


