========================================================
Test11 (ADC Calibration) results 2014-01-19 20:02:00
Board IDXXX 30 channels
Host: ufcmshv1
Linux calibration software

Calibration DAC Range: [1000 - 3500]

A:
0.7212,0.7496,0.7452,0.7468,0.7508,0.7516,0.7348,0.7456,0.744,0.7256
0.7188,0.7452,0.7328,0.7404,0.7164,0.7528,0.7504,0.7344,0.7364,0.7388
0.7412,0.746,0.744,0.7724,0.7616,0.74,0.746,0.7336,0.7396,0.7336


B:
65.8,61.4,63.8001,65.2,65.2,65.3999,66.2001,64.4001,64.9999,67.4
64.2,66.8001,66.2,63.5999,65.5999,66.2,65.6,64.6001,66.6,65.2
65.8001,65,65.9999,64.5999,66.3999,66,66,67.3999,66.4,65.3999


========================================================
Test11 (ADC Calibration) results 2014-03-12 16:40:27
Board ID457 30 channels
Host: ufcmshv1
Linux calibration software

Calibration DAC Range: [1000 - 3500]

A:
0.7408,0.7504,0.7604,0.7748,0.7588,0.7552,0.7464,0.7588,0.7588,0.7544
0.74,0.7584,0.7656,0.7728,0.7616,0.7532,0.7616,0.75,0.7444,0.7604
0.7576,0.7536,0.756,0.756,0.7548,0.7576,0.756,0.7588,0.7592,0.7488


B:
65.1999,64.6,64.6,64.2,65.1999,65.7999,64.6,59.1999,66.1999,64.5999
65,65.5999,64.3999,65.1999,63.3999,66.8,65.3999,65,67.5999,65.6
64.4,66.4,65.0001,64.0001,65.1999,65.4,65.0001,65.1999,65.8001,63.2001


