========================================================

Test10 results 06-28-2005  15:53:57
Board ID365  30 channels
HV Tests Software Ver.1.6

+5V 2501 - O'k
-5V 1352 - O'k
Interlock - On

Voltmeter channel: A=1.084011, B=4.336046

A:
Limits 1.1 +/- 0.1
1.073537,1.072961,1.073537,1.071811,1.076426,1.077006,1.071237,1.079331,1.067236,1.075847
1.067236,1.078167,1.074114,1.075269,1.077586,1.078167,1.074691,1.081666,1.072961,1.074691
1.077006,1.077006,1.070091,1.082837,1.073537,1.074114,1.077006,1.073537,1.079914,1.078167


B:
Limits 0.0 +/- 30.0
3.220447,8.583851,4.293984,15.005518,5.382121,5.384811,11.783437,8.634694,3.201826,9.682483
4.269062,6.469132,7.518835,4.300899,6.465639,3.234631,-0.000115,8.653366,4.292006,9.672105
4.307805,11.846848,5.350263,1.083012,11.808746,6.444721,3.230799,5.367522,8.639275,2.156464
========================================================
Test10 (ADC Calibration) results 2007-11-06 16:21:47
Board ID365 30 channels
Linux calibration software

Voltmeter channel: A=1.07839, B=-1167.85

A:
1.07316,1.07867,1.07417,1.07269,1.07962,1.0783,1.07336,1.07917,1.06609,1.07572
1.06647,1.07794,1.0733,1.07568,1.0776,1.07845,1.07393,1.0822,1.07262,1.07296
1.07925,1.07689,1.0736,1.08332,1.0776,1.07677,1.07659,1.07602,1.07996,1.08117


B:
4.7963,4.12673,4.88149,8.61015,2.08699,1.94437,7.43261,4.8462,2.92728,8.53349
0.722268,3.22624,5.32728,2.03646,2.57223,2.82545,-1.84581,5.18289,1.35689,10.4179
0.110874,7.77754,0.802537,-0.222396,5.64983,-0.802041,1.93145,1.69956,5.37157,-0.736745


