========================================================

Test11 results 06-28-2005  15:58:03
Board ID365  30 channels
HV Tests Software Ver.1.6

+5V 2501 - O'k
-5V 1352 - O'k
Interlock - On
Calibration DAC Range: [2500 - 2900]


A:
Limits 0.76 +/- 0.04
0.754717,0.754717,0.754717,0.754717,0.750469,0.749064,0.753296,0.750469,0.757576,0.753296
0.757576,0.750469,0.753296,0.753296,0.753296,0.75188,0.753296,0.746269,0.754717,0.750469
0.75188,0.75188,0.756144,0.749064,0.754717,0.753296,0.75188,0.754717,0.749064,0.75188


B:
Limits 60.0 +/- 30.0
56.760532,59.093227,59.997932,55.235252,66.151443,70.831688,63.825657,60.037395,62.931343,52.056332
65.356842,57.694744,55.025005,61.776344,51.600784,54.524338,67.34919,69.994308,66.472725,67.584595
57.765167,56.866436,63.045982,75.701515,53.800812,59.970165,60.824635,57.664497,59.142563,53.88792
========================================================
Test11 (DAC Calibration) results 2007-11-06 16:21:47
Board ID365 30 channels
Linux calibration software
Calibration DAC Range: [1100 - 2700]

A:
0.752233,0.748013,0.751527,0.752941,0.747733,0.748643,0.752092,0.747664,0.757217,0.750821
0.756573,0.749274,0.752516,0.750469,0.749134,0.748923,0.751315,0.745573,0.752233,0.752375
0.748363,0.749625,0.752304,0.748573,0.749134,0.750469,0.749836,0.75061,0.747873,0.747035


B:
67.936,74.6237,71.9117,66.9647,73.2125,77.3535,69.183,75.7009,70.9418,64.6175
76.3571,67.7998,63.785,74.8593,72.0385,66.4855,81.5178,77.0736,80.724,67.742
71.7493,71.3644,74.4594,79.9943,70.5403,71.107,73.3246,71.3644,69.4307,68.3443


========================================================
Test11 (ADC Calibration) results 2008-06-17 18:39:44
Board ID365 30 channels
Linux calibration software

Calibration DAC Range: [1000 - 3500]

A:
0.74,0.7368,0.74,0.7412,0.7364,0.7368,0.7404,0.736,0.746,0.7392
0.746,0.7536,0.74,0.7412,0.7376,0.7376,0.7392,0.734,0.7408,0.7404
0.7584,0.738,0.7416,0.7376,0.7384,0.7392,0.7384,0.7392,0.736,0.7364


B:
70,75.2,72,66.8001,73.6,77.2,70.5999,76,70,65.8
76,62.4,66,72.8001,72.3999,66.3999,82.8,77.9999,80.1999,68.5999
50.5999,72.0001,73.4001,79.3999,69.6001,69.8,73.6001,71.8,71,66.6


