========================================================

Test10 results 12-13-2006  12:06:54
Board ID150  36 channels
HV Tests Software Ver.1.6.8

+5V 2523 - O'k
-5V 1328 - O'k
Interlock - On
Number of Samples: 400

Voltmeter channel: A=1.081081, B=17.297476

A:
Limits 1.1 +/- 0.1
1.068947,1.094691,1.074691,1.070664,1.075847,1.072961,1.085187,1.075269,1.079331,1.078167,1.074114,1.070664
1.079914,1.074691,1.075847,1.078749,1.079331,1.075269,1.078167,1.075847,1.083424,1.082251,1.077006,1.077586
1.081666,1.078167,1.079914,1.075269,1.075847,1.086366,1.083424,1.072961,1.077586,1.085187,1.084011,1.083424


B:
Limits 0.0 +/- 30.0
6.413721,13.136107,16.120251,14.9893,16.137566,5.364967,7.596303,11.827781,10.793356,4.312799,11.81529,9.635981
7.559361,8.597414,6.454941,7.55105,8.634694,6.451437,15.094469,18.289261,8.667404,15.151553,8.615829,5.388053
19.470024,15.094469,17.278584,7.526706,13.985871,4.345641,11.917675,13.948658,8.620811,13.02224,14.092143,8.667404
========================================================
Test10 (ADC Calibration) results 2008-04-09 15:25:24
Board ID150 36 channels
Linux calibration software

Voltmeter channel: A=1.07753, B=19.7672

A:
1.06562,1.09182,1.07242,1.06818,1.07336,1.06956,1.08257,1.07357,1.07586,1.07532,1.07182,1.06744
1.07673,1.07182,1.07327,1.07485,1.07691,1.07283,1.07525,1.0732,1.08131,1.07933,1.07424,1.07525
1.07883,1.07664,1.07804,1.07323,1.07377,1.08285,1.08127,1.07047,1.07509,1.08303,1.08189,1.08067


B:
3.39582,8.74813,10.8041,11.1362,11.3991,3.08057,2.56221,5.12156,7.9768,0.523153,5.83175,5.28278
4.17057,4.36017,1.36167,5.41867,2.78908,1.16239,11.752,14.042,2.40706,11.6126,5.41499,-0.248005
16.1004,8.29675,10.6533,1.33596,9.78998,1.00044,6.86559,9.70371,3.58693,6.73662,4.34004,3.39256


