========================================================

Test10 results 02-21-2006  16:16:15
Board ID381  30 channels
HV Tests Software Ver.1.6

+5V 2553 - O'k
-5V 1301 - O'k
Interlock - On

Voltmeter channel: A=1.067236, B=10.672477

A:
Limits 1.1 +/- 0.1
1.060445,1.055966,1.066098,1.061008,1.062135,1.069519,1.064396,1.060445,1.053741,1.070091
1.055966,1.064963,1.070091,1.064396,1.058201,1.054296,1.06553,1.061008,1.059322,1.067806
1.062699,1.064396,1.06553,1.066098,1.069519,1.06553,1.070091,1.066667,1.072961,1.058201


B:
Limits 0.0 +/- 35.0
11.664745,15.839309,11.727031,12.732024,15.932133,17.112415,6.386566,9.543855,15.806263,11.770809
11.615443,10.649558,12.8409,15.966129,11.64015,14.760156,9.589919,12.732024,12.711994,10.6781
12.752606,11.708546,19.179689,15.991423,11.764822,8.524389,19.261446,9.599792,12.875696,10.581949
========================================================
Test10 (ADC Calibration) results 2008-01-25 06:49:15
Board ID381 30 channels
Linux calibration software

Voltmeter channel: A=1.00335, B=-1386.25

A:
1.06061,1.0571,1.06607,1.06051,1.06157,1.06975,1.06309,1.06045,1.05425,1.06991
1.05653,1.0659,1.07011,1.06468,1.05885,1.05452,1.06597,1.0616,1.05892,1.06773
1.06269,1.06365,1.06766,1.067,1.06938,1.06445,1.06925,1.06617,1.07306,1.05809


B:
8.00019,9.79742,7.16537,9.36996,13.1918,13.1059,6.67693,5.07017,11.0921,9.23474
6.72501,5.71248,9.44951,12.1516,6.3819,9.67144,4.29282,8.02928,9.49163,7.84317
8.5027,10.386,12.1919,10.4429,8.75612,8.44775,17.3521,8.1041,10.8968,6.92435


