========================================================

Test10 results 04-27-2005  14:17:33
Board ID336  30 channels
HV Tests Software Ver.1.6

+5V 2490 - O'k
-5V 1306 - O'k
Interlock - On

Voltmeter channel: A=1.081666, B=3.245038

A:
Limits 1.1 +/- 0.1
1.081081,1.074691,1.076426,1.074691,1.080497,1.074691,1.081666,1.070664,1.074691,1.079331
1.071237,1.081081,1.080497,1.081081,1.084599,1.074114,1.071811,1.072961,1.082251,1.067806
1.077006,1.077006,1.071811,1.079914,1.078167,1.084011,1.073537,1.067806,1.077586,1.075847


B:
Limits 0.0 +/- 30.0
0.000179,2.149267,4.305695,3.223958,4.321996,4.298649,-1.081625,6.423989,5.373341,6.476033
8.569725,8.648827,3.241499,0.000179,0.00014,6.444721,9.646461,1.073122,5.411294,3.20346
4.307805,3.230799,8.57465,-3.433228e-005,-2.156204,5.420056,8.588134,6.406877,2.155294,5.379094
========================================================
Test10 (ADC Calibration) results 2007-12-10 15:16:31
Board ID336 30 channels
Linux calibration software

Voltmeter channel: A=1.06481, B=-1517.71

A:
1.07842,1.07479,1.07522,1.07076,1.07842,1.07163,1.07968,1.06793,1.07439,1.07848
1.0693,1.07898,1.07595,1.07878,1.08152,1.07239,1.07086,1.07196,1.07998,1.06357
1.07502,1.07419,1.07119,1.08127,1.07542,1.08239,1.07289,1.0654,1.07629,1.07303


B:
-0.763981,0.59843,4.43493,4.1339,1.91454,4.1279,2.81036,6.63571,2.55977,6.23607
5.88511,6.7925,4.90284,-1.11348,1.6783,4.83232,4.44306,0.022464,3.78577,6.18193
2.2928,3.51924,5.70312,0.498961,-2.29763,4.88817,7.26269,5.89311,2.82042,6.59546


========================================================
Test10 (ADC Calibration) results 2008-06-17 15:59:19
Board ID336 30 channels
Linux calibration software

Voltmeter channel: A=1.07, B=0

A:
1.09508,1.04331,1.09153,1.08836,1.09398,1.08791,1.09627,1.0845,1.09044,1.09499
1.08584,1.09599,1.08945,1.09572,1.09838,1.08881,1.08683,1.08827,1.097,1.08119
1.09108,1.09044,1.08656,1.09755,1.09189,1.09884,1.08773,1.08164,1.0735,1.08945


B:
-0.786773,46.4896,5.53971,4.3124,4.59776,5.16353,2.50311,6.14197,3.48588,6.08585
6.85384,6.0431,6.14539,-1.59518,1.88652,4.54944,5.5076,0.695474,3.36671,4.22061
3.99247,4.79436,7.27755,1.98511,-1.12641,4.98194,9.6803,5.97075,15.0107,7.6709


========================================================
Test10 (ADC Calibration) results 2008-07-16 21:23:30
Board ID336 30 channels
Linux calibration software

Voltmeter channel: A=1.07, B=0

A:
1.0954,1.07252,1.09247,1.08936,1.09483,1.08832,1.09693,1.08533,1.09105,1.09559
1.08673,1.09674,1.08983,1.09616,1.09903,1.09011,1.08748,1.08879,1.09769,1.08171
1.0919,1.09114,1.08748,1.09817,1.09294,1.09903,1.08983,1.08273,1.06663,1.0902


B:
-0.647466,19.1363,4.4608,3.39545,3.59981,4.56543,1.8999,5.58788,3.57911,5.75095
5.38071,5.58421,5.35943,-1.7859,1.51233,2.91978,4.9078,0.43079,2.51758,3.52814
3.2344,4.14696,6.21311,1.42189,-2.53097,4.37002,8.1927,4.74583,13.8983,6.97593


========================================================
Test10 (ADC Calibration) results 2008-07-19 11:34:37
Board ID336 30 channels
Linux calibration software

Voltmeter channel: A=1.07, B=0

A:
1.0954,1.07453,1.09218,1.08917,1.09455,1.08842,1.09693,1.08496,1.09114,1.09559
1.08673,1.09664,1.08936,1.09588,1.09893,1.08926,1.08711,1.08879,1.0974,1.0818
1.0918,1.09133,1.08739,1.09874,1.09266,1.09874,1.08282,1.08217,1.06817,1.0902


B:
-0.428439,17.0707,4.72075,3.35113,4.51738,4.26118,2.11923,6.14983,3.05581,5.9704
5.16342,5.67137,5.79198,-1.30398,1.38028,4.35356,5.47055,0.212818,2.99929,3.65832
3.10269,3.10006,6.73411,0.676514,-1.83178,3.97273,14.1889,5.69456,12.8961,6.97593


========================================================
Test10 (ADC Calibration) results 2008-07-19 14:46:21
Board ID336 30 channels
Linux calibration software

Voltmeter channel: A=1.07, B=0

A:
1.09531,1.06457,1.09218,1.08898,1.09474,1.08861,1.09626,1.08468,1.09096,1.09559
1.08645,1.09674,1.08907,1.09588,1.09874,1.08954,1.08767,1.08889,1.09721,1.08189
1.09162,1.09114,1.08757,1.09845,1.09237,1.09807,1.0844,1.08254,1.06537,1.0902


B:
-0.559896,25.832,5.1579,3.74201,3.68652,3.65268,3.60763,6.62464,3.22942,5.75095
5.63952,5.36492,5.39749,-1.96162,1.55556,3.65785,4.30005,0.125927,3.17384,3.35565
3.4947,3.71061,5.90915,0.939184,-0.914443,5.68183,12.3046,4.70148,16.3504,7.19391


========================================================
Test10 (ADC Calibration) results 2008-07-20 08:08:59
Board ID336 30 channels
Linux calibration software

Voltmeter channel: A=1.07, B=0

A:
1.0954,1.06474,1.09209,1.08898,1.09493,1.08842,1.09712,1.08496,1.09105,1.0955
1.08655,1.09674,1.08907,1.09597,1.09883,1.08954,1.08748,1.08879,1.09759,1.08189
1.09143,1.09124,1.08739,1.09855,1.09266,1.09845,1.08366,1.08245,1.06582,1.09001


B:
-0.647466,26.7313,5.24459,3.52427,3.73157,4.47881,1.72524,6.14983,3.14241,5.83799
5.77039,5.58421,6.2688,-1.61087,1.68761,3.87571,4.69036,0.212818,2.38558,3.57198
3.44968,3.18706,6.29926,1.07137,-1.61331,4.45456,13.6379,4.78741,17.8505,7.58451


========================================================
Test10 (ADC Calibration) results 2008-07-20 17:40:55
Board ID336 30 channels
Linux calibration software

Voltmeter channel: A=1.07, B=0

A:
1.09531,1.05531,1.09218,1.08907,1.09493,1.08861,1.09664,1.08487,1.09049,1.09578
1.08664,1.09645,1.08907,1.09569,1.09893,1.08964,1.08776,1.08898,1.09731,1.08161
1.09171,1.09096,1.08767,1.09845,1.09275,1.09826,1.08356,1.08217,1.06573,1.08992


B:
-0.559896,35.0002,4.50249,3.4371,3.29344,3.87034,3.03927,6.45256,4.09897,5.57722
5.24963,6.2835,6.05104,-1.12915,1.16054,3.57097,4.21348,-0.396171,3.30576,4.04672
3.18935,3.88384,6.04054,1.37884,-1.7007,5.28779,13.5066,5.4783,17.0816,7.88918


========================================================
Test10 (ADC Calibration) results 2008-07-24 12:08:22
Board ID336 30 channels
Linux calibration software

Voltmeter channel: A=1.07, B=0

A:
1.09531,1.06385,1.09218,1.08861,1.09455,1.08851,1.09702,1.08496,1.09067,1.09578
1.08636,1.09664,1.08936,1.09597,1.09874,1.08945,1.08729,1.08889,1.09759,1.08161
1.09133,1.09077,1.0872,1.09836,1.09303,1.09826,1.08673,1.08236,1.066,1.09011


B:
-0.559896,27.345,4.72075,3.21734,3.86043,3.73928,1.5932,5.49862,3.48967,5.79671
5.72621,5.45221,5.13814,-2.04954,1.33586,4.18045,5.51556,-0.309401,2.16574,3.61379
3.75508,4.0571,6.25401,0.807188,-2.39988,5.28779,10.5971,5.08979,15.9782,7.06225


