========================================================

Test10 results 09-21-2006  12:29:41
Board ID071  36 channels
HV Tests Software Ver.1.6.1

+5V 2494 - O'k
-5V 1315 - O'k
Interlock - On

Voltmeter channel: A=1.078167, B=8.625466

A:
Limits 1.1 +/- 0.1
1.085187,1.081081,1.077586,1.078749,1.080497,1.072386,1.080497,1.091107,1.092299,1.088139,1.078749,1.081666
1.073537,1.088732,1.076426,1.077586,1.074114,1.089325,1.066667,1.082837,1.082837,1.081081,1.085187,1.077006
1.086957,1.085776,1.086366,1.086366,1.078167,1.083424,1.081666,1.071237,1.062135,1.073537,1.098298,1.086366


B:
Limits 0.0 +/- 30.0
4.340742,12.973151,11.85357,5.393553,5.402493,19.30307,9.724482,10.911025,17.476599,10.881342,14.023542,8.653366
12.882283,13.064711,11.840678,11.85357,7.518835,6.53604,13.866459,9.745708,12.994219,10.810989,6.511116,14.000859
16.304424,10.857767,11.950203,7.604739,15.094469,18.418217,10.816698,11.783437,16.994268,9.661671,13.179727,13.03657
========================================================
Test10 (ADC Calibration) results 2008-03-12 11:20:28
Board ID71 36 channels
Linux calibration software

Voltmeter channel: A=1.07397, B=12.2014

A:
1.08131,1.0802,1.07487,1.07534,1.07769,1.07035,1.07889,1.08843,1.09004,1.08614,1.07627,1.07755
1.06988,1.08808,1.07457,1.07644,1.07196,1.08589,1.06429,1.07976,1.081,1.07829,1.08185,1.07541
1.08462,1.08312,1.08503,1.08467,1.07634,1.08161,1.07861,1.0673,1.08985,1.07217,1.09631,1.08332


B:
3.61533,5.58419,8.68483,2.96863,1.58026,14.372,3.72505,8.18552,11.9287,5.99604,9.90382,8.28003
11.7575,5.95653,6.66895,8.02802,2.39534,6.09597,8.41678,8.62657,5.76176,7.45643,5.23184,8.07241
11.7902,6.46141,5.81826,1.88187,10.2728,13.4762,7.79543,10.5255,11.0016,2.07932,8.66235,9.10473


