========================================================

Test11 results 09-21-2006  12:31:12
Board ID071  36 channels
HV Tests Software Ver.1.6.1

+5V 2495 - O'k
-5V 1314 - O'k
Interlock - On
Calibration DAC Range: [2500 - 2900]


A:
Limits 0.76 +/- 0.04
0.740741,0.742115,0.744879,0.746269,0.743494,0.75188,0.744879,0.738007,0.736648,0.738007,0.744879,0.747664
0.747664,0.738007,0.747664,0.743494,0.750469,0.736648,0.75188,0.740741,0.742115,0.744879,0.740741,0.744879
0.742115,0.740741,0.740741,0.740741,0.743494,0.743494,0.743494,0.753296,0.757576,0.747664,0.736648,0.739372


B:
Limits 60.0 +/- 30.0
73.468338,73.621422,72.909607,70.93425,74.721085,53.742355,67.849487,60.766384,58.757366,72.444054,74.930023,53.950584
69.702629,68.559967,63.229023,70.390083,63.461044,79.460129,75.338333,75.875923,69.757393,62.212524,67.189041,73.711952
54.956944,64.113228,67.330276,65.056519,76.806358,58.932903,71.42746,59.321697,62.915066,68.35479,65.866127,71.030373
========================================================
Test11 (DAC Calibration) results 2008-03-12 11:20:28
Board ID71 36 channels
Linux calibration software
Calibration DAC Range: [1100 - 2700]

A:
0.743564,0.744325,0.748013,0.747314,0.74606,0.751174,0.745226,0.73944,0.738348,0.739508,0.745921,0.745782
0.75188,0.739303,0.748223,0.746547,0.750047,0.740056,0.755073,0.744255,0.743771,0.745643,0.743564,0.748013
0.74129,0.742322,0.741015,0.741633,0.746617,0.743356,0.744671,0.752941,0.737735,0.751033,0.737463,0.742184


B:
72.99,73.13,69.986,75.5815,76.1076,64.8825,75.3144,65.3758,62.6211,75.4854,81.0724,70.8212
63.9098,72.3685,71.4926,66.1814,74.6858,76.5033,73.8557,72.1835,73.001,70.1183,66.4466,70.734
66.9384,68.4697,74.5832,71.3544,74.1484,68.0729,76.5243,71.4823,69.9742,66.1283,71.6814,71.3332


