========================================================

Test10 results 09-29-2006  10:00:23
Board ID327  30 channels
HV Tests Software Ver.1.6.8

+5V 2538 - O'k
-5V 1309 - O'k
Interlock - On
Number of Samples: 400

Voltmeter channel: A=1.096491, B=10.964951

A:
Limits 1.1 +/- 0.1
1.074691,1.075269,1.074691,1.075847,1.071237,1.069519,1.080497,1.076426,1.084011,1.076426
1.071811,1.076426,1.072386,1.072386,1.080497,1.078167,1.077586,1.079331,1.06553,1.086957
1.087548,1.072386,1.078167,1.06383,1.075269,1.072961,1.078167,1.081081,1.073537,1.076426


B:
Limits 0.0 +/- 30.0
8.597414,11.827781,12.896177,12.910025,11.783437,14.973378,18.368458,11.840678,18.428186,13.993531
15.005518,6.458547,11.796368,7.506824,11.885475,11.859968,15.086329,9.714025,8.524389,11.956598
13.050716,5.362052,11.859968,13.829816,11.827781,12.875696,14.016302,17.297476,9.661671,10.764252
========================================================
Test10 (ADC Calibration) results 2008-01-30 09:52:14
Board ID327 30 channels
Linux calibration software

Voltmeter channel: A=1.08811, B=-1384.56

A:
1.07265,1.07315,1.07184,1.07355,1.0686,1.06717,1.07866,1.07391,1.08216,1.07371
1.06924,1.07371,1.06984,1.0691,1.07812,1.07585,1.07621,1.07651,1.06303,1.08332
1.08557,1.06964,1.07598,1.0613,1.07251,1.06994,1.07541,1.08156,1.07034,1.07415


B:
3.23191,6.81146,8.78397,7.15386,6.46264,9.75808,12.7121,7.05911,13.3228,10.2401
10.5904,3.09271,7.02442,5.10034,6.55698,7.13736,7.62677,5.79647,3.7787,8.6942
6.98232,2.20977,6.48246,10.8412,8.62372,9.75651,10.0743,10.2071,7.11574,5.38677


========================================================
Test10 (ADC Calibration) results 2008-05-09 10:46:22
Board ID327 30 channels
Linux calibration software

Voltmeter channel: A=1.08906, B=-1385.02

A:
1.07214,1.07429,1.07202,1.07388,1.06927,1.0676,1.07856,1.07371,1.08271,1.07415
1.06944,1.07435,1.06984,1.0687,1.0789,1.07565,1.07621,1.08187,1.06356,1.08447
1.08557,1.07038,1.07661,1.06183,1.07275,1.06964,1.07645,1.08116,1.06994,1.07523


B:
4.94395,3.35985,8.76355,6.72335,6.40764,8.60059,12.6397,8.38755,12.6314,9.68336
11.0041,1.87979,7.02442,6.67837,5.56373,8.46899,7.6,9.34852,2.89877,6.03991
7.66814,0.470452,5.46903,10.1667,8.32235,10.1401,8.22815,11.518,8.2963,2.9367


========================================================
Test10 (ADC Calibration) results 2008-06-02 05:07:58
Board ID327 30 channels
Linux calibration software

Voltmeter channel: A=1.08935, B=-1388.34

A:
1.07335,1.07398,1.07248,1.07355,1.06874,1.06743,1.07866,1.07435,1.08267,1.07415
1.0698,1.07445,1.0699,1.07024,1.07866,1.07561,1.06964,1.07661,1.06366,1.08393
1.08557,1.07058,1.07712,1.0613,1.07271,1.07004,1.07571,1.07966,1.07031,1.07469


B:
3.33643,5.06911,7.49636,7.08031,7.22209,9.61591,12.6334,6.42839,12.6017,10.2093
10.2686,0.403058,7.94109,2.98352,5.79073,9.4418,17.2098,6.46903,2.70713,8.92991
8.18227,0.1445,4.75469,10.58,9.16859,9.55878,9.69247,13.3546,7.76056,3.55022


========================================================
Test10 (ADC Calibration) results 2008-06-16 13:15:45
Board ID327 30 channels
Linux calibration software

Voltmeter channel: A=1.07, B=0

A:
1.07625,1.07616,1.07554,1.07643,1.07208,1.07005,1.08144,1.07687,1.08532,1.07705
1.07261,1.07705,1.07305,1.07278,1.08135,1.07911,1.07385,1.07991,1.0661,1.08759
1.08823,1.07243,1.07893,1.06427,1.07589,1.07323,1.07991,1.08723,1.07403,1.07732


B:
3.39421,6.49032,8.35594,8.18078,6.8285,10.2066,12.6446,7.76996,13.4412,10.1905
10.4124,2.00477,7.21437,4.24191,7.75224,7.86881,13.7783,5.39943,4.69049,7.24474
8.62218,2.42537,7.17097,10.2333,8.6734,10.4847,7.77545,9.53422,6.31223,5.63529


========================================================
Test10 (ADC Calibration) results 2008-06-17 07:08:50
Board ID327 30 channels
Linux calibration software

Voltmeter channel: A=1.07, B=0

A:
1.08894,1.08858,1.08777,1.08912,1.08436,1.08293,1.09383,1.0893,1.09766,1.08939
1.08507,1.08939,1.08552,1.08498,1.09383,1.09165,1.08624,1.09274,1.07822,1.10033
1.1006,1.08489,1.09147,1.07663,1.08804,1.08579,1.09228,1.09941,1.08615,1.08957


B:
1.42666,5.46174,7.73245,6.26958,5.6685,7.85808,11.7723,6.32124,13.1026,8.6349
8.91144,1.22701,5.67615,3.13542,6.52182,6.12016,12.8332,3.5891,3.8029,5.62223
7.79166,1.26532,5.8501,9.16145,8.13643,8.46773,6.84672,9.53997,5.52994,4.54645


========================================================
Test10 (ADC Calibration) results 2008-06-18 13:34:39
Board ID327 30 channels
Linux calibration software

Voltmeter channel: A=1.07, B=0

A:
1.08921,1.08849,1.08804,1.08885,1.08427,1.08284,1.09392,1.08939,1.09803,1.08948
1.08516,1.0893,1.08561,1.08489,1.09401,1.09183,1.08588,1.09256,1.07822,1.10033
1.10088,1.08498,1.09156,1.07655,1.0884,1.08579,1.09228,1.09996,1.08615,1.08993


B:
0.958439,5.54499,7.04839,6.95484,5.75135,7.72372,11.4705,6.23843,12.1109,8.76977
9.04621,1.09255,5.37602,3.43511,5.91754,5.29828,13.5969,3.97482,3.58745,5.18221
7.09906,0.965448,5.54844,8.81291,7.15193,8.46773,6.41004,8.15802,5.31276,3.99492


