========================================================

Test10 results 01-27-2005  16:41:17
Board ID298  30 channels
HV Tests Software Ver.1.6

+5V 2523 - O'k
-5V 1319 - O'k
Interlock - On

Voltmeter channel: A=1.073537, B=11.808746

A:
Limits 1.1 +/- 0.1
1.075847,1.070091,1.077586,1.072386,1.067806,1.075269,1.070091,1.071237,1.075269,1.073537
1.074691,1.071811,1.070091,1.066098,1.059322,1.077006,1.073537,1.070664,1.069519,1.075847
1.077006,1.064963,1.072961,1.085187,1.077006,1.072386,1.081666,1.071237,1.074114,1.075847


B:
Limits 0.0 +/- 30.0
2.151552,4.280172,6.465639,6.434438,8.542488,5.376168,4.280172,-1.071411,8.601974,2.14691
8.597414,8.57465,6.420354,3.198246,9.534028,4.307805,7.514596,6.423989,8.556267,7.530788
4.307805,7.45467,4.292006,2.170367,9.692835,4.289666,4.326704,8.569725,4.296494,2.151552
========================================================
Test10 (ADC Calibration) results 2007-09-06 12:50:00
Board ID298 30 channels
Linux calibration software

Voltmeter channel: A=1.07055, B=-1470.64

A:
1.07533,1.06959,1.0771,1.07197,1.06771,1.07448,1.04794,1.07006,1.07589,1.07277
1.07549,1.07134,1.07086,1.05586,1.05234,1.07603,1.07291,1.06881,1.06895,1.07589
1.07549,1.06442,1.07324,1.08356,1.07748,1.0718,1.08093,1.07056,1.07287,1.07435


B:
-1.01928,0.858858,2.06453,3.16894,5.60697,3.88387,3.73853,-2.32065,3.08437,0.214249
2.74929,5.29092,0.852643,2.60684,5.05668,4.03059,4.14779,6.33254,4.09114,3.28432
3.52282,3.80187,0.239407,3.36089,5.10152,2.30816,3.98109,6.89685,5.086,1.43188


========================================================
Test10 (ADC Calibration) results 2008-06-17 15:59:19
Board ID298 30 channels
Linux calibration software

Voltmeter channel: A=1.07, B=0

A:
1.09136,1.08604,1.09418,1.08973,1.08622,1.09118,1.06492,1.0864,1.09227,1.08946
1.06535,1.08721,1.08793,1.07327,1.06881,1.093,1.08946,1.06466,1.07441,1.09263
1.09245,1.07731,1.08856,1.09986,1.09537,1.08829,1.10023,1.08712,1.09055,1.09046


B:
-0.565809,0.896649,1.63434,2.90742,3.55334,3.31217,1.3945,-2.91414,2.96163,-0.327962
30.8147,6.33217,-0.208474,-0.0899786,4.74934,2.28997,3.15826,16.9711,13.8756,2.84477
3.01266,6.43482,2.68776,3.43025,6.2357,2.50288,1.55247,6.41561,3.46198,2.67324


========================================================
Test10 (ADC Calibration) results 2008-07-16 21:23:30
Board ID298 30 channels
Linux calibration software

Voltmeter channel: A=1.07, B=0

A:
1.09163,1.08675,1.09456,1.09013,1.08712,1.09163,1.06559,1.08694,1.09286,1.08984
1.06067,1.08797,1.08862,1.07392,1.0691,1.09352,1.08994,1.06604,1.07255,1.09333
1.09295,1.07841,1.08956,1.10037,1.09656,1.08853,1.10076,1.08498,1.09182,1.09107


B:
-1.47096,-0.417021,1.50051,2.32613,2.71319,2.24086,0.757317,-3.6349,2.19873,-1.11794
34.9113,5.19548,-1.29038,-0.918397,4.69172,1.36875,2.50046,12.4838,13.6706,2.41818
2.11163,4.98404,0.887285,2.73692,4.92288,2.28039,1.50452,7.52668,1.41137,1.23663


========================================================
Test10 (ADC Calibration) results 2008-07-19 11:34:37
Board ID298 30 channels
Linux calibration software

Voltmeter channel: A=1.07, B=0

A:
1.0906,1.08675,1.09456,1.09013,1.08666,1.09201,1.06541,1.08703,1.09267,1.08984
1.07273,1.08769,1.08844,1.07392,1.06919,1.09333,1.09022,1.0664,1.07219,1.09343
1.09305,1.07813,1.08937,1.10028,1.09627,1.089,1.10076,1.08127,1.09135,1.09097


B:
-0.0725534,0.0174502,1.06279,2.76207,3.3647,1.67382,0.288593,-3.50451,2.81078,-0.90002
23.7995,5.8905,-0.89764,-0.918397,4.39212,1.76195,1.80291,10.2273,12.5085,2.33082
1.80563,5.45752,1.49754,2.38463,5.62371,1.62749,1.50452,10.3152,2.72082,1.97836


========================================================
Test10 (ADC Calibration) results 2008-07-19 14:46:21
Board ID298 30 channels
Linux calibration software

Voltmeter channel: A=1.07, B=0

A:
1.0905,1.08694,1.09437,1.09022,1.08656,1.0921,1.06514,1.08722,1.09295,1.08975
1.06577,1.08787,1.08834,1.07383,1.06892,1.09352,1.09022,1.06487,1.07155,1.09324
1.09267,1.07767,1.08937,1.10018,1.09608,1.0889,1.10076,1.08016,1.09154,1.09116


B:
-0.203341,-0.591424,1.67562,2.45727,3.45123,1.80463,0.757084,-4.33161,1.67456,-0.594819
30.8545,5.06409,-0.593207,-0.617315,5.07559,1.36875,1.80291,12.5135,13.3158,2.72405
2.81078,5.88644,1.27933,2.91239,5.79801,1.7146,1.06432,10.6942,2.3282,1.58572


========================================================
Test10 (ADC Calibration) results 2008-07-20 08:08:59
Board ID298 30 channels
Linux calibration software

Voltmeter channel: A=1.07, B=0

A:
1.09088,1.08684,1.09437,1.09003,1.08656,1.0921,1.06523,1.08722,1.09305,1.09003
1.06649,1.08806,1.08862,1.07401,1.06919,1.09343,1.08994,1.06514,1.0721,1.09333
1.09305,1.07758,1.08947,1.10047,1.09589,1.08909,1.10076,1.07979,1.09125,1.09107


B:
-0.552614,-0.286598,1.67562,2.84931,3.66849,1.80463,1.09805,-4.33161,1.58669,-1.07452
29.7657,4.89105,-1.29038,-1.21948,4.39212,1.89329,2.28214,13.1128,14.3082,2.19956
2.02419,6.18785,0.974184,2.20878,6.1917,1.1049,1.28442,12.116,3.02644,1.89111


========================================================
Test10 (ADC Calibration) results 2008-07-20 17:40:55
Board ID298 30 channels
Linux calibration software

Voltmeter channel: A=1.07, B=0

A:
1.0906,1.08694,1.09466,1.09013,1.08675,1.09201,1.06532,1.08684,1.09257,1.09003
1.06883,1.08778,1.08872,1.07392,1.06937,1.0938,1.09003,1.06505,1.07392,1.09305
1.09276,1.07785,1.08956,1.10047,1.09608,1.08909,1.10076,1.08007,1.09154,1.09097


B:
-0.0725534,-0.591424,0.97487,2.76207,3.06053,1.89217,0.800235,-3.32982,2.67922,-1.07452
27.3924,5.36894,-1.59518,-0.918397,4.22203,0.887665,2.19558,13.6234,12.6128,2.46118
2.72325,5.49953,0.887285,2.42882,5.79801,1.1049,1.50452,12.0758,2.3282,2.41465


========================================================
Test10 (ADC Calibration) results 2008-07-24 12:08:22
Board ID298 30 channels
Linux calibration software

Voltmeter channel: A=1.07, B=0

A:
1.09097,1.08694,1.09447,1.09022,1.08638,1.09182,1.06496,1.08694,1.09248,1.08975
1.07639,1.08759,1.08825,1.07355,1.06919,1.09314,1.09003,1.06415,1.0731,1.09314
1.09276,1.07758,1.08937,1.10018,1.09627,1.08862,1.10047,1.08043,1.09144,1.09107


B:
-0.20358,-0.808635,1.14998,2.23928,3.62479,2.06657,0.714804,-3.85224,2.32957,-1.031
20.8638,5.75936,-1.15904,-0.789195,3.96455,2.37419,1.75928,14.2512,13.806,2.37419
2.06787,5.5412,1.06163,2.47204,5.18531,2.19354,1.76831,11.3019,2.41519,1.45479


