========================================================

Test11 results 01-31-2006  17:05:56
Board ID421  30 channels
HV Tests Software Ver.1.6

+5V 2496 - O'k
-5V 1320 - O'k
Interlock - On
Calibration DAC Range: [2500 - 2900]


A:
Limits 0.76 +/- 0.04
0.739372,0.740741,0.739372,0.736648,0.740741,0.743494,0.744879,0.739372,0.743494,0.739372
0.746269,0.742115,0.739372,0.742115,0.739372,0.744879,0.750469,0.746269,0.742115,0.742115
0.739372,0.739372,0.749064,0.739372,0.742115,0.743494,0.743494,0.735294,0.743494,0.739372


B:
Limits 60.0 +/- 40.0
49.854855,60.893467,65.476242,76.778633,62.356319,66.42466,59.549618,64.546074,62.509151,60.749393
52.575058,70.312706,62.217846,60.221138,58.352753,61.871361,57.508408,65.138092,57.551991,63.861237
58.478027,55.340031,58.034878,61.327026,64.801384,55.603874,60.330948,63.352573,63.307285,64.010498
========================================================
Test11 (DAC Calibration) results 2008-02-01 11:34:20
Board ID421 30 channels
Linux calibration software
Calibration DAC Range: [1100 - 2700]

A:
0.736242,0.73903,0.738348,0.738075,0.740741,0.74384,0.743771,0.738348,0.742459,0.737803
0.74308,0.743011,0.738689,0.740947,0.737735,0.742942,0.746896,0.744394,0.741358,0.742253
0.737191,0.736988,0.746547,0.737803,0.742184,0.741427,0.741771,0.734754,0.743425,0.73828


B:
61.3104,68.3142,71.4813,73.4847,63.7038,67.5499,64.8195,68.5279,66.4965,66.7805
64.8895,68.7007,66.5743,65.6386,65.6953,69.5394,71.6739,72.2898,60.9121,65.1513
67.4898,65.2694,66.6294,67.0756,66.7317,64.8193,68.1966,65.4665,65.3005,70.0997


========================================================
Test11 (ADC Calibration) results 2008-06-19 12:56:33
Board ID421 30 channels
Linux calibration software

Calibration DAC Range: [1000 - 3500]

A:
0.7272,0.7272,0.7244,0.7268,0.7456,0.7324,0.7324,0.7272,0.7312,0.7336
0.7312,0.732,0.746,0.7288,0.7264,0.7316,0.736,0.7308,0.728,0.73
0.7256,0.7228,0.7352,0.736,0.7292,0.7344,0.7284,0.7232,0.732,0.7268


B:
59.8001,68.8001,71.6001,73.1999,52.4001,67.6,65.6,67.8001,66.8001,60.3999
65.8001,69,51,68.2,65.5999,70.4,72,74.2001,62.0001,66.9999
68.4,66.1999,66.8,56,68.8,58.6001,69.6,66.7999,66,70.1999


========================================================
Test11 (ADC Calibration) results 2008-07-17 10:58:43
Board ID421 30 channels
Linux calibration software

Calibration DAC Range: [1000 - 3500]

A:
0.7288,0.7268,0.7236,0.7264,0.7456,0.732,0.732,0.7268,0.7308,0.7356
0.734,0.7332,0.7508,0.728,0.726,0.7316,0.7356,0.7304,0.7268,0.7296
0.7244,0.722,0.7348,0.748,0.7292,0.746,0.7284,0.7232,0.73,0.726


B:
59.2,69.1999,73.4001,73.5999,55.4001,68,66,68.1999,67.2001,58.4
62.9999,67.7999,51.2,71.0001,67,70.4,72.4,74.5999,63.1999,66.4
72.6001,67,68.2001,48.9999,67.8,61,69.6,65.7999,72.9999,71


========================================================
Test11 (ADC Calibration) results 2008-07-20 18:37:46
Board ID421 30 channels
Linux calibration software

Calibration DAC Range: [1000 - 3500]

A:
0.7296,0.7272,0.724,0.728,0.7424,0.732,0.7312,0.7268,0.7312,0.7396
0.7428,0.7348,0.7508,0.7284,0.7256,0.7316,0.7364,0.7312,0.7272,0.73
0.7252,0.7228,0.7356,0.7584,0.7292,0.75,0.728,0.7232,0.7316,0.726


B:
59.4,68.8001,72.0001,72.0001,57.6,68,67.8001,68.1999,66.8001,55.4
54.2,66.2001,52.2,68.6,67.4,69.4,71.6,73.8001,62.8001,65.9999
69.8,65.1999,67.4,39.5999,67.8,57,70.0001,66.7999,66.4,71


========================================================
Test11 (ADC Calibration) results 2008-07-24 23:03:59
Board ID421 30 channels
Linux calibration software

Calibration DAC Range: [1000 - 3500]

A:
0.7288,0.7272,0.724,0.7272,0.7432,0.732,0.7316,0.7264,0.7308,0.7376
0.7488,0.734,0.752,0.728,0.726,0.7316,0.7356,0.7308,0.7268,0.7296
0.7252,0.722,0.7352,0.7592,0.7292,0.7484,0.7284,0.7232,0.7312,0.7264


B:
60.2,69.8001,72.0001,73.8001,58.8,68,67.4,69.5999,67.2001,58.3999
49.2001,67.9999,54.0001,70.0001,67,70.4,73.4,74.2001,63.1999,67.4
69.8,67,68.8,50.8001,67.8,62.6001,69.6,66.7999,68.8001,70.5999


========================================================
Test11 (ADC Calibration) results 2008-08-13 01:14:42
Board ID421 30 channels
Linux calibration software

Calibration DAC Range: [1000 - 3500]

A:
0.7284,0.7264,0.7216,0.7276,0.7452,0.7316,0.7312,0.726,0.7304,0.7408
0.7556,0.734,0.7516,0.726,0.724,0.7308,0.7368,0.7288,0.7244,0.7292
0.72,0.7184,0.7328,0.7524,0.7284,0.7436,0.7268,0.7228,0.7268,0.726


B:
60.6,70.5999,76.4,72.4001,58.8001,69.4,67.8001,71,68.5999,58.1999
42.4001,67.9999,53.3999,75,74.0001,71.2001,70.2,76.2,69.6001,67.8
87.9999,76.6,75.2,49.6001,68.6,66.4,73.1999,67.1999,86.1999,71


