========================================================

Test10 results 09-15-2005  16:47:07
Board ID055  36 channels
HV Tests Software Ver.1.6

+5V 2482 - O'k
-5V 1357 - O'k
Interlock - On

Voltmeter channel: A=1.077586, B=11.85357

A:
Limits 1.1 +/- 0.1
1.082837,1.075847,1.078167,1.075269,1.077006,1.077006,1.078749,1.082837,1.064963,1.082251,1.072386,1.079331
1.086366,1.079914,1.076426,1.080497,1.077006,1.075847,1.075847,1.078167,1.079914,1.091703,1.078749,1.078167
1.080497,1.086366,1.094092,1.086957,1.082837,1.078167,1.077586,1.074691,1.075269,1.082837,1.066098,1.060445


B:
Limits 0.0 +/- 35.0
15.159893,18.289261,14.016302,11.827781,14.000859,17.231876,14.023542,12.994219,24.494074,14.069302,11.796368,9.714025
10.863837,11.879015,15.069958,10.804978,10.769841,16.137566,11.834177,19.407137,17.278584,12.008732,12.944794,11.859968
11.885475,13.03657,8.752777,13.043554,15.159893,19.407137,16.163914,17.194942,11.827781,20.574078,12.793129,13.785637
========================================================
Test10 (ADC Calibration) results 2008-03-07 11:46:59
Board ID55 36 channels
Linux calibration software

Voltmeter channel: A=1.07515, B=17.8702

A:
1.08246,1.07632,1.0791,1.08146,1.0769,1.0772,1.07856,1.08496,1.0682,1.08192,1.07146,1.08052
1.08626,1.07936,1.07836,1.07996,1.07696,1.07532,1.07614,1.07722,1.07846,1.09091,1.07826,1.0656
1.0799,1.08846,1.09491,1.08616,1.08362,1.0775,1.07936,1.07532,1.0865,1.08256,1.06566,1.0599


B:
12.8406,13.5055,9.99346,4.81355,9.10663,11.2438,10.9281,9.42982,17.707,11.2266,9.09685,5.57417
8.73247,8.38056,8.61992,7.49136,8.4123,12.1355,7.13423,16.4775,15.2562,11.1817,7.99121,16.8354
8.16866,10.7765,6.33153,9.86097,9.88734,16.2126,9.10125,11.4339,7.90689,15.1596,10.4116,9.16845


========================================================
Test10 (ADC Calibration) results 2008-03-10 11:47:14
Board ID55 36 channels
Linux calibration software

Voltmeter channel: A=1.07588, B=17.6829

A:
1.08286,1.07559,1.0788,1.08082,1.077,1.07646,1.07846,1.08546,1.0684,1.08192,1.0723,1.08038
1.0868,1.0796,1.07772,1.07966,1.07776,1.07552,1.0763,1.07766,1.079,1.09091,1.07732,1.06394
1.07946,1.08911,1.09545,1.08626,1.0853,1.0778,1.07756,1.07646,1.0867,1.08246,1.06566,1.05897


B:
11.7268,15.9249,10.9782,6.03239,8.97793,13.6701,11.2562,8.98728,17.4513,11.2266,6.94975,7.03377
8.03528,8.87323,9.83765,8.67559,7.38793,13.3553,7.80192,16.316,14.564,11.1817,11.0722,21.8338
9.81411,9.53819,4.53462,9.73247,7.04511,16.027,19.4116,8.89948,7.85063,15.2055,10.4116,11.1637


========================================================
Test10 (ADC Calibration) results 2008-03-18 11:03:24
Board ID55 36 channels
Linux calibration software

Voltmeter channel: A=1.07602, B=17.2344

A:
1.08246,1.07559,1.07856,1.08048,1.077,1.077,1.0794,1.08526,1.0674,1.08236,1.07146,1.08018
1.08596,1.0799,1.07792,1.07966,1.07722,1.07542,1.07694,1.07722,1.07846,1.09026,1.07752,1.06354
1.07946,1.08926,1.09436,1.08606,1.08496,1.07746,1.07752,1.07596,1.08606,1.08266,1.06627,1.054


B:
13.0406,14.8493,11.0852,7.54724,8.97793,11.9009,8.97084,9.0441,17.7294,9.78065,9.09685,7.2896
9.917,7.20841,9.18173,7.59593,8.07757,13.4829,6.10312,16.8778,15.2562,12.2027,10.8164,20.5464
9.81411,8.6637,7.03251,10.389,8.16955,16.4624,19.4614,9.54057,8.47504,14.1487,7.64443,18.7559


========================================================
Test10 (ADC Calibration) results 2008-06-19 12:08:44
Board ID055 36 channels
Linux calibration software

Voltmeter channel: A=1.07, B=0

A:
1.09996,1.09374,1.09611,1.10924,1.09465,1.09437,1.09684,1.08177,1.05057,1.06331,1.0893,1.09959
1.10504,1.09693,1.10152,1.09803,1.09666,1.0941,1.09356,1.09519,1.09611,1.10802,1.09565,1.06366
1.09656,1.1162,1.11526,1.10365,1.10347,1.09428,1.09556,1.08804,1.11687,1.0995,1.08337,1.07198


B:
12.7981,15.3868,11.4732,5.92243,9.30301,10.8665,10.1473,32.998,33.2875,45.2353,8.53904,5.21514
9.72701,8.96696,9.17229,7.08366,9.43728,11.9918,7.24153,14.9349,15.4195,11.6781,9.04105,24.5004
9.0821,9.87211,6.9302,10.7682,9.61163,16.8589,15.9176,14.271,9.94637,16.0745,8.79517,15.9147


========================================================
Test10 (ADC Calibration) results 2008-06-19 21:33:17
Board ID055 36 channels
Linux calibration software

Voltmeter channel: A=1.07, B=0

A:
1.10005,1.09365,1.09602,1.10877,1.09465,1.09437,1.0973,1.06798,1.0504,1.07849,1.08921,1.09941
1.10513,1.09684,1.10152,1.09803,1.09684,1.09383,1.09301,1.0951,1.09583,1.1083,1.09556,1.06374
1.09666,1.11564,1.11516,1.10365,1.10319,1.0941,1.09529,1.08831,1.11554,1.09941,1.08337,1.07163


B:
12.2742,15.2506,11.1184,6.34665,8.64638,10.6476,9.07117,45.2672,25.8813,31.0078,8.40448,5.16336
8.97943,8.83116,8.95204,7.30322,8.39266,12.6784,7.96166,14.5797,15.23,10.5383,8.46772,22.0797
8.34063,9.26653,7.01546,10.3265,9.8642,17.0244,16.1665,12.9353,8.9053,16.1574,8.57855,16.2395


