========================================================
Test15 (ADC Calibration) results 2012-07-17 12:23:14
Board ID001 8 channels
Host: ufcmshv1
Linux calibration software

A:
1.44535,1.41341,1.41387,1.40197,1.39864,1.40015,1.44006,1.42489


B:
9.64827,4.67653,10.007,3.76365,13.3972,11.2136,8.95255,10.5581


========================================================
Test15 (ADC Calibration) results 2012-07-17 13:03:19
Board ID001 8 channels
Host: ufcmshv1
Linux calibration software

A:
1.44454,1.41141,1.4131,1.4003,1.39894,1.3997,1.43926,1.42504


B:
9.62116,6.08293,9.13243,4.38522,10.6667,10.4133,10.653,9.30954


========================================================
Test15 (ADC Calibration) results 2012-07-17 13:15:17
Board ID001 8 channels
Host: ufcmshv1
Linux calibration software

A:
1.44519,1.41326,1.41387,1.40121,1.39909,1.4,1.4391,1.42504


B:
9.18016,3.93675,9.15857,4.02088,10.5602,11.0399,10.1869,9.59452


