========================================================

Test11 results 06-29-2005  14:43:51
Board ID338  30 channels
HV Tests Software Ver.1.6

+5V 2527 - O'k
-5V 1308 - O'k
Interlock - On
Calibration DAC Range: [2500 - 2900]


A:
Limits 0.76 +/- 0.04
0.750469,0.744879,0.749064,0.747664,0.744879,0.749064,0.743494,0.744879,0.744879,0.747664
0.746269,0.747664,0.743494,0.744879,0.744879,0.746269,0.746269,0.747664,0.746269,0.750469
0.742115,0.746269,0.746269,0.743494,0.738007,0.743494,0.747664,0.75188,0.746269,0.740741


B:
Limits 60.0 +/- 30.0
60.799038,59.923695,60.768337,61.603001,51.319576,49.864853,61.275745,59.998619,62.975769,51.337593
51.047356,47.54908,46.458675,61.299065,62.899391,62.178528,60.499786,48.427254,46.596344,57.423393
62.312687,66.817383,61.535381,47.376064,48.297733,70.723892,52.942078,77.755882,42.052597,56.42099
========================================================

Test11 results 08-31-2005  14:32:09
Board ID338  30 channels
HV Tests Software Ver.1.6

+5V 2526 - O'k
-5V 1303 - O'k
Interlock - On
Calibration DAC Range: [2500 - 2900]


A:
Limits 0.76 +/- 0.04
0.750469,0.743494,0.750469,0.743494,0.742115,0.744879,0.757576,0.746269,0.749064,0.747664
0.749064,0.747664,0.740741,0.744879,0.746269,0.747664,0.746269,0.743494,0.746269,0.75188
0.743494,0.747664,0.747664,0.742115,0.736648,0.743494,0.746269,0.753296,0.743494,0.743494


B:
Limits 60.0 +/- 40.0
59.997635,64.551582,54.722549,69.124908,61.160015,58.172791,65.587296,55.579262,46.960587,52.139835
54.998573,46.893414,55.491631,58.246807,57.68288,56.953102,60.57795,62.076054,42.788296,52.080177
57.912956,61.766369,56.308571,51.861111,51.947147,70.07933,58.176991,72.63826,52.010925,52.010925
========================================================
Test11 (DAC Calibration) results 2007-09-11 15:36:20
Board ID338 30 channels
Linux calibration software
Calibration DAC Range: [1100 - 2700]

A:
0.749977,0.74384,0.748293,0.740741,0.74384,0.745087,0.759734,0.744532,0.745018,0.746408
0.750047,0.744948,0.740398,0.743564,0.745921,0.747035,0.752729,0.744532,0.741427,0.750469
0.740809,0.746617,0.745921,0.740535,0.736988,0.744532,0.747524,0.754006,0.742322,0.741977


B:
67.2823,69.0376,65.8591,71.1112,60.8553,61.6466,63.1149,65.8446,65.1705,59.209
57.5847,60.6481,61.0735,63.6211,64.6621,65.3562,59.5786,64.3555,57.5533,62.1014
72.7937,71.1619,67.6458,63.9915,57.1625,71.0563,59.8953,75.7587,61.0465,60.4897


========================================================
Test11 (DAC Calibration) results 2007-09-11 16:20:28
Board ID338 30 channels
Linux calibration software
Calibration DAC Range: [1100 - 2700]

A:
0.750047,0.743771,0.748363,0.740535,0.743771,0.744948,0.75959,0.744532,0.744879,0.746338
0.750117,0.744879,0.740261,0.743633,0.745921,0.746965,0.752941,0.744325,0.741427,0.750469
0.740741,0.746547,0.745921,0.740261,0.736988,0.744532,0.747454,0.754077,0.742253,0.742115


B:
67.1854,69.1334,65.7624,71.6931,60.9519,62.138,63.4636,65.8446,65.3632,59.4553
57.3372,60.8939,61.2659,63.3761,64.6621,65.7515,53.4117,65.0912,57.5533,62.1014
73.1853,71.258,67.6458,64.671,57.1625,71.0563,59.9927,75.662,61.1432,59.8515


