========================================================

Test10 results 03-29-2006  14:18:57
Board ID376  30 channels
HV Tests Software Ver.1.6

+5V 2507 - O'k
-5V 1344 - O'k
Interlock - On

Voltmeter channel: A=1.085776, B=9.771991

A:
Limits 1.1 +/- 0.1
1.082837,1.078749,1.078749,1.091703,1.087548,1.085187,1.086957,1.09529,1.072386,1.089918
1.077006,1.081081,1.077006,1.091107,1.082837,1.088139,1.084599,1.079331,1.081666,1.088732
1.080497,1.085776,1.079914,1.099505,1.078749,1.081666,1.081666,1.078167,1.079914,1.086366


B:
Limits 0.0 +/- 35.0
1.083012,16.18104,14.023542,7.64192,9.788074,5.425929,9.782684,5.476264,4.289666,10.899183
10.769841,7.567746,8.615829,6.546595,7.580034,9.793203,8.676929,4.317371,9.735032,13.064711
8.643984,3.257333,11.879015,6.597164,11.866045,8.653366,6.490035,11.859968,11.879015,9.777472
========================================================
Test10 (ADC Calibration) results 2008-06-04 08:53:52
Board ID376 30 channels
Linux calibration software

Voltmeter channel: A=1.01706, B=-1345.28

A:
1.08439,1.07988,1.08055,1.09449,1.08798,1.08544,1.08792,1.09505,1.07236,1.09005
1.07786,1.08146,1.07737,1.09081,1.08327,1.08847,1.08317,1.07929,1.08222,1.08515
1.08055,1.08595,1.08115,1.0997,1.08109,1.08297,1.08146,1.07937,1.07974,1.08641


B:
-1.62358,10.1948,9.30431,6.23891,4.9137,2.80801,4.81008,3.81716,1.21328,8.01196
7.6552,3.98172,6.50317,7.11037,3.05901,6.1082,3.43695,1.13951,4.96676,12.7724
6.74332,1.24783,5.68728,3.18731,7.44544,1.21162,5.86322,7.323,8.69428,4.65782


========================================================
Test10 (ADC Calibration) results 2008-06-16 13:15:44
Board ID376 30 channels
Linux calibration software

Voltmeter channel: A=1.07, B=0

A:
1.08696,1.08234,1.08306,1.09825,1.09115,1.08805,1.0906,1.0976,1.07465,1.09317
1.08009,1.08433,1.08126,1.09428,1.0856,1.09161,1.08696,1.08207,1.0846,1.08887
1.08378,1.08805,1.08324,1.10207,1.08378,1.08614,1.08614,1.08261,1.08261,1.08951


B:
-1.30423,11.8225,11.8138,5.64295,5.74115,4.21819,5.369,5.57249,3.58761,8.27451
8.25876,5.02124,5.23984,5.52191,5.59492,5.76025,4.13056,2.1141,6.07377,11.9606
5.30207,3.3477,7.74918,5.05241,9.4205,2.27222,4.01028,6.81223,9.41039,5.93352


========================================================
Test10 (ADC Calibration) results 2008-06-17 07:08:50
Board ID376 30 channels
Linux calibration software

Voltmeter channel: A=1.07, B=0

A:
1.09959,1.09474,1.09565,1.11055,1.10384,1.10023,1.10319,1.11017,1.08669,1.10616
1.09283,1.09666,1.09356,1.10718,1.09821,1.10402,1.09904,1.09465,1.0973,1.10143
1.09629,1.10042,1.09574,1.11516,1.09656,1.0983,1.09858,1.09492,1.09519,1.1018


B:
-2.94267,10.7226,10.1089,4.95389,4.84714,3.94573,4.1132,4.18308,3.29328,6.05169
6.34678,4.14732,4.14797,4.23561,4.25687,5.11956,3.28048,0.735122,4.21796,10.5603
4.26358,2.23664,6.30048,2.78513,7.0821,1.53677,2.6024,5.73869,7.8972,5.3775


========================================================
Test10 (ADC Calibration) results 2009-01-15 10:43:39
Board ID376 30 channels
Host: ufcmshv3
Linux calibration software

Voltmeter channel: A=1.06531, B=4.78572

A:
1.0766,1.06114,1.03726,1.04923,1.05657,1.06227,1.06732,1.07732,1.054,1.04974
1.05297,1.0456,1.05212,1.04334,1.04518,1.05187,1.04183,1.04527,1.06122,1.0588
1.05717,1.04915,1.05425,1.0661,1.05975,1.05768,1.04603,1.05255,1.05614,1.04225


B:
-4.47222,11.6563,9.62237,5.11727,6.40412,4.65765,4.18731,4.77339,4.1836,7.36436
5.36224,3.7481,5.11521,4.44637,3.73079,4.51476,4.63211,1.35067,3.7225,6.63
5.20439,3.09918,4.7845,4.47746,7.4343,1.54571,3.3472,4.08064,7.23038,6.10936


