========================================================

Test11 results 03-29-2006  14:20:14
Board ID376  30 channels
HV Tests Software Ver.1.6

+5V 2509 - O'k
-5V 1344 - O'k
Interlock - On
Calibration DAC Range: [2500 - 2900]


A:
Limits 0.76 +/- 0.04
0.747664,0.750469,0.75188,0.740741,0.744879,0.744879,0.744879,0.740741,0.753296,0.743494
0.750469,0.746269,0.75188,0.740741,0.746269,0.743494,0.744879,0.749064,0.746269,0.743494
0.750469,0.744879,0.750469,0.742115,0.750469,0.747664,0.750469,0.750469,0.749064,0.743494


B:
Limits 60.0 +/- 40.0
66.23793,51.941635,49.832615,60.763439,56.653572,62.750813,57.389721,55.425983,69.287598,53.987465
62.200672,68.213173,58.57542,66.212662,62.725475,60.982594,65.17585,67.868347,65.874344,57.155666
52.918198,64.367508,51.297436,52.301926,56.7136,62.27692,53.981239,54.286118,60.591862,63.332333
========================================================
Test11 (DAC Calibration) results 2008-06-04 08:53:52
Board ID376 30 channels
Linux calibration software
Calibration DAC Range: [1100 - 2700]

A:
0.745573,0.749064,0.748223,0.738689,0.742735,0.745226,0.743149,0.738689,0.753935,0.741702
0.750469,0.747594,0.750047,0.740809,0.746338,0.743149,0.746408,0.748713,0.746687,0.744671
0.748223,0.744879,0.747803,0.739303,0.748223,0.746547,0.747594,0.749415,0.748783,0.744186


B:
72.0037,59.4008,62.2147,62.1422,66.8554,64.136,64.7933,65.8356,69.0701,61.617
62.1014,64.5827,66.4353,65.2375,65.2763,63.307,67.4195,71.2682,65.9884,63.418
62.5139,66.108,62.4979,65.1233,61.4665,68.2718,63.9846,58.3139,64.283,64.093


