========================================================

Test10 results 11-08-2005  13:53:41
Board ID119  36 channels
HV Tests Software Ver.1.6

+5V 2514 - O'k
-5V 1318 - O'k
Interlock - On

Voltmeter channel: A=1.071811, B=11.790084

A:
Limits 1.1 +/- 0.1
1.069519,1.066098,1.068376,1.054852,1.072961,1.073537,1.081666,1.06553,1.070091,1.076426,1.071237,1.070664
1.074691,1.074691,1.059322,1.071237,1.071237,1.070664,1.077006,1.071237,1.078749,1.075847,1.086957,1.068947
1.077586,1.072386,1.069519,1.068947,1.070664,1.068376,1.072386,1.076426,1.066098,1.072961,1.079914,1.074691


B:
Limits 0.0 +/- 35.0
4.278192,7.462638,12.820528,8.438645,10.729774,7.514596,12.98003,15.983099,14.981082,7.534973,4.284775,19.271955
4.298649,12.896177,16.949282,7.498487,9.640962,11.777308,12.923853,9.640962,8.629799,10.758329,9.782684,4.275827
7.543225,5.362052,12.834341,12.827404,10.706645,19.230785,20.375456,18.299236,13.859226,5.364967,7.559361,15.04556
========================================================
Test10 (ADC Calibration) results 2007-10-19 14:51:45
Board ID119 36 channels
Linux calibration software

Voltmeter channel: A=1.0695, B=18.9102

A:
1.07136,1.066,1.06264,1.05584,1.07193,1.07337,1.08241,1.06553,1.07146,1.07572,1.07414,1.07002
1.07386,1.07417,1.0622,1.06985,1.07039,1.07079,1.07755,1.07825,1.08105,1.07746,1.08593,1.06918
1.07789,1.0721,1.07039,1.06935,1.07049,1.06975,1.07206,1.07607,1.06523,1.07367,1.08042,1.07427


B:
0.306567,2.79929,12.1258,5.80534,7.28014,4.72347,10.1831,8.65936,10.1964,4.35305,1.70121,15.0039
2.88261,9.14176,13.0319,6.104,9.41178,9.82339,14.1046,11.0371,4.77513,6.99286,11.2367,0.206643
8.91208,2.53993,6.34139,8.09732,7.55295,15.4426,16.1469,13.534,12.2495,1.35742,-4.10476,13.3103


========================================================
Test10 (ADC Calibration) results 2008-06-17 15:59:19
Board ID119 36 channels
Linux calibration software

Voltmeter channel: A=1.07, B=0

A:
1.08818,1.08324,1.07192,1.07271,1.08899,1.09071,1.1004,1.0828,1.08521,1.09344,1.08342,1.08755
1.09189,1.09207,1.07632,1.08809,1.08827,1.08854,1.09044,1.07341,1.09902,1.088,1.10485,1.08557
1.09673,1.08899,1.08638,1.08638,1.08746,1.08908,1.03256,1.08441,1.08333,1.05827,1.09773,1.09207


B:
1.94966,2.63325,15.1105,6.22472,7.94742,3.7454,9.09306,8.46349,13.8204,4.72525,9.18385,14.0638
1.12646,7.07417,18.1281,3.77441,8.17816,9.66992,17.7359,21.6679,5.73652,11.2563,8.79906,1.11473
8.49607,3.15569,9.27038,9.92244,8.49127,13.5276,67.2102,19.7676,10.3498,32.6736,5.3776,13.6266


========================================================
Test10 (ADC Calibration) results 2008-07-06 13:21:54
Board ID119 36 channels
Linux calibration software

Voltmeter channel: A=1.07, B=0

A:
1.08845,1.08351,1.07166,1.07324,1.08927,1.0918,1.10077,1.08289,1.08548,1.09417,1.08494,1.08827
1.09244,1.09216,1.08101,1.08845,1.08854,1.08908,1.08908,1.07175,1.07649,1.08351,1.10513,1.08584
1.08405,1.08963,1.08692,1.08692,1.08836,1.0795,1.03386,1.08512,1.08396,1.05479,1.09829,1.09235


B:
1.2635,2.60036,14.9256,5.73135,8.13306,2.30212,8.9771,9.24708,14.0073,4.05382,8.64296,14.0547
0.840263,7.64554,14.0074,3.87567,8.36373,9.38938,18.973,26.4195,25.9314,13.6521,8.76653,1.29838
19.8784,1.9162,9.20711,9.20711,7.44166,23.3905,66.8467,18.8944,9.77135,36.3212,5.09217,13.8141


========================================================
Test10 (ADC Calibration) results 2008-07-06 16:58:46
Board ID119 36 channels
Linux calibration software

Voltmeter channel: A=1.07, B=0

A:
1.08728,1.0836,1.07157,1.07333,1.08954,1.09135,1.10096,1.08262,1.08593,1.08244,1.08494,1.08809
1.09216,1.09198,1.06075,1.08827,1.08836,1.07641,1.08423,1.06861,1.07412,1.08101,1.10522,1.08611
1.08441,1.08936,1.08683,1.08665,1.08755,1.06092,1.04091,1.08423,1.08369,1.052,1.0981,1.09216


B:
2.13357,2.29998,13.0787,5.43441,7.44756,2.72202,7.92805,9.27854,12.2917,14.856,7.99189,13.7848
1.09256,8.03069,32.2889,3.82507,7.87717,20.8454,20.5821,21.8267,28.3241,13.1426,8.01919,0.395664
19.1171,2.16748,9.07257,9.23866,9.06097,39.9811,31.2576,17.3294,9.58584,37.8488,5.26029,13.7618


========================================================
Test10 (ADC Calibration) results 2008-07-15 21:45:02
Board ID119 36 channels
Linux calibration software

Voltmeter channel: A=1.07, B=0

A:
1.08683,1.0836,1.07298,1.07289,1.08917,1.09153,1.10114,1.08289,1.0828,1.08262,1.08503,1.08845
1.09235,1.09226,1.08084,1.08845,1.08872,1.04364,1.07219,1.04066,1.07333,1.08075,1.10513,1.08611
1.09645,1.08954,1.08719,1.08665,1.08827,1.07,1.04074,1.08485,1.08369,1.05955,1.09847,1.09262


B:
2.33428,2.29998,13.06,6.70432,7.78096,2.55416,7.75995,8.38072,13.8775,14.4752,7.475,12.8009
0.924411,7.56239,13.9559,3.65804,7.54397,50.81,26.446,35.2371,28.4039,12.9568,8.10374,0.830402
8.30897,1.99988,8.08788,9.23866,7.96029,32.0918,35.3681,16.9711,10.2363,30.6408,4.26488,12.9092


========================================================
Test10 (ADC Calibration) results 2008-07-16 15:48:51
Board ID119 36 channels
Linux calibration software

Voltmeter channel: A=1.07, B=0

A:
1.08947,1.08564,1.07453,1.07547,1.09139,1.09343,1.10329,1.08458,1.08681,1.09644,1.08745,1.09064
1.09407,1.09407,1.08311,1.09043,1.09096,1.09128,1.0866,1.05618,1.07651,1.08511,1.10713,1.08808
1.09904,1.09107,1.08883,1.08883,1.09021,1.08522,1.0368,1.08787,1.08585,1.06886,1.10002,1.0945


B:
0.538549,0.18182,12.6856,3.85787,5.95631,1.2355,5.79848,7.67513,12.354,1.95596,6.1134,11.2273
-0.235724,6.1096,11.8599,1.60936,5.47803,7.14614,20.5903,36.9368,25.9202,11.96,6.94516,-1.00526
5.71696,1.23323,7.01164,7.44742,6.38591,17.9399,63.5395,16.1637,8.23687,23.0942,4.382,12.0622


========================================================
Test10 (ADC Calibration) results 2008-07-16 18:06:55
Board ID119 36 channels
Linux calibration software

Voltmeter channel: A=1.07, B=0

A:
1.08048,1.08315,1.07175,1.07324,1.08954,1.09135,1.10105,1.08262,1.08369,1.08093,1.08459,1.088
1.09216,1.09235,1.08066,1.08836,1.08872,1.04099,1.07105,1.0473,1.06687,1.08173,1.10513,1.08611
1.09654,1.08945,1.08692,1.08674,1.08818,1.04906,1.04074,1.08414,1.08351,1.05666,1.0981,1.09207


B:
8.4497,3.14948,13.7728,5.94594,7.22971,2.94063,7.84398,8.8456,14.3544,15.8192,7.89018,13.8678
1.52971,6.82324,13.4716,3.95896,7.54397,53.6654,29.6332,34.6596,34.7446,12.9172,8.32459,0.830402
8.22475,2.30143,8.55512,8.9385,8.2613,50.8538,40.1552,17.8451,10.6182,22.9706,5.47985,14.0632


========================================================
Test10 (ADC Calibration) results 2008-07-16 19:10:41
Board ID119 36 channels
Linux calibration software

Voltmeter channel: A=1.07, B=0

A:
1.07371,1.08403,1.07216,1.07371,1.08973,1.0918,1.10123,1.08319,1.08393,1.08161,1.08533,1.0887
1.09294,1.09284,1.08134,1.08879,1.08926,1.04406,1.07043,1.04631,1.06394,1.08143,1.10537,1.08636
1.09702,1.09001,1.08748,1.08711,1.08823,1.05814,1.04011,1.08421,1.08431,1.05049,1.09836,1.09303


B:
14.098,1.68662,12.9648,5.50834,7.4845,2.51716,7.89883,8.53237,14.13,15.8342,7.2002,12.5742
0.157167,6.80172,13.062,3.12403,7.04623,50.6289,28.0611,34.3288,37.2208,13.409,8.32063,0.817735
7.78724,1.77438,7.82032,8.81845,8.43411,42.7405,40.7495,17.7763,9.66749,30.2153,5.24631,12.749


========================================================
Test10 (ADC Calibration) results 2008-07-16 21:23:30
Board ID119 36 channels
Linux calibration software

Voltmeter channel: A=1.07, B=0

A:
1.07179,1.08356,1.07216,1.0738,1.08973,1.09209,1.10142,1.08356,1.08421,1.08514,1.08505,1.08851
1.09266,1.09266,1.08134,1.08889,1.08926,1.04831,1.07279,1.0457,1.06654,1.08189,1.10576,1.08645
1.09731,1.08964,1.08729,1.08739,1.0887,1.05576,1.03669,1.08384,1.08421,1.05224,1.09845,1.09294


B:
16.0907,2.77046,12.9648,5.20791,7.4845,2.25506,7.50371,7.97161,14.3069,12.3647,7.89344,13.1818
1.07556,7.19415,13.2782,3.25476,7.04623,46.7191,27.6048,35.7318,34.6199,12.7651,7.52682,0.730666
7.52544,2.34103,8.42826,8.55933,7.34842,44.9281,49.9511,18.7684,9.53609,29.6317,5.1592,12.8354


