========================================================

Test11 results 11-08-2005  13:55:51
Board ID119  36 channels
HV Tests Software Ver.1.6

+5V 2515 - O'k
-5V 1318 - O'k
Interlock - On
Calibration DAC Range: [2500 - 2900]


A:
Limits 0.76 +/- 0.04
0.753296,0.756144,0.754717,0.766284,0.750469,0.750469,0.744879,0.754717,0.750469,0.747664,0.75188,0.750469
0.746269,0.749064,0.760456,0.75188,0.75188,0.75188,0.747664,0.753296,0.746269,0.749064,0.742115,0.753296
0.746269,0.750469,0.756144,0.750469,0.75188,0.75188,0.747664,0.746269,0.753296,0.749064,0.750469,0.750469


B:
Limits 60.0 +/- 40.0
57.618137,50.540627,44.815331,40.986488,53.532169,55.311234,51.079891,56.722576,54.806465,56.704308,57.508362,51.674686
73.808548,52.026825,45.066727,55.898319,53.397255,51.787945,53.32832,52.87289,55.882797,50.257488,46.82774,52.784061
59.597927,56.838188,39.593342,66.498283,55.723564,55.636372,60.8829,57.263287,60.191776,66.812233,51.214619,48.781643
========================================================
Test11 (DAC Calibration) results 2007-10-19 14:51:45
Board ID119 36 channels
Linux calibration software
Calibration DAC Range: [1100 - 2700]

A:
0.750469,0.755002,0.757002,0.762268,0.750821,0.749064,0.742804,0.754575,0.751527,0.747803,0.749274,0.752162
0.747594,0.748503,0.758078,0.751527,0.751527,0.751244,0.745782,0.745295,0.744117,0.746965,0.740398,0.753509
0.745921,0.750328,0.751527,0.75188,0.751456,0.751597,0.749977,0.749064,0.754788,0.748853,0.749064,0.748433


B:
66.6042,58.8524,52.3089,54.9308,57.1093,63.2959,60.0742,63.5162,51.1695,61.4506,62.1056,49.6805
72.6568,58.3834,49.7586,60.6388,57.6327,56.5217,58.4412,63.1453,61.957,55.7422,55.2984,56.5413
60.1866,61.9957,59.1358,63.1579,59.8347,56.0317,56.3326,61.3482,58.3924,68.2297,65.5431,58.4805


========================================================
Test11 (ADC Calibration) results 2008-06-17 18:39:44
Board ID119 36 channels
Linux calibration software

Calibration DAC Range: [1000 - 3500]

A:
0.7388,0.7428,0.7504,0.7504,0.7388,0.7372,0.7308,0.7424,0.7416,0.7356,0.7428,0.7404
0.7356,0.7368,0.7484,0.7392,0.7392,0.7388,0.7372,0.7488,0.732,0.7396,0.7276,0.7416
0.7336,0.738,0.7404,0.74,0.7392,0.7388,0.7788,0.742,0.7424,0.7604,0.7372,0.736


B:
65.2,59.2,50.6,54.6,57.2,63.7999,60.2001,63.6,49.4001,61.4,57.2,49.5999
73.4,58.1999,45.6001,61.8,57.8,56.2,54.7999,55.2001,61,53.4,57.4001,57.4001
59.3999,63.0001,57.5999,63,60.8,56.2,16.2,54.0001,59.6,43.6,58.7999,59


========================================================
Test11 (ADC Calibration) results 2008-07-06 13:37:38
Board ID119 36 channels
Linux calibration software

Calibration DAC Range: [1000 - 3500]

A:
0.7388,0.7428,0.7512,0.75,0.7384,0.736,0.7308,0.7428,0.7416,0.7348,0.7424,0.74
0.736,0.7364,0.7452,0.7388,0.7388,0.7388,0.7384,0.7504,0.7468,0.7428,0.7272,0.7416
0.742,0.738,0.74,0.7396,0.7392,0.7456,0.7776,0.7412,0.742,0.7624,0.7368,0.7364


B:
65.2,59.2,49.7999,55,57.6001,66,60.2001,62.2,49.4001,63.2001,55.6,50
71,58.6,48.8001,62.2,58.2,56.2,53.6001,50.6,47.2,50.2,57.8001,56.4001
52.0001,63.0001,58,63.4,59.8,48.4001,16.4,55.8001,60.0001,40.6001,59.1999,57.6


========================================================
Test11 (ADC Calibration) results 2008-07-06 17:26:25
Board ID119 36 channels
Linux calibration software

Calibration DAC Range: [1000 - 3500]

A:
0.74,0.7424,0.7508,0.75,0.7384,0.7364,0.7304,0.7428,0.7412,0.7432,0.7416,0.7396
0.7352,0.7364,0.7596,0.7392,0.7388,0.7476,0.7412,0.7524,0.7488,0.7448,0.7276,0.7416
0.7416,0.738,0.7408,0.74,0.7396,0.7584,0.7728,0.742,0.742,0.7652,0.7368,0.736


B:
64,59.6,52.2,55,58.6001,65.6,61.5999,63.2,50.8001,53.8,58.4001,51.4
73.8,58.6,34.4001,61.8,59.2,47.3999,53.8001,54.6001,44.2001,50.2001,57.4001,57.4001
52.4001,63.0001,56.1999,63,59.4,36.5999,44.1999,56.0001,61.0001,38.7999,59.1999,59


========================================================
Test11 (ADC Calibration) results 2008-07-15 22:11:52
Board ID119 36 channels
Linux calibration software

Calibration DAC Range: [1000 - 3500]

A:
0.74,0.7428,0.7496,0.7504,0.7388,0.7368,0.7304,0.7428,0.7432,0.7428,0.7416,0.74
0.7356,0.7364,0.7448,0.7388,0.7388,0.7712,0.7496,0.7724,0.7492,0.7444,0.7276,0.7412
0.7336,0.738,0.7396,0.74,0.7388,0.7516,0.7732,0.7416,0.742,0.7592,0.7364,0.7356


B:
65,59.2,52.4,54.6,58.2,65.2,61.5999,63.2,49.8,55.2,58.4001,50
72.4,58.6,50.2001,63.2,59.2,23.8,49.4,44.5999,44.8,52.5999,57.4001,57.8001
60.3999,63.0001,59.4,63,60.2,43.3999,39.8001,56.4001,60.0001,45.8001,60.6,59.4


========================================================
Test11 (ADC Calibration) results 2008-07-16 16:13:30
Board ID119 36 channels
Linux calibration software

Calibration DAC Range: [1000 - 3500]

A:
0.738,0.7416,0.7488,0.7484,0.7372,0.7352,0.7288,0.7408,0.7408,0.7332,0.7396,0.738
0.7344,0.7352,0.7432,0.7372,0.7372,0.7372,0.7396,0.7612,0.7476,0.7416,0.7264,0.74
0.732,0.7368,0.7384,0.7384,0.7376,0.7412,0.7756,0.7396,0.7408,0.7524,0.7356,0.7348


B:
66.0001,60.4001,52.2001,56.6001,59.7999,66.8,63.2,66.1999,50.1999,64.7999,60.4,52.0001
73.6001,59.8,51.8,64.7999,60.7999,57.7999,53.4,42.8,45.3999,52.4001,58.5999,59
62,64.2,60.6001,64.6001,62.3999,53.8001,19.3999,57.4,61.1999,51.6001,59.4,59.2001


========================================================
Test11 (ADC Calibration) results 2008-07-16 22:38:23
Board ID119 36 channels
Linux calibration software

Calibration DAC Range: [1000 - 3500]

A:
0.7504,0.7428,0.7504,0.7496,0.738,0.736,0.73,0.742,0.7424,0.7412,0.7416,0.7392
0.7352,0.736,0.7448,0.7384,0.7384,0.7672,0.7492,0.7688,0.7544,0.744,0.7272,0.7408
0.7328,0.738,0.74,0.7392,0.7384,0.762,0.776,0.7424,0.742,0.7644,0.7364,0.7356


B:
54.6,59.2,52.6,55.4,59.0001,66,61.9999,64.0001,49.6,55.8001,58.4001,51.8
73.8,59,50.2001,63.6001,59.6001,27.8,47.8,43.1999,39.5999,51.9999,57.8001,58.1999
61.2,63.0001,58,63.8,61.6001,32.9999,28.9999,54.6,60.0001,46.6,59.6,59.4


========================================================
Test11 (ADC Calibration) results 2008-07-17 11:22:28
Board ID119 36 channels
Linux calibration software

Calibration DAC Range: [1000 - 3500]

A:
0.7556,0.7416,0.7496,0.7488,0.7372,0.7356,0.7296,0.7412,0.7412,0.74,0.7404,0.7392
0.7344,0.736,0.7444,0.7376,0.7376,0.77,0.7488,0.7708,0.7488,0.7432,0.7268,0.7404
0.7324,0.7372,0.7392,0.7384,0.7384,0.7576,0.772,0.7416,0.7412,0.7648,0.7356,0.7352


B:
53.4001,61.4001,53.4,56.2001,59.7999,66.4,62.4,65.8001,51.8001,58,59.5999,50.8
74.6001,59,50.5999,64.3999,60.3999,24.0001,50.2001,46.2,45.2001,52.8,58.1999,58.5999
61.6,63.7999,58.8,65.6001,60.6001,37.4,42.9999,56.4001,60.8001,40.2,60.4,59.8


========================================================
Test11 (ADC Calibration) results 2008-07-20 18:58:34
Board ID119 36 channels
Linux calibration software

Calibration DAC Range: [1000 - 3500]

A:
0.7612,0.742,0.7504,0.7496,0.7376,0.736,0.7308,0.742,0.7436,0.7396,0.7416,0.7392
0.7356,0.7364,0.7448,0.7384,0.7384,0.7652,0.7424,0.7644,0.7524,0.746,0.7272,0.7408
0.7332,0.738,0.7396,0.7396,0.7388,0.7784,0.7728,0.742,0.74,0.7576,0.7364,0.7356


B:
42.8,61.0001,51.6,55.4,59.3999,66,60.2001,65.0001,48.4,58.4,58.4001,51.8
72.4,58.6,50.2001,63.6001,59.6001,29.7999,50.6,38.6,41.6001,50,57.8001,58.1999
59.8,63.0001,59.4,63.4,60.2,15.6,40.1999,55.0001,56,47.4,59.6,59.4


