========================================================

Test10 results 09-01-2005  15:43:45
Board ID391  30 channels
HV Tests Software Ver.1.6

+5V 2521 - O'k
-5V 1314 - O'k
Interlock - On

Voltmeter channel: A=1.078167, B=1.078297

A:
Limits 1.1 +/- 0.1
1.074114,1.072386,1.077586,1.075269,1.075269,1.068947,1.071237,1.075269,1.084011,1.074114
1.079914,1.081666,1.072961,1.068947,1.077586,1.083424,1.071237,1.064396,1.079331,1.081666
1.078749,1.075269,1.079914,1.077586,1.074114,1.079914,1.078167,1.053741,1.079331,1.079331


B:
Limits 0.0 +/- 35.0
-5.370531,5.362052,5.388053,2.150361,7.526706,8.551615,6.42725,3.22563,4.336046,8.592949
3.239707,4.326704,4.292006,6.413721,9.698398,-2.166832,1.071063,3.193378,3.23804,4.053116e-005
-0.000191,7.526706,3.239707,7.543225,9.667063,1.079879,4.312799,6.322596,7.555364,4.792213e-005
========================================================
Test10 (ADC Calibration) results 2008-01-28 10:23:17
Board ID391 30 channels
Linux calibration software

Voltmeter channel: A=1.07131, B=-1382.08

A:
1.07264,1.07203,1.07593,1.07428,1.07549,1.06764,1.07093,1.07404,1.08461,1.07365
1.07881,1.08157,1.07247,1.06865,1.07767,1.08274,1.06992,1.06298,1.07851,1.08002
1.07787,1.07555,1.08036,1.0783,1.07384,1.07905,1.07626,1.05342,1.07883,1.07871


B:
-6.93076,0.502855,4.37986,-0.636389,2.3267,7.04032,3.92442,2.20817,-0.905387,5.59861
1.22933,-0.35836,-0.183063,2.95655,2.80908,-4.52529,-1.00738,4.14426,0.0564728,-2.02586
-2.12512,2.97175,-1.90158,0.149857,4.44069,-1.71409,3.32401,1.84903,5.11791,-4.07891


========================================================
Test10 (ADC Calibration) results 2008-06-19 12:08:44
Board ID391 30 channels
Linux calibration software

Voltmeter channel: A=1.07, B=0

A:
1.08984,1.08876,1.09365,1.09156,1.09428,1.08463,1.08921,1.09192,1.10171,1.09065
1.09529,1.09922,1.08912,1.0848,1.09501,1.09959,1.08498,1.08186,1.09474,1.09785
1.09538,1.09165,1.09675,1.0951,1.09101,1.09675,1.09392,1.07015,1.09941,1.09529


B:
-8.87155,0.634253,2.00185,-1.96589,1.4144,5.76913,1.30481,1.19153,-0.809405,4.10939
0.927764,0.594736,-0.571875,3.21658,1.8366,-5.68117,-0.421463,1.40883,0.775252,-5.3861
-4.63357,1.66192,-1.73631,0.219582,4.64826,-1.07842,1.31263,0.350856,1.96455,-3.45338


========================================================
Test10 (ADC Calibration) results 2008-07-17 09:50:45
Board ID391 30 channels
Linux calibration software

Voltmeter channel: A=1.07, B=0

A:
1.09014,1.0893,1.0942,1.09174,1.09467,1.08546,1.08939,1.09231,1.10211,1.09127
1.09609,1.10019,1.08995,1.08556,1.09581,1.10019,1.08407,1.08277,1.09543,1.09838
1.09609,1.0924,1.09723,1.09533,1.09165,1.09771,1.09457,1.07113,1.09971,1.09609


B:
-8.9364,0.350505,1.71363,-1.48075,2.37178,4.55751,1.57099,1.49053,-0.735531,3.53993
0.402951,-0.0756182,-1.13069,2.30012,1.10378,-6.23653,-0.219556,0.559413,0.139058,-5.21775
-4.85835,1.18498,-1.08809,0.445782,4.50211,-1.52701,1.14507,-1.00025,2.34317,-3.98142


========================================================
Test10 (ADC Calibration) results 2008-07-19 11:33:18
Board ID391 30 channels
Linux calibration software

Voltmeter channel: A=1.07, B=0

A:
1.08995,1.0892,1.09391,1.09202,1.09467,1.08518,1.0893,1.09221,1.10192,1.09155
1.09628,1.1001,1.08967,1.08509,1.09524,1.1,1.08677,1.0824,1.09533,1.09847
1.09619,1.09202,1.09714,1.09495,1.09165,1.09723,1.09457,1.07113,1.09952,1.09619


B:
-8.76036,0.219997,1.97516,-2.17953,1.93363,5.25051,1.4398,1.14065,-0.559414,3.27913
0.227941,0.451949,-0.869276,2.94986,2.50473,-5.62002,-2.08652,1.33803,0.226887,-5.52565
-5.38489,1.31477,-2.09712,0.795892,4.28383,-1.08809,0.488601,-1.00025,2.73822,-4.2887


========================================================
Test10 (ADC Calibration) results 2008-07-19 17:28:33
Board ID391 30 channels
Linux calibration software

Voltmeter channel: A=1.07, B=0

A:
1.09005,1.08948,1.0942,1.09183,1.09486,1.085,1.0893,1.09212,1.10172,1.09118
1.09628,1.1001,1.08967,1.08481,1.09524,1.10019,1.08668,1.08221,1.09543,1.09838
1.0959,1.09221,1.09704,1.09524,1.09146,1.09733,1.09429,1.07094,1.09924,1.0959


B:
-8.84834,-0.0411542,1.49485,-1.56763,1.75906,5.63987,1.65799,1.44664,-0.60332,3.84482
0.227941,0.0121334,-0.869276,3.64328,2.28573,-6.01654,-1.7826,1.51079,0.139058,-5.65737
-4.90128,0.922257,-1.78991,0.314251,4.67543,-0.73656,0.969863,-0.186134,2.78137,-3.58637


========================================================
Test10 (ADC Calibration) results 2008-07-20 15:54:11
Board ID391 30 channels
Linux calibration software

Voltmeter channel: A=1.07, B=0

A:
1.08977,1.08939,1.09429,1.09202,1.09457,1.08509,1.0893,1.0924,1.10153,1.09146
1.09628,1.09981,1.08939,1.08537,1.09562,1.1,1.08686,1.08221,1.09514,1.098
1.09609,1.09193,1.09742,1.0942,1.09146,1.09761,1.09486,1.07085,1.09924,1.09628


B:
-7.93098,0.0459472,1.18867,-2.17953,2.4585,5.33689,1.8758,0.966282,-0.206987,3.14749
0.0087378,0.715434,-0.171756,2.69009,1.49828,-5.40008,-1.73926,1.94345,0.401652,-4.64554
-5.29667,1.62081,-2.36084,1.71363,4.67543,-1.43909,0.00706266,-0.528521,3.00117,-4.81518


