========================================================

Test11 results 09-01-2005  15:47:12
Board ID391  30 channels
HV Tests Software Ver.1.6

+5V 2522 - O'k
-5V 1314 - O'k
Interlock - On
Calibration DAC Range: [2500 - 2900]


A:
Limits 0.76 +/- 0.04
0.75188,0.753296,0.749064,0.75188,0.749064,0.754717,0.753296,0.749064,0.742115,0.750469
0.747664,0.747664,0.750469,0.753296,0.747664,0.742115,0.750469,0.756144,0.747664,0.746269
0.746269,0.749064,0.744879,0.750469,0.75188,0.746269,0.747664,0.761905,0.744879,0.749064


B:
Limits 60.0 +/- 40.0
64.500877,60.499458,54.688049,60.643639,69.666946,68.298531,64.443413,76.916,71.592026,60.234905
64.36895,59.768158,70.626961,72.021057,63.561417,78.835976,75.08342,75.829536,65.814812,66.681648
72.797737,68.055984,73.403709,70.654808,62.078197,69.575806,67.342628,76.494179,74.930023,62.208858
========================================================
Test11 (DAC Calibration) results 2008-01-28 10:23:17
Board ID391 30 channels
Linux calibration software
Calibration DAC Range: [1100 - 2700]

A:
0.751456,0.750751,0.748783,0.749555,0.748713,0.753083,0.751527,0.749344,0.742046,0.750751
0.746408,0.744879,0.750821,0.753509,0.746826,0.743702,0.752233,0.757146,0.746617,0.745573
0.746687,0.748293,0.745712,0.750539,0.749485,0.746617,0.747803,0.764015,0.745643,0.746477


B:
71.858,75.075,63.0849,74.6088,75.6108,80.0247,74.9178,81.0415,76.1245,64.8648
75.6299,75.4936,75.8798,76.7353,74.1596,78.3024,76.2106,76.3392,74.895,74.8369
77.0394,74.8386,75.8391,76.1142,76.9533,74.895,72.9671,74.8448,76.9782,77.1766


========================================================
Test11 (ADC Calibration) results 2008-06-19 12:56:33
Board ID391 30 channels
Linux calibration software

Calibration DAC Range: [1000 - 3500]

A:
0.74,0.7392,0.7372,0.7376,0.7356,0.7412,0.7392,0.7376,0.7304,0.7388
0.7352,0.7324,0.7392,0.742,0.7348,0.732,0.742,0.7436,0.7356,0.7336
0.7352,0.7372,0.7344,0.7388,0.7376,0.7344,0.736,0.7524,0.7316,0.7352


B:
72,74.8,62.7999,75.3999,76.4,80.8001,75.8,80.3999,75.5999,66.2
75.8,75.6,76.8,77.0001,75.2001,79,75.0001,78.4,73.4,76.3999
77.8,75.7999,75.6001,76.2,76.3999,74.6001,74,75.6001,79.4,75.8


========================================================
Test11 (ADC Calibration) results 2008-07-17 10:58:43
Board ID391 30 channels
Linux calibration software

Calibration DAC Range: [1000 - 3500]

A:
0.7396,0.7388,0.7368,0.738,0.7356,0.7404,0.7388,0.7368,0.73,0.7384
0.734,0.732,0.7392,0.7408,0.7344,0.7316,0.7424,0.7432,0.7352,0.7332
0.7348,0.7368,0.7336,0.7388,0.7376,0.7332,0.7356,0.752,0.7316,0.7348


B:
72.4,75.2,63.1999,74.0001,75.4,82.5999,76.2,81.2,76.9999,66.6001
76.9999,76,75.8,79.1999,75.6001,80.4,75.6,78.8,73.8,76.7999
77.2001,75.2,76.3999,76.2,75.3999,75.7999,74.4,76.0001,78.4,76.2001


========================================================
Test11 (ADC Calibration) results 2008-07-20 18:37:46
Board ID391 30 channels
Linux calibration software

Calibration DAC Range: [1000 - 3500]

A:
0.74,0.7388,0.7368,0.7376,0.7356,0.7408,0.7392,0.7368,0.7308,0.7384
0.7344,0.7324,0.7392,0.7416,0.7348,0.7316,0.7408,0.744,0.7352,0.7332
0.7344,0.7372,0.7336,0.74,0.7372,0.7336,0.7348,0.752,0.732,0.7344


B:
72,75.2,63.1999,74.3999,75.4,81.1999,74.8,81.2,74.2001,66.6001
75.6001,74.6,75.8,77.4001,74.2001,79.4,75.1999,76.9999,73.8,76.7999
78.6001,74.7999,77.3999,74,75.7999,74.3999,76.2001,76.0001,78,77.6001


========================================================
Test11 (ADC Calibration) results 2008-07-24 23:03:59
Board ID391 30 channels
Linux calibration software

Calibration DAC Range: [1000 - 3500]

A:
0.74,0.7392,0.7368,0.738,0.7348,0.7416,0.7392,0.7372,0.7304,0.7384
0.7344,0.732,0.7388,0.7416,0.7348,0.7316,0.7408,0.7436,0.7348,0.7332
0.7348,0.7368,0.7336,0.7392,0.7376,0.734,0.7356,0.7528,0.7316,0.7352


B:
72,74.8,63.1999,74.0001,78.2001,79.4001,75.8,80.7999,75.5999,66.6001
75.6001,76,77.2,77.4001,74.2001,80.4,75.1999,78.4,75.2001,76.7999
78.2001,76.2,77.3999,75.8,74.3999,73.9999,74.4,74.2,79.4,75.8


========================================================
Test11 (ADC Calibration) results 2008-08-12 20:15:16
Board ID391 30 channels
Linux calibration software

Calibration DAC Range: [1000 - 3500]

A:
0.74,0.7388,0.7364,0.7372,0.734,0.7408,0.7428,0.736,0.7288,0.7384
0.734,0.7312,0.7388,0.7412,0.7344,0.7312,0.7416,0.7428,0.7348,0.7328
0.7348,0.7364,0.7332,0.7404,0.7368,0.7328,0.7352,0.752,0.7296,0.7344


B:
71,74.2,63.6,74.7999,75.9999,80.1999,71.2,81,76.2,65.6001
75.9999,75.8001,76.2,77.8001,75.6001,79.8001,76.4001,77.2,74.2001,77.2
77.2001,76.6,76.7999,74.5999,76.2,75.2,74.8,75.0001,78.4,76.6001


========================================================
Test11 (ADC Calibration) results 2008-08-13 01:14:42
Board ID391 30 channels
Linux calibration software

Calibration DAC Range: [1000 - 3500]

A:
0.7396,0.7384,0.7364,0.7376,0.7336,0.7404,0.7436,0.736,0.7296,0.7384
0.7348,0.7316,0.7384,0.7408,0.7344,0.7312,0.7428,0.7428,0.7348,0.7332
0.7348,0.7364,0.7332,0.7408,0.7368,0.7332,0.7352,0.7524,0.7296,0.7344


B:
72.4,75.6001,63.6,74.3999,77.3999,81.5999,69.4,81,75.4,65.6001
74.2001,75.4,77.6001,79.1999,74.6001,80.8001,74.2,77.2,74.2001,76.7999
77.2001,76.6,76.7999,74.1999,76.2,74.7999,74.8,74.6001,78.4,76.6001


========================================================
Test11 (DAC Calibration) results 2008-08-27 10:32:20
Board ID391 30 channels
Linux calibration (server mode)

Calibration DAC Range: [3100 - 3500]

A:
0.758571,0.758286,0.752857,0.757143,0.753429,0.762286,0.761429,0.757714,0.749143,0.755429
0.754,0.751143,0.758571,0.761429,0.754286,0.752571,0.760571,0.762857,0.754286,0.753429
0.754857,0.756571,0.753714,0.759143,0.756857,0.752571,0.755143,0.771714,0.75,0.754571


B:
0.0,0.0,0.0,0.0,0.0,0.0,0.0,0.0,0.0,0.0
0.0,0.0,0.0,0.0,0.0,0.0,0.0,0.0,0.0,0.0
0.0,0.0,0.0,0.0,0.0,0.0,0.0,0.0,0.0,0.0


========================================================
Test11 (ADC Calibration) results 2008-08-27 13:08:29
Board ID391 30 channels
Linux calibration software

Calibration DAC Range: [1000 - 3500]

A:
0.738,0.7372,0.7352,0.7364,0.7324,0.7396,0.742,0.7348,0.7276,0.7368
0.7328,0.7296,0.7368,0.74,0.7328,0.7304,0.7388,0.7416,0.7336,0.7316
0.7332,0.7356,0.732,0.7408,0.7356,0.7316,0.7336,0.7508,0.728,0.7332


B:
72.0001,74.7999,62.8,72.6,74.6,78.4,69.0001,80.2001,75.4001,65.2
74.2,74.4,76.2,76,74.2,77.5999,75.2,75.4001,72.3999,75.4
76.7999,74.4,76,72.1999,74.4,73.4,74.3999,73.2,77.0001,74.7999


========================================================
Test11 (DAC Calibration) results 2008-08-28 18:58:19
Board ID391 30 channels
Linux calibration (server mode)

Calibration DAC Range: [3100 - 3500]

A:
0.7475,0.74,0.7425,0.7475,0.7375,0.745,0.7475,0.7425,0.7375,0.7425
0.74,0.7375,0.7425,0.7475,0.74,0.74,0.7475,0.7475,0.74,0.7425
0.7425,0.7425,0.745,0.7525,0.7425,0.74,0.7425,0.7625,0.735,0.74


B:
67.7,94.0,65.2,63.7,86.7,89.5,79.7,82.2,72.7,74.2
78.0,76.7,86.2,79.7,79.0,73.0,73.7,83.7,80.0,67.2
74.2,79.2,60.5,62.3,79.2,74.0,73.2,63.3,83.5,80.0


========================================================
Test11 (DAC Calibration) results 2008-08-30 18:22:56
Board ID391 30 channels
Linux calibration (server mode)

Calibration DAC Range: [3100 - 3500]

A:
0.7525,0.7475,0.7475,0.745,0.74,0.75,0.7475,0.7425,0.74,0.745
0.75,0.745,0.7525,0.75,0.75,0.7425,0.755,0.755,0.745,0.745
0.7425,0.7475,0.745,0.7525,0.75,0.745,0.7425,0.7625,0.7375,0.7475


B:
61.3,77.7,58.7,81.5,87.0,83.0,89.7,91.2,72.0,74.5
55.0,61.5,63.3,82.0,56.0,74.2,60.5,67.5,73.5,69.5
82.2,72.7,69.5,66.3,64.0,66.5,82.2,72.3,82.7,64.7


========================================================
Test11 (DAC Calibration) results 2008-08-30 21:24:17
Board ID391 30 channels
Linux calibration (server mode)

Calibration DAC Range: [3100 - 3500]

A:
0.7325,0.7275,0.7275,0.7275,0.7225,0.7275,0.7275,0.725,0.72,0.7275
0.7275,0.7225,0.73,0.7275,0.7275,0.7275,0.73,0.7325,0.72,0.7225
0.725,0.7275,0.7225,0.735,0.7275,0.72,0.72,0.74,0.7175,0.7275


B:
58.2,74.7,56.7,70.7,76.2,86.7,86.7,80.5,70.0,64.7
60.7,68.2,68.0,85.7,60.7,55.7,72.0,73.2,87.0,74.2
72.5,69.7,76.2,59.5,69.7,80.0,88.0,77.0,80.8,62.7


========================================================
Test11 (DAC Calibration) results 2008-08-30 21:52:01
Board ID391 30 channels
Linux calibration (server mode)

Calibration DAC Range: [3100 - 3500]

A:
0.7475,0.7475,0.7475,0.745,0.7425,0.75,0.7525,0.745,0.7425,0.75
0.745,0.7425,0.7475,0.75,0.7425,0.7425,0.75,0.755,0.7425,0.7425
0.745,0.7475,0.74,0.7525,0.745,0.7425,0.745,0.7625,0.74,0.7475


B:
77.7,77.7,59.7,81.5,79.2,82.0,73.3,82.5,64.2,59.0
71.5,70.2,79.7,81.0,80.2,75.2,76.0,68.5,81.2,77.2
74.5,71.7,87.0,72.3,80.5,74.2,73.5,73.3,75.0,65.7


========================================================
Test11 (DAC Calibration) results 2008-08-31 12:06:19
Board ID391 30 channels
Linux calibration (server mode)

Calibration DAC Range: [3100 - 3500]

A:
0.7525,0.7525,0.7475,0.745,0.7425,0.75,0.7525,0.75,0.735,0.75
0.745,0.7475,0.7525,0.75,0.7425,0.7475,0.75,0.755,0.7475,0.7475
0.75,0.7425,0.74,0.7525,0.745,0.7425,0.75,0.7625,0.745,0.7475


B:
61.3,61.3,58.7,81.5,78.2,82.0,73.3,67.0,89.5,59.0
71.5,53.7,63.3,81.0,79.2,58.7,76.0,68.5,64.7,60.7
59.0,88.2,87.0,72.3,80.5,75.2,58.0,73.3,59.5,64.7


