========================================================

Test11 results 01-25-2006  11:59:46
Board ID160  36 channels
HV Tests Software Ver.1.6

+5V 2489 - O'k
-5V 1334 - O'k
Interlock - On
Calibration DAC Range: [2500 - 2900]


A:
Limits 0.76 +/- 0.04
0.756144,0.740741,0.746269,0.747664,0.746269,0.746269,0.754717,0.749064,0.744879,0.747664,0.747664,0.739372
0.740741,0.742115,0.739372,0.743494,0.747664,0.744879,0.740741,0.747664,0.750469,0.746269,0.750469,0.743494
0.744879,0.750469,0.749064,0.743494,0.743494,0.750469,0.750469,0.744879,0.749064,0.75188,0.742115,0.749064


B:
Limits 60.0 +/- 40.0
50.293625,63.721519,68.213173,60.413418,73.603218,57.303005,61.519894,68.410217,68.81514,57.422035,60.413418,59.874458
68.419868,64.118149,62.040947,60.247448,69.040939,55.47588,58.946491,62.111542,62.831497,64.985962,64.625404,64.872322
64.784317,59.688725,65.181526,67.870445,57.821651,57.608631,66.686996,62.673706,57.999947,68.067535,72.432518,63.653221
========================================================
Test11 (DAC Calibration) results 2008-03-25 11:29:55
Board ID160 36 channels
Linux calibration software
Calibration DAC Range: [1100 - 2700]

A:
0.751527,0.740535,0.746269,0.746617,0.748573,0.744186,0.752941,0.748713,0.745365,0.745504,0.746547,0.737667
0.741565,0.740329,0.738962,0.741565,0.748363,0.744117,0.739919,0.74599,0.749555,0.745643,0.749766,0.743149
0.744255,0.750047,0.748223,0.743909,0.741359,0.747733,0.750117,0.74384,0.745295,0.753083,0.744048,0.748293


B:
66.5008,67.6941,71.6419,66.9808,69.2149,67.814,70.2775,72.0169,71.3967,68.8192,68.2718,69.6265
69.9666,73.1631,68.7052,69.5218,70.2526,62.7011,65.1497,70.3843,69.8117,69.2234,70.5717,69.1036
69.6527,64.9352,70.4451,69.5369,68.177,70.3711,70.0892,68.2937,68.5114,67.5234,70.2381,71.0971


========================================================
Test11 (ADC Calibration) results 2008-06-19 12:56:33
Board ID160 36 channels
Linux calibration software

Calibration DAC Range: [1000 - 3500]

A:
0.7444,0.7252,0.734,0.7336,0.736,0.7488,0.7376,0.7368,0.7328,0.7328,0.73,0.7252
0.7296,0.7504,0.7264,0.7296,0.7332,0.7316,0.728,0.734,0.7376,0.7336,0.7356,0.7316
0.7316,0.7384,0.728,0.7324,0.728,0.7352,0.766,0.7308,0.7488,0.732,0.728,0.7356


B:
64.5999,69.8,72.9999,67.3999,73,57.2001,72.3999,74.2,73.2,70.2,68.9999,72.8
71.4,51.6,69.5999,70.4,70.7999,65.4,67.0001,71.9999,70.3999,70.3999,73.4,69.4
70.4,64.6001,72.0001,69.6,70.0001,71.8,44.0001,70.2001,58.2001,68,70.0001,73.4


========================================================
Test11 (ADC Calibration) results 2008-07-06 15:42:17
Board ID160 36 channels
Linux calibration software

Calibration DAC Range: [1000 - 3500]

A:
0.7468,0.7252,0.734,0.7332,0.7372,0.7524,0.7376,0.7376,0.7332,0.7328,0.7296,0.7252
0.7296,0.7292,0.7264,0.7292,0.7332,0.7316,0.7284,0.734,0.7376,0.7336,0.7356,0.7316
0.7628,0.738,0.7284,0.7324,0.728,0.7348,0.8304,0.7312,0.7504,0.7316,0.728,0.7364


B:
63.2,69.8,72.9999,67.7999,70.7999,62.6001,71.3999,72.3999,71.7999,70.2,70.4,72.8
71.4,72.8,69.5999,71.8,70.7999,64.4,65.6,71.9999,70.3999,70.3999,73.4,69.4
39.2001,66.0001,70.6,69.6,69.0001,73.2001,-13.4,69.8001,64.6,68.4,70.0001,71.6


========================================================
Test11 (ADC Calibration) results 2008-07-17 10:58:43
Board ID160 36 channels
Linux calibration software

Calibration DAC Range: [1000 - 3500]

A:
0.7468,0.7244,0.7336,0.7328,0.736,0.7528,0.7368,0.7372,0.7328,0.7332,0.7516,0.7248
0.7296,0.7284,0.726,0.7292,0.7328,0.7308,0.7276,0.7336,0.7376,0.7332,0.7352,0.7312
0.7624,0.7376,0.728,0.732,0.7272,0.7348,0.852,0.7308,0.7516,0.7312,0.7276,0.7356


B:
62.2,70.6001,73.3999,68.2,72,57.2,73.2,72.7999,72.2,68.7999,47.3999,73.2
70.4,72.6,70,70.8,71.2,66.2001,67.4001,72.3999,69.3999,70.7999,72.8,69.8001
38.6001,65.3999,71.0001,70,68.8001,72.2001,-38,69.2001,61.3999,68.8001,71.4001,73.4


========================================================
Test11 (ADC Calibration) results 2008-07-20 18:37:46
Board ID160 36 channels
Linux calibration software

Calibration DAC Range: [1000 - 3500]

A:
0.7476,0.7248,0.7336,0.7332,0.7372,0.7536,0.7372,0.7372,0.7328,0.732,0.7544,0.7252
0.7296,0.7388,0.726,0.7292,0.7332,0.7316,0.7276,0.734,0.7372,0.7336,0.7356,0.7316
0.768,0.738,0.7284,0.732,0.7268,0.7352,0.9492,0.7308,0.7524,0.7316,0.728,0.736


B:
63.3999,70.2,73.3999,67.7999,70.7999,60.4,72.7999,72.7999,73.2,71,44.5999,72.8
70.4,63.2,70,71.8,70.7999,64.4,67.4001,71.9999,70.7999,70.3999,72.4,69.4
33,65.0001,70.6,70,70.1999,71.8,-127.2,70.2001,62.6001,68.4,70.0001,72


========================================================
Test11 (ADC Calibration) results 2008-07-24 20:36:12
Board ID160 36 channels
Linux calibration software

Calibration DAC Range: [1000 - 3500]

A:
0.7476,0.7244,0.7336,0.7332,0.7364,0.7528,0.7376,0.7372,0.7328,0.7324,0.7572,0.7248
0.7296,0.7308,0.726,0.7296,0.7332,0.7316,0.728,0.734,0.7376,0.7332,0.7356,0.7316
0.7652,0.738,0.728,0.732,0.7268,0.7352,0.742,0.7312,0.75,0.7312,0.7272,0.7364


B:
62.3999,70.6001,73.3999,67.7999,71.6,62.2,71.3999,72.7999,72.2,70.6,41.8,73.2
70.4,70.2001,70,70.4,70.7999,64.4,66.0001,70.9999,69.3999,69.7999,72.4,69.4
35.7999,65.0001,71.0001,70,69.1999,71.8,67.0001,68.8001,66,68.8001,71.8001,70.6


========================================================
Test11 (ADC Calibration) results 2008-07-24 23:03:59
Board ID160 36 channels
Linux calibration software

Calibration DAC Range: [1000 - 3500]

A:
0.7472,0.7244,0.7336,0.7332,0.7372,0.7528,0.7372,0.7372,0.7332,0.7324,0.758,0.7248
0.7292,0.7304,0.7256,0.7296,0.7328,0.7312,0.7276,0.7336,0.7376,0.7332,0.7356,0.7316
0.7664,0.738,0.7284,0.732,0.7272,0.7348,0.7424,0.7308,0.7504,0.7312,0.728,0.7356


B:
64.8,70.6001,73.3999,67.7999,69.7999,63.2,72.7999,72.7999,71.7999,70.6,40.9999,73.2
71.8,71.5999,71.4,70.4,71.2,65.8001,67.4001,72.3999,69.3999,70.7999,72.4,69.4
35.6001,65.0001,70.6,70,68.8001,73.2001,66.6,70.2001,65.6,68.8001,70.0001,73.4


========================================================
Test11 (ADC Calibration) results 2008-08-12 23:20:39
Board ID160 36 channels
Linux calibration software

Calibration DAC Range: [1000 - 3500]

A:
0.7444,0.7228,0.7332,0.732,0.738,0.7528,0.736,0.7368,0.7328,0.732,0.7568,0.7252
0.7296,0.7352,0.7256,0.7292,0.732,0.734,0.7276,0.7332,0.7368,0.7328,0.7344,0.7316
0.7308,0.7368,0.7272,0.732,0.726,0.7348,0.7424,0.7304,0.7512,0.7288,0.7268,0.7356


B:
65.5999,70.1999,73.7999,68,70.0001,61.2,73,73.2,72.2,71,41.2,71.8
70.4,66.8,70.4,70.8,71,62.9999,66.4001,72.7999,70.2,71.2,73.6001,69.4
71.2001,67.2,70.8001,70,70,73.2001,66.6,70.5999,63.7999,69.2,70.1999,73.4


========================================================
Test11 (ADC Calibration) results 2008-08-13 01:14:42
Board ID160 36 channels
Linux calibration software

Calibration DAC Range: [1000 - 3500]

A:
0.7444,0.7232,0.7332,0.732,0.738,0.7532,0.736,0.7368,0.7328,0.732,0.7568,0.7252
0.7292,0.7352,0.7256,0.7296,0.732,0.7348,0.7272,0.7332,0.7368,0.7332,0.7344,0.7312
0.7308,0.7372,0.7272,0.732,0.726,0.7352,0.7428,0.7304,0.7512,0.7288,0.7264,0.7356


B:
65.5999,69.7999,73.7999,68,70.0001,60.8,73,73.2,72.2,71,41.2,71.8
71.8,66.8,70.4,70.4,71,61.2001,67.8001,72.7999,70.2,69.7999,73.6001,69.8001
71.2001,65.7999,70.8001,70,70,71.8,65.2,70.5999,63.7999,69.2,71.5999,73.4


========================================================
Test11 (DAC Calibration) results 2008-08-27 10:33:57
Board ID160 36 channels
Linux calibration (server mode)

Calibration DAC Range: [3100 - 3500]

A:
0.763143,0.742571,0.754286,0.750857,0.756857,0.772,0.756857,0.757714,0.753429,0.752286,0.771143,0.745714
0.749714,0.748857,0.745714,0.749143,0.752286,0.752286,0.746571,0.754,0.756857,0.753143,0.755429,0.751143
0.750571,0.756,0.747429,0.752,0.745429,0.755714,0.761429,0.750571,0.771714,0.748571,0.746857,0.756571


B:
0.0,0.0,0.0,0.0,0.0,0.0,0.0,0.0,0.0,0.0,0.0,0.0
0.0,0.0,0.0,0.0,0.0,0.0,0.0,0.0,0.0,0.0,0.0,0.0
0.0,0.0,0.0,0.0,0.0,0.0,0.0,0.0,0.0,0.0,0.0,0.0


========================================================
Test11 (ADC Calibration) results 2008-08-27 13:08:29
Board ID160 36 channels
Linux calibration software

Calibration DAC Range: [1000 - 3500]

A:
0.7472,0.7228,0.7328,0.7316,0.7356,0.756,0.736,0.7372,0.7324,0.732,0.782,0.7248
0.7288,0.7412,0.7256,0.7292,0.732,0.7376,0.7276,0.7332,0.736,0.7324,0.734,0.7316
0.7308,0.7372,0.7276,0.7316,0.7252,0.7348,0.7428,0.7312,0.7532,0.7292,0.7272,0.736


B:
62.8,69.1999,74.2,68.4,72.4,64.0001,72,72.7999,72.6,70,25,72.2
71.2,59.8001,70.4,70.8,71,60.3999,67.4001,72.7999,72,71.6,73.9999,68.4
70.2001,64.7999,70.4001,69.4,69.8,72.2001,65.2,68.8001,67.8,68.8,68.8001,72


========================================================
Test11 (DAC Calibration) results 2008-08-28 18:58:26
Board ID160 36 channels
Linux calibration (server mode)

Calibration DAC Range: [3100 - 3500]

A:
0.755,0.73,0.74,0.74,0.7425,0.7575,0.74,0.7425,0.74,0.7375,0.7775,0.7275
0.735,0.745,0.7275,0.735,0.74,0.7425,0.735,0.735,0.7425,0.74,0.7375,0.74
0.74,0.7425,0.7325,0.7375,0.735,0.7375,0.745,0.7325,0.755,0.7325,0.73,0.74


B:
63.5,69.0,74.0,65.0,75.2,85.8,83.0,78.2,71.0,75.7,74.8,87.7
74.5,77.5,88.7,75.5,69.0,70.2,65.5,90.5,75.2,70.0,86.7,65.0
64.0,72.2,79.2,73.7,62.5,86.7,81.5,88.2,88.5,84.2,84.0,82.0


========================================================
Test11 (DAC Calibration) results 2008-08-30 18:23:02
Board ID160 36 channels
Linux calibration (server mode)

Calibration DAC Range: [3100 - 3500]

A:
0.755,0.7325,0.7425,0.74,0.7475,0.7625,0.7475,0.745,0.7425,0.7425,0.78,0.735
0.7375,0.7475,0.7375,0.7325,0.74,0.745,0.735,0.745,0.7425,0.74,0.7425,0.74
0.7375,0.7425,0.7325,0.74,0.7325,0.74,0.75,0.7375,0.7625,0.735,0.7375,0.7425


B:
69.5,69.2,75.2,73.0,67.7,71.3,66.7,80.5,72.2,68.2,69.0,71.5
76.7,77.7,63.7,93.2,77.0,72.5,74.5,66.5,83.2,79.0,79.2,73.0
81.7,81.2,87.2,76.0,79.2,88.0,75.0,80.7,71.3,83.5,66.7,83.2


========================================================
Test11 (DAC Calibration) results 2008-08-30 21:24:27
Board ID160 36 channels
Linux calibration (server mode)

Calibration DAC Range: [3100 - 3500]

A:
0.735,0.7125,0.72,0.7225,0.7225,0.74,0.725,0.7225,0.72,0.7175,0.76,0.7125
0.715,0.7275,0.715,0.715,0.7175,0.725,0.7125,0.72,0.7225,0.72,0.72,0.715
0.7175,0.7225,0.7125,0.715,0.71,0.7225,0.7275,0.7175,0.7425,0.7175,0.715,0.7225


B:
71.5,68.3,81.0,64.2,85.2,79.0,73.5,85.2,79.0,81.8,71.0,79.3
82.5,80.7,70.5,82.5,82.8,72.5,81.3,80.0,81.2,77.0,85.0,88.5
79.8,78.2,87.3,90.5,87.0,78.2,80.7,78.8,69.2,73.8,73.5,80.2


========================================================
Test11 (DAC Calibration) results 2008-08-30 21:52:07
Board ID160 36 channels
Linux calibration (server mode)

Calibration DAC Range: [3100 - 3500]

A:
0.755,0.73,0.745,0.7425,0.745,0.76,0.74,0.7475,0.74,0.7375,0.77,0.735
0.7375,0.75,0.735,0.7375,0.74,0.745,0.7375,0.745,0.745,0.74,0.745,0.74
0.7425,0.745,0.7375,0.74,0.7375,0.745,0.7525,0.74,0.765,0.735,0.735,0.7425


B:
74.5,79.0,66.5,66.2,80.5,82.0,93.0,70.7,81.0,85.7,80.0,72.5
76.7,76.0,72.5,76.7,78.0,78.5,66.7,66.5,76.5,80.0,72.5,74.0
64.2,73.5,72.7,76.0,62.7,71.5,66.3,72.0,64.5,84.5,76.5,83.2


========================================================
Test11 (DAC Calibration) results 2008-08-31 12:06:25
Board ID160 36 channels
Linux calibration (server mode)

Calibration DAC Range: [3100 - 3500]

A:
0.7575,0.73,0.74,0.74,0.7475,0.7675,0.75,0.75,0.74,0.7425,0.7825,0.735
0.7325,0.75,0.735,0.74,0.74,0.7475,0.74,0.7425,0.7475,0.7425,0.7425,0.74
0.74,0.7475,0.74,0.7425,0.7375,0.74,0.7525,0.7425,0.7625,0.7375,0.74,0.7475


B:
69.8,79.0,84.0,74.0,71.7,61.8,60.0,63.0,81.0,69.2,74.2,72.5
93.2,78.0,72.5,69.0,80.0,73.7,59.0,75.2,67.7,71.2,79.2,74.0
74.0,64.7,65.0,67.2,63.7,89.0,68.3,65.2,75.3,77.7,61.0,66.7


