========================================================

Test10 results 08-12-2005  23:33:28
Board ID256  30 channels
HV Tests Software Ver.1.6.1

+5V 2529 - O'k
-5V 1319 - O'k
Interlock - On

Voltmeter channel: A=1.075269, B=8.601974

A:
Limits 1.1 +/- 0.1
1.077006,1.078749,1.066667,1.074114,1.074691,1.072961,1.072386,1.072961,1.068376,1.071237
1.072961,1.067806,1.074691,1.066667,1.067806,1.076426,1.067806,1.072961,1.072386,1.072386
1.066667,1.073537,1.083424,1.079331,1.072386,1.073537,1.074691,1.076426,1.068947,1.072386


B:
Limits 0.0 +/- 30.0
8.615829,6.472301,5.333125,13.963518,15.04556,12.875696,15.013526,13.948658,11.752151,9.640962
6.437928,8.542488,9.672105,11.733126,11.745905,13.993531,9.610294,10.729774,12.868753,2.144894
6.399792,9.661671,8.667404,9.714025,13.94114,8.588134,9.672105,15.069958,10.689509,7.506824
========================================================
Test10 (ADC Calibration) results 2008-06-17 15:59:19
Board ID256 30 channels
Linux calibration software

Voltmeter channel: A=1.07, B=0

A:
1.09226,1.0949,1.08262,1.09108,1.09207,1.0899,1.08908,1.08917,1.08468,1.08755
1.08881,1.08369,1.09026,1.08235,1.08486,1.09353,1.08441,1.08863,1.0889,1.088
1.08191,1.09098,1.09994,1.09563,1.08872,1.08936,1.09062,1.09253,1.08503,1.08809


B:
4.65465,1.78988,0.081921,6.39279,6.78699,4.85762,10.8348,8.35544,6.62728,3.97342
2.58952,3.41846,6.05102,7.0419,4.72592,6.5461,2.75471,6.24009,6.42643,-1.44767
2.69374,4.07615,3.97354,4.62448,8.33451,3.61426,5.50038,9.21099,4.99434,3.03869


