========================================================

Test11 results 08-12-2005  23:35:42
Board ID256  30 channels
HV Tests Software Ver.1.6.1

+5V 2531 - O'k
-5V 1321 - O'k
Interlock - On
Calibration DAC Range: [2500 - 2900]


A:
Limits 0.76 +/- 0.04
0.749064,0.746269,0.756144,0.753296,0.753296,0.753296,0.75188,0.75188,0.753296,0.754717
0.75188,0.756144,0.75188,0.756144,0.756144,0.750469,0.753296,0.75188,0.75188,0.750469
0.754717,0.754717,0.744879,0.750469,0.753296,0.750469,0.749064,0.749064,0.756144,0.75188


B:
Limits 60.0 +/- 30.0
57.75087,62.247215,58.51281,46.300682,40.633862,49.189907,52.935955,52.935955,60.747738,49.386196
57.055691,54.671173,50.771732,60.125893,55.478638,50.802742,64.158165,55.442345,53.108322,68.648552
66.190628,43.175446,59.216457,60.934807,51.613476,62.477882,65.552765,56.944565,50.915192,58.580193
========================================================
Test11 (ADC Calibration) results 2008-06-17 18:39:44
Board ID256 30 channels
Linux calibration software

Calibration DAC Range: [1000 - 3500]

A:
0.7368,0.7352,0.7436,0.738,0.7376,0.7388,0.7392,0.7392,0.7424,0.7404
0.7396,0.7428,0.7384,0.7432,0.7416,0.736,0.7424,0.7396,0.7396,0.74
0.744,0.7384,0.732,0.7388,0.7396,0.7388,0.738,0.7364,0.7424,0.7396


B:
66.2,66.8,67.4,65.0001,61.3999,66.2,60.8,63.8,64.6,65.5999
64.4,67.2,64.6001,70.8,70.4001,66,68.6,64.4,62.4,71
69.9999,63.6001,70,67.2,66.4,69.2,69.0001,67.6,64.6,67.4


