========================================================

Test10 results 02-21-2006  11:46:34
Board ID417  30 channels
HV Tests Software Ver.1.6

+5V 2519 - O'k
-5V 1310 - O'k
Interlock - On

Voltmeter channel: A=1.087548, B=7.612978

A:
Limits 1.1 +/- 0.1
1.080497,1.073537,1.071237,1.084599,1.075847,1.076426,1.077006,1.074114,1.077006,1.079331
1.079914,1.05042,1.079331,1.073537,1.078749,1.075269,1.079914,1.079331,1.088139,1.071237
1.089918,1.070091,1.074114,1.085776,1.076426,1.068947,1.071811,1.064396,1.058761,1.076426


B:
Limits 0.0 +/- 35.0
1.080505,8.588134,5.356012,6.507732,5.379094,1.076416,5.384811,3.22238,5.384811,3.23804
3.239707,4.201692,4.317371,3.220447,5.393553,3.22563,7.559361,5.396702,3.264367,8.569725
4.359674,6.420354,5.370607,9.771991,7.534973,4.275827,1.071971,3.193378,5.293845,3.229268
========================================================
Test10 (ADC Calibration) results 2008-05-30 09:55:39
Board ID417 30 channels
Linux calibration software

Voltmeter channel: A=1.04792, B=-1447.79

A:
1.07822,1.07381,1.06913,1.08368,1.07442,1.07533,1.07529,1.07256,1.07604,1.07786
1.07836,1.04985,1.07701,1.07179,1.07792,1.07448,1.07927,1.07772,1.08645,1.06633
1.08903,1.06923,1.07341,1.08587,1.0763,1.06731,1.06832,1.06259,1.05804,1.07468


B:
3.85013,7.70186,6.89386,5.71358,6.15828,2.86004,6.75742,4.60894,5.96614,4.58948
6.0288,5.04131,7.53844,5.25766,6.51132,7.78041,6.80012,7.76708,4.89897,11.8931
5.43823,6.50502,5.93976,7.05647,5.63145,5.19178,7.64697,5.15082,4.63932,4.87362


