========================================================

Test11 results 02-21-2006  11:48:26
Board ID417  30 channels
HV Tests Software Ver.1.6

+5V 2518 - O'k
-5V 1311 - O'k
Interlock - On
Calibration DAC Range: [2500 - 2900]


A:
Limits 0.76 +/- 0.04
0.749064,0.754717,0.756144,0.750469,0.753296,0.75188,0.75188,0.75188,0.753296,0.750469
0.749064,0.773694,0.749064,0.754717,0.753296,0.754717,0.749064,0.750469,0.746269,0.759013
0.746269,0.756144,0.754717,0.750469,0.753296,0.756144,0.759013,0.761905,0.763359,0.753296


B:
Limits 60.0 +/- 40.0
75.23719,67.581955,72.257607,57.659565,72.506027,77.92054,72.252068,79.744797,68.451546,73.084854
76.046059,63.662411,78.378647,73.050331,62.342606,67.481903,73.619278,71.464821,68.235039,59.585461
63.610394,75.497612,67.68219,66.887619,66.829826,78.302879,62.232929,70.647644,77.028069,70.884308
========================================================
Test11 (DAC Calibration) results 2008-05-30 09:55:39
Board ID417 30 channels
Linux calibration software
Calibration DAC Range: [1100 - 2700]

A:
0.749836,0.753296,0.756215,0.74606,0.75287,0.752233,0.75188,0.753792,0.751738,0.750469
0.750117,0.77049,0.75068,0.754717,0.750047,0.752445,0.749485,0.750188,0.744532,0.758581
0.742391,0.756144,0.753579,0.748713,0.751174,0.757504,0.756787,0.761252,0.764526,0.752304


B:
74.3743,71.7514,73.6648,74.6154,75.3435,76.2106,72.1805,73.7871,73.877,74.1089
73.8397,74.4776,73.2194,73.5849,73.1858,71.4071,72.4564,72.2431,75.5235,67.7223
75.6495,75.5764,72.2683,72.7656,74.6478,74.9456,72.2826,74.4411,74.0062,75.2117


========================================================
Test11 (ADC Calibration) results 2008-06-20 21:08:00
Board ID417 30 channels
Linux calibration software

Calibration DAC Range: [1000 - 3500]

A:
0.7388,0.7416,0.7444,0.7352,0.7404,0.7412,0.7408,0.7424,0.7404,0.7388
0.7388,0.7592,0.7392,0.7436,0.7384,0.7408,0.7376,0.7388,0.7332,0.7476
0.7312,0.7444,0.7424,0.7372,0.74,0.7468,0.7448,0.75,0.7532,0.7412


B:
76.2,73.4001,74.5999,74.8,79.5999,77.8001,73.1999,75.6,75.5999,76.2
76.2,74.8001,74.8,75.4,75.6001,74.1999,74.3999,74.2,77.7999,70.3999
77.8001,77.5999,73.6,74.7999,76,74.2,75.2001,76,74.8,75.8001


========================================================
Test11 (ADC Calibration) results 2008-07-15 20:16:33
Board ID417 30 channels
Linux calibration software

Calibration DAC Range: [1000 - 3500]

A:
0.7392,0.7412,0.7448,0.7352,0.7416,0.7404,0.7404,0.7448,0.7408,0.7392
0.7376,0.7588,0.7392,0.7436,0.7352,0.74,0.7364,0.7376,0.7344,0.7532
0.732,0.7448,0.7416,0.758,0.74,0.754,0.7448,0.75,0.7536,0.7404


B:
76.8,72.8001,75.2001,74.8,77.4001,77.5999,74.5999,71.2001,75.1999,76.8
76.3999,74.1999,74.8,75.4,74.8,75,74.6,74.3999,76.6001,65.8
76,77.2001,73.4001,52.9999,75,68,75.2001,76,74.4,76.5999


========================================================
Test11 (ADC Calibration) results 2008-07-16 22:38:23
Board ID417 30 channels
Linux calibration software

Calibration DAC Range: [1000 - 3500]

A:
0.7388,0.74,0.7444,0.7348,0.7408,0.74,0.7404,0.7444,0.7404,0.7384
0.7372,0.758,0.7384,0.7428,0.7348,0.74,0.736,0.7368,0.734,0.7528
0.732,0.7444,0.7408,0.7416,0.7396,0.7532,0.7448,0.75,0.7532,0.7396


B:
77.2,75,75.5999,76.2001,79.1999,78,74.5999,71.5999,75.5999,77.6001
76.7999,75.9999,76.6001,77.2,75.2001,75,75,76.2,76.9999,66.2
76,78.5999,75.1999,69.4001,75.4,69.8,75.2001,76,75.8,78.4


========================================================
Test11 (ADC Calibration) results 2008-07-20 18:58:34
Board ID417 30 channels
Linux calibration software

Calibration DAC Range: [1000 - 3500]

A:
0.7388,0.74,0.744,0.7344,0.7408,0.7396,0.74,0.7448,0.74,0.7388
0.7372,0.758,0.7392,0.7428,0.734,0.7396,0.7356,0.7372,0.7344,0.7532
0.7312,0.7444,0.7408,0.7504,0.7396,0.7572,0.7448,0.7496,0.7532,0.74


B:
77.2,75,76.9999,77.6001,79.1999,78.4,75,70.2001,76,77.2
76.7999,74.9999,74.8,76.2,75.9999,74.4,75.4,74.7999,76.6001,67.8
76.8001,78.5999,74.1999,60.6,75.4,65.8,75.2001,76.4,74.8,76


