========================================================

Test10 results 09-25-2006  23:03:04
Board ID349  30 channels
HV Tests Software Ver.1.6.8

+5V 2488 - O'k
-5V 1342 - O'k
Interlock - On
Number of Samples: 400

Voltmeter channel: A=1.089918, B=14.168939

A:
Limits 1.1 +/- 0.1
1.078167,1.069519,1.073537,1.082837,1.078749,1.079331,1.076426,1.071237,1.066098,1.090513
1.089325,1.080497,1.076426,1.078167,1.075269,1.081081,1.071811,1.079331,1.068376,1.075847
1.084011,1.072386,1.075269,1.090513,1.089918,1.070091,1.085776,1.090513,1.074114,1.075847


B:
Limits 0.0 +/- 30.0
10.781801,12.834341,23.617657,17.325567,16.18104,4.317371,13.993531,13.925911,14.925324,4.362148
13.071987,11.885475,5.382121,8.625466,10.752512,11.89207,15.005518,11.872686,18.162409,15.061719
17.344175,15.013526,10.752512,10.905224,11.989102,17.121264,15.200872,19.629324,8.592949,12.910025
========================================================

Test10 results 09-25-2006  23:44:56
Board ID349  30 channels
HV Tests Software Ver.1.6.8

+5V 2490 - O'k
-5V 1343 - O'k
Interlock - On
Number of Samples: 400

Voltmeter channel: A=1.089918, B=14.168939

A:
Limits 1.1 +/- 0.1
1.078167,1.069519,1.073537,1.082837,1.078749,1.079331,1.076426,1.071811,1.066098,1.090513
1.088732,1.080497,1.069519,1.078167,1.075269,1.081081,1.071811,1.079331,1.068376,1.075847
1.084011,1.072386,1.075269,1.090513,1.089918,1.070091,1.085776,1.090513,1.074114,1.075847


B:
Limits 0.0 +/- 30.0
10.781801,12.834341,23.617657,17.325567,16.18104,4.317371,13.993531,12.861896,14.925324,4.362148
15.242174,11.885475,6.417229,8.625466,10.752512,11.89207,15.005518,11.872686,18.162409,15.061719
17.344175,15.013526,10.752512,10.905224,11.989102,17.121264,15.200872,19.629324,8.592949,12.910025
========================================================
Test10 (ADC Calibration) results 2007-11-26 11:07:23
Board ID349 30 channels
Linux calibration software

Voltmeter channel: A=1.08389, B=-1238.57

A:
1.07654,1.0685,1.07334,1.0816,1.079,1.07734,1.07494,1.06947,1.06597,1.0875
1.08646,1.078,1.067,1.07698,1.0723,1.07842,1.07037,1.0769,1.06703,1.074
1.08154,1.07071,1.07274,1.08945,1.08778,1.06783,1.08264,1.0879,1.0721,1.0739


B:
3.34199,3.97736,12.0557,7.70707,7.03801,-2.05761,7.20572,6.95393,4.70386,-0.437422
8.07595,5.00417,1.1059,2.69963,5.49425,6.0059,6.4109,5.46038,10.8619,7.206
11.0569,7.97357,5.46128,4.13359,5.39426,10.0331,10.4755,14.0484,2.58435,5.31245


========================================================
Test10 (ADC Calibration) results 2007-11-27 15:00:21
Board ID349 30 channels
Linux calibration software

Voltmeter channel: A=1.0843, B=-1238.6

A:
1.07644,1.0684,1.0725,1.0814,1.0788,1.07724,1.07514,1.06977,1.06597,1.0876
1.08636,1.078,1.067,1.07658,1.0721,1.07788,1.07007,1.077,1.0665,1.07346
1.08154,1.06613,1.0722,1.08945,1.08713,1.06793,1.08284,1.08854,1.072,1.0737


B:
3.47128,4.30592,13.1275,8.36378,7.69333,-2.80591,6.94791,6.17011,5.10376,-0.366074
8.40401,5.20412,0.0388967,2.13959,6.15175,7.98173,7.59949,5.13193,11.5477,7.89338
11.0569,21.807,6.1509,4.13359,6.42724,9.70467,10.2172,13.2207,2.91191,5.76941


========================================================
Test10 (ADC Calibration) results 2008-01-19 14:38:26
Board ID349 30 channels
Linux calibration software

Voltmeter channel: A=1.08321, B=-1233.92

A:
1.07566,1.0684,1.0724,1.0815,1.07872,1.07744,1.07504,1.06923,1.06557,1.0883
1.08696,1.07746,1.0672,1.07698,1.07354,1.07808,1.06987,1.077,1.0664,1.07356
1.08228,1.0677,1.0728,1.08965,1.08808,1.0672,1.08314,1.0883,1.07206,1.0737


B:
5.94728,4.90601,14.4557,7.35382,8.87291,-2.66356,7.27677,7.45386,5.35479,-2.15377
8.03495,6.69474,1.44978,1.62265,3.43176,8.12328,8.65834,5.53183,11.8758,7.96542
9.42079,19.6263,5.77907,4.27782,5.20539,11.6481,8.94729,13.7346,2.83028,6.36926


