========================================================

Test11 results 09-25-2006  23:05:47
Board ID349  30 channels
HV Tests Software Ver.1.6.8

+5V 2490 - O'k
-5V 1411 - O'k
Interlock - Off
Calibration DAC Range: [2500 - 2900]
Number of Samples: 400

A:
Limits 0.76 +/- 0.04
0.743494,0.747664,0.746269,0.739372,0.742115,0.742115,0.743494,0.747664,0.750469,0.733945
0.733945,0.740741,0.743494,0.742115,0.744879,0.742115,0.747664,0.742115,0.749064,0.744879
0.738007,0.746269,0.744879,0.739372,0.736648,0.747664,0.738007,0.733945,0.744879,0.744879


B:
Limits 60.0 +/- 30.0
55.883232,62.876728,53.523926,57.802917,62.831043,64.503883,57.344807,61.521587,57.338562,66.668404
64.103897,63.495281,68.478531,61.160015,59.848587,51.080585,50.384029,60.568645,57.39938,58.32082
57.571655,67.86245,59.848587,60.232773,49.753387,58.958431,52.942352,56.263447,69.299965,58.32082
========================================================

Test11 results 09-25-2006  23:47:38
Board ID349  30 channels
HV Tests Software Ver.1.6.8

+5V 2492 - O'k
-5V 1343 - O'k
Interlock - On
Calibration DAC Range: [2500 - 2900]
Number of Samples: 400

A:
Limits 0.76 +/- 0.04
0.743494,0.749064,0.746269,0.739372,0.742115,0.742115,0.743494,0.747664,0.750469,0.733945
0.733945,0.740741,0.749064,0.742115,0.744879,0.742115,0.747664,0.742115,0.749064,0.743494
0.738007,0.746269,0.744879,0.739372,0.736648,0.747664,0.738007,0.733945,0.744879,0.744879


B:
Limits 60.0 +/- 30.0
55.883232,58.364788,53.523926,57.802917,62.831043,64.503883,57.344807,60.80167,57.338562,66.668404
64.103897,63.495281,64.773888,61.160015,59.848587,51.080585,50.384029,60.49889,57.39938,63.676674
57.571655,68.580841,59.773846,60.232773,49.753387,58.958431,52.942352,56.263447,69.299965,58.32082
========================================================
Test11 (DAC Calibration) results 2007-11-26 11:07:23
Board ID349 30 channels
Linux calibration software
Calibration DAC Range: [1100 - 2700]

A:
0.743494,0.748713,0.745712,0.739645,0.741427,0.742942,0.744602,0.747664,0.751244,0.735632
0.735971,0.742115,0.749766,0.743564,0.74606,0.742942,0.748153,0.742873,0.750117,0.744879
0.740056,0.749415,0.74613,0.738007,0.73692,0.749555,0.739303,0.735362,0.746199,0.744948


B:
65.7992,69.022,65.6974,67.8996,72.3819,72.214,62.9189,72.1121,63.4331,72.3218
68.1693,70.6865,73.5708,64.9595,67.9009,59.584,59.7682,68.7436,63.3381,69.8324
61.7021,83.794,66.6106,73.4318,60.3536,63.9652,60.5396,61.6693,74.8717,68.8425


========================================================
Test11 (DAC Calibration) results 2007-11-27 15:00:21
Board ID349 30 channels
Linux calibration software
Calibration DAC Range: [1100 - 2700]

A:
0.743564,0.748783,0.745921,0.739782,0.741565,0.743011,0.744463,0.747454,0.751244,0.735565
0.736038,0.742115,0.749766,0.74384,0.746199,0.742942,0.748363,0.742804,0.750117,0.744879
0.740056,0.75188,0.74613,0.738007,0.736988,0.749485,0.739167,0.735294,0.746269,0.745087


B:
65.7031,68.7757,65.408,67.4126,71.8947,71.9699,63.1117,72.6994,63.1327,72.2691
67.9272,70.5381,73.5708,64.5745,67.4097,59.4355,58.8775,68.9878,63.3381,69.8324
61.7021,72.782,66.6106,73.4318,60.1105,64.2121,60.7318,61.7648,74.627,68.5014


========================================================
Test11 (DAC Calibration) results 2008-01-19 14:38:26
Board ID349 30 channels
Linux calibration software
Calibration DAC Range: [1100 - 2700]

A:
0.743356,0.748783,0.74599,0.739713,0.740878,0.742873,0.744532,0.747454,0.751527,0.735091
0.735632,0.742115,0.749625,0.743564,0.745573,0.742804,0.748503,0.742804,0.750188,0.74481
0.739919,0.751527,0.745712,0.737871,0.736716,0.749625,0.738962,0.735091,0.745851,0.745087


B:
65.694,68.3264,64.4164,67.3601,72.8469,71.8636,62.8664,72.2509,62.1419,72.7834
68.2022,69.9444,73.3133,64.9595,68.1267,59.3314,58.0838,68.6908,63.0909,69.7794
61.598,73.4148,66.8906,73.3258,60.4935,63.2684,60.8721,61.904,75.2004,68.0544


