========================================================

Test15 results 04-11-2005  17:26:01
Board ID018  8 channels
HV Tests Software Ver.1.6


A:
Limits 1.45 +/- 2.0
1.437814,1.43575,1.439885,1.43575,1.428571,1.43472,1.439885,1.439885


B:
Limits 0.0 +/- 160.0
10.064835,-1.435603,5.759615,4.307397,-8.571524,10.042908,11.519155,-4.319578
========================================================
Test15 (Master ADC Calibration) results 2007-07-17 14:39:52
Board ID18 7 channels
Linux calibration software


A:
1.43781,1.43678,1.44196,1.43885,1.42857,1.43575,1.44509,1.44404

B:
5.6076,-1.72423,-3.89325,-1.43898,-8.57152,11.0554,10.9826,-6.49808

========================================================
Test15 (ADC Calibration) results 2009-04-07 10:00:43
Board ID018 8 channels
Host: ufcmshv3
Linux calibration software

A:
1.40586,1.41274,1.40845,1.41166,1.4638,1.42092,1.43093,1.46644


B:
4.65025,-4.45555,4.22531,-1.4335,-9.43594,11.8919,11.5133,-5.97851


========================================================
Test15 (ADC Calibration) results 2009-04-08 14:41:11
Board ID018 8 channels
Host: ufcmshv3
Linux calibration software

A:
1.40586,1.45593,1.40845,1.41151,1.46413,1.42076,1.43062,1.46677


B:
4.0877,-3.71844,4.22531,-1.04239,-9.37037,11.716,12.3032,-6.79225


