========================================================

Test16 results 04-11-2005  17:27:54
Board ID018  8 channels
HV Tests Software Ver.1.6
Calibration DAC Range: [1000 - 2300]


A:
Limits 0.57 +/- 0.1
0.564726,0.563747,0.564972,0.563258,0.566696,0.563991,0.564972,0.565217


B:
Limits 50.0 +/- 60.0
41.094589,44.203026,40.113022,48.585621,42.924847,44.034767,40.113022,39.130497
========================================================
Test16 (Master DAC Calibration) results 2007-07-17 14:39:52
Board ID18 7 channels
Linux calibration software
Calibration DAC Range: [1000 - 2300]

A:
0.5646,0.563879,0.561433,0.563209,0.566484,0.563301,0.563236,0.564562

B:
41.0327,43.9987,53.2136,50.7296,46.0409,46.7152,47.0574,41.672

