========================================================

Test10 results 07-23-2006  22:43:18
Board ID017  36 channels
HV Tests Software Ver.1.6.1

+5V 2516 - O'k
-5V 1373 - O'k
Interlock - On

Voltmeter channel: A=1.075269, B=9.677243

A:
Limits 1.1 +/- 0.1
1.074691,1.082251,1.079331,1.072961,1.077586,1.071237,1.077006,1.081081,1.070091,1.075269,1.072386,1.075847
1.077586,1.075847,1.077586,1.082251,1.062699,1.074114,1.077006,1.071811,1.079914,1.084011,1.086957,1.083424
1.078749,1.078749,1.079331,1.075269,1.074114,1.075269,1.077586,1.077586,1.066098,1.072386,1.077006,1.071237


B:
Limits 0.0 +/- 30.0
12.896177,12.987051,10.793356,4.292006,3.232881,4.284775,8.615829,8.648827,13.910991,8.601974,11.796368,7.530788
9.698398,8.606635,9.698398,1.082289,15.940704,3.22238,9.692835,9.646461,11.879015,2.168024,7.608772,9.750828
11.866045,8.629799,5.396702,11.827781,8.592949,9.677243,6.465639,7.543225,19.189716,11.796368,5.384811,7.498487
========================================================
Test10 (ADC Calibration) results 2007-11-01 14:34:58
Board ID17 36 channels
Linux calibration software

Voltmeter channel: A=1.07235, B=9.19364

A:
1.0719,1.07952,1.07692,1.07154,1.07441,1.06868,1.07495,1.07901,1.06885,1.07338,1.07042,1.07344
1.07437,1.07397,1.07572,1.07964,1.06546,1.07119,1.07404,1.07489,1.07885,1.08308,1.08501,1.08105
1.0765,1.07767,1.07743,1.07394,1.07243,1.07216,1.07491,1.07559,1.07942,1.07089,1.07573,1.06898


B:
7.25472,8.58219,6.23059,-3.56832,-4.51819,-0.976253,2.1143,0.151492,6.25552,1.29038,2.90696,1.55524
5.72979,0.540481,3.10419,-3.49591,1.55901,-1.12508,5.65324,-4.40404,2.60181,-6.25841,0.762101,2.89936
5.54818,2.044,-0.33734,2.98255,3.06621,6.34551,2.11244,2.66016,5.43238,4.40253,-7.63535,2.1615


========================================================
Test10 (ADC Calibration) results 2008-06-17 15:59:19
Board ID017 36 channels
Linux calibration software

Voltmeter channel: A=1.07, B=0

A:
1.08963,1.09673,1.09398,1.08791,1.09144,1.08611,1.09198,1.09618,1.08593,1.09008,1.08773,1.09089
1.0928,1.09062,1.09271,1.09718,1.07915,1.08854,1.09126,1.07447,1.09554,1.09976,1.10188,1.09819
1.09298,1.09444,1.09435,1.09053,1.08917,1.08981,1.09198,1.0918,1.09673,1.08692,1.09198,1.08701


B:
7.50497,7.78624,6.34784,-2.45185,-4.41801,-1.86632,2.28381,1.05267,5.90233,1.85734,3.58929,0.886783
2.84206,2.44659,4.45548,-4.04257,4.82349,-1.29651,5.13495,11.3231,3.83143,-5.31645,0.881861,4.03162
6.39098,2.20928,0.104515,4.05645,2.47401,4.50517,2.06547,3.97982,6.25067,6.94629,-0.1185,0.341238


========================================================
Test10 (ADC Calibration) results 2008-07-16 21:23:30
Board ID017 36 channels
Linux calibration software

Voltmeter channel: A=1.07, B=0

A:
1.09049,1.09778,1.09483,1.08861,1.09218,1.08655,1.09266,1.09712,1.08683,1.09105,1.08804,1.09199
1.09303,1.09162,1.0937,1.09797,1.08023,1.08917,1.0919,1.07016,1.09607,1.10056,1.10277,1.09903
1.0936,1.09512,1.09464,1.09152,1.09001,1.09058,1.09303,1.09303,1.0974,1.08804,1.09313,1.08786


B:
6.71642,6.8214,5.57056,-3.09663,-5.10889,-2.05269,1.88314,0.189001,4.64262,0.524112,3.51888,-0.565228
3.28384,0.438125,2.89338,-4.9911,3.60601,-1.87706,4.76283,11.8972,3.12388,-5.83363,-0.15038,3.05086
5.82378,1.80521,0.708973,3.14504,1.91649,4.23102,0.44185,2.19081,5.41341,5.91252,-1.39441,-0.659515


========================================================
Test10 (ADC Calibration) results 2008-07-19 11:34:37
Board ID017 36 channels
Linux calibration software

Voltmeter channel: A=1.07, B=0

A:
1.09011,1.09778,1.09493,1.08842,1.09199,1.08683,1.09247,1.09693,1.08664,1.09067,1.08804,1.0918
1.09322,1.09124,1.09341,1.09797,1.08004,1.08917,1.09171,1.06817,1.09597,1.10008,1.10258,1.09874
1.09351,1.09502,1.09455,1.09143,1.08945,1.09001,1.09266,1.09294,1.0974,1.08786,1.09275,1.08767


B:
7.28022,6.6019,5.4833,-2.92249,-4.49663,-2.53053,1.83861,0.583258,5.03247,1.5264,3.73643,0.0455834
2.45376,1.65944,3.81093,-4.9911,3.3458,-1.65928,4.93631,17.8099,3.43033,-5.17238,0.687079,3.97273
5.69196,1.89243,0.79602,3.44968,2.65494,5.18653,1.66466,2.7148,5.63284,6.30265,-0.826445,-0.268105


========================================================
Test10 (ADC Calibration) results 2008-07-19 14:46:21
Board ID017 36 channels
Linux calibration software

Voltmeter channel: A=1.07, B=0

A:
1.0902,1.09769,1.09502,1.0887,1.09199,1.08673,1.09256,1.09712,1.08664,1.09077,1.08814,1.0919
1.09313,1.09133,1.09332,1.09807,1.07958,1.08898,1.0919,1.07007,1.09578,1.10017,1.10277,1.09883
1.09351,1.09483,1.09455,1.09143,1.08964,1.09049,1.09275,1.09275,1.09712,1.08795,1.09303,1.08767


B:
7.19391,6.90834,4.95855,-3.40146,-4.49663,-2.44371,1.75181,-0.0303687,5.03247,1.00329,3.86745,-0.260015
2.75953,1.3542,4.11614,-5.07931,3.55887,-1.26753,4.76283,15.406,3.82424,-5.70033,-0.15038,3.22576
6.12953,2.28606,0.576778,3.23144,2.48133,4.31702,1.14056,2.88868,5.89395,5.99881,-0.43263,-0.0506242


========================================================
Test10 (ADC Calibration) results 2008-07-20 08:08:59
Board ID017 36 channels
Linux calibration software

Voltmeter channel: A=1.07, B=0

A:
1.0903,1.0975,1.09502,1.08832,1.09171,1.08664,1.09247,1.09712,1.08664,1.09077,1.08804,1.0918
1.09294,1.09124,1.09332,1.09759,1.07958,1.08898,1.0919,1.06609,1.09616,1.10017,1.10248,1.09912
1.09379,1.09493,1.09493,1.09143,1.08964,1.09049,1.09275,1.09275,1.0974,1.08795,1.09303,1.08767


B:
6.88926,7.08243,5.1775,-2.61762,-4.01566,-2.574,1.83861,-0.0303687,5.03247,1.22139,3.51888,0.0455834
3.15225,1.44086,3.89714,-4.19997,4.42259,-1.26753,4.32629,16.5338,3.037,-5.48035,0.1136,2.96385
5.21266,1.97958,-0.210276,3.01321,2.26345,3.88093,1.57755,2.88868,5.41341,5.78127,-1.08829,-0.0506242


========================================================
Test10 (ADC Calibration) results 2008-07-20 17:40:55
Board ID017 36 channels
Linux calibration software

Voltmeter channel: A=1.07, B=0

A:
1.09011,1.0975,1.09474,1.08851,1.09199,1.08655,1.09266,1.09712,1.08683,1.09086,1.08823,1.09143
1.09313,1.09143,1.0937,1.09769,1.07967,1.08926,1.09199,1.06681,1.09616,1.10008,1.10258,1.09912
1.0937,1.09512,1.09464,1.09171,1.08964,1.09039,1.09294,1.09313,1.0974,1.08795,1.09303,1.08757


B:
7.06225,6.86298,5.6571,-3.22736,-4.71486,-2.26982,1.44618,-0.0303687,4.64262,1.13449,3.56347,0.612123
2.75953,1.48544,3.5497,-4.5074,3.25753,-1.96421,4.23932,17.3574,2.81782,-5.17238,0.246157,3.18351
5.51841,1.58636,0.708973,2.75289,2.69959,4.18618,0.966376,2.10393,5.41341,5.99881,-0.869737,-0.181368


========================================================
Test10 (ADC Calibration) results 2008-07-24 12:08:22
Board ID017 36 channels
Linux calibration software

Voltmeter channel: A=1.07, B=0

A:
1.08964,1.0974,1.09474,1.08842,1.0919,1.08673,1.09228,1.09673,1.08617,1.09058,1.08804,1.09199
1.09275,1.09114,1.09351,1.0975,1.07949,1.08898,1.09162,1.06439,1.09569,1.10017,1.10258,1.09883
1.09341,1.09445,1.09455,1.09143,1.08954,1.09011,1.09294,1.09237,1.09712,1.08786,1.09284,1.0872


B:
6.62201,6.95005,5.87599,-2.92249,-4.84594,-2.87817,1.35762,0.758799,5.46391,1.17723,3.51888,-0.565228
2.4518,1.52832,3.72387,-4.99004,3.861,-1.48515,4.80459,20.463,3.47269,-5.70033,0.0256955,2.78645
5.99775,2.19678,0.139183,3.01321,2.35045,4.00989,0.747841,3.23662,5.67458,5.6501,-0.695328,-0.0514118


