========================================================

Test10 results 04-25-2005  13:27:12
Board ID316  30 channels
HV Tests Software Ver.1.6

+5V 2517 - O'k
-5V 1330 - O'k
Interlock - On

Voltmeter channel: A=1.074114, B=9.667063

A:
Limits 1.1 +/- 0.1
1.072386,1.082837,1.071811,1.071811,1.082837,1.069519,1.082251,1.078749,1.070664,1.079331
1.074114,1.074691,1.082837,1.069519,1.070664,1.086957,1.083424,1.067806,1.067236,1.081666
1.072961,1.074691,1.075269,1.083424,1.072961,1.077586,1.069519,1.073537,1.061008,1.071811


B:
Limits 0.0 +/- 30.0
2.144894,4.331523,16.07733,7.502839,10.828545,16.042896,11.9048,9.708548,16.059963,16.19001
11.81529,20.419016,8.662871,9.625785,9.635981,4.347902,8.667404,7.474683,17.075891,9.735032
15.021619,10.746796,11.827781,6.500557,15.021619,4.310467,14.973378,16.102896,18.037064,6.431027
========================================================
Test10 (ADC Calibration) results 2007-11-27 16:27:39
Board ID316 30 channels
Linux calibration software

Voltmeter channel: A=1.06829, B=-1244.13

A:
1.0711,1.08175,1.0711,1.07033,1.08185,1.07258,1.08125,1.07825,1.07191,1.07917
1.07363,1.07494,1.08317,1.06972,1.07026,1.08594,1.08541,1.06613,1.06757,1.07994
1.07526,1.08488,1.07665,1.08322,1.07211,1.07748,1.07006,1.07308,1.06159,1.07137


B:
0.84411,2.2368,12.9863,8.01359,9.27138,10.5321,10.1686,6.782,13.8096,11.8169
9.34801,14.5804,3.21382,9.38217,4.62659,3.10633,1.04627,6.75177,10.8427,8.99699
10.2636,7.63384,9.80927,3.47271,12.6955,0.36646,11.813,12.1823,12.7157,3.07351


