========================================================

Test10 results 10-08-2005  18:53:56
Board ID070  36 channels
HV Tests Software Ver.1.6.1

+5V 2502 - O'k
-5V 1346 - O'k
Interlock - On

Voltmeter channel: A=1.076426, B=3.229268

A:
Limits 1.1 +/- 0.1
1.066098,1.074114,1.072386,1.071811,1.072386,1.076426,1.082837,1.064963,1.079331,1.075847,1.069519,1.071811
1.068947,1.086957,1.079914,1.069519,1.06553,1.071237,1.081081,1.078167,1.070664,1.078167,1.075847,1.069519
1.077586,1.070091,1.078167,1.072386,1.083424,1.071811,1.074691,1.074114,1.081666,1.072961,1.086957,1.076426


B:
Limits 0.0 +/- 30.0
9.594834,5.370607,6.434438,7.502839,4.289666,7.534973,2.165849,7.45467,2.15871,7.530788,1.069636,8.57465
12.827404,11.956598,11.879015,8.556267,4.262269,6.42725,2.162341,5.390965,5.353326,10.781801,6.454941,7.486748
14.008742,6.420354,5.390965,6.434438,5.417133,5.359216,9.672105,6.444721,2.163372,11.802734,5.434859,-1.049042e-005
========================================================
Test10 (ADC Calibration) results 2008-02-22 05:25:30
Board ID70 36 channels
Linux calibration software

Voltmeter channel: A=1.0788, B=4.6847

A:
1.06843,1.07637,1.07075,1.07418,1.07119,1.08195,1.07787,1.06454,1.08006,1.07876,1.06776,1.07365
1.06826,1.08774,1.08229,1.06793,1.06304,1.07086,1.08048,1.07914,1.06919,1.07781,1.07338,1.06876
1.07754,1.07498,1.08146,1.07192,1.08469,1.07129,1.07334,1.07271,1.0808,1.07145,1.08871,1.07577


B:
6.05814,-0.183677,4.29541,4.05277,-0.989773,1.8528,4.25298,2.74522,2.36319,0.824926,-0.872019,4.11426
8.48948,7.52125,7.08741,5.2344,3.80127,3.73467,-1.97922,5.30712,1.22621,6.41974,5.17992,1.22748
11.5674,1.65713,1.16665,0.582636,2.77577,2.46879,8.19394,4.15027,-0.825518,8.50151,1.00688,-5.06468


========================================================
Test10 (ADC Calibration) results 2008-03-07 10:39:10
Board ID70 36 channels
Linux calibration software

Voltmeter channel: A=1.07807, B=6.03534

A:
1.0675,1.07677,1.07065,1.07428,1.07055,1.08147,1.06467,1.06484,1.07982,1.07872,1.0683,1.07302
1.06879,1.08804,1.08323,1.06833,1.06314,1.07076,1.079,1.07994,1.06979,1.07727,1.07284,1.06836
1.07788,1.07504,1.08156,1.07212,1.08499,1.07159,1.07374,1.07301,1.07996,1.07165,1.08826,1.07464


B:
8.46077,-0.495575,3.55254,2.85097,0.621622,2.86846,10.0884,2.35901,2.86984,1.07511,-2.62265,5.73469
7.53772,6.24984,4.99501,3.65025,3.00966,3.59248,1.52876,3.79739,-0.61108,6.63294,6.46711,1.67453
10.453,0.502071,0.156672,-0.345975,1.70597,1.01288,6.61033,3.09551,-0.228675,6.5041,1.49138,-1.61247


