========================================================

Test11 results 10-08-2005  18:55:43
Board ID070  36 channels
HV Tests Software Ver.1.6.1

+5V 2499 - O'k
-5V 1346 - O'k
Interlock - On
Calibration DAC Range: [2500 - 2900]


A:
Limits 0.76 +/- 0.04
0.750469,0.743494,0.743494,0.746269,0.743494,0.742115,0.736648,0.749064,0.740741,0.740741,0.746269,0.746269
0.747664,0.733945,0.738007,0.744879,0.750469,0.746269,0.738007,0.740741,0.744879,0.742115,0.740741,0.747664
0.740741,0.744879,0.740741,0.744879,0.739372,0.744879,0.743494,0.742115,0.735294,0.742115,0.739372,0.740741


B:
Limits 60.0 +/- 30.0
55.486759,68.172668,69.615555,62.178528,75.119698,63.418251,73.855057,63.460468,68.085129,72.587082,73.043335,56.576412
61.277355,64.049423,63.658234,64.757225,61.877106,59.699955,66.051712,63.81628,71.931046,57.891342,71.57254,58.078796
58.430721,69.619484,63.290749,65.066559,58.603664,68.024437,64.253899,73.502754,78.920303,75.663147,59.045193,75.776459
========================================================
Test11 (DAC Calibration) results 2008-02-22 05:25:30
Board ID70 36 channels
Linux calibration software
Calibration DAC Range: [1100 - 2700]

A:
0.746896,0.741015,0.744532,0.742528,0.744602,0.737191,0.739987,0.749625,0.738484,0.739372,0.746617,0.743633
0.746269,0.733272,0.737327,0.747245,0.75068,0.745573,0.739303,0.73985,0.74599,0.740398,0.74308,0.747035
0.740947,0.741977,0.737531,0.744463,0.7357,0.744532,0.742735,0.742804,0.738348,0.744048,0.737395,0.741427


B:
65.2508,76.8062,74.7789,76.0534,79.0023,75.3041,75.1179,68.5157,75.7225,76.8576,78.6281,66.202
71.6419,71.9522,67.7418,65.0664,69.3159,68.8723,69.4113,66.1334,75.7554,69.8103,72.0231,68.3443
61.4892,73.8453,72.6192,74.1298,72.5215,74.0344,74.2827,79.3871,75.173,77.2321,67.6469,82.0204


========================================================
Test11 (DAC Calibration) results 2008-03-07 10:39:10
Board ID70 36 channels
Linux calibration software
Calibration DAC Range: [1100 - 2700]

A:
0.747175,0.740741,0.744602,0.742459,0.744671,0.736784,0.748783,0.749415,0.73828,0.73903,0.746617,0.743702
0.746269,0.733071,0.737055,0.746965,0.75061,0.745643,0.739577,0.739303,0.745573,0.740398,0.74308,0.747314
0.741084,0.741565,0.737463,0.744325,0.735497,0.744325,0.742459,0.742597,0.738552,0.743909,0.737327,0.74184


B:
63.9673,77.0371,74.5347,76.1484,78.3115,75.5757,70.423,68.8057,75.8583,77.1825,78.6281,65.5108
71.0448,72.0884,67.9751,65.4528,69.1126,68.1796,67.8467,66.4541,76.328,69.3659,71.5772,67.2116
61.0004,74.416,72.5664,74.0231,72.5108,74.3208,74.6635,79.3744,74.446,77.1248,67.0045,79.9703


========================================================
Test11 (ADC Calibration) results 2008-06-19 12:56:33
Board ID070 36 channels
Linux calibration software

Calibration DAC Range: [1000 - 3500]

A:
0.7324,0.7272,0.7332,0.7288,0.7332,0.718,0.7372,0.738,0.724,0.724,0.7348,0.7284
0.7336,0.7212,0.7336,0.7356,0.7392,0.7328,0.728,0.7236,0.7344,0.7288,0.7312,0.736
0.728,0.7252,0.7212,0.7328,0.7228,0.7316,0.7308,0.7308,0.726,0.7324,0.7236,0.7296


B:
65.6,76.8001,74.7999,75.2,78.7999,76,72.7999,68.0001,76.0001,76.0001,78.2001,67.6
73.3999,72.8,58.3999,65.4,68.8,70.2,69.0001,67.4001,76.6001,70.2,72.8001,67
63.0001,72.8,71.8,74.2,71.1999,74.4,76.2001,81.2001,75,77.6,68.4001,81.4


========================================================
Test11 (ADC Calibration) results 2008-07-17 10:58:43
Board ID070 36 channels
Linux calibration software

Calibration DAC Range: [1000 - 3500]

A:
0.7324,0.7272,0.7328,0.7284,0.7328,0.7176,0.7368,0.7372,0.724,0.7244,0.734,0.7288
0.7332,0.7216,0.7416,0.7348,0.7388,0.7328,0.7276,0.7236,0.7344,0.7284,0.7312,0.7352
0.728,0.7244,0.7216,0.7332,0.7224,0.732,0.7308,0.7308,0.726,0.7316,0.7232,0.7288


B:
64.6,76.8001,75.2,75.6,80.2,75.4,73.2,68.7999,75.0001,76.6001,78.9999,66.2
72.7999,71.4,49.4001,66.2001,69.2,69.2,69.4001,68.4001,75.6001,70.6,71.8001,67.8
62.0001,73.6001,72.4,72.7999,71.6,73,75.2001,80.2001,75,78.4,69.7999,82.2


========================================================
Test11 (ADC Calibration) results 2008-07-20 18:37:46
Board ID070 36 channels
Linux calibration software

Calibration DAC Range: [1000 - 3500]

A:
0.7328,0.7276,0.7328,0.728,0.7328,0.7196,0.7368,0.7368,0.7236,0.7248,0.734,0.7288
0.7332,0.7212,0.7448,0.7352,0.7388,0.7324,0.7276,0.7244,0.7344,0.7292,0.7312,0.7356
0.7276,0.726,0.7224,0.7324,0.7224,0.7316,0.7308,0.7304,0.7256,0.732,0.724,0.7288


B:
65.2,76.4001,75.2,78.0001,79.2,72.3999,73.2,70.2,77.4001,76.2,79.9999,67.2
72.7999,72.8,46.2001,65.8,69.2,70.6,69.4001,67.6001,75.6001,70.8,72.8001,67.4
63.4001,72,72.6,74.6,71.6,74.4,75.2001,81.5999,75.4,78,68.0001,82.2


========================================================
Test11 (ADC Calibration) results 2008-07-24 23:03:59
Board ID070 36 channels
Linux calibration software

Calibration DAC Range: [1000 - 3500]

A:
0.7324,0.7272,0.7328,0.7284,0.7324,0.72,0.736,0.7372,0.724,0.7244,0.7344,0.7288
0.7332,0.7212,0.7436,0.7348,0.7388,0.7324,0.7276,0.724,0.7344,0.7292,0.7312,0.7356
0.7276,0.726,0.7224,0.7328,0.722,0.7312,0.7308,0.7308,0.7256,0.732,0.724,0.7292


B:
65.6,77.8001,76.2,76.6,80.6,73.9999,75,69.7999,76.0001,77.6001,78.6001,68.2
73.7999,72.8,48.4,68.2001,69.2,70.6,69.4001,68.0001,75.6001,69.8,72.8001,67.4
63.4001,73,73.6,74.2,73,75.8001,75.2001,80.2001,76.4,78,68.0001,81.8


========================================================
Test11 (ADC Calibration) results 2008-08-12 23:20:39
Board ID070 36 channels
Linux calibration software

Calibration DAC Range: [1000 - 3500]

A:
0.7328,0.7264,0.7328,0.728,0.7328,0.7204,0.7364,0.7372,0.7232,0.7248,0.734,0.7284
0.7332,0.7208,0.7464,0.7348,0.7384,0.7324,0.7272,0.7248,0.734,0.73,0.7308,0.7352
0.7272,0.726,0.7376,0.7324,0.7216,0.7304,0.7308,0.7308,0.7256,0.7324,0.724,0.7284


B:
65.2,78.5999,75.2,78.0001,79.2,73.6001,74.6,68.7999,76.7999,77.2,78.9999,68.6
72.7999,73.2001,45.6,67.2001,69.6001,69.6,69.8001,67.2,76.9999,68.9999,73.2001,67.8
63.8001,73,58.3999,74.6,72.4,76.5999,75.2001,79.2001,75.4,76.6,68.0001,82.6


========================================================
Test11 (ADC Calibration) results 2008-08-13 01:14:42
Board ID070 36 channels
Linux calibration software

Calibration DAC Range: [1000 - 3500]

A:
0.7332,0.7264,0.7328,0.7284,0.7328,0.7204,0.736,0.7368,0.7232,0.7248,0.734,0.7288
0.7332,0.7208,0.746,0.7348,0.7384,0.7324,0.7272,0.7248,0.7336,0.73,0.7308,0.7352
0.7268,0.726,0.7372,0.7328,0.7216,0.7308,0.7308,0.7308,0.7252,0.732,0.7236,0.7284


B:
64.7999,78.5999,75.2,77.6,79.2,73.6001,75,70.2,76.7999,77.2,78.9999,67.2
72.7999,73.2001,47,67.2001,69.6001,69.6,69.8001,67.2,77.3999,68.9999,73.2001,67.8
64.1999,73,58.7999,74.2,72.4,75.2001,75.2001,79.2001,75.8,78,68.4001,82.6


========================================================
Test11 (DAC Calibration) results 2008-08-27 10:32:06
Board ID070 36 channels
Linux calibration (server mode)

Calibration DAC Range: [3100 - 3500]

A:
0.751714,0.748857,0.754286,0.750571,0.755429,0.749714,0.757429,0.756286,0.745143,0.746857,0.756571,0.748571
0.754,0.741714,0.762571,0.754,0.758286,0.752286,0.747143,0.744571,0.755714,0.748571,0.751714,0.754571
0.745143,0.746857,0.744571,0.754,0.742286,0.752286,0.752286,0.753429,0.746857,0.753714,0.743143,0.752


B:
0.0,0.0,0.0,0.0,0.0,0.0,0.0,0.0,0.0,0.0,0.0,0.0
0.0,0.0,0.0,0.0,0.0,0.0,0.0,0.0,0.0,0.0,0.0,0.0
0.0,0.0,0.0,0.0,0.0,0.0,0.0,0.0,0.0,0.0,0.0,0.0


========================================================
Test11 (ADC Calibration) results 2008-08-27 13:08:29
Board ID070 36 channels
Linux calibration software

Calibration DAC Range: [1000 - 3500]

A:
0.7332,0.7268,0.7328,0.7284,0.7324,0.7372,0.736,0.7372,0.7236,0.7252,0.7336,0.7288
0.7332,0.7212,0.7504,0.7348,0.7384,0.7324,0.7272,0.7256,0.7344,0.73,0.7308,0.7352
0.7272,0.7272,0.724,0.7336,0.7216,0.7776,0.7308,0.7304,0.7252,0.7316,0.7236,0.7284


B:
64.7999,77.1999,75.2,77.6,79.6,65.7999,74,67.7999,76.4001,76.8,79.3999,68.2
72.7999,72.8,50.6,67.2001,69.6001,69.6,69.8001,66.4,75.6001,68.9999,73.2001,67.8
62.8001,72.8001,73.0001,72.3999,72.4,27.4,75.2001,80.5999,75.8,78.4,69.4001,81.6


========================================================
Test11 (DAC Calibration) results 2008-08-28 18:58:18
Board ID070 36 channels
Linux calibration (server mode)

Calibration DAC Range: [3100 - 3500]

A:
0.74,0.735,0.7425,0.7325,0.7425,0.7425,0.74,0.745,0.73,0.735,0.74,0.735
0.7425,0.73,0.7525,0.7375,0.75,0.7425,0.7325,0.735,0.745,0.7375,0.7425,0.7425
0.74,0.7325,0.7325,0.745,0.73,0.7775,0.735,0.74,0.7375,0.74,0.735,0.7375


B:
72.0,79.5,72.2,93.2,75.2,94.2,90.0,71.5,84.0,74.5,87.0,78.5
71.2,71.0,78.3,86.7,60.0,64.2,81.2,65.5,67.5,72.7,63.2,72.2
50.0,90.2,78.2,67.5,73.0,71.8,89.5,76.0,63.7,81.0,61.5,79.7


========================================================
Test11 (DAC Calibration) results 2008-08-30 18:22:55
Board ID070 36 channels
Linux calibration (server mode)

Calibration DAC Range: [3100 - 3500]

A:
0.745,0.7375,0.7425,0.74,0.7425,0.7425,0.7475,0.7475,0.7375,0.7375,0.7425,0.7375
0.74,0.73,0.7525,0.7475,0.7475,0.7425,0.7375,0.7375,0.7425,0.735,0.74,0.7425
0.7375,0.7375,0.7375,0.74,0.73,0.7775,0.7425,0.7425,0.735,0.74,0.735,0.74


B:
59.5,76.7,76.2,74.0,80.2,75.2,70.7,66.7,64.7,69.7,84.2,74.7
85.0,77.0,78.3,58.7,73.7,70.2,69.7,61.7,82.2,84.5,77.0,78.2
63.7,78.7,67.7,85.0,79.0,67.8,70.2,74.2,77.5,85.0,65.5,77.0


========================================================
Test11 (DAC Calibration) results 2008-08-30 21:24:16
Board ID070 36 channels
Linux calibration (server mode)

Calibration DAC Range: [3100 - 3500]

A:
0.72,0.715,0.72,0.7175,0.7225,0.7275,0.73,0.7275,0.7125,0.7125,0.7275,0.7175
0.7225,0.705,0.7325,0.725,0.725,0.7225,0.715,0.71,0.7225,0.72,0.7175,0.725
0.715,0.72,0.715,0.725,0.705,0.7575,0.72,0.72,0.7125,0.7225,0.715,0.72


B:
75.0,83.5,83.0,80.8,79.2,78.7,61.0,64.7,79.3,85.3,64.7,73.8
74.2,92.5,79.2,65.5,79.5,66.2,76.5,86.0,80.2,76.0,82.8,66.5
70.5,72.0,78.5,68.5,94.5,76.8,76.0,81.0,84.3,74.2,64.5,76.0


========================================================
Test11 (DAC Calibration) results 2008-08-30 21:52:00
Board ID070 36 channels
Linux calibration (server mode)

Calibration DAC Range: [3100 - 3500]

A:
0.745,0.74,0.74,0.7375,0.7425,0.7475,0.74,0.7475,0.735,0.7325,0.7425,0.7375
0.7425,0.7275,0.755,0.745,0.7475,0.7425,0.735,0.7375,0.7425,0.7425,0.7425,0.745
0.7375,0.7425,0.7375,0.745,0.735,0.78,0.7375,0.74,0.735,0.74,0.7325,0.7425


B:
61.5,69.0,85.0,82.7,81.2,81.7,97.0,68.7,73.5,88.2,84.2,75.7
76.2,84.7,74.5,68.5,73.7,71.2,78.5,63.7,82.2,72.2,68.2,69.5
64.7,67.2,75.7,71.5,63.5,76.0,86.7,83.0,77.5,85.0,75.2,69.2


========================================================
Test11 (DAC Calibration) results 2008-08-31 12:06:18
Board ID070 36 channels
Linux calibration (server mode)

Calibration DAC Range: [3100 - 3500]

A:
0.74,0.74,0.745,0.7425,0.7375,0.755,0.74,0.7425,0.74,0.7375,0.7475,0.7375
0.7425,0.73,0.755,0.745,0.7475,0.7425,0.735,0.7375,0.7475,0.7425,0.74,0.75
0.7325,0.7425,0.7375,0.745,0.735,0.78,0.745,0.74,0.74,0.735,0.7325,0.7425


B:
79.0,69.0,69.5,66.2,97.7,72.5,97.0,85.2,58.0,73.7,67.7,76.7
77.2,78.0,79.5,68.5,74.7,70.2,78.5,64.7,65.7,68.2,78.0,54.0
81.2,69.2,76.7,73.5,63.5,76.0,62.5,83.0,62.0,102.5,76.2,70.2


========================================================
Test11 (DAC Calibration) results 2008-08-31 16:15:23
Board ID070 36 channels
Linux calibration (server mode)

Calibration DAC Range: [3100 - 3500]

A:
0.74,0.74,0.745,0.7425,0.7425,0.75,0.74,0.7475,0.73,0.7375,0.7475,0.7425
0.7425,0.73,0.76,0.745,0.7475,0.7425,0.74,0.7375,0.7425,0.745,0.74,0.745
0.7375,0.7375,0.7375,0.745,0.735,0.7775,0.74,0.74,0.735,0.735,0.7325,0.745


B:
79.0,69.0,69.5,67.2,81.2,82.0,97.0,68.7,91.0,72.7,68.7,60.2
76.2,78.0,60.0,68.5,73.7,71.2,63.0,63.7,82.2,54.5,78.0,69.5
64.7,83.7,72.7,73.5,63.5,76.8,78.0,83.0,77.5,102.5,75.2,60.5


========================================================
Test11 (DAC Calibration) results 2008-08-31 18:30:19
Board ID070 36 channels
Linux calibration (server mode)

Calibration DAC Range: [3100 - 3500]

A:
0.74,0.74,0.745,0.7425,0.74,0.7575,0.74,0.7475,0.73,0.7375,0.7425,0.7425
0.7425,0.73,0.755,0.745,0.7475,0.7425,0.74,0.7325,0.7425,0.74,0.74,0.745
0.7375,0.7425,0.7425,0.745,0.735,0.7775,0.74,0.74,0.735,0.7375,0.7325,0.74


B:
79.0,69.0,69.5,66.2,89.0,62.8,97.0,67.7,91.0,71.7,85.2,59.2
75.2,78.0,77.5,68.5,74.7,70.2,63.0,80.2,81.2,72.0,78.0,69.5
63.7,67.2,62.2,73.5,63.5,92.8,78.0,83.0,77.5,93.7,74.2,78.0


========================================================
Test11 (DAC Calibration) results 2008-09-01 15:18:44
Board ID070 36 channels
Linux calibration (server mode)

Calibration DAC Range: [3100 - 3500]

A:
0.7475,0.74,0.745,0.7425,0.74,0.75,0.7425,0.7425,0.7325,0.7375,0.7425,0.7425
0.7375,0.73,0.75,0.745,0.7475,0.7425,0.735,0.7325,0.7475,0.74,0.74,0.745
0.7325,0.74,0.74,0.745,0.735,0.765,0.745,0.74,0.735,0.7375,0.7375,0.74


B:
52.7,69.0,69.5,65.2,89.0,66.0,88.2,84.2,82.2,70.7,84.2,58.2
91.7,78.0,84.0,68.5,73.7,69.2,78.5,79.2,64.7,67.0,78.0,69.5
80.2,72.0,64.0,67.5,63.5,69.5,62.5,83.0,77.5,92.7,57.7,78.0


