========================================================

Test10 results 09-06-2005  12:20:28
Board ID408  30 channels
HV Tests Software Ver.1.6

+5V 2505 - O'k
-5V 1303 - O'k
Interlock - On

Voltmeter channel: A=1.085187, B=3.255554

A:
Limits 1.1 +/- 0.1
1.072386,1.070091,1.074691,1.077006,1.069519,1.077006,1.075269,1.078167,1.079914,1.066098
1.072961,1.075269,1.071811,1.077006,1.073537,1.072961,1.072386,1.070664,1.076426,1.080497
1.077006,1.071811,1.073537,1.077006,1.067236,1.066098,1.074691,1.077006,1.068947,1.068947


B:
Limits 0.0 +/- 35.0
10.723982,2.13999,6.448031,7.538823,11.764822,7.538823,5.376168,7.547299,12.958929,10.660933
7.51089,9.677243,1.071971,10.769841,6.441059,12.875696,5.362052,8.565317,9.687826,9.724482
10.769841,6.431027,5.367522,8.615829,13.874185,7.462638,4.298649,8.615829,12.827404,12.827404
========================================================
Test10 (ADC Calibration) results 2008-06-03 04:46:06
Board ID408 30 channels
Linux calibration software

Voltmeter channel: A=1.04166, B=-1389.01

A:
1.07155,1.06857,1.07265,1.07607,1.07025,1.07546,1.07376,1.07713,1.07922,1.06576
1.07131,1.075,1.07031,1.0751,1.07125,1.07168,1.07085,1.06894,1.07465,1.07878
1.07613,1.07071,1.07155,1.07574,1.06566,1.06473,1.07215,1.07577,1.06787,1.0683


B:
10.5584,2.04565,6.71169,6.11121,9.63647,6.55674,7.58966,6.24314,10.8025,7.56042
6.93232,5.04994,1.22381,11.3713,7.72958,11.5372,3.11453,9.42428,9.89668,10.3245
8.68893,5.84218,6.4869,7.50241,13.6065,7.14987,4.861,8.02072,10.6697,10.5747


