========================================================

Test11 results 09-06-2005  12:24:26
Board ID408  30 channels
HV Tests Software Ver.1.6

+5V 2506 - O'k
-5V 1303 - O'k
Interlock - On
Calibration DAC Range: [2500 - 2900]


A:
Limits 0.76 +/- 0.04
0.749064,0.750469,0.750469,0.746269,0.750469,0.746269,0.747664,0.744879,0.746269,0.754717
0.747664,0.749064,0.749064,0.749064,0.749064,0.746269,0.749064,0.753296,0.747664,0.743494
0.744879,0.750469,0.749064,0.750469,0.753296,0.756144,0.750469,0.746269,0.75188,0.75188


B:
Limits 60.0 +/- 40.0
61.104832,72.203751,51.198681,60.401585,61.950211,60.401585,61.290318,68.335045,51.123512,54.029293
68.900749,53.638699,69.222191,45.809193,60.470066,68.663193,66.009041,49.648579,59.763229,60.180653
68.016792,64.53746,62.881115,58.967571,61.180294,54.480106,58.535542,60.401585,62.066082,58.851135
========================================================
Test11 (DAC Calibration) results 2008-06-03 04:46:06
Board ID408 30 channels
Linux calibration software
Calibration DAC Range: [1100 - 2700]

A:
0.749204,0.750539,0.748433,0.74606,0.750117,0.746478,0.747664,0.744948,0.744255,0.75365
0.748994,0.747175,0.749695,0.747105,0.749415,0.748363,0.749695,0.751033,0.745921,0.744186
0.745643,0.749415,0.749204,0.750047,0.752587,0.754006,0.748783,0.746269,0.751033,0.751103


B:
66.0986,79.1163,64.1689,68.647,69.1891,69.1144,66.729,76.292,63.8479,62.9769
70.1338,66.508,76.8155,60.1793,65.808,68.0075,70.0683,66.1283,71.3754,66.3256
72.0569,72.5527,68.3462,66.4353,71.2135,67.0122,71.1718,66.418,71.8362,67.3832


