========================================================

Test10 results 09-29-2006  18:52:49
Board ID281  30 channels
HV Tests Software Ver.1.6.8

+5V 2504 - O'k
-5V 1318 - O'k
Interlock - On
Number of Samples: 400

Voltmeter channel: A=1.089918, B=7.629429

A:
Limits 1.1 +/- 0.1
1.081666,1.079331,1.070091,1.088732,1.081081,1.071811,1.086366,1.075269,1.070664,1.092299
1.078749,1.072386,1.085776,1.077006,1.078749,1.069519,1.074691,1.075269,1.076426,1.086366
1.077586,1.076426,1.082251,1.075269,1.072386,1.079331,1.085187,1.074114,1.076426,1.072386


B:
Limits 0.0 +/- 30.0
11.898364,11.872686,21.401628,14.153442,16.216394,10.718273,10.863837,13.978319,8.565317,13.107401
15.102291,19.30307,13.02932,11.846848,12.944794,19.251453,20.419016,13.978319,16.146383,11.950203
17.241501,15.069958,15.151553,19.354664,13.94114,17.269341,16.277802,10.741177,15.069958,19.30307
========================================================
Test10 (ADC Calibration) results 2008-02-01 06:42:55
Board ID281 30 channels
Linux calibration software

Voltmeter channel: A=1.08057, B=-1514.57

A:
1.07966,1.07696,1.06929,1.08652,1.08022,1.06928,1.0851,1.07398,1.06905,1.08974
1.07616,1.07019,1.08326,1.07539,1.07686,1.07307,1.0723,1.07267,1.07599,1.0836
1.07646,1.07412,1.08048,1.07395,1.07042,1.07706,1.08223,1.07237,1.07428,1.0715


B:
4.91808,5.10468,10.7923,8.03418,9.55841,5.29796,2.6733,5.82218,1.10099,7.85282
9.80481,12.1063,7.26256,5.02832,5.66326,5.32176,14.3095,9.08808,7.18352,6.62601
10.5443,9.49837,8.86739,10.8006,6.63382,11.0537,11.9155,5.01725,8.28933,8.83674


========================================================
Test10 (ADC Calibration) results 2008-06-19 12:08:44
Board ID281 30 channels
Linux calibration software

Voltmeter channel: A=1.07, B=0

A:
1.09647,1.09383,1.08561,1.10347,1.09895,1.08418,1.10125,1.09047,1.08489,1.09987
1.09392,1.08687,1.10033,1.09283,1.09456,1.06945,1.08939,1.08948,1.09138,1.10106
1.09483,1.09056,1.09702,1.09038,1.08678,1.09474,1.09941,1.08948,1.09147,1.08624


B:
3.12229,4.45945,11.1526,7.94972,7.66132,6.18323,4.45961,6.23884,1.18043,9.90199
7.87614,11.7346,6.40222,2.97547,4.66461,17.4778,13.9924,7.59082,7.36946,4.84804
8.13582,8.99128,7.66374,10.9024,7.03551,8.00076,10.3201,4.75807,6.63186,11.4436


