========================================================

Test11 results 09-29-2006  18:56:01
Board ID281  30 channels
HV Tests Software Ver.1.6.8

+5V 2504 - O'k
-5V 1318 - O'k
Interlock - On
Calibration DAC Range: [2500 - 2900]
Number of Samples: 400

A:
Limits 0.76 +/- 0.04
0.744879,0.746269,0.753296,0.739372,0.744879,0.75188,0.742115,0.749064,0.75188,0.738007
0.749064,0.75188,0.742115,0.747664,0.746269,0.753296,0.749064,0.749064,0.747664,0.742115
0.747664,0.750469,0.744879,0.753296,0.75188,0.746269,0.743494,0.750469,0.749064,0.75188


B:
Limits 60.0 +/- 30.0
58.260628,63.937614,52.066814,64.870453,61.407269,68.967369,61.339565,61.612499,66.36351,60.021889
53.154259,53.742355,62.074795,63.951496,66.272255,57.709541,58.307549,61.527641,61.535828,62.145638
57.669369,51.610558,60.753681,59.346344,60.908707,59.910206,55.115051,61.760029,56.13826,53.742355
========================================================
Test11 (DAC Calibration) results 2008-02-01 06:42:55
Board ID281 30 channels
Linux calibration software
Calibration DAC Range: [1100 - 2700]

A:
0.746199,0.747314,0.753438,0.740741,0.745434,0.752304,0.742459,0.749766,0.753225,0.738552
0.747873,0.7528,0.742597,0.748783,0.747384,0.750399,0.750188,0.75068,0.748363,0.742735
0.747664,0.750047,0.744879,0.753579,0.75188,0.747245,0.744048,0.750892,0.749555,0.75188


B:
65.9173,72.4428,63.8728,71.1112,68.6172,80.0264,72.4361,70.5717,74.1078,70.4579
69.7298,63.6961,72.988,71.1718,74.4395,72.5541,66.8418,68.1148,68.7558,72.9458
68.3738,65.6853,72.0671,69.7062,73.6842,68.8026,66.0714,72.7801,67.1133,66.1654


========================================================
Test11 (ADC Calibration) results 2008-06-19 12:56:33
Board ID281 30 channels
Linux calibration software

Calibration DAC Range: [1000 - 3500]

A:
0.7344,0.7356,0.742,0.7296,0.732,0.7424,0.7312,0.7384,0.742,0.732
0.7356,0.7412,0.7312,0.7368,0.7352,0.7532,0.7384,0.7392,0.738,0.7312
0.7352,0.7388,0.7336,0.742,0.7408,0.7352,0.732,0.7388,0.7376,0.7416


B:
68.6001,73.4,64.0001,70.4,72,78.6,71.8001,70.6001,74.0001,68
72.4,64.8001,72.8001,73.2,75.8,62.8,66.6001,68.8,69.0001,73.8001
70.8,66.2,73.3999,71.0001,73.1999,70.8,68,74.2,69.3999,65.4001


========================================================
Test11 (ADC Calibration) results 2008-07-17 10:58:43
Board ID281 30 channels
Linux calibration software

Calibration DAC Range: [1000 - 3500]

A:
0.7344,0.7352,0.7412,0.7292,0.7324,0.7424,0.7308,0.7376,0.742,0.7348
0.7356,0.7404,0.7312,0.7368,0.7352,0.756,0.738,0.7388,0.738,0.7308
0.7352,0.7384,0.7332,0.742,0.74,0.7352,0.732,0.7384,0.7376,0.746


B:
68.6001,74.8,65.8001,70.8,70.6,78.6,72.2001,71.3999,74.0001,68.2001
71.4,65.5999,72.8001,72.2,74.8,65.0001,67.0001,69.2,69.0001,74.2001
68.8,66.6001,73.7999,70.0001,75,70.8,68,73.6001,68.3999,62


========================================================
Test11 (ADC Calibration) results 2008-07-20 18:37:46
Board ID281 30 channels
Linux calibration software

Calibration DAC Range: [1000 - 3500]

A:
0.7352,0.7356,0.7412,0.7292,0.7332,0.7424,0.7308,0.7376,0.742,0.736
0.7356,0.7408,0.7312,0.7364,0.7348,0.7588,0.7376,0.7388,0.738,0.7304
0.7352,0.7384,0.7332,0.7416,0.74,0.7348,0.732,0.738,0.7372,0.7504


B:
66.8,73.4,65.8001,70.8,68.7999,79.6,72.2001,71.3999,74.0001,66
71.4,65.1999,72.8001,73.6,76.2001,65.1999,68.3999,69.2,69.0001,75.5999
69.8,66.6001,73.7999,71.4001,75,71.2001,68,75.0001,69.7999,58.6


========================================================
Test11 (ADC Calibration) results 2008-07-24 23:03:59
Board ID281 30 channels
Linux calibration software

Calibration DAC Range: [1000 - 3500]

A:
0.7356,0.736,0.7416,0.7292,0.7324,0.7428,0.7304,0.738,0.7416,0.7348
0.736,0.7408,0.7312,0.7364,0.7348,0.7572,0.7376,0.7392,0.7376,0.7308
0.7348,0.7388,0.7332,0.7424,0.74,0.7352,0.732,0.7384,0.7372,0.7512


B:
66.4,74,65.4001,70.8,70.6,79.2,73.5999,71.0001,75.4001,69.2001
71,66.1999,73.8001,73.6,76.2001,67.8,68.3999,68.8,70.3999,75.2001
70.2001,66.2,73.7999,69.6,75,70.8,68,74.6001,69.7999,60.7999


========================================================
Test11 (ADC Calibration) results 2008-08-13 01:14:42
Board ID281 30 channels
Linux calibration software

Calibration DAC Range: [1000 - 3500]

A:
0.736,0.7356,0.7412,0.7292,0.732,0.7424,0.7308,0.7372,0.742,0.7352
0.7352,0.7404,0.7308,0.7356,0.7348,0.7564,0.7376,0.7388,0.738,0.7304
0.7352,0.7384,0.7332,0.742,0.74,0.7352,0.732,0.738,0.7376,0.7496


B:
66,74.4,65.8001,70.8,70,80.6,72.2001,71.7999,74.0001,67.8
71.8,65.5999,74.2001,74.4,76.2001,67.6,67.3999,69.2,69.0001,75.5999
68.8,66.6001,73.7999,71.0001,75,70.8,68,75.0001,68.3999,60.4


========================================================
Test11 (DAC Calibration) results 2008-08-27 10:32:34
Board ID281 30 channels
Linux calibration (server mode)

Calibration DAC Range: [3100 - 3500]

A:
0.753429,0.754857,0.758286,0.747714,0.750571,0.763714,0.749714,0.756,0.761429,0.753143
0.753714,0.757714,0.750286,0.755143,0.754571,0.776286,0.755143,0.756571,0.755714,0.750286
0.752857,0.755429,0.752571,0.760286,0.759429,0.753714,0.749714,0.757143,0.755429,0.764571


B:
0.0,0.0,0.0,0.0,0.0,0.0,0.0,0.0,0.0,0.0
0.0,0.0,0.0,0.0,0.0,0.0,0.0,0.0,0.0,0.0
0.0,0.0,0.0,0.0,0.0,0.0,0.0,0.0,0.0,0.0


========================================================
Test11 (ADC Calibration) results 2008-08-27 13:08:29
Board ID281 30 channels
Linux calibration software

Calibration DAC Range: [1000 - 3500]

A:
0.7348,0.734,0.7396,0.728,0.7312,0.7416,0.7292,0.736,0.74,0.7344
0.734,0.7388,0.7292,0.7344,0.7332,0.7592,0.736,0.7368,0.7364,0.7292
0.7336,0.7372,0.732,0.7404,0.7384,0.7336,0.7308,0.7364,0.736,0.7504


B:
65.2001,72.9999,65.4,70.0001,68.8001,78.4001,70.8,70,74,66.6001
69.9999,65.2,73.8,73.6001,74.7999,64.8001,66,69.2,68.6,73.8
68.3999,64.7999,72,69.5999,74.6001,69.3999,66.2001,73.6,68,57.6


========================================================
Test11 (DAC Calibration) results 2008-08-28 18:58:21
Board ID281 30 channels
Linux calibration (server mode)

Calibration DAC Range: [3100 - 3500]

A:
0.7425,0.74,0.7475,0.735,0.74,0.75,0.7325,0.7425,0.745,0.74
0.74,0.745,0.7375,0.74,0.7375,0.7625,0.74,0.7475,0.7425,0.735
0.7375,0.7425,0.7375,0.745,0.74,0.7375,0.735,0.74,0.74,0.7525


B:
71.2,82.0,67.7,75.5,75.0,79.0,89.2,77.2,86.5,79.0
78.0,73.5,74.7,83.0,89.7,89.3,82.0,62.7,77.2,82.5
84.7,76.2,82.7,83.5,97.0,85.7,80.5,90.0,83.0,88.3


========================================================
Test11 (DAC Calibration) results 2008-08-30 18:22:57
Board ID281 30 channels
Linux calibration (server mode)

Calibration DAC Range: [3100 - 3500]

A:
0.745,0.745,0.7475,0.7375,0.7425,0.75,0.7425,0.7475,0.75,0.7425
0.7425,0.745,0.7475,0.7475,0.7475,0.7675,0.745,0.7475,0.745,0.74
0.7475,0.7475,0.7375,0.75,0.745,0.74,0.7425,0.745,0.7425,0.7575


B:
69.5,74.5,77.7,76.7,74.2,88.0,66.2,69.7,80.0,78.2
80.2,83.5,51.7,66.7,66.7,76.8,74.5,72.7,77.5,75.0
60.7,68.7,91.7,76.0,90.5,87.0,65.2,83.5,85.2,77.8


========================================================
Test11 (DAC Calibration) results 2008-08-30 21:24:18
Board ID281 30 channels
Linux calibration (server mode)

Calibration DAC Range: [3100 - 3500]

A:
0.7225,0.725,0.725,0.7175,0.72,0.7275,0.72,0.7275,0.73,0.7225
0.72,0.725,0.72,0.7275,0.72,0.7425,0.7225,0.725,0.7225,0.7225
0.725,0.73,0.7225,0.725,0.7225,0.725,0.72,0.725,0.725,0.735


B:
76.2,72.5,82.5,75.8,83.0,93.7,71.0,67.7,77.0,76.2
86.0,80.5,72.0,64.7,88.0,93.2,80.2,78.5,83.2,64.2
66.5,57.0,73.2,89.5,95.2,67.5,71.0,79.5,73.5,85.5


========================================================
Test11 (DAC Calibration) results 2008-08-30 21:52:02
Board ID281 30 channels
Linux calibration (server mode)

Calibration DAC Range: [3100 - 3500]

A:
0.745,0.745,0.7475,0.74,0.7425,0.7525,0.74,0.745,0.7525,0.745
0.745,0.7475,0.7375,0.745,0.7425,0.77,0.7425,0.7475,0.745,0.74
0.7425,0.745,0.7425,0.7475,0.7475,0.745,0.74,0.7475,0.7475,0.7625


B:
72.5,74.5,77.7,69.0,81.2,81.3,74.0,78.5,71.3,70.5
71.5,74.7,83.7,76.5,82.2,74.0,83.2,71.7,78.5,76.0
77.2,77.5,75.2,84.7,81.7,70.5,74.0,74.7,67.7,65.3


========================================================
Test11 (DAC Calibration) results 2008-08-31 12:06:20
Board ID281 30 channels
Linux calibration (server mode)

Calibration DAC Range: [3100 - 3500]

A:
0.75,0.745,0.7525,0.735,0.745,0.7475,0.74,0.745,0.7525,0.745
0.745,0.7475,0.7425,0.745,0.7425,0.7725,0.7425,0.7475,0.745,0.74
0.7475,0.745,0.7425,0.7525,0.7475,0.745,0.74,0.7475,0.7475,0.76


B:
57.0,74.5,61.3,86.5,74.5,98.7,74.0,78.5,71.3,72.5
71.5,75.7,67.2,76.5,83.2,69.3,84.2,72.7,78.5,76.0
60.7,77.5,76.2,68.3,82.7,70.5,74.0,75.7,68.7,77.0


========================================================
Test11 (DAC Calibration) results 2008-08-31 16:15:25
Board ID281 30 channels
Linux calibration (server mode)

Calibration DAC Range: [3100 - 3500]

A:
0.745,0.745,0.7525,0.735,0.745,0.7525,0.74,0.745,0.7525,0.745
0.74,0.7475,0.7375,0.745,0.7425,0.77,0.7475,0.7425,0.745,0.74
0.7425,0.745,0.7425,0.7525,0.7475,0.745,0.74,0.7475,0.7425,0.7625


B:
72.5,74.5,61.3,86.5,69.5,82.3,74.0,78.5,71.3,72.5
89.0,74.7,83.7,76.5,82.2,76.0,67.7,89.2,78.5,76.0
77.2,77.5,75.2,68.3,81.7,70.5,74.0,74.7,85.2,66.3


========================================================
Test11 (DAC Calibration) results 2008-08-31 18:30:21
Board ID281 30 channels
Linux calibration (server mode)

Calibration DAC Range: [3100 - 3500]

A:
0.745,0.745,0.7525,0.735,0.7475,0.7525,0.74,0.745,0.7525,0.74
0.74,0.7475,0.7375,0.745,0.7425,0.77,0.7475,0.7425,0.745,0.74
0.7375,0.745,0.7425,0.7525,0.7475,0.745,0.74,0.7425,0.7425,0.7625


B:
72.5,74.5,61.3,86.5,64.7,82.3,74.0,78.5,71.3,88.0
89.0,75.7,82.7,76.5,81.2,76.0,66.7,88.2,78.5,76.0
93.7,77.5,76.2,68.3,82.7,70.5,74.0,91.2,84.2,66.3


========================================================
Test11 (DAC Calibration) results 2008-09-01 15:18:46
Board ID281 30 channels
Linux calibration (server mode)

Calibration DAC Range: [3100 - 3500]

A:
0.7475,0.745,0.7525,0.7425,0.7425,0.75,0.74,0.745,0.7525,0.7475
0.74,0.7475,0.7375,0.74,0.7425,0.77,0.7425,0.7475,0.74,0.74
0.7375,0.745,0.7425,0.7525,0.7475,0.745,0.7425,0.7475,0.7425,0.7625


B:
61.7,74.5,61.3,60.2,67.2,89.0,74.0,78.5,71.3,61.7
89.0,74.7,83.7,92.0,82.2,71.0,83.2,71.7,94.0,76.0
92.7,77.5,75.2,68.3,81.7,70.5,65.2,74.7,83.2,59.3


========================================================
Test11 (ADC Calibration) results 2009-03-18 16:02:25
Board ID281 30 channels
Host: ufcmshv3
Linux calibration software

Calibration DAC Range: [1000 - 3500]

A:
0.7472,0.7572,0.768,0.7504,0.7652,0.7668,0.766,0.7656,0.7604,0.7676
0.7596,0.7572,0.7612,0.7648,0.7584,0.7648,0.7632,0.77,0.7564,0.7396
0.766,0.7704,0.7644,0.758,0.7528,0.7572,0.766,0.7676,0.7632,0.7568


B:
67.8,71.8,65,70.6,67.7999,78.2001,71.0001,70.3999,74.6,69.4
69.4001,65.8,71.8,73.2,72.5999,73.2,66.8,68.0001,68.6,72.4
68.0001,63.6,73.6,69.9999,75.2,71.8,65.0001,72.4,67.8,67.2


