========================================================

Test11 results 04-26-2005  15:20:50
Board ID321  30 channels
HV Tests Software Ver.1.6

+5V 2511 - O'k
-5V 1306 - O'k
Interlock - On
Calibration DAC Range: [2500 - 2900]


A:
Limits 0.76 +/- 0.04
0.743494,0.750469,0.750469,0.742115,0.747664,0.754717,0.750469,0.749064,0.754717,0.750469
0.754717,0.749064,0.753296,0.747664,0.746269,0.750469,0.749064,0.747664,0.746269,0.749064
0.744879,0.747664,0.750469,0.742115,0.749064,0.750469,0.753296,0.75188,0.747664,0.750469


B:
Limits 60.0 +/- 30.0
52.02454,47.571472,60.866463,63.543083,53.065105,57.098091,57.729557,59.36348,51.539059,55.311234
47.500877,49.845104,53.229126,62.340988,62.812931,60.779251,66.183136,55.408489,55.456646,60.976086
59.872047,59.443428,64.000076,54.210297,58.723957,54.841824,55.291126,55.26759,60.087593,62.477882
========================================================
Test11 (DAC Calibration) results 2008-04-15 15:48:50
Board ID321 30 channels
Linux calibration software
Calibration DAC Range: [1100 - 2700]

A:
0.741771,0.746965,0.750399,0.74308,0.745573,0.753296,0.749836,0.748363,0.75188,0.75068
0.753296,0.748503,0.751174,0.75068,0.747524,0.75068,0.750117,0.745573,0.745504,0.749836
0.744879,0.76438,0.750751,0.740329,0.747175,0.748293,0.753367,0.75188,0.747664,0.751456


B:
60.7788,60.224,64.4497,63.5519,60.671,64.3691,63.1268,67.2591,63.9098,58.8064
55.7816,55.539,63.3802,65.2622,61.2408,62.1093,62.888,60.671,61.8118,62.9768
62.3836,45.9201,64.7146,63.8351,68.4504,65.2604,58.8474,57.5941,63.8878,63.141


========================================================
Test11 (DAC Calibration) results 2008-04-16 15:36:55
Board ID321 30 channels
Linux calibration software
Calibration DAC Range: [1100 - 2700]

A:
0.741771,0.746826,0.750821,0.74308,0.745573,0.753012,0.749695,0.748363,0.75188,0.750258
0.753225,0.748573,0.751244,0.750751,0.747175,0.750821,0.750047,0.745434,0.745226,0.749836
0.744879,0.754361,0.75061,0.740398,0.747245,0.748223,0.75365,0.751809,0.747384,0.751315


B:
60.7788,60.4181,63.8667,63.5519,60.671,65.3616,63.321,67.2591,63.9098,59.9926
56.0304,55.2914,63.1327,65.4654,62.025,61.6142,63.2852,61.1628,62.6455,62.9768
62.3836,59.736,64.9091,63.5908,68.2047,65.5068,58.455,57.8423,64.873,63.4863


