========================================================
Test10 (ADC Calibration) results 2014-01-19 19:51:39
Board IDXXX 30 channels
Host: ufcmshv1
Linux calibration software

Voltmeter channel: A=1.09534, B=7.90604

A:
1.12054,1.07961,1.08556,1.08258,1.07639,1.07657,1.10016,1.0842,1.08756,1.11459
1.1251,1.08538,1.10408,1.09249,1.12822,1.07408,1.07711,1.10035,1.09728,1.09396
1.0902,1.08366,1.08628,1.04913,1.06103,1.09194,1.08393,1.10147,1.09249,1.10203


B:
5.54525,11.3146,7.18706,7.74098,7.57821,7.41413,7.9556,8.20819,7.75899,7.69296
8.26453,6.91808,8.40327,8.29683,8.00142,6.26575,7.35338,7.78801,6.37254,7.40361
7.9704,6.75153,6.74259,9.14066,7.48648,7.92103,6.07069,7.00313,7.64111,6.94073


========================================================
Test10 (ADC Calibration) results 2014-03-14 18:53:42
Board ID242 30 channels
Host: ufcmshv1
Linux calibration software

Voltmeter channel: A=1.11097, B=2.90526

A:
1.08974,1.07019,1.09488,1.07408,1.07399,1.08159,1.12461,1.07099,1.0797,1.11756
1.07196,1.07916,1.07222,1.07293,1.07746,1.07836,1.07479,1.07373,1.07028,1.0892
1.0772,1.0747,1.07524,1.07302,1.08078,1.07586,1.09093,1.08069,1.07178,1.07399


B:
-0.551703,2.14734,1.97159,1.96942,0.977216,2.37243,2.61933,1.83864,1.51575,2.37513
2.86539,2.87465,2.19102,3.03672,2.71534,2.10673,1.74149,1.00932,1.63733,1.6927
2.31656,1.60847,1.54472,1.66692,2.68458,2.69012,1.85182,2.11846,3.02929,2.69585


