========================================================
Test11 (ADC Calibration) results 2014-01-19 20:02:00
Board IDXXX 30 channels
Host: ufcmshv1
Linux calibration software

Calibration DAC Range: [1000 - 3500]

A:
0.7212,0.7496,0.7452,0.7468,0.7508,0.7516,0.7348,0.7456,0.744,0.7256
0.7188,0.7452,0.7328,0.7404,0.7164,0.7528,0.7504,0.7344,0.7364,0.7388
0.7412,0.746,0.744,0.7724,0.7616,0.74,0.746,0.7336,0.7396,0.7336


B:
65.8,61.4,63.8001,65.2,65.2,65.3999,66.2001,64.4001,64.9999,67.4
64.2,66.8001,66.2,63.5999,65.5999,66.2,65.6,64.6001,66.6,65.2
65.8001,65,65.9999,64.5999,66.3999,66,66,67.3999,66.4,65.3999


========================================================
Test11 (ADC Calibration) results 2014-03-14 19:03:52
Board ID242 30 channels
Host: ufcmshv1
Linux calibration software

Calibration DAC Range: [1000 - 3500]

A:
0.7416,0.7548,0.738,0.752,0.752,0.7468,0.7184,0.754,0.748,0.7228
0.7536,0.7484,0.7536,0.7528,0.7496,0.7488,0.7512,0.7524,0.7544,0.742
0.7496,0.7516,0.7512,0.7544,0.7472,0.7504,0.74,0.7472,0.7532,0.752


B:
66.4001,66.1999,67.0001,68.0001,69.0001,67.2,66.6,69,67.9999,67.1999
66.4,67.6001,67.4,68.2,67.4,67.2001,67.7999,67.6001,68.5999,66.0001
67.4,68.3999,67.7999,68.5999,67.8,69.6,70,67.8,68.8,68.0001


