========================================================

Test10 results 06-27-2005  14:57:56
Board ID326  30 channels
HV Tests Software Ver.1.6

+5V 2513 - O'k
-5V 1347 - O'k
Interlock - On

Voltmeter channel: A=1.089325, B=4.357391

A:
Limits 1.1 +/- 0.1
1.081081,1.075269,1.072961,1.077006,1.076426,1.081666,1.075269,1.080497,1.073537,1.083424
1.079914,1.079331,1.085187,1.070091,1.078167,1.075847,1.077006,1.077586,1.073537,1.071811
1.092896,1.079914,1.077006,1.089325,1.081081,1.079331,1.086366,1.079914,1.068947,1.085776


B:
Limits 0.0 +/- 30.0
1.08126,11.827781,3.219044,3.230799,8.6114,12.98003,10.752512,8.106232e-006,13.95582,-2.166832
9.719189,7.555364,6.511116,18.191355,16.172636,5.379094,3.230799,10.775984,5.367522,6.431027
4.371408,7.559361,9.692835,8.714689,6.486665,5.396702,3.259275,9.719189,3.20688,11.943543
========================================================
Test10 (ADC Calibration) results 2008-04-18 09:54:07
Board ID326 30 channels
Linux calibration software

Voltmeter channel: A=1.08342, B=-1447.35

A:
1.07912,1.07635,1.07211,1.07521,1.07461,1.08136,1.07461,1.08012,1.07419,1.08327
1.08046,1.08018,1.08533,1.07224,1.07812,1.07946,1.07615,1.0786,1.07278,1.07081
1.09224,1.08104,1.07846,1.08877,1.07976,1.07588,1.08559,1.08062,1.06834,1.08569


B:
1.33233,4.78104,0.557378,2.42664,7.27296,8.28608,7.19835,-3.71416,8.22648,-6.19738
3.60747,6.00905,5.29487,9.2383,11.6977,2.89528,0.0680704,8.76783,2.05696,2.75584
2.38159,3.51132,2.7395,5.60203,4.42934,1.80309,3.45042,5.72474,0.255835,8.15115


========================================================
Test10 (ADC Calibration) results 2008-06-19 12:08:44
Board ID326 30 channels
Linux calibration software

Voltmeter channel: A=1.07, B=0

A:
1.09726,1.09279,1.08917,1.09261,1.09188,1.09863,1.09234,1.09698,1.09107,1.10047
1.09707,1.10102,1.10444,1.08962,1.09579,1.10019,1.09343,1.09808,1.08316,1.08854
1.10947,1.10028,1.09406,1.10611,1.09744,1.09315,1.10472,1.09863,1.08513,1.1037


B:
-2.4009,4.57385,-0.146166,1.90068,6.28427,7.31361,4.55586,-2.80488,7.90896,-6.47411
3.69296,4.24455,2.87831,5.53619,9.69161,1.04289,-0.386835,5.84087,7.82573,0.876011
1.3842,2.49885,3.39968,4.66759,2.25876,1.17745,1.29757,4.23779,-0.0746261,5.54273


