========================================================

Test11 results 06-27-2005  14:59:14
Board ID326  30 channels
HV Tests Software Ver.1.6

+5V 2514 - O'k
-5V 1347 - O'k
Interlock - On
Calibration DAC Range: [2500 - 2900]


A:
Limits 0.76 +/- 0.04
0.742115,0.746269,0.747664,0.747664,0.746269,0.742115,0.746269,0.743494,0.746269,0.740741
0.742115,0.743494,0.740741,0.75188,0.743494,0.746269,0.746269,0.743494,0.747664,0.747664
0.732601,0.742115,0.743494,0.738007,0.743494,0.743494,0.738007,0.740741,0.750469,0.736648


B:
Limits 60.0 +/- 30.0
63.114952,51.413567,64.975334,54.132751,56.957199,52.75071,56.957199,63.319809,52.142708,65.512428
60.638218,60.108044,56.809628,44.546879,53.547104,58.6394,56.382923,58.287971,58.637718,64.891914
66.423538,66.178535,63.899395,65.344337,55.430347,63.097633,66.564499,67.4972,64.004471,64.765472
========================================================
Test11 (DAC Calibration) results 2008-04-18 09:54:07
Board ID326 30 channels
Linux calibration software
Calibration DAC Range: [1100 - 2700]

A:
0.742459,0.74474,0.747314,0.745157,0.745573,0.74129,0.745573,0.741771,0.746617,0.739987
0.741909,0.741359,0.738212,0.747594,0.743149,0.742597,0.744879,0.743564,0.747594,0.748223
0.733541,0.740398,0.743287,0.740329,0.742391,0.744325,0.737667,0.741427,0.750328,0.737599


B:
69.4663,63.1726,72.4428,69.4485,66.6356,62.1943,65.89,75.6143,58.4694,74.5259
67.2632,68.9184,69.7517,63.8351,62.5638,67.7898,69.0876,60.4981,65.4798,69.9961
67.9075,75.2891,69.5068,62.5025,65.85,72.8322,72.4296,69.4161,70.5496,67.3612


========================================================
Test11 (ADC Calibration) results 2008-06-19 12:56:33
Board ID326 30 channels
Linux calibration software

Calibration DAC Range: [1000 - 3500]

A:
0.7304,0.7336,0.7356,0.7332,0.7336,0.7292,0.7336,0.73,0.7348,0.728
0.7304,0.7276,0.7252,0.7356,0.7312,0.7284,0.7332,0.73,0.74,0.736
0.722,0.7272,0.7324,0.7288,0.73,0.7324,0.7248,0.7288,0.7384,0.7256


B:
70.5999,62.3999,72.4,69.7999,67.3999,63.8,67.3999,74.9999,59.2001,75.0001
67.5999,69.4001,71.8,66.4,62.8001,69.6,68.7999,62.9999,62,71
69,75.8001,68.6,63.2,67.9999,73.6,73.2,71.2,71.6001,68.4


========================================================
Test11 (ADC Calibration) results 2008-07-17 10:58:43
Board ID326 30 channels
Linux calibration software

Calibration DAC Range: [1000 - 3500]

A:
0.7296,0.7324,0.7348,0.7328,0.7332,0.7288,0.7328,0.73,0.734,0.7276
0.7296,0.7272,0.7244,0.7348,0.7308,0.7276,0.7332,0.7292,0.74,0.7468
0.7216,0.7272,0.7312,0.728,0.73,0.7316,0.724,0.7284,0.738,0.7252


B:
72.4,64.6,73.2001,70.2,67.7999,64.2,69.2,74.9999,60.9999,75.4001
68.4,68.8001,72.6001,67.2001,63.2001,70.4001,67.7999,63.8,63,60.2
68.4,75.8001,70.8001,64.0001,67.9999,74.4,75.0001,71.6,72.0001,68.8


========================================================
Test11 (ADC Calibration) results 2008-07-20 18:37:46
Board ID326 30 channels
Linux calibration software

Calibration DAC Range: [1000 - 3500]

A:
0.73,0.7328,0.7352,0.7328,0.7328,0.7288,0.7332,0.73,0.7344,0.7276
0.73,0.7272,0.7248,0.7348,0.7308,0.7272,0.732,0.7296,0.7408,0.7528
0.7216,0.7272,0.732,0.7284,0.7296,0.732,0.7244,0.7284,0.738,0.7252


B:
70.9999,64.2,72.8,70.2,69.2,64.2,67.7999,74.9999,59.6001,75.4001
67.9999,69.8001,71.2,68.2001,64.2001,70.8001,71,63.4,63.1999,55.2
68.4,75.8001,70,63.6,68.4,74,73.6001,71.6,72.0001,68.8


========================================================
Test11 (ADC Calibration) results 2008-07-24 23:03:59
Board ID326 30 channels
Linux calibration software

Calibration DAC Range: [1000 - 3500]

A:
0.73,0.7328,0.7352,0.7332,0.7328,0.7292,0.7332,0.7296,0.734,0.7276
0.73,0.7272,0.7248,0.7344,0.7304,0.7276,0.7328,0.7292,0.7412,0.7576
0.7216,0.7276,0.7316,0.7284,0.7296,0.732,0.7248,0.7284,0.7376,0.7256


B:
71.9999,64.2,73.8,69.7999,69.2,63.8,68.7999,76.4,60.9999,76.4001
67.9999,69.8001,72.2,68.6001,65.5999,70.4001,70.2,64.8,62.8001,54.4
69.4,75.4001,70.4,63.6,69.4,75,73.2,71.6,73.3999,68.4


========================================================
Test11 (ADC Calibration) results 2008-08-12 23:20:39
Board ID326 30 channels
Linux calibration software

Calibration DAC Range: [1000 - 3500]

A:
0.73,0.7328,0.7344,0.7324,0.7332,0.7292,0.7328,0.73,0.734,0.7272
0.73,0.7252,0.7244,0.7348,0.7304,0.726,0.7324,0.7292,0.7408,0.7492
0.7216,0.726,0.732,0.7284,0.73,0.732,0.724,0.728,0.738,0.7248


B:
70.9999,64.2,74.6001,71.6,67.7999,62.8,69.2,74.9999,60.9999,76.8001
67.9999,70.8,71.6001,67.2001,64.5999,71,70.6,62.8,62.1999,57.8
68.4,76,70,63.6,67.9999,74,73.0001,72.0001,72.0001,69.2


========================================================
Test11 (ADC Calibration) results 2008-08-13 01:14:42
Board ID326 30 channels
Linux calibration software

Calibration DAC Range: [1000 - 3500]

A:
0.7292,0.7328,0.7352,0.7324,0.7328,0.7296,0.7328,0.7296,0.734,0.7272
0.73,0.7256,0.724,0.7348,0.7304,0.726,0.7324,0.7292,0.7408,0.7492
0.7216,0.7264,0.7316,0.7284,0.73,0.732,0.7236,0.7284,0.738,0.7248


B:
72.8,64.2,72.8,71.6,69.2,62.4,69.2,76.4,60.9999,76.8001
67.9999,69.4,72.0001,67.2001,64.5999,71,70.6,62.8,62.1999,57.8
68.4,74.5999,70.4,63.6,67.9999,74,74.4001,70.6,72.0001,69.2


========================================================
Test11 (DAC Calibration) results 2008-08-27 10:33:05
Board ID326 30 channels
Linux calibration (server mode)

Calibration DAC Range: [3100 - 3500]

A:
0.75,0.751143,0.756,0.752857,0.752571,0.746857,0.752571,0.750857,0.751429,0.749143
0.749429,0.744857,0.744571,0.754,0.748857,0.745429,0.752571,0.746571,0.758571,0.762286
0.741143,0.747714,0.751714,0.746,0.748857,0.753143,0.744857,0.748571,0.758571,0.744571


B:
0.0,0.0,0.0,0.0,0.0,0.0,0.0,0.0,0.0,0.0
0.0,0.0,0.0,0.0,0.0,0.0,0.0,0.0,0.0,0.0
0.0,0.0,0.0,0.0,0.0,0.0,0.0,0.0,0.0,0.0


========================================================
Test11 (ADC Calibration) results 2008-08-27 13:08:29
Board ID326 30 channels
Linux calibration software

Calibration DAC Range: [1000 - 3500]

A:
0.7296,0.7324,0.7348,0.7324,0.7336,0.7288,0.7324,0.7296,0.734,0.7272
0.7296,0.7248,0.724,0.7348,0.7308,0.7252,0.7324,0.7288,0.7408,0.7524
0.7216,0.7268,0.732,0.728,0.73,0.732,0.724,0.728,0.7384,0.7248


B:
71.4,64.6,73.2001,70.6,66.3999,64.2,69.6,75.4,59.9999,75.8001
68.4,70.2,72.0001,67.2001,63.2001,70.8,69.6,63.2,63.1999,54.6001
68.4,74.1999,69,64.0001,66.9999,73,73.0001,71.0001,70.6001,69.2


========================================================
Test11 (DAC Calibration) results 2008-08-28 18:58:22
Board ID326 30 channels
Linux calibration (server mode)

Calibration DAC Range: [3100 - 3500]

A:
0.7375,0.7425,0.7425,0.745,0.74,0.7375,0.7375,0.7375,0.7425,0.735
0.74,0.73,0.73,0.7425,0.7425,0.735,0.7425,0.74,0.7525,0.76
0.73,0.7375,0.74,0.7325,0.74,0.7425,0.7325,0.7325,0.75,0.73


B:
74.7,61.2,78.2,58.5,74.0,65.7,82.7,78.7,62.2,79.5
65.0,84.0,81.0,72.2,55.2,68.5,65.2,57.0,59.3,69.0
70.0,68.7,72.0,79.2,64.0,68.2,75.2,86.2,62.0,82.0


========================================================
Test11 (DAC Calibration) results 2008-08-30 18:22:59
Board ID326 30 channels
Linux calibration (server mode)

Calibration DAC Range: [3100 - 3500]

A:
0.7425,0.7425,0.745,0.745,0.7375,0.7375,0.7425,0.74,0.7425,0.7375
0.7375,0.7325,0.735,0.74,0.7425,0.735,0.745,0.7375,0.7525,0.76
0.73,0.7375,0.7425,0.7375,0.74,0.7425,0.7325,0.7375,0.7475,0.7325


B:
62.2,64.2,72.5,62.5,86.7,68.7,70.2,73.0,65.2,74.7
75.7,78.2,68.5,83.0,58.2,70.5,60.5,67.7,59.3,69.0
73.0,71.7,67.2,65.7,68.0,71.2,77.2,72.7,73.7,76.2


========================================================
Test11 (DAC Calibration) results 2008-08-30 21:24:21
Board ID326 30 channels
Linux calibration (server mode)

Calibration DAC Range: [3100 - 3500]

A:
0.7225,0.72,0.725,0.725,0.7225,0.7175,0.72,0.715,0.7175,0.7175
0.72,0.7125,0.71,0.72,0.7175,0.7125,0.725,0.715,0.7275,0.74
0.7075,0.715,0.72,0.7125,0.72,0.72,0.71,0.715,0.73,0.715


B:
60.2,71.0,70.5,60.5,68.2,66.8,76.0,87.5,79.8,72.8
65.0,76.3,83.0,81.0,72.8,78.3,58.5,73.5,75.7,60.0
79.8,76.5,73.0,80.3,66.0,78.0,84.0,79.5,63.0,66.5


========================================================
Test11 (DAC Calibration) results 2008-08-30 21:52:04
Board ID326 30 channels
Linux calibration (server mode)

Calibration DAC Range: [3100 - 3500]

A:
0.7375,0.74,0.745,0.745,0.7425,0.7375,0.74,0.74,0.7425,0.7375
0.7425,0.735,0.73,0.745,0.74,0.735,0.745,0.7375,0.75,0.7575
0.73,0.7375,0.7475,0.7375,0.74,0.74,0.735,0.7375,0.75,0.735


B:
78.7,73.0,72.5,62.5,70.2,67.7,78.0,74.0,66.2,74.7
59.2,69.5,85.0,66.5,66.0,71.5,61.5,67.7,71.0,80.8
73.0,70.7,51.7,65.7,67.0,80.0,69.5,72.7,65.0,68.5


========================================================
Test11 (DAC Calibration) results 2008-08-31 12:06:22
Board ID326 30 channels
Linux calibration (server mode)

Calibration DAC Range: [3100 - 3500]

A:
0.7425,0.74,0.745,0.74,0.7375,0.74,0.74,0.74,0.7425,0.7425
0.7375,0.735,0.735,0.745,0.74,0.74,0.745,0.7375,0.75,0.7575
0.73,0.7375,0.7425,0.7375,0.74,0.74,0.735,0.74,0.75,0.735


B:
62.2,73.0,72.5,80.0,86.7,61.0,78.0,74.0,65.2,58.2
75.7,71.5,69.5,66.5,66.0,56.0,61.5,68.7,71.0,80.8
73.0,71.7,68.2,66.7,67.0,80.0,69.5,66.0,65.0,68.5


