========================================================

Test11 results 12-16-2006  21:51:24
Board ID427  30 channels
HV Tests Software Ver.1.6.8

+5V 2509 - O'k
-5V 1335 - O'k
Interlock - On
Calibration DAC Range: [2500 - 2900]
Number of Samples: 400

A:
Limits 0.76 +/- 0.04
0.749064,0.743494,0.750469,0.742115,0.750469,0.749064,0.750469,0.747664,0.738007,0.753296
0.753296,0.750469,0.753296,0.756144,0.746269,0.750469,0.746269,0.753296,0.750469,0.744879
0.754717,0.75188,0.756144,0.750469,0.754717,0.740741,0.747664,0.750469,0.749064,0.744879


B:
Limits 60.0 +/- 30.0
68.950249,64.065117,61.129017,65.588974,64.356804,62.038052,66.777687,68.148705,71.17308,65.962143
65.155144,62.112362,65.962143,68.894836,62.725475,66.596489,63.533146,66.576584,67.311775,69.540558
59.615231,65.123161,65.167648,68.316559,64.362793,67.756172,76.209816,80.104561,64.374306,61.712605
========================================================
Test11 (DAC Calibration) results 2008-02-18 15:12:09
Board ID427 30 channels
Linux calibration software
Calibration DAC Range: [1100 - 2700]

A:
0.750188,0.742597,0.747384,0.74184,0.750892,0.748223,0.751244,0.748293,0.739235,0.75365
0.75365,0.749695,0.753721,0.757576,0.745157,0.751244,0.745573,0.754361,0.751527,0.746338
0.753721,0.751597,0.755501,0.751174,0.754717,0.740878,0.749064,0.75195,0.748713,0.743909


B:
74.6437,76.404,76.8311,77.5964,73.6812,74.1863,75.0022,76.3352,76.4553,75.0354
74.2817,75.1662,74.9388,75,76.1549,73.6501,76.328,73.3145,73.1142,75.2776
72.8284,73.9197,76.4473,75.399,75.0943,75.8104,73.9325,76.5955,71.8672,73.554


========================================================
Test11 (DAC Calibration) results 2008-05-19 11:41:29
Board ID427 30 channels
Linux calibration software
Calibration DAC Range: [1100 - 2700]

A:
0.750258,0.742459,0.756859,0.74184,0.75068,0.748433,0.751174,0.748293,0.73903,0.753367
0.752941,0.749064,0.753296,0.757361,0.745295,0.751527,0.745226,0.754361,0.751244,0.746269
0.753438,0.751597,0.755358,0.751174,0.754575,0.740809,0.748573,0.752021,0.748503,0.743771


B:
74.3976,76.8909,69.1579,76.706,73.82,73.4491,74.6478,75.7365,76.4435,75.4214
75.247,75.2809,75.5179,74.9882,75.8153,72.6632,76.8048,73.3145,73.3495,74.1791
73.0647,68.9591,76.4895,75.2488,75.1369,75.6088,73.7063,75.8975,72.0061,73.7448


========================================================
Test11 (ADC Calibration) results 2008-06-17 18:39:44
Board ID427 30 channels
Linux calibration software

Calibration DAC Range: [1000 - 3500]

A:
0.738,0.7312,0.7444,0.7308,0.7384,0.7368,0.7396,0.7364,0.7272,0.742
0.7412,0.7352,0.742,0.746,0.734,0.7396,0.734,0.74,0.7396,0.7344
0.74,0.7404,0.7448,0.7404,0.7436,0.7296,0.7308,0.7404,0.7356,0.7316


B:
76.0001,76.8001,71.5999,77.2001,73.6001,75.2,75.4,76.6,74.8001,76.0001
76.8001,75.8,77.0001,75,75.9999,75.4,76.9999,77,75.4,76.6001
74,71.5999,75.2001,74.5999,74.4,76.4,79.2001,85.5999,78.4,74.4


========================================================
Test11 (ADC Calibration) results 2008-07-16 22:38:23
Board ID427 30 channels
Linux calibration software

Calibration DAC Range: [1000 - 3500]

A:
0.7364,0.7308,0.7476,0.7304,0.7376,0.736,0.7384,0.7408,0.7264,0.7412
0.7408,0.7344,0.7444,0.7456,0.7336,0.7392,0.7336,0.7388,0.7388,0.7336
0.7392,0.74,0.7444,0.7396,0.7428,0.7284,0.7292,0.7396,0.7344,0.7304


B:
78.6,78.2001,68.3999,77.5999,75.3999,77,78.6001,72.1999,75.5999,77.8001
77.1999,76.6001,74.5999,76.4001,75.3999,75.8,78.3999,79.2,76.2,78.3999
74.8,72,76.5999,76.4,75.2,78.6,79.8,87.4,79.6001,74.5999


========================================================
Test11 (ADC Calibration) results 2008-07-20 18:58:34
Board ID427 30 channels
Linux calibration software

Calibration DAC Range: [1000 - 3500]

A:
0.7364,0.7308,0.7496,0.7304,0.77,0.7364,0.7388,0.7428,0.726,0.7416
0.7412,0.7344,0.7444,0.7452,0.7336,0.7392,0.734,0.7392,0.7388,0.734
0.7388,0.74,0.7444,0.7392,0.7424,0.7292,0.73,0.7404,0.7348,0.73


B:
78.6,77.2001,68.4,77.5999,43.0001,75.6,77.2,70.2,77,76.4001
76.8001,76.6001,74.5999,76.8001,76.3999,75.8,76.9999,76.8,75.2,75.9999
75.2,71,76.5999,76.8,76.6,76.8,77.9999,85.5999,79.2001,75.9999


========================================================
Test11 (ADC Calibration) results 2008-07-24 15:42:31
Board ID427 30 channels
Linux calibration software

Calibration DAC Range: [1000 - 3500]

A:
0.7368,0.7308,0.7488,0.73,0.7448,0.7368,0.7384,0.74,0.726,0.7412
0.7408,0.734,0.7452,0.7448,0.7332,0.7388,0.7336,0.7396,0.7388,0.734
0.7388,0.7396,0.744,0.7388,0.742,0.7288,0.7292,0.7404,0.7344,0.73


B:
77.2,77.2001,69.2001,77.9999,71.2001,74.2,77.6001,73,76,76.8001
77.1999,76.9999,72.8001,77.2001,76.7999,77.2,77.3999,75.4,75.2,75.9999
75.2,72.4,76.9999,77.2,77.0001,77.2,84.8,84.5999,79.6001,74.9999


