========================================================

Test10 results 08-13-2005  13:12:08
Board ID309  30 channels
HV Tests Software Ver.1.6.1

+5V 2541 - O'k
-5V 1314 - O'k
Interlock - On

Voltmeter channel: A=1.085187, B=-1.085194

A:
Limits 1.1 +/- 0.1
1.084599,1.069519,1.077006,1.079331,1.070091,1.078167,1.075847,1.085776,1.078167,1.072961
1.078167,1.06383,1.082837,1.076426,1.077586,1.072386,1.076426,1.06553,1.076426,1.078749
1.074114,1.085776,1.090513,1.082251,1.084011,1.081666,1.080497,1.073537,1.074691,1.077586


B:
Limits 0.0 +/- 30.0
-10.845846,-5.347476,-4.308243,-1.079283,-1.070283,0.00013,-2.151837,-3.257325,0.00013,1.073122
7.547299,8.510667,-6.496847,-6.458568,-5.387809,-7.50658,2.152842,-1.065382,-1.076437,-4.315186
5.370607,-5.428878,9.822845e-005,4.329042,-3.25203,-12.979948,-3.241483,-2.14724,3.223958,-4.310223
========================================================
Test10 (ADC Calibration) results 2008-04-23 10:24:27
Board ID309 30 channels
Linux calibration software

Voltmeter channel: A=1.04911, B=-1506.61

A:
1.08332,1.0689,1.07642,1.07952,1.06877,1.07808,1.07612,1.08641,1.07892,1.07316
1.07962,1.0647,1.07938,1.07423,1.07692,1.07166,1.07702,1.0647,1.07708,1.0778
1.07592,1.08487,1.09186,1.08269,1.08118,1.08208,1.07962,1.07396,1.07502,1.07669


B:
-12.195,-7.72757,-7.7326,-6.89465,-5.5455,-4.70754,-7.86535,-6.68343,-6.43427,-1.99041
-0.224915,0.627317,-4.19501,-5.86457,-8.20013,-10.2349,-4.40667,-2.64927,-3.76362,-6.44032
-0.853024,-8.50435,-6.51271,-0.669266,-4.73165,-12.5356,-6.58615,-6.3739,-1.80745,-6.44416


========================================================
Test10 (ADC Calibration) results 2008-06-19 12:08:44
Board ID309 30 channels
Linux calibration software

Voltmeter channel: A=1.07, B=0

A:
1.10065,1.08549,1.09361,1.0968,1.07969,1.09479,1.09306,1.10463,1.09188,1.09062
1.09607,1.08227,1.09497,1.0917,1.09297,1.0889,1.09279,1.08147,1.09579,1.09534
1.09379,1.10185,1.10863,1.09955,1.09343,1.10038,1.09735,1.09098,1.09225,1.09397


B:
-13.9091,-7.35644,-8.86667,-7.90013,-0.83318,-5.59279,-8.79439,-7.01276,-4.41637,-3.45321
-1.51987,-2.38613,-4.88662,-8.39587,-7.6164,-12.308,-3.07567,-3.58171,-6.30681,-8.9498
-3.34845,-8.85713,-7.38251,-1.88323,-2.79232,-13.431,-7.53285,-6.84517,-3.66185,-8.55008


