========================================================

Test11 results 02-01-2005  14:24:59
Board ID278  30 channels
HV Tests Software Ver.1.6

+5V 2517 - O'k
-5V 1348 - O'k
Interlock - On
Calibration DAC Range: [2500 - 2900]


A:
Limits 0.76 +/- 0.04
0.756144,0.747664,0.754717,0.75188,0.750469,0.753296,0.756144,0.749064,0.747664,0.757576
0.749064,0.753296,0.757576,0.75188,0.75188,0.743494,0.744879,0.75188,0.759013,0.750469
0.756144,0.756144,0.754717,0.759013,0.749064,0.75188,0.753296,0.753296,0.754717,0.750469


B:
Limits 70.0 +/- 30.0
62.137352,62.919991,60.711006,65.494331,62.200672,62.303249,59.100594,56.069866,70.653999,47.425083
55.095863,65.346405,52.909554,63.693378,65.929924,63.257912,63.559162,61.452057,54.409309,64.356804
62.037666,61.329151,61.423344,55.226322,60.761387,66.736694,67.576134,63.825657,69.912064,55.095219
========================================================
Test11 (DAC Calibration) results 2007-09-06 15:26:46
Board ID278 30 channels
Linux calibration software
Calibration DAC Range: [1100 - 2700]

A:
0.756859,0.748153,0.754503,0.752587,0.75061,0.752941,0.767607,0.747314,0.749766,0.754931
0.748013,0.75429,0.756072,0.743149,0.753367,0.744394,0.745573,0.751738,0.757289,0.75287
0.756573,0.756144,0.754646,0.758006,0.748783,0.753296,0.755287,0.754361,0.757648,0.749695


B:
64.6167,65.0052,66.3303,67.4506,66.4103,66.8141,64.4981,65.717,66.9728,61.3663
62.5059,67.0753,63.5762,65.9824,62.9155,64.1015,65.1444,65.1568,65.392,61.039
65.1598,64.0831,64.7768,63.6536,66.6791,66.0263,66.314,64.2621,63.6896,61.0719


========================================================
Test11 (DAC Calibration) results 2007-09-06 16:24:10
Board ID278 30 channels
Linux calibration software
Calibration DAC Range: [1100 - 2700]

A:
0.756787,0.748013,0.754646,0.752587,0.75068,0.753012,0.767681,0.747245,0.749415,0.754788
0.748153,0.75429,0.759662,0.743425,0.75365,0.744255,0.745573,0.75188,0.757217,0.75287
0.756644,0.756215,0.754361,0.758006,0.748713,0.753296,0.755358,0.754361,0.757648,0.749625


B:
64.7147,65.4979,66.1352,67.4506,66.3132,66.717,64.3988,65.963,67.3068,61.4115
62.3118,67.3769,54.7051,65.3005,62.2233,64.5922,65.1444,64.6617,65.6413,61.039
64.9107,63.9852,65.7709,63.6536,66.7759,66.0263,66.0655,64.2621,63.6896,61.3193


