========================================================

Test10 results 08-23-2005  16:27:59
Board ID412  30 channels
HV Tests Software Ver.1.6

+5V 2514 - O'k
-5V 1332 - O'k
Interlock - On

Voltmeter channel: A=1.072386, B=7.506824

A:
Limits 1.1 +/- 0.1
1.066667,1.06383,1.071811,1.069519,1.064396,1.062699,1.086366,1.073537,1.072961,1.070091
1.071811,1.070091,1.069519,1.06383,1.080497,1.066667,1.070664,1.067806,1.069519,1.063264
1.071237,1.072386,1.074114,1.086957,1.068947,1.070664,1.068376,1.061571,1.072961,1.068947


B:
Limits 0.0 +/- 30.0
6.399792,7.446837,7.502839,8.556267,7.450962,7.43911,7.604739,11.808746,11.802734,14.981082
9.646461,7.490445,9.625785,6.383007,6.48299,7.466458,5.353326,7.474683,9.625785,6.379474
6.42725,8.57921,8.592949,6.521815,11.758456,5.353326,8.547024,4.2463,4.292006,9.620563
========================================================
Test10 (ADC Calibration) results 2008-01-29 06:40:27
Board ID412 30 channels
Linux calibration software

Voltmeter channel: A=0.99569, B=-1120.99

A:
1.06562,1.06269,1.07118,1.0697,1.06434,1.06222,1.08534,1.07446,1.07452,1.07027
1.0723,1.0697,1.0693,1.06215,1.07968,1.06626,1.07048,1.06623,1.06967,1.06198
1.0701,1.07223,1.07422,1.08689,1.06886,1.0694,1.06707,1.0607,1.07284,1.06862


B:
4.40087,7.00823,4.69935,1.9912,3.90233,4.15103,5.30783,4.91943,4.76397,11.9099
3.67916,4.12145,5.29981,5.5689,3.57329,5.25091,1.21448,6.49243,4.68763,4.91133
4.76142,4.76136,4.42573,2.82325,6.8002,3.83962,6.28296,3.30651,0.767966,4.44012


