========================================================

Test11 results 08-23-2005  16:29:18
Board ID412  30 channels
HV Tests Software Ver.1.6

+5V 2515 - O'k
-5V 1332 - O'k
Interlock - On
Calibration DAC Range: [2500 - 2900]


A:
Limits 0.76 +/- 0.04
0.760456,0.761905,0.754717,0.757576,0.760456,0.760456,0.746269,0.756144,0.754717,0.756144
0.754717,0.756144,0.757576,0.761905,0.749064,0.761905,0.756144,0.760456,0.757576,0.760456
0.754717,0.754717,0.756144,0.747664,0.756144,0.756144,0.761905,0.763359,0.753296,0.756144


B:
Limits 60.0 +/- 40.0
52.851746,55.825653,59.997932,56.052494,58.912746,64.24968,55.914318,49.326107,53.708317,49.483944
58.379234,59.19899,53.621815,55.717583,58.333332,46.71944,61.727345,52.14402,49.7631,62.850929
64.460823,59.093227,49.326107,62.941895,58.193626,57.482342,42.958839,55.637623,63.825657,61.527969
========================================================
Test11 (DAC Calibration) results 2008-01-29 06:40:27
Board ID412 30 channels
Linux calibration software
Calibration DAC Range: [1100 - 2700]

A:
0.759085,0.76118,0.755144,0.756573,0.760384,0.761905,0.745295,0.753225,0.7528,0.755786
0.754361,0.756573,0.756859,0.76118,0.749204,0.759013,0.755644,0.758653,0.756215,0.761687
0.755144,0.754788,0.753012,0.748013,0.756787,0.756787,0.758438,0.762995,0.754361,0.756573


B:
63.6968,62.512,63.4886,65.0085,64.3569,63.3523,63.8906,62.8094,62.6423,53.9915
64.2621,62.5875,60.0756,62.512,63.5514,60.9108,68.5464,62.9208,59.4479,64.1055
67.7176,62.9211,63.705,66.994,61.0821,61.9906,60.9405,61.5641,63.5078,65.0085


