========================================================

Test10 results 12-21-2006  17:06:53
Board ID093  36 channels
HV Tests Software Ver.1.6.8

+5V 3053 - O'k
-5V 1389 - O'k
Interlock - On
Number of Samples: 400

Voltmeter channel: A=1.082837, B=11.911382

A:
Limits 1.1 +/- 0.1
1.080497,1.078749,1.070091,1.076426,1.084011,1.072386,1.084599,1.082837,1.084599,1.084599,1.078167,1.082251
1.079331,1.080497,1.087548,1.079331,1.084599,1.080497,1.094691,1.084011,1.084011,1.048768,1.082837,1.086957
1.083424,1.089918,1.086957,1.084011,1.071811,1.081666,1.076426,1.084011,1.084599,1.078167,1.092299,1.079914


B:
Limits 0.0 +/- 30.0
16.207464,10.787296,13.910991,9.687826,18.428186,18.230684,15.184522,17.325567,13.015324,15.184522,11.859968,12.987051
15.11068,8.643984,13.050716,17.269341,15.184522,11.885475,18.609562,13.008133,7.588078,38.804451,15.159893,15.217467
8.667404,9.809265,10.869641,18.428186,11.790084,18.388359,8.6114,16.260164,13.015324,18.32897,17.476599,12.958929
Channels:
  22
Out of range 0.0 +/- 30.0
