========================================================

Test11 results 09-22-2006  23:49:56
Board ID093  36 channels
HV Tests Software Ver.1.6.1

+5V 3051 - O'k
-5V 1393 - O'k
Interlock - On
Calibration DAC Range: [2500 - 2900]


A:
Limits 0.76 +/- 0.04
0.750469,0.749064,0.75188,0.753296,0.747664,0.756144,0.747664,0.746269,0.747664,0.746269,0.75188,0.750469
0.75188,0.746269,0.742115,0.750469,0.747664,0.749064,0.740741,0.744879,0.749064,0.759013,0.750469,0.743494
0.746269,0.742115,0.747664,0.746269,0.756144,0.747664,0.75188,0.747664,0.747664,0.750469,0.744879,0.750469


B:
Limits 60.0 +/- 30.0
56.245472,59.31081,56.777958,58.721233,54.420792,53.818295,59.364937,67.571304,56.932293,63.045956,58.754578,51.545879
53.250401,61.586395,70.434097,60.934807,55.310471,64.085358,57.792519,62.250168,53.152065,54.60907,44.398285,67.447693
68.628578,62.644245,52.377132,66.928154,61.116299,62.919991,65.494331,60.904621,61.715076,63.906448,54.586788,61.022751
========================================================

Test11 results 09-23-2006  21:37:22
Board ID093  36 channels
HV Tests Software Ver.1.6.1

+5V 3052 - O'k
-5V 1393 - O'k
Interlock - On
Calibration DAC Range: [2500 - 2900]


A:
Limits 0.76 +/- 0.04
0.750469,0.75188,0.754717,0.754717,0.743494,0.754717,0.743494,0.746269,0.744879,0.747664,0.75188,0.747664
0.75188,0.750469,0.743494,0.750469,0.744879,0.750469,0.739372,0.747664,0.750469,0.764818,0.749064,0.746269
0.746269,0.740741,0.744879,0.747664,0.754717,0.747664,0.75188,0.747664,0.746269,0.75188,0.744879,0.749064


B:
Limits 60.0 +/- 30.0
57.780857,60.28624,62.328781,54.798012,71.015778,60.614822,74.479126,68.462051,67.521057,59.28371,61.005997,62.27692
54.699093,61.921627,66.63958,60.759281,66.633972,61.110695,63.046028,60.904621,49.274136,46.514568,51.288185,57.61237
70.162292,68.778305,62.096134,63.25275,67.182297,63.728256,66.489983,62.442661,67.81945,59.38549,56.950542,65.6175
========================================================

Test11 results 09-23-2006  22:07:23
Board ID093  36 channels
HV Tests Software Ver.1.6.1

+5V 3053 - O'k
-5V 1393 - O'k
Interlock - On
Calibration DAC Range: [2500 - 2900]


A:
Limits 0.76 +/- 0.04
0.749064,0.75188,0.756144,0.75188,0.747664,0.754717,0.746269,0.747664,0.749064,0.746269,0.753296,0.750469
0.750469,0.750469,0.743494,0.75188,0.746269,0.749064,0.742115,0.744879,0.747664,0.764818,0.746269,0.747664
0.747664,0.742115,0.743494,0.746269,0.756144,0.750469,0.75188,0.746269,0.744879,0.75188,0.743494,0.750469


B:
Limits 60.0 +/- 30.0
61.48558,61.096863,60.619713,64.77861,56.772392,60.807186,65.392624,64.704453,51.528118,64.583679,55.659496,51.62888
60.12479,61.921627,65.907516,56.321251,61.427158,65.6175,53.198044,69.863716,57.743114,48.614834,61.189213,53.923752
65.682838,64.262733,67.524658,66.845802,61.927086,53.00193,66.677399,67.736732,73.093468,59.38549,61.350349,60.212185
