========================================================

Test10 results 07-26-2006  16:56:21
Board ID147  36 channels
HV Tests Software Ver.1.6.1

+5V 2492 - O'k
-5V 1305 - O'k
Interlock - On

Voltmeter channel: A=1.059322, B=25.423859

A:
Limits 1.1 +/- 0.1
1.086957,1.078167,1.085776,1.06553,1.084011,1.078167,1.078749,1.077586,1.087548,1.053741,1.091703,1.061008
1.078167,1.085187,1.085187,1.082251,1.084011,1.089325,1.078749,1.079914,1.086366,1.083424,1.085187,1.088139
1.079914,1.082251,1.067806,1.082837,1.082837,1.09529,1.077006,1.081081,1.077006,1.086366,1.097695,1.094092


B:
Limits 0.0 +/- 30.0
7.608772,8.625466,11.943543,12.786509,4.336046,8.625466,9.708548,6.465639,10.875621,15.806263,3.275107,13.793032
8.625466,10.851865,13.02224,10.822549,10.840111,9.804014,11.866045,8.639275,7.604739,10.834251,8.68149,6.528785
7.559361,21.64506,7.474683,6.497197,8.662871,7.666845,8.615829,17.297476,-3.231236,7.604739,8.781439,7.658685
========================================================
Test10 (ADC Calibration) results 2008-03-14 06:23:51
Board ID147 36 channels
Linux calibration software

Voltmeter channel: A=1.05796, B=24.076

A:
1.08517,1.07658,1.08471,1.06388,1.07775,1.07541,1.07692,1.07411,1.08346,1.0668,1.08794,1.06237
1.07823,1.08446,1.08501,1.08336,1.06965,1.08748,1.07893,1.07692,1.0837,1.08205,1.08406,1.08607
1.07757,1.08044,1.0674,1.08249,1.08205,1.09251,1.0724,1.08191,1.07139,1.08441,1.09747,1.08829


B:
0.41037,2.35671,5.65817,5.54878,4.61324,5.84617,2.9229,4.36472,8.84014,2.82893,2.05263,6.34813
2.41298,2.22324,5.44218,3.83441,20.5378,4.46156,4.5956,5.99982,1.46119,5.34873,5.53647,1.1703
2.71651,11.3555,-0.00792694,3.65391,3.02053,2.42134,7.49237,6.81109,5.90298,4.38166,6.30785,7.83591


========================================================
Test10 (ADC Calibration) results 2008-03-14 06:40:13
Board ID147 36 channels
Linux calibration software

Voltmeter channel: A=1.05796, B=18.7862

A:
1.08517,1.07638,1.08115,1.06335,1.07363,1.07531,1.07672,1.07421,1.08346,1.06596,1.08794,1.06083
1.07779,1.08501,1.08316,1.0836,1.06422,1.08748,1.07893,1.07722,1.08425,1.08131,1.08406,1.08597
1.07777,1.07592,1.06677,1.08199,1.08225,1.09186,1.0722,1.07883,1.07139,1.08291,1.09651,1.08778


B:
0.41037,1.53664,10.8952,7.29413,9.63535,5.97423,3.17941,4.23631,8.84014,4.09735,2.05263,8.31404
2.97471,1.52719,8.69136,3.72411,23.4464,4.46156,4.5956,5.0157,-0.321121,5.89698,5.53647,1.29846
2.45866,15.9291,2.07181,4.29641,2.36372,3.24674,8.14878,9.64491,5.90298,7.36678,8.62102,7.47675


========================================================
Test10 (ADC Calibration) results 2008-03-18 06:51:33
Board ID147 36 channels
Linux calibration software

Voltmeter channel: A=1.05655, B=22.5275

A:
1.08581,1.07753,1.07193,1.06335,1.07574,1.07616,1.07692,1.07475,1.08346,1.0665,1.08849,1.06237
1.07823,1.08446,1.08465,1.0837,1.06861,1.08803,1.07839,1.07702,1.0836,1.08185,1.08396,1.08652
1.07736,1.07445,1.06667,1.08209,1.08225,1.09231,1.07354,1.06828,1.07183,1.08386,1.09793,1.08698


B:
-0.214142,0.476238,12.0714,7.29413,8.16069,4.90009,2.9229,2.47144,8.84014,4.01378,1.35648,6.34813
2.41298,3.30771,5.70188,3.796,10.1889,3.76401,6.36398,5.67191,1.78999,6.00474,5.86458,-0.484934
3.37411,15.006,2.19987,4.16786,2.96381,3.07694,5.6345,11.2851,5.14375,6.16085,5.73146,9.10239


========================================================
Test10 (ADC Calibration) results 2008-06-19 12:08:44
Board ID147 36 channels
Linux calibration software

Voltmeter channel: A=1.07, B=0

A:
1.10393,1.09447,1.0893,1.07928,1.0941,1.08948,1.09383,1.09265,1.09849,1.09501,1.10579,1.06478
1.09583,1.10236,1.08606,1.10393,1.08525,1.10199,1.0972,1.09474,1.10356,1.09987,1.10356,1.10328
1.09501,1.09337,1.08418,1.09092,1.09602,1.09675,1.08543,1.08552,1.08732,1.08311,1.11982,1.08786


B:
1.90527,1.58972,8.53904,6.32277,4.55187,7.71918,3.49037,2.61305,10.1787,5.46492,1.97527,16.2201
4.05255,3.12417,18.4733,4.11313,9.22701,6.10694,6.30205,5.27836,1.80287,5.8425,4.45118,2.05688
1.30382,6.53378,0.67816,17.0772,3.88443,12.644,8.62725,9.19577,4.05795,17.0583,4.83742,15.0891


========================================================
Test10 (ADC Calibration) results 2008-07-17 09:50:45
Board ID147 36 channels
Linux calibration software

Voltmeter channel: A=1.07, B=0

A:
1.1048,1.09524,1.08986,1.07963,1.09467,1.0864,1.09476,1.09325,1.0999,1.09363,1.10635,1.06294
1.09552,1.10317,1.07222,1.10432,1.08584,1.09552,1.09733,1.09524,1.10403,1.10057,1.10442,1.10336
1.09543,1.09439,1.08472,1.06977,1.08584,1.09467,1.08166,1.08602,1.05049,1.0765,1.12016,1.09071


B:
1.76796,0.876262,8.45724,6.86621,3.80942,9.47318,2.18982,2.4928,7.78718,6.73671,1.23889,13.6905
3.90035,2.16208,18.2705,3.75474,9.121,10.4735,5.75008,5.25721,1.1485,4.75473,2.78299,1.9862
1.13906,4.94682,0.173426,12.8371,-3.25744,7.31231,11.4655,9.16611,32.1028,23.1237,4.30176,10.7325


========================================================
Test10 (ADC Calibration) results 2008-07-19 11:33:18
Board ID147 36 channels
Linux calibration software

Voltmeter channel: A=1.07, B=0

A:
1.10461,1.09467,1.08986,1.07981,1.09429,1.08509,1.09439,1.09325,1.09876,1.09052,1.10645,1.06035
1.0864,1.10288,1.07076,1.10384,1.08574,1.0959,1.09619,1.09552,1.10365,1.09981,1.10345,1.10374
1.09543,1.09334,1.08435,1.06661,1.07131,1.09249,1.08064,1.08602,1.04442,1.07358,1.11967,1.08546


B:
1.94402,1.62008,8.23932,5.39924,4.37725,10.2434,2.97687,2.27421,7.95493,5.45245,0.929478,11.4516
12.0803,2.86764,18.5456,4.41545,9.20721,7.93452,6.79617,4.55739,1.28015,5.89476,3.66355,1.19183
1.35847,8.5282,0.303514,8.95963,0.471482,8.21568,10.0283,9.38326,40.4818,17.2205,4.52327,10.9848


========================================================
Test10 (ADC Calibration) results 2008-07-19 17:28:33
Board ID147 36 channels
Linux calibration software

Voltmeter channel: A=1.07, B=0

A:
1.10471,1.09524,1.08958,1.07954,1.09448,1.08296,1.09439,1.09334,1.09847,1.04649,1.10606,1.05938
1.08323,1.10278,1.06832,1.10413,1.08565,1.0941,1.09666,1.09524,1.10336,1.10057,1.10355,1.10394
1.09524,1.09278,1.08444,1.06481,1.06941,1.09165,1.07954,1.08612,1.04563,1.08463,1.11967,1.08296


B:
1.63533,0.876262,8.93455,6.30465,3.98411,12.2158,3.63322,2.18674,8.65601,47.9713,1.50414,13.2209
15.2088,2.95547,22.0932,3.48899,9.51014,9.80305,5.7027,5.03822,1.76532,4.09428,3.35469,0.574215
1.53324,9.70383,0.217036,12.1389,0.983587,9.21387,11.4861,8.86247,39.1484,8.06981,4.9714,13.9488


