========================================================

Test11 results 07-26-2006  16:57:57
Board ID147  36 channels
HV Tests Software Ver.1.6.1

+5V 2490 - O'k
-5V 1304 - O'k
Interlock - On
Calibration DAC Range: [2500 - 2900]


A:
Limits 0.76 +/- 0.04
0.740741,0.747664,0.740741,0.756144,0.744879,0.747664,0.746269,0.749064,0.740741,0.766284,0.739372,0.759013
0.747664,0.740741,0.743494,0.746269,0.743494,0.738007,0.747664,0.746269,0.740741,0.743494,0.743494,0.742115
0.746269,0.743494,0.756144,0.746269,0.743494,0.736648,0.746269,0.744879,0.749064,0.743494,0.738007,0.735294


B:
Limits 60.0 +/- 30.0
65.056519,60.169003,61.903667,60.027496,64.211472,61.782066,64.662201,57.833897,61.971664,52.651733,64.197868,58.028706
62.340988,65.721664,54.377911,54.573364,62.155014,67.690788,59.443428,63.052151,63.446095,62.22871,58.342426,55.831139
59.182522,54.030483,57.093563,55.304695,62.886345,62.330902,68.521629,58.186066,66.795776,57.606918,60.575394,67.428284
========================================================
Test11 (DAC Calibration) results 2008-03-14 06:23:51
Board ID147 36 channels
Linux calibration software
Calibration DAC Range: [1100 - 2700]

A:
0.74129,0.746826,0.741977,0.756501,0.745643,0.748013,0.746965,0.748923,0.742459,0.754432,0.73903,0.757576
0.74606,0.741771,0.741771,0.742528,0.751668,0.739713,0.745573,0.746965,0.742666,0.743425,0.742046,0.740672
0.746896,0.744532,0.754006,0.743494,0.743425,0.736309,0.750117,0.743149,0.750821,0.742184,0.737055,0.739167


B:
74.0549,73.1141,66.4255,69.6453,77.5748,69.986,72.1755,69.4812,70.2087,71.7089,74.9654,67.4243
74.1677,71.9054,68.1966,70.7072,61.0449,71.0587,73.3457,70.6815,68.7337,71.9913,69.4461,72.6877
67.7901,65.1,73.0442,69.5166,70.5045,75.7939,68.7389,72.2248,69.1224,70.591,68.8595,68.5671


========================================================
Test11 (DAC Calibration) results 2008-03-14 06:40:13
Board ID147 36 channels
Linux calibration software
Calibration DAC Range: [1100 - 2700]

A:
0.74129,0.746965,0.744048,0.756501,0.748503,0.748083,0.747105,0.748853,0.742459,0.754646,0.73903,0.758294
0.74599,0.741771,0.742666,0.742735,0.755501,0.739713,0.745573,0.746756,0.742666,0.743564,0.742046,0.740741
0.746756,0.747664,0.754077,0.74384,0.743287,0.736377,0.750258,0.745643,0.750821,0.742459,0.737327,0.739508


B:
74.0549,72.9224,63.8392,69.6453,73.8024,69.8898,71.9836,69.5779,70.2087,71.2668,74.9654,66.4454
74.2634,71.9054,67.0999,70.2723,58.7686,71.0587,73.3457,71.418,68.7337,72.0976,69.4461,72.5927
67.9828,61.6448,72.7967,69.0376,70.9934,75.6996,68.2455,68.7761,69.1224,70.2087,68.4792,68.8298


========================================================
Test11 (DAC Calibration) results 2008-03-18 06:51:33
Board ID147 36 channels
Linux calibration software
Calibration DAC Range: [1100 - 2700]

A:
0.741221,0.746547,0.750821,0.756501,0.747035,0.747873,0.746965,0.748853,0.742459,0.754646,0.73903,0.757576
0.74606,0.741771,0.742391,0.742666,0.753154,0.739713,0.745573,0.746896,0.742735,0.743564,0.742115,0.740741
0.747035,0.749064,0.754148,0.743771,0.743287,0.736445,0.749695,0.753012,0.750892,0.742184,0.737123,0.740056


B:
74.0017,73.1991,62.365,69.6453,74.9183,70.1786,72.1755,69.5779,70.2087,70.8139,74.9654,67.4243
74.1677,71.9054,67.4832,70.219,66.9741,71.0587,73.3457,70.927,68.4894,71.5029,69.2023,72.5927
67.2984,61.7978,72.7,69.1334,70.5473,75.3108,69.6188,67.47,69.1758,70.591,68.7643,67.6226


