========================================================

Test10 results 12-17-2006  20:38:12
Board ID140  36 channels
HV Tests Software Ver.1.6.8

+5V 2505 - O'k
-5V 1358 - O'k
Interlock - On
Number of Samples: 400

Voltmeter channel: A=1.044386, B=20.887867

A:
Limits 1.1 +/- 0.1
1.092299,1.082251,1.078167,1.081081,1.091703,1.085187,1.091703,1.082837,1.094691,1.078749,1.084599,1.077586
1.079331,1.083424,1.084011,1.078749,1.090513,1.077586,1.089325,1.085776,1.077586,1.072961,1.084599,1.076426
1.073537,1.080497,1.085187,1.091107,1.093494,1.081666,1.098298,1.079914,1.080497,1.081081,1.088732,1.092299


B:
Limits 0.0 +/- 30.0
6.553605,12.987051,14.016302,10.810989,17.467247,15.192614,7.64192,12.994219,7.662653,11.866045,17.353718,6.465639
12.952018,17.334793,9.7561,11.866045,11.995736,3.232881,10.893338,17.372425,9.698398,18.240503,8.676929,19.375662
11.808746,10.804978,14.107427,16.366562,13.121969,9.735032,10.983131,12.958929,15.126966,15.135313,13.064711,14.1997
========================================================
Test10 (ADC Calibration) results 2008-03-25 06:44:24
Board ID140 36 channels
Linux calibration software

Voltmeter channel: A=0, B=5.2

A:
0,0,0,-0.000100705,0,0,0,0,-0.000806045,0.000503778,0,-0.000604534
0,0,0,0,0,0,0,0,-0.00040282,0,0.000100756,0
0,0,0,0,0,0,0,0,0,0,0,0


B:
5.4,0,0,7.3292,0,0,0,7,5.03819,1.35063,0,1.97743
0,4,0,0,0,0,4.6,0,3.71803,4,4.07002,0
0,0,2.8,0,0,0,0,0,4,0,0,0


========================================================
Test10 (ADC Calibration) results 2008-03-25 10:01:36
Board ID140 36 channels
Linux calibration software

Voltmeter channel: A=1.04461, B=14.9123

A:
1.09077,1.08081,1.07665,1.07936,1.08867,1.08363,1.09022,1.08065,1.09325,1.07611,1.08301,1.07446
1.07748,1.08264,1.08105,1.07742,1.08937,1.07409,1.08746,1.08417,1.07499,1.07197,1.08232,1.0756
1.07083,1.07879,1.08468,1.09098,1.09194,1.08059,1.09617,1.07812,1.07887,1.07998,1.08758,1.09018


B:
-0.54916,6.16835,7.65949,5.26639,14.4221,9.20447,0.974836,8.80964,-0.0076108,6.89585,9.72313,3.32082
6.7916,10.176,5.68588,5.52888,3.73807,0.642629,5.84401,10.5003,4.71618,11.025,4.89289,10.5724
7.56945,4.35375,6.18939,8.90556,7.4363,2.00353,5.24571,6.375,9.17855,6.74592,5.7195,7.943


