========================================================

Test11 results 12-17-2006  20:43:33
Board ID140  36 channels
HV Tests Software Ver.1.6.8

+5V 2504 - O'k
-5V 1358 - O'k
Interlock - On
Calibration DAC Range: [2500 - 2900]
Number of Samples: 400

A:
Limits 0.76 +/- 0.04
0.740741,0.744879,0.749064,0.746269,0.738007,0.743494,0.739372,0.743494,0.736648,0.747664,0.744879,0.749064
0.747664,0.746269,0.744879,0.747664,0.739372,0.749064,0.740741,0.743494,0.749064,0.750469,0.744879,0.750469
0.750469,0.744879,0.742115,0.740741,0.736648,0.746269,0.735294,0.747664,0.747664,0.746269,0.744879,0.739372


B:
Limits 60.0 +/- 30.0
40.60321,55.916695,39.424778,53.691181,47.069824,46.239948,52.289581,54.835514,54.262482,49.68401,40.860538,53.880829
51.373554,35.330532,44.832619,48.877388,54.588745,55.495266,50.00407,43.076103,50.652138,55.947926,46.515873,41.916573
52.809914,57.30698,54.756012,42.049427,54.902554,46.50124,45.233746,46.605736,41.832809,41.589458,48.617935,45.080891
========================================================
Test11 (DAC Calibration) results 2008-03-25 06:44:24
Board ID140 36 channels
Linux calibration software
Calibration DAC Range: [1100 - 2700]

A:
inf,inf,inf,-8000.01,inf,inf,inf,inf,-1000,1600,inf,-1333.33
inf,inf,inf,inf,inf,inf,inf,inf,-2000,inf,7999.99,inf
inf,inf,inf,inf,inf,inf,inf,inf,inf,inf,inf,inf


B:
-inf,nan,nan,58700.1,nan,nan,nan,-inf,5100,-2100,nan,2700
nan,-inf,nan,nan,nan,nan,-inf,nan,7500,-inf,-32500,nan
nan,nan,-inf,nan,nan,nan,nan,nan,-inf,nan,nan,nan


========================================================
Test11 (DAC Calibration) results 2008-03-25 10:01:36
Board ID140 36 channels
Linux calibration software
Calibration DAC Range: [1100 - 2700]

A:
0.739713,0.745782,0.749415,0.746408,0.740398,0.74384,0.739713,0.746269,0.737667,0.749415,0.745018,0.750188
0.748083,0.745643,0.74599,0.748503,0.739919,0.750821,0.741221,0.74384,0.749064,0.751174,0.74474,0.749766
0.752729,0.747175,0.743494,0.738825,0.737803,0.746687,0.7357,0.748013,0.747873,0.747105,0.745643,0.739372


B:
55.5247,63.6616,48.5715,63.2395,49.5232,54.1608,62.1821,55.5224,62.1023,55.3162,51.9089,61.7405
60.7632,47.0034,53.8229,55.539,63.0779,61.6142,58.2879,52.6731,62.5468,62.629,57.3636,54.9765
56.1158,60.9786,59.1077,56.0398,60.8781,55.2361,55.0118,56.5218,51.4818,49.2717,56.1002,56.7467


========================================================
Test11 (DAC Calibration) results 2008-06-15 15:32:16
Board ID140 36 channels
Linux calibration software
Calibration DAC Range: [1100 - 2700]

A:
0.738757,0.746687,0.748713,0.747105,0.740056,0.745226,0.739645,0.745782,0.73658,0.749064,0.744394,0.750469
0.745782,0.745018,0.745573,0.748293,0.739645,0.750821,0.741015,0.742115,0.749064,0.751385,0.744325,0.746687
0.752587,0.747105,0.743494,0.757361,0.754859,0.746478,0.753935,0.748293,0.747664,0.745851,0.74481,0.738144


B:
56.2841,62.8523,51.0529,62.7196,50.6013,52.9576,62.4259,57.6954,63.6314,56.5543,52.1912,61.3509
61.126,49.5251,55.452,56.2809,62.5742,61.6142,59.0218,53.6178,63.2959,63.3887,57.9457,55.2361
56.9144,61.9724,58.3642,49.5408,54.5197,55.6778,46.7533,56.2809,51.7757,51.3332,56.5217,58.4794


========================================================
Test11 (ADC Calibration) results 2008-06-19 12:56:33
Board ID140 36 channels
Linux calibration software

Calibration DAC Range: [1000 - 3500]

A:
0.7276,0.738,0.7368,0.7364,0.728,0.7348,0.728,0.7344,0.7248,0.7368,0.7324,0.7376
0.7336,0.734,0.734,0.736,0.728,0.7384,0.7292,0.7304,0.7372,0.74,0.7324,0.734
0.74,0.7356,0.7328,0.7484,0.7428,0.7344,0.7412,0.7364,0.7352,0.734,0.7332,0.7264


B:
56.4001,62.0001,52.1999,63.6,52.0001,52.2001,63.0001,57.6001,64.2,58.1999,53.6,64.3999
62.3999,48.9999,54.9999,59,63.0001,62.6001,59.8,54.5999,63.7999,64,59.6,56.9999
59,62.4,57.2,49.6001,57.2,56.6001,50.8001,56.6,53.8,51.9999,56.8,58.5999


========================================================
Test11 (ADC Calibration) results 2008-07-17 10:58:43
Board ID140 36 channels
Linux calibration software

Calibration DAC Range: [1000 - 3500]

A:
0.7272,0.7396,0.7364,0.7356,0.728,0.762,0.7276,0.734,0.7252,0.7368,0.732,0.7376
0.7336,0.7336,0.7336,0.7356,0.7276,0.738,0.7336,0.73,0.7372,0.7396,0.732,0.7344
0.74,0.7352,0.734,0.7548,0.7424,0.734,0.7408,0.736,0.7352,0.7332,0.7328,0.7264


B:
56.8001,60.4,51.6,64.4,51.0001,25.9999,63.4001,57.9999,62.8,57.1999,53,63.3999
63.3999,49.3999,54.3999,59.4,63.4001,64.0001,55.3999,54.9999,62.7999,64.4,59,55.6001
59,60.8,56.9999,49.1999,56.6,56.9999,51.1999,57,53.8,51.8,57.2,58.5999


========================================================
Test11 (ADC Calibration) results 2008-07-20 18:37:46
Board ID140 36 channels
Linux calibration software

Calibration DAC Range: [1000 - 3500]

A:
0.7276,0.74,0.7368,0.7372,0.728,0.7672,0.7276,0.734,0.7252,0.7364,0.732,0.7372
0.734,0.734,0.7336,0.736,0.728,0.7384,0.7412,0.7304,0.7372,0.74,0.732,0.7344
0.7404,0.7356,0.7356,0.7604,0.7424,0.734,0.7412,0.736,0.7356,0.7332,0.7328,0.7264


B:
55.4001,60,51.1999,61.7999,51.0001,19.8,63.4001,57.9999,62.8,57.6,54,64.7999
62.9999,49.9999,54.3999,58,63.0001,62.6001,48.8001,54.5999,62.7999,64,60,55.6001
57.5999,60.4,56.4,45.6,56.6,56.9999,49.8001,57,52.4,51.8,58.2,58.5999


========================================================
Test11 (ADC Calibration) results 2008-07-24 23:03:59
Board ID140 36 channels
Linux calibration software

Calibration DAC Range: [1000 - 3500]

A:
0.7272,0.7388,0.7364,0.7372,0.7276,0.768,0.7276,0.734,0.7252,0.7368,0.732,0.7376
0.734,0.734,0.7332,0.7356,0.7276,0.738,0.7408,0.7304,0.7372,0.74,0.732,0.7344
0.74,0.7356,0.7352,0.7584,0.7428,0.734,0.7412,0.736,0.7352,0.7336,0.7328,0.7268


B:
55.8001,60.2,51.6,61.7999,52.4001,19,63.4001,57.9999,61.8,57.1999,53,63.3999
62.9999,48.9999,54.8,58.4,63.4001,63.0001,52.1999,53.5999,61.7999,64,59,54.6001
59,59.4,55.8,49.5999,55.2,56.9999,49.8001,57,53.8,50.3999,57.2,57.1999


========================================================
Test11 (ADC Calibration) results 2008-08-12 23:20:39
Board ID140 36 channels
Linux calibration software

Calibration DAC Range: [1000 - 3500]

A:
0.7264,0.7436,0.736,0.7372,0.7276,0.7732,0.7276,0.7336,0.7248,0.7364,0.734,0.7372
0.7336,0.734,0.7332,0.7356,0.7272,0.7376,0.7452,0.7292,0.7372,0.7392,0.7316,0.7316
0.7396,0.7352,0.7352,0.7572,0.7428,0.7336,0.7408,0.736,0.7348,0.7332,0.7328,0.7264


B:
57.5999,58.4,53,61.7999,52.4001,42.8001,63.4001,59.3999,63.2,58.6,51.9999,64.7999
64.3999,48.9999,55.8,58.4,63.8001,64.3999,54.8001,54.8,63.7999,65.8,59.4,56.4
59.4,61.8,56.8,46.8,56.2,57.3999,51.1999,57,54.2001,51.8,57.2,58.5999


========================================================
Test11 (ADC Calibration) results 2008-08-13 01:14:42
Board ID140 36 channels
Linux calibration software

Calibration DAC Range: [1000 - 3500]

A:
0.7264,0.7436,0.7364,0.7372,0.7276,0.7728,0.7276,0.7336,0.7244,0.7364,0.734,0.7372
0.7336,0.7336,0.7332,0.736,0.7272,0.7376,0.7456,0.7292,0.7372,0.7392,0.7312,0.7316
0.7396,0.7352,0.736,0.7572,0.7428,0.7336,0.7408,0.736,0.7352,0.7336,0.7324,0.7264


B:
57.5999,58.4,51.6,61.7999,52.4001,44.1999,63.4001,59.3999,64.6001,58.6,51.9999,64.7999
64.3999,50.3999,55.8,58,63.8001,64.3999,53.4001,54.8,63.7999,65.8,60.8001,56.4
59.4,61.8,55,46.8,56.2,57.3999,51.1999,57,52.8,50.3999,57.6,58.5999


========================================================
Test11 (DAC Calibration) results 2008-08-27 10:33:52
Board ID140 36 channels
Linux calibration (server mode)

Calibration DAC Range: [3100 - 3500]

A:
0.767714,0.760286,0.751143,0.754286,0.742571,0.774857,0.745714,0.750571,0.742857,0.753143,0.752,0.755714
0.753143,0.747143,0.749143,0.752,0.745429,0.756,0.754857,0.744857,0.755429,0.758,0.748571,0.746857
0.756571,0.752286,0.751714,0.772,0.758857,0.75,0.755429,0.752286,0.750286,0.747429,0.748857,0.743143


B:
0.0,0.0,0.0,0.0,0.0,0.0,0.0,0.0,0.0,0.0,0.0,0.0
0.0,0.0,0.0,0.0,0.0,0.0,0.0,0.0,0.0,0.0,0.0,0.0
0.0,0.0,0.0,0.0,0.0,0.0,0.0,0.0,0.0,0.0,0.0,0.0


========================================================
Test11 (ADC Calibration) results 2008-08-27 13:08:29
Board ID140 36 channels
Linux calibration software

Calibration DAC Range: [1000 - 3500]

A:
0.7584,0.7436,0.7364,0.7372,0.7276,0.7716,0.7272,0.7344,0.7248,0.7368,0.742,0.7372
0.7352,0.7336,0.7336,0.7356,0.7276,0.7376,0.7432,0.7288,0.7384,0.7404,0.7312,0.7316
0.74,0.7352,0.7376,0.7628,0.7428,0.7332,0.7412,0.7356,0.7352,0.7328,0.7324,0.7268


B:
38.5999,58.4,51.6,62.7999,51.4001,37.4,63.8001,57.6001,63.2,57.1999,47.0001,64.7999
63.8,49.3999,54.3999,58.4,63.4001,64.3999,52.8,55.2,61.6001,63.5999,60.8001,55.4
59,60.8,55.3999,45.2001,56.2,57.8,49.8001,58.4,53.8,51.2,58.6,58.1999


========================================================
Test11 (DAC Calibration) results 2008-08-28 18:58:26
Board ID140 36 channels
Linux calibration (server mode)

Calibration DAC Range: [3100 - 3500]

A:
0.765,0.75,0.74,0.7475,0.7325,0.775,0.7375,0.7375,0.735,0.7425,0.7475,0.7475
0.74,0.74,0.7375,0.745,0.7325,0.745,0.755,0.7325,0.7425,0.7425,0.74,0.735
0.7425,0.74,0.74,0.765,0.7475,0.7375,0.745,0.74,0.745,0.74,0.7375,0.7375


B:
50.5,72.0,64.0,55.7,59.2,57.5,53.7,70.7,53.5,61.2,58.7,54.7
73.0,53.0,65.7,51.5,71.2,63.5,55.5,69.2,73.2,81.2,55.0,69.5
74.2,69.0,78.0,69.5,63.7,67.7,61.5,68.0,45.5,52.0,65.7,46.7


========================================================
Test11 (DAC Calibration) results 2008-08-30 18:23:02
Board ID140 36 channels
Linux calibration (server mode)

Calibration DAC Range: [3100 - 3500]

A:
0.765,0.755,0.745,0.745,0.7375,0.7725,0.7325,0.7425,0.735,0.75,0.7475,0.75
0.7425,0.745,0.7425,0.74,0.7375,0.7425,0.755,0.7375,0.75,0.7425,0.74,0.74
0.75,0.7425,0.745,0.77,0.7475,0.7425,0.7475,0.745,0.7425,0.7425,0.7425,0.735


B:
53.5,67.5,55.5,68.5,51.7,48.3,79.2,62.2,61.5,47.0,52.7,55.0
73.2,43.5,57.2,77.0,63.7,82.2,64.5,58.7,60.0,90.2,64.0,60.0
58.0,69.2,65.5,54.0,73.7,60.2,63.7,60.5,62.2,51.2,58.2,63.5


========================================================
Test11 (DAC Calibration) results 2008-08-30 21:24:26
Board ID140 36 channels
Linux calibration (server mode)

Calibration DAC Range: [3100 - 3500]

A:
0.745,0.735,0.72,0.7225,0.715,0.75,0.7175,0.725,0.7125,0.72,0.725,0.7275
0.7225,0.7225,0.72,0.72,0.715,0.725,0.7325,0.715,0.73,0.7275,0.72,0.72
0.725,0.72,0.7225,0.745,0.73,0.725,0.725,0.7225,0.7175,0.7225,0.72,0.7125


B:
47.5,68.5,70.0,76.2,58.5,67.0,59.8,52.5,68.3,76.0,64.5,61.7
72.2,51.2,62.0,74.0,70.5,70.5,79.2,66.5,53.0,70.7,62.0,60.0
71.5,75.0,77.2,70.5,62.0,49.5,68.5,66.2,76.8,50.2,65.0,70.3


========================================================
Test11 (DAC Calibration) results 2008-08-30 21:52:07
Board ID140 36 channels
Linux calibration (server mode)

Calibration DAC Range: [3100 - 3500]

A:
0.765,0.7525,0.75,0.745,0.7375,0.775,0.7375,0.7475,0.735,0.7425,0.75,0.7475
0.7475,0.74,0.74,0.745,0.7375,0.75,0.76,0.7425,0.7475,0.7475,0.7425,0.7425
0.75,0.74,0.745,0.7675,0.755,0.7425,0.7525,0.7425,0.7425,0.745,0.7425,0.735


B:
62.5,82.3,40.0,70.5,51.7,55.5,61.7,46.7,62.5,71.2,49.0,63.7
58.7,61.0,65.0,60.5,63.7,56.0,59.0,43.2,64.7,73.7,56.2,53.2
58.0,78.0,72.5,68.8,48.5,60.2,46.3,69.2,62.2,44.5,58.2,63.5


========================================================
Test11 (DAC Calibration) results 2008-08-31 12:06:25
Board ID140 36 channels
Linux calibration (server mode)

Calibration DAC Range: [3100 - 3500]

A:
0.77,0.755,0.7475,0.745,0.7375,0.7725,0.74,0.7425,0.735,0.7475,0.7475,0.745
0.7475,0.745,0.74,0.7425,0.74,0.7475,0.755,0.74,0.745,0.7475,0.745,0.74
0.75,0.7425,0.75,0.7725,0.7525,0.7475,0.75,0.745,0.745,0.745,0.7425,0.735


B:
37.0,73.5,48.7,70.5,52.7,71.3,54.0,63.2,62.5,54.7,73.7,71.5
59.7,45.5,65.0,69.2,56.0,64.7,80.5,53.0,76.5,74.7,48.5,64.0
58.0,69.2,59.0,49.3,57.3,43.7,55.0,61.5,54.5,44.5,59.2,63.5


========================================================
Test11 (DAC Calibration) results 2008-08-31 16:15:30
Board ID140 36 channels
Linux calibration (server mode)

Calibration DAC Range: [3100 - 3500]

A:
0.77,0.755,0.7475,0.7475,0.735,0.775,0.7375,0.7425,0.7375,0.7425,0.755,0.7475
0.745,0.745,0.74,0.74,0.7375,0.75,0.7625,0.7375,0.75,0.75,0.745,0.74
0.745,0.745,0.75,0.7725,0.755,0.7425,0.75,0.7475,0.745,0.745,0.7375,0.735


B:
44.0,71.5,47.7,61.7,60.5,65.5,62.7,64.2,53.7,71.2,44.5,62.7
67.5,45.5,65.0,77.0,64.7,57.0,54.3,59.7,59.0,65.0,48.5,62.0
75.5,61.5,55.0,53.3,48.5,60.2,55.0,52.7,54.5,44.5,75.7,63.5


========================================================
Test11 (DAC Calibration) results 2008-08-31 18:30:27
Board ID140 36 channels
Linux calibration (server mode)

Calibration DAC Range: [3100 - 3500]

A:
0.7625,0.755,0.745,0.7425,0.7375,0.7775,0.7375,0.745,0.7375,0.745,0.75,0.75
0.7475,0.7475,0.74,0.745,0.735,0.7475,0.7625,0.74,0.7475,0.7475,0.745,0.7375
0.7475,0.7425,0.75,0.77,0.7525,0.74,0.7525,0.745,0.7425,0.74,0.7375,0.735


B:
70.3,71.5,55.5,78.2,51.7,56.8,61.7,54.5,52.7,63.5,54.0,55.0
58.7,36.7,65.0,59.5,72.5,65.7,52.3,52.0,65.7,73.7,48.5,70.7
66.7,70.2,55.0,62.0,57.3,68.0,46.3,60.5,63.2,60.0,74.7,63.5


========================================================
Test11 (DAC Calibration) results 2008-09-01 15:18:51
Board ID140 36 channels
Linux calibration (server mode)

Calibration DAC Range: [3100 - 3500]

A:
0.77,0.7575,0.745,0.7425,0.73,0.78,0.74,0.7425,0.7325,0.75,0.7475,0.7475
0.7475,0.745,0.7425,0.745,0.74,0.7475,0.76,0.74,0.75,0.7475,0.7475,0.74
0.7475,0.745,0.75,0.77,0.7525,0.7425,0.7525,0.745,0.745,0.7425,0.745,0.7375


B:
47.0,56.8,55.5,77.2,77.0,46.0,54.0,63.2,69.2,46.0,58.7,63.7
57.7,44.5,56.2,59.5,55.0,64.7,55.0,52.0,60.0,72.7,39.7,61.0
67.7,60.5,50.0,56.0,57.3,59.2,46.3,60.5,53.5,51.2,49.5,54.7


========================================================
Test11 (ADC Calibration) results 2009-04-03 15:15:36
Board ID140 36 channels
Host: ufcmshv3
Linux calibration software

Calibration DAC Range: [1000 - 3500]

A:
0.756,0.7652,0.7628,0.7664,0.7664,0.7584,0.7632,0.7628,0.7588,0.7484,0.7636,0.764
0.7732,0.7672,0.764,0.7652,0.7648,0.7604,0.7668,0.7644,0.7568,0.7624,0.7652,0.7652
0.768,0.768,0.7696,0.7552,0.7544,0.7648,0.7528,0.7664,0.754,0.7568,0.7552,0.758


B:
55.0001,61.7999,50.2001,62.6001,48.6001,54.5999,60.8001,55.2001,60.1999,54.6001,51.4,61
58.8001,49.8,50,56.7999,63.2,61.6,59.2,54.6,60.2,64.6001,57.7999,54.7999
56,57,58.4001,55.7999,52.5999,55.2,48.2,56.6001,52,49.2,55.7999,56.9999


========================================================
Test11 (ADC Calibration) results 2009-04-06 11:36:55
Board ID140 36 channels
Host: ufcmshv3
Linux calibration software

Calibration DAC Range: [1000 - 3500]

A:
0.756,0.7644,0.7628,0.7664,0.7656,0.7584,0.7632,0.7628,0.7584,0.748,0.7628,0.7636
0.7724,0.7672,0.764,0.7652,0.7644,0.7604,0.7672,0.7644,0.7568,0.7628,0.7648,0.7652
0.7676,0.7676,0.7692,0.7552,0.754,0.7648,0.7524,0.7668,0.754,0.7568,0.7548,0.758


B:
55.0001,63.6,50.2001,62.6001,50.3999,54.5999,60.8001,55.2001,60.5999,55.9999,53.2001,61.4
60.5999,49.8,50,56.7999,63.6,61.6,57.8,54.6,60.2,63.2001,58.2,54.7999
57.4,57.4,58.7999,55.7999,54,54.2,49.6001,55.2,52,49.2,57.1999,56.9999


