========================================================

Test11 results 06-21-2005  14:21:28
Board ID357  30 channels
HV Tests Software Ver.1.6

+5V 2523 - O'k
-5V 1336 - O'k
Interlock - On
Calibration DAC Range: [2500 - 2900]


A:
Limits 0.76 +/- 0.04
0.753296,0.753296,0.759013,0.759013,0.757576,0.753296,0.761905,0.757576,0.754717,0.759013
0.757576,0.756144,0.75188,0.760456,0.757576,0.759013,0.763359,0.753296,0.756144,0.756144
0.761905,0.756144,0.757576,0.757576,0.756144,0.761905,0.760456,0.75188,0.754717,0.756144


B:
Limits 60.0 +/- 30.0
65.358177,66.502647,64.718063,66.241653,67.750717,73.107597,59.690796,51.547729,71.028481,62.163067
66.617867,72.892097,69.154602,54.000603,63.884415,67.654053,62.686764,67.315536,73.918129,63.13496
54.518921,67.720375,65.909485,61.862488,72.39698,46.840164,62.159912,72.834885,67.773766,69.641563
========================================================
Test11 (DAC Calibration) results 2007-11-05 11:08:52
Board ID357 30 channels
Linux calibration software
Calibration DAC Range: [1100 - 2700]

A:
0.753296,0.754361,0.753935,0.758222,0.757361,0.75365,0.760456,0.755858,0.754432,0.758078
0.757935,0.756931,0.753296,0.759662,0.75643,0.757935,0.755644,0.754788,0.756859,0.755216
0.758653,0.755644,0.757648,0.754219,0.756716,0.757504,0.759878,0.754361,0.754646,0.756787


B:
73.258,68.7883,73.4429,76.4003,75.7456,75.0354,71.1027,62.2071,70.0491,71.5912
70.1184,76.0241,71.7514,63.973,74.4326,74.5144,72.7779,68.2046,78.2402,72.9068
72.7833,75.8004,71.7208,75.0165,76.1634,63.4318,72.0364,71.0514,75.3418,68.8017


