========================================================

Test10 results 02-21-2006  13:54:29
Board ID426  30 channels
HV Tests Software Ver.1.6

+5V 2512 - O'k
-5V 1317 - O'k
Interlock - On

Voltmeter channel: A=1.077006, B=11.846848

A:
Limits 1.1 +/- 0.1
1.080497,1.081081,1.075269,1.061571,1.073537,1.081666,1.078167,1.081081,1.082251,1.068947
1.078167,1.072961,1.071811,1.077586,1.076426,1.073537,1.079914,1.079914,1.064963,1.073537
1.076426,1.075269,1.069519,1.079914,1.077006,1.083424,1.067806,1.070091,1.075847,1.081666


B:
Limits 0.0 +/- 35.0
7.563487,11.89207,7.526706,7.431013,9.661671,1.081706,7.547299,12.973151,7.575796,3.20688
4.312799,16.09458,10.718273,3.232881,12.917105,2.14691,8.639275,10.799102,9.584596,9.661671
13.993531,16.128857,5.34771,6.479447,9.692835,7.583981,11.745905,7.490445,6.454941,2.163372
========================================================
Test10 (ADC Calibration) results 2008-01-30 10:45:50
Board ID426 30 channels
Linux calibration software

Voltmeter channel: A=1.07091, B=-1464.96

A:
1.07958,1.08145,1.07445,1.06097,1.0727,1.08141,1.07682,1.08113,1.08348,1.06781
1.07702,1.07233,1.07133,1.07628,1.07771,1.07284,1.08024,1.07934,1.066,1.07193
1.07692,1.07568,1.06995,1.07994,1.07646,1.0831,1.06697,1.06992,1.07411,1.08149


B:
7.34508,9.01359,4.33602,4.45901,8.87141,-1.20112,8.55989,8.18358,1.86787,2.20929
3.59358,13.7127,6.38701,3.58862,6.59375,1.18605,4.97025,8.45295,2.79497,10.3521
8.76905,12.0558,3.33428,3.43709,7.52093,4.76921,9.74571,5.73407,8.37195,-1.95786


========================================================
Test10 (ADC Calibration) results 2008-05-09 10:22:16
Board ID426 30 channels
Linux calibration software

Voltmeter channel: A=1.07214, B=-1467.09

A:
1.08012,1.08274,1.07499,1.06137,1.07354,1.08141,1.07682,1.08157,1.08457,1.06928
1.07757,1.07367,1.07133,1.07702,1.07686,1.07297,1.08004,1.07998,1.06526,1.07233
1.07746,1.07514,1.07015,1.07994,1.07646,1.0831,1.0672,1.07016,1.07421,1.08129


B:
6.44413,6.26812,3.64119,3.14179,6.99384,-0.119712,8.35994,7.61032,0.472308,-1.5492
2.09599,9.79943,7.05805,2.04055,8.55696,2.08206,5.22832,7.2258,4.20741,10.106
8.2323,13.823,3.74701,4.31707,7.52093,5.85231,9.2436,5.22865,8.04255,-0.617256


========================================================
Test10 (ADC Calibration) results 2008-06-19 12:08:44
Board ID426 30 channels
Linux calibration software

Voltmeter channel: A=1.07, B=0

A:
1.09711,1.10486,1.09228,1.07734,1.09047,1.0983,1.09319,1.09821,1.10106,1.08525
1.09675,1.09047,1.0884,1.09365,1.0941,1.08966,1.09757,1.09693,1.08222,1.09029
1.06521,1.09328,1.08849,1.09629,1.09501,1.10858,1.08597,1.08624,1.09346,1.09775


B:
6.04403,6.02254,4.56987,4.76528,7.98383,-0.758148,7.66901,9.21054,2.20572,-0.455011
0.237625,10.1648,6.62829,2.00185,6.39664,0.668834,3.86912,6.43097,2.80852,7.06002
34.2038,13.0516,4.36802,3.94782,6.87389,3.96406,8.65053,5.14333,6.32521,0.187785


========================================================
Test10 (ADC Calibration) results 2008-06-28 15:42:12
Board ID426 30 channels
Linux calibration software

Voltmeter channel: A=1.07, B=0

A:
1.09739,1.10532,1.09256,1.07787,1.09002,1.09858,1.09056,1.09092,1.10152,1.08579
1.09702,1.09083,1.08867,1.09401,1.09383,1.08948,1.09785,1.09675,1.0823,1.0902
1.06547,1.09365,1.08966,1.09656,1.09538,1.10877,1.08624,1.08633,1.09365,1.09775


B:
5.7927,6.04266,3.88227,4.05508,8.39983,-0.791919,10.5184,16.95,2.00365,-1.1732
0.423683,9.83285,6.16124,1.44749,7.52182,1.48963,3.39667,7.03767,3.15824,7.79756
32.2613,12.7198,5.24535,3.47659,6.53922,4.23788,8.83683,5.2777,6.81418,0.626652


========================================================
Test10 (ADC Calibration) results 2008-07-17 09:50:45
Board ID426 30 channels
Linux calibration software

Voltmeter channel: A=1.07, B=0

A:
1.09761,1.10548,1.09287,1.07788,1.08416,1.09799,1.08518,1.09136,1.10182,1.08612
1.09752,1.05557,1.08902,1.0941,1.09457,1.09014,1.09838,1.09704,1.08305,1.08948
1.04797,1.0941,1.09005,1.09714,1.0959,1.10975,1.08686,1.08686,1.09457,1.09857


B:
5.805,6.56183,4.02716,4.47564,13.7879,0.185917,15.0172,16.5491,1.73234,-1.47785
-0.03417,42.6161,6.0569,1.80064,6.39908,0.439044,3.78877,7.20579,2.68223,8.45687
42.2602,12.5229,4.23223,2.94956,6.27675,3.79387,8.2597,4.5646,5.74223,-0.560761


========================================================
Test10 (ADC Calibration) results 2008-07-19 11:33:18
Board ID426 30 channels
Linux calibration software

Voltmeter channel: A=1.07, B=0

A:
1.09752,1.10538,1.09268,1.0777,1.07605,1.09676,1.08518,1.09136,1.10153,1.08602
1.09695,1.09089,1.08902,1.09401,1.09439,1.08995,1.09828,1.09723,1.08277,1.08967
1.04407,1.09382,1.08958,1.09685,1.0959,1.10965,1.08677,1.08649,1.0942,1.09857


B:
5.45342,5.98619,3.98256,4.647,20.3919,0.886372,14.149,15.8942,1.77583,-1.1738
0.491978,9.12385,5.83915,2.10721,6.35441,0.612959,3.2176,5.71509,2.50845,8.50213
39.176,12.1257,4.23009,2.99272,5.40036,3.21653,7.91171,5.12771,5.87163,-0.560761


========================================================
Test10 (ADC Calibration) results 2008-07-19 17:28:33
Board ID426 30 channels
Linux calibration software

Voltmeter channel: A=1.07, B=0

A:
1.09742,1.10529,1.09268,1.07788,1.07422,1.09628,1.08333,1.09127,1.10144,1.08565
1.09714,1.09071,1.0892,1.09401,1.09429,1.09005,1.09819,1.09704,1.08249,1.08939
1.03893,1.09363,1.08836,1.09695,1.09571,1.10916,1.08668,1.08668,1.0942,1.09838


B:
5.97969,6.51599,3.98256,4.26011,22.2893,1.54343,16.2901,16.4166,2.30439,-0.17506
0.316532,9.73249,5.23005,1.88846,6.87893,0.744133,2.86578,6.54784,3.20011,8.76107
48.5362,13.173,5.79158,3.12443,6.23172,4.76757,8.43244,4.52017,5.87163,-0.385114


========================================================
Test10 (ADC Calibration) results 2008-07-20 15:54:11
Board ID426 30 channels
Linux calibration software

Voltmeter channel: A=1.07, B=0

A:
1.09752,1.10538,1.09297,1.07806,1.07376,1.096,1.08342,1.09089,1.10172,1.08574
1.09714,1.0695,1.08864,1.09382,1.09448,1.09024,1.09828,1.09695,1.0824,1.08902
1.03748,1.09382,1.0892,1.09714,1.09571,1.10926,1.08668,1.08658,1.09391,1.09866


B:
5.67287,6.20721,3.50318,3.65696,22.4941,1.36729,16.4215,16.542,1.37946,-0.696226
0.316532,28.9889,6.18484,2.28138,6.26755,0.133956,3.2176,6.85394,3.2864,9.32395
48.8407,12.3444,5.44822,2.51081,6.01263,4.67962,8.43244,5.04121,6.78865,-0.648528


========================================================
Test10 (ADC Calibration) results 2008-07-21 11:47:02
Board ID426 30 channels
Linux calibration software

Voltmeter channel: A=1.07, B=0

A:
1.09771,1.10519,1.09287,1.07797,1.07049,1.09695,1.08305,1.09118,1.10124,1.08574
1.09733,1.08333,1.08883,1.0941,1.0941,1.08995,1.09809,1.09695,1.08286,1.08958
1.03655,1.09363,1.08967,1.09676,1.09543,1.10936,1.08677,1.08658,1.09372,1.09866


B:
5.27912,6.3828,3.37133,3.95854,25.5054,0.491978,16.1119,16.0658,2.47986,-0.913322
-0.0780563,13.4732,5.79446,1.58188,7.05238,1.04922,3.83161,6.41527,2.20497,7.93455
44.9396,12.517,4.79697,3.29918,6.49271,4.36951,7.91171,5.04121,6.52484,-0.868207


========================================================
Test10 (ADC Calibration) results 2008-07-24 14:52:16
Board ID426 30 channels
Linux calibration software

Voltmeter channel: A=1.07, B=0

A:
1.09742,1.10538,1.09325,1.0776,1.07954,1.09752,1.08435,1.09155,1.10144,1.08556
1.09685,1.08342,1.08873,1.09429,1.09391,1.09014,1.09771,1.09695,1.08249,1.08948
1.04356,1.09316,1.08958,1.09685,1.09552,1.10916,1.08658,1.08696,1.09391,1.09828


B:
5.54094,5.98619,2.80453,4.30193,17.6113,-0.03417,15.1352,15.9409,1.42319,-0.305107
0.141066,13.1712,6.31638,1.40747,7.44472,0.00270709,3.74205,6.19594,2.5509,8.67472
40.7006,13.1671,5.53753,2.7734,6.18692,4.32374,8.08369,3.82621,6.56993,-0.0772457


========================================================
Test10 (ADC Calibration) results 2008-07-24 21:41:51
Board ID426 30 channels
Linux calibration software

Voltmeter channel: A=1.07, B=0

A:
1.09742,1.10577,1.09249,1.07788,1.07203,1.09666,1.0836,1.09118,1.10201,1.08565
1.09742,1.08296,1.08902,1.09429,1.09457,1.09005,1.09819,1.09704,1.08277,1.08958
1.03901,1.09391,1.08967,1.09695,1.09581,1.10955,1.08714,1.08677,1.0941,1.09866


B:
5.76026,6.07672,3.9382,4.26011,23.8712,0.754872,14.517,15.8478,0.895104,-0.609214
0.0538245,13.8148,5.6214,1.40747,6.39908,0.526176,3.52441,6.7672,2.50845,8.58841
35.9891,12.6956,5.23311,2.90509,5.92561,3.97114,7.56651,4.21679,6.17705,-1.30795


========================================================
Test10 (ADC Calibration) results 2008-08-12 21:57:53
Board ID426 30 channels
Linux calibration software

Voltmeter channel: A=1.07, B=0

A:
1.09828,1.10819,1.09372,1.07852,1.06195,1.09609,1.07788,1.09155,1.1024,1.0863
1.09857,1.08333,1.08967,1.09467,1.09486,1.09052,1.09885,1.0979,1.0836,1.08967
1.01346,1.09514,1.09146,1.09714,1.09695,1.11287,1.0878,1.08724,1.0959,1.09914


B:
5.63376,5.87067,3.24367,3.44365,33.577,1.93776,19.7819,15.9409,1.20488,-1.43446
0.0984861,13.6898,5.45099,0.838962,6.1385,0.308434,2.69183,5.54352,1.7304,8.50213
52.6726,12.6676,5.1119,2.94956,5.757,2.73903,7.83287,4.00142,5.40036,-1.30783


========================================================
Test10 (ADC Calibration) results 2008-08-27 10:29:21
Board ID426 30 channels
Linux calibration (server mode)

Voltmeter channel: A=1.10056, B=0

A:
1.10245,1.11338,1.09707,1.08201,1.07649,1.09945,1.07513,1.09873,1.10509,1.08822
1.10087,1.08991,1.09366,1.09724,1.09914,1.09305,1.102,1.1019,1.08608,1.09412
1.02973,1.10166,1.09652,1.10042,1.10114,1.11702,1.09275,1.0909,1.10008,1.10133


B:
0,0,0,0,0,0,0,0,0,0
0,0,0,0,0,0,0,0,0,0
0,0,0,0,0,0,0,0,0,0


========================================================
Test10 (ADC Calibration) results 2008-08-27 11:18:31
Board ID426 30 channels
Linux calibration software

Voltmeter channel: A=1.07, B=0

A:
1.10048,1.11101,1.09552,1.08018,1.05973,1.09552,1.06374,1.09316,1.10403,1.08827
1.10029,1.08537,1.09146,1.09638,1.09657,1.0924,1.10077,1.09952,1.08481,1.09024
0.985202,1.09714,1.09334,1.09904,1.09914,1.11493,1.08967,1.0893,1.09752,1.10105


B:
6.26334,7.08848,4.65291,5.35159,30.7495,5.0914,22.7852,17.7583,3.01882,-0.434437
1.37646,14.6292,6.64011,2.77177,7.64099,1.62183,4.01931,7.13631,3.86019,11.0363
61.4618,13.2628,5.77901,4.05561,6.60592,5.77904,9.5918,5.14369,7.42913,0.453484


========================================================
Test10 (ADC Calibration) results 2008-08-28 18:57:15
Board ID426 30 channels
Linux calibration (server mode)

Voltmeter channel: A=1.08756, B=0

A:
1.08934,1.0998,1.08409,1.06916,1.04667,1.08339,1.0542,1.08578,1.09201,1.07543
1.08763,1.07711,1.0807,1.08426,1.08603,1.08013,1.089,1.0888,1.07329,1.07988
0.969811,1.08805,1.08249,1.08745,1.08797,1.10325,1.07971,1.07803,1.08674,1.08829


B:
0,0,0,0,0,0,0,0,0,0
0,0,0,0,0,0,0,0,0,0
0,0,0,0,0,0,0,0,0,0


========================================================
Test10 (ADC Calibration) results 2008-08-30 18:22:00
Board ID426 30 channels
Linux calibration (server mode)

Voltmeter channel: A=1.08364, B=0

A:
1.08548,1.09633,1.08012,1.06538,1.04861,1.08121,1.05801,1.08188,1.08819,1.07142
1.08398,1.07302,1.07685,1.08052,1.08218,1.07617,1.08509,1.08489,1.0694,1.0772
0.979261,1.0845,1.07973,1.08352,1.0842,1.1003,1.07604,1.07405,1.08332,1.08445


B:
0,0,0,0,0,0,0,0,0,0
0,0,0,0,0,0,0,0,0,0
0,0,0,0,0,0,0,0,0,0


========================================================
Test10 (ADC Calibration) results 2008-08-30 21:23:31
Board ID426 30 channels
Linux calibration (server mode)

Voltmeter channel: A=1.11474, B=0

A:
1.11665,1.12744,1.11109,1.09592,1.06831,1.1113,1.08205,1.11268,1.11928,1.10212
1.11498,1.10379,1.10761,1.11135,1.1132,1.10705,1.11616,1.11595,1.10002,1.10662
0.989995,1.11533,1.11003,1.11449,1.11527,1.13158,1.10676,1.10471,1.11422,1.11546


B:
0,0,0,0,0,0,0,0,0,0
0,0,0,0,0,0,0,0,0,0
0,0,0,0,0,0,0,0,0,0


========================================================
Test10 (ADC Calibration) results 2008-08-30 21:50:45
Board ID426 30 channels
Linux calibration (server mode)

Voltmeter channel: A=1.08361, B=0

A:
1.08543,1.09606,1.08015,1.06525,1.0376,1.08055,1.0537,1.08174,1.08811,1.07151
1.08384,1.07294,1.0767,1.0804,1.08211,1.07618,1.08518,1.08487,1.0693,1.07565
0.962994,1.08432,1.07892,1.08347,1.08423,1.09991,1.07595,1.074,1.08315,1.08435


B:
0,0,0,0,0,0,0,0,0,0
0,0,0,0,0,0,0,0,0,0
0,0,0,0,0,0,0,0,0,0


========================================================
Test10 (ADC Calibration) results 2008-08-31 12:04:51
Board ID426 30 channels
Linux calibration (server mode)

Voltmeter channel: A=1.08361, B=0

A:
1.08548,1.09573,1.07998,1.06529,1.03466,1.07888,1.06203,1.08174,1.08806,1.07146
1.08368,1.07297,1.07657,1.08042,1.08221,1.07617,1.08506,1.08479,1.06942,1.07526
0.944321,1.08398,1.0784,1.08349,1.08408,1.08595,1.07572,1.07396,1.08295,1.08423


B:
0,0,0,0,0,0,0,0,0,0
0,0,0,0,0,0,0,0,0,0
0,0,0,0,0,0,0,0,0,0


