========================================================

Test11 results 02-21-2006  14:06:27
Board ID426  30 channels
HV Tests Software Ver.1.6

+5V 2513 - O'k
-5V 1317 - O'k
Interlock - On
Calibration DAC Range: [2500 - 2900]


A:
Limits 0.76 +/- 0.04
0.747664,0.743494,0.749064,0.757576,0.749064,0.742115,0.744879,0.744879,0.742115,0.753296
0.747664,0.749064,0.750469,0.746269,0.746269,0.747664,0.746269,0.744879,0.754717,0.750469
0.746269,0.747664,0.750469,0.747664,0.749064,0.744879,0.756144,0.753296,0.746269,0.747664


B:
Limits 60.0 +/- 40.0
44.991032,54.69611,57.502705,61.000042,61.358299,73.544601,64.887253,49.328079,65.812004,62.45203
55.172474,62.07737,54.337421,69.879524,58.716831,66.664146,53.541233,58.111687,61.266911,52.726917
63.696754,57.111725,69.888947,68.320107,48.803436,50.273727,46.597088,48.842503,65.703079,48.295647
========================================================
Test11 (DAC Calibration) results 2008-01-30 10:45:50
Board ID426 30 channels
Linux calibration software
Calibration DAC Range: [1100 - 2700]

A:
0.745504,0.74384,0.749064,0.758581,0.749906,0.743494,0.747035,0.74481,0.741702,0.752587
0.746896,0.749415,0.751244,0.747035,0.747175,0.750188,0.744671,0.745295,0.755002,0.750821
0.746965,0.747454,0.751456,0.748643,0.747664,0.74308,0.753935,0.752233,0.748923,0.744186


B:
56.2947,56.3923,62.5468,62.4123,62.8796,71.7471,60.7246,53.5425,69.1823,69.7084
61.2174,64.3092,56.9723,70.5854,58.7371,62.4907,63.418,60.0147,63.6845,55.6076
66.1998,61.0391,69.1527,68.2201,57.757,59.8365,58.967,56.6525,60.0447,64.8372


========================================================
Test11 (DAC Calibration) results 2008-05-09 10:22:16
Board ID426 30 channels
Linux calibration software
Calibration DAC Range: [1100 - 2700]

A:
0.745504,0.743702,0.749064,0.758294,0.749695,0.743494,0.747035,0.744879,0.741702,0.752304
0.746896,0.748853,0.751244,0.746896,0.747384,0.750469,0.74481,0.745226,0.755144,0.750539
0.746965,0.747454,0.751315,0.748643,0.747664,0.74308,0.754148,0.752445,0.748853,0.744325


B:
56.4438,56.5863,62.5468,63.4122,63.7709,71.7471,60.874,53.4451,69.1823,70.6979
61.8149,66.732,57.273,71.2259,58.5946,62.1014,63.225,60.4098,63.9418,56.6002
67.6937,61.0391,69.647,68.3698,57.757,59.8365,58.8237,56.5086,60.2922,64.6446


========================================================
Test11 (ADC Calibration) results 2008-06-19 12:56:33
Board ID426 30 channels
Linux calibration software

Calibration DAC Range: [1000 - 3500]

A:
0.7332,0.7284,0.7364,0.7472,0.7372,0.7316,0.736,0.7328,0.7304,0.7408
0.734,0.7376,0.7396,0.7352,0.736,0.7388,0.7332,0.7336,0.7436,0.738
0.7556,0.7352,0.7388,0.7376,0.7348,0.7256,0.7412,0.7412,0.7356,0.7332


B:
58.8,57.6,63.6,61.8,64.7999,72.4,61,54.2,68.5999,70.1999
62.9999,65.3999,56.4,71.8,59,63.2,63.8,60.3999,64.4,59.0001
46.4001,60.8,69.2,67.3999,59.2001,61.4,59.8001,56.8001,61.4,63.8


========================================================
Test11 (ADC Calibration) results 2008-06-28 15:56:11
Board ID426 30 channels
Linux calibration software

Calibration DAC Range: [1000 - 3500]

A:
0.7336,0.7288,0.7364,0.7472,0.7372,0.7316,0.736,0.7328,0.7304,0.7412
0.7336,0.7376,0.7392,0.7352,0.7356,0.7384,0.7332,0.7336,0.7436,0.738
0.7556,0.7352,0.7388,0.7372,0.7348,0.726,0.7412,0.7412,0.736,0.7328


B:
58.3999,57.2,63.6,61.8,64.7999,72.4,61,55.2,68.5999,69.8001
63.3999,65.3999,57.8,71.8,60.4,64.6001,63.8,60.3999,64.4,59.0001
46.4001,60.8,69.2,68.7999,59.2001,61,59.8001,56.8001,61,65.2


========================================================
Test11 (ADC Calibration) results 2008-07-17 10:58:43
Board ID426 30 channels
Linux calibration software

Calibration DAC Range: [1000 - 3500]

A:
0.7336,0.7276,0.736,0.7464,0.742,0.7316,0.7412,0.7376,0.7296,0.74
0.7328,0.762,0.7392,0.7352,0.7352,0.7384,0.7324,0.7336,0.7428,0.7384
0.768,0.7348,0.7376,0.7368,0.7344,0.7252,0.74,0.7408,0.7344,0.7324


B:
57.3999,58.4001,64,62.6,60.0001,72.4,55.8001,48.3999,69.4,72
64.2,40.9999,56.8,71.8,59.8,63.6001,64.6,60.3999,64.2,58.6001
39,61.2001,69.3999,69.2,58.6001,60.8,61,56.1999,63.6001,64.6


========================================================
Test11 (ADC Calibration) results 2008-07-20 18:37:46
Board ID426 30 channels
Linux calibration software

Calibration DAC Range: [1000 - 3500]

A:
0.7336,0.728,0.736,0.7464,0.7492,0.7332,0.7428,0.738,0.73,0.7408
0.7336,0.752,0.7392,0.7352,0.7352,0.738,0.7328,0.7336,0.7436,0.7392
0.776,0.7344,0.7384,0.7364,0.7344,0.7252,0.7404,0.7408,0.7352,0.7324


B:
57.3999,58.0001,65,63.6,52.8,70.7999,54.2,49.0001,68.9999,70.1999
62.3999,52.0001,57.8,71.8,60.8,65.0001,64.2,60.3999,63.4,56.8
32.9999,62.6001,67.6001,70.6,59.6001,60.8,60.5999,57.1999,61.8,64.6


========================================================
Test11 (ADC Calibration) results 2008-07-21 12:01:24
Board ID426 30 channels
Linux calibration software

Calibration DAC Range: [1000 - 3500]

A:
0.7332,0.7284,0.7364,0.7468,0.7512,0.7328,0.7424,0.7376,0.7308,0.7408
0.7332,0.742,0.7392,0.7352,0.7352,0.7384,0.732,0.7332,0.7428,0.7384
0.776,0.7348,0.7376,0.7372,0.7344,0.7252,0.7404,0.7404,0.7352,0.732


B:
58.8,57.6,63.6,62.2,51.7999,71.2,56.6,49.3999,67.2001,70.1999
63.8,64.0001,57.8,71.8,60.8,63.6001,66,61.8,65.2,59.6001
36.9999,62.2001,69.3999,68.7999,59.6001,61.8,60.5999,58.5999,62.8,66


========================================================
Test11 (ADC Calibration) results 2008-07-24 23:03:59
Board ID426 30 channels
Linux calibration software

Calibration DAC Range: [1000 - 3500]

A:
0.7336,0.7276,0.7364,0.7468,0.75,0.7324,0.7424,0.7376,0.73,0.7408
0.7332,0.742,0.7388,0.7348,0.7356,0.7384,0.7324,0.734,0.7428,0.7388
0.7748,0.7348,0.738,0.7368,0.7348,0.7256,0.74,0.7404,0.7352,0.7324


B:
57.3999,58.4001,63.6,62.2,53,71.6,56.6,49.3999,68.9999,70.1999
63.8,64.0001,58.2,72.2001,59.4,63.6001,64.6,59.9999,65.2,57.2
42.2,61.2001,68.0001,69.2,58.2001,60.4,61,58.5999,61.8,64.6


========================================================
Test11 (ADC Calibration) results 2008-08-13 01:14:42
Board ID426 30 channels
Linux calibration software

Calibration DAC Range: [1000 - 3500]

A:
0.7332,0.726,0.7352,0.746,0.758,0.7332,0.746,0.7372,0.7292,0.74
0.7328,0.7424,0.7384,0.7348,0.7356,0.7376,0.7324,0.7332,0.7424,0.7384
0.7948,0.734,0.7372,0.7372,0.734,0.7232,0.7396,0.74,0.734,0.7324


B:
57.8,59,65.8,64,43.9999,70.7999,54,49.7999,69.8,72
63.2,63.6,58.6001,72.2001,59.4,65.3999,64.6,60.8,65.6,58.6001
28.2001,60.9999,67.7999,68.7999,58.9999,61.7999,61.4,59,62.9999,64.6


========================================================
Test11 (DAC Calibration) results 2008-08-27 10:32:37
Board ID426 30 channels
Linux calibration (server mode)

Calibration DAC Range: [3100 - 3500]

A:
0.747714,0.740857,0.752286,0.762571,0.766857,0.751143,0.768,0.750286,0.747429,0.759143
0.748857,0.758857,0.753429,0.754,0.750571,0.754571,0.749143,0.749429,0.76,0.754
0.802,0.749714,0.754286,0.755143,0.749429,0.738571,0.755429,0.755429,0.750571,0.748857


B:
0.0,0.0,0.0,0.0,0.0,0.0,0.0,0.0,0.0,0.0
0.0,0.0,0.0,0.0,0.0,0.0,0.0,0.0,0.0,0.0
0.0,0.0,0.0,0.0,0.0,0.0,0.0,0.0,0.0,0.0


========================================================
Test11 (ADC Calibration) results 2008-08-27 13:08:29
Board ID426 30 channels
Linux calibration software

Calibration DAC Range: [1000 - 3500]

A:
0.7312,0.7248,0.734,0.7452,0.7588,0.7336,0.7564,0.736,0.728,0.7388
0.7312,0.7412,0.7376,0.7332,0.734,0.736,0.7308,0.7316,0.7412,0.7384
0.8172,0.7324,0.7352,0.7352,0.7324,0.7216,0.7384,0.7392,0.7332,0.7308


B:
57.8001,57.2,63.9999,61.8001,47.1999,68.3999,49.6,49,69.0001,71.2
62.8001,62.8001,56.3999,71.7999,58.9999,65,64.2001,61.4,64.8001,55.6001
20.8,61.6,68.8,69.8,58.6,60.4,59.6001,56.8,60.8,64.2001


========================================================
Test11 (DAC Calibration) results 2008-08-28 18:58:21
Board ID426 30 channels
Linux calibration (server mode)

Calibration DAC Range: [3100 - 3500]

A:
0.74,0.7275,0.74,0.75,0.7725,0.7375,0.7575,0.74,0.735,0.7475
0.74,0.75,0.74,0.7425,0.7425,0.7475,0.7375,0.7425,0.7525,0.7425
0.8375,0.735,0.7425,0.745,0.7425,0.7275,0.745,0.745,0.7375,0.7375


B:
57.0,75.7,73.0,74.0,56.3,84.7,85.8,65.0,73.5,70.7
62.0,62.0,78.0,69.2,60.2,55.7,69.7,53.2,56.3,72.2
45.8,81.5,73.2,66.5,54.2,68.7,66.5,65.5,75.7,69.7


========================================================
Test11 (DAC Calibration) results 2008-08-30 18:22:57
Board ID426 30 channels
Linux calibration (server mode)

Calibration DAC Range: [3100 - 3500]

A:
0.7425,0.7325,0.745,0.755,0.7725,0.745,0.7575,0.745,0.7375,0.7525
0.7425,0.7475,0.745,0.745,0.7425,0.7475,0.7425,0.745,0.7525,0.745
0.8275,0.7375,0.7475,0.7475,0.7425,0.735,0.7475,0.7525,0.74,0.7375


B:
58.2,67.2,65.5,66.5,52.3,66.5,76.8,57.5,73.7,64.3
62.2,79.7,69.5,70.5,68.2,64.7,64.2,54.5,65.3,70.5
52.8,81.7,62.7,66.7,61.2,51.5,66.7,50.3,76.0,78.7


========================================================
Test11 (DAC Calibration) results 2008-08-30 21:24:18
Board ID426 30 channels
Linux calibration (server mode)

Calibration DAC Range: [3100 - 3500]

A:
0.72,0.7125,0.72,0.7325,0.755,0.7225,0.7425,0.7225,0.7175,0.7325
0.725,0.73,0.7275,0.72,0.7225,0.725,0.7225,0.7225,0.735,0.7325
0.8125,0.7175,0.7225,0.7225,0.72,0.7125,0.7225,0.73,0.72,0.7175


B:
64.0,67.3,80.0,71.2,62.5,73.2,70.2,64.2,72.8,60.2
52.5,68.0,59.7,85.0,67.2,70.5,61.2,61.2,54.5,46.2
73.2,79.8,78.2,81.2,69.0,60.3,82.2,56.0,73.0,76.8


========================================================
Test11 (DAC Calibration) results 2008-08-30 21:52:02
Board ID426 30 channels
Linux calibration (server mode)

Calibration DAC Range: [3100 - 3500]

A:
0.7425,0.73,0.745,0.7575,0.775,0.74,0.76,0.745,0.745,0.7525
0.7425,0.75,0.7475,0.7425,0.74,0.745,0.74,0.745,0.75,0.7525
0.835,0.74,0.745,0.7475,0.7425,0.7375,0.7475,0.7525,0.7375,0.74


B:
59.2,76.0,65.5,58.8,70.5,83.0,79.0,57.5,49.5,63.3
63.2,72.0,61.7,79.2,77.0,73.5,71.0,54.5,74.0,49.3
73.5,74.0,72.5,66.7,63.2,44.7,67.7,50.3,83.7,71.0


========================================================
Test11 (DAC Calibration) results 2008-08-31 12:06:20
Board ID426 30 channels
Linux calibration (server mode)

Calibration DAC Range: [3100 - 3500]

A:
0.7425,0.735,0.745,0.7575,0.7775,0.75,0.76,0.745,0.74,0.7525
0.7425,0.75,0.7475,0.7425,0.74,0.745,0.74,0.74,0.75,0.7475
0.855,0.74,0.745,0.7475,0.7475,0.7375,0.7475,0.7525,0.7425,0.74


B:
58.2,60.5,65.5,58.8,69.8,54.0,59.0,57.5,67.0,63.3
64.2,72.0,62.7,78.2,77.0,73.5,71.0,72.0,74.0,66.7
62.5,74.0,74.5,65.7,46.7,75.7,68.7,50.3,67.2,71.0


========================================================
Test11 (DAC Calibration) results 2008-08-31 16:15:25
Board ID426 30 channels
Linux calibration (server mode)

Calibration DAC Range: [3100 - 3500]

A:
0.7375,0.735,0.745,0.7575,0.7725,0.7425,0.755,0.745,0.735,0.7525
0.7425,0.75,0.7475,0.7425,0.74,0.745,0.74,0.74,0.75,0.7475
0.8425,0.74,0.7525,0.75,0.7425,0.7325,0.7475,0.7525,0.74,0.74


B:
74.7,60.5,65.5,58.8,70.3,77.2,78.5,57.5,82.5,63.3
63.2,72.0,61.7,79.2,77.0,73.5,71.0,72.0,74.0,65.7
71.3,74.0,48.3,59.0,63.2,60.2,67.7,50.3,75.0,71.0


========================================================
Test11 (DAC Calibration) results 2008-08-31 18:30:22
Board ID426 30 channels
Linux calibration (server mode)

Calibration DAC Range: [3100 - 3500]

A:
0.7425,0.735,0.745,0.7575,0.7675,0.7425,0.76,0.745,0.74,0.7525
0.7425,0.75,0.7525,0.7475,0.74,0.745,0.74,0.74,0.75,0.7475
0.845,0.74,0.7475,0.75,0.7425,0.7375,0.7475,0.7525,0.74,0.74


B:
58.2,60.5,65.5,58.8,85.8,76.2,55.0,57.5,67.0,63.3
62.2,72.0,45.3,62.7,77.0,73.5,71.0,72.0,74.0,64.7
60.5,74.0,63.7,59.0,62.2,43.7,66.7,50.3,75.0,71.0


========================================================
Test11 (DAC Calibration) results 2008-09-01 15:18:46
Board ID426 30 channels
Linux calibration (server mode)

Calibration DAC Range: [3100 - 3500]

A:
0.7425,0.735,0.745,0.7575,0.7675,0.745,0.7525,0.745,0.74,0.7525
0.7375,0.75,0.7525,0.7475,0.74,0.745,0.74,0.74,0.75,0.7525
0.835,0.74,0.7475,0.75,0.7375,0.7325,0.7475,0.7525,0.74,0.74


B:
57.2,60.5,65.5,58.8,65.8,64.5,64.3,57.5,67.0,63.3
78.7,72.0,45.3,61.7,77.0,73.5,71.0,72.0,74.0,48.3
60.5,74.0,62.7,59.0,78.7,60.2,67.7,50.3,75.0,71.0


