========================================================

Test10 results 04-26-2005  12:44:30
Board ID317  30 channels
HV Tests Software Ver.1.6

+5V 2489 - O'k
-5V 1267 - O'k
Interlock - On

Voltmeter channel: A=1.082837, B=3.248686

A:
Limits 1.1 +/- 0.1
1.067806,1.074691,1.070664,1.078749,1.078749,1.072386,1.072386,1.075269,1.075269,1.074691
1.074114,1.081666,1.084599,1.069519,1.073537,1.068376,1.074691,1.074691,1.073537,1.078749
1.074114,1.081666,1.079331,1.086366,1.088732,1.079331,1.077586,1.074114,1.077586,1.072961


B:
Limits 0.0 +/- 30.0
10.6781,11.821486,7.494653,6.472301,8.629799,6.434438,11.796368,15.053588,9.677243,7.522722
7.518835,8.653366,4.338535,9.625785,10.735209,18.162409,7.522722,7.522722,9.661671,12.944794
18.259974,5.408369,6.476033,4.345641,2.177394,6.476033,8.620811,7.518835,5.388053,15.021619
========================================================
Test10 (ADC Calibration) results 2008-02-20 15:13:05
Board ID317 30 channels
Linux calibration software

Voltmeter channel: A=1.07578, B=-1470.87

A:
1.06815,1.07542,1.06986,1.0777,1.07794,1.07279,1.0732,1.07562,1.07523,1.07518
1.07309,1.08131,1.08424,1.06811,1.07229,1.07027,1.07505,1.0736,1.0742,1.07945
1.07491,1.08087,1.07915,1.08558,1.08775,1.078,1.07669,1.0742,1.07578,1.07286


B:
6.18015,6.1946,3.13336,3.16647,6.02629,1.93626,5.82237,8.78653,5.3091,1.90159
5.4433,5.08181,1.02259,8.15606,7.63442,9.47905,1.63527,4.90843,3.38877,5.77459
12.2377,3.85473,2.80207,2.30857,-0.0860578,3.98123,5.37341,2.44032,4.40517,9.67294


========================================================
Test10 (ADC Calibration) results 2008-06-17 15:59:19
Board ID317 30 channels
Linux calibration software

Voltmeter channel: A=1.07, B=0

A:
1.0847,1.09182,1.08667,1.09491,1.09454,1.08865,1.08874,1.09163,1.09055,1.09145
1.08955,1.09857,1.10069,1.08541,1.08892,1.0882,1.09082,1.09073,1.09046,1.09655
1.09163,1.09692,1.09537,1.10133,1.10429,1.09527,1.09491,1.09091,1.09336,1.08964


B:
4.75175,6.65602,3.57107,4.02709,5.45731,2.82198,6.87544,10.0982,7.38806,2.18809
5.25358,3.95221,1.56964,6.03974,8.45101,7.37488,3.42955,5.04001,4.41808,5.58297
10.5347,5.46652,3.16863,4.28066,0.687204,4.12921,2.71286,1.59994,2.61007,8.43934


========================================================
Test10 (ADC Calibration) results 2008-07-16 21:23:30
Board ID317 30 channels
Linux calibration software

Voltmeter channel: A=1.07, B=0

A:
1.08544,1.09229,1.0875,1.09589,1.09504,1.08966,1.08975,1.0921,1.09097,1.09163
1.09069,1.09903,1.10191,1.08656,1.08984,1.08956,1.09116,1.09191,1.09078,1.09741
1.09229,1.09751,1.0958,1.10191,1.10509,1.09599,1.09551,1.09154,1.0939,1.0905


B:
3.83902,5.99911,2.80096,2.6849,5.00513,0.800037,5.5075,9.66772,6.77853,2.02259
3.33038,3.08592,-0.213422,4.10328,6.9468,5.89949,3.76804,3.50831,3.46186,4.79443
9.9312,4.26827,2.55337,3.53285,-0.702702,3.69336,1.93924,1.01841,1.67492,7.43017


========================================================
Test10 (ADC Calibration) results 2008-07-19 11:34:37
Board ID317 30 channels
Linux calibration software

Voltmeter channel: A=1.07, B=0

A:
1.08516,1.0922,1.08712,1.09513,1.09494,1.08909,1.08947,1.09248,1.09116,1.09163
1.09013,1.09913,1.10105,1.08647,1.08994,1.089,1.09135,1.09154,1.09116,1.09779
1.09248,1.09722,1.0958,1.10172,1.10519,1.09637,1.0958,1.09116,1.09371,1.09003


B:
3.88192,5.64954,3.1482,3.60329,4.65438,2.19399,5.11433,8.22886,6.3866,1.80393
4.07017,2.55885,0.579829,4.18978,6.64189,6.85474,3.15725,3.63799,2.89506,3.56634
9.10289,4.75004,2.33426,3.48845,-1.45481,2.46636,1.67668,1.8039,2.28763,8.29947


========================================================
Test10 (ADC Calibration) results 2008-07-19 14:46:21
Board ID317 30 channels
Linux calibration software

Voltmeter channel: A=1.07, B=0

A:
1.0847,1.09201,1.08712,1.09542,1.09475,1.08937,1.08947,1.09229,1.09107,1.09154
1.09031,1.09884,1.10162,1.08638,1.08956,1.08909,1.09163,1.09182,1.09107,1.09741
1.09239,1.09732,1.0958,1.10191,1.10528,1.09608,1.09589,1.09125,1.09352,1.08994


B:
4.5313,5.8235,3.80032,2.90344,5.26676,1.27933,5.33205,9.0577,6.69196,2.10995
3.67829,3.04186,-0.609996,4.27645,7.42465,6.76812,2.24086,3.81333,3.20034,4.57512
9.18962,4.22336,2.11489,3.31263,-1.32222,2.94809,0.931255,1.49853,2.68092,8.16796


========================================================
Test10 (ADC Calibration) results 2008-07-20 08:08:59
Board ID317 30 channels
Linux calibration software

Voltmeter channel: A=1.07, B=0

A:
1.08489,1.09201,1.08722,1.0957,1.09466,1.089,1.08966,1.09229,1.09107,1.09135
1.09031,1.09865,1.10162,1.08591,1.08956,1.08909,1.09163,1.09173,1.09116,1.09732
1.09257,1.09732,1.09589,1.10162,1.10519,1.09589,1.0958,1.09135,1.09399,1.09013


B:
4.1413,6.04185,3.4967,2.42202,5.13462,2.28112,4.94078,9.0577,6.69196,2.5026
3.4604,3.87625,0.0507011,5.14361,7.42465,6.33271,2.02259,3.46385,3.54986,4.66256
8.79775,4.44315,2.24627,4.01676,-1.23383,3.34216,1.23846,1.41125,1.58739,7.77676


========================================================
Test10 (ADC Calibration) results 2008-07-20 17:40:55
Board ID317 30 channels
Linux calibration software

Voltmeter channel: A=1.07, B=0

A:
1.08498,1.0921,1.08759,1.09513,1.09494,1.089,1.08928,1.09191,1.09116,1.09173
1.09022,1.09903,1.10124,1.0861,1.08966,1.0889,1.09125,1.09201,1.09125,1.09732
1.09239,1.09713,1.0958,1.10191,1.10519,1.09608,1.09551,1.09135,1.0938,1.09003


B:
3.83786,5.73592,2.49658,3.82226,4.65438,2.28112,5.9412,9.62275,6.60478,2.15395
3.76548,3.08592,0.624094,4.75348,7.12009,6.94151,2.80786,3.42087,2.80786,4.66256
9.62685,4.83756,2.55337,3.31263,-1.23383,3.16725,1.93924,1.19315,1.76276,7.86356


========================================================
Test10 (ADC Calibration) results 2008-07-24 12:08:22
Board ID317 30 channels
Linux calibration software

Voltmeter channel: A=1.07, B=0

A:
1.08451,1.09154,1.08741,1.09494,1.09437,1.089,1.0889,1.0921,1.0906,1.09144
1.09003,1.09875,1.10076,1.08591,1.08984,1.089,1.09173,1.09154,1.09107,1.09732
1.09191,1.09684,1.0957,1.10191,1.10499,1.09618,1.09542,1.09097,1.0938,1.08975


B:
3.83658,5.82107,2.45267,3.77837,5.39638,1.84524,5.63488,8.35725,7.34355,1.97884
3.72139,2.90944,1.06432,4.92649,6.9468,6.20123,1.93566,3.63799,2.98218,4.22336
9.62275,4.88038,2.20293,3.09231,-1.05643,2.6415,1.80802,1.76022,1.54367,8.34107


