========================================================

Test11 results 04-26-2005  12:45:47
Board ID317  30 channels
HV Tests Software Ver.1.6

+5V 2491 - O'k
-5V 1266 - O'k
Interlock - On
Calibration DAC Range: [2500 - 2900]


A:
Limits 0.76 +/- 0.04
0.759013,0.750469,0.756144,0.749064,0.75188,0.75188,0.754717,0.750469,0.75188,0.750469
0.753296,0.746269,0.744879,0.754717,0.75188,0.754717,0.750469,0.749064,0.750469,0.749064
0.75188,0.744879,0.750469,0.749064,0.742115,0.750469,0.750469,0.753296,0.747664,0.75188


B:
Limits 60.0 +/- 30.0
52.889244,65.880463,60.818161,66.076157,52.990292,70.77034,56.760532,61.129017,57.409603,74.847244
63.920738,62.725475,64.367508,62.748337,62.078197,60.231014,65.970787,74.407845,67.49353,58.249756
57.144169,73.486458,56.884727,59.817196,72.049141,58.418278,60.037395,57.634506,73.614357,65.215858
========================================================
Test11 (DAC Calibration) results 2008-02-20 15:13:05
Board ID317 30 channels
Linux calibration software
Calibration DAC Range: [1100 - 2700]

A:
0.756144,0.751033,0.754931,0.749064,0.749274,0.75287,0.752587,0.750892,0.752304,0.750821
0.752658,0.747314,0.745295,0.755786,0.753225,0.754646,0.751668,0.752304,0.75188,0.748223
0.751385,0.747245,0.748433,0.748153,0.741771,0.748853,0.749766,0.75188,0.750399,0.752445


B:
66.3515,67.1801,70.2746,70.7865,65.7018,70.3747,67.4506,63.6193,60.6167,77.3814
70.9662,63.475,67.3186,64.5725,64.4665,63.8712,67.6596,68.1397,67.6692,66.704
62.6373,68.952,67.3122,66.8007,78.5813,70.1771,68.3224,66.767,69.8526,67.4945


