========================================================

Test10 results 04-11-2006  17:28:25
Board ID023  36 channels
HV Tests Software Ver.1.6

+5V 2727 - O'k
-5V 1306 - O'k
Interlock - On

Voltmeter channel: A=1.074114, B=6.444721

A:
Limits 1.1 +/- 0.1
1.082837,1.078749,1.082251,1.074114,1.081666,1.081666,1.088732,1.081081,1.075847,1.081081,1.083424,1.079331
1.074114,1.079331,1.083424,1.075847,1.078167,1.084011,1.088732,1.078749,1.078749,1.078167,1.077006,1.081081
1.074114,1.078167,1.075269,1.081666,1.075847,1.083424,1.079331,1.081081,1.076426,1.077586,1.085776,1.063264


B:
Limits 0.0 +/- 35.0
6.497197,9.708548,10.822549,8.592949,6.490035,9.735032,7.621052,10.810989,7.530788,11.89207,11.917675,8.634694
10.741177,9.714025,11.917675,9.682483,9.703633,5.420056,9.798515,11.866045,11.866045,9.703633,10.769841,7.567746
11.81529,7.547299,10.752512,10.816698,7.530788,11.917675,9.714025,11.89207,4.305695,6.465639,11.943543,-8.506226
========================================================
Test10 (ADC Calibration) results 2008-05-13 12:52:57
Board ID23 36 channels
Linux calibration software

Voltmeter channel: A=1.0724, B=9.43113

A:
1.08282,1.07912,1.08222,1.07471,1.08058,1.08287,1.08863,1.08156,1.07451,1.08178,1.08448,1.07862
1.04407,1.08082,1.08394,1.07665,1.07816,1.08393,1.08928,1.07862,1.07832,1.07838,1.07722,1.08112
1.07571,1.07962,1.07665,1.08262,1.07615,1.08433,1.07982,1.08267,1.07682,1.07832,1.08636,1.06263


B:
5.585,4.96528,8.11861,4.4675,6.25972,6.66343,5.72712,7.44422,6.17431,8.083,7.11345,7.28361
36.6836,4.15288,7.62627,5.03689,7.27242,3.31032,6.99116,8.36904,9.26684,7.06747,6.5954,4.52644
7.16248,2.32606,5.34351,7.32391,4.67729,7.14666,5.75019,5.35373,1.38413,0.910405,11.0936,-1.59682


