========================================================

Test10 results 07-23-2006  17:52:58
Board ID367  30 channels
HV Tests Software Ver.1.6.1

+5V 2468 - O'k
-5V 1324 - O'k
Interlock - On

Voltmeter channel: A=1.082251, B=10.822549

A:
Limits 1.1 +/- 0.1
1.074691,1.080497,1.083424,1.084599,1.076426,1.084011,1.077006,1.084011,1.084011,1.078167
1.080497,1.075847,1.074114,1.079331,1.083424,1.057082,1.072961,1.079914,1.074691,1.077586
1.083424,1.081081,1.091703,1.09589,1.073537,1.074114,1.074114,1.072386,1.082251,1.085187


B:
Limits 0.0 +/- 30.0
13.970869,10.804978,9.750828,14.099923,17.222809,11.924122,9.692835,17.344175,11.924122,20.485304
18.368458,15.061719,13.963518,12.952018,14.084522,41.226357,22.532349,14.038843,17.194942,16.163914
15.167946,21.621799,14.192138,13.150715,11.808746,13.963518,12.889404,15.013526,10.822549,13.02224
Channels:
  16
Out of range 0.0 +/- 30.0
