========================================================

Test11 results 07-23-2006  17:54:22
Board ID367  30 channels
HV Tests Software Ver.1.6.1

+5V 2468 - O'k
-5V 1324 - O'k
Interlock - On
Calibration DAC Range: [2500 - 2900]


A:
Limits 0.76 +/- 0.04
0.746269,0.743494,0.740741,0.743494,0.746269,0.740741,0.747664,0.742115,0.738007,0.744879
0.742115,0.747664,0.749064,0.744879,0.740741,0.757576,0.749064,0.743494,0.747664,0.746269
0.740741,0.743494,0.736648,0.736648,0.746269,0.747664,0.749064,0.747664,0.744879,0.740741


B:
Limits 60.0 +/- 30.0
58.562149,63.468109,69.31234,48.527428,56.382923,61.565125,56.704308,53.079369,69.571663,51.460697
64.64756,51.642975,55.006252,57.889095,63.837803,45.355068,48.569717,56.023361,52.523888,53.093582
62.300621,53.891987,61.169998,63.318256,67.307121,58.71785,55.087635,62.568611,54.231987,54.39806
========================================================
Test11 (DAC Calibration) results 2008-04-24 16:19:01
Board ID367 30 channels
Linux calibration software
Calibration DAC Range: [1100 - 2700]

A:
0.746129,0.742942,0.742115,0.740535,0.745643,0.740809,0.746338,0.739098,0.739782,0.745712
0.742666,0.746896,0.748153,0.744879,0.73985,0.750399,0.748153,0.745365,0.747664,0.747664
0.741427,0.74129,0.7357,0.734484,0.748643,0.749064,0.748363,0.748923,0.743287,0.741084


B:
66.4616,75.0372,75.8813,68.2866,67.8814,71.164,71.6952,68.0709,70.8157,59.7317
71.7044,65.2508,69.0452,69.8324,74.5676,62.1985,63.8081,61.4089,62.243,60
71.6404,68.421,76.4944,75.2481,70.7654,66.2921,68.7558,68.7323,71.7366,66.188


========================================================
Test11 (DAC Calibration) results 2008-04-28 11:27:52
Board ID367 30 channels
Linux calibration software
Calibration DAC Range: [1100 - 2700]

A:
0.746199,0.742804,0.741977,0.740604,0.745573,0.740878,0.746408,0.739235,0.740878,0.745851
0.742942,0.747035,0.748223,0.744948,0.739919,1.00528,0.748363,0.745226,0.747664,0.747384
0.741427,0.741015,0.7357,0.734956,0.748713,0.749134,0.748293,0.748923,0.743218,0.741152


B:
66.5143,75.5246,76.3679,68.3391,68.1267,71.217,71.7487,67.5844,74.6249,59.5376
71.4711,65.0573,68.9487,69.7364,74.4727,1086.53,63.5173,61.9003,62.243,60.9866
71.6404,69.3961,76.4944,74.7358,70.5195,66.1953,69.1519,69.0318,71.9807,66.0923


========================================================
Test11 (DAC Calibration) results 2008-04-28 15:06:44
Board ID367 30 channels
Linux calibration software
Calibration DAC Range: [1100 - 2700]

A:
0.747175,0.742459,0.742184,0.74129,0.744602,0.741427,0.747105,0.73944,0.749555,0.746896
0.741702,0.747664,0.748783,0.744948,0.739919,0.750892,0.748083,0.745434,0.748013,0.747943
0.741084,0.741152,0.735565,0.735497,0.748713,0.749344,0.747733,0.749695,0.74384,0.741084


B:
64.8639,77.3364,75.7863,66.642,71.1095,70.4541,70.4894,67.298,63.6654,57.0349
74.8193,63.5888,68.3264,70.1832,74.7686,61.6669,65.4013,62.0573,62.2067,60.2095
73.8952,69.2051,76.6825,73.9818,70.6692,66.3547,71.4178,67.9695,70.9716,65.8916


========================================================
Test11 (ADC Calibration) results 2008-06-19 12:56:33
Board ID367 30 channels
Linux calibration software

Calibration DAC Range: [1000 - 3500]

A:
0.7344,0.7312,0.7296,0.7284,0.7332,0.7288,0.7348,0.7272,0.7376,0.734
0.7304,0.7432,0.7364,0.7328,0.77,0.7392,0.7364,0.7336,0.7352,0.7352
0.73,0.7288,0.7244,0.7192,0.7364,0.7364,0.7352,0.7376,0.7312,0.7292


B:
67.6001,75.8001,78.4,70.6,69.7999,71.2,73.2001,67.8001,65.3999,60.9999
73.5999,56.8,69.6,72.2,60.0001,62.8,63.6,62.3999,63.8,62.8
71.9999,70.2,76.6001,75.7999,72.6,69.6,72.8,68.3999,73.8001,67.8


========================================================
Test11 (ADC Calibration) results 2008-07-06 15:42:17
Board ID367 30 channels
Linux calibration software

Calibration DAC Range: [1000 - 3500]

A:
0.7344,0.7308,0.73,0.7284,0.7336,0.7288,0.7348,0.7276,0.7376,0.7344
0.7308,0.7356,0.7364,0.7324,0.774,0.7396,0.7364,0.7328,0.7356,0.7352
0.73,0.7288,0.724,0.72,0.7372,0.7372,0.7352,0.7372,0.7316,0.7296


B:
67.6001,77.2001,77.9999,69.6,69.3999,71.2,73.2001,67.4001,66.3999,59.6001
73.2001,65.4,69.6,72.6,57,62.4,63.6,65.2,62.4,62.8
72.9999,70.2,78.0001,74.9999,70.7999,67.7999,72.8,69.7999,73.4,66.4


========================================================
Test11 (ADC Calibration) results 2008-07-17 10:58:43
Board ID367 30 channels
Linux calibration software

Calibration DAC Range: [1000 - 3500]

A:
0.7336,0.7308,0.7292,0.7284,0.7332,0.728,0.7344,0.726,0.7368,0.7332
0.7304,0.7348,0.7356,0.7324,0.7916,0.7388,0.736,0.732,0.7356,0.7348
0.73,0.7288,0.724,0.7192,0.7364,0.7368,0.7352,0.7376,0.7312,0.7292


B:
68.3999,76.2001,78.8,69.6,69.7999,73.0001,73.6001,70,67.2,61.8
73.5999,66.2001,70.4,72.6,51.4,63.2,64,66,62.4,63.2001
71.9999,69.2,77.0001,76.7999,72.6,68.2,71.8,68.3999,72.8001,66.8


========================================================
Test11 (ADC Calibration) results 2008-07-20 18:37:46
Board ID367 30 channels
Linux calibration software

Calibration DAC Range: [1000 - 3500]

A:
0.734,0.7304,0.7296,0.7284,0.7332,0.7284,0.7344,0.7264,0.7368,0.7336
0.73,0.7352,0.7356,0.7324,0.7948,0.7392,0.736,0.732,0.7352,0.7352
0.7292,0.7284,0.7244,0.72,0.736,0.7368,0.7352,0.7368,0.7312,0.7292


B:
67.9999,77.5999,78.4,70.6,69.7999,71.6,73.6001,69.5999,67.2,61.3999
73.9999,65.8,70.4,72.6,49.2001,62.8,64,66,63.8,62.8
73.8,70.6,76.6001,74.9999,74,68.2,71.8,70.2,72.8001,66.8


========================================================
Test11 (ADC Calibration) results 2008-07-24 23:03:59
Board ID367 30 channels
Linux calibration software

Calibration DAC Range: [1000 - 3500]

A:
0.7344,0.7308,0.7292,0.7284,0.7332,0.7284,0.734,0.7268,0.7368,0.7336
0.7304,0.7356,0.736,0.7328,0.7956,0.7396,0.7364,0.7332,0.7348,0.7356
0.7296,0.7288,0.724,0.72,0.7364,0.7368,0.7352,0.7364,0.7312,0.7288


B:
67.6001,77.2001,79.8,70.6,69.7999,72.6,74.9999,69.1999,68.2,61.3999
73.5999,65.4,70,72.2,54.4,62.4,64.6,63.8,64.2001,62.4
73.4,70.2,78.0001,75.9999,72.6,68.2,72.8,71.6,73.8001,68.2


========================================================
Test11 (ADC Calibration) results 2008-08-12 23:20:39
Board ID367 30 channels
Linux calibration software

Calibration DAC Range: [1000 - 3500]

A:
0.7332,0.7304,0.7292,0.7284,0.7332,0.728,0.7344,0.726,0.7376,0.7336
0.7304,0.7352,0.7356,0.7324,0.7776,0.7384,0.7356,0.7328,0.7344,0.7348
0.7296,0.7284,0.7236,0.7196,0.7364,0.7368,0.7348,0.7372,0.7312,0.7292


B:
69.7999,76.5999,78.8,69.6,69.7999,72.0001,73.6001,69,65.3999,61.3999
73.5999,65.8,69.4,71.6,48.4,64.6001,65.4,64.2,64.6001,63.2001
72.4,69.6,78.4001,76.3999,71.6,68.2,72.2001,69.7999,73.8001,66.8


========================================================
Test11 (ADC Calibration) results 2008-08-13 01:14:42
Board ID367 30 channels
Linux calibration software

Calibration DAC Range: [1000 - 3500]

A:
0.7336,0.7304,0.7292,0.7284,0.7332,0.728,0.7344,0.7256,0.7372,0.7336
0.7308,0.7352,0.7356,0.7324,0.7776,0.7384,0.736,0.7328,0.7344,0.7348
0.7296,0.7284,0.724,0.72,0.7364,0.7364,0.7348,0.7368,0.7312,0.7288


B:
69.3999,76.5999,78.8,69.6,69.7999,72.0001,73.6001,70.4,65.7999,61.3999
72.2001,65.8,69.4,72.6,48.4,64.6001,64,64.2,64.6001,63.2001
72.4,69.6,78.0001,74.9999,71.6,69.6,72.2001,70.2,73.8001,68.2


========================================================
Test11 (DAC Calibration) results 2008-08-27 10:33:10
Board ID367 30 channels
Linux calibration (server mode)

Calibration DAC Range: [3100 - 3500]

A:
0.753429,0.752286,0.751714,0.748286,0.753143,0.748571,0.754857,0.745714,0.756,0.751143
0.750857,0.753429,0.755429,0.752571,0.832,0.756857,0.754286,0.751143,0.752857,0.752857
0.750286,0.748286,0.746286,0.741429,0.756857,0.755714,0.755429,0.756857,0.752286,0.748286


B:
0.0,0.0,0.0,0.0,0.0,0.0,0.0,0.0,0.0,0.0
0.0,0.0,0.0,0.0,0.0,0.0,0.0,0.0,0.0,0.0
0.0,0.0,0.0,0.0,0.0,0.0,0.0,0.0,0.0,0.0


========================================================
Test11 (ADC Calibration) results 2008-08-27 13:08:29
Board ID367 30 channels
Linux calibration software

Calibration DAC Range: [1000 - 3500]

A:
0.7336,0.7304,0.7292,0.7284,0.7328,0.7276,0.7344,0.7264,0.7372,0.7336
0.7296,0.7348,0.7356,0.7324,0.842,0.7384,0.7356,0.7324,0.7344,0.7348
0.7296,0.7284,0.7244,0.7204,0.7364,0.7368,0.7344,0.7368,0.7304,0.7292


B:
68.3999,76.5999,78.8,69.6,70.2,73.4001,72.6001,67.5999,65.7999,61.3999
75.4,66.2001,69.4,71.6,3.99997,63.6001,64.4,64.6,64.6001,63.2001
72.4,70.6,75.6001,75.6001,71.6,67.2,73.6001,70.2,75.5999,66.8


========================================================
Test11 (DAC Calibration) results 2008-08-28 18:58:23
Board ID367 30 channels
Linux calibration (server mode)

Calibration DAC Range: [3100 - 3500]

A:
0.745,0.7375,0.7375,0.735,0.745,0.7425,0.7425,0.73,0.74,0.7375
0.7325,0.7475,0.74,0.745,0.8675,0.745,0.74,0.7425,0.745,0.74
0.74,0.735,0.73,0.7325,0.745,0.74,0.7425,0.7425,0.735,0.735


B:
61.5,82.7,80.7,78.5,60.5,54.2,76.2,86.0,87.0,78.7
96.2,54.7,85.0,60.5,69.7,74.5,81.0,61.2,60.5,77.0
68.0,80.5,87.0,67.2,72.5,87.0,77.2,82.2,90.5,78.5


========================================================
Test11 (DAC Calibration) results 2008-08-30 18:22:59
Board ID367 30 channels
Linux calibration (server mode)

Calibration DAC Range: [3100 - 3500]

A:
0.745,0.7425,0.74,0.7375,0.7425,0.74,0.745,0.7325,0.745,0.74
0.74,0.745,0.745,0.745,0.8425,0.745,0.7425,0.7425,0.745,0.7425
0.7375,0.735,0.7325,0.7325,0.745,0.74,0.745,0.7425,0.7425,0.735


B:
64.5,69.2,76.0,72.7,71.2,66.0,70.5,80.2,73.5,73.0
74.0,65.5,71.5,62.5,100.3,76.5,75.2,64.2,63.5,71.2
79.7,82.5,81.2,68.2,76.5,90.0,71.5,84.2,69.2,80.5


========================================================
Test11 (DAC Calibration) results 2008-08-30 21:24:21
Board ID367 30 channels
Linux calibration (server mode)

Calibration DAC Range: [3100 - 3500]

A:
0.7275,0.72,0.72,0.7225,0.725,0.72,0.7225,0.71,0.725,0.72
0.7175,0.725,0.72,0.7225,0.845,0.725,0.72,0.7175,0.725,0.7225
0.715,0.7175,0.71,0.7075,0.73,0.725,0.7225,0.72,0.72,0.7125


B:
53.7,76.0,73.0,54.2,60.5,64.0,77.2,87.0,71.5,71.0
80.8,63.5,85.0,69.2,91.5,74.5,81.0,78.8,59.5,69.2
85.5,72.8,89.0,84.8,57.0,71.5,78.2,90.0,74.0,87.3


========================================================
Test11 (DAC Calibration) results 2008-08-30 21:52:04
Board ID367 30 channels
Linux calibration (server mode)

Calibration DAC Range: [3100 - 3500]

A:
0.7475,0.7375,0.74,0.735,0.7425,0.735,0.745,0.7375,0.74,0.7425
0.7375,0.745,0.745,0.7425,0.8675,0.745,0.745,0.7425,0.745,0.745
0.7375,0.735,0.7325,0.7325,0.745,0.7425,0.7425,0.7475,0.7425,0.7375


B:
55.7,86.7,76.0,81.5,71.2,81.5,71.5,64.7,91.0,65.2
82.7,65.5,71.5,71.2,77.7,77.5,67.5,65.2,62.5,62.5
79.7,82.5,82.2,70.2,77.5,81.2,80.2,67.7,69.2,72.7


========================================================
Test11 (DAC Calibration) results 2008-08-31 12:06:22
Board ID367 30 channels
Linux calibration (server mode)

Calibration DAC Range: [3100 - 3500]

A:
0.7425,0.7425,0.74,0.735,0.7475,0.735,0.745,0.7375,0.74,0.7425
0.7425,0.745,0.745,0.7425,0.87,0.745,0.745,0.7375,0.745,0.74
0.7375,0.735,0.7325,0.7325,0.745,0.7425,0.7475,0.7425,0.7375,0.7375


B:
72.2,70.2,76.0,81.5,54.7,81.5,71.5,63.7,91.0,66.2
66.2,65.5,71.5,72.2,77.0,77.5,67.5,81.7,62.5,80.0
80.7,82.5,81.2,71.2,77.5,82.2,63.7,84.2,85.7,71.7


========================================================
Test11 (ADC Calibration) results 2009-01-23 11:27:29
Board ID367 30 channels
Host: ufcmshv3
Linux calibration software

Calibration DAC Range: [1000 - 3500]

A:
0.7448,0.754,0.7496,0.752,0.7552,0.752,0.7572,0.7536,0.748,0.76
0.7576,0.7536,0.7504,0.758,0.7556,0.75,0.7532,0.7672,0.7612,0.7592
0.7596,0.7596,0.7492,0.762,0.8168,0.7624,0.7648,0.7532,0.7536,0.7624


B:
67.2001,76,76.4,69.0001,68.7999,71.0001,73.8,68.4,64.9999,59
71.4,65.4,68.6,69.9999,74.4001,62,62.8,62.8,61.8,61.8001
70.4001,68.4001,74.8,74.9999,62.2,66.6001,71.2,68.8,72.4,65.6001


========================================================
Test11 (ADC Calibration) results 2009-01-26 11:48:58
Board ID367 30 channels
Host: ufcmshv3
Linux calibration software

Calibration DAC Range: [1000 - 3500]

A:
0.7452,0.7536,0.7492,0.752,0.756,0.752,0.758,0.754,0.748,0.7596
0.7572,0.754,0.7504,0.7576,0.756,0.75,0.7536,0.7676,0.7612,0.7596
0.7592,0.746,0.7496,0.762,0.8164,0.762,0.7648,0.7536,0.7544,0.7628


B:
66.8001,77.4,76.8,69.0001,68.0001,71.0001,71.9999,68,65.9999,60.4001
72.8,64,69.6,72.4,74.0001,62,62.4,61.4,61.8,61.4001
71.8001,69,75.4,75.9999,64.6,67.9999,72.2,68.4,70.5999,65.2001


