========================================================

Test11 results 03-21-2006  16:32:03
Board ID419  30 channels
HV Tests Software Ver.1.6

+5V 2510 - O'k
-5V 1325 - O'k
Interlock - On
Calibration DAC Range: [2500 - 2900]


A:
Limits 0.76 +/- 0.04
0.750469,0.743494,0.743494,0.749064,0.747664,0.749064,0.747664,0.756144,0.754717,0.753296
0.747664,0.742115,0.742115,0.75188,0.754717,0.747664,0.746269,0.749064,0.749064,0.743494
0.753296,0.747664,0.742115,0.749064,0.753296,0.747664,0.750469,0.75188,0.754717,0.749064


B:
Limits 60.0 +/- 40.0
58.678085,62.747486,69.064102,51.288185,51.487091,63.10331,57.422035,53.818295,45.059841,59.160961
61.632568,66.543434,54.88755,54.699093,55.515877,59.768158,65.31118,59.142563,62.208858,61.350349
59.784416,57.582481,60.603432,48.909504,50.524361,59.28371,47.648792,56.866436,58.664829,54.449394
========================================================
Test11 (DAC Calibration) results 2008-06-04 05:44:01
Board ID419 30 channels
Linux calibration software
Calibration DAC Range: [1100 - 2700]

A:
0.749695,0.743494,0.762195,0.748293,0.745157,0.747803,0.747035,0.755715,0.752941,0.753296
0.747314,0.743011,0.741152,0.749064,0.752233,0.747314,0.746965,0.748643,0.749274,0.743564
0.753864,0.747035,0.74384,0.746756,0.751738,0.746617,0.746756,0.750751,0.75429,0.748363


B:
61.8216,61.4869,49.6952,53.8864,60.5066,65.0403,58.6329,58.6245,51.9058,60.452
62.8771,64.5398,57.7915,64.1947,62.6704,57.4965,63.0625,60.2844,59.7076,62.4313
58.462,59.3799,53.4169,54.9893,56.8877,62.9491,61.4113,61.2615,61.3426,55.884


========================================================
Test11 (DAC Calibration) results 2008-06-05 05:12:58
Board ID419 30 channels
Linux calibration software
Calibration DAC Range: [1100 - 2700]

A:
0.749766,0.743425,0.753296,0.748223,0.745226,0.747943,0.747105,0.755715,0.7528,0.753296
0.747105,0.742942,0.741015,0.749134,0.752233,0.746965,0.746826,0.748783,0.749204,0.743425
0.753935,0.746756,0.743909,0.757576,0.75188,0.746617,0.746965,0.750821,0.75429,0.748573


B:
61.8744,61.8811,53.6723,53.9842,60.4098,64.8467,58.5357,58.7756,52.1031,60.452
63.7654,64.636,58.2808,63.9479,62.6704,58.2819,63.4054,60.0898,60.105,62.9216
58.2131,59.7685,53.1709,48.1819,56.391,62.9491,60.971,61.1636,61.3426,55.2914


========================================================
Test11 (DAC Calibration) results 2008-06-05 08:36:54
Board ID419 30 channels
Linux calibration software
Calibration DAC Range: [1100 - 2700]

A:
0.749625,0.743356,0.75061,0.748153,0.745087,0.747803,0.747035,0.755501,0.752941,0.753296
0.746965,0.742873,0.741015,0.749064,0.752304,0.747105,0.746756,0.748643,0.749134,0.743564
0.753792,0.746617,0.743978,0.757576,0.751456,0.746617,0.746965,0.750821,0.754148,0.748503


B:
62.0689,61.8285,58.9042,54.0821,60.6036,65.0403,58.6329,59.0707,51.9058,60.452
63.9589,64.8805,58.2808,64.0449,62.4225,57.7886,63.5023,60.2844,60.2022,62.4313
58.5605,59.9626,52.9249,48.0303,57.8808,62.9491,60.971,60.8634,61.5385,55.2395


