========================================================

Test10 results 07-05-2005  12:50:16
Board ID329  30 channels
HV Tests Software Ver.1.6

+5V 2482 - O'k
-5V 1318 - O'k
Interlock - On

Voltmeter channel: A=1.091107, B=4.36438

A:
Limits 1.1 +/- 0.1
1.086366,1.085776,1.073537,1.079331,1.077586,1.071811,1.072386,1.072961,1.070091,1.078749
1.078749,1.079914,1.072386,1.079914,1.082837,1.072386,1.072961,1.084599,1.077006,1.078749
1.073537,1.077586,1.080497,1.082837,1.076426,1.077006,1.076426,1.079331,1.081081,1.080497


B:
Limits 0.0 +/- 30.0
3.259275,6.514662,8.588134,5.396702,7.543225,12.861896,6.434438,7.51089,8.560535,5.393553
11.866045,3.239707,8.57921,6.479447,9.745708,6.434438,4.292006,6.507732,9.692835,7.55105
8.588134,7.543225,6.48299,5.41436,7.534973,12.923853,9.687826,10.793356,1.08126,4.321996
========================================================
Test10 (ADC Calibration) results 2008-01-29 11:47:03
Board ID329 30 channels
Linux calibration software

Voltmeter channel: A=1.08705, B=-1268.21

A:
1.08463,1.08514,1.07365,1.07843,1.07708,1.07258,1.07198,1.07244,1.07003,1.07809
1.07863,1.07843,1.07167,1.07964,1.08131,1.07113,1.07204,1.08337,1.07692,1.07698
1.07315,1.07748,1.07748,1.08162,1.07587,1.07738,1.07597,1.07859,1.07905,1.07899


B:
2.3289,1.67792,2.12467,2.09128,5.33999,5.95145,3.79897,4.27246,3.29768,3.89415
7.55484,1.25629,5.24293,3.98503,8.12323,4.89141,1.78836,3.89053,5.47137,7.46893
4.64285,3.02404,1.05654,4.17911,3.83947,7.18517,5.91054,8.48407,1.04875,3.28987


