========================================================

Test11 results 07-05-2005  12:51:32
Board ID329  30 channels
HV Tests Software Ver.1.6

+5V 2487 - O'k
-5V 1318 - O'k
Interlock - On
Calibration DAC Range: [2500 - 2900]


A:
Limits 0.76 +/- 0.04
0.744879,0.742115,0.750469,0.746269,0.749064,0.753296,0.75188,0.749064,0.753296,0.747664
0.747664,0.744879,0.75188,0.747664,0.744879,0.749064,0.75188,0.746269,0.749064,0.746269
0.750469,0.749064,0.747664,0.746269,0.747664,0.749064,0.747664,0.747664,0.747664,0.744879


B:
Limits 60.0 +/- 30.0
52.171024,66.030693,61.672081,67.077377,56.384781,51.525013,60.908707,69.310883,60.933853,59.362381
57.749321,69.218857,57.773796,56.3741,59.066429,72.435333,61.714554,52.449162,56.220371,65.386063
63.194824,57.999947,57.989902,70.88633,66.367165,57.75087,65.562004,56.942879,59.605518,68.57473
========================================================
Test11 (DAC Calibration) results 2008-01-29 11:47:03
Board ID329 30 channels
Linux calibration software
Calibration DAC Range: [1100 - 2700]

A:
0.743149,0.742804,0.750751,0.747803,0.748363,0.75188,0.752304,0.751597,0.753296,0.747664
0.747664,0.747803,0.752516,0.746965,0.745434,0.752516,0.75188,0.744394,0.748853,0.748433
0.751103,0.748083,0.748083,0.748994,0.749204,0.748153,0.749134,0.747314,0.746617,0.747035


B:
63.307,69.4336,66.6669,66.9847,64.2657,61.6542,64.0776,65.0508,64.9718,63.7383
62.0935,65.1896,61.377,63.9589,62.2066,66.1931,66.9173,64.8459,62.8383,62.672
65.5806,65.9998,69.8898,66.3888,66.9974,65.3044,65.4461,62.7277,70.4153,65.8043


