#
# A fatal error has been detected by the Java Runtime Environment:
#
#  EXCEPTION_ACCESS_VIOLATION (0xc0000005) at pc=0x0000000059bdc789, pid=11708, tid=11028
#
# JRE version: Java(TM) SE Runtime Environment (7.0_45-b18) (build 1.7.0_45-b18)
# Java VM: Java HotSpot(TM) 64-Bit Server VM (24.45-b08 mixed mode windows-amd64 compressed oops)
# Problematic frame:
# V  [jvm.dll+0x1cc789]
#
# Failed to write core dump. Minidumps are not enabled by default on client versions of Windows
#
# If you would like to submit a bug report, please visit:
#   http://bugreport.sun.com/bugreport/crash.jsp
#

---------------  T H R E A D  ---------------

Current thread (0x0000000010c03800):  JavaThread "AWT-EventQueue-0" [_thread_in_vm, id=11028, stack(0x0000000013530000,0x0000000013630000)]

siginfo: ExceptionCode=0xc0000005, reading address 0x0000000000000001

Registers:
RAX=0x0000000000000001, RBX=0x00000007af08a620, RCX=0x000000000f89aca0, RDX=0x00000007af08a620
RSP=0x000000001362d150, RBP=0x0000000000000000, RSI=0x000000001362d2e0, RDI=0x000000000f89aca0
R8 =0x0000000000000000, R9 =0x000004d201b80027, R10=0x0000000002482ac4, R11=0x0000000010a157d8
R12=0x0000000000000000, R13=0x00000006fc46eda8, R14=0x000000001362d2e0, R15=0x0000000010c03800
RIP=0x0000000059bdc789, EFLAGS=0x0000000000010202

Top of Stack: (sp=0x000000001362d150)
0x000000001362d150:   0000000010c03800 000000005b58f377
0x000000001362d160:   000000005b62af50 0000000059b2fdcf
0x000000001362d170:   00000007af08a620 0000000059bdc8c1
0x000000001362d180:   000000001362d2e0 00000000021ecbd0
0x000000001362d190:   000000001362d2b8 0000000059b2ec79
0x000000001362d1a0:   0000000010c03800 0000000059b28c72
0x000000001362d1b0:   0000000010a157d8 0000000010a157d8
0x000000001362d1c0:   0000000010c039e8 000000005b5a270b
0x000000001362d1d0:   0000000010c03800 0000000000000000
0x000000001362d1e0:   00000006fc46f0f8 fffffffffffffffe
0x000000001362d1f0:   000000001362d2e0 000000005b56a00b
0x000000001362d200:   0000000010c039e8 000000001362d2b8
0x000000001362d210:   000000001362d2d8 000000001362d218
0x000000001362d220:   fffffffffffffffe 000000001362d280
0x000000001362d230:   00000000024760f8 0000000002482af0
0x000000001362d240:   00000006fc46eda8 00000000df8d5cb5 

Instructions: (pc=0x0000000059bdc789)
0x0000000059bdc769:   10 01 00 00 48 85 db 75 08 48 8b dd e9 06 ff ff
0x0000000059bdc779:   ff 48 8b 1b e9 fe fe ff ff 48 8b 87 20 01 00 00
0x0000000059bdc789:   48 8b 08 48 89 8f 20 01 00 00 eb 16 48 63 88 00
0x0000000059bdc799:   01 00 00 48 8b d0 48 8d 04 c8 ff c1 89 8a 00 01 


Register to memory mapping:

RAX=0x0000000000000001 is an unknown value
RBX=0x00000007af08a620 is an oop
sun.awt.windows.WFramePeer 
 - klass: 'sun/awt/windows/WFramePeer'
RCX=0x000000000f89aca0 is a global jni handle
RDX=0x00000007af08a620 is an oop
sun.awt.windows.WFramePeer 
 - klass: 'sun/awt/windows/WFramePeer'
RSP=0x000000001362d150 is pointing into the stack for thread: 0x0000000010c03800
RBP=0x0000000000000000 is an unknown value
RSI=0x000000001362d2e0 is pointing into the stack for thread: 0x0000000010c03800
RDI=0x000000000f89aca0 is a global jni handle
R8 =0x0000000000000000 is an unknown value
R9 =0x000004d201b80027 is an unknown value
R10=0x0000000002482ac4 is at code_begin+644 in an Interpreter codelet
method entry point (kind = native)  [0x0000000002482840, 0x00000000024830e0]  2208 bytes
R11=0x0000000010a157d8 is an unknown value
R12=0x0000000000000000 is an unknown value
R13=0x00000006fc46eda8 is an oop
{method} 
 - klass: {other class}
R14=0x000000001362d2e0 is pointing into the stack for thread: 0x0000000010c03800
R15=0x0000000010c03800 is a thread


Stack: [0x0000000013530000,0x0000000013630000],  sp=0x000000001362d150,  free space=1012k
Native frames: (J=compiled Java code, j=interpreted, Vv=VM code, C=native code)
V  [jvm.dll+0x1cc789]

[error occurred during error reporting (printing native stack), id 0xc0000005]

Java frames: (J=compiled Java code, j=interpreted, Vv=VM code)
j  sun.awt.windows.WComponentPeer.nativeHandleEvent(Ljava/awt/AWTEvent;)V+0
j  sun.awt.windows.WComponentPeer.handleEvent(Ljava/awt/AWTEvent;)V+169
j  java.awt.Component.dispatchEventImpl(Ljava/awt/AWTEvent;)V+869
j  java.awt.Container.dispatchEventImpl(Ljava/awt/AWTEvent;)V+42
j  java.awt.Component.dispatchEvent(Ljava/awt/AWTEvent;)V+2
j  java.awt.KeyboardFocusManager.redispatchEvent(Ljava/awt/Component;Ljava/awt/AWTEvent;)V+7
j  java.awt.DefaultKeyboardFocusManager.typeAheadAssertions(Ljava/awt/Component;Ljava/awt/AWTEvent;)Z+311
j  java.awt.DefaultKeyboardFocusManager.dispatchEvent(Ljava/awt/AWTEvent;)Z+1214
j  java.awt.Component.dispatchEventImpl(Ljava/awt/AWTEvent;)V+144
j  java.awt.Container.dispatchEventImpl(Ljava/awt/AWTEvent;)V+42
j  java.awt.Component.dispatchEvent(Ljava/awt/AWTEvent;)V+2
j  java.awt.KeyboardFocusManager.dispatchAndCatchException(Ljava/lang/Throwable;Ljava/awt/Component;Ljava/awt/event/FocusEvent;)Ljava/lang/Throwable;+4
j  java.awt.KeyboardFocusManager.processCurrentLightweightRequests()V+240
j  java.awt.KeyboardFocusManager.retargetFocusEvent(Ljava/awt/AWTEvent;)Ljava/awt/AWTEvent;+188
j  java.awt.Component.dispatchEventImpl(Ljava/awt/AWTEvent;)V+131
j  java.awt.Container.dispatchEventImpl(Ljava/awt/AWTEvent;)V+42
j  java.awt.Component.dispatchEvent(Ljava/awt/AWTEvent;)V+2
j  java.awt.EventQueue.dispatchEventImpl(Ljava/awt/AWTEvent;Ljava/lang/Object;)V+41
j  java.awt.EventQueue.access$200(Ljava/awt/EventQueue;Ljava/awt/AWTEvent;Ljava/lang/Object;)V+3
j  java.awt.EventQueue$3.run()Ljava/lang/Void;+12
j  java.awt.EventQueue$3.run()Ljava/lang/Object;+1
v  ~StubRoutines::call_stub
j  java.security.AccessController.doPrivileged(Ljava/security/PrivilegedAction;Ljava/security/AccessControlContext;)Ljava/lang/Object;+0
j  java.security.ProtectionDomain$1.doIntersectionPrivilege(Ljava/security/PrivilegedAction;Ljava/security/AccessControlContext;Ljava/security/AccessControlContext;)Ljava/lang/Object;+28
j  java.security.ProtectionDomain$1.doIntersectionPrivilege(Ljava/security/PrivilegedAction;Ljava/security/AccessControlContext;)Ljava/lang/Object;+6
j  java.awt.EventQueue$4.run()Ljava/lang/Void;+11
j  java.awt.EventQueue$4.run()Ljava/lang/Object;+1
v  ~StubRoutines::call_stub
j  java.security.AccessController.doPrivileged(Ljava/security/PrivilegedAction;Ljava/security/AccessControlContext;)Ljava/lang/Object;+0
j  java.security.ProtectionDomain$1.doIntersectionPrivilege(Ljava/security/PrivilegedAction;Ljava/security/AccessControlContext;Ljava/security/AccessControlContext;)Ljava/lang/Object;+28
j  java.awt.EventQueue.dispatchEvent(Ljava/awt/AWTEvent;)V+73
j  java.awt.EventDispatchThread.pumpOneEventForFilters(I)V+245
j  java.awt.EventDispatchThread.pumpEventsForFilter(ILjava/awt/Conditional;Ljava/awt/EventFilter;)V+35
j  java.awt.EventDispatchThread.pumpEventsForHierarchy(ILjava/awt/Conditional;Ljava/awt/Component;)V+11
j  java.awt.EventDispatchThread.pumpEvents(ILjava/awt/Conditional;)V+4
j  java.awt.EventDispatchThread.pumpEvents(Ljava/awt/Conditional;)V+3
j  java.awt.EventDispatchThread.run()V+9
v  ~StubRoutines::call_stub

---------------  P R O C E S S  ---------------

Java Threads: ( => current thread )
  0x0000000010d4a800 JavaThread "TimerQueue" daemon [_thread_blocked, id=11940, stack(0x0000000018f10000,0x0000000019010000)]
  0x0000000010d0f800 JavaThread "D3D Screen Updater" daemon [_thread_blocked, id=6632, stack(0x0000000017910000,0x0000000017a10000)]
  0x00000000021ee800 JavaThread "DestroyJavaVM" [_thread_blocked, id=11240, stack(0x0000000002370000,0x0000000002470000)]
=>0x0000000010c03800 JavaThread "AWT-EventQueue-0" [_thread_in_vm, id=11028, stack(0x0000000013530000,0x0000000013630000)]
  0x0000000010c02800 JavaThread "AWT-Windows" daemon [_thread_in_native, id=10652, stack(0x0000000013140000,0x0000000013240000)]
  0x0000000010bff800 JavaThread "AWT-Shutdown" [_thread_blocked, id=7452, stack(0x0000000012e90000,0x0000000012f90000)]
  0x0000000010bff000 JavaThread "Java2D Disposer" daemon [_thread_blocked, id=7764, stack(0x0000000012d00000,0x0000000012e00000)]
  0x000000000f97e000 JavaThread "Service Thread" daemon [_thread_blocked, id=8512, stack(0x0000000012270000,0x0000000012370000)]
  0x000000000f97c000 JavaThread "C2 CompilerThread1" daemon [_thread_blocked, id=9276, stack(0x00000000120e0000,0x00000000121e0000)]
  0x000000000f975000 JavaThread "C2 CompilerThread0" daemon [_thread_blocked, id=8824, stack(0x0000000011f60000,0x0000000012060000)]
  0x000000000f974000 JavaThread "Attach Listener" daemon [_thread_blocked, id=8508, stack(0x0000000011ba0000,0x0000000011ca0000)]
  0x000000000f972800 JavaThread "Signal Dispatcher" daemon [_thread_blocked, id=6524, stack(0x0000000011960000,0x0000000011a60000)]
  0x000000000f966800 JavaThread "Finalizer" daemon [_thread_blocked, id=5112, stack(0x0000000011e00000,0x0000000011f00000)]
  0x000000000f960000 JavaThread "Reference Handler" daemon [_thread_blocked, id=12128, stack(0x0000000011cb0000,0x0000000011db0000)]

Other Threads:
  0x000000000f95c800 VMThread [stack: 0x0000000011a70000,0x0000000011b70000] [id=10704]
  0x000000000f97f000 WatcherThread [stack: 0x0000000012550000,0x0000000012650000] [id=3984]

VM state:not at safepoint (normal execution)

VM Mutex/Monitor currently owned by a thread:  ([mutex/lock_event])
[0x00000000021ecbd0] JNIGlobalHandle_lock - owner thread: 0x0000000010c03800

Heap
 PSYoungGen      total 76288K, used 9570K [0x00000007ab080000, 0x00000007b0580000, 0x0000000800000000)
  eden space 65536K, 9% used [0x00000007ab080000,0x00000007ab69d6e8,0x00000007af080000)
  from space 10752K, 30% used [0x00000007af080000,0x00000007af3bb470,0x00000007afb00000)
  to   space 10752K, 0% used [0x00000007afb00000,0x00000007afb00000,0x00000007b0580000)
 ParOldGen       total 173568K, used 8K [0x0000000701200000, 0x000000070bb80000, 0x00000007ab080000)
  object space 173568K, 0% used [0x0000000701200000,0x0000000701202000,0x000000070bb80000)
 PSPermGen       total 21504K, used 15928K [0x00000006fc000000, 0x00000006fd500000, 0x0000000701200000)
  object space 21504K, 74% used [0x00000006fc000000,0x00000006fcf8e0b0,0x00000006fd500000)

Card table byte_map: [0x0000000005530000,0x0000000005d60000] byte_map_base: 0x0000000001d50000

Polling page: 0x0000000000140000

Code Cache  [0x0000000002470000, 0x00000000026e0000, 0x0000000005470000)
 total_blobs=620 nmethods=116 adapters=457 free_code_cache=48444Kb largest_free_block=49578496

Compilation events (10 events):
Event: 45.372 Thread 0x000000000f97c000  111             javax.swing.MultiUIDefaults::get (67 bytes)
Event: 45.373 Thread 0x000000000f97c000 nmethod 111 0x0000000002521b90 code [0x0000000002521ce0, 0x0000000002521e38]
Event: 45.520 Thread 0x000000000f975000  112             java.lang.Class::getName (21 bytes)
Event: 45.521 Thread 0x000000000f975000 nmethod 112 0x0000000002521910 code [0x0000000002521a60, 0x0000000002521b08]
Event: 45.563 Thread 0x000000000f97c000  113             javax.swing.ArrayTable::get (83 bytes)
Event: 45.564 Thread 0x000000000f975000  114             java.awt.Component::isLightweight (8 bytes)
Event: 45.565 Thread 0x000000000f975000 nmethod 114 0x00000000025216d0 code [0x0000000002521800, 0x00000000025218b8]
Event: 45.568 Thread 0x000000000f97c000 nmethod 113 0x0000000002523650 code [0x00000000025237a0, 0x0000000002523988]
Event: 45.584 Thread 0x000000000f975000  116   !         javax.swing.UIManager::getLAFState (62 bytes)
Event: 45.585 Thread 0x000000000f975000 nmethod 116 0x0000000002522e10 code [0x0000000002522f80, 0x00000000025230b8]

GC Heap History (2 events):
Event: 45.399 GC heap before
{Heap before GC invocations=1 (full 0):
 PSYoungGen      total 76288K, used 65536K [0x00000007ab080000, 0x00000007b0580000, 0x0000000800000000)
  eden space 65536K, 100% used [0x00000007ab080000,0x00000007af080000,0x00000007af080000)
  from space 10752K, 0% used [0x00000007afb00000,0x00000007afb00000,0x00000007b0580000)
  to   space 10752K, 0% used [0x00000007af080000,0x00000007af080000,0x00000007afb00000)
 ParOldGen       total 173568K, used 0K [0x0000000701200000, 0x000000070bb80000, 0x00000007ab080000)
  object space 173568K, 0% used [0x0000000701200000,0x0000000701200000,0x000000070bb80000)
 PSPermGen       total 21504K, used 15899K [0x00000006fc000000, 0x00000006fd500000, 0x0000000701200000)
  object space 21504K, 73% used [0x00000006fc000000,0x00000006fcf86f40,0x00000006fd500000)
Event: 45.405 GC heap after
Heap after GC invocations=1 (full 0):
 PSYoungGen      total 76288K, used 3309K [0x00000007ab080000, 0x00000007b0580000, 0x0000000800000000)
  eden space 65536K, 0% used [0x00000007ab080000,0x00000007ab080000,0x00000007af080000)
  from space 10752K, 30% used [0x00000007af080000,0x00000007af3bb470,0x00000007afb00000)
  to   space 10752K, 0% used [0x00000007afb00000,0x00000007afb00000,0x00000007b0580000)
 ParOldGen       total 173568K, used 8K [0x0000000701200000, 0x000000070bb80000, 0x00000007ab080000)
  object space 173568K, 0% used [0x0000000701200000,0x0000000701202000,0x000000070bb80000)
 PSPermGen       total 21504K, used 15899K [0x00000006fc000000, 0x00000006fd500000, 0x0000000701200000)
  object space 21504K, 73% used [0x00000006fc000000,0x00000006fcf86f40,0x00000006fd500000)
}

Deoptimization events (10 events):
Event: 44.966 Thread 0x0000000010c03800 Uncommon trap: reason=class_check action=maybe_recompile pc=0x000000000250a37c method=javax.swing.ArrayTable.isArray()Z @ 4
Event: 45.125 Thread 0x0000000010c03800 Uncommon trap: reason=unreached action=reinterpret pc=0x0000000002511cb0 method=java.awt.Component.getFont_NoClientCode()Ljava/awt/Font; @ 17
Event: 45.290 Thread 0x0000000010c03800 Uncommon trap: reason=class_check action=maybe_recompile pc=0x00000000024d3538 method=java.util.Properties$LineReader.readLine()I @ 62
Event: 45.291 Thread 0x0000000010c03800 Uncommon trap: reason=class_check action=maybe_recompile pc=0x00000000024d3538 method=java.util.Properties$LineReader.readLine()I @ 62
Event: 45.344 Thread 0x0000000010c03800 Uncommon trap: reason=class_check action=maybe_recompile pc=0x00000000024d3538 method=java.util.Properties$LineReader.readLine()I @ 62
Event: 45.523 Thread 0x0000000010c03800 Uncommon trap: reason=bimorphic action=maybe_recompile pc=0x0000000002511024 method=javax.swing.ArrayTable.get(Ljava/lang/Object;)Ljava/lang/Object; @ 44
Event: 45.524 Thread 0x0000000010c03800 Uncommon trap: reason=class_check action=maybe_recompile pc=0x000000000250a37c method=javax.swing.ArrayTable.isArray()Z @ 4
Event: 45.525 Thread 0x0000000010c03800 Uncommon trap: reason=class_check action=maybe_recompile pc=0x000000000250a37c method=javax.swing.ArrayTable.isArray()Z @ 4
Event: 45.564 Thread 0x0000000010c03800 Uncommon trap: reason=bimorphic action=maybe_recompile pc=0x0000000002511024 method=javax.swing.ArrayTable.get(Ljava/lang/Object;)Ljava/lang/Object; @ 44
Event: 45.565 Thread 0x0000000010c03800 Uncommon trap: reason=bimorphic action=maybe_recompile pc=0x0000000002511024 method=javax.swing.ArrayTable.get(Ljava/lang/Object;)Ljava/lang/Object; @ 44

Internal exceptions (10 events):
Event: 45.369 Thread 0x0000000010c03800 Threw 0x00000007aecf83a0 at C:\re\jdk7u45\229\hotspot\src\share\vm\prims\jvm.cpp:1244
Event: 45.369 Thread 0x0000000010c03800 Threw 0x00000007aecf9ee8 at C:\re\jdk7u45\229\hotspot\src\share\vm\prims\jvm.cpp:1244
Event: 45.369 Thread 0x0000000010c03800 Threw 0x00000007aecfa590 at C:\re\jdk7u45\229\hotspot\src\share\vm\prims\jvm.cpp:1244
Event: 45.369 Thread 0x0000000010c03800 Threw 0x00000007aecfbe48 at C:\re\jdk7u45\229\hotspot\src\share\vm\prims\jvm.cpp:1244
Event: 45.498 Thread 0x0000000010c03800 Threw 0x00000007ab5d96d8 at C:\re\jdk7u45\229\hotspot\src\share\vm\prims\jvm.cpp:1244
Event: 45.516 Thread 0x0000000010c03800 Threw 0x00000007ab5debb0 at C:\re\jdk7u45\229\hotspot\src\share\vm\prims\jvm.cpp:1244
Event: 45.526 Thread 0x0000000010c03800 Threw 0x00000007ab5f6e28 at C:\re\jdk7u45\229\hotspot\src\share\vm\prims\jvm.cpp:1244
Event: 45.532 Thread 0x0000000010c03800 Threw 0x00000007ab5ffed0 at C:\re\jdk7u45\229\hotspot\src\share\vm\prims\jvm.cpp:1244
Event: 45.544 Thread 0x0000000010c03800 Threw 0x00000007ab6027e0 at C:\re\jdk7u45\229\hotspot\src\share\vm\prims\jvm.cpp:1244
Event: 45.562 Thread 0x0000000010c03800 Threw 0x00000007ab605f90 at C:\re\jdk7u45\229\hotspot\src\share\vm\prims\jvm.cpp:1244

Events (10 events):
Event: 45.562 loading class 0x0000000010d57500
Event: 45.562 loading class 0x0000000010d57500 done
Event: 45.564 Thread 0x0000000010c03800 Uncommon trap: trap_request=0xffffffc6 fr.pc=0x0000000002511024
Event: 45.564 Executing VM operation: RevokeBias
Event: 45.564 Executing VM operation: RevokeBias done
Event: 45.564 Thread 0x0000000010c03800 DEOPT PACKING pc=0x0000000002511024 sp=0x000000001362c630
Event: 45.564 Thread 0x0000000010c03800 DEOPT UNPACKING pc=0x00000000024a9064 sp=0x000000001362c578 mode 2
Event: 45.565 Thread 0x0000000010c03800 Uncommon trap: trap_request=0xffffffc6 fr.pc=0x0000000002511024
Event: 45.565 Thread 0x0000000010c03800 DEOPT PACKING pc=0x0000000002511024 sp=0x000000001362c600
Event: 45.565 Thread 0x0000000010c03800 DEOPT UNPACKING pc=0x00000000024a9064 sp=0x000000001362c548 mode 2


Dynamic libraries:
0x000000013ffd0000 - 0x0000000140003000 	C:\Program Files\Java\jdk1.7.0_45\bin\java.exe
0x0000000077590000 - 0x0000000077739000 	C:\Windows\SYSTEM32\ntdll.dll
0x0000000077470000 - 0x000000007758f000 	C:\Windows\system32\kernel32.dll
0x000007fefd620000 - 0x000007fefd68c000 	C:\Windows\system32\KERNELBASE.dll
0x000007fefe170000 - 0x000007fefe24b000 	C:\Windows\system32\ADVAPI32.dll
0x000007fefe580000 - 0x000007fefe61f000 	C:\Windows\system32\msvcrt.dll
0x000007fefe4e0000 - 0x000007fefe4ff000 	C:\Windows\SYSTEM32\sechost.dll
0x000007fefe3b0000 - 0x000007fefe4dd000 	C:\Windows\system32\RPCRT4.dll
0x0000000077370000 - 0x000000007746a000 	C:\Windows\system32\USER32.dll
0x000007feff750000 - 0x000007feff7b7000 	C:\Windows\system32\GDI32.dll
0x000007fefdc60000 - 0x000007fefdc6e000 	C:\Windows\system32\LPK.dll
0x000007fefd780000 - 0x000007fefd849000 	C:\Windows\system32\USP10.dll
0x000007fefbca0000 - 0x000007fefbe94000 	C:\Windows\WinSxS\amd64_microsoft.windows.common-controls_6595b64144ccf1df_6.0.7601.17514_none_fa396087175ac9ac\COMCTL32.dll
0x000007fefe500000 - 0x000007fefe571000 	C:\Windows\system32\SHLWAPI.dll
0x000007fefe620000 - 0x000007fefe64e000 	C:\Windows\system32\IMM32.DLL
0x000007fefdc80000 - 0x000007fefdd89000 	C:\Windows\system32\MSCTF.dll
0x0000000062710000 - 0x00000000627e2000 	C:\Program Files\Java\jdk1.7.0_45\jre\bin\msvcr100.dll
0x0000000059a10000 - 0x000000005a1d9000 	C:\Program Files\Java\jdk1.7.0_45\jre\bin\server\jvm.dll
0x000007feef840000 - 0x000007feef849000 	C:\Windows\system32\WSOCK32.dll
0x000007fefe120000 - 0x000007fefe16d000 	C:\Windows\system32\WS2_32.dll
0x000007fefdc70000 - 0x000007fefdc78000 	C:\Windows\system32\NSI.dll
0x000007feee1f0000 - 0x000007feee22b000 	C:\Windows\system32\WINMM.dll
0x0000000077750000 - 0x0000000077757000 	C:\Windows\system32\PSAPI.DLL
0x000000006e020000 - 0x000000006e02f000 	C:\Program Files\Java\jdk1.7.0_45\jre\bin\verify.dll
0x000000006cca0000 - 0x000000006ccc8000 	C:\Program Files\Java\jdk1.7.0_45\jre\bin\java.dll
0x000000006df50000 - 0x000000006df65000 	C:\Program Files\Java\jdk1.7.0_45\jre\bin\zip.dll
0x000007fefa570000 - 0x000007fefa5da000 	D:\dim\bin\jdim.dll
0x000007fef9e70000 - 0x000007fef9e85000 	C:\Windows\system32\NLAapi.dll
0x000007fef8c70000 - 0x000007fef8c85000 	C:\Windows\system32\napinsp.dll
0x000007fef8c90000 - 0x000007fef8ca9000 	C:\Windows\system32\pnrpnsp.dll
0x000007fefcb60000 - 0x000007fefcbb5000 	C:\Windows\System32\mswsock.dll
0x000007fefc9e0000 - 0x000007fefca3b000 	C:\Windows\system32\DNSAPI.dll
0x000007fef8c20000 - 0x000007fef8c2b000 	C:\Windows\System32\winrnr.dll
0x000007fef8c40000 - 0x000007fef8c6f000 	C:\Program Files\Common Files\Microsoft Shared\Windows Live\WLIDNSP.DLL
0x000007fef92b0000 - 0x000007fef92d7000 	C:\Windows\system32\IPHLPAPI.DLL
0x000007fef92a0000 - 0x000007fef92ab000 	C:\Windows\system32\WINNSI.DLL
0x000007fef9190000 - 0x000007fef91e3000 	C:\Windows\System32\fwpuclnt.dll
0x000007fef8c30000 - 0x000007fef8c38000 	C:\Windows\system32\rasadhlp.dll
0x000000005b4e0000 - 0x000000005b675000 	C:\Program Files\Java\jdk1.7.0_45\jre\bin\awt.dll
0x000007feff7c0000 - 0x000007feff897000 	C:\Windows\system32\OLEAUT32.dll
0x000007fefde30000 - 0x000007fefe033000 	C:\Windows\system32\ole32.dll
0x000007fefbc40000 - 0x000007fefbc96000 	C:\Windows\system32\uxtheme.dll
0x00000000062b0000 - 0x00000000062f1000 	C:\Program Files (x86)\ATI Technologies\HydraVision\HydraDMH64.dll
0x000007fefb300000 - 0x000007fefb318000 	C:\Windows\system32\dwmapi.dll
0x000007fefd220000 - 0x000007fefd22f000 	C:\Windows\system32\CRYPTBASE.dll
0x000007fefe9c0000 - 0x000007feff748000 	C:\Windows\system32\SHELL32.dll
0x000000006c700000 - 0x000000006c719000 	C:\Program Files\Java\jdk1.7.0_45\jre\bin\net.dll
0x000007fefcb50000 - 0x000007fefcb57000 	C:\Windows\System32\wship6.dll
0x000007fefc520000 - 0x000007fefc527000 	C:\Windows\System32\wshtcpip.dll
0x00000000626c0000 - 0x0000000062706000 	C:\Program Files\Java\jdk1.7.0_45\jre\bin\fontmanager.dll
0x000007feefa00000 - 0x000007feefbff000 	C:\Windows\system32\d3d9.dll
0x000007fefc450000 - 0x000007fefc45c000 	C:\Windows\system32\VERSION.dll
0x000007feef940000 - 0x000007feef947000 	C:\Windows\system32\d3d8thk.dll
0x000007fefd690000 - 0x000007fefd6ca000 	C:\Windows\system32\WINTRUST.dll
0x000007fefd400000 - 0x000007fefd56c000 	C:\Windows\system32\CRYPT32.dll
0x000007fefd3d0000 - 0x000007fefd3df000 	C:\Windows\system32\MSASN1.dll
0x000007feed6f0000 - 0x000007feed7fe000 	C:\Windows\system32\aticfx64.dll
0x000007fefa160000 - 0x000007fefa16f000 	C:\Windows\system32\atiu9p64.dll
0x000007fedaed0000 - 0x000007fedb5fd000 	C:\Windows\system32\atiumd64.dll
0x0000000064520000 - 0x000000006493e000 	C:\Windows\system32\atiumd6a.dll
0x000000006c580000 - 0x000000006c591000 	C:\Program Files\Java\jdk1.7.0_45\jre\bin\nio.dll
0x0000000062580000 - 0x00000000625c1000 	C:\Program Files\Java\jdk1.7.0_45\jre\bin\t2k.dll
0x000007fefe920000 - 0x000007fefe9b9000 	C:\Windows\system32\CLBCatQ.DLL
0x000007fefae30000 - 0x000007fefaf91000 	C:\Windows\system32\WindowsCodecs.dll
0x000007fefd1c0000 - 0x000007fefd217000 	C:\Windows\system32\apphelp.dll
0x000007fef1d00000 - 0x000007fef1d0f000 	C:\Windows\system32\AcSignIcon.dll
0x000000006d010000 - 0x000000006d573000 	C:\Windows\system32\mfc100u.dll
0x000007fef00b0000 - 0x000007fef00b7000 	C:\Windows\system32\MSIMG32.dll
0x000000006f610000 - 0x000000006f61d000 	C:\Windows\system32\MFC100ENU.DLL
0x000007feee0f0000 - 0x000007feee125000 	C:\Windows\system32\EhStorShell.dll
0x000007fefd850000 - 0x000007fefda27000 	C:\Windows\system32\SETUPAPI.dll
0x000007fefd730000 - 0x000007fefd766000 	C:\Windows\system32\CFGMGR32.dll
0x000007fefd3e0000 - 0x000007fefd3fa000 	C:\Windows\system32\DEVOBJ.dll
0x000007fefb510000 - 0x000007fefb63c000 	C:\Windows\system32\PROPSYS.dll
0x000007feece30000 - 0x000007feecef0000 	C:\Program Files (x86)\Google\Drive\googledrivesync64.dll
0x000000006cf30000 - 0x000000006d003000 	C:\Windows\WinSxS\amd64_microsoft.vc90.crt_1fc8b3b9a1e18e3b_9.0.30729.6161_none_08e61857a83bc251\MSVCP90.dll
0x000000006ce80000 - 0x000000006cf23000 	C:\Windows\WinSxS\amd64_microsoft.vc90.crt_1fc8b3b9a1e18e3b_9.0.30729.6161_none_08e61857a83bc251\MSVCR90.dll
0x000007feed080000 - 0x000007feed6ef000 	C:\PROGRA~1\MICROS~3\Office14\GROOVEEX.DLL
0x000000006ce50000 - 0x000000006ce7f000 	C:\Windows\WinSxS\amd64_microsoft.vc90.atl_1fc8b3b9a1e18e3b_9.0.30729.6161_none_0a1fd3a3a768b895\ATL90.DLL
0x000007feec450000 - 0x000007feec86a000 	C:\PROGRA~1\COMMON~1\MICROS~1\OFFICE14\Cultures\office.odf
0x000007feebbe0000 - 0x000007feec445000 	C:\PROGRA~1\MICROS~3\Office14\1033\GrooveIntlResource.dll
0x000007fef9a90000 - 0x000007fef9bb5000 	C:\Windows\system32\dbghelp.dll

VM Arguments:
jvm_args: -Dfile.encoding=UTF-8 
java_command: hvclient.HVClient
Launcher Type: SUN_STANDARD

Environment Variables:
JAVA_HOME=C:\Program Files (x86)\Java\jdk1.6.0_31
CLASSPATH=.;C:\Program Files (x86)\Java\jre7\lib\ext\QTJava.zip
PATH=C:\Program Files (x86)\AMD APP\bin\x86_64;C:\Program Files (x86)\AMD APP\bin\x86;C:\root\\bin;C:\Program Files\Common Files\Microsoft Shared\Windows Live;C:\Program Files (x86)\Common Files\Microsoft Shared\Windows Live;C:\Python32\;C:\Python32\Scripts;C:\Program Files (x86)\AMD APP\bin\x86_64;C:\Perl\site\bin;C:\Perl\bin;C:\Program Files (x86)\PHP\;C:\Windows\system32;C:\Windows;C:\Windows\System32\Wbem;C:\Windows\System32\WindowsPowerShell\v1.0\;C:\Program Files (x86)\Windows Live\Shared;C:\Program Files (x86)\ATI Technologies\ATI.ACE\Core-Static;C:\Program Files (x86)\Java\jdk1.6.0_31\bin;C:\Oracle\instantclient_11_2;C:\Program Files\VanDyke Software\Clients\;C:\Program Files\Microsoft\Web Platform Installer\;C:\Program Files (x86)\Microsoft ASP.NET\ASP.NET Web Pages\v1.0\;C:\Program Files\Microsoft SQL Server\110\Tools\Binn\;C:\Program Files (x86)\QuickTime\QTSystem\;C:\Program Files\Microsoft Network Monitor 3\;C:\Program Files (x86)\Windows Kits\8.1\Windows Performance Toolkit\;d:\dim\bin;0X0.000000P-1022PPDATA\Python\Scripts
USERNAME=barvic
OS=Windows_NT
PROCESSOR_IDENTIFIER=Intel64 Family 6 Model 30 Stepping 5, GenuineIntel



---------------  S Y S T E M  ---------------

OS: Windows 7 , 64 bit Build 7601 Service Pack 1

CPU:total 8 (4 cores per cpu, 2 threads per core) family 6 model 30 stepping 5, cmov, cx8, fxsr, mmx, sse, sse2, sse3, ssse3, sse4.1, sse4.2, popcnt, ht, tsc, tscinvbit

Memory: 4k page, physical 16701872k(7600444k free), swap 17519208k(7707248k free)

vm_info: Java HotSpot(TM) 64-Bit Server VM (24.45-b08) for windows-amd64 JRE (1.7.0_45-b18), built on Oct  8 2013 05:47:22 by "java_re" with unknown MS VC++:1600

time: Mon Jun 30 07:00:34 2014
elapsed time: 45 seconds

