========================================================

Test10 results 08-12-2005  23:20:10
Board ID260  30 channels
HV Tests Software Ver.1.6.1

+5V 2507 - O'k
-5V 1391 - O'k
Interlock - On

Voltmeter channel: A=1.085187, B=14.107427

A:
Limits 1.1 +/- 0.1
1.075847,1.072961,1.079914,1.079331,1.067806,1.077586,1.072961,1.066098,1.085187,1.078749
1.074114,1.077006,1.073537,1.075269,1.067806,1.072961,1.080497,1.069519,1.070664,1.078167
1.071237,1.076426,1.074114,1.084599,1.073537,1.080497,1.071237,1.079331,1.073537,1.071237


B:
Limits 0.0 +/- 30.0
5.379094,10.729774,7.559361,8.634694,16.017128,11.85357,8.583851,8.528736,6.511116,11.866045
11.81529,15.077866,9.661671,9.677243,8.542488,6.437928,8.643984,11.764822,8.565317,2.156464
6.42725,10.764252,9.667063,5.423133,7.514596,15.126966,19.282097,14.031348,11.808746,11.783437
========================================================
Test10 (ADC Calibration) results 2007-07-16 16:32:35
Board ID260 30 channels
Linux calibration software

Voltmeter channel: A=1.07553, B=-1588.02

A:
1.07431,1.07346,1.08035,1.07937,1.06864,1.07927,1.07277,1.06555,1.08557,1.07967
1.07438,1.07878,1.0731,1.0748,1.06726,1.07307,1.07913,1.06755,1.071,1.0777
1.0712,1.07691,1.07425,1.08412,1.07333,1.08075,1.07189,1.07927,1.07333,1.07126


B:
4.8012,4.7862,2.7372,2.42235,10.3614,5.39235,4.3601,4.45572,1.06955,4.91829
6.43116,6.03576,6.90765,6.2324,5.42895,3.7737,6.93028,7.57589,2.54556,-0.548289
2.15958,5.48147,5.75644,1.98452,3.23505,10.5425,14.117,10.5509,9.30838,7.50473


========================================================
Test10 (ADC Calibration) results 2007-09-10 10:44:02
Board ID260 30 channels
Linux calibration software

Voltmeter channel: A=1.07741, B=-1590.18

A:
1.07402,1.07346,1.07986,1.07864,1.06834,1.07937,1.07238,1.06598,1.08542,1.07941
1.07386,1.07858,1.07291,1.07484,1.06696,1.07326,1.07967,1.06821,1.07051,1.07779
1.0708,1.07681,1.07382,1.08392,1.07376,1.08099,1.07248,1.07868,1.07376,1.07087


B:
4.58749,4.65931,3.85979,4.72969,9.94682,6.34298,4.54646,3.96559,1.07233,4.85374
8.47107,6.3718,6.63852,5.18425,6.28142,3.5897,5.23695,7.78789,2.98804,-2.67702
2.27373,4.68701,6.59244,2.52488,2.74732,9.23331,13.4179,10.5218,8.74732,7.21581


========================================================
Test10 (ADC Calibration) results 2008-06-17 15:59:19
Board ID260 30 channels
Linux calibration software

Voltmeter channel: A=1.07, B=0

A:
1.09118,1.08991,1.09674,1.09537,1.08595,1.09774,1.08901,1.08166,1.10133,1.09646
1.09046,1.09564,1.08919,1.09154,1.08389,1.08946,1.0961,1.08219,1.08667,1.09491
1.0873,1.093,1.08964,1.10087,1.09037,1.09848,1.0891,1.09537,1.09118,1.08703


B:
2.65763,5.57398,4.09904,4.70243,8.36481,6.02723,4.66528,4.97519,2.29821,5.00919
8.99794,5.98415,7.11218,5.37861,5.28271,3.3761,6.22247,8.15663,3.78835,-2.32344
1.68257,5.35041,7.56757,2.50102,2.32098,9.52837,12.2055,10.8362,7.45872,8.23817


========================================================
Test10 (ADC Calibration) results 2008-07-16 21:23:30
Board ID260 30 channels
Linux calibration software

Voltmeter channel: A=1.07, B=0

A:
1.09182,1.09107,1.0976,1.09618,1.08638,1.06811,1.08966,1.08238,1.10181,1.09732
1.09078,1.09656,1.09003,1.09258,1.08451,1.09003,1.09684,1.08182,1.0875,1.09551
1.08778,1.09343,1.09031,1.10172,1.09125,1.09913,1.0889,1.09589,1.0921,1.08759


B:
1.84838,4.07324,2.64435,3.73767,7.9703,33.1849,3.85113,4.09051,2.07782,3.78466
8.69729,5.36166,6.33775,3.99014,4.4874,2.84931,4.66068,7.85338,2.80096,-3.09995
1.23532,4.7363,6.51333,1.5053,1.06213,8.71382,10.8617,9.69838,6.17304,7.71669


========================================================
Test10 (ADC Calibration) results 2008-07-17 10:47:19
Board ID260 30 channels
Linux calibration software

Voltmeter channel: A=1.07, B=0

A:
1.09296,1.09183,1.09874,1.09718,1.08744,1.06995,1.09081,1.08329,1.10311,1.09853
1.09203,1.09749,1.09111,1.09347,1.08542,1.09152,1.09801,1.08309,1.08866,1.09656
1.08866,1.09471,1.09122,1.103,1.09224,1.10029,1.0905,1.09687,1.09306,1.08877


B:
0.795581,3.36747,1.82273,3.03139,6.9843,32.1385,2.78565,3.45291,0.669926,2.89259
7.10974,4.50243,5.12023,3.38218,3.86577,1.03172,3.80742,6.02304,1.71955,-4.29311
0.630887,3.55773,6.11703,0.104313,0.585969,7.43239,9.17582,8.80127,5.72838,6.85084


========================================================
Test10 (ADC Calibration) results 2008-07-19 11:34:37
Board ID260 30 channels
Linux calibration software

Voltmeter channel: A=1.07, B=0

A:
1.09182,1.09069,1.09722,1.0958,1.08638,1.06281,1.08956,1.08228,1.10172,1.09694
1.09022,1.09627,1.09013,1.09248,1.08423,1.09031,1.09627,1.08182,1.08741,1.09523
1.08759,1.09361,1.0905,1.10153,1.09097,1.09894,1.08862,1.09589,1.09201,1.08787


B:
1.84838,3.9849,3.43343,4.08737,7.75307,38.4659,3.50251,4.3931,2.16644,4.79311
8.99858,5.18531,5.81448,3.64049,4.74652,2.15207,6.06211,7.20418,2.67048,-3.05511
1.62634,4.12463,6.12174,2.12173,1.76022,9.10765,10.9025,9.26025,6.47855,7.02244


========================================================
Test10 (ADC Calibration) results 2008-07-19 14:46:21
Board ID260 30 channels
Linux calibration software

Voltmeter channel: A=1.07, B=0

A:
1.09173,1.0905,1.09722,1.09618,1.08628,1.06415,1.08928,1.08219,1.1022,1.09713
1.08975,1.09561,1.08966,1.09239,1.08442,1.09003,1.09675,1.08145,1.08722,1.09561
1.08759,1.09352,1.09013,1.10172,1.09078,1.09865,1.08872,1.09561,1.09191,1.08769


B:
1.93566,4.37671,3.43343,3.51849,7.40469,37.2368,4.63424,4.47931,1.06451,4.39893
9.43082,6.45322,6.90221,3.72768,4.57369,2.84931,4.96768,7.98084,3.4967,-4.0647
1.62634,4.43027,6.68663,1.72559,2.15259,9.36951,10.5984,9.74004,6.78405,7.63103


========================================================
Test10 (ADC Calibration) results 2008-07-20 08:08:59
Board ID260 30 channels
Linux calibration software

Voltmeter channel: A=1.07, B=0

A:
1.09191,1.0906,1.09722,1.09608,1.08647,1.06406,1.08956,1.0821,1.10172,1.09703
1.09003,1.09608,1.08984,1.09229,1.08433,1.09013,1.09675,1.08127,1.08712,1.09523
1.08769,1.09361,1.09013,1.10162,1.09097,1.09913,1.08853,1.09599,1.09135,1.08769


B:
1.54281,4.50789,3.43343,3.82501,7.4492,37.3187,3.93811,4.56555,2.16644,4.26641
9.3895,5.35942,6.51097,4.03293,4.44334,2.5441,4.96768,8.36889,3.58295,-3.05511
1.10491,4.3433,6.9046,1.81352,1.97836,8.49405,11.6418,9.17329,7.52264,7.41354


========================================================
Test10 (ADC Calibration) results 2008-07-20 17:40:55
Board ID260 30 channels
Linux calibration software

Voltmeter channel: A=1.07, B=0

A:
1.09191,1.0906,1.09741,1.0958,1.08638,1.05942,1.08928,1.08256,1.10162,1.09722
1.08994,1.0958,1.08975,1.09229,1.08414,1.09022,1.09656,1.08099,1.08731,1.09542
1.08778,1.09333,1.09003,1.10153,1.09088,1.09913,1.08853,1.0958,1.09154,1.08759


B:
1.10577,4.07176,2.59961,4.52585,7.9703,41.5668,3.98045,4.1342,2.03379,3.87221
9.47583,6.05986,6.59725,4.03293,5.26635,2.45727,5.58092,8.62663,3.19192,-3.45003
0.800053,5.04195,6.99149,1.90148,2.06527,8.49405,11.6418,9.78545,7.56763,7.71669


========================================================
Test10 (ADC Calibration) results 2008-07-24 12:08:22
Board ID260 30 channels
Linux calibration software

Voltmeter channel: A=1.07, B=0

A:
1.09173,1.0905,1.09741,1.09599,1.08563,1.05916,1.08909,1.08238,1.10191,1.09684
1.08994,1.0957,1.08994,1.09191,1.08405,1.08994,1.09675,1.08173,1.08712,1.09485
1.08703,1.09333,1.09013,1.10133,1.09097,1.09875,1.08834,1.0957,1.09154,1.08722


B:
1.2804,3.50426,2.81942,3.03593,8.66016,41.3867,4.37217,3.65767,1.54936,4.44136
9.69376,5.05148,5.55195,4.38151,4.91936,2.50046,4.30953,7.50666,3.1482,-3.14138
1.93065,4.38623,6.46866,1.63683,1.54208,8.84296,11.5966,9.21519,6.9126,8.28023


