========================================================

Test11 results 12-09-2005  17:35:18
Board ID132  36 channels
HV Tests Software Ver.1.6

+5V 3065 - O'k
-5V 1363 - O'k
Interlock - On
Calibration DAC Range: [2500 - 2900]


A:
Limits 0.76 +/- 0.04
0.743494,0.749064,0.747664,0.746269,0.750469,0.750469,0.750469,0.75188,0.743494,0.740741,0.750469,0.736648
0.747664,0.743494,0.743494,0.742115,0.742115,0.747664,0.736648,0.743494,0.749064,0.743494,0.746269,0.747664
0.746269,0.749064,0.740741,0.744879,0.750469,0.738007,0.736648,0.739372,0.739372,0.750469,0.744879,0.744879


B:
Limits 60.0 +/- 40.0
66.563156,66.076157,63.644836,61.917809,75.463417,68.208641,74.040344,59.116199,71.900307,73.33017,76.078484,74.433441
82.56514,68.986412,73.832558,68.521011,71.820129,57.909584,68.912178,72.058594,77.28907,70.288254,71.524925,71.460442
72.246964,65.094475,74.211426,78.574402,69.198578,70.568405,79.873596,68.433006,71.520821,75.273232,76.154633,68.328857
========================================================
Test11 (DAC Calibration) results 2007-10-15 15:19:50
Board ID132 36 channels
Linux calibration software
Calibration DAC Range: [1100 - 2700]

A:
0.741702,0.748363,0.745921,0.74481,0.749977,0.747803,0.749766,0.746826,0.740466,0.740056,0.749766,0.736309
0.762776,0.740878,0.741359,0.743287,0.743149,0.747594,0.735835,0.741084,0.746338,0.743771,0.745434,0.747314
0.745018,0.744879,0.739303,0.744948,0.745295,0.737803,0.73658,0.739372,0.738484,0.751174,0.746269,0.743356


B:
75.7093,73.246,72.8672,69.1835,80.3318,73.7149,81.0684,70.1268,72.973,79.4635,77.3196,79.4754
64.9122,78.7739,83.7456,69.5068,73.7111,63.8351,76.7475,78.7864,80.8002,73.8939,76.3698,76.1794
75.3028,72.0671,81.9794,82.4005,78.2002,74.6011,82.0459,72.2736,75.2795,76.9013,78.5075,79.9666


========================================================
Test11 (DAC Calibration) results 2007-10-15 16:09:41
Board ID132 36 channels
Linux calibration software
Calibration DAC Range: [1100 - 2700]

A:
0.741633,0.748503,0.745921,0.74599,0.749906,0.747943,0.749695,0.746965,0.740466,0.739919,0.749625,0.736242
0.753154,0.740947,0.741359,0.743356,0.743149,0.747524,0.735903,0.740947,0.746965,0.743702,0.745365,0.747314
0.745156,0.744879,0.739372,0.744879,0.745365,0.737735,0.736377,0.739372,0.73828,0.751174,0.74613,0.743356


B:
76.1008,72.7546,72.8672,67.2507,80.5775,73.2236,81.3137,69.9346,72.8249,79.6522,77.5113,79.5692
75.1082,78.0865,83.7456,69.2621,73.7111,63.932,76.5061,79.1238,81.1391,73.9889,76.3162,76.1794
74.963,72.0671,81.8854,82.3464,77.8069,74.6956,82.327,72.2736,75.8583,76.9013,78.5486,80.1152


========================================================
Test11 (DAC Calibration) results 2008-05-13 12:17:37
Board ID132 36 channels
Linux calibration software
Calibration DAC Range: [1100 - 2700]

A:
0.741633,0.748293,0.745226,0.790905,0.750188,0.748643,0.750188,0.754077,0.741427,0.745573,0.749695,0.736106
0.754006,0.740672,0.741152,0.750469,0.743149,0.747314,0.735767,0.741015,0.762558,0.749977,0.746617,0.747105
0.744948,0.744948,0.739235,0.744532,0.745018,0.737667,0.73658,0.739508,0.737939,0.751033,0.745573,0.743356


B:
75.3591,73.342,73.8239,29.748,79.895,73.0114,81.0954,64.6526,71.6404,71.8546,77.4153,79.7571
74.5523,78.7612,84.0282,64.3528,73.5625,64.2223,76.9889,79.0293,77.5617,68.3322,74.895,76.4662
75.547,71.9713,81.6299,82.9688,78.5808,74.6426,82.0459,71.7878,77.2162,77.2436,74.8369,79.8177


========================================================
Test11 (ADC Calibration) results 2008-06-17 04:20:31
Board ID132 36 channels
Linux calibration software

Calibration DAC Range: [1000 - 3500]

A:
0.7384,0.7456,0.7432,0.7844,0.7472,0.7456,0.7472,0.75,0.7372,0.7428,0.7468,0.7332
0.7504,0.738,0.7388,0.7456,0.74,0.744,0.7328,0.7384,0.7484,0.744,0.7432,0.7448
0.742,0.742,0.7368,0.742,0.7428,0.7356,0.7332,0.7372,0.7352,0.7488,0.7432,0.74


B:
75.6001,72.4001,72.8,27.6,80.8,72.4001,80.8,68,72.7999,75.2,76.2,78.7999
77.6,78.0001,82.2,64.4001,74,64.9999,77.2,78.6001,76.6001,71.9999,75.8,75.2001
75.0001,71.0001,81.2,82.0001,77.2,73.4,82.7999,70.7999,76.8,75.2001,75.8,80


========================================================
Test11 (ADC Calibration) results 2008-06-17 07:43:31
Board ID132 36 channels
Linux calibration software

Calibration DAC Range: [1000 - 3500]

A:
0.73,0.7372,0.7344,0.7772,0.7392,0.7368,0.7384,0.7416,0.7292,0.7356,0.7384,0.7248
0.7416,0.7296,0.73,0.738,0.7316,0.736,0.7248,0.73,0.7428,0.7372,0.7348,0.736
0.7332,0.7332,0.7288,0.734,0.7344,0.7268,0.7252,0.7288,0.7264,0.74,0.7344,0.732


B:
76.9999,72.7999,74.6001,27.8001,80.8,74.2,81.6001,67.4001,72.8,73.4,77.6001,80.2
79.4001,78.4,83.9999,65.0001,74.4,65,77.2,78.9999,76.2,70.7999,77.2001,76
76.7999,72.7999,81.2,81.9999,77.6001,75.1999,82.8,72.2,78.5999,77,77.6001,80


========================================================
Test11 (ADC Calibration) results 2008-11-23 10:58:16
Board ID132 36 channels
Linux calibration software

Calibration DAC Range: [1000 - 3500]

A:
0.7316,0.7388,0.7364,0.7756,0.7408,0.7384,0.74,0.7436,0.7304,0.734,0.7396,0.7264
0.7432,0.7312,0.7316,0.7372,0.7336,0.738,0.726,0.7312,0.742,0.7368,0.736,0.738
0.7348,0.7356,0.73,0.7356,0.736,0.7284,0.7268,0.73,0.7284,0.7416,0.7368,0.7332


B:
77.4,73.2,74.6,29.3999,81.1999,74.6001,83,67.4,74.5999,77.9999,78.4,80.5999
79.8,79.8001,84.4,67.7999,74.3999,64.0001,79,80.8001,79.0001,72.2,78,76.0001
77.2001,71.4,82.9999,82.4,78,75.6,84.1999,72.9999,77.6,77.4001,76.2,80.7999


========================================================
Test11 (ADC Calibration) results 2008-11-24 15:22:53
Board ID132 36 channels
Host: ufcmshv3
Linux calibration software

Calibration DAC Range: [1000 - 3500]

A:
0.7404,0.7476,0.7456,0.748,0.7492,0.7476,0.7492,0.752,0.7388,0.7412,0.7484,0.7352
0.7524,0.7396,0.7404,0.7464,0.7424,0.7464,0.7348,0.7404,0.7492,0.7452,0.7448,0.7468
0.744,0.7436,0.7388,0.7444,0.7448,0.7372,0.7356,0.7388,0.7372,0.7508,0.7452,0.742


B:
75.5999,73.3999,72.4001,65.9999,80.8,73.3999,80.8,68.0001,74.2,78.8001,78.6001,79.8
77.6001,79.4,83.5999,65.6,73.6,64.6,77.2001,78.5999,79.8,71.8001,76.2001,75.2
75.9999,72.4,81.2,81.5999,77.2001,73.7999,82.4,72.2,76.7999,76.2,75.8001,80.0001


========================================================
Test11 (ADC Calibration) results 2008-12-04 14:38:01
Board ID132 36 channels
Host: ufcmshv3
Linux calibration software

Calibration DAC Range: [1000 - 3500]

A:
0.7576,0.7724,0.772,0.7556,0.7744,0.7672,0.756,0.7524,0.7672,0.7716,0.7576,0.7716
0.7524,0.7544,0.774,0.7468,0.7776,0.7504,0.7588,0.7716,0.7664,0.772,0.7552,0.7696
0.768,0.7508,0.7556,0.7484,0.7728,0.7508,0.7644,0.774,0.7636,0.774,0.7532,0.7536


B:
75.4,72.5999,73.9999,71.4001,82.6,74.8,81.0001,67.6001,73.8,80.4,78.4,81.4
77.6001,78.5999,83,69.2,72.4,65.6,76.1999,80.4,87.6001,73.9999,77.7999,75.4001
76,72.2,82.4001,76.6001,77.1999,74.2,81.6,72,76.4,75,75.8,80.4


========================================================
Test11 (ADC Calibration) results 2008-12-04 15:10:59
Board ID132 36 channels
Host: ufcmshv3
Linux calibration software

Calibration DAC Range: [1000 - 3500]

A:
0.7568,0.7724,0.772,0.756,0.7752,0.7672,0.7564,0.752,0.7672,0.7716,0.758,0.7716
0.752,0.7544,0.7744,0.7468,0.7772,0.7512,0.7588,0.772,0.7664,0.772,0.7552,0.7696
0.768,0.7508,0.7564,0.7484,0.7732,0.7512,0.7644,0.7736,0.7632,0.7736,0.7528,0.754


B:
77.2,72.5999,73.9999,70.0001,80.8,74.8,79.6,68.0001,73.8,80.4,76.9999,80.4
79.0001,78.5999,81.6,69.2,72.8001,63.7999,76.1999,78.9999,87.6001,73.9999,77.7999,75.4001
76,71.2,80.6,76.6001,75.8001,72.7999,80.6,72.4001,76.8,75.4001,76.2,79


