========================================================

Test10 results 06-24-2005  17:49:49
Board ID361  30 channels
HV Tests Software Ver.1.6

+5V 2499 - O'k
-5V 1358 - O'k
Interlock - On

Voltmeter channel: A=1.077586, B=18.319088

A:
Limits 1.1 +/- 0.1
1.074691,1.083424,1.083424,1.079331,1.080497,1.091703,1.078167,1.084011,1.079914,1.084599
1.084011,1.077586,1.071811,1.084011,1.082251,1.083424,1.094691,1.075847,1.088139,1.086366
1.088139,1.085187,1.074691,1.084599,1.088139,1.075847,1.075269,1.072386,1.080497,1.081081


B:
Limits 0.0 +/- 30.0
10.746796,13.001099,7.583981,10.793356,14.04647,8.733623,5.390965,13.008133,12.958929,13.015324
13.008133,14.008742,11.790084,14.092143,14.069302,13.001099,12.041416,13.985871,18.498318,13.03657
4.352507,11.937052,22.568398,15.184522,14.145761,13.985871,9.677243,19.30307,10.804978,15.135313
========================================================
Test10 (ADC Calibration) results 2007-11-06 11:00:46
Board ID361 30 channels
Linux calibration software

Voltmeter channel: A=1.07186, B=-1305.8

A:
1.07515,1.08605,1.08783,1.08008,1.0814,1.09121,1.07778,1.08505,1.0847,1.08469
1.08338,1.07899,1.07479,1.08743,1.08141,1.08303,1.09393,1.07529,1.08898,1.08657
1.09298,1.09293,1.07489,1.08786,1.08889,1.0764,1.0742,1.07384,1.0801,1.0904


B:
8.53347,9.77925,4.32846,8.45741,7.11615,6.36388,1.92233,5.92145,7.64129,8.15278
9.6134,9.15183,8.17235,9.72487,12.6552,9.38198,8.89241,9.7315,12.4419,9.10044
1.50573,9.09511,17.919,11.4697,8.82224,10.2277,7.09549,10.6161,7.51247,9.81972


========================================================
Test10 (ADC Calibration) results 2008-05-13 19:13:44
Board ID361 30 channels
Linux calibration software

Voltmeter channel: A=1.07264, B=-1308.22

A:
1.07614,1.08635,1.08889,1.07964,1.08014,1.09066,1.07758,1.08525,1.08481,1.08394
1.08338,1.07889,1.04497,1.08768,1.08196,1.08364,1.09403,1.07549,1.08908,1.08667
1.09349,1.0318,1.07533,1.08806,1.08949,1.0765,1.06986,1.07424,1.0801,1.09106


B:
6.60991,9.5948,1.91113,10.0213,8.90102,7.85753,2.57682,5.86708,7.91473,9.50053
10.6134,8.59994,10.9753,9.41525,11.2839,9.01805,8.76423,9.87546,13.114,9.37321
0.379029,85.9927,16.4834,11.2144,8.05734,10.2998,11.4608,10.3059,7.91261,7.90499


========================================================
Test10 (ADC Calibration) results 2008-05-13 19:56:59
Board ID361 30 channels
Linux calibration software

Voltmeter channel: A=1.07191, B=-1306.42

A:
1.07654,1.0854,1.08879,1.08028,1.08065,1.09141,1.07737,1.0846,1.08481,1.08414
1.08283,1.07845,1.0459,1.08778,1.08141,1.08374,1.09348,1.07529,1.08888,1.08602
1.09339,1.0798,1.07529,1.08862,1.0899,1.07622,1.07003,1.07424,1.0802,1.09096


B:
5.69807,10.8025,2.03842,8.12061,8.06229,5.81834,2.15433,7.08368,7.22983,9.045
12.3879,10.2375,8.74653,9.28763,11.9741,8.69091,9.46544,10.5315,13.7697,10.3905
0.70587,15.4142,17.4069,10.5189,7.54762,11.7291,11.5219,10.3059,7.78483,8.03287


