========================================================

Test11 results 06-24-2005  17:51:06
Board ID361  30 channels
HV Tests Software Ver.1.6

+5V 2501 - O'k
-5V 1358 - O'k
Interlock - On
Calibration DAC Range: [2500 - 2900]


A:
Limits 0.76 +/- 0.04
0.754717,0.746269,0.747664,0.749064,0.749064,0.743494,0.75188,0.747664,0.747664,0.747664
0.746269,0.750469,0.754717,0.747664,0.749064,0.744879,0.740741,0.75188,0.744879,0.746269
0.747664,0.747664,0.75188,0.750469,0.743494,0.753296,0.75188,0.750469,0.746269,0.747664


B:
Limits 60.0 +/- 30.0
59.379749,64.502602,66.663239,65.442856,63.189445,61.646038,66.054382,63.25275,73.338905,59.28371
64.664757,68.758484,62.328781,61.797764,59.226685,73.093468,57.047619,60.733955,56.653572,64.017235
62.941895,60.986942,58.847645,60.101521,64.440857,58.628727,76.912216,74.752342,75.560898,66.322807
========================================================
Test11 (DAC Calibration) results 2007-11-06 11:00:46
Board ID361 30 channels
Linux calibration software
Calibration DAC Range: [1100 - 2700]

A:
0.751597,0.74481,0.742459,0.748923,0.748013,0.740535,0.749766,0.74474,0.744602,0.745365
0.746269,0.748923,0.752233,0.742735,0.747244,0.74613,0.73944,0.75188,0.742804,0.743702
0.738962,0.739372,0.752162,0.746965,0.742115,0.751103,0.75188,0.752516,0.748153,0.741084


B:
71.3639,67.8428,79.1183,67.9834,72.23,77.9136,79.5689,78.2163,78.2577,71.993
70.8956,75.7721,68.6882,75.9167,70.7455,74.818,67.742,67.5189,67.5022,76.6663
85.2578,76.7098,62.1663,69.1876,73.6549,70.3876,83.4587,72.2132,74.5816,72.1166


