========================================================

Test11 results 01-27-2005  16:51:01
Board ID298  30 channels
HV Tests Software Ver.1.6

+5V 2522 - O'k
-5V 1320 - O'k
Interlock - On
Calibration DAC Range: [2500 - 2900]


A:
Limits 0.76 +/- 0.04
0.750469,0.757576,0.750469,0.754717,0.757576,0.750469,0.754717,0.753296,0.75188,0.75188
0.750469,0.754717,0.75188,0.757576,0.761905,0.750469,0.753296,0.754717,0.754717,0.749064
0.747664,0.759013,0.754717,0.750469,0.750469,0.756144,0.744879,0.753296,0.75188,0.749064


B:
Limits 70.0 +/- 30.0
61.304359,48.856266,55.904499,55.857491,54.945171,62.742821,62.038025,69.996941,55.071728,66.022995
64.267578,54.14703,70.483795,61.815323,57.384991,58.245502,55.025005,60.422829,62.651417,64.287804
67.977669,57.341404,58.379234,55.946091,54.117924,50.574963,70.346359,60.313343,62.885696,72.888687
========================================================
Test11 (DAC Calibration) results 2007-09-06 12:50:00
Board ID298 30 channels
Linux calibration software
Calibration DAC Range: [1100 - 2700]

A:
0.749204,0.753225,0.747594,0.751174,0.753792,0.749415,0.768787,0.752516,0.748433,0.75061
0.748713,0.752375,0.75195,0.762631,0.765184,0.748713,0.750892,0.753012,0.753296,0.748433
0.748713,0.756501,0.749906,0.746896,0.748083,0.751668,0.744948,0.752162,0.750539,0.749134


B:
69.545,67.3288,69.3675,70.1408,68.812,68.8057,67.5187,75.0728,69.4079,73.1658
71.2682,64.2812,72.6854,68.9228,66.2363,67.3749,66.4725,69.8796,70.2449,69.2582
68.2733,69.6453,76.0781,70.479,65.2517,69.4635,71.9713,66.5288,69.5094,75.1849


