========================================================

Test10 results 11-08-2005  12:41:39
Board ID118  36 channels
HV Tests Software Ver.1.6

+5V 2489 - O'k
-5V 1322 - O'k
Interlock - On

Voltmeter channel: A=1.073537, B=2.14691

A:
Limits 1.1 +/- 0.1
1.074114,1.088732,1.078167,1.062699,1.082251,1.070091,1.076426,1.068376,1.082251,1.074691,1.077586,1.079914
1.077006,1.063264,1.072386,1.072961,1.078749,1.054852,1.084599,1.077586,1.081666,1.076426,1.077586,1.077586
1.079914,1.071237,1.077586,1.077586,1.079914,1.080497,1.074691,1.074691,1.079914,1.069519,1.079331,1.074114


B:
Limits 0.0 +/- 35.0
1.074152,8.709784,6.469132,4.251013,-3.246715,6.420354,4.305695,5.341896,3.246791,3.223958,5.388053,-4.319689
4.307805,7.442739,4.289666,8.583851,8.629799,7.383793,-2.169057,7.543225,8.653366,-2.152863,-2.15505,4.310467
1.079879,8.569725,3.232881,3.232881,1.079879,3.241499,6.448031,-1.074806,11.879015,16.042896,7.555364,7.518835
========================================================
Test10 (ADC Calibration) results 2007-10-23 15:28:48
Board ID118 36 channels
Linux calibration software

Voltmeter channel: A=1.07181, B=7.83182

A:
1.07664,1.08973,1.0781,1.06077,1.08085,1.07027,1.07597,1.06876,1.0815,1.07634,1.08059,1.07802
1.07832,1.06229,1.07343,1.07253,1.07988,1.05399,1.09211,1.07816,1.08073,1.07614,1.07567,1.08245
1.07869,1.07135,1.07765,1.07731,1.08184,1.08564,1.07327,1.07415,1.0814,1.07408,1.08388,1.07678


B:
-3.58358,5.28188,3.70292,3.7455,-4.43563,2.75316,1.23765,-0.251842,1.46244,0.277603,1.61639,-1.53816
4.68713,7.02263,1.17886,4.8445,4.67409,4.68168,-5.52334,2.89336,6.23276,-6.14246,-2.40386,-0.956406
-0.1031,4.94328,-0.387919,1.52326,-2.05654,-0.108177,7.31417,-5.70008,7.22788,9.26929,-7.99741,2.53183


========================================================
Test10 (ADC Calibration) results 2008-01-21 11:25:43
Board ID118 36 channels
Linux calibration software

Voltmeter channel: A=1.07081, B=11.1417

A:
1.07681,1.08954,1.07731,1.06033,1.08081,1.07014,1.0761,1.06812,1.08251,1.07566,1.08,1.07863
1.07893,1.06225,1.07424,1.07141,1.08038,1.05366,1.09217,1.07727,1.08024,1.0759,1.07638,1.08186
1.07929,1.07172,1.07751,1.07778,1.08105,1.0859,1.07333,1.07418,1.08214,1.07438,1.08388,1.07644


B:
-2.59042,6.72598,4.42755,4.03682,-3.38372,3.25695,1.20212,0.493652,-0.70226,2.14329,2.2802,-2.46122
3.8395,6.80033,0.0831763,7.2612,3.75117,5.24702,-4.99213,5.01803,7.45163,-4.83739,-3.58233,1.79301
-1.14685,4.20615,0.590111,1.53345,0.346088,0.0762851,6.55994,-5.13313,5.71185,8.61048,4.71876,2.69087


========================================================
Test10 (ADC Calibration) results 2008-02-22 12:13:19
Board ID118 36 channels
Linux calibration software

Voltmeter channel: A=1.07126, B=9.23242

A:
1.0761,1.09069,1.07769,1.06161,1.08065,1.07007,1.07648,1.06899,1.08129,1.07634,1.08069,1.07877
1.07877,1.06249,1.04214,1.07159,1.07998,1.05349,1.09256,1.07782,1.08128,1.07658,1.07601,1.08265
1.07933,1.07209,1.07786,1.07786,1.08079,1.08534,1.07401,1.07381,1.08184,1.07297,1.07314,1.07597


B:
-1.41738,3.26326,4.61812,2.88029,-3.099,2.33977,0.794746,0.0476508,1.11871,0.277603,1.08791,-3.56083
4.1241,6.16602,18.5322,6.04149,4.34565,5.1233,-6.89404,4.40575,5.53651,-6.90448,-2.83949,-1.81383
-1.11808,2.53056,-0.644088,0.433769,-0.240223,0.276218,5.57209,-4.59339,6.26153,10.479,16.4003,3.56158


========================================================
Test10 (ADC Calibration) results 2008-03-31 14:55:08
Board ID118 36 channels
Linux calibration software

Voltmeter channel: A=1.07113, B=9.48236

A:
1.07685,1.09018,1.07715,1.06174,1.08065,1.07061,1.07607,1.06876,1.08105,1.07634,1.08014,1.07887
1.07941,1.06195,1.048,1.07179,1.08042,1.05369,1.09211,1.07836,1.08188,1.07583,1.07621,1.0818
1.07879,1.07155,1.07786,1.07806,1.08099,1.08574,1.07317,1.07381,1.08129,1.07317,1.07447,1.07618


B:
-2.36296,4.70756,5.31246,1.65086,-3.29881,1.65199,1.30883,0.14806,2.30838,0.277603,1.78041,-3.68861
3.30386,7.90847,23.5229,5.78597,3.97986,4.86673,-4.63118,3.71535,3.96345,-4.68193,-3.29739,0.950488
-0.430446,3.88751,-0.644088,0.177803,0.303456,-0.63655,7.44216,-4.59339,6.95612,10.2227,13.5263,3.30407


========================================================
Test10 (ADC Calibration) results 2008-03-31 17:30:33
Board ID118 36 channels
Linux calibration software

Voltmeter channel: A=1.0714, B=8.98193

A:
1.0763,1.09028,1.07779,1.06215,1.08085,1.07037,1.07668,1.06876,1.08225,1.0759,1.08079,1.07887
1.07931,1.06269,1.07084,1.07189,1.08063,1.05379,1.09242,1.07782,1.08073,1.07604,1.07652,1.0819
1.07889,1.07196,1.0784,1.07826,1.0816,1.08534,1.07401,1.07381,1.08129,1.07377,1.07518,1.07628


B:
-1.67375,4.57897,4.68962,1.13683,-3.35479,2.62477,0.537441,0.548207,-0.28761,1.91464,1.35987,-3.68861
2.55297,5.90965,9.65341,6.05799,4.12284,4.73844,-5.41442,4.40575,6.23276,-4.93786,-3.68408,0.821899
-0.55784,3.37659,-1.13473,-0.0783062,-1.9473,1.07588,5.97238,-4.19349,6.95612,9.45395,14.4249,3.37553


========================================================
Test10 (ADC Calibration) results 2008-05-13 11:56:55
Board ID118 36 channels
Linux calibration software

Voltmeter channel: A=1.07167, B=9.55373

A:
1.07671,1.08998,1.07735,1.06117,1.08095,1.07027,1.07634,1.06886,1.08095,1.0762,1.08055,1.07852
1.07887,1.06215,1.07064,1.0723,1.08008,1.05379,1.09226,1.07792,1.08113,1.07583,1.07682,1.08235
1.07889,1.07175,1.07826,1.07792,1.08194,1.08544,1.07377,1.07377,1.08038,1.07064,1.0745,1.07583


B:
-1.98591,4.16585,5.45502,3.43295,-3.28253,2.68289,1.1722,0.619871,3.43657,0.454435,1.26828,-1.65486
4.39582,8.25258,9.90878,5.5467,4.81726,4.93825,-6.71012,5.07761,5.71763,-4.08183,-3.8712,-0.827816
0.44216,4.16027,-0.956616,1.35548,-1.98477,0.147747,6.67527,-3.54605,7.91194,13.2263,15.6782,4.539


========================================================
Test10 (ADC Calibration) results 2008-06-17 15:59:19
Board ID118 36 channels
Linux calibration software

Voltmeter channel: A=1.07, B=0

A:
1.09417,1.10392,1.09471,1.07782,1.09829,1.08683,1.09362,1.08593,1.09884,1.09417,1.09967,1.097
1.09792,1.07897,1.08872,1.08936,1.09764,1.07044,1.11027,1.09499,1.09792,1.09389,1.09335,1.09957
1.09618,1.08908,1.09426,1.09508,1.0992,1.11139,1.09071,1.09108,1.09874,1.05921,1.09144,1.09444


B:
-1.85484,8.31776,4.64408,3.80706,-3.91372,3.42111,0.839138,-0.0881901,2.38892,1.64671,2.28748,-3.16473
3.45225,7.90918,6.89089,5.43554,6.12031,5.78772,-3.89282,4.39197,7.84392,-5.53943,-3.50028,3.47185
-0.428211,4.59712,1.78123,2.33711,0.0721517,-15.8164,6.363,-3.79119,8.6264,29.6864,11.5878,4.45807


========================================================
Test10 (ADC Calibration) results 2008-07-16 21:23:30
Board ID118 36 channels
Linux calibration software

Voltmeter channel: A=1.07, B=0

A:
1.09445,1.10296,1.09559,1.07847,1.09903,1.08776,1.09455,1.08655,1.10008,1.09512,1.10027,1.09759
1.09903,1.07995,1.08983,1.09049,1.09826,1.07161,1.04045,1.09569,1.09912,1.09436,1.09445,1.10219
1.09693,1.08926,1.09011,1.09635,1.09979,1.11503,1.09162,1.09171,1.09883,1.04631,1.09237,1.0937


B:
-1.4644,8.08543,4.05404,2.76482,-4.59865,2.99255,-0.239012,-0.660167,1.46808,0.329616,2.612,-3.2734
2.21525,6.56787,5.87204,4.17351,5.55381,3.82873,24.6149,3.74757,6.30416,-6.19168,-4.31009,1.07109
-1.55925,4.64991,5.82967,1.3808,-0.0274242,-25.2054,5.74801,-3.72776,7.00604,19.4713,10.7322,5.14363


========================================================
Test10 (ADC Calibration) results 2008-07-19 11:34:37
Board ID118 36 channels
Linux calibration software

Voltmeter channel: A=1.07, B=0

A:
1.09445,1.10209,1.09559,1.07884,1.09912,1.08767,1.09436,1.08626,1.09998,1.09426,1.10056,1.09769
1.09874,1.07976,1.08954,1.0902,1.09817,1.07152,1.05859,1.09616,1.09912,1.09379,1.09474,1.10209
1.09702,1.0857,1.09237,1.09597,1.09989,1.1116,1.09162,1.0918,1.09807,1.047,1.09228,1.09303


B:
-1.90207,7.77162,3.61591,1.98838,-4.68706,2.64423,0.155656,0.035776,1.33594,1.99378,1.46804,-3.14213
2.03965,6.52373,7.00402,4.21672,5.42189,3.27144,14.3878,2.65234,5.64496,-5.22533,-5.45035,0.277321
-1.86659,7.72332,3.52279,1.73144,-0.115832,-12.6732,5.31147,-4.47055,7.26613,21.3258,10.819,5.09778


========================================================
Test10 (ADC Calibration) results 2008-07-19 14:46:21
Board ID118 36 channels
Linux calibration software

Voltmeter channel: A=1.07, B=0

A:
1.09426,1.10104,1.09531,1.07847,1.09903,1.08748,1.09407,1.08626,1.0997,1.09426,1.09998,1.0975
1.09855,1.07967,1.08954,1.08992,1.09807,1.0707,1.05232,1.09569,1.09855,1.09398,1.09464,1.10171
1.09664,1.083,1.07986,1.09597,1.0997,1.11474,1.09162,1.09171,1.09788,1.0464,1.09199,1.09294


B:
-1.28902,8.73488,4.3164,2.76482,-4.15915,2.81819,0.636878,0.035776,1.81999,1.55591,2.65586,-3.18504
2.65462,7.04126,6.56831,4.6956,5.50911,5.32607,22.3937,3.52811,7.04881,-5.6202,-4.92395,0.850654
-0.856481,10.4371,15.0766,1.95046,-0.159247,-24.485,5.74801,-4.16421,7.8798,20.435,11.5153,5.40333


========================================================
Test10 (ADC Calibration) results 2008-07-20 08:08:59
Board ID118 36 channels
Linux calibration software

Voltmeter channel: A=1.07, B=0

A:
1.09436,1.10152,1.09512,1.07829,1.09912,1.08776,1.09426,1.08608,1.09979,1.09436,1.09998,1.09778
1.09845,1.07976,1.08945,1.08992,1.09826,1.07116,1.05611,1.09559,1.09903,1.09398,1.09464,1.10181
1.09674,1.08655,1.08273,1.09616,1.0996,1.11543,1.09171,1.09171,1.09836,1.04831,1.09247,1.09332


B:
-1.59554,9.17863,5.14842,3.36855,-4.68706,2.77467,0.680832,0.644187,1.73197,1.90635,2.8758,-3.44978
3.18194,7.1713,6.65494,4.6956,5.77341,4.47085,16.7232,3.39684,6.17197,-5.6202,-5.14282,1.64398
-1.38314,6.94565,12.4273,1.11794,0.148738,-26.2411,5.66118,-4.16421,7.66264,24.9146,10.6457,5.05468


========================================================
Test10 (ADC Calibration) results 2008-07-20 17:40:55
Board ID118 36 channels
Linux calibration software

Voltmeter channel: A=1.07, B=0

A:
1.09445,1.10123,1.0955,1.07875,1.09912,1.08767,1.09436,1.08636,1.09979,1.09426,1.09998,1.09778
1.09855,1.07976,1.08964,1.09011,1.09788,1.07097,1.0518,1.09569,1.09893,1.09417,1.09426,1.10181
1.09673,1.0858,1.08198,1.09607,1.09998,1.11444,1.09152,1.09171,1.09845,1.04726,1.09199,1.09313


B:
-1.4644,9.8811,3.92241,2.72207,-4.46729,2.86171,0.593174,0.166202,1.73197,1.55591,3.09613,-3.66929
3.09393,6.9554,6.69959,4.5216,6.56252,4.64187,20.9955,3.30902,6.25947,-6.01539,-4.13421,1.20336
-0.944169,7.41981,12.896,2.08225,-0.644086,-21.7585,5.83488,-3.94605,7.57575,25.059,11.2971,5.6664


