========================================================

Test10 results 04-11-2006  14:28:04
Board ID153  36 channels
HV Tests Software Ver.1.6

+5V 2492 - O'k
-5V 1348 - O'k
Interlock - On

Voltmeter channel: A=1.077006, B=22.616907

A:
Limits 1.1 +/- 0.1
1.068947,1.087548,1.077586,1.072386,1.087548,1.082251,1.079914,1.077006,1.077006,1.090513,1.081666,1.079331
1.074691,1.085187,1.085776,1.077586,1.078749,1.078749,1.077586,1.071237,1.083424,1.072961,1.074691,1.084599
1.076426,1.078167,1.080497,1.075269,1.071237,1.081081,1.078167,1.077586,1.071811,1.086957,1.079914,1.078749


B:
Limits 0.0 +/- 35.0
17.103191,10.875621,14.008742,12.868753,14.138264,10.822549,10.799102,8.615829,9.692835,13.086248,9.735032,11.872686
11.821486,14.107427,9.771991,12.931156,11.866045,12.944794,9.698398,11.783437,11.917675,13.948658,9.672105,8.676929
11.840678,9.703633,11.885475,11.827781,11.783437,12.973151,10.781801,9.698398,10.718273,11.956598,9.719189,15.102291
========================================================
Test10 (ADC Calibration) results 2008-03-27 11:24:08
Board ID153 36 channels
Linux calibration software

Voltmeter channel: A=1.07588, B=26.2141

A:
1.06919,1.08754,1.07896,1.07304,1.08674,1.08225,1.07922,1.07597,1.07627,1.08929,1.08072,1.07846
1.07374,1.08574,1.0846,1.07733,1.07876,1.07773,1.07727,1.07129,1.08311,1.07338,1.07398,1.08311
1.07597,1.07763,1.08106,1.07627,1.07145,1.08166,1.07743,1.07707,1.07129,1.0871,1.0792,1.08046


B:
12.3421,6.85173,7.81678,7.91874,11.1057,6.89339,8.88205,8.74797,7.68647,9.79762,6.9553,9.38098
11.2941,8.87727,9.43048,9.1227,8.15239,10.2864,8.40114,9.04107,9.87232,9.41327,6.64217,8.15538
9.672,7.93693,6.59889,4.83902,8.57266,8.82839,9.27155,6.65838,8.78374,7.93441,7.46814,8.28907


