========================================================

Test11 results 04-11-2006  14:29:59
Board ID153  36 channels
HV Tests Software Ver.1.6

+5V 2493 - O'k
-5V 1348 - O'k
Interlock - On
Calibration DAC Range: [2500 - 2900]


A:
Limits 0.76 +/- 0.04
0.746269,0.733945,0.739372,0.744879,0.733945,0.738007,0.739372,0.740741,0.739372,0.728597,0.740741,0.740741
0.743494,0.733945,0.738007,0.740741,0.738007,0.740741,0.740741,0.744879,0.735294,0.744879,0.742115,0.738007
0.740741,0.740741,0.738007,0.742115,0.746269,0.739372,0.739372,0.740741,0.742115,0.735294,0.743494,0.739372


B:
Limits 60.0 +/- 40.0
55.324554,61.600674,62.153225,57.078568,57.609669,58.931095,59.025696,64.613625,68.990608,71.374222,50.750782,54.564259
57.132977,62.982197,51.283638,59.163506,67.453674,56.962803,61.491158,59.974613,63.979439,54.754276,63.932259,55.113491
62.154137,59.229332,62.736263,62.407444,56.424644,56.017307,63.748398,61.558254,70.01503,55.530739,60.108044,58.165203
========================================================
Test11 (DAC Calibration) results 2008-03-27 11:24:08
Board ID153 36 channels
Linux calibration software
Calibration DAC Range: [1100 - 2700]

A:
0.74599,0.733407,0.739235,0.742942,0.733945,0.736988,0.738689,0.74129,0.741084,0.731863,0.737667,0.739577
0.742459,0.734619,0.735024,0.739987,0.739372,0.739713,0.740398,0.744532,0.736038,0.74308,0.742666,0.736038
0.74129,0.739782,0.737803,0.741084,0.744048,0.737395,0.739919,0.740535,0.744532,0.733339,0.743149,0.738212


B:
61.8796,67.6568,66.106,67.3105,62.9358,66.0063,65.8356,66.1972,66.188,66.0233,67.266,64.1489
65.6055,65.3628,66.2621,65.646,66.6543,65.5849,65.664,64.3555,65.1302,64.8895,66.9514,67.1911
64.7146,66.5249,67.8134,69.8934,66.8154,66.1721,66.3336,66.9536,66.1423,66.5781,66.2796,65.7655


