========================================================

Test10 results 03-24-2005  13:35:03
Board ID313  30 channels
HV Tests Software Ver.1.6

+5V 2500 - O'k
-5V 1330 - O'k
Interlock - On

Voltmeter channel: A=1.083424, B=5.417133

A:
Limits 1.1 +/- 0.1
1.077586,1.074114,1.073537,1.070091,1.072961,1.074114,1.078749,1.076426,1.077586,1.078749
1.070664,1.075847,1.066667,1.070091,1.074114,1.084011,1.077006,1.072386,1.078749,1.060445
1.082837,1.055966,1.077586,1.091703,1.080497,1.072386,1.066098,1.071811,1.077006,1.068947


B:
Limits 0.0 +/- 30.0
10.775984,5.370607,5.367522,9.630627,6.437928,9.667063,9.708548,9.687826,5.388053,9.708548
4.282662,4.303246,6.399792,10.700718,1.074152,10.840111,7.538823,7.506824,7.55105,10.6043
5.41436,8.447544,6.465639,6.550217,3.241499,5.362052,8.528736,9.646461,6.461817,1.068986
========================================================
Test10 (ADC Calibration) results 2007-09-07 16:46:12
Board ID313 30 channels
Linux calibration software

Voltmeter channel: A=1.07698, B=-1366.56

A:
1.07839,1.07363,1.07276,1.07015,1.07246,1.07353,1.07839,1.07283,1.07688,1.07859
1.06981,1.07578,1.0657,1.07075,1.0736,1.08408,1.07715,1.07182,1.07819,1.06509
1.08265,1.05638,1.08553,1.09091,1.07769,1.07088,1.06479,1.07226,1.07082,1.06941


B:
3.87454,2.85715,3.4075,4.25596,3.596,9.40724,7.2665,11.198,4.04986,5.33666
3.21885,0.472393,4.85002,7.13976,-3.17112,7.47537,3.38843,4.63524,5.568,7.75559
3.54079,4.63628,4.52552,5.6909,6.01503,5.51439,8.61327,5.99966,6.85642,-0.125497


