========================================================

Test16 results 04-19-2005  14:33:01
Board ID007  8 channels
HV Tests Software Ver.1.6
Calibration DAC Range: [1000 - 2300]


A:
Limits 0.57 +/- 0.1
0.565709,0.562041,0.566202,0.563014,0.563502,0.562527,0.559862,0.565709


B:
Limits 50.0 +/- 60.0
50.111855,51.837494,56.162071,58.428928,53.266792,50.702862,63.775753,50.921192
========================================================
Test16 (Master DAC Calibration) results 2008-02-21 07:08:24
Board ID7 7 channels
Linux calibration software
Calibration DAC Range: [1000 - 2300]

A:
0.566466,0.564163,0.564569,0.560484,0.563075,0.564884,0.559733,1.08645

B:
58.3167,60.6438,63.5647,66.6127,57.7181,53.9509,65.8216,-2047.22

========================================================
Test16 (Master DAC Calibration) results 2008-02-21 11:31:30
Board ID7 7 channels
Linux calibration software
Calibration DAC Range: [1000 - 2300]

A:
0.558556,0.561279,0.564289,0.562282,0.563145,0.564884,0.560345,0.561728

B:
70.5207,54.3983,64.6734,52.5682,58.0858,54.2737,64.9096,52.4379

