========================================================

Test10 results 01-24-2005  13:52:40
Board ID289  30 channels
HV Tests Software Ver.1.6

+5V 2547 - O'k
-5V 1301 - O'k
Interlock - On

Voltmeter channel: A=1.075847, B=9.682483

A:
Limits 1.1 +/- 0.1
1.083424,1.067806,1.070664,1.074691,1.061008,1.068947,1.078167,1.068947,1.068376,1.067236
1.071811,1.074114,1.070664,1.072961,1.061571,1.063264,1.064396,1.071237,1.071237,1.079914
1.066667,1.067236,1.073537,1.079914,1.076426,1.080497,1.067806,1.064396,1.071811,1.071811


B:
Limits 0.0 +/- 30.0
1.083439,10.6781,11.777308,9.672105,7.426984,11.758456,5.390965,9.620563,5.341896,7.470769
11.790084,7.518835,6.423989,-1.072801,8.492584,15.948853,10.64415,6.42725,11.783437,8.639275
12.799792,10.672477,9.661671,4.31962,7.534973,6.48299,16.017128,6.386566,7.502839,6.431027
========================================================

Test10 results 01-31-2005  17:31:33
Board ID289  30 channels
HV Tests Software Ver.1.6

+5V 2550 - O'k
-5V 1297 - O'k
Interlock - On

Voltmeter channel: A=1.075847, B=8.606635

A:
Limits 1.1 +/- 0.1
1.082251,1.067236,1.070091,1.074691,1.061008,1.068947,1.077586,1.068376,1.067806,1.06553
1.070664,1.074114,1.070091,1.072386,1.061008,1.062699,1.064396,1.070664,1.071811,1.079914
1.067236,1.066098,1.071237,1.080497,1.072961,1.080497,1.067806,1.064396,1.070091,1.071811


B:
Limits 0.0 +/- 30.0
3.246791,11.739713,11.770809,8.597414,6.365976,10.689509,6.465639,10.683776,6.406877,8.524389
11.777308,6.444721,6.420354,0.000122,8.487992,15.940704,9.579754,7.494653,9.646461,8.639275
9.605241,8.528736,10.712199,5.402493,6.437928,5.402493,13.881516,5.32217,11.770809,4.287405
========================================================
Test10 (ADC Calibration) results 2007-09-06 11:02:41
Board ID289 30 channels
Linux calibration software

Voltmeter channel: A=1.06229, B=-1478.91

A:
1.08246,1.06839,1.07034,1.07485,1.05961,1.06925,1.0775,1.06998,1.06859,1.06594
1.072,1.07422,1.06975,1.07163,1.06067,1.06339,1.06408,1.06998,1.07153,1.07952
1.0674,1.0666,1.07177,1.08036,1.05902,1.08012,1.06809,1.06428,1.07011,1.07204


B:
0.786403,5.24575,8.1502,4.99197,7.2576,8.61393,4.41723,4.34544,1.72655,5.39877
6.04521,3.8302,4.57537,-0.90707,6.55847,11.3563,7.51689,7.1355,7.00606,6.41327
6.72902,5.61829,6.77633,3.97877,-81.9543,3.84683,11.3665,3.68778,9.06014,1.85245


========================================================
Test10 (ADC Calibration) results 2007-09-06 11:55:00
Board ID289 30 channels
Linux calibration software

Voltmeter channel: A=1.06229, B=-1479.11

A:
1.08246,1.06839,1.07044,1.07475,1.05981,1.06998,1.0771,1.06935,1.06859,1.06574
1.0715,1.07402,1.07068,1.07193,1.06057,1.06392,1.06524,1.07018,1.07153,1.07952
1.0674,1.0668,1.07163,1.08016,1.06362,1.07988,1.06789,1.06398,1.07011,1.07194


B:
0.786403,5.24575,7.82251,5.32006,7.00231,6.20548,5.728,5.35539,2.79514,5.85316
6.48076,4.48598,1.51036,-1.28926,6.88696,10.6754,4.96534,6.67987,7.00606,6.61322
6.72902,5.16306,8.0213,4.23494,19.1232,4.35306,12.222,4.27382,9.06014,1.98128


========================================================
Test10 (ADC Calibration) results 2008-06-17 15:59:19
Board ID289 30 channels
Linux calibration software

Voltmeter channel: A=1.07, B=0

A:
1.09967,1.08434,1.08667,1.09163,1.07661,1.07239,1.09391,1.08586,1.08461,1.07962
1.08793,1.09046,1.08712,1.08865,1.07731,1.08068,1.08086,1.08739,1.08874,1.09683
1.08416,1.08309,1.0882,1.09701,1.0805,1.09692,1.08496,1.08015,1.08766,1.08748


B:
-0.799504,6.60234,9.00442,5.51335,6.01766,17.4651,4.07464,4.97292,2.44897,7.09393
6.97156,4.85415,1.63213,-1.96797,6.21941,8.91195,7.01736,4.42574,5.56861,5.76987
5.6842,4.72981,6.50427,3.62759,14.2637,3.71174,10.1442,4.43787,6.13367,4.56011


========================================================
Test10 (ADC Calibration) results 2008-07-16 21:23:30
Board ID289 30 channels
Linux calibration software

Voltmeter channel: A=1.07, B=0

A:
1.10037,1.08489,1.08741,1.09191,1.0774,1.06928,1.09475,1.08628,1.08507,1.07933
1.08778,1.09125,1.08797,1.08937,1.07831,1.0821,1.08145,1.08769,1.08947,1.09741
1.08479,1.08377,1.089,1.09798,1.08136,1.0976,1.08554,1.0808,1.08872,1.08853


B:
-1.88498,5.87735,7.88969,5.69214,4.85092,13.7173,2.42018,4.79771,2.232,6.71507
7.10923,3.24464,0.408144,-3.51369,4.85449,6.72975,6.03418,5.0203,4.89611,5.01425
5.09585,4.31146,5.32998,2.293,13.2569,3.08317,9.39738,3.61012,4.93711,2.93362


