========================================================

Test11 results 01-24-2005  13:54:52
Board ID289  30 channels
HV Tests Software Ver.1.6

+5V 2547 - O'k
-5V 1301 - O'k
Interlock - On
Calibration DAC Range: [2500 - 2900]


A:
Limits 0.76 +/- 0.04
0.738007,0.746269,0.746269,0.742115,0.750469,0.746269,0.742115,0.744879,0.749064,0.746269
0.742115,0.743494,0.744879,0.744879,0.753296,0.75188,0.749064,0.743494,0.742115,0.738007
0.747664,0.747664,0.742115,0.744879,0.740741,0.738007,0.746269,0.749064,0.746269,0.743494


B:
Limits 70.0 +/- 30.0
58.311825,60.674877,57.870541,59.944477,68.522125,59.390224,56.292061,66.273346,56.517548,71.824997
70.810776,60.912708,64.036896,65.221863,50.577328,49.972309,62.408012,66.920021,67.554596,65.12722
59.357269,60.316311,65.383514,54.819744,62.221592,65.19046,57.641338,60.897083,58.823051,63.013226
========================================================

Test11 results 01-31-2005  17:32:51
Board ID289  30 channels
HV Tests Software Ver.1.6

+5V 2551 - O'k
-5V 1297 - O'k
Interlock - On
Calibration DAC Range: [2500 - 2900]


A:
Limits 0.76 +/- 0.04
0.736648,0.750469,0.744879,0.743494,0.753296,0.747664,0.740741,0.746269,0.749064,0.749064
0.746269,0.742115,0.746269,0.744879,0.753296,0.75188,0.750469,0.747664,0.744879,0.738007
0.746269,0.747664,0.747664,0.743494,0.746269,0.739372,0.749064,0.750469,0.746269,0.746269


B:
Limits 70.0 +/- 30.0
65.141174,48.778709,64.757225,58.660625,61.668205,57.200073,64.751068,64.897232,56.517548,66.394547
59.62252,66.324928,62.09964,68.341042,52.973858,51.655777,58.767498,54.958176,60.273766,67.518181
66.965324,65.657288,51.98687,59.305195,54.250336,63.080868,50.27523,57.883095,62.020748,56.349033
