========================================================

Test10 results 06-24-2005  17:08:03
Board ID362  30 channels
HV Tests Software Ver.1.6

+5V 2492 - O'k
-5V 1317 - O'k
Interlock - On

Voltmeter channel: A=1.083424, B=10.834251

A:
Limits 1.1 +/- 0.1
1.078167,1.082837,1.080497,1.077586,1.071237,1.075269,1.076426,1.077006,1.075269,1.079914
1.077586,1.070664,1.079331,1.078167,1.077006,1.078749,1.079914,1.075847,1.078749,1.086366
1.075847,1.074691,1.084599,1.075269,1.080497,1.077006,1.079914,1.085187,1.077006,1.079914


B:
Limits 0.0 +/- 30.0
9.703633,10.828545,14.04647,9.698398,13.925911,12.903049,11.840678,2.153793,4.300899,8.639275
8.620811,3.211998,9.714025,10.781801,7.538823,8.629799,10.799102,10.758329,11.866045,8.691105
8.606635,5.373341,11.930725,11.827781,9.724482,7.538823,14.038843,15.192614,9.692835,15.118756
========================================================
Test10 (ADC Calibration) results 2007-11-06 11:40:03
Board ID362 30 channels
Linux calibration software

Voltmeter channel: A=1.07992, B=-1331.93

A:
1.0772,1.08364,1.08049,1.0777,1.07195,1.0749,1.07598,1.08065,1.07608,1.08155
1.07856,1.07019,1.08122,1.07967,1.07829,1.07817,1.07978,1.07953,1.08073,1.04898
1.0752,1.07742,1.09188,1.07593,1.08106,1.07669,1.08278,1.08528,1.07817,1.0799


B:
9.4234,6.48103,10.0246,7.25919,12.4535,10.1786,8.59208,-1.2223,3.11187,2.04475
4.78238,0.492949,6.90873,8.41124,4.56953,6.58079,8.08288,6.62942,7.71241,33.8847
8.79253,2.48162,6.78476,7.17299,6.3824,4.37236,9.79676,12.1482,8.24978,12.3274


