========================================================

Test11 results 06-24-2005  17:10:54
Board ID362  30 channels
HV Tests Software Ver.1.6

+5V 2492 - O'k
-5V 1317 - O'k
Interlock - On
Calibration DAC Range: [2500 - 2900]


A:
Limits 0.76 +/- 0.04
0.754717,0.750469,0.753296,0.757576,0.759013,0.756144,0.754717,0.757576,0.757576,0.753296
0.756144,0.761905,0.753296,0.756144,0.754717,0.754717,0.753296,0.757576,0.756144,0.750469
0.759013,0.759013,0.749064,0.760456,0.754717,0.759013,0.753296,0.749064,0.756144,0.753296


B:
Limits 60.0 +/- 30.0
59.238792,62.365204,58.371986,52.363197,59.086803,59.176281,64.019897,54.093452,61.838814,60.185158
57.323952,58.764084,67.315536,52.429695,59.142796,62.068428,58.464676,56.541145,50.076897,53.927742
48.593666,53.190365,67.044487,56.163521,52.288063,51.145515,54.487621,59.004307,63.544968,61.718597
========================================================
Test11 (DAC Calibration) results 2007-11-06 11:40:03
Board ID362 30 channels
Linux calibration software
Calibration DAC Range: [1100 - 2700]

A:
0.754361,0.750258,0.752445,0.754006,0.758438,0.756358,0.755216,0.75195,0.755144,0.752092
0.753792,0.759301,0.751174,0.753012,0.754361,0.753296,0.752941,0.752729,0.752658,0.775044
0.756144,0.755358,0.74384,0.759878,0.751668,0.754717,0.750469,0.748363,0.753296,0.752092


B:
65.7709,67.4952,66.4409,68.2187,62.9126,63.033,68.8287,72.9861,71.3423,69.484
69.5657,74.9429,73.8966,65.211,63.5078,72.5047,65.4588,69.5146,63.5901,46.0957
64.0831,64.5548,76.476,62.766,66.4568,72.8301,63.9024,67.5584,76.1206,71.4393


========================================================
Test11 (DAC Calibration) results 2008-03-26 15:13:35
Board ID362 30 channels
Linux calibration software
Calibration DAC Range: [1100 - 2700]

A:
0.754432,0.750328,0.752304,0.754148,0.758294,0.756501,0.755287,0.752233,0.755786,0.7528
0.753935,0.759301,0.751174,0.753296,0.754575,0.753509,0.75287,0.752658,0.752941,0.759374
0.756144,0.755144,0.743909,0.759734,0.75195,0.754717,0.751103,0.748433,0.758653,0.751668


B:
65.6734,67.5483,66.9364,68.0243,63.4122,62.8368,68.4289,71.6972,70.6188,68.9657
69.3714,74.9429,73.8966,64.9718,62.7616,72.2143,65.7067,70.0628,63.1999,59.6582
64.0831,65.3011,76.3809,62.963,65.4666,72.8301,62.8766,67.911,69.7487,72.9213


