========================================================

Test10 results 08-30-2005  11:23:31
Board ID389  30 channels
HV Tests Software Ver.1.6

+5V 2490 - O'k
-5V 1318 - O'k
Interlock - On

Voltmeter channel: A=1.077586, B=14.008742

A:
Limits 1.1 +/- 0.1
1.080497,1.078167,1.077586,1.072386,1.072961,1.084599,1.079914,1.085776,1.082251,1.073537
1.072961,1.075847,1.079331,1.079914,1.077006,1.080497,1.075269,1.075847,1.075847,1.076426
1.075269,1.069519,1.074691,1.081081,1.071237,1.077006,1.077586,1.078167,1.079914,1.079914


B:
Limits 0.0 +/- 30.0
2.161002,5.390965,8.620811,0.000122,-1.072801,4.338535,-1.079948,5.428885,7.575796,5.367522
15.021619,4.303246,8.634694,4.31962,9.692835,2.161002,13.978319,-0.000143,2.151552,-1.049042e-005
7.526706,12.834341,12.896177,7.567746,8.569725,9.692835,1.077708,6.469132,2.159793,10.799102
========================================================

Test10 results 08-30-2005  11:58:16
Board ID389  30 channels
HV Tests Software Ver.1.6

+5V 2489 - O'k
-5V 1320 - O'k
Interlock - On

Voltmeter channel: A=1.078167, B=15.094469

A:
Limits 1.1 +/- 0.1
1.079914,1.078167,1.077006,1.071811,1.072386,1.084011,1.079914,1.085187,1.081666,1.072961
1.073537,1.075847,1.079331,1.078749,1.077006,1.080497,1.075847,1.075269,1.075847,1.076426
1.076426,1.070091,1.074691,1.081666,1.081081,1.077586,1.077586,1.077586,1.078749,1.079914


B:
Limits 0.0 +/- 30.0
5.399534,4.312799,11.846848,1.071971,0.000122,5.420056,-3.433228e-005,7.596303,8.653366,6.437928
15.029358,3.227399,8.634694,8.629799,10.769841,2.161002,11.834177,2.150361,2.151552,1.076416
3.229268,11.770809,12.896177,6.490035,6.486665,7.543225,1.077708,8.620811,5.393553,11.879015
========================================================
Test10 (ADC Calibration) results 2008-01-24 11:35:35
Board ID389 30 channels
Linux calibration software

Voltmeter channel: A=1.01653, B=-1304.3

A:
1.07974,1.07698,1.07557,1.07069,1.0716,1.08266,1.07758,1.08463,1.08141,1.0721
1.07305,1.07426,1.08222,1.07919,1.07859,1.07869,1.07557,1.07452,1.07571,1.07355
1.07375,1.06962,1.07442,1.0803,1.08018,1.07657,1.07661,1.07722,1.07704,1.07915


B:
0.254392,2.06988,8.83022,-3.8995,-3.13335,3.52426,-0.373864,3.68306,3.85268,3.29923
10.2292,0.619446,6.70259,4.94848,3.19137,1.98475,10.2789,-2.34444,-0.925045,1.66292
5.186,7.71015,8.75988,4.73704,3.52781,3.674,1.3184,3.54747,3.39135,8.1117


