========================================================

Test10 results 08-13-2005  14:19:07
Board ID003  36 channels
HV Tests Software Ver.1.6.1

+5V 2525 - O'k
-5V 1374 - O'k
Interlock - On

Voltmeter channel: A=1.079331, B=7.555364

A:
Limits 1.1 +/- 0.1
1.078167,1.084011,1.077586,1.079914,1.078749,1.078167,1.077586,1.078167,1.085187,1.078167,1.072961,1.076426
1.077006,1.077586,1.078167,1.084011,1.077586,1.074691,1.079331,1.075269,1.070091,1.080497,1.078167,1.078167
1.080497,1.078167,1.085776,1.075847,1.075269,1.080497,1.072961,1.078167,1.081081,1.076426,1.091107,1.075847


B:
Limits 0.0 +/- 30.0
3.234631,5.420056,7.543225,8.639275,8.629799,8.625466,9.698398,3.234631,3.255554,9.703633,7.51089,6.458547
9.692835,8.620811,6.469132,4.336046,6.465639,6.448031,7.555364,8.601974,8.560535,8.643984,6.469132,3.234631
2.161002,6.469132,5.428885,5.379094,8.601974,6.48299,7.51089,8.625466,10.810989,6.458547,6.546595,6.454941
========================================================
Test10 (ADC Calibration) results 2008-01-24 05:18:53
Board ID3 36 channels
Linux calibration software

Voltmeter channel: A=1.07748, B=9.36614

A:
1.07851,1.08373,1.07769,1.07936,1.07835,1.07986,1.07739,1.07869,1.08434,1.07974,1.07179,1.07563
1.07594,1.07795,1.07771,1.08243,1.07661,1.07578,1.08151,1.07447,1.06951,1.08086,1.07651,1.07771
1.07966,1.07755,1.08689,1.07638,1.0757,1.08227,1.07286,1.07811,1.08307,1.07644,1.09061,1.0747


B:
-2.8119,1.51671,2.85965,5.58796,5.08192,3.22097,5.01595,-0.393355,-1.62652,3.29786,3.75361,5.10049
9.33906,2.59955,1.34149,3.79562,4.13093,-0.403435,2.09967,5.93078,4.06778,3.76663,5.36628,-0.736222
-0.361176,2.87199,-0.655097,1.77282,1.92197,2.71837,2.22371,4.78172,7.65049,0.816373,-1.46608,2.16146


