========================================================

Test10 results 09-18-2006  18:44:18
Board ID069  36 channels
HV Tests Software Ver.1.6.1

+5V 2932 - O'k
-5V 1348 - O'k
Interlock - On

Voltmeter channel: A=1.078167, B=17.250803

A:
Limits 1.1 +/- 0.1
1.075269,1.06553,1.071237,1.071237,1.082251,1.067806,1.081666,1.079914,1.070091,1.075847,1.078749,1.070664
1.075847,1.083424,1.071237,1.078167,1.080497,1.068947,1.083424,1.072961,1.071811,1.070664,1.058201,1.057642
1.077586,1.083424,1.073537,1.071811,1.082251,1.081666,1.028278,1.071237,1.089918,1.067236,1.008573,1.079331


B:
Limits 0.0 +/- 30.0
11.827781,13.852039,8.569725,18.210861,20.562809,17.084934,19.470024,9.719189,14.981082,16.137566,12.944794,12.847973
16.137566,10.834251,13.925911,10.781801,19.448956,14.965298,13.001099,15.021619,16.07733,19.271955,17.989357,23.267937
16.163914,22.751911,15.029358,19.292763,17.316055,16.225027,105.912598,13.925911,15.258857,17.075891,53.454567,17.269341
Channels:
  31  35
Out of range 0.0 +/- 30.0
