========================================================

Test11 results 09-18-2006  18:58:19
Board ID069  36 channels
HV Tests Software Ver.1.6.1

+5V 2932 - O'k
-5V 1349 - O'k
Interlock - On
Calibration DAC Range: [2500 - 2900]


A:
Limits 0.76 +/- 0.04
0.749064,0.757576,0.750469,0.750469,0.742115,0.753296,0.743494,0.749064,0.753296,0.747664,0.747664,0.75188
0.749064,0.743494,0.753296,0.746269,0.744879,0.753296,0.742115,0.750469,0.75188,0.75188,0.761905,0.761905
0.746269,0.740741,0.75188,0.753296,0.743494,0.744879,0.78125,0.75188,0.739372,0.754717,0.801603,0.747664
Channels:
  35
Out of range 0.76 +/- 0.04


B:
Limits 60.0 +/- 30.0
65.639809,61.713043,73.380753,69.452888,70.560928,70.018829,57.912956,50.160564,59.942577,62.340988,60.812077,64.753464
59.196144,67.640099,57.709541,71.738457,58.991505,62.45203,67.493721,68.923012,67.262054,59.118404,63.506271,50.823051
64.500778,67.118507,54.002098,49.822926,66.91185,60.753681,-5.235672,62.520401,63.392067,62.264107,26.343342,55.408489
Channels:
  31  35
Out of range 60.0 +/- 30.0
========================================================
Test11 (DAC Calibration) results 2008-03-13 05:51:33
Board ID69 36 channels
Linux calibration software
Calibration DAC Range: [1100 - 2700]

A:
0.750117,0.756716,0.7528,0.752021,0.744463,0.754006,0.746617,0.746965,0.754361,0.749415,0.746896,0.754006
0.749485,0.744255,0.753154,0.747105,0.74599,0.754077,0.744394,0.750751,0.752092,0.752233,0.761687,0.759301
0.748994,0.742597,0.750821,0.752233,0.744532,0.745295,0.748013,0.752941,0.739303,0.755144,0.79976,0.747733


B:
74.5899,74.1958,75.4399,75.7474,72.0453,76.8143,59.216,65.4528,68.0339,66.8571,70.927,69.2742
67.3599,75.0117,69.6855,78.4088,65.9083,71.5901,70.801,78.2282,77.1553,65.6793,77.5113,64.4646
66.3888,68.8296,68.3716,63.4226,72.5453,69.5545,69.986,68.4705,74.1432,72.0974,32.6401,67.2307


========================================================
Test11 (ADC Calibration) results 2008-06-19 12:56:33
Board ID069 36 channels
Linux calibration software

Calibration DAC Range: [1000 - 3500]

A:
0.738,0.7444,0.7404,0.7404,0.7296,0.7416,0.734,0.7304,0.7424,0.7372,0.734,0.7512
0.7372,0.732,0.7412,0.7268,0.7344,0.742,0.7328,0.7384,0.7396,0.7408,0.7496,0.7496
0.736,0.7384,0.7388,0.7408,0.7324,0.7336,0.7292,0.7396,0.7248,0.744,0.7896,0.734


B:
74.0001,75.5999,77.5999,75.5999,75.4,78.4001,61.9999,66.5999,67.6,68.7999,67.9999,63.7999
69.7999,75,69.8001,79.1999,65.6001,72.0001,71.2,78.6001,78.4,66.1999,77.4,64.4
68,58.6001,68.2,62.1999,73.6,68.3999,70.8,69.4,75.2,69.9999,43.3999,69.9999


