========================================================

Test10 results 12-16-2005  15:00:24
Board ID129  36 channels
HV Tests Software Ver.1.6

+5V 3083 - O'k
-5V 1354 - O'k
Interlock - On

Voltmeter channel: A=1.066098, B=8.528736

A:
Limits 1.1 +/- 0.1
1.079331,1.075269,1.075847,1.075847,1.074691,1.071811,1.079331,1.081081,1.079914,1.074114,1.072386,1.078749
1.059322,1.073537,1.084011,1.074114,1.078749,1.080497,1.080497,1.084011,1.085776,1.082837,1.081081,1.071237
1.079914,1.082251,1.081081,1.076426,1.075847,1.072961,1.074114,1.067236,1.074691,1.076426,1.071237,1.074691


B:
Limits 0.0 +/- 35.0
10.793356,7.526706,7.530788,15.061719,13.970869,7.502839,7.555364,7.567746,11.879015,2.148266,9.651596,8.629799
7.415384,9.661671,5.420056,8.592949,16.18104,19.448956,4.321996,9.7561,11.943543,14.077056,5.405584,14.997149
4.31962,3.246791,7.567746,1.076416,7.530788,5.364967,5.370607,5.336298,15.04556,5.382121,11.783437,7.522722
========================================================

Test10 results 12-16-2005  15:20:32
Board ID129  36 channels
HV Tests Software Ver.1.6

+5V 3083 - O'k
-5V 1354 - O'k
Interlock - On

Voltmeter channel: A=1.064963, B=11.714521

A:
Limits 1.1 +/- 0.1
1.079914,1.082837,1.075847,1.075269,1.074691,1.072386,1.078749,1.080497,1.080497,1.072961,1.071237,1.079331
1.059322,1.072386,1.083424,1.074691,1.078749,1.081081,1.079331,1.084599,1.085776,1.083424,1.081666,1.070664
1.080497,1.082251,1.079914,1.076426,1.077006,1.072961,1.073537,1.066098,1.074691,1.076426,1.070091,1.075269


B:
Limits 0.0 +/- 35.0
9.719189,6.497197,7.530788,17.204124,15.04556,7.506824,9.708548,8.643984,10.804978,5.364967,12.854673,7.555364
8.474706,12.868753,7.583981,7.522722,15.102291,18.378557,6.476033,8.676929,11.943543,13.001099,4.326704,17.130627
2.161002,3.246791,10.799102,2.152842,4.307805,5.364967,6.441059,8.528736,15.04556,5.382121,14.981082,5.376168
========================================================
Test10 (ADC Calibration) results 2007-10-25 14:57:00
Board ID129 36 channels
Linux calibration software

Voltmeter channel: A=1.06506, B=5.60352

A:
1.08008,1.08231,1.07586,1.07592,1.07403,1.07092,1.0784,1.08136,1.08008,1.07299,1.07112,1.07727
1.05882,1.07329,1.08343,1.07396,1.07913,1.08034,1.07917,1.08369,1.08524,1.08351,1.08099,1.07062
1.07923,1.08168,1.08063,1.07558,1.07497,1.07231,1.07302,1.06657,1.07318,1.07627,1.0707,1.07349


B:
3.25719,2.12332,3.28243,11.2308,11.8984,6.35451,4.91328,1.84502,6.53722,-0.253389,7.25427,7.07679
5.35276,6.36194,2.03231,5.08243,9.37711,14.9657,3.17642,7.10226,7.5798,9.22443,0.824319,11.6213
0.932551,-0.902737,4.52096,-1.46062,5.15709,2.83522,3.33451,2.86129,12.9419,0.273928,6.7234,3.01183


