========================================================

Test10 results 12-12-2006  21:54:36
Board ID387  30 channels
HV Tests Software Ver.1.6.8

+5V 2507 - O'k
-5V 1299 - O'k
Interlock - On
Number of Samples: 400

Voltmeter channel: A=1.087548, B=14.138264

A:
Limits 1.1 +/- 0.1
1.072961,1.079914,1.068947,1.073537,1.075269,1.076426,1.067806,1.071237,1.082837,1.069519
1.078749,1.074114,1.071237,1.076426,1.074691,1.086366,1.076426,1.073537,1.068947,1.060445
1.088732,1.085187,1.082837,1.078749,1.082837,1.075269,1.078167,1.070091,1.079331,1.075847


B:
Limits 0.0 +/- 30.0
12.875696,15.118756,12.827404,12.882283,15.053588,11.840678,13.881516,12.854673,11.911382,10.695304
9.708548,7.518835,13.925911,12.917105,11.821486,14.122935,6.458547,11.808746,20.310034,22.269199
8.709784,14.107427,11.911382,9.708548,15.159893,16.128857,11.859968,14.981082,10.793356,18.289261
========================================================
Test10 (ADC Calibration) results 2008-04-11 11:31:41
Board ID387 30 channels
Linux calibration software

Voltmeter channel: A=1.08055, B=-1410.4

A:
1.07077,1.07838,1.06707,1.07234,1.07334,1.07481,1.06653,1.069,1.08208,1.0682
1.07772,1.0733,1.0695,1.07494,1.07277,1.08436,1.07424,1.07124,1.07174,1.066
1.087,1.08434,1.0814,1.0771,1.08154,1.07344,1.07598,1.06797,1.07754,1.074


B:
8.55496,9.26742,7.35549,5.9884,10.1689,6.26489,8.30334,8.23198,4.13505,5.38593
3.88925,0.382287,8.60465,6.80462,6.23264,9.14981,2.39313,6.63238,11.3367,15.312
3.88391,6.54794,5.37773,4.92743,8.11689,10.3478,6.90263,10.2688,5.1382,12.872


