========================================================

Test11 results 12-12-2006  21:58:36
Board ID387  30 channels
HV Tests Software Ver.1.6.8

+5V 2506 - O'k
-5V 1299 - O'k
Interlock - On
Calibration DAC Range: [2500 - 2900]
Number of Samples: 400

A:
Limits 0.76 +/- 0.04
0.747664,0.743494,0.75188,0.747664,0.746269,0.744879,0.750469,0.749064,0.740741,0.749064
0.744879,0.744879,0.747664,0.744879,0.747664,0.736648,0.744879,0.747664,0.750469,0.754717
0.735294,0.739372,0.740741,0.747664,0.740741,0.747664,0.743494,0.75188,0.743494,0.746269


B:
Limits 60.0 +/- 30.0
61.766369,60.911076,58.047489,64.256149,62.574253,65.611397,67.209724,65.032661,62.164986,71.984177
57.08548,78.100845,71.132607,67.214996,55.584087,73.44735,74.43119,61.848328,58.566139,67.610329
77.30323,63.669693,66.175407,64.201569,62.967033,53.250927,64.700974,51.787945,64.85054,59.442333
========================================================
Test11 (DAC Calibration) results 2008-04-11 11:31:41
Board ID387 30 channels
Linux calibration software
Calibration DAC Range: [1100 - 2700]

A:
0.747873,0.742597,0.750469,0.746408,0.745712,0.745434,0.750469,0.748363,0.740056,0.748923
0.743425,0.745365,0.748013,0.744602,0.746478,0.737395,0.745087,0.747175,0.746826,0.750469
0.735971,0.738144,0.739782,0.747594,0.740056,0.745643,0.744255,0.749836,0.742804,0.744879


B:
70.1786,72.0969,71.8575,77.4212,72.7072,72.1953,74.8593,76.2395,71.9149,79.9662
69.1667,84.5152,78.3637,76.0239,67.92,78.5604,82.5091,72.9334,71.023,74.1089
82.7415,75.4567,77.6217,72.0587,74.2831,69.3727,71.4393,68.0758,75.6731,72.812


========================================================
Test11 (ADC Calibration) results 2008-06-19 12:56:33
Board ID387 30 channels
Linux calibration software

Calibration DAC Range: [1000 - 3500]

A:
0.736,0.7304,0.7388,0.7348,0.734,0.7336,0.7388,0.7368,0.7288,0.7368
0.7312,0.734,0.7356,0.7328,0.7344,0.7252,0.7332,0.7352,0.7388,0.744
0.7244,0.7264,0.7284,0.736,0.728,0.7336,0.7316,0.738,0.7308,0.7328


B:
71,73.5999,72.2,77.2001,72.9999,72.3999,76.2,76.2,71.2,81.2
69.8001,83.9999,80.4,77.2,68.6001,80.8,82.7999,73.8,70.2,73.9999
83.6001,76.5999,77.6,72,75.0001,70.3999,74.4,66.0001,77.2001,74.2


========================================================
Test11 (ADC Calibration) results 2008-07-17 10:58:43
Board ID387 30 channels
Linux calibration software

Calibration DAC Range: [1000 - 3500]

A:
0.7356,0.73,0.738,0.734,0.7328,0.7332,0.7384,0.736,0.7284,0.7364
0.7316,0.7336,0.7356,0.732,0.7344,0.7248,0.7324,0.7352,0.7384,0.7432
0.7236,0.7256,0.728,0.7356,0.728,0.7336,0.7316,0.7376,0.7304,0.7324


B:
72.4,73.9999,73.0001,78.9999,75.2,72.7999,76.6001,77,71.6,81.6
68.4,84.3999,79.4,78,68.6001,81.2,83.6,73.8,70.6001,74.8
84.4001,77.4,78.0001,72.4,74.0001,69.3999,73.4,69.3999,77.5999,74.6


========================================================
Test11 (ADC Calibration) results 2008-07-20 18:37:46
Board ID387 30 channels
Linux calibration software

Calibration DAC Range: [1000 - 3500]

A:
0.7356,0.7304,0.738,0.7344,0.7336,0.7332,0.7384,0.736,0.7288,0.7364
0.7316,0.7336,0.7356,0.7324,0.7348,0.7256,0.7328,0.7352,0.7388,0.7448
0.724,0.7264,0.728,0.736,0.728,0.7332,0.7324,0.7376,0.7304,0.7328


B:
71.4,73.5999,73.0001,77.6001,73.3999,72.7999,76.6001,78,70.2,81.6
68.4,84.3999,80.4,77.6,67.2001,79.4,83.2,73.8,71.2,74.2001
84.0001,75.5999,78.0001,72,74.0001,70.7999,71.6,69.3999,77.5999,74.2


========================================================
Test11 (ADC Calibration) results 2008-07-24 23:03:59
Board ID387 30 channels
Linux calibration software

Calibration DAC Range: [1000 - 3500]

A:
0.7356,0.7304,0.738,0.734,0.734,0.7336,0.77,0.736,0.7284,0.7364
0.7312,0.7336,0.7356,0.7324,0.7348,0.7252,0.7328,0.7352,0.7388,0.7444
0.724,0.7268,0.7284,0.736,0.7284,0.7336,0.7316,0.7376,0.7304,0.7328


B:
72.4,73.5999,74.0001,79.9999,73.9999,72.3999,45.0001,78,71.6,82.6
69.8001,85.3999,80.4,78.6,68.2001,80.8,83.2,74.8,72.2,75.5999
84.0001,76.1999,77.6,73,73.6,70.3999,74.4,69.3999,78.5999,74.2


========================================================
Test11 (ADC Calibration) results 2008-08-12 23:20:39
Board ID387 30 channels
Linux calibration software

Calibration DAC Range: [1000 - 3500]

A:
0.7352,0.7304,0.7376,0.734,0.7328,0.7332,0.7644,0.736,0.7284,0.7364
0.7308,0.7336,0.7352,0.732,0.7344,0.7248,0.7328,0.7348,0.7384,0.7432
0.724,0.7264,0.728,0.736,0.728,0.7332,0.7316,0.7376,0.7304,0.7324


B:
72.8,73.5999,74.3999,78.9999,75.2,72.7999,50.6,77,71.6,81.6
69.2001,84.3999,80.8,78,68.6001,81.2,83.2,75.2001,71.6001,74.8
84.0001,76.5999,78.0001,72,74.0001,69.7999,73.4,69.3999,77.5999,74.6


========================================================
Test11 (ADC Calibration) results 2008-08-13 01:14:42
Board ID387 30 channels
Linux calibration software

Calibration DAC Range: [1000 - 3500]

A:
0.7356,0.7304,0.7376,0.734,0.7328,0.7332,0.7644,0.7356,0.728,0.7364
0.7304,0.7336,0.7356,0.7324,0.7344,0.7252,0.7324,0.7344,0.738,0.7428
0.724,0.7264,0.728,0.736,0.728,0.7332,0.7316,0.7376,0.7304,0.7328


B:
72.4,73.5999,74.3999,78.9999,75.2,72.7999,50.6,77.4,72.0001,81.6
70.5999,84.3999,80.4,77.6,68.6001,80.8,83.6,76.6001,72.0001,75.2
84.0001,75.5999,78.0001,72,74.0001,69.7999,73.4,69.3999,77.5999,74.2


========================================================
Test11 (DAC Calibration) results 2008-08-27 10:33:17
Board ID387 30 channels
Linux calibration (server mode)

Calibration DAC Range: [3100 - 3500]

A:
0.755714,0.751429,0.758857,0.756,0.754286,0.754,0.759429,0.757714,0.748571,0.759143
0.750571,0.757143,0.758,0.754,0.754,0.748286,0.756286,0.756286,0.758,0.766
0.747429,0.748,0.749714,0.756,0.749143,0.753143,0.752571,0.757429,0.752571,0.754


B:
0.0,0.0,0.0,0.0,0.0,0.0,0.0,0.0,0.0,0.0
0.0,0.0,0.0,0.0,0.0,0.0,0.0,0.0,0.0,0.0
0.0,0.0,0.0,0.0,0.0,0.0,0.0,0.0,0.0,0.0


========================================================
Test11 (ADC Calibration) results 2008-08-27 13:08:29
Board ID387 30 channels
Linux calibration software

Calibration DAC Range: [1000 - 3500]

A:
0.7356,0.7296,0.738,0.734,0.7328,0.7332,0.738,0.736,0.7284,0.7364
0.7304,0.7332,0.7356,0.746,0.7344,0.7256,0.7328,0.7352,0.7388,0.7444
0.7236,0.726,0.7272,0.736,0.728,0.7332,0.7316,0.7376,0.73,0.7328


B:
71.4,74.4,72.0001,77.9999,75.2,71.7999,76.0001,76,71.6,79.6
69.5999,84.7999,79.4,63,67.6001,78.4,82.2,72.8,69.2,75.5999
84.4001,77,78.8001,72,74.0001,69.7999,73.4,68.3999,77.9999,74.2


========================================================
Test11 (DAC Calibration) results 2008-08-28 18:58:23
Board ID387 30 channels
Linux calibration (server mode)

Calibration DAC Range: [3100 - 3500]

A:
0.74,0.7375,0.74,0.74,0.745,0.745,0.7675,0.745,0.7375,0.7425
0.735,0.7375,0.74,0.755,0.7375,0.7325,0.7425,0.745,0.745,0.75
0.73,0.7325,0.7325,0.7375,0.735,0.74,0.7375,0.7475,0.7375,0.7375


B:
86.0,79.7,97.0,89.0,65.5,63.5,82.8,76.5,70.7,91.2
85.5,100.7,94.0,68.5,87.7,85.2,80.2,70.5,81.5,91.0
93.0,85.2,92.2,96.7,81.5,78.0,82.7,65.7,83.7,87.7


========================================================
Test11 (DAC Calibration) results 2008-08-30 18:23:00
Board ID387 30 channels
Linux calibration (server mode)

Calibration DAC Range: [3100 - 3500]

A:
0.745,0.7375,0.745,0.7425,0.74,0.74,0.7675,0.7425,0.7375,0.745
0.7375,0.74,0.7425,0.7525,0.7425,0.7325,0.7425,0.7425,0.745,0.7575
0.73,0.735,0.7375,0.745,0.7375,0.7425,0.74,0.745,0.7425,0.745


B:
73.5,81.7,83.5,83.2,85.0,83.0,82.8,88.2,73.7,85.5
79.7,95.0,89.2,80.3,74.2,88.2,82.2,82.2,81.5,67.8
96.0,79.5,78.7,75.5,75.7,72.2,79.0,77.5,70.2,66.5


========================================================
Test11 (DAC Calibration) results 2008-08-30 21:24:22
Board ID387 30 channels
Linux calibration (server mode)

Calibration DAC Range: [3100 - 3500]

A:
0.725,0.72,0.7275,0.72,0.725,0.72,0.7625,0.7275,0.715,0.725
0.7175,0.7225,0.7275,0.7325,0.72,0.71,0.7225,0.7225,0.7275,0.735
0.715,0.7125,0.7175,0.725,0.7175,0.72,0.7225,0.7275,0.7225,0.7225


B:
71.5,72.0,71.7,89.0,66.5,80.0,67.3,68.7,80.5,83.5
77.8,84.2,70.7,74.2,80.0,95.0,80.2,78.2,73.7,75.5
77.5,86.3,75.8,72.5,73.8,78.0,67.2,66.7,67.2,72.2


========================================================
Test11 (DAC Calibration) results 2008-08-30 21:52:05
Board ID387 30 channels
Linux calibration (server mode)

Calibration DAC Range: [3100 - 3500]

A:
0.7475,0.7425,0.7475,0.7425,0.74,0.745,0.7775,0.74,0.74,0.745
0.7425,0.7425,0.745,0.75,0.7425,0.735,0.74,0.7475,0.745,0.7525
0.7325,0.735,0.735,0.745,0.7375,0.7425,0.74,0.745,0.74,0.74


B:
65.7,66.2,74.7,83.2,85.0,66.5,83.8,96.0,66.0,85.5
63.2,87.2,81.5,70.0,74.2,80.5,91.0,65.7,84.5,85.3
88.2,79.5,87.5,75.5,75.7,72.2,79.0,77.5,78.0,83.0


========================================================
Test11 (DAC Calibration) results 2008-08-31 12:06:23
Board ID387 30 channels
Linux calibration (server mode)

Calibration DAC Range: [3100 - 3500]

A:
0.7425,0.7375,0.7475,0.7475,0.745,0.745,0.7775,0.74,0.74,0.745
0.7425,0.7425,0.745,0.75,0.7475,0.735,0.745,0.7425,0.745,0.7525
0.7375,0.735,0.735,0.745,0.7325,0.7425,0.74,0.745,0.74,0.74


B:
82.2,82.7,75.7,66.7,69.5,66.5,67.8,96.0,66.0,85.5
64.2,88.2,81.5,88.0,57.7,80.5,75.5,82.2,86.5,85.3
71.7,79.5,87.5,75.5,92.2,73.2,79.0,77.5,78.0,83.0


========================================================
Test11 (DAC Calibration) results 2008-08-31 16:15:28
Board ID387 30 channels
Linux calibration (server mode)

Calibration DAC Range: [3100 - 3500]

A:
0.7425,0.7425,0.7475,0.7425,0.74,0.745,0.7425,0.74,0.735,0.745
0.7375,0.7425,0.745,0.7525,0.7425,0.735,0.74,0.7425,0.7475,0.7525
0.7325,0.735,0.735,0.745,0.7375,0.7425,0.74,0.745,0.74,0.74


B:
81.2,66.2,74.7,83.2,85.0,66.5,95.2,96.0,81.5,85.5
80.7,87.2,81.5,87.3,74.2,80.5,91.0,81.2,77.7,85.3
88.2,79.5,87.5,75.5,75.7,72.2,79.0,77.5,78.0,83.0


========================================================
Test11 (DAC Calibration) results 2008-08-31 18:30:24
Board ID387 30 channels
Linux calibration (server mode)

Calibration DAC Range: [3100 - 3500]

A:
0.7425,0.7425,0.7425,0.7425,0.74,0.745,0.7775,0.745,0.74,0.745
0.7425,0.7425,0.745,0.75,0.7425,0.735,0.74,0.7425,0.7475,0.7525
0.7375,0.73,0.735,0.745,0.7325,0.7425,0.74,0.745,0.74,0.74


B:
82.2,65.2,91.2,82.2,85.0,66.5,99.8,80.5,66.0,85.5
64.2,86.2,81.5,99.0,73.2,80.5,91.0,82.2,76.7,85.3
71.7,97.0,87.5,75.5,92.2,73.2,79.0,77.5,78.0,83.0


========================================================
Test11 (DAC Calibration) results 2008-09-01 15:18:49
Board ID387 30 channels
Linux calibration (server mode)

Calibration DAC Range: [3100 - 3500]

A:
0.7425,0.7375,0.7425,0.7425,0.74,0.745,0.7425,0.74,0.735,0.745
0.7425,0.7375,0.745,0.75,0.7425,0.735,0.74,0.7425,0.7475,0.7525
0.7325,0.7325,0.735,0.745,0.7325,0.7425,0.74,0.74,0.74,0.74


B:
81.2,81.7,90.2,83.2,85.0,66.5,95.2,96.0,81.5,85.5
63.2,102.7,81.5,83.0,74.2,80.5,91.0,81.2,75.7,85.3
88.2,88.2,87.5,75.5,91.2,72.2,79.0,95.0,78.0,83.0


========================================================
Test11 (ADC Calibration) results 2009-02-27 10:21:21
Board ID387 30 channels
Host: ufcmshv3
Linux calibration software

Calibration DAC Range: [1000 - 3500]

A:
0.7468,0.7604,0.7672,0.7544,0.7632,0.7552,0.7656,0.7588,0.7488,0.7648
0.7568,0.7612,0.7576,0.7604,0.7516,0.7588,0.7596,0.7592,0.756,0.7588
0.7532,0.7504,0.7568,0.7564,0.7544,0.762,0.7444,0.7544,0.7624,0.7588


B:
71.2,70.6,70.8,76.5999,72.8,71.7999,74.3999,73.1999,71.2001,80.2
69.2,82.8,78.4,75.6,67.3999,79.1999,83.4001,71.8001,74.0001,78.1999
82.8,75.6,74.2,71.6,73.5999,68.9999,73.5999,67.5999,76.6001,73.1999


