========================================================

Test10 results 07-17-2006  10:09:02
Board ID142  36 channels
HV Tests Software Ver.1.6.1

+5V 3110 - O'k
-5V 1362 - O'k
Interlock - On

Voltmeter channel: A=1.057642, B=13.749163

A:
Limits 1.1 +/- 0.1
1.083424,1.085187,1.085776,1.086366,1.074691,1.075269,1.080497,1.063264,1.085187,1.081081,1.082251,1.085776
1.078167,1.084599,1.073537,1.074691,1.090513,1.087548,1.071811,1.084011,1.075847,1.089918,1.080497,1.074114
1.075847,1.081081,1.085776,1.076426,1.085776,1.075269,1.078749,1.085776,1.086957,1.076426,1.086366,1.070664


B:
Limits 0.0 +/- 30.0
-3.250256,10.851865,5.428885,8.691105,8.597414,13.978319,14.04647,20.20191,15.192614,15.135313,3.246791,5.428885
18.32897,9.761528,6.441059,12.896177,15.267273,5.437883,1.071971,7.588078,4.303246,5.449593,6.48299,24.704657
18.289261,10.810989,11.943543,5.382121,6.514662,8.601974,3.236055,13.02932,3.260946,10.764252,4.345641,5.353326
========================================================
Test10 (ADC Calibration) results 2007-10-18 15:34:59
Board ID142 36 channels
Linux calibration software

Voltmeter channel: A=1.05526, B=7.16694

A:
1.07916,1.08337,1.08383,1.08343,1.07111,1.07712,1.07972,1.06476,1.08463,1.07936,1.07912,1.08341
1.07942,1.08196,1.07211,1.07345,1.09108,1.07281,1.06784,1.07942,1.07267,1.08733,1.07538,1.07762
1.07351,1.07856,1.08453,1.07411,1.08563,1.07124,1.07705,1.08367,1.08357,1.07511,1.08625,1.06683


B:
-0.322611,3.65735,-1.61302,3.69916,7.12565,4.96921,6.79957,6.48968,7.3391,8.78283,-0.272074,2.56988
11.5024,4.84009,1.62949,3.98776,8.05038,23.0225,4.09587,5.34359,4.34251,-0.0961509,6.97167,9.88373
12.8011,5.48972,6.00575,-1.08481,-1.43298,6.53849,-2.86049,6.98966,1.36555,4.15613,-7.13505,2.45298


========================================================
Test10 (ADC Calibration) results 2007-10-18 16:40:10
Board ID142 36 channels
Linux calibration software

Voltmeter channel: A=1.05442, B=8.73631

A:
1.07872,1.08272,1.08453,1.08353,1.07194,1.07648,1.08026,1.06366,1.08543,1.0797,1.07936,1.08371
1.07952,1.08196,1.07241,1.07398,1.09068,1.06313,1.06797,1.07962,1.07307,1.08689,1.07601,1.07611
1.07307,1.079,1.08423,1.07445,1.08553,1.07124,1.07675,1.08367,1.08377,1.07521,1.08625,1.06613


B:
0.440799,5.27854,-2.39415,4.28759,5.58375,6.18671,5.22567,6.42869,6.31005,7.66607,-1.65855,2.18257
11.3744,5.04004,0.771902,3.29929,8.27466,16.3879,4.05471,4.00758,3.63202,0.184798,5.28205,9.72607
13.7589,4.44651,5.90596,-2.19253,-1.10542,5.66719,-1.27481,6.98966,0.907421,4.02834,-8.02135,4.28443


========================================================
Test10 (ADC Calibration) results 2008-06-17 15:59:18
Board ID142 36 channels
Linux calibration software

Voltmeter channel: A=1.07, B=0

A:
1.09599,1.10003,1.10096,1.10068,1.088,1.0959,1.09691,1.0757,1.10373,1.09554,1.09636,1.10225
1.09902,1.09874,1.0889,1.09071,1.09198,1.07968,1.08539,1.09718,1.09071,1.10438,1.09253,1.07623
1.09135,1.09508,1.10179,1.09062,1.10336,1.08791,1.09362,1.10077,1.10151,1.09207,1.10383,1.08396


B:
1.05601,4.58928,-0.438927,4.65849,5.38137,5.08538,7.45078,10.5228,5.61684,8.48886,0.279603,2.33917
12.7705,6.20921,1.71521,5.27229,21.5716,14.1591,3.45306,3.9074,4.83611,-0.0560414,6.65582,21.008
13.1991,6.93639,7.39006,0.556936,1.54155,6.98771,-0.910494,8.09643,1.47484,5.54538,-0.869907,3.91781


========================================================
Test10 (ADC Calibration) results 2008-07-15 21:45:02
Board ID142 36 channels
Linux calibration software

Voltmeter channel: A=1.07, B=0

A:
1.09645,1.10096,1.10169,1.10105,1.08836,1.097,1.09773,1.07561,1.10383,1.09627,1.09691,1.1029
1.09948,1.0992,1.08926,1.09144,1.06428,1.07986,1.08584,1.09746,1.0918,1.10494,1.09307,1.07298
1.09144,1.09563,1.10253,1.09089,1.10373,1.08342,1.09207,1.10142,1.10197,1.09289,1.10448,1.0845


B:
0.414305,3.74437,-2.21998,4.10053,5.04732,4.95336,5.81698,5.2267,6.85687,7.37979,-0.00825429,1.96621
11.6923,5.78823,2.03347,4.16625,28.8197,13.3467,3.25295,3.65441,3.83093,-1.22989,5.71641,17.9956
12.0245,6.21415,7.37695,-0.131436,0.981222,9.83414,-0.13375,7.28693,0.389301,4.57257,-0.803513,3.85184


========================================================
Test10 (ADC Calibration) results 2008-07-16 15:48:51
Board ID142 36 channels
Linux calibration software

Voltmeter channel: A=1.07, B=0

A:
1.09937,1.10264,1.1034,1.10318,1.09086,1.09915,1.0998,1.07734,1.10636,1.09774,1.09904,1.10537
1.10198,1.10133,1.09128,1.09364,1.0787,1.08342,1.08808,1.09937,1.09397,1.10702,1.09493,1.07912
1.09343,1.09763,1.10461,1.09311,1.10625,1.08702,1.09407,1.1034,1.10406,1.09504,1.10658,1.0866


B:
-2.27671,3.08896,-2.4662,2.36837,2.74041,2.97949,4.36111,7.27309,4.10427,7.34716,-1.97634,-0.0796313
9.19799,4.28669,-0.0561716,1.91192,22.4033,10.7009,0.953344,2.34058,1.83263,-3.1392,4.66099,17.9186
11.0763,4.81176,5.48381,-1.96451,-1.32657,7.37609,-0.673599,5.9194,-1.74532,3.02877,-2.51441,1.90087


========================================================
Test10 (ADC Calibration) results 2008-07-16 21:23:30
Board ID142 36 channels
Linux calibration software

Voltmeter channel: A=1.07, B=0

A:
1.09731,1.10085,1.1019,1.10142,1.08861,1.09731,1.09797,1.0748,1.10431,1.09645,1.0974,1.10354
1.09979,1.09941,1.08964,1.09152,1.06072,1.0805,1.08617,1.09797,1.09247,1.10508,1.0936,1.07673
1.09133,1.09569,1.10267,1.09171,1.1046,1.08459,1.09209,1.10161,1.10238,1.09313,1.10479,1.08449


B:
-0.375383,4.5062,-1.52958,3.75872,4.82258,4.67233,5.81629,8.77991,5.97298,7.65225,-0.682521,1.59999
11.1904,5.602,1.68702,4.5251,34.4396,12.9668,2.7297,3.4008,2.56121,-1.1408,5.66842,17.7511
13.2118,6.81517,7.24584,-1.10737,0.186072,8.97511,0.507883,7.10801,0.232856,4.35482,-1.09593,4.07281


========================================================
Test10 (ADC Calibration) results 2008-07-19 11:34:37
Board ID142 36 channels
Linux calibration software

Voltmeter channel: A=1.07, B=0

A:
1.09721,1.10094,1.10171,1.10142,1.08861,1.09731,1.09797,1.07618,1.1045,1.09664,1.09721,1.10354
1.09998,1.09922,1.08992,1.09162,1.05885,1.0805,1.08598,1.0974,1.09247,1.10499,1.09313,1.0748
1.09162,1.09578,1.10286,1.09152,1.10412,1.08542,1.09199,1.1019,1.10229,1.09303,1.10479,1.08487


B:
-0.506639,3.75791,-1.57305,4.19945,5.2578,4.23352,5.37683,5.77542,5.57616,7.69736,-0.506639,1.37934
11.2358,5.99695,0.989979,4.00158,33.4082,12.9668,3.55484,4.36564,2.56121,-0.831173,6.3225,17.5931
12.516,6.28987,6.629,-0.714254,0.849028,7.98236,0.158791,6.62439,-0.339913,4.6604,-1.09593,3.29222


========================================================
Test10 (ADC Calibration) results 2008-07-19 14:46:21
Board ID142 36 channels
Linux calibration software

Voltmeter channel: A=1.07, B=0

A:
1.09683,1.10113,1.10181,1.10123,1.08861,1.077,1.09759,1.07462,1.1045,1.09607,1.09759,1.10354
1.0995,1.09941,1.08936,1.09152,1.02917,1.07995,1.08598,1.0975,1.09209,1.10528,1.09322,1.07325
1.09152,1.09559,1.10277,1.09124,1.10421,1.08542,1.09143,1.10152,1.102,1.09294,1.1045,1.08468


B:
0.283823,3.8023,-1.66144,4.59515,5.04013,23.5277,6.8244,8.95063,5.57616,8.65866,-0.858751,0.938029
12.3312,5.82183,1.73046,4.30685,62.2798,14.1275,3.3377,4.278,3.12879,-1.31815,6.23529,20.1029
12.6026,6.46417,7.15792,-0.233534,0.760749,8.19939,1.33784,7.41598,0.586129,4.96638,-0.609171,3.46566


========================================================
Test10 (ADC Calibration) results 2008-07-20 08:08:59
Board ID142 36 channels
Linux calibration software

Voltmeter channel: A=1.07, B=0

A:
1.09674,1.10094,1.10181,1.10142,1.08889,1.09436,1.09769,1.07462,1.10431,1.09654,1.0974,1.10354
1.09979,1.09941,1.09001,1.09152,1.05435,1.08032,1.08608,1.09769,1.09228,1.10508,1.09303,1.0738
1.0918,1.09569,1.10296,1.09143,1.1045,1.08412,1.09171,1.1019,1.10219,1.09303,1.10489,1.08477


B:
1.02962,3.75791,-1.66144,3.97933,4.12593,7.37815,6.51758,9.1655,5.97298,7.56521,-0.682521,1.59999
11.4103,5.602,0.466412,4.74336,41.3699,13.57,3.03351,3.444,2.95428,-1.1408,6.19081,20.8855
12.5617,6.15792,6.98247,-0.408551,0.0536394,9.83948,0.857761,6.62439,0.189279,4.87922,-1.18432,3.16227


========================================================
Test10 (ADC Calibration) results 2008-07-20 17:40:55
Board ID142 36 channels
Linux calibration software

Voltmeter channel: A=1.07, B=0

A:
1.09693,1.10113,1.10161,1.10142,1.08889,1.09559,1.09778,1.0748,1.10421,1.09635,1.0974,1.10373
1.0995,1.09941,1.08964,1.09171,1.02766,1.07995,1.08598,1.09769,1.09218,1.10537,1.09351,1.07116
1.0918,1.09588,1.10296,1.09162,1.10441,1.08403,1.0918,1.10142,1.10238,1.09294,1.10499,1.08487


B:
0.415272,3.36196,-0.823552,3.75872,4.77949,6.68362,6.43027,8.77991,6.28182,7.95893,-0.901948,0.981886
11.8911,6.04165,1.9049,4.13289,65.5207,14.1275,3.3377,3.66387,3.47822,-1.84876,5.7555,23.1087
12.3434,5.98365,6.5415,-0.801687,0.583766,9.49156,0.333553,7.94417,-0.207876,4.96638,-1.27306,3.50914


========================================================
Test10 (ADC Calibration) results 2008-07-24 12:08:22
Board ID142 36 channels
Linux calibration software

Voltmeter channel: A=1.07, B=0

A:
1.09607,1.10008,1.10094,1.10123,1.08842,1.09683,1.0975,1.07544,1.10354,1.09588,1.09693,1.10286
1.09855,1.09855,1.08898,1.09086,1.09171,1.08032,1.08496,1.09702,1.0918,1.1046,1.09322,1.07352
1.09124,1.09569,1.10209,1.09077,1.10373,1.08069,1.09124,1.10075,1.10171,1.09237,1.10421,1.08393


B:
0.547471,4.32801,-1.08601,3.49392,4.77791,4.01294,5.59494,7.53635,5.57284,7.73717,-0.681653,1.3352
12.1024,6.38958,2.07936,4.26163,11.3379,13.57,3.42314,3.83786,2.95378,-1.13939,5.57951,21.3528
12.2069,5.28131,7.33062,-0.0143519,0.540501,11.7151,0.857705,7.4558,0.189407,5.2703,-1.22651,4.15781


========================================================
Test10 (ADC Calibration) results 2009-01-23 11:11:04
Board ID142 36 channels
Host: ufcmshv3
Linux calibration software

Voltmeter channel: A=1.04535, B=-0.402067

A:
1.05622,1.06157,1.05331,1.05812,1.0661,1.05751,1.05708,1.04493,1.06096,1.06435,1.04864,1.04569
1.06785,1.04915,1.06418,1.05665,1.07058,1.06759,1.05777,1.05932,1.04771,1.05408,1.05059,1.04569
1.05186,1.0467,1.06697,1.04611,1.06114,1.0528,1.04949,1.05949,1.05417,1.05708,1.05967,0.974659


B:
-0.243565,4.67128,-1.06985,4.10207,10.6609,3.61177,5.70843,-0.417828,4.81531,15.6868,-0.612906,0.948825
9.46249,4.98785,8.39888,3.3652,12.5012,11.4151,3.36883,4.66073,2.99819,-0.956629,6.35202,3.45863
11.4573,5.84517,7.07452,-0.917446,0.832774,6.99699,-1.00095,6.61756,0.437892,4.01699,-1.17382,13.2554


