========================================================

Test11 results 07-17-2006  10:10:23
Board ID142  36 channels
HV Tests Software Ver.1.6.1

+5V 3110 - O'k
-5V 1362 - O'k
Interlock - On
Calibration DAC Range: [2500 - 2900]


A:
Limits 0.76 +/- 0.04
0.738007,0.738007,0.736648,0.736648,0.749064,0.740741,0.743494,0.754717,0.739372,0.740741,0.740741,0.739372
0.742115,0.738007,0.749064,0.744879,0.735294,0.735294,0.747664,0.739372,0.746269,0.738007,0.743494,0.747664
0.744879,0.740741,0.736648,0.744879,0.739372,0.744879,0.744879,0.739372,0.738007,0.743494,0.740741,0.75188


B:
Limits 60.0 +/- 30.0
80.628075,66.628998,73.382248,70.309761,55.729164,78.889526,55.430347,56.162067,53.299179,60.427067,68.510651,58.855476
63.560295,66.243423,56.615387,65.611397,56.542484,75.638588,67.212486,66.609848,67.944618,58.108944,65.65303,49.959637
61.374718,65.234467,66.245064,64.809601,65.341042,66.021477,58.841835,58.855476,61.07827,70.07933,64.113228,58.224628
========================================================
Test11 (DAC Calibration) results 2007-10-18 15:34:59
Board ID142 36 channels
Linux calibration software
Calibration DAC Range: [1100 - 2700]

A:
0.742804,0.739919,0.739235,0.739508,0.748013,0.74384,0.742046,0.752092,0.738689,0.742666,0.742459,0.740261
0.742253,0.740878,0.747314,0.746756,0.734686,0.746826,0.75068,0.742253,0.746547,0.736852,0.744671,0.743494
0.746338,0.743218,0.738757,0.745921,0.738007,0.748293,0.744255,0.739713,0.739782,0.745226,0.73944,0.751385


B:
74.1875,72.8452,76.4553,72.5273,70.734,71.5666,67.8136,74.899,65.8356,65.0204,74.6635,65.1152
67.5265,67.957,72.4428,70.9699,64.8269,59.6712,65.2622,70.4955,75.7372,75.3338,74.5881,69.5166
68.1125,68.2646,70.025,72.8672,77.1218,68.2536,73.6721,69.5793,66.5249,74.5691,79.573,72.1048


========================================================
Test11 (DAC Calibration) results 2007-10-18 16:40:10
Board ID142 36 channels
Linux calibration software
Calibration DAC Range: [1100 - 2700]

A:
0.742735,0.739987,0.738757,0.73944,0.747803,0.743909,0.742046,0.75287,0.738144,0.742804,0.742666,0.740056
0.742184,0.740878,0.747105,0.746756,0.734956,0.754006,0.750962,0.742115,0.746269,0.736784,0.744602,0.744532
0.746269,0.743287,0.738962,0.74606,0.738075,0.748293,0.744463,0.739713,0.739645,0.745157,0.73944,0.75188


B:
74.1342,72.1579,76.2305,71.2914,70.5742,71.1735,67.6653,74.1391,66.599,64.531,74.378,65.4024
67.6222,67.8089,72.2825,70.9699,63.8584,63.9962,63.9727,70.6865,76.2687,74.8389,74.5347,68.8227
67.9105,67.7225,69.2962,72.3773,76.8799,68.104,72.4921,69.5793,66.8638,74.6646,79.4252,69.9248


========================================================
Test11 (ADC Calibration) results 2008-06-17 18:39:44
Board ID142 36 channels
Linux calibration software

Calibration DAC Range: [1000 - 3500]

A:
0.7308,0.7288,0.728,0.728,0.7364,0.7308,0.7308,0.7444,0.726,0.732,0.7312,0.7276
0.7288,0.7296,0.7356,0.7348,0.734,0.7424,0.7388,0.7304,0.7344,0.7252,0.7328,0.7444
0.7336,0.732,0.7272,0.7344,0.7256,0.7368,0.7328,0.728,0.7276,0.7332,0.7272,0.74


B:
73.2001,70.2,73.0001,70.0001,70.6,71.2001,66.2001,71.5999,66,64,72.8001,65.4001
67.2,66.4,71.4,70.2001,53.9999,65.6,64.2,69.5999,74.6001,73.8,75.2,60.5999
68.3999,66,67.8001,71.6001,76.4,66.2,72.2,69.0001,66.4001,73.7999,74.8001,69


